Test (2C): basic persistence ...
003028 INFO S2: start leader election, term 1
003028 VOTE S2: term 1 send vote request to 1
003030 INFO S0: start leader election, term 1
003031 VOTE S0: term 1 send vote request to 2
003030 VOTE S2: term 1 send vote request to 0
003031 VOTE S0: term 1 send vote request to 1
003033 TERM S1: set new term 1
003034 VOTE S1: term 1 vote 2
003036 VOTE S2: reply from 1, term一致，且投给2
003036 VOTE S0: 2 没有投给me，结束
003036 LEAD S2: come to power, start to send heartbeat
003036 LEAD S2: prevLog &raft.Entry{Command:interface {}(nil), Term:0, Index:0}
003036 LEAD S2: prevLog &raft.Entry{Command:interface {}(nil), Term:0, Index:0}
003039 VOTE S2: 0 没有投给me，结束
003040 INFO S1: (term 1) follower 收到 [2] AppendEntries [], prevIndex 0, prevTerm 0
003042 VOTE S0: 1 没有投给me，结束
003043 LEAD S2: 1 append success next 1 match 0
003043 INFO S0: (term 1) follower 收到 [2] AppendEntries [], prevIndex 0, prevTerm 0
003045 LEAD S2: 0 append success next 1 match 0
004031 LEAD S2: prevLog &raft.Entry{Command:interface {}(nil), Term:0, Index:0}
004032 LEAD S2: prevLog &raft.Entry{Command:interface {}(nil), Term:0, Index:0}
004034 INFO S0: (term 1) follower 收到 [2] AppendEntries [], prevIndex 0, prevTerm 0
004034 INFO S1: (term 1) follower 收到 [2] AppendEntries [], prevIndex 0, prevTerm 0
004036 LEAD S2: 1 append success next 1 match 0
004038 LEAD S2: 0 append success next 1 match 0
005040 LEAD S2: prevLog &raft.Entry{Command:interface {}(nil), Term:0, Index:0}
005040 LEAD S2: prevLog &raft.Entry{Command:interface {}(nil), Term:0, Index:0}
005040 INFO S1: (term 1) follower 收到 [2] AppendEntries [], prevIndex 0, prevTerm 0
005040 INFO S0: (term 1) follower 收到 [2] AppendEntries [], prevIndex 0, prevTerm 0
005041 LEAD S2: 0 append success next 1 match 0
005041 LEAD S2: 1 append success next 1 match 0
006046 LEAD S2: prevLog &raft.Entry{Command:interface {}(nil), Term:0, Index:0}
006046 LEAD S2: prevLog &raft.Entry{Command:interface {}(nil), Term:0, Index:0}
006049 INFO S1: (term 1) follower 收到 [2] AppendEntries [], prevIndex 0, prevTerm 0
006049 INFO S0: (term 1) follower 收到 [2] AppendEntries [], prevIndex 0, prevTerm 0
006050 LEAD S2: 1 append success next 1 match 0
006051 LEAD S2: 0 append success next 1 match 0
007054 LEAD S2: prevLog &raft.Entry{Command:interface {}(nil), Term:0, Index:0}
007054 LEAD S2: prevLog &raft.Entry{Command:interface {}(nil), Term:0, Index:0}
007055 INFO S1: (term 1) follower 收到 [2] AppendEntries [], prevIndex 0, prevTerm 0
007055 INFO S0: (term 1) follower 收到 [2] AppendEntries [], prevIndex 0, prevTerm 0
007055 LEAD S2: 1 append success next 1 match 0
007056 LEAD S2: 0 append success next 1 match 0
008060 LEAD S2: prevLog &raft.Entry{Command:interface {}(nil), Term:0, Index:0}
008060 LEAD S2: prevLog &raft.Entry{Command:interface {}(nil), Term:0, Index:0}
008060 INFO S1: (term 1) follower 收到 [2] AppendEntries [], prevIndex 0, prevTerm 0
008061 LEAD S2: 1 append success next 1 match 0
008061 INFO S0: (term 1) follower 收到 [2] AppendEntries [], prevIndex 0, prevTerm 0
008061 LEAD S2: 0 append success next 1 match 0
009064 LEAD S2: prevLog &raft.Entry{Command:interface {}(nil), Term:0, Index:0}
009064 LEAD S2: prevLog &raft.Entry{Command:interface {}(nil), Term:0, Index:0}
009064 INFO S1: (term 1) follower 收到 [2] AppendEntries [], prevIndex 0, prevTerm 0
009065 LEAD S2: 1 append success next 1 match 0
009065 INFO S0: (term 1) follower 收到 [2] AppendEntries [], prevIndex 0, prevTerm 0
009066 LEAD S2: 0 append success next 1 match 0
010069 LEAD S2: prevLog &raft.Entry{Command:interface {}(nil), Term:0, Index:0}
010069 LEAD S2: prevLog &raft.Entry{Command:interface {}(nil), Term:0, Index:0}
010070 INFO S1: (term 1) follower 收到 [2] AppendEntries [], prevIndex 0, prevTerm 0
010070 INFO S0: (term 1) follower 收到 [2] AppendEntries [], prevIndex 0, prevTerm 0
010071 LEAD S2: 1 append success next 1 match 0
010071 LEAD S2: 0 append success next 1 match 0
011074 LEAD S2: prevLog &raft.Entry{Command:interface {}(nil), Term:0, Index:0}
011074 LEAD S2: prevLog &raft.Entry{Command:interface {}(nil), Term:0, Index:0}
011075 INFO S1: (term 1) follower 收到 [2] AppendEntries [], prevIndex 0, prevTerm 0
011075 INFO S0: (term 1) follower 收到 [2] AppendEntries [], prevIndex 0, prevTerm 0
011075 LEAD S2: 0 append success next 1 match 0
011075 LEAD S2: 1 append success next 1 match 0
012079 LEAD S2: prevLog &raft.Entry{Command:interface {}(nil), Term:0, Index:0}
012079 LEAD S2: prevLog &raft.Entry{Command:interface {}(nil), Term:0, Index:0}
012082 INFO S1: (term 1) follower 收到 [2] AppendEntries [], prevIndex 0, prevTerm 0
012083 INFO S0: (term 1) follower 收到 [2] AppendEntries [], prevIndex 0, prevTerm 0
012084 LEAD S2: 1 append success next 1 match 0
012086 LEAD S2: 0 append success next 1 match 0
013086 LEAD S2: prevLog &raft.Entry{Command:interface {}(nil), Term:0, Index:0}
013086 LEAD S2: prevLog &raft.Entry{Command:interface {}(nil), Term:0, Index:0}
013089 INFO S1: (term 1) follower 收到 [2] AppendEntries [], prevIndex 0, prevTerm 0
013089 INFO S0: (term 1) follower 收到 [2] AppendEntries [], prevIndex 0, prevTerm 0
013091 LEAD S2: 1 append success next 1 match 0
013091 LEAD S2: 0 append success next 1 match 0
014092 LEAD S2: prevLog &raft.Entry{Command:interface {}(nil), Term:0, Index:0}
014092 LEAD S2: prevLog &raft.Entry{Command:interface {}(nil), Term:0, Index:0}
014094 INFO S1: (term 1) follower 收到 [2] AppendEntries [], prevIndex 0, prevTerm 0
014094 INFO S0: (term 1) follower 收到 [2] AppendEntries [], prevIndex 0, prevTerm 0
014094 LEAD S2: 1 append success next 1 match 0
014094 LEAD S2: 0 append success next 1 match 0
015099 LEAD S2: prevLog &raft.Entry{Command:interface {}(nil), Term:0, Index:0}
015099 LEAD S2: prevLog &raft.Entry{Command:interface {}(nil), Term:0, Index:0}
015101 INFO S1: (term 1) follower 收到 [2] AppendEntries [], prevIndex 0, prevTerm 0
015102 INFO S0: (term 1) follower 收到 [2] AppendEntries [], prevIndex 0, prevTerm 0
015103 LEAD S2: 1 append success next 1 match 0
015103 LEAD S2: 0 append success next 1 match 0
016104 LEAD S2: prevLog &raft.Entry{Command:interface {}(nil), Term:0, Index:0}
016105 LEAD S2: prevLog &raft.Entry{Command:interface {}(nil), Term:0, Index:0}
016105 INFO S0: (term 1) follower 收到 [2] AppendEntries [], prevIndex 0, prevTerm 0
016105 INFO S1: (term 1) follower 收到 [2] AppendEntries [], prevIndex 0, prevTerm 0
016106 LEAD S2: 1 append success next 1 match 0
016106 LEAD S2: 0 append success next 1 match 0
017115 LEAD S2: prevLog &raft.Entry{Command:interface {}(nil), Term:0, Index:0}
017115 LEAD S2: prevLog &raft.Entry{Command:interface {}(nil), Term:0, Index:0}
017117 INFO S1: (term 1) follower 收到 [2] AppendEntries [], prevIndex 0, prevTerm 0
017118 LEAD S2: 1 append success next 1 match 0
017119 INFO S0: (term 1) follower 收到 [2] AppendEntries [], prevIndex 0, prevTerm 0
017121 LEAD S2: 0 append success next 1 match 0
018122 LEAD S2: prevLog &raft.Entry{Command:interface {}(nil), Term:0, Index:0}
018122 LEAD S2: prevLog &raft.Entry{Command:interface {}(nil), Term:0, Index:0}
018123 INFO S0: (term 1) follower 收到 [2] AppendEntries [], prevIndex 0, prevTerm 0
018123 INFO S1: (term 1) follower 收到 [2] AppendEntries [], prevIndex 0, prevTerm 0
018124 LEAD S2: 0 append success next 1 match 0
018124 LEAD S2: 1 append success next 1 match 0
019127 LEAD S2: prevLog &raft.Entry{Command:interface {}(nil), Term:0, Index:0}
019127 LEAD S2: prevLog &raft.Entry{Command:interface {}(nil), Term:0, Index:0}
019127 INFO S1: (term 1) follower 收到 [2] AppendEntries [], prevIndex 0, prevTerm 0
019128 INFO S0: (term 1) follower 收到 [2] AppendEntries [], prevIndex 0, prevTerm 0
019128 LEAD S2: 1 append success next 1 match 0
019128 LEAD S2: 0 append success next 1 match 0
020135 LEAD S2: prevLog &raft.Entry{Command:interface {}(nil), Term:0, Index:0}
020135 LEAD S2: prevLog &raft.Entry{Command:interface {}(nil), Term:0, Index:0}
020137 INFO S1: (term 1) follower 收到 [2] AppendEntries [], prevIndex 0, prevTerm 0
020137 INFO S0: (term 1) follower 收到 [2] AppendEntries [], prevIndex 0, prevTerm 0
020137 LEAD S2: 0 append success next 1 match 0
020138 LEAD S2: 1 append success next 1 match 0
021141 LEAD S2: prevLog &raft.Entry{Command:interface {}(nil), Term:0, Index:0}
021141 LEAD S2: prevLog &raft.Entry{Command:interface {}(nil), Term:0, Index:0}
021142 INFO S1: (term 1) follower 收到 [2] AppendEntries [], prevIndex 0, prevTerm 0
021142 LEAD S2: 1 append success next 1 match 0
021142 INFO S0: (term 1) follower 收到 [2] AppendEntries [], prevIndex 0, prevTerm 0
021143 LEAD S2: 0 append success next 1 match 0
022147 LEAD S2: prevLog &raft.Entry{Command:interface {}(nil), Term:0, Index:0}
022147 LEAD S2: prevLog &raft.Entry{Command:interface {}(nil), Term:0, Index:0}
022151 INFO S1: (term 1) follower 收到 [2] AppendEntries [], prevIndex 0, prevTerm 0
022152 INFO S0: (term 1) follower 收到 [2] AppendEntries [], prevIndex 0, prevTerm 0
022153 LEAD S2: 1 append success next 1 match 0
022154 LEAD S2: 0 append success next 1 match 0
023155 LEAD S2: prevLog &raft.Entry{Command:interface {}(nil), Term:0, Index:0}
023155 LEAD S2: prevLog &raft.Entry{Command:interface {}(nil), Term:0, Index:0}
023156 INFO S0: (term 1) follower 收到 [2] AppendEntries [], prevIndex 0, prevTerm 0
023156 INFO S1: (term 1) follower 收到 [2] AppendEntries [], prevIndex 0, prevTerm 0
023156 LEAD S2: 1 append success next 1 match 0
023157 LEAD S2: 0 append success next 1 match 0
024161 LEAD S2: prevLog &raft.Entry{Command:interface {}(nil), Term:0, Index:0}
024162 LEAD S2: prevLog &raft.Entry{Command:interface {}(nil), Term:0, Index:0}
024163 INFO S1: (term 1) follower 收到 [2] AppendEntries [], prevIndex 0, prevTerm 0
024163 LEAD S2: 1 append success next 1 match 0
024164 INFO S0: (term 1) follower 收到 [2] AppendEntries [], prevIndex 0, prevTerm 0
024165 LEAD S2: 0 append success next 1 match 0
025166 LEAD S2: prevLog &raft.Entry{Command:interface {}(nil), Term:0, Index:0}
025167 LEAD S2: prevLog &raft.Entry{Command:interface {}(nil), Term:0, Index:0}
025168 INFO S0: (term 1) follower 收到 [2] AppendEntries [], prevIndex 0, prevTerm 0
025168 INFO S1: (term 1) follower 收到 [2] AppendEntries [], prevIndex 0, prevTerm 0
025168 LEAD S2: 0 append success next 1 match 0
025168 LEAD S2: 1 append success next 1 match 0
026175 LEAD S2: prevLog &raft.Entry{Command:interface {}(nil), Term:0, Index:0}
026176 LEAD S2: prevLog &raft.Entry{Command:interface {}(nil), Term:0, Index:0}
026179 INFO S1: (term 1) follower 收到 [2] AppendEntries [], prevIndex 0, prevTerm 0
026181 INFO S0: (term 1) follower 收到 [2] AppendEntries [], prevIndex 0, prevTerm 0
026181 LEAD S2: 1 append success next 1 match 0
026183 LEAD S2: 0 append success next 1 match 0
027182 LEAD S2: prevLog &raft.Entry{Command:interface {}(nil), Term:0, Index:0}
027182 LEAD S2: prevLog &raft.Entry{Command:interface {}(nil), Term:0, Index:0}
027182 INFO S1: (term 1) follower 收到 [2] AppendEntries [], prevIndex 0, prevTerm 0
027183 INFO S0: (term 1) follower 收到 [2] AppendEntries [], prevIndex 0, prevTerm 0
027183 LEAD S2: 1 append success next 1 match 0
027183 LEAD S2: 0 append success next 1 match 0
028188 LEAD S2: prevLog &raft.Entry{Command:interface {}(nil), Term:0, Index:0}
028188 LEAD S2: prevLog &raft.Entry{Command:interface {}(nil), Term:0, Index:0}
028192 INFO S0: (term 1) follower 收到 [2] AppendEntries [], prevIndex 0, prevTerm 0
028192 INFO S1: (term 1) follower 收到 [2] AppendEntries [], prevIndex 0, prevTerm 0
028194 LEAD S2: 0 append success next 1 match 0
028194 LEAD S2: 1 append success next 1 match 0
029194 LEAD S2: prevLog &raft.Entry{Command:interface {}(nil), Term:0, Index:0}
029194 LEAD S2: prevLog &raft.Entry{Command:interface {}(nil), Term:0, Index:0}
029195 INFO S0: (term 1) follower 收到 [2] AppendEntries [], prevIndex 0, prevTerm 0
029195 LEAD S2: 0 append success next 1 match 0
029196 INFO S1: (term 1) follower 收到 [2] AppendEntries [], prevIndex 0, prevTerm 0
029196 LEAD S2: 1 append success next 1 match 0
030199 LEAD S2: prevLog &raft.Entry{Command:interface {}(nil), Term:0, Index:0}
030199 LEAD S2: prevLog &raft.Entry{Command:interface {}(nil), Term:0, Index:0}
030200 INFO S1: (term 1) follower 收到 [2] AppendEntries [], prevIndex 0, prevTerm 0
030200 LEAD S2: 1 append success next 1 match 0
030201 INFO S0: (term 1) follower 收到 [2] AppendEntries [], prevIndex 0, prevTerm 0
030201 LEAD S2: 0 append success next 1 match 0
031203 LEAD S2: prevLog &raft.Entry{Command:interface {}(nil), Term:0, Index:0}
031203 LEAD S2: prevLog &raft.Entry{Command:interface {}(nil), Term:0, Index:0}
031204 INFO S1: (term 1) follower 收到 [2] AppendEntries [], prevIndex 0, prevTerm 0
031204 LEAD S2: 1 append success next 1 match 0
031205 INFO S0: (term 1) follower 收到 [2] AppendEntries [], prevIndex 0, prevTerm 0
031205 LEAD S2: 0 append success next 1 match 0
032207 LEAD S2: prevLog &raft.Entry{Command:interface {}(nil), Term:0, Index:0}
032207 LEAD S2: prevLog &raft.Entry{Command:interface {}(nil), Term:0, Index:0}
032208 INFO S0: (term 1) follower 收到 [2] AppendEntries [], prevIndex 0, prevTerm 0
032208 INFO S1: (term 1) follower 收到 [2] AppendEntries [], prevIndex 0, prevTerm 0
032209 LEAD S2: 0 append success next 1 match 0
032209 LEAD S2: 1 append success next 1 match 0
033213 LEAD S2: prevLog &raft.Entry{Command:interface {}(nil), Term:0, Index:0}
033213 LEAD S2: prevLog &raft.Entry{Command:interface {}(nil), Term:0, Index:0}
033215 INFO S1: (term 1) follower 收到 [2] AppendEntries [], prevIndex 0, prevTerm 0
033215 INFO S0: (term 1) follower 收到 [2] AppendEntries [], prevIndex 0, prevTerm 0
033216 LEAD S2: 1 append success next 1 match 0
033216 LEAD S2: 0 append success next 1 match 0
034218 LEAD S2: prevLog &raft.Entry{Command:interface {}(nil), Term:0, Index:0}
034218 LEAD S2: prevLog &raft.Entry{Command:interface {}(nil), Term:0, Index:0}
034219 INFO S1: (term 1) follower 收到 [2] AppendEntries [], prevIndex 0, prevTerm 0
034219 INFO S0: (term 1) follower 收到 [2] AppendEntries [], prevIndex 0, prevTerm 0
034220 LEAD S2: 1 append success next 1 match 0
034220 LEAD S2: 0 append success next 1 match 0
035223 LEAD S2: prevLog &raft.Entry{Command:interface {}(nil), Term:0, Index:0}
035223 LEAD S2: prevLog &raft.Entry{Command:interface {}(nil), Term:0, Index:0}
035224 INFO S1: (term 1) follower 收到 [2] AppendEntries [], prevIndex 0, prevTerm 0
035224 LEAD S2: 1 append success next 1 match 0
035224 INFO S0: (term 1) follower 收到 [2] AppendEntries [], prevIndex 0, prevTerm 0
035225 LEAD S2: 0 append success next 1 match 0
036228 LEAD S2: prevLog &raft.Entry{Command:interface {}(nil), Term:0, Index:0}
036229 LEAD S2: prevLog &raft.Entry{Command:interface {}(nil), Term:0, Index:0}
036229 INFO S1: (term 1) follower 收到 [2] AppendEntries [], prevIndex 0, prevTerm 0
036229 INFO S0: (term 1) follower 收到 [2] AppendEntries [], prevIndex 0, prevTerm 0
036230 LEAD S2: 1 append success next 1 match 0
036230 LEAD S2: 0 append success next 1 match 0
037233 LEAD S2: prevLog &raft.Entry{Command:interface {}(nil), Term:0, Index:0}
037233 LEAD S2: prevLog &raft.Entry{Command:interface {}(nil), Term:0, Index:0}
037234 INFO S0: (term 1) follower 收到 [2] AppendEntries [], prevIndex 0, prevTerm 0
037234 LEAD S2: 0 append success next 1 match 0
037234 INFO S1: (term 1) follower 收到 [2] AppendEntries [], prevIndex 0, prevTerm 0
037235 LEAD S2: 1 append success next 1 match 0
038239 LEAD S2: prevLog &raft.Entry{Command:interface {}(nil), Term:0, Index:0}
038240 LEAD S2: prevLog &raft.Entry{Command:interface {}(nil), Term:0, Index:0}
038241 INFO S1: (term 1) follower 收到 [2] AppendEntries [], prevIndex 0, prevTerm 0
038241 INFO S0: (term 1) follower 收到 [2] AppendEntries [], prevIndex 0, prevTerm 0
038241 LEAD S2: 1 append success next 1 match 0
038241 LEAD S2: 0 append success next 1 match 0
039244 LEAD S2: prevLog &raft.Entry{Command:interface {}(nil), Term:0, Index:0}
039244 LEAD S2: prevLog &raft.Entry{Command:interface {}(nil), Term:0, Index:0}
039245 INFO S0: (term 1) follower 收到 [2] AppendEntries [], prevIndex 0, prevTerm 0
039245 INFO S1: (term 1) follower 收到 [2] AppendEntries [], prevIndex 0, prevTerm 0
039245 LEAD S2: 0 append success next 1 match 0
039246 LEAD S2: 1 append success next 1 match 0
040250 LEAD S2: prevLog &raft.Entry{Command:interface {}(nil), Term:0, Index:0}
040250 LEAD S2: prevLog &raft.Entry{Command:interface {}(nil), Term:0, Index:0}
040251 INFO S0: (term 1) follower 收到 [2] AppendEntries [], prevIndex 0, prevTerm 0
040251 INFO S1: (term 1) follower 收到 [2] AppendEntries [], prevIndex 0, prevTerm 0
040251 LEAD S2: 0 append success next 1 match 0
040252 LEAD S2: 1 append success next 1 match 0
041255 LEAD S2: prevLog &raft.Entry{Command:interface {}(nil), Term:0, Index:0}
041255 LEAD S2: prevLog &raft.Entry{Command:interface {}(nil), Term:0, Index:0}
041256 INFO S1: (term 1) follower 收到 [2] AppendEntries [], prevIndex 0, prevTerm 0
041257 INFO S0: (term 1) follower 收到 [2] AppendEntries [], prevIndex 0, prevTerm 0
041257 LEAD S2: 1 append success next 1 match 0
041257 LEAD S2: 0 append success next 1 match 0
042263 LEAD S2: prevLog &raft.Entry{Command:interface {}(nil), Term:0, Index:0}
042263 LEAD S2: prevLog &raft.Entry{Command:interface {}(nil), Term:0, Index:0}
042267 INFO S1: (term 1) follower 收到 [2] AppendEntries [], prevIndex 0, prevTerm 0
042269 LEAD S2: 1 append success next 1 match 0
042269 INFO S0: (term 1) follower 收到 [2] AppendEntries [], prevIndex 0, prevTerm 0
042272 LEAD S2: 0 append success next 1 match 0
043272 LEAD S2: prevLog &raft.Entry{Command:interface {}(nil), Term:0, Index:0}
043272 LEAD S2: prevLog &raft.Entry{Command:interface {}(nil), Term:0, Index:0}
043273 INFO S0: (term 1) follower 收到 [2] AppendEntries [], prevIndex 0, prevTerm 0
043273 LEAD S2: 0 append success next 1 match 0
043273 INFO S1: (term 1) follower 收到 [2] AppendEntries [], prevIndex 0, prevTerm 0
043274 LEAD S2: 1 append success next 1 match 0
044277 LEAD S2: prevLog &raft.Entry{Command:interface {}(nil), Term:0, Index:0}
044277 LEAD S2: prevLog &raft.Entry{Command:interface {}(nil), Term:0, Index:0}
044278 INFO S1: (term 1) follower 收到 [2] AppendEntries [], prevIndex 0, prevTerm 0
044279 INFO S0: (term 1) follower 收到 [2] AppendEntries [], prevIndex 0, prevTerm 0
044279 LEAD S2: 1 append success next 1 match 0
044279 LEAD S2: 0 append success next 1 match 0
045283 LEAD S2: prevLog &raft.Entry{Command:interface {}(nil), Term:0, Index:0}
045283 LEAD S2: prevLog &raft.Entry{Command:interface {}(nil), Term:0, Index:0}
045284 INFO S1: (term 1) follower 收到 [2] AppendEntries [], prevIndex 0, prevTerm 0
045284 LEAD S2: 1 append success next 1 match 0
045285 INFO S0: (term 1) follower 收到 [2] AppendEntries [], prevIndex 0, prevTerm 0
045285 LEAD S2: 0 append success next 1 match 0
046290 LEAD S2: prevLog &raft.Entry{Command:interface {}(nil), Term:0, Index:0}
046291 LEAD S2: prevLog &raft.Entry{Command:interface {}(nil), Term:0, Index:0}
046295 INFO S1: (term 1) follower 收到 [2] AppendEntries [], prevIndex 0, prevTerm 0
046296 INFO S0: (term 1) follower 收到 [2] AppendEntries [], prevIndex 0, prevTerm 0
046298 LEAD S2: 1 append success next 1 match 0
046298 LEAD S2: 0 append success next 1 match 0
047299 LEAD S2: prevLog &raft.Entry{Command:interface {}(nil), Term:0, Index:0}
047299 LEAD S2: prevLog &raft.Entry{Command:interface {}(nil), Term:0, Index:0}
047300 INFO S1: (term 1) follower 收到 [2] AppendEntries [], prevIndex 0, prevTerm 0
047300 LEAD S2: 1 append success next 1 match 0
047301 INFO S0: (term 1) follower 收到 [2] AppendEntries [], prevIndex 0, prevTerm 0
047302 LEAD S2: 0 append success next 1 match 0
048304 LEAD S2: prevLog &raft.Entry{Command:interface {}(nil), Term:0, Index:0}
048304 LEAD S2: prevLog &raft.Entry{Command:interface {}(nil), Term:0, Index:0}
048305 INFO S1: (term 1) follower 收到 [2] AppendEntries [], prevIndex 0, prevTerm 0
048306 LEAD S2: 1 append success next 1 match 0
048306 INFO S0: (term 1) follower 收到 [2] AppendEntries [], prevIndex 0, prevTerm 0
048307 LEAD S2: 0 append success next 1 match 0
049308 LEAD S2: prevLog &raft.Entry{Command:interface {}(nil), Term:0, Index:0}
049308 LEAD S2: prevLog &raft.Entry{Command:interface {}(nil), Term:0, Index:0}
049310 INFO S1: (term 1) follower 收到 [2] AppendEntries [], prevIndex 0, prevTerm 0
049310 INFO S0: (term 1) follower 收到 [2] AppendEntries [], prevIndex 0, prevTerm 0
049310 LEAD S2: 1 append success next 1 match 0
049311 LEAD S2: 0 append success next 1 match 0
050313 LEAD S2: prevLog &raft.Entry{Command:interface {}(nil), Term:0, Index:0}
050313 LEAD S2: prevLog &raft.Entry{Command:interface {}(nil), Term:0, Index:0}
050316 INFO S1: (term 1) follower 收到 [2] AppendEntries [], prevIndex 0, prevTerm 0
050316 INFO S0: (term 1) follower 收到 [2] AppendEntries [], prevIndex 0, prevTerm 0
050317 LEAD S2: 0 append success next 1 match 0
050318 LEAD S2: 1 append success next 1 match 0
051318 LEAD S2: prevLog &raft.Entry{Command:interface {}(nil), Term:0, Index:0}
051319 LEAD S2: prevLog &raft.Entry{Command:interface {}(nil), Term:0, Index:0}
051320 INFO S0: (term 1) follower 收到 [2] AppendEntries [], prevIndex 0, prevTerm 0
051320 INFO S1: (term 1) follower 收到 [2] AppendEntries [], prevIndex 0, prevTerm 0
051320 LEAD S2: 1 append success next 1 match 0
051320 LEAD S2: 0 append success next 1 match 0
052327 LEAD S2: prevLog &raft.Entry{Command:interface {}(nil), Term:0, Index:0}
052371 LEAD S2: prevLog &raft.Entry{Command:interface {}(nil), Term:0, Index:0}
052374 INFO S1: (term 1) follower 收到 [2] AppendEntries [], prevIndex 0, prevTerm 0
052375 INFO S0: (term 1) follower 收到 [2] AppendEntries [], prevIndex 0, prevTerm 0
052375 LEAD S2: 1 append success next 1 match 0
052377 LEAD S2: 0 append success next 1 match 0
053376 LEAD S2: prevLog &raft.Entry{Command:interface {}(nil), Term:0, Index:0}
053377 LEAD S2: prevLog &raft.Entry{Command:interface {}(nil), Term:0, Index:0}
053378 INFO S0: (term 1) follower 收到 [2] AppendEntries [], prevIndex 0, prevTerm 0
053378 INFO S1: (term 1) follower 收到 [2] AppendEntries [], prevIndex 0, prevTerm 0
053379 LEAD S2: 0 append success next 1 match 0
053379 LEAD S2: 1 append success next 1 match 0
054381 LEAD S2: prevLog &raft.Entry{Command:interface {}(nil), Term:0, Index:0}
054381 LEAD S2: prevLog &raft.Entry{Command:interface {}(nil), Term:0, Index:0}
054382 INFO S0: (term 1) follower 收到 [2] AppendEntries [], prevIndex 0, prevTerm 0
054383 LEAD S2: 0 append success next 1 match 0
054383 INFO S1: (term 1) follower 收到 [2] AppendEntries [], prevIndex 0, prevTerm 0
054384 LEAD S2: 1 append success next 1 match 0
055386 LEAD S2: prevLog &raft.Entry{Command:interface {}(nil), Term:0, Index:0}
055386 LEAD S2: prevLog &raft.Entry{Command:interface {}(nil), Term:0, Index:0}
055387 INFO S0: (term 1) follower 收到 [2] AppendEntries [], prevIndex 0, prevTerm 0
055387 INFO S1: (term 1) follower 收到 [2] AppendEntries [], prevIndex 0, prevTerm 0
055388 LEAD S2: 0 append success next 1 match 0
055388 LEAD S2: 1 append success next 1 match 0
056391 LEAD S2: prevLog &raft.Entry{Command:interface {}(nil), Term:0, Index:0}
056392 LEAD S2: prevLog &raft.Entry{Command:interface {}(nil), Term:0, Index:0}
056393 INFO S0: (term 1) follower 收到 [2] AppendEntries [], prevIndex 0, prevTerm 0
056393 INFO S1: (term 1) follower 收到 [2] AppendEntries [], prevIndex 0, prevTerm 0
056393 LEAD S2: 0 append success next 1 match 0
056393 LEAD S2: 1 append success next 1 match 0
057396 LEAD S2: prevLog &raft.Entry{Command:interface {}(nil), Term:0, Index:0}
057396 LEAD S2: prevLog &raft.Entry{Command:interface {}(nil), Term:0, Index:0}
057397 INFO S0: (term 1) follower 收到 [2] AppendEntries [], prevIndex 0, prevTerm 0
057397 INFO S1: (term 1) follower 收到 [2] AppendEntries [], prevIndex 0, prevTerm 0
057398 LEAD S2: 0 append success next 1 match 0
057398 LEAD S2: 1 append success next 1 match 0
058404 LEAD S2: prevLog &raft.Entry{Command:interface {}(nil), Term:0, Index:0}
058404 LEAD S2: prevLog &raft.Entry{Command:interface {}(nil), Term:0, Index:0}
058405 INFO S1: (term 1) follower 收到 [2] AppendEntries [], prevIndex 0, prevTerm 0
058405 INFO S0: (term 1) follower 收到 [2] AppendEntries [], prevIndex 0, prevTerm 0
058405 LEAD S2: 1 append success next 1 match 0
058405 LEAD S2: 0 append success next 1 match 0
059407 LEAD S2: prevLog &raft.Entry{Command:interface {}(nil), Term:0, Index:0}
059407 LEAD S2: prevLog &raft.Entry{Command:interface {}(nil), Term:0, Index:0}
059411 INFO S1: (term 1) follower 收到 [2] AppendEntries [], prevIndex 0, prevTerm 0
059413 LEAD S2: 1 append success next 1 match 0
059413 INFO S0: (term 1) follower 收到 [2] AppendEntries [], prevIndex 0, prevTerm 0
059415 LEAD S2: 0 append success next 1 match 0
060412 LEAD S2: prevLog &raft.Entry{Command:interface {}(nil), Term:0, Index:0}
060413 LEAD S2: prevLog &raft.Entry{Command:interface {}(nil), Term:0, Index:0}
060413 INFO S1: (term 1) follower 收到 [2] AppendEntries [], prevIndex 0, prevTerm 0
060413 INFO S0: (term 1) follower 收到 [2] AppendEntries [], prevIndex 0, prevTerm 0
060414 LEAD S2: 1 append success next 1 match 0
060414 LEAD S2: 0 append success next 1 match 0
061418 LEAD S2: prevLog &raft.Entry{Command:interface {}(nil), Term:0, Index:0}
061418 LEAD S2: prevLog &raft.Entry{Command:interface {}(nil), Term:0, Index:0}
061419 INFO S0: (term 1) follower 收到 [2] AppendEntries [], prevIndex 0, prevTerm 0
061419 INFO S1: (term 1) follower 收到 [2] AppendEntries [], prevIndex 0, prevTerm 0
061420 LEAD S2: 0 append success next 1 match 0
061420 LEAD S2: 1 append success next 1 match 0
062425 LEAD S2: prevLog &raft.Entry{Command:interface {}(nil), Term:0, Index:0}
062426 LEAD S2: prevLog &raft.Entry{Command:interface {}(nil), Term:0, Index:0}
062429 INFO S0: (term 1) follower 收到 [2] AppendEntries [], prevIndex 0, prevTerm 0
062429 INFO S1: (term 1) follower 收到 [2] AppendEntries [], prevIndex 0, prevTerm 0
062431 LEAD S2: 1 append success next 1 match 0
062432 LEAD S2: 0 append success next 1 match 0
063433 LEAD S2: prevLog &raft.Entry{Command:interface {}(nil), Term:0, Index:0}
063433 LEAD S2: prevLog &raft.Entry{Command:interface {}(nil), Term:0, Index:0}
063434 INFO S0: (term 1) follower 收到 [2] AppendEntries [], prevIndex 0, prevTerm 0
063434 INFO S1: (term 1) follower 收到 [2] AppendEntries [], prevIndex 0, prevTerm 0
063434 LEAD S2: 1 append success next 1 match 0
063434 LEAD S2: 0 append success next 1 match 0
064442 LEAD S2: prevLog &raft.Entry{Command:interface {}(nil), Term:0, Index:0}
064442 LEAD S2: prevLog &raft.Entry{Command:interface {}(nil), Term:0, Index:0}
064443 INFO S0: (term 1) follower 收到 [2] AppendEntries [], prevIndex 0, prevTerm 0
064443 INFO S1: (term 1) follower 收到 [2] AppendEntries [], prevIndex 0, prevTerm 0
064444 LEAD S2: 1 append success next 1 match 0
064444 LEAD S2: 0 append success next 1 match 0
065452 LEAD S2: prevLog &raft.Entry{Command:interface {}(nil), Term:0, Index:0}
065453 LEAD S2: prevLog &raft.Entry{Command:interface {}(nil), Term:0, Index:0}
065457 INFO S0: (term 1) follower 收到 [2] AppendEntries [], prevIndex 0, prevTerm 0
065458 INFO S1: (term 1) follower 收到 [2] AppendEntries [], prevIndex 0, prevTerm 0
065459 LEAD S2: 0 append success next 1 match 0
065460 LEAD S2: 1 append success next 1 match 0
066459 LEAD S2: prevLog &raft.Entry{Command:interface {}(nil), Term:0, Index:0}
066459 LEAD S2: prevLog &raft.Entry{Command:interface {}(nil), Term:0, Index:0}
066461 INFO S1: (term 1) follower 收到 [2] AppendEntries [], prevIndex 0, prevTerm 0
066461 INFO S0: (term 1) follower 收到 [2] AppendEntries [], prevIndex 0, prevTerm 0
066462 LEAD S2: 0 append success next 1 match 0
066468 LEAD S2: 1 append success next 1 match 0
067469 LEAD S2: prevLog &raft.Entry{Command:interface {}(nil), Term:0, Index:0}
067469 LEAD S2: prevLog &raft.Entry{Command:interface {}(nil), Term:0, Index:0}
067474 INFO S1: (term 1) follower 收到 [2] AppendEntries [], prevIndex 0, prevTerm 0
067476 LEAD S2: 1 append success next 1 match 0
067476 INFO S0: (term 1) follower 收到 [2] AppendEntries [], prevIndex 0, prevTerm 0
067479 LEAD S2: 0 append success next 1 match 0
068479 LEAD S2: prevLog &raft.Entry{Command:interface {}(nil), Term:0, Index:0}
068480 LEAD S2: prevLog &raft.Entry{Command:interface {}(nil), Term:0, Index:0}
068482 INFO S1: (term 1) follower 收到 [2] AppendEntries [], prevIndex 0, prevTerm 0
068483 INFO S0: (term 1) follower 收到 [2] AppendEntries [], prevIndex 0, prevTerm 0
068484 LEAD S2: 0 append success next 1 match 0
068484 LEAD S2: 1 append success next 1 match 0
069489 LEAD S2: prevLog &raft.Entry{Command:interface {}(nil), Term:0, Index:0}
069489 LEAD S2: prevLog &raft.Entry{Command:interface {}(nil), Term:0, Index:0}
069490 INFO S1: (term 1) follower 收到 [2] AppendEntries [], prevIndex 0, prevTerm 0
069490 INFO S0: (term 1) follower 收到 [2] AppendEntries [], prevIndex 0, prevTerm 0
069491 LEAD S2: 1 append success next 1 match 0
069491 LEAD S2: 0 append success next 1 match 0
070499 LEAD S2: prevLog &raft.Entry{Command:interface {}(nil), Term:0, Index:0}
070500 LEAD S2: prevLog &raft.Entry{Command:interface {}(nil), Term:0, Index:0}
070503 INFO S0: (term 1) follower 收到 [2] AppendEntries [], prevIndex 0, prevTerm 0
070503 INFO S1: (term 1) follower 收到 [2] AppendEntries [], prevIndex 0, prevTerm 0
070504 LEAD S2: 0 append success next 1 match 0
070506 LEAD S2: 1 append success next 1 match 0
071505 LEAD S2: prevLog &raft.Entry{Command:interface {}(nil), Term:0, Index:0}
071505 LEAD S2: prevLog &raft.Entry{Command:interface {}(nil), Term:0, Index:0}
071506 INFO S0: (term 1) follower 收到 [2] AppendEntries [], prevIndex 0, prevTerm 0
071506 INFO S1: (term 1) follower 收到 [2] AppendEntries [], prevIndex 0, prevTerm 0
071506 LEAD S2: 0 append success next 1 match 0
071507 LEAD S2: 1 append success next 1 match 0
072506 LEAD S2: prevLog &raft.Entry{Command:interface {}(nil), Term:0, Index:0}
072507 LEAD S2: prevLog &raft.Entry{Command:interface {}(nil), Term:0, Index:0}
072510 INFO S1: (term 1) follower 收到 [2] AppendEntries [], prevIndex 0, prevTerm 0
072510 INFO S0: (term 1) follower 收到 [2] AppendEntries [], prevIndex 0, prevTerm 0
072511 LEAD S2: 1 append success next 1 match 0
072512 LEAD S2: 0 append success next 1 match 0
073508 LEAD S2: prevLog &raft.Entry{Command:interface {}(nil), Term:0, Index:0}
073509 LEAD S2: prevLog &raft.Entry{Command:interface {}(nil), Term:0, Index:0}
073512 INFO S1: (term 1) follower 收到 [2] AppendEntries [], prevIndex 0, prevTerm 0
073513 INFO S0: (term 1) follower 收到 [2] AppendEntries [], prevIndex 0, prevTerm 0
073514 LEAD S2: 0 append success next 1 match 0
073514 LEAD S2: 1 append success next 1 match 0
074515 LEAD S2: prevLog &raft.Entry{Command:interface {}(nil), Term:0, Index:0}
074515 LEAD S2: prevLog &raft.Entry{Command:interface {}(nil), Term:0, Index:0}
074515 INFO S0: (term 1) follower 收到 [2] AppendEntries [], prevIndex 0, prevTerm 0
074516 LEAD S2: 0 append success next 1 match 0
074516 INFO S1: (term 1) follower 收到 [2] AppendEntries [], prevIndex 0, prevTerm 0
074517 LEAD S2: 1 append success next 1 match 0
075519 LEAD S2: prevLog &raft.Entry{Command:interface {}(nil), Term:0, Index:0}
075519 LEAD S2: prevLog &raft.Entry{Command:interface {}(nil), Term:0, Index:0}
075520 INFO S1: (term 1) follower 收到 [2] AppendEntries [], prevIndex 0, prevTerm 0
075521 INFO S0: (term 1) follower 收到 [2] AppendEntries [], prevIndex 0, prevTerm 0
075521 LEAD S2: 1 append success next 1 match 0
075521 LEAD S2: 0 append success next 1 match 0
076523 LEAD S2: prevLog &raft.Entry{Command:interface {}(nil), Term:0, Index:0}
076523 LEAD S2: prevLog &raft.Entry{Command:interface {}(nil), Term:0, Index:0}
076524 INFO S0: (term 1) follower 收到 [2] AppendEntries [], prevIndex 0, prevTerm 0
076524 INFO S1: (term 1) follower 收到 [2] AppendEntries [], prevIndex 0, prevTerm 0
076525 LEAD S2: 0 append success next 1 match 0
076525 LEAD S2: 1 append success next 1 match 0
077529 LEAD S2: prevLog &raft.Entry{Command:interface {}(nil), Term:0, Index:0}
077530 LEAD S2: prevLog &raft.Entry{Command:interface {}(nil), Term:0, Index:0}
077534 INFO S0: (term 1) follower 收到 [2] AppendEntries [], prevIndex 0, prevTerm 0
077534 INFO S1: (term 1) follower 收到 [2] AppendEntries [], prevIndex 0, prevTerm 0
077536 LEAD S2: 1 append success next 1 match 0
077536 LEAD S2: 0 append success next 1 match 0
078536 LEAD S2: prevLog &raft.Entry{Command:interface {}(nil), Term:0, Index:0}
078537 LEAD S2: prevLog &raft.Entry{Command:interface {}(nil), Term:0, Index:0}
078540 INFO S0: (term 1) follower 收到 [2] AppendEntries [], prevIndex 0, prevTerm 0
078540 INFO S1: (term 1) follower 收到 [2] AppendEntries [], prevIndex 0, prevTerm 0
078541 LEAD S2: 0 append success next 1 match 0
078542 LEAD S2: 1 append success next 1 match 0
079542 LEAD S2: prevLog &raft.Entry{Command:interface {}(nil), Term:0, Index:0}
079542 LEAD S2: prevLog &raft.Entry{Command:interface {}(nil), Term:0, Index:0}
079543 INFO S0: (term 1) follower 收到 [2] AppendEntries [], prevIndex 0, prevTerm 0
079543 INFO S1: (term 1) follower 收到 [2] AppendEntries [], prevIndex 0, prevTerm 0
079544 LEAD S2: 0 append success next 1 match 0
079544 LEAD S2: 1 append success next 1 match 0
080546 LEAD S2: prevLog &raft.Entry{Command:interface {}(nil), Term:0, Index:0}
080546 LEAD S2: prevLog &raft.Entry{Command:interface {}(nil), Term:0, Index:0}
080547 INFO S1: (term 1) follower 收到 [2] AppendEntries [], prevIndex 0, prevTerm 0
080547 LEAD S2: 1 append success next 1 match 0
080547 INFO S0: (term 1) follower 收到 [2] AppendEntries [], prevIndex 0, prevTerm 0
080548 LEAD S2: 0 append success next 1 match 0
081556 LEAD S2: prevLog &raft.Entry{Command:interface {}(nil), Term:0, Index:0}
081557 LEAD S2: prevLog &raft.Entry{Command:interface {}(nil), Term:0, Index:0}
081561 INFO S0: (term 1) follower 收到 [2] AppendEntries [], prevIndex 0, prevTerm 0
081562 INFO S1: (term 1) follower 收到 [2] AppendEntries [], prevIndex 0, prevTerm 0
081563 LEAD S2: 0 append success next 1 match 0
081564 LEAD S2: 1 append success next 1 match 0
082562 LEAD S2: prevLog &raft.Entry{Command:interface {}(nil), Term:0, Index:0}
082562 LEAD S2: prevLog &raft.Entry{Command:interface {}(nil), Term:0, Index:0}
082563 INFO S1: (term 1) follower 收到 [2] AppendEntries [], prevIndex 0, prevTerm 0
082563 INFO S0: (term 1) follower 收到 [2] AppendEntries [], prevIndex 0, prevTerm 0
082563 LEAD S2: 1 append success next 1 match 0
082564 LEAD S2: 0 append success next 1 match 0
083567 LEAD S2: prevLog &raft.Entry{Command:interface {}(nil), Term:0, Index:0}
083567 LEAD S2: prevLog &raft.Entry{Command:interface {}(nil), Term:0, Index:0}
083568 INFO S0: (term 1) follower 收到 [2] AppendEntries [], prevIndex 0, prevTerm 0
083568 INFO S1: (term 1) follower 收到 [2] AppendEntries [], prevIndex 0, prevTerm 0
083568 LEAD S2: 0 append success next 1 match 0
083568 LEAD S2: 1 append success next 1 match 0
084572 LEAD S2: prevLog &raft.Entry{Command:interface {}(nil), Term:0, Index:0}
084572 LEAD S2: prevLog &raft.Entry{Command:interface {}(nil), Term:0, Index:0}
084573 INFO S1: (term 1) follower 收到 [2] AppendEntries [], prevIndex 0, prevTerm 0
084573 INFO S0: (term 1) follower 收到 [2] AppendEntries [], prevIndex 0, prevTerm 0
084573 LEAD S2: 0 append success next 1 match 0
084573 LEAD S2: 1 append success next 1 match 0
085576 LEAD S2: prevLog &raft.Entry{Command:interface {}(nil), Term:0, Index:0}
085576 LEAD S2: prevLog &raft.Entry{Command:interface {}(nil), Term:0, Index:0}
085577 INFO S0: (term 1) follower 收到 [2] AppendEntries [], prevIndex 0, prevTerm 0
085577 INFO S1: (term 1) follower 收到 [2] AppendEntries [], prevIndex 0, prevTerm 0
085577 LEAD S2: 0 append success next 1 match 0
085577 LEAD S2: 1 append success next 1 match 0
086581 LEAD S2: prevLog &raft.Entry{Command:interface {}(nil), Term:0, Index:0}
086581 LEAD S2: prevLog &raft.Entry{Command:interface {}(nil), Term:0, Index:0}
086582 INFO S0: (term 1) follower 收到 [2] AppendEntries [], prevIndex 0, prevTerm 0
086582 INFO S1: (term 1) follower 收到 [2] AppendEntries [], prevIndex 0, prevTerm 0
086582 LEAD S2: 0 append success next 1 match 0
086583 LEAD S2: 1 append success next 1 match 0
087585 LEAD S2: prevLog &raft.Entry{Command:interface {}(nil), Term:0, Index:0}
087585 LEAD S2: prevLog &raft.Entry{Command:interface {}(nil), Term:0, Index:0}
087586 INFO S1: (term 1) follower 收到 [2] AppendEntries [], prevIndex 0, prevTerm 0
087586 INFO S0: (term 1) follower 收到 [2] AppendEntries [], prevIndex 0, prevTerm 0
087587 LEAD S2: 1 append success next 1 match 0
087587 LEAD S2: 0 append success next 1 match 0
088590 LEAD S2: prevLog &raft.Entry{Command:interface {}(nil), Term:0, Index:0}
088590 LEAD S2: prevLog &raft.Entry{Command:interface {}(nil), Term:0, Index:0}
088591 INFO S0: (term 1) follower 收到 [2] AppendEntries [], prevIndex 0, prevTerm 0
088592 INFO S1: (term 1) follower 收到 [2] AppendEntries [], prevIndex 0, prevTerm 0
088592 LEAD S2: 0 append success next 1 match 0
088592 LEAD S2: 1 append success next 1 match 0
089595 LEAD S2: prevLog &raft.Entry{Command:interface {}(nil), Term:0, Index:0}
089595 LEAD S2: prevLog &raft.Entry{Command:interface {}(nil), Term:0, Index:0}
089598 INFO S0: (term 1) follower 收到 [2] AppendEntries [], prevIndex 0, prevTerm 0
089599 INFO S1: (term 1) follower 收到 [2] AppendEntries [], prevIndex 0, prevTerm 0
089600 LEAD S2: 0 append success next 1 match 0
089600 LEAD S2: 1 append success next 1 match 0
090599 LEAD S2: prevLog &raft.Entry{Command:interface {}(nil), Term:0, Index:0}
090599 LEAD S2: prevLog &raft.Entry{Command:interface {}(nil), Term:0, Index:0}
090600 INFO S1: (term 1) follower 收到 [2] AppendEntries [], prevIndex 0, prevTerm 0
090601 LEAD S2: 1 append success next 1 match 0
090600 INFO S0: (term 1) follower 收到 [2] AppendEntries [], prevIndex 0, prevTerm 0
090601 LEAD S2: 0 append success next 1 match 0
091603 LEAD S2: prevLog &raft.Entry{Command:interface {}(nil), Term:0, Index:0}
091603 LEAD S2: prevLog &raft.Entry{Command:interface {}(nil), Term:0, Index:0}
091604 INFO S0: (term 1) follower 收到 [2] AppendEntries [], prevIndex 0, prevTerm 0
091604 INFO S1: (term 1) follower 收到 [2] AppendEntries [], prevIndex 0, prevTerm 0
091604 LEAD S2: 1 append success next 1 match 0
091604 LEAD S2: 0 append success next 1 match 0
092613 LEAD S2: prevLog &raft.Entry{Command:interface {}(nil), Term:0, Index:0}
092614 LEAD S2: prevLog &raft.Entry{Command:interface {}(nil), Term:0, Index:0}
092616 INFO S1: (term 1) follower 收到 [2] AppendEntries [], prevIndex 0, prevTerm 0
092618 INFO S0: (term 1) follower 收到 [2] AppendEntries [], prevIndex 0, prevTerm 0
092619 LEAD S2: 1 append success next 1 match 0
092620 LEAD S2: 0 append success next 1 match 0
093618 LEAD S2: prevLog &raft.Entry{Command:interface {}(nil), Term:0, Index:0}
093618 LEAD S2: prevLog &raft.Entry{Command:interface {}(nil), Term:0, Index:0}
093619 INFO S0: (term 1) follower 收到 [2] AppendEntries [], prevIndex 0, prevTerm 0
093619 INFO S1: (term 1) follower 收到 [2] AppendEntries [], prevIndex 0, prevTerm 0
093619 LEAD S2: 0 append success next 1 match 0
093619 LEAD S2: 1 append success next 1 match 0
094623 LEAD S2: prevLog &raft.Entry{Command:interface {}(nil), Term:0, Index:0}
094623 LEAD S2: prevLog &raft.Entry{Command:interface {}(nil), Term:0, Index:0}
094624 INFO S0: (term 1) follower 收到 [2] AppendEntries [], prevIndex 0, prevTerm 0
094624 INFO S1: (term 1) follower 收到 [2] AppendEntries [], prevIndex 0, prevTerm 0
094624 LEAD S2: 0 append success next 1 match 0
094625 LEAD S2: 1 append success next 1 match 0
095634 LEAD S2: prevLog &raft.Entry{Command:interface {}(nil), Term:0, Index:0}
095635 LEAD S2: prevLog &raft.Entry{Command:interface {}(nil), Term:0, Index:0}
095637 INFO S1: (term 1) follower 收到 [2] AppendEntries [], prevIndex 0, prevTerm 0
095638 INFO S0: (term 1) follower 收到 [2] AppendEntries [], prevIndex 0, prevTerm 0
095639 LEAD S2: 1 append success next 1 match 0
095640 LEAD S2: 0 append success next 1 match 0
096640 LEAD S2: prevLog &raft.Entry{Command:interface {}(nil), Term:0, Index:0}
096641 LEAD S2: prevLog &raft.Entry{Command:interface {}(nil), Term:0, Index:0}
096645 INFO S0: (term 1) follower 收到 [2] AppendEntries [], prevIndex 0, prevTerm 0
096645 INFO S1: (term 1) follower 收到 [2] AppendEntries [], prevIndex 0, prevTerm 0
096647 LEAD S2: 0 append success next 1 match 0
096649 LEAD S2: 1 append success next 1 match 0
097646 LEAD S2: prevLog &raft.Entry{Command:interface {}(nil), Term:0, Index:0}
097646 LEAD S2: prevLog &raft.Entry{Command:interface {}(nil), Term:0, Index:0}
097648 INFO S0: (term 1) follower 收到 [2] AppendEntries [], prevIndex 0, prevTerm 0
097648 INFO S1: (term 1) follower 收到 [2] AppendEntries [], prevIndex 0, prevTerm 0
097648 LEAD S2: 0 append success next 1 match 0
097649 LEAD S2: 1 append success next 1 match 0
098651 LEAD S2: prevLog &raft.Entry{Command:interface {}(nil), Term:0, Index:0}
098651 LEAD S2: prevLog &raft.Entry{Command:interface {}(nil), Term:0, Index:0}
098652 INFO S1: (term 1) follower 收到 [2] AppendEntries [], prevIndex 0, prevTerm 0
098652 INFO S0: (term 1) follower 收到 [2] AppendEntries [], prevIndex 0, prevTerm 0
098652 LEAD S2: 1 append success next 1 match 0
098652 LEAD S2: 0 append success next 1 match 0
099656 LEAD S2: prevLog &raft.Entry{Command:interface {}(nil), Term:0, Index:0}
099656 LEAD S2: prevLog &raft.Entry{Command:interface {}(nil), Term:0, Index:0}
099657 INFO S1: (term 1) follower 收到 [2] AppendEntries [], prevIndex 0, prevTerm 0
099658 INFO S0: (term 1) follower 收到 [2] AppendEntries [], prevIndex 0, prevTerm 0
099658 LEAD S2: 1 append success next 1 match 0
099658 LEAD S2: 0 append success next 1 match 0
--- FAIL: TestPersist12C (10.02s)
    config.go:609: one(11) failed to reach agreement
FAIL
exit status 1
FAIL	6.824/raft	10.017s
