Test (2C): basic persistence ...
003014 INFO S0: start leader election, term 1
003014 INFO S2: start leader election, term 1
003015 VOTE S0: term 1 send vote request to 2
003015 VOTE S2: term 1 send vote request to 1
003015 INFO S1: start leader election, term 1
003015 VOTE S1: term 1 send vote request to 2
003015 VOTE S0: term 1 send vote request to 1
003015 VOTE S1: term 1 send vote request to 0
003015 VOTE S2: term 1 send vote request to 0
003016 VOTE S2: 0 没有投给me，结束
003016 VOTE S2: 1 没有投给me，结束
003016 VOTE S0: 1 没有投给me，结束
003016 VOTE S1: 2 没有投给me，结束
003016 VOTE S0: 2 没有投给me，结束
003017 VOTE S1: 0 没有投给me，结束
006028 INFO S1: start leader election, term 2
006028 INFO S0: start leader election, term 2
006028 VOTE S1: term 2 send vote request to 2
006029 VOTE S0: term 2 send vote request to 2
006029 INFO S2: start leader election, term 2
006029 VOTE S0: term 2 send vote request to 1
006030 VOTE S2: term 2 send vote request to 1
006032 VOTE S1: 2 没有投给me，结束
006032 VOTE S0: 2 没有投给me，结束
006032 VOTE S1: term 2 send vote request to 0
006033 VOTE S2: term 2 send vote request to 0
006033 VOTE S2: 1 没有投给me，结束
006033 VOTE S0: 1 没有投给me，结束
006035 VOTE S2: 0 没有投给me，结束
006035 VOTE S1: 0 没有投给me，结束
009051 INFO S1: start leader election, term 3
009051 INFO S0: start leader election, term 3
009051 VOTE S1: term 3 send vote request to 2
009051 VOTE S0: term 3 send vote request to 2
009052 INFO S2: start leader election, term 3
009052 VOTE S2: term 3 send vote request to 1
009052 VOTE S1: term 3 send vote request to 0
009052 VOTE S2: term 3 send vote request to 0
009052 VOTE S0: term 3 send vote request to 1
009052 VOTE S2: 1 没有投给me，结束
009052 VOTE S1: 0 没有投给me，结束
009052 VOTE S1: 2 没有投给me，结束
009053 VOTE S0: 2 没有投给me，结束
009053 VOTE S2: 0 没有投给me，结束
009053 VOTE S0: 1 没有投给me，结束
012065 INFO S1: start leader election, term 4
012065 INFO S0: start leader election, term 4
012065 VOTE S1: term 4 send vote request to 2
012065 VOTE S0: term 4 send vote request to 2
012065 VOTE S0: term 4 send vote request to 1
012065 VOTE S1: term 4 send vote request to 0
012065 TERM S2: set new term 4
012065 VOTE S2: term 4 vote 1
012066 VOTE S0: 1 没有投给me，结束
012066 VOTE S1: reply from 2, term一致，且投给1
012066 LEAD S1: come to power, start to send heartbeat
012066 VOTE S0: 2 没有投给me，结束
012066 LEAD S1: prevLog &raft.Entry{Command:interface {}(nil), Term:0, Index:0}
012066 LEAD S1: prevLog &raft.Entry{Command:interface {}(nil), Term:0, Index:0}
012066 VOTE S1: 0 没有投给me，结束
012067 INFO S0: (term 4) follower 收到 [1] AppendEntries [], prevIndex 0, prevTerm 0
012067 INFO S2: (term 4) follower 收到 [1] AppendEntries [], prevIndex 0, prevTerm 0
012067 LEAD S1: 0 append success next 1 match 0
012067 LEAD S1: 2 append success next 1 match 0
013068 LEAD S1: prevLog &raft.Entry{Command:interface {}(nil), Term:0, Index:0}
013068 LEAD S1: prevLog &raft.Entry{Command:interface {}(nil), Term:0, Index:0}
013069 INFO S2: (term 4) follower 收到 [1] AppendEntries [], prevIndex 0, prevTerm 0
013069 LEAD S1: 2 append success next 1 match 0
013069 INFO S0: (term 4) follower 收到 [1] AppendEntries [], prevIndex 0, prevTerm 0
013070 LEAD S1: 0 append success next 1 match 0
014072 LEAD S1: prevLog &raft.Entry{Command:interface {}(nil), Term:0, Index:0}
014072 LEAD S1: prevLog &raft.Entry{Command:interface {}(nil), Term:0, Index:0}
014072 INFO S2: (term 4) follower 收到 [1] AppendEntries [], prevIndex 0, prevTerm 0
014072 LEAD S1: 2 append success next 1 match 0
014073 INFO S0: (term 4) follower 收到 [1] AppendEntries [], prevIndex 0, prevTerm 0
014073 LEAD S1: 0 append success next 1 match 0
015076 LEAD S1: prevLog &raft.Entry{Command:interface {}(nil), Term:0, Index:0}
015076 LEAD S1: prevLog &raft.Entry{Command:interface {}(nil), Term:0, Index:0}
015077 INFO S2: (term 4) follower 收到 [1] AppendEntries [], prevIndex 0, prevTerm 0
015077 LEAD S1: 2 append success next 1 match 0
015077 INFO S0: (term 4) follower 收到 [1] AppendEntries [], prevIndex 0, prevTerm 0
015078 LEAD S1: 0 append success next 1 match 0
016080 LEAD S1: prevLog &raft.Entry{Command:interface {}(nil), Term:0, Index:0}
016080 LEAD S1: prevLog &raft.Entry{Command:interface {}(nil), Term:0, Index:0}
016080 INFO S2: (term 4) follower 收到 [1] AppendEntries [], prevIndex 0, prevTerm 0
016081 LEAD S1: 2 append success next 1 match 0
016081 INFO S0: (term 4) follower 收到 [1] AppendEntries [], prevIndex 0, prevTerm 0
016081 LEAD S1: 0 append success next 1 match 0
017083 LEAD S1: prevLog &raft.Entry{Command:interface {}(nil), Term:0, Index:0}
017084 LEAD S1: prevLog &raft.Entry{Command:interface {}(nil), Term:0, Index:0}
017084 INFO S2: (term 4) follower 收到 [1] AppendEntries [], prevIndex 0, prevTerm 0
017084 LEAD S1: 2 append success next 1 match 0
017085 INFO S0: (term 4) follower 收到 [1] AppendEntries [], prevIndex 0, prevTerm 0
017085 LEAD S1: 0 append success next 1 match 0
018087 LEAD S1: prevLog &raft.Entry{Command:interface {}(nil), Term:0, Index:0}
018088 LEAD S1: prevLog &raft.Entry{Command:interface {}(nil), Term:0, Index:0}
018088 INFO S2: (term 4) follower 收到 [1] AppendEntries [], prevIndex 0, prevTerm 0
018089 LEAD S1: 2 append success next 1 match 0
018089 INFO S0: (term 4) follower 收到 [1] AppendEntries [], prevIndex 0, prevTerm 0
018089 LEAD S1: 0 append success next 1 match 0
019090 LEAD S1: prevLog &raft.Entry{Command:interface {}(nil), Term:0, Index:0}
019090 LEAD S1: prevLog &raft.Entry{Command:interface {}(nil), Term:0, Index:0}
019091 INFO S2: (term 4) follower 收到 [1] AppendEntries [], prevIndex 0, prevTerm 0
019091 LEAD S1: 2 append success next 1 match 0
019092 INFO S0: (term 4) follower 收到 [1] AppendEntries [], prevIndex 0, prevTerm 0
019092 LEAD S1: 0 append success next 1 match 0
020094 LEAD S1: prevLog &raft.Entry{Command:interface {}(nil), Term:0, Index:0}
020094 LEAD S1: prevLog &raft.Entry{Command:interface {}(nil), Term:0, Index:0}
020095 INFO S2: (term 4) follower 收到 [1] AppendEntries [], prevIndex 0, prevTerm 0
020095 LEAD S1: 2 append success next 1 match 0
020095 INFO S0: (term 4) follower 收到 [1] AppendEntries [], prevIndex 0, prevTerm 0
020096 LEAD S1: 0 append success next 1 match 0
021097 LEAD S1: prevLog &raft.Entry{Command:interface {}(nil), Term:0, Index:0}
021098 LEAD S1: prevLog &raft.Entry{Command:interface {}(nil), Term:0, Index:0}
021099 INFO S0: (term 4) follower 收到 [1] AppendEntries [], prevIndex 0, prevTerm 0
021099 INFO S2: (term 4) follower 收到 [1] AppendEntries [], prevIndex 0, prevTerm 0
021099 LEAD S1: 0 append success next 1 match 0
021100 LEAD S1: 2 append success next 1 match 0
022101 LEAD S1: prevLog &raft.Entry{Command:interface {}(nil), Term:0, Index:0}
022101 LEAD S1: prevLog &raft.Entry{Command:interface {}(nil), Term:0, Index:0}
022101 INFO S2: (term 4) follower 收到 [1] AppendEntries [], prevIndex 0, prevTerm 0
022102 LEAD S1: 2 append success next 1 match 0
022102 INFO S0: (term 4) follower 收到 [1] AppendEntries [], prevIndex 0, prevTerm 0
022102 LEAD S1: 0 append success next 1 match 0
023103 LEAD S1: prevLog &raft.Entry{Command:interface {}(nil), Term:0, Index:0}
023104 LEAD S1: prevLog &raft.Entry{Command:interface {}(nil), Term:0, Index:0}
023104 INFO S2: (term 4) follower 收到 [1] AppendEntries [], prevIndex 0, prevTerm 0
023104 LEAD S1: 2 append success next 1 match 0
023105 INFO S0: (term 4) follower 收到 [1] AppendEntries [], prevIndex 0, prevTerm 0
023105 LEAD S1: 0 append success next 1 match 0
024111 LEAD S1: prevLog &raft.Entry{Command:interface {}(nil), Term:0, Index:0}
024112 LEAD S1: prevLog &raft.Entry{Command:interface {}(nil), Term:0, Index:0}
024113 INFO S2: (term 4) follower 收到 [1] AppendEntries [], prevIndex 0, prevTerm 0
024114 LEAD S1: 2 append success next 1 match 0
024114 INFO S0: (term 4) follower 收到 [1] AppendEntries [], prevIndex 0, prevTerm 0
024115 LEAD S1: 0 append success next 1 match 0
025118 LEAD S1: prevLog &raft.Entry{Command:interface {}(nil), Term:0, Index:0}
025119 LEAD S1: prevLog &raft.Entry{Command:interface {}(nil), Term:0, Index:0}
025119 INFO S2: (term 4) follower 收到 [1] AppendEntries [], prevIndex 0, prevTerm 0
025120 LEAD S1: 2 append success next 1 match 0
025120 INFO S0: (term 4) follower 收到 [1] AppendEntries [], prevIndex 0, prevTerm 0
025120 LEAD S1: 0 append success next 1 match 0
026122 LEAD S1: prevLog &raft.Entry{Command:interface {}(nil), Term:0, Index:0}
026122 LEAD S1: prevLog &raft.Entry{Command:interface {}(nil), Term:0, Index:0}
026124 INFO S2: (term 4) follower 收到 [1] AppendEntries [], prevIndex 0, prevTerm 0
026124 LEAD S1: 2 append success next 1 match 0
026124 INFO S0: (term 4) follower 收到 [1] AppendEntries [], prevIndex 0, prevTerm 0
026126 LEAD S1: 0 append success next 1 match 0
027125 LEAD S1: prevLog &raft.Entry{Command:interface {}(nil), Term:0, Index:0}
027126 LEAD S1: prevLog &raft.Entry{Command:interface {}(nil), Term:0, Index:0}
027126 INFO S0: (term 4) follower 收到 [1] AppendEntries [], prevIndex 0, prevTerm 0
027127 INFO S2: (term 4) follower 收到 [1] AppendEntries [], prevIndex 0, prevTerm 0
027127 LEAD S1: 0 append success next 1 match 0
027127 LEAD S1: 2 append success next 1 match 0
028129 LEAD S1: prevLog &raft.Entry{Command:interface {}(nil), Term:0, Index:0}
028129 LEAD S1: prevLog &raft.Entry{Command:interface {}(nil), Term:0, Index:0}
028130 INFO S2: (term 4) follower 收到 [1] AppendEntries [], prevIndex 0, prevTerm 0
028130 LEAD S1: 2 append success next 1 match 0
028130 INFO S0: (term 4) follower 收到 [1] AppendEntries [], prevIndex 0, prevTerm 0
028130 LEAD S1: 0 append success next 1 match 0
029132 LEAD S1: prevLog &raft.Entry{Command:interface {}(nil), Term:0, Index:0}
029133 LEAD S1: prevLog &raft.Entry{Command:interface {}(nil), Term:0, Index:0}
029133 INFO S2: (term 4) follower 收到 [1] AppendEntries [], prevIndex 0, prevTerm 0
029134 LEAD S1: 2 append success next 1 match 0
029134 INFO S0: (term 4) follower 收到 [1] AppendEntries [], prevIndex 0, prevTerm 0
029134 LEAD S1: 0 append success next 1 match 0
030136 LEAD S1: prevLog &raft.Entry{Command:interface {}(nil), Term:0, Index:0}
030136 LEAD S1: prevLog &raft.Entry{Command:interface {}(nil), Term:0, Index:0}
030137 INFO S2: (term 4) follower 收到 [1] AppendEntries [], prevIndex 0, prevTerm 0
030137 LEAD S1: 2 append success next 1 match 0
030137 INFO S0: (term 4) follower 收到 [1] AppendEntries [], prevIndex 0, prevTerm 0
030138 LEAD S1: 0 append success next 1 match 0
031140 LEAD S1: prevLog &raft.Entry{Command:interface {}(nil), Term:0, Index:0}
031140 LEAD S1: prevLog &raft.Entry{Command:interface {}(nil), Term:0, Index:0}
031141 INFO S2: (term 4) follower 收到 [1] AppendEntries [], prevIndex 0, prevTerm 0
031141 LEAD S1: 2 append success next 1 match 0
031141 INFO S0: (term 4) follower 收到 [1] AppendEntries [], prevIndex 0, prevTerm 0
031142 LEAD S1: 0 append success next 1 match 0
032143 LEAD S1: prevLog &raft.Entry{Command:interface {}(nil), Term:0, Index:0}
032143 LEAD S1: prevLog &raft.Entry{Command:interface {}(nil), Term:0, Index:0}
032144 INFO S2: (term 4) follower 收到 [1] AppendEntries [], prevIndex 0, prevTerm 0
032144 LEAD S1: 2 append success next 1 match 0
032144 INFO S0: (term 4) follower 收到 [1] AppendEntries [], prevIndex 0, prevTerm 0
032145 LEAD S1: 0 append success next 1 match 0
033146 LEAD S1: prevLog &raft.Entry{Command:interface {}(nil), Term:0, Index:0}
033146 LEAD S1: prevLog &raft.Entry{Command:interface {}(nil), Term:0, Index:0}
033146 INFO S0: (term 4) follower 收到 [1] AppendEntries [], prevIndex 0, prevTerm 0
033147 INFO S2: (term 4) follower 收到 [1] AppendEntries [], prevIndex 0, prevTerm 0
033147 LEAD S1: 0 append success next 1 match 0
033147 LEAD S1: 2 append success next 1 match 0
034150 LEAD S1: prevLog &raft.Entry{Command:interface {}(nil), Term:0, Index:0}
034151 LEAD S1: prevLog &raft.Entry{Command:interface {}(nil), Term:0, Index:0}
034151 INFO S2: (term 4) follower 收到 [1] AppendEntries [], prevIndex 0, prevTerm 0
034152 LEAD S1: 2 append success next 1 match 0
034152 INFO S0: (term 4) follower 收到 [1] AppendEntries [], prevIndex 0, prevTerm 0
034153 LEAD S1: 0 append success next 1 match 0
035155 LEAD S1: prevLog &raft.Entry{Command:interface {}(nil), Term:0, Index:0}
035155 LEAD S1: prevLog &raft.Entry{Command:interface {}(nil), Term:0, Index:0}
035156 INFO S2: (term 4) follower 收到 [1] AppendEntries [], prevIndex 0, prevTerm 0
035156 LEAD S1: 2 append success next 1 match 0
035156 INFO S0: (term 4) follower 收到 [1] AppendEntries [], prevIndex 0, prevTerm 0
035157 LEAD S1: 0 append success next 1 match 0
036159 LEAD S1: prevLog &raft.Entry{Command:interface {}(nil), Term:0, Index:0}
036159 LEAD S1: prevLog &raft.Entry{Command:interface {}(nil), Term:0, Index:0}
036160 INFO S2: (term 4) follower 收到 [1] AppendEntries [], prevIndex 0, prevTerm 0
036160 INFO S0: (term 4) follower 收到 [1] AppendEntries [], prevIndex 0, prevTerm 0
036160 LEAD S1: 2 append success next 1 match 0
036160 LEAD S1: 0 append success next 1 match 0
037162 LEAD S1: prevLog &raft.Entry{Command:interface {}(nil), Term:0, Index:0}
037163 LEAD S1: prevLog &raft.Entry{Command:interface {}(nil), Term:0, Index:0}
037163 INFO S2: (term 4) follower 收到 [1] AppendEntries [], prevIndex 0, prevTerm 0
037165 LEAD S1: 2 append success next 1 match 0
037164 INFO S0: (term 4) follower 收到 [1] AppendEntries [], prevIndex 0, prevTerm 0
037165 LEAD S1: 0 append success next 1 match 0
038166 LEAD S1: prevLog &raft.Entry{Command:interface {}(nil), Term:0, Index:0}
038166 LEAD S1: prevLog &raft.Entry{Command:interface {}(nil), Term:0, Index:0}
038167 INFO S2: (term 4) follower 收到 [1] AppendEntries [], prevIndex 0, prevTerm 0
038167 LEAD S1: 2 append success next 1 match 0
038167 INFO S0: (term 4) follower 收到 [1] AppendEntries [], prevIndex 0, prevTerm 0
038168 LEAD S1: 0 append success next 1 match 0
039169 LEAD S1: prevLog &raft.Entry{Command:interface {}(nil), Term:0, Index:0}
039169 LEAD S1: prevLog &raft.Entry{Command:interface {}(nil), Term:0, Index:0}
039170 INFO S0: (term 4) follower 收到 [1] AppendEntries [], prevIndex 0, prevTerm 0
039170 LEAD S1: 0 append success next 1 match 0
039170 INFO S2: (term 4) follower 收到 [1] AppendEntries [], prevIndex 0, prevTerm 0
039171 LEAD S1: 2 append success next 1 match 0
040174 LEAD S1: prevLog &raft.Entry{Command:interface {}(nil), Term:0, Index:0}
040174 LEAD S1: prevLog &raft.Entry{Command:interface {}(nil), Term:0, Index:0}
040175 INFO S2: (term 4) follower 收到 [1] AppendEntries [], prevIndex 0, prevTerm 0
040176 LEAD S1: 2 append success next 1 match 0
040176 INFO S0: (term 4) follower 收到 [1] AppendEntries [], prevIndex 0, prevTerm 0
040177 LEAD S1: 0 append success next 1 match 0
041178 LEAD S1: prevLog &raft.Entry{Command:interface {}(nil), Term:0, Index:0}
041179 LEAD S1: prevLog &raft.Entry{Command:interface {}(nil), Term:0, Index:0}
041182 INFO S2: (term 4) follower 收到 [1] AppendEntries [], prevIndex 0, prevTerm 0
041182 INFO S0: (term 4) follower 收到 [1] AppendEntries [], prevIndex 0, prevTerm 0
041183 LEAD S1: 2 append success next 1 match 0
041184 LEAD S1: 0 append success next 1 match 0
042187 LEAD S1: prevLog &raft.Entry{Command:interface {}(nil), Term:0, Index:0}
042188 LEAD S1: prevLog &raft.Entry{Command:interface {}(nil), Term:0, Index:0}
042190 INFO S2: (term 4) follower 收到 [1] AppendEntries [], prevIndex 0, prevTerm 0
042192 INFO S0: (term 4) follower 收到 [1] AppendEntries [], prevIndex 0, prevTerm 0
042192 LEAD S1: 2 append success next 1 match 0
042193 LEAD S1: 0 append success next 1 match 0
043190 LEAD S1: prevLog &raft.Entry{Command:interface {}(nil), Term:0, Index:0}
043191 LEAD S1: prevLog &raft.Entry{Command:interface {}(nil), Term:0, Index:0}
043192 INFO S2: (term 4) follower 收到 [1] AppendEntries [], prevIndex 0, prevTerm 0
043192 LEAD S1: 2 append success next 1 match 0
043193 INFO S0: (term 4) follower 收到 [1] AppendEntries [], prevIndex 0, prevTerm 0
043194 LEAD S1: 0 append success next 1 match 0
044193 LEAD S1: prevLog &raft.Entry{Command:interface {}(nil), Term:0, Index:0}
044194 LEAD S1: prevLog &raft.Entry{Command:interface {}(nil), Term:0, Index:0}
044196 INFO S2: (term 4) follower 收到 [1] AppendEntries [], prevIndex 0, prevTerm 0
044196 INFO S0: (term 4) follower 收到 [1] AppendEntries [], prevIndex 0, prevTerm 0
044197 LEAD S1: 2 append success next 1 match 0
044198 LEAD S1: 0 append success next 1 match 0
045198 LEAD S1: prevLog &raft.Entry{Command:interface {}(nil), Term:0, Index:0}
045198 LEAD S1: prevLog &raft.Entry{Command:interface {}(nil), Term:0, Index:0}
045198 INFO S2: (term 4) follower 收到 [1] AppendEntries [], prevIndex 0, prevTerm 0
045199 LEAD S1: 2 append success next 1 match 0
045199 INFO S0: (term 4) follower 收到 [1] AppendEntries [], prevIndex 0, prevTerm 0
045199 LEAD S1: 0 append success next 1 match 0
046203 LEAD S1: prevLog &raft.Entry{Command:interface {}(nil), Term:0, Index:0}
046203 LEAD S1: prevLog &raft.Entry{Command:interface {}(nil), Term:0, Index:0}
046204 INFO S2: (term 4) follower 收到 [1] AppendEntries [], prevIndex 0, prevTerm 0
046204 LEAD S1: 2 append success next 1 match 0
046204 INFO S0: (term 4) follower 收到 [1] AppendEntries [], prevIndex 0, prevTerm 0
046205 LEAD S1: 0 append success next 1 match 0
047206 LEAD S1: prevLog &raft.Entry{Command:interface {}(nil), Term:0, Index:0}
047206 LEAD S1: prevLog &raft.Entry{Command:interface {}(nil), Term:0, Index:0}
047207 INFO S2: (term 4) follower 收到 [1] AppendEntries [], prevIndex 0, prevTerm 0
047207 LEAD S1: 2 append success next 1 match 0
047207 INFO S0: (term 4) follower 收到 [1] AppendEntries [], prevIndex 0, prevTerm 0
047208 LEAD S1: 0 append success next 1 match 0
048210 LEAD S1: prevLog &raft.Entry{Command:interface {}(nil), Term:0, Index:0}
048210 LEAD S1: prevLog &raft.Entry{Command:interface {}(nil), Term:0, Index:0}
048211 INFO S2: (term 4) follower 收到 [1] AppendEntries [], prevIndex 0, prevTerm 0
048211 LEAD S1: 2 append success next 1 match 0
048211 INFO S0: (term 4) follower 收到 [1] AppendEntries [], prevIndex 0, prevTerm 0
048212 LEAD S1: 0 append success next 1 match 0
049214 LEAD S1: prevLog &raft.Entry{Command:interface {}(nil), Term:0, Index:0}
049215 LEAD S1: prevLog &raft.Entry{Command:interface {}(nil), Term:0, Index:0}
049217 INFO S2: (term 4) follower 收到 [1] AppendEntries [], prevIndex 0, prevTerm 0
049217 INFO S0: (term 4) follower 收到 [1] AppendEntries [], prevIndex 0, prevTerm 0
049218 LEAD S1: 2 append success next 1 match 0
049219 LEAD S1: 0 append success next 1 match 0
050219 LEAD S1: prevLog &raft.Entry{Command:interface {}(nil), Term:0, Index:0}
050219 LEAD S1: prevLog &raft.Entry{Command:interface {}(nil), Term:0, Index:0}
050220 INFO S2: (term 4) follower 收到 [1] AppendEntries [], prevIndex 0, prevTerm 0
050221 LEAD S1: 2 append success next 1 match 0
050222 INFO S0: (term 4) follower 收到 [1] AppendEntries [], prevIndex 0, prevTerm 0
050223 LEAD S1: 0 append success next 1 match 0
051225 LEAD S1: prevLog &raft.Entry{Command:interface {}(nil), Term:0, Index:0}
051225 LEAD S1: prevLog &raft.Entry{Command:interface {}(nil), Term:0, Index:0}
051226 INFO S2: (term 4) follower 收到 [1] AppendEntries [], prevIndex 0, prevTerm 0
051226 LEAD S1: 2 append success next 1 match 0
051227 INFO S0: (term 4) follower 收到 [1] AppendEntries [], prevIndex 0, prevTerm 0
051227 LEAD S1: 0 append success next 1 match 0
052229 LEAD S1: prevLog &raft.Entry{Command:interface {}(nil), Term:0, Index:0}
052229 LEAD S1: prevLog &raft.Entry{Command:interface {}(nil), Term:0, Index:0}
052230 INFO S2: (term 4) follower 收到 [1] AppendEntries [], prevIndex 0, prevTerm 0
052230 INFO S0: (term 4) follower 收到 [1] AppendEntries [], prevIndex 0, prevTerm 0
052231 LEAD S1: 2 append success next 1 match 0
052231 LEAD S1: 0 append success next 1 match 0
053233 LEAD S1: prevLog &raft.Entry{Command:interface {}(nil), Term:0, Index:0}
053233 LEAD S1: prevLog &raft.Entry{Command:interface {}(nil), Term:0, Index:0}
053234 INFO S2: (term 4) follower 收到 [1] AppendEntries [], prevIndex 0, prevTerm 0
053234 LEAD S1: 2 append success next 1 match 0
053234 INFO S0: (term 4) follower 收到 [1] AppendEntries [], prevIndex 0, prevTerm 0
053235 LEAD S1: 0 append success next 1 match 0
054237 LEAD S1: prevLog &raft.Entry{Command:interface {}(nil), Term:0, Index:0}
054238 LEAD S1: prevLog &raft.Entry{Command:interface {}(nil), Term:0, Index:0}
054241 INFO S2: (term 4) follower 收到 [1] AppendEntries [], prevIndex 0, prevTerm 0
054242 INFO S0: (term 4) follower 收到 [1] AppendEntries [], prevIndex 0, prevTerm 0
054243 LEAD S1: 2 append success next 1 match 0
054244 LEAD S1: 0 append success next 1 match 0
055242 LEAD S1: prevLog &raft.Entry{Command:interface {}(nil), Term:0, Index:0}
055242 LEAD S1: prevLog &raft.Entry{Command:interface {}(nil), Term:0, Index:0}
055242 INFO S2: (term 4) follower 收到 [1] AppendEntries [], prevIndex 0, prevTerm 0
055243 LEAD S1: 2 append success next 1 match 0
055243 INFO S0: (term 4) follower 收到 [1] AppendEntries [], prevIndex 0, prevTerm 0
055244 LEAD S1: 0 append success next 1 match 0
056246 LEAD S1: prevLog &raft.Entry{Command:interface {}(nil), Term:0, Index:0}
056246 LEAD S1: prevLog &raft.Entry{Command:interface {}(nil), Term:0, Index:0}
056247 INFO S2: (term 4) follower 收到 [1] AppendEntries [], prevIndex 0, prevTerm 0
056247 LEAD S1: 2 append success next 1 match 0
056247 INFO S0: (term 4) follower 收到 [1] AppendEntries [], prevIndex 0, prevTerm 0
056248 LEAD S1: 0 append success next 1 match 0
057249 LEAD S1: prevLog &raft.Entry{Command:interface {}(nil), Term:0, Index:0}
057249 LEAD S1: prevLog &raft.Entry{Command:interface {}(nil), Term:0, Index:0}
057250 INFO S2: (term 4) follower 收到 [1] AppendEntries [], prevIndex 0, prevTerm 0
057250 LEAD S1: 2 append success next 1 match 0
057251 INFO S0: (term 4) follower 收到 [1] AppendEntries [], prevIndex 0, prevTerm 0
057251 LEAD S1: 0 append success next 1 match 0
058253 LEAD S1: prevLog &raft.Entry{Command:interface {}(nil), Term:0, Index:0}
058253 LEAD S1: prevLog &raft.Entry{Command:interface {}(nil), Term:0, Index:0}
058254 INFO S2: (term 4) follower 收到 [1] AppendEntries [], prevIndex 0, prevTerm 0
058254 LEAD S1: 2 append success next 1 match 0
058254 INFO S0: (term 4) follower 收到 [1] AppendEntries [], prevIndex 0, prevTerm 0
058255 LEAD S1: 0 append success next 1 match 0
059262 LEAD S1: prevLog &raft.Entry{Command:interface {}(nil), Term:0, Index:0}
059262 LEAD S1: prevLog &raft.Entry{Command:interface {}(nil), Term:0, Index:0}
059263 INFO S2: (term 4) follower 收到 [1] AppendEntries [], prevIndex 0, prevTerm 0
059264 LEAD S1: 2 append success next 1 match 0
059264 INFO S0: (term 4) follower 收到 [1] AppendEntries [], prevIndex 0, prevTerm 0
059264 LEAD S1: 0 append success next 1 match 0
060266 LEAD S1: prevLog &raft.Entry{Command:interface {}(nil), Term:0, Index:0}
060266 LEAD S1: prevLog &raft.Entry{Command:interface {}(nil), Term:0, Index:0}
060267 INFO S2: (term 4) follower 收到 [1] AppendEntries [], prevIndex 0, prevTerm 0
060267 LEAD S1: 2 append success next 1 match 0
060268 INFO S0: (term 4) follower 收到 [1] AppendEntries [], prevIndex 0, prevTerm 0
060268 LEAD S1: 0 append success next 1 match 0
061270 LEAD S1: prevLog &raft.Entry{Command:interface {}(nil), Term:0, Index:0}
061270 LEAD S1: prevLog &raft.Entry{Command:interface {}(nil), Term:0, Index:0}
061271 INFO S2: (term 4) follower 收到 [1] AppendEntries [], prevIndex 0, prevTerm 0
061272 INFO S0: (term 4) follower 收到 [1] AppendEntries [], prevIndex 0, prevTerm 0
061272 LEAD S1: 2 append success next 1 match 0
061273 LEAD S1: 0 append success next 1 match 0
062275 LEAD S1: prevLog &raft.Entry{Command:interface {}(nil), Term:0, Index:0}
062275 LEAD S1: prevLog &raft.Entry{Command:interface {}(nil), Term:0, Index:0}
062276 INFO S2: (term 4) follower 收到 [1] AppendEntries [], prevIndex 0, prevTerm 0
062276 LEAD S1: 2 append success next 1 match 0
062276 INFO S0: (term 4) follower 收到 [1] AppendEntries [], prevIndex 0, prevTerm 0
062277 LEAD S1: 0 append success next 1 match 0
063280 LEAD S1: prevLog &raft.Entry{Command:interface {}(nil), Term:0, Index:0}
063280 LEAD S1: prevLog &raft.Entry{Command:interface {}(nil), Term:0, Index:0}
063281 INFO S2: (term 4) follower 收到 [1] AppendEntries [], prevIndex 0, prevTerm 0
063281 LEAD S1: 2 append success next 1 match 0
063282 INFO S0: (term 4) follower 收到 [1] AppendEntries [], prevIndex 0, prevTerm 0
063282 LEAD S1: 0 append success next 1 match 0
064283 LEAD S1: prevLog &raft.Entry{Command:interface {}(nil), Term:0, Index:0}
064283 LEAD S1: prevLog &raft.Entry{Command:interface {}(nil), Term:0, Index:0}
064284 INFO S2: (term 4) follower 收到 [1] AppendEntries [], prevIndex 0, prevTerm 0
064284 INFO S0: (term 4) follower 收到 [1] AppendEntries [], prevIndex 0, prevTerm 0
064284 LEAD S1: 2 append success next 1 match 0
064285 LEAD S1: 0 append success next 1 match 0
065287 LEAD S1: prevLog &raft.Entry{Command:interface {}(nil), Term:0, Index:0}
065287 LEAD S1: prevLog &raft.Entry{Command:interface {}(nil), Term:0, Index:0}
065288 INFO S2: (term 4) follower 收到 [1] AppendEntries [], prevIndex 0, prevTerm 0
065289 LEAD S1: 2 append success next 1 match 0
065289 INFO S0: (term 4) follower 收到 [1] AppendEntries [], prevIndex 0, prevTerm 0
065289 LEAD S1: 0 append success next 1 match 0
066290 LEAD S1: prevLog &raft.Entry{Command:interface {}(nil), Term:0, Index:0}
066291 LEAD S1: prevLog &raft.Entry{Command:interface {}(nil), Term:0, Index:0}
066292 INFO S2: (term 4) follower 收到 [1] AppendEntries [], prevIndex 0, prevTerm 0
066292 LEAD S1: 2 append success next 1 match 0
066292 INFO S0: (term 4) follower 收到 [1] AppendEntries [], prevIndex 0, prevTerm 0
066293 LEAD S1: 0 append success next 1 match 0
067293 LEAD S1: prevLog &raft.Entry{Command:interface {}(nil), Term:0, Index:0}
067293 LEAD S1: prevLog &raft.Entry{Command:interface {}(nil), Term:0, Index:0}
067294 INFO S2: (term 4) follower 收到 [1] AppendEntries [], prevIndex 0, prevTerm 0
067295 LEAD S1: 2 append success next 1 match 0
067295 INFO S0: (term 4) follower 收到 [1] AppendEntries [], prevIndex 0, prevTerm 0
067295 LEAD S1: 0 append success next 1 match 0
068297 LEAD S1: prevLog &raft.Entry{Command:interface {}(nil), Term:0, Index:0}
068297 LEAD S1: prevLog &raft.Entry{Command:interface {}(nil), Term:0, Index:0}
068298 INFO S0: (term 4) follower 收到 [1] AppendEntries [], prevIndex 0, prevTerm 0
068298 INFO S2: (term 4) follower 收到 [1] AppendEntries [], prevIndex 0, prevTerm 0
068298 LEAD S1: 0 append success next 1 match 0
068298 LEAD S1: 2 append success next 1 match 0
069304 LEAD S1: prevLog &raft.Entry{Command:interface {}(nil), Term:0, Index:0}
069304 LEAD S1: prevLog &raft.Entry{Command:interface {}(nil), Term:0, Index:0}
069317 INFO S0: (term 4) follower 收到 [1] AppendEntries [], prevIndex 0, prevTerm 0
069324 INFO S2: (term 4) follower 收到 [1] AppendEntries [], prevIndex 0, prevTerm 0
069325 LEAD S1: 0 append success next 1 match 0
069325 LEAD S1: 2 append success next 1 match 0
070320 LEAD S1: prevLog &raft.Entry{Command:interface {}(nil), Term:0, Index:0}
070321 LEAD S1: prevLog &raft.Entry{Command:interface {}(nil), Term:0, Index:0}
070323 INFO S2: (term 4) follower 收到 [1] AppendEntries [], prevIndex 0, prevTerm 0
070324 LEAD S1: 2 append success next 1 match 0
070325 INFO S0: (term 4) follower 收到 [1] AppendEntries [], prevIndex 0, prevTerm 0
070327 LEAD S1: 0 append success next 1 match 0
071328 LEAD S1: prevLog &raft.Entry{Command:interface {}(nil), Term:0, Index:0}
071329 LEAD S1: prevLog &raft.Entry{Command:interface {}(nil), Term:0, Index:0}
071331 INFO S2: (term 4) follower 收到 [1] AppendEntries [], prevIndex 0, prevTerm 0
071333 INFO S0: (term 4) follower 收到 [1] AppendEntries [], prevIndex 0, prevTerm 0
071333 LEAD S1: 2 append success next 1 match 0
071335 LEAD S1: 0 append success next 1 match 0
072335 LEAD S1: prevLog &raft.Entry{Command:interface {}(nil), Term:0, Index:0}
072336 LEAD S1: prevLog &raft.Entry{Command:interface {}(nil), Term:0, Index:0}
072339 INFO S2: (term 4) follower 收到 [1] AppendEntries [], prevIndex 0, prevTerm 0
072341 LEAD S1: 2 append success next 1 match 0
072342 INFO S0: (term 4) follower 收到 [1] AppendEntries [], prevIndex 0, prevTerm 0
072345 LEAD S1: 0 append success next 1 match 0
073341 LEAD S1: prevLog &raft.Entry{Command:interface {}(nil), Term:0, Index:0}
073342 LEAD S1: prevLog &raft.Entry{Command:interface {}(nil), Term:0, Index:0}
073344 INFO S2: (term 4) follower 收到 [1] AppendEntries [], prevIndex 0, prevTerm 0
073344 INFO S0: (term 4) follower 收到 [1] AppendEntries [], prevIndex 0, prevTerm 0
073345 LEAD S1: 2 append success next 1 match 0
073345 LEAD S1: 0 append success next 1 match 0
074346 LEAD S1: prevLog &raft.Entry{Command:interface {}(nil), Term:0, Index:0}
074347 LEAD S1: prevLog &raft.Entry{Command:interface {}(nil), Term:0, Index:0}
074349 INFO S2: (term 4) follower 收到 [1] AppendEntries [], prevIndex 0, prevTerm 0
074349 LEAD S1: 2 append success next 1 match 0
074350 INFO S0: (term 4) follower 收到 [1] AppendEntries [], prevIndex 0, prevTerm 0
074351 LEAD S1: 0 append success next 1 match 0
075350 LEAD S1: prevLog &raft.Entry{Command:interface {}(nil), Term:0, Index:0}
075351 LEAD S1: prevLog &raft.Entry{Command:interface {}(nil), Term:0, Index:0}
075352 INFO S2: (term 4) follower 收到 [1] AppendEntries [], prevIndex 0, prevTerm 0
075352 LEAD S1: 2 append success next 1 match 0
075353 INFO S0: (term 4) follower 收到 [1] AppendEntries [], prevIndex 0, prevTerm 0
075354 LEAD S1: 0 append success next 1 match 0
076354 LEAD S1: prevLog &raft.Entry{Command:interface {}(nil), Term:0, Index:0}
076354 LEAD S1: prevLog &raft.Entry{Command:interface {}(nil), Term:0, Index:0}
076355 INFO S2: (term 4) follower 收到 [1] AppendEntries [], prevIndex 0, prevTerm 0
076355 LEAD S1: 2 append success next 1 match 0
076356 INFO S0: (term 4) follower 收到 [1] AppendEntries [], prevIndex 0, prevTerm 0
076356 LEAD S1: 0 append success next 1 match 0
077358 LEAD S1: prevLog &raft.Entry{Command:interface {}(nil), Term:0, Index:0}
077358 LEAD S1: prevLog &raft.Entry{Command:interface {}(nil), Term:0, Index:0}
077358 INFO S2: (term 4) follower 收到 [1] AppendEntries [], prevIndex 0, prevTerm 0
077359 LEAD S1: 2 append success next 1 match 0
077359 INFO S0: (term 4) follower 收到 [1] AppendEntries [], prevIndex 0, prevTerm 0
077360 LEAD S1: 0 append success next 1 match 0
078361 LEAD S1: prevLog &raft.Entry{Command:interface {}(nil), Term:0, Index:0}
078361 LEAD S1: prevLog &raft.Entry{Command:interface {}(nil), Term:0, Index:0}
078362 INFO S2: (term 4) follower 收到 [1] AppendEntries [], prevIndex 0, prevTerm 0
078362 LEAD S1: 2 append success next 1 match 0
078362 INFO S0: (term 4) follower 收到 [1] AppendEntries [], prevIndex 0, prevTerm 0
078363 LEAD S1: 0 append success next 1 match 0
079364 LEAD S1: prevLog &raft.Entry{Command:interface {}(nil), Term:0, Index:0}
079364 LEAD S1: prevLog &raft.Entry{Command:interface {}(nil), Term:0, Index:0}
079365 INFO S2: (term 4) follower 收到 [1] AppendEntries [], prevIndex 0, prevTerm 0
079365 LEAD S1: 2 append success next 1 match 0
079365 INFO S0: (term 4) follower 收到 [1] AppendEntries [], prevIndex 0, prevTerm 0
079366 LEAD S1: 0 append success next 1 match 0
080368 LEAD S1: prevLog &raft.Entry{Command:interface {}(nil), Term:0, Index:0}
080368 LEAD S1: prevLog &raft.Entry{Command:interface {}(nil), Term:0, Index:0}
080368 INFO S2: (term 4) follower 收到 [1] AppendEntries [], prevIndex 0, prevTerm 0
080369 LEAD S1: 2 append success next 1 match 0
080369 INFO S0: (term 4) follower 收到 [1] AppendEntries [], prevIndex 0, prevTerm 0
080369 LEAD S1: 0 append success next 1 match 0
081373 LEAD S1: prevLog &raft.Entry{Command:interface {}(nil), Term:0, Index:0}
081373 LEAD S1: prevLog &raft.Entry{Command:interface {}(nil), Term:0, Index:0}
081374 INFO S2: (term 4) follower 收到 [1] AppendEntries [], prevIndex 0, prevTerm 0
081375 LEAD S1: 2 append success next 1 match 0
081375 INFO S0: (term 4) follower 收到 [1] AppendEntries [], prevIndex 0, prevTerm 0
081375 LEAD S1: 0 append success next 1 match 0
082379 LEAD S1: prevLog &raft.Entry{Command:interface {}(nil), Term:0, Index:0}
082380 LEAD S1: prevLog &raft.Entry{Command:interface {}(nil), Term:0, Index:0}
082382 INFO S2: (term 4) follower 收到 [1] AppendEntries [], prevIndex 0, prevTerm 0
082383 INFO S0: (term 4) follower 收到 [1] AppendEntries [], prevIndex 0, prevTerm 0
082384 LEAD S1: 2 append success next 1 match 0
082385 LEAD S1: 0 append success next 1 match 0
083385 LEAD S1: prevLog &raft.Entry{Command:interface {}(nil), Term:0, Index:0}
083385 LEAD S1: prevLog &raft.Entry{Command:interface {}(nil), Term:0, Index:0}
083386 INFO S2: (term 4) follower 收到 [1] AppendEntries [], prevIndex 0, prevTerm 0
083386 LEAD S1: 2 append success next 1 match 0
083387 INFO S0: (term 4) follower 收到 [1] AppendEntries [], prevIndex 0, prevTerm 0
083388 LEAD S1: 0 append success next 1 match 0
084390 LEAD S1: prevLog &raft.Entry{Command:interface {}(nil), Term:0, Index:0}
084391 LEAD S1: prevLog &raft.Entry{Command:interface {}(nil), Term:0, Index:0}
084395 INFO S2: (term 4) follower 收到 [1] AppendEntries [], prevIndex 0, prevTerm 0
084396 INFO S0: (term 4) follower 收到 [1] AppendEntries [], prevIndex 0, prevTerm 0
084396 LEAD S1: 2 append success next 1 match 0
084398 LEAD S1: 0 append success next 1 match 0
085394 LEAD S1: prevLog &raft.Entry{Command:interface {}(nil), Term:0, Index:0}
085394 LEAD S1: prevLog &raft.Entry{Command:interface {}(nil), Term:0, Index:0}
085395 INFO S2: (term 4) follower 收到 [1] AppendEntries [], prevIndex 0, prevTerm 0
085395 LEAD S1: 2 append success next 1 match 0
085395 INFO S0: (term 4) follower 收到 [1] AppendEntries [], prevIndex 0, prevTerm 0
085396 LEAD S1: 0 append success next 1 match 0
086398 LEAD S1: prevLog &raft.Entry{Command:interface {}(nil), Term:0, Index:0}
086398 LEAD S1: prevLog &raft.Entry{Command:interface {}(nil), Term:0, Index:0}
086399 INFO S2: (term 4) follower 收到 [1] AppendEntries [], prevIndex 0, prevTerm 0
086400 LEAD S1: 2 append success next 1 match 0
086400 INFO S0: (term 4) follower 收到 [1] AppendEntries [], prevIndex 0, prevTerm 0
086400 LEAD S1: 0 append success next 1 match 0
087402 LEAD S1: prevLog &raft.Entry{Command:interface {}(nil), Term:0, Index:0}
087402 LEAD S1: prevLog &raft.Entry{Command:interface {}(nil), Term:0, Index:0}
087403 INFO S2: (term 4) follower 收到 [1] AppendEntries [], prevIndex 0, prevTerm 0
087403 LEAD S1: 2 append success next 1 match 0
087404 INFO S0: (term 4) follower 收到 [1] AppendEntries [], prevIndex 0, prevTerm 0
087404 LEAD S1: 0 append success next 1 match 0
088405 LEAD S1: prevLog &raft.Entry{Command:interface {}(nil), Term:0, Index:0}
088406 LEAD S1: prevLog &raft.Entry{Command:interface {}(nil), Term:0, Index:0}
088407 INFO S2: (term 4) follower 收到 [1] AppendEntries [], prevIndex 0, prevTerm 0
088407 LEAD S1: 2 append success next 1 match 0
088407 INFO S0: (term 4) follower 收到 [1] AppendEntries [], prevIndex 0, prevTerm 0
088408 LEAD S1: 0 append success next 1 match 0
089409 LEAD S1: prevLog &raft.Entry{Command:interface {}(nil), Term:0, Index:0}
089409 LEAD S1: prevLog &raft.Entry{Command:interface {}(nil), Term:0, Index:0}
089410 INFO S2: (term 4) follower 收到 [1] AppendEntries [], prevIndex 0, prevTerm 0
089411 LEAD S1: 2 append success next 1 match 0
089411 INFO S0: (term 4) follower 收到 [1] AppendEntries [], prevIndex 0, prevTerm 0
089411 LEAD S1: 0 append success next 1 match 0
090414 LEAD S1: prevLog &raft.Entry{Command:interface {}(nil), Term:0, Index:0}
090415 LEAD S1: prevLog &raft.Entry{Command:interface {}(nil), Term:0, Index:0}
090418 INFO S2: (term 4) follower 收到 [1] AppendEntries [], prevIndex 0, prevTerm 0
090419 INFO S0: (term 4) follower 收到 [1] AppendEntries [], prevIndex 0, prevTerm 0
090420 LEAD S1: 2 append success next 1 match 0
090421 LEAD S1: 0 append success next 1 match 0
091419 LEAD S1: prevLog &raft.Entry{Command:interface {}(nil), Term:0, Index:0}
091419 LEAD S1: prevLog &raft.Entry{Command:interface {}(nil), Term:0, Index:0}
091420 INFO S2: (term 4) follower 收到 [1] AppendEntries [], prevIndex 0, prevTerm 0
091420 LEAD S1: 2 append success next 1 match 0
091420 INFO S0: (term 4) follower 收到 [1] AppendEntries [], prevIndex 0, prevTerm 0
091421 LEAD S1: 0 append success next 1 match 0
092422 LEAD S1: prevLog &raft.Entry{Command:interface {}(nil), Term:0, Index:0}
092423 LEAD S1: prevLog &raft.Entry{Command:interface {}(nil), Term:0, Index:0}
092424 INFO S2: (term 4) follower 收到 [1] AppendEntries [], prevIndex 0, prevTerm 0
092424 LEAD S1: 2 append success next 1 match 0
092424 INFO S0: (term 4) follower 收到 [1] AppendEntries [], prevIndex 0, prevTerm 0
092424 LEAD S1: 0 append success next 1 match 0
093426 LEAD S1: prevLog &raft.Entry{Command:interface {}(nil), Term:0, Index:0}
093426 LEAD S1: prevLog &raft.Entry{Command:interface {}(nil), Term:0, Index:0}
093427 INFO S2: (term 4) follower 收到 [1] AppendEntries [], prevIndex 0, prevTerm 0
093428 LEAD S1: 2 append success next 1 match 0
093428 INFO S0: (term 4) follower 收到 [1] AppendEntries [], prevIndex 0, prevTerm 0
093428 LEAD S1: 0 append success next 1 match 0
094430 LEAD S1: prevLog &raft.Entry{Command:interface {}(nil), Term:0, Index:0}
094430 LEAD S1: prevLog &raft.Entry{Command:interface {}(nil), Term:0, Index:0}
094431 INFO S2: (term 4) follower 收到 [1] AppendEntries [], prevIndex 0, prevTerm 0
094431 LEAD S1: 2 append success next 1 match 0
094431 INFO S0: (term 4) follower 收到 [1] AppendEntries [], prevIndex 0, prevTerm 0
094432 LEAD S1: 0 append success next 1 match 0
095431 LEAD S1: prevLog &raft.Entry{Command:interface {}(nil), Term:0, Index:0}
095432 LEAD S1: prevLog &raft.Entry{Command:interface {}(nil), Term:0, Index:0}
095436 INFO S0: (term 4) follower 收到 [1] AppendEntries [], prevIndex 0, prevTerm 0
095437 INFO S2: (term 4) follower 收到 [1] AppendEntries [], prevIndex 0, prevTerm 0
095439 LEAD S1: 2 append success next 1 match 0
095439 LEAD S1: 0 append success next 1 match 0
096437 LEAD S1: prevLog &raft.Entry{Command:interface {}(nil), Term:0, Index:0}
096437 LEAD S1: prevLog &raft.Entry{Command:interface {}(nil), Term:0, Index:0}
096439 INFO S0: (term 4) follower 收到 [1] AppendEntries [], prevIndex 0, prevTerm 0
096439 INFO S2: (term 4) follower 收到 [1] AppendEntries [], prevIndex 0, prevTerm 0
096440 LEAD S1: 0 append success next 1 match 0
096440 LEAD S1: 2 append success next 1 match 0
097447 LEAD S1: prevLog &raft.Entry{Command:interface {}(nil), Term:0, Index:0}
097448 LEAD S1: prevLog &raft.Entry{Command:interface {}(nil), Term:0, Index:0}
097451 INFO S2: (term 4) follower 收到 [1] AppendEntries [], prevIndex 0, prevTerm 0
097453 INFO S0: (term 4) follower 收到 [1] AppendEntries [], prevIndex 0, prevTerm 0
097454 LEAD S1: 2 append success next 1 match 0
097455 LEAD S1: 0 append success next 1 match 0
098455 LEAD S1: prevLog &raft.Entry{Command:interface {}(nil), Term:0, Index:0}
098457 LEAD S1: prevLog &raft.Entry{Command:interface {}(nil), Term:0, Index:0}
098460 INFO S2: (term 4) follower 收到 [1] AppendEntries [], prevIndex 0, prevTerm 0
098461 INFO S0: (term 4) follower 收到 [1] AppendEntries [], prevIndex 0, prevTerm 0
098462 LEAD S1: 2 append success next 1 match 0
098462 LEAD S1: 0 append success next 1 match 0
099459 LEAD S1: prevLog &raft.Entry{Command:interface {}(nil), Term:0, Index:0}
099459 LEAD S1: prevLog &raft.Entry{Command:interface {}(nil), Term:0, Index:0}
099462 INFO S2: (term 4) follower 收到 [1] AppendEntries [], prevIndex 0, prevTerm 0
099462 INFO S0: (term 4) follower 收到 [1] AppendEntries [], prevIndex 0, prevTerm 0
099463 LEAD S1: 0 append success next 1 match 0
099463 LEAD S1: 2 append success next 1 match 0
100464 LEAD S1: prevLog &raft.Entry{Command:interface {}(nil), Term:0, Index:0}
--- FAIL: TestPersist12C (10.05s)
    config.go:609: one(11) failed to reach agreement
100464 LEAD S1: prevLog &raft.Entry{Command:interface {}(nil), Term:0, Index:0}
FAIL
exit status 1
FAIL	6.824/raft	10.047s
