Test (2C): basic persistence ...
002015 INFO S1: start leader election, term 1
002015 VOTE S1: term 1 send vote request to 2
002015 VOTE S1: term 1 send vote request to 0
002016 TERM S0: set new term 1
002017 TERM S2: set new term 1
002017 VOTE S2: term 1 vote 1
002017 VOTE S1: reply from 2, term一致，且投给1
002017 LEAD S1: come to power, start to send heartbeat
002017 VOTE S0: term 1 vote 1
002017 LEAD S1: prevLog &raft.Entry{Command:interface {}(nil), Term:0, Index:0}
002018 LEAD S1: prevLog &raft.Entry{Command:interface {}(nil), Term:0, Index:0}
002018 VOTE S1: reply from 0, term一致，且投给1
002018 INFO S2: (term 1) follower 收到 [1] AppendEntries [], prevIndex 0, prevTerm 0
002019 LEAD S1: 2 append success next 1 match 0
002019 INFO S0: (term 1) follower 收到 [1] AppendEntries [], prevIndex 0, prevTerm 0
002019 LEAD S1: 0 append success next 1 match 0
003017 LEAD S1: prevLog &raft.Entry{Command:interface {}(nil), Term:0, Index:0}
003018 LEAD S1: prevLog &raft.Entry{Command:interface {}(nil), Term:0, Index:0}
003019 INFO S2: (term 1) follower 收到 [1] AppendEntries [], prevIndex 0, prevTerm 0
003019 LEAD S1: 2 append success next 1 match 0
003019 INFO S0: (term 1) follower 收到 [1] AppendEntries [], prevIndex 0, prevTerm 0
003019 LEAD S1: 0 append success next 1 match 0
004023 LEAD S1: prevLog &raft.Entry{Command:interface {}(nil), Term:0, Index:0}
004023 LEAD S1: prevLog &raft.Entry{Command:interface {}(nil), Term:0, Index:0}
004024 INFO S0: (term 1) follower 收到 [1] AppendEntries [], prevIndex 0, prevTerm 0
004024 LEAD S1: 0 append success next 1 match 0
004025 INFO S2: (term 1) follower 收到 [1] AppendEntries [], prevIndex 0, prevTerm 0
004025 LEAD S1: 2 append success next 1 match 0
005026 LEAD S1: prevLog &raft.Entry{Command:interface {}(nil), Term:0, Index:0}
005026 LEAD S1: prevLog &raft.Entry{Command:interface {}(nil), Term:0, Index:0}
005026 INFO S2: (term 1) follower 收到 [1] AppendEntries [], prevIndex 0, prevTerm 0
005027 LEAD S1: 2 append success next 1 match 0
005027 INFO S0: (term 1) follower 收到 [1] AppendEntries [], prevIndex 0, prevTerm 0
005027 LEAD S1: 0 append success next 1 match 0
006029 LEAD S1: prevLog &raft.Entry{Command:interface {}(nil), Term:0, Index:0}
006029 LEAD S1: prevLog &raft.Entry{Command:interface {}(nil), Term:0, Index:0}
006030 INFO S2: (term 1) follower 收到 [1] AppendEntries [], prevIndex 0, prevTerm 0
006030 LEAD S1: 2 append success next 1 match 0
006030 INFO S0: (term 1) follower 收到 [1] AppendEntries [], prevIndex 0, prevTerm 0
006031 LEAD S1: 0 append success next 1 match 0
007040 LEAD S1: prevLog &raft.Entry{Command:interface {}(nil), Term:0, Index:0}
007041 LEAD S1: prevLog &raft.Entry{Command:interface {}(nil), Term:0, Index:0}
007044 INFO S2: (term 1) follower 收到 [1] AppendEntries [], prevIndex 0, prevTerm 0
007045 LEAD S1: 2 append success next 1 match 0
007051 INFO S0: (term 1) follower 收到 [1] AppendEntries [], prevIndex 0, prevTerm 0
007054 LEAD S1: 0 append success next 1 match 0
008043 LEAD S1: prevLog &raft.Entry{Command:interface {}(nil), Term:0, Index:0}
008043 LEAD S1: prevLog &raft.Entry{Command:interface {}(nil), Term:0, Index:0}
008043 INFO S2: (term 1) follower 收到 [1] AppendEntries [], prevIndex 0, prevTerm 0
008044 LEAD S1: 2 append success next 1 match 0
008044 INFO S0: (term 1) follower 收到 [1] AppendEntries [], prevIndex 0, prevTerm 0
008044 LEAD S1: 0 append success next 1 match 0
009047 LEAD S1: prevLog &raft.Entry{Command:interface {}(nil), Term:0, Index:0}
009047 LEAD S1: prevLog &raft.Entry{Command:interface {}(nil), Term:0, Index:0}
009048 INFO S2: (term 1) follower 收到 [1] AppendEntries [], prevIndex 0, prevTerm 0
009048 LEAD S1: 2 append success next 1 match 0
009048 INFO S0: (term 1) follower 收到 [1] AppendEntries [], prevIndex 0, prevTerm 0
009049 LEAD S1: 0 append success next 1 match 0
010050 LEAD S1: prevLog &raft.Entry{Command:interface {}(nil), Term:0, Index:0}
010051 LEAD S1: prevLog &raft.Entry{Command:interface {}(nil), Term:0, Index:0}
010052 INFO S0: (term 1) follower 收到 [1] AppendEntries [], prevIndex 0, prevTerm 0
010052 LEAD S1: 0 append success next 1 match 0
010052 INFO S2: (term 1) follower 收到 [1] AppendEntries [], prevIndex 0, prevTerm 0
010053 LEAD S1: 2 append success next 1 match 0
011053 LEAD S1: prevLog &raft.Entry{Command:interface {}(nil), Term:0, Index:0}
011054 LEAD S1: prevLog &raft.Entry{Command:interface {}(nil), Term:0, Index:0}
011054 INFO S2: (term 1) follower 收到 [1] AppendEntries [], prevIndex 0, prevTerm 0
011055 LEAD S1: 2 append success next 1 match 0
011055 INFO S0: (term 1) follower 收到 [1] AppendEntries [], prevIndex 0, prevTerm 0
011055 LEAD S1: 0 append success next 1 match 0
012056 LEAD S1: prevLog &raft.Entry{Command:interface {}(nil), Term:0, Index:0}
012056 LEAD S1: prevLog &raft.Entry{Command:interface {}(nil), Term:0, Index:0}
012056 INFO S2: (term 1) follower 收到 [1] AppendEntries [], prevIndex 0, prevTerm 0
012057 LEAD S1: 2 append success next 1 match 0
012057 INFO S0: (term 1) follower 收到 [1] AppendEntries [], prevIndex 0, prevTerm 0
012057 LEAD S1: 0 append success next 1 match 0
013059 LEAD S1: prevLog &raft.Entry{Command:interface {}(nil), Term:0, Index:0}
013060 LEAD S1: prevLog &raft.Entry{Command:interface {}(nil), Term:0, Index:0}
013060 INFO S2: (term 1) follower 收到 [1] AppendEntries [], prevIndex 0, prevTerm 0
013060 INFO S0: (term 1) follower 收到 [1] AppendEntries [], prevIndex 0, prevTerm 0
013061 LEAD S1: 0 append success next 1 match 0
013061 LEAD S1: 2 append success next 1 match 0
014065 LEAD S1: prevLog &raft.Entry{Command:interface {}(nil), Term:0, Index:0}
014066 LEAD S1: prevLog &raft.Entry{Command:interface {}(nil), Term:0, Index:0}
014069 INFO S2: (term 1) follower 收到 [1] AppendEntries [], prevIndex 0, prevTerm 0
014070 INFO S0: (term 1) follower 收到 [1] AppendEntries [], prevIndex 0, prevTerm 0
014071 LEAD S1: 2 append success next 1 match 0
014072 LEAD S1: 0 append success next 1 match 0
015072 LEAD S1: prevLog &raft.Entry{Command:interface {}(nil), Term:0, Index:0}
015072 LEAD S1: prevLog &raft.Entry{Command:interface {}(nil), Term:0, Index:0}
015073 INFO S2: (term 1) follower 收到 [1] AppendEntries [], prevIndex 0, prevTerm 0
015073 LEAD S1: 2 append success next 1 match 0
015073 INFO S0: (term 1) follower 收到 [1] AppendEntries [], prevIndex 0, prevTerm 0
015074 LEAD S1: 0 append success next 1 match 0
016075 LEAD S1: prevLog &raft.Entry{Command:interface {}(nil), Term:0, Index:0}
016076 LEAD S1: prevLog &raft.Entry{Command:interface {}(nil), Term:0, Index:0}
016076 INFO S2: (term 1) follower 收到 [1] AppendEntries [], prevIndex 0, prevTerm 0
016077 LEAD S1: 2 append success next 1 match 0
016077 INFO S0: (term 1) follower 收到 [1] AppendEntries [], prevIndex 0, prevTerm 0
016077 LEAD S1: 0 append success next 1 match 0
017078 LEAD S1: prevLog &raft.Entry{Command:interface {}(nil), Term:0, Index:0}
017078 LEAD S1: prevLog &raft.Entry{Command:interface {}(nil), Term:0, Index:0}
017079 INFO S2: (term 1) follower 收到 [1] AppendEntries [], prevIndex 0, prevTerm 0
017079 LEAD S1: 2 append success next 1 match 0
017079 INFO S0: (term 1) follower 收到 [1] AppendEntries [], prevIndex 0, prevTerm 0
017080 LEAD S1: 0 append success next 1 match 0
018083 LEAD S1: prevLog &raft.Entry{Command:interface {}(nil), Term:0, Index:0}
018083 LEAD S1: prevLog &raft.Entry{Command:interface {}(nil), Term:0, Index:0}
018084 INFO S2: (term 1) follower 收到 [1] AppendEntries [], prevIndex 0, prevTerm 0
018084 LEAD S1: 2 append success next 1 match 0
018084 INFO S0: (term 1) follower 收到 [1] AppendEntries [], prevIndex 0, prevTerm 0
018085 LEAD S1: 0 append success next 1 match 0
019088 LEAD S1: prevLog &raft.Entry{Command:interface {}(nil), Term:0, Index:0}
019088 LEAD S1: prevLog &raft.Entry{Command:interface {}(nil), Term:0, Index:0}
019089 INFO S2: (term 1) follower 收到 [1] AppendEntries [], prevIndex 0, prevTerm 0
019089 LEAD S1: 2 append success next 1 match 0
019089 INFO S0: (term 1) follower 收到 [1] AppendEntries [], prevIndex 0, prevTerm 0
019090 LEAD S1: 0 append success next 1 match 0
020091 LEAD S1: prevLog &raft.Entry{Command:interface {}(nil), Term:0, Index:0}
020091 LEAD S1: prevLog &raft.Entry{Command:interface {}(nil), Term:0, Index:0}
020092 INFO S0: (term 1) follower 收到 [1] AppendEntries [], prevIndex 0, prevTerm 0
020093 INFO S2: (term 1) follower 收到 [1] AppendEntries [], prevIndex 0, prevTerm 0
020093 LEAD S1: 0 append success next 1 match 0
020093 LEAD S1: 2 append success next 1 match 0
021098 LEAD S1: prevLog &raft.Entry{Command:interface {}(nil), Term:0, Index:0}
021099 LEAD S1: prevLog &raft.Entry{Command:interface {}(nil), Term:0, Index:0}
021102 INFO S2: (term 1) follower 收到 [1] AppendEntries [], prevIndex 0, prevTerm 0
021102 INFO S0: (term 1) follower 收到 [1] AppendEntries [], prevIndex 0, prevTerm 0
021103 LEAD S1: 2 append success next 1 match 0
021105 LEAD S1: 0 append success next 1 match 0
022107 LEAD S1: prevLog &raft.Entry{Command:interface {}(nil), Term:0, Index:0}
022107 LEAD S1: prevLog &raft.Entry{Command:interface {}(nil), Term:0, Index:0}
022108 INFO S2: (term 1) follower 收到 [1] AppendEntries [], prevIndex 0, prevTerm 0
022108 INFO S0: (term 1) follower 收到 [1] AppendEntries [], prevIndex 0, prevTerm 0
022108 LEAD S1: 2 append success next 1 match 0
022108 LEAD S1: 0 append success next 1 match 0
023111 LEAD S1: prevLog &raft.Entry{Command:interface {}(nil), Term:0, Index:0}
023111 LEAD S1: prevLog &raft.Entry{Command:interface {}(nil), Term:0, Index:0}
023112 INFO S2: (term 1) follower 收到 [1] AppendEntries [], prevIndex 0, prevTerm 0
023112 LEAD S1: 2 append success next 1 match 0
023112 INFO S0: (term 1) follower 收到 [1] AppendEntries [], prevIndex 0, prevTerm 0
023112 LEAD S1: 0 append success next 1 match 0
024117 LEAD S1: prevLog &raft.Entry{Command:interface {}(nil), Term:0, Index:0}
024118 LEAD S1: prevLog &raft.Entry{Command:interface {}(nil), Term:0, Index:0}
024120 INFO S2: (term 1) follower 收到 [1] AppendEntries [], prevIndex 0, prevTerm 0
024122 LEAD S1: 2 append success next 1 match 0
024122 INFO S0: (term 1) follower 收到 [1] AppendEntries [], prevIndex 0, prevTerm 0
024124 LEAD S1: 0 append success next 1 match 0
025121 LEAD S1: prevLog &raft.Entry{Command:interface {}(nil), Term:0, Index:0}
025122 LEAD S1: prevLog &raft.Entry{Command:interface {}(nil), Term:0, Index:0}
025122 INFO S2: (term 1) follower 收到 [1] AppendEntries [], prevIndex 0, prevTerm 0
025123 LEAD S1: 2 append success next 1 match 0
025123 INFO S0: (term 1) follower 收到 [1] AppendEntries [], prevIndex 0, prevTerm 0
025123 LEAD S1: 0 append success next 1 match 0
026125 LEAD S1: prevLog &raft.Entry{Command:interface {}(nil), Term:0, Index:0}
026125 LEAD S1: prevLog &raft.Entry{Command:interface {}(nil), Term:0, Index:0}
026126 INFO S2: (term 1) follower 收到 [1] AppendEntries [], prevIndex 0, prevTerm 0
026126 LEAD S1: 2 append success next 1 match 0
026126 INFO S0: (term 1) follower 收到 [1] AppendEntries [], prevIndex 0, prevTerm 0
026127 LEAD S1: 0 append success next 1 match 0
027128 LEAD S1: prevLog &raft.Entry{Command:interface {}(nil), Term:0, Index:0}
027128 LEAD S1: prevLog &raft.Entry{Command:interface {}(nil), Term:0, Index:0}
027129 INFO S2: (term 1) follower 收到 [1] AppendEntries [], prevIndex 0, prevTerm 0
027129 LEAD S1: 2 append success next 1 match 0
027129 INFO S0: (term 1) follower 收到 [1] AppendEntries [], prevIndex 0, prevTerm 0
027129 LEAD S1: 0 append success next 1 match 0
028131 LEAD S1: prevLog &raft.Entry{Command:interface {}(nil), Term:0, Index:0}
028131 LEAD S1: prevLog &raft.Entry{Command:interface {}(nil), Term:0, Index:0}
028132 INFO S2: (term 1) follower 收到 [1] AppendEntries [], prevIndex 0, prevTerm 0
028132 INFO S0: (term 1) follower 收到 [1] AppendEntries [], prevIndex 0, prevTerm 0
028132 LEAD S1: 2 append success next 1 match 0
028133 LEAD S1: 0 append success next 1 match 0
029137 LEAD S1: prevLog &raft.Entry{Command:interface {}(nil), Term:0, Index:0}
029138 LEAD S1: prevLog &raft.Entry{Command:interface {}(nil), Term:0, Index:0}
029140 INFO S2: (term 1) follower 收到 [1] AppendEntries [], prevIndex 0, prevTerm 0
029142 INFO S0: (term 1) follower 收到 [1] AppendEntries [], prevIndex 0, prevTerm 0
029142 LEAD S1: 2 append success next 1 match 0
029143 LEAD S1: 0 append success next 1 match 0
030141 LEAD S1: prevLog &raft.Entry{Command:interface {}(nil), Term:0, Index:0}
030142 LEAD S1: prevLog &raft.Entry{Command:interface {}(nil), Term:0, Index:0}
030147 INFO S2: (term 1) follower 收到 [1] AppendEntries [], prevIndex 0, prevTerm 0
030148 LEAD S1: 2 append success next 1 match 0
030149 INFO S0: (term 1) follower 收到 [1] AppendEntries [], prevIndex 0, prevTerm 0
030150 LEAD S1: 0 append success next 1 match 0
031148 LEAD S1: prevLog &raft.Entry{Command:interface {}(nil), Term:0, Index:0}
031148 LEAD S1: prevLog &raft.Entry{Command:interface {}(nil), Term:0, Index:0}
031150 INFO S2: (term 1) follower 收到 [1] AppendEntries [], prevIndex 0, prevTerm 0
031150 INFO S0: (term 1) follower 收到 [1] AppendEntries [], prevIndex 0, prevTerm 0
031151 LEAD S1: 2 append success next 1 match 0
031151 LEAD S1: 0 append success next 1 match 0
032152 LEAD S1: prevLog &raft.Entry{Command:interface {}(nil), Term:0, Index:0}
032153 LEAD S1: prevLog &raft.Entry{Command:interface {}(nil), Term:0, Index:0}
032153 INFO S2: (term 1) follower 收到 [1] AppendEntries [], prevIndex 0, prevTerm 0
032154 INFO S0: (term 1) follower 收到 [1] AppendEntries [], prevIndex 0, prevTerm 0
032154 LEAD S1: 2 append success next 1 match 0
032154 LEAD S1: 0 append success next 1 match 0
033158 LEAD S1: prevLog &raft.Entry{Command:interface {}(nil), Term:0, Index:0}
033159 LEAD S1: prevLog &raft.Entry{Command:interface {}(nil), Term:0, Index:0}
033162 INFO S2: (term 1) follower 收到 [1] AppendEntries [], prevIndex 0, prevTerm 0
033163 LEAD S1: 2 append success next 1 match 0
033164 INFO S0: (term 1) follower 收到 [1] AppendEntries [], prevIndex 0, prevTerm 0
033166 LEAD S1: 0 append success next 1 match 0
034161 LEAD S1: prevLog &raft.Entry{Command:interface {}(nil), Term:0, Index:0}
034161 LEAD S1: prevLog &raft.Entry{Command:interface {}(nil), Term:0, Index:0}
034161 INFO S2: (term 1) follower 收到 [1] AppendEntries [], prevIndex 0, prevTerm 0
034162 LEAD S1: 2 append success next 1 match 0
034162 INFO S0: (term 1) follower 收到 [1] AppendEntries [], prevIndex 0, prevTerm 0
034162 LEAD S1: 0 append success next 1 match 0
035166 LEAD S1: prevLog &raft.Entry{Command:interface {}(nil), Term:0, Index:0}
035167 LEAD S1: prevLog &raft.Entry{Command:interface {}(nil), Term:0, Index:0}
035167 INFO S2: (term 1) follower 收到 [1] AppendEntries [], prevIndex 0, prevTerm 0
035168 LEAD S1: 2 append success next 1 match 0
035168 INFO S0: (term 1) follower 收到 [1] AppendEntries [], prevIndex 0, prevTerm 0
035168 LEAD S1: 0 append success next 1 match 0
036170 LEAD S1: prevLog &raft.Entry{Command:interface {}(nil), Term:0, Index:0}
036171 LEAD S1: prevLog &raft.Entry{Command:interface {}(nil), Term:0, Index:0}
036171 INFO S2: (term 1) follower 收到 [1] AppendEntries [], prevIndex 0, prevTerm 0
036172 LEAD S1: 2 append success next 1 match 0
036172 INFO S0: (term 1) follower 收到 [1] AppendEntries [], prevIndex 0, prevTerm 0
036172 LEAD S1: 0 append success next 1 match 0
037176 LEAD S1: prevLog &raft.Entry{Command:interface {}(nil), Term:0, Index:0}
037176 LEAD S1: prevLog &raft.Entry{Command:interface {}(nil), Term:0, Index:0}
037177 INFO S2: (term 1) follower 收到 [1] AppendEntries [], prevIndex 0, prevTerm 0
037177 LEAD S1: 2 append success next 1 match 0
037177 INFO S0: (term 1) follower 收到 [1] AppendEntries [], prevIndex 0, prevTerm 0
037178 LEAD S1: 0 append success next 1 match 0
038179 LEAD S1: prevLog &raft.Entry{Command:interface {}(nil), Term:0, Index:0}
038180 LEAD S1: prevLog &raft.Entry{Command:interface {}(nil), Term:0, Index:0}
038180 INFO S2: (term 1) follower 收到 [1] AppendEntries [], prevIndex 0, prevTerm 0
038181 LEAD S1: 2 append success next 1 match 0
038182 INFO S0: (term 1) follower 收到 [1] AppendEntries [], prevIndex 0, prevTerm 0
038182 LEAD S1: 0 append success next 1 match 0
039186 LEAD S1: prevLog &raft.Entry{Command:interface {}(nil), Term:0, Index:0}
039187 LEAD S1: prevLog &raft.Entry{Command:interface {}(nil), Term:0, Index:0}
039190 INFO S2: (term 1) follower 收到 [1] AppendEntries [], prevIndex 0, prevTerm 0
039191 LEAD S1: 2 append success next 1 match 0
039192 INFO S0: (term 1) follower 收到 [1] AppendEntries [], prevIndex 0, prevTerm 0
039195 LEAD S1: 0 append success next 1 match 0
040195 LEAD S1: prevLog &raft.Entry{Command:interface {}(nil), Term:0, Index:0}
040195 LEAD S1: prevLog &raft.Entry{Command:interface {}(nil), Term:0, Index:0}
040196 INFO S2: (term 1) follower 收到 [1] AppendEntries [], prevIndex 0, prevTerm 0
040197 LEAD S1: 2 append success next 1 match 0
040197 INFO S0: (term 1) follower 收到 [1] AppendEntries [], prevIndex 0, prevTerm 0
040198 LEAD S1: 0 append success next 1 match 0
041198 LEAD S1: prevLog &raft.Entry{Command:interface {}(nil), Term:0, Index:0}
041199 LEAD S1: prevLog &raft.Entry{Command:interface {}(nil), Term:0, Index:0}
041199 INFO S2: (term 1) follower 收到 [1] AppendEntries [], prevIndex 0, prevTerm 0
041200 LEAD S1: 2 append success next 1 match 0
041200 INFO S0: (term 1) follower 收到 [1] AppendEntries [], prevIndex 0, prevTerm 0
041200 LEAD S1: 0 append success next 1 match 0
042202 LEAD S1: prevLog &raft.Entry{Command:interface {}(nil), Term:0, Index:0}
042202 LEAD S1: prevLog &raft.Entry{Command:interface {}(nil), Term:0, Index:0}
042203 INFO S2: (term 1) follower 收到 [1] AppendEntries [], prevIndex 0, prevTerm 0
042203 LEAD S1: 2 append success next 1 match 0
042203 INFO S0: (term 1) follower 收到 [1] AppendEntries [], prevIndex 0, prevTerm 0
042203 LEAD S1: 0 append success next 1 match 0
043204 LEAD S1: prevLog &raft.Entry{Command:interface {}(nil), Term:0, Index:0}
043205 LEAD S1: prevLog &raft.Entry{Command:interface {}(nil), Term:0, Index:0}
043205 INFO S2: (term 1) follower 收到 [1] AppendEntries [], prevIndex 0, prevTerm 0
043206 LEAD S1: 2 append success next 1 match 0
043206 INFO S0: (term 1) follower 收到 [1] AppendEntries [], prevIndex 0, prevTerm 0
043206 LEAD S1: 0 append success next 1 match 0
044211 LEAD S1: prevLog &raft.Entry{Command:interface {}(nil), Term:0, Index:0}
044212 LEAD S1: prevLog &raft.Entry{Command:interface {}(nil), Term:0, Index:0}
044212 INFO S2: (term 1) follower 收到 [1] AppendEntries [], prevIndex 0, prevTerm 0
044213 LEAD S1: 2 append success next 1 match 0
044213 INFO S0: (term 1) follower 收到 [1] AppendEntries [], prevIndex 0, prevTerm 0
044213 LEAD S1: 0 append success next 1 match 0
045215 LEAD S1: prevLog &raft.Entry{Command:interface {}(nil), Term:0, Index:0}
045216 LEAD S1: prevLog &raft.Entry{Command:interface {}(nil), Term:0, Index:0}
045218 INFO S2: (term 1) follower 收到 [1] AppendEntries [], prevIndex 0, prevTerm 0
045218 LEAD S1: 2 append success next 1 match 0
045219 INFO S0: (term 1) follower 收到 [1] AppendEntries [], prevIndex 0, prevTerm 0
045220 LEAD S1: 0 append success next 1 match 0
046221 LEAD S1: prevLog &raft.Entry{Command:interface {}(nil), Term:0, Index:0}
046222 LEAD S1: prevLog &raft.Entry{Command:interface {}(nil), Term:0, Index:0}
046224 INFO S2: (term 1) follower 收到 [1] AppendEntries [], prevIndex 0, prevTerm 0
046226 LEAD S1: 2 append success next 1 match 0
046226 INFO S0: (term 1) follower 收到 [1] AppendEntries [], prevIndex 0, prevTerm 0
046229 LEAD S1: 0 append success next 1 match 0
047229 LEAD S1: prevLog &raft.Entry{Command:interface {}(nil), Term:0, Index:0}
047230 LEAD S1: prevLog &raft.Entry{Command:interface {}(nil), Term:0, Index:0}
047231 INFO S2: (term 1) follower 收到 [1] AppendEntries [], prevIndex 0, prevTerm 0
047232 INFO S0: (term 1) follower 收到 [1] AppendEntries [], prevIndex 0, prevTerm 0
047232 LEAD S1: 2 append success next 1 match 0
047234 LEAD S1: 0 append success next 1 match 0
048234 LEAD S1: prevLog &raft.Entry{Command:interface {}(nil), Term:0, Index:0}
048235 LEAD S1: prevLog &raft.Entry{Command:interface {}(nil), Term:0, Index:0}
048237 INFO S2: (term 1) follower 收到 [1] AppendEntries [], prevIndex 0, prevTerm 0
048238 INFO S0: (term 1) follower 收到 [1] AppendEntries [], prevIndex 0, prevTerm 0
048239 LEAD S1: 2 append success next 1 match 0
048240 LEAD S1: 0 append success next 1 match 0
049239 LEAD S1: prevLog &raft.Entry{Command:interface {}(nil), Term:0, Index:0}
049240 LEAD S1: prevLog &raft.Entry{Command:interface {}(nil), Term:0, Index:0}
049240 INFO S2: (term 1) follower 收到 [1] AppendEntries [], prevIndex 0, prevTerm 0
049240 INFO S0: (term 1) follower 收到 [1] AppendEntries [], prevIndex 0, prevTerm 0
049241 LEAD S1: 0 append success next 1 match 0
049241 LEAD S1: 2 append success next 1 match 0
050245 LEAD S1: prevLog &raft.Entry{Command:interface {}(nil), Term:0, Index:0}
050246 LEAD S1: prevLog &raft.Entry{Command:interface {}(nil), Term:0, Index:0}
050248 INFO S2: (term 1) follower 收到 [1] AppendEntries [], prevIndex 0, prevTerm 0
050249 INFO S0: (term 1) follower 收到 [1] AppendEntries [], prevIndex 0, prevTerm 0
050250 LEAD S1: 2 append success next 1 match 0
050251 LEAD S1: 0 append success next 1 match 0
051250 LEAD S1: prevLog &raft.Entry{Command:interface {}(nil), Term:0, Index:0}
051251 LEAD S1: prevLog &raft.Entry{Command:interface {}(nil), Term:0, Index:0}
051253 INFO S2: (term 1) follower 收到 [1] AppendEntries [], prevIndex 0, prevTerm 0
051254 INFO S0: (term 1) follower 收到 [1] AppendEntries [], prevIndex 0, prevTerm 0
051254 LEAD S1: 2 append success next 1 match 0
051255 LEAD S1: 0 append success next 1 match 0
052255 LEAD S1: prevLog &raft.Entry{Command:interface {}(nil), Term:0, Index:0}
052256 LEAD S1: prevLog &raft.Entry{Command:interface {}(nil), Term:0, Index:0}
052258 INFO S2: (term 1) follower 收到 [1] AppendEntries [], prevIndex 0, prevTerm 0
052259 INFO S0: (term 1) follower 收到 [1] AppendEntries [], prevIndex 0, prevTerm 0
052260 LEAD S1: 2 append success next 1 match 0
052261 LEAD S1: 0 append success next 1 match 0
053260 LEAD S1: prevLog &raft.Entry{Command:interface {}(nil), Term:0, Index:0}
053261 LEAD S1: prevLog &raft.Entry{Command:interface {}(nil), Term:0, Index:0}
053262 INFO S2: (term 1) follower 收到 [1] AppendEntries [], prevIndex 0, prevTerm 0
053263 INFO S0: (term 1) follower 收到 [1] AppendEntries [], prevIndex 0, prevTerm 0
053263 LEAD S1: 2 append success next 1 match 0
053264 LEAD S1: 0 append success next 1 match 0
054265 LEAD S1: prevLog &raft.Entry{Command:interface {}(nil), Term:0, Index:0}
054265 LEAD S1: prevLog &raft.Entry{Command:interface {}(nil), Term:0, Index:0}
054266 INFO S2: (term 1) follower 收到 [1] AppendEntries [], prevIndex 0, prevTerm 0
054266 LEAD S1: 2 append success next 1 match 0
054266 INFO S0: (term 1) follower 收到 [1] AppendEntries [], prevIndex 0, prevTerm 0
054267 LEAD S1: 0 append success next 1 match 0
055270 LEAD S1: prevLog &raft.Entry{Command:interface {}(nil), Term:0, Index:0}
055270 LEAD S1: prevLog &raft.Entry{Command:interface {}(nil), Term:0, Index:0}
055271 INFO S2: (term 1) follower 收到 [1] AppendEntries [], prevIndex 0, prevTerm 0
055271 LEAD S1: 2 append success next 1 match 0
055271 INFO S0: (term 1) follower 收到 [1] AppendEntries [], prevIndex 0, prevTerm 0
055271 LEAD S1: 0 append success next 1 match 0
056273 LEAD S1: prevLog &raft.Entry{Command:interface {}(nil), Term:0, Index:0}
056274 LEAD S1: prevLog &raft.Entry{Command:interface {}(nil), Term:0, Index:0}
056274 INFO S2: (term 1) follower 收到 [1] AppendEntries [], prevIndex 0, prevTerm 0
056275 LEAD S1: 2 append success next 1 match 0
056275 INFO S0: (term 1) follower 收到 [1] AppendEntries [], prevIndex 0, prevTerm 0
056275 LEAD S1: 0 append success next 1 match 0
057278 LEAD S1: prevLog &raft.Entry{Command:interface {}(nil), Term:0, Index:0}
057278 LEAD S1: prevLog &raft.Entry{Command:interface {}(nil), Term:0, Index:0}
057279 INFO S2: (term 1) follower 收到 [1] AppendEntries [], prevIndex 0, prevTerm 0
057279 LEAD S1: 2 append success next 1 match 0
057280 INFO S0: (term 1) follower 收到 [1] AppendEntries [], prevIndex 0, prevTerm 0
057280 LEAD S1: 0 append success next 1 match 0
058281 LEAD S1: prevLog &raft.Entry{Command:interface {}(nil), Term:0, Index:0}
058282 LEAD S1: prevLog &raft.Entry{Command:interface {}(nil), Term:0, Index:0}
058282 INFO S2: (term 1) follower 收到 [1] AppendEntries [], prevIndex 0, prevTerm 0
058283 LEAD S1: 2 append success next 1 match 0
058283 INFO S0: (term 1) follower 收到 [1] AppendEntries [], prevIndex 0, prevTerm 0
058283 LEAD S1: 0 append success next 1 match 0
059287 LEAD S1: prevLog &raft.Entry{Command:interface {}(nil), Term:0, Index:0}
059287 LEAD S1: prevLog &raft.Entry{Command:interface {}(nil), Term:0, Index:0}
059291 INFO S2: (term 1) follower 收到 [1] AppendEntries [], prevIndex 0, prevTerm 0
059291 INFO S0: (term 1) follower 收到 [1] AppendEntries [], prevIndex 0, prevTerm 0
059293 LEAD S1: 2 append success next 1 match 0
059293 LEAD S1: 0 append success next 1 match 0
060292 LEAD S1: prevLog &raft.Entry{Command:interface {}(nil), Term:0, Index:0}
060292 LEAD S1: prevLog &raft.Entry{Command:interface {}(nil), Term:0, Index:0}
060294 INFO S0: (term 1) follower 收到 [1] AppendEntries [], prevIndex 0, prevTerm 0
060294 INFO S2: (term 1) follower 收到 [1] AppendEntries [], prevIndex 0, prevTerm 0
060295 LEAD S1: 0 append success next 1 match 0
060295 LEAD S1: 2 append success next 1 match 0
061296 LEAD S1: prevLog &raft.Entry{Command:interface {}(nil), Term:0, Index:0}
061296 LEAD S1: prevLog &raft.Entry{Command:interface {}(nil), Term:0, Index:0}
061297 INFO S2: (term 1) follower 收到 [1] AppendEntries [], prevIndex 0, prevTerm 0
061297 LEAD S1: 2 append success next 1 match 0
061297 INFO S0: (term 1) follower 收到 [1] AppendEntries [], prevIndex 0, prevTerm 0
061298 LEAD S1: 0 append success next 1 match 0
062300 LEAD S1: prevLog &raft.Entry{Command:interface {}(nil), Term:0, Index:0}
062300 LEAD S1: prevLog &raft.Entry{Command:interface {}(nil), Term:0, Index:0}
062301 INFO S2: (term 1) follower 收到 [1] AppendEntries [], prevIndex 0, prevTerm 0
062301 LEAD S1: 2 append success next 1 match 0
062301 INFO S0: (term 1) follower 收到 [1] AppendEntries [], prevIndex 0, prevTerm 0
062302 LEAD S1: 0 append success next 1 match 0
063305 LEAD S1: prevLog &raft.Entry{Command:interface {}(nil), Term:0, Index:0}
063305 LEAD S1: prevLog &raft.Entry{Command:interface {}(nil), Term:0, Index:0}
063306 INFO S2: (term 1) follower 收到 [1] AppendEntries [], prevIndex 0, prevTerm 0
063306 LEAD S1: 2 append success next 1 match 0
063307 INFO S0: (term 1) follower 收到 [1] AppendEntries [], prevIndex 0, prevTerm 0
063307 LEAD S1: 0 append success next 1 match 0
064308 LEAD S1: prevLog &raft.Entry{Command:interface {}(nil), Term:0, Index:0}
064308 LEAD S1: prevLog &raft.Entry{Command:interface {}(nil), Term:0, Index:0}
064309 INFO S2: (term 1) follower 收到 [1] AppendEntries [], prevIndex 0, prevTerm 0
064310 LEAD S1: 2 append success next 1 match 0
064310 INFO S0: (term 1) follower 收到 [1] AppendEntries [], prevIndex 0, prevTerm 0
064310 LEAD S1: 0 append success next 1 match 0
065311 LEAD S1: prevLog &raft.Entry{Command:interface {}(nil), Term:0, Index:0}
065312 LEAD S1: prevLog &raft.Entry{Command:interface {}(nil), Term:0, Index:0}
065312 INFO S2: (term 1) follower 收到 [1] AppendEntries [], prevIndex 0, prevTerm 0
065313 LEAD S1: 2 append success next 1 match 0
065313 INFO S0: (term 1) follower 收到 [1] AppendEntries [], prevIndex 0, prevTerm 0
065313 LEAD S1: 0 append success next 1 match 0
066315 LEAD S1: prevLog &raft.Entry{Command:interface {}(nil), Term:0, Index:0}
066315 LEAD S1: prevLog &raft.Entry{Command:interface {}(nil), Term:0, Index:0}
066315 INFO S2: (term 1) follower 收到 [1] AppendEntries [], prevIndex 0, prevTerm 0
066315 INFO S0: (term 1) follower 收到 [1] AppendEntries [], prevIndex 0, prevTerm 0
066316 LEAD S1: 2 append success next 1 match 0
066316 LEAD S1: 0 append success next 1 match 0
067320 LEAD S1: prevLog &raft.Entry{Command:interface {}(nil), Term:0, Index:0}
067320 LEAD S1: prevLog &raft.Entry{Command:interface {}(nil), Term:0, Index:0}
067321 INFO S0: (term 1) follower 收到 [1] AppendEntries [], prevIndex 0, prevTerm 0
067322 INFO S2: (term 1) follower 收到 [1] AppendEntries [], prevIndex 0, prevTerm 0
067322 LEAD S1: 0 append success next 1 match 0
067326 LEAD S1: 2 append success next 1 match 0
068325 LEAD S1: prevLog &raft.Entry{Command:interface {}(nil), Term:0, Index:0}
068325 LEAD S1: prevLog &raft.Entry{Command:interface {}(nil), Term:0, Index:0}
068326 INFO S2: (term 1) follower 收到 [1] AppendEntries [], prevIndex 0, prevTerm 0
068326 LEAD S1: 2 append success next 1 match 0
068327 INFO S0: (term 1) follower 收到 [1] AppendEntries [], prevIndex 0, prevTerm 0
068327 LEAD S1: 0 append success next 1 match 0
069329 LEAD S1: prevLog &raft.Entry{Command:interface {}(nil), Term:0, Index:0}
069329 LEAD S1: prevLog &raft.Entry{Command:interface {}(nil), Term:0, Index:0}
069330 INFO S2: (term 1) follower 收到 [1] AppendEntries [], prevIndex 0, prevTerm 0
069330 INFO S0: (term 1) follower 收到 [1] AppendEntries [], prevIndex 0, prevTerm 0
069331 LEAD S1: 2 append success next 1 match 0
069331 LEAD S1: 0 append success next 1 match 0
070333 LEAD S1: prevLog &raft.Entry{Command:interface {}(nil), Term:0, Index:0}
070333 LEAD S1: prevLog &raft.Entry{Command:interface {}(nil), Term:0, Index:0}
070334 INFO S2: (term 1) follower 收到 [1] AppendEntries [], prevIndex 0, prevTerm 0
070335 LEAD S1: 2 append success next 1 match 0
070335 INFO S0: (term 1) follower 收到 [1] AppendEntries [], prevIndex 0, prevTerm 0
070336 LEAD S1: 0 append success next 1 match 0
071339 LEAD S1: prevLog &raft.Entry{Command:interface {}(nil), Term:0, Index:0}
071340 LEAD S1: prevLog &raft.Entry{Command:interface {}(nil), Term:0, Index:0}
071340 INFO S2: (term 1) follower 收到 [1] AppendEntries [], prevIndex 0, prevTerm 0
071340 INFO S0: (term 1) follower 收到 [1] AppendEntries [], prevIndex 0, prevTerm 0
071341 LEAD S1: 2 append success next 1 match 0
071341 LEAD S1: 0 append success next 1 match 0
072347 LEAD S1: prevLog &raft.Entry{Command:interface {}(nil), Term:0, Index:0}
072348 LEAD S1: prevLog &raft.Entry{Command:interface {}(nil), Term:0, Index:0}
072351 INFO S2: (term 1) follower 收到 [1] AppendEntries [], prevIndex 0, prevTerm 0
072352 INFO S0: (term 1) follower 收到 [1] AppendEntries [], prevIndex 0, prevTerm 0
072353 LEAD S1: 2 append success next 1 match 0
072354 LEAD S1: 0 append success next 1 match 0
073350 LEAD S1: prevLog &raft.Entry{Command:interface {}(nil), Term:0, Index:0}
073350 LEAD S1: prevLog &raft.Entry{Command:interface {}(nil), Term:0, Index:0}
073352 INFO S2: (term 1) follower 收到 [1] AppendEntries [], prevIndex 0, prevTerm 0
073353 LEAD S1: 2 append success next 1 match 0
073353 INFO S0: (term 1) follower 收到 [1] AppendEntries [], prevIndex 0, prevTerm 0
073354 LEAD S1: 0 append success next 1 match 0
074353 LEAD S1: prevLog &raft.Entry{Command:interface {}(nil), Term:0, Index:0}
074354 LEAD S1: prevLog &raft.Entry{Command:interface {}(nil), Term:0, Index:0}
074354 INFO S2: (term 1) follower 收到 [1] AppendEntries [], prevIndex 0, prevTerm 0
074354 LEAD S1: 2 append success next 1 match 0
074355 INFO S0: (term 1) follower 收到 [1] AppendEntries [], prevIndex 0, prevTerm 0
074355 LEAD S1: 0 append success next 1 match 0
075358 LEAD S1: prevLog &raft.Entry{Command:interface {}(nil), Term:0, Index:0}
075359 LEAD S1: prevLog &raft.Entry{Command:interface {}(nil), Term:0, Index:0}
075360 INFO S2: (term 1) follower 收到 [1] AppendEntries [], prevIndex 0, prevTerm 0
075360 LEAD S1: 2 append success next 1 match 0
075360 INFO S0: (term 1) follower 收到 [1] AppendEntries [], prevIndex 0, prevTerm 0
075360 LEAD S1: 0 append success next 1 match 0
076363 LEAD S1: prevLog &raft.Entry{Command:interface {}(nil), Term:0, Index:0}
076363 LEAD S1: prevLog &raft.Entry{Command:interface {}(nil), Term:0, Index:0}
076364 INFO S2: (term 1) follower 收到 [1] AppendEntries [], prevIndex 0, prevTerm 0
076364 LEAD S1: 2 append success next 1 match 0
076364 INFO S0: (term 1) follower 收到 [1] AppendEntries [], prevIndex 0, prevTerm 0
076365 LEAD S1: 0 append success next 1 match 0
077366 LEAD S1: prevLog &raft.Entry{Command:interface {}(nil), Term:0, Index:0}
077367 LEAD S1: prevLog &raft.Entry{Command:interface {}(nil), Term:0, Index:0}
077367 INFO S2: (term 1) follower 收到 [1] AppendEntries [], prevIndex 0, prevTerm 0
077368 LEAD S1: 2 append success next 1 match 0
077368 INFO S0: (term 1) follower 收到 [1] AppendEntries [], prevIndex 0, prevTerm 0
077368 LEAD S1: 0 append success next 1 match 0
078370 LEAD S1: prevLog &raft.Entry{Command:interface {}(nil), Term:0, Index:0}
078371 LEAD S1: prevLog &raft.Entry{Command:interface {}(nil), Term:0, Index:0}
078372 INFO S2: (term 1) follower 收到 [1] AppendEntries [], prevIndex 0, prevTerm 0
078372 INFO S0: (term 1) follower 收到 [1] AppendEntries [], prevIndex 0, prevTerm 0
078374 LEAD S1: 0 append success next 1 match 0
078374 LEAD S1: 2 append success next 1 match 0
079376 LEAD S1: prevLog &raft.Entry{Command:interface {}(nil), Term:0, Index:0}
079376 LEAD S1: prevLog &raft.Entry{Command:interface {}(nil), Term:0, Index:0}
079377 INFO S2: (term 1) follower 收到 [1] AppendEntries [], prevIndex 0, prevTerm 0
079377 INFO S0: (term 1) follower 收到 [1] AppendEntries [], prevIndex 0, prevTerm 0
079378 LEAD S1: 2 append success next 1 match 0
079378 LEAD S1: 0 append success next 1 match 0
080381 LEAD S1: prevLog &raft.Entry{Command:interface {}(nil), Term:0, Index:0}
080381 LEAD S1: prevLog &raft.Entry{Command:interface {}(nil), Term:0, Index:0}
080382 INFO S2: (term 1) follower 收到 [1] AppendEntries [], prevIndex 0, prevTerm 0
080382 LEAD S1: 2 append success next 1 match 0
080382 INFO S0: (term 1) follower 收到 [1] AppendEntries [], prevIndex 0, prevTerm 0
080383 LEAD S1: 0 append success next 1 match 0
081384 LEAD S1: prevLog &raft.Entry{Command:interface {}(nil), Term:0, Index:0}
081385 LEAD S1: prevLog &raft.Entry{Command:interface {}(nil), Term:0, Index:0}
081385 INFO S2: (term 1) follower 收到 [1] AppendEntries [], prevIndex 0, prevTerm 0
081386 LEAD S1: 2 append success next 1 match 0
081386 INFO S0: (term 1) follower 收到 [1] AppendEntries [], prevIndex 0, prevTerm 0
081386 LEAD S1: 0 append success next 1 match 0
082388 LEAD S1: prevLog &raft.Entry{Command:interface {}(nil), Term:0, Index:0}
082388 LEAD S1: prevLog &raft.Entry{Command:interface {}(nil), Term:0, Index:0}
082389 INFO S2: (term 1) follower 收到 [1] AppendEntries [], prevIndex 0, prevTerm 0
082390 INFO S0: (term 1) follower 收到 [1] AppendEntries [], prevIndex 0, prevTerm 0
082390 LEAD S1: 2 append success next 1 match 0
082390 LEAD S1: 0 append success next 1 match 0
083392 LEAD S1: prevLog &raft.Entry{Command:interface {}(nil), Term:0, Index:0}
083392 LEAD S1: prevLog &raft.Entry{Command:interface {}(nil), Term:0, Index:0}
083393 INFO S2: (term 1) follower 收到 [1] AppendEntries [], prevIndex 0, prevTerm 0
083393 LEAD S1: 2 append success next 1 match 0
083394 INFO S0: (term 1) follower 收到 [1] AppendEntries [], prevIndex 0, prevTerm 0
083394 LEAD S1: 0 append success next 1 match 0
084398 LEAD S1: prevLog &raft.Entry{Command:interface {}(nil), Term:0, Index:0}
084399 LEAD S1: prevLog &raft.Entry{Command:interface {}(nil), Term:0, Index:0}
084401 INFO S2: (term 1) follower 收到 [1] AppendEntries [], prevIndex 0, prevTerm 0
084402 INFO S0: (term 1) follower 收到 [1] AppendEntries [], prevIndex 0, prevTerm 0
084403 LEAD S1: 2 append success next 1 match 0
084405 LEAD S1: 0 append success next 1 match 0
085406 LEAD S1: prevLog &raft.Entry{Command:interface {}(nil), Term:0, Index:0}
085407 LEAD S1: prevLog &raft.Entry{Command:interface {}(nil), Term:0, Index:0}
085409 INFO S2: (term 1) follower 收到 [1] AppendEntries [], prevIndex 0, prevTerm 0
085410 INFO S0: (term 1) follower 收到 [1] AppendEntries [], prevIndex 0, prevTerm 0
085410 LEAD S1: 2 append success next 1 match 0
085411 LEAD S1: 0 append success next 1 match 0
086411 LEAD S1: prevLog &raft.Entry{Command:interface {}(nil), Term:0, Index:0}
086411 LEAD S1: prevLog &raft.Entry{Command:interface {}(nil), Term:0, Index:0}
086412 INFO S0: (term 1) follower 收到 [1] AppendEntries [], prevIndex 0, prevTerm 0
086412 LEAD S1: 0 append success next 1 match 0
086412 INFO S2: (term 1) follower 收到 [1] AppendEntries [], prevIndex 0, prevTerm 0
086413 LEAD S1: 2 append success next 1 match 0
087414 LEAD S1: prevLog &raft.Entry{Command:interface {}(nil), Term:0, Index:0}
087415 LEAD S1: prevLog &raft.Entry{Command:interface {}(nil), Term:0, Index:0}
087415 INFO S2: (term 1) follower 收到 [1] AppendEntries [], prevIndex 0, prevTerm 0
087416 LEAD S1: 2 append success next 1 match 0
087416 INFO S0: (term 1) follower 收到 [1] AppendEntries [], prevIndex 0, prevTerm 0
087416 LEAD S1: 0 append success next 1 match 0
088422 LEAD S1: prevLog &raft.Entry{Command:interface {}(nil), Term:0, Index:0}
088422 LEAD S1: prevLog &raft.Entry{Command:interface {}(nil), Term:0, Index:0}
088424 INFO S2: (term 1) follower 收到 [1] AppendEntries [], prevIndex 0, prevTerm 0
088424 INFO S0: (term 1) follower 收到 [1] AppendEntries [], prevIndex 0, prevTerm 0
088424 LEAD S1: 2 append success next 1 match 0
088424 LEAD S1: 0 append success next 1 match 0
089427 LEAD S1: prevLog &raft.Entry{Command:interface {}(nil), Term:0, Index:0}
089427 LEAD S1: prevLog &raft.Entry{Command:interface {}(nil), Term:0, Index:0}
089428 INFO S2: (term 1) follower 收到 [1] AppendEntries [], prevIndex 0, prevTerm 0
089428 LEAD S1: 2 append success next 1 match 0
089428 INFO S0: (term 1) follower 收到 [1] AppendEntries [], prevIndex 0, prevTerm 0
089429 LEAD S1: 0 append success next 1 match 0
090431 LEAD S1: prevLog &raft.Entry{Command:interface {}(nil), Term:0, Index:0}
090431 LEAD S1: prevLog &raft.Entry{Command:interface {}(nil), Term:0, Index:0}
090432 INFO S2: (term 1) follower 收到 [1] AppendEntries [], prevIndex 0, prevTerm 0
090432 LEAD S1: 2 append success next 1 match 0
090433 INFO S0: (term 1) follower 收到 [1] AppendEntries [], prevIndex 0, prevTerm 0
090433 LEAD S1: 0 append success next 1 match 0
091434 LEAD S1: prevLog &raft.Entry{Command:interface {}(nil), Term:0, Index:0}
091434 LEAD S1: prevLog &raft.Entry{Command:interface {}(nil), Term:0, Index:0}
091435 INFO S2: (term 1) follower 收到 [1] AppendEntries [], prevIndex 0, prevTerm 0
091435 LEAD S1: 2 append success next 1 match 0
091435 INFO S0: (term 1) follower 收到 [1] AppendEntries [], prevIndex 0, prevTerm 0
091436 LEAD S1: 0 append success next 1 match 0
092438 LEAD S1: prevLog &raft.Entry{Command:interface {}(nil), Term:0, Index:0}
092438 LEAD S1: prevLog &raft.Entry{Command:interface {}(nil), Term:0, Index:0}
092439 INFO S2: (term 1) follower 收到 [1] AppendEntries [], prevIndex 0, prevTerm 0
092439 INFO S0: (term 1) follower 收到 [1] AppendEntries [], prevIndex 0, prevTerm 0
092439 LEAD S1: 2 append success next 1 match 0
092439 LEAD S1: 0 append success next 1 match 0
093443 LEAD S1: prevLog &raft.Entry{Command:interface {}(nil), Term:0, Index:0}
093444 LEAD S1: prevLog &raft.Entry{Command:interface {}(nil), Term:0, Index:0}
093445 INFO S2: (term 1) follower 收到 [1] AppendEntries [], prevIndex 0, prevTerm 0
093445 LEAD S1: 2 append success next 1 match 0
093445 INFO S0: (term 1) follower 收到 [1] AppendEntries [], prevIndex 0, prevTerm 0
093446 LEAD S1: 0 append success next 1 match 0
094449 LEAD S1: prevLog &raft.Entry{Command:interface {}(nil), Term:0, Index:0}
094449 LEAD S1: prevLog &raft.Entry{Command:interface {}(nil), Term:0, Index:0}
094451 INFO S2: (term 1) follower 收到 [1] AppendEntries [], prevIndex 0, prevTerm 0
094452 INFO S0: (term 1) follower 收到 [1] AppendEntries [], prevIndex 0, prevTerm 0
094452 LEAD S1: 2 append success next 1 match 0
094454 LEAD S1: 0 append success next 1 match 0
095459 LEAD S1: prevLog &raft.Entry{Command:interface {}(nil), Term:0, Index:0}
095459 LEAD S1: prevLog &raft.Entry{Command:interface {}(nil), Term:0, Index:0}
095462 INFO S2: (term 1) follower 收到 [1] AppendEntries [], prevIndex 0, prevTerm 0
095463 INFO S0: (term 1) follower 收到 [1] AppendEntries [], prevIndex 0, prevTerm 0
095464 LEAD S1: 0 append success next 1 match 0
095465 LEAD S1: 2 append success next 1 match 0
096468 LEAD S1: prevLog &raft.Entry{Command:interface {}(nil), Term:0, Index:0}
096468 LEAD S1: prevLog &raft.Entry{Command:interface {}(nil), Term:0, Index:0}
096470 INFO S2: (term 1) follower 收到 [1] AppendEntries [], prevIndex 0, prevTerm 0
096471 LEAD S1: 2 append success next 1 match 0
096471 INFO S0: (term 1) follower 收到 [1] AppendEntries [], prevIndex 0, prevTerm 0
096473 LEAD S1: 0 append success next 1 match 0
097473 LEAD S1: prevLog &raft.Entry{Command:interface {}(nil), Term:0, Index:0}
097473 LEAD S1: prevLog &raft.Entry{Command:interface {}(nil), Term:0, Index:0}
097476 INFO S2: (term 1) follower 收到 [1] AppendEntries [], prevIndex 0, prevTerm 0
097477 INFO S0: (term 1) follower 收到 [1] AppendEntries [], prevIndex 0, prevTerm 0
097478 LEAD S1: 2 append success next 1 match 0
097479 LEAD S1: 0 append success next 1 match 0
098479 LEAD S1: prevLog &raft.Entry{Command:interface {}(nil), Term:0, Index:0}
098479 LEAD S1: prevLog &raft.Entry{Command:interface {}(nil), Term:0, Index:0}
098480 INFO S2: (term 1) follower 收到 [1] AppendEntries [], prevIndex 0, prevTerm 0
098480 LEAD S1: 2 append success next 1 match 0
098480 INFO S0: (term 1) follower 收到 [1] AppendEntries [], prevIndex 0, prevTerm 0
098481 LEAD S1: 0 append success next 1 match 0
099481 LEAD S1: prevLog &raft.Entry{Command:interface {}(nil), Term:0, Index:0}
099481 LEAD S1: prevLog &raft.Entry{Command:interface {}(nil), Term:0, Index:0}
099482 INFO S2: (term 1) follower 收到 [1] AppendEntries [], prevIndex 0, prevTerm 0
099482 LEAD S1: 2 append success next 1 match 0
099483 INFO S0: (term 1) follower 收到 [1] AppendEntries [], prevIndex 0, prevTerm 0
099483 LEAD S1: 0 append success next 1 match 0
--- FAIL: TestPersist12C (10.05s)
    config.go:609: one(11) failed to reach agreement
100490 LEAD S1: prevLog &raft.Entry{Command:interface {}(nil), Term:0, Index:0}
FAIL
100491 LEAD S1: prevLog &raft.Entry{Command:interface {}(nil), Term:0, Index:0}
exit status 1
FAIL	6.824/raft	10.051s
