Test (2C): basic persistence ...
003014 INFO S0: start leader election, term 1
003015 VOTE S0: term 1 send vote request to 2
003015 VOTE S0: term 1 send vote request to 1
003016 TERM S1: set new term 1
003016 TERM S2: set new term 1
003016 VOTE S1: term 1 vote 0
003016 VOTE S2: term 1 vote 0
003016 VOTE S0: reply from 1, term一致，且投给0
003016 LEAD S0: come to power, start to send heartbeat
003016 LEAD S0: prevLog &raft.Entry{Command:interface {}(nil), Term:0, Index:0}
003016 LEAD S0: prevLog &raft.Entry{Command:interface {}(nil), Term:0, Index:0}
003016 VOTE S0: reply from 2, term一致，且投给0
003017 INFO S2: (term 1) follower 收到 [0] AppendEntries [], prevIndex 0, prevTerm 0
003017 INFO S1: (term 1) follower 收到 [0] AppendEntries [], prevIndex 0, prevTerm 0
003017 LEAD S0: 2 append success next 1 match 0
003018 LEAD S0: 1 append success next 1 match 0
004018 LEAD S0: prevLog &raft.Entry{Command:interface {}(nil), Term:0, Index:0}
004018 LEAD S0: prevLog &raft.Entry{Command:interface {}(nil), Term:0, Index:0}
004018 INFO S2: (term 1) follower 收到 [0] AppendEntries [], prevIndex 0, prevTerm 0
004018 INFO S1: (term 1) follower 收到 [0] AppendEntries [], prevIndex 0, prevTerm 0
004019 LEAD S0: 2 append success next 1 match 0
004019 LEAD S0: 1 append success next 1 match 0
005022 LEAD S0: prevLog &raft.Entry{Command:interface {}(nil), Term:0, Index:0}
005022 LEAD S0: prevLog &raft.Entry{Command:interface {}(nil), Term:0, Index:0}
005023 INFO S2: (term 1) follower 收到 [0] AppendEntries [], prevIndex 0, prevTerm 0
005024 LEAD S0: 2 append success next 1 match 0
005024 INFO S1: (term 1) follower 收到 [0] AppendEntries [], prevIndex 0, prevTerm 0
005025 LEAD S0: 1 append success next 1 match 0
006029 LEAD S0: prevLog &raft.Entry{Command:interface {}(nil), Term:0, Index:0}
006029 LEAD S0: prevLog &raft.Entry{Command:interface {}(nil), Term:0, Index:0}
006032 INFO S1: (term 1) follower 收到 [0] AppendEntries [], prevIndex 0, prevTerm 0
006032 INFO S2: (term 1) follower 收到 [0] AppendEntries [], prevIndex 0, prevTerm 0
006034 LEAD S0: 2 append success next 1 match 0
006034 LEAD S0: 1 append success next 1 match 0
007035 LEAD S0: prevLog &raft.Entry{Command:interface {}(nil), Term:0, Index:0}
007035 LEAD S0: prevLog &raft.Entry{Command:interface {}(nil), Term:0, Index:0}
007036 INFO S2: (term 1) follower 收到 [0] AppendEntries [], prevIndex 0, prevTerm 0
007036 LEAD S0: 2 append success next 1 match 0
007037 INFO S1: (term 1) follower 收到 [0] AppendEntries [], prevIndex 0, prevTerm 0
007037 LEAD S0: 1 append success next 1 match 0
008042 LEAD S0: prevLog &raft.Entry{Command:interface {}(nil), Term:0, Index:0}
008042 LEAD S0: prevLog &raft.Entry{Command:interface {}(nil), Term:0, Index:0}
008045 INFO S2: (term 1) follower 收到 [0] AppendEntries [], prevIndex 0, prevTerm 0
008046 LEAD S0: 2 append success next 1 match 0
008046 INFO S1: (term 1) follower 收到 [0] AppendEntries [], prevIndex 0, prevTerm 0
008049 LEAD S0: 1 append success next 1 match 0
009049 LEAD S0: prevLog &raft.Entry{Command:interface {}(nil), Term:0, Index:0}
009050 LEAD S0: prevLog &raft.Entry{Command:interface {}(nil), Term:0, Index:0}
009052 INFO S2: (term 1) follower 收到 [0] AppendEntries [], prevIndex 0, prevTerm 0
009053 INFO S1: (term 1) follower 收到 [0] AppendEntries [], prevIndex 0, prevTerm 0
009055 LEAD S0: 2 append success next 1 match 0
009055 LEAD S0: 1 append success next 1 match 0
010056 LEAD S0: prevLog &raft.Entry{Command:interface {}(nil), Term:0, Index:0}
010056 LEAD S0: prevLog &raft.Entry{Command:interface {}(nil), Term:0, Index:0}
010058 INFO S2: (term 1) follower 收到 [0] AppendEntries [], prevIndex 0, prevTerm 0
010058 INFO S1: (term 1) follower 收到 [0] AppendEntries [], prevIndex 0, prevTerm 0
010060 LEAD S0: 1 append success next 1 match 0
010061 LEAD S0: 2 append success next 1 match 0
011061 LEAD S0: prevLog &raft.Entry{Command:interface {}(nil), Term:0, Index:0}
011062 LEAD S0: prevLog &raft.Entry{Command:interface {}(nil), Term:0, Index:0}
011063 INFO S2: (term 1) follower 收到 [0] AppendEntries [], prevIndex 0, prevTerm 0
011064 INFO S1: (term 1) follower 收到 [0] AppendEntries [], prevIndex 0, prevTerm 0
011065 LEAD S0: 1 append success next 1 match 0
011065 LEAD S0: 2 append success next 1 match 0
012066 LEAD S0: prevLog &raft.Entry{Command:interface {}(nil), Term:0, Index:0}
012066 LEAD S0: prevLog &raft.Entry{Command:interface {}(nil), Term:0, Index:0}
012067 INFO S2: (term 1) follower 收到 [0] AppendEntries [], prevIndex 0, prevTerm 0
012067 LEAD S0: 2 append success next 1 match 0
012067 INFO S1: (term 1) follower 收到 [0] AppendEntries [], prevIndex 0, prevTerm 0
012068 LEAD S0: 1 append success next 1 match 0
013070 LEAD S0: prevLog &raft.Entry{Command:interface {}(nil), Term:0, Index:0}
013070 LEAD S0: prevLog &raft.Entry{Command:interface {}(nil), Term:0, Index:0}
013071 INFO S2: (term 1) follower 收到 [0] AppendEntries [], prevIndex 0, prevTerm 0
013071 INFO S1: (term 1) follower 收到 [0] AppendEntries [], prevIndex 0, prevTerm 0
013071 LEAD S0: 1 append success next 1 match 0
013071 LEAD S0: 2 append success next 1 match 0
014078 LEAD S0: prevLog &raft.Entry{Command:interface {}(nil), Term:0, Index:0}
014079 LEAD S0: prevLog &raft.Entry{Command:interface {}(nil), Term:0, Index:0}
014080 INFO S2: (term 1) follower 收到 [0] AppendEntries [], prevIndex 0, prevTerm 0
014081 LEAD S0: 2 append success next 1 match 0
014082 INFO S1: (term 1) follower 收到 [0] AppendEntries [], prevIndex 0, prevTerm 0
014083 LEAD S0: 1 append success next 1 match 0
015083 LEAD S0: prevLog &raft.Entry{Command:interface {}(nil), Term:0, Index:0}
015084 LEAD S0: prevLog &raft.Entry{Command:interface {}(nil), Term:0, Index:0}
015084 INFO S2: (term 1) follower 收到 [0] AppendEntries [], prevIndex 0, prevTerm 0
015085 INFO S1: (term 1) follower 收到 [0] AppendEntries [], prevIndex 0, prevTerm 0
015085 LEAD S0: 2 append success next 1 match 0
015085 LEAD S0: 1 append success next 1 match 0
016087 LEAD S0: prevLog &raft.Entry{Command:interface {}(nil), Term:0, Index:0}
016087 LEAD S0: prevLog &raft.Entry{Command:interface {}(nil), Term:0, Index:0}
016088 INFO S2: (term 1) follower 收到 [0] AppendEntries [], prevIndex 0, prevTerm 0
016088 LEAD S0: 2 append success next 1 match 0
016089 INFO S1: (term 1) follower 收到 [0] AppendEntries [], prevIndex 0, prevTerm 0
016089 LEAD S0: 1 append success next 1 match 0
017091 LEAD S0: prevLog &raft.Entry{Command:interface {}(nil), Term:0, Index:0}
017091 LEAD S0: prevLog &raft.Entry{Command:interface {}(nil), Term:0, Index:0}
017091 INFO S2: (term 1) follower 收到 [0] AppendEntries [], prevIndex 0, prevTerm 0
017092 LEAD S0: 2 append success next 1 match 0
017092 INFO S1: (term 1) follower 收到 [0] AppendEntries [], prevIndex 0, prevTerm 0
017092 LEAD S0: 1 append success next 1 match 0
018094 LEAD S0: prevLog &raft.Entry{Command:interface {}(nil), Term:0, Index:0}
018095 LEAD S0: prevLog &raft.Entry{Command:interface {}(nil), Term:0, Index:0}
018096 INFO S1: (term 1) follower 收到 [0] AppendEntries [], prevIndex 0, prevTerm 0
018096 LEAD S0: 1 append success next 1 match 0
018096 INFO S2: (term 1) follower 收到 [0] AppendEntries [], prevIndex 0, prevTerm 0
018097 LEAD S0: 2 append success next 1 match 0
019104 LEAD S0: prevLog &raft.Entry{Command:interface {}(nil), Term:0, Index:0}
019104 LEAD S0: prevLog &raft.Entry{Command:interface {}(nil), Term:0, Index:0}
019107 INFO S2: (term 1) follower 收到 [0] AppendEntries [], prevIndex 0, prevTerm 0
019108 INFO S1: (term 1) follower 收到 [0] AppendEntries [], prevIndex 0, prevTerm 0
019109 LEAD S0: 2 append success next 1 match 0
019110 LEAD S0: 1 append success next 1 match 0
020111 LEAD S0: prevLog &raft.Entry{Command:interface {}(nil), Term:0, Index:0}
020111 LEAD S0: prevLog &raft.Entry{Command:interface {}(nil), Term:0, Index:0}
020112 INFO S2: (term 1) follower 收到 [0] AppendEntries [], prevIndex 0, prevTerm 0
020112 LEAD S0: 2 append success next 1 match 0
020112 INFO S1: (term 1) follower 收到 [0] AppendEntries [], prevIndex 0, prevTerm 0
020113 LEAD S0: 1 append success next 1 match 0
021116 LEAD S0: prevLog &raft.Entry{Command:interface {}(nil), Term:0, Index:0}
021116 LEAD S0: prevLog &raft.Entry{Command:interface {}(nil), Term:0, Index:0}
021117 INFO S2: (term 1) follower 收到 [0] AppendEntries [], prevIndex 0, prevTerm 0
021118 LEAD S0: 2 append success next 1 match 0
021118 INFO S1: (term 1) follower 收到 [0] AppendEntries [], prevIndex 0, prevTerm 0
021119 LEAD S0: 1 append success next 1 match 0
022128 LEAD S0: prevLog &raft.Entry{Command:interface {}(nil), Term:0, Index:0}
022129 LEAD S0: prevLog &raft.Entry{Command:interface {}(nil), Term:0, Index:0}
022132 INFO S2: (term 1) follower 收到 [0] AppendEntries [], prevIndex 0, prevTerm 0
022132 INFO S1: (term 1) follower 收到 [0] AppendEntries [], prevIndex 0, prevTerm 0
022133 LEAD S0: 2 append success next 1 match 0
022133 LEAD S0: 1 append success next 1 match 0
023140 LEAD S0: prevLog &raft.Entry{Command:interface {}(nil), Term:0, Index:0}
023140 LEAD S0: prevLog &raft.Entry{Command:interface {}(nil), Term:0, Index:0}
023141 INFO S2: (term 1) follower 收到 [0] AppendEntries [], prevIndex 0, prevTerm 0
023141 INFO S1: (term 1) follower 收到 [0] AppendEntries [], prevIndex 0, prevTerm 0
023141 LEAD S0: 2 append success next 1 match 0
023141 LEAD S0: 1 append success next 1 match 0
024144 LEAD S0: prevLog &raft.Entry{Command:interface {}(nil), Term:0, Index:0}
024144 LEAD S0: prevLog &raft.Entry{Command:interface {}(nil), Term:0, Index:0}
024145 INFO S1: (term 1) follower 收到 [0] AppendEntries [], prevIndex 0, prevTerm 0
024145 INFO S2: (term 1) follower 收到 [0] AppendEntries [], prevIndex 0, prevTerm 0
024145 LEAD S0: 1 append success next 1 match 0
024145 LEAD S0: 2 append success next 1 match 0
025151 LEAD S0: prevLog &raft.Entry{Command:interface {}(nil), Term:0, Index:0}
025152 LEAD S0: prevLog &raft.Entry{Command:interface {}(nil), Term:0, Index:0}
025153 INFO S2: (term 1) follower 收到 [0] AppendEntries [], prevIndex 0, prevTerm 0
025153 INFO S1: (term 1) follower 收到 [0] AppendEntries [], prevIndex 0, prevTerm 0
025154 LEAD S0: 2 append success next 1 match 0
025154 LEAD S0: 1 append success next 1 match 0
026158 LEAD S0: prevLog &raft.Entry{Command:interface {}(nil), Term:0, Index:0}
026158 LEAD S0: prevLog &raft.Entry{Command:interface {}(nil), Term:0, Index:0}
026159 INFO S2: (term 1) follower 收到 [0] AppendEntries [], prevIndex 0, prevTerm 0
026160 INFO S1: (term 1) follower 收到 [0] AppendEntries [], prevIndex 0, prevTerm 0
026160 LEAD S0: 2 append success next 1 match 0
026160 LEAD S0: 1 append success next 1 match 0
027166 LEAD S0: prevLog &raft.Entry{Command:interface {}(nil), Term:0, Index:0}
027166 LEAD S0: prevLog &raft.Entry{Command:interface {}(nil), Term:0, Index:0}
027168 INFO S2: (term 1) follower 收到 [0] AppendEntries [], prevIndex 0, prevTerm 0
027168 INFO S1: (term 1) follower 收到 [0] AppendEntries [], prevIndex 0, prevTerm 0
027169 LEAD S0: 2 append success next 1 match 0
027170 LEAD S0: 1 append success next 1 match 0
028173 LEAD S0: prevLog &raft.Entry{Command:interface {}(nil), Term:0, Index:0}
028173 LEAD S0: prevLog &raft.Entry{Command:interface {}(nil), Term:0, Index:0}
028174 INFO S2: (term 1) follower 收到 [0] AppendEntries [], prevIndex 0, prevTerm 0
028174 INFO S1: (term 1) follower 收到 [0] AppendEntries [], prevIndex 0, prevTerm 0
028174 LEAD S0: 2 append success next 1 match 0
028174 LEAD S0: 1 append success next 1 match 0
029176 LEAD S0: prevLog &raft.Entry{Command:interface {}(nil), Term:0, Index:0}
029177 LEAD S0: prevLog &raft.Entry{Command:interface {}(nil), Term:0, Index:0}
029177 INFO S2: (term 1) follower 收到 [0] AppendEntries [], prevIndex 0, prevTerm 0
029177 INFO S1: (term 1) follower 收到 [0] AppendEntries [], prevIndex 0, prevTerm 0
029178 LEAD S0: 1 append success next 1 match 0
029178 LEAD S0: 2 append success next 1 match 0
030180 LEAD S0: prevLog &raft.Entry{Command:interface {}(nil), Term:0, Index:0}
030180 LEAD S0: prevLog &raft.Entry{Command:interface {}(nil), Term:0, Index:0}
030181 INFO S2: (term 1) follower 收到 [0] AppendEntries [], prevIndex 0, prevTerm 0
030181 INFO S1: (term 1) follower 收到 [0] AppendEntries [], prevIndex 0, prevTerm 0
030182 LEAD S0: 1 append success next 1 match 0
030182 LEAD S0: 2 append success next 1 match 0
031188 LEAD S0: prevLog &raft.Entry{Command:interface {}(nil), Term:0, Index:0}
031188 LEAD S0: prevLog &raft.Entry{Command:interface {}(nil), Term:0, Index:0}
031190 INFO S2: (term 1) follower 收到 [0] AppendEntries [], prevIndex 0, prevTerm 0
031191 LEAD S0: 2 append success next 1 match 0
031191 INFO S1: (term 1) follower 收到 [0] AppendEntries [], prevIndex 0, prevTerm 0
031192 LEAD S0: 1 append success next 1 match 0
032198 LEAD S0: prevLog &raft.Entry{Command:interface {}(nil), Term:0, Index:0}
032198 LEAD S0: prevLog &raft.Entry{Command:interface {}(nil), Term:0, Index:0}
032200 INFO S2: (term 1) follower 收到 [0] AppendEntries [], prevIndex 0, prevTerm 0
032201 INFO S1: (term 1) follower 收到 [0] AppendEntries [], prevIndex 0, prevTerm 0
032202 LEAD S0: 2 append success next 1 match 0
032203 LEAD S0: 1 append success next 1 match 0
033208 LEAD S0: prevLog &raft.Entry{Command:interface {}(nil), Term:0, Index:0}
033208 LEAD S0: prevLog &raft.Entry{Command:interface {}(nil), Term:0, Index:0}
033210 INFO S2: (term 1) follower 收到 [0] AppendEntries [], prevIndex 0, prevTerm 0
033211 INFO S1: (term 1) follower 收到 [0] AppendEntries [], prevIndex 0, prevTerm 0
033212 LEAD S0: 2 append success next 1 match 0
033213 LEAD S0: 1 append success next 1 match 0
034213 LEAD S0: prevLog &raft.Entry{Command:interface {}(nil), Term:0, Index:0}
034214 LEAD S0: prevLog &raft.Entry{Command:interface {}(nil), Term:0, Index:0}
034215 INFO S2: (term 1) follower 收到 [0] AppendEntries [], prevIndex 0, prevTerm 0
034216 LEAD S0: 2 append success next 1 match 0
034217 INFO S1: (term 1) follower 收到 [0] AppendEntries [], prevIndex 0, prevTerm 0
034218 LEAD S0: 1 append success next 1 match 0
035218 LEAD S0: prevLog &raft.Entry{Command:interface {}(nil), Term:0, Index:0}
035218 LEAD S0: prevLog &raft.Entry{Command:interface {}(nil), Term:0, Index:0}
035219 INFO S2: (term 1) follower 收到 [0] AppendEntries [], prevIndex 0, prevTerm 0
035219 INFO S1: (term 1) follower 收到 [0] AppendEntries [], prevIndex 0, prevTerm 0
035219 LEAD S0: 2 append success next 1 match 0
035219 LEAD S0: 1 append success next 1 match 0
036222 LEAD S0: prevLog &raft.Entry{Command:interface {}(nil), Term:0, Index:0}
036223 LEAD S0: prevLog &raft.Entry{Command:interface {}(nil), Term:0, Index:0}
036223 INFO S2: (term 1) follower 收到 [0] AppendEntries [], prevIndex 0, prevTerm 0
036224 INFO S1: (term 1) follower 收到 [0] AppendEntries [], prevIndex 0, prevTerm 0
036224 LEAD S0: 1 append success next 1 match 0
036224 LEAD S0: 2 append success next 1 match 0
037227 LEAD S0: prevLog &raft.Entry{Command:interface {}(nil), Term:0, Index:0}
037228 LEAD S0: prevLog &raft.Entry{Command:interface {}(nil), Term:0, Index:0}
037229 INFO S2: (term 1) follower 收到 [0] AppendEntries [], prevIndex 0, prevTerm 0
037229 INFO S1: (term 1) follower 收到 [0] AppendEntries [], prevIndex 0, prevTerm 0
037229 LEAD S0: 1 append success next 1 match 0
037230 LEAD S0: 2 append success next 1 match 0
038232 LEAD S0: prevLog &raft.Entry{Command:interface {}(nil), Term:0, Index:0}
038232 LEAD S0: prevLog &raft.Entry{Command:interface {}(nil), Term:0, Index:0}
038233 INFO S2: (term 1) follower 收到 [0] AppendEntries [], prevIndex 0, prevTerm 0
038233 LEAD S0: 2 append success next 1 match 0
038233 INFO S1: (term 1) follower 收到 [0] AppendEntries [], prevIndex 0, prevTerm 0
038233 LEAD S0: 1 append success next 1 match 0
039235 LEAD S0: prevLog &raft.Entry{Command:interface {}(nil), Term:0, Index:0}
039235 LEAD S0: prevLog &raft.Entry{Command:interface {}(nil), Term:0, Index:0}
039236 INFO S2: (term 1) follower 收到 [0] AppendEntries [], prevIndex 0, prevTerm 0
039236 INFO S1: (term 1) follower 收到 [0] AppendEntries [], prevIndex 0, prevTerm 0
039236 LEAD S0: 2 append success next 1 match 0
039236 LEAD S0: 1 append success next 1 match 0
040239 LEAD S0: prevLog &raft.Entry{Command:interface {}(nil), Term:0, Index:0}
040239 LEAD S0: prevLog &raft.Entry{Command:interface {}(nil), Term:0, Index:0}
040240 INFO S2: (term 1) follower 收到 [0] AppendEntries [], prevIndex 0, prevTerm 0
040240 LEAD S0: 2 append success next 1 match 0
040241 INFO S1: (term 1) follower 收到 [0] AppendEntries [], prevIndex 0, prevTerm 0
040241 LEAD S0: 1 append success next 1 match 0
041243 LEAD S0: prevLog &raft.Entry{Command:interface {}(nil), Term:0, Index:0}
041244 LEAD S0: prevLog &raft.Entry{Command:interface {}(nil), Term:0, Index:0}
041245 INFO S1: (term 1) follower 收到 [0] AppendEntries [], prevIndex 0, prevTerm 0
041245 INFO S2: (term 1) follower 收到 [0] AppendEntries [], prevIndex 0, prevTerm 0
041246 LEAD S0: 1 append success next 1 match 0
041246 LEAD S0: 2 append success next 1 match 0
042249 LEAD S0: prevLog &raft.Entry{Command:interface {}(nil), Term:0, Index:0}
042249 LEAD S0: prevLog &raft.Entry{Command:interface {}(nil), Term:0, Index:0}
042251 INFO S2: (term 1) follower 收到 [0] AppendEntries [], prevIndex 0, prevTerm 0
042252 INFO S1: (term 1) follower 收到 [0] AppendEntries [], prevIndex 0, prevTerm 0
042252 LEAD S0: 2 append success next 1 match 0
042254 LEAD S0: 1 append success next 1 match 0
043256 LEAD S0: prevLog &raft.Entry{Command:interface {}(nil), Term:0, Index:0}
043257 LEAD S0: prevLog &raft.Entry{Command:interface {}(nil), Term:0, Index:0}
043258 INFO S2: (term 1) follower 收到 [0] AppendEntries [], prevIndex 0, prevTerm 0
043258 INFO S1: (term 1) follower 收到 [0] AppendEntries [], prevIndex 0, prevTerm 0
043258 LEAD S0: 1 append success next 1 match 0
043259 LEAD S0: 2 append success next 1 match 0
044260 LEAD S0: prevLog &raft.Entry{Command:interface {}(nil), Term:0, Index:0}
044260 LEAD S0: prevLog &raft.Entry{Command:interface {}(nil), Term:0, Index:0}
044261 INFO S2: (term 1) follower 收到 [0] AppendEntries [], prevIndex 0, prevTerm 0
044261 LEAD S0: 2 append success next 1 match 0
044261 INFO S1: (term 1) follower 收到 [0] AppendEntries [], prevIndex 0, prevTerm 0
044262 LEAD S0: 1 append success next 1 match 0
045264 LEAD S0: prevLog &raft.Entry{Command:interface {}(nil), Term:0, Index:0}
045265 LEAD S0: prevLog &raft.Entry{Command:interface {}(nil), Term:0, Index:0}
045265 INFO S2: (term 1) follower 收到 [0] AppendEntries [], prevIndex 0, prevTerm 0
045265 INFO S1: (term 1) follower 收到 [0] AppendEntries [], prevIndex 0, prevTerm 0
045266 LEAD S0: 2 append success next 1 match 0
045266 LEAD S0: 1 append success next 1 match 0
046268 LEAD S0: prevLog &raft.Entry{Command:interface {}(nil), Term:0, Index:0}
046268 LEAD S0: prevLog &raft.Entry{Command:interface {}(nil), Term:0, Index:0}
046269 INFO S2: (term 1) follower 收到 [0] AppendEntries [], prevIndex 0, prevTerm 0
046269 INFO S1: (term 1) follower 收到 [0] AppendEntries [], prevIndex 0, prevTerm 0
046269 LEAD S0: 2 append success next 1 match 0
046269 LEAD S0: 1 append success next 1 match 0
047271 LEAD S0: prevLog &raft.Entry{Command:interface {}(nil), Term:0, Index:0}
047271 LEAD S0: prevLog &raft.Entry{Command:interface {}(nil), Term:0, Index:0}
047272 INFO S2: (term 1) follower 收到 [0] AppendEntries [], prevIndex 0, prevTerm 0
047272 INFO S1: (term 1) follower 收到 [0] AppendEntries [], prevIndex 0, prevTerm 0
047272 LEAD S0: 1 append success next 1 match 0
047272 LEAD S0: 2 append success next 1 match 0
048276 LEAD S0: prevLog &raft.Entry{Command:interface {}(nil), Term:0, Index:0}
048276 LEAD S0: prevLog &raft.Entry{Command:interface {}(nil), Term:0, Index:0}
048277 INFO S1: (term 1) follower 收到 [0] AppendEntries [], prevIndex 0, prevTerm 0
048277 INFO S2: (term 1) follower 收到 [0] AppendEntries [], prevIndex 0, prevTerm 0
048277 LEAD S0: 1 append success next 1 match 0
048277 LEAD S0: 2 append success next 1 match 0
049283 LEAD S0: prevLog &raft.Entry{Command:interface {}(nil), Term:0, Index:0}
049284 LEAD S0: prevLog &raft.Entry{Command:interface {}(nil), Term:0, Index:0}
049284 INFO S1: (term 1) follower 收到 [0] AppendEntries [], prevIndex 0, prevTerm 0
049284 INFO S2: (term 1) follower 收到 [0] AppendEntries [], prevIndex 0, prevTerm 0
049285 LEAD S0: 1 append success next 1 match 0
049285 LEAD S0: 2 append success next 1 match 0
050288 LEAD S0: prevLog &raft.Entry{Command:interface {}(nil), Term:0, Index:0}
050289 LEAD S0: prevLog &raft.Entry{Command:interface {}(nil), Term:0, Index:0}
050290 INFO S1: (term 1) follower 收到 [0] AppendEntries [], prevIndex 0, prevTerm 0
050290 INFO S2: (term 1) follower 收到 [0] AppendEntries [], prevIndex 0, prevTerm 0
050290 LEAD S0: 1 append success next 1 match 0
050290 LEAD S0: 2 append success next 1 match 0
051293 LEAD S0: prevLog &raft.Entry{Command:interface {}(nil), Term:0, Index:0}
051294 LEAD S0: prevLog &raft.Entry{Command:interface {}(nil), Term:0, Index:0}
051294 INFO S1: (term 1) follower 收到 [0] AppendEntries [], prevIndex 0, prevTerm 0
051294 INFO S2: (term 1) follower 收到 [0] AppendEntries [], prevIndex 0, prevTerm 0
051295 LEAD S0: 2 append success next 1 match 0
051295 LEAD S0: 1 append success next 1 match 0
052298 LEAD S0: prevLog &raft.Entry{Command:interface {}(nil), Term:0, Index:0}
052299 LEAD S0: prevLog &raft.Entry{Command:interface {}(nil), Term:0, Index:0}
052299 INFO S1: (term 1) follower 收到 [0] AppendEntries [], prevIndex 0, prevTerm 0
052299 INFO S2: (term 1) follower 收到 [0] AppendEntries [], prevIndex 0, prevTerm 0
052300 LEAD S0: 1 append success next 1 match 0
052300 LEAD S0: 2 append success next 1 match 0
053302 LEAD S0: prevLog &raft.Entry{Command:interface {}(nil), Term:0, Index:0}
053302 LEAD S0: prevLog &raft.Entry{Command:interface {}(nil), Term:0, Index:0}
053303 INFO S1: (term 1) follower 收到 [0] AppendEntries [], prevIndex 0, prevTerm 0
053303 INFO S2: (term 1) follower 收到 [0] AppendEntries [], prevIndex 0, prevTerm 0
053303 LEAD S0: 1 append success next 1 match 0
053304 LEAD S0: 2 append success next 1 match 0
054306 LEAD S0: prevLog &raft.Entry{Command:interface {}(nil), Term:0, Index:0}
054306 LEAD S0: prevLog &raft.Entry{Command:interface {}(nil), Term:0, Index:0}
054307 INFO S2: (term 1) follower 收到 [0] AppendEntries [], prevIndex 0, prevTerm 0
054307 LEAD S0: 2 append success next 1 match 0
054307 INFO S1: (term 1) follower 收到 [0] AppendEntries [], prevIndex 0, prevTerm 0
054308 LEAD S0: 1 append success next 1 match 0
055313 LEAD S0: prevLog &raft.Entry{Command:interface {}(nil), Term:0, Index:0}
055313 LEAD S0: prevLog &raft.Entry{Command:interface {}(nil), Term:0, Index:0}
055314 INFO S1: (term 1) follower 收到 [0] AppendEntries [], prevIndex 0, prevTerm 0
055314 INFO S2: (term 1) follower 收到 [0] AppendEntries [], prevIndex 0, prevTerm 0
055314 LEAD S0: 1 append success next 1 match 0
055315 LEAD S0: 2 append success next 1 match 0
056320 LEAD S0: prevLog &raft.Entry{Command:interface {}(nil), Term:0, Index:0}
056320 LEAD S0: prevLog &raft.Entry{Command:interface {}(nil), Term:0, Index:0}
056321 INFO S1: (term 1) follower 收到 [0] AppendEntries [], prevIndex 0, prevTerm 0
056321 INFO S2: (term 1) follower 收到 [0] AppendEntries [], prevIndex 0, prevTerm 0
056321 LEAD S0: 1 append success next 1 match 0
056321 LEAD S0: 2 append success next 1 match 0
057325 LEAD S0: prevLog &raft.Entry{Command:interface {}(nil), Term:0, Index:0}
057325 LEAD S0: prevLog &raft.Entry{Command:interface {}(nil), Term:0, Index:0}
057326 INFO S1: (term 1) follower 收到 [0] AppendEntries [], prevIndex 0, prevTerm 0
057326 INFO S2: (term 1) follower 收到 [0] AppendEntries [], prevIndex 0, prevTerm 0
057326 LEAD S0: 2 append success next 1 match 0
057326 LEAD S0: 1 append success next 1 match 0
058330 LEAD S0: prevLog &raft.Entry{Command:interface {}(nil), Term:0, Index:0}
058330 LEAD S0: prevLog &raft.Entry{Command:interface {}(nil), Term:0, Index:0}
058331 INFO S1: (term 1) follower 收到 [0] AppendEntries [], prevIndex 0, prevTerm 0
058331 INFO S2: (term 1) follower 收到 [0] AppendEntries [], prevIndex 0, prevTerm 0
058331 LEAD S0: 1 append success next 1 match 0
058332 LEAD S0: 2 append success next 1 match 0
059333 LEAD S0: prevLog &raft.Entry{Command:interface {}(nil), Term:0, Index:0}
059334 LEAD S0: prevLog &raft.Entry{Command:interface {}(nil), Term:0, Index:0}
059335 INFO S1: (term 1) follower 收到 [0] AppendEntries [], prevIndex 0, prevTerm 0
059335 INFO S2: (term 1) follower 收到 [0] AppendEntries [], prevIndex 0, prevTerm 0
059335 LEAD S0: 2 append success next 1 match 0
059335 LEAD S0: 1 append success next 1 match 0
060341 LEAD S0: prevLog &raft.Entry{Command:interface {}(nil), Term:0, Index:0}
060342 LEAD S0: prevLog &raft.Entry{Command:interface {}(nil), Term:0, Index:0}
060342 INFO S2: (term 1) follower 收到 [0] AppendEntries [], prevIndex 0, prevTerm 0
060342 INFO S1: (term 1) follower 收到 [0] AppendEntries [], prevIndex 0, prevTerm 0
060343 LEAD S0: 2 append success next 1 match 0
060343 LEAD S0: 1 append success next 1 match 0
061347 LEAD S0: prevLog &raft.Entry{Command:interface {}(nil), Term:0, Index:0}
061347 LEAD S0: prevLog &raft.Entry{Command:interface {}(nil), Term:0, Index:0}
061347 INFO S2: (term 1) follower 收到 [0] AppendEntries [], prevIndex 0, prevTerm 0
061347 INFO S1: (term 1) follower 收到 [0] AppendEntries [], prevIndex 0, prevTerm 0
061348 LEAD S0: 2 append success next 1 match 0
061348 LEAD S0: 1 append success next 1 match 0
062350 LEAD S0: prevLog &raft.Entry{Command:interface {}(nil), Term:0, Index:0}
062350 LEAD S0: prevLog &raft.Entry{Command:interface {}(nil), Term:0, Index:0}
062351 INFO S2: (term 1) follower 收到 [0] AppendEntries [], prevIndex 0, prevTerm 0
062352 INFO S1: (term 1) follower 收到 [0] AppendEntries [], prevIndex 0, prevTerm 0
062352 LEAD S0: 2 append success next 1 match 0
062352 LEAD S0: 1 append success next 1 match 0
063356 LEAD S0: prevLog &raft.Entry{Command:interface {}(nil), Term:0, Index:0}
063356 LEAD S0: prevLog &raft.Entry{Command:interface {}(nil), Term:0, Index:0}
063358 INFO S1: (term 1) follower 收到 [0] AppendEntries [], prevIndex 0, prevTerm 0
063358 INFO S2: (term 1) follower 收到 [0] AppendEntries [], prevIndex 0, prevTerm 0
063359 LEAD S0: 1 append success next 1 match 0
063359 LEAD S0: 2 append success next 1 match 0
064360 LEAD S0: prevLog &raft.Entry{Command:interface {}(nil), Term:0, Index:0}
064360 LEAD S0: prevLog &raft.Entry{Command:interface {}(nil), Term:0, Index:0}
064361 INFO S1: (term 1) follower 收到 [0] AppendEntries [], prevIndex 0, prevTerm 0
064361 INFO S2: (term 1) follower 收到 [0] AppendEntries [], prevIndex 0, prevTerm 0
064361 LEAD S0: 1 append success next 1 match 0
064361 LEAD S0: 2 append success next 1 match 0
065363 LEAD S0: prevLog &raft.Entry{Command:interface {}(nil), Term:0, Index:0}
065364 LEAD S0: prevLog &raft.Entry{Command:interface {}(nil), Term:0, Index:0}
065365 INFO S2: (term 1) follower 收到 [0] AppendEntries [], prevIndex 0, prevTerm 0
065365 INFO S1: (term 1) follower 收到 [0] AppendEntries [], prevIndex 0, prevTerm 0
065365 LEAD S0: 2 append success next 1 match 0
065365 LEAD S0: 1 append success next 1 match 0
066367 LEAD S0: prevLog &raft.Entry{Command:interface {}(nil), Term:0, Index:0}
066367 LEAD S0: prevLog &raft.Entry{Command:interface {}(nil), Term:0, Index:0}
066368 INFO S2: (term 1) follower 收到 [0] AppendEntries [], prevIndex 0, prevTerm 0
066368 INFO S1: (term 1) follower 收到 [0] AppendEntries [], prevIndex 0, prevTerm 0
066368 LEAD S0: 1 append success next 1 match 0
066368 LEAD S0: 2 append success next 1 match 0
067372 LEAD S0: prevLog &raft.Entry{Command:interface {}(nil), Term:0, Index:0}
067373 LEAD S0: prevLog &raft.Entry{Command:interface {}(nil), Term:0, Index:0}
067376 INFO S2: (term 1) follower 收到 [0] AppendEntries [], prevIndex 0, prevTerm 0
067377 LEAD S0: 2 append success next 1 match 0
067378 INFO S1: (term 1) follower 收到 [0] AppendEntries [], prevIndex 0, prevTerm 0
067380 LEAD S0: 1 append success next 1 match 0
068377 LEAD S0: prevLog &raft.Entry{Command:interface {}(nil), Term:0, Index:0}
068378 LEAD S0: prevLog &raft.Entry{Command:interface {}(nil), Term:0, Index:0}
068381 INFO S2: (term 1) follower 收到 [0] AppendEntries [], prevIndex 0, prevTerm 0
068382 LEAD S0: 2 append success next 1 match 0
068383 INFO S1: (term 1) follower 收到 [0] AppendEntries [], prevIndex 0, prevTerm 0
068385 LEAD S0: 1 append success next 1 match 0
069381 LEAD S0: prevLog &raft.Entry{Command:interface {}(nil), Term:0, Index:0}
069382 LEAD S0: prevLog &raft.Entry{Command:interface {}(nil), Term:0, Index:0}
069382 INFO S2: (term 1) follower 收到 [0] AppendEntries [], prevIndex 0, prevTerm 0
069383 LEAD S0: 2 append success next 1 match 0
069383 INFO S1: (term 1) follower 收到 [0] AppendEntries [], prevIndex 0, prevTerm 0
069383 LEAD S0: 1 append success next 1 match 0
070385 LEAD S0: prevLog &raft.Entry{Command:interface {}(nil), Term:0, Index:0}
070385 LEAD S0: prevLog &raft.Entry{Command:interface {}(nil), Term:0, Index:0}
070386 INFO S2: (term 1) follower 收到 [0] AppendEntries [], prevIndex 0, prevTerm 0
070386 INFO S1: (term 1) follower 收到 [0] AppendEntries [], prevIndex 0, prevTerm 0
070386 LEAD S0: 2 append success next 1 match 0
070387 LEAD S0: 1 append success next 1 match 0
071390 LEAD S0: prevLog &raft.Entry{Command:interface {}(nil), Term:0, Index:0}
071391 LEAD S0: prevLog &raft.Entry{Command:interface {}(nil), Term:0, Index:0}
071392 INFO S2: (term 1) follower 收到 [0] AppendEntries [], prevIndex 0, prevTerm 0
071392 LEAD S0: 2 append success next 1 match 0
071393 INFO S1: (term 1) follower 收到 [0] AppendEntries [], prevIndex 0, prevTerm 0
071393 LEAD S0: 1 append success next 1 match 0
072395 LEAD S0: prevLog &raft.Entry{Command:interface {}(nil), Term:0, Index:0}
072396 LEAD S0: prevLog &raft.Entry{Command:interface {}(nil), Term:0, Index:0}
072397 INFO S2: (term 1) follower 收到 [0] AppendEntries [], prevIndex 0, prevTerm 0
072397 INFO S1: (term 1) follower 收到 [0] AppendEntries [], prevIndex 0, prevTerm 0
072398 LEAD S0: 2 append success next 1 match 0
072398 LEAD S0: 1 append success next 1 match 0
073400 LEAD S0: prevLog &raft.Entry{Command:interface {}(nil), Term:0, Index:0}
073400 LEAD S0: prevLog &raft.Entry{Command:interface {}(nil), Term:0, Index:0}
073401 INFO S2: (term 1) follower 收到 [0] AppendEntries [], prevIndex 0, prevTerm 0
073401 LEAD S0: 2 append success next 1 match 0
073402 INFO S1: (term 1) follower 收到 [0] AppendEntries [], prevIndex 0, prevTerm 0
073402 LEAD S0: 1 append success next 1 match 0
074404 LEAD S0: prevLog &raft.Entry{Command:interface {}(nil), Term:0, Index:0}
074404 LEAD S0: prevLog &raft.Entry{Command:interface {}(nil), Term:0, Index:0}
074405 INFO S2: (term 1) follower 收到 [0] AppendEntries [], prevIndex 0, prevTerm 0
074405 INFO S1: (term 1) follower 收到 [0] AppendEntries [], prevIndex 0, prevTerm 0
074406 LEAD S0: 1 append success next 1 match 0
074406 LEAD S0: 2 append success next 1 match 0
075408 LEAD S0: prevLog &raft.Entry{Command:interface {}(nil), Term:0, Index:0}
075408 LEAD S0: prevLog &raft.Entry{Command:interface {}(nil), Term:0, Index:0}
075409 INFO S2: (term 1) follower 收到 [0] AppendEntries [], prevIndex 0, prevTerm 0
075409 INFO S1: (term 1) follower 收到 [0] AppendEntries [], prevIndex 0, prevTerm 0
075409 LEAD S0: 2 append success next 1 match 0
075409 LEAD S0: 1 append success next 1 match 0
076413 LEAD S0: prevLog &raft.Entry{Command:interface {}(nil), Term:0, Index:0}
076414 LEAD S0: prevLog &raft.Entry{Command:interface {}(nil), Term:0, Index:0}
076415 INFO S2: (term 1) follower 收到 [0] AppendEntries [], prevIndex 0, prevTerm 0
076416 INFO S1: (term 1) follower 收到 [0] AppendEntries [], prevIndex 0, prevTerm 0
076417 LEAD S0: 1 append success next 1 match 0
076417 LEAD S0: 2 append success next 1 match 0
077420 LEAD S0: prevLog &raft.Entry{Command:interface {}(nil), Term:0, Index:0}
077421 LEAD S0: prevLog &raft.Entry{Command:interface {}(nil), Term:0, Index:0}
077425 INFO S1: (term 1) follower 收到 [0] AppendEntries [], prevIndex 0, prevTerm 0
077426 INFO S2: (term 1) follower 收到 [0] AppendEntries [], prevIndex 0, prevTerm 0
077427 LEAD S0: 2 append success next 1 match 0
077427 LEAD S0: 1 append success next 1 match 0
078427 LEAD S0: prevLog &raft.Entry{Command:interface {}(nil), Term:0, Index:0}
078428 LEAD S0: prevLog &raft.Entry{Command:interface {}(nil), Term:0, Index:0}
078430 INFO S1: (term 1) follower 收到 [0] AppendEntries [], prevIndex 0, prevTerm 0
078430 INFO S2: (term 1) follower 收到 [0] AppendEntries [], prevIndex 0, prevTerm 0
078432 LEAD S0: 1 append success next 1 match 0
078433 LEAD S0: 2 append success next 1 match 0
079438 LEAD S0: prevLog &raft.Entry{Command:interface {}(nil), Term:0, Index:0}
079439 LEAD S0: prevLog &raft.Entry{Command:interface {}(nil), Term:0, Index:0}
079441 INFO S2: (term 1) follower 收到 [0] AppendEntries [], prevIndex 0, prevTerm 0
079442 INFO S1: (term 1) follower 收到 [0] AppendEntries [], prevIndex 0, prevTerm 0
079443 LEAD S0: 1 append success next 1 match 0
079444 LEAD S0: 2 append success next 1 match 0
080450 LEAD S0: prevLog &raft.Entry{Command:interface {}(nil), Term:0, Index:0}
080450 LEAD S0: prevLog &raft.Entry{Command:interface {}(nil), Term:0, Index:0}
080453 INFO S2: (term 1) follower 收到 [0] AppendEntries [], prevIndex 0, prevTerm 0
080455 LEAD S0: 2 append success next 1 match 0
080455 INFO S1: (term 1) follower 收到 [0] AppendEntries [], prevIndex 0, prevTerm 0
080458 LEAD S0: 1 append success next 1 match 0
081457 LEAD S0: prevLog &raft.Entry{Command:interface {}(nil), Term:0, Index:0}
081457 LEAD S0: prevLog &raft.Entry{Command:interface {}(nil), Term:0, Index:0}
081458 INFO S2: (term 1) follower 收到 [0] AppendEntries [], prevIndex 0, prevTerm 0
081458 INFO S1: (term 1) follower 收到 [0] AppendEntries [], prevIndex 0, prevTerm 0
081459 LEAD S0: 2 append success next 1 match 0
081459 LEAD S0: 1 append success next 1 match 0
082463 LEAD S0: prevLog &raft.Entry{Command:interface {}(nil), Term:0, Index:0}
082463 LEAD S0: prevLog &raft.Entry{Command:interface {}(nil), Term:0, Index:0}
082464 INFO S1: (term 1) follower 收到 [0] AppendEntries [], prevIndex 0, prevTerm 0
082464 INFO S2: (term 1) follower 收到 [0] AppendEntries [], prevIndex 0, prevTerm 0
082464 LEAD S0: 1 append success next 1 match 0
082464 LEAD S0: 2 append success next 1 match 0
083467 LEAD S0: prevLog &raft.Entry{Command:interface {}(nil), Term:0, Index:0}
083467 LEAD S0: prevLog &raft.Entry{Command:interface {}(nil), Term:0, Index:0}
083468 INFO S2: (term 1) follower 收到 [0] AppendEntries [], prevIndex 0, prevTerm 0
083468 INFO S1: (term 1) follower 收到 [0] AppendEntries [], prevIndex 0, prevTerm 0
083469 LEAD S0: 2 append success next 1 match 0
083469 LEAD S0: 1 append success next 1 match 0
084472 LEAD S0: prevLog &raft.Entry{Command:interface {}(nil), Term:0, Index:0}
084473 LEAD S0: prevLog &raft.Entry{Command:interface {}(nil), Term:0, Index:0}
084474 INFO S2: (term 1) follower 收到 [0] AppendEntries [], prevIndex 0, prevTerm 0
084474 INFO S1: (term 1) follower 收到 [0] AppendEntries [], prevIndex 0, prevTerm 0
084474 LEAD S0: 1 append success next 1 match 0
084474 LEAD S0: 2 append success next 1 match 0
085479 LEAD S0: prevLog &raft.Entry{Command:interface {}(nil), Term:0, Index:0}
085479 LEAD S0: prevLog &raft.Entry{Command:interface {}(nil), Term:0, Index:0}
085480 INFO S2: (term 1) follower 收到 [0] AppendEntries [], prevIndex 0, prevTerm 0
085480 INFO S1: (term 1) follower 收到 [0] AppendEntries [], prevIndex 0, prevTerm 0
085480 LEAD S0: 2 append success next 1 match 0
085481 LEAD S0: 1 append success next 1 match 0
086484 LEAD S0: prevLog &raft.Entry{Command:interface {}(nil), Term:0, Index:0}
086484 LEAD S0: prevLog &raft.Entry{Command:interface {}(nil), Term:0, Index:0}
086485 INFO S2: (term 1) follower 收到 [0] AppendEntries [], prevIndex 0, prevTerm 0
086485 LEAD S0: 2 append success next 1 match 0
086485 INFO S1: (term 1) follower 收到 [0] AppendEntries [], prevIndex 0, prevTerm 0
086486 LEAD S0: 1 append success next 1 match 0
087489 LEAD S0: prevLog &raft.Entry{Command:interface {}(nil), Term:0, Index:0}
087489 LEAD S0: prevLog &raft.Entry{Command:interface {}(nil), Term:0, Index:0}
087490 INFO S1: (term 1) follower 收到 [0] AppendEntries [], prevIndex 0, prevTerm 0
087490 INFO S2: (term 1) follower 收到 [0] AppendEntries [], prevIndex 0, prevTerm 0
087491 LEAD S0: 2 append success next 1 match 0
087491 LEAD S0: 1 append success next 1 match 0
088500 LEAD S0: prevLog &raft.Entry{Command:interface {}(nil), Term:0, Index:0}
088501 LEAD S0: prevLog &raft.Entry{Command:interface {}(nil), Term:0, Index:0}
088502 INFO S2: (term 1) follower 收到 [0] AppendEntries [], prevIndex 0, prevTerm 0
088503 LEAD S0: 2 append success next 1 match 0
088503 INFO S1: (term 1) follower 收到 [0] AppendEntries [], prevIndex 0, prevTerm 0
088504 LEAD S0: 1 append success next 1 match 0
089507 LEAD S0: prevLog &raft.Entry{Command:interface {}(nil), Term:0, Index:0}
089508 LEAD S0: prevLog &raft.Entry{Command:interface {}(nil), Term:0, Index:0}
089509 INFO S2: (term 1) follower 收到 [0] AppendEntries [], prevIndex 0, prevTerm 0
089509 INFO S1: (term 1) follower 收到 [0] AppendEntries [], prevIndex 0, prevTerm 0
089511 LEAD S0: 2 append success next 1 match 0
089511 LEAD S0: 1 append success next 1 match 0
090510 LEAD S0: prevLog &raft.Entry{Command:interface {}(nil), Term:0, Index:0}
090511 LEAD S0: prevLog &raft.Entry{Command:interface {}(nil), Term:0, Index:0}
090514 INFO S2: (term 1) follower 收到 [0] AppendEntries [], prevIndex 0, prevTerm 0
090516 LEAD S0: 2 append success next 1 match 0
090516 INFO S1: (term 1) follower 收到 [0] AppendEntries [], prevIndex 0, prevTerm 0
090518 LEAD S0: 1 append success next 1 match 0
091514 LEAD S0: prevLog &raft.Entry{Command:interface {}(nil), Term:0, Index:0}
091515 LEAD S0: prevLog &raft.Entry{Command:interface {}(nil), Term:0, Index:0}
091515 INFO S2: (term 1) follower 收到 [0] AppendEntries [], prevIndex 0, prevTerm 0
091515 INFO S1: (term 1) follower 收到 [0] AppendEntries [], prevIndex 0, prevTerm 0
091516 LEAD S0: 2 append success next 1 match 0
091516 LEAD S0: 1 append success next 1 match 0
092519 LEAD S0: prevLog &raft.Entry{Command:interface {}(nil), Term:0, Index:0}
092519 LEAD S0: prevLog &raft.Entry{Command:interface {}(nil), Term:0, Index:0}
092520 INFO S1: (term 1) follower 收到 [0] AppendEntries [], prevIndex 0, prevTerm 0
092520 INFO S2: (term 1) follower 收到 [0] AppendEntries [], prevIndex 0, prevTerm 0
092520 LEAD S0: 2 append success next 1 match 0
092520 LEAD S0: 1 append success next 1 match 0
093524 LEAD S0: prevLog &raft.Entry{Command:interface {}(nil), Term:0, Index:0}
093524 LEAD S0: prevLog &raft.Entry{Command:interface {}(nil), Term:0, Index:0}
093525 INFO S1: (term 1) follower 收到 [0] AppendEntries [], prevIndex 0, prevTerm 0
093525 INFO S2: (term 1) follower 收到 [0] AppendEntries [], prevIndex 0, prevTerm 0
093525 LEAD S0: 1 append success next 1 match 0
093525 LEAD S0: 2 append success next 1 match 0
094529 LEAD S0: prevLog &raft.Entry{Command:interface {}(nil), Term:0, Index:0}
094530 LEAD S0: prevLog &raft.Entry{Command:interface {}(nil), Term:0, Index:0}
094533 INFO S2: (term 1) follower 收到 [0] AppendEntries [], prevIndex 0, prevTerm 0
094535 LEAD S0: 2 append success next 1 match 0
094535 INFO S1: (term 1) follower 收到 [0] AppendEntries [], prevIndex 0, prevTerm 0
094537 LEAD S0: 1 append success next 1 match 0
095537 LEAD S0: prevLog &raft.Entry{Command:interface {}(nil), Term:0, Index:0}
095537 LEAD S0: prevLog &raft.Entry{Command:interface {}(nil), Term:0, Index:0}
095540 INFO S2: (term 1) follower 收到 [0] AppendEntries [], prevIndex 0, prevTerm 0
095541 INFO S1: (term 1) follower 收到 [0] AppendEntries [], prevIndex 0, prevTerm 0
095542 LEAD S0: 1 append success next 1 match 0
095543 LEAD S0: 2 append success next 1 match 0
096545 LEAD S0: prevLog &raft.Entry{Command:interface {}(nil), Term:0, Index:0}
096545 LEAD S0: prevLog &raft.Entry{Command:interface {}(nil), Term:0, Index:0}
096547 INFO S2: (term 1) follower 收到 [0] AppendEntries [], prevIndex 0, prevTerm 0
096548 LEAD S0: 2 append success next 1 match 0
096548 INFO S1: (term 1) follower 收到 [0] AppendEntries [], prevIndex 0, prevTerm 0
096550 LEAD S0: 1 append success next 1 match 0
097549 LEAD S0: prevLog &raft.Entry{Command:interface {}(nil), Term:0, Index:0}
097550 LEAD S0: prevLog &raft.Entry{Command:interface {}(nil), Term:0, Index:0}
097550 INFO S2: (term 1) follower 收到 [0] AppendEntries [], prevIndex 0, prevTerm 0
097551 LEAD S0: 2 append success next 1 match 0
097551 INFO S1: (term 1) follower 收到 [0] AppendEntries [], prevIndex 0, prevTerm 0
097551 LEAD S0: 1 append success next 1 match 0
098556 LEAD S0: prevLog &raft.Entry{Command:interface {}(nil), Term:0, Index:0}
098557 LEAD S0: prevLog &raft.Entry{Command:interface {}(nil), Term:0, Index:0}
098559 INFO S1: (term 1) follower 收到 [0] AppendEntries [], prevIndex 0, prevTerm 0
098560 INFO S2: (term 1) follower 收到 [0] AppendEntries [], prevIndex 0, prevTerm 0
098561 LEAD S0: 1 append success next 1 match 0
098562 LEAD S0: 2 append success next 1 match 0
099568 LEAD S0: prevLog &raft.Entry{Command:interface {}(nil), Term:0, Index:0}
099569 LEAD S0: prevLog &raft.Entry{Command:interface {}(nil), Term:0, Index:0}
099571 INFO S2: (term 1) follower 收到 [0] AppendEntries [], prevIndex 0, prevTerm 0
099573 INFO S1: (term 1) follower 收到 [0] AppendEntries [], prevIndex 0, prevTerm 0
099573 LEAD S0: 2 append success next 1 match 0
099576 LEAD S0: 1 append success next 1 match 0
--- FAIL: TestPersist12C (10.01s)
    config.go:609: one(11) failed to reach agreement
FAIL
exit status 1
FAIL	6.824/raft	10.009s
