Test (2C): basic persistence ...
003018 INFO S1: start leader election, term 1
003018 INFO S2: start leader election, term 1
003018 VOTE S2: term 1 send vote request to 1
003018 VOTE S1: term 1 send vote request to 2
003018 VOTE S1: term 1 send vote request to 0
003019 VOTE S2: term 1 send vote request to 0
003019 TERM S0: set new term 1
003019 VOTE S0: term 1 vote 2
003019 VOTE S1: 2 没有投给me，结束
003019 VOTE S2: 1 没有投给me，结束
003020 VOTE S2: reply from 0, term一致，且投给2
003020 LEAD S2: come to power, start to send heartbeat
003020 LEAD S2: prevLog &raft.Entry{Command:interface {}(nil), Term:0, Index:0}
003020 LEAD S2: prevLog &raft.Entry{Command:interface {}(nil), Term:0, Index:0}
003020 VOTE S1: 0 没有投给me，结束
003021 INFO S1: (term 1) follower 收到 [2] AppendEntries [], prevIndex 0, prevTerm 0
003021 LEAD S2: 1 append success next 1 match 0
003021 INFO S0: (term 1) follower 收到 [2] AppendEntries [], prevIndex 0, prevTerm 0
003022 LEAD S2: 0 append success next 1 match 0
004021 LEAD S2: prevLog &raft.Entry{Command:interface {}(nil), Term:0, Index:0}
004021 LEAD S2: prevLog &raft.Entry{Command:interface {}(nil), Term:0, Index:0}
004023 INFO S1: (term 1) follower 收到 [2] AppendEntries [], prevIndex 0, prevTerm 0
004023 LEAD S2: 1 append success next 1 match 0
004023 INFO S0: (term 1) follower 收到 [2] AppendEntries [], prevIndex 0, prevTerm 0
004024 LEAD S2: 0 append success next 1 match 0
005025 LEAD S2: prevLog &raft.Entry{Command:interface {}(nil), Term:0, Index:0}
005025 LEAD S2: prevLog &raft.Entry{Command:interface {}(nil), Term:0, Index:0}
005026 INFO S1: (term 1) follower 收到 [2] AppendEntries [], prevIndex 0, prevTerm 0
005026 INFO S0: (term 1) follower 收到 [2] AppendEntries [], prevIndex 0, prevTerm 0
005026 LEAD S2: 1 append success next 1 match 0
005026 LEAD S2: 0 append success next 1 match 0
006032 LEAD S2: prevLog &raft.Entry{Command:interface {}(nil), Term:0, Index:0}
006033 LEAD S2: prevLog &raft.Entry{Command:interface {}(nil), Term:0, Index:0}
006035 INFO S1: (term 1) follower 收到 [2] AppendEntries [], prevIndex 0, prevTerm 0
006037 LEAD S2: 1 append success next 1 match 0
006037 INFO S0: (term 1) follower 收到 [2] AppendEntries [], prevIndex 0, prevTerm 0
006039 LEAD S2: 0 append success next 1 match 0
007037 LEAD S2: prevLog &raft.Entry{Command:interface {}(nil), Term:0, Index:0}
007037 LEAD S2: prevLog &raft.Entry{Command:interface {}(nil), Term:0, Index:0}
007038 INFO S1: (term 1) follower 收到 [2] AppendEntries [], prevIndex 0, prevTerm 0
007038 INFO S0: (term 1) follower 收到 [2] AppendEntries [], prevIndex 0, prevTerm 0
007038 LEAD S2: 1 append success next 1 match 0
007038 LEAD S2: 0 append success next 1 match 0
008040 LEAD S2: prevLog &raft.Entry{Command:interface {}(nil), Term:0, Index:0}
008040 LEAD S2: prevLog &raft.Entry{Command:interface {}(nil), Term:0, Index:0}
008041 INFO S1: (term 1) follower 收到 [2] AppendEntries [], prevIndex 0, prevTerm 0
008041 LEAD S2: 1 append success next 1 match 0
008041 INFO S0: (term 1) follower 收到 [2] AppendEntries [], prevIndex 0, prevTerm 0
008041 LEAD S2: 0 append success next 1 match 0
009045 LEAD S2: prevLog &raft.Entry{Command:interface {}(nil), Term:0, Index:0}
009046 LEAD S2: prevLog &raft.Entry{Command:interface {}(nil), Term:0, Index:0}
009047 INFO S1: (term 1) follower 收到 [2] AppendEntries [], prevIndex 0, prevTerm 0
009047 INFO S0: (term 1) follower 收到 [2] AppendEntries [], prevIndex 0, prevTerm 0
009047 LEAD S2: 0 append success next 1 match 0
009047 LEAD S2: 1 append success next 1 match 0
010049 LEAD S2: prevLog &raft.Entry{Command:interface {}(nil), Term:0, Index:0}
010049 LEAD S2: prevLog &raft.Entry{Command:interface {}(nil), Term:0, Index:0}
010050 INFO S1: (term 1) follower 收到 [2] AppendEntries [], prevIndex 0, prevTerm 0
010051 LEAD S2: 1 append success next 1 match 0
010051 INFO S0: (term 1) follower 收到 [2] AppendEntries [], prevIndex 0, prevTerm 0
010051 LEAD S2: 0 append success next 1 match 0
011053 LEAD S2: prevLog &raft.Entry{Command:interface {}(nil), Term:0, Index:0}
011053 LEAD S2: prevLog &raft.Entry{Command:interface {}(nil), Term:0, Index:0}
011054 INFO S0: (term 1) follower 收到 [2] AppendEntries [], prevIndex 0, prevTerm 0
011054 INFO S1: (term 1) follower 收到 [2] AppendEntries [], prevIndex 0, prevTerm 0
011054 LEAD S2: 0 append success next 1 match 0
011055 LEAD S2: 1 append success next 1 match 0
012056 LEAD S2: prevLog &raft.Entry{Command:interface {}(nil), Term:0, Index:0}
012057 LEAD S2: prevLog &raft.Entry{Command:interface {}(nil), Term:0, Index:0}
012060 INFO S1: (term 1) follower 收到 [2] AppendEntries [], prevIndex 0, prevTerm 0
012060 INFO S0: (term 1) follower 收到 [2] AppendEntries [], prevIndex 0, prevTerm 0
012062 LEAD S2: 1 append success next 1 match 0
012062 LEAD S2: 0 append success next 1 match 0
013062 LEAD S2: prevLog &raft.Entry{Command:interface {}(nil), Term:0, Index:0}
013062 LEAD S2: prevLog &raft.Entry{Command:interface {}(nil), Term:0, Index:0}
013064 INFO S0: (term 1) follower 收到 [2] AppendEntries [], prevIndex 0, prevTerm 0
013065 INFO S1: (term 1) follower 收到 [2] AppendEntries [], prevIndex 0, prevTerm 0
013066 LEAD S2: 0 append success next 1 match 0
013067 LEAD S2: 1 append success next 1 match 0
014068 LEAD S2: prevLog &raft.Entry{Command:interface {}(nil), Term:0, Index:0}
014069 LEAD S2: prevLog &raft.Entry{Command:interface {}(nil), Term:0, Index:0}
014071 INFO S1: (term 1) follower 收到 [2] AppendEntries [], prevIndex 0, prevTerm 0
014072 INFO S0: (term 1) follower 收到 [2] AppendEntries [], prevIndex 0, prevTerm 0
014072 LEAD S2: 1 append success next 1 match 0
014074 LEAD S2: 0 append success next 1 match 0
015082 LEAD S2: prevLog &raft.Entry{Command:interface {}(nil), Term:0, Index:0}
015083 LEAD S2: prevLog &raft.Entry{Command:interface {}(nil), Term:0, Index:0}
015086 INFO S1: (term 1) follower 收到 [2] AppendEntries [], prevIndex 0, prevTerm 0
015086 INFO S0: (term 1) follower 收到 [2] AppendEntries [], prevIndex 0, prevTerm 0
015087 LEAD S2: 0 append success next 1 match 0
015087 LEAD S2: 1 append success next 1 match 0
016086 LEAD S2: prevLog &raft.Entry{Command:interface {}(nil), Term:0, Index:0}
016086 LEAD S2: prevLog &raft.Entry{Command:interface {}(nil), Term:0, Index:0}
016088 INFO S1: (term 1) follower 收到 [2] AppendEntries [], prevIndex 0, prevTerm 0
016089 INFO S0: (term 1) follower 收到 [2] AppendEntries [], prevIndex 0, prevTerm 0
016090 LEAD S2: 1 append success next 1 match 0
016090 LEAD S2: 0 append success next 1 match 0
017091 LEAD S2: prevLog &raft.Entry{Command:interface {}(nil), Term:0, Index:0}
017091 LEAD S2: prevLog &raft.Entry{Command:interface {}(nil), Term:0, Index:0}
017092 INFO S1: (term 1) follower 收到 [2] AppendEntries [], prevIndex 0, prevTerm 0
017092 INFO S0: (term 1) follower 收到 [2] AppendEntries [], prevIndex 0, prevTerm 0
017092 LEAD S2: 1 append success next 1 match 0
017092 LEAD S2: 0 append success next 1 match 0
018094 LEAD S2: prevLog &raft.Entry{Command:interface {}(nil), Term:0, Index:0}
018095 LEAD S2: prevLog &raft.Entry{Command:interface {}(nil), Term:0, Index:0}
018098 INFO S0: (term 1) follower 收到 [2] AppendEntries [], prevIndex 0, prevTerm 0
018098 INFO S1: (term 1) follower 收到 [2] AppendEntries [], prevIndex 0, prevTerm 0
018099 LEAD S2: 0 append success next 1 match 0
018100 LEAD S2: 1 append success next 1 match 0
019099 LEAD S2: prevLog &raft.Entry{Command:interface {}(nil), Term:0, Index:0}
019099 LEAD S2: prevLog &raft.Entry{Command:interface {}(nil), Term:0, Index:0}
019100 INFO S1: (term 1) follower 收到 [2] AppendEntries [], prevIndex 0, prevTerm 0
019100 LEAD S2: 1 append success next 1 match 0
019100 INFO S0: (term 1) follower 收到 [2] AppendEntries [], prevIndex 0, prevTerm 0
019101 LEAD S2: 0 append success next 1 match 0
020104 LEAD S2: prevLog &raft.Entry{Command:interface {}(nil), Term:0, Index:0}
020104 LEAD S2: prevLog &raft.Entry{Command:interface {}(nil), Term:0, Index:0}
020105 INFO S1: (term 1) follower 收到 [2] AppendEntries [], prevIndex 0, prevTerm 0
020105 LEAD S2: 1 append success next 1 match 0
020106 INFO S0: (term 1) follower 收到 [2] AppendEntries [], prevIndex 0, prevTerm 0
020106 LEAD S2: 0 append success next 1 match 0
021107 LEAD S2: prevLog &raft.Entry{Command:interface {}(nil), Term:0, Index:0}
021108 LEAD S2: prevLog &raft.Entry{Command:interface {}(nil), Term:0, Index:0}
021108 INFO S0: (term 1) follower 收到 [2] AppendEntries [], prevIndex 0, prevTerm 0
021108 INFO S1: (term 1) follower 收到 [2] AppendEntries [], prevIndex 0, prevTerm 0
021109 LEAD S2: 1 append success next 1 match 0
021109 LEAD S2: 0 append success next 1 match 0
022114 LEAD S2: prevLog &raft.Entry{Command:interface {}(nil), Term:0, Index:0}
022114 LEAD S2: prevLog &raft.Entry{Command:interface {}(nil), Term:0, Index:0}
022115 INFO S1: (term 1) follower 收到 [2] AppendEntries [], prevIndex 0, prevTerm 0
022116 LEAD S2: 1 append success next 1 match 0
022116 INFO S0: (term 1) follower 收到 [2] AppendEntries [], prevIndex 0, prevTerm 0
022117 LEAD S2: 0 append success next 1 match 0
023118 LEAD S2: prevLog &raft.Entry{Command:interface {}(nil), Term:0, Index:0}
023118 LEAD S2: prevLog &raft.Entry{Command:interface {}(nil), Term:0, Index:0}
023119 INFO S1: (term 1) follower 收到 [2] AppendEntries [], prevIndex 0, prevTerm 0
023119 LEAD S2: 1 append success next 1 match 0
023119 INFO S0: (term 1) follower 收到 [2] AppendEntries [], prevIndex 0, prevTerm 0
023120 LEAD S2: 0 append success next 1 match 0
024122 LEAD S2: prevLog &raft.Entry{Command:interface {}(nil), Term:0, Index:0}
024122 LEAD S2: prevLog &raft.Entry{Command:interface {}(nil), Term:0, Index:0}
024122 INFO S0: (term 1) follower 收到 [2] AppendEntries [], prevIndex 0, prevTerm 0
024122 INFO S1: (term 1) follower 收到 [2] AppendEntries [], prevIndex 0, prevTerm 0
024123 LEAD S2: 0 append success next 1 match 0
024123 LEAD S2: 1 append success next 1 match 0
025125 LEAD S2: prevLog &raft.Entry{Command:interface {}(nil), Term:0, Index:0}
025125 LEAD S2: prevLog &raft.Entry{Command:interface {}(nil), Term:0, Index:0}
025126 INFO S1: (term 1) follower 收到 [2] AppendEntries [], prevIndex 0, prevTerm 0
025126 LEAD S2: 1 append success next 1 match 0
025127 INFO S0: (term 1) follower 收到 [2] AppendEntries [], prevIndex 0, prevTerm 0
025127 LEAD S2: 0 append success next 1 match 0
026128 LEAD S2: prevLog &raft.Entry{Command:interface {}(nil), Term:0, Index:0}
026128 LEAD S2: prevLog &raft.Entry{Command:interface {}(nil), Term:0, Index:0}
026129 INFO S1: (term 1) follower 收到 [2] AppendEntries [], prevIndex 0, prevTerm 0
026129 INFO S0: (term 1) follower 收到 [2] AppendEntries [], prevIndex 0, prevTerm 0
026130 LEAD S2: 1 append success next 1 match 0
026130 LEAD S2: 0 append success next 1 match 0
027132 LEAD S2: prevLog &raft.Entry{Command:interface {}(nil), Term:0, Index:0}
027132 LEAD S2: prevLog &raft.Entry{Command:interface {}(nil), Term:0, Index:0}
027132 INFO S1: (term 1) follower 收到 [2] AppendEntries [], prevIndex 0, prevTerm 0
027133 LEAD S2: 1 append success next 1 match 0
027133 INFO S0: (term 1) follower 收到 [2] AppendEntries [], prevIndex 0, prevTerm 0
027133 LEAD S2: 0 append success next 1 match 0
028136 LEAD S2: prevLog &raft.Entry{Command:interface {}(nil), Term:0, Index:0}
028137 LEAD S2: prevLog &raft.Entry{Command:interface {}(nil), Term:0, Index:0}
028140 INFO S1: (term 1) follower 收到 [2] AppendEntries [], prevIndex 0, prevTerm 0
028140 INFO S0: (term 1) follower 收到 [2] AppendEntries [], prevIndex 0, prevTerm 0
028142 LEAD S2: 1 append success next 1 match 0
028142 LEAD S2: 0 append success next 1 match 0
029141 LEAD S2: prevLog &raft.Entry{Command:interface {}(nil), Term:0, Index:0}
029142 LEAD S2: prevLog &raft.Entry{Command:interface {}(nil), Term:0, Index:0}
029142 INFO S1: (term 1) follower 收到 [2] AppendEntries [], prevIndex 0, prevTerm 0
029143 INFO S0: (term 1) follower 收到 [2] AppendEntries [], prevIndex 0, prevTerm 0
029143 LEAD S2: 0 append success next 1 match 0
029144 LEAD S2: 1 append success next 1 match 0
030144 LEAD S2: prevLog &raft.Entry{Command:interface {}(nil), Term:0, Index:0}
030144 LEAD S2: prevLog &raft.Entry{Command:interface {}(nil), Term:0, Index:0}
030145 INFO S0: (term 1) follower 收到 [2] AppendEntries [], prevIndex 0, prevTerm 0
030145 INFO S1: (term 1) follower 收到 [2] AppendEntries [], prevIndex 0, prevTerm 0
030145 LEAD S2: 0 append success next 1 match 0
030145 LEAD S2: 1 append success next 1 match 0
031149 LEAD S2: prevLog &raft.Entry{Command:interface {}(nil), Term:0, Index:0}
031149 LEAD S2: prevLog &raft.Entry{Command:interface {}(nil), Term:0, Index:0}
031152 INFO S1: (term 1) follower 收到 [2] AppendEntries [], prevIndex 0, prevTerm 0
031152 INFO S0: (term 1) follower 收到 [2] AppendEntries [], prevIndex 0, prevTerm 0
031153 LEAD S2: 1 append success next 1 match 0
031154 LEAD S2: 0 append success next 1 match 0
032153 LEAD S2: prevLog &raft.Entry{Command:interface {}(nil), Term:0, Index:0}
032153 LEAD S2: prevLog &raft.Entry{Command:interface {}(nil), Term:0, Index:0}
032156 INFO S0: (term 1) follower 收到 [2] AppendEntries [], prevIndex 0, prevTerm 0
032156 INFO S1: (term 1) follower 收到 [2] AppendEntries [], prevIndex 0, prevTerm 0
032157 LEAD S2: 1 append success next 1 match 0
032158 LEAD S2: 0 append success next 1 match 0
033161 LEAD S2: prevLog &raft.Entry{Command:interface {}(nil), Term:0, Index:0}
033161 LEAD S2: prevLog &raft.Entry{Command:interface {}(nil), Term:0, Index:0}
033164 INFO S0: (term 1) follower 收到 [2] AppendEntries [], prevIndex 0, prevTerm 0
033164 INFO S1: (term 1) follower 收到 [2] AppendEntries [], prevIndex 0, prevTerm 0
033165 LEAD S2: 0 append success next 1 match 0
033166 LEAD S2: 1 append success next 1 match 0
034165 LEAD S2: prevLog &raft.Entry{Command:interface {}(nil), Term:0, Index:0}
034165 LEAD S2: prevLog &raft.Entry{Command:interface {}(nil), Term:0, Index:0}
034166 INFO S1: (term 1) follower 收到 [2] AppendEntries [], prevIndex 0, prevTerm 0
034166 INFO S0: (term 1) follower 收到 [2] AppendEntries [], prevIndex 0, prevTerm 0
034166 LEAD S2: 0 append success next 1 match 0
034166 LEAD S2: 1 append success next 1 match 0
035169 LEAD S2: prevLog &raft.Entry{Command:interface {}(nil), Term:0, Index:0}
035169 LEAD S2: prevLog &raft.Entry{Command:interface {}(nil), Term:0, Index:0}
035170 INFO S1: (term 1) follower 收到 [2] AppendEntries [], prevIndex 0, prevTerm 0
035170 INFO S0: (term 1) follower 收到 [2] AppendEntries [], prevIndex 0, prevTerm 0
035170 LEAD S2: 1 append success next 1 match 0
035170 LEAD S2: 0 append success next 1 match 0
036173 LEAD S2: prevLog &raft.Entry{Command:interface {}(nil), Term:0, Index:0}
036173 LEAD S2: prevLog &raft.Entry{Command:interface {}(nil), Term:0, Index:0}
036174 INFO S0: (term 1) follower 收到 [2] AppendEntries [], prevIndex 0, prevTerm 0
036174 INFO S1: (term 1) follower 收到 [2] AppendEntries [], prevIndex 0, prevTerm 0
036174 LEAD S2: 0 append success next 1 match 0
036175 LEAD S2: 1 append success next 1 match 0
037178 LEAD S2: prevLog &raft.Entry{Command:interface {}(nil), Term:0, Index:0}
037178 LEAD S2: prevLog &raft.Entry{Command:interface {}(nil), Term:0, Index:0}
037179 INFO S1: (term 1) follower 收到 [2] AppendEntries [], prevIndex 0, prevTerm 0
037179 LEAD S2: 1 append success next 1 match 0
037179 INFO S0: (term 1) follower 收到 [2] AppendEntries [], prevIndex 0, prevTerm 0
037180 LEAD S2: 0 append success next 1 match 0
038184 LEAD S2: prevLog &raft.Entry{Command:interface {}(nil), Term:0, Index:0}
038184 LEAD S2: prevLog &raft.Entry{Command:interface {}(nil), Term:0, Index:0}
038187 INFO S1: (term 1) follower 收到 [2] AppendEntries [], prevIndex 0, prevTerm 0
038187 INFO S0: (term 1) follower 收到 [2] AppendEntries [], prevIndex 0, prevTerm 0
038188 LEAD S2: 1 append success next 1 match 0
038189 LEAD S2: 0 append success next 1 match 0
039189 LEAD S2: prevLog &raft.Entry{Command:interface {}(nil), Term:0, Index:0}
039189 LEAD S2: prevLog &raft.Entry{Command:interface {}(nil), Term:0, Index:0}
039190 INFO S1: (term 1) follower 收到 [2] AppendEntries [], prevIndex 0, prevTerm 0
039190 LEAD S2: 1 append success next 1 match 0
039190 INFO S0: (term 1) follower 收到 [2] AppendEntries [], prevIndex 0, prevTerm 0
039191 LEAD S2: 0 append success next 1 match 0
040193 LEAD S2: prevLog &raft.Entry{Command:interface {}(nil), Term:0, Index:0}
040193 LEAD S2: prevLog &raft.Entry{Command:interface {}(nil), Term:0, Index:0}
040194 INFO S1: (term 1) follower 收到 [2] AppendEntries [], prevIndex 0, prevTerm 0
040194 INFO S0: (term 1) follower 收到 [2] AppendEntries [], prevIndex 0, prevTerm 0
040194 LEAD S2: 1 append success next 1 match 0
040195 LEAD S2: 0 append success next 1 match 0
041199 LEAD S2: prevLog &raft.Entry{Command:interface {}(nil), Term:0, Index:0}
041200 LEAD S2: prevLog &raft.Entry{Command:interface {}(nil), Term:0, Index:0}
041202 INFO S0: (term 1) follower 收到 [2] AppendEntries [], prevIndex 0, prevTerm 0
041202 INFO S1: (term 1) follower 收到 [2] AppendEntries [], prevIndex 0, prevTerm 0
041204 LEAD S2: 1 append success next 1 match 0
041204 LEAD S2: 0 append success next 1 match 0
042201 LEAD S2: prevLog &raft.Entry{Command:interface {}(nil), Term:0, Index:0}
042202 LEAD S2: prevLog &raft.Entry{Command:interface {}(nil), Term:0, Index:0}
042202 INFO S1: (term 1) follower 收到 [2] AppendEntries [], prevIndex 0, prevTerm 0
042202 INFO S0: (term 1) follower 收到 [2] AppendEntries [], prevIndex 0, prevTerm 0
042203 LEAD S2: 1 append success next 1 match 0
042203 LEAD S2: 0 append success next 1 match 0
043205 LEAD S2: prevLog &raft.Entry{Command:interface {}(nil), Term:0, Index:0}
043205 LEAD S2: prevLog &raft.Entry{Command:interface {}(nil), Term:0, Index:0}
043206 INFO S1: (term 1) follower 收到 [2] AppendEntries [], prevIndex 0, prevTerm 0
043206 LEAD S2: 1 append success next 1 match 0
043207 INFO S0: (term 1) follower 收到 [2] AppendEntries [], prevIndex 0, prevTerm 0
043207 LEAD S2: 0 append success next 1 match 0
044210 LEAD S2: prevLog &raft.Entry{Command:interface {}(nil), Term:0, Index:0}
044210 LEAD S2: prevLog &raft.Entry{Command:interface {}(nil), Term:0, Index:0}
044211 INFO S1: (term 1) follower 收到 [2] AppendEntries [], prevIndex 0, prevTerm 0
044211 INFO S0: (term 1) follower 收到 [2] AppendEntries [], prevIndex 0, prevTerm 0
044211 LEAD S2: 0 append success next 1 match 0
044211 LEAD S2: 1 append success next 1 match 0
045213 LEAD S2: prevLog &raft.Entry{Command:interface {}(nil), Term:0, Index:0}
045213 LEAD S2: prevLog &raft.Entry{Command:interface {}(nil), Term:0, Index:0}
045214 INFO S1: (term 1) follower 收到 [2] AppendEntries [], prevIndex 0, prevTerm 0
045214 LEAD S2: 1 append success next 1 match 0
045214 INFO S0: (term 1) follower 收到 [2] AppendEntries [], prevIndex 0, prevTerm 0
045214 LEAD S2: 0 append success next 1 match 0
046218 LEAD S2: prevLog &raft.Entry{Command:interface {}(nil), Term:0, Index:0}
046218 LEAD S2: prevLog &raft.Entry{Command:interface {}(nil), Term:0, Index:0}
046221 INFO S0: (term 1) follower 收到 [2] AppendEntries [], prevIndex 0, prevTerm 0
046221 INFO S1: (term 1) follower 收到 [2] AppendEntries [], prevIndex 0, prevTerm 0
046223 LEAD S2: 0 append success next 1 match 0
046224 LEAD S2: 1 append success next 1 match 0
047223 LEAD S2: prevLog &raft.Entry{Command:interface {}(nil), Term:0, Index:0}
047223 LEAD S2: prevLog &raft.Entry{Command:interface {}(nil), Term:0, Index:0}
047224 INFO S1: (term 1) follower 收到 [2] AppendEntries [], prevIndex 0, prevTerm 0
047224 LEAD S2: 1 append success next 1 match 0
047224 INFO S0: (term 1) follower 收到 [2] AppendEntries [], prevIndex 0, prevTerm 0
047224 LEAD S2: 0 append success next 1 match 0
048226 LEAD S2: prevLog &raft.Entry{Command:interface {}(nil), Term:0, Index:0}
048226 LEAD S2: prevLog &raft.Entry{Command:interface {}(nil), Term:0, Index:0}
048227 INFO S1: (term 1) follower 收到 [2] AppendEntries [], prevIndex 0, prevTerm 0
048227 LEAD S2: 1 append success next 1 match 0
048228 INFO S0: (term 1) follower 收到 [2] AppendEntries [], prevIndex 0, prevTerm 0
048228 LEAD S2: 0 append success next 1 match 0
049230 LEAD S2: prevLog &raft.Entry{Command:interface {}(nil), Term:0, Index:0}
049230 LEAD S2: prevLog &raft.Entry{Command:interface {}(nil), Term:0, Index:0}
049231 INFO S1: (term 1) follower 收到 [2] AppendEntries [], prevIndex 0, prevTerm 0
049231 LEAD S2: 1 append success next 1 match 0
049231 INFO S0: (term 1) follower 收到 [2] AppendEntries [], prevIndex 0, prevTerm 0
049232 LEAD S2: 0 append success next 1 match 0
050233 LEAD S2: prevLog &raft.Entry{Command:interface {}(nil), Term:0, Index:0}
050233 LEAD S2: prevLog &raft.Entry{Command:interface {}(nil), Term:0, Index:0}
050234 INFO S0: (term 1) follower 收到 [2] AppendEntries [], prevIndex 0, prevTerm 0
050234 INFO S1: (term 1) follower 收到 [2] AppendEntries [], prevIndex 0, prevTerm 0
050234 LEAD S2: 0 append success next 1 match 0
050234 LEAD S2: 1 append success next 1 match 0
051236 LEAD S2: prevLog &raft.Entry{Command:interface {}(nil), Term:0, Index:0}
051236 LEAD S2: prevLog &raft.Entry{Command:interface {}(nil), Term:0, Index:0}
051236 INFO S1: (term 1) follower 收到 [2] AppendEntries [], prevIndex 0, prevTerm 0
051236 INFO S0: (term 1) follower 收到 [2] AppendEntries [], prevIndex 0, prevTerm 0
051237 LEAD S2: 0 append success next 1 match 0
051237 LEAD S2: 1 append success next 1 match 0
052240 LEAD S2: prevLog &raft.Entry{Command:interface {}(nil), Term:0, Index:0}
052241 LEAD S2: prevLog &raft.Entry{Command:interface {}(nil), Term:0, Index:0}
052242 INFO S1: (term 1) follower 收到 [2] AppendEntries [], prevIndex 0, prevTerm 0
052242 INFO S0: (term 1) follower 收到 [2] AppendEntries [], prevIndex 0, prevTerm 0
052242 LEAD S2: 1 append success next 1 match 0
052242 LEAD S2: 0 append success next 1 match 0
053244 LEAD S2: prevLog &raft.Entry{Command:interface {}(nil), Term:0, Index:0}
053244 LEAD S2: prevLog &raft.Entry{Command:interface {}(nil), Term:0, Index:0}
053245 INFO S1: (term 1) follower 收到 [2] AppendEntries [], prevIndex 0, prevTerm 0
053245 INFO S0: (term 1) follower 收到 [2] AppendEntries [], prevIndex 0, prevTerm 0
053246 LEAD S2: 1 append success next 1 match 0
053246 LEAD S2: 0 append success next 1 match 0
054250 LEAD S2: prevLog &raft.Entry{Command:interface {}(nil), Term:0, Index:0}
054250 LEAD S2: prevLog &raft.Entry{Command:interface {}(nil), Term:0, Index:0}
054251 INFO S0: (term 1) follower 收到 [2] AppendEntries [], prevIndex 0, prevTerm 0
054251 INFO S1: (term 1) follower 收到 [2] AppendEntries [], prevIndex 0, prevTerm 0
054251 LEAD S2: 0 append success next 1 match 0
054252 LEAD S2: 1 append success next 1 match 0
055253 LEAD S2: prevLog &raft.Entry{Command:interface {}(nil), Term:0, Index:0}
055253 LEAD S2: prevLog &raft.Entry{Command:interface {}(nil), Term:0, Index:0}
055254 INFO S0: (term 1) follower 收到 [2] AppendEntries [], prevIndex 0, prevTerm 0
055254 INFO S1: (term 1) follower 收到 [2] AppendEntries [], prevIndex 0, prevTerm 0
055255 LEAD S2: 0 append success next 1 match 0
055255 LEAD S2: 1 append success next 1 match 0
056256 LEAD S2: prevLog &raft.Entry{Command:interface {}(nil), Term:0, Index:0}
056257 LEAD S2: prevLog &raft.Entry{Command:interface {}(nil), Term:0, Index:0}
056257 INFO S1: (term 1) follower 收到 [2] AppendEntries [], prevIndex 0, prevTerm 0
056258 INFO S0: (term 1) follower 收到 [2] AppendEntries [], prevIndex 0, prevTerm 0
056258 LEAD S2: 1 append success next 1 match 0
056258 LEAD S2: 0 append success next 1 match 0
057259 LEAD S2: prevLog &raft.Entry{Command:interface {}(nil), Term:0, Index:0}
057260 LEAD S2: prevLog &raft.Entry{Command:interface {}(nil), Term:0, Index:0}
057260 INFO S1: (term 1) follower 收到 [2] AppendEntries [], prevIndex 0, prevTerm 0
057261 LEAD S2: 1 append success next 1 match 0
057261 INFO S0: (term 1) follower 收到 [2] AppendEntries [], prevIndex 0, prevTerm 0
057261 LEAD S2: 0 append success next 1 match 0
058268 LEAD S2: prevLog &raft.Entry{Command:interface {}(nil), Term:0, Index:0}
058269 LEAD S2: prevLog &raft.Entry{Command:interface {}(nil), Term:0, Index:0}
058271 INFO S1: (term 1) follower 收到 [2] AppendEntries [], prevIndex 0, prevTerm 0
058271 INFO S0: (term 1) follower 收到 [2] AppendEntries [], prevIndex 0, prevTerm 0
058272 LEAD S2: 1 append success next 1 match 0
058272 LEAD S2: 0 append success next 1 match 0
059270 LEAD S2: prevLog &raft.Entry{Command:interface {}(nil), Term:0, Index:0}
059270 LEAD S2: prevLog &raft.Entry{Command:interface {}(nil), Term:0, Index:0}
059271 INFO S0: (term 1) follower 收到 [2] AppendEntries [], prevIndex 0, prevTerm 0
059271 INFO S1: (term 1) follower 收到 [2] AppendEntries [], prevIndex 0, prevTerm 0
059271 LEAD S2: 0 append success next 1 match 0
059271 LEAD S2: 1 append success next 1 match 0
060275 LEAD S2: prevLog &raft.Entry{Command:interface {}(nil), Term:0, Index:0}
060275 LEAD S2: prevLog &raft.Entry{Command:interface {}(nil), Term:0, Index:0}
060276 INFO S1: (term 1) follower 收到 [2] AppendEntries [], prevIndex 0, prevTerm 0
060276 INFO S0: (term 1) follower 收到 [2] AppendEntries [], prevIndex 0, prevTerm 0
060276 LEAD S2: 0 append success next 1 match 0
060276 LEAD S2: 1 append success next 1 match 0
061278 LEAD S2: prevLog &raft.Entry{Command:interface {}(nil), Term:0, Index:0}
061278 LEAD S2: prevLog &raft.Entry{Command:interface {}(nil), Term:0, Index:0}
061279 INFO S1: (term 1) follower 收到 [2] AppendEntries [], prevIndex 0, prevTerm 0
061280 INFO S0: (term 1) follower 收到 [2] AppendEntries [], prevIndex 0, prevTerm 0
061280 LEAD S2: 1 append success next 1 match 0
061280 LEAD S2: 0 append success next 1 match 0
062283 LEAD S2: prevLog &raft.Entry{Command:interface {}(nil), Term:0, Index:0}
062283 LEAD S2: prevLog &raft.Entry{Command:interface {}(nil), Term:0, Index:0}
062284 INFO S1: (term 1) follower 收到 [2] AppendEntries [], prevIndex 0, prevTerm 0
062284 LEAD S2: 1 append success next 1 match 0
062284 INFO S0: (term 1) follower 收到 [2] AppendEntries [], prevIndex 0, prevTerm 0
062285 LEAD S2: 0 append success next 1 match 0
063286 LEAD S2: prevLog &raft.Entry{Command:interface {}(nil), Term:0, Index:0}
063287 LEAD S2: prevLog &raft.Entry{Command:interface {}(nil), Term:0, Index:0}
063288 INFO S1: (term 1) follower 收到 [2] AppendEntries [], prevIndex 0, prevTerm 0
063288 INFO S0: (term 1) follower 收到 [2] AppendEntries [], prevIndex 0, prevTerm 0
063289 LEAD S2: 0 append success next 1 match 0
063290 LEAD S2: 1 append success next 1 match 0
064292 LEAD S2: prevLog &raft.Entry{Command:interface {}(nil), Term:0, Index:0}
064293 LEAD S2: prevLog &raft.Entry{Command:interface {}(nil), Term:0, Index:0}
064295 INFO S1: (term 1) follower 收到 [2] AppendEntries [], prevIndex 0, prevTerm 0
064297 LEAD S2: 1 append success next 1 match 0
064298 INFO S0: (term 1) follower 收到 [2] AppendEntries [], prevIndex 0, prevTerm 0
064301 LEAD S2: 0 append success next 1 match 0
065296 LEAD S2: prevLog &raft.Entry{Command:interface {}(nil), Term:0, Index:0}
065296 LEAD S2: prevLog &raft.Entry{Command:interface {}(nil), Term:0, Index:0}
065296 INFO S1: (term 1) follower 收到 [2] AppendEntries [], prevIndex 0, prevTerm 0
065296 INFO S0: (term 1) follower 收到 [2] AppendEntries [], prevIndex 0, prevTerm 0
065297 LEAD S2: 0 append success next 1 match 0
065297 LEAD S2: 1 append success next 1 match 0
066300 LEAD S2: prevLog &raft.Entry{Command:interface {}(nil), Term:0, Index:0}
066301 LEAD S2: prevLog &raft.Entry{Command:interface {}(nil), Term:0, Index:0}
066302 INFO S1: (term 1) follower 收到 [2] AppendEntries [], prevIndex 0, prevTerm 0
066302 INFO S0: (term 1) follower 收到 [2] AppendEntries [], prevIndex 0, prevTerm 0
066303 LEAD S2: 1 append success next 1 match 0
066303 LEAD S2: 0 append success next 1 match 0
067305 LEAD S2: prevLog &raft.Entry{Command:interface {}(nil), Term:0, Index:0}
067306 LEAD S2: prevLog &raft.Entry{Command:interface {}(nil), Term:0, Index:0}
067310 INFO S1: (term 1) follower 收到 [2] AppendEntries [], prevIndex 0, prevTerm 0
067310 INFO S0: (term 1) follower 收到 [2] AppendEntries [], prevIndex 0, prevTerm 0
067312 LEAD S2: 1 append success next 1 match 0
067313 LEAD S2: 0 append success next 1 match 0
068309 LEAD S2: prevLog &raft.Entry{Command:interface {}(nil), Term:0, Index:0}
068309 LEAD S2: prevLog &raft.Entry{Command:interface {}(nil), Term:0, Index:0}
068310 INFO S1: (term 1) follower 收到 [2] AppendEntries [], prevIndex 0, prevTerm 0
068310 INFO S0: (term 1) follower 收到 [2] AppendEntries [], prevIndex 0, prevTerm 0
068310 LEAD S2: 1 append success next 1 match 0
068311 LEAD S2: 0 append success next 1 match 0
069312 LEAD S2: prevLog &raft.Entry{Command:interface {}(nil), Term:0, Index:0}
069312 LEAD S2: prevLog &raft.Entry{Command:interface {}(nil), Term:0, Index:0}
069313 INFO S1: (term 1) follower 收到 [2] AppendEntries [], prevIndex 0, prevTerm 0
069313 LEAD S2: 1 append success next 1 match 0
069314 INFO S0: (term 1) follower 收到 [2] AppendEntries [], prevIndex 0, prevTerm 0
069314 LEAD S2: 0 append success next 1 match 0
070316 LEAD S2: prevLog &raft.Entry{Command:interface {}(nil), Term:0, Index:0}
070316 LEAD S2: prevLog &raft.Entry{Command:interface {}(nil), Term:0, Index:0}
070317 INFO S1: (term 1) follower 收到 [2] AppendEntries [], prevIndex 0, prevTerm 0
070317 LEAD S2: 1 append success next 1 match 0
070317 INFO S0: (term 1) follower 收到 [2] AppendEntries [], prevIndex 0, prevTerm 0
070318 LEAD S2: 0 append success next 1 match 0
071319 LEAD S2: prevLog &raft.Entry{Command:interface {}(nil), Term:0, Index:0}
071320 LEAD S2: prevLog &raft.Entry{Command:interface {}(nil), Term:0, Index:0}
071321 INFO S1: (term 1) follower 收到 [2] AppendEntries [], prevIndex 0, prevTerm 0
071321 INFO S0: (term 1) follower 收到 [2] AppendEntries [], prevIndex 0, prevTerm 0
071321 LEAD S2: 1 append success next 1 match 0
071321 LEAD S2: 0 append success next 1 match 0
072324 LEAD S2: prevLog &raft.Entry{Command:interface {}(nil), Term:0, Index:0}
072324 LEAD S2: prevLog &raft.Entry{Command:interface {}(nil), Term:0, Index:0}
072325 INFO S1: (term 1) follower 收到 [2] AppendEntries [], prevIndex 0, prevTerm 0
072325 LEAD S2: 1 append success next 1 match 0
072325 INFO S0: (term 1) follower 收到 [2] AppendEntries [], prevIndex 0, prevTerm 0
072326 LEAD S2: 0 append success next 1 match 0
073328 LEAD S2: prevLog &raft.Entry{Command:interface {}(nil), Term:0, Index:0}
073328 LEAD S2: prevLog &raft.Entry{Command:interface {}(nil), Term:0, Index:0}
073329 INFO S0: (term 1) follower 收到 [2] AppendEntries [], prevIndex 0, prevTerm 0
073329 LEAD S2: 0 append success next 1 match 0
073330 INFO S1: (term 1) follower 收到 [2] AppendEntries [], prevIndex 0, prevTerm 0
073330 LEAD S2: 1 append success next 1 match 0
074333 LEAD S2: prevLog &raft.Entry{Command:interface {}(nil), Term:0, Index:0}
074333 LEAD S2: prevLog &raft.Entry{Command:interface {}(nil), Term:0, Index:0}
074334 INFO S0: (term 1) follower 收到 [2] AppendEntries [], prevIndex 0, prevTerm 0
074334 INFO S1: (term 1) follower 收到 [2] AppendEntries [], prevIndex 0, prevTerm 0
074334 LEAD S2: 0 append success next 1 match 0
074334 LEAD S2: 1 append success next 1 match 0
075337 LEAD S2: prevLog &raft.Entry{Command:interface {}(nil), Term:0, Index:0}
075337 LEAD S2: prevLog &raft.Entry{Command:interface {}(nil), Term:0, Index:0}
075338 INFO S1: (term 1) follower 收到 [2] AppendEntries [], prevIndex 0, prevTerm 0
075338 LEAD S2: 1 append success next 1 match 0
075338 INFO S0: (term 1) follower 收到 [2] AppendEntries [], prevIndex 0, prevTerm 0
075339 LEAD S2: 0 append success next 1 match 0
076343 LEAD S2: prevLog &raft.Entry{Command:interface {}(nil), Term:0, Index:0}
076343 LEAD S2: prevLog &raft.Entry{Command:interface {}(nil), Term:0, Index:0}
076345 INFO S0: (term 1) follower 收到 [2] AppendEntries [], prevIndex 0, prevTerm 0
076346 INFO S1: (term 1) follower 收到 [2] AppendEntries [], prevIndex 0, prevTerm 0
076346 LEAD S2: 0 append success next 1 match 0
076347 LEAD S2: 1 append success next 1 match 0
077347 LEAD S2: prevLog &raft.Entry{Command:interface {}(nil), Term:0, Index:0}
077348 LEAD S2: prevLog &raft.Entry{Command:interface {}(nil), Term:0, Index:0}
077348 INFO S1: (term 1) follower 收到 [2] AppendEntries [], prevIndex 0, prevTerm 0
077349 LEAD S2: 1 append success next 1 match 0
077349 INFO S0: (term 1) follower 收到 [2] AppendEntries [], prevIndex 0, prevTerm 0
077349 LEAD S2: 0 append success next 1 match 0
078351 LEAD S2: prevLog &raft.Entry{Command:interface {}(nil), Term:0, Index:0}
078352 LEAD S2: prevLog &raft.Entry{Command:interface {}(nil), Term:0, Index:0}
078352 INFO S1: (term 1) follower 收到 [2] AppendEntries [], prevIndex 0, prevTerm 0
078352 INFO S0: (term 1) follower 收到 [2] AppendEntries [], prevIndex 0, prevTerm 0
078353 LEAD S2: 1 append success next 1 match 0
078353 LEAD S2: 0 append success next 1 match 0
079355 LEAD S2: prevLog &raft.Entry{Command:interface {}(nil), Term:0, Index:0}
079356 LEAD S2: prevLog &raft.Entry{Command:interface {}(nil), Term:0, Index:0}
079356 INFO S1: (term 1) follower 收到 [2] AppendEntries [], prevIndex 0, prevTerm 0
079356 INFO S0: (term 1) follower 收到 [2] AppendEntries [], prevIndex 0, prevTerm 0
079357 LEAD S2: 1 append success next 1 match 0
079357 LEAD S2: 0 append success next 1 match 0
080359 LEAD S2: prevLog &raft.Entry{Command:interface {}(nil), Term:0, Index:0}
080359 LEAD S2: prevLog &raft.Entry{Command:interface {}(nil), Term:0, Index:0}
080360 INFO S1: (term 1) follower 收到 [2] AppendEntries [], prevIndex 0, prevTerm 0
080360 LEAD S2: 1 append success next 1 match 0
080360 INFO S0: (term 1) follower 收到 [2] AppendEntries [], prevIndex 0, prevTerm 0
080361 LEAD S2: 0 append success next 1 match 0
081365 LEAD S2: prevLog &raft.Entry{Command:interface {}(nil), Term:0, Index:0}
081365 LEAD S2: prevLog &raft.Entry{Command:interface {}(nil), Term:0, Index:0}
081367 INFO S1: (term 1) follower 收到 [2] AppendEntries [], prevIndex 0, prevTerm 0
081369 LEAD S2: 1 append success next 1 match 0
081370 INFO S0: (term 1) follower 收到 [2] AppendEntries [], prevIndex 0, prevTerm 0
081372 LEAD S2: 0 append success next 1 match 0
082370 LEAD S2: prevLog &raft.Entry{Command:interface {}(nil), Term:0, Index:0}
082370 LEAD S2: prevLog &raft.Entry{Command:interface {}(nil), Term:0, Index:0}
082371 INFO S1: (term 1) follower 收到 [2] AppendEntries [], prevIndex 0, prevTerm 0
082371 LEAD S2: 1 append success next 1 match 0
082371 INFO S0: (term 1) follower 收到 [2] AppendEntries [], prevIndex 0, prevTerm 0
082372 LEAD S2: 0 append success next 1 match 0
083374 LEAD S2: prevLog &raft.Entry{Command:interface {}(nil), Term:0, Index:0}
083375 LEAD S2: prevLog &raft.Entry{Command:interface {}(nil), Term:0, Index:0}
083376 INFO S1: (term 1) follower 收到 [2] AppendEntries [], prevIndex 0, prevTerm 0
083376 INFO S0: (term 1) follower 收到 [2] AppendEntries [], prevIndex 0, prevTerm 0
083376 LEAD S2: 0 append success next 1 match 0
083376 LEAD S2: 1 append success next 1 match 0
084380 LEAD S2: prevLog &raft.Entry{Command:interface {}(nil), Term:0, Index:0}
084380 LEAD S2: prevLog &raft.Entry{Command:interface {}(nil), Term:0, Index:0}
084381 INFO S0: (term 1) follower 收到 [2] AppendEntries [], prevIndex 0, prevTerm 0
084381 LEAD S2: 0 append success next 1 match 0
084381 INFO S1: (term 1) follower 收到 [2] AppendEntries [], prevIndex 0, prevTerm 0
084382 LEAD S2: 1 append success next 1 match 0
085387 LEAD S2: prevLog &raft.Entry{Command:interface {}(nil), Term:0, Index:0}
085388 LEAD S2: prevLog &raft.Entry{Command:interface {}(nil), Term:0, Index:0}
085392 INFO S1: (term 1) follower 收到 [2] AppendEntries [], prevIndex 0, prevTerm 0
085392 INFO S0: (term 1) follower 收到 [2] AppendEntries [], prevIndex 0, prevTerm 0
085393 LEAD S2: 1 append success next 1 match 0
085394 LEAD S2: 0 append success next 1 match 0
086390 LEAD S2: prevLog &raft.Entry{Command:interface {}(nil), Term:0, Index:0}
086390 LEAD S2: prevLog &raft.Entry{Command:interface {}(nil), Term:0, Index:0}
086391 INFO S1: (term 1) follower 收到 [2] AppendEntries [], prevIndex 0, prevTerm 0
086391 INFO S0: (term 1) follower 收到 [2] AppendEntries [], prevIndex 0, prevTerm 0
086391 LEAD S2: 1 append success next 1 match 0
086392 LEAD S2: 0 append success next 1 match 0
087394 LEAD S2: prevLog &raft.Entry{Command:interface {}(nil), Term:0, Index:0}
087395 LEAD S2: prevLog &raft.Entry{Command:interface {}(nil), Term:0, Index:0}
087396 INFO S0: (term 1) follower 收到 [2] AppendEntries [], prevIndex 0, prevTerm 0
087396 LEAD S2: 0 append success next 1 match 0
087396 INFO S1: (term 1) follower 收到 [2] AppendEntries [], prevIndex 0, prevTerm 0
087397 LEAD S2: 1 append success next 1 match 0
088398 LEAD S2: prevLog &raft.Entry{Command:interface {}(nil), Term:0, Index:0}
088398 LEAD S2: prevLog &raft.Entry{Command:interface {}(nil), Term:0, Index:0}
088399 INFO S1: (term 1) follower 收到 [2] AppendEntries [], prevIndex 0, prevTerm 0
088399 LEAD S2: 1 append success next 1 match 0
088399 INFO S0: (term 1) follower 收到 [2] AppendEntries [], prevIndex 0, prevTerm 0
088400 LEAD S2: 0 append success next 1 match 0
089401 LEAD S2: prevLog &raft.Entry{Command:interface {}(nil), Term:0, Index:0}
089402 LEAD S2: prevLog &raft.Entry{Command:interface {}(nil), Term:0, Index:0}
089404 INFO S0: (term 1) follower 收到 [2] AppendEntries [], prevIndex 0, prevTerm 0
089406 LEAD S2: 0 append success next 1 match 0
089407 INFO S1: (term 1) follower 收到 [2] AppendEntries [], prevIndex 0, prevTerm 0
089409 LEAD S2: 1 append success next 1 match 0
090408 LEAD S2: prevLog &raft.Entry{Command:interface {}(nil), Term:0, Index:0}
090408 LEAD S2: prevLog &raft.Entry{Command:interface {}(nil), Term:0, Index:0}
090408 INFO S1: (term 1) follower 收到 [2] AppendEntries [], prevIndex 0, prevTerm 0
090409 LEAD S2: 1 append success next 1 match 0
090409 INFO S0: (term 1) follower 收到 [2] AppendEntries [], prevIndex 0, prevTerm 0
090409 LEAD S2: 0 append success next 1 match 0
091412 LEAD S2: prevLog &raft.Entry{Command:interface {}(nil), Term:0, Index:0}
091412 LEAD S2: prevLog &raft.Entry{Command:interface {}(nil), Term:0, Index:0}
091413 INFO S0: (term 1) follower 收到 [2] AppendEntries [], prevIndex 0, prevTerm 0
091413 INFO S1: (term 1) follower 收到 [2] AppendEntries [], prevIndex 0, prevTerm 0
091413 LEAD S2: 0 append success next 1 match 0
091413 LEAD S2: 1 append success next 1 match 0
092419 LEAD S2: prevLog &raft.Entry{Command:interface {}(nil), Term:0, Index:0}
092420 LEAD S2: prevLog &raft.Entry{Command:interface {}(nil), Term:0, Index:0}
092423 INFO S1: (term 1) follower 收到 [2] AppendEntries [], prevIndex 0, prevTerm 0
092423 INFO S0: (term 1) follower 收到 [2] AppendEntries [], prevIndex 0, prevTerm 0
092424 LEAD S2: 0 append success next 1 match 0
092424 LEAD S2: 1 append success next 1 match 0
093424 LEAD S2: prevLog &raft.Entry{Command:interface {}(nil), Term:0, Index:0}
093424 LEAD S2: prevLog &raft.Entry{Command:interface {}(nil), Term:0, Index:0}
093427 INFO S0: (term 1) follower 收到 [2] AppendEntries [], prevIndex 0, prevTerm 0
093427 INFO S1: (term 1) follower 收到 [2] AppendEntries [], prevIndex 0, prevTerm 0
093429 LEAD S2: 0 append success next 1 match 0
093430 LEAD S2: 1 append success next 1 match 0
094433 LEAD S2: prevLog &raft.Entry{Command:interface {}(nil), Term:0, Index:0}
094433 LEAD S2: prevLog &raft.Entry{Command:interface {}(nil), Term:0, Index:0}
094435 INFO S0: (term 1) follower 收到 [2] AppendEntries [], prevIndex 0, prevTerm 0
094435 INFO S1: (term 1) follower 收到 [2] AppendEntries [], prevIndex 0, prevTerm 0
094436 LEAD S2: 0 append success next 1 match 0
094436 LEAD S2: 1 append success next 1 match 0
095440 LEAD S2: prevLog &raft.Entry{Command:interface {}(nil), Term:0, Index:0}
095440 LEAD S2: prevLog &raft.Entry{Command:interface {}(nil), Term:0, Index:0}
095441 INFO S1: (term 1) follower 收到 [2] AppendEntries [], prevIndex 0, prevTerm 0
095441 LEAD S2: 1 append success next 1 match 0
095441 INFO S0: (term 1) follower 收到 [2] AppendEntries [], prevIndex 0, prevTerm 0
095442 LEAD S2: 0 append success next 1 match 0
096444 LEAD S2: prevLog &raft.Entry{Command:interface {}(nil), Term:0, Index:0}
096444 LEAD S2: prevLog &raft.Entry{Command:interface {}(nil), Term:0, Index:0}
096445 INFO S1: (term 1) follower 收到 [2] AppendEntries [], prevIndex 0, prevTerm 0
096445 INFO S0: (term 1) follower 收到 [2] AppendEntries [], prevIndex 0, prevTerm 0
096445 LEAD S2: 0 append success next 1 match 0
096445 LEAD S2: 1 append success next 1 match 0
097447 LEAD S2: prevLog &raft.Entry{Command:interface {}(nil), Term:0, Index:0}
097448 LEAD S2: prevLog &raft.Entry{Command:interface {}(nil), Term:0, Index:0}
097448 INFO S1: (term 1) follower 收到 [2] AppendEntries [], prevIndex 0, prevTerm 0
097448 LEAD S2: 1 append success next 1 match 0
097449 INFO S0: (term 1) follower 收到 [2] AppendEntries [], prevIndex 0, prevTerm 0
097449 LEAD S2: 0 append success next 1 match 0
098452 LEAD S2: prevLog &raft.Entry{Command:interface {}(nil), Term:0, Index:0}
098452 LEAD S2: prevLog &raft.Entry{Command:interface {}(nil), Term:0, Index:0}
098453 INFO S0: (term 1) follower 收到 [2] AppendEntries [], prevIndex 0, prevTerm 0
098453 LEAD S2: 0 append success next 1 match 0
098453 INFO S1: (term 1) follower 收到 [2] AppendEntries [], prevIndex 0, prevTerm 0
098454 LEAD S2: 1 append success next 1 match 0
099457 LEAD S2: prevLog &raft.Entry{Command:interface {}(nil), Term:0, Index:0}
099457 LEAD S2: prevLog &raft.Entry{Command:interface {}(nil), Term:0, Index:0}
099458 INFO S1: (term 1) follower 收到 [2] AppendEntries [], prevIndex 0, prevTerm 0
099458 INFO S0: (term 1) follower 收到 [2] AppendEntries [], prevIndex 0, prevTerm 0
099458 LEAD S2: 1 append success next 1 match 0
099458 LEAD S2: 0 append success next 1 match 0
100461 LEAD S2: prevLog &raft.Entry{Command:interface {}(nil), Term:0, Index:0}
100461 LEAD S2: prevLog &raft.Entry{Command:interface {}(nil), Term:0, Index:0}
--- FAIL: TestPersist12C (10.05s)
    config.go:609: one(11) failed to reach agreement
100463 INFO S1: (term 1) follower 收到 [2] AppendEntries [], prevIndex 0, prevTerm 0
FAIL
exit status 1
FAIL	6.824/raft	10.047s
