Test (2C): basic persistence ...
003017 INFO S0: start leader election, term 1
003017 INFO S1: start leader election, term 1
003017 VOTE S1: term 1 send vote request to 2
003017 VOTE S0: term 1 send vote request to 2
003018 VOTE S1: term 1 send vote request to 0
003018 VOTE S0: term 1 send vote request to 1
003018 TERM S2: set new term 1
003019 VOTE S2: term 1 vote 0
003019 VOTE S0: 1 没有投给me，结束
003019 VOTE S0: reply from 2, term一致，且投给0
003019 LEAD S0: come to power, start to send heartbeat
003019 LEAD S0: prevLog &raft.Entry{Command:interface {}(nil), Term:0, Index:0}
003019 LEAD S0: prevLog &raft.Entry{Command:interface {}(nil), Term:0, Index:0}
003019 VOTE S1: 2 没有投给me，结束
003019 VOTE S1: 0 没有投给me，结束
003020 INFO S2: (term 1) follower 收到 [0] AppendEntries [], prevIndex 0, prevTerm 0
003020 INFO S1: (term 1) follower 收到 [0] AppendEntries [], prevIndex 0, prevTerm 0
003020 LEAD S0: 2 append success next 1 match 0
003020 LEAD S0: 1 append success next 1 match 0
004021 LEAD S0: prevLog &raft.Entry{Command:interface {}(nil), Term:0, Index:0}
004021 LEAD S0: prevLog &raft.Entry{Command:interface {}(nil), Term:0, Index:0}
004021 INFO S1: (term 1) follower 收到 [0] AppendEntries [], prevIndex 0, prevTerm 0
004021 INFO S2: (term 1) follower 收到 [0] AppendEntries [], prevIndex 0, prevTerm 0
004022 LEAD S0: 1 append success next 1 match 0
004022 LEAD S0: 2 append success next 1 match 0
005025 LEAD S0: prevLog &raft.Entry{Command:interface {}(nil), Term:0, Index:0}
005025 LEAD S0: prevLog &raft.Entry{Command:interface {}(nil), Term:0, Index:0}
005026 INFO S1: (term 1) follower 收到 [0] AppendEntries [], prevIndex 0, prevTerm 0
005026 INFO S2: (term 1) follower 收到 [0] AppendEntries [], prevIndex 0, prevTerm 0
005026 LEAD S0: 1 append success next 1 match 0
005027 LEAD S0: 2 append success next 1 match 0
006028 LEAD S0: prevLog &raft.Entry{Command:interface {}(nil), Term:0, Index:0}
006028 LEAD S0: prevLog &raft.Entry{Command:interface {}(nil), Term:0, Index:0}
006029 INFO S1: (term 1) follower 收到 [0] AppendEntries [], prevIndex 0, prevTerm 0
006029 INFO S2: (term 1) follower 收到 [0] AppendEntries [], prevIndex 0, prevTerm 0
006029 LEAD S0: 1 append success next 1 match 0
006029 LEAD S0: 2 append success next 1 match 0
007033 LEAD S0: prevLog &raft.Entry{Command:interface {}(nil), Term:0, Index:0}
007033 LEAD S0: prevLog &raft.Entry{Command:interface {}(nil), Term:0, Index:0}
007035 INFO S2: (term 1) follower 收到 [0] AppendEntries [], prevIndex 0, prevTerm 0
007037 LEAD S0: 2 append success next 1 match 0
007038 INFO S1: (term 1) follower 收到 [0] AppendEntries [], prevIndex 0, prevTerm 0
007040 LEAD S0: 1 append success next 1 match 0
008039 LEAD S0: prevLog &raft.Entry{Command:interface {}(nil), Term:0, Index:0}
008042 LEAD S0: prevLog &raft.Entry{Command:interface {}(nil), Term:0, Index:0}
008046 INFO S1: (term 1) follower 收到 [0] AppendEntries [], prevIndex 0, prevTerm 0
008046 INFO S2: (term 1) follower 收到 [0] AppendEntries [], prevIndex 0, prevTerm 0
008047 LEAD S0: 1 append success next 1 match 0
008048 LEAD S0: 2 append success next 1 match 0
009048 LEAD S0: prevLog &raft.Entry{Command:interface {}(nil), Term:0, Index:0}
009049 LEAD S0: prevLog &raft.Entry{Command:interface {}(nil), Term:0, Index:0}
009051 INFO S2: (term 1) follower 收到 [0] AppendEntries [], prevIndex 0, prevTerm 0
009052 INFO S1: (term 1) follower 收到 [0] AppendEntries [], prevIndex 0, prevTerm 0
009053 LEAD S0: 2 append success next 1 match 0
009054 LEAD S0: 1 append success next 1 match 0
010057 LEAD S0: prevLog &raft.Entry{Command:interface {}(nil), Term:0, Index:0}
010057 LEAD S0: prevLog &raft.Entry{Command:interface {}(nil), Term:0, Index:0}
010058 INFO S2: (term 1) follower 收到 [0] AppendEntries [], prevIndex 0, prevTerm 0
010059 INFO S1: (term 1) follower 收到 [0] AppendEntries [], prevIndex 0, prevTerm 0
010059 LEAD S0: 2 append success next 1 match 0
010060 LEAD S0: 1 append success next 1 match 0
011062 LEAD S0: prevLog &raft.Entry{Command:interface {}(nil), Term:0, Index:0}
011063 LEAD S0: prevLog &raft.Entry{Command:interface {}(nil), Term:0, Index:0}
011066 INFO S2: (term 1) follower 收到 [0] AppendEntries [], prevIndex 0, prevTerm 0
011067 LEAD S0: 2 append success next 1 match 0
011068 INFO S1: (term 1) follower 收到 [0] AppendEntries [], prevIndex 0, prevTerm 0
011071 LEAD S0: 1 append success next 1 match 0
012067 LEAD S0: prevLog &raft.Entry{Command:interface {}(nil), Term:0, Index:0}
012067 LEAD S0: prevLog &raft.Entry{Command:interface {}(nil), Term:0, Index:0}
012067 INFO S2: (term 1) follower 收到 [0] AppendEntries [], prevIndex 0, prevTerm 0
012068 LEAD S0: 2 append success next 1 match 0
012068 INFO S1: (term 1) follower 收到 [0] AppendEntries [], prevIndex 0, prevTerm 0
012068 LEAD S0: 1 append success next 1 match 0
013070 LEAD S0: prevLog &raft.Entry{Command:interface {}(nil), Term:0, Index:0}
013070 LEAD S0: prevLog &raft.Entry{Command:interface {}(nil), Term:0, Index:0}
013071 INFO S1: (term 1) follower 收到 [0] AppendEntries [], prevIndex 0, prevTerm 0
013071 INFO S2: (term 1) follower 收到 [0] AppendEntries [], prevIndex 0, prevTerm 0
013071 LEAD S0: 1 append success next 1 match 0
013071 LEAD S0: 2 append success next 1 match 0
014073 LEAD S0: prevLog &raft.Entry{Command:interface {}(nil), Term:0, Index:0}
014074 LEAD S0: prevLog &raft.Entry{Command:interface {}(nil), Term:0, Index:0}
014074 INFO S2: (term 1) follower 收到 [0] AppendEntries [], prevIndex 0, prevTerm 0
014074 INFO S1: (term 1) follower 收到 [0] AppendEntries [], prevIndex 0, prevTerm 0
014075 LEAD S0: 2 append success next 1 match 0
014075 LEAD S0: 1 append success next 1 match 0
015079 LEAD S0: prevLog &raft.Entry{Command:interface {}(nil), Term:0, Index:0}
015079 LEAD S0: prevLog &raft.Entry{Command:interface {}(nil), Term:0, Index:0}
015080 INFO S2: (term 1) follower 收到 [0] AppendEntries [], prevIndex 0, prevTerm 0
015080 LEAD S0: 2 append success next 1 match 0
015080 INFO S1: (term 1) follower 收到 [0] AppendEntries [], prevIndex 0, prevTerm 0
015081 LEAD S0: 1 append success next 1 match 0
016084 LEAD S0: prevLog &raft.Entry{Command:interface {}(nil), Term:0, Index:0}
016084 LEAD S0: prevLog &raft.Entry{Command:interface {}(nil), Term:0, Index:0}
016085 INFO S2: (term 1) follower 收到 [0] AppendEntries [], prevIndex 0, prevTerm 0
016085 LEAD S0: 2 append success next 1 match 0
016085 INFO S1: (term 1) follower 收到 [0] AppendEntries [], prevIndex 0, prevTerm 0
016085 LEAD S0: 1 append success next 1 match 0
017088 LEAD S0: prevLog &raft.Entry{Command:interface {}(nil), Term:0, Index:0}
017088 LEAD S0: prevLog &raft.Entry{Command:interface {}(nil), Term:0, Index:0}
017090 INFO S2: (term 1) follower 收到 [0] AppendEntries [], prevIndex 0, prevTerm 0
017091 INFO S1: (term 1) follower 收到 [0] AppendEntries [], prevIndex 0, prevTerm 0
017092 LEAD S0: 2 append success next 1 match 0
017093 LEAD S0: 1 append success next 1 match 0
018091 LEAD S0: prevLog &raft.Entry{Command:interface {}(nil), Term:0, Index:0}
018092 LEAD S0: prevLog &raft.Entry{Command:interface {}(nil), Term:0, Index:0}
018092 INFO S2: (term 1) follower 收到 [0] AppendEntries [], prevIndex 0, prevTerm 0
018093 INFO S1: (term 1) follower 收到 [0] AppendEntries [], prevIndex 0, prevTerm 0
018093 LEAD S0: 2 append success next 1 match 0
018093 LEAD S0: 1 append success next 1 match 0
019096 LEAD S0: prevLog &raft.Entry{Command:interface {}(nil), Term:0, Index:0}
019096 LEAD S0: prevLog &raft.Entry{Command:interface {}(nil), Term:0, Index:0}
019098 INFO S2: (term 1) follower 收到 [0] AppendEntries [], prevIndex 0, prevTerm 0
019099 LEAD S0: 2 append success next 1 match 0
019100 INFO S1: (term 1) follower 收到 [0] AppendEntries [], prevIndex 0, prevTerm 0
019102 LEAD S0: 1 append success next 1 match 0
020103 LEAD S0: prevLog &raft.Entry{Command:interface {}(nil), Term:0, Index:0}
020103 LEAD S0: prevLog &raft.Entry{Command:interface {}(nil), Term:0, Index:0}
020105 INFO S2: (term 1) follower 收到 [0] AppendEntries [], prevIndex 0, prevTerm 0
020105 INFO S1: (term 1) follower 收到 [0] AppendEntries [], prevIndex 0, prevTerm 0
020106 LEAD S0: 1 append success next 1 match 0
020106 LEAD S0: 2 append success next 1 match 0
021111 LEAD S0: prevLog &raft.Entry{Command:interface {}(nil), Term:0, Index:0}
021112 LEAD S0: prevLog &raft.Entry{Command:interface {}(nil), Term:0, Index:0}
021115 INFO S2: (term 1) follower 收到 [0] AppendEntries [], prevIndex 0, prevTerm 0
021116 LEAD S0: 2 append success next 1 match 0
021117 INFO S1: (term 1) follower 收到 [0] AppendEntries [], prevIndex 0, prevTerm 0
021119 LEAD S0: 1 append success next 1 match 0
022115 LEAD S0: prevLog &raft.Entry{Command:interface {}(nil), Term:0, Index:0}
022116 LEAD S0: prevLog &raft.Entry{Command:interface {}(nil), Term:0, Index:0}
022116 INFO S2: (term 1) follower 收到 [0] AppendEntries [], prevIndex 0, prevTerm 0
022116 INFO S1: (term 1) follower 收到 [0] AppendEntries [], prevIndex 0, prevTerm 0
022117 LEAD S0: 1 append success next 1 match 0
022117 LEAD S0: 2 append success next 1 match 0
023120 LEAD S0: prevLog &raft.Entry{Command:interface {}(nil), Term:0, Index:0}
023120 LEAD S0: prevLog &raft.Entry{Command:interface {}(nil), Term:0, Index:0}
023120 INFO S2: (term 1) follower 收到 [0] AppendEntries [], prevIndex 0, prevTerm 0
023120 INFO S1: (term 1) follower 收到 [0] AppendEntries [], prevIndex 0, prevTerm 0
023121 LEAD S0: 2 append success next 1 match 0
023121 LEAD S0: 1 append success next 1 match 0
024124 LEAD S0: prevLog &raft.Entry{Command:interface {}(nil), Term:0, Index:0}
024125 LEAD S0: prevLog &raft.Entry{Command:interface {}(nil), Term:0, Index:0}
024128 INFO S2: (term 1) follower 收到 [0] AppendEntries [], prevIndex 0, prevTerm 0
024130 LEAD S0: 2 append success next 1 match 0
024130 INFO S1: (term 1) follower 收到 [0] AppendEntries [], prevIndex 0, prevTerm 0
024133 LEAD S0: 1 append success next 1 match 0
025131 LEAD S0: prevLog &raft.Entry{Command:interface {}(nil), Term:0, Index:0}
025131 LEAD S0: prevLog &raft.Entry{Command:interface {}(nil), Term:0, Index:0}
025132 INFO S1: (term 1) follower 收到 [0] AppendEntries [], prevIndex 0, prevTerm 0
025132 LEAD S0: 1 append success next 1 match 0
025132 INFO S2: (term 1) follower 收到 [0] AppendEntries [], prevIndex 0, prevTerm 0
025132 LEAD S0: 2 append success next 1 match 0
026135 LEAD S0: prevLog &raft.Entry{Command:interface {}(nil), Term:0, Index:0}
026135 LEAD S0: prevLog &raft.Entry{Command:interface {}(nil), Term:0, Index:0}
026136 INFO S1: (term 1) follower 收到 [0] AppendEntries [], prevIndex 0, prevTerm 0
026136 INFO S2: (term 1) follower 收到 [0] AppendEntries [], prevIndex 0, prevTerm 0
026136 LEAD S0: 1 append success next 1 match 0
026136 LEAD S0: 2 append success next 1 match 0
027140 LEAD S0: prevLog &raft.Entry{Command:interface {}(nil), Term:0, Index:0}
027140 LEAD S0: prevLog &raft.Entry{Command:interface {}(nil), Term:0, Index:0}
027141 INFO S2: (term 1) follower 收到 [0] AppendEntries [], prevIndex 0, prevTerm 0
027141 LEAD S0: 2 append success next 1 match 0
027142 INFO S1: (term 1) follower 收到 [0] AppendEntries [], prevIndex 0, prevTerm 0
027142 LEAD S0: 1 append success next 1 match 0
028143 LEAD S0: prevLog &raft.Entry{Command:interface {}(nil), Term:0, Index:0}
028144 LEAD S0: prevLog &raft.Entry{Command:interface {}(nil), Term:0, Index:0}
028144 INFO S2: (term 1) follower 收到 [0] AppendEntries [], prevIndex 0, prevTerm 0
028145 LEAD S0: 2 append success next 1 match 0
028145 INFO S1: (term 1) follower 收到 [0] AppendEntries [], prevIndex 0, prevTerm 0
028145 LEAD S0: 1 append success next 1 match 0
029147 LEAD S0: prevLog &raft.Entry{Command:interface {}(nil), Term:0, Index:0}
029148 LEAD S0: prevLog &raft.Entry{Command:interface {}(nil), Term:0, Index:0}
029148 INFO S2: (term 1) follower 收到 [0] AppendEntries [], prevIndex 0, prevTerm 0
029149 LEAD S0: 2 append success next 1 match 0
029149 INFO S1: (term 1) follower 收到 [0] AppendEntries [], prevIndex 0, prevTerm 0
029149 LEAD S0: 1 append success next 1 match 0
030152 LEAD S0: prevLog &raft.Entry{Command:interface {}(nil), Term:0, Index:0}
030153 LEAD S0: prevLog &raft.Entry{Command:interface {}(nil), Term:0, Index:0}
030155 INFO S1: (term 1) follower 收到 [0] AppendEntries [], prevIndex 0, prevTerm 0
030155 INFO S2: (term 1) follower 收到 [0] AppendEntries [], prevIndex 0, prevTerm 0
030156 LEAD S0: 2 append success next 1 match 0
030156 LEAD S0: 1 append success next 1 match 0
031158 LEAD S0: prevLog &raft.Entry{Command:interface {}(nil), Term:0, Index:0}
031158 LEAD S0: prevLog &raft.Entry{Command:interface {}(nil), Term:0, Index:0}
031158 INFO S2: (term 1) follower 收到 [0] AppendEntries [], prevIndex 0, prevTerm 0
031158 INFO S1: (term 1) follower 收到 [0] AppendEntries [], prevIndex 0, prevTerm 0
031158 LEAD S0: 2 append success next 1 match 0
031159 LEAD S0: 1 append success next 1 match 0
032161 LEAD S0: prevLog &raft.Entry{Command:interface {}(nil), Term:0, Index:0}
032161 LEAD S0: prevLog &raft.Entry{Command:interface {}(nil), Term:0, Index:0}
032162 INFO S2: (term 1) follower 收到 [0] AppendEntries [], prevIndex 0, prevTerm 0
032163 LEAD S0: 2 append success next 1 match 0
032164 INFO S1: (term 1) follower 收到 [0] AppendEntries [], prevIndex 0, prevTerm 0
032165 LEAD S0: 1 append success next 1 match 0
033168 LEAD S0: prevLog &raft.Entry{Command:interface {}(nil), Term:0, Index:0}
033168 LEAD S0: prevLog &raft.Entry{Command:interface {}(nil), Term:0, Index:0}
033169 INFO S2: (term 1) follower 收到 [0] AppendEntries [], prevIndex 0, prevTerm 0
033169 INFO S1: (term 1) follower 收到 [0] AppendEntries [], prevIndex 0, prevTerm 0
033169 LEAD S0: 2 append success next 1 match 0
033169 LEAD S0: 1 append success next 1 match 0
034171 LEAD S0: prevLog &raft.Entry{Command:interface {}(nil), Term:0, Index:0}
034171 LEAD S0: prevLog &raft.Entry{Command:interface {}(nil), Term:0, Index:0}
034172 INFO S2: (term 1) follower 收到 [0] AppendEntries [], prevIndex 0, prevTerm 0
034172 LEAD S0: 2 append success next 1 match 0
034172 INFO S1: (term 1) follower 收到 [0] AppendEntries [], prevIndex 0, prevTerm 0
034173 LEAD S0: 1 append success next 1 match 0
035176 LEAD S0: prevLog &raft.Entry{Command:interface {}(nil), Term:0, Index:0}
035176 LEAD S0: prevLog &raft.Entry{Command:interface {}(nil), Term:0, Index:0}
035176 INFO S2: (term 1) follower 收到 [0] AppendEntries [], prevIndex 0, prevTerm 0
035177 LEAD S0: 2 append success next 1 match 0
035177 INFO S1: (term 1) follower 收到 [0] AppendEntries [], prevIndex 0, prevTerm 0
035177 LEAD S0: 1 append success next 1 match 0
036184 LEAD S0: prevLog &raft.Entry{Command:interface {}(nil), Term:0, Index:0}
036184 LEAD S0: prevLog &raft.Entry{Command:interface {}(nil), Term:0, Index:0}
036187 INFO S1: (term 1) follower 收到 [0] AppendEntries [], prevIndex 0, prevTerm 0
036187 INFO S2: (term 1) follower 收到 [0] AppendEntries [], prevIndex 0, prevTerm 0
036188 LEAD S0: 1 append success next 1 match 0
036190 LEAD S0: 2 append success next 1 match 0
037190 LEAD S0: prevLog &raft.Entry{Command:interface {}(nil), Term:0, Index:0}
037191 LEAD S0: prevLog &raft.Entry{Command:interface {}(nil), Term:0, Index:0}
037191 INFO S1: (term 1) follower 收到 [0] AppendEntries [], prevIndex 0, prevTerm 0
037191 INFO S2: (term 1) follower 收到 [0] AppendEntries [], prevIndex 0, prevTerm 0
037192 LEAD S0: 1 append success next 1 match 0
037192 LEAD S0: 2 append success next 1 match 0
038194 LEAD S0: prevLog &raft.Entry{Command:interface {}(nil), Term:0, Index:0}
038195 LEAD S0: prevLog &raft.Entry{Command:interface {}(nil), Term:0, Index:0}
038195 INFO S1: (term 1) follower 收到 [0] AppendEntries [], prevIndex 0, prevTerm 0
038196 INFO S2: (term 1) follower 收到 [0] AppendEntries [], prevIndex 0, prevTerm 0
038196 LEAD S0: 1 append success next 1 match 0
038196 LEAD S0: 2 append success next 1 match 0
039199 LEAD S0: prevLog &raft.Entry{Command:interface {}(nil), Term:0, Index:0}
039200 LEAD S0: prevLog &raft.Entry{Command:interface {}(nil), Term:0, Index:0}
039201 INFO S2: (term 1) follower 收到 [0] AppendEntries [], prevIndex 0, prevTerm 0
039202 LEAD S0: 2 append success next 1 match 0
039202 INFO S1: (term 1) follower 收到 [0] AppendEntries [], prevIndex 0, prevTerm 0
039203 LEAD S0: 1 append success next 1 match 0
040205 LEAD S0: prevLog &raft.Entry{Command:interface {}(nil), Term:0, Index:0}
040205 LEAD S0: prevLog &raft.Entry{Command:interface {}(nil), Term:0, Index:0}
040206 INFO S2: (term 1) follower 收到 [0] AppendEntries [], prevIndex 0, prevTerm 0
040206 LEAD S0: 2 append success next 1 match 0
040206 INFO S1: (term 1) follower 收到 [0] AppendEntries [], prevIndex 0, prevTerm 0
040207 LEAD S0: 1 append success next 1 match 0
041208 LEAD S0: prevLog &raft.Entry{Command:interface {}(nil), Term:0, Index:0}
041208 LEAD S0: prevLog &raft.Entry{Command:interface {}(nil), Term:0, Index:0}
041209 INFO S2: (term 1) follower 收到 [0] AppendEntries [], prevIndex 0, prevTerm 0
041209 INFO S1: (term 1) follower 收到 [0] AppendEntries [], prevIndex 0, prevTerm 0
041209 LEAD S0: 1 append success next 1 match 0
041209 LEAD S0: 2 append success next 1 match 0
042211 LEAD S0: prevLog &raft.Entry{Command:interface {}(nil), Term:0, Index:0}
042211 LEAD S0: prevLog &raft.Entry{Command:interface {}(nil), Term:0, Index:0}
042212 INFO S2: (term 1) follower 收到 [0] AppendEntries [], prevIndex 0, prevTerm 0
042212 LEAD S0: 2 append success next 1 match 0
042213 INFO S1: (term 1) follower 收到 [0] AppendEntries [], prevIndex 0, prevTerm 0
042213 LEAD S0: 1 append success next 1 match 0
043214 LEAD S0: prevLog &raft.Entry{Command:interface {}(nil), Term:0, Index:0}
043214 LEAD S0: prevLog &raft.Entry{Command:interface {}(nil), Term:0, Index:0}
043215 INFO S2: (term 1) follower 收到 [0] AppendEntries [], prevIndex 0, prevTerm 0
043215 INFO S1: (term 1) follower 收到 [0] AppendEntries [], prevIndex 0, prevTerm 0
043215 LEAD S0: 2 append success next 1 match 0
043216 LEAD S0: 1 append success next 1 match 0
044217 LEAD S0: prevLog &raft.Entry{Command:interface {}(nil), Term:0, Index:0}
044217 LEAD S0: prevLog &raft.Entry{Command:interface {}(nil), Term:0, Index:0}
044218 INFO S2: (term 1) follower 收到 [0] AppendEntries [], prevIndex 0, prevTerm 0
044218 LEAD S0: 2 append success next 1 match 0
044218 INFO S1: (term 1) follower 收到 [0] AppendEntries [], prevIndex 0, prevTerm 0
044219 LEAD S0: 1 append success next 1 match 0
045220 LEAD S0: prevLog &raft.Entry{Command:interface {}(nil), Term:0, Index:0}
045220 LEAD S0: prevLog &raft.Entry{Command:interface {}(nil), Term:0, Index:0}
045221 INFO S2: (term 1) follower 收到 [0] AppendEntries [], prevIndex 0, prevTerm 0
045221 LEAD S0: 2 append success next 1 match 0
045226 INFO S1: (term 1) follower 收到 [0] AppendEntries [], prevIndex 0, prevTerm 0
045226 LEAD S0: 1 append success next 1 match 0
046224 LEAD S0: prevLog &raft.Entry{Command:interface {}(nil), Term:0, Index:0}
046224 LEAD S0: prevLog &raft.Entry{Command:interface {}(nil), Term:0, Index:0}
046225 INFO S2: (term 1) follower 收到 [0] AppendEntries [], prevIndex 0, prevTerm 0
046225 LEAD S0: 2 append success next 1 match 0
046225 INFO S1: (term 1) follower 收到 [0] AppendEntries [], prevIndex 0, prevTerm 0
046226 LEAD S0: 1 append success next 1 match 0
047227 LEAD S0: prevLog &raft.Entry{Command:interface {}(nil), Term:0, Index:0}
047227 LEAD S0: prevLog &raft.Entry{Command:interface {}(nil), Term:0, Index:0}
047228 INFO S2: (term 1) follower 收到 [0] AppendEntries [], prevIndex 0, prevTerm 0
047228 LEAD S0: 2 append success next 1 match 0
047228 INFO S1: (term 1) follower 收到 [0] AppendEntries [], prevIndex 0, prevTerm 0
047229 LEAD S0: 1 append success next 1 match 0
048230 LEAD S0: prevLog &raft.Entry{Command:interface {}(nil), Term:0, Index:0}
048230 LEAD S0: prevLog &raft.Entry{Command:interface {}(nil), Term:0, Index:0}
048231 INFO S1: (term 1) follower 收到 [0] AppendEntries [], prevIndex 0, prevTerm 0
048231 INFO S2: (term 1) follower 收到 [0] AppendEntries [], prevIndex 0, prevTerm 0
048232 LEAD S0: 2 append success next 1 match 0
048232 LEAD S0: 1 append success next 1 match 0
049236 LEAD S0: prevLog &raft.Entry{Command:interface {}(nil), Term:0, Index:0}
049236 LEAD S0: prevLog &raft.Entry{Command:interface {}(nil), Term:0, Index:0}
049239 INFO S1: (term 1) follower 收到 [0] AppendEntries [], prevIndex 0, prevTerm 0
049239 INFO S2: (term 1) follower 收到 [0] AppendEntries [], prevIndex 0, prevTerm 0
049241 LEAD S0: 1 append success next 1 match 0
049241 LEAD S0: 2 append success next 1 match 0
050240 LEAD S0: prevLog &raft.Entry{Command:interface {}(nil), Term:0, Index:0}
050240 LEAD S0: prevLog &raft.Entry{Command:interface {}(nil), Term:0, Index:0}
050241 INFO S1: (term 1) follower 收到 [0] AppendEntries [], prevIndex 0, prevTerm 0
050241 INFO S2: (term 1) follower 收到 [0] AppendEntries [], prevIndex 0, prevTerm 0
050241 LEAD S0: 1 append success next 1 match 0
050241 LEAD S0: 2 append success next 1 match 0
051243 LEAD S0: prevLog &raft.Entry{Command:interface {}(nil), Term:0, Index:0}
051243 LEAD S0: prevLog &raft.Entry{Command:interface {}(nil), Term:0, Index:0}
051244 INFO S1: (term 1) follower 收到 [0] AppendEntries [], prevIndex 0, prevTerm 0
051244 INFO S2: (term 1) follower 收到 [0] AppendEntries [], prevIndex 0, prevTerm 0
051244 LEAD S0: 1 append success next 1 match 0
051245 LEAD S0: 2 append success next 1 match 0
052246 LEAD S0: prevLog &raft.Entry{Command:interface {}(nil), Term:0, Index:0}
052247 LEAD S0: prevLog &raft.Entry{Command:interface {}(nil), Term:0, Index:0}
052247 INFO S1: (term 1) follower 收到 [0] AppendEntries [], prevIndex 0, prevTerm 0
052248 INFO S2: (term 1) follower 收到 [0] AppendEntries [], prevIndex 0, prevTerm 0
052248 LEAD S0: 1 append success next 1 match 0
052248 LEAD S0: 2 append success next 1 match 0
053251 LEAD S0: prevLog &raft.Entry{Command:interface {}(nil), Term:0, Index:0}
053251 LEAD S0: prevLog &raft.Entry{Command:interface {}(nil), Term:0, Index:0}
053252 INFO S2: (term 1) follower 收到 [0] AppendEntries [], prevIndex 0, prevTerm 0
053252 INFO S1: (term 1) follower 收到 [0] AppendEntries [], prevIndex 0, prevTerm 0
053252 LEAD S0: 1 append success next 1 match 0
053252 LEAD S0: 2 append success next 1 match 0
054255 LEAD S0: prevLog &raft.Entry{Command:interface {}(nil), Term:0, Index:0}
054255 LEAD S0: prevLog &raft.Entry{Command:interface {}(nil), Term:0, Index:0}
054257 INFO S2: (term 1) follower 收到 [0] AppendEntries [], prevIndex 0, prevTerm 0
054257 INFO S1: (term 1) follower 收到 [0] AppendEntries [], prevIndex 0, prevTerm 0
054257 LEAD S0: 1 append success next 1 match 0
054257 LEAD S0: 2 append success next 1 match 0
055260 LEAD S0: prevLog &raft.Entry{Command:interface {}(nil), Term:0, Index:0}
055261 LEAD S0: prevLog &raft.Entry{Command:interface {}(nil), Term:0, Index:0}
055262 INFO S2: (term 1) follower 收到 [0] AppendEntries [], prevIndex 0, prevTerm 0
055262 LEAD S0: 2 append success next 1 match 0
055262 INFO S1: (term 1) follower 收到 [0] AppendEntries [], prevIndex 0, prevTerm 0
055263 LEAD S0: 1 append success next 1 match 0
056264 LEAD S0: prevLog &raft.Entry{Command:interface {}(nil), Term:0, Index:0}
056265 LEAD S0: prevLog &raft.Entry{Command:interface {}(nil), Term:0, Index:0}
056266 INFO S2: (term 1) follower 收到 [0] AppendEntries [], prevIndex 0, prevTerm 0
056266 INFO S1: (term 1) follower 收到 [0] AppendEntries [], prevIndex 0, prevTerm 0
056267 LEAD S0: 2 append success next 1 match 0
056267 LEAD S0: 1 append success next 1 match 0
057269 LEAD S0: prevLog &raft.Entry{Command:interface {}(nil), Term:0, Index:0}
057270 LEAD S0: prevLog &raft.Entry{Command:interface {}(nil), Term:0, Index:0}
057271 INFO S1: (term 1) follower 收到 [0] AppendEntries [], prevIndex 0, prevTerm 0
057272 INFO S2: (term 1) follower 收到 [0] AppendEntries [], prevIndex 0, prevTerm 0
057272 LEAD S0: 1 append success next 1 match 0
057273 LEAD S0: 2 append success next 1 match 0
058277 LEAD S0: prevLog &raft.Entry{Command:interface {}(nil), Term:0, Index:0}
058277 LEAD S0: prevLog &raft.Entry{Command:interface {}(nil), Term:0, Index:0}
058278 INFO S2: (term 1) follower 收到 [0] AppendEntries [], prevIndex 0, prevTerm 0
058279 LEAD S0: 2 append success next 1 match 0
058279 INFO S1: (term 1) follower 收到 [0] AppendEntries [], prevIndex 0, prevTerm 0
058280 LEAD S0: 1 append success next 1 match 0
059287 LEAD S0: prevLog &raft.Entry{Command:interface {}(nil), Term:0, Index:0}
059287 LEAD S0: prevLog &raft.Entry{Command:interface {}(nil), Term:0, Index:0}
059289 INFO S2: (term 1) follower 收到 [0] AppendEntries [], prevIndex 0, prevTerm 0
059290 LEAD S0: 2 append success next 1 match 0
059290 INFO S1: (term 1) follower 收到 [0] AppendEntries [], prevIndex 0, prevTerm 0
059292 LEAD S0: 1 append success next 1 match 0
060293 LEAD S0: prevLog &raft.Entry{Command:interface {}(nil), Term:0, Index:0}
060294 LEAD S0: prevLog &raft.Entry{Command:interface {}(nil), Term:0, Index:0}
060295 INFO S2: (term 1) follower 收到 [0] AppendEntries [], prevIndex 0, prevTerm 0
060296 INFO S1: (term 1) follower 收到 [0] AppendEntries [], prevIndex 0, prevTerm 0
060296 LEAD S0: 2 append success next 1 match 0
060297 LEAD S0: 1 append success next 1 match 0
061297 LEAD S0: prevLog &raft.Entry{Command:interface {}(nil), Term:0, Index:0}
061297 LEAD S0: prevLog &raft.Entry{Command:interface {}(nil), Term:0, Index:0}
061297 INFO S2: (term 1) follower 收到 [0] AppendEntries [], prevIndex 0, prevTerm 0
061298 LEAD S0: 2 append success next 1 match 0
061298 INFO S1: (term 1) follower 收到 [0] AppendEntries [], prevIndex 0, prevTerm 0
061298 LEAD S0: 1 append success next 1 match 0
062301 LEAD S0: prevLog &raft.Entry{Command:interface {}(nil), Term:0, Index:0}
062301 LEAD S0: prevLog &raft.Entry{Command:interface {}(nil), Term:0, Index:0}
062304 INFO S1: (term 1) follower 收到 [0] AppendEntries [], prevIndex 0, prevTerm 0
062304 INFO S2: (term 1) follower 收到 [0] AppendEntries [], prevIndex 0, prevTerm 0
062305 LEAD S0: 1 append success next 1 match 0
062306 LEAD S0: 2 append success next 1 match 0
063306 LEAD S0: prevLog &raft.Entry{Command:interface {}(nil), Term:0, Index:0}
063307 LEAD S0: prevLog &raft.Entry{Command:interface {}(nil), Term:0, Index:0}
063309 INFO S2: (term 1) follower 收到 [0] AppendEntries [], prevIndex 0, prevTerm 0
063310 INFO S1: (term 1) follower 收到 [0] AppendEntries [], prevIndex 0, prevTerm 0
063311 LEAD S0: 2 append success next 1 match 0
063312 LEAD S0: 1 append success next 1 match 0
064311 LEAD S0: prevLog &raft.Entry{Command:interface {}(nil), Term:0, Index:0}
064311 LEAD S0: prevLog &raft.Entry{Command:interface {}(nil), Term:0, Index:0}
064312 INFO S2: (term 1) follower 收到 [0] AppendEntries [], prevIndex 0, prevTerm 0
064312 LEAD S0: 2 append success next 1 match 0
064313 INFO S1: (term 1) follower 收到 [0] AppendEntries [], prevIndex 0, prevTerm 0
064313 LEAD S0: 1 append success next 1 match 0
065315 LEAD S0: prevLog &raft.Entry{Command:interface {}(nil), Term:0, Index:0}
065316 LEAD S0: prevLog &raft.Entry{Command:interface {}(nil), Term:0, Index:0}
065317 INFO S2: (term 1) follower 收到 [0] AppendEntries [], prevIndex 0, prevTerm 0
065318 LEAD S0: 2 append success next 1 match 0
065318 INFO S1: (term 1) follower 收到 [0] AppendEntries [], prevIndex 0, prevTerm 0
065319 LEAD S0: 1 append success next 1 match 0
066323 LEAD S0: prevLog &raft.Entry{Command:interface {}(nil), Term:0, Index:0}
066324 LEAD S0: prevLog &raft.Entry{Command:interface {}(nil), Term:0, Index:0}
066325 INFO S1: (term 1) follower 收到 [0] AppendEntries [], prevIndex 0, prevTerm 0
066326 INFO S2: (term 1) follower 收到 [0] AppendEntries [], prevIndex 0, prevTerm 0
066327 LEAD S0: 1 append success next 1 match 0
066327 LEAD S0: 2 append success next 1 match 0
067332 LEAD S0: prevLog &raft.Entry{Command:interface {}(nil), Term:0, Index:0}
067332 LEAD S0: prevLog &raft.Entry{Command:interface {}(nil), Term:0, Index:0}
067336 INFO S1: (term 1) follower 收到 [0] AppendEntries [], prevIndex 0, prevTerm 0
067336 INFO S2: (term 1) follower 收到 [0] AppendEntries [], prevIndex 0, prevTerm 0
067336 LEAD S0: 1 append success next 1 match 0
067337 LEAD S0: 2 append success next 1 match 0
068334 LEAD S0: prevLog &raft.Entry{Command:interface {}(nil), Term:0, Index:0}
068334 LEAD S0: prevLog &raft.Entry{Command:interface {}(nil), Term:0, Index:0}
068335 INFO S2: (term 1) follower 收到 [0] AppendEntries [], prevIndex 0, prevTerm 0
068336 LEAD S0: 2 append success next 1 match 0
068336 INFO S1: (term 1) follower 收到 [0] AppendEntries [], prevIndex 0, prevTerm 0
068336 LEAD S0: 1 append success next 1 match 0
069338 LEAD S0: prevLog &raft.Entry{Command:interface {}(nil), Term:0, Index:0}
069338 LEAD S0: prevLog &raft.Entry{Command:interface {}(nil), Term:0, Index:0}
069339 INFO S1: (term 1) follower 收到 [0] AppendEntries [], prevIndex 0, prevTerm 0
069339 INFO S2: (term 1) follower 收到 [0] AppendEntries [], prevIndex 0, prevTerm 0
069339 LEAD S0: 2 append success next 1 match 0
069339 LEAD S0: 1 append success next 1 match 0
070341 LEAD S0: prevLog &raft.Entry{Command:interface {}(nil), Term:0, Index:0}
070341 LEAD S0: prevLog &raft.Entry{Command:interface {}(nil), Term:0, Index:0}
070342 INFO S2: (term 1) follower 收到 [0] AppendEntries [], prevIndex 0, prevTerm 0
070342 LEAD S0: 2 append success next 1 match 0
070343 INFO S1: (term 1) follower 收到 [0] AppendEntries [], prevIndex 0, prevTerm 0
070343 LEAD S0: 1 append success next 1 match 0
071345 LEAD S0: prevLog &raft.Entry{Command:interface {}(nil), Term:0, Index:0}
071345 LEAD S0: prevLog &raft.Entry{Command:interface {}(nil), Term:0, Index:0}
071346 INFO S2: (term 1) follower 收到 [0] AppendEntries [], prevIndex 0, prevTerm 0
071346 INFO S1: (term 1) follower 收到 [0] AppendEntries [], prevIndex 0, prevTerm 0
071346 LEAD S0: 2 append success next 1 match 0
071346 LEAD S0: 1 append success next 1 match 0
072351 LEAD S0: prevLog &raft.Entry{Command:interface {}(nil), Term:0, Index:0}
072351 LEAD S0: prevLog &raft.Entry{Command:interface {}(nil), Term:0, Index:0}
072353 INFO S2: (term 1) follower 收到 [0] AppendEntries [], prevIndex 0, prevTerm 0
072353 INFO S1: (term 1) follower 收到 [0] AppendEntries [], prevIndex 0, prevTerm 0
072354 LEAD S0: 2 append success next 1 match 0
072355 LEAD S0: 1 append success next 1 match 0
073358 LEAD S0: prevLog &raft.Entry{Command:interface {}(nil), Term:0, Index:0}
073358 LEAD S0: prevLog &raft.Entry{Command:interface {}(nil), Term:0, Index:0}
073358 INFO S1: (term 1) follower 收到 [0] AppendEntries [], prevIndex 0, prevTerm 0
073358 INFO S2: (term 1) follower 收到 [0] AppendEntries [], prevIndex 0, prevTerm 0
073359 LEAD S0: 1 append success next 1 match 0
073359 LEAD S0: 2 append success next 1 match 0
074360 LEAD S0: prevLog &raft.Entry{Command:interface {}(nil), Term:0, Index:0}
074360 LEAD S0: prevLog &raft.Entry{Command:interface {}(nil), Term:0, Index:0}
074361 INFO S2: (term 1) follower 收到 [0] AppendEntries [], prevIndex 0, prevTerm 0
074361 LEAD S0: 2 append success next 1 match 0
074361 INFO S1: (term 1) follower 收到 [0] AppendEntries [], prevIndex 0, prevTerm 0
074362 LEAD S0: 1 append success next 1 match 0
075364 LEAD S0: prevLog &raft.Entry{Command:interface {}(nil), Term:0, Index:0}
075364 LEAD S0: prevLog &raft.Entry{Command:interface {}(nil), Term:0, Index:0}
075365 INFO S1: (term 1) follower 收到 [0] AppendEntries [], prevIndex 0, prevTerm 0
075365 INFO S2: (term 1) follower 收到 [0] AppendEntries [], prevIndex 0, prevTerm 0
075365 LEAD S0: 1 append success next 1 match 0
075366 LEAD S0: 2 append success next 1 match 0
076368 LEAD S0: prevLog &raft.Entry{Command:interface {}(nil), Term:0, Index:0}
076368 LEAD S0: prevLog &raft.Entry{Command:interface {}(nil), Term:0, Index:0}
076369 INFO S2: (term 1) follower 收到 [0] AppendEntries [], prevIndex 0, prevTerm 0
076369 INFO S1: (term 1) follower 收到 [0] AppendEntries [], prevIndex 0, prevTerm 0
076369 LEAD S0: 2 append success next 1 match 0
076369 LEAD S0: 1 append success next 1 match 0
077373 LEAD S0: prevLog &raft.Entry{Command:interface {}(nil), Term:0, Index:0}
077373 LEAD S0: prevLog &raft.Entry{Command:interface {}(nil), Term:0, Index:0}
077376 INFO S2: (term 1) follower 收到 [0] AppendEntries [], prevIndex 0, prevTerm 0
077377 INFO S1: (term 1) follower 收到 [0] AppendEntries [], prevIndex 0, prevTerm 0
077377 LEAD S0: 2 append success next 1 match 0
077378 LEAD S0: 1 append success next 1 match 0
078380 LEAD S0: prevLog &raft.Entry{Command:interface {}(nil), Term:0, Index:0}
078381 LEAD S0: prevLog &raft.Entry{Command:interface {}(nil), Term:0, Index:0}
078383 INFO S2: (term 1) follower 收到 [0] AppendEntries [], prevIndex 0, prevTerm 0
078383 INFO S1: (term 1) follower 收到 [0] AppendEntries [], prevIndex 0, prevTerm 0
078384 LEAD S0: 2 append success next 1 match 0
078385 LEAD S0: 1 append success next 1 match 0
079384 LEAD S0: prevLog &raft.Entry{Command:interface {}(nil), Term:0, Index:0}
079384 LEAD S0: prevLog &raft.Entry{Command:interface {}(nil), Term:0, Index:0}
079385 INFO S1: (term 1) follower 收到 [0] AppendEntries [], prevIndex 0, prevTerm 0
079385 INFO S2: (term 1) follower 收到 [0] AppendEntries [], prevIndex 0, prevTerm 0
079385 LEAD S0: 1 append success next 1 match 0
079385 LEAD S0: 2 append success next 1 match 0
080387 LEAD S0: prevLog &raft.Entry{Command:interface {}(nil), Term:0, Index:0}
080387 LEAD S0: prevLog &raft.Entry{Command:interface {}(nil), Term:0, Index:0}
080388 INFO S2: (term 1) follower 收到 [0] AppendEntries [], prevIndex 0, prevTerm 0
080388 INFO S1: (term 1) follower 收到 [0] AppendEntries [], prevIndex 0, prevTerm 0
080388 LEAD S0: 2 append success next 1 match 0
080389 LEAD S0: 1 append success next 1 match 0
081390 LEAD S0: prevLog &raft.Entry{Command:interface {}(nil), Term:0, Index:0}
081390 LEAD S0: prevLog &raft.Entry{Command:interface {}(nil), Term:0, Index:0}
081391 INFO S2: (term 1) follower 收到 [0] AppendEntries [], prevIndex 0, prevTerm 0
081391 LEAD S0: 2 append success next 1 match 0
081392 INFO S1: (term 1) follower 收到 [0] AppendEntries [], prevIndex 0, prevTerm 0
081392 LEAD S0: 1 append success next 1 match 0
082395 LEAD S0: prevLog &raft.Entry{Command:interface {}(nil), Term:0, Index:0}
082395 LEAD S0: prevLog &raft.Entry{Command:interface {}(nil), Term:0, Index:0}
082396 INFO S2: (term 1) follower 收到 [0] AppendEntries [], prevIndex 0, prevTerm 0
082396 LEAD S0: 2 append success next 1 match 0
082396 INFO S1: (term 1) follower 收到 [0] AppendEntries [], prevIndex 0, prevTerm 0
082396 LEAD S0: 1 append success next 1 match 0
083399 LEAD S0: prevLog &raft.Entry{Command:interface {}(nil), Term:0, Index:0}
083399 LEAD S0: prevLog &raft.Entry{Command:interface {}(nil), Term:0, Index:0}
083399 INFO S2: (term 1) follower 收到 [0] AppendEntries [], prevIndex 0, prevTerm 0
083400 LEAD S0: 2 append success next 1 match 0
083400 INFO S1: (term 1) follower 收到 [0] AppendEntries [], prevIndex 0, prevTerm 0
083400 LEAD S0: 1 append success next 1 match 0
084404 LEAD S0: prevLog &raft.Entry{Command:interface {}(nil), Term:0, Index:0}
084404 LEAD S0: prevLog &raft.Entry{Command:interface {}(nil), Term:0, Index:0}
084404 INFO S2: (term 1) follower 收到 [0] AppendEntries [], prevIndex 0, prevTerm 0
084405 LEAD S0: 2 append success next 1 match 0
084405 INFO S1: (term 1) follower 收到 [0] AppendEntries [], prevIndex 0, prevTerm 0
084405 LEAD S0: 1 append success next 1 match 0
085407 LEAD S0: prevLog &raft.Entry{Command:interface {}(nil), Term:0, Index:0}
085407 LEAD S0: prevLog &raft.Entry{Command:interface {}(nil), Term:0, Index:0}
085408 INFO S2: (term 1) follower 收到 [0] AppendEntries [], prevIndex 0, prevTerm 0
085408 INFO S1: (term 1) follower 收到 [0] AppendEntries [], prevIndex 0, prevTerm 0
085408 LEAD S0: 2 append success next 1 match 0
085408 LEAD S0: 1 append success next 1 match 0
086410 LEAD S0: prevLog &raft.Entry{Command:interface {}(nil), Term:0, Index:0}
086410 LEAD S0: prevLog &raft.Entry{Command:interface {}(nil), Term:0, Index:0}
086411 INFO S2: (term 1) follower 收到 [0] AppendEntries [], prevIndex 0, prevTerm 0
086412 LEAD S0: 2 append success next 1 match 0
086412 INFO S1: (term 1) follower 收到 [0] AppendEntries [], prevIndex 0, prevTerm 0
086413 LEAD S0: 1 append success next 1 match 0
087422 LEAD S0: prevLog &raft.Entry{Command:interface {}(nil), Term:0, Index:0}
087423 LEAD S0: prevLog &raft.Entry{Command:interface {}(nil), Term:0, Index:0}
087426 INFO S1: (term 1) follower 收到 [0] AppendEntries [], prevIndex 0, prevTerm 0
087427 INFO S2: (term 1) follower 收到 [0] AppendEntries [], prevIndex 0, prevTerm 0
087428 LEAD S0: 1 append success next 1 match 0
087429 LEAD S0: 2 append success next 1 match 0
088425 LEAD S0: prevLog &raft.Entry{Command:interface {}(nil), Term:0, Index:0}
088425 LEAD S0: prevLog &raft.Entry{Command:interface {}(nil), Term:0, Index:0}
088425 INFO S2: (term 1) follower 收到 [0] AppendEntries [], prevIndex 0, prevTerm 0
088426 LEAD S0: 2 append success next 1 match 0
088426 INFO S1: (term 1) follower 收到 [0] AppendEntries [], prevIndex 0, prevTerm 0
088427 LEAD S0: 1 append success next 1 match 0
089429 LEAD S0: prevLog &raft.Entry{Command:interface {}(nil), Term:0, Index:0}
089429 LEAD S0: prevLog &raft.Entry{Command:interface {}(nil), Term:0, Index:0}
089430 INFO S2: (term 1) follower 收到 [0] AppendEntries [], prevIndex 0, prevTerm 0
089430 INFO S1: (term 1) follower 收到 [0] AppendEntries [], prevIndex 0, prevTerm 0
089430 LEAD S0: 2 append success next 1 match 0
089431 LEAD S0: 1 append success next 1 match 0
090436 LEAD S0: prevLog &raft.Entry{Command:interface {}(nil), Term:0, Index:0}
090436 LEAD S0: prevLog &raft.Entry{Command:interface {}(nil), Term:0, Index:0}
090438 INFO S2: (term 1) follower 收到 [0] AppendEntries [], prevIndex 0, prevTerm 0
090438 INFO S1: (term 1) follower 收到 [0] AppendEntries [], prevIndex 0, prevTerm 0
090438 LEAD S0: 1 append success next 1 match 0
090439 LEAD S0: 2 append success next 1 match 0
091445 LEAD S0: prevLog &raft.Entry{Command:interface {}(nil), Term:0, Index:0}
091445 LEAD S0: prevLog &raft.Entry{Command:interface {}(nil), Term:0, Index:0}
091446 INFO S2: (term 1) follower 收到 [0] AppendEntries [], prevIndex 0, prevTerm 0
091446 LEAD S0: 2 append success next 1 match 0
091447 INFO S1: (term 1) follower 收到 [0] AppendEntries [], prevIndex 0, prevTerm 0
091447 LEAD S0: 1 append success next 1 match 0
092451 LEAD S0: prevLog &raft.Entry{Command:interface {}(nil), Term:0, Index:0}
092451 LEAD S0: prevLog &raft.Entry{Command:interface {}(nil), Term:0, Index:0}
092453 INFO S2: (term 1) follower 收到 [0] AppendEntries [], prevIndex 0, prevTerm 0
092453 INFO S1: (term 1) follower 收到 [0] AppendEntries [], prevIndex 0, prevTerm 0
092454 LEAD S0: 1 append success next 1 match 0
092454 LEAD S0: 2 append success next 1 match 0
093460 LEAD S0: prevLog &raft.Entry{Command:interface {}(nil), Term:0, Index:0}
093460 LEAD S0: prevLog &raft.Entry{Command:interface {}(nil), Term:0, Index:0}
093462 INFO S2: (term 1) follower 收到 [0] AppendEntries [], prevIndex 0, prevTerm 0
093463 LEAD S0: 2 append success next 1 match 0
093464 INFO S1: (term 1) follower 收到 [0] AppendEntries [], prevIndex 0, prevTerm 0
093465 LEAD S0: 1 append success next 1 match 0
094464 LEAD S0: prevLog &raft.Entry{Command:interface {}(nil), Term:0, Index:0}
094464 LEAD S0: prevLog &raft.Entry{Command:interface {}(nil), Term:0, Index:0}
094465 INFO S2: (term 1) follower 收到 [0] AppendEntries [], prevIndex 0, prevTerm 0
094465 INFO S1: (term 1) follower 收到 [0] AppendEntries [], prevIndex 0, prevTerm 0
094465 LEAD S0: 1 append success next 1 match 0
094465 LEAD S0: 2 append success next 1 match 0
095471 LEAD S0: prevLog &raft.Entry{Command:interface {}(nil), Term:0, Index:0}
095471 LEAD S0: prevLog &raft.Entry{Command:interface {}(nil), Term:0, Index:0}
095472 INFO S1: (term 1) follower 收到 [0] AppendEntries [], prevIndex 0, prevTerm 0
095473 INFO S2: (term 1) follower 收到 [0] AppendEntries [], prevIndex 0, prevTerm 0
095474 LEAD S0: 1 append success next 1 match 0
095475 LEAD S0: 2 append success next 1 match 0
096478 LEAD S0: prevLog &raft.Entry{Command:interface {}(nil), Term:0, Index:0}
096478 LEAD S0: prevLog &raft.Entry{Command:interface {}(nil), Term:0, Index:0}
096478 INFO S2: (term 1) follower 收到 [0] AppendEntries [], prevIndex 0, prevTerm 0
096479 LEAD S0: 2 append success next 1 match 0
096479 INFO S1: (term 1) follower 收到 [0] AppendEntries [], prevIndex 0, prevTerm 0
096480 LEAD S0: 1 append success next 1 match 0
097485 LEAD S0: prevLog &raft.Entry{Command:interface {}(nil), Term:0, Index:0}
097485 LEAD S0: prevLog &raft.Entry{Command:interface {}(nil), Term:0, Index:0}
097487 INFO S2: (term 1) follower 收到 [0] AppendEntries [], prevIndex 0, prevTerm 0
097487 INFO S1: (term 1) follower 收到 [0] AppendEntries [], prevIndex 0, prevTerm 0
097488 LEAD S0: 2 append success next 1 match 0
097489 LEAD S0: 1 append success next 1 match 0
098492 LEAD S0: prevLog &raft.Entry{Command:interface {}(nil), Term:0, Index:0}
098492 LEAD S0: prevLog &raft.Entry{Command:interface {}(nil), Term:0, Index:0}
098493 INFO S2: (term 1) follower 收到 [0] AppendEntries [], prevIndex 0, prevTerm 0
098493 LEAD S0: 2 append success next 1 match 0
098494 INFO S1: (term 1) follower 收到 [0] AppendEntries [], prevIndex 0, prevTerm 0
098495 LEAD S0: 1 append success next 1 match 0
099498 LEAD S0: prevLog &raft.Entry{Command:interface {}(nil), Term:0, Index:0}
099499 LEAD S0: prevLog &raft.Entry{Command:interface {}(nil), Term:0, Index:0}
099500 INFO S2: (term 1) follower 收到 [0] AppendEntries [], prevIndex 0, prevTerm 0
099500 INFO S1: (term 1) follower 收到 [0] AppendEntries [], prevIndex 0, prevTerm 0
099501 LEAD S0: 2 append success next 1 match 0
099501 LEAD S0: 1 append success next 1 match 0
100502 LEAD S0: prevLog &raft.Entry{Command:interface {}(nil), Term:0, Index:0}
100502 LEAD S0: prevLog &raft.Entry{Command:interface {}(nil), Term:0, Index:0}
--- FAIL: TestPersist12C (10.05s)
    config.go:609: one(11) failed to reach agreement
FAIL
exit status 1
FAIL	6.824/raft	10.051s
