Test (2C): basic persistence ...
002009 INFO S2: start leader election, term 1
002009 VOTE S2: term 1 send vote request to 1
002009 VOTE S2: term 1 send vote request to 0
002010 TERM S1: set new term 1
002010 VOTE S1: term 1 vote 2
002010 VOTE S2: reply from 1, term一致，且投给2
002010 LEAD S2: come to power, start to send heartbeat
002010 LEAD S2: prevLog &raft.Entry{Command:interface {}(nil), Term:0, Index:0}
002010 LEAD S2: prevLog &raft.Entry{Command:interface {}(nil), Term:0, Index:0}
002011 TERM S0: set new term 1
002011 VOTE S0: term 1 vote 2
002011 INFO S1: (term 1) follower 收到 [2] AppendEntries [], prevIndex 0, prevTerm 0
002011 VOTE S2: reply from 0, term一致，且投给2
002011 INFO S0: (term 1) follower 收到 [2] AppendEntries [], prevIndex 0, prevTerm 0
002011 LEAD S2: 1 append success next 1 match 0
002012 LEAD S2: 0 append success next 1 match 0
003011 LEAD S2: prevLog &raft.Entry{Command:interface {}(nil), Term:0, Index:0}
003012 LEAD S2: prevLog &raft.Entry{Command:interface {}(nil), Term:0, Index:0}
003013 INFO S0: (term 1) follower 收到 [2] AppendEntries [], prevIndex 0, prevTerm 0
003013 INFO S1: (term 1) follower 收到 [2] AppendEntries [], prevIndex 0, prevTerm 0
003013 LEAD S2: 0 append success next 1 match 0
003013 LEAD S2: 1 append success next 1 match 0
004018 LEAD S2: prevLog &raft.Entry{Command:interface {}(nil), Term:0, Index:0}
004018 LEAD S2: prevLog &raft.Entry{Command:interface {}(nil), Term:0, Index:0}
004019 INFO S1: (term 1) follower 收到 [2] AppendEntries [], prevIndex 0, prevTerm 0
004019 LEAD S2: 1 append success next 1 match 0
004020 INFO S0: (term 1) follower 收到 [2] AppendEntries [], prevIndex 0, prevTerm 0
004020 LEAD S2: 0 append success next 1 match 0
005023 LEAD S2: prevLog &raft.Entry{Command:interface {}(nil), Term:0, Index:0}
005023 LEAD S2: prevLog &raft.Entry{Command:interface {}(nil), Term:0, Index:0}
005025 INFO S1: (term 1) follower 收到 [2] AppendEntries [], prevIndex 0, prevTerm 0
005026 LEAD S2: 1 append success next 1 match 0
005026 INFO S0: (term 1) follower 收到 [2] AppendEntries [], prevIndex 0, prevTerm 0
005027 LEAD S2: 0 append success next 1 match 0
006028 LEAD S2: prevLog &raft.Entry{Command:interface {}(nil), Term:0, Index:0}
006028 LEAD S2: prevLog &raft.Entry{Command:interface {}(nil), Term:0, Index:0}
006029 INFO S1: (term 1) follower 收到 [2] AppendEntries [], prevIndex 0, prevTerm 0
006029 LEAD S2: 1 append success next 1 match 0
006029 INFO S0: (term 1) follower 收到 [2] AppendEntries [], prevIndex 0, prevTerm 0
006030 LEAD S2: 0 append success next 1 match 0
007033 LEAD S2: prevLog &raft.Entry{Command:interface {}(nil), Term:0, Index:0}
007033 LEAD S2: prevLog &raft.Entry{Command:interface {}(nil), Term:0, Index:0}
007036 INFO S1: (term 1) follower 收到 [2] AppendEntries [], prevIndex 0, prevTerm 0
007037 INFO S0: (term 1) follower 收到 [2] AppendEntries [], prevIndex 0, prevTerm 0
007038 LEAD S2: 0 append success next 1 match 0
007039 LEAD S2: 1 append success next 1 match 0
008040 LEAD S2: prevLog &raft.Entry{Command:interface {}(nil), Term:0, Index:0}
008040 LEAD S2: prevLog &raft.Entry{Command:interface {}(nil), Term:0, Index:0}
008041 INFO S1: (term 1) follower 收到 [2] AppendEntries [], prevIndex 0, prevTerm 0
008041 LEAD S2: 1 append success next 1 match 0
008041 INFO S0: (term 1) follower 收到 [2] AppendEntries [], prevIndex 0, prevTerm 0
008042 LEAD S2: 0 append success next 1 match 0
009049 LEAD S2: prevLog &raft.Entry{Command:interface {}(nil), Term:0, Index:0}
009049 LEAD S2: prevLog &raft.Entry{Command:interface {}(nil), Term:0, Index:0}
009052 INFO S1: (term 1) follower 收到 [2] AppendEntries [], prevIndex 0, prevTerm 0
009053 INFO S0: (term 1) follower 收到 [2] AppendEntries [], prevIndex 0, prevTerm 0
009053 LEAD S2: 1 append success next 1 match 0
009055 LEAD S2: 0 append success next 1 match 0
010049 LEAD S2: prevLog &raft.Entry{Command:interface {}(nil), Term:0, Index:0}
010050 LEAD S2: prevLog &raft.Entry{Command:interface {}(nil), Term:0, Index:0}
010050 INFO S0: (term 1) follower 收到 [2] AppendEntries [], prevIndex 0, prevTerm 0
010051 INFO S1: (term 1) follower 收到 [2] AppendEntries [], prevIndex 0, prevTerm 0
010051 LEAD S2: 0 append success next 1 match 0
010051 LEAD S2: 1 append success next 1 match 0
011054 LEAD S2: prevLog &raft.Entry{Command:interface {}(nil), Term:0, Index:0}
011054 LEAD S2: prevLog &raft.Entry{Command:interface {}(nil), Term:0, Index:0}
011055 INFO S1: (term 1) follower 收到 [2] AppendEntries [], prevIndex 0, prevTerm 0
011055 LEAD S2: 1 append success next 1 match 0
011055 INFO S0: (term 1) follower 收到 [2] AppendEntries [], prevIndex 0, prevTerm 0
011056 LEAD S2: 0 append success next 1 match 0
012058 LEAD S2: prevLog &raft.Entry{Command:interface {}(nil), Term:0, Index:0}
012058 LEAD S2: prevLog &raft.Entry{Command:interface {}(nil), Term:0, Index:0}
012059 INFO S1: (term 1) follower 收到 [2] AppendEntries [], prevIndex 0, prevTerm 0
012059 LEAD S2: 1 append success next 1 match 0
012059 INFO S0: (term 1) follower 收到 [2] AppendEntries [], prevIndex 0, prevTerm 0
012060 LEAD S2: 0 append success next 1 match 0
013062 LEAD S2: prevLog &raft.Entry{Command:interface {}(nil), Term:0, Index:0}
013062 LEAD S2: prevLog &raft.Entry{Command:interface {}(nil), Term:0, Index:0}
013063 INFO S0: (term 1) follower 收到 [2] AppendEntries [], prevIndex 0, prevTerm 0
013064 LEAD S2: 0 append success next 1 match 0
013064 INFO S1: (term 1) follower 收到 [2] AppendEntries [], prevIndex 0, prevTerm 0
013064 LEAD S2: 1 append success next 1 match 0
014065 LEAD S2: prevLog &raft.Entry{Command:interface {}(nil), Term:0, Index:0}
014065 LEAD S2: prevLog &raft.Entry{Command:interface {}(nil), Term:0, Index:0}
014066 INFO S0: (term 1) follower 收到 [2] AppendEntries [], prevIndex 0, prevTerm 0
014066 LEAD S2: 0 append success next 1 match 0
014066 INFO S1: (term 1) follower 收到 [2] AppendEntries [], prevIndex 0, prevTerm 0
014067 LEAD S2: 1 append success next 1 match 0
015068 LEAD S2: prevLog &raft.Entry{Command:interface {}(nil), Term:0, Index:0}
015068 LEAD S2: prevLog &raft.Entry{Command:interface {}(nil), Term:0, Index:0}
015069 INFO S0: (term 1) follower 收到 [2] AppendEntries [], prevIndex 0, prevTerm 0
015069 INFO S1: (term 1) follower 收到 [2] AppendEntries [], prevIndex 0, prevTerm 0
015069 LEAD S2: 0 append success next 1 match 0
015070 LEAD S2: 1 append success next 1 match 0
016071 LEAD S2: prevLog &raft.Entry{Command:interface {}(nil), Term:0, Index:0}
016071 LEAD S2: prevLog &raft.Entry{Command:interface {}(nil), Term:0, Index:0}
016072 INFO S0: (term 1) follower 收到 [2] AppendEntries [], prevIndex 0, prevTerm 0
016072 INFO S1: (term 1) follower 收到 [2] AppendEntries [], prevIndex 0, prevTerm 0
016073 LEAD S2: 1 append success next 1 match 0
016073 LEAD S2: 0 append success next 1 match 0
017082 LEAD S2: prevLog &raft.Entry{Command:interface {}(nil), Term:0, Index:0}
017083 LEAD S2: prevLog &raft.Entry{Command:interface {}(nil), Term:0, Index:0}
017086 INFO S1: (term 1) follower 收到 [2] AppendEntries [], prevIndex 0, prevTerm 0
017087 LEAD S2: 1 append success next 1 match 0
017087 INFO S0: (term 1) follower 收到 [2] AppendEntries [], prevIndex 0, prevTerm 0
017089 LEAD S2: 0 append success next 1 match 0
018084 LEAD S2: prevLog &raft.Entry{Command:interface {}(nil), Term:0, Index:0}
018084 LEAD S2: prevLog &raft.Entry{Command:interface {}(nil), Term:0, Index:0}
018085 INFO S1: (term 1) follower 收到 [2] AppendEntries [], prevIndex 0, prevTerm 0
018085 INFO S0: (term 1) follower 收到 [2] AppendEntries [], prevIndex 0, prevTerm 0
018085 LEAD S2: 1 append success next 1 match 0
018086 LEAD S2: 0 append success next 1 match 0
019089 LEAD S2: prevLog &raft.Entry{Command:interface {}(nil), Term:0, Index:0}
019089 LEAD S2: prevLog &raft.Entry{Command:interface {}(nil), Term:0, Index:0}
019090 INFO S0: (term 1) follower 收到 [2] AppendEntries [], prevIndex 0, prevTerm 0
019090 INFO S1: (term 1) follower 收到 [2] AppendEntries [], prevIndex 0, prevTerm 0
019090 LEAD S2: 0 append success next 1 match 0
019090 LEAD S2: 1 append success next 1 match 0
020093 LEAD S2: prevLog &raft.Entry{Command:interface {}(nil), Term:0, Index:0}
020093 LEAD S2: prevLog &raft.Entry{Command:interface {}(nil), Term:0, Index:0}
020094 INFO S1: (term 1) follower 收到 [2] AppendEntries [], prevIndex 0, prevTerm 0
020094 LEAD S2: 1 append success next 1 match 0
020094 INFO S0: (term 1) follower 收到 [2] AppendEntries [], prevIndex 0, prevTerm 0
020094 LEAD S2: 0 append success next 1 match 0
021096 LEAD S2: prevLog &raft.Entry{Command:interface {}(nil), Term:0, Index:0}
021096 LEAD S2: prevLog &raft.Entry{Command:interface {}(nil), Term:0, Index:0}
021097 INFO S1: (term 1) follower 收到 [2] AppendEntries [], prevIndex 0, prevTerm 0
021097 INFO S0: (term 1) follower 收到 [2] AppendEntries [], prevIndex 0, prevTerm 0
021097 LEAD S2: 1 append success next 1 match 0
021098 LEAD S2: 0 append success next 1 match 0
022101 LEAD S2: prevLog &raft.Entry{Command:interface {}(nil), Term:0, Index:0}
022101 LEAD S2: prevLog &raft.Entry{Command:interface {}(nil), Term:0, Index:0}
022102 INFO S0: (term 1) follower 收到 [2] AppendEntries [], prevIndex 0, prevTerm 0
022102 LEAD S2: 0 append success next 1 match 0
022102 INFO S1: (term 1) follower 收到 [2] AppendEntries [], prevIndex 0, prevTerm 0
022103 LEAD S2: 1 append success next 1 match 0
023107 LEAD S2: prevLog &raft.Entry{Command:interface {}(nil), Term:0, Index:0}
023107 LEAD S2: prevLog &raft.Entry{Command:interface {}(nil), Term:0, Index:0}
023109 INFO S1: (term 1) follower 收到 [2] AppendEntries [], prevIndex 0, prevTerm 0
023110 INFO S0: (term 1) follower 收到 [2] AppendEntries [], prevIndex 0, prevTerm 0
023111 LEAD S2: 1 append success next 1 match 0
023112 LEAD S2: 0 append success next 1 match 0
024114 LEAD S2: prevLog &raft.Entry{Command:interface {}(nil), Term:0, Index:0}
024115 LEAD S2: prevLog &raft.Entry{Command:interface {}(nil), Term:0, Index:0}
024117 INFO S1: (term 1) follower 收到 [2] AppendEntries [], prevIndex 0, prevTerm 0
024117 INFO S0: (term 1) follower 收到 [2] AppendEntries [], prevIndex 0, prevTerm 0
024119 LEAD S2: 0 append success next 1 match 0
024119 LEAD S2: 1 append success next 1 match 0
025120 LEAD S2: prevLog &raft.Entry{Command:interface {}(nil), Term:0, Index:0}
025120 LEAD S2: prevLog &raft.Entry{Command:interface {}(nil), Term:0, Index:0}
025121 INFO S1: (term 1) follower 收到 [2] AppendEntries [], prevIndex 0, prevTerm 0
025121 INFO S0: (term 1) follower 收到 [2] AppendEntries [], prevIndex 0, prevTerm 0
025121 LEAD S2: 1 append success next 1 match 0
025121 LEAD S2: 0 append success next 1 match 0
026125 LEAD S2: prevLog &raft.Entry{Command:interface {}(nil), Term:0, Index:0}
026125 LEAD S2: prevLog &raft.Entry{Command:interface {}(nil), Term:0, Index:0}
026126 INFO S1: (term 1) follower 收到 [2] AppendEntries [], prevIndex 0, prevTerm 0
026126 LEAD S2: 1 append success next 1 match 0
026126 INFO S0: (term 1) follower 收到 [2] AppendEntries [], prevIndex 0, prevTerm 0
026127 LEAD S2: 0 append success next 1 match 0
027131 LEAD S2: prevLog &raft.Entry{Command:interface {}(nil), Term:0, Index:0}
027131 LEAD S2: prevLog &raft.Entry{Command:interface {}(nil), Term:0, Index:0}
027132 INFO S1: (term 1) follower 收到 [2] AppendEntries [], prevIndex 0, prevTerm 0
027132 LEAD S2: 1 append success next 1 match 0
027133 INFO S0: (term 1) follower 收到 [2] AppendEntries [], prevIndex 0, prevTerm 0
027133 LEAD S2: 0 append success next 1 match 0
028135 LEAD S2: prevLog &raft.Entry{Command:interface {}(nil), Term:0, Index:0}
028135 LEAD S2: prevLog &raft.Entry{Command:interface {}(nil), Term:0, Index:0}
028136 INFO S1: (term 1) follower 收到 [2] AppendEntries [], prevIndex 0, prevTerm 0
028136 INFO S0: (term 1) follower 收到 [2] AppendEntries [], prevIndex 0, prevTerm 0
028136 LEAD S2: 0 append success next 1 match 0
028136 LEAD S2: 1 append success next 1 match 0
029139 LEAD S2: prevLog &raft.Entry{Command:interface {}(nil), Term:0, Index:0}
029139 LEAD S2: prevLog &raft.Entry{Command:interface {}(nil), Term:0, Index:0}
029140 INFO S0: (term 1) follower 收到 [2] AppendEntries [], prevIndex 0, prevTerm 0
029140 INFO S1: (term 1) follower 收到 [2] AppendEntries [], prevIndex 0, prevTerm 0
029140 LEAD S2: 1 append success next 1 match 0
029140 LEAD S2: 0 append success next 1 match 0
030143 LEAD S2: prevLog &raft.Entry{Command:interface {}(nil), Term:0, Index:0}
030143 LEAD S2: prevLog &raft.Entry{Command:interface {}(nil), Term:0, Index:0}
030144 INFO S1: (term 1) follower 收到 [2] AppendEntries [], prevIndex 0, prevTerm 0
030144 LEAD S2: 1 append success next 1 match 0
030144 INFO S0: (term 1) follower 收到 [2] AppendEntries [], prevIndex 0, prevTerm 0
030145 LEAD S2: 0 append success next 1 match 0
031146 LEAD S2: prevLog &raft.Entry{Command:interface {}(nil), Term:0, Index:0}
031146 LEAD S2: prevLog &raft.Entry{Command:interface {}(nil), Term:0, Index:0}
031146 INFO S1: (term 1) follower 收到 [2] AppendEntries [], prevIndex 0, prevTerm 0
031147 INFO S0: (term 1) follower 收到 [2] AppendEntries [], prevIndex 0, prevTerm 0
031147 LEAD S2: 1 append success next 1 match 0
031147 LEAD S2: 0 append success next 1 match 0
032151 LEAD S2: prevLog &raft.Entry{Command:interface {}(nil), Term:0, Index:0}
032151 LEAD S2: prevLog &raft.Entry{Command:interface {}(nil), Term:0, Index:0}
032152 INFO S1: (term 1) follower 收到 [2] AppendEntries [], prevIndex 0, prevTerm 0
032152 LEAD S2: 1 append success next 1 match 0
032152 INFO S0: (term 1) follower 收到 [2] AppendEntries [], prevIndex 0, prevTerm 0
032152 LEAD S2: 0 append success next 1 match 0
033156 LEAD S2: prevLog &raft.Entry{Command:interface {}(nil), Term:0, Index:0}
033156 LEAD S2: prevLog &raft.Entry{Command:interface {}(nil), Term:0, Index:0}
033157 INFO S1: (term 1) follower 收到 [2] AppendEntries [], prevIndex 0, prevTerm 0
033157 INFO S0: (term 1) follower 收到 [2] AppendEntries [], prevIndex 0, prevTerm 0
033157 LEAD S2: 1 append success next 1 match 0
033158 LEAD S2: 0 append success next 1 match 0
034161 LEAD S2: prevLog &raft.Entry{Command:interface {}(nil), Term:0, Index:0}
034161 LEAD S2: prevLog &raft.Entry{Command:interface {}(nil), Term:0, Index:0}
034161 INFO S1: (term 1) follower 收到 [2] AppendEntries [], prevIndex 0, prevTerm 0
034162 LEAD S2: 1 append success next 1 match 0
034162 INFO S0: (term 1) follower 收到 [2] AppendEntries [], prevIndex 0, prevTerm 0
034162 LEAD S2: 0 append success next 1 match 0
035168 LEAD S2: prevLog &raft.Entry{Command:interface {}(nil), Term:0, Index:0}
035168 LEAD S2: prevLog &raft.Entry{Command:interface {}(nil), Term:0, Index:0}
035170 INFO S1: (term 1) follower 收到 [2] AppendEntries [], prevIndex 0, prevTerm 0
035171 INFO S0: (term 1) follower 收到 [2] AppendEntries [], prevIndex 0, prevTerm 0
035172 LEAD S2: 1 append success next 1 match 0
035172 LEAD S2: 0 append success next 1 match 0
036175 LEAD S2: prevLog &raft.Entry{Command:interface {}(nil), Term:0, Index:0}
036175 LEAD S2: prevLog &raft.Entry{Command:interface {}(nil), Term:0, Index:0}
036178 INFO S0: (term 1) follower 收到 [2] AppendEntries [], prevIndex 0, prevTerm 0
036179 INFO S1: (term 1) follower 收到 [2] AppendEntries [], prevIndex 0, prevTerm 0
036180 LEAD S2: 1 append success next 1 match 0
036180 LEAD S2: 0 append success next 1 match 0
037180 LEAD S2: prevLog &raft.Entry{Command:interface {}(nil), Term:0, Index:0}
037180 LEAD S2: prevLog &raft.Entry{Command:interface {}(nil), Term:0, Index:0}
037181 INFO S1: (term 1) follower 收到 [2] AppendEntries [], prevIndex 0, prevTerm 0
037182 INFO S0: (term 1) follower 收到 [2] AppendEntries [], prevIndex 0, prevTerm 0
037182 LEAD S2: 1 append success next 1 match 0
037182 LEAD S2: 0 append success next 1 match 0
038184 LEAD S2: prevLog &raft.Entry{Command:interface {}(nil), Term:0, Index:0}
038184 LEAD S2: prevLog &raft.Entry{Command:interface {}(nil), Term:0, Index:0}
038185 INFO S1: (term 1) follower 收到 [2] AppendEntries [], prevIndex 0, prevTerm 0
038185 INFO S0: (term 1) follower 收到 [2] AppendEntries [], prevIndex 0, prevTerm 0
038185 LEAD S2: 1 append success next 1 match 0
038186 LEAD S2: 0 append success next 1 match 0
039189 LEAD S2: prevLog &raft.Entry{Command:interface {}(nil), Term:0, Index:0}
039189 LEAD S2: prevLog &raft.Entry{Command:interface {}(nil), Term:0, Index:0}
039190 INFO S1: (term 1) follower 收到 [2] AppendEntries [], prevIndex 0, prevTerm 0
039190 INFO S0: (term 1) follower 收到 [2] AppendEntries [], prevIndex 0, prevTerm 0
039191 LEAD S2: 1 append success next 1 match 0
039191 LEAD S2: 0 append success next 1 match 0
040194 LEAD S2: prevLog &raft.Entry{Command:interface {}(nil), Term:0, Index:0}
040195 LEAD S2: prevLog &raft.Entry{Command:interface {}(nil), Term:0, Index:0}
040197 INFO S1: (term 1) follower 收到 [2] AppendEntries [], prevIndex 0, prevTerm 0
040198 INFO S0: (term 1) follower 收到 [2] AppendEntries [], prevIndex 0, prevTerm 0
040199 LEAD S2: 1 append success next 1 match 0
040200 LEAD S2: 0 append success next 1 match 0
041198 LEAD S2: prevLog &raft.Entry{Command:interface {}(nil), Term:0, Index:0}
041198 LEAD S2: prevLog &raft.Entry{Command:interface {}(nil), Term:0, Index:0}
041198 INFO S1: (term 1) follower 收到 [2] AppendEntries [], prevIndex 0, prevTerm 0
041199 LEAD S2: 1 append success next 1 match 0
041202 INFO S0: (term 1) follower 收到 [2] AppendEntries [], prevIndex 0, prevTerm 0
041202 LEAD S2: 0 append success next 1 match 0
042201 LEAD S2: prevLog &raft.Entry{Command:interface {}(nil), Term:0, Index:0}
042201 LEAD S2: prevLog &raft.Entry{Command:interface {}(nil), Term:0, Index:0}
042201 INFO S0: (term 1) follower 收到 [2] AppendEntries [], prevIndex 0, prevTerm 0
042202 INFO S1: (term 1) follower 收到 [2] AppendEntries [], prevIndex 0, prevTerm 0
042202 LEAD S2: 1 append success next 1 match 0
042202 LEAD S2: 0 append success next 1 match 0
043204 LEAD S2: prevLog &raft.Entry{Command:interface {}(nil), Term:0, Index:0}
043204 LEAD S2: prevLog &raft.Entry{Command:interface {}(nil), Term:0, Index:0}
043205 INFO S1: (term 1) follower 收到 [2] AppendEntries [], prevIndex 0, prevTerm 0
043205 INFO S0: (term 1) follower 收到 [2] AppendEntries [], prevIndex 0, prevTerm 0
043205 LEAD S2: 1 append success next 1 match 0
043206 LEAD S2: 0 append success next 1 match 0
044209 LEAD S2: prevLog &raft.Entry{Command:interface {}(nil), Term:0, Index:0}
044209 LEAD S2: prevLog &raft.Entry{Command:interface {}(nil), Term:0, Index:0}
044210 INFO S0: (term 1) follower 收到 [2] AppendEntries [], prevIndex 0, prevTerm 0
044210 LEAD S2: 0 append success next 1 match 0
044210 INFO S1: (term 1) follower 收到 [2] AppendEntries [], prevIndex 0, prevTerm 0
044211 LEAD S2: 1 append success next 1 match 0
045214 LEAD S2: prevLog &raft.Entry{Command:interface {}(nil), Term:0, Index:0}
045214 LEAD S2: prevLog &raft.Entry{Command:interface {}(nil), Term:0, Index:0}
045216 INFO S1: (term 1) follower 收到 [2] AppendEntries [], prevIndex 0, prevTerm 0
045217 INFO S0: (term 1) follower 收到 [2] AppendEntries [], prevIndex 0, prevTerm 0
045218 LEAD S2: 1 append success next 1 match 0
045219 LEAD S2: 0 append success next 1 match 0
046222 LEAD S2: prevLog &raft.Entry{Command:interface {}(nil), Term:0, Index:0}
046222 LEAD S2: prevLog &raft.Entry{Command:interface {}(nil), Term:0, Index:0}
046225 INFO S0: (term 1) follower 收到 [2] AppendEntries [], prevIndex 0, prevTerm 0
046226 INFO S1: (term 1) follower 收到 [2] AppendEntries [], prevIndex 0, prevTerm 0
046227 LEAD S2: 1 append success next 1 match 0
046227 LEAD S2: 0 append success next 1 match 0
047226 LEAD S2: prevLog &raft.Entry{Command:interface {}(nil), Term:0, Index:0}
047226 LEAD S2: prevLog &raft.Entry{Command:interface {}(nil), Term:0, Index:0}
047227 INFO S1: (term 1) follower 收到 [2] AppendEntries [], prevIndex 0, prevTerm 0
047227 INFO S0: (term 1) follower 收到 [2] AppendEntries [], prevIndex 0, prevTerm 0
047227 LEAD S2: 1 append success next 1 match 0
047228 LEAD S2: 0 append success next 1 match 0
048230 LEAD S2: prevLog &raft.Entry{Command:interface {}(nil), Term:0, Index:0}
048230 LEAD S2: prevLog &raft.Entry{Command:interface {}(nil), Term:0, Index:0}
048231 INFO S0: (term 1) follower 收到 [2] AppendEntries [], prevIndex 0, prevTerm 0
048231 INFO S1: (term 1) follower 收到 [2] AppendEntries [], prevIndex 0, prevTerm 0
048231 LEAD S2: 0 append success next 1 match 0
048232 LEAD S2: 1 append success next 1 match 0
049237 LEAD S2: prevLog &raft.Entry{Command:interface {}(nil), Term:0, Index:0}
049237 LEAD S2: prevLog &raft.Entry{Command:interface {}(nil), Term:0, Index:0}
049237 INFO S1: (term 1) follower 收到 [2] AppendEntries [], prevIndex 0, prevTerm 0
049238 LEAD S2: 1 append success next 1 match 0
049238 INFO S0: (term 1) follower 收到 [2] AppendEntries [], prevIndex 0, prevTerm 0
049238 LEAD S2: 0 append success next 1 match 0
050240 LEAD S2: prevLog &raft.Entry{Command:interface {}(nil), Term:0, Index:0}
050240 LEAD S2: prevLog &raft.Entry{Command:interface {}(nil), Term:0, Index:0}
050241 INFO S0: (term 1) follower 收到 [2] AppendEntries [], prevIndex 0, prevTerm 0
050241 LEAD S2: 0 append success next 1 match 0
050241 INFO S1: (term 1) follower 收到 [2] AppendEntries [], prevIndex 0, prevTerm 0
050242 LEAD S2: 1 append success next 1 match 0
051246 LEAD S2: prevLog &raft.Entry{Command:interface {}(nil), Term:0, Index:0}
051246 LEAD S2: prevLog &raft.Entry{Command:interface {}(nil), Term:0, Index:0}
051247 INFO S1: (term 1) follower 收到 [2] AppendEntries [], prevIndex 0, prevTerm 0
051247 LEAD S2: 1 append success next 1 match 0
051247 INFO S0: (term 1) follower 收到 [2] AppendEntries [], prevIndex 0, prevTerm 0
051248 LEAD S2: 0 append success next 1 match 0
052251 LEAD S2: prevLog &raft.Entry{Command:interface {}(nil), Term:0, Index:0}
052251 LEAD S2: prevLog &raft.Entry{Command:interface {}(nil), Term:0, Index:0}
052252 INFO S1: (term 1) follower 收到 [2] AppendEntries [], prevIndex 0, prevTerm 0
052252 INFO S0: (term 1) follower 收到 [2] AppendEntries [], prevIndex 0, prevTerm 0
052252 LEAD S2: 0 append success next 1 match 0
052252 LEAD S2: 1 append success next 1 match 0
053255 LEAD S2: prevLog &raft.Entry{Command:interface {}(nil), Term:0, Index:0}
053255 LEAD S2: prevLog &raft.Entry{Command:interface {}(nil), Term:0, Index:0}
053255 INFO S1: (term 1) follower 收到 [2] AppendEntries [], prevIndex 0, prevTerm 0
053256 LEAD S2: 1 append success next 1 match 0
053256 INFO S0: (term 1) follower 收到 [2] AppendEntries [], prevIndex 0, prevTerm 0
053256 LEAD S2: 0 append success next 1 match 0
054258 LEAD S2: prevLog &raft.Entry{Command:interface {}(nil), Term:0, Index:0}
054258 LEAD S2: prevLog &raft.Entry{Command:interface {}(nil), Term:0, Index:0}
054259 INFO S1: (term 1) follower 收到 [2] AppendEntries [], prevIndex 0, prevTerm 0
054259 INFO S0: (term 1) follower 收到 [2] AppendEntries [], prevIndex 0, prevTerm 0
054259 LEAD S2: 1 append success next 1 match 0
054259 LEAD S2: 0 append success next 1 match 0
055262 LEAD S2: prevLog &raft.Entry{Command:interface {}(nil), Term:0, Index:0}
055262 LEAD S2: prevLog &raft.Entry{Command:interface {}(nil), Term:0, Index:0}
055263 INFO S1: (term 1) follower 收到 [2] AppendEntries [], prevIndex 0, prevTerm 0
055263 LEAD S2: 1 append success next 1 match 0
055264 INFO S0: (term 1) follower 收到 [2] AppendEntries [], prevIndex 0, prevTerm 0
055264 LEAD S2: 0 append success next 1 match 0
056269 LEAD S2: prevLog &raft.Entry{Command:interface {}(nil), Term:0, Index:0}
056269 LEAD S2: prevLog &raft.Entry{Command:interface {}(nil), Term:0, Index:0}
056272 INFO S0: (term 1) follower 收到 [2] AppendEntries [], prevIndex 0, prevTerm 0
056272 INFO S1: (term 1) follower 收到 [2] AppendEntries [], prevIndex 0, prevTerm 0
056273 LEAD S2: 0 append success next 1 match 0
056275 LEAD S2: 1 append success next 1 match 0
057279 LEAD S2: prevLog &raft.Entry{Command:interface {}(nil), Term:0, Index:0}
057279 LEAD S2: prevLog &raft.Entry{Command:interface {}(nil), Term:0, Index:0}
057282 INFO S1: (term 1) follower 收到 [2] AppendEntries [], prevIndex 0, prevTerm 0
057282 INFO S0: (term 1) follower 收到 [2] AppendEntries [], prevIndex 0, prevTerm 0
057283 LEAD S2: 1 append success next 1 match 0
057284 LEAD S2: 0 append success next 1 match 0
058282 LEAD S2: prevLog &raft.Entry{Command:interface {}(nil), Term:0, Index:0}
058282 LEAD S2: prevLog &raft.Entry{Command:interface {}(nil), Term:0, Index:0}
058283 INFO S1: (term 1) follower 收到 [2] AppendEntries [], prevIndex 0, prevTerm 0
058283 LEAD S2: 1 append success next 1 match 0
058283 INFO S0: (term 1) follower 收到 [2] AppendEntries [], prevIndex 0, prevTerm 0
058283 LEAD S2: 0 append success next 1 match 0
059285 LEAD S2: prevLog &raft.Entry{Command:interface {}(nil), Term:0, Index:0}
059285 LEAD S2: prevLog &raft.Entry{Command:interface {}(nil), Term:0, Index:0}
059286 INFO S0: (term 1) follower 收到 [2] AppendEntries [], prevIndex 0, prevTerm 0
059286 INFO S1: (term 1) follower 收到 [2] AppendEntries [], prevIndex 0, prevTerm 0
059286 LEAD S2: 0 append success next 1 match 0
059286 LEAD S2: 1 append success next 1 match 0
060290 LEAD S2: prevLog &raft.Entry{Command:interface {}(nil), Term:0, Index:0}
060291 LEAD S2: prevLog &raft.Entry{Command:interface {}(nil), Term:0, Index:0}
060293 INFO S1: (term 1) follower 收到 [2] AppendEntries [], prevIndex 0, prevTerm 0
060293 INFO S0: (term 1) follower 收到 [2] AppendEntries [], prevIndex 0, prevTerm 0
060294 LEAD S2: 0 append success next 1 match 0
060294 LEAD S2: 1 append success next 1 match 0
061295 LEAD S2: prevLog &raft.Entry{Command:interface {}(nil), Term:0, Index:0}
061295 LEAD S2: prevLog &raft.Entry{Command:interface {}(nil), Term:0, Index:0}
061296 INFO S1: (term 1) follower 收到 [2] AppendEntries [], prevIndex 0, prevTerm 0
061296 LEAD S2: 1 append success next 1 match 0
061296 INFO S0: (term 1) follower 收到 [2] AppendEntries [], prevIndex 0, prevTerm 0
061297 LEAD S2: 0 append success next 1 match 0
062299 LEAD S2: prevLog &raft.Entry{Command:interface {}(nil), Term:0, Index:0}
062299 LEAD S2: prevLog &raft.Entry{Command:interface {}(nil), Term:0, Index:0}
062299 INFO S1: (term 1) follower 收到 [2] AppendEntries [], prevIndex 0, prevTerm 0
062300 LEAD S2: 1 append success next 1 match 0
062300 INFO S0: (term 1) follower 收到 [2] AppendEntries [], prevIndex 0, prevTerm 0
062300 LEAD S2: 0 append success next 1 match 0
063302 LEAD S2: prevLog &raft.Entry{Command:interface {}(nil), Term:0, Index:0}
063303 LEAD S2: prevLog &raft.Entry{Command:interface {}(nil), Term:0, Index:0}
063303 INFO S1: (term 1) follower 收到 [2] AppendEntries [], prevIndex 0, prevTerm 0
063303 LEAD S2: 1 append success next 1 match 0
063304 INFO S0: (term 1) follower 收到 [2] AppendEntries [], prevIndex 0, prevTerm 0
063304 LEAD S2: 0 append success next 1 match 0
064307 LEAD S2: prevLog &raft.Entry{Command:interface {}(nil), Term:0, Index:0}
064307 LEAD S2: prevLog &raft.Entry{Command:interface {}(nil), Term:0, Index:0}
064309 INFO S0: (term 1) follower 收到 [2] AppendEntries [], prevIndex 0, prevTerm 0
064309 INFO S1: (term 1) follower 收到 [2] AppendEntries [], prevIndex 0, prevTerm 0
064310 LEAD S2: 0 append success next 1 match 0
064310 LEAD S2: 1 append success next 1 match 0
065313 LEAD S2: prevLog &raft.Entry{Command:interface {}(nil), Term:0, Index:0}
065313 LEAD S2: prevLog &raft.Entry{Command:interface {}(nil), Term:0, Index:0}
065315 INFO S0: (term 1) follower 收到 [2] AppendEntries [], prevIndex 0, prevTerm 0
065315 INFO S1: (term 1) follower 收到 [2] AppendEntries [], prevIndex 0, prevTerm 0
065316 LEAD S2: 0 append success next 1 match 0
065317 LEAD S2: 1 append success next 1 match 0
066317 LEAD S2: prevLog &raft.Entry{Command:interface {}(nil), Term:0, Index:0}
066317 LEAD S2: prevLog &raft.Entry{Command:interface {}(nil), Term:0, Index:0}
066318 INFO S0: (term 1) follower 收到 [2] AppendEntries [], prevIndex 0, prevTerm 0
066319 INFO S1: (term 1) follower 收到 [2] AppendEntries [], prevIndex 0, prevTerm 0
066319 LEAD S2: 1 append success next 1 match 0
066323 LEAD S2: 0 append success next 1 match 0
067321 LEAD S2: prevLog &raft.Entry{Command:interface {}(nil), Term:0, Index:0}
067322 LEAD S2: prevLog &raft.Entry{Command:interface {}(nil), Term:0, Index:0}
067323 INFO S0: (term 1) follower 收到 [2] AppendEntries [], prevIndex 0, prevTerm 0
067323 INFO S1: (term 1) follower 收到 [2] AppendEntries [], prevIndex 0, prevTerm 0
067323 LEAD S2: 1 append success next 1 match 0
067323 LEAD S2: 0 append success next 1 match 0
068325 LEAD S2: prevLog &raft.Entry{Command:interface {}(nil), Term:0, Index:0}
068325 LEAD S2: prevLog &raft.Entry{Command:interface {}(nil), Term:0, Index:0}
068327 INFO S1: (term 1) follower 收到 [2] AppendEntries [], prevIndex 0, prevTerm 0
068327 INFO S0: (term 1) follower 收到 [2] AppendEntries [], prevIndex 0, prevTerm 0
068327 LEAD S2: 1 append success next 1 match 0
068328 LEAD S2: 0 append success next 1 match 0
069329 LEAD S2: prevLog &raft.Entry{Command:interface {}(nil), Term:0, Index:0}
069330 LEAD S2: prevLog &raft.Entry{Command:interface {}(nil), Term:0, Index:0}
069330 INFO S1: (term 1) follower 收到 [2] AppendEntries [], prevIndex 0, prevTerm 0
069331 INFO S0: (term 1) follower 收到 [2] AppendEntries [], prevIndex 0, prevTerm 0
069331 LEAD S2: 1 append success next 1 match 0
069331 LEAD S2: 0 append success next 1 match 0
070334 LEAD S2: prevLog &raft.Entry{Command:interface {}(nil), Term:0, Index:0}
070334 LEAD S2: prevLog &raft.Entry{Command:interface {}(nil), Term:0, Index:0}
070335 INFO S1: (term 1) follower 收到 [2] AppendEntries [], prevIndex 0, prevTerm 0
070335 INFO S0: (term 1) follower 收到 [2] AppendEntries [], prevIndex 0, prevTerm 0
070335 LEAD S2: 1 append success next 1 match 0
070335 LEAD S2: 0 append success next 1 match 0
071338 LEAD S2: prevLog &raft.Entry{Command:interface {}(nil), Term:0, Index:0}
071338 LEAD S2: prevLog &raft.Entry{Command:interface {}(nil), Term:0, Index:0}
071339 INFO S0: (term 1) follower 收到 [2] AppendEntries [], prevIndex 0, prevTerm 0
071339 INFO S1: (term 1) follower 收到 [2] AppendEntries [], prevIndex 0, prevTerm 0
071339 LEAD S2: 1 append success next 1 match 0
071339 LEAD S2: 0 append success next 1 match 0
072342 LEAD S2: prevLog &raft.Entry{Command:interface {}(nil), Term:0, Index:0}
072342 LEAD S2: prevLog &raft.Entry{Command:interface {}(nil), Term:0, Index:0}
072343 INFO S0: (term 1) follower 收到 [2] AppendEntries [], prevIndex 0, prevTerm 0
072343 INFO S1: (term 1) follower 收到 [2] AppendEntries [], prevIndex 0, prevTerm 0
072343 LEAD S2: 0 append success next 1 match 0
072343 LEAD S2: 1 append success next 1 match 0
073344 LEAD S2: prevLog &raft.Entry{Command:interface {}(nil), Term:0, Index:0}
073345 LEAD S2: prevLog &raft.Entry{Command:interface {}(nil), Term:0, Index:0}
073345 INFO S0: (term 1) follower 收到 [2] AppendEntries [], prevIndex 0, prevTerm 0
073345 INFO S1: (term 1) follower 收到 [2] AppendEntries [], prevIndex 0, prevTerm 0
073346 LEAD S2: 1 append success next 1 match 0
073346 LEAD S2: 0 append success next 1 match 0
074349 LEAD S2: prevLog &raft.Entry{Command:interface {}(nil), Term:0, Index:0}
074349 LEAD S2: prevLog &raft.Entry{Command:interface {}(nil), Term:0, Index:0}
074349 INFO S1: (term 1) follower 收到 [2] AppendEntries [], prevIndex 0, prevTerm 0
074350 LEAD S2: 1 append success next 1 match 0
074350 INFO S0: (term 1) follower 收到 [2] AppendEntries [], prevIndex 0, prevTerm 0
074351 LEAD S2: 0 append success next 1 match 0
075351 LEAD S2: prevLog &raft.Entry{Command:interface {}(nil), Term:0, Index:0}
075352 LEAD S2: prevLog &raft.Entry{Command:interface {}(nil), Term:0, Index:0}
075352 INFO S1: (term 1) follower 收到 [2] AppendEntries [], prevIndex 0, prevTerm 0
075352 INFO S0: (term 1) follower 收到 [2] AppendEntries [], prevIndex 0, prevTerm 0
075353 LEAD S2: 0 append success next 1 match 0
075353 LEAD S2: 1 append success next 1 match 0
076358 LEAD S2: prevLog &raft.Entry{Command:interface {}(nil), Term:0, Index:0}
076359 LEAD S2: prevLog &raft.Entry{Command:interface {}(nil), Term:0, Index:0}
076362 INFO S0: (term 1) follower 收到 [2] AppendEntries [], prevIndex 0, prevTerm 0
076363 INFO S1: (term 1) follower 收到 [2] AppendEntries [], prevIndex 0, prevTerm 0
076363 LEAD S2: 0 append success next 1 match 0
076365 LEAD S2: 1 append success next 1 match 0
077364 LEAD S2: prevLog &raft.Entry{Command:interface {}(nil), Term:0, Index:0}
077365 LEAD S2: prevLog &raft.Entry{Command:interface {}(nil), Term:0, Index:0}
077366 INFO S1: (term 1) follower 收到 [2] AppendEntries [], prevIndex 0, prevTerm 0
077366 LEAD S2: 1 append success next 1 match 0
077366 INFO S0: (term 1) follower 收到 [2] AppendEntries [], prevIndex 0, prevTerm 0
077367 LEAD S2: 0 append success next 1 match 0
078371 LEAD S2: prevLog &raft.Entry{Command:interface {}(nil), Term:0, Index:0}
078372 LEAD S2: prevLog &raft.Entry{Command:interface {}(nil), Term:0, Index:0}
078374 INFO S0: (term 1) follower 收到 [2] AppendEntries [], prevIndex 0, prevTerm 0
078374 INFO S1: (term 1) follower 收到 [2] AppendEntries [], prevIndex 0, prevTerm 0
078375 LEAD S2: 0 append success next 1 match 0
078376 LEAD S2: 1 append success next 1 match 0
079380 LEAD S2: prevLog &raft.Entry{Command:interface {}(nil), Term:0, Index:0}
079381 LEAD S2: prevLog &raft.Entry{Command:interface {}(nil), Term:0, Index:0}
079384 INFO S1: (term 1) follower 收到 [2] AppendEntries [], prevIndex 0, prevTerm 0
079385 LEAD S2: 1 append success next 1 match 0
079386 INFO S0: (term 1) follower 收到 [2] AppendEntries [], prevIndex 0, prevTerm 0
079389 LEAD S2: 0 append success next 1 match 0
080385 LEAD S2: prevLog &raft.Entry{Command:interface {}(nil), Term:0, Index:0}
080385 LEAD S2: prevLog &raft.Entry{Command:interface {}(nil), Term:0, Index:0}
080386 INFO S0: (term 1) follower 收到 [2] AppendEntries [], prevIndex 0, prevTerm 0
080386 INFO S1: (term 1) follower 收到 [2] AppendEntries [], prevIndex 0, prevTerm 0
080386 LEAD S2: 0 append success next 1 match 0
080387 LEAD S2: 1 append success next 1 match 0
081389 LEAD S2: prevLog &raft.Entry{Command:interface {}(nil), Term:0, Index:0}
081389 LEAD S2: prevLog &raft.Entry{Command:interface {}(nil), Term:0, Index:0}
081390 INFO S0: (term 1) follower 收到 [2] AppendEntries [], prevIndex 0, prevTerm 0
081390 LEAD S2: 0 append success next 1 match 0
081390 INFO S1: (term 1) follower 收到 [2] AppendEntries [], prevIndex 0, prevTerm 0
081390 LEAD S2: 1 append success next 1 match 0
082391 LEAD S2: prevLog &raft.Entry{Command:interface {}(nil), Term:0, Index:0}
082391 LEAD S2: prevLog &raft.Entry{Command:interface {}(nil), Term:0, Index:0}
082392 INFO S1: (term 1) follower 收到 [2] AppendEntries [], prevIndex 0, prevTerm 0
082392 LEAD S2: 1 append success next 1 match 0
082392 INFO S0: (term 1) follower 收到 [2] AppendEntries [], prevIndex 0, prevTerm 0
082393 LEAD S2: 0 append success next 1 match 0
083395 LEAD S2: prevLog &raft.Entry{Command:interface {}(nil), Term:0, Index:0}
083395 LEAD S2: prevLog &raft.Entry{Command:interface {}(nil), Term:0, Index:0}
083395 INFO S1: (term 1) follower 收到 [2] AppendEntries [], prevIndex 0, prevTerm 0
083396 LEAD S2: 1 append success next 1 match 0
083396 INFO S0: (term 1) follower 收到 [2] AppendEntries [], prevIndex 0, prevTerm 0
083396 LEAD S2: 0 append success next 1 match 0
084400 LEAD S2: prevLog &raft.Entry{Command:interface {}(nil), Term:0, Index:0}
084401 LEAD S2: prevLog &raft.Entry{Command:interface {}(nil), Term:0, Index:0}
084403 INFO S0: (term 1) follower 收到 [2] AppendEntries [], prevIndex 0, prevTerm 0
084403 INFO S1: (term 1) follower 收到 [2] AppendEntries [], prevIndex 0, prevTerm 0
084404 LEAD S2: 1 append success next 1 match 0
084404 LEAD S2: 0 append success next 1 match 0
085403 LEAD S2: prevLog &raft.Entry{Command:interface {}(nil), Term:0, Index:0}
085403 LEAD S2: prevLog &raft.Entry{Command:interface {}(nil), Term:0, Index:0}
085404 INFO S1: (term 1) follower 收到 [2] AppendEntries [], prevIndex 0, prevTerm 0
085404 INFO S0: (term 1) follower 收到 [2] AppendEntries [], prevIndex 0, prevTerm 0
085405 LEAD S2: 1 append success next 1 match 0
085405 LEAD S2: 0 append success next 1 match 0
086408 LEAD S2: prevLog &raft.Entry{Command:interface {}(nil), Term:0, Index:0}
086408 LEAD S2: prevLog &raft.Entry{Command:interface {}(nil), Term:0, Index:0}
086409 INFO S1: (term 1) follower 收到 [2] AppendEntries [], prevIndex 0, prevTerm 0
086409 LEAD S2: 1 append success next 1 match 0
086410 INFO S0: (term 1) follower 收到 [2] AppendEntries [], prevIndex 0, prevTerm 0
086410 LEAD S2: 0 append success next 1 match 0
087412 LEAD S2: prevLog &raft.Entry{Command:interface {}(nil), Term:0, Index:0}
087413 LEAD S2: prevLog &raft.Entry{Command:interface {}(nil), Term:0, Index:0}
087414 INFO S0: (term 1) follower 收到 [2] AppendEntries [], prevIndex 0, prevTerm 0
087414 INFO S1: (term 1) follower 收到 [2] AppendEntries [], prevIndex 0, prevTerm 0
087414 LEAD S2: 0 append success next 1 match 0
087414 LEAD S2: 1 append success next 1 match 0
088415 LEAD S2: prevLog &raft.Entry{Command:interface {}(nil), Term:0, Index:0}
088416 LEAD S2: prevLog &raft.Entry{Command:interface {}(nil), Term:0, Index:0}
088416 INFO S0: (term 1) follower 收到 [2] AppendEntries [], prevIndex 0, prevTerm 0
088416 INFO S1: (term 1) follower 收到 [2] AppendEntries [], prevIndex 0, prevTerm 0
088417 LEAD S2: 0 append success next 1 match 0
088417 LEAD S2: 1 append success next 1 match 0
089424 LEAD S2: prevLog &raft.Entry{Command:interface {}(nil), Term:0, Index:0}
089424 LEAD S2: prevLog &raft.Entry{Command:interface {}(nil), Term:0, Index:0}
089427 INFO S1: (term 1) follower 收到 [2] AppendEntries [], prevIndex 0, prevTerm 0
089428 INFO S0: (term 1) follower 收到 [2] AppendEntries [], prevIndex 0, prevTerm 0
089428 LEAD S2: 1 append success next 1 match 0
089430 LEAD S2: 0 append success next 1 match 0
090430 LEAD S2: prevLog &raft.Entry{Command:interface {}(nil), Term:0, Index:0}
090430 LEAD S2: prevLog &raft.Entry{Command:interface {}(nil), Term:0, Index:0}
090431 INFO S0: (term 1) follower 收到 [2] AppendEntries [], prevIndex 0, prevTerm 0
090431 INFO S1: (term 1) follower 收到 [2] AppendEntries [], prevIndex 0, prevTerm 0
090432 LEAD S2: 0 append success next 1 match 0
090432 LEAD S2: 1 append success next 1 match 0
091434 LEAD S2: prevLog &raft.Entry{Command:interface {}(nil), Term:0, Index:0}
091434 LEAD S2: prevLog &raft.Entry{Command:interface {}(nil), Term:0, Index:0}
091435 INFO S1: (term 1) follower 收到 [2] AppendEntries [], prevIndex 0, prevTerm 0
091435 INFO S0: (term 1) follower 收到 [2] AppendEntries [], prevIndex 0, prevTerm 0
091435 LEAD S2: 1 append success next 1 match 0
091436 LEAD S2: 0 append success next 1 match 0
092439 LEAD S2: prevLog &raft.Entry{Command:interface {}(nil), Term:0, Index:0}
092439 LEAD S2: prevLog &raft.Entry{Command:interface {}(nil), Term:0, Index:0}
092439 INFO S0: (term 1) follower 收到 [2] AppendEntries [], prevIndex 0, prevTerm 0
092440 LEAD S2: 0 append success next 1 match 0
092440 INFO S1: (term 1) follower 收到 [2] AppendEntries [], prevIndex 0, prevTerm 0
092440 LEAD S2: 1 append success next 1 match 0
093441 LEAD S2: prevLog &raft.Entry{Command:interface {}(nil), Term:0, Index:0}
093442 LEAD S2: prevLog &raft.Entry{Command:interface {}(nil), Term:0, Index:0}
093442 INFO S1: (term 1) follower 收到 [2] AppendEntries [], prevIndex 0, prevTerm 0
093442 INFO S0: (term 1) follower 收到 [2] AppendEntries [], prevIndex 0, prevTerm 0
093443 LEAD S2: 1 append success next 1 match 0
093443 LEAD S2: 0 append success next 1 match 0
094446 LEAD S2: prevLog &raft.Entry{Command:interface {}(nil), Term:0, Index:0}
094446 LEAD S2: prevLog &raft.Entry{Command:interface {}(nil), Term:0, Index:0}
094447 INFO S1: (term 1) follower 收到 [2] AppendEntries [], prevIndex 0, prevTerm 0
094447 INFO S0: (term 1) follower 收到 [2] AppendEntries [], prevIndex 0, prevTerm 0
094447 LEAD S2: 1 append success next 1 match 0
094448 LEAD S2: 0 append success next 1 match 0
095450 LEAD S2: prevLog &raft.Entry{Command:interface {}(nil), Term:0, Index:0}
095450 LEAD S2: prevLog &raft.Entry{Command:interface {}(nil), Term:0, Index:0}
095451 INFO S0: (term 1) follower 收到 [2] AppendEntries [], prevIndex 0, prevTerm 0
095451 INFO S1: (term 1) follower 收到 [2] AppendEntries [], prevIndex 0, prevTerm 0
095451 LEAD S2: 0 append success next 1 match 0
095451 LEAD S2: 1 append success next 1 match 0
096453 LEAD S2: prevLog &raft.Entry{Command:interface {}(nil), Term:0, Index:0}
096453 LEAD S2: prevLog &raft.Entry{Command:interface {}(nil), Term:0, Index:0}
096454 INFO S1: (term 1) follower 收到 [2] AppendEntries [], prevIndex 0, prevTerm 0
096455 LEAD S2: 1 append success next 1 match 0
096455 INFO S0: (term 1) follower 收到 [2] AppendEntries [], prevIndex 0, prevTerm 0
096455 LEAD S2: 0 append success next 1 match 0
097460 LEAD S2: prevLog &raft.Entry{Command:interface {}(nil), Term:0, Index:0}
097460 LEAD S2: prevLog &raft.Entry{Command:interface {}(nil), Term:0, Index:0}
097464 INFO S0: (term 1) follower 收到 [2] AppendEntries [], prevIndex 0, prevTerm 0
097464 INFO S1: (term 1) follower 收到 [2] AppendEntries [], prevIndex 0, prevTerm 0
097466 LEAD S2: 0 append success next 1 match 0
097466 LEAD S2: 1 append success next 1 match 0
098468 LEAD S2: prevLog &raft.Entry{Command:interface {}(nil), Term:0, Index:0}
098468 LEAD S2: prevLog &raft.Entry{Command:interface {}(nil), Term:0, Index:0}
098469 INFO S1: (term 1) follower 收到 [2] AppendEntries [], prevIndex 0, prevTerm 0
098469 INFO S0: (term 1) follower 收到 [2] AppendEntries [], prevIndex 0, prevTerm 0
098470 LEAD S2: 1 append success next 1 match 0
098470 LEAD S2: 0 append success next 1 match 0
099476 LEAD S2: prevLog &raft.Entry{Command:interface {}(nil), Term:0, Index:0}
099477 LEAD S2: prevLog &raft.Entry{Command:interface {}(nil), Term:0, Index:0}
099481 INFO S1: (term 1) follower 收到 [2] AppendEntries [], prevIndex 0, prevTerm 0
099481 INFO S0: (term 1) follower 收到 [2] AppendEntries [], prevIndex 0, prevTerm 0
099483 LEAD S2: 1 append success next 1 match 0
099483 LEAD S2: 0 append success next 1 match 0
--- FAIL: TestPersist12C (10.05s)
    config.go:609: one(11) failed to reach agreement
100483 LEAD S2: prevLog &raft.Entry{Command:interface {}(nil), Term:0, Index:0}
100483 LEAD S2: prevLog &raft.Entry{Command:interface {}(nil), Term:0, Index:0}
FAIL
exit status 1
FAIL	6.824/raft	10.049s
