Test (2C): basic persistence ...
002014 INFO S1: start leader election, term 1
002014 VOTE S1: term 1 send vote request to 2
002014 VOTE S1: term 1 send vote request to 0
002015 TERM S2: set new term 1
002015 VOTE S2: term 1 vote 1
002015 VOTE S1: reply from 2, term一致，且投给1
002015 LEAD S1: come to power, start to send heartbeat
002015 LEAD S1: prevLog &raft.Entry{Command:interface {}(nil), Term:0, Index:0}
002015 TERM S0: set new term 1
002015 LEAD S1: prevLog &raft.Entry{Command:interface {}(nil), Term:0, Index:0}
002015 VOTE S0: term 1 vote 1
002016 VOTE S1: reply from 0, term一致，且投给1
002016 INFO S2: (term 1) follower 收到 [1] AppendEntries [], prevIndex 0, prevTerm 0
002016 INFO S0: (term 1) follower 收到 [1] AppendEntries [], prevIndex 0, prevTerm 0
002016 LEAD S1: 2 append success next 1 match 0
002016 LEAD S1: 0 append success next 1 match 0
003018 LEAD S1: prevLog &raft.Entry{Command:interface {}(nil), Term:0, Index:0}
003018 LEAD S1: prevLog &raft.Entry{Command:interface {}(nil), Term:0, Index:0}
003019 INFO S0: (term 1) follower 收到 [1] AppendEntries [], prevIndex 0, prevTerm 0
003020 INFO S2: (term 1) follower 收到 [1] AppendEntries [], prevIndex 0, prevTerm 0
003020 LEAD S1: 0 append success next 1 match 0
003020 LEAD S1: 2 append success next 1 match 0
004023 LEAD S1: prevLog &raft.Entry{Command:interface {}(nil), Term:0, Index:0}
004023 LEAD S1: prevLog &raft.Entry{Command:interface {}(nil), Term:0, Index:0}
004025 INFO S2: (term 1) follower 收到 [1] AppendEntries [], prevIndex 0, prevTerm 0
004025 INFO S0: (term 1) follower 收到 [1] AppendEntries [], prevIndex 0, prevTerm 0
004026 LEAD S1: 2 append success next 1 match 0
004026 LEAD S1: 0 append success next 1 match 0
005026 LEAD S1: prevLog &raft.Entry{Command:interface {}(nil), Term:0, Index:0}
005026 LEAD S1: prevLog &raft.Entry{Command:interface {}(nil), Term:0, Index:0}
005027 INFO S2: (term 1) follower 收到 [1] AppendEntries [], prevIndex 0, prevTerm 0
005027 LEAD S1: 2 append success next 1 match 0
005028 INFO S0: (term 1) follower 收到 [1] AppendEntries [], prevIndex 0, prevTerm 0
005028 LEAD S1: 0 append success next 1 match 0
006030 LEAD S1: prevLog &raft.Entry{Command:interface {}(nil), Term:0, Index:0}
006031 LEAD S1: prevLog &raft.Entry{Command:interface {}(nil), Term:0, Index:0}
006031 INFO S2: (term 1) follower 收到 [1] AppendEntries [], prevIndex 0, prevTerm 0
006032 LEAD S1: 2 append success next 1 match 0
006032 INFO S0: (term 1) follower 收到 [1] AppendEntries [], prevIndex 0, prevTerm 0
006032 LEAD S1: 0 append success next 1 match 0
007033 LEAD S1: prevLog &raft.Entry{Command:interface {}(nil), Term:0, Index:0}
007033 LEAD S1: prevLog &raft.Entry{Command:interface {}(nil), Term:0, Index:0}
007034 INFO S2: (term 1) follower 收到 [1] AppendEntries [], prevIndex 0, prevTerm 0
007034 LEAD S1: 2 append success next 1 match 0
007035 INFO S0: (term 1) follower 收到 [1] AppendEntries [], prevIndex 0, prevTerm 0
007035 LEAD S1: 0 append success next 1 match 0
008037 LEAD S1: prevLog &raft.Entry{Command:interface {}(nil), Term:0, Index:0}
008037 LEAD S1: prevLog &raft.Entry{Command:interface {}(nil), Term:0, Index:0}
008038 INFO S0: (term 1) follower 收到 [1] AppendEntries [], prevIndex 0, prevTerm 0
008038 INFO S2: (term 1) follower 收到 [1] AppendEntries [], prevIndex 0, prevTerm 0
008038 LEAD S1: 2 append success next 1 match 0
008038 LEAD S1: 0 append success next 1 match 0
009042 LEAD S1: prevLog &raft.Entry{Command:interface {}(nil), Term:0, Index:0}
009042 LEAD S1: prevLog &raft.Entry{Command:interface {}(nil), Term:0, Index:0}
009043 INFO S2: (term 1) follower 收到 [1] AppendEntries [], prevIndex 0, prevTerm 0
009043 LEAD S1: 2 append success next 1 match 0
009044 INFO S0: (term 1) follower 收到 [1] AppendEntries [], prevIndex 0, prevTerm 0
009044 LEAD S1: 0 append success next 1 match 0
010045 LEAD S1: prevLog &raft.Entry{Command:interface {}(nil), Term:0, Index:0}
010046 LEAD S1: prevLog &raft.Entry{Command:interface {}(nil), Term:0, Index:0}
010046 INFO S2: (term 1) follower 收到 [1] AppendEntries [], prevIndex 0, prevTerm 0
010047 LEAD S1: 2 append success next 1 match 0
010047 INFO S0: (term 1) follower 收到 [1] AppendEntries [], prevIndex 0, prevTerm 0
010047 LEAD S1: 0 append success next 1 match 0
011050 LEAD S1: prevLog &raft.Entry{Command:interface {}(nil), Term:0, Index:0}
011050 LEAD S1: prevLog &raft.Entry{Command:interface {}(nil), Term:0, Index:0}
011052 INFO S2: (term 1) follower 收到 [1] AppendEntries [], prevIndex 0, prevTerm 0
011053 INFO S0: (term 1) follower 收到 [1] AppendEntries [], prevIndex 0, prevTerm 0
011053 LEAD S1: 2 append success next 1 match 0
011054 LEAD S1: 0 append success next 1 match 0
012054 LEAD S1: prevLog &raft.Entry{Command:interface {}(nil), Term:0, Index:0}
012055 LEAD S1: prevLog &raft.Entry{Command:interface {}(nil), Term:0, Index:0}
012059 INFO S2: (term 1) follower 收到 [1] AppendEntries [], prevIndex 0, prevTerm 0
012059 INFO S0: (term 1) follower 收到 [1] AppendEntries [], prevIndex 0, prevTerm 0
012060 LEAD S1: 0 append success next 1 match 0
012061 LEAD S1: 2 append success next 1 match 0
013062 LEAD S1: prevLog &raft.Entry{Command:interface {}(nil), Term:0, Index:0}
013062 LEAD S1: prevLog &raft.Entry{Command:interface {}(nil), Term:0, Index:0}
013063 INFO S2: (term 1) follower 收到 [1] AppendEntries [], prevIndex 0, prevTerm 0
013064 LEAD S1: 2 append success next 1 match 0
013064 INFO S0: (term 1) follower 收到 [1] AppendEntries [], prevIndex 0, prevTerm 0
013065 LEAD S1: 0 append success next 1 match 0
014069 LEAD S1: prevLog &raft.Entry{Command:interface {}(nil), Term:0, Index:0}
014070 LEAD S1: prevLog &raft.Entry{Command:interface {}(nil), Term:0, Index:0}
014072 INFO S0: (term 1) follower 收到 [1] AppendEntries [], prevIndex 0, prevTerm 0
014072 INFO S2: (term 1) follower 收到 [1] AppendEntries [], prevIndex 0, prevTerm 0
014074 LEAD S1: 0 append success next 1 match 0
014074 LEAD S1: 2 append success next 1 match 0
015077 LEAD S1: prevLog &raft.Entry{Command:interface {}(nil), Term:0, Index:0}
015078 LEAD S1: prevLog &raft.Entry{Command:interface {}(nil), Term:0, Index:0}
015080 INFO S2: (term 1) follower 收到 [1] AppendEntries [], prevIndex 0, prevTerm 0
015080 LEAD S1: 2 append success next 1 match 0
015081 INFO S0: (term 1) follower 收到 [1] AppendEntries [], prevIndex 0, prevTerm 0
015082 LEAD S1: 0 append success next 1 match 0
016082 LEAD S1: prevLog &raft.Entry{Command:interface {}(nil), Term:0, Index:0}
016082 LEAD S1: prevLog &raft.Entry{Command:interface {}(nil), Term:0, Index:0}
016085 INFO S2: (term 1) follower 收到 [1] AppendEntries [], prevIndex 0, prevTerm 0
016085 INFO S0: (term 1) follower 收到 [1] AppendEntries [], prevIndex 0, prevTerm 0
016087 LEAD S1: 2 append success next 1 match 0
016088 LEAD S1: 0 append success next 1 match 0
017086 LEAD S1: prevLog &raft.Entry{Command:interface {}(nil), Term:0, Index:0}
017086 LEAD S1: prevLog &raft.Entry{Command:interface {}(nil), Term:0, Index:0}
017087 INFO S2: (term 1) follower 收到 [1] AppendEntries [], prevIndex 0, prevTerm 0
017087 INFO S0: (term 1) follower 收到 [1] AppendEntries [], prevIndex 0, prevTerm 0
017088 LEAD S1: 0 append success next 1 match 0
017088 LEAD S1: 2 append success next 1 match 0
018090 LEAD S1: prevLog &raft.Entry{Command:interface {}(nil), Term:0, Index:0}
018090 LEAD S1: prevLog &raft.Entry{Command:interface {}(nil), Term:0, Index:0}
018091 INFO S2: (term 1) follower 收到 [1] AppendEntries [], prevIndex 0, prevTerm 0
018092 INFO S0: (term 1) follower 收到 [1] AppendEntries [], prevIndex 0, prevTerm 0
018092 LEAD S1: 2 append success next 1 match 0
018092 LEAD S1: 0 append success next 1 match 0
019095 LEAD S1: prevLog &raft.Entry{Command:interface {}(nil), Term:0, Index:0}
019095 LEAD S1: prevLog &raft.Entry{Command:interface {}(nil), Term:0, Index:0}
019097 INFO S2: (term 1) follower 收到 [1] AppendEntries [], prevIndex 0, prevTerm 0
019101 LEAD S1: 2 append success next 1 match 0
019098 INFO S0: (term 1) follower 收到 [1] AppendEntries [], prevIndex 0, prevTerm 0
019102 LEAD S1: 0 append success next 1 match 0
020101 LEAD S1: prevLog &raft.Entry{Command:interface {}(nil), Term:0, Index:0}
020101 LEAD S1: prevLog &raft.Entry{Command:interface {}(nil), Term:0, Index:0}
020103 INFO S2: (term 1) follower 收到 [1] AppendEntries [], prevIndex 0, prevTerm 0
020103 INFO S0: (term 1) follower 收到 [1] AppendEntries [], prevIndex 0, prevTerm 0
020103 LEAD S1: 2 append success next 1 match 0
020104 LEAD S1: 0 append success next 1 match 0
021110 LEAD S1: prevLog &raft.Entry{Command:interface {}(nil), Term:0, Index:0}
021111 LEAD S1: prevLog &raft.Entry{Command:interface {}(nil), Term:0, Index:0}
021113 INFO S2: (term 1) follower 收到 [1] AppendEntries [], prevIndex 0, prevTerm 0
021115 INFO S0: (term 1) follower 收到 [1] AppendEntries [], prevIndex 0, prevTerm 0
021115 LEAD S1: 2 append success next 1 match 0
021116 LEAD S1: 0 append success next 1 match 0
022115 LEAD S1: prevLog &raft.Entry{Command:interface {}(nil), Term:0, Index:0}
022115 LEAD S1: prevLog &raft.Entry{Command:interface {}(nil), Term:0, Index:0}
022117 INFO S2: (term 1) follower 收到 [1] AppendEntries [], prevIndex 0, prevTerm 0
022118 INFO S0: (term 1) follower 收到 [1] AppendEntries [], prevIndex 0, prevTerm 0
022118 LEAD S1: 2 append success next 1 match 0
022119 LEAD S1: 0 append success next 1 match 0
023119 LEAD S1: prevLog &raft.Entry{Command:interface {}(nil), Term:0, Index:0}
023120 LEAD S1: prevLog &raft.Entry{Command:interface {}(nil), Term:0, Index:0}
023120 INFO S2: (term 1) follower 收到 [1] AppendEntries [], prevIndex 0, prevTerm 0
023121 LEAD S1: 2 append success next 1 match 0
023121 INFO S0: (term 1) follower 收到 [1] AppendEntries [], prevIndex 0, prevTerm 0
023121 LEAD S1: 0 append success next 1 match 0
024126 LEAD S1: prevLog &raft.Entry{Command:interface {}(nil), Term:0, Index:0}
024126 LEAD S1: prevLog &raft.Entry{Command:interface {}(nil), Term:0, Index:0}
024127 INFO S2: (term 1) follower 收到 [1] AppendEntries [], prevIndex 0, prevTerm 0
024127 LEAD S1: 2 append success next 1 match 0
024128 INFO S0: (term 1) follower 收到 [1] AppendEntries [], prevIndex 0, prevTerm 0
024128 LEAD S1: 0 append success next 1 match 0
025132 LEAD S1: prevLog &raft.Entry{Command:interface {}(nil), Term:0, Index:0}
025133 LEAD S1: prevLog &raft.Entry{Command:interface {}(nil), Term:0, Index:0}
025135 INFO S2: (term 1) follower 收到 [1] AppendEntries [], prevIndex 0, prevTerm 0
025137 LEAD S1: 2 append success next 1 match 0
025138 INFO S0: (term 1) follower 收到 [1] AppendEntries [], prevIndex 0, prevTerm 0
025140 LEAD S1: 0 append success next 1 match 0
026139 LEAD S1: prevLog &raft.Entry{Command:interface {}(nil), Term:0, Index:0}
026140 LEAD S1: prevLog &raft.Entry{Command:interface {}(nil), Term:0, Index:0}
026143 INFO S2: (term 1) follower 收到 [1] AppendEntries [], prevIndex 0, prevTerm 0
026143 INFO S0: (term 1) follower 收到 [1] AppendEntries [], prevIndex 0, prevTerm 0
026145 LEAD S1: 0 append success next 1 match 0
026145 LEAD S1: 2 append success next 1 match 0
027148 LEAD S1: prevLog &raft.Entry{Command:interface {}(nil), Term:0, Index:0}
027148 LEAD S1: prevLog &raft.Entry{Command:interface {}(nil), Term:0, Index:0}
027150 INFO S2: (term 1) follower 收到 [1] AppendEntries [], prevIndex 0, prevTerm 0
027151 INFO S0: (term 1) follower 收到 [1] AppendEntries [], prevIndex 0, prevTerm 0
027152 LEAD S1: 2 append success next 1 match 0
027153 LEAD S1: 0 append success next 1 match 0
028153 LEAD S1: prevLog &raft.Entry{Command:interface {}(nil), Term:0, Index:0}
028154 LEAD S1: prevLog &raft.Entry{Command:interface {}(nil), Term:0, Index:0}
028154 INFO S2: (term 1) follower 收到 [1] AppendEntries [], prevIndex 0, prevTerm 0
028155 LEAD S1: 2 append success next 1 match 0
028155 INFO S0: (term 1) follower 收到 [1] AppendEntries [], prevIndex 0, prevTerm 0
028155 LEAD S1: 0 append success next 1 match 0
029157 LEAD S1: prevLog &raft.Entry{Command:interface {}(nil), Term:0, Index:0}
029157 LEAD S1: prevLog &raft.Entry{Command:interface {}(nil), Term:0, Index:0}
029158 INFO S2: (term 1) follower 收到 [1] AppendEntries [], prevIndex 0, prevTerm 0
029158 INFO S0: (term 1) follower 收到 [1] AppendEntries [], prevIndex 0, prevTerm 0
029158 LEAD S1: 2 append success next 1 match 0
029158 LEAD S1: 0 append success next 1 match 0
030161 LEAD S1: prevLog &raft.Entry{Command:interface {}(nil), Term:0, Index:0}
030161 LEAD S1: prevLog &raft.Entry{Command:interface {}(nil), Term:0, Index:0}
030162 INFO S2: (term 1) follower 收到 [1] AppendEntries [], prevIndex 0, prevTerm 0
030162 LEAD S1: 2 append success next 1 match 0
030163 INFO S0: (term 1) follower 收到 [1] AppendEntries [], prevIndex 0, prevTerm 0
030163 LEAD S1: 0 append success next 1 match 0
031166 LEAD S1: prevLog &raft.Entry{Command:interface {}(nil), Term:0, Index:0}
031167 LEAD S1: prevLog &raft.Entry{Command:interface {}(nil), Term:0, Index:0}
031170 INFO S2: (term 1) follower 收到 [1] AppendEntries [], prevIndex 0, prevTerm 0
031172 INFO S0: (term 1) follower 收到 [1] AppendEntries [], prevIndex 0, prevTerm 0
031173 LEAD S1: 2 append success next 1 match 0
031175 LEAD S1: 0 append success next 1 match 0
032174 LEAD S1: prevLog &raft.Entry{Command:interface {}(nil), Term:0, Index:0}
032175 LEAD S1: prevLog &raft.Entry{Command:interface {}(nil), Term:0, Index:0}
032177 INFO S2: (term 1) follower 收到 [1] AppendEntries [], prevIndex 0, prevTerm 0
032179 INFO S0: (term 1) follower 收到 [1] AppendEntries [], prevIndex 0, prevTerm 0
032179 LEAD S1: 2 append success next 1 match 0
032180 LEAD S1: 0 append success next 1 match 0
033184 LEAD S1: prevLog &raft.Entry{Command:interface {}(nil), Term:0, Index:0}
033185 LEAD S1: prevLog &raft.Entry{Command:interface {}(nil), Term:0, Index:0}
033188 INFO S2: (term 1) follower 收到 [1] AppendEntries [], prevIndex 0, prevTerm 0
033190 INFO S0: (term 1) follower 收到 [1] AppendEntries [], prevIndex 0, prevTerm 0
033190 LEAD S1: 2 append success next 1 match 0
033193 LEAD S1: 0 append success next 1 match 0
034192 LEAD S1: prevLog &raft.Entry{Command:interface {}(nil), Term:0, Index:0}
034192 LEAD S1: prevLog &raft.Entry{Command:interface {}(nil), Term:0, Index:0}
034193 INFO S2: (term 1) follower 收到 [1] AppendEntries [], prevIndex 0, prevTerm 0
034193 LEAD S1: 2 append success next 1 match 0
034195 INFO S0: (term 1) follower 收到 [1] AppendEntries [], prevIndex 0, prevTerm 0
034196 LEAD S1: 0 append success next 1 match 0
035198 LEAD S1: prevLog &raft.Entry{Command:interface {}(nil), Term:0, Index:0}
035198 LEAD S1: prevLog &raft.Entry{Command:interface {}(nil), Term:0, Index:0}
035200 INFO S2: (term 1) follower 收到 [1] AppendEntries [], prevIndex 0, prevTerm 0
035200 LEAD S1: 2 append success next 1 match 0
035201 INFO S0: (term 1) follower 收到 [1] AppendEntries [], prevIndex 0, prevTerm 0
035202 LEAD S1: 0 append success next 1 match 0
036204 LEAD S1: prevLog &raft.Entry{Command:interface {}(nil), Term:0, Index:0}
036205 LEAD S1: prevLog &raft.Entry{Command:interface {}(nil), Term:0, Index:0}
036207 INFO S2: (term 1) follower 收到 [1] AppendEntries [], prevIndex 0, prevTerm 0
036210 LEAD S1: 2 append success next 1 match 0
036210 INFO S0: (term 1) follower 收到 [1] AppendEntries [], prevIndex 0, prevTerm 0
036212 LEAD S1: 0 append success next 1 match 0
037212 LEAD S1: prevLog &raft.Entry{Command:interface {}(nil), Term:0, Index:0}
037213 LEAD S1: prevLog &raft.Entry{Command:interface {}(nil), Term:0, Index:0}
037215 INFO S2: (term 1) follower 收到 [1] AppendEntries [], prevIndex 0, prevTerm 0
037215 INFO S0: (term 1) follower 收到 [1] AppendEntries [], prevIndex 0, prevTerm 0
037217 LEAD S1: 0 append success next 1 match 0
037217 LEAD S1: 2 append success next 1 match 0
038218 LEAD S1: prevLog &raft.Entry{Command:interface {}(nil), Term:0, Index:0}
038218 LEAD S1: prevLog &raft.Entry{Command:interface {}(nil), Term:0, Index:0}
038219 INFO S2: (term 1) follower 收到 [1] AppendEntries [], prevIndex 0, prevTerm 0
038219 LEAD S1: 2 append success next 1 match 0
038219 INFO S0: (term 1) follower 收到 [1] AppendEntries [], prevIndex 0, prevTerm 0
038220 LEAD S1: 0 append success next 1 match 0
039221 LEAD S1: prevLog &raft.Entry{Command:interface {}(nil), Term:0, Index:0}
039221 LEAD S1: prevLog &raft.Entry{Command:interface {}(nil), Term:0, Index:0}
039221 INFO S2: (term 1) follower 收到 [1] AppendEntries [], prevIndex 0, prevTerm 0
039222 LEAD S1: 2 append success next 1 match 0
039222 INFO S0: (term 1) follower 收到 [1] AppendEntries [], prevIndex 0, prevTerm 0
039222 LEAD S1: 0 append success next 1 match 0
040224 LEAD S1: prevLog &raft.Entry{Command:interface {}(nil), Term:0, Index:0}
040224 LEAD S1: prevLog &raft.Entry{Command:interface {}(nil), Term:0, Index:0}
040225 INFO S0: (term 1) follower 收到 [1] AppendEntries [], prevIndex 0, prevTerm 0
040226 LEAD S1: 0 append success next 1 match 0
040226 INFO S2: (term 1) follower 收到 [1] AppendEntries [], prevIndex 0, prevTerm 0
040226 LEAD S1: 2 append success next 1 match 0
041228 LEAD S1: prevLog &raft.Entry{Command:interface {}(nil), Term:0, Index:0}
041228 LEAD S1: prevLog &raft.Entry{Command:interface {}(nil), Term:0, Index:0}
041228 INFO S2: (term 1) follower 收到 [1] AppendEntries [], prevIndex 0, prevTerm 0
041229 LEAD S1: 2 append success next 1 match 0
041230 INFO S0: (term 1) follower 收到 [1] AppendEntries [], prevIndex 0, prevTerm 0
041230 LEAD S1: 0 append success next 1 match 0
042234 LEAD S1: prevLog &raft.Entry{Command:interface {}(nil), Term:0, Index:0}
042235 LEAD S1: prevLog &raft.Entry{Command:interface {}(nil), Term:0, Index:0}
042236 INFO S2: (term 1) follower 收到 [1] AppendEntries [], prevIndex 0, prevTerm 0
042237 INFO S0: (term 1) follower 收到 [1] AppendEntries [], prevIndex 0, prevTerm 0
042237 LEAD S1: 2 append success next 1 match 0
042238 LEAD S1: 0 append success next 1 match 0
043238 LEAD S1: prevLog &raft.Entry{Command:interface {}(nil), Term:0, Index:0}
043238 LEAD S1: prevLog &raft.Entry{Command:interface {}(nil), Term:0, Index:0}
043239 INFO S2: (term 1) follower 收到 [1] AppendEntries [], prevIndex 0, prevTerm 0
043239 LEAD S1: 2 append success next 1 match 0
043239 INFO S0: (term 1) follower 收到 [1] AppendEntries [], prevIndex 0, prevTerm 0
043240 LEAD S1: 0 append success next 1 match 0
044241 LEAD S1: prevLog &raft.Entry{Command:interface {}(nil), Term:0, Index:0}
044241 LEAD S1: prevLog &raft.Entry{Command:interface {}(nil), Term:0, Index:0}
044241 INFO S2: (term 1) follower 收到 [1] AppendEntries [], prevIndex 0, prevTerm 0
044242 LEAD S1: 2 append success next 1 match 0
044242 INFO S0: (term 1) follower 收到 [1] AppendEntries [], prevIndex 0, prevTerm 0
044242 LEAD S1: 0 append success next 1 match 0
045246 LEAD S1: prevLog &raft.Entry{Command:interface {}(nil), Term:0, Index:0}
045247 LEAD S1: prevLog &raft.Entry{Command:interface {}(nil), Term:0, Index:0}
045249 INFO S2: (term 1) follower 收到 [1] AppendEntries [], prevIndex 0, prevTerm 0
045250 INFO S0: (term 1) follower 收到 [1] AppendEntries [], prevIndex 0, prevTerm 0
045250 LEAD S1: 2 append success next 1 match 0
045251 LEAD S1: 0 append success next 1 match 0
046251 LEAD S1: prevLog &raft.Entry{Command:interface {}(nil), Term:0, Index:0}
046251 LEAD S1: prevLog &raft.Entry{Command:interface {}(nil), Term:0, Index:0}
046252 INFO S2: (term 1) follower 收到 [1] AppendEntries [], prevIndex 0, prevTerm 0
046252 LEAD S1: 2 append success next 1 match 0
046253 INFO S0: (term 1) follower 收到 [1] AppendEntries [], prevIndex 0, prevTerm 0
046253 LEAD S1: 0 append success next 1 match 0
047254 LEAD S1: prevLog &raft.Entry{Command:interface {}(nil), Term:0, Index:0}
047254 LEAD S1: prevLog &raft.Entry{Command:interface {}(nil), Term:0, Index:0}
047255 INFO S2: (term 1) follower 收到 [1] AppendEntries [], prevIndex 0, prevTerm 0
047255 INFO S0: (term 1) follower 收到 [1] AppendEntries [], prevIndex 0, prevTerm 0
047255 LEAD S1: 2 append success next 1 match 0
047256 LEAD S1: 0 append success next 1 match 0
048258 LEAD S1: prevLog &raft.Entry{Command:interface {}(nil), Term:0, Index:0}
048259 LEAD S1: prevLog &raft.Entry{Command:interface {}(nil), Term:0, Index:0}
048259 INFO S2: (term 1) follower 收到 [1] AppendEntries [], prevIndex 0, prevTerm 0
048260 LEAD S1: 2 append success next 1 match 0
048260 INFO S0: (term 1) follower 收到 [1] AppendEntries [], prevIndex 0, prevTerm 0
048260 LEAD S1: 0 append success next 1 match 0
049262 LEAD S1: prevLog &raft.Entry{Command:interface {}(nil), Term:0, Index:0}
049263 LEAD S1: prevLog &raft.Entry{Command:interface {}(nil), Term:0, Index:0}
049264 INFO S2: (term 1) follower 收到 [1] AppendEntries [], prevIndex 0, prevTerm 0
049264 LEAD S1: 2 append success next 1 match 0
049265 INFO S0: (term 1) follower 收到 [1] AppendEntries [], prevIndex 0, prevTerm 0
049265 LEAD S1: 0 append success next 1 match 0
050265 LEAD S1: prevLog &raft.Entry{Command:interface {}(nil), Term:0, Index:0}
050265 LEAD S1: prevLog &raft.Entry{Command:interface {}(nil), Term:0, Index:0}
050266 INFO S2: (term 1) follower 收到 [1] AppendEntries [], prevIndex 0, prevTerm 0
050266 LEAD S1: 2 append success next 1 match 0
050267 INFO S0: (term 1) follower 收到 [1] AppendEntries [], prevIndex 0, prevTerm 0
050267 LEAD S1: 0 append success next 1 match 0
051268 LEAD S1: prevLog &raft.Entry{Command:interface {}(nil), Term:0, Index:0}
051269 LEAD S1: prevLog &raft.Entry{Command:interface {}(nil), Term:0, Index:0}
051269 INFO S2: (term 1) follower 收到 [1] AppendEntries [], prevIndex 0, prevTerm 0
051270 LEAD S1: 2 append success next 1 match 0
051270 INFO S0: (term 1) follower 收到 [1] AppendEntries [], prevIndex 0, prevTerm 0
051270 LEAD S1: 0 append success next 1 match 0
052272 LEAD S1: prevLog &raft.Entry{Command:interface {}(nil), Term:0, Index:0}
052272 LEAD S1: prevLog &raft.Entry{Command:interface {}(nil), Term:0, Index:0}
052273 INFO S2: (term 1) follower 收到 [1] AppendEntries [], prevIndex 0, prevTerm 0
052273 LEAD S1: 2 append success next 1 match 0
052273 INFO S0: (term 1) follower 收到 [1] AppendEntries [], prevIndex 0, prevTerm 0
052274 LEAD S1: 0 append success next 1 match 0
053275 LEAD S1: prevLog &raft.Entry{Command:interface {}(nil), Term:0, Index:0}
053275 LEAD S1: prevLog &raft.Entry{Command:interface {}(nil), Term:0, Index:0}
053275 INFO S2: (term 1) follower 收到 [1] AppendEntries [], prevIndex 0, prevTerm 0
053276 LEAD S1: 2 append success next 1 match 0
053276 INFO S0: (term 1) follower 收到 [1] AppendEntries [], prevIndex 0, prevTerm 0
053276 LEAD S1: 0 append success next 1 match 0
054279 LEAD S1: prevLog &raft.Entry{Command:interface {}(nil), Term:0, Index:0}
054280 LEAD S1: prevLog &raft.Entry{Command:interface {}(nil), Term:0, Index:0}
054283 INFO S0: (term 1) follower 收到 [1] AppendEntries [], prevIndex 0, prevTerm 0
054283 INFO S2: (term 1) follower 收到 [1] AppendEntries [], prevIndex 0, prevTerm 0
054285 LEAD S1: 0 append success next 1 match 0
054286 LEAD S1: 2 append success next 1 match 0
055287 LEAD S1: prevLog &raft.Entry{Command:interface {}(nil), Term:0, Index:0}
055288 LEAD S1: prevLog &raft.Entry{Command:interface {}(nil), Term:0, Index:0}
055292 INFO S2: (term 1) follower 收到 [1] AppendEntries [], prevIndex 0, prevTerm 0
055292 INFO S0: (term 1) follower 收到 [1] AppendEntries [], prevIndex 0, prevTerm 0
055294 LEAD S1: 2 append success next 1 match 0
055294 LEAD S1: 0 append success next 1 match 0
056292 LEAD S1: prevLog &raft.Entry{Command:interface {}(nil), Term:0, Index:0}
056292 LEAD S1: prevLog &raft.Entry{Command:interface {}(nil), Term:0, Index:0}
056293 INFO S2: (term 1) follower 收到 [1] AppendEntries [], prevIndex 0, prevTerm 0
056293 LEAD S1: 2 append success next 1 match 0
056294 INFO S0: (term 1) follower 收到 [1] AppendEntries [], prevIndex 0, prevTerm 0
056294 LEAD S1: 0 append success next 1 match 0
057295 LEAD S1: prevLog &raft.Entry{Command:interface {}(nil), Term:0, Index:0}
057296 LEAD S1: prevLog &raft.Entry{Command:interface {}(nil), Term:0, Index:0}
057296 INFO S2: (term 1) follower 收到 [1] AppendEntries [], prevIndex 0, prevTerm 0
057296 LEAD S1: 2 append success next 1 match 0
057297 INFO S0: (term 1) follower 收到 [1] AppendEntries [], prevIndex 0, prevTerm 0
057297 LEAD S1: 0 append success next 1 match 0
058298 LEAD S1: prevLog &raft.Entry{Command:interface {}(nil), Term:0, Index:0}
058298 LEAD S1: prevLog &raft.Entry{Command:interface {}(nil), Term:0, Index:0}
058298 INFO S2: (term 1) follower 收到 [1] AppendEntries [], prevIndex 0, prevTerm 0
058299 LEAD S1: 2 append success next 1 match 0
058299 INFO S0: (term 1) follower 收到 [1] AppendEntries [], prevIndex 0, prevTerm 0
058300 LEAD S1: 0 append success next 1 match 0
059301 LEAD S1: prevLog &raft.Entry{Command:interface {}(nil), Term:0, Index:0}
059301 LEAD S1: prevLog &raft.Entry{Command:interface {}(nil), Term:0, Index:0}
059302 INFO S2: (term 1) follower 收到 [1] AppendEntries [], prevIndex 0, prevTerm 0
059302 LEAD S1: 2 append success next 1 match 0
059302 INFO S0: (term 1) follower 收到 [1] AppendEntries [], prevIndex 0, prevTerm 0
059303 LEAD S1: 0 append success next 1 match 0
060305 LEAD S1: prevLog &raft.Entry{Command:interface {}(nil), Term:0, Index:0}
060305 LEAD S1: prevLog &raft.Entry{Command:interface {}(nil), Term:0, Index:0}
060306 INFO S2: (term 1) follower 收到 [1] AppendEntries [], prevIndex 0, prevTerm 0
060306 LEAD S1: 2 append success next 1 match 0
060306 INFO S0: (term 1) follower 收到 [1] AppendEntries [], prevIndex 0, prevTerm 0
060307 LEAD S1: 0 append success next 1 match 0
061309 LEAD S1: prevLog &raft.Entry{Command:interface {}(nil), Term:0, Index:0}
061309 LEAD S1: prevLog &raft.Entry{Command:interface {}(nil), Term:0, Index:0}
061311 INFO S2: (term 1) follower 收到 [1] AppendEntries [], prevIndex 0, prevTerm 0
061312 LEAD S1: 2 append success next 1 match 0
061312 INFO S0: (term 1) follower 收到 [1] AppendEntries [], prevIndex 0, prevTerm 0
061313 LEAD S1: 0 append success next 1 match 0
062318 LEAD S1: prevLog &raft.Entry{Command:interface {}(nil), Term:0, Index:0}
062318 LEAD S1: prevLog &raft.Entry{Command:interface {}(nil), Term:0, Index:0}
062320 INFO S2: (term 1) follower 收到 [1] AppendEntries [], prevIndex 0, prevTerm 0
062322 LEAD S1: 2 append success next 1 match 0
062322 INFO S0: (term 1) follower 收到 [1] AppendEntries [], prevIndex 0, prevTerm 0
062325 LEAD S1: 0 append success next 1 match 0
063322 LEAD S1: prevLog &raft.Entry{Command:interface {}(nil), Term:0, Index:0}
063322 LEAD S1: prevLog &raft.Entry{Command:interface {}(nil), Term:0, Index:0}
063323 INFO S2: (term 1) follower 收到 [1] AppendEntries [], prevIndex 0, prevTerm 0
063323 LEAD S1: 2 append success next 1 match 0
063323 INFO S0: (term 1) follower 收到 [1] AppendEntries [], prevIndex 0, prevTerm 0
063324 LEAD S1: 0 append success next 1 match 0
064328 LEAD S1: prevLog &raft.Entry{Command:interface {}(nil), Term:0, Index:0}
064328 LEAD S1: prevLog &raft.Entry{Command:interface {}(nil), Term:0, Index:0}
064329 INFO S2: (term 1) follower 收到 [1] AppendEntries [], prevIndex 0, prevTerm 0
064329 LEAD S1: 2 append success next 1 match 0
064329 INFO S0: (term 1) follower 收到 [1] AppendEntries [], prevIndex 0, prevTerm 0
064330 LEAD S1: 0 append success next 1 match 0
065331 LEAD S1: prevLog &raft.Entry{Command:interface {}(nil), Term:0, Index:0}
065331 LEAD S1: prevLog &raft.Entry{Command:interface {}(nil), Term:0, Index:0}
065332 INFO S2: (term 1) follower 收到 [1] AppendEntries [], prevIndex 0, prevTerm 0
065332 INFO S0: (term 1) follower 收到 [1] AppendEntries [], prevIndex 0, prevTerm 0
065332 LEAD S1: 2 append success next 1 match 0
065332 LEAD S1: 0 append success next 1 match 0
066336 LEAD S1: prevLog &raft.Entry{Command:interface {}(nil), Term:0, Index:0}
066337 LEAD S1: prevLog &raft.Entry{Command:interface {}(nil), Term:0, Index:0}
066341 INFO S0: (term 1) follower 收到 [1] AppendEntries [], prevIndex 0, prevTerm 0
066342 INFO S2: (term 1) follower 收到 [1] AppendEntries [], prevIndex 0, prevTerm 0
066344 LEAD S1: 0 append success next 1 match 0
066358 LEAD S1: 2 append success next 1 match 0
067341 LEAD S1: prevLog &raft.Entry{Command:interface {}(nil), Term:0, Index:0}
067341 LEAD S1: prevLog &raft.Entry{Command:interface {}(nil), Term:0, Index:0}
067343 INFO S0: (term 1) follower 收到 [1] AppendEntries [], prevIndex 0, prevTerm 0
067344 INFO S2: (term 1) follower 收到 [1] AppendEntries [], prevIndex 0, prevTerm 0
067345 LEAD S1: 2 append success next 1 match 0
067345 LEAD S1: 0 append success next 1 match 0
068345 LEAD S1: prevLog &raft.Entry{Command:interface {}(nil), Term:0, Index:0}
068345 LEAD S1: prevLog &raft.Entry{Command:interface {}(nil), Term:0, Index:0}
068345 INFO S2: (term 1) follower 收到 [1] AppendEntries [], prevIndex 0, prevTerm 0
068346 LEAD S1: 2 append success next 1 match 0
068346 INFO S0: (term 1) follower 收到 [1] AppendEntries [], prevIndex 0, prevTerm 0
068346 LEAD S1: 0 append success next 1 match 0
069350 LEAD S1: prevLog &raft.Entry{Command:interface {}(nil), Term:0, Index:0}
069350 LEAD S1: prevLog &raft.Entry{Command:interface {}(nil), Term:0, Index:0}
069352 INFO S2: (term 1) follower 收到 [1] AppendEntries [], prevIndex 0, prevTerm 0
069353 LEAD S1: 2 append success next 1 match 0
069353 INFO S0: (term 1) follower 收到 [1] AppendEntries [], prevIndex 0, prevTerm 0
069354 LEAD S1: 0 append success next 1 match 0
070358 LEAD S1: prevLog &raft.Entry{Command:interface {}(nil), Term:0, Index:0}
070358 LEAD S1: prevLog &raft.Entry{Command:interface {}(nil), Term:0, Index:0}
070358 INFO S2: (term 1) follower 收到 [1] AppendEntries [], prevIndex 0, prevTerm 0
070359 LEAD S1: 2 append success next 1 match 0
070359 INFO S0: (term 1) follower 收到 [1] AppendEntries [], prevIndex 0, prevTerm 0
070359 LEAD S1: 0 append success next 1 match 0
071364 LEAD S1: prevLog &raft.Entry{Command:interface {}(nil), Term:0, Index:0}
071364 LEAD S1: prevLog &raft.Entry{Command:interface {}(nil), Term:0, Index:0}
071366 INFO S2: (term 1) follower 收到 [1] AppendEntries [], prevIndex 0, prevTerm 0
071366 INFO S0: (term 1) follower 收到 [1] AppendEntries [], prevIndex 0, prevTerm 0
071367 LEAD S1: 2 append success next 1 match 0
071367 LEAD S1: 0 append success next 1 match 0
072365 LEAD S1: prevLog &raft.Entry{Command:interface {}(nil), Term:0, Index:0}
072365 LEAD S1: prevLog &raft.Entry{Command:interface {}(nil), Term:0, Index:0}
072366 INFO S2: (term 1) follower 收到 [1] AppendEntries [], prevIndex 0, prevTerm 0
072366 LEAD S1: 2 append success next 1 match 0
072366 INFO S0: (term 1) follower 收到 [1] AppendEntries [], prevIndex 0, prevTerm 0
072367 LEAD S1: 0 append success next 1 match 0
073372 LEAD S1: prevLog &raft.Entry{Command:interface {}(nil), Term:0, Index:0}
073372 LEAD S1: prevLog &raft.Entry{Command:interface {}(nil), Term:0, Index:0}
073373 INFO S2: (term 1) follower 收到 [1] AppendEntries [], prevIndex 0, prevTerm 0
073373 LEAD S1: 2 append success next 1 match 0
073374 INFO S0: (term 1) follower 收到 [1] AppendEntries [], prevIndex 0, prevTerm 0
073374 LEAD S1: 0 append success next 1 match 0
074375 LEAD S1: prevLog &raft.Entry{Command:interface {}(nil), Term:0, Index:0}
074376 LEAD S1: prevLog &raft.Entry{Command:interface {}(nil), Term:0, Index:0}
074376 INFO S2: (term 1) follower 收到 [1] AppendEntries [], prevIndex 0, prevTerm 0
074377 LEAD S1: 2 append success next 1 match 0
074377 INFO S0: (term 1) follower 收到 [1] AppendEntries [], prevIndex 0, prevTerm 0
074377 LEAD S1: 0 append success next 1 match 0
075380 LEAD S1: prevLog &raft.Entry{Command:interface {}(nil), Term:0, Index:0}
075380 LEAD S1: prevLog &raft.Entry{Command:interface {}(nil), Term:0, Index:0}
075381 INFO S0: (term 1) follower 收到 [1] AppendEntries [], prevIndex 0, prevTerm 0
075381 LEAD S1: 0 append success next 1 match 0
075381 INFO S2: (term 1) follower 收到 [1] AppendEntries [], prevIndex 0, prevTerm 0
075381 LEAD S1: 2 append success next 1 match 0
076383 LEAD S1: prevLog &raft.Entry{Command:interface {}(nil), Term:0, Index:0}
076383 LEAD S1: prevLog &raft.Entry{Command:interface {}(nil), Term:0, Index:0}
076383 INFO S2: (term 1) follower 收到 [1] AppendEntries [], prevIndex 0, prevTerm 0
076384 LEAD S1: 2 append success next 1 match 0
076384 INFO S0: (term 1) follower 收到 [1] AppendEntries [], prevIndex 0, prevTerm 0
076384 LEAD S1: 0 append success next 1 match 0
077386 LEAD S1: prevLog &raft.Entry{Command:interface {}(nil), Term:0, Index:0}
077386 LEAD S1: prevLog &raft.Entry{Command:interface {}(nil), Term:0, Index:0}
077387 INFO S2: (term 1) follower 收到 [1] AppendEntries [], prevIndex 0, prevTerm 0
077387 LEAD S1: 2 append success next 1 match 0
077387 INFO S0: (term 1) follower 收到 [1] AppendEntries [], prevIndex 0, prevTerm 0
077388 LEAD S1: 0 append success next 1 match 0
078390 LEAD S1: prevLog &raft.Entry{Command:interface {}(nil), Term:0, Index:0}
078390 LEAD S1: prevLog &raft.Entry{Command:interface {}(nil), Term:0, Index:0}
078391 INFO S2: (term 1) follower 收到 [1] AppendEntries [], prevIndex 0, prevTerm 0
078391 LEAD S1: 2 append success next 1 match 0
078391 INFO S0: (term 1) follower 收到 [1] AppendEntries [], prevIndex 0, prevTerm 0
078392 LEAD S1: 0 append success next 1 match 0
079394 LEAD S1: prevLog &raft.Entry{Command:interface {}(nil), Term:0, Index:0}
079394 LEAD S1: prevLog &raft.Entry{Command:interface {}(nil), Term:0, Index:0}
079395 INFO S2: (term 1) follower 收到 [1] AppendEntries [], prevIndex 0, prevTerm 0
079396 LEAD S1: 2 append success next 1 match 0
079396 INFO S0: (term 1) follower 收到 [1] AppendEntries [], prevIndex 0, prevTerm 0
079396 LEAD S1: 0 append success next 1 match 0
080397 LEAD S1: prevLog &raft.Entry{Command:interface {}(nil), Term:0, Index:0}
080397 LEAD S1: prevLog &raft.Entry{Command:interface {}(nil), Term:0, Index:0}
080398 INFO S0: (term 1) follower 收到 [1] AppendEntries [], prevIndex 0, prevTerm 0
080398 INFO S2: (term 1) follower 收到 [1] AppendEntries [], prevIndex 0, prevTerm 0
080398 LEAD S1: 0 append success next 1 match 0
080398 LEAD S1: 2 append success next 1 match 0
081401 LEAD S1: prevLog &raft.Entry{Command:interface {}(nil), Term:0, Index:0}
081402 LEAD S1: prevLog &raft.Entry{Command:interface {}(nil), Term:0, Index:0}
081404 INFO S2: (term 1) follower 收到 [1] AppendEntries [], prevIndex 0, prevTerm 0
081405 LEAD S1: 2 append success next 1 match 0
081406 INFO S0: (term 1) follower 收到 [1] AppendEntries [], prevIndex 0, prevTerm 0
081407 LEAD S1: 0 append success next 1 match 0
082411 LEAD S1: prevLog &raft.Entry{Command:interface {}(nil), Term:0, Index:0}
082412 LEAD S1: prevLog &raft.Entry{Command:interface {}(nil), Term:0, Index:0}
082414 INFO S2: (term 1) follower 收到 [1] AppendEntries [], prevIndex 0, prevTerm 0
082416 INFO S0: (term 1) follower 收到 [1] AppendEntries [], prevIndex 0, prevTerm 0
082416 LEAD S1: 2 append success next 1 match 0
082418 LEAD S1: 0 append success next 1 match 0
083417 LEAD S1: prevLog &raft.Entry{Command:interface {}(nil), Term:0, Index:0}
083417 LEAD S1: prevLog &raft.Entry{Command:interface {}(nil), Term:0, Index:0}
083418 INFO S2: (term 1) follower 收到 [1] AppendEntries [], prevIndex 0, prevTerm 0
083419 LEAD S1: 2 append success next 1 match 0
083420 INFO S0: (term 1) follower 收到 [1] AppendEntries [], prevIndex 0, prevTerm 0
083421 LEAD S1: 0 append success next 1 match 0
084424 LEAD S1: prevLog &raft.Entry{Command:interface {}(nil), Term:0, Index:0}
084425 LEAD S1: prevLog &raft.Entry{Command:interface {}(nil), Term:0, Index:0}
084428 INFO S2: (term 1) follower 收到 [1] AppendEntries [], prevIndex 0, prevTerm 0
084428 INFO S0: (term 1) follower 收到 [1] AppendEntries [], prevIndex 0, prevTerm 0
084429 LEAD S1: 2 append success next 1 match 0
084430 LEAD S1: 0 append success next 1 match 0
085431 LEAD S1: prevLog &raft.Entry{Command:interface {}(nil), Term:0, Index:0}
085431 LEAD S1: prevLog &raft.Entry{Command:interface {}(nil), Term:0, Index:0}
085432 INFO S2: (term 1) follower 收到 [1] AppendEntries [], prevIndex 0, prevTerm 0
085433 LEAD S1: 2 append success next 1 match 0
085433 INFO S0: (term 1) follower 收到 [1] AppendEntries [], prevIndex 0, prevTerm 0
085434 LEAD S1: 0 append success next 1 match 0
086436 LEAD S1: prevLog &raft.Entry{Command:interface {}(nil), Term:0, Index:0}
086436 LEAD S1: prevLog &raft.Entry{Command:interface {}(nil), Term:0, Index:0}
086438 INFO S2: (term 1) follower 收到 [1] AppendEntries [], prevIndex 0, prevTerm 0
086438 INFO S0: (term 1) follower 收到 [1] AppendEntries [], prevIndex 0, prevTerm 0
086440 LEAD S1: 2 append success next 1 match 0
086440 LEAD S1: 0 append success next 1 match 0
087436 LEAD S1: prevLog &raft.Entry{Command:interface {}(nil), Term:0, Index:0}
087437 LEAD S1: prevLog &raft.Entry{Command:interface {}(nil), Term:0, Index:0}
087437 INFO S2: (term 1) follower 收到 [1] AppendEntries [], prevIndex 0, prevTerm 0
087438 LEAD S1: 2 append success next 1 match 0
087438 INFO S0: (term 1) follower 收到 [1] AppendEntries [], prevIndex 0, prevTerm 0
087438 LEAD S1: 0 append success next 1 match 0
088440 LEAD S1: prevLog &raft.Entry{Command:interface {}(nil), Term:0, Index:0}
088440 LEAD S1: prevLog &raft.Entry{Command:interface {}(nil), Term:0, Index:0}
088441 INFO S0: (term 1) follower 收到 [1] AppendEntries [], prevIndex 0, prevTerm 0
088441 INFO S2: (term 1) follower 收到 [1] AppendEntries [], prevIndex 0, prevTerm 0
088441 LEAD S1: 0 append success next 1 match 0
088442 LEAD S1: 2 append success next 1 match 0
089446 LEAD S1: prevLog &raft.Entry{Command:interface {}(nil), Term:0, Index:0}
089447 LEAD S1: prevLog &raft.Entry{Command:interface {}(nil), Term:0, Index:0}
089450 INFO S0: (term 1) follower 收到 [1] AppendEntries [], prevIndex 0, prevTerm 0
089451 LEAD S1: 0 append success next 1 match 0
089452 INFO S2: (term 1) follower 收到 [1] AppendEntries [], prevIndex 0, prevTerm 0
089454 LEAD S1: 2 append success next 1 match 0
090456 LEAD S1: prevLog &raft.Entry{Command:interface {}(nil), Term:0, Index:0}
090457 LEAD S1: prevLog &raft.Entry{Command:interface {}(nil), Term:0, Index:0}
090457 INFO S2: (term 1) follower 收到 [1] AppendEntries [], prevIndex 0, prevTerm 0
090458 INFO S0: (term 1) follower 收到 [1] AppendEntries [], prevIndex 0, prevTerm 0
090458 LEAD S1: 2 append success next 1 match 0
090458 LEAD S1: 0 append success next 1 match 0
091461 LEAD S1: prevLog &raft.Entry{Command:interface {}(nil), Term:0, Index:0}
091462 LEAD S1: prevLog &raft.Entry{Command:interface {}(nil), Term:0, Index:0}
091462 INFO S2: (term 1) follower 收到 [1] AppendEntries [], prevIndex 0, prevTerm 0
091463 LEAD S1: 2 append success next 1 match 0
091463 INFO S0: (term 1) follower 收到 [1] AppendEntries [], prevIndex 0, prevTerm 0
091463 LEAD S1: 0 append success next 1 match 0
092465 LEAD S1: prevLog &raft.Entry{Command:interface {}(nil), Term:0, Index:0}
092466 LEAD S1: prevLog &raft.Entry{Command:interface {}(nil), Term:0, Index:0}
092467 INFO S2: (term 1) follower 收到 [1] AppendEntries [], prevIndex 0, prevTerm 0
092467 LEAD S1: 2 append success next 1 match 0
092467 INFO S0: (term 1) follower 收到 [1] AppendEntries [], prevIndex 0, prevTerm 0
092468 LEAD S1: 0 append success next 1 match 0
093471 LEAD S1: prevLog &raft.Entry{Command:interface {}(nil), Term:0, Index:0}
093471 LEAD S1: prevLog &raft.Entry{Command:interface {}(nil), Term:0, Index:0}
093472 INFO S2: (term 1) follower 收到 [1] AppendEntries [], prevIndex 0, prevTerm 0
093472 LEAD S1: 2 append success next 1 match 0
093472 INFO S0: (term 1) follower 收到 [1] AppendEntries [], prevIndex 0, prevTerm 0
093473 LEAD S1: 0 append success next 1 match 0
094476 LEAD S1: prevLog &raft.Entry{Command:interface {}(nil), Term:0, Index:0}
094476 LEAD S1: prevLog &raft.Entry{Command:interface {}(nil), Term:0, Index:0}
094477 INFO S2: (term 1) follower 收到 [1] AppendEntries [], prevIndex 0, prevTerm 0
094477 LEAD S1: 2 append success next 1 match 0
094478 INFO S0: (term 1) follower 收到 [1] AppendEntries [], prevIndex 0, prevTerm 0
094478 LEAD S1: 0 append success next 1 match 0
095483 LEAD S1: prevLog &raft.Entry{Command:interface {}(nil), Term:0, Index:0}
095483 LEAD S1: prevLog &raft.Entry{Command:interface {}(nil), Term:0, Index:0}
095484 INFO S2: (term 1) follower 收到 [1] AppendEntries [], prevIndex 0, prevTerm 0
095485 LEAD S1: 2 append success next 1 match 0
095486 INFO S0: (term 1) follower 收到 [1] AppendEntries [], prevIndex 0, prevTerm 0
095487 LEAD S1: 0 append success next 1 match 0
096489 LEAD S1: prevLog &raft.Entry{Command:interface {}(nil), Term:0, Index:0}
096490 LEAD S1: prevLog &raft.Entry{Command:interface {}(nil), Term:0, Index:0}
096491 INFO S2: (term 1) follower 收到 [1] AppendEntries [], prevIndex 0, prevTerm 0
096491 LEAD S1: 2 append success next 1 match 0
096491 INFO S0: (term 1) follower 收到 [1] AppendEntries [], prevIndex 0, prevTerm 0
096491 LEAD S1: 0 append success next 1 match 0
097497 LEAD S1: prevLog &raft.Entry{Command:interface {}(nil), Term:0, Index:0}
097498 LEAD S1: prevLog &raft.Entry{Command:interface {}(nil), Term:0, Index:0}
097501 INFO S0: (term 1) follower 收到 [1] AppendEntries [], prevIndex 0, prevTerm 0
097503 INFO S2: (term 1) follower 收到 [1] AppendEntries [], prevIndex 0, prevTerm 0
097504 LEAD S1: 0 append success next 1 match 0
097504 LEAD S1: 2 append success next 1 match 0
098504 LEAD S1: prevLog &raft.Entry{Command:interface {}(nil), Term:0, Index:0}
098504 LEAD S1: prevLog &raft.Entry{Command:interface {}(nil), Term:0, Index:0}
098505 INFO S2: (term 1) follower 收到 [1] AppendEntries [], prevIndex 0, prevTerm 0
098505 LEAD S1: 2 append success next 1 match 0
098506 INFO S0: (term 1) follower 收到 [1] AppendEntries [], prevIndex 0, prevTerm 0
098506 LEAD S1: 0 append success next 1 match 0
099509 LEAD S1: prevLog &raft.Entry{Command:interface {}(nil), Term:0, Index:0}
099510 LEAD S1: prevLog &raft.Entry{Command:interface {}(nil), Term:0, Index:0}
099510 INFO S2: (term 1) follower 收到 [1] AppendEntries [], prevIndex 0, prevTerm 0
099511 LEAD S1: 2 append success next 1 match 0
099511 INFO S0: (term 1) follower 收到 [1] AppendEntries [], prevIndex 0, prevTerm 0
099511 LEAD S1: 0 append success next 1 match 0
--- FAIL: TestPersist12C (10.00s)
    config.go:609: one(11) failed to reach agreement
FAIL
exit status 1
FAIL	6.824/raft	10.003s
