Test (2C): basic persistence ...
002015 INFO S0: start leader election, term 1
002016 VOTE S0: term 1 send vote request to 2
002016 VOTE S0: term 1 send vote request to 1
002018 TERM S1: set new term 1
002018 TERM S2: set new term 1
002018 VOTE S1: term 1 vote 0
002019 VOTE S2: term 1 vote 0
002019 VOTE S0: reply from 2, term一致，且投给0
002019 LEAD S0: come to power, start to send heartbeat
002020 LEAD S0: prevLog &raft.Entry{Command:interface {}(nil), Term:0, Index:0}
002020 LEAD S0: prevLog &raft.Entry{Command:interface {}(nil), Term:0, Index:0}
002020 VOTE S0: reply from 1, term一致，且投给0
002022 INFO S2: (term 1) follower 收到 [0] AppendEntries [], prevIndex 0, prevTerm 0
002022 INFO S1: (term 1) follower 收到 [0] AppendEntries [], prevIndex 0, prevTerm 0
002023 LEAD S0: 1 append success next 1 match 0
002023 LEAD S0: 2 append success next 1 match 0
003017 LEAD S0: prevLog &raft.Entry{Command:interface {}(nil), Term:0, Index:0}
003017 LEAD S0: prevLog &raft.Entry{Command:interface {}(nil), Term:0, Index:0}
003019 INFO S2: (term 1) follower 收到 [0] AppendEntries [], prevIndex 0, prevTerm 0
003019 INFO S1: (term 1) follower 收到 [0] AppendEntries [], prevIndex 0, prevTerm 0
003019 LEAD S0: 2 append success next 1 match 0
003020 LEAD S0: 1 append success next 1 match 0
004023 LEAD S0: prevLog &raft.Entry{Command:interface {}(nil), Term:0, Index:0}
004023 LEAD S0: prevLog &raft.Entry{Command:interface {}(nil), Term:0, Index:0}
004024 INFO S2: (term 1) follower 收到 [0] AppendEntries [], prevIndex 0, prevTerm 0
004024 LEAD S0: 2 append success next 1 match 0
004024 INFO S1: (term 1) follower 收到 [0] AppendEntries [], prevIndex 0, prevTerm 0
004025 LEAD S0: 1 append success next 1 match 0
005027 LEAD S0: prevLog &raft.Entry{Command:interface {}(nil), Term:0, Index:0}
005027 LEAD S0: prevLog &raft.Entry{Command:interface {}(nil), Term:0, Index:0}
005027 INFO S2: (term 1) follower 收到 [0] AppendEntries [], prevIndex 0, prevTerm 0
005027 LEAD S0: 2 append success next 1 match 0
005027 INFO S1: (term 1) follower 收到 [0] AppendEntries [], prevIndex 0, prevTerm 0
005028 LEAD S0: 1 append success next 1 match 0
006031 LEAD S0: prevLog &raft.Entry{Command:interface {}(nil), Term:0, Index:0}
006031 LEAD S0: prevLog &raft.Entry{Command:interface {}(nil), Term:0, Index:0}
006033 INFO S2: (term 1) follower 收到 [0] AppendEntries [], prevIndex 0, prevTerm 0
006033 LEAD S0: 2 append success next 1 match 0
006034 INFO S1: (term 1) follower 收到 [0] AppendEntries [], prevIndex 0, prevTerm 0
006034 LEAD S0: 1 append success next 1 match 0
007036 LEAD S0: prevLog &raft.Entry{Command:interface {}(nil), Term:0, Index:0}
007036 LEAD S0: prevLog &raft.Entry{Command:interface {}(nil), Term:0, Index:0}
007038 INFO S2: (term 1) follower 收到 [0] AppendEntries [], prevIndex 0, prevTerm 0
007039 LEAD S0: 2 append success next 1 match 0
007040 INFO S1: (term 1) follower 收到 [0] AppendEntries [], prevIndex 0, prevTerm 0
007042 LEAD S0: 1 append success next 1 match 0
008041 LEAD S0: prevLog &raft.Entry{Command:interface {}(nil), Term:0, Index:0}
008041 LEAD S0: prevLog &raft.Entry{Command:interface {}(nil), Term:0, Index:0}
008042 INFO S2: (term 1) follower 收到 [0] AppendEntries [], prevIndex 0, prevTerm 0
008042 LEAD S0: 2 append success next 1 match 0
008042 INFO S1: (term 1) follower 收到 [0] AppendEntries [], prevIndex 0, prevTerm 0
008043 LEAD S0: 1 append success next 1 match 0
009044 LEAD S0: prevLog &raft.Entry{Command:interface {}(nil), Term:0, Index:0}
009044 LEAD S0: prevLog &raft.Entry{Command:interface {}(nil), Term:0, Index:0}
009045 INFO S2: (term 1) follower 收到 [0] AppendEntries [], prevIndex 0, prevTerm 0
009045 LEAD S0: 2 append success next 1 match 0
009045 INFO S1: (term 1) follower 收到 [0] AppendEntries [], prevIndex 0, prevTerm 0
009046 LEAD S0: 1 append success next 1 match 0
010048 LEAD S0: prevLog &raft.Entry{Command:interface {}(nil), Term:0, Index:0}
010048 LEAD S0: prevLog &raft.Entry{Command:interface {}(nil), Term:0, Index:0}
010049 INFO S2: (term 1) follower 收到 [0] AppendEntries [], prevIndex 0, prevTerm 0
010050 LEAD S0: 2 append success next 1 match 0
010050 INFO S1: (term 1) follower 收到 [0] AppendEntries [], prevIndex 0, prevTerm 0
010051 LEAD S0: 1 append success next 1 match 0
011053 LEAD S0: prevLog &raft.Entry{Command:interface {}(nil), Term:0, Index:0}
011053 LEAD S0: prevLog &raft.Entry{Command:interface {}(nil), Term:0, Index:0}
011055 INFO S2: (term 1) follower 收到 [0] AppendEntries [], prevIndex 0, prevTerm 0
011055 LEAD S0: 2 append success next 1 match 0
011056 INFO S1: (term 1) follower 收到 [0] AppendEntries [], prevIndex 0, prevTerm 0
011057 LEAD S0: 1 append success next 1 match 0
012056 LEAD S0: prevLog &raft.Entry{Command:interface {}(nil), Term:0, Index:0}
012057 LEAD S0: prevLog &raft.Entry{Command:interface {}(nil), Term:0, Index:0}
012058 INFO S1: (term 1) follower 收到 [0] AppendEntries [], prevIndex 0, prevTerm 0
012058 LEAD S0: 1 append success next 1 match 0
012058 INFO S2: (term 1) follower 收到 [0] AppendEntries [], prevIndex 0, prevTerm 0
012059 LEAD S0: 2 append success next 1 match 0
013060 LEAD S0: prevLog &raft.Entry{Command:interface {}(nil), Term:0, Index:0}
013060 LEAD S0: prevLog &raft.Entry{Command:interface {}(nil), Term:0, Index:0}
013061 INFO S1: (term 1) follower 收到 [0] AppendEntries [], prevIndex 0, prevTerm 0
013061 INFO S2: (term 1) follower 收到 [0] AppendEntries [], prevIndex 0, prevTerm 0
013061 LEAD S0: 1 append success next 1 match 0
013061 LEAD S0: 2 append success next 1 match 0
014064 LEAD S0: prevLog &raft.Entry{Command:interface {}(nil), Term:0, Index:0}
014065 LEAD S0: prevLog &raft.Entry{Command:interface {}(nil), Term:0, Index:0}
014065 INFO S1: (term 1) follower 收到 [0] AppendEntries [], prevIndex 0, prevTerm 0
014065 INFO S2: (term 1) follower 收到 [0] AppendEntries [], prevIndex 0, prevTerm 0
014066 LEAD S0: 1 append success next 1 match 0
014066 LEAD S0: 2 append success next 1 match 0
015071 LEAD S0: prevLog &raft.Entry{Command:interface {}(nil), Term:0, Index:0}
015071 LEAD S0: prevLog &raft.Entry{Command:interface {}(nil), Term:0, Index:0}
015074 INFO S2: (term 1) follower 收到 [0] AppendEntries [], prevIndex 0, prevTerm 0
015075 INFO S1: (term 1) follower 收到 [0] AppendEntries [], prevIndex 0, prevTerm 0
015076 LEAD S0: 2 append success next 1 match 0
015077 LEAD S0: 1 append success next 1 match 0
016080 LEAD S0: prevLog &raft.Entry{Command:interface {}(nil), Term:0, Index:0}
016080 LEAD S0: prevLog &raft.Entry{Command:interface {}(nil), Term:0, Index:0}
016082 INFO S2: (term 1) follower 收到 [0] AppendEntries [], prevIndex 0, prevTerm 0
016084 LEAD S0: 2 append success next 1 match 0
016084 INFO S1: (term 1) follower 收到 [0] AppendEntries [], prevIndex 0, prevTerm 0
016087 LEAD S0: 1 append success next 1 match 0
017083 LEAD S0: prevLog &raft.Entry{Command:interface {}(nil), Term:0, Index:0}
017083 LEAD S0: prevLog &raft.Entry{Command:interface {}(nil), Term:0, Index:0}
017084 INFO S2: (term 1) follower 收到 [0] AppendEntries [], prevIndex 0, prevTerm 0
017084 INFO S1: (term 1) follower 收到 [0] AppendEntries [], prevIndex 0, prevTerm 0
017084 LEAD S0: 2 append success next 1 match 0
017084 LEAD S0: 1 append success next 1 match 0
018087 LEAD S0: prevLog &raft.Entry{Command:interface {}(nil), Term:0, Index:0}
018087 LEAD S0: prevLog &raft.Entry{Command:interface {}(nil), Term:0, Index:0}
018087 INFO S2: (term 1) follower 收到 [0] AppendEntries [], prevIndex 0, prevTerm 0
018088 LEAD S0: 2 append success next 1 match 0
018088 INFO S1: (term 1) follower 收到 [0] AppendEntries [], prevIndex 0, prevTerm 0
018088 LEAD S0: 1 append success next 1 match 0
019090 LEAD S0: prevLog &raft.Entry{Command:interface {}(nil), Term:0, Index:0}
019090 LEAD S0: prevLog &raft.Entry{Command:interface {}(nil), Term:0, Index:0}
019091 INFO S2: (term 1) follower 收到 [0] AppendEntries [], prevIndex 0, prevTerm 0
019091 LEAD S0: 2 append success next 1 match 0
019092 INFO S1: (term 1) follower 收到 [0] AppendEntries [], prevIndex 0, prevTerm 0
019092 LEAD S0: 1 append success next 1 match 0
020094 LEAD S0: prevLog &raft.Entry{Command:interface {}(nil), Term:0, Index:0}
020094 LEAD S0: prevLog &raft.Entry{Command:interface {}(nil), Term:0, Index:0}
020094 INFO S2: (term 1) follower 收到 [0] AppendEntries [], prevIndex 0, prevTerm 0
020095 LEAD S0: 2 append success next 1 match 0
020095 INFO S1: (term 1) follower 收到 [0] AppendEntries [], prevIndex 0, prevTerm 0
020095 LEAD S0: 1 append success next 1 match 0
021097 LEAD S0: prevLog &raft.Entry{Command:interface {}(nil), Term:0, Index:0}
021097 LEAD S0: prevLog &raft.Entry{Command:interface {}(nil), Term:0, Index:0}
021098 INFO S1: (term 1) follower 收到 [0] AppendEntries [], prevIndex 0, prevTerm 0
021098 INFO S2: (term 1) follower 收到 [0] AppendEntries [], prevIndex 0, prevTerm 0
021098 LEAD S0: 1 append success next 1 match 0
021098 LEAD S0: 2 append success next 1 match 0
022101 LEAD S0: prevLog &raft.Entry{Command:interface {}(nil), Term:0, Index:0}
022101 LEAD S0: prevLog &raft.Entry{Command:interface {}(nil), Term:0, Index:0}
022102 INFO S2: (term 1) follower 收到 [0] AppendEntries [], prevIndex 0, prevTerm 0
022103 INFO S1: (term 1) follower 收到 [0] AppendEntries [], prevIndex 0, prevTerm 0
022103 LEAD S0: 2 append success next 1 match 0
022104 LEAD S0: 1 append success next 1 match 0
023107 LEAD S0: prevLog &raft.Entry{Command:interface {}(nil), Term:0, Index:0}
023107 LEAD S0: prevLog &raft.Entry{Command:interface {}(nil), Term:0, Index:0}
023110 INFO S2: (term 1) follower 收到 [0] AppendEntries [], prevIndex 0, prevTerm 0
023111 LEAD S0: 2 append success next 1 match 0
023124 INFO S1: (term 1) follower 收到 [0] AppendEntries [], prevIndex 0, prevTerm 0
023126 LEAD S0: 1 append success next 1 match 0
024110 LEAD S0: prevLog &raft.Entry{Command:interface {}(nil), Term:0, Index:0}
024110 LEAD S0: prevLog &raft.Entry{Command:interface {}(nil), Term:0, Index:0}
024111 INFO S2: (term 1) follower 收到 [0] AppendEntries [], prevIndex 0, prevTerm 0
024112 LEAD S0: 2 append success next 1 match 0
024112 INFO S1: (term 1) follower 收到 [0] AppendEntries [], prevIndex 0, prevTerm 0
024112 LEAD S0: 1 append success next 1 match 0
025115 LEAD S0: prevLog &raft.Entry{Command:interface {}(nil), Term:0, Index:0}
025115 LEAD S0: prevLog &raft.Entry{Command:interface {}(nil), Term:0, Index:0}
025116 INFO S1: (term 1) follower 收到 [0] AppendEntries [], prevIndex 0, prevTerm 0
025116 INFO S2: (term 1) follower 收到 [0] AppendEntries [], prevIndex 0, prevTerm 0
025116 LEAD S0: 2 append success next 1 match 0
025116 LEAD S0: 1 append success next 1 match 0
026119 LEAD S0: prevLog &raft.Entry{Command:interface {}(nil), Term:0, Index:0}
026120 LEAD S0: prevLog &raft.Entry{Command:interface {}(nil), Term:0, Index:0}
026120 INFO S1: (term 1) follower 收到 [0] AppendEntries [], prevIndex 0, prevTerm 0
026120 INFO S2: (term 1) follower 收到 [0] AppendEntries [], prevIndex 0, prevTerm 0
026121 LEAD S0: 1 append success next 1 match 0
026121 LEAD S0: 2 append success next 1 match 0
027123 LEAD S0: prevLog &raft.Entry{Command:interface {}(nil), Term:0, Index:0}
027124 LEAD S0: prevLog &raft.Entry{Command:interface {}(nil), Term:0, Index:0}
027125 INFO S2: (term 1) follower 收到 [0] AppendEntries [], prevIndex 0, prevTerm 0
027126 LEAD S0: 2 append success next 1 match 0
027126 INFO S1: (term 1) follower 收到 [0] AppendEntries [], prevIndex 0, prevTerm 0
027127 LEAD S0: 1 append success next 1 match 0
028127 LEAD S0: prevLog &raft.Entry{Command:interface {}(nil), Term:0, Index:0}
028127 LEAD S0: prevLog &raft.Entry{Command:interface {}(nil), Term:0, Index:0}
028128 INFO S2: (term 1) follower 收到 [0] AppendEntries [], prevIndex 0, prevTerm 0
028129 LEAD S0: 2 append success next 1 match 0
028129 INFO S1: (term 1) follower 收到 [0] AppendEntries [], prevIndex 0, prevTerm 0
028130 LEAD S0: 1 append success next 1 match 0
029131 LEAD S0: prevLog &raft.Entry{Command:interface {}(nil), Term:0, Index:0}
029131 LEAD S0: prevLog &raft.Entry{Command:interface {}(nil), Term:0, Index:0}
029132 INFO S1: (term 1) follower 收到 [0] AppendEntries [], prevIndex 0, prevTerm 0
029132 INFO S2: (term 1) follower 收到 [0] AppendEntries [], prevIndex 0, prevTerm 0
029132 LEAD S0: 1 append success next 1 match 0
029133 LEAD S0: 2 append success next 1 match 0
030138 LEAD S0: prevLog &raft.Entry{Command:interface {}(nil), Term:0, Index:0}
030156 LEAD S0: prevLog &raft.Entry{Command:interface {}(nil), Term:0, Index:0}
030158 INFO S2: (term 1) follower 收到 [0] AppendEntries [], prevIndex 0, prevTerm 0
030159 LEAD S0: 2 append success next 1 match 0
030159 INFO S1: (term 1) follower 收到 [0] AppendEntries [], prevIndex 0, prevTerm 0
030161 LEAD S0: 1 append success next 1 match 0
031163 LEAD S0: prevLog &raft.Entry{Command:interface {}(nil), Term:0, Index:0}
031163 LEAD S0: prevLog &raft.Entry{Command:interface {}(nil), Term:0, Index:0}
031164 INFO S2: (term 1) follower 收到 [0] AppendEntries [], prevIndex 0, prevTerm 0
031164 INFO S1: (term 1) follower 收到 [0] AppendEntries [], prevIndex 0, prevTerm 0
031164 LEAD S0: 2 append success next 1 match 0
031164 LEAD S0: 1 append success next 1 match 0
032170 LEAD S0: prevLog &raft.Entry{Command:interface {}(nil), Term:0, Index:0}
032170 LEAD S0: prevLog &raft.Entry{Command:interface {}(nil), Term:0, Index:0}
032172 INFO S2: (term 1) follower 收到 [0] AppendEntries [], prevIndex 0, prevTerm 0
032173 LEAD S0: 2 append success next 1 match 0
032174 INFO S1: (term 1) follower 收到 [0] AppendEntries [], prevIndex 0, prevTerm 0
032176 LEAD S0: 1 append success next 1 match 0
033176 LEAD S0: prevLog &raft.Entry{Command:interface {}(nil), Term:0, Index:0}
033177 LEAD S0: prevLog &raft.Entry{Command:interface {}(nil), Term:0, Index:0}
033177 INFO S2: (term 1) follower 收到 [0] AppendEntries [], prevIndex 0, prevTerm 0
033178 INFO S1: (term 1) follower 收到 [0] AppendEntries [], prevIndex 0, prevTerm 0
033178 LEAD S0: 2 append success next 1 match 0
033178 LEAD S0: 1 append success next 1 match 0
034181 LEAD S0: prevLog &raft.Entry{Command:interface {}(nil), Term:0, Index:0}
034181 LEAD S0: prevLog &raft.Entry{Command:interface {}(nil), Term:0, Index:0}
034182 INFO S2: (term 1) follower 收到 [0] AppendEntries [], prevIndex 0, prevTerm 0
034182 INFO S1: (term 1) follower 收到 [0] AppendEntries [], prevIndex 0, prevTerm 0
034182 LEAD S0: 2 append success next 1 match 0
034183 LEAD S0: 1 append success next 1 match 0
035185 LEAD S0: prevLog &raft.Entry{Command:interface {}(nil), Term:0, Index:0}
035185 LEAD S0: prevLog &raft.Entry{Command:interface {}(nil), Term:0, Index:0}
035186 INFO S1: (term 1) follower 收到 [0] AppendEntries [], prevIndex 0, prevTerm 0
035186 INFO S2: (term 1) follower 收到 [0] AppendEntries [], prevIndex 0, prevTerm 0
035186 LEAD S0: 1 append success next 1 match 0
035186 LEAD S0: 2 append success next 1 match 0
036189 LEAD S0: prevLog &raft.Entry{Command:interface {}(nil), Term:0, Index:0}
036189 LEAD S0: prevLog &raft.Entry{Command:interface {}(nil), Term:0, Index:0}
036190 INFO S1: (term 1) follower 收到 [0] AppendEntries [], prevIndex 0, prevTerm 0
036190 INFO S2: (term 1) follower 收到 [0] AppendEntries [], prevIndex 0, prevTerm 0
036190 LEAD S0: 1 append success next 1 match 0
036190 LEAD S0: 2 append success next 1 match 0
037193 LEAD S0: prevLog &raft.Entry{Command:interface {}(nil), Term:0, Index:0}
037193 LEAD S0: prevLog &raft.Entry{Command:interface {}(nil), Term:0, Index:0}
037194 INFO S1: (term 1) follower 收到 [0] AppendEntries [], prevIndex 0, prevTerm 0
037194 LEAD S0: 1 append success next 1 match 0
037194 INFO S2: (term 1) follower 收到 [0] AppendEntries [], prevIndex 0, prevTerm 0
037195 LEAD S0: 2 append success next 1 match 0
038198 LEAD S0: prevLog &raft.Entry{Command:interface {}(nil), Term:0, Index:0}
038198 LEAD S0: prevLog &raft.Entry{Command:interface {}(nil), Term:0, Index:0}
038199 INFO S2: (term 1) follower 收到 [0] AppendEntries [], prevIndex 0, prevTerm 0
038199 INFO S1: (term 1) follower 收到 [0] AppendEntries [], prevIndex 0, prevTerm 0
038199 LEAD S0: 2 append success next 1 match 0
038199 LEAD S0: 1 append success next 1 match 0
039203 LEAD S0: prevLog &raft.Entry{Command:interface {}(nil), Term:0, Index:0}
039203 LEAD S0: prevLog &raft.Entry{Command:interface {}(nil), Term:0, Index:0}
039204 INFO S2: (term 1) follower 收到 [0] AppendEntries [], prevIndex 0, prevTerm 0
039204 INFO S1: (term 1) follower 收到 [0] AppendEntries [], prevIndex 0, prevTerm 0
039204 LEAD S0: 2 append success next 1 match 0
039204 LEAD S0: 1 append success next 1 match 0
040208 LEAD S0: prevLog &raft.Entry{Command:interface {}(nil), Term:0, Index:0}
040208 LEAD S0: prevLog &raft.Entry{Command:interface {}(nil), Term:0, Index:0}
040209 INFO S1: (term 1) follower 收到 [0] AppendEntries [], prevIndex 0, prevTerm 0
040209 INFO S2: (term 1) follower 收到 [0] AppendEntries [], prevIndex 0, prevTerm 0
040209 LEAD S0: 1 append success next 1 match 0
040209 LEAD S0: 2 append success next 1 match 0
041212 LEAD S0: prevLog &raft.Entry{Command:interface {}(nil), Term:0, Index:0}
041212 LEAD S0: prevLog &raft.Entry{Command:interface {}(nil), Term:0, Index:0}
041213 INFO S2: (term 1) follower 收到 [0] AppendEntries [], prevIndex 0, prevTerm 0
041213 INFO S1: (term 1) follower 收到 [0] AppendEntries [], prevIndex 0, prevTerm 0
041213 LEAD S0: 2 append success next 1 match 0
041214 LEAD S0: 1 append success next 1 match 0
042220 LEAD S0: prevLog &raft.Entry{Command:interface {}(nil), Term:0, Index:0}
042220 LEAD S0: prevLog &raft.Entry{Command:interface {}(nil), Term:0, Index:0}
042222 INFO S2: (term 1) follower 收到 [0] AppendEntries [], prevIndex 0, prevTerm 0
042222 INFO S1: (term 1) follower 收到 [0] AppendEntries [], prevIndex 0, prevTerm 0
042224 LEAD S0: 1 append success next 1 match 0
042224 LEAD S0: 2 append success next 1 match 0
043228 LEAD S0: prevLog &raft.Entry{Command:interface {}(nil), Term:0, Index:0}
043229 LEAD S0: prevLog &raft.Entry{Command:interface {}(nil), Term:0, Index:0}
043233 INFO S1: (term 1) follower 收到 [0] AppendEntries [], prevIndex 0, prevTerm 0
043234 INFO S2: (term 1) follower 收到 [0] AppendEntries [], prevIndex 0, prevTerm 0
043235 LEAD S0: 2 append success next 1 match 0
043236 LEAD S0: 1 append success next 1 match 0
044234 LEAD S0: prevLog &raft.Entry{Command:interface {}(nil), Term:0, Index:0}
044234 LEAD S0: prevLog &raft.Entry{Command:interface {}(nil), Term:0, Index:0}
044236 INFO S2: (term 1) follower 收到 [0] AppendEntries [], prevIndex 0, prevTerm 0
044236 INFO S1: (term 1) follower 收到 [0] AppendEntries [], prevIndex 0, prevTerm 0
044236 LEAD S0: 2 append success next 1 match 0
044236 LEAD S0: 1 append success next 1 match 0
045240 LEAD S0: prevLog &raft.Entry{Command:interface {}(nil), Term:0, Index:0}
045241 LEAD S0: prevLog &raft.Entry{Command:interface {}(nil), Term:0, Index:0}
045243 INFO S2: (term 1) follower 收到 [0] AppendEntries [], prevIndex 0, prevTerm 0
045243 INFO S1: (term 1) follower 收到 [0] AppendEntries [], prevIndex 0, prevTerm 0
045244 LEAD S0: 1 append success next 1 match 0
045245 LEAD S0: 2 append success next 1 match 0
046247 LEAD S0: prevLog &raft.Entry{Command:interface {}(nil), Term:0, Index:0}
046247 LEAD S0: prevLog &raft.Entry{Command:interface {}(nil), Term:0, Index:0}
046249 INFO S2: (term 1) follower 收到 [0] AppendEntries [], prevIndex 0, prevTerm 0
046249 INFO S1: (term 1) follower 收到 [0] AppendEntries [], prevIndex 0, prevTerm 0
046249 LEAD S0: 2 append success next 1 match 0
046250 LEAD S0: 1 append success next 1 match 0
047254 LEAD S0: prevLog &raft.Entry{Command:interface {}(nil), Term:0, Index:0}
047255 LEAD S0: prevLog &raft.Entry{Command:interface {}(nil), Term:0, Index:0}
047257 INFO S2: (term 1) follower 收到 [0] AppendEntries [], prevIndex 0, prevTerm 0
047258 INFO S1: (term 1) follower 收到 [0] AppendEntries [], prevIndex 0, prevTerm 0
047259 LEAD S0: 2 append success next 1 match 0
047259 LEAD S0: 1 append success next 1 match 0
048259 LEAD S0: prevLog &raft.Entry{Command:interface {}(nil), Term:0, Index:0}
048259 LEAD S0: prevLog &raft.Entry{Command:interface {}(nil), Term:0, Index:0}
048260 INFO S2: (term 1) follower 收到 [0] AppendEntries [], prevIndex 0, prevTerm 0
048260 INFO S1: (term 1) follower 收到 [0] AppendEntries [], prevIndex 0, prevTerm 0
048260 LEAD S0: 2 append success next 1 match 0
048260 LEAD S0: 1 append success next 1 match 0
049263 LEAD S0: prevLog &raft.Entry{Command:interface {}(nil), Term:0, Index:0}
049263 LEAD S0: prevLog &raft.Entry{Command:interface {}(nil), Term:0, Index:0}
049264 INFO S1: (term 1) follower 收到 [0] AppendEntries [], prevIndex 0, prevTerm 0
049264 INFO S2: (term 1) follower 收到 [0] AppendEntries [], prevIndex 0, prevTerm 0
049264 LEAD S0: 1 append success next 1 match 0
049265 LEAD S0: 2 append success next 1 match 0
050270 LEAD S0: prevLog &raft.Entry{Command:interface {}(nil), Term:0, Index:0}
050271 LEAD S0: prevLog &raft.Entry{Command:interface {}(nil), Term:0, Index:0}
050273 INFO S2: (term 1) follower 收到 [0] AppendEntries [], prevIndex 0, prevTerm 0
050275 LEAD S0: 2 append success next 1 match 0
050276 INFO S1: (term 1) follower 收到 [0] AppendEntries [], prevIndex 0, prevTerm 0
050278 LEAD S0: 1 append success next 1 match 0
051277 LEAD S0: prevLog &raft.Entry{Command:interface {}(nil), Term:0, Index:0}
051277 LEAD S0: prevLog &raft.Entry{Command:interface {}(nil), Term:0, Index:0}
051278 INFO S1: (term 1) follower 收到 [0] AppendEntries [], prevIndex 0, prevTerm 0
051278 INFO S2: (term 1) follower 收到 [0] AppendEntries [], prevIndex 0, prevTerm 0
051279 LEAD S0: 1 append success next 1 match 0
051279 LEAD S0: 2 append success next 1 match 0
052282 LEAD S0: prevLog &raft.Entry{Command:interface {}(nil), Term:0, Index:0}
052282 LEAD S0: prevLog &raft.Entry{Command:interface {}(nil), Term:0, Index:0}
052283 INFO S2: (term 1) follower 收到 [0] AppendEntries [], prevIndex 0, prevTerm 0
052283 INFO S1: (term 1) follower 收到 [0] AppendEntries [], prevIndex 0, prevTerm 0
052283 LEAD S0: 2 append success next 1 match 0
052284 LEAD S0: 1 append success next 1 match 0
053288 LEAD S0: prevLog &raft.Entry{Command:interface {}(nil), Term:0, Index:0}
053288 LEAD S0: prevLog &raft.Entry{Command:interface {}(nil), Term:0, Index:0}
053289 INFO S2: (term 1) follower 收到 [0] AppendEntries [], prevIndex 0, prevTerm 0
053289 INFO S1: (term 1) follower 收到 [0] AppendEntries [], prevIndex 0, prevTerm 0
053290 LEAD S0: 2 append success next 1 match 0
053290 LEAD S0: 1 append success next 1 match 0
054293 LEAD S0: prevLog &raft.Entry{Command:interface {}(nil), Term:0, Index:0}
054293 LEAD S0: prevLog &raft.Entry{Command:interface {}(nil), Term:0, Index:0}
054294 INFO S1: (term 1) follower 收到 [0] AppendEntries [], prevIndex 0, prevTerm 0
054294 INFO S2: (term 1) follower 收到 [0] AppendEntries [], prevIndex 0, prevTerm 0
054294 LEAD S0: 1 append success next 1 match 0
054295 LEAD S0: 2 append success next 1 match 0
055301 LEAD S0: prevLog &raft.Entry{Command:interface {}(nil), Term:0, Index:0}
055301 LEAD S0: prevLog &raft.Entry{Command:interface {}(nil), Term:0, Index:0}
055302 INFO S1: (term 1) follower 收到 [0] AppendEntries [], prevIndex 0, prevTerm 0
055302 INFO S2: (term 1) follower 收到 [0] AppendEntries [], prevIndex 0, prevTerm 0
055302 LEAD S0: 2 append success next 1 match 0
055302 LEAD S0: 1 append success next 1 match 0
056309 LEAD S0: prevLog &raft.Entry{Command:interface {}(nil), Term:0, Index:0}
056309 LEAD S0: prevLog &raft.Entry{Command:interface {}(nil), Term:0, Index:0}
056311 INFO S2: (term 1) follower 收到 [0] AppendEntries [], prevIndex 0, prevTerm 0
056311 INFO S1: (term 1) follower 收到 [0] AppendEntries [], prevIndex 0, prevTerm 0
056311 LEAD S0: 2 append success next 1 match 0
056312 LEAD S0: 1 append success next 1 match 0
057315 LEAD S0: prevLog &raft.Entry{Command:interface {}(nil), Term:0, Index:0}
057315 LEAD S0: prevLog &raft.Entry{Command:interface {}(nil), Term:0, Index:0}
057316 INFO S2: (term 1) follower 收到 [0] AppendEntries [], prevIndex 0, prevTerm 0
057316 INFO S1: (term 1) follower 收到 [0] AppendEntries [], prevIndex 0, prevTerm 0
057317 LEAD S0: 2 append success next 1 match 0
057317 LEAD S0: 1 append success next 1 match 0
058317 LEAD S0: prevLog &raft.Entry{Command:interface {}(nil), Term:0, Index:0}
058318 LEAD S0: prevLog &raft.Entry{Command:interface {}(nil), Term:0, Index:0}
058321 INFO S1: (term 1) follower 收到 [0] AppendEntries [], prevIndex 0, prevTerm 0
058321 INFO S2: (term 1) follower 收到 [0] AppendEntries [], prevIndex 0, prevTerm 0
058323 LEAD S0: 1 append success next 1 match 0
058325 LEAD S0: 2 append success next 1 match 0
059322 LEAD S0: prevLog &raft.Entry{Command:interface {}(nil), Term:0, Index:0}
059322 LEAD S0: prevLog &raft.Entry{Command:interface {}(nil), Term:0, Index:0}
059323 INFO S1: (term 1) follower 收到 [0] AppendEntries [], prevIndex 0, prevTerm 0
059323 LEAD S0: 1 append success next 1 match 0
059323 INFO S2: (term 1) follower 收到 [0] AppendEntries [], prevIndex 0, prevTerm 0
059324 LEAD S0: 2 append success next 1 match 0
060327 LEAD S0: prevLog &raft.Entry{Command:interface {}(nil), Term:0, Index:0}
060327 LEAD S0: prevLog &raft.Entry{Command:interface {}(nil), Term:0, Index:0}
060328 INFO S2: (term 1) follower 收到 [0] AppendEntries [], prevIndex 0, prevTerm 0
060328 INFO S1: (term 1) follower 收到 [0] AppendEntries [], prevIndex 0, prevTerm 0
060328 LEAD S0: 2 append success next 1 match 0
060328 LEAD S0: 1 append success next 1 match 0
061331 LEAD S0: prevLog &raft.Entry{Command:interface {}(nil), Term:0, Index:0}
061332 LEAD S0: prevLog &raft.Entry{Command:interface {}(nil), Term:0, Index:0}
061332 INFO S1: (term 1) follower 收到 [0] AppendEntries [], prevIndex 0, prevTerm 0
061332 INFO S2: (term 1) follower 收到 [0] AppendEntries [], prevIndex 0, prevTerm 0
061333 LEAD S0: 1 append success next 1 match 0
061333 LEAD S0: 2 append success next 1 match 0
062335 LEAD S0: prevLog &raft.Entry{Command:interface {}(nil), Term:0, Index:0}
062335 LEAD S0: prevLog &raft.Entry{Command:interface {}(nil), Term:0, Index:0}
062336 INFO S2: (term 1) follower 收到 [0] AppendEntries [], prevIndex 0, prevTerm 0
062336 INFO S1: (term 1) follower 收到 [0] AppendEntries [], prevIndex 0, prevTerm 0
062336 LEAD S0: 2 append success next 1 match 0
062337 LEAD S0: 1 append success next 1 match 0
063339 LEAD S0: prevLog &raft.Entry{Command:interface {}(nil), Term:0, Index:0}
063340 LEAD S0: prevLog &raft.Entry{Command:interface {}(nil), Term:0, Index:0}
063340 INFO S2: (term 1) follower 收到 [0] AppendEntries [], prevIndex 0, prevTerm 0
063340 INFO S1: (term 1) follower 收到 [0] AppendEntries [], prevIndex 0, prevTerm 0
063341 LEAD S0: 2 append success next 1 match 0
063341 LEAD S0: 1 append success next 1 match 0
064343 LEAD S0: prevLog &raft.Entry{Command:interface {}(nil), Term:0, Index:0}
064343 LEAD S0: prevLog &raft.Entry{Command:interface {}(nil), Term:0, Index:0}
064344 INFO S2: (term 1) follower 收到 [0] AppendEntries [], prevIndex 0, prevTerm 0
064344 INFO S1: (term 1) follower 收到 [0] AppendEntries [], prevIndex 0, prevTerm 0
064344 LEAD S0: 2 append success next 1 match 0
064344 LEAD S0: 1 append success next 1 match 0
065346 LEAD S0: prevLog &raft.Entry{Command:interface {}(nil), Term:0, Index:0}
065346 LEAD S0: prevLog &raft.Entry{Command:interface {}(nil), Term:0, Index:0}
065347 INFO S1: (term 1) follower 收到 [0] AppendEntries [], prevIndex 0, prevTerm 0
065347 INFO S2: (term 1) follower 收到 [0] AppendEntries [], prevIndex 0, prevTerm 0
065347 LEAD S0: 1 append success next 1 match 0
065347 LEAD S0: 2 append success next 1 match 0
066351 LEAD S0: prevLog &raft.Entry{Command:interface {}(nil), Term:0, Index:0}
066351 LEAD S0: prevLog &raft.Entry{Command:interface {}(nil), Term:0, Index:0}
066351 INFO S2: (term 1) follower 收到 [0] AppendEntries [], prevIndex 0, prevTerm 0
066352 LEAD S0: 2 append success next 1 match 0
066352 INFO S1: (term 1) follower 收到 [0] AppendEntries [], prevIndex 0, prevTerm 0
066352 LEAD S0: 1 append success next 1 match 0
067358 LEAD S0: prevLog &raft.Entry{Command:interface {}(nil), Term:0, Index:0}
067358 LEAD S0: prevLog &raft.Entry{Command:interface {}(nil), Term:0, Index:0}
067359 INFO S1: (term 1) follower 收到 [0] AppendEntries [], prevIndex 0, prevTerm 0
067359 INFO S2: (term 1) follower 收到 [0] AppendEntries [], prevIndex 0, prevTerm 0
067360 LEAD S0: 2 append success next 1 match 0
067362 LEAD S0: 1 append success next 1 match 0
068364 LEAD S0: prevLog &raft.Entry{Command:interface {}(nil), Term:0, Index:0}
068365 LEAD S0: prevLog &raft.Entry{Command:interface {}(nil), Term:0, Index:0}
068368 INFO S2: (term 1) follower 收到 [0] AppendEntries [], prevIndex 0, prevTerm 0
068369 INFO S1: (term 1) follower 收到 [0] AppendEntries [], prevIndex 0, prevTerm 0
068369 LEAD S0: 2 append success next 1 match 0
068371 LEAD S0: 1 append success next 1 match 0
069369 LEAD S0: prevLog &raft.Entry{Command:interface {}(nil), Term:0, Index:0}
069370 LEAD S0: prevLog &raft.Entry{Command:interface {}(nil), Term:0, Index:0}
069371 INFO S2: (term 1) follower 收到 [0] AppendEntries [], prevIndex 0, prevTerm 0
069372 INFO S1: (term 1) follower 收到 [0] AppendEntries [], prevIndex 0, prevTerm 0
069372 LEAD S0: 1 append success next 1 match 0
069373 LEAD S0: 2 append success next 1 match 0
070374 LEAD S0: prevLog &raft.Entry{Command:interface {}(nil), Term:0, Index:0}
070374 LEAD S0: prevLog &raft.Entry{Command:interface {}(nil), Term:0, Index:0}
070375 INFO S2: (term 1) follower 收到 [0] AppendEntries [], prevIndex 0, prevTerm 0
070375 INFO S1: (term 1) follower 收到 [0] AppendEntries [], prevIndex 0, prevTerm 0
070375 LEAD S0: 2 append success next 1 match 0
070375 LEAD S0: 1 append success next 1 match 0
071378 LEAD S0: prevLog &raft.Entry{Command:interface {}(nil), Term:0, Index:0}
071378 LEAD S0: prevLog &raft.Entry{Command:interface {}(nil), Term:0, Index:0}
071379 INFO S2: (term 1) follower 收到 [0] AppendEntries [], prevIndex 0, prevTerm 0
071379 INFO S1: (term 1) follower 收到 [0] AppendEntries [], prevIndex 0, prevTerm 0
071379 LEAD S0: 2 append success next 1 match 0
071379 LEAD S0: 1 append success next 1 match 0
072382 LEAD S0: prevLog &raft.Entry{Command:interface {}(nil), Term:0, Index:0}
072382 LEAD S0: prevLog &raft.Entry{Command:interface {}(nil), Term:0, Index:0}
072383 INFO S2: (term 1) follower 收到 [0] AppendEntries [], prevIndex 0, prevTerm 0
072383 INFO S1: (term 1) follower 收到 [0] AppendEntries [], prevIndex 0, prevTerm 0
072383 LEAD S0: 1 append success next 1 match 0
072383 LEAD S0: 2 append success next 1 match 0
073386 LEAD S0: prevLog &raft.Entry{Command:interface {}(nil), Term:0, Index:0}
073386 LEAD S0: prevLog &raft.Entry{Command:interface {}(nil), Term:0, Index:0}
073387 INFO S1: (term 1) follower 收到 [0] AppendEntries [], prevIndex 0, prevTerm 0
073387 INFO S2: (term 1) follower 收到 [0] AppendEntries [], prevIndex 0, prevTerm 0
073387 LEAD S0: 2 append success next 1 match 0
073387 LEAD S0: 1 append success next 1 match 0
074392 LEAD S0: prevLog &raft.Entry{Command:interface {}(nil), Term:0, Index:0}
074392 LEAD S0: prevLog &raft.Entry{Command:interface {}(nil), Term:0, Index:0}
074393 INFO S1: (term 1) follower 收到 [0] AppendEntries [], prevIndex 0, prevTerm 0
074393 INFO S2: (term 1) follower 收到 [0] AppendEntries [], prevIndex 0, prevTerm 0
074393 LEAD S0: 2 append success next 1 match 0
074394 LEAD S0: 1 append success next 1 match 0
075396 LEAD S0: prevLog &raft.Entry{Command:interface {}(nil), Term:0, Index:0}
075396 LEAD S0: prevLog &raft.Entry{Command:interface {}(nil), Term:0, Index:0}
075397 INFO S2: (term 1) follower 收到 [0] AppendEntries [], prevIndex 0, prevTerm 0
075397 INFO S1: (term 1) follower 收到 [0] AppendEntries [], prevIndex 0, prevTerm 0
075397 LEAD S0: 1 append success next 1 match 0
075397 LEAD S0: 2 append success next 1 match 0
076400 LEAD S0: prevLog &raft.Entry{Command:interface {}(nil), Term:0, Index:0}
076401 LEAD S0: prevLog &raft.Entry{Command:interface {}(nil), Term:0, Index:0}
076401 INFO S1: (term 1) follower 收到 [0] AppendEntries [], prevIndex 0, prevTerm 0
076401 INFO S2: (term 1) follower 收到 [0] AppendEntries [], prevIndex 0, prevTerm 0
076402 LEAD S0: 1 append success next 1 match 0
076402 LEAD S0: 2 append success next 1 match 0
077405 LEAD S0: prevLog &raft.Entry{Command:interface {}(nil), Term:0, Index:0}
077405 LEAD S0: prevLog &raft.Entry{Command:interface {}(nil), Term:0, Index:0}
077406 INFO S1: (term 1) follower 收到 [0] AppendEntries [], prevIndex 0, prevTerm 0
077406 INFO S2: (term 1) follower 收到 [0] AppendEntries [], prevIndex 0, prevTerm 0
077406 LEAD S0: 2 append success next 1 match 0
077407 LEAD S0: 1 append success next 1 match 0
078410 LEAD S0: prevLog &raft.Entry{Command:interface {}(nil), Term:0, Index:0}
078410 LEAD S0: prevLog &raft.Entry{Command:interface {}(nil), Term:0, Index:0}
078411 INFO S2: (term 1) follower 收到 [0] AppendEntries [], prevIndex 0, prevTerm 0
078411 INFO S1: (term 1) follower 收到 [0] AppendEntries [], prevIndex 0, prevTerm 0
078411 LEAD S0: 2 append success next 1 match 0
078411 LEAD S0: 1 append success next 1 match 0
079413 LEAD S0: prevLog &raft.Entry{Command:interface {}(nil), Term:0, Index:0}
079413 LEAD S0: prevLog &raft.Entry{Command:interface {}(nil), Term:0, Index:0}
079414 INFO S1: (term 1) follower 收到 [0] AppendEntries [], prevIndex 0, prevTerm 0
079414 INFO S2: (term 1) follower 收到 [0] AppendEntries [], prevIndex 0, prevTerm 0
079414 LEAD S0: 1 append success next 1 match 0
079414 LEAD S0: 2 append success next 1 match 0
080419 LEAD S0: prevLog &raft.Entry{Command:interface {}(nil), Term:0, Index:0}
080419 LEAD S0: prevLog &raft.Entry{Command:interface {}(nil), Term:0, Index:0}
080421 INFO S2: (term 1) follower 收到 [0] AppendEntries [], prevIndex 0, prevTerm 0
080421 INFO S1: (term 1) follower 收到 [0] AppendEntries [], prevIndex 0, prevTerm 0
080422 LEAD S0: 2 append success next 1 match 0
080422 LEAD S0: 1 append success next 1 match 0
081429 LEAD S0: prevLog &raft.Entry{Command:interface {}(nil), Term:0, Index:0}
081429 LEAD S0: prevLog &raft.Entry{Command:interface {}(nil), Term:0, Index:0}
081430 INFO S2: (term 1) follower 收到 [0] AppendEntries [], prevIndex 0, prevTerm 0
081431 INFO S1: (term 1) follower 收到 [0] AppendEntries [], prevIndex 0, prevTerm 0
081431 LEAD S0: 2 append success next 1 match 0
081432 LEAD S0: 1 append success next 1 match 0
082432 LEAD S0: prevLog &raft.Entry{Command:interface {}(nil), Term:0, Index:0}
082433 LEAD S0: prevLog &raft.Entry{Command:interface {}(nil), Term:0, Index:0}
082434 INFO S1: (term 1) follower 收到 [0] AppendEntries [], prevIndex 0, prevTerm 0
082434 INFO S2: (term 1) follower 收到 [0] AppendEntries [], prevIndex 0, prevTerm 0
082434 LEAD S0: 1 append success next 1 match 0
082435 LEAD S0: 2 append success next 1 match 0
083440 LEAD S0: prevLog &raft.Entry{Command:interface {}(nil), Term:0, Index:0}
083440 LEAD S0: prevLog &raft.Entry{Command:interface {}(nil), Term:0, Index:0}
083441 INFO S2: (term 1) follower 收到 [0] AppendEntries [], prevIndex 0, prevTerm 0
083441 INFO S1: (term 1) follower 收到 [0] AppendEntries [], prevIndex 0, prevTerm 0
083441 LEAD S0: 2 append success next 1 match 0
083441 LEAD S0: 1 append success next 1 match 0
084444 LEAD S0: prevLog &raft.Entry{Command:interface {}(nil), Term:0, Index:0}
084444 LEAD S0: prevLog &raft.Entry{Command:interface {}(nil), Term:0, Index:0}
084445 INFO S1: (term 1) follower 收到 [0] AppendEntries [], prevIndex 0, prevTerm 0
084445 INFO S2: (term 1) follower 收到 [0] AppendEntries [], prevIndex 0, prevTerm 0
084445 LEAD S0: 1 append success next 1 match 0
084445 LEAD S0: 2 append success next 1 match 0
085448 LEAD S0: prevLog &raft.Entry{Command:interface {}(nil), Term:0, Index:0}
085448 LEAD S0: prevLog &raft.Entry{Command:interface {}(nil), Term:0, Index:0}
085448 INFO S2: (term 1) follower 收到 [0] AppendEntries [], prevIndex 0, prevTerm 0
085449 INFO S1: (term 1) follower 收到 [0] AppendEntries [], prevIndex 0, prevTerm 0
085449 LEAD S0: 2 append success next 1 match 0
085450 LEAD S0: 1 append success next 1 match 0
086453 LEAD S0: prevLog &raft.Entry{Command:interface {}(nil), Term:0, Index:0}
086453 LEAD S0: prevLog &raft.Entry{Command:interface {}(nil), Term:0, Index:0}
086454 INFO S1: (term 1) follower 收到 [0] AppendEntries [], prevIndex 0, prevTerm 0
086453 INFO S2: (term 1) follower 收到 [0] AppendEntries [], prevIndex 0, prevTerm 0
086454 LEAD S0: 1 append success next 1 match 0
086454 LEAD S0: 2 append success next 1 match 0
087457 LEAD S0: prevLog &raft.Entry{Command:interface {}(nil), Term:0, Index:0}
087457 LEAD S0: prevLog &raft.Entry{Command:interface {}(nil), Term:0, Index:0}
087458 INFO S1: (term 1) follower 收到 [0] AppendEntries [], prevIndex 0, prevTerm 0
087458 INFO S2: (term 1) follower 收到 [0] AppendEntries [], prevIndex 0, prevTerm 0
087458 LEAD S0: 2 append success next 1 match 0
087458 LEAD S0: 1 append success next 1 match 0
088461 LEAD S0: prevLog &raft.Entry{Command:interface {}(nil), Term:0, Index:0}
088462 LEAD S0: prevLog &raft.Entry{Command:interface {}(nil), Term:0, Index:0}
088463 INFO S1: (term 1) follower 收到 [0] AppendEntries [], prevIndex 0, prevTerm 0
088463 INFO S2: (term 1) follower 收到 [0] AppendEntries [], prevIndex 0, prevTerm 0
088463 LEAD S0: 1 append success next 1 match 0
088463 LEAD S0: 2 append success next 1 match 0
089465 LEAD S0: prevLog &raft.Entry{Command:interface {}(nil), Term:0, Index:0}
089465 LEAD S0: prevLog &raft.Entry{Command:interface {}(nil), Term:0, Index:0}
089466 INFO S1: (term 1) follower 收到 [0] AppendEntries [], prevIndex 0, prevTerm 0
089466 INFO S2: (term 1) follower 收到 [0] AppendEntries [], prevIndex 0, prevTerm 0
089466 LEAD S0: 1 append success next 1 match 0
089467 LEAD S0: 2 append success next 1 match 0
090469 LEAD S0: prevLog &raft.Entry{Command:interface {}(nil), Term:0, Index:0}
090470 LEAD S0: prevLog &raft.Entry{Command:interface {}(nil), Term:0, Index:0}
090470 INFO S2: (term 1) follower 收到 [0] AppendEntries [], prevIndex 0, prevTerm 0
090470 INFO S1: (term 1) follower 收到 [0] AppendEntries [], prevIndex 0, prevTerm 0
090471 LEAD S0: 2 append success next 1 match 0
090471 LEAD S0: 1 append success next 1 match 0
091473 LEAD S0: prevLog &raft.Entry{Command:interface {}(nil), Term:0, Index:0}
091474 LEAD S0: prevLog &raft.Entry{Command:interface {}(nil), Term:0, Index:0}
091474 INFO S2: (term 1) follower 收到 [0] AppendEntries [], prevIndex 0, prevTerm 0
091474 INFO S1: (term 1) follower 收到 [0] AppendEntries [], prevIndex 0, prevTerm 0
091475 LEAD S0: 2 append success next 1 match 0
091475 LEAD S0: 1 append success next 1 match 0
092478 LEAD S0: prevLog &raft.Entry{Command:interface {}(nil), Term:0, Index:0}
092478 LEAD S0: prevLog &raft.Entry{Command:interface {}(nil), Term:0, Index:0}
092478 INFO S2: (term 1) follower 收到 [0] AppendEntries [], prevIndex 0, prevTerm 0
092478 INFO S1: (term 1) follower 收到 [0] AppendEntries [], prevIndex 0, prevTerm 0
092479 LEAD S0: 2 append success next 1 match 0
092479 LEAD S0: 1 append success next 1 match 0
093481 LEAD S0: prevLog &raft.Entry{Command:interface {}(nil), Term:0, Index:0}
093481 LEAD S0: prevLog &raft.Entry{Command:interface {}(nil), Term:0, Index:0}
093482 INFO S2: (term 1) follower 收到 [0] AppendEntries [], prevIndex 0, prevTerm 0
093482 INFO S1: (term 1) follower 收到 [0] AppendEntries [], prevIndex 0, prevTerm 0
093482 LEAD S0: 1 append success next 1 match 0
093482 LEAD S0: 2 append success next 1 match 0
094485 LEAD S0: prevLog &raft.Entry{Command:interface {}(nil), Term:0, Index:0}
094485 LEAD S0: prevLog &raft.Entry{Command:interface {}(nil), Term:0, Index:0}
094486 INFO S2: (term 1) follower 收到 [0] AppendEntries [], prevIndex 0, prevTerm 0
094486 INFO S1: (term 1) follower 收到 [0] AppendEntries [], prevIndex 0, prevTerm 0
094486 LEAD S0: 1 append success next 1 match 0
094486 LEAD S0: 2 append success next 1 match 0
095488 LEAD S0: prevLog &raft.Entry{Command:interface {}(nil), Term:0, Index:0}
095488 LEAD S0: prevLog &raft.Entry{Command:interface {}(nil), Term:0, Index:0}
095489 INFO S2: (term 1) follower 收到 [0] AppendEntries [], prevIndex 0, prevTerm 0
095489 INFO S1: (term 1) follower 收到 [0] AppendEntries [], prevIndex 0, prevTerm 0
095489 LEAD S0: 1 append success next 1 match 0
095489 LEAD S0: 2 append success next 1 match 0
096492 LEAD S0: prevLog &raft.Entry{Command:interface {}(nil), Term:0, Index:0}
096492 LEAD S0: prevLog &raft.Entry{Command:interface {}(nil), Term:0, Index:0}
096492 INFO S2: (term 1) follower 收到 [0] AppendEntries [], prevIndex 0, prevTerm 0
096493 INFO S1: (term 1) follower 收到 [0] AppendEntries [], prevIndex 0, prevTerm 0
096493 LEAD S0: 2 append success next 1 match 0
096493 LEAD S0: 1 append success next 1 match 0
097496 LEAD S0: prevLog &raft.Entry{Command:interface {}(nil), Term:0, Index:0}
097496 LEAD S0: prevLog &raft.Entry{Command:interface {}(nil), Term:0, Index:0}
097497 INFO S2: (term 1) follower 收到 [0] AppendEntries [], prevIndex 0, prevTerm 0
097498 LEAD S0: 2 append success next 1 match 0
097498 INFO S1: (term 1) follower 收到 [0] AppendEntries [], prevIndex 0, prevTerm 0
097498 LEAD S0: 1 append success next 1 match 0
098504 LEAD S0: prevLog &raft.Entry{Command:interface {}(nil), Term:0, Index:0}
098504 LEAD S0: prevLog &raft.Entry{Command:interface {}(nil), Term:0, Index:0}
098506 INFO S2: (term 1) follower 收到 [0] AppendEntries [], prevIndex 0, prevTerm 0
098508 LEAD S0: 2 append success next 1 match 0
098508 INFO S1: (term 1) follower 收到 [0] AppendEntries [], prevIndex 0, prevTerm 0
098510 LEAD S0: 1 append success next 1 match 0
099512 LEAD S0: prevLog &raft.Entry{Command:interface {}(nil), Term:0, Index:0}
099512 LEAD S0: prevLog &raft.Entry{Command:interface {}(nil), Term:0, Index:0}
099513 INFO S2: (term 1) follower 收到 [0] AppendEntries [], prevIndex 0, prevTerm 0
099513 INFO S1: (term 1) follower 收到 [0] AppendEntries [], prevIndex 0, prevTerm 0
099513 LEAD S0: 1 append success next 1 match 0
099513 LEAD S0: 2 append success next 1 match 0
--- FAIL: TestPersist12C (10.00s)
    config.go:609: one(11) failed to reach agreement
FAIL
exit status 1
FAIL	6.824/raft	10.001s
