Test (2C): basic persistence ...
003015 INFO S2: start leader election, term 1
003015 INFO S1: start leader election, term 1
003015 VOTE S1: term 1 send vote request to 2
003016 VOTE S2: term 1 send vote request to 1
003016 VOTE S2: term 1 send vote request to 0
003016 VOTE S1: term 1 send vote request to 0
003016 TERM S0: set new term 1
003017 VOTE S0: term 1 vote 1
003017 VOTE S2: 1 没有投给me，结束
003017 VOTE S1: reply from 0, term一致，且投给1
003017 LEAD S1: come to power, start to send heartbeat
003017 LEAD S1: prevLog &raft.Entry{Command:interface {}(nil), Term:0, Index:0}
003017 LEAD S1: prevLog &raft.Entry{Command:interface {}(nil), Term:0, Index:0}
003017 VOTE S1: 2 没有投给me，结束
003018 INFO S2: (term 1) follower 收到 [1] AppendEntries [], prevIndex 0, prevTerm 0
003018 LEAD S1: 2 append success next 1 match 0
003018 VOTE S2: 0 没有投给me，结束
003018 INFO S0: (term 1) follower 收到 [1] AppendEntries [], prevIndex 0, prevTerm 0
003018 LEAD S1: 0 append success next 1 match 0
004019 LEAD S1: prevLog &raft.Entry{Command:interface {}(nil), Term:0, Index:0}
004019 LEAD S1: prevLog &raft.Entry{Command:interface {}(nil), Term:0, Index:0}
004020 INFO S2: (term 1) follower 收到 [1] AppendEntries [], prevIndex 0, prevTerm 0
004020 LEAD S1: 2 append success next 1 match 0
004020 INFO S0: (term 1) follower 收到 [1] AppendEntries [], prevIndex 0, prevTerm 0
004020 LEAD S1: 0 append success next 1 match 0
005022 LEAD S1: prevLog &raft.Entry{Command:interface {}(nil), Term:0, Index:0}
005022 LEAD S1: prevLog &raft.Entry{Command:interface {}(nil), Term:0, Index:0}
005023 INFO S2: (term 1) follower 收到 [1] AppendEntries [], prevIndex 0, prevTerm 0
005023 INFO S0: (term 1) follower 收到 [1] AppendEntries [], prevIndex 0, prevTerm 0
005023 LEAD S1: 0 append success next 1 match 0
005023 LEAD S1: 2 append success next 1 match 0
006027 LEAD S1: prevLog &raft.Entry{Command:interface {}(nil), Term:0, Index:0}
006028 LEAD S1: prevLog &raft.Entry{Command:interface {}(nil), Term:0, Index:0}
006029 INFO S2: (term 1) follower 收到 [1] AppendEntries [], prevIndex 0, prevTerm 0
006030 INFO S0: (term 1) follower 收到 [1] AppendEntries [], prevIndex 0, prevTerm 0
006030 LEAD S1: 2 append success next 1 match 0
006031 LEAD S1: 0 append success next 1 match 0
007032 LEAD S1: prevLog &raft.Entry{Command:interface {}(nil), Term:0, Index:0}
007033 LEAD S1: prevLog &raft.Entry{Command:interface {}(nil), Term:0, Index:0}
007037 INFO S0: (term 1) follower 收到 [1] AppendEntries [], prevIndex 0, prevTerm 0
007037 INFO S2: (term 1) follower 收到 [1] AppendEntries [], prevIndex 0, prevTerm 0
007038 LEAD S1: 0 append success next 1 match 0
007039 LEAD S1: 2 append success next 1 match 0
008042 LEAD S1: prevLog &raft.Entry{Command:interface {}(nil), Term:0, Index:0}
008043 LEAD S1: prevLog &raft.Entry{Command:interface {}(nil), Term:0, Index:0}
008045 INFO S2: (term 1) follower 收到 [1] AppendEntries [], prevIndex 0, prevTerm 0
008046 INFO S0: (term 1) follower 收到 [1] AppendEntries [], prevIndex 0, prevTerm 0
008047 LEAD S1: 2 append success next 1 match 0
008047 LEAD S1: 0 append success next 1 match 0
009050 LEAD S1: prevLog &raft.Entry{Command:interface {}(nil), Term:0, Index:0}
009050 LEAD S1: prevLog &raft.Entry{Command:interface {}(nil), Term:0, Index:0}
009052 INFO S2: (term 1) follower 收到 [1] AppendEntries [], prevIndex 0, prevTerm 0
009052 INFO S0: (term 1) follower 收到 [1] AppendEntries [], prevIndex 0, prevTerm 0
009053 LEAD S1: 2 append success next 1 match 0
009053 LEAD S1: 0 append success next 1 match 0
010056 LEAD S1: prevLog &raft.Entry{Command:interface {}(nil), Term:0, Index:0}
010056 LEAD S1: prevLog &raft.Entry{Command:interface {}(nil), Term:0, Index:0}
010058 INFO S2: (term 1) follower 收到 [1] AppendEntries [], prevIndex 0, prevTerm 0
010058 INFO S0: (term 1) follower 收到 [1] AppendEntries [], prevIndex 0, prevTerm 0
010058 LEAD S1: 2 append success next 1 match 0
010058 LEAD S1: 0 append success next 1 match 0
011061 LEAD S1: prevLog &raft.Entry{Command:interface {}(nil), Term:0, Index:0}
011062 LEAD S1: prevLog &raft.Entry{Command:interface {}(nil), Term:0, Index:0}
011065 INFO S2: (term 1) follower 收到 [1] AppendEntries [], prevIndex 0, prevTerm 0
011066 LEAD S1: 2 append success next 1 match 0
011067 INFO S0: (term 1) follower 收到 [1] AppendEntries [], prevIndex 0, prevTerm 0
011069 LEAD S1: 0 append success next 1 match 0
012064 LEAD S1: prevLog &raft.Entry{Command:interface {}(nil), Term:0, Index:0}
012065 LEAD S1: prevLog &raft.Entry{Command:interface {}(nil), Term:0, Index:0}
012065 INFO S2: (term 1) follower 收到 [1] AppendEntries [], prevIndex 0, prevTerm 0
012066 LEAD S1: 2 append success next 1 match 0
012066 INFO S0: (term 1) follower 收到 [1] AppendEntries [], prevIndex 0, prevTerm 0
012066 LEAD S1: 0 append success next 1 match 0
013069 LEAD S1: prevLog &raft.Entry{Command:interface {}(nil), Term:0, Index:0}
013069 LEAD S1: prevLog &raft.Entry{Command:interface {}(nil), Term:0, Index:0}
013070 INFO S2: (term 1) follower 收到 [1] AppendEntries [], prevIndex 0, prevTerm 0
013070 LEAD S1: 2 append success next 1 match 0
013070 INFO S0: (term 1) follower 收到 [1] AppendEntries [], prevIndex 0, prevTerm 0
013071 LEAD S1: 0 append success next 1 match 0
014072 LEAD S1: prevLog &raft.Entry{Command:interface {}(nil), Term:0, Index:0}
014072 LEAD S1: prevLog &raft.Entry{Command:interface {}(nil), Term:0, Index:0}
014073 INFO S2: (term 1) follower 收到 [1] AppendEntries [], prevIndex 0, prevTerm 0
014073 LEAD S1: 2 append success next 1 match 0
014074 INFO S0: (term 1) follower 收到 [1] AppendEntries [], prevIndex 0, prevTerm 0
014074 LEAD S1: 0 append success next 1 match 0
015075 LEAD S1: prevLog &raft.Entry{Command:interface {}(nil), Term:0, Index:0}
015075 LEAD S1: prevLog &raft.Entry{Command:interface {}(nil), Term:0, Index:0}
015076 INFO S2: (term 1) follower 收到 [1] AppendEntries [], prevIndex 0, prevTerm 0
015076 INFO S0: (term 1) follower 收到 [1] AppendEntries [], prevIndex 0, prevTerm 0
015076 LEAD S1: 2 append success next 1 match 0
015076 LEAD S1: 0 append success next 1 match 0
016079 LEAD S1: prevLog &raft.Entry{Command:interface {}(nil), Term:0, Index:0}
016079 LEAD S1: prevLog &raft.Entry{Command:interface {}(nil), Term:0, Index:0}
016080 INFO S0: (term 1) follower 收到 [1] AppendEntries [], prevIndex 0, prevTerm 0
016080 LEAD S1: 0 append success next 1 match 0
016081 INFO S2: (term 1) follower 收到 [1] AppendEntries [], prevIndex 0, prevTerm 0
016081 LEAD S1: 2 append success next 1 match 0
017084 LEAD S1: prevLog &raft.Entry{Command:interface {}(nil), Term:0, Index:0}
017084 LEAD S1: prevLog &raft.Entry{Command:interface {}(nil), Term:0, Index:0}
017086 INFO S0: (term 1) follower 收到 [1] AppendEntries [], prevIndex 0, prevTerm 0
017086 INFO S2: (term 1) follower 收到 [1] AppendEntries [], prevIndex 0, prevTerm 0
017086 LEAD S1: 0 append success next 1 match 0
017087 LEAD S1: 2 append success next 1 match 0
018085 LEAD S1: prevLog &raft.Entry{Command:interface {}(nil), Term:0, Index:0}
018085 LEAD S1: prevLog &raft.Entry{Command:interface {}(nil), Term:0, Index:0}
018087 INFO S0: (term 1) follower 收到 [1] AppendEntries [], prevIndex 0, prevTerm 0
018087 INFO S2: (term 1) follower 收到 [1] AppendEntries [], prevIndex 0, prevTerm 0
018087 LEAD S1: 0 append success next 1 match 0
018087 LEAD S1: 2 append success next 1 match 0
019090 LEAD S1: prevLog &raft.Entry{Command:interface {}(nil), Term:0, Index:0}
019090 LEAD S1: prevLog &raft.Entry{Command:interface {}(nil), Term:0, Index:0}
019091 INFO S2: (term 1) follower 收到 [1] AppendEntries [], prevIndex 0, prevTerm 0
019091 LEAD S1: 2 append success next 1 match 0
019091 INFO S0: (term 1) follower 收到 [1] AppendEntries [], prevIndex 0, prevTerm 0
019091 LEAD S1: 0 append success next 1 match 0
020096 LEAD S1: prevLog &raft.Entry{Command:interface {}(nil), Term:0, Index:0}
020096 LEAD S1: prevLog &raft.Entry{Command:interface {}(nil), Term:0, Index:0}
020097 INFO S2: (term 1) follower 收到 [1] AppendEntries [], prevIndex 0, prevTerm 0
020097 LEAD S1: 2 append success next 1 match 0
020097 INFO S0: (term 1) follower 收到 [1] AppendEntries [], prevIndex 0, prevTerm 0
020098 LEAD S1: 0 append success next 1 match 0
021103 LEAD S1: prevLog &raft.Entry{Command:interface {}(nil), Term:0, Index:0}
021104 LEAD S1: prevLog &raft.Entry{Command:interface {}(nil), Term:0, Index:0}
021105 INFO S2: (term 1) follower 收到 [1] AppendEntries [], prevIndex 0, prevTerm 0
021107 LEAD S1: 2 append success next 1 match 0
021108 INFO S0: (term 1) follower 收到 [1] AppendEntries [], prevIndex 0, prevTerm 0
021110 LEAD S1: 0 append success next 1 match 0
022112 LEAD S1: prevLog &raft.Entry{Command:interface {}(nil), Term:0, Index:0}
022113 LEAD S1: prevLog &raft.Entry{Command:interface {}(nil), Term:0, Index:0}
022116 INFO S2: (term 1) follower 收到 [1] AppendEntries [], prevIndex 0, prevTerm 0
022116 INFO S0: (term 1) follower 收到 [1] AppendEntries [], prevIndex 0, prevTerm 0
022118 LEAD S1: 2 append success next 1 match 0
022118 LEAD S1: 0 append success next 1 match 0
023120 LEAD S1: prevLog &raft.Entry{Command:interface {}(nil), Term:0, Index:0}
023120 LEAD S1: prevLog &raft.Entry{Command:interface {}(nil), Term:0, Index:0}
023121 INFO S2: (term 1) follower 收到 [1] AppendEntries [], prevIndex 0, prevTerm 0
023121 LEAD S1: 2 append success next 1 match 0
023121 INFO S0: (term 1) follower 收到 [1] AppendEntries [], prevIndex 0, prevTerm 0
023121 LEAD S1: 0 append success next 1 match 0
024124 LEAD S1: prevLog &raft.Entry{Command:interface {}(nil), Term:0, Index:0}
024124 LEAD S1: prevLog &raft.Entry{Command:interface {}(nil), Term:0, Index:0}
024125 INFO S2: (term 1) follower 收到 [1] AppendEntries [], prevIndex 0, prevTerm 0
024126 LEAD S1: 2 append success next 1 match 0
024126 INFO S0: (term 1) follower 收到 [1] AppendEntries [], prevIndex 0, prevTerm 0
024126 LEAD S1: 0 append success next 1 match 0
025128 LEAD S1: prevLog &raft.Entry{Command:interface {}(nil), Term:0, Index:0}
025129 LEAD S1: prevLog &raft.Entry{Command:interface {}(nil), Term:0, Index:0}
025129 INFO S2: (term 1) follower 收到 [1] AppendEntries [], prevIndex 0, prevTerm 0
025129 LEAD S1: 2 append success next 1 match 0
025130 INFO S0: (term 1) follower 收到 [1] AppendEntries [], prevIndex 0, prevTerm 0
025130 LEAD S1: 0 append success next 1 match 0
026138 LEAD S1: prevLog &raft.Entry{Command:interface {}(nil), Term:0, Index:0}
026138 LEAD S1: prevLog &raft.Entry{Command:interface {}(nil), Term:0, Index:0}
026140 INFO S2: (term 1) follower 收到 [1] AppendEntries [], prevIndex 0, prevTerm 0
026142 LEAD S1: 2 append success next 1 match 0
026142 INFO S0: (term 1) follower 收到 [1] AppendEntries [], prevIndex 0, prevTerm 0
026144 LEAD S1: 0 append success next 1 match 0
027141 LEAD S1: prevLog &raft.Entry{Command:interface {}(nil), Term:0, Index:0}
027142 LEAD S1: prevLog &raft.Entry{Command:interface {}(nil), Term:0, Index:0}
027144 INFO S2: (term 1) follower 收到 [1] AppendEntries [], prevIndex 0, prevTerm 0
027145 LEAD S1: 2 append success next 1 match 0
027145 INFO S0: (term 1) follower 收到 [1] AppendEntries [], prevIndex 0, prevTerm 0
027147 LEAD S1: 0 append success next 1 match 0
028142 LEAD S1: prevLog &raft.Entry{Command:interface {}(nil), Term:0, Index:0}
028142 LEAD S1: prevLog &raft.Entry{Command:interface {}(nil), Term:0, Index:0}
028143 INFO S2: (term 1) follower 收到 [1] AppendEntries [], prevIndex 0, prevTerm 0
028143 LEAD S1: 2 append success next 1 match 0
028143 INFO S0: (term 1) follower 收到 [1] AppendEntries [], prevIndex 0, prevTerm 0
028144 LEAD S1: 0 append success next 1 match 0
029147 LEAD S1: prevLog &raft.Entry{Command:interface {}(nil), Term:0, Index:0}
029148 LEAD S1: prevLog &raft.Entry{Command:interface {}(nil), Term:0, Index:0}
029148 INFO S2: (term 1) follower 收到 [1] AppendEntries [], prevIndex 0, prevTerm 0
029149 LEAD S1: 2 append success next 1 match 0
029149 INFO S0: (term 1) follower 收到 [1] AppendEntries [], prevIndex 0, prevTerm 0
029149 LEAD S1: 0 append success next 1 match 0
030154 LEAD S1: prevLog &raft.Entry{Command:interface {}(nil), Term:0, Index:0}
030154 LEAD S1: prevLog &raft.Entry{Command:interface {}(nil), Term:0, Index:0}
030155 INFO S2: (term 1) follower 收到 [1] AppendEntries [], prevIndex 0, prevTerm 0
030155 LEAD S1: 2 append success next 1 match 0
030155 INFO S0: (term 1) follower 收到 [1] AppendEntries [], prevIndex 0, prevTerm 0
030156 LEAD S1: 0 append success next 1 match 0
031160 LEAD S1: prevLog &raft.Entry{Command:interface {}(nil), Term:0, Index:0}
031160 LEAD S1: prevLog &raft.Entry{Command:interface {}(nil), Term:0, Index:0}
031161 INFO S2: (term 1) follower 收到 [1] AppendEntries [], prevIndex 0, prevTerm 0
031161 LEAD S1: 2 append success next 1 match 0
031161 INFO S0: (term 1) follower 收到 [1] AppendEntries [], prevIndex 0, prevTerm 0
031162 LEAD S1: 0 append success next 1 match 0
032165 LEAD S1: prevLog &raft.Entry{Command:interface {}(nil), Term:0, Index:0}
032165 LEAD S1: prevLog &raft.Entry{Command:interface {}(nil), Term:0, Index:0}
032166 INFO S2: (term 1) follower 收到 [1] AppendEntries [], prevIndex 0, prevTerm 0
032166 LEAD S1: 2 append success next 1 match 0
032167 INFO S0: (term 1) follower 收到 [1] AppendEntries [], prevIndex 0, prevTerm 0
032167 LEAD S1: 0 append success next 1 match 0
033170 LEAD S1: prevLog &raft.Entry{Command:interface {}(nil), Term:0, Index:0}
033170 LEAD S1: prevLog &raft.Entry{Command:interface {}(nil), Term:0, Index:0}
033171 INFO S2: (term 1) follower 收到 [1] AppendEntries [], prevIndex 0, prevTerm 0
033171 LEAD S1: 2 append success next 1 match 0
033171 INFO S0: (term 1) follower 收到 [1] AppendEntries [], prevIndex 0, prevTerm 0
033172 LEAD S1: 0 append success next 1 match 0
034175 LEAD S1: prevLog &raft.Entry{Command:interface {}(nil), Term:0, Index:0}
034175 LEAD S1: prevLog &raft.Entry{Command:interface {}(nil), Term:0, Index:0}
034176 INFO S2: (term 1) follower 收到 [1] AppendEntries [], prevIndex 0, prevTerm 0
034176 LEAD S1: 2 append success next 1 match 0
034176 INFO S0: (term 1) follower 收到 [1] AppendEntries [], prevIndex 0, prevTerm 0
034176 LEAD S1: 0 append success next 1 match 0
035179 LEAD S1: prevLog &raft.Entry{Command:interface {}(nil), Term:0, Index:0}
035180 LEAD S1: prevLog &raft.Entry{Command:interface {}(nil), Term:0, Index:0}
035180 INFO S2: (term 1) follower 收到 [1] AppendEntries [], prevIndex 0, prevTerm 0
035181 LEAD S1: 2 append success next 1 match 0
035181 INFO S0: (term 1) follower 收到 [1] AppendEntries [], prevIndex 0, prevTerm 0
035181 LEAD S1: 0 append success next 1 match 0
036185 LEAD S1: prevLog &raft.Entry{Command:interface {}(nil), Term:0, Index:0}
036185 LEAD S1: prevLog &raft.Entry{Command:interface {}(nil), Term:0, Index:0}
036186 INFO S2: (term 1) follower 收到 [1] AppendEntries [], prevIndex 0, prevTerm 0
036187 INFO S0: (term 1) follower 收到 [1] AppendEntries [], prevIndex 0, prevTerm 0
036187 LEAD S1: 2 append success next 1 match 0
036188 LEAD S1: 0 append success next 1 match 0
037196 LEAD S1: prevLog &raft.Entry{Command:interface {}(nil), Term:0, Index:0}
037196 LEAD S1: prevLog &raft.Entry{Command:interface {}(nil), Term:0, Index:0}
037198 INFO S2: (term 1) follower 收到 [1] AppendEntries [], prevIndex 0, prevTerm 0
037198 INFO S0: (term 1) follower 收到 [1] AppendEntries [], prevIndex 0, prevTerm 0
037199 LEAD S1: 2 append success next 1 match 0
037200 LEAD S1: 0 append success next 1 match 0
038197 LEAD S1: prevLog &raft.Entry{Command:interface {}(nil), Term:0, Index:0}
038197 LEAD S1: prevLog &raft.Entry{Command:interface {}(nil), Term:0, Index:0}
038198 INFO S2: (term 1) follower 收到 [1] AppendEntries [], prevIndex 0, prevTerm 0
038199 LEAD S1: 2 append success next 1 match 0
038199 INFO S0: (term 1) follower 收到 [1] AppendEntries [], prevIndex 0, prevTerm 0
038200 LEAD S1: 0 append success next 1 match 0
039203 LEAD S1: prevLog &raft.Entry{Command:interface {}(nil), Term:0, Index:0}
039203 LEAD S1: prevLog &raft.Entry{Command:interface {}(nil), Term:0, Index:0}
039204 INFO S2: (term 1) follower 收到 [1] AppendEntries [], prevIndex 0, prevTerm 0
039204 INFO S0: (term 1) follower 收到 [1] AppendEntries [], prevIndex 0, prevTerm 0
039204 LEAD S1: 2 append success next 1 match 0
039205 LEAD S1: 0 append success next 1 match 0
040211 LEAD S1: prevLog &raft.Entry{Command:interface {}(nil), Term:0, Index:0}
040211 LEAD S1: prevLog &raft.Entry{Command:interface {}(nil), Term:0, Index:0}
040212 INFO S2: (term 1) follower 收到 [1] AppendEntries [], prevIndex 0, prevTerm 0
040212 INFO S0: (term 1) follower 收到 [1] AppendEntries [], prevIndex 0, prevTerm 0
040213 LEAD S1: 2 append success next 1 match 0
040213 LEAD S1: 0 append success next 1 match 0
041219 LEAD S1: prevLog &raft.Entry{Command:interface {}(nil), Term:0, Index:0}
041219 LEAD S1: prevLog &raft.Entry{Command:interface {}(nil), Term:0, Index:0}
041220 INFO S2: (term 1) follower 收到 [1] AppendEntries [], prevIndex 0, prevTerm 0
041221 INFO S0: (term 1) follower 收到 [1] AppendEntries [], prevIndex 0, prevTerm 0
041221 LEAD S1: 2 append success next 1 match 0
041221 LEAD S1: 0 append success next 1 match 0
042228 LEAD S1: prevLog &raft.Entry{Command:interface {}(nil), Term:0, Index:0}
042229 LEAD S1: prevLog &raft.Entry{Command:interface {}(nil), Term:0, Index:0}
042231 INFO S2: (term 1) follower 收到 [1] AppendEntries [], prevIndex 0, prevTerm 0
042232 INFO S0: (term 1) follower 收到 [1] AppendEntries [], prevIndex 0, prevTerm 0
042233 LEAD S1: 2 append success next 1 match 0
042233 LEAD S1: 0 append success next 1 match 0
043230 LEAD S1: prevLog &raft.Entry{Command:interface {}(nil), Term:0, Index:0}
043231 LEAD S1: prevLog &raft.Entry{Command:interface {}(nil), Term:0, Index:0}
043231 INFO S2: (term 1) follower 收到 [1] AppendEntries [], prevIndex 0, prevTerm 0
043231 INFO S0: (term 1) follower 收到 [1] AppendEntries [], prevIndex 0, prevTerm 0
043232 LEAD S1: 2 append success next 1 match 0
043232 LEAD S1: 0 append success next 1 match 0
044236 LEAD S1: prevLog &raft.Entry{Command:interface {}(nil), Term:0, Index:0}
044236 LEAD S1: prevLog &raft.Entry{Command:interface {}(nil), Term:0, Index:0}
044236 INFO S2: (term 1) follower 收到 [1] AppendEntries [], prevIndex 0, prevTerm 0
044236 INFO S0: (term 1) follower 收到 [1] AppendEntries [], prevIndex 0, prevTerm 0
044237 LEAD S1: 0 append success next 1 match 0
044237 LEAD S1: 2 append success next 1 match 0
045241 LEAD S1: prevLog &raft.Entry{Command:interface {}(nil), Term:0, Index:0}
045241 LEAD S1: prevLog &raft.Entry{Command:interface {}(nil), Term:0, Index:0}
045242 INFO S2: (term 1) follower 收到 [1] AppendEntries [], prevIndex 0, prevTerm 0
045242 LEAD S1: 2 append success next 1 match 0
045242 INFO S0: (term 1) follower 收到 [1] AppendEntries [], prevIndex 0, prevTerm 0
045243 LEAD S1: 0 append success next 1 match 0
046249 LEAD S1: prevLog &raft.Entry{Command:interface {}(nil), Term:0, Index:0}
046250 LEAD S1: prevLog &raft.Entry{Command:interface {}(nil), Term:0, Index:0}
046252 INFO S0: (term 1) follower 收到 [1] AppendEntries [], prevIndex 0, prevTerm 0
046253 INFO S2: (term 1) follower 收到 [1] AppendEntries [], prevIndex 0, prevTerm 0
046253 LEAD S1: 0 append success next 1 match 0
046255 LEAD S1: 2 append success next 1 match 0
047259 LEAD S1: prevLog &raft.Entry{Command:interface {}(nil), Term:0, Index:0}
047259 LEAD S1: prevLog &raft.Entry{Command:interface {}(nil), Term:0, Index:0}
047260 INFO S2: (term 1) follower 收到 [1] AppendEntries [], prevIndex 0, prevTerm 0
047260 LEAD S1: 2 append success next 1 match 0
047261 INFO S0: (term 1) follower 收到 [1] AppendEntries [], prevIndex 0, prevTerm 0
047261 LEAD S1: 0 append success next 1 match 0
048264 LEAD S1: prevLog &raft.Entry{Command:interface {}(nil), Term:0, Index:0}
048265 LEAD S1: prevLog &raft.Entry{Command:interface {}(nil), Term:0, Index:0}
048265 INFO S2: (term 1) follower 收到 [1] AppendEntries [], prevIndex 0, prevTerm 0
048266 LEAD S1: 2 append success next 1 match 0
048266 INFO S0: (term 1) follower 收到 [1] AppendEntries [], prevIndex 0, prevTerm 0
048266 LEAD S1: 0 append success next 1 match 0
049269 LEAD S1: prevLog &raft.Entry{Command:interface {}(nil), Term:0, Index:0}
049270 LEAD S1: prevLog &raft.Entry{Command:interface {}(nil), Term:0, Index:0}
049271 INFO S2: (term 1) follower 收到 [1] AppendEntries [], prevIndex 0, prevTerm 0
049272 INFO S0: (term 1) follower 收到 [1] AppendEntries [], prevIndex 0, prevTerm 0
049273 LEAD S1: 2 append success next 1 match 0
049273 LEAD S1: 0 append success next 1 match 0
050276 LEAD S1: prevLog &raft.Entry{Command:interface {}(nil), Term:0, Index:0}
050276 LEAD S1: prevLog &raft.Entry{Command:interface {}(nil), Term:0, Index:0}
050277 INFO S2: (term 1) follower 收到 [1] AppendEntries [], prevIndex 0, prevTerm 0
050277 LEAD S1: 2 append success next 1 match 0
050278 INFO S0: (term 1) follower 收到 [1] AppendEntries [], prevIndex 0, prevTerm 0
050278 LEAD S1: 0 append success next 1 match 0
051282 LEAD S1: prevLog &raft.Entry{Command:interface {}(nil), Term:0, Index:0}
051282 LEAD S1: prevLog &raft.Entry{Command:interface {}(nil), Term:0, Index:0}
051282 INFO S2: (term 1) follower 收到 [1] AppendEntries [], prevIndex 0, prevTerm 0
051283 LEAD S1: 2 append success next 1 match 0
051283 INFO S0: (term 1) follower 收到 [1] AppendEntries [], prevIndex 0, prevTerm 0
051283 LEAD S1: 0 append success next 1 match 0
052291 LEAD S1: prevLog &raft.Entry{Command:interface {}(nil), Term:0, Index:0}
052292 LEAD S1: prevLog &raft.Entry{Command:interface {}(nil), Term:0, Index:0}
052295 INFO S2: (term 1) follower 收到 [1] AppendEntries [], prevIndex 0, prevTerm 0
052296 INFO S0: (term 1) follower 收到 [1] AppendEntries [], prevIndex 0, prevTerm 0
052297 LEAD S1: 2 append success next 1 match 0
052299 LEAD S1: 0 append success next 1 match 0
053293 LEAD S1: prevLog &raft.Entry{Command:interface {}(nil), Term:0, Index:0}
053293 LEAD S1: prevLog &raft.Entry{Command:interface {}(nil), Term:0, Index:0}
053294 INFO S2: (term 1) follower 收到 [1] AppendEntries [], prevIndex 0, prevTerm 0
053295 LEAD S1: 2 append success next 1 match 0
053295 INFO S0: (term 1) follower 收到 [1] AppendEntries [], prevIndex 0, prevTerm 0
053296 LEAD S1: 0 append success next 1 match 0
054299 LEAD S1: prevLog &raft.Entry{Command:interface {}(nil), Term:0, Index:0}
054300 LEAD S1: prevLog &raft.Entry{Command:interface {}(nil), Term:0, Index:0}
054302 INFO S2: (term 1) follower 收到 [1] AppendEntries [], prevIndex 0, prevTerm 0
054303 LEAD S1: 2 append success next 1 match 0
054305 INFO S0: (term 1) follower 收到 [1] AppendEntries [], prevIndex 0, prevTerm 0
054307 LEAD S1: 0 append success next 1 match 0
055302 LEAD S1: prevLog &raft.Entry{Command:interface {}(nil), Term:0, Index:0}
055303 LEAD S1: prevLog &raft.Entry{Command:interface {}(nil), Term:0, Index:0}
055306 INFO S2: (term 1) follower 收到 [1] AppendEntries [], prevIndex 0, prevTerm 0
055307 INFO S0: (term 1) follower 收到 [1] AppendEntries [], prevIndex 0, prevTerm 0
055308 LEAD S1: 2 append success next 1 match 0
055309 LEAD S1: 0 append success next 1 match 0
056307 LEAD S1: prevLog &raft.Entry{Command:interface {}(nil), Term:0, Index:0}
056307 LEAD S1: prevLog &raft.Entry{Command:interface {}(nil), Term:0, Index:0}
056308 INFO S2: (term 1) follower 收到 [1] AppendEntries [], prevIndex 0, prevTerm 0
056308 LEAD S1: 2 append success next 1 match 0
056308 INFO S0: (term 1) follower 收到 [1] AppendEntries [], prevIndex 0, prevTerm 0
056308 LEAD S1: 0 append success next 1 match 0
057312 LEAD S1: prevLog &raft.Entry{Command:interface {}(nil), Term:0, Index:0}
057313 LEAD S1: prevLog &raft.Entry{Command:interface {}(nil), Term:0, Index:0}
057313 INFO S2: (term 1) follower 收到 [1] AppendEntries [], prevIndex 0, prevTerm 0
057313 LEAD S1: 2 append success next 1 match 0
057314 INFO S0: (term 1) follower 收到 [1] AppendEntries [], prevIndex 0, prevTerm 0
057314 LEAD S1: 0 append success next 1 match 0
058318 LEAD S1: prevLog &raft.Entry{Command:interface {}(nil), Term:0, Index:0}
058318 LEAD S1: prevLog &raft.Entry{Command:interface {}(nil), Term:0, Index:0}
058319 INFO S2: (term 1) follower 收到 [1] AppendEntries [], prevIndex 0, prevTerm 0
058319 LEAD S1: 2 append success next 1 match 0
058320 INFO S0: (term 1) follower 收到 [1] AppendEntries [], prevIndex 0, prevTerm 0
058320 LEAD S1: 0 append success next 1 match 0
059323 LEAD S1: prevLog &raft.Entry{Command:interface {}(nil), Term:0, Index:0}
059324 LEAD S1: prevLog &raft.Entry{Command:interface {}(nil), Term:0, Index:0}
059324 INFO S2: (term 1) follower 收到 [1] AppendEntries [], prevIndex 0, prevTerm 0
059325 LEAD S1: 2 append success next 1 match 0
059325 INFO S0: (term 1) follower 收到 [1] AppendEntries [], prevIndex 0, prevTerm 0
059326 LEAD S1: 0 append success next 1 match 0
060329 LEAD S1: prevLog &raft.Entry{Command:interface {}(nil), Term:0, Index:0}
060329 LEAD S1: prevLog &raft.Entry{Command:interface {}(nil), Term:0, Index:0}
060329 INFO S2: (term 1) follower 收到 [1] AppendEntries [], prevIndex 0, prevTerm 0
060330 INFO S0: (term 1) follower 收到 [1] AppendEntries [], prevIndex 0, prevTerm 0
060330 LEAD S1: 2 append success next 1 match 0
060330 LEAD S1: 0 append success next 1 match 0
061334 LEAD S1: prevLog &raft.Entry{Command:interface {}(nil), Term:0, Index:0}
061335 LEAD S1: prevLog &raft.Entry{Command:interface {}(nil), Term:0, Index:0}
061335 INFO S2: (term 1) follower 收到 [1] AppendEntries [], prevIndex 0, prevTerm 0
061336 LEAD S1: 2 append success next 1 match 0
061336 INFO S0: (term 1) follower 收到 [1] AppendEntries [], prevIndex 0, prevTerm 0
061336 LEAD S1: 0 append success next 1 match 0
062340 LEAD S1: prevLog &raft.Entry{Command:interface {}(nil), Term:0, Index:0}
062340 LEAD S1: prevLog &raft.Entry{Command:interface {}(nil), Term:0, Index:0}
062340 INFO S0: (term 1) follower 收到 [1] AppendEntries [], prevIndex 0, prevTerm 0
062341 LEAD S1: 0 append success next 1 match 0
062341 INFO S2: (term 1) follower 收到 [1] AppendEntries [], prevIndex 0, prevTerm 0
062341 LEAD S1: 2 append success next 1 match 0
063345 LEAD S1: prevLog &raft.Entry{Command:interface {}(nil), Term:0, Index:0}
063346 LEAD S1: prevLog &raft.Entry{Command:interface {}(nil), Term:0, Index:0}
063346 INFO S2: (term 1) follower 收到 [1] AppendEntries [], prevIndex 0, prevTerm 0
063346 LEAD S1: 2 append success next 1 match 0
063347 INFO S0: (term 1) follower 收到 [1] AppendEntries [], prevIndex 0, prevTerm 0
063347 LEAD S1: 0 append success next 1 match 0
064354 LEAD S1: prevLog &raft.Entry{Command:interface {}(nil), Term:0, Index:0}
064355 LEAD S1: prevLog &raft.Entry{Command:interface {}(nil), Term:0, Index:0}
064358 INFO S2: (term 1) follower 收到 [1] AppendEntries [], prevIndex 0, prevTerm 0
064359 INFO S0: (term 1) follower 收到 [1] AppendEntries [], prevIndex 0, prevTerm 0
064360 LEAD S1: 2 append success next 1 match 0
064362 LEAD S1: 0 append success next 1 match 0
065357 LEAD S1: prevLog &raft.Entry{Command:interface {}(nil), Term:0, Index:0}
065359 LEAD S1: prevLog &raft.Entry{Command:interface {}(nil), Term:0, Index:0}
065362 INFO S2: (term 1) follower 收到 [1] AppendEntries [], prevIndex 0, prevTerm 0
065363 INFO S0: (term 1) follower 收到 [1] AppendEntries [], prevIndex 0, prevTerm 0
065364 LEAD S1: 2 append success next 1 match 0
065364 LEAD S1: 0 append success next 1 match 0
066364 LEAD S1: prevLog &raft.Entry{Command:interface {}(nil), Term:0, Index:0}
066365 LEAD S1: prevLog &raft.Entry{Command:interface {}(nil), Term:0, Index:0}
066368 INFO S2: (term 1) follower 收到 [1] AppendEntries [], prevIndex 0, prevTerm 0
066368 INFO S0: (term 1) follower 收到 [1] AppendEntries [], prevIndex 0, prevTerm 0
066369 LEAD S1: 2 append success next 1 match 0
066378 LEAD S1: 0 append success next 1 match 0
067373 LEAD S1: prevLog &raft.Entry{Command:interface {}(nil), Term:0, Index:0}
067374 LEAD S1: prevLog &raft.Entry{Command:interface {}(nil), Term:0, Index:0}
067377 INFO S2: (term 1) follower 收到 [1] AppendEntries [], prevIndex 0, prevTerm 0
067378 LEAD S1: 2 append success next 1 match 0
067379 INFO S0: (term 1) follower 收到 [1] AppendEntries [], prevIndex 0, prevTerm 0
067380 LEAD S1: 0 append success next 1 match 0
068382 LEAD S1: prevLog &raft.Entry{Command:interface {}(nil), Term:0, Index:0}
068383 LEAD S1: prevLog &raft.Entry{Command:interface {}(nil), Term:0, Index:0}
068385 INFO S2: (term 1) follower 收到 [1] AppendEntries [], prevIndex 0, prevTerm 0
068386 INFO S0: (term 1) follower 收到 [1] AppendEntries [], prevIndex 0, prevTerm 0
068387 LEAD S1: 2 append success next 1 match 0
068388 LEAD S1: 0 append success next 1 match 0
069385 LEAD S1: prevLog &raft.Entry{Command:interface {}(nil), Term:0, Index:0}
069386 LEAD S1: prevLog &raft.Entry{Command:interface {}(nil), Term:0, Index:0}
069388 INFO S2: (term 1) follower 收到 [1] AppendEntries [], prevIndex 0, prevTerm 0
069389 LEAD S1: 2 append success next 1 match 0
069391 INFO S0: (term 1) follower 收到 [1] AppendEntries [], prevIndex 0, prevTerm 0
069393 LEAD S1: 0 append success next 1 match 0
070393 LEAD S1: prevLog &raft.Entry{Command:interface {}(nil), Term:0, Index:0}
070393 LEAD S1: prevLog &raft.Entry{Command:interface {}(nil), Term:0, Index:0}
070394 INFO S2: (term 1) follower 收到 [1] AppendEntries [], prevIndex 0, prevTerm 0
070394 LEAD S1: 2 append success next 1 match 0
070394 INFO S0: (term 1) follower 收到 [1] AppendEntries [], prevIndex 0, prevTerm 0
070395 LEAD S1: 0 append success next 1 match 0
071398 LEAD S1: prevLog &raft.Entry{Command:interface {}(nil), Term:0, Index:0}
071398 LEAD S1: prevLog &raft.Entry{Command:interface {}(nil), Term:0, Index:0}
071399 INFO S2: (term 1) follower 收到 [1] AppendEntries [], prevIndex 0, prevTerm 0
071399 LEAD S1: 2 append success next 1 match 0
071399 INFO S0: (term 1) follower 收到 [1] AppendEntries [], prevIndex 0, prevTerm 0
071400 LEAD S1: 0 append success next 1 match 0
072402 LEAD S1: prevLog &raft.Entry{Command:interface {}(nil), Term:0, Index:0}
072403 LEAD S1: prevLog &raft.Entry{Command:interface {}(nil), Term:0, Index:0}
072404 INFO S0: (term 1) follower 收到 [1] AppendEntries [], prevIndex 0, prevTerm 0
072404 INFO S2: (term 1) follower 收到 [1] AppendEntries [], prevIndex 0, prevTerm 0
072404 LEAD S1: 0 append success next 1 match 0
072404 LEAD S1: 2 append success next 1 match 0
073410 LEAD S1: prevLog &raft.Entry{Command:interface {}(nil), Term:0, Index:0}
073410 LEAD S1: prevLog &raft.Entry{Command:interface {}(nil), Term:0, Index:0}
073411 INFO S0: (term 1) follower 收到 [1] AppendEntries [], prevIndex 0, prevTerm 0
073411 INFO S2: (term 1) follower 收到 [1] AppendEntries [], prevIndex 0, prevTerm 0
073411 LEAD S1: 0 append success next 1 match 0
073412 LEAD S1: 2 append success next 1 match 0
074416 LEAD S1: prevLog &raft.Entry{Command:interface {}(nil), Term:0, Index:0}
074416 LEAD S1: prevLog &raft.Entry{Command:interface {}(nil), Term:0, Index:0}
074417 INFO S2: (term 1) follower 收到 [1] AppendEntries [], prevIndex 0, prevTerm 0
074417 LEAD S1: 2 append success next 1 match 0
074418 INFO S0: (term 1) follower 收到 [1] AppendEntries [], prevIndex 0, prevTerm 0
074418 LEAD S1: 0 append success next 1 match 0
075424 LEAD S1: prevLog &raft.Entry{Command:interface {}(nil), Term:0, Index:0}
075424 LEAD S1: prevLog &raft.Entry{Command:interface {}(nil), Term:0, Index:0}
075425 INFO S2: (term 1) follower 收到 [1] AppendEntries [], prevIndex 0, prevTerm 0
075425 INFO S0: (term 1) follower 收到 [1] AppendEntries [], prevIndex 0, prevTerm 0
075425 LEAD S1: 2 append success next 1 match 0
075426 LEAD S1: 0 append success next 1 match 0
076430 LEAD S1: prevLog &raft.Entry{Command:interface {}(nil), Term:0, Index:0}
076430 LEAD S1: prevLog &raft.Entry{Command:interface {}(nil), Term:0, Index:0}
076431 INFO S2: (term 1) follower 收到 [1] AppendEntries [], prevIndex 0, prevTerm 0
076431 LEAD S1: 2 append success next 1 match 0
076432 INFO S0: (term 1) follower 收到 [1] AppendEntries [], prevIndex 0, prevTerm 0
076432 LEAD S1: 0 append success next 1 match 0
077437 LEAD S1: prevLog &raft.Entry{Command:interface {}(nil), Term:0, Index:0}
077437 LEAD S1: prevLog &raft.Entry{Command:interface {}(nil), Term:0, Index:0}
077438 INFO S2: (term 1) follower 收到 [1] AppendEntries [], prevIndex 0, prevTerm 0
077438 INFO S0: (term 1) follower 收到 [1] AppendEntries [], prevIndex 0, prevTerm 0
077438 LEAD S1: 2 append success next 1 match 0
077439 LEAD S1: 0 append success next 1 match 0
078442 LEAD S1: prevLog &raft.Entry{Command:interface {}(nil), Term:0, Index:0}
078442 LEAD S1: prevLog &raft.Entry{Command:interface {}(nil), Term:0, Index:0}
078443 INFO S2: (term 1) follower 收到 [1] AppendEntries [], prevIndex 0, prevTerm 0
078443 LEAD S1: 2 append success next 1 match 0
078443 INFO S0: (term 1) follower 收到 [1] AppendEntries [], prevIndex 0, prevTerm 0
078444 LEAD S1: 0 append success next 1 match 0
079450 LEAD S1: prevLog &raft.Entry{Command:interface {}(nil), Term:0, Index:0}
079451 LEAD S1: prevLog &raft.Entry{Command:interface {}(nil), Term:0, Index:0}
079453 INFO S2: (term 1) follower 收到 [1] AppendEntries [], prevIndex 0, prevTerm 0
079454 INFO S0: (term 1) follower 收到 [1] AppendEntries [], prevIndex 0, prevTerm 0
079455 LEAD S1: 2 append success next 1 match 0
079456 LEAD S1: 0 append success next 1 match 0
080461 LEAD S1: prevLog &raft.Entry{Command:interface {}(nil), Term:0, Index:0}
080461 LEAD S1: prevLog &raft.Entry{Command:interface {}(nil), Term:0, Index:0}
080462 INFO S2: (term 1) follower 收到 [1] AppendEntries [], prevIndex 0, prevTerm 0
080462 INFO S0: (term 1) follower 收到 [1] AppendEntries [], prevIndex 0, prevTerm 0
080462 LEAD S1: 2 append success next 1 match 0
080463 LEAD S1: 0 append success next 1 match 0
081468 LEAD S1: prevLog &raft.Entry{Command:interface {}(nil), Term:0, Index:0}
081468 LEAD S1: prevLog &raft.Entry{Command:interface {}(nil), Term:0, Index:0}
081470 INFO S2: (term 1) follower 收到 [1] AppendEntries [], prevIndex 0, prevTerm 0
081470 INFO S0: (term 1) follower 收到 [1] AppendEntries [], prevIndex 0, prevTerm 0
081471 LEAD S1: 0 append success next 1 match 0
081471 LEAD S1: 2 append success next 1 match 0
082477 LEAD S1: prevLog &raft.Entry{Command:interface {}(nil), Term:0, Index:0}
082478 LEAD S1: prevLog &raft.Entry{Command:interface {}(nil), Term:0, Index:0}
082479 INFO S2: (term 1) follower 收到 [1] AppendEntries [], prevIndex 0, prevTerm 0
082480 INFO S0: (term 1) follower 收到 [1] AppendEntries [], prevIndex 0, prevTerm 0
082480 LEAD S1: 2 append success next 1 match 0
082480 LEAD S1: 0 append success next 1 match 0
083484 LEAD S1: prevLog &raft.Entry{Command:interface {}(nil), Term:0, Index:0}
083484 LEAD S1: prevLog &raft.Entry{Command:interface {}(nil), Term:0, Index:0}
083485 INFO S2: (term 1) follower 收到 [1] AppendEntries [], prevIndex 0, prevTerm 0
083485 INFO S0: (term 1) follower 收到 [1] AppendEntries [], prevIndex 0, prevTerm 0
083485 LEAD S1: 2 append success next 1 match 0
083485 LEAD S1: 0 append success next 1 match 0
084490 LEAD S1: prevLog &raft.Entry{Command:interface {}(nil), Term:0, Index:0}
084490 LEAD S1: prevLog &raft.Entry{Command:interface {}(nil), Term:0, Index:0}
084493 INFO S2: (term 1) follower 收到 [1] AppendEntries [], prevIndex 0, prevTerm 0
084494 INFO S0: (term 1) follower 收到 [1] AppendEntries [], prevIndex 0, prevTerm 0
084495 LEAD S1: 2 append success next 1 match 0
084496 LEAD S1: 0 append success next 1 match 0
085497 LEAD S1: prevLog &raft.Entry{Command:interface {}(nil), Term:0, Index:0}
085498 LEAD S1: prevLog &raft.Entry{Command:interface {}(nil), Term:0, Index:0}
085501 INFO S2: (term 1) follower 收到 [1] AppendEntries [], prevIndex 0, prevTerm 0
085501 INFO S0: (term 1) follower 收到 [1] AppendEntries [], prevIndex 0, prevTerm 0
085503 LEAD S1: 2 append success next 1 match 0
085504 LEAD S1: 0 append success next 1 match 0
086501 LEAD S1: prevLog &raft.Entry{Command:interface {}(nil), Term:0, Index:0}
086501 LEAD S1: prevLog &raft.Entry{Command:interface {}(nil), Term:0, Index:0}
086502 INFO S0: (term 1) follower 收到 [1] AppendEntries [], prevIndex 0, prevTerm 0
086502 INFO S2: (term 1) follower 收到 [1] AppendEntries [], prevIndex 0, prevTerm 0
086502 LEAD S1: 0 append success next 1 match 0
086503 LEAD S1: 2 append success next 1 match 0
087508 LEAD S1: prevLog &raft.Entry{Command:interface {}(nil), Term:0, Index:0}
087509 LEAD S1: prevLog &raft.Entry{Command:interface {}(nil), Term:0, Index:0}
087514 INFO S0: (term 1) follower 收到 [1] AppendEntries [], prevIndex 0, prevTerm 0
087516 INFO S2: (term 1) follower 收到 [1] AppendEntries [], prevIndex 0, prevTerm 0
087517 LEAD S1: 0 append success next 1 match 0
087518 LEAD S1: 2 append success next 1 match 0
088518 LEAD S1: prevLog &raft.Entry{Command:interface {}(nil), Term:0, Index:0}
088519 LEAD S1: prevLog &raft.Entry{Command:interface {}(nil), Term:0, Index:0}
088522 INFO S2: (term 1) follower 收到 [1] AppendEntries [], prevIndex 0, prevTerm 0
088523 INFO S0: (term 1) follower 收到 [1] AppendEntries [], prevIndex 0, prevTerm 0
088524 LEAD S1: 2 append success next 1 match 0
088525 LEAD S1: 0 append success next 1 match 0
089521 LEAD S1: prevLog &raft.Entry{Command:interface {}(nil), Term:0, Index:0}
089522 LEAD S1: prevLog &raft.Entry{Command:interface {}(nil), Term:0, Index:0}
089523 INFO S0: (term 1) follower 收到 [1] AppendEntries [], prevIndex 0, prevTerm 0
089523 INFO S2: (term 1) follower 收到 [1] AppendEntries [], prevIndex 0, prevTerm 0
089523 LEAD S1: 0 append success next 1 match 0
089524 LEAD S1: 2 append success next 1 match 0
090525 LEAD S1: prevLog &raft.Entry{Command:interface {}(nil), Term:0, Index:0}
090526 LEAD S1: prevLog &raft.Entry{Command:interface {}(nil), Term:0, Index:0}
090526 INFO S2: (term 1) follower 收到 [1] AppendEntries [], prevIndex 0, prevTerm 0
090527 LEAD S1: 2 append success next 1 match 0
090527 INFO S0: (term 1) follower 收到 [1] AppendEntries [], prevIndex 0, prevTerm 0
090528 LEAD S1: 0 append success next 1 match 0
091530 LEAD S1: prevLog &raft.Entry{Command:interface {}(nil), Term:0, Index:0}
091531 LEAD S1: prevLog &raft.Entry{Command:interface {}(nil), Term:0, Index:0}
091532 INFO S2: (term 1) follower 收到 [1] AppendEntries [], prevIndex 0, prevTerm 0
091533 INFO S0: (term 1) follower 收到 [1] AppendEntries [], prevIndex 0, prevTerm 0
091533 LEAD S1: 2 append success next 1 match 0
091534 LEAD S1: 0 append success next 1 match 0
092538 LEAD S1: prevLog &raft.Entry{Command:interface {}(nil), Term:0, Index:0}
092539 LEAD S1: prevLog &raft.Entry{Command:interface {}(nil), Term:0, Index:0}
092541 INFO S2: (term 1) follower 收到 [1] AppendEntries [], prevIndex 0, prevTerm 0
092542 INFO S0: (term 1) follower 收到 [1] AppendEntries [], prevIndex 0, prevTerm 0
092543 LEAD S1: 2 append success next 1 match 0
092543 LEAD S1: 0 append success next 1 match 0
093540 LEAD S1: prevLog &raft.Entry{Command:interface {}(nil), Term:0, Index:0}
093541 LEAD S1: prevLog &raft.Entry{Command:interface {}(nil), Term:0, Index:0}
093544 INFO S2: (term 1) follower 收到 [1] AppendEntries [], prevIndex 0, prevTerm 0
093545 LEAD S1: 2 append success next 1 match 0
093546 INFO S0: (term 1) follower 收到 [1] AppendEntries [], prevIndex 0, prevTerm 0
093548 LEAD S1: 0 append success next 1 match 0
094548 LEAD S1: prevLog &raft.Entry{Command:interface {}(nil), Term:0, Index:0}
094549 LEAD S1: prevLog &raft.Entry{Command:interface {}(nil), Term:0, Index:0}
094549 INFO S2: (term 1) follower 收到 [1] AppendEntries [], prevIndex 0, prevTerm 0
094550 INFO S0: (term 1) follower 收到 [1] AppendEntries [], prevIndex 0, prevTerm 0
094550 LEAD S1: 2 append success next 1 match 0
094550 LEAD S1: 0 append success next 1 match 0
095557 LEAD S1: prevLog &raft.Entry{Command:interface {}(nil), Term:0, Index:0}
095558 LEAD S1: prevLog &raft.Entry{Command:interface {}(nil), Term:0, Index:0}
095561 INFO S0: (term 1) follower 收到 [1] AppendEntries [], prevIndex 0, prevTerm 0
095561 INFO S2: (term 1) follower 收到 [1] AppendEntries [], prevIndex 0, prevTerm 0
095563 LEAD S1: 0 append success next 1 match 0
095563 LEAD S1: 2 append success next 1 match 0
096568 LEAD S1: prevLog &raft.Entry{Command:interface {}(nil), Term:0, Index:0}
096568 LEAD S1: prevLog &raft.Entry{Command:interface {}(nil), Term:0, Index:0}
096569 INFO S2: (term 1) follower 收到 [1] AppendEntries [], prevIndex 0, prevTerm 0
096570 LEAD S1: 2 append success next 1 match 0
096570 INFO S0: (term 1) follower 收到 [1] AppendEntries [], prevIndex 0, prevTerm 0
096571 LEAD S1: 0 append success next 1 match 0
097574 LEAD S1: prevLog &raft.Entry{Command:interface {}(nil), Term:0, Index:0}
097575 LEAD S1: prevLog &raft.Entry{Command:interface {}(nil), Term:0, Index:0}
097575 INFO S2: (term 1) follower 收到 [1] AppendEntries [], prevIndex 0, prevTerm 0
097576 LEAD S1: 2 append success next 1 match 0
097576 INFO S0: (term 1) follower 收到 [1] AppendEntries [], prevIndex 0, prevTerm 0
097576 LEAD S1: 0 append success next 1 match 0
098580 LEAD S1: prevLog &raft.Entry{Command:interface {}(nil), Term:0, Index:0}
098580 LEAD S1: prevLog &raft.Entry{Command:interface {}(nil), Term:0, Index:0}
098581 INFO S2: (term 1) follower 收到 [1] AppendEntries [], prevIndex 0, prevTerm 0
098581 LEAD S1: 2 append success next 1 match 0
098582 INFO S0: (term 1) follower 收到 [1] AppendEntries [], prevIndex 0, prevTerm 0
098582 LEAD S1: 0 append success next 1 match 0
099586 LEAD S1: prevLog &raft.Entry{Command:interface {}(nil), Term:0, Index:0}
099586 LEAD S1: prevLog &raft.Entry{Command:interface {}(nil), Term:0, Index:0}
099587 INFO S2: (term 1) follower 收到 [1] AppendEntries [], prevIndex 0, prevTerm 0
099587 LEAD S1: 2 append success next 1 match 0
099587 INFO S0: (term 1) follower 收到 [1] AppendEntries [], prevIndex 0, prevTerm 0
099588 LEAD S1: 0 append success next 1 match 0
--- FAIL: TestPersist12C (10.02s)
    config.go:609: one(11) failed to reach agreement
FAIL
exit status 1
FAIL	6.824/raft	10.022s
