Test (2C): basic persistence ...
002009 INFO S0: start leader election, term 1
002009 VOTE S0: term 1 send vote request to 2
002009 VOTE S0: term 1 send vote request to 1
002010 TERM S2: set new term 1
002010 VOTE S2: term 1 vote 0
002010 VOTE S0: reply from 2, term一致，且投给0
002010 LEAD S0: come to power, start to send heartbeat
002010 LEAD S0: prevLog &raft.Entry{Command:interface {}(nil), Term:0, Index:0}
002010 LEAD S0: prevLog &raft.Entry{Command:interface {}(nil), Term:0, Index:0}
002011 TERM S1: set new term 1
002011 VOTE S1: term 1 vote 0
002011 INFO S2: (term 1) follower 收到 [0] AppendEntries [], prevIndex 0, prevTerm 0
002011 VOTE S0: reply from 1, term一致，且投给0
002011 LEAD S0: 2 append success next 1 match 0
002012 INFO S1: (term 1) follower 收到 [0] AppendEntries [], prevIndex 0, prevTerm 0
002012 LEAD S0: 1 append success next 1 match 0
003011 LEAD S0: prevLog &raft.Entry{Command:interface {}(nil), Term:0, Index:0}
003012 LEAD S0: prevLog &raft.Entry{Command:interface {}(nil), Term:0, Index:0}
003012 INFO S2: (term 1) follower 收到 [0] AppendEntries [], prevIndex 0, prevTerm 0
003013 LEAD S0: 2 append success next 1 match 0
003013 INFO S1: (term 1) follower 收到 [0] AppendEntries [], prevIndex 0, prevTerm 0
003014 LEAD S0: 1 append success next 1 match 0
004018 LEAD S0: prevLog &raft.Entry{Command:interface {}(nil), Term:0, Index:0}
004019 LEAD S0: prevLog &raft.Entry{Command:interface {}(nil), Term:0, Index:0}
004020 INFO S2: (term 1) follower 收到 [0] AppendEntries [], prevIndex 0, prevTerm 0
004020 INFO S1: (term 1) follower 收到 [0] AppendEntries [], prevIndex 0, prevTerm 0
004021 LEAD S0: 2 append success next 1 match 0
004021 LEAD S0: 1 append success next 1 match 0
005021 LEAD S0: prevLog &raft.Entry{Command:interface {}(nil), Term:0, Index:0}
005021 LEAD S0: prevLog &raft.Entry{Command:interface {}(nil), Term:0, Index:0}
005022 INFO S1: (term 1) follower 收到 [0] AppendEntries [], prevIndex 0, prevTerm 0
005022 INFO S2: (term 1) follower 收到 [0] AppendEntries [], prevIndex 0, prevTerm 0
005022 LEAD S0: 1 append success next 1 match 0
005022 LEAD S0: 2 append success next 1 match 0
006026 LEAD S0: prevLog &raft.Entry{Command:interface {}(nil), Term:0, Index:0}
006027 LEAD S0: prevLog &raft.Entry{Command:interface {}(nil), Term:0, Index:0}
006029 INFO S1: (term 1) follower 收到 [0] AppendEntries [], prevIndex 0, prevTerm 0
006029 INFO S2: (term 1) follower 收到 [0] AppendEntries [], prevIndex 0, prevTerm 0
006030 LEAD S0: 2 append success next 1 match 0
006030 LEAD S0: 1 append success next 1 match 0
007030 LEAD S0: prevLog &raft.Entry{Command:interface {}(nil), Term:0, Index:0}
007031 LEAD S0: prevLog &raft.Entry{Command:interface {}(nil), Term:0, Index:0}
007031 INFO S2: (term 1) follower 收到 [0] AppendEntries [], prevIndex 0, prevTerm 0
007031 INFO S1: (term 1) follower 收到 [0] AppendEntries [], prevIndex 0, prevTerm 0
007032 LEAD S0: 2 append success next 1 match 0
007032 LEAD S0: 1 append success next 1 match 0
008037 LEAD S0: prevLog &raft.Entry{Command:interface {}(nil), Term:0, Index:0}
008038 LEAD S0: prevLog &raft.Entry{Command:interface {}(nil), Term:0, Index:0}
008040 INFO S2: (term 1) follower 收到 [0] AppendEntries [], prevIndex 0, prevTerm 0
008042 LEAD S0: 2 append success next 1 match 0
008043 INFO S1: (term 1) follower 收到 [0] AppendEntries [], prevIndex 0, prevTerm 0
008046 LEAD S0: 1 append success next 1 match 0
009042 LEAD S0: prevLog &raft.Entry{Command:interface {}(nil), Term:0, Index:0}
009043 LEAD S0: prevLog &raft.Entry{Command:interface {}(nil), Term:0, Index:0}
009044 INFO S2: (term 1) follower 收到 [0] AppendEntries [], prevIndex 0, prevTerm 0
009044 INFO S1: (term 1) follower 收到 [0] AppendEntries [], prevIndex 0, prevTerm 0
009045 LEAD S0: 2 append success next 1 match 0
009045 LEAD S0: 1 append success next 1 match 0
010047 LEAD S0: prevLog &raft.Entry{Command:interface {}(nil), Term:0, Index:0}
010047 LEAD S0: prevLog &raft.Entry{Command:interface {}(nil), Term:0, Index:0}
010048 INFO S2: (term 1) follower 收到 [0] AppendEntries [], prevIndex 0, prevTerm 0
010048 INFO S1: (term 1) follower 收到 [0] AppendEntries [], prevIndex 0, prevTerm 0
010048 LEAD S0: 2 append success next 1 match 0
010049 LEAD S0: 1 append success next 1 match 0
011050 LEAD S0: prevLog &raft.Entry{Command:interface {}(nil), Term:0, Index:0}
011050 LEAD S0: prevLog &raft.Entry{Command:interface {}(nil), Term:0, Index:0}
011051 INFO S2: (term 1) follower 收到 [0] AppendEntries [], prevIndex 0, prevTerm 0
011051 INFO S1: (term 1) follower 收到 [0] AppendEntries [], prevIndex 0, prevTerm 0
011051 LEAD S0: 2 append success next 1 match 0
011052 LEAD S0: 1 append success next 1 match 0
012054 LEAD S0: prevLog &raft.Entry{Command:interface {}(nil), Term:0, Index:0}
012055 LEAD S0: prevLog &raft.Entry{Command:interface {}(nil), Term:0, Index:0}
012055 INFO S1: (term 1) follower 收到 [0] AppendEntries [], prevIndex 0, prevTerm 0
012055 INFO S2: (term 1) follower 收到 [0] AppendEntries [], prevIndex 0, prevTerm 0
012056 LEAD S0: 1 append success next 1 match 0
012056 LEAD S0: 2 append success next 1 match 0
013058 LEAD S0: prevLog &raft.Entry{Command:interface {}(nil), Term:0, Index:0}
013058 LEAD S0: prevLog &raft.Entry{Command:interface {}(nil), Term:0, Index:0}
013059 INFO S1: (term 1) follower 收到 [0] AppendEntries [], prevIndex 0, prevTerm 0
013059 INFO S2: (term 1) follower 收到 [0] AppendEntries [], prevIndex 0, prevTerm 0
013060 LEAD S0: 1 append success next 1 match 0
013060 LEAD S0: 2 append success next 1 match 0
014060 LEAD S0: prevLog &raft.Entry{Command:interface {}(nil), Term:0, Index:0}
014060 LEAD S0: prevLog &raft.Entry{Command:interface {}(nil), Term:0, Index:0}
014061 INFO S2: (term 1) follower 收到 [0] AppendEntries [], prevIndex 0, prevTerm 0
014061 LEAD S0: 2 append success next 1 match 0
014061 INFO S1: (term 1) follower 收到 [0] AppendEntries [], prevIndex 0, prevTerm 0
014062 LEAD S0: 1 append success next 1 match 0
015064 LEAD S0: prevLog &raft.Entry{Command:interface {}(nil), Term:0, Index:0}
015064 LEAD S0: prevLog &raft.Entry{Command:interface {}(nil), Term:0, Index:0}
015065 INFO S2: (term 1) follower 收到 [0] AppendEntries [], prevIndex 0, prevTerm 0
015065 INFO S1: (term 1) follower 收到 [0] AppendEntries [], prevIndex 0, prevTerm 0
015065 LEAD S0: 2 append success next 1 match 0
015065 LEAD S0: 1 append success next 1 match 0
016068 LEAD S0: prevLog &raft.Entry{Command:interface {}(nil), Term:0, Index:0}
016068 LEAD S0: prevLog &raft.Entry{Command:interface {}(nil), Term:0, Index:0}
016069 INFO S2: (term 1) follower 收到 [0] AppendEntries [], prevIndex 0, prevTerm 0
016069 LEAD S0: 2 append success next 1 match 0
016069 INFO S1: (term 1) follower 收到 [0] AppendEntries [], prevIndex 0, prevTerm 0
016069 LEAD S0: 1 append success next 1 match 0
017071 LEAD S0: prevLog &raft.Entry{Command:interface {}(nil), Term:0, Index:0}
017071 LEAD S0: prevLog &raft.Entry{Command:interface {}(nil), Term:0, Index:0}
017072 INFO S2: (term 1) follower 收到 [0] AppendEntries [], prevIndex 0, prevTerm 0
017072 INFO S1: (term 1) follower 收到 [0] AppendEntries [], prevIndex 0, prevTerm 0
017072 LEAD S0: 2 append success next 1 match 0
017073 LEAD S0: 1 append success next 1 match 0
018075 LEAD S0: prevLog &raft.Entry{Command:interface {}(nil), Term:0, Index:0}
018075 LEAD S0: prevLog &raft.Entry{Command:interface {}(nil), Term:0, Index:0}
018076 INFO S1: (term 1) follower 收到 [0] AppendEntries [], prevIndex 0, prevTerm 0
018076 INFO S2: (term 1) follower 收到 [0] AppendEntries [], prevIndex 0, prevTerm 0
018076 LEAD S0: 2 append success next 1 match 0
018076 LEAD S0: 1 append success next 1 match 0
019077 LEAD S0: prevLog &raft.Entry{Command:interface {}(nil), Term:0, Index:0}
019078 LEAD S0: prevLog &raft.Entry{Command:interface {}(nil), Term:0, Index:0}
019079 INFO S2: (term 1) follower 收到 [0] AppendEntries [], prevIndex 0, prevTerm 0
019079 INFO S1: (term 1) follower 收到 [0] AppendEntries [], prevIndex 0, prevTerm 0
019079 LEAD S0: 2 append success next 1 match 0
019079 LEAD S0: 1 append success next 1 match 0
020083 LEAD S0: prevLog &raft.Entry{Command:interface {}(nil), Term:0, Index:0}
020083 LEAD S0: prevLog &raft.Entry{Command:interface {}(nil), Term:0, Index:0}
020086 INFO S1: (term 1) follower 收到 [0] AppendEntries [], prevIndex 0, prevTerm 0
020086 INFO S2: (term 1) follower 收到 [0] AppendEntries [], prevIndex 0, prevTerm 0
020088 LEAD S0: 1 append success next 1 match 0
020088 LEAD S0: 2 append success next 1 match 0
021094 LEAD S0: prevLog &raft.Entry{Command:interface {}(nil), Term:0, Index:0}
021095 LEAD S0: prevLog &raft.Entry{Command:interface {}(nil), Term:0, Index:0}
021098 INFO S2: (term 1) follower 收到 [0] AppendEntries [], prevIndex 0, prevTerm 0
021099 INFO S1: (term 1) follower 收到 [0] AppendEntries [], prevIndex 0, prevTerm 0
021101 LEAD S0: 2 append success next 1 match 0
021101 LEAD S0: 1 append success next 1 match 0
022100 LEAD S0: prevLog &raft.Entry{Command:interface {}(nil), Term:0, Index:0}
022100 LEAD S0: prevLog &raft.Entry{Command:interface {}(nil), Term:0, Index:0}
022103 INFO S2: (term 1) follower 收到 [0] AppendEntries [], prevIndex 0, prevTerm 0
022103 INFO S1: (term 1) follower 收到 [0] AppendEntries [], prevIndex 0, prevTerm 0
022105 LEAD S0: 1 append success next 1 match 0
022105 LEAD S0: 2 append success next 1 match 0
023103 LEAD S0: prevLog &raft.Entry{Command:interface {}(nil), Term:0, Index:0}
023103 LEAD S0: prevLog &raft.Entry{Command:interface {}(nil), Term:0, Index:0}
023104 INFO S1: (term 1) follower 收到 [0] AppendEntries [], prevIndex 0, prevTerm 0
023104 INFO S2: (term 1) follower 收到 [0] AppendEntries [], prevIndex 0, prevTerm 0
023104 LEAD S0: 2 append success next 1 match 0
023104 LEAD S0: 1 append success next 1 match 0
024109 LEAD S0: prevLog &raft.Entry{Command:interface {}(nil), Term:0, Index:0}
024109 LEAD S0: prevLog &raft.Entry{Command:interface {}(nil), Term:0, Index:0}
024110 INFO S2: (term 1) follower 收到 [0] AppendEntries [], prevIndex 0, prevTerm 0
024110 INFO S1: (term 1) follower 收到 [0] AppendEntries [], prevIndex 0, prevTerm 0
024111 LEAD S0: 2 append success next 1 match 0
024111 LEAD S0: 1 append success next 1 match 0
025114 LEAD S0: prevLog &raft.Entry{Command:interface {}(nil), Term:0, Index:0}
025114 LEAD S0: prevLog &raft.Entry{Command:interface {}(nil), Term:0, Index:0}
025115 INFO S1: (term 1) follower 收到 [0] AppendEntries [], prevIndex 0, prevTerm 0
025115 INFO S2: (term 1) follower 收到 [0] AppendEntries [], prevIndex 0, prevTerm 0
025115 LEAD S0: 1 append success next 1 match 0
025115 LEAD S0: 2 append success next 1 match 0
026122 LEAD S0: prevLog &raft.Entry{Command:interface {}(nil), Term:0, Index:0}
026123 LEAD S0: prevLog &raft.Entry{Command:interface {}(nil), Term:0, Index:0}
026126 INFO S2: (term 1) follower 收到 [0] AppendEntries [], prevIndex 0, prevTerm 0
026127 LEAD S0: 2 append success next 1 match 0
026128 INFO S1: (term 1) follower 收到 [0] AppendEntries [], prevIndex 0, prevTerm 0
026130 LEAD S0: 1 append success next 1 match 0
027128 LEAD S0: prevLog &raft.Entry{Command:interface {}(nil), Term:0, Index:0}
027128 LEAD S0: prevLog &raft.Entry{Command:interface {}(nil), Term:0, Index:0}
027130 INFO S2: (term 1) follower 收到 [0] AppendEntries [], prevIndex 0, prevTerm 0
027130 INFO S1: (term 1) follower 收到 [0] AppendEntries [], prevIndex 0, prevTerm 0
027131 LEAD S0: 2 append success next 1 match 0
027131 LEAD S0: 1 append success next 1 match 0
028131 LEAD S0: prevLog &raft.Entry{Command:interface {}(nil), Term:0, Index:0}
028131 LEAD S0: prevLog &raft.Entry{Command:interface {}(nil), Term:0, Index:0}
028132 INFO S2: (term 1) follower 收到 [0] AppendEntries [], prevIndex 0, prevTerm 0
028132 INFO S1: (term 1) follower 收到 [0] AppendEntries [], prevIndex 0, prevTerm 0
028132 LEAD S0: 1 append success next 1 match 0
028132 LEAD S0: 2 append success next 1 match 0
029134 LEAD S0: prevLog &raft.Entry{Command:interface {}(nil), Term:0, Index:0}
029134 LEAD S0: prevLog &raft.Entry{Command:interface {}(nil), Term:0, Index:0}
029135 INFO S1: (term 1) follower 收到 [0] AppendEntries [], prevIndex 0, prevTerm 0
029136 LEAD S0: 1 append success next 1 match 0
029135 INFO S2: (term 1) follower 收到 [0] AppendEntries [], prevIndex 0, prevTerm 0
029136 LEAD S0: 2 append success next 1 match 0
030140 LEAD S0: prevLog &raft.Entry{Command:interface {}(nil), Term:0, Index:0}
030141 LEAD S0: prevLog &raft.Entry{Command:interface {}(nil), Term:0, Index:0}
030141 INFO S2: (term 1) follower 收到 [0] AppendEntries [], prevIndex 0, prevTerm 0
030142 LEAD S0: 2 append success next 1 match 0
030142 INFO S1: (term 1) follower 收到 [0] AppendEntries [], prevIndex 0, prevTerm 0
030142 LEAD S0: 1 append success next 1 match 0
031141 LEAD S0: prevLog &raft.Entry{Command:interface {}(nil), Term:0, Index:0}
031141 LEAD S0: prevLog &raft.Entry{Command:interface {}(nil), Term:0, Index:0}
031146 INFO S1: (term 1) follower 收到 [0] AppendEntries [], prevIndex 0, prevTerm 0
031147 INFO S2: (term 1) follower 收到 [0] AppendEntries [], prevIndex 0, prevTerm 0
031149 LEAD S0: 1 append success next 1 match 0
031149 LEAD S0: 2 append success next 1 match 0
032146 LEAD S0: prevLog &raft.Entry{Command:interface {}(nil), Term:0, Index:0}
032146 LEAD S0: prevLog &raft.Entry{Command:interface {}(nil), Term:0, Index:0}
032147 INFO S2: (term 1) follower 收到 [0] AppendEntries [], prevIndex 0, prevTerm 0
032147 INFO S1: (term 1) follower 收到 [0] AppendEntries [], prevIndex 0, prevTerm 0
032148 LEAD S0: 1 append success next 1 match 0
032148 LEAD S0: 2 append success next 1 match 0
033152 LEAD S0: prevLog &raft.Entry{Command:interface {}(nil), Term:0, Index:0}
033152 LEAD S0: prevLog &raft.Entry{Command:interface {}(nil), Term:0, Index:0}
033152 INFO S2: (term 1) follower 收到 [0] AppendEntries [], prevIndex 0, prevTerm 0
033153 LEAD S0: 2 append success next 1 match 0
033153 INFO S1: (term 1) follower 收到 [0] AppendEntries [], prevIndex 0, prevTerm 0
033153 LEAD S0: 1 append success next 1 match 0
034156 LEAD S0: prevLog &raft.Entry{Command:interface {}(nil), Term:0, Index:0}
034156 LEAD S0: prevLog &raft.Entry{Command:interface {}(nil), Term:0, Index:0}
034157 INFO S1: (term 1) follower 收到 [0] AppendEntries [], prevIndex 0, prevTerm 0
034157 INFO S2: (term 1) follower 收到 [0] AppendEntries [], prevIndex 0, prevTerm 0
034157 LEAD S0: 1 append success next 1 match 0
034157 LEAD S0: 2 append success next 1 match 0
035161 LEAD S0: prevLog &raft.Entry{Command:interface {}(nil), Term:0, Index:0}
035161 LEAD S0: prevLog &raft.Entry{Command:interface {}(nil), Term:0, Index:0}
035162 INFO S2: (term 1) follower 收到 [0] AppendEntries [], prevIndex 0, prevTerm 0
035162 LEAD S0: 2 append success next 1 match 0
035162 INFO S1: (term 1) follower 收到 [0] AppendEntries [], prevIndex 0, prevTerm 0
035163 LEAD S0: 1 append success next 1 match 0
036169 LEAD S0: prevLog &raft.Entry{Command:interface {}(nil), Term:0, Index:0}
036170 LEAD S0: prevLog &raft.Entry{Command:interface {}(nil), Term:0, Index:0}
036174 INFO S2: (term 1) follower 收到 [0] AppendEntries [], prevIndex 0, prevTerm 0
036175 INFO S1: (term 1) follower 收到 [0] AppendEntries [], prevIndex 0, prevTerm 0
036176 LEAD S0: 2 append success next 1 match 0
036177 LEAD S0: 1 append success next 1 match 0
037177 LEAD S0: prevLog &raft.Entry{Command:interface {}(nil), Term:0, Index:0}
037177 LEAD S0: prevLog &raft.Entry{Command:interface {}(nil), Term:0, Index:0}
037179 INFO S2: (term 1) follower 收到 [0] AppendEntries [], prevIndex 0, prevTerm 0
037180 INFO S1: (term 1) follower 收到 [0] AppendEntries [], prevIndex 0, prevTerm 0
037180 LEAD S0: 2 append success next 1 match 0
037182 LEAD S0: 1 append success next 1 match 0
038188 LEAD S0: prevLog &raft.Entry{Command:interface {}(nil), Term:0, Index:0}
038188 LEAD S0: prevLog &raft.Entry{Command:interface {}(nil), Term:0, Index:0}
038191 INFO S2: (term 1) follower 收到 [0] AppendEntries [], prevIndex 0, prevTerm 0
038194 LEAD S0: 2 append success next 1 match 0
038194 INFO S1: (term 1) follower 收到 [0] AppendEntries [], prevIndex 0, prevTerm 0
038196 LEAD S0: 1 append success next 1 match 0
039198 LEAD S0: prevLog &raft.Entry{Command:interface {}(nil), Term:0, Index:0}
039198 LEAD S0: prevLog &raft.Entry{Command:interface {}(nil), Term:0, Index:0}
039201 INFO S1: (term 1) follower 收到 [0] AppendEntries [], prevIndex 0, prevTerm 0
039201 INFO S2: (term 1) follower 收到 [0] AppendEntries [], prevIndex 0, prevTerm 0
039204 LEAD S0: 1 append success next 1 match 0
039204 LEAD S0: 2 append success next 1 match 0
040205 LEAD S0: prevLog &raft.Entry{Command:interface {}(nil), Term:0, Index:0}
040205 LEAD S0: prevLog &raft.Entry{Command:interface {}(nil), Term:0, Index:0}
040207 INFO S2: (term 1) follower 收到 [0] AppendEntries [], prevIndex 0, prevTerm 0
040208 INFO S1: (term 1) follower 收到 [0] AppendEntries [], prevIndex 0, prevTerm 0
040209 LEAD S0: 2 append success next 1 match 0
040210 LEAD S0: 1 append success next 1 match 0
041215 LEAD S0: prevLog &raft.Entry{Command:interface {}(nil), Term:0, Index:0}
041216 LEAD S0: prevLog &raft.Entry{Command:interface {}(nil), Term:0, Index:0}
041219 INFO S2: (term 1) follower 收到 [0] AppendEntries [], prevIndex 0, prevTerm 0
041220 INFO S1: (term 1) follower 收到 [0] AppendEntries [], prevIndex 0, prevTerm 0
041221 LEAD S0: 2 append success next 1 match 0
041221 LEAD S0: 1 append success next 1 match 0
042224 LEAD S0: prevLog &raft.Entry{Command:interface {}(nil), Term:0, Index:0}
042225 LEAD S0: prevLog &raft.Entry{Command:interface {}(nil), Term:0, Index:0}
042226 INFO S2: (term 1) follower 收到 [0] AppendEntries [], prevIndex 0, prevTerm 0
042226 INFO S1: (term 1) follower 收到 [0] AppendEntries [], prevIndex 0, prevTerm 0
042226 LEAD S0: 2 append success next 1 match 0
042226 LEAD S0: 1 append success next 1 match 0
043229 LEAD S0: prevLog &raft.Entry{Command:interface {}(nil), Term:0, Index:0}
043230 LEAD S0: prevLog &raft.Entry{Command:interface {}(nil), Term:0, Index:0}
043230 INFO S2: (term 1) follower 收到 [0] AppendEntries [], prevIndex 0, prevTerm 0
043230 INFO S1: (term 1) follower 收到 [0] AppendEntries [], prevIndex 0, prevTerm 0
043231 LEAD S0: 2 append success next 1 match 0
043231 LEAD S0: 1 append success next 1 match 0
044235 LEAD S0: prevLog &raft.Entry{Command:interface {}(nil), Term:0, Index:0}
044235 LEAD S0: prevLog &raft.Entry{Command:interface {}(nil), Term:0, Index:0}
044236 INFO S1: (term 1) follower 收到 [0] AppendEntries [], prevIndex 0, prevTerm 0
044237 LEAD S0: 1 append success next 1 match 0
044236 INFO S2: (term 1) follower 收到 [0] AppendEntries [], prevIndex 0, prevTerm 0
044237 LEAD S0: 2 append success next 1 match 0
045240 LEAD S0: prevLog &raft.Entry{Command:interface {}(nil), Term:0, Index:0}
045240 LEAD S0: prevLog &raft.Entry{Command:interface {}(nil), Term:0, Index:0}
045242 INFO S2: (term 1) follower 收到 [0] AppendEntries [], prevIndex 0, prevTerm 0
045242 INFO S1: (term 1) follower 收到 [0] AppendEntries [], prevIndex 0, prevTerm 0
045243 LEAD S0: 2 append success next 1 match 0
045243 LEAD S0: 1 append success next 1 match 0
046247 LEAD S0: prevLog &raft.Entry{Command:interface {}(nil), Term:0, Index:0}
046247 LEAD S0: prevLog &raft.Entry{Command:interface {}(nil), Term:0, Index:0}
046248 INFO S2: (term 1) follower 收到 [0] AppendEntries [], prevIndex 0, prevTerm 0
046248 INFO S1: (term 1) follower 收到 [0] AppendEntries [], prevIndex 0, prevTerm 0
046249 LEAD S0: 2 append success next 1 match 0
046249 LEAD S0: 1 append success next 1 match 0
047253 LEAD S0: prevLog &raft.Entry{Command:interface {}(nil), Term:0, Index:0}
047254 LEAD S0: prevLog &raft.Entry{Command:interface {}(nil), Term:0, Index:0}
047254 INFO S2: (term 1) follower 收到 [0] AppendEntries [], prevIndex 0, prevTerm 0
047255 INFO S1: (term 1) follower 收到 [0] AppendEntries [], prevIndex 0, prevTerm 0
047255 LEAD S0: 2 append success next 1 match 0
047255 LEAD S0: 1 append success next 1 match 0
048257 LEAD S0: prevLog &raft.Entry{Command:interface {}(nil), Term:0, Index:0}
048257 LEAD S0: prevLog &raft.Entry{Command:interface {}(nil), Term:0, Index:0}
048259 INFO S2: (term 1) follower 收到 [0] AppendEntries [], prevIndex 0, prevTerm 0
048259 LEAD S0: 2 append success next 1 match 0
048260 INFO S1: (term 1) follower 收到 [0] AppendEntries [], prevIndex 0, prevTerm 0
048261 LEAD S0: 1 append success next 1 match 0
049264 LEAD S0: prevLog &raft.Entry{Command:interface {}(nil), Term:0, Index:0}
049264 LEAD S0: prevLog &raft.Entry{Command:interface {}(nil), Term:0, Index:0}
049266 INFO S2: (term 1) follower 收到 [0] AppendEntries [], prevIndex 0, prevTerm 0
049266 INFO S1: (term 1) follower 收到 [0] AppendEntries [], prevIndex 0, prevTerm 0
049266 LEAD S0: 2 append success next 1 match 0
049267 LEAD S0: 1 append success next 1 match 0
050269 LEAD S0: prevLog &raft.Entry{Command:interface {}(nil), Term:0, Index:0}
050270 LEAD S0: prevLog &raft.Entry{Command:interface {}(nil), Term:0, Index:0}
050271 INFO S1: (term 1) follower 收到 [0] AppendEntries [], prevIndex 0, prevTerm 0
050271 INFO S2: (term 1) follower 收到 [0] AppendEntries [], prevIndex 0, prevTerm 0
050272 LEAD S0: 2 append success next 1 match 0
050272 LEAD S0: 1 append success next 1 match 0
051274 LEAD S0: prevLog &raft.Entry{Command:interface {}(nil), Term:0, Index:0}
051274 LEAD S0: prevLog &raft.Entry{Command:interface {}(nil), Term:0, Index:0}
051275 INFO S1: (term 1) follower 收到 [0] AppendEntries [], prevIndex 0, prevTerm 0
051275 INFO S2: (term 1) follower 收到 [0] AppendEntries [], prevIndex 0, prevTerm 0
051276 LEAD S0: 2 append success next 1 match 0
051276 LEAD S0: 1 append success next 1 match 0
052286 LEAD S0: prevLog &raft.Entry{Command:interface {}(nil), Term:0, Index:0}
052286 LEAD S0: prevLog &raft.Entry{Command:interface {}(nil), Term:0, Index:0}
052289 INFO S1: (term 1) follower 收到 [0] AppendEntries [], prevIndex 0, prevTerm 0
052290 INFO S2: (term 1) follower 收到 [0] AppendEntries [], prevIndex 0, prevTerm 0
052291 LEAD S0: 2 append success next 1 match 0
052291 LEAD S0: 1 append success next 1 match 0
053292 LEAD S0: prevLog &raft.Entry{Command:interface {}(nil), Term:0, Index:0}
053292 LEAD S0: prevLog &raft.Entry{Command:interface {}(nil), Term:0, Index:0}
053293 INFO S2: (term 1) follower 收到 [0] AppendEntries [], prevIndex 0, prevTerm 0
053293 LEAD S0: 2 append success next 1 match 0
053294 INFO S1: (term 1) follower 收到 [0] AppendEntries [], prevIndex 0, prevTerm 0
053294 LEAD S0: 1 append success next 1 match 0
054296 LEAD S0: prevLog &raft.Entry{Command:interface {}(nil), Term:0, Index:0}
054297 LEAD S0: prevLog &raft.Entry{Command:interface {}(nil), Term:0, Index:0}
054297 INFO S2: (term 1) follower 收到 [0] AppendEntries [], prevIndex 0, prevTerm 0
054297 INFO S1: (term 1) follower 收到 [0] AppendEntries [], prevIndex 0, prevTerm 0
054298 LEAD S0: 1 append success next 1 match 0
054298 LEAD S0: 2 append success next 1 match 0
055301 LEAD S0: prevLog &raft.Entry{Command:interface {}(nil), Term:0, Index:0}
055301 LEAD S0: prevLog &raft.Entry{Command:interface {}(nil), Term:0, Index:0}
055302 INFO S2: (term 1) follower 收到 [0] AppendEntries [], prevIndex 0, prevTerm 0
055302 INFO S1: (term 1) follower 收到 [0] AppendEntries [], prevIndex 0, prevTerm 0
055302 LEAD S0: 2 append success next 1 match 0
055303 LEAD S0: 1 append success next 1 match 0
056308 LEAD S0: prevLog &raft.Entry{Command:interface {}(nil), Term:0, Index:0}
056308 LEAD S0: prevLog &raft.Entry{Command:interface {}(nil), Term:0, Index:0}
056311 INFO S2: (term 1) follower 收到 [0] AppendEntries [], prevIndex 0, prevTerm 0
056311 INFO S1: (term 1) follower 收到 [0] AppendEntries [], prevIndex 0, prevTerm 0
056312 LEAD S0: 1 append success next 1 match 0
056312 LEAD S0: 2 append success next 1 match 0
057312 LEAD S0: prevLog &raft.Entry{Command:interface {}(nil), Term:0, Index:0}
057312 LEAD S0: prevLog &raft.Entry{Command:interface {}(nil), Term:0, Index:0}
057312 INFO S2: (term 1) follower 收到 [0] AppendEntries [], prevIndex 0, prevTerm 0
057313 LEAD S0: 2 append success next 1 match 0
057313 INFO S1: (term 1) follower 收到 [0] AppendEntries [], prevIndex 0, prevTerm 0
057314 LEAD S0: 1 append success next 1 match 0
058315 LEAD S0: prevLog &raft.Entry{Command:interface {}(nil), Term:0, Index:0}
058316 LEAD S0: prevLog &raft.Entry{Command:interface {}(nil), Term:0, Index:0}
058316 INFO S2: (term 1) follower 收到 [0] AppendEntries [], prevIndex 0, prevTerm 0
058316 INFO S1: (term 1) follower 收到 [0] AppendEntries [], prevIndex 0, prevTerm 0
058317 LEAD S0: 2 append success next 1 match 0
058317 LEAD S0: 1 append success next 1 match 0
059320 LEAD S0: prevLog &raft.Entry{Command:interface {}(nil), Term:0, Index:0}
059320 LEAD S0: prevLog &raft.Entry{Command:interface {}(nil), Term:0, Index:0}
059321 INFO S2: (term 1) follower 收到 [0] AppendEntries [], prevIndex 0, prevTerm 0
059321 LEAD S0: 2 append success next 1 match 0
059321 INFO S1: (term 1) follower 收到 [0] AppendEntries [], prevIndex 0, prevTerm 0
059322 LEAD S0: 1 append success next 1 match 0
060325 LEAD S0: prevLog &raft.Entry{Command:interface {}(nil), Term:0, Index:0}
060325 LEAD S0: prevLog &raft.Entry{Command:interface {}(nil), Term:0, Index:0}
060326 INFO S2: (term 1) follower 收到 [0] AppendEntries [], prevIndex 0, prevTerm 0
060326 INFO S1: (term 1) follower 收到 [0] AppendEntries [], prevIndex 0, prevTerm 0
060326 LEAD S0: 2 append success next 1 match 0
060326 LEAD S0: 1 append success next 1 match 0
061333 LEAD S0: prevLog &raft.Entry{Command:interface {}(nil), Term:0, Index:0}
061334 LEAD S0: prevLog &raft.Entry{Command:interface {}(nil), Term:0, Index:0}
061337 INFO S1: (term 1) follower 收到 [0] AppendEntries [], prevIndex 0, prevTerm 0
061340 LEAD S0: 1 append success next 1 match 0
061340 INFO S2: (term 1) follower 收到 [0] AppendEntries [], prevIndex 0, prevTerm 0
061343 LEAD S0: 2 append success next 1 match 0
062338 LEAD S0: prevLog &raft.Entry{Command:interface {}(nil), Term:0, Index:0}
062338 LEAD S0: prevLog &raft.Entry{Command:interface {}(nil), Term:0, Index:0}
062339 INFO S2: (term 1) follower 收到 [0] AppendEntries [], prevIndex 0, prevTerm 0
062340 LEAD S0: 2 append success next 1 match 0
062340 INFO S1: (term 1) follower 收到 [0] AppendEntries [], prevIndex 0, prevTerm 0
062340 LEAD S0: 1 append success next 1 match 0
063343 LEAD S0: prevLog &raft.Entry{Command:interface {}(nil), Term:0, Index:0}
063343 LEAD S0: prevLog &raft.Entry{Command:interface {}(nil), Term:0, Index:0}
063344 INFO S2: (term 1) follower 收到 [0] AppendEntries [], prevIndex 0, prevTerm 0
063344 INFO S1: (term 1) follower 收到 [0] AppendEntries [], prevIndex 0, prevTerm 0
063345 LEAD S0: 2 append success next 1 match 0
063345 LEAD S0: 1 append success next 1 match 0
064347 LEAD S0: prevLog &raft.Entry{Command:interface {}(nil), Term:0, Index:0}
064347 LEAD S0: prevLog &raft.Entry{Command:interface {}(nil), Term:0, Index:0}
064348 INFO S2: (term 1) follower 收到 [0] AppendEntries [], prevIndex 0, prevTerm 0
064348 LEAD S0: 2 append success next 1 match 0
064348 INFO S1: (term 1) follower 收到 [0] AppendEntries [], prevIndex 0, prevTerm 0
064349 LEAD S0: 1 append success next 1 match 0
065351 LEAD S0: prevLog &raft.Entry{Command:interface {}(nil), Term:0, Index:0}
065351 LEAD S0: prevLog &raft.Entry{Command:interface {}(nil), Term:0, Index:0}
065352 INFO S1: (term 1) follower 收到 [0] AppendEntries [], prevIndex 0, prevTerm 0
065352 INFO S2: (term 1) follower 收到 [0] AppendEntries [], prevIndex 0, prevTerm 0
065353 LEAD S0: 1 append success next 1 match 0
065353 LEAD S0: 2 append success next 1 match 0
066355 LEAD S0: prevLog &raft.Entry{Command:interface {}(nil), Term:0, Index:0}
066355 LEAD S0: prevLog &raft.Entry{Command:interface {}(nil), Term:0, Index:0}
066356 INFO S2: (term 1) follower 收到 [0] AppendEntries [], prevIndex 0, prevTerm 0
066356 LEAD S0: 2 append success next 1 match 0
066356 INFO S1: (term 1) follower 收到 [0] AppendEntries [], prevIndex 0, prevTerm 0
066360 LEAD S0: 1 append success next 1 match 0
067362 LEAD S0: prevLog &raft.Entry{Command:interface {}(nil), Term:0, Index:0}
067362 LEAD S0: prevLog &raft.Entry{Command:interface {}(nil), Term:0, Index:0}
067362 INFO S2: (term 1) follower 收到 [0] AppendEntries [], prevIndex 0, prevTerm 0
067363 LEAD S0: 2 append success next 1 match 0
067363 INFO S1: (term 1) follower 收到 [0] AppendEntries [], prevIndex 0, prevTerm 0
067364 LEAD S0: 1 append success next 1 match 0
068365 LEAD S0: prevLog &raft.Entry{Command:interface {}(nil), Term:0, Index:0}
068365 LEAD S0: prevLog &raft.Entry{Command:interface {}(nil), Term:0, Index:0}
068366 INFO S1: (term 1) follower 收到 [0] AppendEntries [], prevIndex 0, prevTerm 0
068366 INFO S2: (term 1) follower 收到 [0] AppendEntries [], prevIndex 0, prevTerm 0
068366 LEAD S0: 1 append success next 1 match 0
068366 LEAD S0: 2 append success next 1 match 0
069371 LEAD S0: prevLog &raft.Entry{Command:interface {}(nil), Term:0, Index:0}
069371 LEAD S0: prevLog &raft.Entry{Command:interface {}(nil), Term:0, Index:0}
069373 INFO S2: (term 1) follower 收到 [0] AppendEntries [], prevIndex 0, prevTerm 0
069373 INFO S1: (term 1) follower 收到 [0] AppendEntries [], prevIndex 0, prevTerm 0
069374 LEAD S0: 1 append success next 1 match 0
069375 LEAD S0: 2 append success next 1 match 0
070380 LEAD S0: prevLog &raft.Entry{Command:interface {}(nil), Term:0, Index:0}
070380 LEAD S0: prevLog &raft.Entry{Command:interface {}(nil), Term:0, Index:0}
070381 INFO S2: (term 1) follower 收到 [0] AppendEntries [], prevIndex 0, prevTerm 0
070381 INFO S1: (term 1) follower 收到 [0] AppendEntries [], prevIndex 0, prevTerm 0
070382 LEAD S0: 2 append success next 1 match 0
070382 LEAD S0: 1 append success next 1 match 0
071391 LEAD S0: prevLog &raft.Entry{Command:interface {}(nil), Term:0, Index:0}
071391 LEAD S0: prevLog &raft.Entry{Command:interface {}(nil), Term:0, Index:0}
071393 INFO S2: (term 1) follower 收到 [0] AppendEntries [], prevIndex 0, prevTerm 0
071393 INFO S1: (term 1) follower 收到 [0] AppendEntries [], prevIndex 0, prevTerm 0
071395 LEAD S0: 1 append success next 1 match 0
071395 LEAD S0: 2 append success next 1 match 0
072399 LEAD S0: prevLog &raft.Entry{Command:interface {}(nil), Term:0, Index:0}
072400 LEAD S0: prevLog &raft.Entry{Command:interface {}(nil), Term:0, Index:0}
072401 INFO S2: (term 1) follower 收到 [0] AppendEntries [], prevIndex 0, prevTerm 0
072402 LEAD S0: 2 append success next 1 match 0
072403 INFO S1: (term 1) follower 收到 [0] AppendEntries [], prevIndex 0, prevTerm 0
072404 LEAD S0: 1 append success next 1 match 0
073405 LEAD S0: prevLog &raft.Entry{Command:interface {}(nil), Term:0, Index:0}
073405 LEAD S0: prevLog &raft.Entry{Command:interface {}(nil), Term:0, Index:0}
073406 INFO S1: (term 1) follower 收到 [0] AppendEntries [], prevIndex 0, prevTerm 0
073406 INFO S2: (term 1) follower 收到 [0] AppendEntries [], prevIndex 0, prevTerm 0
073406 LEAD S0: 1 append success next 1 match 0
073406 LEAD S0: 2 append success next 1 match 0
074409 LEAD S0: prevLog &raft.Entry{Command:interface {}(nil), Term:0, Index:0}
074409 LEAD S0: prevLog &raft.Entry{Command:interface {}(nil), Term:0, Index:0}
074410 INFO S2: (term 1) follower 收到 [0] AppendEntries [], prevIndex 0, prevTerm 0
074410 LEAD S0: 2 append success next 1 match 0
074411 INFO S1: (term 1) follower 收到 [0] AppendEntries [], prevIndex 0, prevTerm 0
074411 LEAD S0: 1 append success next 1 match 0
075414 LEAD S0: prevLog &raft.Entry{Command:interface {}(nil), Term:0, Index:0}
075415 LEAD S0: prevLog &raft.Entry{Command:interface {}(nil), Term:0, Index:0}
075415 INFO S1: (term 1) follower 收到 [0] AppendEntries [], prevIndex 0, prevTerm 0
075415 INFO S2: (term 1) follower 收到 [0] AppendEntries [], prevIndex 0, prevTerm 0
075416 LEAD S0: 1 append success next 1 match 0
075416 LEAD S0: 2 append success next 1 match 0
076419 LEAD S0: prevLog &raft.Entry{Command:interface {}(nil), Term:0, Index:0}
076419 LEAD S0: prevLog &raft.Entry{Command:interface {}(nil), Term:0, Index:0}
076420 INFO S1: (term 1) follower 收到 [0] AppendEntries [], prevIndex 0, prevTerm 0
076420 INFO S2: (term 1) follower 收到 [0] AppendEntries [], prevIndex 0, prevTerm 0
076420 LEAD S0: 2 append success next 1 match 0
076420 LEAD S0: 1 append success next 1 match 0
077427 LEAD S0: prevLog &raft.Entry{Command:interface {}(nil), Term:0, Index:0}
077427 LEAD S0: prevLog &raft.Entry{Command:interface {}(nil), Term:0, Index:0}
077429 INFO S2: (term 1) follower 收到 [0] AppendEntries [], prevIndex 0, prevTerm 0
077430 INFO S1: (term 1) follower 收到 [0] AppendEntries [], prevIndex 0, prevTerm 0
077430 LEAD S0: 2 append success next 1 match 0
077431 LEAD S0: 1 append success next 1 match 0
078433 LEAD S0: prevLog &raft.Entry{Command:interface {}(nil), Term:0, Index:0}
078433 LEAD S0: prevLog &raft.Entry{Command:interface {}(nil), Term:0, Index:0}
078434 INFO S1: (term 1) follower 收到 [0] AppendEntries [], prevIndex 0, prevTerm 0
078434 INFO S2: (term 1) follower 收到 [0] AppendEntries [], prevIndex 0, prevTerm 0
078434 LEAD S0: 1 append success next 1 match 0
078434 LEAD S0: 2 append success next 1 match 0
079439 LEAD S0: prevLog &raft.Entry{Command:interface {}(nil), Term:0, Index:0}
079440 LEAD S0: prevLog &raft.Entry{Command:interface {}(nil), Term:0, Index:0}
079443 INFO S1: (term 1) follower 收到 [0] AppendEntries [], prevIndex 0, prevTerm 0
079444 INFO S2: (term 1) follower 收到 [0] AppendEntries [], prevIndex 0, prevTerm 0
079445 LEAD S0: 1 append success next 1 match 0
079447 LEAD S0: 2 append success next 1 match 0
080446 LEAD S0: prevLog &raft.Entry{Command:interface {}(nil), Term:0, Index:0}
080446 LEAD S0: prevLog &raft.Entry{Command:interface {}(nil), Term:0, Index:0}
080447 INFO S2: (term 1) follower 收到 [0] AppendEntries [], prevIndex 0, prevTerm 0
080448 LEAD S0: 2 append success next 1 match 0
080448 INFO S1: (term 1) follower 收到 [0] AppendEntries [], prevIndex 0, prevTerm 0
080449 LEAD S0: 1 append success next 1 match 0
081450 LEAD S0: prevLog &raft.Entry{Command:interface {}(nil), Term:0, Index:0}
081451 LEAD S0: prevLog &raft.Entry{Command:interface {}(nil), Term:0, Index:0}
081451 INFO S2: (term 1) follower 收到 [0] AppendEntries [], prevIndex 0, prevTerm 0
081451 INFO S1: (term 1) follower 收到 [0] AppendEntries [], prevIndex 0, prevTerm 0
081452 LEAD S0: 1 append success next 1 match 0
081452 LEAD S0: 2 append success next 1 match 0
082456 LEAD S0: prevLog &raft.Entry{Command:interface {}(nil), Term:0, Index:0}
082457 LEAD S0: prevLog &raft.Entry{Command:interface {}(nil), Term:0, Index:0}
082458 INFO S2: (term 1) follower 收到 [0] AppendEntries [], prevIndex 0, prevTerm 0
082458 INFO S1: (term 1) follower 收到 [0] AppendEntries [], prevIndex 0, prevTerm 0
082458 LEAD S0: 2 append success next 1 match 0
082458 LEAD S0: 1 append success next 1 match 0
083461 LEAD S0: prevLog &raft.Entry{Command:interface {}(nil), Term:0, Index:0}
083461 LEAD S0: prevLog &raft.Entry{Command:interface {}(nil), Term:0, Index:0}
083462 INFO S2: (term 1) follower 收到 [0] AppendEntries [], prevIndex 0, prevTerm 0
083462 LEAD S0: 2 append success next 1 match 0
083463 INFO S1: (term 1) follower 收到 [0] AppendEntries [], prevIndex 0, prevTerm 0
083463 LEAD S0: 1 append success next 1 match 0
084465 LEAD S0: prevLog &raft.Entry{Command:interface {}(nil), Term:0, Index:0}
084465 LEAD S0: prevLog &raft.Entry{Command:interface {}(nil), Term:0, Index:0}
084466 INFO S2: (term 1) follower 收到 [0] AppendEntries [], prevIndex 0, prevTerm 0
084466 LEAD S0: 2 append success next 1 match 0
084467 INFO S1: (term 1) follower 收到 [0] AppendEntries [], prevIndex 0, prevTerm 0
084468 LEAD S0: 1 append success next 1 match 0
085469 LEAD S0: prevLog &raft.Entry{Command:interface {}(nil), Term:0, Index:0}
085470 LEAD S0: prevLog &raft.Entry{Command:interface {}(nil), Term:0, Index:0}
085470 INFO S2: (term 1) follower 收到 [0] AppendEntries [], prevIndex 0, prevTerm 0
085470 INFO S1: (term 1) follower 收到 [0] AppendEntries [], prevIndex 0, prevTerm 0
085471 LEAD S0: 2 append success next 1 match 0
085471 LEAD S0: 1 append success next 1 match 0
086475 LEAD S0: prevLog &raft.Entry{Command:interface {}(nil), Term:0, Index:0}
086475 LEAD S0: prevLog &raft.Entry{Command:interface {}(nil), Term:0, Index:0}
086476 INFO S1: (term 1) follower 收到 [0] AppendEntries [], prevIndex 0, prevTerm 0
086476 INFO S2: (term 1) follower 收到 [0] AppendEntries [], prevIndex 0, prevTerm 0
086477 LEAD S0: 1 append success next 1 match 0
086477 LEAD S0: 2 append success next 1 match 0
087483 LEAD S0: prevLog &raft.Entry{Command:interface {}(nil), Term:0, Index:0}
087483 LEAD S0: prevLog &raft.Entry{Command:interface {}(nil), Term:0, Index:0}
087483 INFO S2: (term 1) follower 收到 [0] AppendEntries [], prevIndex 0, prevTerm 0
087483 INFO S1: (term 1) follower 收到 [0] AppendEntries [], prevIndex 0, prevTerm 0
087484 LEAD S0: 2 append success next 1 match 0
087484 LEAD S0: 1 append success next 1 match 0
088487 LEAD S0: prevLog &raft.Entry{Command:interface {}(nil), Term:0, Index:0}
088487 LEAD S0: prevLog &raft.Entry{Command:interface {}(nil), Term:0, Index:0}
088487 INFO S2: (term 1) follower 收到 [0] AppendEntries [], prevIndex 0, prevTerm 0
088487 INFO S1: (term 1) follower 收到 [0] AppendEntries [], prevIndex 0, prevTerm 0
088488 LEAD S0: 1 append success next 1 match 0
088488 LEAD S0: 2 append success next 1 match 0
089492 LEAD S0: prevLog &raft.Entry{Command:interface {}(nil), Term:0, Index:0}
089492 LEAD S0: prevLog &raft.Entry{Command:interface {}(nil), Term:0, Index:0}
089493 INFO S2: (term 1) follower 收到 [0] AppendEntries [], prevIndex 0, prevTerm 0
089493 INFO S1: (term 1) follower 收到 [0] AppendEntries [], prevIndex 0, prevTerm 0
089493 LEAD S0: 2 append success next 1 match 0
089494 LEAD S0: 1 append success next 1 match 0
090496 LEAD S0: prevLog &raft.Entry{Command:interface {}(nil), Term:0, Index:0}
090496 LEAD S0: prevLog &raft.Entry{Command:interface {}(nil), Term:0, Index:0}
090498 INFO S1: (term 1) follower 收到 [0] AppendEntries [], prevIndex 0, prevTerm 0
090498 INFO S2: (term 1) follower 收到 [0] AppendEntries [], prevIndex 0, prevTerm 0
090499 LEAD S0: 1 append success next 1 match 0
090499 LEAD S0: 2 append success next 1 match 0
091502 LEAD S0: prevLog &raft.Entry{Command:interface {}(nil), Term:0, Index:0}
091503 LEAD S0: prevLog &raft.Entry{Command:interface {}(nil), Term:0, Index:0}
091505 INFO S2: (term 1) follower 收到 [0] AppendEntries [], prevIndex 0, prevTerm 0
091506 LEAD S0: 2 append success next 1 match 0
091506 INFO S1: (term 1) follower 收到 [0] AppendEntries [], prevIndex 0, prevTerm 0
091507 LEAD S0: 1 append success next 1 match 0
092512 LEAD S0: prevLog &raft.Entry{Command:interface {}(nil), Term:0, Index:0}
092513 LEAD S0: prevLog &raft.Entry{Command:interface {}(nil), Term:0, Index:0}
092516 INFO S2: (term 1) follower 收到 [0] AppendEntries [], prevIndex 0, prevTerm 0
092516 INFO S1: (term 1) follower 收到 [0] AppendEntries [], prevIndex 0, prevTerm 0
092517 LEAD S0: 2 append success next 1 match 0
092518 LEAD S0: 1 append success next 1 match 0
093549 LEAD S0: prevLog &raft.Entry{Command:interface {}(nil), Term:0, Index:0}
093549 LEAD S0: prevLog &raft.Entry{Command:interface {}(nil), Term:0, Index:0}
093550 INFO S2: (term 1) follower 收到 [0] AppendEntries [], prevIndex 0, prevTerm 0
093551 INFO S1: (term 1) follower 收到 [0] AppendEntries [], prevIndex 0, prevTerm 0
093551 LEAD S0: 2 append success next 1 match 0
093551 LEAD S0: 1 append success next 1 match 0
094553 LEAD S0: prevLog &raft.Entry{Command:interface {}(nil), Term:0, Index:0}
094554 LEAD S0: prevLog &raft.Entry{Command:interface {}(nil), Term:0, Index:0}
094555 INFO S1: (term 1) follower 收到 [0] AppendEntries [], prevIndex 0, prevTerm 0
094555 INFO S2: (term 1) follower 收到 [0] AppendEntries [], prevIndex 0, prevTerm 0
094555 LEAD S0: 2 append success next 1 match 0
094555 LEAD S0: 1 append success next 1 match 0
095557 LEAD S0: prevLog &raft.Entry{Command:interface {}(nil), Term:0, Index:0}
095557 LEAD S0: prevLog &raft.Entry{Command:interface {}(nil), Term:0, Index:0}
095558 INFO S1: (term 1) follower 收到 [0] AppendEntries [], prevIndex 0, prevTerm 0
095558 INFO S2: (term 1) follower 收到 [0] AppendEntries [], prevIndex 0, prevTerm 0
095559 LEAD S0: 1 append success next 1 match 0
095559 LEAD S0: 2 append success next 1 match 0
096562 LEAD S0: prevLog &raft.Entry{Command:interface {}(nil), Term:0, Index:0}
096562 LEAD S0: prevLog &raft.Entry{Command:interface {}(nil), Term:0, Index:0}
096564 INFO S1: (term 1) follower 收到 [0] AppendEntries [], prevIndex 0, prevTerm 0
096565 INFO S2: (term 1) follower 收到 [0] AppendEntries [], prevIndex 0, prevTerm 0
096565 LEAD S0: 1 append success next 1 match 0
096567 LEAD S0: 2 append success next 1 match 0
097568 LEAD S0: prevLog &raft.Entry{Command:interface {}(nil), Term:0, Index:0}
097568 LEAD S0: prevLog &raft.Entry{Command:interface {}(nil), Term:0, Index:0}
097571 INFO S2: (term 1) follower 收到 [0] AppendEntries [], prevIndex 0, prevTerm 0
097572 LEAD S0: 2 append success next 1 match 0
097574 INFO S1: (term 1) follower 收到 [0] AppendEntries [], prevIndex 0, prevTerm 0
097576 LEAD S0: 1 append success next 1 match 0
098575 LEAD S0: prevLog &raft.Entry{Command:interface {}(nil), Term:0, Index:0}
098576 LEAD S0: prevLog &raft.Entry{Command:interface {}(nil), Term:0, Index:0}
098579 INFO S2: (term 1) follower 收到 [0] AppendEntries [], prevIndex 0, prevTerm 0
098581 LEAD S0: 2 append success next 1 match 0
098582 INFO S1: (term 1) follower 收到 [0] AppendEntries [], prevIndex 0, prevTerm 0
098585 LEAD S0: 1 append success next 1 match 0
099578 LEAD S0: prevLog &raft.Entry{Command:interface {}(nil), Term:0, Index:0}
099579 LEAD S0: prevLog &raft.Entry{Command:interface {}(nil), Term:0, Index:0}
099579 INFO S2: (term 1) follower 收到 [0] AppendEntries [], prevIndex 0, prevTerm 0
099579 LEAD S0: 2 append success next 1 match 0
099580 INFO S1: (term 1) follower 收到 [0] AppendEntries [], prevIndex 0, prevTerm 0
099580 LEAD S0: 1 append success next 1 match 0
--- FAIL: TestPersist12C (10.01s)
    config.go:609: one(11) failed to reach agreement
FAIL
exit status 1
FAIL	6.824/raft	10.009s
