Test (2C): basic persistence ...
003018 INFO S1: start leader election, term 1
003018 VOTE S1: term 1 send vote request to 2
003018 VOTE S1: term 1 send vote request to 0
003019 TERM S2: set new term 1
003019 VOTE S2: term 1 vote 1
003019 VOTE S1: reply from 2, term一致，且投给1
003019 LEAD S1: come to power, start to send heartbeat
003019 LEAD S1: prevLog &raft.Entry{Command:interface {}(nil), Term:0, Index:0}
003019 LEAD S1: prevLog &raft.Entry{Command:interface {}(nil), Term:0, Index:0}
003020 TERM S0: set new term 1
003020 VOTE S0: term 1 vote 1
003020 INFO S2: (term 1) follower 收到 [1] AppendEntries [], prevIndex 0, prevTerm 0
003020 VOTE S1: reply from 0, term一致，且投给1
003020 INFO S0: (term 1) follower 收到 [1] AppendEntries [], prevIndex 0, prevTerm 0
003020 LEAD S1: 2 append success next 1 match 0
003021 LEAD S1: 0 append success next 1 match 0
004020 LEAD S1: prevLog &raft.Entry{Command:interface {}(nil), Term:0, Index:0}
004021 LEAD S1: prevLog &raft.Entry{Command:interface {}(nil), Term:0, Index:0}
004021 INFO S2: (term 1) follower 收到 [1] AppendEntries [], prevIndex 0, prevTerm 0
004022 LEAD S1: 2 append success next 1 match 0
004022 INFO S0: (term 1) follower 收到 [1] AppendEntries [], prevIndex 0, prevTerm 0
004022 LEAD S1: 0 append success next 1 match 0
005024 LEAD S1: prevLog &raft.Entry{Command:interface {}(nil), Term:0, Index:0}
005024 LEAD S1: prevLog &raft.Entry{Command:interface {}(nil), Term:0, Index:0}
005025 INFO S2: (term 1) follower 收到 [1] AppendEntries [], prevIndex 0, prevTerm 0
005025 LEAD S1: 2 append success next 1 match 0
005025 INFO S0: (term 1) follower 收到 [1] AppendEntries [], prevIndex 0, prevTerm 0
005025 LEAD S1: 0 append success next 1 match 0
006030 LEAD S1: prevLog &raft.Entry{Command:interface {}(nil), Term:0, Index:0}
006030 LEAD S1: prevLog &raft.Entry{Command:interface {}(nil), Term:0, Index:0}
006032 INFO S2: (term 1) follower 收到 [1] AppendEntries [], prevIndex 0, prevTerm 0
006033 LEAD S1: 2 append success next 1 match 0
006034 INFO S0: (term 1) follower 收到 [1] AppendEntries [], prevIndex 0, prevTerm 0
006035 LEAD S1: 0 append success next 1 match 0
007033 LEAD S1: prevLog &raft.Entry{Command:interface {}(nil), Term:0, Index:0}
007033 LEAD S1: prevLog &raft.Entry{Command:interface {}(nil), Term:0, Index:0}
007034 INFO S2: (term 1) follower 收到 [1] AppendEntries [], prevIndex 0, prevTerm 0
007034 LEAD S1: 2 append success next 1 match 0
007035 INFO S0: (term 1) follower 收到 [1] AppendEntries [], prevIndex 0, prevTerm 0
007035 LEAD S1: 0 append success next 1 match 0
008037 LEAD S1: prevLog &raft.Entry{Command:interface {}(nil), Term:0, Index:0}
008038 LEAD S1: prevLog &raft.Entry{Command:interface {}(nil), Term:0, Index:0}
008038 INFO S2: (term 1) follower 收到 [1] AppendEntries [], prevIndex 0, prevTerm 0
008039 LEAD S1: 2 append success next 1 match 0
008039 INFO S0: (term 1) follower 收到 [1] AppendEntries [], prevIndex 0, prevTerm 0
008039 LEAD S1: 0 append success next 1 match 0
009040 LEAD S1: prevLog &raft.Entry{Command:interface {}(nil), Term:0, Index:0}
009040 LEAD S1: prevLog &raft.Entry{Command:interface {}(nil), Term:0, Index:0}
009041 INFO S2: (term 1) follower 收到 [1] AppendEntries [], prevIndex 0, prevTerm 0
009041 LEAD S1: 2 append success next 1 match 0
009041 INFO S0: (term 1) follower 收到 [1] AppendEntries [], prevIndex 0, prevTerm 0
009042 LEAD S1: 0 append success next 1 match 0
010044 LEAD S1: prevLog &raft.Entry{Command:interface {}(nil), Term:0, Index:0}
010045 LEAD S1: prevLog &raft.Entry{Command:interface {}(nil), Term:0, Index:0}
010045 INFO S2: (term 1) follower 收到 [1] AppendEntries [], prevIndex 0, prevTerm 0
010046 LEAD S1: 2 append success next 1 match 0
010046 INFO S0: (term 1) follower 收到 [1] AppendEntries [], prevIndex 0, prevTerm 0
010046 LEAD S1: 0 append success next 1 match 0
011048 LEAD S1: prevLog &raft.Entry{Command:interface {}(nil), Term:0, Index:0}
011049 LEAD S1: prevLog &raft.Entry{Command:interface {}(nil), Term:0, Index:0}
011049 INFO S2: (term 1) follower 收到 [1] AppendEntries [], prevIndex 0, prevTerm 0
011050 INFO S0: (term 1) follower 收到 [1] AppendEntries [], prevIndex 0, prevTerm 0
011050 LEAD S1: 2 append success next 1 match 0
011050 LEAD S1: 0 append success next 1 match 0
012052 LEAD S1: prevLog &raft.Entry{Command:interface {}(nil), Term:0, Index:0}
012053 LEAD S1: prevLog &raft.Entry{Command:interface {}(nil), Term:0, Index:0}
012054 INFO S2: (term 1) follower 收到 [1] AppendEntries [], prevIndex 0, prevTerm 0
012054 LEAD S1: 2 append success next 1 match 0
012055 INFO S0: (term 1) follower 收到 [1] AppendEntries [], prevIndex 0, prevTerm 0
012055 LEAD S1: 0 append success next 1 match 0
013057 LEAD S1: prevLog &raft.Entry{Command:interface {}(nil), Term:0, Index:0}
013057 LEAD S1: prevLog &raft.Entry{Command:interface {}(nil), Term:0, Index:0}
013058 INFO S2: (term 1) follower 收到 [1] AppendEntries [], prevIndex 0, prevTerm 0
013058 LEAD S1: 2 append success next 1 match 0
013058 INFO S0: (term 1) follower 收到 [1] AppendEntries [], prevIndex 0, prevTerm 0
013058 LEAD S1: 0 append success next 1 match 0
014061 LEAD S1: prevLog &raft.Entry{Command:interface {}(nil), Term:0, Index:0}
014062 LEAD S1: prevLog &raft.Entry{Command:interface {}(nil), Term:0, Index:0}
014062 INFO S2: (term 1) follower 收到 [1] AppendEntries [], prevIndex 0, prevTerm 0
014062 LEAD S1: 2 append success next 1 match 0
014063 INFO S0: (term 1) follower 收到 [1] AppendEntries [], prevIndex 0, prevTerm 0
014063 LEAD S1: 0 append success next 1 match 0
015067 LEAD S1: prevLog &raft.Entry{Command:interface {}(nil), Term:0, Index:0}
015068 LEAD S1: prevLog &raft.Entry{Command:interface {}(nil), Term:0, Index:0}
015070 INFO S0: (term 1) follower 收到 [1] AppendEntries [], prevIndex 0, prevTerm 0
015070 INFO S2: (term 1) follower 收到 [1] AppendEntries [], prevIndex 0, prevTerm 0
015070 LEAD S1: 0 append success next 1 match 0
015071 LEAD S1: 2 append success next 1 match 0
016072 LEAD S1: prevLog &raft.Entry{Command:interface {}(nil), Term:0, Index:0}
016073 LEAD S1: prevLog &raft.Entry{Command:interface {}(nil), Term:0, Index:0}
016076 INFO S2: (term 1) follower 收到 [1] AppendEntries [], prevIndex 0, prevTerm 0
016077 INFO S0: (term 1) follower 收到 [1] AppendEntries [], prevIndex 0, prevTerm 0
016078 LEAD S1: 2 append success next 1 match 0
016079 LEAD S1: 0 append success next 1 match 0
017077 LEAD S1: prevLog &raft.Entry{Command:interface {}(nil), Term:0, Index:0}
017078 LEAD S1: prevLog &raft.Entry{Command:interface {}(nil), Term:0, Index:0}
017078 INFO S2: (term 1) follower 收到 [1] AppendEntries [], prevIndex 0, prevTerm 0
017078 LEAD S1: 2 append success next 1 match 0
017079 INFO S0: (term 1) follower 收到 [1] AppendEntries [], prevIndex 0, prevTerm 0
017079 LEAD S1: 0 append success next 1 match 0
018086 LEAD S1: prevLog &raft.Entry{Command:interface {}(nil), Term:0, Index:0}
018086 LEAD S1: prevLog &raft.Entry{Command:interface {}(nil), Term:0, Index:0}
018089 INFO S2: (term 1) follower 收到 [1] AppendEntries [], prevIndex 0, prevTerm 0
018089 INFO S0: (term 1) follower 收到 [1] AppendEntries [], prevIndex 0, prevTerm 0
018090 LEAD S1: 2 append success next 1 match 0
018091 LEAD S1: 0 append success next 1 match 0
019092 LEAD S1: prevLog &raft.Entry{Command:interface {}(nil), Term:0, Index:0}
019093 LEAD S1: prevLog &raft.Entry{Command:interface {}(nil), Term:0, Index:0}
019095 INFO S2: (term 1) follower 收到 [1] AppendEntries [], prevIndex 0, prevTerm 0
019096 INFO S0: (term 1) follower 收到 [1] AppendEntries [], prevIndex 0, prevTerm 0
019097 LEAD S1: 2 append success next 1 match 0
019098 LEAD S1: 0 append success next 1 match 0
020098 LEAD S1: prevLog &raft.Entry{Command:interface {}(nil), Term:0, Index:0}
020099 LEAD S1: prevLog &raft.Entry{Command:interface {}(nil), Term:0, Index:0}
020101 INFO S2: (term 1) follower 收到 [1] AppendEntries [], prevIndex 0, prevTerm 0
020102 INFO S0: (term 1) follower 收到 [1] AppendEntries [], prevIndex 0, prevTerm 0
020103 LEAD S1: 2 append success next 1 match 0
020104 LEAD S1: 0 append success next 1 match 0
021104 LEAD S1: prevLog &raft.Entry{Command:interface {}(nil), Term:0, Index:0}
021105 LEAD S1: prevLog &raft.Entry{Command:interface {}(nil), Term:0, Index:0}
021107 INFO S2: (term 1) follower 收到 [1] AppendEntries [], prevIndex 0, prevTerm 0
021108 INFO S0: (term 1) follower 收到 [1] AppendEntries [], prevIndex 0, prevTerm 0
021108 LEAD S1: 2 append success next 1 match 0
021110 LEAD S1: 0 append success next 1 match 0
022111 LEAD S1: prevLog &raft.Entry{Command:interface {}(nil), Term:0, Index:0}
022111 LEAD S1: prevLog &raft.Entry{Command:interface {}(nil), Term:0, Index:0}
022113 INFO S2: (term 1) follower 收到 [1] AppendEntries [], prevIndex 0, prevTerm 0
022114 INFO S0: (term 1) follower 收到 [1] AppendEntries [], prevIndex 0, prevTerm 0
022114 LEAD S1: 2 append success next 1 match 0
022115 LEAD S1: 0 append success next 1 match 0
023118 LEAD S1: prevLog &raft.Entry{Command:interface {}(nil), Term:0, Index:0}
023118 LEAD S1: prevLog &raft.Entry{Command:interface {}(nil), Term:0, Index:0}
023120 INFO S2: (term 1) follower 收到 [1] AppendEntries [], prevIndex 0, prevTerm 0
023120 INFO S0: (term 1) follower 收到 [1] AppendEntries [], prevIndex 0, prevTerm 0
023121 LEAD S1: 2 append success next 1 match 0
023122 LEAD S1: 0 append success next 1 match 0
024124 LEAD S1: prevLog &raft.Entry{Command:interface {}(nil), Term:0, Index:0}
024124 LEAD S1: prevLog &raft.Entry{Command:interface {}(nil), Term:0, Index:0}
024125 INFO S2: (term 1) follower 收到 [1] AppendEntries [], prevIndex 0, prevTerm 0
024126 LEAD S1: 2 append success next 1 match 0
024126 INFO S0: (term 1) follower 收到 [1] AppendEntries [], prevIndex 0, prevTerm 0
024126 LEAD S1: 0 append success next 1 match 0
025127 LEAD S1: prevLog &raft.Entry{Command:interface {}(nil), Term:0, Index:0}
025127 LEAD S1: prevLog &raft.Entry{Command:interface {}(nil), Term:0, Index:0}
025128 INFO S2: (term 1) follower 收到 [1] AppendEntries [], prevIndex 0, prevTerm 0
025128 LEAD S1: 2 append success next 1 match 0
025128 INFO S0: (term 1) follower 收到 [1] AppendEntries [], prevIndex 0, prevTerm 0
025129 LEAD S1: 0 append success next 1 match 0
026131 LEAD S1: prevLog &raft.Entry{Command:interface {}(nil), Term:0, Index:0}
026131 LEAD S1: prevLog &raft.Entry{Command:interface {}(nil), Term:0, Index:0}
026132 INFO S0: (term 1) follower 收到 [1] AppendEntries [], prevIndex 0, prevTerm 0
026132 INFO S2: (term 1) follower 收到 [1] AppendEntries [], prevIndex 0, prevTerm 0
026132 LEAD S1: 0 append success next 1 match 0
026132 LEAD S1: 2 append success next 1 match 0
027136 LEAD S1: prevLog &raft.Entry{Command:interface {}(nil), Term:0, Index:0}
027136 LEAD S1: prevLog &raft.Entry{Command:interface {}(nil), Term:0, Index:0}
027137 INFO S2: (term 1) follower 收到 [1] AppendEntries [], prevIndex 0, prevTerm 0
027137 LEAD S1: 2 append success next 1 match 0
027137 INFO S0: (term 1) follower 收到 [1] AppendEntries [], prevIndex 0, prevTerm 0
027138 LEAD S1: 0 append success next 1 match 0
028141 LEAD S1: prevLog &raft.Entry{Command:interface {}(nil), Term:0, Index:0}
028142 LEAD S1: prevLog &raft.Entry{Command:interface {}(nil), Term:0, Index:0}
028143 INFO S2: (term 1) follower 收到 [1] AppendEntries [], prevIndex 0, prevTerm 0
028144 LEAD S1: 2 append success next 1 match 0
028144 INFO S0: (term 1) follower 收到 [1] AppendEntries [], prevIndex 0, prevTerm 0
028146 LEAD S1: 0 append success next 1 match 0
029151 LEAD S1: prevLog &raft.Entry{Command:interface {}(nil), Term:0, Index:0}
029151 LEAD S1: prevLog &raft.Entry{Command:interface {}(nil), Term:0, Index:0}
029154 INFO S2: (term 1) follower 收到 [1] AppendEntries [], prevIndex 0, prevTerm 0
029156 LEAD S1: 2 append success next 1 match 0
029156 INFO S0: (term 1) follower 收到 [1] AppendEntries [], prevIndex 0, prevTerm 0
029158 LEAD S1: 0 append success next 1 match 0
030162 LEAD S1: prevLog &raft.Entry{Command:interface {}(nil), Term:0, Index:0}
030162 LEAD S1: prevLog &raft.Entry{Command:interface {}(nil), Term:0, Index:0}
030164 INFO S2: (term 1) follower 收到 [1] AppendEntries [], prevIndex 0, prevTerm 0
030165 INFO S0: (term 1) follower 收到 [1] AppendEntries [], prevIndex 0, prevTerm 0
030165 LEAD S1: 2 append success next 1 match 0
030166 LEAD S1: 0 append success next 1 match 0
031166 LEAD S1: prevLog &raft.Entry{Command:interface {}(nil), Term:0, Index:0}
031166 LEAD S1: prevLog &raft.Entry{Command:interface {}(nil), Term:0, Index:0}
031167 INFO S2: (term 1) follower 收到 [1] AppendEntries [], prevIndex 0, prevTerm 0
031167 LEAD S1: 2 append success next 1 match 0
031167 INFO S0: (term 1) follower 收到 [1] AppendEntries [], prevIndex 0, prevTerm 0
031168 LEAD S1: 0 append success next 1 match 0
032170 LEAD S1: prevLog &raft.Entry{Command:interface {}(nil), Term:0, Index:0}
032170 LEAD S1: prevLog &raft.Entry{Command:interface {}(nil), Term:0, Index:0}
032171 INFO S2: (term 1) follower 收到 [1] AppendEntries [], prevIndex 0, prevTerm 0
032171 LEAD S1: 2 append success next 1 match 0
032171 INFO S0: (term 1) follower 收到 [1] AppendEntries [], prevIndex 0, prevTerm 0
032172 LEAD S1: 0 append success next 1 match 0
033173 LEAD S1: prevLog &raft.Entry{Command:interface {}(nil), Term:0, Index:0}
033174 LEAD S1: prevLog &raft.Entry{Command:interface {}(nil), Term:0, Index:0}
033174 INFO S2: (term 1) follower 收到 [1] AppendEntries [], prevIndex 0, prevTerm 0
033175 LEAD S1: 2 append success next 1 match 0
033175 INFO S0: (term 1) follower 收到 [1] AppendEntries [], prevIndex 0, prevTerm 0
033175 LEAD S1: 0 append success next 1 match 0
034177 LEAD S1: prevLog &raft.Entry{Command:interface {}(nil), Term:0, Index:0}
034177 LEAD S1: prevLog &raft.Entry{Command:interface {}(nil), Term:0, Index:0}
034178 INFO S2: (term 1) follower 收到 [1] AppendEntries [], prevIndex 0, prevTerm 0
034178 LEAD S1: 2 append success next 1 match 0
034178 INFO S0: (term 1) follower 收到 [1] AppendEntries [], prevIndex 0, prevTerm 0
034178 LEAD S1: 0 append success next 1 match 0
035183 LEAD S1: prevLog &raft.Entry{Command:interface {}(nil), Term:0, Index:0}
035183 LEAD S1: prevLog &raft.Entry{Command:interface {}(nil), Term:0, Index:0}
035186 INFO S0: (term 1) follower 收到 [1] AppendEntries [], prevIndex 0, prevTerm 0
035187 INFO S2: (term 1) follower 收到 [1] AppendEntries [], prevIndex 0, prevTerm 0
035189 LEAD S1: 2 append success next 1 match 0
035189 LEAD S1: 0 append success next 1 match 0
036191 LEAD S1: prevLog &raft.Entry{Command:interface {}(nil), Term:0, Index:0}
036191 LEAD S1: prevLog &raft.Entry{Command:interface {}(nil), Term:0, Index:0}
036193 INFO S0: (term 1) follower 收到 [1] AppendEntries [], prevIndex 0, prevTerm 0
036194 LEAD S1: 0 append success next 1 match 0
036194 INFO S2: (term 1) follower 收到 [1] AppendEntries [], prevIndex 0, prevTerm 0
036194 LEAD S1: 2 append success next 1 match 0
037196 LEAD S1: prevLog &raft.Entry{Command:interface {}(nil), Term:0, Index:0}
037196 LEAD S1: prevLog &raft.Entry{Command:interface {}(nil), Term:0, Index:0}
037197 INFO S2: (term 1) follower 收到 [1] AppendEntries [], prevIndex 0, prevTerm 0
037197 LEAD S1: 2 append success next 1 match 0
037198 INFO S0: (term 1) follower 收到 [1] AppendEntries [], prevIndex 0, prevTerm 0
037198 LEAD S1: 0 append success next 1 match 0
038199 LEAD S1: prevLog &raft.Entry{Command:interface {}(nil), Term:0, Index:0}
038199 LEAD S1: prevLog &raft.Entry{Command:interface {}(nil), Term:0, Index:0}
038200 INFO S0: (term 1) follower 收到 [1] AppendEntries [], prevIndex 0, prevTerm 0
038200 INFO S2: (term 1) follower 收到 [1] AppendEntries [], prevIndex 0, prevTerm 0
038200 LEAD S1: 0 append success next 1 match 0
038200 LEAD S1: 2 append success next 1 match 0
039202 LEAD S1: prevLog &raft.Entry{Command:interface {}(nil), Term:0, Index:0}
039203 LEAD S1: prevLog &raft.Entry{Command:interface {}(nil), Term:0, Index:0}
039204 INFO S2: (term 1) follower 收到 [1] AppendEntries [], prevIndex 0, prevTerm 0
039205 LEAD S1: 2 append success next 1 match 0
039205 INFO S0: (term 1) follower 收到 [1] AppendEntries [], prevIndex 0, prevTerm 0
039207 LEAD S1: 0 append success next 1 match 0
040207 LEAD S1: prevLog &raft.Entry{Command:interface {}(nil), Term:0, Index:0}
040207 LEAD S1: prevLog &raft.Entry{Command:interface {}(nil), Term:0, Index:0}
040208 INFO S2: (term 1) follower 收到 [1] AppendEntries [], prevIndex 0, prevTerm 0
040208 LEAD S1: 2 append success next 1 match 0
040209 INFO S0: (term 1) follower 收到 [1] AppendEntries [], prevIndex 0, prevTerm 0
040209 LEAD S1: 0 append success next 1 match 0
041211 LEAD S1: prevLog &raft.Entry{Command:interface {}(nil), Term:0, Index:0}
041211 LEAD S1: prevLog &raft.Entry{Command:interface {}(nil), Term:0, Index:0}
041212 INFO S2: (term 1) follower 收到 [1] AppendEntries [], prevIndex 0, prevTerm 0
041212 LEAD S1: 2 append success next 1 match 0
041212 INFO S0: (term 1) follower 收到 [1] AppendEntries [], prevIndex 0, prevTerm 0
041213 LEAD S1: 0 append success next 1 match 0
042216 LEAD S1: prevLog &raft.Entry{Command:interface {}(nil), Term:0, Index:0}
042216 LEAD S1: prevLog &raft.Entry{Command:interface {}(nil), Term:0, Index:0}
042218 INFO S2: (term 1) follower 收到 [1] AppendEntries [], prevIndex 0, prevTerm 0
042219 LEAD S1: 2 append success next 1 match 0
042219 INFO S0: (term 1) follower 收到 [1] AppendEntries [], prevIndex 0, prevTerm 0
042221 LEAD S1: 0 append success next 1 match 0
043220 LEAD S1: prevLog &raft.Entry{Command:interface {}(nil), Term:0, Index:0}
043221 LEAD S1: prevLog &raft.Entry{Command:interface {}(nil), Term:0, Index:0}
043221 INFO S2: (term 1) follower 收到 [1] AppendEntries [], prevIndex 0, prevTerm 0
043222 LEAD S1: 2 append success next 1 match 0
043222 INFO S0: (term 1) follower 收到 [1] AppendEntries [], prevIndex 0, prevTerm 0
043222 LEAD S1: 0 append success next 1 match 0
044227 LEAD S1: prevLog &raft.Entry{Command:interface {}(nil), Term:0, Index:0}
044227 LEAD S1: prevLog &raft.Entry{Command:interface {}(nil), Term:0, Index:0}
044228 INFO S2: (term 1) follower 收到 [1] AppendEntries [], prevIndex 0, prevTerm 0
044228 LEAD S1: 2 append success next 1 match 0
044229 INFO S0: (term 1) follower 收到 [1] AppendEntries [], prevIndex 0, prevTerm 0
044229 LEAD S1: 0 append success next 1 match 0
045231 LEAD S1: prevLog &raft.Entry{Command:interface {}(nil), Term:0, Index:0}
045231 LEAD S1: prevLog &raft.Entry{Command:interface {}(nil), Term:0, Index:0}
045232 INFO S2: (term 1) follower 收到 [1] AppendEntries [], prevIndex 0, prevTerm 0
045232 LEAD S1: 2 append success next 1 match 0
045232 INFO S0: (term 1) follower 收到 [1] AppendEntries [], prevIndex 0, prevTerm 0
045233 LEAD S1: 0 append success next 1 match 0
046236 LEAD S1: prevLog &raft.Entry{Command:interface {}(nil), Term:0, Index:0}
046236 LEAD S1: prevLog &raft.Entry{Command:interface {}(nil), Term:0, Index:0}
046236 INFO S2: (term 1) follower 收到 [1] AppendEntries [], prevIndex 0, prevTerm 0
046237 LEAD S1: 2 append success next 1 match 0
046237 INFO S0: (term 1) follower 收到 [1] AppendEntries [], prevIndex 0, prevTerm 0
046237 LEAD S1: 0 append success next 1 match 0
047240 LEAD S1: prevLog &raft.Entry{Command:interface {}(nil), Term:0, Index:0}
047241 LEAD S1: prevLog &raft.Entry{Command:interface {}(nil), Term:0, Index:0}
047243 INFO S2: (term 1) follower 收到 [1] AppendEntries [], prevIndex 0, prevTerm 0
047244 LEAD S1: 2 append success next 1 match 0
047244 INFO S0: (term 1) follower 收到 [1] AppendEntries [], prevIndex 0, prevTerm 0
047246 LEAD S1: 0 append success next 1 match 0
048246 LEAD S1: prevLog &raft.Entry{Command:interface {}(nil), Term:0, Index:0}
048246 LEAD S1: prevLog &raft.Entry{Command:interface {}(nil), Term:0, Index:0}
048247 INFO S2: (term 1) follower 收到 [1] AppendEntries [], prevIndex 0, prevTerm 0
048247 INFO S0: (term 1) follower 收到 [1] AppendEntries [], prevIndex 0, prevTerm 0
048248 LEAD S1: 0 append success next 1 match 0
048248 LEAD S1: 2 append success next 1 match 0
049250 LEAD S1: prevLog &raft.Entry{Command:interface {}(nil), Term:0, Index:0}
049250 LEAD S1: prevLog &raft.Entry{Command:interface {}(nil), Term:0, Index:0}
049251 INFO S2: (term 1) follower 收到 [1] AppendEntries [], prevIndex 0, prevTerm 0
049252 LEAD S1: 2 append success next 1 match 0
049252 INFO S0: (term 1) follower 收到 [1] AppendEntries [], prevIndex 0, prevTerm 0
049253 LEAD S1: 0 append success next 1 match 0
050254 LEAD S1: prevLog &raft.Entry{Command:interface {}(nil), Term:0, Index:0}
050254 LEAD S1: prevLog &raft.Entry{Command:interface {}(nil), Term:0, Index:0}
050255 INFO S2: (term 1) follower 收到 [1] AppendEntries [], prevIndex 0, prevTerm 0
050255 LEAD S1: 2 append success next 1 match 0
050255 INFO S0: (term 1) follower 收到 [1] AppendEntries [], prevIndex 0, prevTerm 0
050256 LEAD S1: 0 append success next 1 match 0
051257 LEAD S1: prevLog &raft.Entry{Command:interface {}(nil), Term:0, Index:0}
051258 LEAD S1: prevLog &raft.Entry{Command:interface {}(nil), Term:0, Index:0}
051258 INFO S2: (term 1) follower 收到 [1] AppendEntries [], prevIndex 0, prevTerm 0
051259 LEAD S1: 2 append success next 1 match 0
051259 INFO S0: (term 1) follower 收到 [1] AppendEntries [], prevIndex 0, prevTerm 0
051259 LEAD S1: 0 append success next 1 match 0
052262 LEAD S1: prevLog &raft.Entry{Command:interface {}(nil), Term:0, Index:0}
052262 LEAD S1: prevLog &raft.Entry{Command:interface {}(nil), Term:0, Index:0}
052263 INFO S2: (term 1) follower 收到 [1] AppendEntries [], prevIndex 0, prevTerm 0
052263 LEAD S1: 2 append success next 1 match 0
052263 INFO S0: (term 1) follower 收到 [1] AppendEntries [], prevIndex 0, prevTerm 0
052264 LEAD S1: 0 append success next 1 match 0
053265 LEAD S1: prevLog &raft.Entry{Command:interface {}(nil), Term:0, Index:0}
053265 LEAD S1: prevLog &raft.Entry{Command:interface {}(nil), Term:0, Index:0}
053266 INFO S2: (term 1) follower 收到 [1] AppendEntries [], prevIndex 0, prevTerm 0
053266 LEAD S1: 2 append success next 1 match 0
053266 INFO S0: (term 1) follower 收到 [1] AppendEntries [], prevIndex 0, prevTerm 0
053267 LEAD S1: 0 append success next 1 match 0
054271 LEAD S1: prevLog &raft.Entry{Command:interface {}(nil), Term:0, Index:0}
054272 LEAD S1: prevLog &raft.Entry{Command:interface {}(nil), Term:0, Index:0}
054276 INFO S0: (term 1) follower 收到 [1] AppendEntries [], prevIndex 0, prevTerm 0
054276 INFO S2: (term 1) follower 收到 [1] AppendEntries [], prevIndex 0, prevTerm 0
054278 LEAD S1: 0 append success next 1 match 0
054279 LEAD S1: 2 append success next 1 match 0
055279 LEAD S1: prevLog &raft.Entry{Command:interface {}(nil), Term:0, Index:0}
055281 LEAD S1: prevLog &raft.Entry{Command:interface {}(nil), Term:0, Index:0}
055283 INFO S2: (term 1) follower 收到 [1] AppendEntries [], prevIndex 0, prevTerm 0
055285 LEAD S1: 2 append success next 1 match 0
055285 INFO S0: (term 1) follower 收到 [1] AppendEntries [], prevIndex 0, prevTerm 0
055287 LEAD S1: 0 append success next 1 match 0
056281 LEAD S1: prevLog &raft.Entry{Command:interface {}(nil), Term:0, Index:0}
056281 LEAD S1: prevLog &raft.Entry{Command:interface {}(nil), Term:0, Index:0}
056282 INFO S2: (term 1) follower 收到 [1] AppendEntries [], prevIndex 0, prevTerm 0
056282 INFO S0: (term 1) follower 收到 [1] AppendEntries [], prevIndex 0, prevTerm 0
056282 LEAD S1: 2 append success next 1 match 0
056283 LEAD S1: 0 append success next 1 match 0
057285 LEAD S1: prevLog &raft.Entry{Command:interface {}(nil), Term:0, Index:0}
057286 LEAD S1: prevLog &raft.Entry{Command:interface {}(nil), Term:0, Index:0}
057286 INFO S2: (term 1) follower 收到 [1] AppendEntries [], prevIndex 0, prevTerm 0
057286 INFO S0: (term 1) follower 收到 [1] AppendEntries [], prevIndex 0, prevTerm 0
057287 LEAD S1: 2 append success next 1 match 0
057287 LEAD S1: 0 append success next 1 match 0
058291 LEAD S1: prevLog &raft.Entry{Command:interface {}(nil), Term:0, Index:0}
058291 LEAD S1: prevLog &raft.Entry{Command:interface {}(nil), Term:0, Index:0}
058292 INFO S2: (term 1) follower 收到 [1] AppendEntries [], prevIndex 0, prevTerm 0
058292 LEAD S1: 2 append success next 1 match 0
058293 INFO S0: (term 1) follower 收到 [1] AppendEntries [], prevIndex 0, prevTerm 0
058293 LEAD S1: 0 append success next 1 match 0
059295 LEAD S1: prevLog &raft.Entry{Command:interface {}(nil), Term:0, Index:0}
059297 LEAD S1: prevLog &raft.Entry{Command:interface {}(nil), Term:0, Index:0}
059299 INFO S2: (term 1) follower 收到 [1] AppendEntries [], prevIndex 0, prevTerm 0
059300 INFO S0: (term 1) follower 收到 [1] AppendEntries [], prevIndex 0, prevTerm 0
059301 LEAD S1: 2 append success next 1 match 0
059303 LEAD S1: 0 append success next 1 match 0
060302 LEAD S1: prevLog &raft.Entry{Command:interface {}(nil), Term:0, Index:0}
060303 LEAD S1: prevLog &raft.Entry{Command:interface {}(nil), Term:0, Index:0}
060305 INFO S2: (term 1) follower 收到 [1] AppendEntries [], prevIndex 0, prevTerm 0
060306 INFO S0: (term 1) follower 收到 [1] AppendEntries [], prevIndex 0, prevTerm 0
060306 LEAD S1: 2 append success next 1 match 0
060308 LEAD S1: 0 append success next 1 match 0
061311 LEAD S1: prevLog &raft.Entry{Command:interface {}(nil), Term:0, Index:0}
061311 LEAD S1: prevLog &raft.Entry{Command:interface {}(nil), Term:0, Index:0}
061312 INFO S2: (term 1) follower 收到 [1] AppendEntries [], prevIndex 0, prevTerm 0
061312 INFO S0: (term 1) follower 收到 [1] AppendEntries [], prevIndex 0, prevTerm 0
061312 LEAD S1: 2 append success next 1 match 0
061313 LEAD S1: 0 append success next 1 match 0
062316 LEAD S1: prevLog &raft.Entry{Command:interface {}(nil), Term:0, Index:0}
062317 LEAD S1: prevLog &raft.Entry{Command:interface {}(nil), Term:0, Index:0}
062318 INFO S2: (term 1) follower 收到 [1] AppendEntries [], prevIndex 0, prevTerm 0
062319 LEAD S1: 2 append success next 1 match 0
062319 INFO S0: (term 1) follower 收到 [1] AppendEntries [], prevIndex 0, prevTerm 0
062321 LEAD S1: 0 append success next 1 match 0
063321 LEAD S1: prevLog &raft.Entry{Command:interface {}(nil), Term:0, Index:0}
063322 LEAD S1: prevLog &raft.Entry{Command:interface {}(nil), Term:0, Index:0}
063322 INFO S2: (term 1) follower 收到 [1] AppendEntries [], prevIndex 0, prevTerm 0
063323 LEAD S1: 2 append success next 1 match 0
063323 INFO S0: (term 1) follower 收到 [1] AppendEntries [], prevIndex 0, prevTerm 0
063323 LEAD S1: 0 append success next 1 match 0
064325 LEAD S1: prevLog &raft.Entry{Command:interface {}(nil), Term:0, Index:0}
064325 LEAD S1: prevLog &raft.Entry{Command:interface {}(nil), Term:0, Index:0}
064326 INFO S2: (term 1) follower 收到 [1] AppendEntries [], prevIndex 0, prevTerm 0
064326 LEAD S1: 2 append success next 1 match 0
064326 INFO S0: (term 1) follower 收到 [1] AppendEntries [], prevIndex 0, prevTerm 0
064327 LEAD S1: 0 append success next 1 match 0
065329 LEAD S1: prevLog &raft.Entry{Command:interface {}(nil), Term:0, Index:0}
065330 LEAD S1: prevLog &raft.Entry{Command:interface {}(nil), Term:0, Index:0}
065333 INFO S2: (term 1) follower 收到 [1] AppendEntries [], prevIndex 0, prevTerm 0
065334 INFO S0: (term 1) follower 收到 [1] AppendEntries [], prevIndex 0, prevTerm 0
065335 LEAD S1: 0 append success next 1 match 0
065336 LEAD S1: 2 append success next 1 match 0
066340 LEAD S1: prevLog &raft.Entry{Command:interface {}(nil), Term:0, Index:0}
066341 LEAD S1: prevLog &raft.Entry{Command:interface {}(nil), Term:0, Index:0}
066341 INFO S2: (term 1) follower 收到 [1] AppendEntries [], prevIndex 0, prevTerm 0
066342 LEAD S1: 2 append success next 1 match 0
066342 INFO S0: (term 1) follower 收到 [1] AppendEntries [], prevIndex 0, prevTerm 0
066342 LEAD S1: 0 append success next 1 match 0
067345 LEAD S1: prevLog &raft.Entry{Command:interface {}(nil), Term:0, Index:0}
067345 LEAD S1: prevLog &raft.Entry{Command:interface {}(nil), Term:0, Index:0}
067348 INFO S2: (term 1) follower 收到 [1] AppendEntries [], prevIndex 0, prevTerm 0
067349 INFO S0: (term 1) follower 收到 [1] AppendEntries [], prevIndex 0, prevTerm 0
067350 LEAD S1: 2 append success next 1 match 0
067350 LEAD S1: 0 append success next 1 match 0
068352 LEAD S1: prevLog &raft.Entry{Command:interface {}(nil), Term:0, Index:0}
068354 LEAD S1: prevLog &raft.Entry{Command:interface {}(nil), Term:0, Index:0}
068369 INFO S2: (term 1) follower 收到 [1] AppendEntries [], prevIndex 0, prevTerm 0
068368 INFO S0: (term 1) follower 收到 [1] AppendEntries [], prevIndex 0, prevTerm 0
068372 LEAD S1: 2 append success next 1 match 0
068372 LEAD S1: 0 append success next 1 match 0
069357 LEAD S1: prevLog &raft.Entry{Command:interface {}(nil), Term:0, Index:0}
069358 LEAD S1: prevLog &raft.Entry{Command:interface {}(nil), Term:0, Index:0}
069361 INFO S2: (term 1) follower 收到 [1] AppendEntries [], prevIndex 0, prevTerm 0
069362 LEAD S1: 2 append success next 1 match 0
069363 INFO S0: (term 1) follower 收到 [1] AppendEntries [], prevIndex 0, prevTerm 0
069365 LEAD S1: 0 append success next 1 match 0
070364 LEAD S1: prevLog &raft.Entry{Command:interface {}(nil), Term:0, Index:0}
070364 LEAD S1: prevLog &raft.Entry{Command:interface {}(nil), Term:0, Index:0}
070365 INFO S2: (term 1) follower 收到 [1] AppendEntries [], prevIndex 0, prevTerm 0
070365 LEAD S1: 2 append success next 1 match 0
070365 INFO S0: (term 1) follower 收到 [1] AppendEntries [], prevIndex 0, prevTerm 0
070366 LEAD S1: 0 append success next 1 match 0
071369 LEAD S1: prevLog &raft.Entry{Command:interface {}(nil), Term:0, Index:0}
071370 LEAD S1: prevLog &raft.Entry{Command:interface {}(nil), Term:0, Index:0}
071371 INFO S2: (term 1) follower 收到 [1] AppendEntries [], prevIndex 0, prevTerm 0
071371 LEAD S1: 2 append success next 1 match 0
071371 INFO S0: (term 1) follower 收到 [1] AppendEntries [], prevIndex 0, prevTerm 0
071372 LEAD S1: 0 append success next 1 match 0
072373 LEAD S1: prevLog &raft.Entry{Command:interface {}(nil), Term:0, Index:0}
072373 LEAD S1: prevLog &raft.Entry{Command:interface {}(nil), Term:0, Index:0}
072374 INFO S2: (term 1) follower 收到 [1] AppendEntries [], prevIndex 0, prevTerm 0
072375 INFO S0: (term 1) follower 收到 [1] AppendEntries [], prevIndex 0, prevTerm 0
072375 LEAD S1: 2 append success next 1 match 0
072376 LEAD S1: 0 append success next 1 match 0
073379 LEAD S1: prevLog &raft.Entry{Command:interface {}(nil), Term:0, Index:0}
073380 LEAD S1: prevLog &raft.Entry{Command:interface {}(nil), Term:0, Index:0}
073380 INFO S2: (term 1) follower 收到 [1] AppendEntries [], prevIndex 0, prevTerm 0
073381 LEAD S1: 2 append success next 1 match 0
073381 INFO S0: (term 1) follower 收到 [1] AppendEntries [], prevIndex 0, prevTerm 0
073381 LEAD S1: 0 append success next 1 match 0
074385 LEAD S1: prevLog &raft.Entry{Command:interface {}(nil), Term:0, Index:0}
074385 LEAD S1: prevLog &raft.Entry{Command:interface {}(nil), Term:0, Index:0}
074387 INFO S0: (term 1) follower 收到 [1] AppendEntries [], prevIndex 0, prevTerm 0
074388 LEAD S1: 0 append success next 1 match 0
074388 INFO S2: (term 1) follower 收到 [1] AppendEntries [], prevIndex 0, prevTerm 0
074389 LEAD S1: 2 append success next 1 match 0
075393 LEAD S1: prevLog &raft.Entry{Command:interface {}(nil), Term:0, Index:0}
075394 LEAD S1: prevLog &raft.Entry{Command:interface {}(nil), Term:0, Index:0}
075396 INFO S2: (term 1) follower 收到 [1] AppendEntries [], prevIndex 0, prevTerm 0
075397 INFO S0: (term 1) follower 收到 [1] AppendEntries [], prevIndex 0, prevTerm 0
075398 LEAD S1: 2 append success next 1 match 0
075400 LEAD S1: 0 append success next 1 match 0
076403 LEAD S1: prevLog &raft.Entry{Command:interface {}(nil), Term:0, Index:0}
076404 LEAD S1: prevLog &raft.Entry{Command:interface {}(nil), Term:0, Index:0}
076406 INFO S2: (term 1) follower 收到 [1] AppendEntries [], prevIndex 0, prevTerm 0
076406 INFO S0: (term 1) follower 收到 [1] AppendEntries [], prevIndex 0, prevTerm 0
076407 LEAD S1: 0 append success next 1 match 0
076407 LEAD S1: 2 append success next 1 match 0
077411 LEAD S1: prevLog &raft.Entry{Command:interface {}(nil), Term:0, Index:0}
077412 LEAD S1: prevLog &raft.Entry{Command:interface {}(nil), Term:0, Index:0}
077415 INFO S2: (term 1) follower 收到 [1] AppendEntries [], prevIndex 0, prevTerm 0
077415 INFO S0: (term 1) follower 收到 [1] AppendEntries [], prevIndex 0, prevTerm 0
077417 LEAD S1: 2 append success next 1 match 0
077418 LEAD S1: 0 append success next 1 match 0
078424 LEAD S1: prevLog &raft.Entry{Command:interface {}(nil), Term:0, Index:0}
078425 LEAD S1: prevLog &raft.Entry{Command:interface {}(nil), Term:0, Index:0}
078429 INFO S2: (term 1) follower 收到 [1] AppendEntries [], prevIndex 0, prevTerm 0
078429 INFO S0: (term 1) follower 收到 [1] AppendEntries [], prevIndex 0, prevTerm 0
078431 LEAD S1: 0 append success next 1 match 0
078431 LEAD S1: 2 append success next 1 match 0
079427 LEAD S1: prevLog &raft.Entry{Command:interface {}(nil), Term:0, Index:0}
079427 LEAD S1: prevLog &raft.Entry{Command:interface {}(nil), Term:0, Index:0}
079428 INFO S2: (term 1) follower 收到 [1] AppendEntries [], prevIndex 0, prevTerm 0
079428 LEAD S1: 2 append success next 1 match 0
079428 INFO S0: (term 1) follower 收到 [1] AppendEntries [], prevIndex 0, prevTerm 0
079429 LEAD S1: 0 append success next 1 match 0
080438 LEAD S1: prevLog &raft.Entry{Command:interface {}(nil), Term:0, Index:0}
080439 LEAD S1: prevLog &raft.Entry{Command:interface {}(nil), Term:0, Index:0}
080442 INFO S2: (term 1) follower 收到 [1] AppendEntries [], prevIndex 0, prevTerm 0
080443 LEAD S1: 2 append success next 1 match 0
080445 INFO S0: (term 1) follower 收到 [1] AppendEntries [], prevIndex 0, prevTerm 0
080447 LEAD S1: 0 append success next 1 match 0
081442 LEAD S1: prevLog &raft.Entry{Command:interface {}(nil), Term:0, Index:0}
081442 LEAD S1: prevLog &raft.Entry{Command:interface {}(nil), Term:0, Index:0}
081444 INFO S2: (term 1) follower 收到 [1] AppendEntries [], prevIndex 0, prevTerm 0
081444 INFO S0: (term 1) follower 收到 [1] AppendEntries [], prevIndex 0, prevTerm 0
081445 LEAD S1: 2 append success next 1 match 0
081445 LEAD S1: 0 append success next 1 match 0
082451 LEAD S1: prevLog &raft.Entry{Command:interface {}(nil), Term:0, Index:0}
082452 LEAD S1: prevLog &raft.Entry{Command:interface {}(nil), Term:0, Index:0}
082454 INFO S2: (term 1) follower 收到 [1] AppendEntries [], prevIndex 0, prevTerm 0
082456 LEAD S1: 2 append success next 1 match 0
082456 INFO S0: (term 1) follower 收到 [1] AppendEntries [], prevIndex 0, prevTerm 0
082458 LEAD S1: 0 append success next 1 match 0
083454 LEAD S1: prevLog &raft.Entry{Command:interface {}(nil), Term:0, Index:0}
083454 LEAD S1: prevLog &raft.Entry{Command:interface {}(nil), Term:0, Index:0}
083455 INFO S2: (term 1) follower 收到 [1] AppendEntries [], prevIndex 0, prevTerm 0
083455 LEAD S1: 2 append success next 1 match 0
083455 INFO S0: (term 1) follower 收到 [1] AppendEntries [], prevIndex 0, prevTerm 0
083455 LEAD S1: 0 append success next 1 match 0
084457 LEAD S1: prevLog &raft.Entry{Command:interface {}(nil), Term:0, Index:0}
084457 LEAD S1: prevLog &raft.Entry{Command:interface {}(nil), Term:0, Index:0}
084458 INFO S2: (term 1) follower 收到 [1] AppendEntries [], prevIndex 0, prevTerm 0
084458 LEAD S1: 2 append success next 1 match 0
084458 INFO S0: (term 1) follower 收到 [1] AppendEntries [], prevIndex 0, prevTerm 0
084459 LEAD S1: 0 append success next 1 match 0
085461 LEAD S1: prevLog &raft.Entry{Command:interface {}(nil), Term:0, Index:0}
085461 LEAD S1: prevLog &raft.Entry{Command:interface {}(nil), Term:0, Index:0}
085461 INFO S2: (term 1) follower 收到 [1] AppendEntries [], prevIndex 0, prevTerm 0
085462 LEAD S1: 2 append success next 1 match 0
085462 INFO S0: (term 1) follower 收到 [1] AppendEntries [], prevIndex 0, prevTerm 0
085462 LEAD S1: 0 append success next 1 match 0
086465 LEAD S1: prevLog &raft.Entry{Command:interface {}(nil), Term:0, Index:0}
086465 LEAD S1: prevLog &raft.Entry{Command:interface {}(nil), Term:0, Index:0}
086465 INFO S2: (term 1) follower 收到 [1] AppendEntries [], prevIndex 0, prevTerm 0
086466 LEAD S1: 2 append success next 1 match 0
086466 INFO S0: (term 1) follower 收到 [1] AppendEntries [], prevIndex 0, prevTerm 0
086467 LEAD S1: 0 append success next 1 match 0
087470 LEAD S1: prevLog &raft.Entry{Command:interface {}(nil), Term:0, Index:0}
087470 LEAD S1: prevLog &raft.Entry{Command:interface {}(nil), Term:0, Index:0}
087473 INFO S2: (term 1) follower 收到 [1] AppendEntries [], prevIndex 0, prevTerm 0
087474 INFO S0: (term 1) follower 收到 [1] AppendEntries [], prevIndex 0, prevTerm 0
087475 LEAD S1: 2 append success next 1 match 0
087476 LEAD S1: 0 append success next 1 match 0
088481 LEAD S1: prevLog &raft.Entry{Command:interface {}(nil), Term:0, Index:0}
088482 LEAD S1: prevLog &raft.Entry{Command:interface {}(nil), Term:0, Index:0}
088485 INFO S2: (term 1) follower 收到 [1] AppendEntries [], prevIndex 0, prevTerm 0
088486 LEAD S1: 2 append success next 1 match 0
088487 INFO S0: (term 1) follower 收到 [1] AppendEntries [], prevIndex 0, prevTerm 0
088489 LEAD S1: 0 append success next 1 match 0
089487 LEAD S1: prevLog &raft.Entry{Command:interface {}(nil), Term:0, Index:0}
089487 LEAD S1: prevLog &raft.Entry{Command:interface {}(nil), Term:0, Index:0}
089488 INFO S2: (term 1) follower 收到 [1] AppendEntries [], prevIndex 0, prevTerm 0
089488 LEAD S1: 2 append success next 1 match 0
089488 INFO S0: (term 1) follower 收到 [1] AppendEntries [], prevIndex 0, prevTerm 0
089489 LEAD S1: 0 append success next 1 match 0
090492 LEAD S1: prevLog &raft.Entry{Command:interface {}(nil), Term:0, Index:0}
090493 LEAD S1: prevLog &raft.Entry{Command:interface {}(nil), Term:0, Index:0}
090496 INFO S2: (term 1) follower 收到 [1] AppendEntries [], prevIndex 0, prevTerm 0
090496 INFO S0: (term 1) follower 收到 [1] AppendEntries [], prevIndex 0, prevTerm 0
090498 LEAD S1: 2 append success next 1 match 0
090498 LEAD S1: 0 append success next 1 match 0
091500 LEAD S1: prevLog &raft.Entry{Command:interface {}(nil), Term:0, Index:0}
091500 LEAD S1: prevLog &raft.Entry{Command:interface {}(nil), Term:0, Index:0}
091502 INFO S0: (term 1) follower 收到 [1] AppendEntries [], prevIndex 0, prevTerm 0
091502 LEAD S1: 0 append success next 1 match 0
091502 INFO S2: (term 1) follower 收到 [1] AppendEntries [], prevIndex 0, prevTerm 0
091504 LEAD S1: 2 append success next 1 match 0
092504 LEAD S1: prevLog &raft.Entry{Command:interface {}(nil), Term:0, Index:0}
092504 LEAD S1: prevLog &raft.Entry{Command:interface {}(nil), Term:0, Index:0}
092505 INFO S2: (term 1) follower 收到 [1] AppendEntries [], prevIndex 0, prevTerm 0
092505 LEAD S1: 2 append success next 1 match 0
092505 INFO S0: (term 1) follower 收到 [1] AppendEntries [], prevIndex 0, prevTerm 0
092506 LEAD S1: 0 append success next 1 match 0
093507 LEAD S1: prevLog &raft.Entry{Command:interface {}(nil), Term:0, Index:0}
093507 LEAD S1: prevLog &raft.Entry{Command:interface {}(nil), Term:0, Index:0}
093508 INFO S2: (term 1) follower 收到 [1] AppendEntries [], prevIndex 0, prevTerm 0
093509 LEAD S1: 2 append success next 1 match 0
093509 INFO S0: (term 1) follower 收到 [1] AppendEntries [], prevIndex 0, prevTerm 0
093509 LEAD S1: 0 append success next 1 match 0
094511 LEAD S1: prevLog &raft.Entry{Command:interface {}(nil), Term:0, Index:0}
094511 LEAD S1: prevLog &raft.Entry{Command:interface {}(nil), Term:0, Index:0}
094512 INFO S2: (term 1) follower 收到 [1] AppendEntries [], prevIndex 0, prevTerm 0
094512 INFO S0: (term 1) follower 收到 [1] AppendEntries [], prevIndex 0, prevTerm 0
094512 LEAD S1: 0 append success next 1 match 0
094512 LEAD S1: 2 append success next 1 match 0
095515 LEAD S1: prevLog &raft.Entry{Command:interface {}(nil), Term:0, Index:0}
095515 LEAD S1: prevLog &raft.Entry{Command:interface {}(nil), Term:0, Index:0}
095516 INFO S2: (term 1) follower 收到 [1] AppendEntries [], prevIndex 0, prevTerm 0
095516 LEAD S1: 2 append success next 1 match 0
095516 INFO S0: (term 1) follower 收到 [1] AppendEntries [], prevIndex 0, prevTerm 0
095517 LEAD S1: 0 append success next 1 match 0
096519 LEAD S1: prevLog &raft.Entry{Command:interface {}(nil), Term:0, Index:0}
096520 LEAD S1: prevLog &raft.Entry{Command:interface {}(nil), Term:0, Index:0}
096521 INFO S2: (term 1) follower 收到 [1] AppendEntries [], prevIndex 0, prevTerm 0
096521 INFO S0: (term 1) follower 收到 [1] AppendEntries [], prevIndex 0, prevTerm 0
096522 LEAD S1: 2 append success next 1 match 0
096522 LEAD S1: 0 append success next 1 match 0
097524 LEAD S1: prevLog &raft.Entry{Command:interface {}(nil), Term:0, Index:0}
097524 LEAD S1: prevLog &raft.Entry{Command:interface {}(nil), Term:0, Index:0}
097524 INFO S2: (term 1) follower 收到 [1] AppendEntries [], prevIndex 0, prevTerm 0
097525 LEAD S1: 2 append success next 1 match 0
097525 INFO S0: (term 1) follower 收到 [1] AppendEntries [], prevIndex 0, prevTerm 0
097525 LEAD S1: 0 append success next 1 match 0
098527 LEAD S1: prevLog &raft.Entry{Command:interface {}(nil), Term:0, Index:0}
098527 LEAD S1: prevLog &raft.Entry{Command:interface {}(nil), Term:0, Index:0}
098528 INFO S2: (term 1) follower 收到 [1] AppendEntries [], prevIndex 0, prevTerm 0
098528 LEAD S1: 2 append success next 1 match 0
098529 INFO S0: (term 1) follower 收到 [1] AppendEntries [], prevIndex 0, prevTerm 0
098529 LEAD S1: 0 append success next 1 match 0
099531 LEAD S1: prevLog &raft.Entry{Command:interface {}(nil), Term:0, Index:0}
099531 LEAD S1: prevLog &raft.Entry{Command:interface {}(nil), Term:0, Index:0}
099533 INFO S2: (term 1) follower 收到 [1] AppendEntries [], prevIndex 0, prevTerm 0
099534 INFO S0: (term 1) follower 收到 [1] AppendEntries [], prevIndex 0, prevTerm 0
099534 LEAD S1: 2 append success next 1 match 0
099535 LEAD S1: 0 append success next 1 match 0
--- FAIL: TestPersist12C (10.00s)
    config.go:609: one(11) failed to reach agreement
FAIL
exit status 1
FAIL	6.824/raft	10.004s
