Test (2C): basic persistence ...
002009 INFO S0: start leader election, term 1
002009 VOTE S0: term 1 send vote request to 2
002010 VOTE S0: term 1 send vote request to 1
002011 TERM S2: set new term 1
002011 VOTE S2: term 1 vote 0
002011 TERM S1: set new term 1
002011 VOTE S1: term 1 vote 0
002011 VOTE S0: reply from 2, term一致，且投给0
002011 LEAD S0: come to power, start to send heartbeat
002011 LEAD S0: prevLog &raft.Entry{Command:interface {}(nil), Term:0, Index:0}
002011 LEAD S0: prevLog &raft.Entry{Command:interface {}(nil), Term:0, Index:0}
002011 VOTE S0: reply from 1, term一致，且投给0
002012 INFO S1: (term 1) follower 收到 [0] AppendEntries [], prevIndex 0, prevTerm 0
002012 LEAD S0: 1 append success next 1 match 0
002013 INFO S2: (term 1) follower 收到 [0] AppendEntries [], prevIndex 0, prevTerm 0
002013 LEAD S0: 2 append success next 1 match 0
003012 LEAD S0: prevLog &raft.Entry{Command:interface {}(nil), Term:0, Index:0}
003012 LEAD S0: prevLog &raft.Entry{Command:interface {}(nil), Term:0, Index:0}
003013 INFO S1: (term 1) follower 收到 [0] AppendEntries [], prevIndex 0, prevTerm 0
003013 INFO S2: (term 1) follower 收到 [0] AppendEntries [], prevIndex 0, prevTerm 0
003013 LEAD S0: 2 append success next 1 match 0
003013 LEAD S0: 1 append success next 1 match 0
004017 LEAD S0: prevLog &raft.Entry{Command:interface {}(nil), Term:0, Index:0}
004017 LEAD S0: prevLog &raft.Entry{Command:interface {}(nil), Term:0, Index:0}
004018 INFO S1: (term 1) follower 收到 [0] AppendEntries [], prevIndex 0, prevTerm 0
004018 INFO S2: (term 1) follower 收到 [0] AppendEntries [], prevIndex 0, prevTerm 0
004018 LEAD S0: 1 append success next 1 match 0
004019 LEAD S0: 2 append success next 1 match 0
005021 LEAD S0: prevLog &raft.Entry{Command:interface {}(nil), Term:0, Index:0}
005021 LEAD S0: prevLog &raft.Entry{Command:interface {}(nil), Term:0, Index:0}
005022 INFO S2: (term 1) follower 收到 [0] AppendEntries [], prevIndex 0, prevTerm 0
005022 LEAD S0: 2 append success next 1 match 0
005022 INFO S1: (term 1) follower 收到 [0] AppendEntries [], prevIndex 0, prevTerm 0
005022 LEAD S0: 1 append success next 1 match 0
006024 LEAD S0: prevLog &raft.Entry{Command:interface {}(nil), Term:0, Index:0}
006024 LEAD S0: prevLog &raft.Entry{Command:interface {}(nil), Term:0, Index:0}
006025 INFO S2: (term 1) follower 收到 [0] AppendEntries [], prevIndex 0, prevTerm 0
006025 LEAD S0: 2 append success next 1 match 0
006025 INFO S1: (term 1) follower 收到 [0] AppendEntries [], prevIndex 0, prevTerm 0
006026 LEAD S0: 1 append success next 1 match 0
007027 LEAD S0: prevLog &raft.Entry{Command:interface {}(nil), Term:0, Index:0}
007028 LEAD S0: prevLog &raft.Entry{Command:interface {}(nil), Term:0, Index:0}
007028 INFO S2: (term 1) follower 收到 [0] AppendEntries [], prevIndex 0, prevTerm 0
007028 LEAD S0: 2 append success next 1 match 0
007029 INFO S1: (term 1) follower 收到 [0] AppendEntries [], prevIndex 0, prevTerm 0
007029 LEAD S0: 1 append success next 1 match 0
008031 LEAD S0: prevLog &raft.Entry{Command:interface {}(nil), Term:0, Index:0}
008031 LEAD S0: prevLog &raft.Entry{Command:interface {}(nil), Term:0, Index:0}
008031 INFO S2: (term 1) follower 收到 [0] AppendEntries [], prevIndex 0, prevTerm 0
008032 LEAD S0: 2 append success next 1 match 0
008032 INFO S1: (term 1) follower 收到 [0] AppendEntries [], prevIndex 0, prevTerm 0
008032 LEAD S0: 1 append success next 1 match 0
009034 LEAD S0: prevLog &raft.Entry{Command:interface {}(nil), Term:0, Index:0}
009034 LEAD S0: prevLog &raft.Entry{Command:interface {}(nil), Term:0, Index:0}
009035 INFO S2: (term 1) follower 收到 [0] AppendEntries [], prevIndex 0, prevTerm 0
009035 LEAD S0: 2 append success next 1 match 0
009036 INFO S1: (term 1) follower 收到 [0] AppendEntries [], prevIndex 0, prevTerm 0
009036 LEAD S0: 1 append success next 1 match 0
010039 LEAD S0: prevLog &raft.Entry{Command:interface {}(nil), Term:0, Index:0}
010039 LEAD S0: prevLog &raft.Entry{Command:interface {}(nil), Term:0, Index:0}
010040 INFO S2: (term 1) follower 收到 [0] AppendEntries [], prevIndex 0, prevTerm 0
010040 LEAD S0: 2 append success next 1 match 0
010040 INFO S1: (term 1) follower 收到 [0] AppendEntries [], prevIndex 0, prevTerm 0
010041 LEAD S0: 1 append success next 1 match 0
011044 LEAD S0: prevLog &raft.Entry{Command:interface {}(nil), Term:0, Index:0}
011045 LEAD S0: prevLog &raft.Entry{Command:interface {}(nil), Term:0, Index:0}
011045 INFO S2: (term 1) follower 收到 [0] AppendEntries [], prevIndex 0, prevTerm 0
011045 INFO S1: (term 1) follower 收到 [0] AppendEntries [], prevIndex 0, prevTerm 0
011046 LEAD S0: 1 append success next 1 match 0
011046 LEAD S0: 2 append success next 1 match 0
012048 LEAD S0: prevLog &raft.Entry{Command:interface {}(nil), Term:0, Index:0}
012049 LEAD S0: prevLog &raft.Entry{Command:interface {}(nil), Term:0, Index:0}
012050 INFO S1: (term 1) follower 收到 [0] AppendEntries [], prevIndex 0, prevTerm 0
012050 INFO S2: (term 1) follower 收到 [0] AppendEntries [], prevIndex 0, prevTerm 0
012050 LEAD S0: 1 append success next 1 match 0
012050 LEAD S0: 2 append success next 1 match 0
013056 LEAD S0: prevLog &raft.Entry{Command:interface {}(nil), Term:0, Index:0}
013056 LEAD S0: prevLog &raft.Entry{Command:interface {}(nil), Term:0, Index:0}
013058 INFO S2: (term 1) follower 收到 [0] AppendEntries [], prevIndex 0, prevTerm 0
013059 LEAD S0: 2 append success next 1 match 0
013060 INFO S1: (term 1) follower 收到 [0] AppendEntries [], prevIndex 0, prevTerm 0
013061 LEAD S0: 1 append success next 1 match 0
014060 LEAD S0: prevLog &raft.Entry{Command:interface {}(nil), Term:0, Index:0}
014060 LEAD S0: prevLog &raft.Entry{Command:interface {}(nil), Term:0, Index:0}
014062 INFO S2: (term 1) follower 收到 [0] AppendEntries [], prevIndex 0, prevTerm 0
014063 INFO S1: (term 1) follower 收到 [0] AppendEntries [], prevIndex 0, prevTerm 0
014063 LEAD S0: 2 append success next 1 match 0
014063 LEAD S0: 1 append success next 1 match 0
015068 LEAD S0: prevLog &raft.Entry{Command:interface {}(nil), Term:0, Index:0}
015068 LEAD S0: prevLog &raft.Entry{Command:interface {}(nil), Term:0, Index:0}
015071 INFO S2: (term 1) follower 收到 [0] AppendEntries [], prevIndex 0, prevTerm 0
015073 LEAD S0: 2 append success next 1 match 0
015073 INFO S1: (term 1) follower 收到 [0] AppendEntries [], prevIndex 0, prevTerm 0
015075 LEAD S0: 1 append success next 1 match 0
016073 LEAD S0: prevLog &raft.Entry{Command:interface {}(nil), Term:0, Index:0}
016073 LEAD S0: prevLog &raft.Entry{Command:interface {}(nil), Term:0, Index:0}
016073 INFO S2: (term 1) follower 收到 [0] AppendEntries [], prevIndex 0, prevTerm 0
016074 LEAD S0: 2 append success next 1 match 0
016074 INFO S1: (term 1) follower 收到 [0] AppendEntries [], prevIndex 0, prevTerm 0
016074 LEAD S0: 1 append success next 1 match 0
017076 LEAD S0: prevLog &raft.Entry{Command:interface {}(nil), Term:0, Index:0}
017076 LEAD S0: prevLog &raft.Entry{Command:interface {}(nil), Term:0, Index:0}
017077 INFO S2: (term 1) follower 收到 [0] AppendEntries [], prevIndex 0, prevTerm 0
017077 LEAD S0: 2 append success next 1 match 0
017077 INFO S1: (term 1) follower 收到 [0] AppendEntries [], prevIndex 0, prevTerm 0
017078 LEAD S0: 1 append success next 1 match 0
018079 LEAD S0: prevLog &raft.Entry{Command:interface {}(nil), Term:0, Index:0}
018079 LEAD S0: prevLog &raft.Entry{Command:interface {}(nil), Term:0, Index:0}
018079 INFO S2: (term 1) follower 收到 [0] AppendEntries [], prevIndex 0, prevTerm 0
018080 LEAD S0: 2 append success next 1 match 0
018080 INFO S1: (term 1) follower 收到 [0] AppendEntries [], prevIndex 0, prevTerm 0
018081 LEAD S0: 1 append success next 1 match 0
019082 LEAD S0: prevLog &raft.Entry{Command:interface {}(nil), Term:0, Index:0}
019082 LEAD S0: prevLog &raft.Entry{Command:interface {}(nil), Term:0, Index:0}
019082 INFO S2: (term 1) follower 收到 [0] AppendEntries [], prevIndex 0, prevTerm 0
019083 LEAD S0: 2 append success next 1 match 0
019083 INFO S1: (term 1) follower 收到 [0] AppendEntries [], prevIndex 0, prevTerm 0
019083 LEAD S0: 1 append success next 1 match 0
020086 LEAD S0: prevLog &raft.Entry{Command:interface {}(nil), Term:0, Index:0}
020086 LEAD S0: prevLog &raft.Entry{Command:interface {}(nil), Term:0, Index:0}
020088 INFO S2: (term 1) follower 收到 [0] AppendEntries [], prevIndex 0, prevTerm 0
020088 INFO S1: (term 1) follower 收到 [0] AppendEntries [], prevIndex 0, prevTerm 0
020089 LEAD S0: 2 append success next 1 match 0
020089 LEAD S0: 1 append success next 1 match 0
021092 LEAD S0: prevLog &raft.Entry{Command:interface {}(nil), Term:0, Index:0}
021092 LEAD S0: prevLog &raft.Entry{Command:interface {}(nil), Term:0, Index:0}
021094 INFO S2: (term 1) follower 收到 [0] AppendEntries [], prevIndex 0, prevTerm 0
021096 INFO S1: (term 1) follower 收到 [0] AppendEntries [], prevIndex 0, prevTerm 0
021096 LEAD S0: 2 append success next 1 match 0
021098 LEAD S0: 1 append success next 1 match 0
022094 LEAD S0: prevLog &raft.Entry{Command:interface {}(nil), Term:0, Index:0}
022094 LEAD S0: prevLog &raft.Entry{Command:interface {}(nil), Term:0, Index:0}
022095 INFO S2: (term 1) follower 收到 [0] AppendEntries [], prevIndex 0, prevTerm 0
022095 LEAD S0: 2 append success next 1 match 0
022095 INFO S1: (term 1) follower 收到 [0] AppendEntries [], prevIndex 0, prevTerm 0
022095 LEAD S0: 1 append success next 1 match 0
023098 LEAD S0: prevLog &raft.Entry{Command:interface {}(nil), Term:0, Index:0}
023098 LEAD S0: prevLog &raft.Entry{Command:interface {}(nil), Term:0, Index:0}
023098 INFO S2: (term 1) follower 收到 [0] AppendEntries [], prevIndex 0, prevTerm 0
023099 LEAD S0: 2 append success next 1 match 0
023099 INFO S1: (term 1) follower 收到 [0] AppendEntries [], prevIndex 0, prevTerm 0
023099 LEAD S0: 1 append success next 1 match 0
024101 LEAD S0: prevLog &raft.Entry{Command:interface {}(nil), Term:0, Index:0}
024101 LEAD S0: prevLog &raft.Entry{Command:interface {}(nil), Term:0, Index:0}
024102 INFO S2: (term 1) follower 收到 [0] AppendEntries [], prevIndex 0, prevTerm 0
024102 LEAD S0: 2 append success next 1 match 0
024102 INFO S1: (term 1) follower 收到 [0] AppendEntries [], prevIndex 0, prevTerm 0
024103 LEAD S0: 1 append success next 1 match 0
025104 LEAD S0: prevLog &raft.Entry{Command:interface {}(nil), Term:0, Index:0}
025104 LEAD S0: prevLog &raft.Entry{Command:interface {}(nil), Term:0, Index:0}
025105 INFO S1: (term 1) follower 收到 [0] AppendEntries [], prevIndex 0, prevTerm 0
025105 INFO S2: (term 1) follower 收到 [0] AppendEntries [], prevIndex 0, prevTerm 0
025106 LEAD S0: 1 append success next 1 match 0
025106 LEAD S0: 2 append success next 1 match 0
026109 LEAD S0: prevLog &raft.Entry{Command:interface {}(nil), Term:0, Index:0}
026110 LEAD S0: prevLog &raft.Entry{Command:interface {}(nil), Term:0, Index:0}
026113 INFO S1: (term 1) follower 收到 [0] AppendEntries [], prevIndex 0, prevTerm 0
026114 INFO S2: (term 1) follower 收到 [0] AppendEntries [], prevIndex 0, prevTerm 0
026114 LEAD S0: 1 append success next 1 match 0
026116 LEAD S0: 2 append success next 1 match 0
027113 LEAD S0: prevLog &raft.Entry{Command:interface {}(nil), Term:0, Index:0}
027114 LEAD S0: prevLog &raft.Entry{Command:interface {}(nil), Term:0, Index:0}
027114 INFO S2: (term 1) follower 收到 [0] AppendEntries [], prevIndex 0, prevTerm 0
027115 LEAD S0: 2 append success next 1 match 0
027115 INFO S1: (term 1) follower 收到 [0] AppendEntries [], prevIndex 0, prevTerm 0
027115 LEAD S0: 1 append success next 1 match 0
028117 LEAD S0: prevLog &raft.Entry{Command:interface {}(nil), Term:0, Index:0}
028117 LEAD S0: prevLog &raft.Entry{Command:interface {}(nil), Term:0, Index:0}
028117 INFO S2: (term 1) follower 收到 [0] AppendEntries [], prevIndex 0, prevTerm 0
028118 LEAD S0: 2 append success next 1 match 0
028118 INFO S1: (term 1) follower 收到 [0] AppendEntries [], prevIndex 0, prevTerm 0
028118 LEAD S0: 1 append success next 1 match 0
029120 LEAD S0: prevLog &raft.Entry{Command:interface {}(nil), Term:0, Index:0}
029120 LEAD S0: prevLog &raft.Entry{Command:interface {}(nil), Term:0, Index:0}
029120 INFO S2: (term 1) follower 收到 [0] AppendEntries [], prevIndex 0, prevTerm 0
029121 LEAD S0: 2 append success next 1 match 0
029121 INFO S1: (term 1) follower 收到 [0] AppendEntries [], prevIndex 0, prevTerm 0
029121 LEAD S0: 1 append success next 1 match 0
030124 LEAD S0: prevLog &raft.Entry{Command:interface {}(nil), Term:0, Index:0}
030124 LEAD S0: prevLog &raft.Entry{Command:interface {}(nil), Term:0, Index:0}
030124 INFO S2: (term 1) follower 收到 [0] AppendEntries [], prevIndex 0, prevTerm 0
030125 LEAD S0: 2 append success next 1 match 0
030125 INFO S1: (term 1) follower 收到 [0] AppendEntries [], prevIndex 0, prevTerm 0
030125 LEAD S0: 1 append success next 1 match 0
031129 LEAD S0: prevLog &raft.Entry{Command:interface {}(nil), Term:0, Index:0}
031129 LEAD S0: prevLog &raft.Entry{Command:interface {}(nil), Term:0, Index:0}
031132 INFO S2: (term 1) follower 收到 [0] AppendEntries [], prevIndex 0, prevTerm 0
031132 INFO S1: (term 1) follower 收到 [0] AppendEntries [], prevIndex 0, prevTerm 0
031134 LEAD S0: 2 append success next 1 match 0
031135 LEAD S0: 1 append success next 1 match 0
032132 LEAD S0: prevLog &raft.Entry{Command:interface {}(nil), Term:0, Index:0}
032132 LEAD S0: prevLog &raft.Entry{Command:interface {}(nil), Term:0, Index:0}
032133 INFO S2: (term 1) follower 收到 [0] AppendEntries [], prevIndex 0, prevTerm 0
032134 INFO S1: (term 1) follower 收到 [0] AppendEntries [], prevIndex 0, prevTerm 0
032134 LEAD S0: 2 append success next 1 match 0
032134 LEAD S0: 1 append success next 1 match 0
033136 LEAD S0: prevLog &raft.Entry{Command:interface {}(nil), Term:0, Index:0}
033136 LEAD S0: prevLog &raft.Entry{Command:interface {}(nil), Term:0, Index:0}
033137 INFO S2: (term 1) follower 收到 [0] AppendEntries [], prevIndex 0, prevTerm 0
033137 LEAD S0: 2 append success next 1 match 0
033137 INFO S1: (term 1) follower 收到 [0] AppendEntries [], prevIndex 0, prevTerm 0
033137 LEAD S0: 1 append success next 1 match 0
034139 LEAD S0: prevLog &raft.Entry{Command:interface {}(nil), Term:0, Index:0}
034139 LEAD S0: prevLog &raft.Entry{Command:interface {}(nil), Term:0, Index:0}
034140 INFO S2: (term 1) follower 收到 [0] AppendEntries [], prevIndex 0, prevTerm 0
034140 LEAD S0: 2 append success next 1 match 0
034140 INFO S1: (term 1) follower 收到 [0] AppendEntries [], prevIndex 0, prevTerm 0
034141 LEAD S0: 1 append success next 1 match 0
035143 LEAD S0: prevLog &raft.Entry{Command:interface {}(nil), Term:0, Index:0}
035143 LEAD S0: prevLog &raft.Entry{Command:interface {}(nil), Term:0, Index:0}
035144 INFO S2: (term 1) follower 收到 [0] AppendEntries [], prevIndex 0, prevTerm 0
035145 LEAD S0: 2 append success next 1 match 0
035145 INFO S1: (term 1) follower 收到 [0] AppendEntries [], prevIndex 0, prevTerm 0
035146 LEAD S0: 1 append success next 1 match 0
036150 LEAD S0: prevLog &raft.Entry{Command:interface {}(nil), Term:0, Index:0}
036150 LEAD S0: prevLog &raft.Entry{Command:interface {}(nil), Term:0, Index:0}
036153 INFO S1: (term 1) follower 收到 [0] AppendEntries [], prevIndex 0, prevTerm 0
036153 INFO S2: (term 1) follower 收到 [0] AppendEntries [], prevIndex 0, prevTerm 0
036154 LEAD S0: 1 append success next 1 match 0
036155 LEAD S0: 2 append success next 1 match 0
037161 LEAD S0: prevLog &raft.Entry{Command:interface {}(nil), Term:0, Index:0}
037161 LEAD S0: prevLog &raft.Entry{Command:interface {}(nil), Term:0, Index:0}
037164 INFO S1: (term 1) follower 收到 [0] AppendEntries [], prevIndex 0, prevTerm 0
037165 INFO S2: (term 1) follower 收到 [0] AppendEntries [], prevIndex 0, prevTerm 0
037166 LEAD S0: 1 append success next 1 match 0
037167 LEAD S0: 2 append success next 1 match 0
038168 LEAD S0: prevLog &raft.Entry{Command:interface {}(nil), Term:0, Index:0}
038169 LEAD S0: prevLog &raft.Entry{Command:interface {}(nil), Term:0, Index:0}
038171 INFO S2: (term 1) follower 收到 [0] AppendEntries [], prevIndex 0, prevTerm 0
038172 INFO S1: (term 1) follower 收到 [0] AppendEntries [], prevIndex 0, prevTerm 0
038173 LEAD S0: 2 append success next 1 match 0
038173 LEAD S0: 1 append success next 1 match 0
039172 LEAD S0: prevLog &raft.Entry{Command:interface {}(nil), Term:0, Index:0}
039172 LEAD S0: prevLog &raft.Entry{Command:interface {}(nil), Term:0, Index:0}
039173 INFO S2: (term 1) follower 收到 [0] AppendEntries [], prevIndex 0, prevTerm 0
039173 LEAD S0: 2 append success next 1 match 0
039173 INFO S1: (term 1) follower 收到 [0] AppendEntries [], prevIndex 0, prevTerm 0
039174 LEAD S0: 1 append success next 1 match 0
040176 LEAD S0: prevLog &raft.Entry{Command:interface {}(nil), Term:0, Index:0}
040177 LEAD S0: prevLog &raft.Entry{Command:interface {}(nil), Term:0, Index:0}
040177 INFO S2: (term 1) follower 收到 [0] AppendEntries [], prevIndex 0, prevTerm 0
040178 LEAD S0: 2 append success next 1 match 0
040178 INFO S1: (term 1) follower 收到 [0] AppendEntries [], prevIndex 0, prevTerm 0
040178 LEAD S0: 1 append success next 1 match 0
041180 LEAD S0: prevLog &raft.Entry{Command:interface {}(nil), Term:0, Index:0}
041180 LEAD S0: prevLog &raft.Entry{Command:interface {}(nil), Term:0, Index:0}
041181 INFO S2: (term 1) follower 收到 [0] AppendEntries [], prevIndex 0, prevTerm 0
041181 LEAD S0: 2 append success next 1 match 0
041181 INFO S1: (term 1) follower 收到 [0] AppendEntries [], prevIndex 0, prevTerm 0
041182 LEAD S0: 1 append success next 1 match 0
042185 LEAD S0: prevLog &raft.Entry{Command:interface {}(nil), Term:0, Index:0}
042185 LEAD S0: prevLog &raft.Entry{Command:interface {}(nil), Term:0, Index:0}
042185 INFO S2: (term 1) follower 收到 [0] AppendEntries [], prevIndex 0, prevTerm 0
042186 INFO S1: (term 1) follower 收到 [0] AppendEntries [], prevIndex 0, prevTerm 0
042186 LEAD S0: 1 append success next 1 match 0
042189 LEAD S0: 2 append success next 1 match 0
043192 LEAD S0: prevLog &raft.Entry{Command:interface {}(nil), Term:0, Index:0}
043193 LEAD S0: prevLog &raft.Entry{Command:interface {}(nil), Term:0, Index:0}
043195 INFO S2: (term 1) follower 收到 [0] AppendEntries [], prevIndex 0, prevTerm 0
043196 INFO S1: (term 1) follower 收到 [0] AppendEntries [], prevIndex 0, prevTerm 0
043197 LEAD S0: 2 append success next 1 match 0
043198 LEAD S0: 1 append success next 1 match 0
044198 LEAD S0: prevLog &raft.Entry{Command:interface {}(nil), Term:0, Index:0}
044198 LEAD S0: prevLog &raft.Entry{Command:interface {}(nil), Term:0, Index:0}
044199 INFO S2: (term 1) follower 收到 [0] AppendEntries [], prevIndex 0, prevTerm 0
044199 LEAD S0: 2 append success next 1 match 0
044199 INFO S1: (term 1) follower 收到 [0] AppendEntries [], prevIndex 0, prevTerm 0
044200 LEAD S0: 1 append success next 1 match 0
045201 LEAD S0: prevLog &raft.Entry{Command:interface {}(nil), Term:0, Index:0}
045202 LEAD S0: prevLog &raft.Entry{Command:interface {}(nil), Term:0, Index:0}
045202 INFO S1: (term 1) follower 收到 [0] AppendEntries [], prevIndex 0, prevTerm 0
045202 INFO S2: (term 1) follower 收到 [0] AppendEntries [], prevIndex 0, prevTerm 0
045203 LEAD S0: 2 append success next 1 match 0
045203 LEAD S0: 1 append success next 1 match 0
046204 LEAD S0: prevLog &raft.Entry{Command:interface {}(nil), Term:0, Index:0}
046205 LEAD S0: prevLog &raft.Entry{Command:interface {}(nil), Term:0, Index:0}
046205 INFO S2: (term 1) follower 收到 [0] AppendEntries [], prevIndex 0, prevTerm 0
046206 LEAD S0: 2 append success next 1 match 0
046206 INFO S1: (term 1) follower 收到 [0] AppendEntries [], prevIndex 0, prevTerm 0
046206 LEAD S0: 1 append success next 1 match 0
047207 LEAD S0: prevLog &raft.Entry{Command:interface {}(nil), Term:0, Index:0}
047207 LEAD S0: prevLog &raft.Entry{Command:interface {}(nil), Term:0, Index:0}
047208 INFO S2: (term 1) follower 收到 [0] AppendEntries [], prevIndex 0, prevTerm 0
047208 INFO S1: (term 1) follower 收到 [0] AppendEntries [], prevIndex 0, prevTerm 0
047208 LEAD S0: 1 append success next 1 match 0
047208 LEAD S0: 2 append success next 1 match 0
048212 LEAD S0: prevLog &raft.Entry{Command:interface {}(nil), Term:0, Index:0}
048213 LEAD S0: prevLog &raft.Entry{Command:interface {}(nil), Term:0, Index:0}
048216 INFO S2: (term 1) follower 收到 [0] AppendEntries [], prevIndex 0, prevTerm 0
048217 LEAD S0: 2 append success next 1 match 0
048218 INFO S1: (term 1) follower 收到 [0] AppendEntries [], prevIndex 0, prevTerm 0
048220 LEAD S0: 1 append success next 1 match 0
049218 LEAD S0: prevLog &raft.Entry{Command:interface {}(nil), Term:0, Index:0}
049219 LEAD S0: prevLog &raft.Entry{Command:interface {}(nil), Term:0, Index:0}
049219 INFO S2: (term 1) follower 收到 [0] AppendEntries [], prevIndex 0, prevTerm 0
049220 LEAD S0: 2 append success next 1 match 0
049220 INFO S1: (term 1) follower 收到 [0] AppendEntries [], prevIndex 0, prevTerm 0
049221 LEAD S0: 1 append success next 1 match 0
050223 LEAD S0: prevLog &raft.Entry{Command:interface {}(nil), Term:0, Index:0}
050223 LEAD S0: prevLog &raft.Entry{Command:interface {}(nil), Term:0, Index:0}
050224 INFO S1: (term 1) follower 收到 [0] AppendEntries [], prevIndex 0, prevTerm 0
050224 INFO S2: (term 1) follower 收到 [0] AppendEntries [], prevIndex 0, prevTerm 0
050224 LEAD S0: 1 append success next 1 match 0
050224 LEAD S0: 2 append success next 1 match 0
051226 LEAD S0: prevLog &raft.Entry{Command:interface {}(nil), Term:0, Index:0}
051226 LEAD S0: prevLog &raft.Entry{Command:interface {}(nil), Term:0, Index:0}
051227 INFO S1: (term 1) follower 收到 [0] AppendEntries [], prevIndex 0, prevTerm 0
051227 INFO S2: (term 1) follower 收到 [0] AppendEntries [], prevIndex 0, prevTerm 0
051228 LEAD S0: 1 append success next 1 match 0
051228 LEAD S0: 2 append success next 1 match 0
052229 LEAD S0: prevLog &raft.Entry{Command:interface {}(nil), Term:0, Index:0}
052229 LEAD S0: prevLog &raft.Entry{Command:interface {}(nil), Term:0, Index:0}
052230 INFO S1: (term 1) follower 收到 [0] AppendEntries [], prevIndex 0, prevTerm 0
052230 INFO S2: (term 1) follower 收到 [0] AppendEntries [], prevIndex 0, prevTerm 0
052230 LEAD S0: 1 append success next 1 match 0
052231 LEAD S0: 2 append success next 1 match 0
053232 LEAD S0: prevLog &raft.Entry{Command:interface {}(nil), Term:0, Index:0}
053232 LEAD S0: prevLog &raft.Entry{Command:interface {}(nil), Term:0, Index:0}
053233 INFO S1: (term 1) follower 收到 [0] AppendEntries [], prevIndex 0, prevTerm 0
053233 INFO S2: (term 1) follower 收到 [0] AppendEntries [], prevIndex 0, prevTerm 0
053234 LEAD S0: 1 append success next 1 match 0
053234 LEAD S0: 2 append success next 1 match 0
054237 LEAD S0: prevLog &raft.Entry{Command:interface {}(nil), Term:0, Index:0}
054238 LEAD S0: prevLog &raft.Entry{Command:interface {}(nil), Term:0, Index:0}
054240 INFO S1: (term 1) follower 收到 [0] AppendEntries [], prevIndex 0, prevTerm 0
054241 INFO S2: (term 1) follower 收到 [0] AppendEntries [], prevIndex 0, prevTerm 0
054242 LEAD S0: 1 append success next 1 match 0
054243 LEAD S0: 2 append success next 1 match 0
055242 LEAD S0: prevLog &raft.Entry{Command:interface {}(nil), Term:0, Index:0}
055243 LEAD S0: prevLog &raft.Entry{Command:interface {}(nil), Term:0, Index:0}
055245 INFO S2: (term 1) follower 收到 [0] AppendEntries [], prevIndex 0, prevTerm 0
055246 LEAD S0: 2 append success next 1 match 0
055247 INFO S1: (term 1) follower 收到 [0] AppendEntries [], prevIndex 0, prevTerm 0
055249 LEAD S0: 1 append success next 1 match 0
056249 LEAD S0: prevLog &raft.Entry{Command:interface {}(nil), Term:0, Index:0}
056249 LEAD S0: prevLog &raft.Entry{Command:interface {}(nil), Term:0, Index:0}
056251 INFO S2: (term 1) follower 收到 [0] AppendEntries [], prevIndex 0, prevTerm 0
056253 LEAD S0: 2 append success next 1 match 0
056254 INFO S1: (term 1) follower 收到 [0] AppendEntries [], prevIndex 0, prevTerm 0
056256 LEAD S0: 1 append success next 1 match 0
057253 LEAD S0: prevLog &raft.Entry{Command:interface {}(nil), Term:0, Index:0}
057253 LEAD S0: prevLog &raft.Entry{Command:interface {}(nil), Term:0, Index:0}
057254 INFO S2: (term 1) follower 收到 [0] AppendEntries [], prevIndex 0, prevTerm 0
057254 INFO S1: (term 1) follower 收到 [0] AppendEntries [], prevIndex 0, prevTerm 0
057254 LEAD S0: 2 append success next 1 match 0
057255 LEAD S0: 1 append success next 1 match 0
058257 LEAD S0: prevLog &raft.Entry{Command:interface {}(nil), Term:0, Index:0}
058257 LEAD S0: prevLog &raft.Entry{Command:interface {}(nil), Term:0, Index:0}
058257 INFO S2: (term 1) follower 收到 [0] AppendEntries [], prevIndex 0, prevTerm 0
058258 LEAD S0: 2 append success next 1 match 0
058258 INFO S1: (term 1) follower 收到 [0] AppendEntries [], prevIndex 0, prevTerm 0
058258 LEAD S0: 1 append success next 1 match 0
059260 LEAD S0: prevLog &raft.Entry{Command:interface {}(nil), Term:0, Index:0}
059260 LEAD S0: prevLog &raft.Entry{Command:interface {}(nil), Term:0, Index:0}
059261 INFO S2: (term 1) follower 收到 [0] AppendEntries [], prevIndex 0, prevTerm 0
059261 INFO S1: (term 1) follower 收到 [0] AppendEntries [], prevIndex 0, prevTerm 0
059261 LEAD S0: 2 append success next 1 match 0
059262 LEAD S0: 1 append success next 1 match 0
060263 LEAD S0: prevLog &raft.Entry{Command:interface {}(nil), Term:0, Index:0}
060263 LEAD S0: prevLog &raft.Entry{Command:interface {}(nil), Term:0, Index:0}
060264 INFO S2: (term 1) follower 收到 [0] AppendEntries [], prevIndex 0, prevTerm 0
060264 LEAD S0: 2 append success next 1 match 0
060264 INFO S1: (term 1) follower 收到 [0] AppendEntries [], prevIndex 0, prevTerm 0
060265 LEAD S0: 1 append success next 1 match 0
061266 LEAD S0: prevLog &raft.Entry{Command:interface {}(nil), Term:0, Index:0}
061267 LEAD S0: prevLog &raft.Entry{Command:interface {}(nil), Term:0, Index:0}
061267 INFO S2: (term 1) follower 收到 [0] AppendEntries [], prevIndex 0, prevTerm 0
061267 INFO S1: (term 1) follower 收到 [0] AppendEntries [], prevIndex 0, prevTerm 0
061268 LEAD S0: 2 append success next 1 match 0
061268 LEAD S0: 1 append success next 1 match 0
062270 LEAD S0: prevLog &raft.Entry{Command:interface {}(nil), Term:0, Index:0}
062270 LEAD S0: prevLog &raft.Entry{Command:interface {}(nil), Term:0, Index:0}
062271 INFO S2: (term 1) follower 收到 [0] AppendEntries [], prevIndex 0, prevTerm 0
062271 INFO S1: (term 1) follower 收到 [0] AppendEntries [], prevIndex 0, prevTerm 0
062271 LEAD S0: 2 append success next 1 match 0
062271 LEAD S0: 1 append success next 1 match 0
063273 LEAD S0: prevLog &raft.Entry{Command:interface {}(nil), Term:0, Index:0}
063273 LEAD S0: prevLog &raft.Entry{Command:interface {}(nil), Term:0, Index:0}
063273 INFO S1: (term 1) follower 收到 [0] AppendEntries [], prevIndex 0, prevTerm 0
063273 INFO S2: (term 1) follower 收到 [0] AppendEntries [], prevIndex 0, prevTerm 0
063274 LEAD S0: 1 append success next 1 match 0
063274 LEAD S0: 2 append success next 1 match 0
064277 LEAD S0: prevLog &raft.Entry{Command:interface {}(nil), Term:0, Index:0}
064277 LEAD S0: prevLog &raft.Entry{Command:interface {}(nil), Term:0, Index:0}
064278 INFO S1: (term 1) follower 收到 [0] AppendEntries [], prevIndex 0, prevTerm 0
064278 INFO S2: (term 1) follower 收到 [0] AppendEntries [], prevIndex 0, prevTerm 0
064278 LEAD S0: 1 append success next 1 match 0
064278 LEAD S0: 2 append success next 1 match 0
065282 LEAD S0: prevLog &raft.Entry{Command:interface {}(nil), Term:0, Index:0}
065283 LEAD S0: prevLog &raft.Entry{Command:interface {}(nil), Term:0, Index:0}
065285 INFO S2: (term 1) follower 收到 [0] AppendEntries [], prevIndex 0, prevTerm 0
065287 LEAD S0: 2 append success next 1 match 0
065288 INFO S1: (term 1) follower 收到 [0] AppendEntries [], prevIndex 0, prevTerm 0
065290 LEAD S0: 1 append success next 1 match 0
066289 LEAD S0: prevLog &raft.Entry{Command:interface {}(nil), Term:0, Index:0}
066290 LEAD S0: prevLog &raft.Entry{Command:interface {}(nil), Term:0, Index:0}
066293 INFO S1: (term 1) follower 收到 [0] AppendEntries [], prevIndex 0, prevTerm 0
066293 INFO S2: (term 1) follower 收到 [0] AppendEntries [], prevIndex 0, prevTerm 0
066294 LEAD S0: 1 append success next 1 match 0
066295 LEAD S0: 2 append success next 1 match 0
067295 LEAD S0: prevLog &raft.Entry{Command:interface {}(nil), Term:0, Index:0}
067295 LEAD S0: prevLog &raft.Entry{Command:interface {}(nil), Term:0, Index:0}
067296 INFO S1: (term 1) follower 收到 [0] AppendEntries [], prevIndex 0, prevTerm 0
067296 LEAD S0: 1 append success next 1 match 0
067298 INFO S2: (term 1) follower 收到 [0] AppendEntries [], prevIndex 0, prevTerm 0
067300 LEAD S0: 2 append success next 1 match 0
068299 LEAD S0: prevLog &raft.Entry{Command:interface {}(nil), Term:0, Index:0}
068300 LEAD S0: prevLog &raft.Entry{Command:interface {}(nil), Term:0, Index:0}
068302 INFO S2: (term 1) follower 收到 [0] AppendEntries [], prevIndex 0, prevTerm 0
068304 LEAD S0: 2 append success next 1 match 0
068304 INFO S1: (term 1) follower 收到 [0] AppendEntries [], prevIndex 0, prevTerm 0
068306 LEAD S0: 1 append success next 1 match 0
069303 LEAD S0: prevLog &raft.Entry{Command:interface {}(nil), Term:0, Index:0}
069303 LEAD S0: prevLog &raft.Entry{Command:interface {}(nil), Term:0, Index:0}
069304 INFO S2: (term 1) follower 收到 [0] AppendEntries [], prevIndex 0, prevTerm 0
069304 LEAD S0: 2 append success next 1 match 0
069305 INFO S1: (term 1) follower 收到 [0] AppendEntries [], prevIndex 0, prevTerm 0
069305 LEAD S0: 1 append success next 1 match 0
070306 LEAD S0: prevLog &raft.Entry{Command:interface {}(nil), Term:0, Index:0}
070306 LEAD S0: prevLog &raft.Entry{Command:interface {}(nil), Term:0, Index:0}
070307 INFO S2: (term 1) follower 收到 [0] AppendEntries [], prevIndex 0, prevTerm 0
070308 LEAD S0: 2 append success next 1 match 0
070308 INFO S1: (term 1) follower 收到 [0] AppendEntries [], prevIndex 0, prevTerm 0
070308 LEAD S0: 1 append success next 1 match 0
071310 LEAD S0: prevLog &raft.Entry{Command:interface {}(nil), Term:0, Index:0}
071311 LEAD S0: prevLog &raft.Entry{Command:interface {}(nil), Term:0, Index:0}
071311 INFO S2: (term 1) follower 收到 [0] AppendEntries [], prevIndex 0, prevTerm 0
071312 LEAD S0: 2 append success next 1 match 0
071312 INFO S1: (term 1) follower 收到 [0] AppendEntries [], prevIndex 0, prevTerm 0
071312 LEAD S0: 1 append success next 1 match 0
072314 LEAD S0: prevLog &raft.Entry{Command:interface {}(nil), Term:0, Index:0}
072314 LEAD S0: prevLog &raft.Entry{Command:interface {}(nil), Term:0, Index:0}
072315 INFO S2: (term 1) follower 收到 [0] AppendEntries [], prevIndex 0, prevTerm 0
072315 LEAD S0: 2 append success next 1 match 0
072315 INFO S1: (term 1) follower 收到 [0] AppendEntries [], prevIndex 0, prevTerm 0
072316 LEAD S0: 1 append success next 1 match 0
073320 LEAD S0: prevLog &raft.Entry{Command:interface {}(nil), Term:0, Index:0}
073320 LEAD S0: prevLog &raft.Entry{Command:interface {}(nil), Term:0, Index:0}
073321 INFO S2: (term 1) follower 收到 [0] AppendEntries [], prevIndex 0, prevTerm 0
073321 INFO S1: (term 1) follower 收到 [0] AppendEntries [], prevIndex 0, prevTerm 0
073321 LEAD S0: 2 append success next 1 match 0
073322 LEAD S0: 1 append success next 1 match 0
074326 LEAD S0: prevLog &raft.Entry{Command:interface {}(nil), Term:0, Index:0}
074327 LEAD S0: prevLog &raft.Entry{Command:interface {}(nil), Term:0, Index:0}
074328 INFO S2: (term 1) follower 收到 [0] AppendEntries [], prevIndex 0, prevTerm 0
074329 LEAD S0: 2 append success next 1 match 0
074330 INFO S1: (term 1) follower 收到 [0] AppendEntries [], prevIndex 0, prevTerm 0
074331 LEAD S0: 1 append success next 1 match 0
075329 LEAD S0: prevLog &raft.Entry{Command:interface {}(nil), Term:0, Index:0}
075329 LEAD S0: prevLog &raft.Entry{Command:interface {}(nil), Term:0, Index:0}
075330 INFO S2: (term 1) follower 收到 [0] AppendEntries [], prevIndex 0, prevTerm 0
075330 INFO S1: (term 1) follower 收到 [0] AppendEntries [], prevIndex 0, prevTerm 0
075330 LEAD S0: 2 append success next 1 match 0
075330 LEAD S0: 1 append success next 1 match 0
076334 LEAD S0: prevLog &raft.Entry{Command:interface {}(nil), Term:0, Index:0}
076334 LEAD S0: prevLog &raft.Entry{Command:interface {}(nil), Term:0, Index:0}
076334 INFO S2: (term 1) follower 收到 [0] AppendEntries [], prevIndex 0, prevTerm 0
076335 LEAD S0: 2 append success next 1 match 0
076335 INFO S1: (term 1) follower 收到 [0] AppendEntries [], prevIndex 0, prevTerm 0
076335 LEAD S0: 1 append success next 1 match 0
077337 LEAD S0: prevLog &raft.Entry{Command:interface {}(nil), Term:0, Index:0}
077337 LEAD S0: prevLog &raft.Entry{Command:interface {}(nil), Term:0, Index:0}
077338 INFO S2: (term 1) follower 收到 [0] AppendEntries [], prevIndex 0, prevTerm 0
077338 LEAD S0: 2 append success next 1 match 0
077339 INFO S1: (term 1) follower 收到 [0] AppendEntries [], prevIndex 0, prevTerm 0
077339 LEAD S0: 1 append success next 1 match 0
078341 LEAD S0: prevLog &raft.Entry{Command:interface {}(nil), Term:0, Index:0}
078342 LEAD S0: prevLog &raft.Entry{Command:interface {}(nil), Term:0, Index:0}
078343 INFO S2: (term 1) follower 收到 [0] AppendEntries [], prevIndex 0, prevTerm 0
078343 INFO S1: (term 1) follower 收到 [0] AppendEntries [], prevIndex 0, prevTerm 0
078343 LEAD S0: 1 append success next 1 match 0
078343 LEAD S0: 2 append success next 1 match 0
079345 LEAD S0: prevLog &raft.Entry{Command:interface {}(nil), Term:0, Index:0}
079345 LEAD S0: prevLog &raft.Entry{Command:interface {}(nil), Term:0, Index:0}
079346 INFO S1: (term 1) follower 收到 [0] AppendEntries [], prevIndex 0, prevTerm 0
079346 INFO S2: (term 1) follower 收到 [0] AppendEntries [], prevIndex 0, prevTerm 0
079347 LEAD S0: 1 append success next 1 match 0
079347 LEAD S0: 2 append success next 1 match 0
080348 LEAD S0: prevLog &raft.Entry{Command:interface {}(nil), Term:0, Index:0}
080348 LEAD S0: prevLog &raft.Entry{Command:interface {}(nil), Term:0, Index:0}
080348 INFO S2: (term 1) follower 收到 [0] AppendEntries [], prevIndex 0, prevTerm 0
080349 LEAD S0: 2 append success next 1 match 0
080349 INFO S1: (term 1) follower 收到 [0] AppendEntries [], prevIndex 0, prevTerm 0
080349 LEAD S0: 1 append success next 1 match 0
081351 LEAD S0: prevLog &raft.Entry{Command:interface {}(nil), Term:0, Index:0}
081351 LEAD S0: prevLog &raft.Entry{Command:interface {}(nil), Term:0, Index:0}
081351 INFO S2: (term 1) follower 收到 [0] AppendEntries [], prevIndex 0, prevTerm 0
081352 LEAD S0: 2 append success next 1 match 0
081352 INFO S1: (term 1) follower 收到 [0] AppendEntries [], prevIndex 0, prevTerm 0
081352 LEAD S0: 1 append success next 1 match 0
082354 LEAD S0: prevLog &raft.Entry{Command:interface {}(nil), Term:0, Index:0}
082354 LEAD S0: prevLog &raft.Entry{Command:interface {}(nil), Term:0, Index:0}
082355 INFO S2: (term 1) follower 收到 [0] AppendEntries [], prevIndex 0, prevTerm 0
082355 INFO S1: (term 1) follower 收到 [0] AppendEntries [], prevIndex 0, prevTerm 0
082356 LEAD S0: 1 append success next 1 match 0
082356 LEAD S0: 2 append success next 1 match 0
083357 LEAD S0: prevLog &raft.Entry{Command:interface {}(nil), Term:0, Index:0}
083357 LEAD S0: prevLog &raft.Entry{Command:interface {}(nil), Term:0, Index:0}
083357 INFO S2: (term 1) follower 收到 [0] AppendEntries [], prevIndex 0, prevTerm 0
083358 LEAD S0: 2 append success next 1 match 0
083358 INFO S1: (term 1) follower 收到 [0] AppendEntries [], prevIndex 0, prevTerm 0
083358 LEAD S0: 1 append success next 1 match 0
084360 LEAD S0: prevLog &raft.Entry{Command:interface {}(nil), Term:0, Index:0}
084361 LEAD S0: prevLog &raft.Entry{Command:interface {}(nil), Term:0, Index:0}
084362 INFO S2: (term 1) follower 收到 [0] AppendEntries [], prevIndex 0, prevTerm 0
084362 INFO S1: (term 1) follower 收到 [0] AppendEntries [], prevIndex 0, prevTerm 0
084363 LEAD S0: 2 append success next 1 match 0
084363 LEAD S0: 1 append success next 1 match 0
085366 LEAD S0: prevLog &raft.Entry{Command:interface {}(nil), Term:0, Index:0}
085366 LEAD S0: prevLog &raft.Entry{Command:interface {}(nil), Term:0, Index:0}
085368 INFO S2: (term 1) follower 收到 [0] AppendEntries [], prevIndex 0, prevTerm 0
085369 INFO S1: (term 1) follower 收到 [0] AppendEntries [], prevIndex 0, prevTerm 0
085369 LEAD S0: 2 append success next 1 match 0
085370 LEAD S0: 1 append success next 1 match 0
086372 LEAD S0: prevLog &raft.Entry{Command:interface {}(nil), Term:0, Index:0}
086372 LEAD S0: prevLog &raft.Entry{Command:interface {}(nil), Term:0, Index:0}
086373 INFO S2: (term 1) follower 收到 [0] AppendEntries [], prevIndex 0, prevTerm 0
086373 INFO S1: (term 1) follower 收到 [0] AppendEntries [], prevIndex 0, prevTerm 0
086373 LEAD S0: 2 append success next 1 match 0
086373 LEAD S0: 1 append success next 1 match 0
087376 LEAD S0: prevLog &raft.Entry{Command:interface {}(nil), Term:0, Index:0}
087376 LEAD S0: prevLog &raft.Entry{Command:interface {}(nil), Term:0, Index:0}
087377 INFO S1: (term 1) follower 收到 [0] AppendEntries [], prevIndex 0, prevTerm 0
087377 INFO S2: (term 1) follower 收到 [0] AppendEntries [], prevIndex 0, prevTerm 0
087377 LEAD S0: 1 append success next 1 match 0
087378 LEAD S0: 2 append success next 1 match 0
088379 LEAD S0: prevLog &raft.Entry{Command:interface {}(nil), Term:0, Index:0}
088379 LEAD S0: prevLog &raft.Entry{Command:interface {}(nil), Term:0, Index:0}
088380 INFO S1: (term 1) follower 收到 [0] AppendEntries [], prevIndex 0, prevTerm 0
088380 INFO S2: (term 1) follower 收到 [0] AppendEntries [], prevIndex 0, prevTerm 0
088380 LEAD S0: 1 append success next 1 match 0
088380 LEAD S0: 2 append success next 1 match 0
089386 LEAD S0: prevLog &raft.Entry{Command:interface {}(nil), Term:0, Index:0}
089386 LEAD S0: prevLog &raft.Entry{Command:interface {}(nil), Term:0, Index:0}
089387 INFO S2: (term 1) follower 收到 [0] AppendEntries [], prevIndex 0, prevTerm 0
089387 INFO S1: (term 1) follower 收到 [0] AppendEntries [], prevIndex 0, prevTerm 0
089387 LEAD S0: 2 append success next 1 match 0
089387 LEAD S0: 1 append success next 1 match 0
090388 LEAD S0: prevLog &raft.Entry{Command:interface {}(nil), Term:0, Index:0}
090388 LEAD S0: prevLog &raft.Entry{Command:interface {}(nil), Term:0, Index:0}
090389 INFO S2: (term 1) follower 收到 [0] AppendEntries [], prevIndex 0, prevTerm 0
090389 INFO S1: (term 1) follower 收到 [0] AppendEntries [], prevIndex 0, prevTerm 0
090390 LEAD S0: 1 append success next 1 match 0
090390 LEAD S0: 2 append success next 1 match 0
091391 LEAD S0: prevLog &raft.Entry{Command:interface {}(nil), Term:0, Index:0}
091392 LEAD S0: prevLog &raft.Entry{Command:interface {}(nil), Term:0, Index:0}
091392 INFO S2: (term 1) follower 收到 [0] AppendEntries [], prevIndex 0, prevTerm 0
091393 LEAD S0: 2 append success next 1 match 0
091392 INFO S1: (term 1) follower 收到 [0] AppendEntries [], prevIndex 0, prevTerm 0
091393 LEAD S0: 1 append success next 1 match 0
092395 LEAD S0: prevLog &raft.Entry{Command:interface {}(nil), Term:0, Index:0}
092395 LEAD S0: prevLog &raft.Entry{Command:interface {}(nil), Term:0, Index:0}
092396 INFO S2: (term 1) follower 收到 [0] AppendEntries [], prevIndex 0, prevTerm 0
092396 LEAD S0: 2 append success next 1 match 0
092396 INFO S1: (term 1) follower 收到 [0] AppendEntries [], prevIndex 0, prevTerm 0
092397 LEAD S0: 1 append success next 1 match 0
093400 LEAD S0: prevLog &raft.Entry{Command:interface {}(nil), Term:0, Index:0}
093400 LEAD S0: prevLog &raft.Entry{Command:interface {}(nil), Term:0, Index:0}
093402 INFO S1: (term 1) follower 收到 [0] AppendEntries [], prevIndex 0, prevTerm 0
093402 INFO S2: (term 1) follower 收到 [0] AppendEntries [], prevIndex 0, prevTerm 0
093403 LEAD S0: 1 append success next 1 match 0
093404 LEAD S0: 2 append success next 1 match 0
094406 LEAD S0: prevLog &raft.Entry{Command:interface {}(nil), Term:0, Index:0}
094406 LEAD S0: prevLog &raft.Entry{Command:interface {}(nil), Term:0, Index:0}
094408 INFO S2: (term 1) follower 收到 [0] AppendEntries [], prevIndex 0, prevTerm 0
094410 LEAD S0: 2 append success next 1 match 0
094410 INFO S1: (term 1) follower 收到 [0] AppendEntries [], prevIndex 0, prevTerm 0
094413 LEAD S0: 1 append success next 1 match 0
095415 LEAD S0: prevLog &raft.Entry{Command:interface {}(nil), Term:0, Index:0}
095415 LEAD S0: prevLog &raft.Entry{Command:interface {}(nil), Term:0, Index:0}
095416 INFO S2: (term 1) follower 收到 [0] AppendEntries [], prevIndex 0, prevTerm 0
095416 LEAD S0: 2 append success next 1 match 0
095417 INFO S1: (term 1) follower 收到 [0] AppendEntries [], prevIndex 0, prevTerm 0
095417 LEAD S0: 1 append success next 1 match 0
096418 LEAD S0: prevLog &raft.Entry{Command:interface {}(nil), Term:0, Index:0}
096418 LEAD S0: prevLog &raft.Entry{Command:interface {}(nil), Term:0, Index:0}
096419 INFO S2: (term 1) follower 收到 [0] AppendEntries [], prevIndex 0, prevTerm 0
096419 INFO S1: (term 1) follower 收到 [0] AppendEntries [], prevIndex 0, prevTerm 0
096419 LEAD S0: 2 append success next 1 match 0
096419 LEAD S0: 1 append success next 1 match 0
097424 LEAD S0: prevLog &raft.Entry{Command:interface {}(nil), Term:0, Index:0}
097424 LEAD S0: prevLog &raft.Entry{Command:interface {}(nil), Term:0, Index:0}
097426 INFO S2: (term 1) follower 收到 [0] AppendEntries [], prevIndex 0, prevTerm 0
097427 INFO S1: (term 1) follower 收到 [0] AppendEntries [], prevIndex 0, prevTerm 0
097427 LEAD S0: 2 append success next 1 match 0
097429 LEAD S0: 1 append success next 1 match 0
098431 LEAD S0: prevLog &raft.Entry{Command:interface {}(nil), Term:0, Index:0}
098431 LEAD S0: prevLog &raft.Entry{Command:interface {}(nil), Term:0, Index:0}
098434 INFO S2: (term 1) follower 收到 [0] AppendEntries [], prevIndex 0, prevTerm 0
098435 LEAD S0: 2 append success next 1 match 0
098436 INFO S1: (term 1) follower 收到 [0] AppendEntries [], prevIndex 0, prevTerm 0
098438 LEAD S0: 1 append success next 1 match 0
099440 LEAD S0: prevLog &raft.Entry{Command:interface {}(nil), Term:0, Index:0}
099441 LEAD S0: prevLog &raft.Entry{Command:interface {}(nil), Term:0, Index:0}
099443 INFO S2: (term 1) follower 收到 [0] AppendEntries [], prevIndex 0, prevTerm 0
099443 INFO S1: (term 1) follower 收到 [0] AppendEntries [], prevIndex 0, prevTerm 0
099444 LEAD S0: 1 append success next 1 match 0
099444 LEAD S0: 2 append success next 1 match 0
100446 LEAD S0: prevLog &raft.Entry{Command:interface {}(nil), Term:0, Index:0}
100446 LEAD S0: prevLog &raft.Entry{Command:interface {}(nil), Term:0, Index:0}
--- FAIL: TestPersist12C (10.04s)
    config.go:609: one(11) failed to reach agreement
FAIL
exit status 1
FAIL	6.824/raft	10.046s
