Test (2C): basic persistence ...
002009 INFO S0: start leader election, term 1
002009 INFO S2: start leader election, term 1
002009 VOTE S2: term 1 send vote request to 1
002010 VOTE S0: term 1 send vote request to 2
002010 VOTE S0: term 1 send vote request to 1
002010 VOTE S2: term 1 send vote request to 0
002010 TERM S1: set new term 1
002011 VOTE S1: term 1 vote 2
002011 VOTE S2: 0 没有投给me，结束
002011 VOTE S2: reply from 1, term一致，且投给2
002011 LEAD S2: come to power, start to send heartbeat
002011 LEAD S2: prevLog &raft.Entry{Command:interface {}(nil), Term:0, Index:0}
002011 LEAD S2: prevLog &raft.Entry{Command:interface {}(nil), Term:0, Index:0}
002011 VOTE S0: 1 没有投给me，结束
002011 INFO S1: (term 1) follower 收到 [2] AppendEntries [], prevIndex 0, prevTerm 0
002012 VOTE S0: 2 没有投给me，结束
002012 LEAD S2: 1 append success next 1 match 0
002012 INFO S0: (term 1) follower 收到 [2] AppendEntries [], prevIndex 0, prevTerm 0
002012 LEAD S2: 0 append success next 1 match 0
003012 LEAD S2: prevLog &raft.Entry{Command:interface {}(nil), Term:0, Index:0}
003012 LEAD S2: prevLog &raft.Entry{Command:interface {}(nil), Term:0, Index:0}
003013 INFO S0: (term 1) follower 收到 [2] AppendEntries [], prevIndex 0, prevTerm 0
003013 INFO S1: (term 1) follower 收到 [2] AppendEntries [], prevIndex 0, prevTerm 0
003013 LEAD S2: 0 append success next 1 match 0
003013 LEAD S2: 1 append success next 1 match 0
004015 LEAD S2: prevLog &raft.Entry{Command:interface {}(nil), Term:0, Index:0}
004015 LEAD S2: prevLog &raft.Entry{Command:interface {}(nil), Term:0, Index:0}
004016 INFO S0: (term 1) follower 收到 [2] AppendEntries [], prevIndex 0, prevTerm 0
004016 LEAD S2: 0 append success next 1 match 0
004016 INFO S1: (term 1) follower 收到 [2] AppendEntries [], prevIndex 0, prevTerm 0
004017 LEAD S2: 1 append success next 1 match 0
005019 LEAD S2: prevLog &raft.Entry{Command:interface {}(nil), Term:0, Index:0}
005020 LEAD S2: prevLog &raft.Entry{Command:interface {}(nil), Term:0, Index:0}
005021 INFO S0: (term 1) follower 收到 [2] AppendEntries [], prevIndex 0, prevTerm 0
005021 INFO S1: (term 1) follower 收到 [2] AppendEntries [], prevIndex 0, prevTerm 0
005021 LEAD S2: 0 append success next 1 match 0
005021 LEAD S2: 1 append success next 1 match 0
006023 LEAD S2: prevLog &raft.Entry{Command:interface {}(nil), Term:0, Index:0}
006024 LEAD S2: prevLog &raft.Entry{Command:interface {}(nil), Term:0, Index:0}
006024 INFO S0: (term 1) follower 收到 [2] AppendEntries [], prevIndex 0, prevTerm 0
006024 INFO S1: (term 1) follower 收到 [2] AppendEntries [], prevIndex 0, prevTerm 0
006025 LEAD S2: 0 append success next 1 match 0
006025 LEAD S2: 1 append success next 1 match 0
007027 LEAD S2: prevLog &raft.Entry{Command:interface {}(nil), Term:0, Index:0}
007027 LEAD S2: prevLog &raft.Entry{Command:interface {}(nil), Term:0, Index:0}
007028 INFO S1: (term 1) follower 收到 [2] AppendEntries [], prevIndex 0, prevTerm 0
007028 LEAD S2: 1 append success next 1 match 0
007028 INFO S0: (term 1) follower 收到 [2] AppendEntries [], prevIndex 0, prevTerm 0
007028 LEAD S2: 0 append success next 1 match 0
008030 LEAD S2: prevLog &raft.Entry{Command:interface {}(nil), Term:0, Index:0}
008030 LEAD S2: prevLog &raft.Entry{Command:interface {}(nil), Term:0, Index:0}
008031 INFO S0: (term 1) follower 收到 [2] AppendEntries [], prevIndex 0, prevTerm 0
008031 LEAD S2: 0 append success next 1 match 0
008031 INFO S1: (term 1) follower 收到 [2] AppendEntries [], prevIndex 0, prevTerm 0
008032 LEAD S2: 1 append success next 1 match 0
009033 LEAD S2: prevLog &raft.Entry{Command:interface {}(nil), Term:0, Index:0}
009033 LEAD S2: prevLog &raft.Entry{Command:interface {}(nil), Term:0, Index:0}
009034 INFO S0: (term 1) follower 收到 [2] AppendEntries [], prevIndex 0, prevTerm 0
009034 INFO S1: (term 1) follower 收到 [2] AppendEntries [], prevIndex 0, prevTerm 0
009034 LEAD S2: 0 append success next 1 match 0
009035 LEAD S2: 1 append success next 1 match 0
010036 LEAD S2: prevLog &raft.Entry{Command:interface {}(nil), Term:0, Index:0}
010036 LEAD S2: prevLog &raft.Entry{Command:interface {}(nil), Term:0, Index:0}
010037 INFO S1: (term 1) follower 收到 [2] AppendEntries [], prevIndex 0, prevTerm 0
010037 INFO S0: (term 1) follower 收到 [2] AppendEntries [], prevIndex 0, prevTerm 0
010037 LEAD S2: 1 append success next 1 match 0
010038 LEAD S2: 0 append success next 1 match 0
011039 LEAD S2: prevLog &raft.Entry{Command:interface {}(nil), Term:0, Index:0}
011039 LEAD S2: prevLog &raft.Entry{Command:interface {}(nil), Term:0, Index:0}
011040 INFO S0: (term 1) follower 收到 [2] AppendEntries [], prevIndex 0, prevTerm 0
011040 INFO S1: (term 1) follower 收到 [2] AppendEntries [], prevIndex 0, prevTerm 0
011041 LEAD S2: 0 append success next 1 match 0
011041 LEAD S2: 1 append success next 1 match 0
012042 LEAD S2: prevLog &raft.Entry{Command:interface {}(nil), Term:0, Index:0}
012042 LEAD S2: prevLog &raft.Entry{Command:interface {}(nil), Term:0, Index:0}
012043 INFO S1: (term 1) follower 收到 [2] AppendEntries [], prevIndex 0, prevTerm 0
012043 INFO S0: (term 1) follower 收到 [2] AppendEntries [], prevIndex 0, prevTerm 0
012043 LEAD S2: 0 append success next 1 match 0
012043 LEAD S2: 1 append success next 1 match 0
013047 LEAD S2: prevLog &raft.Entry{Command:interface {}(nil), Term:0, Index:0}
013047 LEAD S2: prevLog &raft.Entry{Command:interface {}(nil), Term:0, Index:0}
013048 INFO S1: (term 1) follower 收到 [2] AppendEntries [], prevIndex 0, prevTerm 0
013048 INFO S0: (term 1) follower 收到 [2] AppendEntries [], prevIndex 0, prevTerm 0
013048 LEAD S2: 1 append success next 1 match 0
013048 LEAD S2: 0 append success next 1 match 0
014050 LEAD S2: prevLog &raft.Entry{Command:interface {}(nil), Term:0, Index:0}
014050 LEAD S2: prevLog &raft.Entry{Command:interface {}(nil), Term:0, Index:0}
014051 INFO S0: (term 1) follower 收到 [2] AppendEntries [], prevIndex 0, prevTerm 0
014051 INFO S1: (term 1) follower 收到 [2] AppendEntries [], prevIndex 0, prevTerm 0
014051 LEAD S2: 0 append success next 1 match 0
014051 LEAD S2: 1 append success next 1 match 0
015053 LEAD S2: prevLog &raft.Entry{Command:interface {}(nil), Term:0, Index:0}
015053 LEAD S2: prevLog &raft.Entry{Command:interface {}(nil), Term:0, Index:0}
015054 INFO S1: (term 1) follower 收到 [2] AppendEntries [], prevIndex 0, prevTerm 0
015054 LEAD S2: 1 append success next 1 match 0
015054 INFO S0: (term 1) follower 收到 [2] AppendEntries [], prevIndex 0, prevTerm 0
015055 LEAD S2: 0 append success next 1 match 0
016057 LEAD S2: prevLog &raft.Entry{Command:interface {}(nil), Term:0, Index:0}
016058 LEAD S2: prevLog &raft.Entry{Command:interface {}(nil), Term:0, Index:0}
016058 INFO S0: (term 1) follower 收到 [2] AppendEntries [], prevIndex 0, prevTerm 0
016059 INFO S1: (term 1) follower 收到 [2] AppendEntries [], prevIndex 0, prevTerm 0
016059 LEAD S2: 0 append success next 1 match 0
016059 LEAD S2: 1 append success next 1 match 0
017060 LEAD S2: prevLog &raft.Entry{Command:interface {}(nil), Term:0, Index:0}
017061 LEAD S2: prevLog &raft.Entry{Command:interface {}(nil), Term:0, Index:0}
017061 INFO S1: (term 1) follower 收到 [2] AppendEntries [], prevIndex 0, prevTerm 0
017061 INFO S0: (term 1) follower 收到 [2] AppendEntries [], prevIndex 0, prevTerm 0
017062 LEAD S2: 1 append success next 1 match 0
017062 LEAD S2: 0 append success next 1 match 0
018064 LEAD S2: prevLog &raft.Entry{Command:interface {}(nil), Term:0, Index:0}
018064 LEAD S2: prevLog &raft.Entry{Command:interface {}(nil), Term:0, Index:0}
018065 INFO S1: (term 1) follower 收到 [2] AppendEntries [], prevIndex 0, prevTerm 0
018065 INFO S0: (term 1) follower 收到 [2] AppendEntries [], prevIndex 0, prevTerm 0
018065 LEAD S2: 1 append success next 1 match 0
018065 LEAD S2: 0 append success next 1 match 0
019069 LEAD S2: prevLog &raft.Entry{Command:interface {}(nil), Term:0, Index:0}
019069 LEAD S2: prevLog &raft.Entry{Command:interface {}(nil), Term:0, Index:0}
019070 INFO S0: (term 1) follower 收到 [2] AppendEntries [], prevIndex 0, prevTerm 0
019070 INFO S1: (term 1) follower 收到 [2] AppendEntries [], prevIndex 0, prevTerm 0
019070 LEAD S2: 0 append success next 1 match 0
019070 LEAD S2: 1 append success next 1 match 0
020072 LEAD S2: prevLog &raft.Entry{Command:interface {}(nil), Term:0, Index:0}
020072 LEAD S2: prevLog &raft.Entry{Command:interface {}(nil), Term:0, Index:0}
020073 INFO S0: (term 1) follower 收到 [2] AppendEntries [], prevIndex 0, prevTerm 0
020073 LEAD S2: 0 append success next 1 match 0
020074 INFO S1: (term 1) follower 收到 [2] AppendEntries [], prevIndex 0, prevTerm 0
020074 LEAD S2: 1 append success next 1 match 0
021077 LEAD S2: prevLog &raft.Entry{Command:interface {}(nil), Term:0, Index:0}
021077 LEAD S2: prevLog &raft.Entry{Command:interface {}(nil), Term:0, Index:0}
021078 INFO S1: (term 1) follower 收到 [2] AppendEntries [], prevIndex 0, prevTerm 0
021079 INFO S0: (term 1) follower 收到 [2] AppendEntries [], prevIndex 0, prevTerm 0
021079 LEAD S2: 1 append success next 1 match 0
021079 LEAD S2: 0 append success next 1 match 0
022082 LEAD S2: prevLog &raft.Entry{Command:interface {}(nil), Term:0, Index:0}
022082 LEAD S2: prevLog &raft.Entry{Command:interface {}(nil), Term:0, Index:0}
022083 INFO S0: (term 1) follower 收到 [2] AppendEntries [], prevIndex 0, prevTerm 0
022083 INFO S1: (term 1) follower 收到 [2] AppendEntries [], prevIndex 0, prevTerm 0
022084 LEAD S2: 0 append success next 1 match 0
022084 LEAD S2: 1 append success next 1 match 0
023086 LEAD S2: prevLog &raft.Entry{Command:interface {}(nil), Term:0, Index:0}
023086 LEAD S2: prevLog &raft.Entry{Command:interface {}(nil), Term:0, Index:0}
023087 INFO S0: (term 1) follower 收到 [2] AppendEntries [], prevIndex 0, prevTerm 0
023087 INFO S1: (term 1) follower 收到 [2] AppendEntries [], prevIndex 0, prevTerm 0
023087 LEAD S2: 0 append success next 1 match 0
023088 LEAD S2: 1 append success next 1 match 0
024089 LEAD S2: prevLog &raft.Entry{Command:interface {}(nil), Term:0, Index:0}
024090 LEAD S2: prevLog &raft.Entry{Command:interface {}(nil), Term:0, Index:0}
024090 INFO S0: (term 1) follower 收到 [2] AppendEntries [], prevIndex 0, prevTerm 0
024090 INFO S1: (term 1) follower 收到 [2] AppendEntries [], prevIndex 0, prevTerm 0
024091 LEAD S2: 1 append success next 1 match 0
024091 LEAD S2: 0 append success next 1 match 0
025093 LEAD S2: prevLog &raft.Entry{Command:interface {}(nil), Term:0, Index:0}
025093 LEAD S2: prevLog &raft.Entry{Command:interface {}(nil), Term:0, Index:0}
025094 INFO S0: (term 1) follower 收到 [2] AppendEntries [], prevIndex 0, prevTerm 0
025094 INFO S1: (term 1) follower 收到 [2] AppendEntries [], prevIndex 0, prevTerm 0
025094 LEAD S2: 0 append success next 1 match 0
025095 LEAD S2: 1 append success next 1 match 0
026096 LEAD S2: prevLog &raft.Entry{Command:interface {}(nil), Term:0, Index:0}
026096 LEAD S2: prevLog &raft.Entry{Command:interface {}(nil), Term:0, Index:0}
026097 INFO S1: (term 1) follower 收到 [2] AppendEntries [], prevIndex 0, prevTerm 0
026097 LEAD S2: 1 append success next 1 match 0
026097 INFO S0: (term 1) follower 收到 [2] AppendEntries [], prevIndex 0, prevTerm 0
026098 LEAD S2: 0 append success next 1 match 0
027099 LEAD S2: prevLog &raft.Entry{Command:interface {}(nil), Term:0, Index:0}
027099 LEAD S2: prevLog &raft.Entry{Command:interface {}(nil), Term:0, Index:0}
027100 INFO S0: (term 1) follower 收到 [2] AppendEntries [], prevIndex 0, prevTerm 0
027100 INFO S1: (term 1) follower 收到 [2] AppendEntries [], prevIndex 0, prevTerm 0
027100 LEAD S2: 0 append success next 1 match 0
027100 LEAD S2: 1 append success next 1 match 0
028102 LEAD S2: prevLog &raft.Entry{Command:interface {}(nil), Term:0, Index:0}
028102 LEAD S2: prevLog &raft.Entry{Command:interface {}(nil), Term:0, Index:0}
028103 INFO S0: (term 1) follower 收到 [2] AppendEntries [], prevIndex 0, prevTerm 0
028103 INFO S1: (term 1) follower 收到 [2] AppendEntries [], prevIndex 0, prevTerm 0
028103 LEAD S2: 0 append success next 1 match 0
028103 LEAD S2: 1 append success next 1 match 0
029105 LEAD S2: prevLog &raft.Entry{Command:interface {}(nil), Term:0, Index:0}
029105 LEAD S2: prevLog &raft.Entry{Command:interface {}(nil), Term:0, Index:0}
029106 INFO S1: (term 1) follower 收到 [2] AppendEntries [], prevIndex 0, prevTerm 0
029106 INFO S0: (term 1) follower 收到 [2] AppendEntries [], prevIndex 0, prevTerm 0
029107 LEAD S2: 1 append success next 1 match 0
029107 LEAD S2: 0 append success next 1 match 0
030108 LEAD S2: prevLog &raft.Entry{Command:interface {}(nil), Term:0, Index:0}
030108 LEAD S2: prevLog &raft.Entry{Command:interface {}(nil), Term:0, Index:0}
030109 INFO S1: (term 1) follower 收到 [2] AppendEntries [], prevIndex 0, prevTerm 0
030109 LEAD S2: 1 append success next 1 match 0
030109 INFO S0: (term 1) follower 收到 [2] AppendEntries [], prevIndex 0, prevTerm 0
030110 LEAD S2: 0 append success next 1 match 0
031111 LEAD S2: prevLog &raft.Entry{Command:interface {}(nil), Term:0, Index:0}
031111 LEAD S2: prevLog &raft.Entry{Command:interface {}(nil), Term:0, Index:0}
031112 INFO S0: (term 1) follower 收到 [2] AppendEntries [], prevIndex 0, prevTerm 0
031112 INFO S1: (term 1) follower 收到 [2] AppendEntries [], prevIndex 0, prevTerm 0
031112 LEAD S2: 1 append success next 1 match 0
031112 LEAD S2: 0 append success next 1 match 0
032115 LEAD S2: prevLog &raft.Entry{Command:interface {}(nil), Term:0, Index:0}
032116 LEAD S2: prevLog &raft.Entry{Command:interface {}(nil), Term:0, Index:0}
032117 INFO S0: (term 1) follower 收到 [2] AppendEntries [], prevIndex 0, prevTerm 0
032117 INFO S1: (term 1) follower 收到 [2] AppendEntries [], prevIndex 0, prevTerm 0
032117 LEAD S2: 0 append success next 1 match 0
032117 LEAD S2: 1 append success next 1 match 0
033119 LEAD S2: prevLog &raft.Entry{Command:interface {}(nil), Term:0, Index:0}
033119 LEAD S2: prevLog &raft.Entry{Command:interface {}(nil), Term:0, Index:0}
033120 INFO S0: (term 1) follower 收到 [2] AppendEntries [], prevIndex 0, prevTerm 0
033120 INFO S1: (term 1) follower 收到 [2] AppendEntries [], prevIndex 0, prevTerm 0
033120 LEAD S2: 0 append success next 1 match 0
033120 LEAD S2: 1 append success next 1 match 0
034121 LEAD S2: prevLog &raft.Entry{Command:interface {}(nil), Term:0, Index:0}
034122 LEAD S2: prevLog &raft.Entry{Command:interface {}(nil), Term:0, Index:0}
034123 INFO S0: (term 1) follower 收到 [2] AppendEntries [], prevIndex 0, prevTerm 0
034123 INFO S1: (term 1) follower 收到 [2] AppendEntries [], prevIndex 0, prevTerm 0
034123 LEAD S2: 1 append success next 1 match 0
034123 LEAD S2: 0 append success next 1 match 0
035124 LEAD S2: prevLog &raft.Entry{Command:interface {}(nil), Term:0, Index:0}
035124 LEAD S2: prevLog &raft.Entry{Command:interface {}(nil), Term:0, Index:0}
035125 INFO S1: (term 1) follower 收到 [2] AppendEntries [], prevIndex 0, prevTerm 0
035126 INFO S0: (term 1) follower 收到 [2] AppendEntries [], prevIndex 0, prevTerm 0
035126 LEAD S2: 0 append success next 1 match 0
035129 LEAD S2: 1 append success next 1 match 0
036127 LEAD S2: prevLog &raft.Entry{Command:interface {}(nil), Term:0, Index:0}
036128 LEAD S2: prevLog &raft.Entry{Command:interface {}(nil), Term:0, Index:0}
036128 INFO S1: (term 1) follower 收到 [2] AppendEntries [], prevIndex 0, prevTerm 0
036128 INFO S0: (term 1) follower 收到 [2] AppendEntries [], prevIndex 0, prevTerm 0
036129 LEAD S2: 0 append success next 1 match 0
036129 LEAD S2: 1 append success next 1 match 0
037130 LEAD S2: prevLog &raft.Entry{Command:interface {}(nil), Term:0, Index:0}
037130 LEAD S2: prevLog &raft.Entry{Command:interface {}(nil), Term:0, Index:0}
037130 INFO S1: (term 1) follower 收到 [2] AppendEntries [], prevIndex 0, prevTerm 0
037131 LEAD S2: 1 append success next 1 match 0
037131 INFO S0: (term 1) follower 收到 [2] AppendEntries [], prevIndex 0, prevTerm 0
037131 LEAD S2: 0 append success next 1 match 0
038135 LEAD S2: prevLog &raft.Entry{Command:interface {}(nil), Term:0, Index:0}
038135 LEAD S2: prevLog &raft.Entry{Command:interface {}(nil), Term:0, Index:0}
038135 INFO S0: (term 1) follower 收到 [2] AppendEntries [], prevIndex 0, prevTerm 0
038135 INFO S1: (term 1) follower 收到 [2] AppendEntries [], prevIndex 0, prevTerm 0
038136 LEAD S2: 0 append success next 1 match 0
038136 LEAD S2: 1 append success next 1 match 0
039137 LEAD S2: prevLog &raft.Entry{Command:interface {}(nil), Term:0, Index:0}
039138 LEAD S2: prevLog &raft.Entry{Command:interface {}(nil), Term:0, Index:0}
039138 INFO S0: (term 1) follower 收到 [2] AppendEntries [], prevIndex 0, prevTerm 0
039139 LEAD S2: 0 append success next 1 match 0
039139 INFO S1: (term 1) follower 收到 [2] AppendEntries [], prevIndex 0, prevTerm 0
039139 LEAD S2: 1 append success next 1 match 0
040140 LEAD S2: prevLog &raft.Entry{Command:interface {}(nil), Term:0, Index:0}
040141 LEAD S2: prevLog &raft.Entry{Command:interface {}(nil), Term:0, Index:0}
040142 INFO S0: (term 1) follower 收到 [2] AppendEntries [], prevIndex 0, prevTerm 0
040142 LEAD S2: 0 append success next 1 match 0
040142 INFO S1: (term 1) follower 收到 [2] AppendEntries [], prevIndex 0, prevTerm 0
040142 LEAD S2: 1 append success next 1 match 0
041144 LEAD S2: prevLog &raft.Entry{Command:interface {}(nil), Term:0, Index:0}
041144 LEAD S2: prevLog &raft.Entry{Command:interface {}(nil), Term:0, Index:0}
041145 INFO S0: (term 1) follower 收到 [2] AppendEntries [], prevIndex 0, prevTerm 0
041145 LEAD S2: 0 append success next 1 match 0
041145 INFO S1: (term 1) follower 收到 [2] AppendEntries [], prevIndex 0, prevTerm 0
041146 LEAD S2: 1 append success next 1 match 0
042147 LEAD S2: prevLog &raft.Entry{Command:interface {}(nil), Term:0, Index:0}
042148 LEAD S2: prevLog &raft.Entry{Command:interface {}(nil), Term:0, Index:0}
042148 INFO S0: (term 1) follower 收到 [2] AppendEntries [], prevIndex 0, prevTerm 0
042149 INFO S1: (term 1) follower 收到 [2] AppendEntries [], prevIndex 0, prevTerm 0
042149 LEAD S2: 0 append success next 1 match 0
042149 LEAD S2: 1 append success next 1 match 0
043151 LEAD S2: prevLog &raft.Entry{Command:interface {}(nil), Term:0, Index:0}
043151 LEAD S2: prevLog &raft.Entry{Command:interface {}(nil), Term:0, Index:0}
043152 INFO S0: (term 1) follower 收到 [2] AppendEntries [], prevIndex 0, prevTerm 0
043152 INFO S1: (term 1) follower 收到 [2] AppendEntries [], prevIndex 0, prevTerm 0
043152 LEAD S2: 0 append success next 1 match 0
043152 LEAD S2: 1 append success next 1 match 0
044163 LEAD S2: prevLog &raft.Entry{Command:interface {}(nil), Term:0, Index:0}
044164 LEAD S2: prevLog &raft.Entry{Command:interface {}(nil), Term:0, Index:0}
044167 INFO S1: (term 1) follower 收到 [2] AppendEntries [], prevIndex 0, prevTerm 0
044168 LEAD S2: 1 append success next 1 match 0
044169 INFO S0: (term 1) follower 收到 [2] AppendEntries [], prevIndex 0, prevTerm 0
044171 LEAD S2: 0 append success next 1 match 0
045166 LEAD S2: prevLog &raft.Entry{Command:interface {}(nil), Term:0, Index:0}
045167 LEAD S2: prevLog &raft.Entry{Command:interface {}(nil), Term:0, Index:0}
045167 INFO S0: (term 1) follower 收到 [2] AppendEntries [], prevIndex 0, prevTerm 0
045167 INFO S1: (term 1) follower 收到 [2] AppendEntries [], prevIndex 0, prevTerm 0
045168 LEAD S2: 0 append success next 1 match 0
045168 LEAD S2: 1 append success next 1 match 0
046172 LEAD S2: prevLog &raft.Entry{Command:interface {}(nil), Term:0, Index:0}
046172 LEAD S2: prevLog &raft.Entry{Command:interface {}(nil), Term:0, Index:0}
046173 INFO S0: (term 1) follower 收到 [2] AppendEntries [], prevIndex 0, prevTerm 0
046173 INFO S1: (term 1) follower 收到 [2] AppendEntries [], prevIndex 0, prevTerm 0
046174 LEAD S2: 0 append success next 1 match 0
046174 LEAD S2: 1 append success next 1 match 0
047176 LEAD S2: prevLog &raft.Entry{Command:interface {}(nil), Term:0, Index:0}
047176 LEAD S2: prevLog &raft.Entry{Command:interface {}(nil), Term:0, Index:0}
047177 INFO S0: (term 1) follower 收到 [2] AppendEntries [], prevIndex 0, prevTerm 0
047177 INFO S1: (term 1) follower 收到 [2] AppendEntries [], prevIndex 0, prevTerm 0
047177 LEAD S2: 0 append success next 1 match 0
047177 LEAD S2: 1 append success next 1 match 0
048179 LEAD S2: prevLog &raft.Entry{Command:interface {}(nil), Term:0, Index:0}
048179 LEAD S2: prevLog &raft.Entry{Command:interface {}(nil), Term:0, Index:0}
048180 INFO S0: (term 1) follower 收到 [2] AppendEntries [], prevIndex 0, prevTerm 0
048181 INFO S1: (term 1) follower 收到 [2] AppendEntries [], prevIndex 0, prevTerm 0
048181 LEAD S2: 0 append success next 1 match 0
048181 LEAD S2: 1 append success next 1 match 0
049182 LEAD S2: prevLog &raft.Entry{Command:interface {}(nil), Term:0, Index:0}
049182 LEAD S2: prevLog &raft.Entry{Command:interface {}(nil), Term:0, Index:0}
049183 INFO S1: (term 1) follower 收到 [2] AppendEntries [], prevIndex 0, prevTerm 0
049183 INFO S0: (term 1) follower 收到 [2] AppendEntries [], prevIndex 0, prevTerm 0
049183 LEAD S2: 0 append success next 1 match 0
049183 LEAD S2: 1 append success next 1 match 0
050185 LEAD S2: prevLog &raft.Entry{Command:interface {}(nil), Term:0, Index:0}
050185 LEAD S2: prevLog &raft.Entry{Command:interface {}(nil), Term:0, Index:0}
050186 INFO S1: (term 1) follower 收到 [2] AppendEntries [], prevIndex 0, prevTerm 0
050186 INFO S0: (term 1) follower 收到 [2] AppendEntries [], prevIndex 0, prevTerm 0
050186 LEAD S2: 0 append success next 1 match 0
050186 LEAD S2: 1 append success next 1 match 0
051187 LEAD S2: prevLog &raft.Entry{Command:interface {}(nil), Term:0, Index:0}
051188 LEAD S2: prevLog &raft.Entry{Command:interface {}(nil), Term:0, Index:0}
051188 INFO S1: (term 1) follower 收到 [2] AppendEntries [], prevIndex 0, prevTerm 0
051189 INFO S0: (term 1) follower 收到 [2] AppendEntries [], prevIndex 0, prevTerm 0
051189 LEAD S2: 1 append success next 1 match 0
051189 LEAD S2: 0 append success next 1 match 0
052192 LEAD S2: prevLog &raft.Entry{Command:interface {}(nil), Term:0, Index:0}
052192 LEAD S2: prevLog &raft.Entry{Command:interface {}(nil), Term:0, Index:0}
052193 INFO S1: (term 1) follower 收到 [2] AppendEntries [], prevIndex 0, prevTerm 0
052193 LEAD S2: 1 append success next 1 match 0
052193 INFO S0: (term 1) follower 收到 [2] AppendEntries [], prevIndex 0, prevTerm 0
052194 LEAD S2: 0 append success next 1 match 0
053195 LEAD S2: prevLog &raft.Entry{Command:interface {}(nil), Term:0, Index:0}
053195 LEAD S2: prevLog &raft.Entry{Command:interface {}(nil), Term:0, Index:0}
053196 INFO S0: (term 1) follower 收到 [2] AppendEntries [], prevIndex 0, prevTerm 0
053196 INFO S1: (term 1) follower 收到 [2] AppendEntries [], prevIndex 0, prevTerm 0
053196 LEAD S2: 0 append success next 1 match 0
053196 LEAD S2: 1 append success next 1 match 0
054200 LEAD S2: prevLog &raft.Entry{Command:interface {}(nil), Term:0, Index:0}
054201 LEAD S2: prevLog &raft.Entry{Command:interface {}(nil), Term:0, Index:0}
054202 INFO S0: (term 1) follower 收到 [2] AppendEntries [], prevIndex 0, prevTerm 0
054203 INFO S1: (term 1) follower 收到 [2] AppendEntries [], prevIndex 0, prevTerm 0
054203 LEAD S2: 1 append success next 1 match 0
054204 LEAD S2: 0 append success next 1 match 0
055202 LEAD S2: prevLog &raft.Entry{Command:interface {}(nil), Term:0, Index:0}
055202 LEAD S2: prevLog &raft.Entry{Command:interface {}(nil), Term:0, Index:0}
055203 INFO S1: (term 1) follower 收到 [2] AppendEntries [], prevIndex 0, prevTerm 0
055204 LEAD S2: 1 append success next 1 match 0
055204 INFO S0: (term 1) follower 收到 [2] AppendEntries [], prevIndex 0, prevTerm 0
055204 LEAD S2: 0 append success next 1 match 0
056206 LEAD S2: prevLog &raft.Entry{Command:interface {}(nil), Term:0, Index:0}
056206 LEAD S2: prevLog &raft.Entry{Command:interface {}(nil), Term:0, Index:0}
056207 INFO S1: (term 1) follower 收到 [2] AppendEntries [], prevIndex 0, prevTerm 0
056207 LEAD S2: 1 append success next 1 match 0
056207 INFO S0: (term 1) follower 收到 [2] AppendEntries [], prevIndex 0, prevTerm 0
056208 LEAD S2: 0 append success next 1 match 0
057211 LEAD S2: prevLog &raft.Entry{Command:interface {}(nil), Term:0, Index:0}
057211 LEAD S2: prevLog &raft.Entry{Command:interface {}(nil), Term:0, Index:0}
057212 INFO S0: (term 1) follower 收到 [2] AppendEntries [], prevIndex 0, prevTerm 0
057212 INFO S1: (term 1) follower 收到 [2] AppendEntries [], prevIndex 0, prevTerm 0
057212 LEAD S2: 0 append success next 1 match 0
057212 LEAD S2: 1 append success next 1 match 0
058214 LEAD S2: prevLog &raft.Entry{Command:interface {}(nil), Term:0, Index:0}
058214 LEAD S2: prevLog &raft.Entry{Command:interface {}(nil), Term:0, Index:0}
058215 INFO S1: (term 1) follower 收到 [2] AppendEntries [], prevIndex 0, prevTerm 0
058215 INFO S0: (term 1) follower 收到 [2] AppendEntries [], prevIndex 0, prevTerm 0
058215 LEAD S2: 1 append success next 1 match 0
058215 LEAD S2: 0 append success next 1 match 0
059218 LEAD S2: prevLog &raft.Entry{Command:interface {}(nil), Term:0, Index:0}
059218 LEAD S2: prevLog &raft.Entry{Command:interface {}(nil), Term:0, Index:0}
059219 INFO S1: (term 1) follower 收到 [2] AppendEntries [], prevIndex 0, prevTerm 0
059219 LEAD S2: 1 append success next 1 match 0
059219 INFO S0: (term 1) follower 收到 [2] AppendEntries [], prevIndex 0, prevTerm 0
059219 LEAD S2: 0 append success next 1 match 0
060225 LEAD S2: prevLog &raft.Entry{Command:interface {}(nil), Term:0, Index:0}
060226 LEAD S2: prevLog &raft.Entry{Command:interface {}(nil), Term:0, Index:0}
060230 INFO S1: (term 1) follower 收到 [2] AppendEntries [], prevIndex 0, prevTerm 0
060231 INFO S0: (term 1) follower 收到 [2] AppendEntries [], prevIndex 0, prevTerm 0
060232 LEAD S2: 1 append success next 1 match 0
060233 LEAD S2: 0 append success next 1 match 0
061228 LEAD S2: prevLog &raft.Entry{Command:interface {}(nil), Term:0, Index:0}
061229 LEAD S2: prevLog &raft.Entry{Command:interface {}(nil), Term:0, Index:0}
061230 INFO S1: (term 1) follower 收到 [2] AppendEntries [], prevIndex 0, prevTerm 0
061230 INFO S0: (term 1) follower 收到 [2] AppendEntries [], prevIndex 0, prevTerm 0
061230 LEAD S2: 0 append success next 1 match 0
061231 LEAD S2: 1 append success next 1 match 0
062235 LEAD S2: prevLog &raft.Entry{Command:interface {}(nil), Term:0, Index:0}
062236 LEAD S2: prevLog &raft.Entry{Command:interface {}(nil), Term:0, Index:0}
062237 INFO S1: (term 1) follower 收到 [2] AppendEntries [], prevIndex 0, prevTerm 0
062237 INFO S0: (term 1) follower 收到 [2] AppendEntries [], prevIndex 0, prevTerm 0
062237 LEAD S2: 1 append success next 1 match 0
062237 LEAD S2: 0 append success next 1 match 0
063238 LEAD S2: prevLog &raft.Entry{Command:interface {}(nil), Term:0, Index:0}
063238 LEAD S2: prevLog &raft.Entry{Command:interface {}(nil), Term:0, Index:0}
063239 INFO S1: (term 1) follower 收到 [2] AppendEntries [], prevIndex 0, prevTerm 0
063239 LEAD S2: 1 append success next 1 match 0
063240 INFO S0: (term 1) follower 收到 [2] AppendEntries [], prevIndex 0, prevTerm 0
063240 LEAD S2: 0 append success next 1 match 0
064241 LEAD S2: prevLog &raft.Entry{Command:interface {}(nil), Term:0, Index:0}
064241 LEAD S2: prevLog &raft.Entry{Command:interface {}(nil), Term:0, Index:0}
064242 INFO S1: (term 1) follower 收到 [2] AppendEntries [], prevIndex 0, prevTerm 0
064243 LEAD S2: 1 append success next 1 match 0
064243 INFO S0: (term 1) follower 收到 [2] AppendEntries [], prevIndex 0, prevTerm 0
064243 LEAD S2: 0 append success next 1 match 0
065246 LEAD S2: prevLog &raft.Entry{Command:interface {}(nil), Term:0, Index:0}
065246 LEAD S2: prevLog &raft.Entry{Command:interface {}(nil), Term:0, Index:0}
065246 INFO S1: (term 1) follower 收到 [2] AppendEntries [], prevIndex 0, prevTerm 0
065247 LEAD S2: 1 append success next 1 match 0
065247 INFO S0: (term 1) follower 收到 [2] AppendEntries [], prevIndex 0, prevTerm 0
065247 LEAD S2: 0 append success next 1 match 0
066249 LEAD S2: prevLog &raft.Entry{Command:interface {}(nil), Term:0, Index:0}
066249 LEAD S2: prevLog &raft.Entry{Command:interface {}(nil), Term:0, Index:0}
066249 INFO S1: (term 1) follower 收到 [2] AppendEntries [], prevIndex 0, prevTerm 0
066250 LEAD S2: 1 append success next 1 match 0
066253 INFO S0: (term 1) follower 收到 [2] AppendEntries [], prevIndex 0, prevTerm 0
066254 LEAD S2: 0 append success next 1 match 0
067252 LEAD S2: prevLog &raft.Entry{Command:interface {}(nil), Term:0, Index:0}
067253 LEAD S2: prevLog &raft.Entry{Command:interface {}(nil), Term:0, Index:0}
067254 INFO S1: (term 1) follower 收到 [2] AppendEntries [], prevIndex 0, prevTerm 0
067254 INFO S0: (term 1) follower 收到 [2] AppendEntries [], prevIndex 0, prevTerm 0
067254 LEAD S2: 1 append success next 1 match 0
067254 LEAD S2: 0 append success next 1 match 0
068255 LEAD S2: prevLog &raft.Entry{Command:interface {}(nil), Term:0, Index:0}
068256 LEAD S2: prevLog &raft.Entry{Command:interface {}(nil), Term:0, Index:0}
068256 INFO S1: (term 1) follower 收到 [2] AppendEntries [], prevIndex 0, prevTerm 0
068257 LEAD S2: 1 append success next 1 match 0
068257 INFO S0: (term 1) follower 收到 [2] AppendEntries [], prevIndex 0, prevTerm 0
068257 LEAD S2: 0 append success next 1 match 0
069259 LEAD S2: prevLog &raft.Entry{Command:interface {}(nil), Term:0, Index:0}
069259 LEAD S2: prevLog &raft.Entry{Command:interface {}(nil), Term:0, Index:0}
069260 INFO S0: (term 1) follower 收到 [2] AppendEntries [], prevIndex 0, prevTerm 0
069260 INFO S1: (term 1) follower 收到 [2] AppendEntries [], prevIndex 0, prevTerm 0
069260 LEAD S2: 0 append success next 1 match 0
069260 LEAD S2: 1 append success next 1 match 0
070264 LEAD S2: prevLog &raft.Entry{Command:interface {}(nil), Term:0, Index:0}
070264 LEAD S2: prevLog &raft.Entry{Command:interface {}(nil), Term:0, Index:0}
070266 INFO S1: (term 1) follower 收到 [2] AppendEntries [], prevIndex 0, prevTerm 0
070266 INFO S0: (term 1) follower 收到 [2] AppendEntries [], prevIndex 0, prevTerm 0
070267 LEAD S2: 1 append success next 1 match 0
070267 LEAD S2: 0 append success next 1 match 0
071267 LEAD S2: prevLog &raft.Entry{Command:interface {}(nil), Term:0, Index:0}
071267 LEAD S2: prevLog &raft.Entry{Command:interface {}(nil), Term:0, Index:0}
071268 INFO S1: (term 1) follower 收到 [2] AppendEntries [], prevIndex 0, prevTerm 0
071268 LEAD S2: 1 append success next 1 match 0
071269 INFO S0: (term 1) follower 收到 [2] AppendEntries [], prevIndex 0, prevTerm 0
071269 LEAD S2: 0 append success next 1 match 0
072271 LEAD S2: prevLog &raft.Entry{Command:interface {}(nil), Term:0, Index:0}
072272 LEAD S2: prevLog &raft.Entry{Command:interface {}(nil), Term:0, Index:0}
072273 INFO S1: (term 1) follower 收到 [2] AppendEntries [], prevIndex 0, prevTerm 0
072273 LEAD S2: 1 append success next 1 match 0
072273 INFO S0: (term 1) follower 收到 [2] AppendEntries [], prevIndex 0, prevTerm 0
072274 LEAD S2: 0 append success next 1 match 0
073273 LEAD S2: prevLog &raft.Entry{Command:interface {}(nil), Term:0, Index:0}
073274 LEAD S2: prevLog &raft.Entry{Command:interface {}(nil), Term:0, Index:0}
073274 INFO S1: (term 1) follower 收到 [2] AppendEntries [], prevIndex 0, prevTerm 0
073275 LEAD S2: 1 append success next 1 match 0
073275 INFO S0: (term 1) follower 收到 [2] AppendEntries [], prevIndex 0, prevTerm 0
073275 LEAD S2: 0 append success next 1 match 0
074281 LEAD S2: prevLog &raft.Entry{Command:interface {}(nil), Term:0, Index:0}
074282 LEAD S2: prevLog &raft.Entry{Command:interface {}(nil), Term:0, Index:0}
074286 INFO S1: (term 1) follower 收到 [2] AppendEntries [], prevIndex 0, prevTerm 0
074286 INFO S0: (term 1) follower 收到 [2] AppendEntries [], prevIndex 0, prevTerm 0
074288 LEAD S2: 1 append success next 1 match 0
074289 LEAD S2: 0 append success next 1 match 0
075285 LEAD S2: prevLog &raft.Entry{Command:interface {}(nil), Term:0, Index:0}
075285 LEAD S2: prevLog &raft.Entry{Command:interface {}(nil), Term:0, Index:0}
075286 INFO S0: (term 1) follower 收到 [2] AppendEntries [], prevIndex 0, prevTerm 0
075286 INFO S1: (term 1) follower 收到 [2] AppendEntries [], prevIndex 0, prevTerm 0
075286 LEAD S2: 0 append success next 1 match 0
075287 LEAD S2: 1 append success next 1 match 0
076290 LEAD S2: prevLog &raft.Entry{Command:interface {}(nil), Term:0, Index:0}
076290 LEAD S2: prevLog &raft.Entry{Command:interface {}(nil), Term:0, Index:0}
076292 INFO S1: (term 1) follower 收到 [2] AppendEntries [], prevIndex 0, prevTerm 0
076293 INFO S0: (term 1) follower 收到 [2] AppendEntries [], prevIndex 0, prevTerm 0
076294 LEAD S2: 0 append success next 1 match 0
076294 LEAD S2: 1 append success next 1 match 0
077294 LEAD S2: prevLog &raft.Entry{Command:interface {}(nil), Term:0, Index:0}
077294 LEAD S2: prevLog &raft.Entry{Command:interface {}(nil), Term:0, Index:0}
077295 INFO S1: (term 1) follower 收到 [2] AppendEntries [], prevIndex 0, prevTerm 0
077295 INFO S0: (term 1) follower 收到 [2] AppendEntries [], prevIndex 0, prevTerm 0
077295 LEAD S2: 1 append success next 1 match 0
077296 LEAD S2: 0 append success next 1 match 0
078298 LEAD S2: prevLog &raft.Entry{Command:interface {}(nil), Term:0, Index:0}
078298 LEAD S2: prevLog &raft.Entry{Command:interface {}(nil), Term:0, Index:0}
078299 INFO S0: (term 1) follower 收到 [2] AppendEntries [], prevIndex 0, prevTerm 0
078299 INFO S1: (term 1) follower 收到 [2] AppendEntries [], prevIndex 0, prevTerm 0
078299 LEAD S2: 0 append success next 1 match 0
078299 LEAD S2: 1 append success next 1 match 0
079301 LEAD S2: prevLog &raft.Entry{Command:interface {}(nil), Term:0, Index:0}
079301 LEAD S2: prevLog &raft.Entry{Command:interface {}(nil), Term:0, Index:0}
079302 INFO S1: (term 1) follower 收到 [2] AppendEntries [], prevIndex 0, prevTerm 0
079302 INFO S0: (term 1) follower 收到 [2] AppendEntries [], prevIndex 0, prevTerm 0
079302 LEAD S2: 1 append success next 1 match 0
079302 LEAD S2: 0 append success next 1 match 0
080306 LEAD S2: prevLog &raft.Entry{Command:interface {}(nil), Term:0, Index:0}
080306 LEAD S2: prevLog &raft.Entry{Command:interface {}(nil), Term:0, Index:0}
080308 INFO S1: (term 1) follower 收到 [2] AppendEntries [], prevIndex 0, prevTerm 0
080308 INFO S0: (term 1) follower 收到 [2] AppendEntries [], prevIndex 0, prevTerm 0
080309 LEAD S2: 0 append success next 1 match 0
080309 LEAD S2: 1 append success next 1 match 0
081310 LEAD S2: prevLog &raft.Entry{Command:interface {}(nil), Term:0, Index:0}
081310 LEAD S2: prevLog &raft.Entry{Command:interface {}(nil), Term:0, Index:0}
081311 INFO S0: (term 1) follower 收到 [2] AppendEntries [], prevIndex 0, prevTerm 0
081311 INFO S1: (term 1) follower 收到 [2] AppendEntries [], prevIndex 0, prevTerm 0
081312 LEAD S2: 0 append success next 1 match 0
081312 LEAD S2: 1 append success next 1 match 0
082314 LEAD S2: prevLog &raft.Entry{Command:interface {}(nil), Term:0, Index:0}
082314 LEAD S2: prevLog &raft.Entry{Command:interface {}(nil), Term:0, Index:0}
082316 INFO S0: (term 1) follower 收到 [2] AppendEntries [], prevIndex 0, prevTerm 0
082317 INFO S1: (term 1) follower 收到 [2] AppendEntries [], prevIndex 0, prevTerm 0
082317 LEAD S2: 0 append success next 1 match 0
082318 LEAD S2: 1 append success next 1 match 0
083318 LEAD S2: prevLog &raft.Entry{Command:interface {}(nil), Term:0, Index:0}
083319 LEAD S2: prevLog &raft.Entry{Command:interface {}(nil), Term:0, Index:0}
083319 INFO S1: (term 1) follower 收到 [2] AppendEntries [], prevIndex 0, prevTerm 0
083320 INFO S0: (term 1) follower 收到 [2] AppendEntries [], prevIndex 0, prevTerm 0
083320 LEAD S2: 1 append success next 1 match 0
083320 LEAD S2: 0 append success next 1 match 0
084324 LEAD S2: prevLog &raft.Entry{Command:interface {}(nil), Term:0, Index:0}
084325 LEAD S2: prevLog &raft.Entry{Command:interface {}(nil), Term:0, Index:0}
084328 INFO S1: (term 1) follower 收到 [2] AppendEntries [], prevIndex 0, prevTerm 0
084328 INFO S0: (term 1) follower 收到 [2] AppendEntries [], prevIndex 0, prevTerm 0
084329 LEAD S2: 0 append success next 1 match 0
084329 LEAD S2: 1 append success next 1 match 0
085328 LEAD S2: prevLog &raft.Entry{Command:interface {}(nil), Term:0, Index:0}
085329 LEAD S2: prevLog &raft.Entry{Command:interface {}(nil), Term:0, Index:0}
085330 INFO S0: (term 1) follower 收到 [2] AppendEntries [], prevIndex 0, prevTerm 0
085330 INFO S1: (term 1) follower 收到 [2] AppendEntries [], prevIndex 0, prevTerm 0
085330 LEAD S2: 0 append success next 1 match 0
085330 LEAD S2: 1 append success next 1 match 0
086332 LEAD S2: prevLog &raft.Entry{Command:interface {}(nil), Term:0, Index:0}
086332 LEAD S2: prevLog &raft.Entry{Command:interface {}(nil), Term:0, Index:0}
086333 INFO S1: (term 1) follower 收到 [2] AppendEntries [], prevIndex 0, prevTerm 0
086333 INFO S0: (term 1) follower 收到 [2] AppendEntries [], prevIndex 0, prevTerm 0
086333 LEAD S2: 1 append success next 1 match 0
086333 LEAD S2: 0 append success next 1 match 0
087335 LEAD S2: prevLog &raft.Entry{Command:interface {}(nil), Term:0, Index:0}
087336 LEAD S2: prevLog &raft.Entry{Command:interface {}(nil), Term:0, Index:0}
087336 INFO S1: (term 1) follower 收到 [2] AppendEntries [], prevIndex 0, prevTerm 0
087337 INFO S0: (term 1) follower 收到 [2] AppendEntries [], prevIndex 0, prevTerm 0
087337 LEAD S2: 0 append success next 1 match 0
087337 LEAD S2: 1 append success next 1 match 0
088338 LEAD S2: prevLog &raft.Entry{Command:interface {}(nil), Term:0, Index:0}
088338 LEAD S2: prevLog &raft.Entry{Command:interface {}(nil), Term:0, Index:0}
088339 INFO S0: (term 1) follower 收到 [2] AppendEntries [], prevIndex 0, prevTerm 0
088339 INFO S1: (term 1) follower 收到 [2] AppendEntries [], prevIndex 0, prevTerm 0
088340 LEAD S2: 0 append success next 1 match 0
088340 LEAD S2: 1 append success next 1 match 0
089342 LEAD S2: prevLog &raft.Entry{Command:interface {}(nil), Term:0, Index:0}
089342 LEAD S2: prevLog &raft.Entry{Command:interface {}(nil), Term:0, Index:0}
089343 INFO S0: (term 1) follower 收到 [2] AppendEntries [], prevIndex 0, prevTerm 0
089343 INFO S1: (term 1) follower 收到 [2] AppendEntries [], prevIndex 0, prevTerm 0
089343 LEAD S2: 1 append success next 1 match 0
089343 LEAD S2: 0 append success next 1 match 0
090345 LEAD S2: prevLog &raft.Entry{Command:interface {}(nil), Term:0, Index:0}
090345 LEAD S2: prevLog &raft.Entry{Command:interface {}(nil), Term:0, Index:0}
090346 INFO S1: (term 1) follower 收到 [2] AppendEntries [], prevIndex 0, prevTerm 0
090346 LEAD S2: 1 append success next 1 match 0
090346 INFO S0: (term 1) follower 收到 [2] AppendEntries [], prevIndex 0, prevTerm 0
090346 LEAD S2: 0 append success next 1 match 0
091348 LEAD S2: prevLog &raft.Entry{Command:interface {}(nil), Term:0, Index:0}
091348 LEAD S2: prevLog &raft.Entry{Command:interface {}(nil), Term:0, Index:0}
091349 INFO S0: (term 1) follower 收到 [2] AppendEntries [], prevIndex 0, prevTerm 0
091349 INFO S1: (term 1) follower 收到 [2] AppendEntries [], prevIndex 0, prevTerm 0
091350 LEAD S2: 1 append success next 1 match 0
091350 LEAD S2: 0 append success next 1 match 0
092352 LEAD S2: prevLog &raft.Entry{Command:interface {}(nil), Term:0, Index:0}
092353 LEAD S2: prevLog &raft.Entry{Command:interface {}(nil), Term:0, Index:0}
092355 INFO S1: (term 1) follower 收到 [2] AppendEntries [], prevIndex 0, prevTerm 0
092356 INFO S0: (term 1) follower 收到 [2] AppendEntries [], prevIndex 0, prevTerm 0
092357 LEAD S2: 1 append success next 1 match 0
092357 LEAD S2: 0 append success next 1 match 0
093356 LEAD S2: prevLog &raft.Entry{Command:interface {}(nil), Term:0, Index:0}
093356 LEAD S2: prevLog &raft.Entry{Command:interface {}(nil), Term:0, Index:0}
093357 INFO S1: (term 1) follower 收到 [2] AppendEntries [], prevIndex 0, prevTerm 0
093357 LEAD S2: 1 append success next 1 match 0
093357 INFO S0: (term 1) follower 收到 [2] AppendEntries [], prevIndex 0, prevTerm 0
093358 LEAD S2: 0 append success next 1 match 0
094362 LEAD S2: prevLog &raft.Entry{Command:interface {}(nil), Term:0, Index:0}
094363 LEAD S2: prevLog &raft.Entry{Command:interface {}(nil), Term:0, Index:0}
094365 INFO S1: (term 1) follower 收到 [2] AppendEntries [], prevIndex 0, prevTerm 0
094366 INFO S0: (term 1) follower 收到 [2] AppendEntries [], prevIndex 0, prevTerm 0
094367 LEAD S2: 1 append success next 1 match 0
094367 LEAD S2: 0 append success next 1 match 0
095370 LEAD S2: prevLog &raft.Entry{Command:interface {}(nil), Term:0, Index:0}
095370 LEAD S2: prevLog &raft.Entry{Command:interface {}(nil), Term:0, Index:0}
095371 INFO S0: (term 1) follower 收到 [2] AppendEntries [], prevIndex 0, prevTerm 0
095371 INFO S1: (term 1) follower 收到 [2] AppendEntries [], prevIndex 0, prevTerm 0
095372 LEAD S2: 0 append success next 1 match 0
095372 LEAD S2: 1 append success next 1 match 0
096377 LEAD S2: prevLog &raft.Entry{Command:interface {}(nil), Term:0, Index:0}
096378 LEAD S2: prevLog &raft.Entry{Command:interface {}(nil), Term:0, Index:0}
096380 INFO S1: (term 1) follower 收到 [2] AppendEntries [], prevIndex 0, prevTerm 0
096381 INFO S0: (term 1) follower 收到 [2] AppendEntries [], prevIndex 0, prevTerm 0
096382 LEAD S2: 1 append success next 1 match 0
096383 LEAD S2: 0 append success next 1 match 0
097381 LEAD S2: prevLog &raft.Entry{Command:interface {}(nil), Term:0, Index:0}
097381 LEAD S2: prevLog &raft.Entry{Command:interface {}(nil), Term:0, Index:0}
097382 INFO S1: (term 1) follower 收到 [2] AppendEntries [], prevIndex 0, prevTerm 0
097382 LEAD S2: 1 append success next 1 match 0
097382 INFO S0: (term 1) follower 收到 [2] AppendEntries [], prevIndex 0, prevTerm 0
097382 LEAD S2: 0 append success next 1 match 0
098385 LEAD S2: prevLog &raft.Entry{Command:interface {}(nil), Term:0, Index:0}
098385 LEAD S2: prevLog &raft.Entry{Command:interface {}(nil), Term:0, Index:0}
098386 INFO S0: (term 1) follower 收到 [2] AppendEntries [], prevIndex 0, prevTerm 0
098386 LEAD S2: 0 append success next 1 match 0
098386 INFO S1: (term 1) follower 收到 [2] AppendEntries [], prevIndex 0, prevTerm 0
098387 LEAD S2: 1 append success next 1 match 0
099390 LEAD S2: prevLog &raft.Entry{Command:interface {}(nil), Term:0, Index:0}
099391 LEAD S2: prevLog &raft.Entry{Command:interface {}(nil), Term:0, Index:0}
099391 INFO S1: (term 1) follower 收到 [2] AppendEntries [], prevIndex 0, prevTerm 0
099391 INFO S0: (term 1) follower 收到 [2] AppendEntries [], prevIndex 0, prevTerm 0
099392 LEAD S2: 1 append success next 1 match 0
099392 LEAD S2: 0 append success next 1 match 0
100394 LEAD S2: prevLog &raft.Entry{Command:interface {}(nil), Term:0, Index:0}
--- FAIL: TestPersist12C (10.04s)
    config.go:609: one(11) failed to reach agreement
100395 LEAD S2: prevLog &raft.Entry{Command:interface {}(nil), Term:0, Index:0}
FAIL
exit status 1
FAIL	6.824/raft	10.040s
