Test (2C): basic persistence ...
003019 INFO S1: start leader election, term 1
003019 INFO S2: start leader election, term 1
003020 VOTE S1: term 1 send vote request to 2
003020 VOTE S2: term 1 send vote request to 1
003020 VOTE S2: term 1 send vote request to 0
003020 VOTE S1: term 1 send vote request to 0
003021 VOTE S1: 2 没有投给me，结束
003021 VOTE S2: 1 没有投给me，结束
003021 TERM S0: set new term 1
003021 VOTE S0: term 1 vote 1
003021 VOTE S1: reply from 0, term一致，且投给1
003021 LEAD S1: come to power, start to send heartbeat
003021 LEAD S1: prevLog &raft.Entry{Command:interface {}(nil), Term:0, Index:0}
003022 LEAD S1: prevLog &raft.Entry{Command:interface {}(nil), Term:0, Index:0}
003022 VOTE S2: 0 没有投给me，结束
003022 INFO S2: (term 1) follower 收到 [1] AppendEntries [], prevIndex 0, prevTerm 0
003023 LEAD S1: 2 append success next 1 match 0
003023 INFO S0: (term 1) follower 收到 [1] AppendEntries [], prevIndex 0, prevTerm 0
003023 LEAD S1: 0 append success next 1 match 0
004024 LEAD S1: prevLog &raft.Entry{Command:interface {}(nil), Term:0, Index:0}
004024 LEAD S1: prevLog &raft.Entry{Command:interface {}(nil), Term:0, Index:0}
004027 INFO S2: (term 1) follower 收到 [1] AppendEntries [], prevIndex 0, prevTerm 0
004027 INFO S0: (term 1) follower 收到 [1] AppendEntries [], prevIndex 0, prevTerm 0
004028 LEAD S1: 2 append success next 1 match 0
004028 LEAD S1: 0 append success next 1 match 0
005027 LEAD S1: prevLog &raft.Entry{Command:interface {}(nil), Term:0, Index:0}
005027 LEAD S1: prevLog &raft.Entry{Command:interface {}(nil), Term:0, Index:0}
005028 INFO S0: (term 1) follower 收到 [1] AppendEntries [], prevIndex 0, prevTerm 0
005028 INFO S2: (term 1) follower 收到 [1] AppendEntries [], prevIndex 0, prevTerm 0
005028 LEAD S1: 0 append success next 1 match 0
005028 LEAD S1: 2 append success next 1 match 0
006029 LEAD S1: prevLog &raft.Entry{Command:interface {}(nil), Term:0, Index:0}
006030 LEAD S1: prevLog &raft.Entry{Command:interface {}(nil), Term:0, Index:0}
006030 INFO S2: (term 1) follower 收到 [1] AppendEntries [], prevIndex 0, prevTerm 0
006031 LEAD S1: 2 append success next 1 match 0
006031 INFO S0: (term 1) follower 收到 [1] AppendEntries [], prevIndex 0, prevTerm 0
006031 LEAD S1: 0 append success next 1 match 0
007032 LEAD S1: prevLog &raft.Entry{Command:interface {}(nil), Term:0, Index:0}
007032 LEAD S1: prevLog &raft.Entry{Command:interface {}(nil), Term:0, Index:0}
007033 INFO S2: (term 1) follower 收到 [1] AppendEntries [], prevIndex 0, prevTerm 0
007033 LEAD S1: 2 append success next 1 match 0
007033 INFO S0: (term 1) follower 收到 [1] AppendEntries [], prevIndex 0, prevTerm 0
007034 LEAD S1: 0 append success next 1 match 0
008038 LEAD S1: prevLog &raft.Entry{Command:interface {}(nil), Term:0, Index:0}
008038 LEAD S1: prevLog &raft.Entry{Command:interface {}(nil), Term:0, Index:0}
008039 INFO S2: (term 1) follower 收到 [1] AppendEntries [], prevIndex 0, prevTerm 0
008039 LEAD S1: 2 append success next 1 match 0
008039 INFO S0: (term 1) follower 收到 [1] AppendEntries [], prevIndex 0, prevTerm 0
008040 LEAD S1: 0 append success next 1 match 0
009042 LEAD S1: prevLog &raft.Entry{Command:interface {}(nil), Term:0, Index:0}
009042 LEAD S1: prevLog &raft.Entry{Command:interface {}(nil), Term:0, Index:0}
009043 INFO S0: (term 1) follower 收到 [1] AppendEntries [], prevIndex 0, prevTerm 0
009043 INFO S2: (term 1) follower 收到 [1] AppendEntries [], prevIndex 0, prevTerm 0
009043 LEAD S1: 0 append success next 1 match 0
009043 LEAD S1: 2 append success next 1 match 0
010046 LEAD S1: prevLog &raft.Entry{Command:interface {}(nil), Term:0, Index:0}
010046 LEAD S1: prevLog &raft.Entry{Command:interface {}(nil), Term:0, Index:0}
010047 INFO S2: (term 1) follower 收到 [1] AppendEntries [], prevIndex 0, prevTerm 0
010047 LEAD S1: 2 append success next 1 match 0
010047 INFO S0: (term 1) follower 收到 [1] AppendEntries [], prevIndex 0, prevTerm 0
010048 LEAD S1: 0 append success next 1 match 0
011050 LEAD S1: prevLog &raft.Entry{Command:interface {}(nil), Term:0, Index:0}
011050 LEAD S1: prevLog &raft.Entry{Command:interface {}(nil), Term:0, Index:0}
011051 INFO S2: (term 1) follower 收到 [1] AppendEntries [], prevIndex 0, prevTerm 0
011051 LEAD S1: 2 append success next 1 match 0
011052 INFO S0: (term 1) follower 收到 [1] AppendEntries [], prevIndex 0, prevTerm 0
011052 LEAD S1: 0 append success next 1 match 0
012054 LEAD S1: prevLog &raft.Entry{Command:interface {}(nil), Term:0, Index:0}
012054 LEAD S1: prevLog &raft.Entry{Command:interface {}(nil), Term:0, Index:0}
012055 INFO S2: (term 1) follower 收到 [1] AppendEntries [], prevIndex 0, prevTerm 0
012055 LEAD S1: 2 append success next 1 match 0
012055 INFO S0: (term 1) follower 收到 [1] AppendEntries [], prevIndex 0, prevTerm 0
012056 LEAD S1: 0 append success next 1 match 0
013058 LEAD S1: prevLog &raft.Entry{Command:interface {}(nil), Term:0, Index:0}
013058 LEAD S1: prevLog &raft.Entry{Command:interface {}(nil), Term:0, Index:0}
013059 INFO S2: (term 1) follower 收到 [1] AppendEntries [], prevIndex 0, prevTerm 0
013059 LEAD S1: 2 append success next 1 match 0
013060 INFO S0: (term 1) follower 收到 [1] AppendEntries [], prevIndex 0, prevTerm 0
013060 LEAD S1: 0 append success next 1 match 0
014063 LEAD S1: prevLog &raft.Entry{Command:interface {}(nil), Term:0, Index:0}
014064 LEAD S1: prevLog &raft.Entry{Command:interface {}(nil), Term:0, Index:0}
014065 INFO S2: (term 1) follower 收到 [1] AppendEntries [], prevIndex 0, prevTerm 0
014065 INFO S0: (term 1) follower 收到 [1] AppendEntries [], prevIndex 0, prevTerm 0
014066 LEAD S1: 2 append success next 1 match 0
014066 LEAD S1: 0 append success next 1 match 0
015068 LEAD S1: prevLog &raft.Entry{Command:interface {}(nil), Term:0, Index:0}
015068 LEAD S1: prevLog &raft.Entry{Command:interface {}(nil), Term:0, Index:0}
015069 INFO S2: (term 1) follower 收到 [1] AppendEntries [], prevIndex 0, prevTerm 0
015070 LEAD S1: 2 append success next 1 match 0
015070 INFO S0: (term 1) follower 收到 [1] AppendEntries [], prevIndex 0, prevTerm 0
015071 LEAD S1: 0 append success next 1 match 0
016073 LEAD S1: prevLog &raft.Entry{Command:interface {}(nil), Term:0, Index:0}
016073 LEAD S1: prevLog &raft.Entry{Command:interface {}(nil), Term:0, Index:0}
016073 INFO S2: (term 1) follower 收到 [1] AppendEntries [], prevIndex 0, prevTerm 0
016074 LEAD S1: 2 append success next 1 match 0
016074 INFO S0: (term 1) follower 收到 [1] AppendEntries [], prevIndex 0, prevTerm 0
016074 LEAD S1: 0 append success next 1 match 0
017075 LEAD S1: prevLog &raft.Entry{Command:interface {}(nil), Term:0, Index:0}
017076 LEAD S1: prevLog &raft.Entry{Command:interface {}(nil), Term:0, Index:0}
017076 INFO S2: (term 1) follower 收到 [1] AppendEntries [], prevIndex 0, prevTerm 0
017076 INFO S0: (term 1) follower 收到 [1] AppendEntries [], prevIndex 0, prevTerm 0
017077 LEAD S1: 2 append success next 1 match 0
017077 LEAD S1: 0 append success next 1 match 0
018080 LEAD S1: prevLog &raft.Entry{Command:interface {}(nil), Term:0, Index:0}
018080 LEAD S1: prevLog &raft.Entry{Command:interface {}(nil), Term:0, Index:0}
018081 INFO S2: (term 1) follower 收到 [1] AppendEntries [], prevIndex 0, prevTerm 0
018081 INFO S0: (term 1) follower 收到 [1] AppendEntries [], prevIndex 0, prevTerm 0
018081 LEAD S1: 2 append success next 1 match 0
018082 LEAD S1: 0 append success next 1 match 0
019085 LEAD S1: prevLog &raft.Entry{Command:interface {}(nil), Term:0, Index:0}
019085 LEAD S1: prevLog &raft.Entry{Command:interface {}(nil), Term:0, Index:0}
019085 INFO S2: (term 1) follower 收到 [1] AppendEntries [], prevIndex 0, prevTerm 0
019086 LEAD S1: 2 append success next 1 match 0
019086 INFO S0: (term 1) follower 收到 [1] AppendEntries [], prevIndex 0, prevTerm 0
019086 LEAD S1: 0 append success next 1 match 0
020092 LEAD S1: prevLog &raft.Entry{Command:interface {}(nil), Term:0, Index:0}
020092 LEAD S1: prevLog &raft.Entry{Command:interface {}(nil), Term:0, Index:0}
020094 INFO S2: (term 1) follower 收到 [1] AppendEntries [], prevIndex 0, prevTerm 0
020095 INFO S0: (term 1) follower 收到 [1] AppendEntries [], prevIndex 0, prevTerm 0
020096 LEAD S1: 2 append success next 1 match 0
020097 LEAD S1: 0 append success next 1 match 0
021096 LEAD S1: prevLog &raft.Entry{Command:interface {}(nil), Term:0, Index:0}
021096 LEAD S1: prevLog &raft.Entry{Command:interface {}(nil), Term:0, Index:0}
021097 INFO S2: (term 1) follower 收到 [1] AppendEntries [], prevIndex 0, prevTerm 0
021097 LEAD S1: 2 append success next 1 match 0
021098 INFO S0: (term 1) follower 收到 [1] AppendEntries [], prevIndex 0, prevTerm 0
021098 LEAD S1: 0 append success next 1 match 0
022100 LEAD S1: prevLog &raft.Entry{Command:interface {}(nil), Term:0, Index:0}
022100 LEAD S1: prevLog &raft.Entry{Command:interface {}(nil), Term:0, Index:0}
022102 INFO S2: (term 1) follower 收到 [1] AppendEntries [], prevIndex 0, prevTerm 0
022103 LEAD S1: 2 append success next 1 match 0
022103 INFO S0: (term 1) follower 收到 [1] AppendEntries [], prevIndex 0, prevTerm 0
022104 LEAD S1: 0 append success next 1 match 0
023107 LEAD S1: prevLog &raft.Entry{Command:interface {}(nil), Term:0, Index:0}
023107 LEAD S1: prevLog &raft.Entry{Command:interface {}(nil), Term:0, Index:0}
023108 INFO S2: (term 1) follower 收到 [1] AppendEntries [], prevIndex 0, prevTerm 0
023108 LEAD S1: 2 append success next 1 match 0
023108 INFO S0: (term 1) follower 收到 [1] AppendEntries [], prevIndex 0, prevTerm 0
023109 LEAD S1: 0 append success next 1 match 0
024111 LEAD S1: prevLog &raft.Entry{Command:interface {}(nil), Term:0, Index:0}
024112 LEAD S1: prevLog &raft.Entry{Command:interface {}(nil), Term:0, Index:0}
024113 INFO S2: (term 1) follower 收到 [1] AppendEntries [], prevIndex 0, prevTerm 0
024114 LEAD S1: 2 append success next 1 match 0
024115 INFO S0: (term 1) follower 收到 [1] AppendEntries [], prevIndex 0, prevTerm 0
024116 LEAD S1: 0 append success next 1 match 0
025116 LEAD S1: prevLog &raft.Entry{Command:interface {}(nil), Term:0, Index:0}
025116 LEAD S1: prevLog &raft.Entry{Command:interface {}(nil), Term:0, Index:0}
025117 INFO S2: (term 1) follower 收到 [1] AppendEntries [], prevIndex 0, prevTerm 0
025117 INFO S0: (term 1) follower 收到 [1] AppendEntries [], prevIndex 0, prevTerm 0
025117 LEAD S1: 2 append success next 1 match 0
025118 LEAD S1: 0 append success next 1 match 0
026120 LEAD S1: prevLog &raft.Entry{Command:interface {}(nil), Term:0, Index:0}
026120 LEAD S1: prevLog &raft.Entry{Command:interface {}(nil), Term:0, Index:0}
026121 INFO S2: (term 1) follower 收到 [1] AppendEntries [], prevIndex 0, prevTerm 0
026121 LEAD S1: 2 append success next 1 match 0
026122 INFO S0: (term 1) follower 收到 [1] AppendEntries [], prevIndex 0, prevTerm 0
026122 LEAD S1: 0 append success next 1 match 0
027124 LEAD S1: prevLog &raft.Entry{Command:interface {}(nil), Term:0, Index:0}
027124 LEAD S1: prevLog &raft.Entry{Command:interface {}(nil), Term:0, Index:0}
027125 INFO S0: (term 1) follower 收到 [1] AppendEntries [], prevIndex 0, prevTerm 0
027126 INFO S2: (term 1) follower 收到 [1] AppendEntries [], prevIndex 0, prevTerm 0
027126 LEAD S1: 0 append success next 1 match 0
027127 LEAD S1: 2 append success next 1 match 0
028127 LEAD S1: prevLog &raft.Entry{Command:interface {}(nil), Term:0, Index:0}
028127 LEAD S1: prevLog &raft.Entry{Command:interface {}(nil), Term:0, Index:0}
028128 INFO S2: (term 1) follower 收到 [1] AppendEntries [], prevIndex 0, prevTerm 0
028128 LEAD S1: 2 append success next 1 match 0
028128 INFO S0: (term 1) follower 收到 [1] AppendEntries [], prevIndex 0, prevTerm 0
028129 LEAD S1: 0 append success next 1 match 0
029132 LEAD S1: prevLog &raft.Entry{Command:interface {}(nil), Term:0, Index:0}
029133 LEAD S1: prevLog &raft.Entry{Command:interface {}(nil), Term:0, Index:0}
029133 INFO S2: (term 1) follower 收到 [1] AppendEntries [], prevIndex 0, prevTerm 0
029134 LEAD S1: 2 append success next 1 match 0
029134 INFO S0: (term 1) follower 收到 [1] AppendEntries [], prevIndex 0, prevTerm 0
029134 LEAD S1: 0 append success next 1 match 0
030136 LEAD S1: prevLog &raft.Entry{Command:interface {}(nil), Term:0, Index:0}
030137 LEAD S1: prevLog &raft.Entry{Command:interface {}(nil), Term:0, Index:0}
030137 INFO S2: (term 1) follower 收到 [1] AppendEntries [], prevIndex 0, prevTerm 0
030138 INFO S0: (term 1) follower 收到 [1] AppendEntries [], prevIndex 0, prevTerm 0
030138 LEAD S1: 2 append success next 1 match 0
030138 LEAD S1: 0 append success next 1 match 0
031139 LEAD S1: prevLog &raft.Entry{Command:interface {}(nil), Term:0, Index:0}
031140 LEAD S1: prevLog &raft.Entry{Command:interface {}(nil), Term:0, Index:0}
031140 INFO S2: (term 1) follower 收到 [1] AppendEntries [], prevIndex 0, prevTerm 0
031141 LEAD S1: 2 append success next 1 match 0
031141 INFO S0: (term 1) follower 收到 [1] AppendEntries [], prevIndex 0, prevTerm 0
031141 LEAD S1: 0 append success next 1 match 0
032142 LEAD S1: prevLog &raft.Entry{Command:interface {}(nil), Term:0, Index:0}
032142 LEAD S1: prevLog &raft.Entry{Command:interface {}(nil), Term:0, Index:0}
032143 INFO S2: (term 1) follower 收到 [1] AppendEntries [], prevIndex 0, prevTerm 0
032143 LEAD S1: 2 append success next 1 match 0
032144 INFO S0: (term 1) follower 收到 [1] AppendEntries [], prevIndex 0, prevTerm 0
032144 LEAD S1: 0 append success next 1 match 0
033146 LEAD S1: prevLog &raft.Entry{Command:interface {}(nil), Term:0, Index:0}
033147 LEAD S1: prevLog &raft.Entry{Command:interface {}(nil), Term:0, Index:0}
033147 INFO S2: (term 1) follower 收到 [1] AppendEntries [], prevIndex 0, prevTerm 0
033148 LEAD S1: 2 append success next 1 match 0
033148 INFO S0: (term 1) follower 收到 [1] AppendEntries [], prevIndex 0, prevTerm 0
033149 LEAD S1: 0 append success next 1 match 0
034149 LEAD S1: prevLog &raft.Entry{Command:interface {}(nil), Term:0, Index:0}
034150 LEAD S1: prevLog &raft.Entry{Command:interface {}(nil), Term:0, Index:0}
034150 INFO S0: (term 1) follower 收到 [1] AppendEntries [], prevIndex 0, prevTerm 0
034151 INFO S2: (term 1) follower 收到 [1] AppendEntries [], prevIndex 0, prevTerm 0
034151 LEAD S1: 0 append success next 1 match 0
034152 LEAD S1: 2 append success next 1 match 0
035153 LEAD S1: prevLog &raft.Entry{Command:interface {}(nil), Term:0, Index:0}
035153 LEAD S1: prevLog &raft.Entry{Command:interface {}(nil), Term:0, Index:0}
035153 INFO S2: (term 1) follower 收到 [1] AppendEntries [], prevIndex 0, prevTerm 0
035154 LEAD S1: 2 append success next 1 match 0
035154 INFO S0: (term 1) follower 收到 [1] AppendEntries [], prevIndex 0, prevTerm 0
035154 LEAD S1: 0 append success next 1 match 0
036156 LEAD S1: prevLog &raft.Entry{Command:interface {}(nil), Term:0, Index:0}
036157 LEAD S1: prevLog &raft.Entry{Command:interface {}(nil), Term:0, Index:0}
036157 INFO S0: (term 1) follower 收到 [1] AppendEntries [], prevIndex 0, prevTerm 0
036158 INFO S2: (term 1) follower 收到 [1] AppendEntries [], prevIndex 0, prevTerm 0
036158 LEAD S1: 0 append success next 1 match 0
036158 LEAD S1: 2 append success next 1 match 0
037161 LEAD S1: prevLog &raft.Entry{Command:interface {}(nil), Term:0, Index:0}
037161 LEAD S1: prevLog &raft.Entry{Command:interface {}(nil), Term:0, Index:0}
037162 INFO S2: (term 1) follower 收到 [1] AppendEntries [], prevIndex 0, prevTerm 0
037162 LEAD S1: 2 append success next 1 match 0
037162 INFO S0: (term 1) follower 收到 [1] AppendEntries [], prevIndex 0, prevTerm 0
037162 LEAD S1: 0 append success next 1 match 0
038164 LEAD S1: prevLog &raft.Entry{Command:interface {}(nil), Term:0, Index:0}
038165 LEAD S1: prevLog &raft.Entry{Command:interface {}(nil), Term:0, Index:0}
038166 INFO S2: (term 1) follower 收到 [1] AppendEntries [], prevIndex 0, prevTerm 0
038166 LEAD S1: 2 append success next 1 match 0
038166 INFO S0: (term 1) follower 收到 [1] AppendEntries [], prevIndex 0, prevTerm 0
038167 LEAD S1: 0 append success next 1 match 0
039167 LEAD S1: prevLog &raft.Entry{Command:interface {}(nil), Term:0, Index:0}
039167 LEAD S1: prevLog &raft.Entry{Command:interface {}(nil), Term:0, Index:0}
039168 INFO S2: (term 1) follower 收到 [1] AppendEntries [], prevIndex 0, prevTerm 0
039169 LEAD S1: 2 append success next 1 match 0
039169 INFO S0: (term 1) follower 收到 [1] AppendEntries [], prevIndex 0, prevTerm 0
039169 LEAD S1: 0 append success next 1 match 0
040172 LEAD S1: prevLog &raft.Entry{Command:interface {}(nil), Term:0, Index:0}
040172 LEAD S1: prevLog &raft.Entry{Command:interface {}(nil), Term:0, Index:0}
040173 INFO S2: (term 1) follower 收到 [1] AppendEntries [], prevIndex 0, prevTerm 0
040173 LEAD S1: 2 append success next 1 match 0
040173 INFO S0: (term 1) follower 收到 [1] AppendEntries [], prevIndex 0, prevTerm 0
040174 LEAD S1: 0 append success next 1 match 0
041175 LEAD S1: prevLog &raft.Entry{Command:interface {}(nil), Term:0, Index:0}
041175 LEAD S1: prevLog &raft.Entry{Command:interface {}(nil), Term:0, Index:0}
041176 INFO S2: (term 1) follower 收到 [1] AppendEntries [], prevIndex 0, prevTerm 0
041176 LEAD S1: 2 append success next 1 match 0
041176 INFO S0: (term 1) follower 收到 [1] AppendEntries [], prevIndex 0, prevTerm 0
041177 LEAD S1: 0 append success next 1 match 0
042180 LEAD S1: prevLog &raft.Entry{Command:interface {}(nil), Term:0, Index:0}
042180 LEAD S1: prevLog &raft.Entry{Command:interface {}(nil), Term:0, Index:0}
042181 INFO S2: (term 1) follower 收到 [1] AppendEntries [], prevIndex 0, prevTerm 0
042181 LEAD S1: 2 append success next 1 match 0
042181 INFO S0: (term 1) follower 收到 [1] AppendEntries [], prevIndex 0, prevTerm 0
042182 LEAD S1: 0 append success next 1 match 0
043184 LEAD S1: prevLog &raft.Entry{Command:interface {}(nil), Term:0, Index:0}
043184 LEAD S1: prevLog &raft.Entry{Command:interface {}(nil), Term:0, Index:0}
043185 INFO S2: (term 1) follower 收到 [1] AppendEntries [], prevIndex 0, prevTerm 0
043186 LEAD S1: 2 append success next 1 match 0
043186 INFO S0: (term 1) follower 收到 [1] AppendEntries [], prevIndex 0, prevTerm 0
043186 LEAD S1: 0 append success next 1 match 0
044187 LEAD S1: prevLog &raft.Entry{Command:interface {}(nil), Term:0, Index:0}
044187 LEAD S1: prevLog &raft.Entry{Command:interface {}(nil), Term:0, Index:0}
044188 INFO S2: (term 1) follower 收到 [1] AppendEntries [], prevIndex 0, prevTerm 0
044188 INFO S0: (term 1) follower 收到 [1] AppendEntries [], prevIndex 0, prevTerm 0
044188 LEAD S1: 0 append success next 1 match 0
044188 LEAD S1: 2 append success next 1 match 0
045191 LEAD S1: prevLog &raft.Entry{Command:interface {}(nil), Term:0, Index:0}
045191 LEAD S1: prevLog &raft.Entry{Command:interface {}(nil), Term:0, Index:0}
045192 INFO S2: (term 1) follower 收到 [1] AppendEntries [], prevIndex 0, prevTerm 0
045192 INFO S0: (term 1) follower 收到 [1] AppendEntries [], prevIndex 0, prevTerm 0
045192 LEAD S1: 2 append success next 1 match 0
045193 LEAD S1: 0 append success next 1 match 0
046195 LEAD S1: prevLog &raft.Entry{Command:interface {}(nil), Term:0, Index:0}
046195 LEAD S1: prevLog &raft.Entry{Command:interface {}(nil), Term:0, Index:0}
046196 INFO S0: (term 1) follower 收到 [1] AppendEntries [], prevIndex 0, prevTerm 0
046196 INFO S2: (term 1) follower 收到 [1] AppendEntries [], prevIndex 0, prevTerm 0
046197 LEAD S1: 2 append success next 1 match 0
046197 LEAD S1: 0 append success next 1 match 0
047202 LEAD S1: prevLog &raft.Entry{Command:interface {}(nil), Term:0, Index:0}
047202 LEAD S1: prevLog &raft.Entry{Command:interface {}(nil), Term:0, Index:0}
047204 INFO S2: (term 1) follower 收到 [1] AppendEntries [], prevIndex 0, prevTerm 0
047206 LEAD S1: 2 append success next 1 match 0
047206 INFO S0: (term 1) follower 收到 [1] AppendEntries [], prevIndex 0, prevTerm 0
047209 LEAD S1: 0 append success next 1 match 0
048204 LEAD S1: prevLog &raft.Entry{Command:interface {}(nil), Term:0, Index:0}
048205 LEAD S1: prevLog &raft.Entry{Command:interface {}(nil), Term:0, Index:0}
048205 INFO S2: (term 1) follower 收到 [1] AppendEntries [], prevIndex 0, prevTerm 0
048206 LEAD S1: 2 append success next 1 match 0
048206 INFO S0: (term 1) follower 收到 [1] AppendEntries [], prevIndex 0, prevTerm 0
048206 LEAD S1: 0 append success next 1 match 0
049208 LEAD S1: prevLog &raft.Entry{Command:interface {}(nil), Term:0, Index:0}
049208 LEAD S1: prevLog &raft.Entry{Command:interface {}(nil), Term:0, Index:0}
049209 INFO S2: (term 1) follower 收到 [1] AppendEntries [], prevIndex 0, prevTerm 0
049210 LEAD S1: 2 append success next 1 match 0
049210 INFO S0: (term 1) follower 收到 [1] AppendEntries [], prevIndex 0, prevTerm 0
049210 LEAD S1: 0 append success next 1 match 0
050214 LEAD S1: prevLog &raft.Entry{Command:interface {}(nil), Term:0, Index:0}
050215 LEAD S1: prevLog &raft.Entry{Command:interface {}(nil), Term:0, Index:0}
050217 INFO S2: (term 1) follower 收到 [1] AppendEntries [], prevIndex 0, prevTerm 0
050217 LEAD S1: 2 append success next 1 match 0
050218 INFO S0: (term 1) follower 收到 [1] AppendEntries [], prevIndex 0, prevTerm 0
050218 LEAD S1: 0 append success next 1 match 0
051221 LEAD S1: prevLog &raft.Entry{Command:interface {}(nil), Term:0, Index:0}
051221 LEAD S1: prevLog &raft.Entry{Command:interface {}(nil), Term:0, Index:0}
051221 INFO S2: (term 1) follower 收到 [1] AppendEntries [], prevIndex 0, prevTerm 0
051222 INFO S0: (term 1) follower 收到 [1] AppendEntries [], prevIndex 0, prevTerm 0
051222 LEAD S1: 2 append success next 1 match 0
051222 LEAD S1: 0 append success next 1 match 0
052225 LEAD S1: prevLog &raft.Entry{Command:interface {}(nil), Term:0, Index:0}
052225 LEAD S1: prevLog &raft.Entry{Command:interface {}(nil), Term:0, Index:0}
052226 INFO S2: (term 1) follower 收到 [1] AppendEntries [], prevIndex 0, prevTerm 0
052226 LEAD S1: 2 append success next 1 match 0
052226 INFO S0: (term 1) follower 收到 [1] AppendEntries [], prevIndex 0, prevTerm 0
052227 LEAD S1: 0 append success next 1 match 0
053230 LEAD S1: prevLog &raft.Entry{Command:interface {}(nil), Term:0, Index:0}
053231 LEAD S1: prevLog &raft.Entry{Command:interface {}(nil), Term:0, Index:0}
053232 INFO S0: (term 1) follower 收到 [1] AppendEntries [], prevIndex 0, prevTerm 0
053233 INFO S2: (term 1) follower 收到 [1] AppendEntries [], prevIndex 0, prevTerm 0
053234 LEAD S1: 0 append success next 1 match 0
053234 LEAD S1: 2 append success next 1 match 0
054235 LEAD S1: prevLog &raft.Entry{Command:interface {}(nil), Term:0, Index:0}
054235 LEAD S1: prevLog &raft.Entry{Command:interface {}(nil), Term:0, Index:0}
054236 INFO S2: (term 1) follower 收到 [1] AppendEntries [], prevIndex 0, prevTerm 0
054236 LEAD S1: 2 append success next 1 match 0
054236 INFO S0: (term 1) follower 收到 [1] AppendEntries [], prevIndex 0, prevTerm 0
054237 LEAD S1: 0 append success next 1 match 0
055238 LEAD S1: prevLog &raft.Entry{Command:interface {}(nil), Term:0, Index:0}
055238 LEAD S1: prevLog &raft.Entry{Command:interface {}(nil), Term:0, Index:0}
055239 INFO S2: (term 1) follower 收到 [1] AppendEntries [], prevIndex 0, prevTerm 0
055239 LEAD S1: 2 append success next 1 match 0
055240 INFO S0: (term 1) follower 收到 [1] AppendEntries [], prevIndex 0, prevTerm 0
055240 LEAD S1: 0 append success next 1 match 0
056241 LEAD S1: prevLog &raft.Entry{Command:interface {}(nil), Term:0, Index:0}
056241 LEAD S1: prevLog &raft.Entry{Command:interface {}(nil), Term:0, Index:0}
056242 INFO S2: (term 1) follower 收到 [1] AppendEntries [], prevIndex 0, prevTerm 0
056242 LEAD S1: 2 append success next 1 match 0
056242 INFO S0: (term 1) follower 收到 [1] AppendEntries [], prevIndex 0, prevTerm 0
056243 LEAD S1: 0 append success next 1 match 0
057246 LEAD S1: prevLog &raft.Entry{Command:interface {}(nil), Term:0, Index:0}
057246 LEAD S1: prevLog &raft.Entry{Command:interface {}(nil), Term:0, Index:0}
057246 INFO S2: (term 1) follower 收到 [1] AppendEntries [], prevIndex 0, prevTerm 0
057247 LEAD S1: 2 append success next 1 match 0
057247 INFO S0: (term 1) follower 收到 [1] AppendEntries [], prevIndex 0, prevTerm 0
057247 LEAD S1: 0 append success next 1 match 0
058252 LEAD S1: prevLog &raft.Entry{Command:interface {}(nil), Term:0, Index:0}
058252 LEAD S1: prevLog &raft.Entry{Command:interface {}(nil), Term:0, Index:0}
058254 INFO S2: (term 1) follower 收到 [1] AppendEntries [], prevIndex 0, prevTerm 0
058254 INFO S0: (term 1) follower 收到 [1] AppendEntries [], prevIndex 0, prevTerm 0
058255 LEAD S1: 2 append success next 1 match 0
058255 LEAD S1: 0 append success next 1 match 0
059257 LEAD S1: prevLog &raft.Entry{Command:interface {}(nil), Term:0, Index:0}
059257 LEAD S1: prevLog &raft.Entry{Command:interface {}(nil), Term:0, Index:0}
059258 INFO S2: (term 1) follower 收到 [1] AppendEntries [], prevIndex 0, prevTerm 0
059259 LEAD S1: 2 append success next 1 match 0
059259 INFO S0: (term 1) follower 收到 [1] AppendEntries [], prevIndex 0, prevTerm 0
059259 LEAD S1: 0 append success next 1 match 0
060259 LEAD S1: prevLog &raft.Entry{Command:interface {}(nil), Term:0, Index:0}
060260 LEAD S1: prevLog &raft.Entry{Command:interface {}(nil), Term:0, Index:0}
060260 INFO S2: (term 1) follower 收到 [1] AppendEntries [], prevIndex 0, prevTerm 0
060261 LEAD S1: 2 append success next 1 match 0
060261 INFO S0: (term 1) follower 收到 [1] AppendEntries [], prevIndex 0, prevTerm 0
060261 LEAD S1: 0 append success next 1 match 0
061263 LEAD S1: prevLog &raft.Entry{Command:interface {}(nil), Term:0, Index:0}
061263 LEAD S1: prevLog &raft.Entry{Command:interface {}(nil), Term:0, Index:0}
061264 INFO S2: (term 1) follower 收到 [1] AppendEntries [], prevIndex 0, prevTerm 0
061264 LEAD S1: 2 append success next 1 match 0
061264 INFO S0: (term 1) follower 收到 [1] AppendEntries [], prevIndex 0, prevTerm 0
061265 LEAD S1: 0 append success next 1 match 0
062267 LEAD S1: prevLog &raft.Entry{Command:interface {}(nil), Term:0, Index:0}
062267 LEAD S1: prevLog &raft.Entry{Command:interface {}(nil), Term:0, Index:0}
062268 INFO S2: (term 1) follower 收到 [1] AppendEntries [], prevIndex 0, prevTerm 0
062268 INFO S0: (term 1) follower 收到 [1] AppendEntries [], prevIndex 0, prevTerm 0
062268 LEAD S1: 2 append success next 1 match 0
062269 LEAD S1: 0 append success next 1 match 0
063270 LEAD S1: prevLog &raft.Entry{Command:interface {}(nil), Term:0, Index:0}
063271 LEAD S1: prevLog &raft.Entry{Command:interface {}(nil), Term:0, Index:0}
063271 INFO S2: (term 1) follower 收到 [1] AppendEntries [], prevIndex 0, prevTerm 0
063272 INFO S0: (term 1) follower 收到 [1] AppendEntries [], prevIndex 0, prevTerm 0
063272 LEAD S1: 2 append success next 1 match 0
063272 LEAD S1: 0 append success next 1 match 0
064274 LEAD S1: prevLog &raft.Entry{Command:interface {}(nil), Term:0, Index:0}
064274 LEAD S1: prevLog &raft.Entry{Command:interface {}(nil), Term:0, Index:0}
064275 INFO S2: (term 1) follower 收到 [1] AppendEntries [], prevIndex 0, prevTerm 0
064275 INFO S0: (term 1) follower 收到 [1] AppendEntries [], prevIndex 0, prevTerm 0
064276 LEAD S1: 2 append success next 1 match 0
064276 LEAD S1: 0 append success next 1 match 0
065277 LEAD S1: prevLog &raft.Entry{Command:interface {}(nil), Term:0, Index:0}
065277 LEAD S1: prevLog &raft.Entry{Command:interface {}(nil), Term:0, Index:0}
065278 INFO S2: (term 1) follower 收到 [1] AppendEntries [], prevIndex 0, prevTerm 0
065278 INFO S0: (term 1) follower 收到 [1] AppendEntries [], prevIndex 0, prevTerm 0
065278 LEAD S1: 2 append success next 1 match 0
065278 LEAD S1: 0 append success next 1 match 0
066281 LEAD S1: prevLog &raft.Entry{Command:interface {}(nil), Term:0, Index:0}
066281 LEAD S1: prevLog &raft.Entry{Command:interface {}(nil), Term:0, Index:0}
066282 INFO S0: (term 1) follower 收到 [1] AppendEntries [], prevIndex 0, prevTerm 0
066282 INFO S2: (term 1) follower 收到 [1] AppendEntries [], prevIndex 0, prevTerm 0
066283 LEAD S1: 2 append success next 1 match 0
066288 LEAD S1: 0 append success next 1 match 0
067287 LEAD S1: prevLog &raft.Entry{Command:interface {}(nil), Term:0, Index:0}
067289 LEAD S1: prevLog &raft.Entry{Command:interface {}(nil), Term:0, Index:0}
067293 INFO S2: (term 1) follower 收到 [1] AppendEntries [], prevIndex 0, prevTerm 0
067294 LEAD S1: 2 append success next 1 match 0
067295 INFO S0: (term 1) follower 收到 [1] AppendEntries [], prevIndex 0, prevTerm 0
067299 LEAD S1: 0 append success next 1 match 0
068292 LEAD S1: prevLog &raft.Entry{Command:interface {}(nil), Term:0, Index:0}
068293 LEAD S1: prevLog &raft.Entry{Command:interface {}(nil), Term:0, Index:0}
068295 INFO S2: (term 1) follower 收到 [1] AppendEntries [], prevIndex 0, prevTerm 0
068296 INFO S0: (term 1) follower 收到 [1] AppendEntries [], prevIndex 0, prevTerm 0
068297 LEAD S1: 2 append success next 1 match 0
068297 LEAD S1: 0 append success next 1 match 0
069297 LEAD S1: prevLog &raft.Entry{Command:interface {}(nil), Term:0, Index:0}
069297 LEAD S1: prevLog &raft.Entry{Command:interface {}(nil), Term:0, Index:0}
069298 INFO S2: (term 1) follower 收到 [1] AppendEntries [], prevIndex 0, prevTerm 0
069298 LEAD S1: 2 append success next 1 match 0
069298 INFO S0: (term 1) follower 收到 [1] AppendEntries [], prevIndex 0, prevTerm 0
069299 LEAD S1: 0 append success next 1 match 0
070300 LEAD S1: prevLog &raft.Entry{Command:interface {}(nil), Term:0, Index:0}
070300 LEAD S1: prevLog &raft.Entry{Command:interface {}(nil), Term:0, Index:0}
070301 INFO S2: (term 1) follower 收到 [1] AppendEntries [], prevIndex 0, prevTerm 0
070302 LEAD S1: 2 append success next 1 match 0
070302 INFO S0: (term 1) follower 收到 [1] AppendEntries [], prevIndex 0, prevTerm 0
070302 LEAD S1: 0 append success next 1 match 0
071305 LEAD S1: prevLog &raft.Entry{Command:interface {}(nil), Term:0, Index:0}
071305 LEAD S1: prevLog &raft.Entry{Command:interface {}(nil), Term:0, Index:0}
071306 INFO S2: (term 1) follower 收到 [1] AppendEntries [], prevIndex 0, prevTerm 0
071306 LEAD S1: 2 append success next 1 match 0
071306 INFO S0: (term 1) follower 收到 [1] AppendEntries [], prevIndex 0, prevTerm 0
071307 LEAD S1: 0 append success next 1 match 0
072309 LEAD S1: prevLog &raft.Entry{Command:interface {}(nil), Term:0, Index:0}
072309 LEAD S1: prevLog &raft.Entry{Command:interface {}(nil), Term:0, Index:0}
072309 INFO S2: (term 1) follower 收到 [1] AppendEntries [], prevIndex 0, prevTerm 0
072310 LEAD S1: 2 append success next 1 match 0
072310 INFO S0: (term 1) follower 收到 [1] AppendEntries [], prevIndex 0, prevTerm 0
072311 LEAD S1: 0 append success next 1 match 0
073316 LEAD S1: prevLog &raft.Entry{Command:interface {}(nil), Term:0, Index:0}
073316 LEAD S1: prevLog &raft.Entry{Command:interface {}(nil), Term:0, Index:0}
073317 INFO S2: (term 1) follower 收到 [1] AppendEntries [], prevIndex 0, prevTerm 0
073317 LEAD S1: 2 append success next 1 match 0
073317 INFO S0: (term 1) follower 收到 [1] AppendEntries [], prevIndex 0, prevTerm 0
073318 LEAD S1: 0 append success next 1 match 0
074320 LEAD S1: prevLog &raft.Entry{Command:interface {}(nil), Term:0, Index:0}
074321 LEAD S1: prevLog &raft.Entry{Command:interface {}(nil), Term:0, Index:0}
074321 INFO S2: (term 1) follower 收到 [1] AppendEntries [], prevIndex 0, prevTerm 0
074322 INFO S0: (term 1) follower 收到 [1] AppendEntries [], prevIndex 0, prevTerm 0
074322 LEAD S1: 2 append success next 1 match 0
074322 LEAD S1: 0 append success next 1 match 0
075328 LEAD S1: prevLog &raft.Entry{Command:interface {}(nil), Term:0, Index:0}
075328 LEAD S1: prevLog &raft.Entry{Command:interface {}(nil), Term:0, Index:0}
075329 INFO S2: (term 1) follower 收到 [1] AppendEntries [], prevIndex 0, prevTerm 0
075329 INFO S0: (term 1) follower 收到 [1] AppendEntries [], prevIndex 0, prevTerm 0
075330 LEAD S1: 2 append success next 1 match 0
075330 LEAD S1: 0 append success next 1 match 0
076329 LEAD S1: prevLog &raft.Entry{Command:interface {}(nil), Term:0, Index:0}
076329 LEAD S1: prevLog &raft.Entry{Command:interface {}(nil), Term:0, Index:0}
076330 INFO S2: (term 1) follower 收到 [1] AppendEntries [], prevIndex 0, prevTerm 0
076330 LEAD S1: 2 append success next 1 match 0
076330 INFO S0: (term 1) follower 收到 [1] AppendEntries [], prevIndex 0, prevTerm 0
076331 LEAD S1: 0 append success next 1 match 0
077333 LEAD S1: prevLog &raft.Entry{Command:interface {}(nil), Term:0, Index:0}
077333 LEAD S1: prevLog &raft.Entry{Command:interface {}(nil), Term:0, Index:0}
077334 INFO S2: (term 1) follower 收到 [1] AppendEntries [], prevIndex 0, prevTerm 0
077335 LEAD S1: 2 append success next 1 match 0
077335 INFO S0: (term 1) follower 收到 [1] AppendEntries [], prevIndex 0, prevTerm 0
077335 LEAD S1: 0 append success next 1 match 0
078337 LEAD S1: prevLog &raft.Entry{Command:interface {}(nil), Term:0, Index:0}
078337 LEAD S1: prevLog &raft.Entry{Command:interface {}(nil), Term:0, Index:0}
078338 INFO S2: (term 1) follower 收到 [1] AppendEntries [], prevIndex 0, prevTerm 0
078338 LEAD S1: 2 append success next 1 match 0
078338 INFO S0: (term 1) follower 收到 [1] AppendEntries [], prevIndex 0, prevTerm 0
078339 LEAD S1: 0 append success next 1 match 0
079344 LEAD S1: prevLog &raft.Entry{Command:interface {}(nil), Term:0, Index:0}
079345 LEAD S1: prevLog &raft.Entry{Command:interface {}(nil), Term:0, Index:0}
079347 INFO S2: (term 1) follower 收到 [1] AppendEntries [], prevIndex 0, prevTerm 0
079349 LEAD S1: 2 append success next 1 match 0
079350 INFO S0: (term 1) follower 收到 [1] AppendEntries [], prevIndex 0, prevTerm 0
079352 LEAD S1: 0 append success next 1 match 0
080348 LEAD S1: prevLog &raft.Entry{Command:interface {}(nil), Term:0, Index:0}
080348 LEAD S1: prevLog &raft.Entry{Command:interface {}(nil), Term:0, Index:0}
080349 INFO S2: (term 1) follower 收到 [1] AppendEntries [], prevIndex 0, prevTerm 0
080349 LEAD S1: 2 append success next 1 match 0
080350 INFO S0: (term 1) follower 收到 [1] AppendEntries [], prevIndex 0, prevTerm 0
080350 LEAD S1: 0 append success next 1 match 0
081354 LEAD S1: prevLog &raft.Entry{Command:interface {}(nil), Term:0, Index:0}
081355 LEAD S1: prevLog &raft.Entry{Command:interface {}(nil), Term:0, Index:0}
081356 INFO S2: (term 1) follower 收到 [1] AppendEntries [], prevIndex 0, prevTerm 0
081357 LEAD S1: 2 append success next 1 match 0
081357 INFO S0: (term 1) follower 收到 [1] AppendEntries [], prevIndex 0, prevTerm 0
081358 LEAD S1: 0 append success next 1 match 0
082358 LEAD S1: prevLog &raft.Entry{Command:interface {}(nil), Term:0, Index:0}
082358 LEAD S1: prevLog &raft.Entry{Command:interface {}(nil), Term:0, Index:0}
082358 INFO S2: (term 1) follower 收到 [1] AppendEntries [], prevIndex 0, prevTerm 0
082359 LEAD S1: 2 append success next 1 match 0
082359 INFO S0: (term 1) follower 收到 [1] AppendEntries [], prevIndex 0, prevTerm 0
082359 LEAD S1: 0 append success next 1 match 0
083362 LEAD S1: prevLog &raft.Entry{Command:interface {}(nil), Term:0, Index:0}
083362 LEAD S1: prevLog &raft.Entry{Command:interface {}(nil), Term:0, Index:0}
083363 INFO S2: (term 1) follower 收到 [1] AppendEntries [], prevIndex 0, prevTerm 0
083363 LEAD S1: 2 append success next 1 match 0
083363 INFO S0: (term 1) follower 收到 [1] AppendEntries [], prevIndex 0, prevTerm 0
083364 LEAD S1: 0 append success next 1 match 0
084365 LEAD S1: prevLog &raft.Entry{Command:interface {}(nil), Term:0, Index:0}
084365 LEAD S1: prevLog &raft.Entry{Command:interface {}(nil), Term:0, Index:0}
084366 INFO S2: (term 1) follower 收到 [1] AppendEntries [], prevIndex 0, prevTerm 0
084367 INFO S0: (term 1) follower 收到 [1] AppendEntries [], prevIndex 0, prevTerm 0
084367 LEAD S1: 2 append success next 1 match 0
084368 LEAD S1: 0 append success next 1 match 0
085370 LEAD S1: prevLog &raft.Entry{Command:interface {}(nil), Term:0, Index:0}
085370 LEAD S1: prevLog &raft.Entry{Command:interface {}(nil), Term:0, Index:0}
085371 INFO S2: (term 1) follower 收到 [1] AppendEntries [], prevIndex 0, prevTerm 0
085371 LEAD S1: 2 append success next 1 match 0
085372 INFO S0: (term 1) follower 收到 [1] AppendEntries [], prevIndex 0, prevTerm 0
085372 LEAD S1: 0 append success next 1 match 0
086374 LEAD S1: prevLog &raft.Entry{Command:interface {}(nil), Term:0, Index:0}
086374 LEAD S1: prevLog &raft.Entry{Command:interface {}(nil), Term:0, Index:0}
086375 INFO S2: (term 1) follower 收到 [1] AppendEntries [], prevIndex 0, prevTerm 0
086375 LEAD S1: 2 append success next 1 match 0
086376 INFO S0: (term 1) follower 收到 [1] AppendEntries [], prevIndex 0, prevTerm 0
086376 LEAD S1: 0 append success next 1 match 0
087378 LEAD S1: prevLog &raft.Entry{Command:interface {}(nil), Term:0, Index:0}
087378 LEAD S1: prevLog &raft.Entry{Command:interface {}(nil), Term:0, Index:0}
087379 INFO S2: (term 1) follower 收到 [1] AppendEntries [], prevIndex 0, prevTerm 0
087380 INFO S0: (term 1) follower 收到 [1] AppendEntries [], prevIndex 0, prevTerm 0
087380 LEAD S1: 2 append success next 1 match 0
087380 LEAD S1: 0 append success next 1 match 0
088381 LEAD S1: prevLog &raft.Entry{Command:interface {}(nil), Term:0, Index:0}
088382 LEAD S1: prevLog &raft.Entry{Command:interface {}(nil), Term:0, Index:0}
088383 INFO S2: (term 1) follower 收到 [1] AppendEntries [], prevIndex 0, prevTerm 0
088383 INFO S0: (term 1) follower 收到 [1] AppendEntries [], prevIndex 0, prevTerm 0
088383 LEAD S1: 2 append success next 1 match 0
088383 LEAD S1: 0 append success next 1 match 0
089385 LEAD S1: prevLog &raft.Entry{Command:interface {}(nil), Term:0, Index:0}
089385 LEAD S1: prevLog &raft.Entry{Command:interface {}(nil), Term:0, Index:0}
089386 INFO S2: (term 1) follower 收到 [1] AppendEntries [], prevIndex 0, prevTerm 0
089386 INFO S0: (term 1) follower 收到 [1] AppendEntries [], prevIndex 0, prevTerm 0
089387 LEAD S1: 2 append success next 1 match 0
089387 LEAD S1: 0 append success next 1 match 0
090388 LEAD S1: prevLog &raft.Entry{Command:interface {}(nil), Term:0, Index:0}
090388 LEAD S1: prevLog &raft.Entry{Command:interface {}(nil), Term:0, Index:0}
090389 INFO S2: (term 1) follower 收到 [1] AppendEntries [], prevIndex 0, prevTerm 0
090389 INFO S0: (term 1) follower 收到 [1] AppendEntries [], prevIndex 0, prevTerm 0
090390 LEAD S1: 2 append success next 1 match 0
090390 LEAD S1: 0 append success next 1 match 0
091392 LEAD S1: prevLog &raft.Entry{Command:interface {}(nil), Term:0, Index:0}
091392 LEAD S1: prevLog &raft.Entry{Command:interface {}(nil), Term:0, Index:0}
091393 INFO S2: (term 1) follower 收到 [1] AppendEntries [], prevIndex 0, prevTerm 0
091393 LEAD S1: 2 append success next 1 match 0
091393 INFO S0: (term 1) follower 收到 [1] AppendEntries [], prevIndex 0, prevTerm 0
091394 LEAD S1: 0 append success next 1 match 0
092396 LEAD S1: prevLog &raft.Entry{Command:interface {}(nil), Term:0, Index:0}
092396 LEAD S1: prevLog &raft.Entry{Command:interface {}(nil), Term:0, Index:0}
092397 INFO S0: (term 1) follower 收到 [1] AppendEntries [], prevIndex 0, prevTerm 0
092397 INFO S2: (term 1) follower 收到 [1] AppendEntries [], prevIndex 0, prevTerm 0
092397 LEAD S1: 0 append success next 1 match 0
092397 LEAD S1: 2 append success next 1 match 0
093400 LEAD S1: prevLog &raft.Entry{Command:interface {}(nil), Term:0, Index:0}
093400 LEAD S1: prevLog &raft.Entry{Command:interface {}(nil), Term:0, Index:0}
093401 INFO S2: (term 1) follower 收到 [1] AppendEntries [], prevIndex 0, prevTerm 0
093401 LEAD S1: 2 append success next 1 match 0
093401 INFO S0: (term 1) follower 收到 [1] AppendEntries [], prevIndex 0, prevTerm 0
093402 LEAD S1: 0 append success next 1 match 0
094404 LEAD S1: prevLog &raft.Entry{Command:interface {}(nil), Term:0, Index:0}
094405 LEAD S1: prevLog &raft.Entry{Command:interface {}(nil), Term:0, Index:0}
094407 INFO S2: (term 1) follower 收到 [1] AppendEntries [], prevIndex 0, prevTerm 0
094409 INFO S0: (term 1) follower 收到 [1] AppendEntries [], prevIndex 0, prevTerm 0
094409 LEAD S1: 2 append success next 1 match 0
094411 LEAD S1: 0 append success next 1 match 0
095411 LEAD S1: prevLog &raft.Entry{Command:interface {}(nil), Term:0, Index:0}
095412 LEAD S1: prevLog &raft.Entry{Command:interface {}(nil), Term:0, Index:0}
095412 INFO S2: (term 1) follower 收到 [1] AppendEntries [], prevIndex 0, prevTerm 0
095413 LEAD S1: 2 append success next 1 match 0
095413 INFO S0: (term 1) follower 收到 [1] AppendEntries [], prevIndex 0, prevTerm 0
095413 LEAD S1: 0 append success next 1 match 0
096416 LEAD S1: prevLog &raft.Entry{Command:interface {}(nil), Term:0, Index:0}
096416 LEAD S1: prevLog &raft.Entry{Command:interface {}(nil), Term:0, Index:0}
096417 INFO S2: (term 1) follower 收到 [1] AppendEntries [], prevIndex 0, prevTerm 0
096418 LEAD S1: 2 append success next 1 match 0
096418 INFO S0: (term 1) follower 收到 [1] AppendEntries [], prevIndex 0, prevTerm 0
096418 LEAD S1: 0 append success next 1 match 0
097421 LEAD S1: prevLog &raft.Entry{Command:interface {}(nil), Term:0, Index:0}
097421 LEAD S1: prevLog &raft.Entry{Command:interface {}(nil), Term:0, Index:0}
097422 INFO S2: (term 1) follower 收到 [1] AppendEntries [], prevIndex 0, prevTerm 0
097423 LEAD S1: 2 append success next 1 match 0
097423 INFO S0: (term 1) follower 收到 [1] AppendEntries [], prevIndex 0, prevTerm 0
097424 LEAD S1: 0 append success next 1 match 0
098426 LEAD S1: prevLog &raft.Entry{Command:interface {}(nil), Term:0, Index:0}
098426 LEAD S1: prevLog &raft.Entry{Command:interface {}(nil), Term:0, Index:0}
098426 INFO S2: (term 1) follower 收到 [1] AppendEntries [], prevIndex 0, prevTerm 0
098427 LEAD S1: 2 append success next 1 match 0
098427 INFO S0: (term 1) follower 收到 [1] AppendEntries [], prevIndex 0, prevTerm 0
098427 LEAD S1: 0 append success next 1 match 0
099430 LEAD S1: prevLog &raft.Entry{Command:interface {}(nil), Term:0, Index:0}
099430 LEAD S1: prevLog &raft.Entry{Command:interface {}(nil), Term:0, Index:0}
099430 INFO S2: (term 1) follower 收到 [1] AppendEntries [], prevIndex 0, prevTerm 0
099431 LEAD S1: 2 append success next 1 match 0
099431 INFO S0: (term 1) follower 收到 [1] AppendEntries [], prevIndex 0, prevTerm 0
099432 LEAD S1: 0 append success next 1 match 0
100434 LEAD S1: prevLog &raft.Entry{Command:interface {}(nil), Term:0, Index:0}
100435 LEAD S1: prevLog &raft.Entry{Command:interface {}(nil), Term:0, Index:0}
--- FAIL: TestPersist12C (10.04s)
    config.go:609: one(11) failed to reach agreement
100435 INFO S2: (term 1) follower 收到 [1] AppendEntries [], prevIndex 0, prevTerm 0
FAIL
exit status 1
FAIL	6.824/raft	10.044s
