Test (2C): basic persistence ...
003011 INFO S0: start leader election, term 1
003012 VOTE S0: term 1 send vote request to 2
003012 VOTE S0: term 1 send vote request to 1
003013 TERM S2: set new term 1
003013 VOTE S2: term 1 vote 0
003013 VOTE S0: reply from 2, term一致，且投给0
003013 LEAD S0: come to power, start to send heartbeat
003013 LEAD S0: prevLog &raft.Entry{Command:interface {}(nil), Term:0, Index:0}
003014 LEAD S0: prevLog &raft.Entry{Command:interface {}(nil), Term:0, Index:0}
003014 TERM S1: set new term 1
003014 VOTE S1: term 1 vote 0
003014 VOTE S0: reply from 1, term一致，且投给0
003014 INFO S2: (term 1) follower 收到 [0] AppendEntries [], prevIndex 0, prevTerm 0
003014 LEAD S0: 2 append success next 1 match 0
003015 INFO S1: (term 1) follower 收到 [0] AppendEntries [], prevIndex 0, prevTerm 0
003015 LEAD S0: 1 append success next 1 match 0
004015 LEAD S0: prevLog &raft.Entry{Command:interface {}(nil), Term:0, Index:0}
004015 LEAD S0: prevLog &raft.Entry{Command:interface {}(nil), Term:0, Index:0}
004016 INFO S2: (term 1) follower 收到 [0] AppendEntries [], prevIndex 0, prevTerm 0
004016 INFO S1: (term 1) follower 收到 [0] AppendEntries [], prevIndex 0, prevTerm 0
004016 LEAD S0: 2 append success next 1 match 0
004016 LEAD S0: 1 append success next 1 match 0
005018 LEAD S0: prevLog &raft.Entry{Command:interface {}(nil), Term:0, Index:0}
005018 LEAD S0: prevLog &raft.Entry{Command:interface {}(nil), Term:0, Index:0}
005019 INFO S1: (term 1) follower 收到 [0] AppendEntries [], prevIndex 0, prevTerm 0
005019 INFO S2: (term 1) follower 收到 [0] AppendEntries [], prevIndex 0, prevTerm 0
005020 LEAD S0: 1 append success next 1 match 0
005020 LEAD S0: 2 append success next 1 match 0
006022 LEAD S0: prevLog &raft.Entry{Command:interface {}(nil), Term:0, Index:0}
006022 LEAD S0: prevLog &raft.Entry{Command:interface {}(nil), Term:0, Index:0}
006023 INFO S2: (term 1) follower 收到 [0] AppendEntries [], prevIndex 0, prevTerm 0
006023 INFO S1: (term 1) follower 收到 [0] AppendEntries [], prevIndex 0, prevTerm 0
006023 LEAD S0: 2 append success next 1 match 0
006024 LEAD S0: 1 append success next 1 match 0
007026 LEAD S0: prevLog &raft.Entry{Command:interface {}(nil), Term:0, Index:0}
007026 LEAD S0: prevLog &raft.Entry{Command:interface {}(nil), Term:0, Index:0}
007028 INFO S2: (term 1) follower 收到 [0] AppendEntries [], prevIndex 0, prevTerm 0
007029 LEAD S0: 2 append success next 1 match 0
007030 INFO S1: (term 1) follower 收到 [0] AppendEntries [], prevIndex 0, prevTerm 0
007031 LEAD S0: 1 append success next 1 match 0
008031 LEAD S0: prevLog &raft.Entry{Command:interface {}(nil), Term:0, Index:0}
008031 LEAD S0: prevLog &raft.Entry{Command:interface {}(nil), Term:0, Index:0}
008032 INFO S2: (term 1) follower 收到 [0] AppendEntries [], prevIndex 0, prevTerm 0
008033 INFO S1: (term 1) follower 收到 [0] AppendEntries [], prevIndex 0, prevTerm 0
008033 LEAD S0: 2 append success next 1 match 0
008033 LEAD S0: 1 append success next 1 match 0
009036 LEAD S0: prevLog &raft.Entry{Command:interface {}(nil), Term:0, Index:0}
009036 LEAD S0: prevLog &raft.Entry{Command:interface {}(nil), Term:0, Index:0}
009037 INFO S2: (term 1) follower 收到 [0] AppendEntries [], prevIndex 0, prevTerm 0
009037 LEAD S0: 2 append success next 1 match 0
009038 INFO S1: (term 1) follower 收到 [0] AppendEntries [], prevIndex 0, prevTerm 0
009038 LEAD S0: 1 append success next 1 match 0
010041 LEAD S0: prevLog &raft.Entry{Command:interface {}(nil), Term:0, Index:0}
010042 LEAD S0: prevLog &raft.Entry{Command:interface {}(nil), Term:0, Index:0}
010043 INFO S2: (term 1) follower 收到 [0] AppendEntries [], prevIndex 0, prevTerm 0
010043 INFO S1: (term 1) follower 收到 [0] AppendEntries [], prevIndex 0, prevTerm 0
010043 LEAD S0: 2 append success next 1 match 0
010043 LEAD S0: 1 append success next 1 match 0
011045 LEAD S0: prevLog &raft.Entry{Command:interface {}(nil), Term:0, Index:0}
011046 LEAD S0: prevLog &raft.Entry{Command:interface {}(nil), Term:0, Index:0}
011046 INFO S2: (term 1) follower 收到 [0] AppendEntries [], prevIndex 0, prevTerm 0
011047 LEAD S0: 2 append success next 1 match 0
011047 INFO S1: (term 1) follower 收到 [0] AppendEntries [], prevIndex 0, prevTerm 0
011047 LEAD S0: 1 append success next 1 match 0
012048 LEAD S0: prevLog &raft.Entry{Command:interface {}(nil), Term:0, Index:0}
012049 LEAD S0: prevLog &raft.Entry{Command:interface {}(nil), Term:0, Index:0}
012049 INFO S1: (term 1) follower 收到 [0] AppendEntries [], prevIndex 0, prevTerm 0
012049 INFO S2: (term 1) follower 收到 [0] AppendEntries [], prevIndex 0, prevTerm 0
012050 LEAD S0: 1 append success next 1 match 0
012050 LEAD S0: 2 append success next 1 match 0
013052 LEAD S0: prevLog &raft.Entry{Command:interface {}(nil), Term:0, Index:0}
013052 LEAD S0: prevLog &raft.Entry{Command:interface {}(nil), Term:0, Index:0}
013053 INFO S1: (term 1) follower 收到 [0] AppendEntries [], prevIndex 0, prevTerm 0
013053 INFO S2: (term 1) follower 收到 [0] AppendEntries [], prevIndex 0, prevTerm 0
013053 LEAD S0: 2 append success next 1 match 0
013053 LEAD S0: 1 append success next 1 match 0
014054 LEAD S0: prevLog &raft.Entry{Command:interface {}(nil), Term:0, Index:0}
014054 LEAD S0: prevLog &raft.Entry{Command:interface {}(nil), Term:0, Index:0}
014055 INFO S2: (term 1) follower 收到 [0] AppendEntries [], prevIndex 0, prevTerm 0
014055 INFO S1: (term 1) follower 收到 [0] AppendEntries [], prevIndex 0, prevTerm 0
014055 LEAD S0: 2 append success next 1 match 0
014055 LEAD S0: 1 append success next 1 match 0
015057 LEAD S0: prevLog &raft.Entry{Command:interface {}(nil), Term:0, Index:0}
015057 LEAD S0: prevLog &raft.Entry{Command:interface {}(nil), Term:0, Index:0}
015058 INFO S2: (term 1) follower 收到 [0] AppendEntries [], prevIndex 0, prevTerm 0
015058 INFO S1: (term 1) follower 收到 [0] AppendEntries [], prevIndex 0, prevTerm 0
015058 LEAD S0: 1 append success next 1 match 0
015058 LEAD S0: 2 append success next 1 match 0
016061 LEAD S0: prevLog &raft.Entry{Command:interface {}(nil), Term:0, Index:0}
016061 LEAD S0: prevLog &raft.Entry{Command:interface {}(nil), Term:0, Index:0}
016062 INFO S1: (term 1) follower 收到 [0] AppendEntries [], prevIndex 0, prevTerm 0
016062 INFO S2: (term 1) follower 收到 [0] AppendEntries [], prevIndex 0, prevTerm 0
016062 LEAD S0: 1 append success next 1 match 0
016062 LEAD S0: 2 append success next 1 match 0
017064 LEAD S0: prevLog &raft.Entry{Command:interface {}(nil), Term:0, Index:0}
017064 LEAD S0: prevLog &raft.Entry{Command:interface {}(nil), Term:0, Index:0}
017065 INFO S1: (term 1) follower 收到 [0] AppendEntries [], prevIndex 0, prevTerm 0
017065 INFO S2: (term 1) follower 收到 [0] AppendEntries [], prevIndex 0, prevTerm 0
017065 LEAD S0: 1 append success next 1 match 0
017065 LEAD S0: 2 append success next 1 match 0
018067 LEAD S0: prevLog &raft.Entry{Command:interface {}(nil), Term:0, Index:0}
018068 LEAD S0: prevLog &raft.Entry{Command:interface {}(nil), Term:0, Index:0}
018068 INFO S1: (term 1) follower 收到 [0] AppendEntries [], prevIndex 0, prevTerm 0
018068 INFO S2: (term 1) follower 收到 [0] AppendEntries [], prevIndex 0, prevTerm 0
018069 LEAD S0: 1 append success next 1 match 0
018069 LEAD S0: 2 append success next 1 match 0
019071 LEAD S0: prevLog &raft.Entry{Command:interface {}(nil), Term:0, Index:0}
019071 LEAD S0: prevLog &raft.Entry{Command:interface {}(nil), Term:0, Index:0}
019072 INFO S1: (term 1) follower 收到 [0] AppendEntries [], prevIndex 0, prevTerm 0
019072 INFO S2: (term 1) follower 收到 [0] AppendEntries [], prevIndex 0, prevTerm 0
019072 LEAD S0: 1 append success next 1 match 0
019073 LEAD S0: 2 append success next 1 match 0
020076 LEAD S0: prevLog &raft.Entry{Command:interface {}(nil), Term:0, Index:0}
020076 LEAD S0: prevLog &raft.Entry{Command:interface {}(nil), Term:0, Index:0}
020077 INFO S2: (term 1) follower 收到 [0] AppendEntries [], prevIndex 0, prevTerm 0
020077 LEAD S0: 2 append success next 1 match 0
020077 INFO S1: (term 1) follower 收到 [0] AppendEntries [], prevIndex 0, prevTerm 0
020078 LEAD S0: 1 append success next 1 match 0
021080 LEAD S0: prevLog &raft.Entry{Command:interface {}(nil), Term:0, Index:0}
021080 LEAD S0: prevLog &raft.Entry{Command:interface {}(nil), Term:0, Index:0}
021081 INFO S1: (term 1) follower 收到 [0] AppendEntries [], prevIndex 0, prevTerm 0
021081 INFO S2: (term 1) follower 收到 [0] AppendEntries [], prevIndex 0, prevTerm 0
021081 LEAD S0: 1 append success next 1 match 0
021081 LEAD S0: 2 append success next 1 match 0
022087 LEAD S0: prevLog &raft.Entry{Command:interface {}(nil), Term:0, Index:0}
022087 LEAD S0: prevLog &raft.Entry{Command:interface {}(nil), Term:0, Index:0}
022087 INFO S2: (term 1) follower 收到 [0] AppendEntries [], prevIndex 0, prevTerm 0
022087 INFO S1: (term 1) follower 收到 [0] AppendEntries [], prevIndex 0, prevTerm 0
022088 LEAD S0: 2 append success next 1 match 0
022088 LEAD S0: 1 append success next 1 match 0
023090 LEAD S0: prevLog &raft.Entry{Command:interface {}(nil), Term:0, Index:0}
023090 LEAD S0: prevLog &raft.Entry{Command:interface {}(nil), Term:0, Index:0}
023091 INFO S2: (term 1) follower 收到 [0] AppendEntries [], prevIndex 0, prevTerm 0
023091 LEAD S0: 2 append success next 1 match 0
023091 INFO S1: (term 1) follower 收到 [0] AppendEntries [], prevIndex 0, prevTerm 0
023091 LEAD S0: 1 append success next 1 match 0
024093 LEAD S0: prevLog &raft.Entry{Command:interface {}(nil), Term:0, Index:0}
024093 LEAD S0: prevLog &raft.Entry{Command:interface {}(nil), Term:0, Index:0}
024093 INFO S1: (term 1) follower 收到 [0] AppendEntries [], prevIndex 0, prevTerm 0
024094 INFO S2: (term 1) follower 收到 [0] AppendEntries [], prevIndex 0, prevTerm 0
024094 LEAD S0: 1 append success next 1 match 0
024094 LEAD S0: 2 append success next 1 match 0
025096 LEAD S0: prevLog &raft.Entry{Command:interface {}(nil), Term:0, Index:0}
025096 LEAD S0: prevLog &raft.Entry{Command:interface {}(nil), Term:0, Index:0}
025097 INFO S2: (term 1) follower 收到 [0] AppendEntries [], prevIndex 0, prevTerm 0
025097 LEAD S0: 2 append success next 1 match 0
025097 INFO S1: (term 1) follower 收到 [0] AppendEntries [], prevIndex 0, prevTerm 0
025098 LEAD S0: 1 append success next 1 match 0
026099 LEAD S0: prevLog &raft.Entry{Command:interface {}(nil), Term:0, Index:0}
026099 LEAD S0: prevLog &raft.Entry{Command:interface {}(nil), Term:0, Index:0}
026100 INFO S1: (term 1) follower 收到 [0] AppendEntries [], prevIndex 0, prevTerm 0
026100 INFO S2: (term 1) follower 收到 [0] AppendEntries [], prevIndex 0, prevTerm 0
026100 LEAD S0: 1 append success next 1 match 0
026101 LEAD S0: 2 append success next 1 match 0
027102 LEAD S0: prevLog &raft.Entry{Command:interface {}(nil), Term:0, Index:0}
027102 LEAD S0: prevLog &raft.Entry{Command:interface {}(nil), Term:0, Index:0}
027103 INFO S1: (term 1) follower 收到 [0] AppendEntries [], prevIndex 0, prevTerm 0
027103 INFO S2: (term 1) follower 收到 [0] AppendEntries [], prevIndex 0, prevTerm 0
027103 LEAD S0: 1 append success next 1 match 0
027103 LEAD S0: 2 append success next 1 match 0
028109 LEAD S0: prevLog &raft.Entry{Command:interface {}(nil), Term:0, Index:0}
028109 LEAD S0: prevLog &raft.Entry{Command:interface {}(nil), Term:0, Index:0}
028110 INFO S2: (term 1) follower 收到 [0] AppendEntries [], prevIndex 0, prevTerm 0
028110 INFO S1: (term 1) follower 收到 [0] AppendEntries [], prevIndex 0, prevTerm 0
028110 LEAD S0: 2 append success next 1 match 0
028111 LEAD S0: 1 append success next 1 match 0
029113 LEAD S0: prevLog &raft.Entry{Command:interface {}(nil), Term:0, Index:0}
029113 LEAD S0: prevLog &raft.Entry{Command:interface {}(nil), Term:0, Index:0}
029114 INFO S2: (term 1) follower 收到 [0] AppendEntries [], prevIndex 0, prevTerm 0
029115 INFO S1: (term 1) follower 收到 [0] AppendEntries [], prevIndex 0, prevTerm 0
029115 LEAD S0: 2 append success next 1 match 0
029115 LEAD S0: 1 append success next 1 match 0
030116 LEAD S0: prevLog &raft.Entry{Command:interface {}(nil), Term:0, Index:0}
030116 LEAD S0: prevLog &raft.Entry{Command:interface {}(nil), Term:0, Index:0}
030117 INFO S2: (term 1) follower 收到 [0] AppendEntries [], prevIndex 0, prevTerm 0
030117 LEAD S0: 2 append success next 1 match 0
030117 INFO S1: (term 1) follower 收到 [0] AppendEntries [], prevIndex 0, prevTerm 0
030118 LEAD S0: 1 append success next 1 match 0
031121 LEAD S0: prevLog &raft.Entry{Command:interface {}(nil), Term:0, Index:0}
031121 LEAD S0: prevLog &raft.Entry{Command:interface {}(nil), Term:0, Index:0}
031122 INFO S2: (term 1) follower 收到 [0] AppendEntries [], prevIndex 0, prevTerm 0
031122 INFO S1: (term 1) follower 收到 [0] AppendEntries [], prevIndex 0, prevTerm 0
031122 LEAD S0: 1 append success next 1 match 0
031122 LEAD S0: 2 append success next 1 match 0
032124 LEAD S0: prevLog &raft.Entry{Command:interface {}(nil), Term:0, Index:0}
032124 LEAD S0: prevLog &raft.Entry{Command:interface {}(nil), Term:0, Index:0}
032125 INFO S2: (term 1) follower 收到 [0] AppendEntries [], prevIndex 0, prevTerm 0
032126 LEAD S0: 2 append success next 1 match 0
032125 INFO S1: (term 1) follower 收到 [0] AppendEntries [], prevIndex 0, prevTerm 0
032126 LEAD S0: 1 append success next 1 match 0
033128 LEAD S0: prevLog &raft.Entry{Command:interface {}(nil), Term:0, Index:0}
033129 LEAD S0: prevLog &raft.Entry{Command:interface {}(nil), Term:0, Index:0}
033129 INFO S2: (term 1) follower 收到 [0] AppendEntries [], prevIndex 0, prevTerm 0
033129 INFO S1: (term 1) follower 收到 [0] AppendEntries [], prevIndex 0, prevTerm 0
033130 LEAD S0: 2 append success next 1 match 0
033130 LEAD S0: 1 append success next 1 match 0
034133 LEAD S0: prevLog &raft.Entry{Command:interface {}(nil), Term:0, Index:0}
034133 LEAD S0: prevLog &raft.Entry{Command:interface {}(nil), Term:0, Index:0}
034134 INFO S1: (term 1) follower 收到 [0] AppendEntries [], prevIndex 0, prevTerm 0
034134 INFO S2: (term 1) follower 收到 [0] AppendEntries [], prevIndex 0, prevTerm 0
034134 LEAD S0: 1 append success next 1 match 0
034134 LEAD S0: 2 append success next 1 match 0
035138 LEAD S0: prevLog &raft.Entry{Command:interface {}(nil), Term:0, Index:0}
035139 LEAD S0: prevLog &raft.Entry{Command:interface {}(nil), Term:0, Index:0}
035140 INFO S2: (term 1) follower 收到 [0] AppendEntries [], prevIndex 0, prevTerm 0
035141 LEAD S0: 2 append success next 1 match 0
035141 INFO S1: (term 1) follower 收到 [0] AppendEntries [], prevIndex 0, prevTerm 0
035143 LEAD S0: 1 append success next 1 match 0
036142 LEAD S0: prevLog &raft.Entry{Command:interface {}(nil), Term:0, Index:0}
036142 LEAD S0: prevLog &raft.Entry{Command:interface {}(nil), Term:0, Index:0}
036143 INFO S1: (term 1) follower 收到 [0] AppendEntries [], prevIndex 0, prevTerm 0
036143 INFO S2: (term 1) follower 收到 [0] AppendEntries [], prevIndex 0, prevTerm 0
036143 LEAD S0: 1 append success next 1 match 0
036143 LEAD S0: 2 append success next 1 match 0
037145 LEAD S0: prevLog &raft.Entry{Command:interface {}(nil), Term:0, Index:0}
037145 LEAD S0: prevLog &raft.Entry{Command:interface {}(nil), Term:0, Index:0}
037146 INFO S2: (term 1) follower 收到 [0] AppendEntries [], prevIndex 0, prevTerm 0
037146 LEAD S0: 2 append success next 1 match 0
037146 INFO S1: (term 1) follower 收到 [0] AppendEntries [], prevIndex 0, prevTerm 0
037147 LEAD S0: 1 append success next 1 match 0
038148 LEAD S0: prevLog &raft.Entry{Command:interface {}(nil), Term:0, Index:0}
038148 LEAD S0: prevLog &raft.Entry{Command:interface {}(nil), Term:0, Index:0}
038149 INFO S1: (term 1) follower 收到 [0] AppendEntries [], prevIndex 0, prevTerm 0
038149 INFO S2: (term 1) follower 收到 [0] AppendEntries [], prevIndex 0, prevTerm 0
038149 LEAD S0: 1 append success next 1 match 0
038149 LEAD S0: 2 append success next 1 match 0
039152 LEAD S0: prevLog &raft.Entry{Command:interface {}(nil), Term:0, Index:0}
039152 LEAD S0: prevLog &raft.Entry{Command:interface {}(nil), Term:0, Index:0}
039153 INFO S2: (term 1) follower 收到 [0] AppendEntries [], prevIndex 0, prevTerm 0
039153 INFO S1: (term 1) follower 收到 [0] AppendEntries [], prevIndex 0, prevTerm 0
039154 LEAD S0: 2 append success next 1 match 0
039154 LEAD S0: 1 append success next 1 match 0
040155 LEAD S0: prevLog &raft.Entry{Command:interface {}(nil), Term:0, Index:0}
040156 LEAD S0: prevLog &raft.Entry{Command:interface {}(nil), Term:0, Index:0}
040156 INFO S1: (term 1) follower 收到 [0] AppendEntries [], prevIndex 0, prevTerm 0
040156 INFO S2: (term 1) follower 收到 [0] AppendEntries [], prevIndex 0, prevTerm 0
040157 LEAD S0: 1 append success next 1 match 0
040157 LEAD S0: 2 append success next 1 match 0
041159 LEAD S0: prevLog &raft.Entry{Command:interface {}(nil), Term:0, Index:0}
041159 LEAD S0: prevLog &raft.Entry{Command:interface {}(nil), Term:0, Index:0}
041160 INFO S2: (term 1) follower 收到 [0] AppendEntries [], prevIndex 0, prevTerm 0
041160 LEAD S0: 2 append success next 1 match 0
041160 INFO S1: (term 1) follower 收到 [0] AppendEntries [], prevIndex 0, prevTerm 0
041161 LEAD S0: 1 append success next 1 match 0
042162 LEAD S0: prevLog &raft.Entry{Command:interface {}(nil), Term:0, Index:0}
042162 LEAD S0: prevLog &raft.Entry{Command:interface {}(nil), Term:0, Index:0}
042163 INFO S2: (term 1) follower 收到 [0] AppendEntries [], prevIndex 0, prevTerm 0
042163 INFO S1: (term 1) follower 收到 [0] AppendEntries [], prevIndex 0, prevTerm 0
042163 LEAD S0: 2 append success next 1 match 0
042163 LEAD S0: 1 append success next 1 match 0
043165 LEAD S0: prevLog &raft.Entry{Command:interface {}(nil), Term:0, Index:0}
043165 LEAD S0: prevLog &raft.Entry{Command:interface {}(nil), Term:0, Index:0}
043166 INFO S1: (term 1) follower 收到 [0] AppendEntries [], prevIndex 0, prevTerm 0
043166 LEAD S0: 1 append success next 1 match 0
043167 INFO S2: (term 1) follower 收到 [0] AppendEntries [], prevIndex 0, prevTerm 0
043167 LEAD S0: 2 append success next 1 match 0
044169 LEAD S0: prevLog &raft.Entry{Command:interface {}(nil), Term:0, Index:0}
044169 LEAD S0: prevLog &raft.Entry{Command:interface {}(nil), Term:0, Index:0}
044170 INFO S1: (term 1) follower 收到 [0] AppendEntries [], prevIndex 0, prevTerm 0
044170 INFO S2: (term 1) follower 收到 [0] AppendEntries [], prevIndex 0, prevTerm 0
044170 LEAD S0: 1 append success next 1 match 0
044170 LEAD S0: 2 append success next 1 match 0
045172 LEAD S0: prevLog &raft.Entry{Command:interface {}(nil), Term:0, Index:0}
045172 LEAD S0: prevLog &raft.Entry{Command:interface {}(nil), Term:0, Index:0}
045173 INFO S1: (term 1) follower 收到 [0] AppendEntries [], prevIndex 0, prevTerm 0
045173 INFO S2: (term 1) follower 收到 [0] AppendEntries [], prevIndex 0, prevTerm 0
045173 LEAD S0: 2 append success next 1 match 0
045173 LEAD S0: 1 append success next 1 match 0
046175 LEAD S0: prevLog &raft.Entry{Command:interface {}(nil), Term:0, Index:0}
046175 LEAD S0: prevLog &raft.Entry{Command:interface {}(nil), Term:0, Index:0}
046176 INFO S1: (term 1) follower 收到 [0] AppendEntries [], prevIndex 0, prevTerm 0
046176 INFO S2: (term 1) follower 收到 [0] AppendEntries [], prevIndex 0, prevTerm 0
046176 LEAD S0: 1 append success next 1 match 0
046176 LEAD S0: 2 append success next 1 match 0
047178 LEAD S0: prevLog &raft.Entry{Command:interface {}(nil), Term:0, Index:0}
047178 LEAD S0: prevLog &raft.Entry{Command:interface {}(nil), Term:0, Index:0}
047179 INFO S1: (term 1) follower 收到 [0] AppendEntries [], prevIndex 0, prevTerm 0
047179 INFO S2: (term 1) follower 收到 [0] AppendEntries [], prevIndex 0, prevTerm 0
047179 LEAD S0: 1 append success next 1 match 0
047180 LEAD S0: 2 append success next 1 match 0
048181 LEAD S0: prevLog &raft.Entry{Command:interface {}(nil), Term:0, Index:0}
048182 LEAD S0: prevLog &raft.Entry{Command:interface {}(nil), Term:0, Index:0}
048182 INFO S2: (term 1) follower 收到 [0] AppendEntries [], prevIndex 0, prevTerm 0
048182 LEAD S0: 2 append success next 1 match 0
048183 INFO S1: (term 1) follower 收到 [0] AppendEntries [], prevIndex 0, prevTerm 0
048183 LEAD S0: 1 append success next 1 match 0
049185 LEAD S0: prevLog &raft.Entry{Command:interface {}(nil), Term:0, Index:0}
049185 LEAD S0: prevLog &raft.Entry{Command:interface {}(nil), Term:0, Index:0}
049186 INFO S2: (term 1) follower 收到 [0] AppendEntries [], prevIndex 0, prevTerm 0
049186 LEAD S0: 2 append success next 1 match 0
049186 INFO S1: (term 1) follower 收到 [0] AppendEntries [], prevIndex 0, prevTerm 0
049187 LEAD S0: 1 append success next 1 match 0
050189 LEAD S0: prevLog &raft.Entry{Command:interface {}(nil), Term:0, Index:0}
050189 LEAD S0: prevLog &raft.Entry{Command:interface {}(nil), Term:0, Index:0}
050189 INFO S1: (term 1) follower 收到 [0] AppendEntries [], prevIndex 0, prevTerm 0
050189 INFO S2: (term 1) follower 收到 [0] AppendEntries [], prevIndex 0, prevTerm 0
050190 LEAD S0: 1 append success next 1 match 0
050190 LEAD S0: 2 append success next 1 match 0
051193 LEAD S0: prevLog &raft.Entry{Command:interface {}(nil), Term:0, Index:0}
051193 LEAD S0: prevLog &raft.Entry{Command:interface {}(nil), Term:0, Index:0}
051194 INFO S1: (term 1) follower 收到 [0] AppendEntries [], prevIndex 0, prevTerm 0
051194 INFO S2: (term 1) follower 收到 [0] AppendEntries [], prevIndex 0, prevTerm 0
051194 LEAD S0: 1 append success next 1 match 0
051194 LEAD S0: 2 append success next 1 match 0
052195 LEAD S0: prevLog &raft.Entry{Command:interface {}(nil), Term:0, Index:0}
052195 LEAD S0: prevLog &raft.Entry{Command:interface {}(nil), Term:0, Index:0}
052196 INFO S2: (term 1) follower 收到 [0] AppendEntries [], prevIndex 0, prevTerm 0
052196 LEAD S0: 2 append success next 1 match 0
052196 INFO S1: (term 1) follower 收到 [0] AppendEntries [], prevIndex 0, prevTerm 0
052197 LEAD S0: 1 append success next 1 match 0
053200 LEAD S0: prevLog &raft.Entry{Command:interface {}(nil), Term:0, Index:0}
053200 LEAD S0: prevLog &raft.Entry{Command:interface {}(nil), Term:0, Index:0}
053201 INFO S2: (term 1) follower 收到 [0] AppendEntries [], prevIndex 0, prevTerm 0
053201 INFO S1: (term 1) follower 收到 [0] AppendEntries [], prevIndex 0, prevTerm 0
053201 LEAD S0: 2 append success next 1 match 0
053201 LEAD S0: 1 append success next 1 match 0
054205 LEAD S0: prevLog &raft.Entry{Command:interface {}(nil), Term:0, Index:0}
054205 LEAD S0: prevLog &raft.Entry{Command:interface {}(nil), Term:0, Index:0}
054205 INFO S2: (term 1) follower 收到 [0] AppendEntries [], prevIndex 0, prevTerm 0
054206 LEAD S0: 2 append success next 1 match 0
054206 INFO S1: (term 1) follower 收到 [0] AppendEntries [], prevIndex 0, prevTerm 0
054206 LEAD S0: 1 append success next 1 match 0
055209 LEAD S0: prevLog &raft.Entry{Command:interface {}(nil), Term:0, Index:0}
055209 LEAD S0: prevLog &raft.Entry{Command:interface {}(nil), Term:0, Index:0}
055210 INFO S2: (term 1) follower 收到 [0] AppendEntries [], prevIndex 0, prevTerm 0
055210 LEAD S0: 2 append success next 1 match 0
055210 INFO S1: (term 1) follower 收到 [0] AppendEntries [], prevIndex 0, prevTerm 0
055211 LEAD S0: 1 append success next 1 match 0
056212 LEAD S0: prevLog &raft.Entry{Command:interface {}(nil), Term:0, Index:0}
056213 LEAD S0: prevLog &raft.Entry{Command:interface {}(nil), Term:0, Index:0}
056213 INFO S2: (term 1) follower 收到 [0] AppendEntries [], prevIndex 0, prevTerm 0
056213 LEAD S0: 2 append success next 1 match 0
056214 INFO S1: (term 1) follower 收到 [0] AppendEntries [], prevIndex 0, prevTerm 0
056214 LEAD S0: 1 append success next 1 match 0
057217 LEAD S0: prevLog &raft.Entry{Command:interface {}(nil), Term:0, Index:0}
057217 LEAD S0: prevLog &raft.Entry{Command:interface {}(nil), Term:0, Index:0}
057218 INFO S1: (term 1) follower 收到 [0] AppendEntries [], prevIndex 0, prevTerm 0
057218 INFO S2: (term 1) follower 收到 [0] AppendEntries [], prevIndex 0, prevTerm 0
057218 LEAD S0: 1 append success next 1 match 0
057218 LEAD S0: 2 append success next 1 match 0
058220 LEAD S0: prevLog &raft.Entry{Command:interface {}(nil), Term:0, Index:0}
058220 LEAD S0: prevLog &raft.Entry{Command:interface {}(nil), Term:0, Index:0}
058221 INFO S1: (term 1) follower 收到 [0] AppendEntries [], prevIndex 0, prevTerm 0
058221 INFO S2: (term 1) follower 收到 [0] AppendEntries [], prevIndex 0, prevTerm 0
058221 LEAD S0: 1 append success next 1 match 0
058222 LEAD S0: 2 append success next 1 match 0
059224 LEAD S0: prevLog &raft.Entry{Command:interface {}(nil), Term:0, Index:0}
059224 LEAD S0: prevLog &raft.Entry{Command:interface {}(nil), Term:0, Index:0}
059225 INFO S2: (term 1) follower 收到 [0] AppendEntries [], prevIndex 0, prevTerm 0
059225 INFO S1: (term 1) follower 收到 [0] AppendEntries [], prevIndex 0, prevTerm 0
059225 LEAD S0: 2 append success next 1 match 0
059225 LEAD S0: 1 append success next 1 match 0
060226 LEAD S0: prevLog &raft.Entry{Command:interface {}(nil), Term:0, Index:0}
060227 LEAD S0: prevLog &raft.Entry{Command:interface {}(nil), Term:0, Index:0}
060227 INFO S1: (term 1) follower 收到 [0] AppendEntries [], prevIndex 0, prevTerm 0
060228 INFO S2: (term 1) follower 收到 [0] AppendEntries [], prevIndex 0, prevTerm 0
060228 LEAD S0: 1 append success next 1 match 0
060228 LEAD S0: 2 append success next 1 match 0
061229 LEAD S0: prevLog &raft.Entry{Command:interface {}(nil), Term:0, Index:0}
061230 LEAD S0: prevLog &raft.Entry{Command:interface {}(nil), Term:0, Index:0}
061230 INFO S1: (term 1) follower 收到 [0] AppendEntries [], prevIndex 0, prevTerm 0
061230 INFO S2: (term 1) follower 收到 [0] AppendEntries [], prevIndex 0, prevTerm 0
061231 LEAD S0: 1 append success next 1 match 0
061231 LEAD S0: 2 append success next 1 match 0
062232 LEAD S0: prevLog &raft.Entry{Command:interface {}(nil), Term:0, Index:0}
062233 LEAD S0: prevLog &raft.Entry{Command:interface {}(nil), Term:0, Index:0}
062233 INFO S1: (term 1) follower 收到 [0] AppendEntries [], prevIndex 0, prevTerm 0
062234 INFO S2: (term 1) follower 收到 [0] AppendEntries [], prevIndex 0, prevTerm 0
062234 LEAD S0: 1 append success next 1 match 0
062234 LEAD S0: 2 append success next 1 match 0
063235 LEAD S0: prevLog &raft.Entry{Command:interface {}(nil), Term:0, Index:0}
063235 LEAD S0: prevLog &raft.Entry{Command:interface {}(nil), Term:0, Index:0}
063236 INFO S2: (term 1) follower 收到 [0] AppendEntries [], prevIndex 0, prevTerm 0
063236 INFO S1: (term 1) follower 收到 [0] AppendEntries [], prevIndex 0, prevTerm 0
063237 LEAD S0: 2 append success next 1 match 0
063237 LEAD S0: 1 append success next 1 match 0
064239 LEAD S0: prevLog &raft.Entry{Command:interface {}(nil), Term:0, Index:0}
064239 LEAD S0: prevLog &raft.Entry{Command:interface {}(nil), Term:0, Index:0}
064240 INFO S1: (term 1) follower 收到 [0] AppendEntries [], prevIndex 0, prevTerm 0
064240 INFO S2: (term 1) follower 收到 [0] AppendEntries [], prevIndex 0, prevTerm 0
064240 LEAD S0: 1 append success next 1 match 0
064240 LEAD S0: 2 append success next 1 match 0
065242 LEAD S0: prevLog &raft.Entry{Command:interface {}(nil), Term:0, Index:0}
065242 LEAD S0: prevLog &raft.Entry{Command:interface {}(nil), Term:0, Index:0}
065243 INFO S1: (term 1) follower 收到 [0] AppendEntries [], prevIndex 0, prevTerm 0
065243 INFO S2: (term 1) follower 收到 [0] AppendEntries [], prevIndex 0, prevTerm 0
065243 LEAD S0: 1 append success next 1 match 0
065243 LEAD S0: 2 append success next 1 match 0
066245 LEAD S0: prevLog &raft.Entry{Command:interface {}(nil), Term:0, Index:0}
066245 LEAD S0: prevLog &raft.Entry{Command:interface {}(nil), Term:0, Index:0}
066245 INFO S1: (term 1) follower 收到 [0] AppendEntries [], prevIndex 0, prevTerm 0
066245 INFO S2: (term 1) follower 收到 [0] AppendEntries [], prevIndex 0, prevTerm 0
066246 LEAD S0: 2 append success next 1 match 0
066246 LEAD S0: 1 append success next 1 match 0
067248 LEAD S0: prevLog &raft.Entry{Command:interface {}(nil), Term:0, Index:0}
067248 LEAD S0: prevLog &raft.Entry{Command:interface {}(nil), Term:0, Index:0}
067249 INFO S2: (term 1) follower 收到 [0] AppendEntries [], prevIndex 0, prevTerm 0
067249 INFO S1: (term 1) follower 收到 [0] AppendEntries [], prevIndex 0, prevTerm 0
067250 LEAD S0: 2 append success next 1 match 0
067250 LEAD S0: 1 append success next 1 match 0
068253 LEAD S0: prevLog &raft.Entry{Command:interface {}(nil), Term:0, Index:0}
068253 LEAD S0: prevLog &raft.Entry{Command:interface {}(nil), Term:0, Index:0}
068254 INFO S2: (term 1) follower 收到 [0] AppendEntries [], prevIndex 0, prevTerm 0
068257 INFO S1: (term 1) follower 收到 [0] AppendEntries [], prevIndex 0, prevTerm 0
068258 LEAD S0: 2 append success next 1 match 0
068260 LEAD S0: 1 append success next 1 match 0
069256 LEAD S0: prevLog &raft.Entry{Command:interface {}(nil), Term:0, Index:0}
069256 LEAD S0: prevLog &raft.Entry{Command:interface {}(nil), Term:0, Index:0}
069257 INFO S2: (term 1) follower 收到 [0] AppendEntries [], prevIndex 0, prevTerm 0
069257 INFO S1: (term 1) follower 收到 [0] AppendEntries [], prevIndex 0, prevTerm 0
069258 LEAD S0: 2 append success next 1 match 0
069258 LEAD S0: 1 append success next 1 match 0
070260 LEAD S0: prevLog &raft.Entry{Command:interface {}(nil), Term:0, Index:0}
070260 LEAD S0: prevLog &raft.Entry{Command:interface {}(nil), Term:0, Index:0}
070260 INFO S1: (term 1) follower 收到 [0] AppendEntries [], prevIndex 0, prevTerm 0
070261 LEAD S0: 1 append success next 1 match 0
070261 INFO S2: (term 1) follower 收到 [0] AppendEntries [], prevIndex 0, prevTerm 0
070261 LEAD S0: 2 append success next 1 match 0
071263 LEAD S0: prevLog &raft.Entry{Command:interface {}(nil), Term:0, Index:0}
071263 LEAD S0: prevLog &raft.Entry{Command:interface {}(nil), Term:0, Index:0}
071264 INFO S2: (term 1) follower 收到 [0] AppendEntries [], prevIndex 0, prevTerm 0
071264 INFO S1: (term 1) follower 收到 [0] AppendEntries [], prevIndex 0, prevTerm 0
071264 LEAD S0: 2 append success next 1 match 0
071265 LEAD S0: 1 append success next 1 match 0
072266 LEAD S0: prevLog &raft.Entry{Command:interface {}(nil), Term:0, Index:0}
072266 LEAD S0: prevLog &raft.Entry{Command:interface {}(nil), Term:0, Index:0}
072267 INFO S2: (term 1) follower 收到 [0] AppendEntries [], prevIndex 0, prevTerm 0
072267 INFO S1: (term 1) follower 收到 [0] AppendEntries [], prevIndex 0, prevTerm 0
072267 LEAD S0: 2 append success next 1 match 0
072268 LEAD S0: 1 append success next 1 match 0
073269 LEAD S0: prevLog &raft.Entry{Command:interface {}(nil), Term:0, Index:0}
073270 LEAD S0: prevLog &raft.Entry{Command:interface {}(nil), Term:0, Index:0}
073271 INFO S2: (term 1) follower 收到 [0] AppendEntries [], prevIndex 0, prevTerm 0
073271 INFO S1: (term 1) follower 收到 [0] AppendEntries [], prevIndex 0, prevTerm 0
073271 LEAD S0: 2 append success next 1 match 0
073271 LEAD S0: 1 append success next 1 match 0
074273 LEAD S0: prevLog &raft.Entry{Command:interface {}(nil), Term:0, Index:0}
074273 LEAD S0: prevLog &raft.Entry{Command:interface {}(nil), Term:0, Index:0}
074274 INFO S1: (term 1) follower 收到 [0] AppendEntries [], prevIndex 0, prevTerm 0
074274 INFO S2: (term 1) follower 收到 [0] AppendEntries [], prevIndex 0, prevTerm 0
074274 LEAD S0: 2 append success next 1 match 0
074274 LEAD S0: 1 append success next 1 match 0
075276 LEAD S0: prevLog &raft.Entry{Command:interface {}(nil), Term:0, Index:0}
075276 LEAD S0: prevLog &raft.Entry{Command:interface {}(nil), Term:0, Index:0}
075277 INFO S2: (term 1) follower 收到 [0] AppendEntries [], prevIndex 0, prevTerm 0
075277 INFO S1: (term 1) follower 收到 [0] AppendEntries [], prevIndex 0, prevTerm 0
075277 LEAD S0: 2 append success next 1 match 0
075277 LEAD S0: 1 append success next 1 match 0
076280 LEAD S0: prevLog &raft.Entry{Command:interface {}(nil), Term:0, Index:0}
076280 LEAD S0: prevLog &raft.Entry{Command:interface {}(nil), Term:0, Index:0}
076281 INFO S2: (term 1) follower 收到 [0] AppendEntries [], prevIndex 0, prevTerm 0
076281 LEAD S0: 2 append success next 1 match 0
076281 INFO S1: (term 1) follower 收到 [0] AppendEntries [], prevIndex 0, prevTerm 0
076282 LEAD S0: 1 append success next 1 match 0
077284 LEAD S0: prevLog &raft.Entry{Command:interface {}(nil), Term:0, Index:0}
077285 LEAD S0: prevLog &raft.Entry{Command:interface {}(nil), Term:0, Index:0}
077285 INFO S1: (term 1) follower 收到 [0] AppendEntries [], prevIndex 0, prevTerm 0
077286 INFO S2: (term 1) follower 收到 [0] AppendEntries [], prevIndex 0, prevTerm 0
077286 LEAD S0: 1 append success next 1 match 0
077286 LEAD S0: 2 append success next 1 match 0
078289 LEAD S0: prevLog &raft.Entry{Command:interface {}(nil), Term:0, Index:0}
078289 LEAD S0: prevLog &raft.Entry{Command:interface {}(nil), Term:0, Index:0}
078292 INFO S2: (term 1) follower 收到 [0] AppendEntries [], prevIndex 0, prevTerm 0
078293 LEAD S0: 2 append success next 1 match 0
078293 INFO S1: (term 1) follower 收到 [0] AppendEntries [], prevIndex 0, prevTerm 0
078295 LEAD S0: 1 append success next 1 match 0
079292 LEAD S0: prevLog &raft.Entry{Command:interface {}(nil), Term:0, Index:0}
079293 LEAD S0: prevLog &raft.Entry{Command:interface {}(nil), Term:0, Index:0}
079294 INFO S1: (term 1) follower 收到 [0] AppendEntries [], prevIndex 0, prevTerm 0
079294 LEAD S0: 1 append success next 1 match 0
079294 INFO S2: (term 1) follower 收到 [0] AppendEntries [], prevIndex 0, prevTerm 0
079294 LEAD S0: 2 append success next 1 match 0
080295 LEAD S0: prevLog &raft.Entry{Command:interface {}(nil), Term:0, Index:0}
080296 LEAD S0: prevLog &raft.Entry{Command:interface {}(nil), Term:0, Index:0}
080297 INFO S1: (term 1) follower 收到 [0] AppendEntries [], prevIndex 0, prevTerm 0
080297 INFO S2: (term 1) follower 收到 [0] AppendEntries [], prevIndex 0, prevTerm 0
080297 LEAD S0: 1 append success next 1 match 0
080297 LEAD S0: 2 append success next 1 match 0
081299 LEAD S0: prevLog &raft.Entry{Command:interface {}(nil), Term:0, Index:0}
081299 LEAD S0: prevLog &raft.Entry{Command:interface {}(nil), Term:0, Index:0}
081300 INFO S2: (term 1) follower 收到 [0] AppendEntries [], prevIndex 0, prevTerm 0
081300 INFO S1: (term 1) follower 收到 [0] AppendEntries [], prevIndex 0, prevTerm 0
081300 LEAD S0: 2 append success next 1 match 0
081300 LEAD S0: 1 append success next 1 match 0
082302 LEAD S0: prevLog &raft.Entry{Command:interface {}(nil), Term:0, Index:0}
082302 LEAD S0: prevLog &raft.Entry{Command:interface {}(nil), Term:0, Index:0}
082303 INFO S1: (term 1) follower 收到 [0] AppendEntries [], prevIndex 0, prevTerm 0
082303 INFO S2: (term 1) follower 收到 [0] AppendEntries [], prevIndex 0, prevTerm 0
082303 LEAD S0: 1 append success next 1 match 0
082303 LEAD S0: 2 append success next 1 match 0
083305 LEAD S0: prevLog &raft.Entry{Command:interface {}(nil), Term:0, Index:0}
083306 LEAD S0: prevLog &raft.Entry{Command:interface {}(nil), Term:0, Index:0}
083306 INFO S1: (term 1) follower 收到 [0] AppendEntries [], prevIndex 0, prevTerm 0
083306 INFO S2: (term 1) follower 收到 [0] AppendEntries [], prevIndex 0, prevTerm 0
083307 LEAD S0: 1 append success next 1 match 0
083307 LEAD S0: 2 append success next 1 match 0
084308 LEAD S0: prevLog &raft.Entry{Command:interface {}(nil), Term:0, Index:0}
084308 LEAD S0: prevLog &raft.Entry{Command:interface {}(nil), Term:0, Index:0}
084309 INFO S1: (term 1) follower 收到 [0] AppendEntries [], prevIndex 0, prevTerm 0
084309 INFO S2: (term 1) follower 收到 [0] AppendEntries [], prevIndex 0, prevTerm 0
084309 LEAD S0: 1 append success next 1 match 0
084310 LEAD S0: 2 append success next 1 match 0
085312 LEAD S0: prevLog &raft.Entry{Command:interface {}(nil), Term:0, Index:0}
085312 LEAD S0: prevLog &raft.Entry{Command:interface {}(nil), Term:0, Index:0}
085313 INFO S1: (term 1) follower 收到 [0] AppendEntries [], prevIndex 0, prevTerm 0
085313 INFO S2: (term 1) follower 收到 [0] AppendEntries [], prevIndex 0, prevTerm 0
085313 LEAD S0: 1 append success next 1 match 0
085313 LEAD S0: 2 append success next 1 match 0
086314 LEAD S0: prevLog &raft.Entry{Command:interface {}(nil), Term:0, Index:0}
086315 LEAD S0: prevLog &raft.Entry{Command:interface {}(nil), Term:0, Index:0}
086315 INFO S1: (term 1) follower 收到 [0] AppendEntries [], prevIndex 0, prevTerm 0
086315 INFO S2: (term 1) follower 收到 [0] AppendEntries [], prevIndex 0, prevTerm 0
086316 LEAD S0: 1 append success next 1 match 0
086316 LEAD S0: 2 append success next 1 match 0
087318 LEAD S0: prevLog &raft.Entry{Command:interface {}(nil), Term:0, Index:0}
087318 LEAD S0: prevLog &raft.Entry{Command:interface {}(nil), Term:0, Index:0}
087319 INFO S1: (term 1) follower 收到 [0] AppendEntries [], prevIndex 0, prevTerm 0
087319 INFO S2: (term 1) follower 收到 [0] AppendEntries [], prevIndex 0, prevTerm 0
087319 LEAD S0: 1 append success next 1 match 0
087319 LEAD S0: 2 append success next 1 match 0
088321 LEAD S0: prevLog &raft.Entry{Command:interface {}(nil), Term:0, Index:0}
088321 LEAD S0: prevLog &raft.Entry{Command:interface {}(nil), Term:0, Index:0}
088322 INFO S2: (term 1) follower 收到 [0] AppendEntries [], prevIndex 0, prevTerm 0
088322 INFO S1: (term 1) follower 收到 [0] AppendEntries [], prevIndex 0, prevTerm 0
088322 LEAD S0: 2 append success next 1 match 0
088323 LEAD S0: 1 append success next 1 match 0
089326 LEAD S0: prevLog &raft.Entry{Command:interface {}(nil), Term:0, Index:0}
089327 LEAD S0: prevLog &raft.Entry{Command:interface {}(nil), Term:0, Index:0}
089329 INFO S2: (term 1) follower 收到 [0] AppendEntries [], prevIndex 0, prevTerm 0
089331 LEAD S0: 2 append success next 1 match 0
089331 INFO S1: (term 1) follower 收到 [0] AppendEntries [], prevIndex 0, prevTerm 0
089333 LEAD S0: 1 append success next 1 match 0
090330 LEAD S0: prevLog &raft.Entry{Command:interface {}(nil), Term:0, Index:0}
090330 LEAD S0: prevLog &raft.Entry{Command:interface {}(nil), Term:0, Index:0}
090330 INFO S2: (term 1) follower 收到 [0] AppendEntries [], prevIndex 0, prevTerm 0
090331 LEAD S0: 2 append success next 1 match 0
090331 INFO S1: (term 1) follower 收到 [0] AppendEntries [], prevIndex 0, prevTerm 0
090332 LEAD S0: 1 append success next 1 match 0
091334 LEAD S0: prevLog &raft.Entry{Command:interface {}(nil), Term:0, Index:0}
091334 LEAD S0: prevLog &raft.Entry{Command:interface {}(nil), Term:0, Index:0}
091335 INFO S1: (term 1) follower 收到 [0] AppendEntries [], prevIndex 0, prevTerm 0
091335 INFO S2: (term 1) follower 收到 [0] AppendEntries [], prevIndex 0, prevTerm 0
091335 LEAD S0: 1 append success next 1 match 0
091335 LEAD S0: 2 append success next 1 match 0
092336 LEAD S0: prevLog &raft.Entry{Command:interface {}(nil), Term:0, Index:0}
092336 LEAD S0: prevLog &raft.Entry{Command:interface {}(nil), Term:0, Index:0}
092337 INFO S1: (term 1) follower 收到 [0] AppendEntries [], prevIndex 0, prevTerm 0
092337 INFO S2: (term 1) follower 收到 [0] AppendEntries [], prevIndex 0, prevTerm 0
092338 LEAD S0: 2 append success next 1 match 0
092338 LEAD S0: 1 append success next 1 match 0
093340 LEAD S0: prevLog &raft.Entry{Command:interface {}(nil), Term:0, Index:0}
093340 LEAD S0: prevLog &raft.Entry{Command:interface {}(nil), Term:0, Index:0}
093341 INFO S1: (term 1) follower 收到 [0] AppendEntries [], prevIndex 0, prevTerm 0
093341 INFO S2: (term 1) follower 收到 [0] AppendEntries [], prevIndex 0, prevTerm 0
093341 LEAD S0: 1 append success next 1 match 0
093341 LEAD S0: 2 append success next 1 match 0
094345 LEAD S0: prevLog &raft.Entry{Command:interface {}(nil), Term:0, Index:0}
094345 LEAD S0: prevLog &raft.Entry{Command:interface {}(nil), Term:0, Index:0}
094346 INFO S2: (term 1) follower 收到 [0] AppendEntries [], prevIndex 0, prevTerm 0
094346 INFO S1: (term 1) follower 收到 [0] AppendEntries [], prevIndex 0, prevTerm 0
094346 LEAD S0: 2 append success next 1 match 0
094346 LEAD S0: 1 append success next 1 match 0
095346 LEAD S0: prevLog &raft.Entry{Command:interface {}(nil), Term:0, Index:0}
095347 LEAD S0: prevLog &raft.Entry{Command:interface {}(nil), Term:0, Index:0}
095347 INFO S2: (term 1) follower 收到 [0] AppendEntries [], prevIndex 0, prevTerm 0
095348 INFO S1: (term 1) follower 收到 [0] AppendEntries [], prevIndex 0, prevTerm 0
095348 LEAD S0: 2 append success next 1 match 0
095348 LEAD S0: 1 append success next 1 match 0
096351 LEAD S0: prevLog &raft.Entry{Command:interface {}(nil), Term:0, Index:0}
096351 LEAD S0: prevLog &raft.Entry{Command:interface {}(nil), Term:0, Index:0}
096352 INFO S2: (term 1) follower 收到 [0] AppendEntries [], prevIndex 0, prevTerm 0
096352 LEAD S0: 2 append success next 1 match 0
096353 INFO S1: (term 1) follower 收到 [0] AppendEntries [], prevIndex 0, prevTerm 0
096353 LEAD S0: 1 append success next 1 match 0
097354 LEAD S0: prevLog &raft.Entry{Command:interface {}(nil), Term:0, Index:0}
097354 LEAD S0: prevLog &raft.Entry{Command:interface {}(nil), Term:0, Index:0}
097355 INFO S1: (term 1) follower 收到 [0] AppendEntries [], prevIndex 0, prevTerm 0
097355 INFO S2: (term 1) follower 收到 [0] AppendEntries [], prevIndex 0, prevTerm 0
097356 LEAD S0: 1 append success next 1 match 0
097356 LEAD S0: 2 append success next 1 match 0
098358 LEAD S0: prevLog &raft.Entry{Command:interface {}(nil), Term:0, Index:0}
098358 LEAD S0: prevLog &raft.Entry{Command:interface {}(nil), Term:0, Index:0}
098358 INFO S2: (term 1) follower 收到 [0] AppendEntries [], prevIndex 0, prevTerm 0
098359 INFO S1: (term 1) follower 收到 [0] AppendEntries [], prevIndex 0, prevTerm 0
098359 LEAD S0: 2 append success next 1 match 0
098359 LEAD S0: 1 append success next 1 match 0
099360 LEAD S0: prevLog &raft.Entry{Command:interface {}(nil), Term:0, Index:0}
099361 LEAD S0: prevLog &raft.Entry{Command:interface {}(nil), Term:0, Index:0}
099361 INFO S2: (term 1) follower 收到 [0] AppendEntries [], prevIndex 0, prevTerm 0
099361 INFO S1: (term 1) follower 收到 [0] AppendEntries [], prevIndex 0, prevTerm 0
099362 LEAD S0: 2 append success next 1 match 0
099362 LEAD S0: 1 append success next 1 match 0
100363 LEAD S0: prevLog &raft.Entry{Command:interface {}(nil), Term:0, Index:0}
100363 LEAD S0: prevLog &raft.Entry{Command:interface {}(nil), Term:0, Index:0}
--- FAIL: TestPersist12C (10.04s)
    config.go:609: one(11) failed to reach agreement
FAIL
exit status 1
FAIL	6.824/raft	10.038s
