Test (2C): basic persistence ...
003013 INFO S1: start leader election, term 1
003013 VOTE S1: term 1 send vote request to 2
003013 VOTE S1: term 1 send vote request to 0
003014 TERM S2: set new term 1
003014 VOTE S2: term 1 vote 1
003014 TERM S0: set new term 1
003014 VOTE S0: term 1 vote 1
003015 VOTE S1: reply from 0, term一致，且投给1
003015 LEAD S1: come to power, start to send heartbeat
003015 LEAD S1: prevLog &raft.Entry{Command:interface {}(nil), Term:0, Index:0}
003015 LEAD S1: prevLog &raft.Entry{Command:interface {}(nil), Term:0, Index:0}
003015 VOTE S1: reply from 2, term一致，且投给1
003016 INFO S2: (term 1) follower 收到 [1] AppendEntries [], prevIndex 0, prevTerm 0
003017 INFO S0: (term 1) follower 收到 [1] AppendEntries [], prevIndex 0, prevTerm 0
003017 LEAD S1: 2 append success next 1 match 0
003017 LEAD S1: 0 append success next 1 match 0
004016 LEAD S1: prevLog &raft.Entry{Command:interface {}(nil), Term:0, Index:0}
004016 LEAD S1: prevLog &raft.Entry{Command:interface {}(nil), Term:0, Index:0}
004017 INFO S2: (term 1) follower 收到 [1] AppendEntries [], prevIndex 0, prevTerm 0
004017 LEAD S1: 2 append success next 1 match 0
004017 INFO S0: (term 1) follower 收到 [1] AppendEntries [], prevIndex 0, prevTerm 0
004018 LEAD S1: 0 append success next 1 match 0
005019 LEAD S1: prevLog &raft.Entry{Command:interface {}(nil), Term:0, Index:0}
005019 LEAD S1: prevLog &raft.Entry{Command:interface {}(nil), Term:0, Index:0}
005020 INFO S0: (term 1) follower 收到 [1] AppendEntries [], prevIndex 0, prevTerm 0
005020 LEAD S1: 0 append success next 1 match 0
005021 INFO S2: (term 1) follower 收到 [1] AppendEntries [], prevIndex 0, prevTerm 0
005021 LEAD S1: 2 append success next 1 match 0
006023 LEAD S1: prevLog &raft.Entry{Command:interface {}(nil), Term:0, Index:0}
006024 LEAD S1: prevLog &raft.Entry{Command:interface {}(nil), Term:0, Index:0}
006024 INFO S0: (term 1) follower 收到 [1] AppendEntries [], prevIndex 0, prevTerm 0
006025 INFO S2: (term 1) follower 收到 [1] AppendEntries [], prevIndex 0, prevTerm 0
006025 LEAD S1: 0 append success next 1 match 0
006025 LEAD S1: 2 append success next 1 match 0
007028 LEAD S1: prevLog &raft.Entry{Command:interface {}(nil), Term:0, Index:0}
007028 LEAD S1: prevLog &raft.Entry{Command:interface {}(nil), Term:0, Index:0}
007029 INFO S2: (term 1) follower 收到 [1] AppendEntries [], prevIndex 0, prevTerm 0
007029 LEAD S1: 2 append success next 1 match 0
007029 INFO S0: (term 1) follower 收到 [1] AppendEntries [], prevIndex 0, prevTerm 0
007030 LEAD S1: 0 append success next 1 match 0
008033 LEAD S1: prevLog &raft.Entry{Command:interface {}(nil), Term:0, Index:0}
008033 LEAD S1: prevLog &raft.Entry{Command:interface {}(nil), Term:0, Index:0}
008034 INFO S2: (term 1) follower 收到 [1] AppendEntries [], prevIndex 0, prevTerm 0
008034 INFO S0: (term 1) follower 收到 [1] AppendEntries [], prevIndex 0, prevTerm 0
008034 LEAD S1: 2 append success next 1 match 0
008035 LEAD S1: 0 append success next 1 match 0
009036 LEAD S1: prevLog &raft.Entry{Command:interface {}(nil), Term:0, Index:0}
009036 LEAD S1: prevLog &raft.Entry{Command:interface {}(nil), Term:0, Index:0}
009037 INFO S2: (term 1) follower 收到 [1] AppendEntries [], prevIndex 0, prevTerm 0
009038 INFO S0: (term 1) follower 收到 [1] AppendEntries [], prevIndex 0, prevTerm 0
009038 LEAD S1: 2 append success next 1 match 0
009038 LEAD S1: 0 append success next 1 match 0
010040 LEAD S1: prevLog &raft.Entry{Command:interface {}(nil), Term:0, Index:0}
010041 LEAD S1: prevLog &raft.Entry{Command:interface {}(nil), Term:0, Index:0}
010042 INFO S2: (term 1) follower 收到 [1] AppendEntries [], prevIndex 0, prevTerm 0
010043 LEAD S1: 2 append success next 1 match 0
010044 INFO S0: (term 1) follower 收到 [1] AppendEntries [], prevIndex 0, prevTerm 0
010045 LEAD S1: 0 append success next 1 match 0
011044 LEAD S1: prevLog &raft.Entry{Command:interface {}(nil), Term:0, Index:0}
011044 LEAD S1: prevLog &raft.Entry{Command:interface {}(nil), Term:0, Index:0}
011045 INFO S2: (term 1) follower 收到 [1] AppendEntries [], prevIndex 0, prevTerm 0
011045 INFO S0: (term 1) follower 收到 [1] AppendEntries [], prevIndex 0, prevTerm 0
011045 LEAD S1: 2 append success next 1 match 0
011045 LEAD S1: 0 append success next 1 match 0
012047 LEAD S1: prevLog &raft.Entry{Command:interface {}(nil), Term:0, Index:0}
012047 LEAD S1: prevLog &raft.Entry{Command:interface {}(nil), Term:0, Index:0}
012048 INFO S2: (term 1) follower 收到 [1] AppendEntries [], prevIndex 0, prevTerm 0
012048 INFO S0: (term 1) follower 收到 [1] AppendEntries [], prevIndex 0, prevTerm 0
012049 LEAD S1: 2 append success next 1 match 0
012049 LEAD S1: 0 append success next 1 match 0
013051 LEAD S1: prevLog &raft.Entry{Command:interface {}(nil), Term:0, Index:0}
013051 LEAD S1: prevLog &raft.Entry{Command:interface {}(nil), Term:0, Index:0}
013052 INFO S0: (term 1) follower 收到 [1] AppendEntries [], prevIndex 0, prevTerm 0
013052 INFO S2: (term 1) follower 收到 [1] AppendEntries [], prevIndex 0, prevTerm 0
013052 LEAD S1: 0 append success next 1 match 0
013053 LEAD S1: 2 append success next 1 match 0
014054 LEAD S1: prevLog &raft.Entry{Command:interface {}(nil), Term:0, Index:0}
014055 LEAD S1: prevLog &raft.Entry{Command:interface {}(nil), Term:0, Index:0}
014056 INFO S2: (term 1) follower 收到 [1] AppendEntries [], prevIndex 0, prevTerm 0
014056 LEAD S1: 2 append success next 1 match 0
014056 INFO S0: (term 1) follower 收到 [1] AppendEntries [], prevIndex 0, prevTerm 0
014057 LEAD S1: 0 append success next 1 match 0
015058 LEAD S1: prevLog &raft.Entry{Command:interface {}(nil), Term:0, Index:0}
015058 LEAD S1: prevLog &raft.Entry{Command:interface {}(nil), Term:0, Index:0}
015059 INFO S2: (term 1) follower 收到 [1] AppendEntries [], prevIndex 0, prevTerm 0
015059 INFO S0: (term 1) follower 收到 [1] AppendEntries [], prevIndex 0, prevTerm 0
015059 LEAD S1: 2 append success next 1 match 0
015059 LEAD S1: 0 append success next 1 match 0
016063 LEAD S1: prevLog &raft.Entry{Command:interface {}(nil), Term:0, Index:0}
016063 LEAD S1: prevLog &raft.Entry{Command:interface {}(nil), Term:0, Index:0}
016064 INFO S2: (term 1) follower 收到 [1] AppendEntries [], prevIndex 0, prevTerm 0
016064 INFO S0: (term 1) follower 收到 [1] AppendEntries [], prevIndex 0, prevTerm 0
016065 LEAD S1: 2 append success next 1 match 0
016065 LEAD S1: 0 append success next 1 match 0
017068 LEAD S1: prevLog &raft.Entry{Command:interface {}(nil), Term:0, Index:0}
017068 LEAD S1: prevLog &raft.Entry{Command:interface {}(nil), Term:0, Index:0}
017069 INFO S0: (term 1) follower 收到 [1] AppendEntries [], prevIndex 0, prevTerm 0
017069 INFO S2: (term 1) follower 收到 [1] AppendEntries [], prevIndex 0, prevTerm 0
017070 LEAD S1: 2 append success next 1 match 0
017070 LEAD S1: 0 append success next 1 match 0
018071 LEAD S1: prevLog &raft.Entry{Command:interface {}(nil), Term:0, Index:0}
018072 LEAD S1: prevLog &raft.Entry{Command:interface {}(nil), Term:0, Index:0}
018072 INFO S2: (term 1) follower 收到 [1] AppendEntries [], prevIndex 0, prevTerm 0
018073 LEAD S1: 2 append success next 1 match 0
018073 INFO S0: (term 1) follower 收到 [1] AppendEntries [], prevIndex 0, prevTerm 0
018074 LEAD S1: 0 append success next 1 match 0
019075 LEAD S1: prevLog &raft.Entry{Command:interface {}(nil), Term:0, Index:0}
019075 LEAD S1: prevLog &raft.Entry{Command:interface {}(nil), Term:0, Index:0}
019076 INFO S2: (term 1) follower 收到 [1] AppendEntries [], prevIndex 0, prevTerm 0
019076 LEAD S1: 2 append success next 1 match 0
019076 INFO S0: (term 1) follower 收到 [1] AppendEntries [], prevIndex 0, prevTerm 0
019077 LEAD S1: 0 append success next 1 match 0
020079 LEAD S1: prevLog &raft.Entry{Command:interface {}(nil), Term:0, Index:0}
020079 LEAD S1: prevLog &raft.Entry{Command:interface {}(nil), Term:0, Index:0}
020080 INFO S2: (term 1) follower 收到 [1] AppendEntries [], prevIndex 0, prevTerm 0
020080 INFO S0: (term 1) follower 收到 [1] AppendEntries [], prevIndex 0, prevTerm 0
020080 LEAD S1: 2 append success next 1 match 0
020080 LEAD S1: 0 append success next 1 match 0
021082 LEAD S1: prevLog &raft.Entry{Command:interface {}(nil), Term:0, Index:0}
021082 LEAD S1: prevLog &raft.Entry{Command:interface {}(nil), Term:0, Index:0}
021083 INFO S2: (term 1) follower 收到 [1] AppendEntries [], prevIndex 0, prevTerm 0
021083 LEAD S1: 2 append success next 1 match 0
021083 INFO S0: (term 1) follower 收到 [1] AppendEntries [], prevIndex 0, prevTerm 0
021084 LEAD S1: 0 append success next 1 match 0
022084 LEAD S1: prevLog &raft.Entry{Command:interface {}(nil), Term:0, Index:0}
022085 LEAD S1: prevLog &raft.Entry{Command:interface {}(nil), Term:0, Index:0}
022085 INFO S2: (term 1) follower 收到 [1] AppendEntries [], prevIndex 0, prevTerm 0
022086 LEAD S1: 2 append success next 1 match 0
022086 INFO S0: (term 1) follower 收到 [1] AppendEntries [], prevIndex 0, prevTerm 0
022087 LEAD S1: 0 append success next 1 match 0
023088 LEAD S1: prevLog &raft.Entry{Command:interface {}(nil), Term:0, Index:0}
023088 LEAD S1: prevLog &raft.Entry{Command:interface {}(nil), Term:0, Index:0}
023089 INFO S0: (term 1) follower 收到 [1] AppendEntries [], prevIndex 0, prevTerm 0
023089 INFO S2: (term 1) follower 收到 [1] AppendEntries [], prevIndex 0, prevTerm 0
023090 LEAD S1: 0 append success next 1 match 0
023090 LEAD S1: 2 append success next 1 match 0
024092 LEAD S1: prevLog &raft.Entry{Command:interface {}(nil), Term:0, Index:0}
024092 LEAD S1: prevLog &raft.Entry{Command:interface {}(nil), Term:0, Index:0}
024093 INFO S0: (term 1) follower 收到 [1] AppendEntries [], prevIndex 0, prevTerm 0
024093 INFO S2: (term 1) follower 收到 [1] AppendEntries [], prevIndex 0, prevTerm 0
024093 LEAD S1: 2 append success next 1 match 0
024093 LEAD S1: 0 append success next 1 match 0
025096 LEAD S1: prevLog &raft.Entry{Command:interface {}(nil), Term:0, Index:0}
025097 LEAD S1: prevLog &raft.Entry{Command:interface {}(nil), Term:0, Index:0}
025097 INFO S2: (term 1) follower 收到 [1] AppendEntries [], prevIndex 0, prevTerm 0
025098 LEAD S1: 2 append success next 1 match 0
025098 INFO S0: (term 1) follower 收到 [1] AppendEntries [], prevIndex 0, prevTerm 0
025098 LEAD S1: 0 append success next 1 match 0
026099 LEAD S1: prevLog &raft.Entry{Command:interface {}(nil), Term:0, Index:0}
026099 LEAD S1: prevLog &raft.Entry{Command:interface {}(nil), Term:0, Index:0}
026100 INFO S2: (term 1) follower 收到 [1] AppendEntries [], prevIndex 0, prevTerm 0
026100 INFO S0: (term 1) follower 收到 [1] AppendEntries [], prevIndex 0, prevTerm 0
026101 LEAD S1: 2 append success next 1 match 0
026101 LEAD S1: 0 append success next 1 match 0
027103 LEAD S1: prevLog &raft.Entry{Command:interface {}(nil), Term:0, Index:0}
027103 LEAD S1: prevLog &raft.Entry{Command:interface {}(nil), Term:0, Index:0}
027104 INFO S2: (term 1) follower 收到 [1] AppendEntries [], prevIndex 0, prevTerm 0
027104 INFO S0: (term 1) follower 收到 [1] AppendEntries [], prevIndex 0, prevTerm 0
027105 LEAD S1: 2 append success next 1 match 0
027105 LEAD S1: 0 append success next 1 match 0
028107 LEAD S1: prevLog &raft.Entry{Command:interface {}(nil), Term:0, Index:0}
028108 LEAD S1: prevLog &raft.Entry{Command:interface {}(nil), Term:0, Index:0}
028108 INFO S2: (term 1) follower 收到 [1] AppendEntries [], prevIndex 0, prevTerm 0
028109 LEAD S1: 2 append success next 1 match 0
028109 INFO S0: (term 1) follower 收到 [1] AppendEntries [], prevIndex 0, prevTerm 0
028110 LEAD S1: 0 append success next 1 match 0
029110 LEAD S1: prevLog &raft.Entry{Command:interface {}(nil), Term:0, Index:0}
029110 LEAD S1: prevLog &raft.Entry{Command:interface {}(nil), Term:0, Index:0}
029111 INFO S2: (term 1) follower 收到 [1] AppendEntries [], prevIndex 0, prevTerm 0
029111 LEAD S1: 2 append success next 1 match 0
029112 INFO S0: (term 1) follower 收到 [1] AppendEntries [], prevIndex 0, prevTerm 0
029112 LEAD S1: 0 append success next 1 match 0
030115 LEAD S1: prevLog &raft.Entry{Command:interface {}(nil), Term:0, Index:0}
030116 LEAD S1: prevLog &raft.Entry{Command:interface {}(nil), Term:0, Index:0}
030118 INFO S2: (term 1) follower 收到 [1] AppendEntries [], prevIndex 0, prevTerm 0
030119 INFO S0: (term 1) follower 收到 [1] AppendEntries [], prevIndex 0, prevTerm 0
030119 LEAD S1: 2 append success next 1 match 0
030120 LEAD S1: 0 append success next 1 match 0
031118 LEAD S1: prevLog &raft.Entry{Command:interface {}(nil), Term:0, Index:0}
031118 LEAD S1: prevLog &raft.Entry{Command:interface {}(nil), Term:0, Index:0}
031119 INFO S2: (term 1) follower 收到 [1] AppendEntries [], prevIndex 0, prevTerm 0
031119 LEAD S1: 2 append success next 1 match 0
031119 INFO S0: (term 1) follower 收到 [1] AppendEntries [], prevIndex 0, prevTerm 0
031120 LEAD S1: 0 append success next 1 match 0
032122 LEAD S1: prevLog &raft.Entry{Command:interface {}(nil), Term:0, Index:0}
032122 LEAD S1: prevLog &raft.Entry{Command:interface {}(nil), Term:0, Index:0}
032123 INFO S2: (term 1) follower 收到 [1] AppendEntries [], prevIndex 0, prevTerm 0
032123 LEAD S1: 2 append success next 1 match 0
032123 INFO S0: (term 1) follower 收到 [1] AppendEntries [], prevIndex 0, prevTerm 0
032124 LEAD S1: 0 append success next 1 match 0
033124 LEAD S1: prevLog &raft.Entry{Command:interface {}(nil), Term:0, Index:0}
033125 LEAD S1: prevLog &raft.Entry{Command:interface {}(nil), Term:0, Index:0}
033125 INFO S2: (term 1) follower 收到 [1] AppendEntries [], prevIndex 0, prevTerm 0
033126 INFO S0: (term 1) follower 收到 [1] AppendEntries [], prevIndex 0, prevTerm 0
033126 LEAD S1: 2 append success next 1 match 0
033126 LEAD S1: 0 append success next 1 match 0
034129 LEAD S1: prevLog &raft.Entry{Command:interface {}(nil), Term:0, Index:0}
034129 LEAD S1: prevLog &raft.Entry{Command:interface {}(nil), Term:0, Index:0}
034130 INFO S2: (term 1) follower 收到 [1] AppendEntries [], prevIndex 0, prevTerm 0
034131 LEAD S1: 2 append success next 1 match 0
034131 INFO S0: (term 1) follower 收到 [1] AppendEntries [], prevIndex 0, prevTerm 0
034131 LEAD S1: 0 append success next 1 match 0
035132 LEAD S1: prevLog &raft.Entry{Command:interface {}(nil), Term:0, Index:0}
035132 LEAD S1: prevLog &raft.Entry{Command:interface {}(nil), Term:0, Index:0}
035133 INFO S2: (term 1) follower 收到 [1] AppendEntries [], prevIndex 0, prevTerm 0
035133 LEAD S1: 2 append success next 1 match 0
035133 INFO S0: (term 1) follower 收到 [1] AppendEntries [], prevIndex 0, prevTerm 0
035134 LEAD S1: 0 append success next 1 match 0
036135 LEAD S1: prevLog &raft.Entry{Command:interface {}(nil), Term:0, Index:0}
036136 LEAD S1: prevLog &raft.Entry{Command:interface {}(nil), Term:0, Index:0}
036136 INFO S2: (term 1) follower 收到 [1] AppendEntries [], prevIndex 0, prevTerm 0
036137 LEAD S1: 2 append success next 1 match 0
036137 INFO S0: (term 1) follower 收到 [1] AppendEntries [], prevIndex 0, prevTerm 0
036137 LEAD S1: 0 append success next 1 match 0
037141 LEAD S1: prevLog &raft.Entry{Command:interface {}(nil), Term:0, Index:0}
037142 LEAD S1: prevLog &raft.Entry{Command:interface {}(nil), Term:0, Index:0}
037143 INFO S2: (term 1) follower 收到 [1] AppendEntries [], prevIndex 0, prevTerm 0
037143 INFO S0: (term 1) follower 收到 [1] AppendEntries [], prevIndex 0, prevTerm 0
037144 LEAD S1: 2 append success next 1 match 0
037144 LEAD S1: 0 append success next 1 match 0
038144 LEAD S1: prevLog &raft.Entry{Command:interface {}(nil), Term:0, Index:0}
038145 LEAD S1: prevLog &raft.Entry{Command:interface {}(nil), Term:0, Index:0}
038145 INFO S2: (term 1) follower 收到 [1] AppendEntries [], prevIndex 0, prevTerm 0
038146 LEAD S1: 2 append success next 1 match 0
038146 INFO S0: (term 1) follower 收到 [1] AppendEntries [], prevIndex 0, prevTerm 0
038147 LEAD S1: 0 append success next 1 match 0
039147 LEAD S1: prevLog &raft.Entry{Command:interface {}(nil), Term:0, Index:0}
039148 LEAD S1: prevLog &raft.Entry{Command:interface {}(nil), Term:0, Index:0}
039149 INFO S2: (term 1) follower 收到 [1] AppendEntries [], prevIndex 0, prevTerm 0
039149 LEAD S1: 2 append success next 1 match 0
039149 INFO S0: (term 1) follower 收到 [1] AppendEntries [], prevIndex 0, prevTerm 0
039150 LEAD S1: 0 append success next 1 match 0
040151 LEAD S1: prevLog &raft.Entry{Command:interface {}(nil), Term:0, Index:0}
040151 LEAD S1: prevLog &raft.Entry{Command:interface {}(nil), Term:0, Index:0}
040152 INFO S2: (term 1) follower 收到 [1] AppendEntries [], prevIndex 0, prevTerm 0
040153 LEAD S1: 2 append success next 1 match 0
040153 INFO S0: (term 1) follower 收到 [1] AppendEntries [], prevIndex 0, prevTerm 0
040153 LEAD S1: 0 append success next 1 match 0
041154 LEAD S1: prevLog &raft.Entry{Command:interface {}(nil), Term:0, Index:0}
041154 LEAD S1: prevLog &raft.Entry{Command:interface {}(nil), Term:0, Index:0}
041155 INFO S2: (term 1) follower 收到 [1] AppendEntries [], prevIndex 0, prevTerm 0
041155 LEAD S1: 2 append success next 1 match 0
041156 INFO S0: (term 1) follower 收到 [1] AppendEntries [], prevIndex 0, prevTerm 0
041156 LEAD S1: 0 append success next 1 match 0
042158 LEAD S1: prevLog &raft.Entry{Command:interface {}(nil), Term:0, Index:0}
042159 LEAD S1: prevLog &raft.Entry{Command:interface {}(nil), Term:0, Index:0}
042162 INFO S2: (term 1) follower 收到 [1] AppendEntries [], prevIndex 0, prevTerm 0
042162 INFO S0: (term 1) follower 收到 [1] AppendEntries [], prevIndex 0, prevTerm 0
042164 LEAD S1: 2 append success next 1 match 0
042164 LEAD S1: 0 append success next 1 match 0
043162 LEAD S1: prevLog &raft.Entry{Command:interface {}(nil), Term:0, Index:0}
043163 LEAD S1: prevLog &raft.Entry{Command:interface {}(nil), Term:0, Index:0}
043163 INFO S2: (term 1) follower 收到 [1] AppendEntries [], prevIndex 0, prevTerm 0
043163 INFO S0: (term 1) follower 收到 [1] AppendEntries [], prevIndex 0, prevTerm 0
043164 LEAD S1: 2 append success next 1 match 0
043164 LEAD S1: 0 append success next 1 match 0
044166 LEAD S1: prevLog &raft.Entry{Command:interface {}(nil), Term:0, Index:0}
044166 LEAD S1: prevLog &raft.Entry{Command:interface {}(nil), Term:0, Index:0}
044167 INFO S2: (term 1) follower 收到 [1] AppendEntries [], prevIndex 0, prevTerm 0
044168 LEAD S1: 2 append success next 1 match 0
044168 INFO S0: (term 1) follower 收到 [1] AppendEntries [], prevIndex 0, prevTerm 0
044168 LEAD S1: 0 append success next 1 match 0
045170 LEAD S1: prevLog &raft.Entry{Command:interface {}(nil), Term:0, Index:0}
045170 LEAD S1: prevLog &raft.Entry{Command:interface {}(nil), Term:0, Index:0}
045172 INFO S2: (term 1) follower 收到 [1] AppendEntries [], prevIndex 0, prevTerm 0
045172 INFO S0: (term 1) follower 收到 [1] AppendEntries [], prevIndex 0, prevTerm 0
045173 LEAD S1: 0 append success next 1 match 0
045173 LEAD S1: 2 append success next 1 match 0
046174 LEAD S1: prevLog &raft.Entry{Command:interface {}(nil), Term:0, Index:0}
046174 LEAD S1: prevLog &raft.Entry{Command:interface {}(nil), Term:0, Index:0}
046175 INFO S2: (term 1) follower 收到 [1] AppendEntries [], prevIndex 0, prevTerm 0
046175 INFO S0: (term 1) follower 收到 [1] AppendEntries [], prevIndex 0, prevTerm 0
046175 LEAD S1: 2 append success next 1 match 0
046176 LEAD S1: 0 append success next 1 match 0
047178 LEAD S1: prevLog &raft.Entry{Command:interface {}(nil), Term:0, Index:0}
047178 LEAD S1: prevLog &raft.Entry{Command:interface {}(nil), Term:0, Index:0}
047179 INFO S2: (term 1) follower 收到 [1] AppendEntries [], prevIndex 0, prevTerm 0
047179 INFO S0: (term 1) follower 收到 [1] AppendEntries [], prevIndex 0, prevTerm 0
047179 LEAD S1: 2 append success next 1 match 0
047180 LEAD S1: 0 append success next 1 match 0
048181 LEAD S1: prevLog &raft.Entry{Command:interface {}(nil), Term:0, Index:0}
048181 LEAD S1: prevLog &raft.Entry{Command:interface {}(nil), Term:0, Index:0}
048182 INFO S2: (term 1) follower 收到 [1] AppendEntries [], prevIndex 0, prevTerm 0
048182 LEAD S1: 2 append success next 1 match 0
048183 INFO S0: (term 1) follower 收到 [1] AppendEntries [], prevIndex 0, prevTerm 0
048183 LEAD S1: 0 append success next 1 match 0
049184 LEAD S1: prevLog &raft.Entry{Command:interface {}(nil), Term:0, Index:0}
049185 LEAD S1: prevLog &raft.Entry{Command:interface {}(nil), Term:0, Index:0}
049186 INFO S2: (term 1) follower 收到 [1] AppendEntries [], prevIndex 0, prevTerm 0
049186 LEAD S1: 2 append success next 1 match 0
049186 INFO S0: (term 1) follower 收到 [1] AppendEntries [], prevIndex 0, prevTerm 0
049187 LEAD S1: 0 append success next 1 match 0
050188 LEAD S1: prevLog &raft.Entry{Command:interface {}(nil), Term:0, Index:0}
050188 LEAD S1: prevLog &raft.Entry{Command:interface {}(nil), Term:0, Index:0}
050189 INFO S2: (term 1) follower 收到 [1] AppendEntries [], prevIndex 0, prevTerm 0
050190 LEAD S1: 2 append success next 1 match 0
050190 INFO S0: (term 1) follower 收到 [1] AppendEntries [], prevIndex 0, prevTerm 0
050190 LEAD S1: 0 append success next 1 match 0
051191 LEAD S1: prevLog &raft.Entry{Command:interface {}(nil), Term:0, Index:0}
051191 LEAD S1: prevLog &raft.Entry{Command:interface {}(nil), Term:0, Index:0}
051192 INFO S2: (term 1) follower 收到 [1] AppendEntries [], prevIndex 0, prevTerm 0
051192 LEAD S1: 2 append success next 1 match 0
051193 INFO S0: (term 1) follower 收到 [1] AppendEntries [], prevIndex 0, prevTerm 0
051193 LEAD S1: 0 append success next 1 match 0
052194 LEAD S1: prevLog &raft.Entry{Command:interface {}(nil), Term:0, Index:0}
052194 LEAD S1: prevLog &raft.Entry{Command:interface {}(nil), Term:0, Index:0}
052195 INFO S2: (term 1) follower 收到 [1] AppendEntries [], prevIndex 0, prevTerm 0
052195 LEAD S1: 2 append success next 1 match 0
052195 INFO S0: (term 1) follower 收到 [1] AppendEntries [], prevIndex 0, prevTerm 0
052196 LEAD S1: 0 append success next 1 match 0
053197 LEAD S1: prevLog &raft.Entry{Command:interface {}(nil), Term:0, Index:0}
053198 LEAD S1: prevLog &raft.Entry{Command:interface {}(nil), Term:0, Index:0}
053198 INFO S2: (term 1) follower 收到 [1] AppendEntries [], prevIndex 0, prevTerm 0
053199 LEAD S1: 2 append success next 1 match 0
053199 INFO S0: (term 1) follower 收到 [1] AppendEntries [], prevIndex 0, prevTerm 0
053199 LEAD S1: 0 append success next 1 match 0
054201 LEAD S1: prevLog &raft.Entry{Command:interface {}(nil), Term:0, Index:0}
054202 LEAD S1: prevLog &raft.Entry{Command:interface {}(nil), Term:0, Index:0}
054202 INFO S2: (term 1) follower 收到 [1] AppendEntries [], prevIndex 0, prevTerm 0
054203 LEAD S1: 2 append success next 1 match 0
054203 INFO S0: (term 1) follower 收到 [1] AppendEntries [], prevIndex 0, prevTerm 0
054203 LEAD S1: 0 append success next 1 match 0
055205 LEAD S1: prevLog &raft.Entry{Command:interface {}(nil), Term:0, Index:0}
055205 LEAD S1: prevLog &raft.Entry{Command:interface {}(nil), Term:0, Index:0}
055206 INFO S2: (term 1) follower 收到 [1] AppendEntries [], prevIndex 0, prevTerm 0
055206 INFO S0: (term 1) follower 收到 [1] AppendEntries [], prevIndex 0, prevTerm 0
055206 LEAD S1: 2 append success next 1 match 0
055207 LEAD S1: 0 append success next 1 match 0
056210 LEAD S1: prevLog &raft.Entry{Command:interface {}(nil), Term:0, Index:0}
056210 LEAD S1: prevLog &raft.Entry{Command:interface {}(nil), Term:0, Index:0}
056211 INFO S2: (term 1) follower 收到 [1] AppendEntries [], prevIndex 0, prevTerm 0
056211 LEAD S1: 2 append success next 1 match 0
056212 INFO S0: (term 1) follower 收到 [1] AppendEntries [], prevIndex 0, prevTerm 0
056212 LEAD S1: 0 append success next 1 match 0
057214 LEAD S1: prevLog &raft.Entry{Command:interface {}(nil), Term:0, Index:0}
057215 LEAD S1: prevLog &raft.Entry{Command:interface {}(nil), Term:0, Index:0}
057215 INFO S2: (term 1) follower 收到 [1] AppendEntries [], prevIndex 0, prevTerm 0
057216 LEAD S1: 2 append success next 1 match 0
057216 INFO S0: (term 1) follower 收到 [1] AppendEntries [], prevIndex 0, prevTerm 0
057217 LEAD S1: 0 append success next 1 match 0
058218 LEAD S1: prevLog &raft.Entry{Command:interface {}(nil), Term:0, Index:0}
058218 LEAD S1: prevLog &raft.Entry{Command:interface {}(nil), Term:0, Index:0}
058219 INFO S2: (term 1) follower 收到 [1] AppendEntries [], prevIndex 0, prevTerm 0
058220 LEAD S1: 2 append success next 1 match 0
058220 INFO S0: (term 1) follower 收到 [1] AppendEntries [], prevIndex 0, prevTerm 0
058221 LEAD S1: 0 append success next 1 match 0
059223 LEAD S1: prevLog &raft.Entry{Command:interface {}(nil), Term:0, Index:0}
059224 LEAD S1: prevLog &raft.Entry{Command:interface {}(nil), Term:0, Index:0}
059224 INFO S2: (term 1) follower 收到 [1] AppendEntries [], prevIndex 0, prevTerm 0
059225 LEAD S1: 2 append success next 1 match 0
059225 INFO S0: (term 1) follower 收到 [1] AppendEntries [], prevIndex 0, prevTerm 0
059225 LEAD S1: 0 append success next 1 match 0
060226 LEAD S1: prevLog &raft.Entry{Command:interface {}(nil), Term:0, Index:0}
060226 LEAD S1: prevLog &raft.Entry{Command:interface {}(nil), Term:0, Index:0}
060227 INFO S2: (term 1) follower 收到 [1] AppendEntries [], prevIndex 0, prevTerm 0
060228 LEAD S1: 2 append success next 1 match 0
060228 INFO S0: (term 1) follower 收到 [1] AppendEntries [], prevIndex 0, prevTerm 0
060228 LEAD S1: 0 append success next 1 match 0
061229 LEAD S1: prevLog &raft.Entry{Command:interface {}(nil), Term:0, Index:0}
061229 LEAD S1: prevLog &raft.Entry{Command:interface {}(nil), Term:0, Index:0}
061230 INFO S2: (term 1) follower 收到 [1] AppendEntries [], prevIndex 0, prevTerm 0
061230 LEAD S1: 2 append success next 1 match 0
061230 INFO S0: (term 1) follower 收到 [1] AppendEntries [], prevIndex 0, prevTerm 0
061231 LEAD S1: 0 append success next 1 match 0
062233 LEAD S1: prevLog &raft.Entry{Command:interface {}(nil), Term:0, Index:0}
062233 LEAD S1: prevLog &raft.Entry{Command:interface {}(nil), Term:0, Index:0}
062234 INFO S2: (term 1) follower 收到 [1] AppendEntries [], prevIndex 0, prevTerm 0
062234 LEAD S1: 2 append success next 1 match 0
062234 INFO S0: (term 1) follower 收到 [1] AppendEntries [], prevIndex 0, prevTerm 0
062235 LEAD S1: 0 append success next 1 match 0
063237 LEAD S1: prevLog &raft.Entry{Command:interface {}(nil), Term:0, Index:0}
063237 LEAD S1: prevLog &raft.Entry{Command:interface {}(nil), Term:0, Index:0}
063238 INFO S2: (term 1) follower 收到 [1] AppendEntries [], prevIndex 0, prevTerm 0
063238 LEAD S1: 2 append success next 1 match 0
063239 INFO S0: (term 1) follower 收到 [1] AppendEntries [], prevIndex 0, prevTerm 0
063239 LEAD S1: 0 append success next 1 match 0
064239 LEAD S1: prevLog &raft.Entry{Command:interface {}(nil), Term:0, Index:0}
064239 LEAD S1: prevLog &raft.Entry{Command:interface {}(nil), Term:0, Index:0}
064240 INFO S0: (term 1) follower 收到 [1] AppendEntries [], prevIndex 0, prevTerm 0
064240 LEAD S1: 0 append success next 1 match 0
064240 INFO S2: (term 1) follower 收到 [1] AppendEntries [], prevIndex 0, prevTerm 0
064240 LEAD S1: 2 append success next 1 match 0
065242 LEAD S1: prevLog &raft.Entry{Command:interface {}(nil), Term:0, Index:0}
065242 LEAD S1: prevLog &raft.Entry{Command:interface {}(nil), Term:0, Index:0}
065243 INFO S2: (term 1) follower 收到 [1] AppendEntries [], prevIndex 0, prevTerm 0
065243 LEAD S1: 2 append success next 1 match 0
065243 INFO S0: (term 1) follower 收到 [1] AppendEntries [], prevIndex 0, prevTerm 0
065244 LEAD S1: 0 append success next 1 match 0
066245 LEAD S1: prevLog &raft.Entry{Command:interface {}(nil), Term:0, Index:0}
066246 LEAD S1: prevLog &raft.Entry{Command:interface {}(nil), Term:0, Index:0}
066249 INFO S2: (term 1) follower 收到 [1] AppendEntries [], prevIndex 0, prevTerm 0
066249 INFO S0: (term 1) follower 收到 [1] AppendEntries [], prevIndex 0, prevTerm 0
066251 LEAD S1: 2 append success next 1 match 0
066251 LEAD S1: 0 append success next 1 match 0
067250 LEAD S1: prevLog &raft.Entry{Command:interface {}(nil), Term:0, Index:0}
067250 LEAD S1: prevLog &raft.Entry{Command:interface {}(nil), Term:0, Index:0}
067251 INFO S2: (term 1) follower 收到 [1] AppendEntries [], prevIndex 0, prevTerm 0
067251 LEAD S1: 2 append success next 1 match 0
067252 INFO S0: (term 1) follower 收到 [1] AppendEntries [], prevIndex 0, prevTerm 0
067252 LEAD S1: 0 append success next 1 match 0
068254 LEAD S1: prevLog &raft.Entry{Command:interface {}(nil), Term:0, Index:0}
068254 LEAD S1: prevLog &raft.Entry{Command:interface {}(nil), Term:0, Index:0}
068254 INFO S2: (term 1) follower 收到 [1] AppendEntries [], prevIndex 0, prevTerm 0
068255 LEAD S1: 2 append success next 1 match 0
068255 INFO S0: (term 1) follower 收到 [1] AppendEntries [], prevIndex 0, prevTerm 0
068255 LEAD S1: 0 append success next 1 match 0
069258 LEAD S1: prevLog &raft.Entry{Command:interface {}(nil), Term:0, Index:0}
069258 LEAD S1: prevLog &raft.Entry{Command:interface {}(nil), Term:0, Index:0}
069259 INFO S2: (term 1) follower 收到 [1] AppendEntries [], prevIndex 0, prevTerm 0
069260 INFO S0: (term 1) follower 收到 [1] AppendEntries [], prevIndex 0, prevTerm 0
069260 LEAD S1: 2 append success next 1 match 0
069261 LEAD S1: 0 append success next 1 match 0
070262 LEAD S1: prevLog &raft.Entry{Command:interface {}(nil), Term:0, Index:0}
070262 LEAD S1: prevLog &raft.Entry{Command:interface {}(nil), Term:0, Index:0}
070263 INFO S2: (term 1) follower 收到 [1] AppendEntries [], prevIndex 0, prevTerm 0
070263 LEAD S1: 2 append success next 1 match 0
070263 INFO S0: (term 1) follower 收到 [1] AppendEntries [], prevIndex 0, prevTerm 0
070264 LEAD S1: 0 append success next 1 match 0
071267 LEAD S1: prevLog &raft.Entry{Command:interface {}(nil), Term:0, Index:0}
071267 LEAD S1: prevLog &raft.Entry{Command:interface {}(nil), Term:0, Index:0}
071268 INFO S2: (term 1) follower 收到 [1] AppendEntries [], prevIndex 0, prevTerm 0
071268 LEAD S1: 2 append success next 1 match 0
071268 INFO S0: (term 1) follower 收到 [1] AppendEntries [], prevIndex 0, prevTerm 0
071269 LEAD S1: 0 append success next 1 match 0
072269 LEAD S1: prevLog &raft.Entry{Command:interface {}(nil), Term:0, Index:0}
072270 LEAD S1: prevLog &raft.Entry{Command:interface {}(nil), Term:0, Index:0}
072270 INFO S2: (term 1) follower 收到 [1] AppendEntries [], prevIndex 0, prevTerm 0
072271 LEAD S1: 2 append success next 1 match 0
072271 INFO S0: (term 1) follower 收到 [1] AppendEntries [], prevIndex 0, prevTerm 0
072271 LEAD S1: 0 append success next 1 match 0
073272 LEAD S1: prevLog &raft.Entry{Command:interface {}(nil), Term:0, Index:0}
073273 LEAD S1: prevLog &raft.Entry{Command:interface {}(nil), Term:0, Index:0}
073273 INFO S2: (term 1) follower 收到 [1] AppendEntries [], prevIndex 0, prevTerm 0
073274 LEAD S1: 2 append success next 1 match 0
073274 INFO S0: (term 1) follower 收到 [1] AppendEntries [], prevIndex 0, prevTerm 0
073274 LEAD S1: 0 append success next 1 match 0
074276 LEAD S1: prevLog &raft.Entry{Command:interface {}(nil), Term:0, Index:0}
074276 LEAD S1: prevLog &raft.Entry{Command:interface {}(nil), Term:0, Index:0}
074277 INFO S2: (term 1) follower 收到 [1] AppendEntries [], prevIndex 0, prevTerm 0
074277 LEAD S1: 2 append success next 1 match 0
074277 INFO S0: (term 1) follower 收到 [1] AppendEntries [], prevIndex 0, prevTerm 0
074278 LEAD S1: 0 append success next 1 match 0
075280 LEAD S1: prevLog &raft.Entry{Command:interface {}(nil), Term:0, Index:0}
075281 LEAD S1: prevLog &raft.Entry{Command:interface {}(nil), Term:0, Index:0}
075281 INFO S2: (term 1) follower 收到 [1] AppendEntries [], prevIndex 0, prevTerm 0
075282 LEAD S1: 2 append success next 1 match 0
075282 INFO S0: (term 1) follower 收到 [1] AppendEntries [], prevIndex 0, prevTerm 0
075282 LEAD S1: 0 append success next 1 match 0
076283 LEAD S1: prevLog &raft.Entry{Command:interface {}(nil), Term:0, Index:0}
076283 LEAD S1: prevLog &raft.Entry{Command:interface {}(nil), Term:0, Index:0}
076284 INFO S2: (term 1) follower 收到 [1] AppendEntries [], prevIndex 0, prevTerm 0
076284 LEAD S1: 2 append success next 1 match 0
076284 INFO S0: (term 1) follower 收到 [1] AppendEntries [], prevIndex 0, prevTerm 0
076285 LEAD S1: 0 append success next 1 match 0
077286 LEAD S1: prevLog &raft.Entry{Command:interface {}(nil), Term:0, Index:0}
077286 LEAD S1: prevLog &raft.Entry{Command:interface {}(nil), Term:0, Index:0}
077287 INFO S2: (term 1) follower 收到 [1] AppendEntries [], prevIndex 0, prevTerm 0
077288 LEAD S1: 2 append success next 1 match 0
077288 INFO S0: (term 1) follower 收到 [1] AppendEntries [], prevIndex 0, prevTerm 0
077288 LEAD S1: 0 append success next 1 match 0
078290 LEAD S1: prevLog &raft.Entry{Command:interface {}(nil), Term:0, Index:0}
078290 LEAD S1: prevLog &raft.Entry{Command:interface {}(nil), Term:0, Index:0}
078291 INFO S2: (term 1) follower 收到 [1] AppendEntries [], prevIndex 0, prevTerm 0
078291 LEAD S1: 2 append success next 1 match 0
078291 INFO S0: (term 1) follower 收到 [1] AppendEntries [], prevIndex 0, prevTerm 0
078292 LEAD S1: 0 append success next 1 match 0
079294 LEAD S1: prevLog &raft.Entry{Command:interface {}(nil), Term:0, Index:0}
079294 LEAD S1: prevLog &raft.Entry{Command:interface {}(nil), Term:0, Index:0}
079295 INFO S0: (term 1) follower 收到 [1] AppendEntries [], prevIndex 0, prevTerm 0
079295 INFO S2: (term 1) follower 收到 [1] AppendEntries [], prevIndex 0, prevTerm 0
079295 LEAD S1: 0 append success next 1 match 0
079295 LEAD S1: 2 append success next 1 match 0
080297 LEAD S1: prevLog &raft.Entry{Command:interface {}(nil), Term:0, Index:0}
080297 LEAD S1: prevLog &raft.Entry{Command:interface {}(nil), Term:0, Index:0}
080298 INFO S2: (term 1) follower 收到 [1] AppendEntries [], prevIndex 0, prevTerm 0
080298 INFO S0: (term 1) follower 收到 [1] AppendEntries [], prevIndex 0, prevTerm 0
080298 LEAD S1: 2 append success next 1 match 0
080298 LEAD S1: 0 append success next 1 match 0
081301 LEAD S1: prevLog &raft.Entry{Command:interface {}(nil), Term:0, Index:0}
081301 LEAD S1: prevLog &raft.Entry{Command:interface {}(nil), Term:0, Index:0}
081303 INFO S0: (term 1) follower 收到 [1] AppendEntries [], prevIndex 0, prevTerm 0
081303 INFO S2: (term 1) follower 收到 [1] AppendEntries [], prevIndex 0, prevTerm 0
081303 LEAD S1: 2 append success next 1 match 0
081303 LEAD S1: 0 append success next 1 match 0
082305 LEAD S1: prevLog &raft.Entry{Command:interface {}(nil), Term:0, Index:0}
082305 LEAD S1: prevLog &raft.Entry{Command:interface {}(nil), Term:0, Index:0}
082306 INFO S2: (term 1) follower 收到 [1] AppendEntries [], prevIndex 0, prevTerm 0
082306 LEAD S1: 2 append success next 1 match 0
082306 INFO S0: (term 1) follower 收到 [1] AppendEntries [], prevIndex 0, prevTerm 0
082307 LEAD S1: 0 append success next 1 match 0
083307 LEAD S1: prevLog &raft.Entry{Command:interface {}(nil), Term:0, Index:0}
083307 LEAD S1: prevLog &raft.Entry{Command:interface {}(nil), Term:0, Index:0}
083308 INFO S2: (term 1) follower 收到 [1] AppendEntries [], prevIndex 0, prevTerm 0
083309 LEAD S1: 2 append success next 1 match 0
083309 INFO S0: (term 1) follower 收到 [1] AppendEntries [], prevIndex 0, prevTerm 0
083309 LEAD S1: 0 append success next 1 match 0
084311 LEAD S1: prevLog &raft.Entry{Command:interface {}(nil), Term:0, Index:0}
084311 LEAD S1: prevLog &raft.Entry{Command:interface {}(nil), Term:0, Index:0}
084312 INFO S2: (term 1) follower 收到 [1] AppendEntries [], prevIndex 0, prevTerm 0
084312 LEAD S1: 2 append success next 1 match 0
084312 INFO S0: (term 1) follower 收到 [1] AppendEntries [], prevIndex 0, prevTerm 0
084313 LEAD S1: 0 append success next 1 match 0
085315 LEAD S1: prevLog &raft.Entry{Command:interface {}(nil), Term:0, Index:0}
085315 LEAD S1: prevLog &raft.Entry{Command:interface {}(nil), Term:0, Index:0}
085316 INFO S2: (term 1) follower 收到 [1] AppendEntries [], prevIndex 0, prevTerm 0
085316 INFO S0: (term 1) follower 收到 [1] AppendEntries [], prevIndex 0, prevTerm 0
085316 LEAD S1: 2 append success next 1 match 0
085316 LEAD S1: 0 append success next 1 match 0
086318 LEAD S1: prevLog &raft.Entry{Command:interface {}(nil), Term:0, Index:0}
086318 LEAD S1: prevLog &raft.Entry{Command:interface {}(nil), Term:0, Index:0}
086319 INFO S2: (term 1) follower 收到 [1] AppendEntries [], prevIndex 0, prevTerm 0
086319 LEAD S1: 2 append success next 1 match 0
086319 INFO S0: (term 1) follower 收到 [1] AppendEntries [], prevIndex 0, prevTerm 0
086320 LEAD S1: 0 append success next 1 match 0
087321 LEAD S1: prevLog &raft.Entry{Command:interface {}(nil), Term:0, Index:0}
087321 LEAD S1: prevLog &raft.Entry{Command:interface {}(nil), Term:0, Index:0}
087322 INFO S2: (term 1) follower 收到 [1] AppendEntries [], prevIndex 0, prevTerm 0
087323 LEAD S1: 2 append success next 1 match 0
087323 INFO S0: (term 1) follower 收到 [1] AppendEntries [], prevIndex 0, prevTerm 0
087323 LEAD S1: 0 append success next 1 match 0
088324 LEAD S1: prevLog &raft.Entry{Command:interface {}(nil), Term:0, Index:0}
088324 LEAD S1: prevLog &raft.Entry{Command:interface {}(nil), Term:0, Index:0}
088325 INFO S2: (term 1) follower 收到 [1] AppendEntries [], prevIndex 0, prevTerm 0
088325 LEAD S1: 2 append success next 1 match 0
088326 INFO S0: (term 1) follower 收到 [1] AppendEntries [], prevIndex 0, prevTerm 0
088326 LEAD S1: 0 append success next 1 match 0
089328 LEAD S1: prevLog &raft.Entry{Command:interface {}(nil), Term:0, Index:0}
089329 LEAD S1: prevLog &raft.Entry{Command:interface {}(nil), Term:0, Index:0}
089329 INFO S2: (term 1) follower 收到 [1] AppendEntries [], prevIndex 0, prevTerm 0
089330 LEAD S1: 2 append success next 1 match 0
089330 INFO S0: (term 1) follower 收到 [1] AppendEntries [], prevIndex 0, prevTerm 0
089330 LEAD S1: 0 append success next 1 match 0
090332 LEAD S1: prevLog &raft.Entry{Command:interface {}(nil), Term:0, Index:0}
090332 LEAD S1: prevLog &raft.Entry{Command:interface {}(nil), Term:0, Index:0}
090333 INFO S2: (term 1) follower 收到 [1] AppendEntries [], prevIndex 0, prevTerm 0
090333 LEAD S1: 2 append success next 1 match 0
090333 INFO S0: (term 1) follower 收到 [1] AppendEntries [], prevIndex 0, prevTerm 0
090333 LEAD S1: 0 append success next 1 match 0
091336 LEAD S1: prevLog &raft.Entry{Command:interface {}(nil), Term:0, Index:0}
091336 LEAD S1: prevLog &raft.Entry{Command:interface {}(nil), Term:0, Index:0}
091337 INFO S2: (term 1) follower 收到 [1] AppendEntries [], prevIndex 0, prevTerm 0
091337 LEAD S1: 2 append success next 1 match 0
091338 INFO S0: (term 1) follower 收到 [1] AppendEntries [], prevIndex 0, prevTerm 0
091338 LEAD S1: 0 append success next 1 match 0
092340 LEAD S1: prevLog &raft.Entry{Command:interface {}(nil), Term:0, Index:0}
092340 LEAD S1: prevLog &raft.Entry{Command:interface {}(nil), Term:0, Index:0}
092341 INFO S2: (term 1) follower 收到 [1] AppendEntries [], prevIndex 0, prevTerm 0
092341 LEAD S1: 2 append success next 1 match 0
092341 INFO S0: (term 1) follower 收到 [1] AppendEntries [], prevIndex 0, prevTerm 0
092342 LEAD S1: 0 append success next 1 match 0
093343 LEAD S1: prevLog &raft.Entry{Command:interface {}(nil), Term:0, Index:0}
093343 LEAD S1: prevLog &raft.Entry{Command:interface {}(nil), Term:0, Index:0}
093344 INFO S2: (term 1) follower 收到 [1] AppendEntries [], prevIndex 0, prevTerm 0
093344 LEAD S1: 2 append success next 1 match 0
093344 INFO S0: (term 1) follower 收到 [1] AppendEntries [], prevIndex 0, prevTerm 0
093345 LEAD S1: 0 append success next 1 match 0
094346 LEAD S1: prevLog &raft.Entry{Command:interface {}(nil), Term:0, Index:0}
094346 LEAD S1: prevLog &raft.Entry{Command:interface {}(nil), Term:0, Index:0}
094347 INFO S2: (term 1) follower 收到 [1] AppendEntries [], prevIndex 0, prevTerm 0
094347 INFO S0: (term 1) follower 收到 [1] AppendEntries [], prevIndex 0, prevTerm 0
094347 LEAD S1: 2 append success next 1 match 0
094348 LEAD S1: 0 append success next 1 match 0
095349 LEAD S1: prevLog &raft.Entry{Command:interface {}(nil), Term:0, Index:0}
095349 LEAD S1: prevLog &raft.Entry{Command:interface {}(nil), Term:0, Index:0}
095350 INFO S2: (term 1) follower 收到 [1] AppendEntries [], prevIndex 0, prevTerm 0
095351 LEAD S1: 2 append success next 1 match 0
095351 INFO S0: (term 1) follower 收到 [1] AppendEntries [], prevIndex 0, prevTerm 0
095351 LEAD S1: 0 append success next 1 match 0
096353 LEAD S1: prevLog &raft.Entry{Command:interface {}(nil), Term:0, Index:0}
096353 LEAD S1: prevLog &raft.Entry{Command:interface {}(nil), Term:0, Index:0}
096354 INFO S2: (term 1) follower 收到 [1] AppendEntries [], prevIndex 0, prevTerm 0
096354 INFO S0: (term 1) follower 收到 [1] AppendEntries [], prevIndex 0, prevTerm 0
096354 LEAD S1: 2 append success next 1 match 0
096354 LEAD S1: 0 append success next 1 match 0
097356 LEAD S1: prevLog &raft.Entry{Command:interface {}(nil), Term:0, Index:0}
097367 LEAD S1: prevLog &raft.Entry{Command:interface {}(nil), Term:0, Index:0}
097368 INFO S2: (term 1) follower 收到 [1] AppendEntries [], prevIndex 0, prevTerm 0
097368 LEAD S1: 2 append success next 1 match 0
097368 INFO S0: (term 1) follower 收到 [1] AppendEntries [], prevIndex 0, prevTerm 0
097369 LEAD S1: 0 append success next 1 match 0
098370 LEAD S1: prevLog &raft.Entry{Command:interface {}(nil), Term:0, Index:0}
098370 LEAD S1: prevLog &raft.Entry{Command:interface {}(nil), Term:0, Index:0}
098371 INFO S2: (term 1) follower 收到 [1] AppendEntries [], prevIndex 0, prevTerm 0
098371 LEAD S1: 2 append success next 1 match 0
098372 INFO S0: (term 1) follower 收到 [1] AppendEntries [], prevIndex 0, prevTerm 0
098372 LEAD S1: 0 append success next 1 match 0
099374 LEAD S1: prevLog &raft.Entry{Command:interface {}(nil), Term:0, Index:0}
099375 LEAD S1: prevLog &raft.Entry{Command:interface {}(nil), Term:0, Index:0}
099376 INFO S2: (term 1) follower 收到 [1] AppendEntries [], prevIndex 0, prevTerm 0
099376 LEAD S1: 2 append success next 1 match 0
099376 INFO S0: (term 1) follower 收到 [1] AppendEntries [], prevIndex 0, prevTerm 0
099377 LEAD S1: 0 append success next 1 match 0
--- FAIL: TestPersist12C (10.04s)
    config.go:609: one(11) failed to reach agreement
FAIL
exit status 1
FAIL	6.824/raft	10.038s
