Test (2C): basic persistence ...
003014 INFO S0: start leader election, term 1
003014 INFO S2: start leader election, term 1
003014 VOTE S2: term 1 send vote request to 1
003014 VOTE S0: term 1 send vote request to 2
003014 VOTE S2: term 1 send vote request to 0
003014 INFO S1: start leader election, term 1
003014 VOTE S0: term 1 send vote request to 1
003014 VOTE S1: term 1 send vote request to 2
003015 VOTE S1: term 1 send vote request to 0
003016 VOTE S0: 2 没有投给me，结束
003016 VOTE S2: 1 没有投给me，结束
003016 VOTE S2: 0 没有投给me，结束
003016 VOTE S0: 1 没有投给me，结束
003016 VOTE S1: 0 没有投给me，结束
003017 VOTE S1: 2 没有投给me，结束
006026 INFO S1: start leader election, term 2
006026 VOTE S1: term 2 send vote request to 2
006026 INFO S2: start leader election, term 2
006026 VOTE S2: term 2 send vote request to 1
006027 VOTE S1: 2 没有投给me，结束
006027 VOTE S2: term 2 send vote request to 0
006027 VOTE S1: term 2 send vote request to 0
006027 INFO S0: start leader election, term 2
006027 VOTE S2: 1 没有投给me，结束
006027 VOTE S0: term 2 send vote request to 1
006027 VOTE S0: term 2 send vote request to 2
006027 VOTE S2: 0 没有投给me，结束
006027 VOTE S1: 0 没有投给me，结束
006027 VOTE S0: 1 没有投给me，结束
006027 VOTE S0: 2 没有投给me，结束
008037 INFO S2: start leader election, term 3
008037 VOTE S2: term 3 send vote request to 1
008038 VOTE S2: term 3 send vote request to 0
008039 TERM S0: set new term 3
008039 VOTE S0: term 3 vote 2
008038 TERM S1: set new term 3
008039 VOTE S1: term 3 vote 2
008039 VOTE S2: reply from 0, term一致，且投给2
008039 LEAD S2: come to power, start to send heartbeat
008039 LEAD S2: prevLog &raft.Entry{Command:interface {}(nil), Term:0, Index:0}
008039 LEAD S2: prevLog &raft.Entry{Command:interface {}(nil), Term:0, Index:0}
008039 VOTE S2: reply from 1, term一致，且投给2
008040 INFO S0: (term 3) follower 收到 [2] AppendEntries [], prevIndex 0, prevTerm 0
008040 LEAD S2: 0 append success next 1 match 0
008040 INFO S1: (term 3) follower 收到 [2] AppendEntries [], prevIndex 0, prevTerm 0
008041 LEAD S2: 1 append success next 1 match 0
009041 LEAD S2: prevLog &raft.Entry{Command:interface {}(nil), Term:0, Index:0}
009041 LEAD S2: prevLog &raft.Entry{Command:interface {}(nil), Term:0, Index:0}
009042 INFO S0: (term 3) follower 收到 [2] AppendEntries [], prevIndex 0, prevTerm 0
009042 INFO S1: (term 3) follower 收到 [2] AppendEntries [], prevIndex 0, prevTerm 0
009042 LEAD S2: 1 append success next 1 match 0
009042 LEAD S2: 0 append success next 1 match 0
010044 LEAD S2: prevLog &raft.Entry{Command:interface {}(nil), Term:0, Index:0}
010044 LEAD S2: prevLog &raft.Entry{Command:interface {}(nil), Term:0, Index:0}
010045 INFO S1: (term 3) follower 收到 [2] AppendEntries [], prevIndex 0, prevTerm 0
010045 LEAD S2: 1 append success next 1 match 0
010046 INFO S0: (term 3) follower 收到 [2] AppendEntries [], prevIndex 0, prevTerm 0
010046 LEAD S2: 0 append success next 1 match 0
011050 LEAD S2: prevLog &raft.Entry{Command:interface {}(nil), Term:0, Index:0}
011050 LEAD S2: prevLog &raft.Entry{Command:interface {}(nil), Term:0, Index:0}
011053 INFO S0: (term 3) follower 收到 [2] AppendEntries [], prevIndex 0, prevTerm 0
011053 INFO S1: (term 3) follower 收到 [2] AppendEntries [], prevIndex 0, prevTerm 0
011053 LEAD S2: 0 append success next 1 match 0
011054 LEAD S2: 1 append success next 1 match 0
012054 LEAD S2: prevLog &raft.Entry{Command:interface {}(nil), Term:0, Index:0}
012054 LEAD S2: prevLog &raft.Entry{Command:interface {}(nil), Term:0, Index:0}
012055 INFO S1: (term 3) follower 收到 [2] AppendEntries [], prevIndex 0, prevTerm 0
012055 INFO S0: (term 3) follower 收到 [2] AppendEntries [], prevIndex 0, prevTerm 0
012055 LEAD S2: 0 append success next 1 match 0
012055 LEAD S2: 1 append success next 1 match 0
013059 LEAD S2: prevLog &raft.Entry{Command:interface {}(nil), Term:0, Index:0}
013059 LEAD S2: prevLog &raft.Entry{Command:interface {}(nil), Term:0, Index:0}
013060 INFO S1: (term 3) follower 收到 [2] AppendEntries [], prevIndex 0, prevTerm 0
013060 INFO S0: (term 3) follower 收到 [2] AppendEntries [], prevIndex 0, prevTerm 0
013060 LEAD S2: 1 append success next 1 match 0
013060 LEAD S2: 0 append success next 1 match 0
014063 LEAD S2: prevLog &raft.Entry{Command:interface {}(nil), Term:0, Index:0}
014063 LEAD S2: prevLog &raft.Entry{Command:interface {}(nil), Term:0, Index:0}
014064 INFO S1: (term 3) follower 收到 [2] AppendEntries [], prevIndex 0, prevTerm 0
014065 LEAD S2: 1 append success next 1 match 0
014065 INFO S0: (term 3) follower 收到 [2] AppendEntries [], prevIndex 0, prevTerm 0
014065 LEAD S2: 0 append success next 1 match 0
015065 LEAD S2: prevLog &raft.Entry{Command:interface {}(nil), Term:0, Index:0}
015065 LEAD S2: prevLog &raft.Entry{Command:interface {}(nil), Term:0, Index:0}
015066 INFO S1: (term 3) follower 收到 [2] AppendEntries [], prevIndex 0, prevTerm 0
015066 INFO S0: (term 3) follower 收到 [2] AppendEntries [], prevIndex 0, prevTerm 0
015066 LEAD S2: 1 append success next 1 match 0
015066 LEAD S2: 0 append success next 1 match 0
016070 LEAD S2: prevLog &raft.Entry{Command:interface {}(nil), Term:0, Index:0}
016070 LEAD S2: prevLog &raft.Entry{Command:interface {}(nil), Term:0, Index:0}
016071 INFO S1: (term 3) follower 收到 [2] AppendEntries [], prevIndex 0, prevTerm 0
016071 LEAD S2: 1 append success next 1 match 0
016071 INFO S0: (term 3) follower 收到 [2] AppendEntries [], prevIndex 0, prevTerm 0
016072 LEAD S2: 0 append success next 1 match 0
017074 LEAD S2: prevLog &raft.Entry{Command:interface {}(nil), Term:0, Index:0}
017074 LEAD S2: prevLog &raft.Entry{Command:interface {}(nil), Term:0, Index:0}
017074 INFO S0: (term 3) follower 收到 [2] AppendEntries [], prevIndex 0, prevTerm 0
017074 INFO S1: (term 3) follower 收到 [2] AppendEntries [], prevIndex 0, prevTerm 0
017075 LEAD S2: 0 append success next 1 match 0
017075 LEAD S2: 1 append success next 1 match 0
018077 LEAD S2: prevLog &raft.Entry{Command:interface {}(nil), Term:0, Index:0}
018077 LEAD S2: prevLog &raft.Entry{Command:interface {}(nil), Term:0, Index:0}
018077 INFO S1: (term 3) follower 收到 [2] AppendEntries [], prevIndex 0, prevTerm 0
018077 INFO S0: (term 3) follower 收到 [2] AppendEntries [], prevIndex 0, prevTerm 0
018078 LEAD S2: 1 append success next 1 match 0
018078 LEAD S2: 0 append success next 1 match 0
019079 LEAD S2: prevLog &raft.Entry{Command:interface {}(nil), Term:0, Index:0}
019080 LEAD S2: prevLog &raft.Entry{Command:interface {}(nil), Term:0, Index:0}
019080 INFO S0: (term 3) follower 收到 [2] AppendEntries [], prevIndex 0, prevTerm 0
019081 LEAD S2: 0 append success next 1 match 0
019081 INFO S1: (term 3) follower 收到 [2] AppendEntries [], prevIndex 0, prevTerm 0
019082 LEAD S2: 1 append success next 1 match 0
020084 LEAD S2: prevLog &raft.Entry{Command:interface {}(nil), Term:0, Index:0}
020085 LEAD S2: prevLog &raft.Entry{Command:interface {}(nil), Term:0, Index:0}
020085 INFO S1: (term 3) follower 收到 [2] AppendEntries [], prevIndex 0, prevTerm 0
020085 INFO S0: (term 3) follower 收到 [2] AppendEntries [], prevIndex 0, prevTerm 0
020085 LEAD S2: 0 append success next 1 match 0
020085 LEAD S2: 1 append success next 1 match 0
021093 LEAD S2: prevLog &raft.Entry{Command:interface {}(nil), Term:0, Index:0}
021093 LEAD S2: prevLog &raft.Entry{Command:interface {}(nil), Term:0, Index:0}
021096 INFO S0: (term 3) follower 收到 [2] AppendEntries [], prevIndex 0, prevTerm 0
021096 INFO S1: (term 3) follower 收到 [2] AppendEntries [], prevIndex 0, prevTerm 0
021097 LEAD S2: 0 append success next 1 match 0
021097 LEAD S2: 1 append success next 1 match 0
022097 LEAD S2: prevLog &raft.Entry{Command:interface {}(nil), Term:0, Index:0}
022097 LEAD S2: prevLog &raft.Entry{Command:interface {}(nil), Term:0, Index:0}
022097 INFO S0: (term 3) follower 收到 [2] AppendEntries [], prevIndex 0, prevTerm 0
022098 LEAD S2: 0 append success next 1 match 0
022098 INFO S1: (term 3) follower 收到 [2] AppendEntries [], prevIndex 0, prevTerm 0
022098 LEAD S2: 1 append success next 1 match 0
023100 LEAD S2: prevLog &raft.Entry{Command:interface {}(nil), Term:0, Index:0}
023100 LEAD S2: prevLog &raft.Entry{Command:interface {}(nil), Term:0, Index:0}
023102 INFO S1: (term 3) follower 收到 [2] AppendEntries [], prevIndex 0, prevTerm 0
023103 INFO S0: (term 3) follower 收到 [2] AppendEntries [], prevIndex 0, prevTerm 0
023103 LEAD S2: 1 append success next 1 match 0
023104 LEAD S2: 0 append success next 1 match 0
024105 LEAD S2: prevLog &raft.Entry{Command:interface {}(nil), Term:0, Index:0}
024105 LEAD S2: prevLog &raft.Entry{Command:interface {}(nil), Term:0, Index:0}
024106 INFO S0: (term 3) follower 收到 [2] AppendEntries [], prevIndex 0, prevTerm 0
024106 INFO S1: (term 3) follower 收到 [2] AppendEntries [], prevIndex 0, prevTerm 0
024106 LEAD S2: 0 append success next 1 match 0
024106 LEAD S2: 1 append success next 1 match 0
025110 LEAD S2: prevLog &raft.Entry{Command:interface {}(nil), Term:0, Index:0}
025110 LEAD S2: prevLog &raft.Entry{Command:interface {}(nil), Term:0, Index:0}
025111 INFO S1: (term 3) follower 收到 [2] AppendEntries [], prevIndex 0, prevTerm 0
025111 INFO S0: (term 3) follower 收到 [2] AppendEntries [], prevIndex 0, prevTerm 0
025111 LEAD S2: 1 append success next 1 match 0
025111 LEAD S2: 0 append success next 1 match 0
026115 LEAD S2: prevLog &raft.Entry{Command:interface {}(nil), Term:0, Index:0}
026115 LEAD S2: prevLog &raft.Entry{Command:interface {}(nil), Term:0, Index:0}
026116 INFO S1: (term 3) follower 收到 [2] AppendEntries [], prevIndex 0, prevTerm 0
026116 LEAD S2: 1 append success next 1 match 0
026116 INFO S0: (term 3) follower 收到 [2] AppendEntries [], prevIndex 0, prevTerm 0
026117 LEAD S2: 0 append success next 1 match 0
027121 LEAD S2: prevLog &raft.Entry{Command:interface {}(nil), Term:0, Index:0}
027121 LEAD S2: prevLog &raft.Entry{Command:interface {}(nil), Term:0, Index:0}
027122 INFO S1: (term 3) follower 收到 [2] AppendEntries [], prevIndex 0, prevTerm 0
027123 INFO S0: (term 3) follower 收到 [2] AppendEntries [], prevIndex 0, prevTerm 0
027123 LEAD S2: 1 append success next 1 match 0
027124 LEAD S2: 0 append success next 1 match 0
028129 LEAD S2: prevLog &raft.Entry{Command:interface {}(nil), Term:0, Index:0}
028130 LEAD S2: prevLog &raft.Entry{Command:interface {}(nil), Term:0, Index:0}
028133 INFO S1: (term 3) follower 收到 [2] AppendEntries [], prevIndex 0, prevTerm 0
028135 LEAD S2: 1 append success next 1 match 0
028135 INFO S0: (term 3) follower 收到 [2] AppendEntries [], prevIndex 0, prevTerm 0
028137 LEAD S2: 0 append success next 1 match 0
029135 LEAD S2: prevLog &raft.Entry{Command:interface {}(nil), Term:0, Index:0}
029135 LEAD S2: prevLog &raft.Entry{Command:interface {}(nil), Term:0, Index:0}
029136 INFO S0: (term 3) follower 收到 [2] AppendEntries [], prevIndex 0, prevTerm 0
029136 LEAD S2: 0 append success next 1 match 0
029136 INFO S1: (term 3) follower 收到 [2] AppendEntries [], prevIndex 0, prevTerm 0
029137 LEAD S2: 1 append success next 1 match 0
030140 LEAD S2: prevLog &raft.Entry{Command:interface {}(nil), Term:0, Index:0}
030140 LEAD S2: prevLog &raft.Entry{Command:interface {}(nil), Term:0, Index:0}
030141 INFO S1: (term 3) follower 收到 [2] AppendEntries [], prevIndex 0, prevTerm 0
030142 LEAD S2: 1 append success next 1 match 0
030142 INFO S0: (term 3) follower 收到 [2] AppendEntries [], prevIndex 0, prevTerm 0
030142 LEAD S2: 0 append success next 1 match 0
031142 LEAD S2: prevLog &raft.Entry{Command:interface {}(nil), Term:0, Index:0}
031142 LEAD S2: prevLog &raft.Entry{Command:interface {}(nil), Term:0, Index:0}
031143 INFO S1: (term 3) follower 收到 [2] AppendEntries [], prevIndex 0, prevTerm 0
031143 INFO S0: (term 3) follower 收到 [2] AppendEntries [], prevIndex 0, prevTerm 0
031144 LEAD S2: 1 append success next 1 match 0
031144 LEAD S2: 0 append success next 1 match 0
032147 LEAD S2: prevLog &raft.Entry{Command:interface {}(nil), Term:0, Index:0}
032148 LEAD S2: prevLog &raft.Entry{Command:interface {}(nil), Term:0, Index:0}
032148 INFO S0: (term 3) follower 收到 [2] AppendEntries [], prevIndex 0, prevTerm 0
032148 INFO S1: (term 3) follower 收到 [2] AppendEntries [], prevIndex 0, prevTerm 0
032149 LEAD S2: 0 append success next 1 match 0
032149 LEAD S2: 1 append success next 1 match 0
033151 LEAD S2: prevLog &raft.Entry{Command:interface {}(nil), Term:0, Index:0}
033151 LEAD S2: prevLog &raft.Entry{Command:interface {}(nil), Term:0, Index:0}
033151 INFO S0: (term 3) follower 收到 [2] AppendEntries [], prevIndex 0, prevTerm 0
033151 INFO S1: (term 3) follower 收到 [2] AppendEntries [], prevIndex 0, prevTerm 0
033152 LEAD S2: 0 append success next 1 match 0
033152 LEAD S2: 1 append success next 1 match 0
034154 LEAD S2: prevLog &raft.Entry{Command:interface {}(nil), Term:0, Index:0}
034154 LEAD S2: prevLog &raft.Entry{Command:interface {}(nil), Term:0, Index:0}
034155 INFO S0: (term 3) follower 收到 [2] AppendEntries [], prevIndex 0, prevTerm 0
034155 INFO S1: (term 3) follower 收到 [2] AppendEntries [], prevIndex 0, prevTerm 0
034155 LEAD S2: 0 append success next 1 match 0
034155 LEAD S2: 1 append success next 1 match 0
035157 LEAD S2: prevLog &raft.Entry{Command:interface {}(nil), Term:0, Index:0}
035157 LEAD S2: prevLog &raft.Entry{Command:interface {}(nil), Term:0, Index:0}
035158 INFO S1: (term 3) follower 收到 [2] AppendEntries [], prevIndex 0, prevTerm 0
035158 LEAD S2: 1 append success next 1 match 0
035158 INFO S0: (term 3) follower 收到 [2] AppendEntries [], prevIndex 0, prevTerm 0
035159 LEAD S2: 0 append success next 1 match 0
036161 LEAD S2: prevLog &raft.Entry{Command:interface {}(nil), Term:0, Index:0}
036162 LEAD S2: prevLog &raft.Entry{Command:interface {}(nil), Term:0, Index:0}
036164 INFO S0: (term 3) follower 收到 [2] AppendEntries [], prevIndex 0, prevTerm 0
036164 INFO S1: (term 3) follower 收到 [2] AppendEntries [], prevIndex 0, prevTerm 0
036165 LEAD S2: 0 append success next 1 match 0
036166 LEAD S2: 1 append success next 1 match 0
037166 LEAD S2: prevLog &raft.Entry{Command:interface {}(nil), Term:0, Index:0}
037166 LEAD S2: prevLog &raft.Entry{Command:interface {}(nil), Term:0, Index:0}
037167 INFO S0: (term 3) follower 收到 [2] AppendEntries [], prevIndex 0, prevTerm 0
037167 LEAD S2: 0 append success next 1 match 0
037167 INFO S1: (term 3) follower 收到 [2] AppendEntries [], prevIndex 0, prevTerm 0
037167 LEAD S2: 1 append success next 1 match 0
038171 LEAD S2: prevLog &raft.Entry{Command:interface {}(nil), Term:0, Index:0}
038171 LEAD S2: prevLog &raft.Entry{Command:interface {}(nil), Term:0, Index:0}
038172 INFO S0: (term 3) follower 收到 [2] AppendEntries [], prevIndex 0, prevTerm 0
038172 INFO S1: (term 3) follower 收到 [2] AppendEntries [], prevIndex 0, prevTerm 0
038173 LEAD S2: 0 append success next 1 match 0
038173 LEAD S2: 1 append success next 1 match 0
039174 LEAD S2: prevLog &raft.Entry{Command:interface {}(nil), Term:0, Index:0}
039174 LEAD S2: prevLog &raft.Entry{Command:interface {}(nil), Term:0, Index:0}
039175 INFO S0: (term 3) follower 收到 [2] AppendEntries [], prevIndex 0, prevTerm 0
039175 INFO S1: (term 3) follower 收到 [2] AppendEntries [], prevIndex 0, prevTerm 0
039175 LEAD S2: 1 append success next 1 match 0
039175 LEAD S2: 0 append success next 1 match 0
040177 LEAD S2: prevLog &raft.Entry{Command:interface {}(nil), Term:0, Index:0}
040177 LEAD S2: prevLog &raft.Entry{Command:interface {}(nil), Term:0, Index:0}
040178 INFO S1: (term 3) follower 收到 [2] AppendEntries [], prevIndex 0, prevTerm 0
040178 INFO S0: (term 3) follower 收到 [2] AppendEntries [], prevIndex 0, prevTerm 0
040178 LEAD S2: 1 append success next 1 match 0
040178 LEAD S2: 0 append success next 1 match 0
041182 LEAD S2: prevLog &raft.Entry{Command:interface {}(nil), Term:0, Index:0}
041182 LEAD S2: prevLog &raft.Entry{Command:interface {}(nil), Term:0, Index:0}
041185 INFO S1: (term 3) follower 收到 [2] AppendEntries [], prevIndex 0, prevTerm 0
041185 INFO S0: (term 3) follower 收到 [2] AppendEntries [], prevIndex 0, prevTerm 0
041186 LEAD S2: 1 append success next 1 match 0
041187 LEAD S2: 0 append success next 1 match 0
042187 LEAD S2: prevLog &raft.Entry{Command:interface {}(nil), Term:0, Index:0}
042187 LEAD S2: prevLog &raft.Entry{Command:interface {}(nil), Term:0, Index:0}
042188 INFO S1: (term 3) follower 收到 [2] AppendEntries [], prevIndex 0, prevTerm 0
042188 INFO S0: (term 3) follower 收到 [2] AppendEntries [], prevIndex 0, prevTerm 0
042188 LEAD S2: 1 append success next 1 match 0
042188 LEAD S2: 0 append success next 1 match 0
043190 LEAD S2: prevLog &raft.Entry{Command:interface {}(nil), Term:0, Index:0}
043191 LEAD S2: prevLog &raft.Entry{Command:interface {}(nil), Term:0, Index:0}
043191 INFO S1: (term 3) follower 收到 [2] AppendEntries [], prevIndex 0, prevTerm 0
043192 LEAD S2: 1 append success next 1 match 0
043192 INFO S0: (term 3) follower 收到 [2] AppendEntries [], prevIndex 0, prevTerm 0
043192 LEAD S2: 0 append success next 1 match 0
044194 LEAD S2: prevLog &raft.Entry{Command:interface {}(nil), Term:0, Index:0}
044194 LEAD S2: prevLog &raft.Entry{Command:interface {}(nil), Term:0, Index:0}
044195 INFO S0: (term 3) follower 收到 [2] AppendEntries [], prevIndex 0, prevTerm 0
044195 INFO S1: (term 3) follower 收到 [2] AppendEntries [], prevIndex 0, prevTerm 0
044195 LEAD S2: 0 append success next 1 match 0
044195 LEAD S2: 1 append success next 1 match 0
045199 LEAD S2: prevLog &raft.Entry{Command:interface {}(nil), Term:0, Index:0}
045199 LEAD S2: prevLog &raft.Entry{Command:interface {}(nil), Term:0, Index:0}
045201 INFO S1: (term 3) follower 收到 [2] AppendEntries [], prevIndex 0, prevTerm 0
045201 INFO S0: (term 3) follower 收到 [2] AppendEntries [], prevIndex 0, prevTerm 0
045202 LEAD S2: 1 append success next 1 match 0
045202 LEAD S2: 0 append success next 1 match 0
046206 LEAD S2: prevLog &raft.Entry{Command:interface {}(nil), Term:0, Index:0}
046207 LEAD S2: prevLog &raft.Entry{Command:interface {}(nil), Term:0, Index:0}
046209 INFO S1: (term 3) follower 收到 [2] AppendEntries [], prevIndex 0, prevTerm 0
046209 INFO S0: (term 3) follower 收到 [2] AppendEntries [], prevIndex 0, prevTerm 0
046210 LEAD S2: 1 append success next 1 match 0
046211 LEAD S2: 0 append success next 1 match 0
047211 LEAD S2: prevLog &raft.Entry{Command:interface {}(nil), Term:0, Index:0}
047211 LEAD S2: prevLog &raft.Entry{Command:interface {}(nil), Term:0, Index:0}
047212 INFO S1: (term 3) follower 收到 [2] AppendEntries [], prevIndex 0, prevTerm 0
047212 LEAD S2: 1 append success next 1 match 0
047212 INFO S0: (term 3) follower 收到 [2] AppendEntries [], prevIndex 0, prevTerm 0
047213 LEAD S2: 0 append success next 1 match 0
048219 LEAD S2: prevLog &raft.Entry{Command:interface {}(nil), Term:0, Index:0}
048219 LEAD S2: prevLog &raft.Entry{Command:interface {}(nil), Term:0, Index:0}
048222 INFO S1: (term 3) follower 收到 [2] AppendEntries [], prevIndex 0, prevTerm 0
048223 LEAD S2: 1 append success next 1 match 0
048223 INFO S0: (term 3) follower 收到 [2] AppendEntries [], prevIndex 0, prevTerm 0
048225 LEAD S2: 0 append success next 1 match 0
049226 LEAD S2: prevLog &raft.Entry{Command:interface {}(nil), Term:0, Index:0}
049226 LEAD S2: prevLog &raft.Entry{Command:interface {}(nil), Term:0, Index:0}
049227 INFO S0: (term 3) follower 收到 [2] AppendEntries [], prevIndex 0, prevTerm 0
049227 INFO S1: (term 3) follower 收到 [2] AppendEntries [], prevIndex 0, prevTerm 0
049227 LEAD S2: 0 append success next 1 match 0
049227 LEAD S2: 1 append success next 1 match 0
050228 LEAD S2: prevLog &raft.Entry{Command:interface {}(nil), Term:0, Index:0}
050229 LEAD S2: prevLog &raft.Entry{Command:interface {}(nil), Term:0, Index:0}
050229 INFO S0: (term 3) follower 收到 [2] AppendEntries [], prevIndex 0, prevTerm 0
050229 INFO S1: (term 3) follower 收到 [2] AppendEntries [], prevIndex 0, prevTerm 0
050230 LEAD S2: 0 append success next 1 match 0
050230 LEAD S2: 1 append success next 1 match 0
051232 LEAD S2: prevLog &raft.Entry{Command:interface {}(nil), Term:0, Index:0}
051232 LEAD S2: prevLog &raft.Entry{Command:interface {}(nil), Term:0, Index:0}
051233 INFO S0: (term 3) follower 收到 [2] AppendEntries [], prevIndex 0, prevTerm 0
051234 INFO S1: (term 3) follower 收到 [2] AppendEntries [], prevIndex 0, prevTerm 0
051234 LEAD S2: 1 append success next 1 match 0
051234 LEAD S2: 0 append success next 1 match 0
052234 LEAD S2: prevLog &raft.Entry{Command:interface {}(nil), Term:0, Index:0}
052235 LEAD S2: prevLog &raft.Entry{Command:interface {}(nil), Term:0, Index:0}
052235 INFO S1: (term 3) follower 收到 [2] AppendEntries [], prevIndex 0, prevTerm 0
052236 LEAD S2: 1 append success next 1 match 0
052236 INFO S0: (term 3) follower 收到 [2] AppendEntries [], prevIndex 0, prevTerm 0
052236 LEAD S2: 0 append success next 1 match 0
053239 LEAD S2: prevLog &raft.Entry{Command:interface {}(nil), Term:0, Index:0}
053239 LEAD S2: prevLog &raft.Entry{Command:interface {}(nil), Term:0, Index:0}
053239 INFO S0: (term 3) follower 收到 [2] AppendEntries [], prevIndex 0, prevTerm 0
053240 INFO S1: (term 3) follower 收到 [2] AppendEntries [], prevIndex 0, prevTerm 0
053240 LEAD S2: 0 append success next 1 match 0
053240 LEAD S2: 1 append success next 1 match 0
054244 LEAD S2: prevLog &raft.Entry{Command:interface {}(nil), Term:0, Index:0}
054244 LEAD S2: prevLog &raft.Entry{Command:interface {}(nil), Term:0, Index:0}
054245 INFO S1: (term 3) follower 收到 [2] AppendEntries [], prevIndex 0, prevTerm 0
054245 LEAD S2: 1 append success next 1 match 0
054245 INFO S0: (term 3) follower 收到 [2] AppendEntries [], prevIndex 0, prevTerm 0
054246 LEAD S2: 0 append success next 1 match 0
055248 LEAD S2: prevLog &raft.Entry{Command:interface {}(nil), Term:0, Index:0}
055248 LEAD S2: prevLog &raft.Entry{Command:interface {}(nil), Term:0, Index:0}
055249 INFO S0: (term 3) follower 收到 [2] AppendEntries [], prevIndex 0, prevTerm 0
055249 INFO S1: (term 3) follower 收到 [2] AppendEntries [], prevIndex 0, prevTerm 0
055250 LEAD S2: 0 append success next 1 match 0
055250 LEAD S2: 1 append success next 1 match 0
056253 LEAD S2: prevLog &raft.Entry{Command:interface {}(nil), Term:0, Index:0}
056253 LEAD S2: prevLog &raft.Entry{Command:interface {}(nil), Term:0, Index:0}
056254 INFO S0: (term 3) follower 收到 [2] AppendEntries [], prevIndex 0, prevTerm 0
056254 INFO S1: (term 3) follower 收到 [2] AppendEntries [], prevIndex 0, prevTerm 0
056254 LEAD S2: 1 append success next 1 match 0
056255 LEAD S2: 0 append success next 1 match 0
057259 LEAD S2: prevLog &raft.Entry{Command:interface {}(nil), Term:0, Index:0}
057259 LEAD S2: prevLog &raft.Entry{Command:interface {}(nil), Term:0, Index:0}
057260 INFO S0: (term 3) follower 收到 [2] AppendEntries [], prevIndex 0, prevTerm 0
057260 INFO S1: (term 3) follower 收到 [2] AppendEntries [], prevIndex 0, prevTerm 0
057260 LEAD S2: 0 append success next 1 match 0
057260 LEAD S2: 1 append success next 1 match 0
058264 LEAD S2: prevLog &raft.Entry{Command:interface {}(nil), Term:0, Index:0}
058264 LEAD S2: prevLog &raft.Entry{Command:interface {}(nil), Term:0, Index:0}
058265 INFO S0: (term 3) follower 收到 [2] AppendEntries [], prevIndex 0, prevTerm 0
058265 LEAD S2: 0 append success next 1 match 0
058265 INFO S1: (term 3) follower 收到 [2] AppendEntries [], prevIndex 0, prevTerm 0
058265 LEAD S2: 1 append success next 1 match 0
059266 LEAD S2: prevLog &raft.Entry{Command:interface {}(nil), Term:0, Index:0}
059267 LEAD S2: prevLog &raft.Entry{Command:interface {}(nil), Term:0, Index:0}
059267 INFO S1: (term 3) follower 收到 [2] AppendEntries [], prevIndex 0, prevTerm 0
059267 INFO S0: (term 3) follower 收到 [2] AppendEntries [], prevIndex 0, prevTerm 0
059268 LEAD S2: 1 append success next 1 match 0
059268 LEAD S2: 0 append success next 1 match 0
060270 LEAD S2: prevLog &raft.Entry{Command:interface {}(nil), Term:0, Index:0}
060270 LEAD S2: prevLog &raft.Entry{Command:interface {}(nil), Term:0, Index:0}
060271 INFO S0: (term 3) follower 收到 [2] AppendEntries [], prevIndex 0, prevTerm 0
060271 LEAD S2: 0 append success next 1 match 0
060271 INFO S1: (term 3) follower 收到 [2] AppendEntries [], prevIndex 0, prevTerm 0
060271 LEAD S2: 1 append success next 1 match 0
061275 LEAD S2: prevLog &raft.Entry{Command:interface {}(nil), Term:0, Index:0}
061275 LEAD S2: prevLog &raft.Entry{Command:interface {}(nil), Term:0, Index:0}
061275 INFO S1: (term 3) follower 收到 [2] AppendEntries [], prevIndex 0, prevTerm 0
061276 LEAD S2: 1 append success next 1 match 0
061276 INFO S0: (term 3) follower 收到 [2] AppendEntries [], prevIndex 0, prevTerm 0
061276 LEAD S2: 0 append success next 1 match 0
062277 LEAD S2: prevLog &raft.Entry{Command:interface {}(nil), Term:0, Index:0}
062277 LEAD S2: prevLog &raft.Entry{Command:interface {}(nil), Term:0, Index:0}
062278 INFO S0: (term 3) follower 收到 [2] AppendEntries [], prevIndex 0, prevTerm 0
062278 LEAD S2: 0 append success next 1 match 0
062279 INFO S1: (term 3) follower 收到 [2] AppendEntries [], prevIndex 0, prevTerm 0
062279 LEAD S2: 1 append success next 1 match 0
063282 LEAD S2: prevLog &raft.Entry{Command:interface {}(nil), Term:0, Index:0}
063282 LEAD S2: prevLog &raft.Entry{Command:interface {}(nil), Term:0, Index:0}
063283 INFO S1: (term 3) follower 收到 [2] AppendEntries [], prevIndex 0, prevTerm 0
063283 LEAD S2: 1 append success next 1 match 0
063283 INFO S0: (term 3) follower 收到 [2] AppendEntries [], prevIndex 0, prevTerm 0
063284 LEAD S2: 0 append success next 1 match 0
064288 LEAD S2: prevLog &raft.Entry{Command:interface {}(nil), Term:0, Index:0}
064289 LEAD S2: prevLog &raft.Entry{Command:interface {}(nil), Term:0, Index:0}
064290 INFO S1: (term 3) follower 收到 [2] AppendEntries [], prevIndex 0, prevTerm 0
064290 LEAD S2: 1 append success next 1 match 0
064290 INFO S0: (term 3) follower 收到 [2] AppendEntries [], prevIndex 0, prevTerm 0
064290 LEAD S2: 0 append success next 1 match 0
065293 LEAD S2: prevLog &raft.Entry{Command:interface {}(nil), Term:0, Index:0}
065293 LEAD S2: prevLog &raft.Entry{Command:interface {}(nil), Term:0, Index:0}
065295 INFO S1: (term 3) follower 收到 [2] AppendEntries [], prevIndex 0, prevTerm 0
065296 INFO S0: (term 3) follower 收到 [2] AppendEntries [], prevIndex 0, prevTerm 0
065296 LEAD S2: 1 append success next 1 match 0
065297 LEAD S2: 0 append success next 1 match 0
066297 LEAD S2: prevLog &raft.Entry{Command:interface {}(nil), Term:0, Index:0}
066298 LEAD S2: prevLog &raft.Entry{Command:interface {}(nil), Term:0, Index:0}
066298 INFO S1: (term 3) follower 收到 [2] AppendEntries [], prevIndex 0, prevTerm 0
066299 INFO S0: (term 3) follower 收到 [2] AppendEntries [], prevIndex 0, prevTerm 0
066299 LEAD S2: 1 append success next 1 match 0
066300 LEAD S2: 0 append success next 1 match 0
067302 LEAD S2: prevLog &raft.Entry{Command:interface {}(nil), Term:0, Index:0}
067303 LEAD S2: prevLog &raft.Entry{Command:interface {}(nil), Term:0, Index:0}
067304 INFO S0: (term 3) follower 收到 [2] AppendEntries [], prevIndex 0, prevTerm 0
067304 INFO S1: (term 3) follower 收到 [2] AppendEntries [], prevIndex 0, prevTerm 0
067310 LEAD S2: 0 append success next 1 match 0
067311 LEAD S2: 1 append success next 1 match 0
068309 LEAD S2: prevLog &raft.Entry{Command:interface {}(nil), Term:0, Index:0}
068309 LEAD S2: prevLog &raft.Entry{Command:interface {}(nil), Term:0, Index:0}
068310 INFO S1: (term 3) follower 收到 [2] AppendEntries [], prevIndex 0, prevTerm 0
068310 LEAD S2: 1 append success next 1 match 0
068311 INFO S0: (term 3) follower 收到 [2] AppendEntries [], prevIndex 0, prevTerm 0
068311 LEAD S2: 0 append success next 1 match 0
069313 LEAD S2: prevLog &raft.Entry{Command:interface {}(nil), Term:0, Index:0}
069313 LEAD S2: prevLog &raft.Entry{Command:interface {}(nil), Term:0, Index:0}
069314 INFO S1: (term 3) follower 收到 [2] AppendEntries [], prevIndex 0, prevTerm 0
069314 LEAD S2: 1 append success next 1 match 0
069314 INFO S0: (term 3) follower 收到 [2] AppendEntries [], prevIndex 0, prevTerm 0
069315 LEAD S2: 0 append success next 1 match 0
070318 LEAD S2: prevLog &raft.Entry{Command:interface {}(nil), Term:0, Index:0}
070318 LEAD S2: prevLog &raft.Entry{Command:interface {}(nil), Term:0, Index:0}
070321 INFO S1: (term 3) follower 收到 [2] AppendEntries [], prevIndex 0, prevTerm 0
070321 INFO S0: (term 3) follower 收到 [2] AppendEntries [], prevIndex 0, prevTerm 0
070322 LEAD S2: 1 append success next 1 match 0
070323 LEAD S2: 0 append success next 1 match 0
071321 LEAD S2: prevLog &raft.Entry{Command:interface {}(nil), Term:0, Index:0}
071321 LEAD S2: prevLog &raft.Entry{Command:interface {}(nil), Term:0, Index:0}
071322 INFO S0: (term 3) follower 收到 [2] AppendEntries [], prevIndex 0, prevTerm 0
071322 INFO S1: (term 3) follower 收到 [2] AppendEntries [], prevIndex 0, prevTerm 0
071322 LEAD S2: 0 append success next 1 match 0
071322 LEAD S2: 1 append success next 1 match 0
072324 LEAD S2: prevLog &raft.Entry{Command:interface {}(nil), Term:0, Index:0}
072324 LEAD S2: prevLog &raft.Entry{Command:interface {}(nil), Term:0, Index:0}
072325 INFO S0: (term 3) follower 收到 [2] AppendEntries [], prevIndex 0, prevTerm 0
072326 LEAD S2: 0 append success next 1 match 0
072326 INFO S1: (term 3) follower 收到 [2] AppendEntries [], prevIndex 0, prevTerm 0
072327 LEAD S2: 1 append success next 1 match 0
073329 LEAD S2: prevLog &raft.Entry{Command:interface {}(nil), Term:0, Index:0}
073329 LEAD S2: prevLog &raft.Entry{Command:interface {}(nil), Term:0, Index:0}
073330 INFO S0: (term 3) follower 收到 [2] AppendEntries [], prevIndex 0, prevTerm 0
073330 INFO S1: (term 3) follower 收到 [2] AppendEntries [], prevIndex 0, prevTerm 0
073330 LEAD S2: 1 append success next 1 match 0
073330 LEAD S2: 0 append success next 1 match 0
074332 LEAD S2: prevLog &raft.Entry{Command:interface {}(nil), Term:0, Index:0}
074332 LEAD S2: prevLog &raft.Entry{Command:interface {}(nil), Term:0, Index:0}
074333 INFO S1: (term 3) follower 收到 [2] AppendEntries [], prevIndex 0, prevTerm 0
074333 LEAD S2: 1 append success next 1 match 0
074333 INFO S0: (term 3) follower 收到 [2] AppendEntries [], prevIndex 0, prevTerm 0
074334 LEAD S2: 0 append success next 1 match 0
075335 LEAD S2: prevLog &raft.Entry{Command:interface {}(nil), Term:0, Index:0}
075335 LEAD S2: prevLog &raft.Entry{Command:interface {}(nil), Term:0, Index:0}
075336 INFO S1: (term 3) follower 收到 [2] AppendEntries [], prevIndex 0, prevTerm 0
075336 LEAD S2: 1 append success next 1 match 0
075337 INFO S0: (term 3) follower 收到 [2] AppendEntries [], prevIndex 0, prevTerm 0
075337 LEAD S2: 0 append success next 1 match 0
076339 LEAD S2: prevLog &raft.Entry{Command:interface {}(nil), Term:0, Index:0}
076339 LEAD S2: prevLog &raft.Entry{Command:interface {}(nil), Term:0, Index:0}
076340 INFO S0: (term 3) follower 收到 [2] AppendEntries [], prevIndex 0, prevTerm 0
076340 INFO S1: (term 3) follower 收到 [2] AppendEntries [], prevIndex 0, prevTerm 0
076341 LEAD S2: 1 append success next 1 match 0
076341 LEAD S2: 0 append success next 1 match 0
077344 LEAD S2: prevLog &raft.Entry{Command:interface {}(nil), Term:0, Index:0}
077345 LEAD S2: prevLog &raft.Entry{Command:interface {}(nil), Term:0, Index:0}
077347 INFO S1: (term 3) follower 收到 [2] AppendEntries [], prevIndex 0, prevTerm 0
077348 LEAD S2: 1 append success next 1 match 0
077348 INFO S0: (term 3) follower 收到 [2] AppendEntries [], prevIndex 0, prevTerm 0
077350 LEAD S2: 0 append success next 1 match 0
078349 LEAD S2: prevLog &raft.Entry{Command:interface {}(nil), Term:0, Index:0}
078349 LEAD S2: prevLog &raft.Entry{Command:interface {}(nil), Term:0, Index:0}
078350 INFO S1: (term 3) follower 收到 [2] AppendEntries [], prevIndex 0, prevTerm 0
078350 INFO S0: (term 3) follower 收到 [2] AppendEntries [], prevIndex 0, prevTerm 0
078350 LEAD S2: 1 append success next 1 match 0
078350 LEAD S2: 0 append success next 1 match 0
079353 LEAD S2: prevLog &raft.Entry{Command:interface {}(nil), Term:0, Index:0}
079353 LEAD S2: prevLog &raft.Entry{Command:interface {}(nil), Term:0, Index:0}
079354 INFO S0: (term 3) follower 收到 [2] AppendEntries [], prevIndex 0, prevTerm 0
079354 INFO S1: (term 3) follower 收到 [2] AppendEntries [], prevIndex 0, prevTerm 0
079355 LEAD S2: 0 append success next 1 match 0
079355 LEAD S2: 1 append success next 1 match 0
080358 LEAD S2: prevLog &raft.Entry{Command:interface {}(nil), Term:0, Index:0}
080358 LEAD S2: prevLog &raft.Entry{Command:interface {}(nil), Term:0, Index:0}
080360 INFO S1: (term 3) follower 收到 [2] AppendEntries [], prevIndex 0, prevTerm 0
080360 LEAD S2: 1 append success next 1 match 0
080361 INFO S0: (term 3) follower 收到 [2] AppendEntries [], prevIndex 0, prevTerm 0
080362 LEAD S2: 0 append success next 1 match 0
081361 LEAD S2: prevLog &raft.Entry{Command:interface {}(nil), Term:0, Index:0}
081361 LEAD S2: prevLog &raft.Entry{Command:interface {}(nil), Term:0, Index:0}
081362 INFO S1: (term 3) follower 收到 [2] AppendEntries [], prevIndex 0, prevTerm 0
081362 INFO S0: (term 3) follower 收到 [2] AppendEntries [], prevIndex 0, prevTerm 0
081362 LEAD S2: 1 append success next 1 match 0
081362 LEAD S2: 0 append success next 1 match 0
082365 LEAD S2: prevLog &raft.Entry{Command:interface {}(nil), Term:0, Index:0}
082365 LEAD S2: prevLog &raft.Entry{Command:interface {}(nil), Term:0, Index:0}
082366 INFO S1: (term 3) follower 收到 [2] AppendEntries [], prevIndex 0, prevTerm 0
082366 LEAD S2: 1 append success next 1 match 0
082366 INFO S0: (term 3) follower 收到 [2] AppendEntries [], prevIndex 0, prevTerm 0
082367 LEAD S2: 0 append success next 1 match 0
083368 LEAD S2: prevLog &raft.Entry{Command:interface {}(nil), Term:0, Index:0}
083368 LEAD S2: prevLog &raft.Entry{Command:interface {}(nil), Term:0, Index:0}
083369 INFO S1: (term 3) follower 收到 [2] AppendEntries [], prevIndex 0, prevTerm 0
083369 INFO S0: (term 3) follower 收到 [2] AppendEntries [], prevIndex 0, prevTerm 0
083369 LEAD S2: 0 append success next 1 match 0
083369 LEAD S2: 1 append success next 1 match 0
084374 LEAD S2: prevLog &raft.Entry{Command:interface {}(nil), Term:0, Index:0}
084374 LEAD S2: prevLog &raft.Entry{Command:interface {}(nil), Term:0, Index:0}
084375 INFO S0: (term 3) follower 收到 [2] AppendEntries [], prevIndex 0, prevTerm 0
084375 INFO S1: (term 3) follower 收到 [2] AppendEntries [], prevIndex 0, prevTerm 0
084375 LEAD S2: 0 append success next 1 match 0
084375 LEAD S2: 1 append success next 1 match 0
085379 LEAD S2: prevLog &raft.Entry{Command:interface {}(nil), Term:0, Index:0}
085380 LEAD S2: prevLog &raft.Entry{Command:interface {}(nil), Term:0, Index:0}
085382 INFO S1: (term 3) follower 收到 [2] AppendEntries [], prevIndex 0, prevTerm 0
085382 INFO S0: (term 3) follower 收到 [2] AppendEntries [], prevIndex 0, prevTerm 0
085383 LEAD S2: 1 append success next 1 match 0
085384 LEAD S2: 0 append success next 1 match 0
086387 LEAD S2: prevLog &raft.Entry{Command:interface {}(nil), Term:0, Index:0}
086387 LEAD S2: prevLog &raft.Entry{Command:interface {}(nil), Term:0, Index:0}
086388 INFO S0: (term 3) follower 收到 [2] AppendEntries [], prevIndex 0, prevTerm 0
086388 LEAD S2: 0 append success next 1 match 0
086388 INFO S1: (term 3) follower 收到 [2] AppendEntries [], prevIndex 0, prevTerm 0
086389 LEAD S2: 1 append success next 1 match 0
087391 LEAD S2: prevLog &raft.Entry{Command:interface {}(nil), Term:0, Index:0}
087391 LEAD S2: prevLog &raft.Entry{Command:interface {}(nil), Term:0, Index:0}
087391 INFO S1: (term 3) follower 收到 [2] AppendEntries [], prevIndex 0, prevTerm 0
087392 LEAD S2: 1 append success next 1 match 0
087392 INFO S0: (term 3) follower 收到 [2] AppendEntries [], prevIndex 0, prevTerm 0
087392 LEAD S2: 0 append success next 1 match 0
088396 LEAD S2: prevLog &raft.Entry{Command:interface {}(nil), Term:0, Index:0}
088396 LEAD S2: prevLog &raft.Entry{Command:interface {}(nil), Term:0, Index:0}
088398 INFO S1: (term 3) follower 收到 [2] AppendEntries [], prevIndex 0, prevTerm 0
088398 INFO S0: (term 3) follower 收到 [2] AppendEntries [], prevIndex 0, prevTerm 0
088399 LEAD S2: 0 append success next 1 match 0
088399 LEAD S2: 1 append success next 1 match 0
089400 LEAD S2: prevLog &raft.Entry{Command:interface {}(nil), Term:0, Index:0}
089401 LEAD S2: prevLog &raft.Entry{Command:interface {}(nil), Term:0, Index:0}
089402 INFO S1: (term 3) follower 收到 [2] AppendEntries [], prevIndex 0, prevTerm 0
089402 INFO S0: (term 3) follower 收到 [2] AppendEntries [], prevIndex 0, prevTerm 0
089402 LEAD S2: 1 append success next 1 match 0
089402 LEAD S2: 0 append success next 1 match 0
090404 LEAD S2: prevLog &raft.Entry{Command:interface {}(nil), Term:0, Index:0}
090404 LEAD S2: prevLog &raft.Entry{Command:interface {}(nil), Term:0, Index:0}
090405 INFO S1: (term 3) follower 收到 [2] AppendEntries [], prevIndex 0, prevTerm 0
090406 INFO S0: (term 3) follower 收到 [2] AppendEntries [], prevIndex 0, prevTerm 0
090406 LEAD S2: 1 append success next 1 match 0
090406 LEAD S2: 0 append success next 1 match 0
091408 LEAD S2: prevLog &raft.Entry{Command:interface {}(nil), Term:0, Index:0}
091408 LEAD S2: prevLog &raft.Entry{Command:interface {}(nil), Term:0, Index:0}
091409 INFO S1: (term 3) follower 收到 [2] AppendEntries [], prevIndex 0, prevTerm 0
091409 LEAD S2: 1 append success next 1 match 0
091410 INFO S0: (term 3) follower 收到 [2] AppendEntries [], prevIndex 0, prevTerm 0
091410 LEAD S2: 0 append success next 1 match 0
092413 LEAD S2: prevLog &raft.Entry{Command:interface {}(nil), Term:0, Index:0}
092413 LEAD S2: prevLog &raft.Entry{Command:interface {}(nil), Term:0, Index:0}
092414 INFO S0: (term 3) follower 收到 [2] AppendEntries [], prevIndex 0, prevTerm 0
092414 INFO S1: (term 3) follower 收到 [2] AppendEntries [], prevIndex 0, prevTerm 0
092414 LEAD S2: 0 append success next 1 match 0
092414 LEAD S2: 1 append success next 1 match 0
093416 LEAD S2: prevLog &raft.Entry{Command:interface {}(nil), Term:0, Index:0}
093416 LEAD S2: prevLog &raft.Entry{Command:interface {}(nil), Term:0, Index:0}
093417 INFO S1: (term 3) follower 收到 [2] AppendEntries [], prevIndex 0, prevTerm 0
093417 LEAD S2: 1 append success next 1 match 0
093417 INFO S0: (term 3) follower 收到 [2] AppendEntries [], prevIndex 0, prevTerm 0
093417 LEAD S2: 0 append success next 1 match 0
094419 LEAD S2: prevLog &raft.Entry{Command:interface {}(nil), Term:0, Index:0}
094419 LEAD S2: prevLog &raft.Entry{Command:interface {}(nil), Term:0, Index:0}
094420 INFO S0: (term 3) follower 收到 [2] AppendEntries [], prevIndex 0, prevTerm 0
094420 INFO S1: (term 3) follower 收到 [2] AppendEntries [], prevIndex 0, prevTerm 0
094420 LEAD S2: 0 append success next 1 match 0
094420 LEAD S2: 1 append success next 1 match 0
095422 LEAD S2: prevLog &raft.Entry{Command:interface {}(nil), Term:0, Index:0}
095422 LEAD S2: prevLog &raft.Entry{Command:interface {}(nil), Term:0, Index:0}
095423 INFO S1: (term 3) follower 收到 [2] AppendEntries [], prevIndex 0, prevTerm 0
095423 LEAD S2: 1 append success next 1 match 0
095423 INFO S0: (term 3) follower 收到 [2] AppendEntries [], prevIndex 0, prevTerm 0
095423 LEAD S2: 0 append success next 1 match 0
096426 LEAD S2: prevLog &raft.Entry{Command:interface {}(nil), Term:0, Index:0}
096426 LEAD S2: prevLog &raft.Entry{Command:interface {}(nil), Term:0, Index:0}
096426 INFO S1: (term 3) follower 收到 [2] AppendEntries [], prevIndex 0, prevTerm 0
096427 LEAD S2: 1 append success next 1 match 0
096427 INFO S0: (term 3) follower 收到 [2] AppendEntries [], prevIndex 0, prevTerm 0
096427 LEAD S2: 0 append success next 1 match 0
097430 LEAD S2: prevLog &raft.Entry{Command:interface {}(nil), Term:0, Index:0}
097430 LEAD S2: prevLog &raft.Entry{Command:interface {}(nil), Term:0, Index:0}
097431 INFO S1: (term 3) follower 收到 [2] AppendEntries [], prevIndex 0, prevTerm 0
097431 INFO S0: (term 3) follower 收到 [2] AppendEntries [], prevIndex 0, prevTerm 0
097431 LEAD S2: 0 append success next 1 match 0
097431 LEAD S2: 1 append success next 1 match 0
098433 LEAD S2: prevLog &raft.Entry{Command:interface {}(nil), Term:0, Index:0}
098434 LEAD S2: prevLog &raft.Entry{Command:interface {}(nil), Term:0, Index:0}
098434 INFO S1: (term 3) follower 收到 [2] AppendEntries [], prevIndex 0, prevTerm 0
098435 INFO S0: (term 3) follower 收到 [2] AppendEntries [], prevIndex 0, prevTerm 0
098435 LEAD S2: 1 append success next 1 match 0
098435 LEAD S2: 0 append success next 1 match 0
099438 LEAD S2: prevLog &raft.Entry{Command:interface {}(nil), Term:0, Index:0}
099439 LEAD S2: prevLog &raft.Entry{Command:interface {}(nil), Term:0, Index:0}
099439 INFO S0: (term 3) follower 收到 [2] AppendEntries [], prevIndex 0, prevTerm 0
099440 INFO S1: (term 3) follower 收到 [2] AppendEntries [], prevIndex 0, prevTerm 0
099440 LEAD S2: 0 append success next 1 match 0
099440 LEAD S2: 1 append success next 1 match 0
--- FAIL: TestPersist12C (10.04s)
    config.go:609: one(11) failed to reach agreement
100442 LEAD S2: prevLog &raft.Entry{Command:interface {}(nil), Term:0, Index:0}
FAIL
100442 LEAD S2: prevLog &raft.Entry{Command:interface {}(nil), Term:0, Index:0}
exit status 1
FAIL	6.824/raft	10.045s
