Test (2C): basic persistence ...
003015 INFO S1: start leader election, term 1
003015 INFO S2: start leader election, term 1
003015 VOTE S1: term 1 send vote request to 2
003015 INFO S0: start leader election, term 1
003015 VOTE S0: term 1 send vote request to 2
003015 VOTE S2: term 1 send vote request to 1
003015 VOTE S0: term 1 send vote request to 1
003016 VOTE S2: term 1 send vote request to 0
003017 VOTE S1: 2 没有投给me，结束
003017 VOTE S0: 1 没有投给me，结束
003017 VOTE S1: term 1 send vote request to 0
003017 VOTE S2: 0 没有投给me，结束
003017 VOTE S0: 2 没有投给me，结束
003017 VOTE S1: 0 没有投给me，结束
003017 VOTE S2: 1 没有投给me，结束
006029 INFO S0: start leader election, term 2
006029 INFO S1: start leader election, term 2
006029 VOTE S0: term 2 send vote request to 2
006030 VOTE S1: term 2 send vote request to 2
006030 VOTE S0: term 2 send vote request to 1
006030 VOTE S1: term 2 send vote request to 0
006030 TERM S2: set new term 2
006030 VOTE S2: term 2 vote 1
006030 VOTE S1: reply from 2, term一致，且投给1
006031 LEAD S1: come to power, start to send heartbeat
006031 VOTE S0: 2 没有投给me，结束
006031 LEAD S1: prevLog &raft.Entry{Command:interface {}(nil), Term:0, Index:0}
006031 LEAD S1: prevLog &raft.Entry{Command:interface {}(nil), Term:0, Index:0}
006031 VOTE S1: 0 没有投给me，结束
006031 VOTE S0: 1 没有投给me，结束
006032 INFO S0: (term 2) follower 收到 [1] AppendEntries [], prevIndex 0, prevTerm 0
006032 INFO S2: (term 2) follower 收到 [1] AppendEntries [], prevIndex 0, prevTerm 0
006032 LEAD S1: 0 append success next 1 match 0
006033 LEAD S1: 2 append success next 1 match 0
007036 LEAD S1: prevLog &raft.Entry{Command:interface {}(nil), Term:0, Index:0}
007036 LEAD S1: prevLog &raft.Entry{Command:interface {}(nil), Term:0, Index:0}
007037 INFO S2: (term 2) follower 收到 [1] AppendEntries [], prevIndex 0, prevTerm 0
007038 LEAD S1: 2 append success next 1 match 0
007038 INFO S0: (term 2) follower 收到 [1] AppendEntries [], prevIndex 0, prevTerm 0
007038 LEAD S1: 0 append success next 1 match 0
008039 LEAD S1: prevLog &raft.Entry{Command:interface {}(nil), Term:0, Index:0}
008039 LEAD S1: prevLog &raft.Entry{Command:interface {}(nil), Term:0, Index:0}
008040 INFO S2: (term 2) follower 收到 [1] AppendEntries [], prevIndex 0, prevTerm 0
008040 LEAD S1: 2 append success next 1 match 0
008040 INFO S0: (term 2) follower 收到 [1] AppendEntries [], prevIndex 0, prevTerm 0
008041 LEAD S1: 0 append success next 1 match 0
009044 LEAD S1: prevLog &raft.Entry{Command:interface {}(nil), Term:0, Index:0}
009044 LEAD S1: prevLog &raft.Entry{Command:interface {}(nil), Term:0, Index:0}
009045 INFO S2: (term 2) follower 收到 [1] AppendEntries [], prevIndex 0, prevTerm 0
009045 LEAD S1: 2 append success next 1 match 0
009046 INFO S0: (term 2) follower 收到 [1] AppendEntries [], prevIndex 0, prevTerm 0
009047 LEAD S1: 0 append success next 1 match 0
010048 LEAD S1: prevLog &raft.Entry{Command:interface {}(nil), Term:0, Index:0}
010049 LEAD S1: prevLog &raft.Entry{Command:interface {}(nil), Term:0, Index:0}
010049 INFO S2: (term 2) follower 收到 [1] AppendEntries [], prevIndex 0, prevTerm 0
010050 LEAD S1: 2 append success next 1 match 0
010050 INFO S0: (term 2) follower 收到 [1] AppendEntries [], prevIndex 0, prevTerm 0
010050 LEAD S1: 0 append success next 1 match 0
011052 LEAD S1: prevLog &raft.Entry{Command:interface {}(nil), Term:0, Index:0}
011052 LEAD S1: prevLog &raft.Entry{Command:interface {}(nil), Term:0, Index:0}
011054 INFO S2: (term 2) follower 收到 [1] AppendEntries [], prevIndex 0, prevTerm 0
011054 INFO S0: (term 2) follower 收到 [1] AppendEntries [], prevIndex 0, prevTerm 0
011054 LEAD S1: 2 append success next 1 match 0
011056 LEAD S1: 0 append success next 1 match 0
012056 LEAD S1: prevLog &raft.Entry{Command:interface {}(nil), Term:0, Index:0}
012057 LEAD S1: prevLog &raft.Entry{Command:interface {}(nil), Term:0, Index:0}
012058 INFO S2: (term 2) follower 收到 [1] AppendEntries [], prevIndex 0, prevTerm 0
012058 INFO S0: (term 2) follower 收到 [1] AppendEntries [], prevIndex 0, prevTerm 0
012059 LEAD S1: 2 append success next 1 match 0
012059 LEAD S1: 0 append success next 1 match 0
013060 LEAD S1: prevLog &raft.Entry{Command:interface {}(nil), Term:0, Index:0}
013060 LEAD S1: prevLog &raft.Entry{Command:interface {}(nil), Term:0, Index:0}
013061 INFO S2: (term 2) follower 收到 [1] AppendEntries [], prevIndex 0, prevTerm 0
013061 INFO S0: (term 2) follower 收到 [1] AppendEntries [], prevIndex 0, prevTerm 0
013062 LEAD S1: 2 append success next 1 match 0
013062 LEAD S1: 0 append success next 1 match 0
014065 LEAD S1: prevLog &raft.Entry{Command:interface {}(nil), Term:0, Index:0}
014065 LEAD S1: prevLog &raft.Entry{Command:interface {}(nil), Term:0, Index:0}
014066 INFO S2: (term 2) follower 收到 [1] AppendEntries [], prevIndex 0, prevTerm 0
014066 LEAD S1: 2 append success next 1 match 0
014066 INFO S0: (term 2) follower 收到 [1] AppendEntries [], prevIndex 0, prevTerm 0
014067 LEAD S1: 0 append success next 1 match 0
015070 LEAD S1: prevLog &raft.Entry{Command:interface {}(nil), Term:0, Index:0}
015070 LEAD S1: prevLog &raft.Entry{Command:interface {}(nil), Term:0, Index:0}
015071 INFO S2: (term 2) follower 收到 [1] AppendEntries [], prevIndex 0, prevTerm 0
015071 LEAD S1: 2 append success next 1 match 0
015071 INFO S0: (term 2) follower 收到 [1] AppendEntries [], prevIndex 0, prevTerm 0
015072 LEAD S1: 0 append success next 1 match 0
016074 LEAD S1: prevLog &raft.Entry{Command:interface {}(nil), Term:0, Index:0}
016075 LEAD S1: prevLog &raft.Entry{Command:interface {}(nil), Term:0, Index:0}
016075 INFO S2: (term 2) follower 收到 [1] AppendEntries [], prevIndex 0, prevTerm 0
016076 LEAD S1: 2 append success next 1 match 0
016076 INFO S0: (term 2) follower 收到 [1] AppendEntries [], prevIndex 0, prevTerm 0
016076 LEAD S1: 0 append success next 1 match 0
017079 LEAD S1: prevLog &raft.Entry{Command:interface {}(nil), Term:0, Index:0}
017079 LEAD S1: prevLog &raft.Entry{Command:interface {}(nil), Term:0, Index:0}
017080 INFO S2: (term 2) follower 收到 [1] AppendEntries [], prevIndex 0, prevTerm 0
017080 LEAD S1: 2 append success next 1 match 0
017080 INFO S0: (term 2) follower 收到 [1] AppendEntries [], prevIndex 0, prevTerm 0
017081 LEAD S1: 0 append success next 1 match 0
018083 LEAD S1: prevLog &raft.Entry{Command:interface {}(nil), Term:0, Index:0}
018084 LEAD S1: prevLog &raft.Entry{Command:interface {}(nil), Term:0, Index:0}
018086 INFO S2: (term 2) follower 收到 [1] AppendEntries [], prevIndex 0, prevTerm 0
018087 LEAD S1: 2 append success next 1 match 0
018087 INFO S0: (term 2) follower 收到 [1] AppendEntries [], prevIndex 0, prevTerm 0
018088 LEAD S1: 0 append success next 1 match 0
019090 LEAD S1: prevLog &raft.Entry{Command:interface {}(nil), Term:0, Index:0}
019090 LEAD S1: prevLog &raft.Entry{Command:interface {}(nil), Term:0, Index:0}
019092 INFO S2: (term 2) follower 收到 [1] AppendEntries [], prevIndex 0, prevTerm 0
019093 INFO S0: (term 2) follower 收到 [1] AppendEntries [], prevIndex 0, prevTerm 0
019093 LEAD S1: 2 append success next 1 match 0
019094 LEAD S1: 0 append success next 1 match 0
020097 LEAD S1: prevLog &raft.Entry{Command:interface {}(nil), Term:0, Index:0}
020097 LEAD S1: prevLog &raft.Entry{Command:interface {}(nil), Term:0, Index:0}
020098 INFO S2: (term 2) follower 收到 [1] AppendEntries [], prevIndex 0, prevTerm 0
020099 LEAD S1: 2 append success next 1 match 0
020099 INFO S0: (term 2) follower 收到 [1] AppendEntries [], prevIndex 0, prevTerm 0
020100 LEAD S1: 0 append success next 1 match 0
021100 LEAD S1: prevLog &raft.Entry{Command:interface {}(nil), Term:0, Index:0}
021100 LEAD S1: prevLog &raft.Entry{Command:interface {}(nil), Term:0, Index:0}
021101 INFO S2: (term 2) follower 收到 [1] AppendEntries [], prevIndex 0, prevTerm 0
021101 LEAD S1: 2 append success next 1 match 0
021101 INFO S0: (term 2) follower 收到 [1] AppendEntries [], prevIndex 0, prevTerm 0
021102 LEAD S1: 0 append success next 1 match 0
022103 LEAD S1: prevLog &raft.Entry{Command:interface {}(nil), Term:0, Index:0}
022104 LEAD S1: prevLog &raft.Entry{Command:interface {}(nil), Term:0, Index:0}
022104 INFO S2: (term 2) follower 收到 [1] AppendEntries [], prevIndex 0, prevTerm 0
022105 LEAD S1: 2 append success next 1 match 0
022105 INFO S0: (term 2) follower 收到 [1] AppendEntries [], prevIndex 0, prevTerm 0
022106 LEAD S1: 0 append success next 1 match 0
023107 LEAD S1: prevLog &raft.Entry{Command:interface {}(nil), Term:0, Index:0}
023107 LEAD S1: prevLog &raft.Entry{Command:interface {}(nil), Term:0, Index:0}
023108 INFO S2: (term 2) follower 收到 [1] AppendEntries [], prevIndex 0, prevTerm 0
023108 LEAD S1: 2 append success next 1 match 0
023109 INFO S0: (term 2) follower 收到 [1] AppendEntries [], prevIndex 0, prevTerm 0
023109 LEAD S1: 0 append success next 1 match 0
024111 LEAD S1: prevLog &raft.Entry{Command:interface {}(nil), Term:0, Index:0}
024111 LEAD S1: prevLog &raft.Entry{Command:interface {}(nil), Term:0, Index:0}
024112 INFO S2: (term 2) follower 收到 [1] AppendEntries [], prevIndex 0, prevTerm 0
024112 INFO S0: (term 2) follower 收到 [1] AppendEntries [], prevIndex 0, prevTerm 0
024112 LEAD S1: 2 append success next 1 match 0
024113 LEAD S1: 0 append success next 1 match 0
025113 LEAD S1: prevLog &raft.Entry{Command:interface {}(nil), Term:0, Index:0}
025114 LEAD S1: prevLog &raft.Entry{Command:interface {}(nil), Term:0, Index:0}
025114 INFO S2: (term 2) follower 收到 [1] AppendEntries [], prevIndex 0, prevTerm 0
025115 LEAD S1: 2 append success next 1 match 0
025115 INFO S0: (term 2) follower 收到 [1] AppendEntries [], prevIndex 0, prevTerm 0
025115 LEAD S1: 0 append success next 1 match 0
026117 LEAD S1: prevLog &raft.Entry{Command:interface {}(nil), Term:0, Index:0}
026117 LEAD S1: prevLog &raft.Entry{Command:interface {}(nil), Term:0, Index:0}
026118 INFO S2: (term 2) follower 收到 [1] AppendEntries [], prevIndex 0, prevTerm 0
026118 LEAD S1: 2 append success next 1 match 0
026118 INFO S0: (term 2) follower 收到 [1] AppendEntries [], prevIndex 0, prevTerm 0
026119 LEAD S1: 0 append success next 1 match 0
027121 LEAD S1: prevLog &raft.Entry{Command:interface {}(nil), Term:0, Index:0}
027121 LEAD S1: prevLog &raft.Entry{Command:interface {}(nil), Term:0, Index:0}
027122 INFO S2: (term 2) follower 收到 [1] AppendEntries [], prevIndex 0, prevTerm 0
027122 INFO S0: (term 2) follower 收到 [1] AppendEntries [], prevIndex 0, prevTerm 0
027122 LEAD S1: 2 append success next 1 match 0
027123 LEAD S1: 0 append success next 1 match 0
028125 LEAD S1: prevLog &raft.Entry{Command:interface {}(nil), Term:0, Index:0}
028125 LEAD S1: prevLog &raft.Entry{Command:interface {}(nil), Term:0, Index:0}
028128 INFO S2: (term 2) follower 收到 [1] AppendEntries [], prevIndex 0, prevTerm 0
028128 INFO S0: (term 2) follower 收到 [1] AppendEntries [], prevIndex 0, prevTerm 0
028129 LEAD S1: 2 append success next 1 match 0
028130 LEAD S1: 0 append success next 1 match 0
029130 LEAD S1: prevLog &raft.Entry{Command:interface {}(nil), Term:0, Index:0}
029131 LEAD S1: prevLog &raft.Entry{Command:interface {}(nil), Term:0, Index:0}
029131 INFO S2: (term 2) follower 收到 [1] AppendEntries [], prevIndex 0, prevTerm 0
029132 INFO S0: (term 2) follower 收到 [1] AppendEntries [], prevIndex 0, prevTerm 0
029132 LEAD S1: 2 append success next 1 match 0
029133 LEAD S1: 0 append success next 1 match 0
030134 LEAD S1: prevLog &raft.Entry{Command:interface {}(nil), Term:0, Index:0}
030134 LEAD S1: prevLog &raft.Entry{Command:interface {}(nil), Term:0, Index:0}
030135 INFO S2: (term 2) follower 收到 [1] AppendEntries [], prevIndex 0, prevTerm 0
030136 LEAD S1: 2 append success next 1 match 0
030136 INFO S0: (term 2) follower 收到 [1] AppendEntries [], prevIndex 0, prevTerm 0
030136 LEAD S1: 0 append success next 1 match 0
031138 LEAD S1: prevLog &raft.Entry{Command:interface {}(nil), Term:0, Index:0}
031139 LEAD S1: prevLog &raft.Entry{Command:interface {}(nil), Term:0, Index:0}
031139 INFO S2: (term 2) follower 收到 [1] AppendEntries [], prevIndex 0, prevTerm 0
031140 LEAD S1: 2 append success next 1 match 0
031140 INFO S0: (term 2) follower 收到 [1] AppendEntries [], prevIndex 0, prevTerm 0
031140 LEAD S1: 0 append success next 1 match 0
032143 LEAD S1: prevLog &raft.Entry{Command:interface {}(nil), Term:0, Index:0}
032143 LEAD S1: prevLog &raft.Entry{Command:interface {}(nil), Term:0, Index:0}
032144 INFO S2: (term 2) follower 收到 [1] AppendEntries [], prevIndex 0, prevTerm 0
032144 LEAD S1: 2 append success next 1 match 0
032144 INFO S0: (term 2) follower 收到 [1] AppendEntries [], prevIndex 0, prevTerm 0
032145 LEAD S1: 0 append success next 1 match 0
033148 LEAD S1: prevLog &raft.Entry{Command:interface {}(nil), Term:0, Index:0}
033148 LEAD S1: prevLog &raft.Entry{Command:interface {}(nil), Term:0, Index:0}
033149 INFO S2: (term 2) follower 收到 [1] AppendEntries [], prevIndex 0, prevTerm 0
033149 LEAD S1: 2 append success next 1 match 0
033149 INFO S0: (term 2) follower 收到 [1] AppendEntries [], prevIndex 0, prevTerm 0
033150 LEAD S1: 0 append success next 1 match 0
034153 LEAD S1: prevLog &raft.Entry{Command:interface {}(nil), Term:0, Index:0}
034153 LEAD S1: prevLog &raft.Entry{Command:interface {}(nil), Term:0, Index:0}
034154 INFO S2: (term 2) follower 收到 [1] AppendEntries [], prevIndex 0, prevTerm 0
034155 LEAD S1: 2 append success next 1 match 0
034155 INFO S0: (term 2) follower 收到 [1] AppendEntries [], prevIndex 0, prevTerm 0
034155 LEAD S1: 0 append success next 1 match 0
035157 LEAD S1: prevLog &raft.Entry{Command:interface {}(nil), Term:0, Index:0}
035157 LEAD S1: prevLog &raft.Entry{Command:interface {}(nil), Term:0, Index:0}
035158 INFO S2: (term 2) follower 收到 [1] AppendEntries [], prevIndex 0, prevTerm 0
035159 LEAD S1: 2 append success next 1 match 0
035159 INFO S0: (term 2) follower 收到 [1] AppendEntries [], prevIndex 0, prevTerm 0
035159 LEAD S1: 0 append success next 1 match 0
036162 LEAD S1: prevLog &raft.Entry{Command:interface {}(nil), Term:0, Index:0}
036162 LEAD S1: prevLog &raft.Entry{Command:interface {}(nil), Term:0, Index:0}
036163 INFO S2: (term 2) follower 收到 [1] AppendEntries [], prevIndex 0, prevTerm 0
036163 INFO S0: (term 2) follower 收到 [1] AppendEntries [], prevIndex 0, prevTerm 0
036163 LEAD S1: 2 append success next 1 match 0
036163 LEAD S1: 0 append success next 1 match 0
037167 LEAD S1: prevLog &raft.Entry{Command:interface {}(nil), Term:0, Index:0}
037168 LEAD S1: prevLog &raft.Entry{Command:interface {}(nil), Term:0, Index:0}
037168 INFO S2: (term 2) follower 收到 [1] AppendEntries [], prevIndex 0, prevTerm 0
037169 INFO S0: (term 2) follower 收到 [1] AppendEntries [], prevIndex 0, prevTerm 0
037169 LEAD S1: 2 append success next 1 match 0
037169 LEAD S1: 0 append success next 1 match 0
038173 LEAD S1: prevLog &raft.Entry{Command:interface {}(nil), Term:0, Index:0}
038173 LEAD S1: prevLog &raft.Entry{Command:interface {}(nil), Term:0, Index:0}
038174 INFO S2: (term 2) follower 收到 [1] AppendEntries [], prevIndex 0, prevTerm 0
038174 INFO S0: (term 2) follower 收到 [1] AppendEntries [], prevIndex 0, prevTerm 0
038174 LEAD S1: 2 append success next 1 match 0
038175 LEAD S1: 0 append success next 1 match 0
039176 LEAD S1: prevLog &raft.Entry{Command:interface {}(nil), Term:0, Index:0}
039176 LEAD S1: prevLog &raft.Entry{Command:interface {}(nil), Term:0, Index:0}
039177 INFO S2: (term 2) follower 收到 [1] AppendEntries [], prevIndex 0, prevTerm 0
039177 INFO S0: (term 2) follower 收到 [1] AppendEntries [], prevIndex 0, prevTerm 0
039178 LEAD S1: 2 append success next 1 match 0
039178 LEAD S1: 0 append success next 1 match 0
040180 LEAD S1: prevLog &raft.Entry{Command:interface {}(nil), Term:0, Index:0}
040180 LEAD S1: prevLog &raft.Entry{Command:interface {}(nil), Term:0, Index:0}
040181 INFO S2: (term 2) follower 收到 [1] AppendEntries [], prevIndex 0, prevTerm 0
040181 LEAD S1: 2 append success next 1 match 0
040181 INFO S0: (term 2) follower 收到 [1] AppendEntries [], prevIndex 0, prevTerm 0
040182 LEAD S1: 0 append success next 1 match 0
041184 LEAD S1: prevLog &raft.Entry{Command:interface {}(nil), Term:0, Index:0}
041184 LEAD S1: prevLog &raft.Entry{Command:interface {}(nil), Term:0, Index:0}
041185 INFO S2: (term 2) follower 收到 [1] AppendEntries [], prevIndex 0, prevTerm 0
041186 INFO S0: (term 2) follower 收到 [1] AppendEntries [], prevIndex 0, prevTerm 0
041186 LEAD S1: 2 append success next 1 match 0
041187 LEAD S1: 0 append success next 1 match 0
042189 LEAD S1: prevLog &raft.Entry{Command:interface {}(nil), Term:0, Index:0}
042190 LEAD S1: prevLog &raft.Entry{Command:interface {}(nil), Term:0, Index:0}
042193 INFO S2: (term 2) follower 收到 [1] AppendEntries [], prevIndex 0, prevTerm 0
042195 LEAD S1: 2 append success next 1 match 0
042195 INFO S0: (term 2) follower 收到 [1] AppendEntries [], prevIndex 0, prevTerm 0
042197 LEAD S1: 0 append success next 1 match 0
043194 LEAD S1: prevLog &raft.Entry{Command:interface {}(nil), Term:0, Index:0}
043194 LEAD S1: prevLog &raft.Entry{Command:interface {}(nil), Term:0, Index:0}
043195 INFO S2: (term 2) follower 收到 [1] AppendEntries [], prevIndex 0, prevTerm 0
043195 LEAD S1: 2 append success next 1 match 0
043195 INFO S0: (term 2) follower 收到 [1] AppendEntries [], prevIndex 0, prevTerm 0
043196 LEAD S1: 0 append success next 1 match 0
044197 LEAD S1: prevLog &raft.Entry{Command:interface {}(nil), Term:0, Index:0}
044198 LEAD S1: prevLog &raft.Entry{Command:interface {}(nil), Term:0, Index:0}
044199 INFO S0: (term 2) follower 收到 [1] AppendEntries [], prevIndex 0, prevTerm 0
044199 LEAD S1: 0 append success next 1 match 0
044199 INFO S2: (term 2) follower 收到 [1] AppendEntries [], prevIndex 0, prevTerm 0
044199 LEAD S1: 2 append success next 1 match 0
045201 LEAD S1: prevLog &raft.Entry{Command:interface {}(nil), Term:0, Index:0}
045201 LEAD S1: prevLog &raft.Entry{Command:interface {}(nil), Term:0, Index:0}
045202 INFO S2: (term 2) follower 收到 [1] AppendEntries [], prevIndex 0, prevTerm 0
045202 LEAD S1: 2 append success next 1 match 0
045203 INFO S0: (term 2) follower 收到 [1] AppendEntries [], prevIndex 0, prevTerm 0
045203 LEAD S1: 0 append success next 1 match 0
046205 LEAD S1: prevLog &raft.Entry{Command:interface {}(nil), Term:0, Index:0}
046205 LEAD S1: prevLog &raft.Entry{Command:interface {}(nil), Term:0, Index:0}
046206 INFO S2: (term 2) follower 收到 [1] AppendEntries [], prevIndex 0, prevTerm 0
046207 LEAD S1: 2 append success next 1 match 0
046207 INFO S0: (term 2) follower 收到 [1] AppendEntries [], prevIndex 0, prevTerm 0
046207 LEAD S1: 0 append success next 1 match 0
047208 LEAD S1: prevLog &raft.Entry{Command:interface {}(nil), Term:0, Index:0}
047209 LEAD S1: prevLog &raft.Entry{Command:interface {}(nil), Term:0, Index:0}
047210 INFO S2: (term 2) follower 收到 [1] AppendEntries [], prevIndex 0, prevTerm 0
047210 INFO S0: (term 2) follower 收到 [1] AppendEntries [], prevIndex 0, prevTerm 0
047210 LEAD S1: 0 append success next 1 match 0
047211 LEAD S1: 2 append success next 1 match 0
048214 LEAD S1: prevLog &raft.Entry{Command:interface {}(nil), Term:0, Index:0}
048214 LEAD S1: prevLog &raft.Entry{Command:interface {}(nil), Term:0, Index:0}
048215 INFO S2: (term 2) follower 收到 [1] AppendEntries [], prevIndex 0, prevTerm 0
048215 INFO S0: (term 2) follower 收到 [1] AppendEntries [], prevIndex 0, prevTerm 0
048215 LEAD S1: 2 append success next 1 match 0
048215 LEAD S1: 0 append success next 1 match 0
049218 LEAD S1: prevLog &raft.Entry{Command:interface {}(nil), Term:0, Index:0}
049219 LEAD S1: prevLog &raft.Entry{Command:interface {}(nil), Term:0, Index:0}
049220 INFO S2: (term 2) follower 收到 [1] AppendEntries [], prevIndex 0, prevTerm 0
049220 LEAD S1: 2 append success next 1 match 0
049220 INFO S0: (term 2) follower 收到 [1] AppendEntries [], prevIndex 0, prevTerm 0
049221 LEAD S1: 0 append success next 1 match 0
050221 LEAD S1: prevLog &raft.Entry{Command:interface {}(nil), Term:0, Index:0}
050222 LEAD S1: prevLog &raft.Entry{Command:interface {}(nil), Term:0, Index:0}
050224 INFO S2: (term 2) follower 收到 [1] AppendEntries [], prevIndex 0, prevTerm 0
050226 LEAD S1: 2 append success next 1 match 0
050227 INFO S0: (term 2) follower 收到 [1] AppendEntries [], prevIndex 0, prevTerm 0
050229 LEAD S1: 0 append success next 1 match 0
051227 LEAD S1: prevLog &raft.Entry{Command:interface {}(nil), Term:0, Index:0}
051227 LEAD S1: prevLog &raft.Entry{Command:interface {}(nil), Term:0, Index:0}
051227 INFO S2: (term 2) follower 收到 [1] AppendEntries [], prevIndex 0, prevTerm 0
051228 LEAD S1: 2 append success next 1 match 0
051228 INFO S0: (term 2) follower 收到 [1] AppendEntries [], prevIndex 0, prevTerm 0
051229 LEAD S1: 0 append success next 1 match 0
052231 LEAD S1: prevLog &raft.Entry{Command:interface {}(nil), Term:0, Index:0}
052232 LEAD S1: prevLog &raft.Entry{Command:interface {}(nil), Term:0, Index:0}
052234 INFO S0: (term 2) follower 收到 [1] AppendEntries [], prevIndex 0, prevTerm 0
052234 INFO S2: (term 2) follower 收到 [1] AppendEntries [], prevIndex 0, prevTerm 0
052235 LEAD S1: 0 append success next 1 match 0
052235 LEAD S1: 2 append success next 1 match 0
053234 LEAD S1: prevLog &raft.Entry{Command:interface {}(nil), Term:0, Index:0}
053235 LEAD S1: prevLog &raft.Entry{Command:interface {}(nil), Term:0, Index:0}
053235 INFO S2: (term 2) follower 收到 [1] AppendEntries [], prevIndex 0, prevTerm 0
053236 LEAD S1: 2 append success next 1 match 0
053236 INFO S0: (term 2) follower 收到 [1] AppendEntries [], prevIndex 0, prevTerm 0
053236 LEAD S1: 0 append success next 1 match 0
054238 LEAD S1: prevLog &raft.Entry{Command:interface {}(nil), Term:0, Index:0}
054238 LEAD S1: prevLog &raft.Entry{Command:interface {}(nil), Term:0, Index:0}
054239 INFO S2: (term 2) follower 收到 [1] AppendEntries [], prevIndex 0, prevTerm 0
054239 LEAD S1: 2 append success next 1 match 0
054240 INFO S0: (term 2) follower 收到 [1] AppendEntries [], prevIndex 0, prevTerm 0
054240 LEAD S1: 0 append success next 1 match 0
055242 LEAD S1: prevLog &raft.Entry{Command:interface {}(nil), Term:0, Index:0}
055242 LEAD S1: prevLog &raft.Entry{Command:interface {}(nil), Term:0, Index:0}
055243 INFO S2: (term 2) follower 收到 [1] AppendEntries [], prevIndex 0, prevTerm 0
055243 LEAD S1: 2 append success next 1 match 0
055243 INFO S0: (term 2) follower 收到 [1] AppendEntries [], prevIndex 0, prevTerm 0
055244 LEAD S1: 0 append success next 1 match 0
056245 LEAD S1: prevLog &raft.Entry{Command:interface {}(nil), Term:0, Index:0}
056245 LEAD S1: prevLog &raft.Entry{Command:interface {}(nil), Term:0, Index:0}
056245 INFO S0: (term 2) follower 收到 [1] AppendEntries [], prevIndex 0, prevTerm 0
056246 INFO S2: (term 2) follower 收到 [1] AppendEntries [], prevIndex 0, prevTerm 0
056246 LEAD S1: 0 append success next 1 match 0
056246 LEAD S1: 2 append success next 1 match 0
057249 LEAD S1: prevLog &raft.Entry{Command:interface {}(nil), Term:0, Index:0}
057249 LEAD S1: prevLog &raft.Entry{Command:interface {}(nil), Term:0, Index:0}
057250 INFO S2: (term 2) follower 收到 [1] AppendEntries [], prevIndex 0, prevTerm 0
057250 LEAD S1: 2 append success next 1 match 0
057250 INFO S0: (term 2) follower 收到 [1] AppendEntries [], prevIndex 0, prevTerm 0
057251 LEAD S1: 0 append success next 1 match 0
058254 LEAD S1: prevLog &raft.Entry{Command:interface {}(nil), Term:0, Index:0}
058254 LEAD S1: prevLog &raft.Entry{Command:interface {}(nil), Term:0, Index:0}
058256 INFO S2: (term 2) follower 收到 [1] AppendEntries [], prevIndex 0, prevTerm 0
058257 INFO S0: (term 2) follower 收到 [1] AppendEntries [], prevIndex 0, prevTerm 0
058257 LEAD S1: 2 append success next 1 match 0
058258 LEAD S1: 0 append success next 1 match 0
059258 LEAD S1: prevLog &raft.Entry{Command:interface {}(nil), Term:0, Index:0}
059259 LEAD S1: prevLog &raft.Entry{Command:interface {}(nil), Term:0, Index:0}
059260 INFO S2: (term 2) follower 收到 [1] AppendEntries [], prevIndex 0, prevTerm 0
059260 LEAD S1: 2 append success next 1 match 0
059260 INFO S0: (term 2) follower 收到 [1] AppendEntries [], prevIndex 0, prevTerm 0
059261 LEAD S1: 0 append success next 1 match 0
060263 LEAD S1: prevLog &raft.Entry{Command:interface {}(nil), Term:0, Index:0}
060263 LEAD S1: prevLog &raft.Entry{Command:interface {}(nil), Term:0, Index:0}
060266 INFO S0: (term 2) follower 收到 [1] AppendEntries [], prevIndex 0, prevTerm 0
060267 INFO S2: (term 2) follower 收到 [1] AppendEntries [], prevIndex 0, prevTerm 0
060269 LEAD S1: 0 append success next 1 match 0
060269 LEAD S1: 2 append success next 1 match 0
061269 LEAD S1: prevLog &raft.Entry{Command:interface {}(nil), Term:0, Index:0}
061269 LEAD S1: prevLog &raft.Entry{Command:interface {}(nil), Term:0, Index:0}
061270 INFO S2: (term 2) follower 收到 [1] AppendEntries [], prevIndex 0, prevTerm 0
061270 INFO S0: (term 2) follower 收到 [1] AppendEntries [], prevIndex 0, prevTerm 0
061271 LEAD S1: 2 append success next 1 match 0
061271 LEAD S1: 0 append success next 1 match 0
062274 LEAD S1: prevLog &raft.Entry{Command:interface {}(nil), Term:0, Index:0}
062275 LEAD S1: prevLog &raft.Entry{Command:interface {}(nil), Term:0, Index:0}
062275 INFO S2: (term 2) follower 收到 [1] AppendEntries [], prevIndex 0, prevTerm 0
062276 LEAD S1: 2 append success next 1 match 0
062276 INFO S0: (term 2) follower 收到 [1] AppendEntries [], prevIndex 0, prevTerm 0
062276 LEAD S1: 0 append success next 1 match 0
063280 LEAD S1: prevLog &raft.Entry{Command:interface {}(nil), Term:0, Index:0}
063280 LEAD S1: prevLog &raft.Entry{Command:interface {}(nil), Term:0, Index:0}
063280 INFO S2: (term 2) follower 收到 [1] AppendEntries [], prevIndex 0, prevTerm 0
063281 LEAD S1: 2 append success next 1 match 0
063281 INFO S0: (term 2) follower 收到 [1] AppendEntries [], prevIndex 0, prevTerm 0
063281 LEAD S1: 0 append success next 1 match 0
064286 LEAD S1: prevLog &raft.Entry{Command:interface {}(nil), Term:0, Index:0}
064286 LEAD S1: prevLog &raft.Entry{Command:interface {}(nil), Term:0, Index:0}
064287 INFO S2: (term 2) follower 收到 [1] AppendEntries [], prevIndex 0, prevTerm 0
064287 LEAD S1: 2 append success next 1 match 0
064287 INFO S0: (term 2) follower 收到 [1] AppendEntries [], prevIndex 0, prevTerm 0
064288 LEAD S1: 0 append success next 1 match 0
065294 LEAD S1: prevLog &raft.Entry{Command:interface {}(nil), Term:0, Index:0}
065295 LEAD S1: prevLog &raft.Entry{Command:interface {}(nil), Term:0, Index:0}
065297 INFO S0: (term 2) follower 收到 [1] AppendEntries [], prevIndex 0, prevTerm 0
065298 INFO S2: (term 2) follower 收到 [1] AppendEntries [], prevIndex 0, prevTerm 0
065299 LEAD S1: 0 append success next 1 match 0
065299 LEAD S1: 2 append success next 1 match 0
066301 LEAD S1: prevLog &raft.Entry{Command:interface {}(nil), Term:0, Index:0}
066301 LEAD S1: prevLog &raft.Entry{Command:interface {}(nil), Term:0, Index:0}
066302 INFO S2: (term 2) follower 收到 [1] AppendEntries [], prevIndex 0, prevTerm 0
066302 INFO S0: (term 2) follower 收到 [1] AppendEntries [], prevIndex 0, prevTerm 0
066302 LEAD S1: 2 append success next 1 match 0
066302 LEAD S1: 0 append success next 1 match 0
067304 LEAD S1: prevLog &raft.Entry{Command:interface {}(nil), Term:0, Index:0}
067304 LEAD S1: prevLog &raft.Entry{Command:interface {}(nil), Term:0, Index:0}
067305 INFO S2: (term 2) follower 收到 [1] AppendEntries [], prevIndex 0, prevTerm 0
067309 LEAD S1: 2 append success next 1 match 0
067310 INFO S0: (term 2) follower 收到 [1] AppendEntries [], prevIndex 0, prevTerm 0
067310 LEAD S1: 0 append success next 1 match 0
068308 LEAD S1: prevLog &raft.Entry{Command:interface {}(nil), Term:0, Index:0}
068308 LEAD S1: prevLog &raft.Entry{Command:interface {}(nil), Term:0, Index:0}
068309 INFO S2: (term 2) follower 收到 [1] AppendEntries [], prevIndex 0, prevTerm 0
068309 INFO S0: (term 2) follower 收到 [1] AppendEntries [], prevIndex 0, prevTerm 0
068309 LEAD S1: 2 append success next 1 match 0
068310 LEAD S1: 0 append success next 1 match 0
069315 LEAD S1: prevLog &raft.Entry{Command:interface {}(nil), Term:0, Index:0}
069315 LEAD S1: prevLog &raft.Entry{Command:interface {}(nil), Term:0, Index:0}
069316 INFO S2: (term 2) follower 收到 [1] AppendEntries [], prevIndex 0, prevTerm 0
069316 LEAD S1: 2 append success next 1 match 0
069316 INFO S0: (term 2) follower 收到 [1] AppendEntries [], prevIndex 0, prevTerm 0
069317 LEAD S1: 0 append success next 1 match 0
070318 LEAD S1: prevLog &raft.Entry{Command:interface {}(nil), Term:0, Index:0}
070318 LEAD S1: prevLog &raft.Entry{Command:interface {}(nil), Term:0, Index:0}
070319 INFO S2: (term 2) follower 收到 [1] AppendEntries [], prevIndex 0, prevTerm 0
070319 LEAD S1: 2 append success next 1 match 0
070320 INFO S0: (term 2) follower 收到 [1] AppendEntries [], prevIndex 0, prevTerm 0
070320 LEAD S1: 0 append success next 1 match 0
071322 LEAD S1: prevLog &raft.Entry{Command:interface {}(nil), Term:0, Index:0}
071323 LEAD S1: prevLog &raft.Entry{Command:interface {}(nil), Term:0, Index:0}
071323 INFO S2: (term 2) follower 收到 [1] AppendEntries [], prevIndex 0, prevTerm 0
071324 LEAD S1: 2 append success next 1 match 0
071324 INFO S0: (term 2) follower 收到 [1] AppendEntries [], prevIndex 0, prevTerm 0
071324 LEAD S1: 0 append success next 1 match 0
072327 LEAD S1: prevLog &raft.Entry{Command:interface {}(nil), Term:0, Index:0}
072327 LEAD S1: prevLog &raft.Entry{Command:interface {}(nil), Term:0, Index:0}
072328 INFO S2: (term 2) follower 收到 [1] AppendEntries [], prevIndex 0, prevTerm 0
072328 LEAD S1: 2 append success next 1 match 0
072328 INFO S0: (term 2) follower 收到 [1] AppendEntries [], prevIndex 0, prevTerm 0
072329 LEAD S1: 0 append success next 1 match 0
073329 LEAD S1: prevLog &raft.Entry{Command:interface {}(nil), Term:0, Index:0}
073330 LEAD S1: prevLog &raft.Entry{Command:interface {}(nil), Term:0, Index:0}
073331 INFO S2: (term 2) follower 收到 [1] AppendEntries [], prevIndex 0, prevTerm 0
073331 INFO S0: (term 2) follower 收到 [1] AppendEntries [], prevIndex 0, prevTerm 0
073331 LEAD S1: 2 append success next 1 match 0
073331 LEAD S1: 0 append success next 1 match 0
074334 LEAD S1: prevLog &raft.Entry{Command:interface {}(nil), Term:0, Index:0}
074335 LEAD S1: prevLog &raft.Entry{Command:interface {}(nil), Term:0, Index:0}
074336 INFO S2: (term 2) follower 收到 [1] AppendEntries [], prevIndex 0, prevTerm 0
074336 INFO S0: (term 2) follower 收到 [1] AppendEntries [], prevIndex 0, prevTerm 0
074337 LEAD S1: 2 append success next 1 match 0
074337 LEAD S1: 0 append success next 1 match 0
075339 LEAD S1: prevLog &raft.Entry{Command:interface {}(nil), Term:0, Index:0}
075340 LEAD S1: prevLog &raft.Entry{Command:interface {}(nil), Term:0, Index:0}
075342 INFO S2: (term 2) follower 收到 [1] AppendEntries [], prevIndex 0, prevTerm 0
075343 INFO S0: (term 2) follower 收到 [1] AppendEntries [], prevIndex 0, prevTerm 0
075344 LEAD S1: 2 append success next 1 match 0
075345 LEAD S1: 0 append success next 1 match 0
076342 LEAD S1: prevLog &raft.Entry{Command:interface {}(nil), Term:0, Index:0}
076343 LEAD S1: prevLog &raft.Entry{Command:interface {}(nil), Term:0, Index:0}
076344 INFO S2: (term 2) follower 收到 [1] AppendEntries [], prevIndex 0, prevTerm 0
076344 LEAD S1: 2 append success next 1 match 0
076344 INFO S0: (term 2) follower 收到 [1] AppendEntries [], prevIndex 0, prevTerm 0
076344 LEAD S1: 0 append success next 1 match 0
077350 LEAD S1: prevLog &raft.Entry{Command:interface {}(nil), Term:0, Index:0}
077350 LEAD S1: prevLog &raft.Entry{Command:interface {}(nil), Term:0, Index:0}
077354 INFO S0: (term 2) follower 收到 [1] AppendEntries [], prevIndex 0, prevTerm 0
077356 INFO S2: (term 2) follower 收到 [1] AppendEntries [], prevIndex 0, prevTerm 0
077356 LEAD S1: 0 append success next 1 match 0
077358 LEAD S1: 2 append success next 1 match 0
078354 LEAD S1: prevLog &raft.Entry{Command:interface {}(nil), Term:0, Index:0}
078354 LEAD S1: prevLog &raft.Entry{Command:interface {}(nil), Term:0, Index:0}
078355 INFO S2: (term 2) follower 收到 [1] AppendEntries [], prevIndex 0, prevTerm 0
078356 LEAD S1: 2 append success next 1 match 0
078356 INFO S0: (term 2) follower 收到 [1] AppendEntries [], prevIndex 0, prevTerm 0
078357 LEAD S1: 0 append success next 1 match 0
079359 LEAD S1: prevLog &raft.Entry{Command:interface {}(nil), Term:0, Index:0}
079360 LEAD S1: prevLog &raft.Entry{Command:interface {}(nil), Term:0, Index:0}
079364 INFO S0: (term 2) follower 收到 [1] AppendEntries [], prevIndex 0, prevTerm 0
079364 INFO S2: (term 2) follower 收到 [1] AppendEntries [], prevIndex 0, prevTerm 0
079366 LEAD S1: 2 append success next 1 match 0
079366 LEAD S1: 0 append success next 1 match 0
080365 LEAD S1: prevLog &raft.Entry{Command:interface {}(nil), Term:0, Index:0}
080365 LEAD S1: prevLog &raft.Entry{Command:interface {}(nil), Term:0, Index:0}
080366 INFO S2: (term 2) follower 收到 [1] AppendEntries [], prevIndex 0, prevTerm 0
080366 LEAD S1: 2 append success next 1 match 0
080366 INFO S0: (term 2) follower 收到 [1] AppendEntries [], prevIndex 0, prevTerm 0
080367 LEAD S1: 0 append success next 1 match 0
081369 LEAD S1: prevLog &raft.Entry{Command:interface {}(nil), Term:0, Index:0}
081369 LEAD S1: prevLog &raft.Entry{Command:interface {}(nil), Term:0, Index:0}
081371 INFO S2: (term 2) follower 收到 [1] AppendEntries [], prevIndex 0, prevTerm 0
081371 INFO S0: (term 2) follower 收到 [1] AppendEntries [], prevIndex 0, prevTerm 0
081372 LEAD S1: 2 append success next 1 match 0
081373 LEAD S1: 0 append success next 1 match 0
082371 LEAD S1: prevLog &raft.Entry{Command:interface {}(nil), Term:0, Index:0}
082372 LEAD S1: prevLog &raft.Entry{Command:interface {}(nil), Term:0, Index:0}
082372 INFO S2: (term 2) follower 收到 [1] AppendEntries [], prevIndex 0, prevTerm 0
082373 LEAD S1: 2 append success next 1 match 0
082373 INFO S0: (term 2) follower 收到 [1] AppendEntries [], prevIndex 0, prevTerm 0
082374 LEAD S1: 0 append success next 1 match 0
083375 LEAD S1: prevLog &raft.Entry{Command:interface {}(nil), Term:0, Index:0}
083375 LEAD S1: prevLog &raft.Entry{Command:interface {}(nil), Term:0, Index:0}
083376 INFO S2: (term 2) follower 收到 [1] AppendEntries [], prevIndex 0, prevTerm 0
083376 LEAD S1: 2 append success next 1 match 0
083377 INFO S0: (term 2) follower 收到 [1] AppendEntries [], prevIndex 0, prevTerm 0
083377 LEAD S1: 0 append success next 1 match 0
084379 LEAD S1: prevLog &raft.Entry{Command:interface {}(nil), Term:0, Index:0}
084379 LEAD S1: prevLog &raft.Entry{Command:interface {}(nil), Term:0, Index:0}
084380 INFO S2: (term 2) follower 收到 [1] AppendEntries [], prevIndex 0, prevTerm 0
084380 INFO S0: (term 2) follower 收到 [1] AppendEntries [], prevIndex 0, prevTerm 0
084380 LEAD S1: 0 append success next 1 match 0
084380 LEAD S1: 2 append success next 1 match 0
085383 LEAD S1: prevLog &raft.Entry{Command:interface {}(nil), Term:0, Index:0}
085383 LEAD S1: prevLog &raft.Entry{Command:interface {}(nil), Term:0, Index:0}
085384 INFO S2: (term 2) follower 收到 [1] AppendEntries [], prevIndex 0, prevTerm 0
085384 LEAD S1: 2 append success next 1 match 0
085384 INFO S0: (term 2) follower 收到 [1] AppendEntries [], prevIndex 0, prevTerm 0
085385 LEAD S1: 0 append success next 1 match 0
086387 LEAD S1: prevLog &raft.Entry{Command:interface {}(nil), Term:0, Index:0}
086388 LEAD S1: prevLog &raft.Entry{Command:interface {}(nil), Term:0, Index:0}
086390 INFO S2: (term 2) follower 收到 [1] AppendEntries [], prevIndex 0, prevTerm 0
086392 INFO S0: (term 2) follower 收到 [1] AppendEntries [], prevIndex 0, prevTerm 0
086392 LEAD S1: 2 append success next 1 match 0
086394 LEAD S1: 0 append success next 1 match 0
087393 LEAD S1: prevLog &raft.Entry{Command:interface {}(nil), Term:0, Index:0}
087394 LEAD S1: prevLog &raft.Entry{Command:interface {}(nil), Term:0, Index:0}
087395 INFO S2: (term 2) follower 收到 [1] AppendEntries [], prevIndex 0, prevTerm 0
087395 INFO S0: (term 2) follower 收到 [1] AppendEntries [], prevIndex 0, prevTerm 0
087395 LEAD S1: 2 append success next 1 match 0
087395 LEAD S1: 0 append success next 1 match 0
088397 LEAD S1: prevLog &raft.Entry{Command:interface {}(nil), Term:0, Index:0}
088397 LEAD S1: prevLog &raft.Entry{Command:interface {}(nil), Term:0, Index:0}
088398 INFO S2: (term 2) follower 收到 [1] AppendEntries [], prevIndex 0, prevTerm 0
088399 LEAD S1: 2 append success next 1 match 0
088399 INFO S0: (term 2) follower 收到 [1] AppendEntries [], prevIndex 0, prevTerm 0
088399 LEAD S1: 0 append success next 1 match 0
089402 LEAD S1: prevLog &raft.Entry{Command:interface {}(nil), Term:0, Index:0}
089402 LEAD S1: prevLog &raft.Entry{Command:interface {}(nil), Term:0, Index:0}
089403 INFO S2: (term 2) follower 收到 [1] AppendEntries [], prevIndex 0, prevTerm 0
089403 LEAD S1: 2 append success next 1 match 0
089404 INFO S0: (term 2) follower 收到 [1] AppendEntries [], prevIndex 0, prevTerm 0
089404 LEAD S1: 0 append success next 1 match 0
090407 LEAD S1: prevLog &raft.Entry{Command:interface {}(nil), Term:0, Index:0}
090408 LEAD S1: prevLog &raft.Entry{Command:interface {}(nil), Term:0, Index:0}
090412 INFO S2: (term 2) follower 收到 [1] AppendEntries [], prevIndex 0, prevTerm 0
090412 INFO S0: (term 2) follower 收到 [1] AppendEntries [], prevIndex 0, prevTerm 0
090414 LEAD S1: 0 append success next 1 match 0
090414 LEAD S1: 2 append success next 1 match 0
091414 LEAD S1: prevLog &raft.Entry{Command:interface {}(nil), Term:0, Index:0}
091415 LEAD S1: prevLog &raft.Entry{Command:interface {}(nil), Term:0, Index:0}
091416 INFO S2: (term 2) follower 收到 [1] AppendEntries [], prevIndex 0, prevTerm 0
091416 INFO S0: (term 2) follower 收到 [1] AppendEntries [], prevIndex 0, prevTerm 0
091416 LEAD S1: 2 append success next 1 match 0
091417 LEAD S1: 0 append success next 1 match 0
092419 LEAD S1: prevLog &raft.Entry{Command:interface {}(nil), Term:0, Index:0}
092419 LEAD S1: prevLog &raft.Entry{Command:interface {}(nil), Term:0, Index:0}
092420 INFO S2: (term 2) follower 收到 [1] AppendEntries [], prevIndex 0, prevTerm 0
092420 LEAD S1: 2 append success next 1 match 0
092421 INFO S0: (term 2) follower 收到 [1] AppendEntries [], prevIndex 0, prevTerm 0
092421 LEAD S1: 0 append success next 1 match 0
093424 LEAD S1: prevLog &raft.Entry{Command:interface {}(nil), Term:0, Index:0}
093425 LEAD S1: prevLog &raft.Entry{Command:interface {}(nil), Term:0, Index:0}
093427 INFO S2: (term 2) follower 收到 [1] AppendEntries [], prevIndex 0, prevTerm 0
093428 LEAD S1: 2 append success next 1 match 0
093428 INFO S0: (term 2) follower 收到 [1] AppendEntries [], prevIndex 0, prevTerm 0
093430 LEAD S1: 0 append success next 1 match 0
094428 LEAD S1: prevLog &raft.Entry{Command:interface {}(nil), Term:0, Index:0}
094429 LEAD S1: prevLog &raft.Entry{Command:interface {}(nil), Term:0, Index:0}
094429 INFO S2: (term 2) follower 收到 [1] AppendEntries [], prevIndex 0, prevTerm 0
094430 LEAD S1: 2 append success next 1 match 0
094430 INFO S0: (term 2) follower 收到 [1] AppendEntries [], prevIndex 0, prevTerm 0
094430 LEAD S1: 0 append success next 1 match 0
095433 LEAD S1: prevLog &raft.Entry{Command:interface {}(nil), Term:0, Index:0}
095434 LEAD S1: prevLog &raft.Entry{Command:interface {}(nil), Term:0, Index:0}
095436 INFO S2: (term 2) follower 收到 [1] AppendEntries [], prevIndex 0, prevTerm 0
095438 LEAD S1: 2 append success next 1 match 0
095438 INFO S0: (term 2) follower 收到 [1] AppendEntries [], prevIndex 0, prevTerm 0
095441 LEAD S1: 0 append success next 1 match 0
096440 LEAD S1: prevLog &raft.Entry{Command:interface {}(nil), Term:0, Index:0}
096440 LEAD S1: prevLog &raft.Entry{Command:interface {}(nil), Term:0, Index:0}
096441 INFO S2: (term 2) follower 收到 [1] AppendEntries [], prevIndex 0, prevTerm 0
096442 LEAD S1: 2 append success next 1 match 0
096442 INFO S0: (term 2) follower 收到 [1] AppendEntries [], prevIndex 0, prevTerm 0
096442 LEAD S1: 0 append success next 1 match 0
097447 LEAD S1: prevLog &raft.Entry{Command:interface {}(nil), Term:0, Index:0}
097448 LEAD S1: prevLog &raft.Entry{Command:interface {}(nil), Term:0, Index:0}
097449 INFO S2: (term 2) follower 收到 [1] AppendEntries [], prevIndex 0, prevTerm 0
097449 LEAD S1: 2 append success next 1 match 0
097449 INFO S0: (term 2) follower 收到 [1] AppendEntries [], prevIndex 0, prevTerm 0
097450 LEAD S1: 0 append success next 1 match 0
098449 LEAD S1: prevLog &raft.Entry{Command:interface {}(nil), Term:0, Index:0}
098449 LEAD S1: prevLog &raft.Entry{Command:interface {}(nil), Term:0, Index:0}
098451 INFO S2: (term 2) follower 收到 [1] AppendEntries [], prevIndex 0, prevTerm 0
098451 LEAD S1: 2 append success next 1 match 0
098451 INFO S0: (term 2) follower 收到 [1] AppendEntries [], prevIndex 0, prevTerm 0
098452 LEAD S1: 0 append success next 1 match 0
099459 LEAD S1: prevLog &raft.Entry{Command:interface {}(nil), Term:0, Index:0}
099460 LEAD S1: prevLog &raft.Entry{Command:interface {}(nil), Term:0, Index:0}
099463 INFO S2: (term 2) follower 收到 [1] AppendEntries [], prevIndex 0, prevTerm 0
099465 LEAD S1: 2 append success next 1 match 0
099465 INFO S0: (term 2) follower 收到 [1] AppendEntries [], prevIndex 0, prevTerm 0
099467 LEAD S1: 0 append success next 1 match 0
100462 LEAD S1: prevLog &raft.Entry{Command:interface {}(nil), Term:0, Index:0}
100463 LEAD S1: prevLog &raft.Entry{Command:interface {}(nil), Term:0, Index:0}
--- FAIL: TestPersist12C (10.05s)
    config.go:609: one(11) failed to reach agreement
FAIL
exit status 1
FAIL	6.824/raft	10.047s
