Test (2C): basic persistence ...
003011 INFO S2: start leader election, term 1
003011 INFO S1: start leader election, term 1
003012 VOTE S2: term 1 send vote request to 1
003012 VOTE S1: term 1 send vote request to 2
003012 VOTE S1: term 1 send vote request to 0
003012 VOTE S2: term 1 send vote request to 0
003013 VOTE S2: 1 没有投给me，结束
003013 VOTE S1: 2 没有投给me，结束
003013 TERM S0: set new term 1
003013 VOTE S0: term 1 vote 2
003014 VOTE S2: reply from 0, term一致，且投给2
003014 LEAD S2: come to power, start to send heartbeat
003014 LEAD S2: prevLog &raft.Entry{Command:interface {}(nil), Term:0, Index:0}
003014 LEAD S2: prevLog &raft.Entry{Command:interface {}(nil), Term:0, Index:0}
003014 VOTE S1: 0 没有投给me，结束
003015 INFO S1: (term 1) follower 收到 [2] AppendEntries [], prevIndex 0, prevTerm 0
003015 INFO S0: (term 1) follower 收到 [2] AppendEntries [], prevIndex 0, prevTerm 0
003015 LEAD S2: 1 append success next 1 match 0
003015 LEAD S2: 0 append success next 1 match 0
004016 LEAD S2: prevLog &raft.Entry{Command:interface {}(nil), Term:0, Index:0}
004017 LEAD S2: prevLog &raft.Entry{Command:interface {}(nil), Term:0, Index:0}
004018 INFO S1: (term 1) follower 收到 [2] AppendEntries [], prevIndex 0, prevTerm 0
004018 INFO S0: (term 1) follower 收到 [2] AppendEntries [], prevIndex 0, prevTerm 0
004018 LEAD S2: 0 append success next 1 match 0
004018 LEAD S2: 1 append success next 1 match 0
005020 LEAD S2: prevLog &raft.Entry{Command:interface {}(nil), Term:0, Index:0}
005021 LEAD S2: prevLog &raft.Entry{Command:interface {}(nil), Term:0, Index:0}
005021 INFO S1: (term 1) follower 收到 [2] AppendEntries [], prevIndex 0, prevTerm 0
005022 LEAD S2: 1 append success next 1 match 0
005022 INFO S0: (term 1) follower 收到 [2] AppendEntries [], prevIndex 0, prevTerm 0
005023 LEAD S2: 0 append success next 1 match 0
006024 LEAD S2: prevLog &raft.Entry{Command:interface {}(nil), Term:0, Index:0}
006024 LEAD S2: prevLog &raft.Entry{Command:interface {}(nil), Term:0, Index:0}
006025 INFO S1: (term 1) follower 收到 [2] AppendEntries [], prevIndex 0, prevTerm 0
006025 INFO S0: (term 1) follower 收到 [2] AppendEntries [], prevIndex 0, prevTerm 0
006025 LEAD S2: 0 append success next 1 match 0
006025 LEAD S2: 1 append success next 1 match 0
007028 LEAD S2: prevLog &raft.Entry{Command:interface {}(nil), Term:0, Index:0}
007029 LEAD S2: prevLog &raft.Entry{Command:interface {}(nil), Term:0, Index:0}
007031 INFO S0: (term 1) follower 收到 [2] AppendEntries [], prevIndex 0, prevTerm 0
007031 INFO S1: (term 1) follower 收到 [2] AppendEntries [], prevIndex 0, prevTerm 0
007032 LEAD S2: 0 append success next 1 match 0
007032 LEAD S2: 1 append success next 1 match 0
008033 LEAD S2: prevLog &raft.Entry{Command:interface {}(nil), Term:0, Index:0}
008033 LEAD S2: prevLog &raft.Entry{Command:interface {}(nil), Term:0, Index:0}
008033 INFO S1: (term 1) follower 收到 [2] AppendEntries [], prevIndex 0, prevTerm 0
008034 LEAD S2: 1 append success next 1 match 0
008034 INFO S0: (term 1) follower 收到 [2] AppendEntries [], prevIndex 0, prevTerm 0
008034 LEAD S2: 0 append success next 1 match 0
009040 LEAD S2: prevLog &raft.Entry{Command:interface {}(nil), Term:0, Index:0}
009040 LEAD S2: prevLog &raft.Entry{Command:interface {}(nil), Term:0, Index:0}
009043 INFO S1: (term 1) follower 收到 [2] AppendEntries [], prevIndex 0, prevTerm 0
009044 LEAD S2: 1 append success next 1 match 0
009045 INFO S0: (term 1) follower 收到 [2] AppendEntries [], prevIndex 0, prevTerm 0
009047 LEAD S2: 0 append success next 1 match 0
010046 LEAD S2: prevLog &raft.Entry{Command:interface {}(nil), Term:0, Index:0}
010046 LEAD S2: prevLog &raft.Entry{Command:interface {}(nil), Term:0, Index:0}
010048 INFO S0: (term 1) follower 收到 [2] AppendEntries [], prevIndex 0, prevTerm 0
010048 INFO S1: (term 1) follower 收到 [2] AppendEntries [], prevIndex 0, prevTerm 0
010049 LEAD S2: 0 append success next 1 match 0
010049 LEAD S2: 1 append success next 1 match 0
011052 LEAD S2: prevLog &raft.Entry{Command:interface {}(nil), Term:0, Index:0}
011052 LEAD S2: prevLog &raft.Entry{Command:interface {}(nil), Term:0, Index:0}
011053 INFO S0: (term 1) follower 收到 [2] AppendEntries [], prevIndex 0, prevTerm 0
011053 INFO S1: (term 1) follower 收到 [2] AppendEntries [], prevIndex 0, prevTerm 0
011053 LEAD S2: 0 append success next 1 match 0
011053 LEAD S2: 1 append success next 1 match 0
012055 LEAD S2: prevLog &raft.Entry{Command:interface {}(nil), Term:0, Index:0}
012055 LEAD S2: prevLog &raft.Entry{Command:interface {}(nil), Term:0, Index:0}
012056 INFO S1: (term 1) follower 收到 [2] AppendEntries [], prevIndex 0, prevTerm 0
012056 INFO S0: (term 1) follower 收到 [2] AppendEntries [], prevIndex 0, prevTerm 0
012057 LEAD S2: 1 append success next 1 match 0
012057 LEAD S2: 0 append success next 1 match 0
013058 LEAD S2: prevLog &raft.Entry{Command:interface {}(nil), Term:0, Index:0}
013058 LEAD S2: prevLog &raft.Entry{Command:interface {}(nil), Term:0, Index:0}
013059 INFO S0: (term 1) follower 收到 [2] AppendEntries [], prevIndex 0, prevTerm 0
013059 INFO S1: (term 1) follower 收到 [2] AppendEntries [], prevIndex 0, prevTerm 0
013059 LEAD S2: 0 append success next 1 match 0
013060 LEAD S2: 1 append success next 1 match 0
014063 LEAD S2: prevLog &raft.Entry{Command:interface {}(nil), Term:0, Index:0}
014063 LEAD S2: prevLog &raft.Entry{Command:interface {}(nil), Term:0, Index:0}
014064 INFO S1: (term 1) follower 收到 [2] AppendEntries [], prevIndex 0, prevTerm 0
014064 LEAD S2: 1 append success next 1 match 0
014064 INFO S0: (term 1) follower 收到 [2] AppendEntries [], prevIndex 0, prevTerm 0
014064 LEAD S2: 0 append success next 1 match 0
015067 LEAD S2: prevLog &raft.Entry{Command:interface {}(nil), Term:0, Index:0}
015067 LEAD S2: prevLog &raft.Entry{Command:interface {}(nil), Term:0, Index:0}
015067 INFO S0: (term 1) follower 收到 [2] AppendEntries [], prevIndex 0, prevTerm 0
015068 LEAD S2: 0 append success next 1 match 0
015068 INFO S1: (term 1) follower 收到 [2] AppendEntries [], prevIndex 0, prevTerm 0
015068 LEAD S2: 1 append success next 1 match 0
016071 LEAD S2: prevLog &raft.Entry{Command:interface {}(nil), Term:0, Index:0}
016071 LEAD S2: prevLog &raft.Entry{Command:interface {}(nil), Term:0, Index:0}
016071 INFO S1: (term 1) follower 收到 [2] AppendEntries [], prevIndex 0, prevTerm 0
016071 INFO S0: (term 1) follower 收到 [2] AppendEntries [], prevIndex 0, prevTerm 0
016072 LEAD S2: 0 append success next 1 match 0
016072 LEAD S2: 1 append success next 1 match 0
017075 LEAD S2: prevLog &raft.Entry{Command:interface {}(nil), Term:0, Index:0}
017075 LEAD S2: prevLog &raft.Entry{Command:interface {}(nil), Term:0, Index:0}
017076 INFO S1: (term 1) follower 收到 [2] AppendEntries [], prevIndex 0, prevTerm 0
017076 LEAD S2: 1 append success next 1 match 0
017077 INFO S0: (term 1) follower 收到 [2] AppendEntries [], prevIndex 0, prevTerm 0
017077 LEAD S2: 0 append success next 1 match 0
018082 LEAD S2: prevLog &raft.Entry{Command:interface {}(nil), Term:0, Index:0}
018082 LEAD S2: prevLog &raft.Entry{Command:interface {}(nil), Term:0, Index:0}
018083 INFO S1: (term 1) follower 收到 [2] AppendEntries [], prevIndex 0, prevTerm 0
018083 LEAD S2: 1 append success next 1 match 0
018084 INFO S0: (term 1) follower 收到 [2] AppendEntries [], prevIndex 0, prevTerm 0
018084 LEAD S2: 0 append success next 1 match 0
019087 LEAD S2: prevLog &raft.Entry{Command:interface {}(nil), Term:0, Index:0}
019087 LEAD S2: prevLog &raft.Entry{Command:interface {}(nil), Term:0, Index:0}
019088 INFO S0: (term 1) follower 收到 [2] AppendEntries [], prevIndex 0, prevTerm 0
019088 INFO S1: (term 1) follower 收到 [2] AppendEntries [], prevIndex 0, prevTerm 0
019088 LEAD S2: 0 append success next 1 match 0
019088 LEAD S2: 1 append success next 1 match 0
020091 LEAD S2: prevLog &raft.Entry{Command:interface {}(nil), Term:0, Index:0}
020091 LEAD S2: prevLog &raft.Entry{Command:interface {}(nil), Term:0, Index:0}
020091 INFO S1: (term 1) follower 收到 [2] AppendEntries [], prevIndex 0, prevTerm 0
020091 INFO S0: (term 1) follower 收到 [2] AppendEntries [], prevIndex 0, prevTerm 0
020092 LEAD S2: 1 append success next 1 match 0
020092 LEAD S2: 0 append success next 1 match 0
021097 LEAD S2: prevLog &raft.Entry{Command:interface {}(nil), Term:0, Index:0}
021097 LEAD S2: prevLog &raft.Entry{Command:interface {}(nil), Term:0, Index:0}
021098 INFO S1: (term 1) follower 收到 [2] AppendEntries [], prevIndex 0, prevTerm 0
021099 LEAD S2: 1 append success next 1 match 0
021099 INFO S0: (term 1) follower 收到 [2] AppendEntries [], prevIndex 0, prevTerm 0
021100 LEAD S2: 0 append success next 1 match 0
022101 LEAD S2: prevLog &raft.Entry{Command:interface {}(nil), Term:0, Index:0}
022101 LEAD S2: prevLog &raft.Entry{Command:interface {}(nil), Term:0, Index:0}
022102 INFO S1: (term 1) follower 收到 [2] AppendEntries [], prevIndex 0, prevTerm 0
022102 INFO S0: (term 1) follower 收到 [2] AppendEntries [], prevIndex 0, prevTerm 0
022102 LEAD S2: 1 append success next 1 match 0
022102 LEAD S2: 0 append success next 1 match 0
023104 LEAD S2: prevLog &raft.Entry{Command:interface {}(nil), Term:0, Index:0}
023104 LEAD S2: prevLog &raft.Entry{Command:interface {}(nil), Term:0, Index:0}
023105 INFO S0: (term 1) follower 收到 [2] AppendEntries [], prevIndex 0, prevTerm 0
023105 INFO S1: (term 1) follower 收到 [2] AppendEntries [], prevIndex 0, prevTerm 0
023105 LEAD S2: 0 append success next 1 match 0
023105 LEAD S2: 1 append success next 1 match 0
024107 LEAD S2: prevLog &raft.Entry{Command:interface {}(nil), Term:0, Index:0}
024107 LEAD S2: prevLog &raft.Entry{Command:interface {}(nil), Term:0, Index:0}
024108 INFO S1: (term 1) follower 收到 [2] AppendEntries [], prevIndex 0, prevTerm 0
024108 INFO S0: (term 1) follower 收到 [2] AppendEntries [], prevIndex 0, prevTerm 0
024108 LEAD S2: 0 append success next 1 match 0
024108 LEAD S2: 1 append success next 1 match 0
025110 LEAD S2: prevLog &raft.Entry{Command:interface {}(nil), Term:0, Index:0}
025110 LEAD S2: prevLog &raft.Entry{Command:interface {}(nil), Term:0, Index:0}
025111 INFO S0: (term 1) follower 收到 [2] AppendEntries [], prevIndex 0, prevTerm 0
025111 INFO S1: (term 1) follower 收到 [2] AppendEntries [], prevIndex 0, prevTerm 0
025111 LEAD S2: 0 append success next 1 match 0
025111 LEAD S2: 1 append success next 1 match 0
026113 LEAD S2: prevLog &raft.Entry{Command:interface {}(nil), Term:0, Index:0}
026113 LEAD S2: prevLog &raft.Entry{Command:interface {}(nil), Term:0, Index:0}
026114 INFO S1: (term 1) follower 收到 [2] AppendEntries [], prevIndex 0, prevTerm 0
026114 LEAD S2: 1 append success next 1 match 0
026114 INFO S0: (term 1) follower 收到 [2] AppendEntries [], prevIndex 0, prevTerm 0
026115 LEAD S2: 0 append success next 1 match 0
027116 LEAD S2: prevLog &raft.Entry{Command:interface {}(nil), Term:0, Index:0}
027116 LEAD S2: prevLog &raft.Entry{Command:interface {}(nil), Term:0, Index:0}
027117 INFO S0: (term 1) follower 收到 [2] AppendEntries [], prevIndex 0, prevTerm 0
027117 INFO S1: (term 1) follower 收到 [2] AppendEntries [], prevIndex 0, prevTerm 0
027117 LEAD S2: 0 append success next 1 match 0
027118 LEAD S2: 1 append success next 1 match 0
028121 LEAD S2: prevLog &raft.Entry{Command:interface {}(nil), Term:0, Index:0}
028121 LEAD S2: prevLog &raft.Entry{Command:interface {}(nil), Term:0, Index:0}
028122 INFO S0: (term 1) follower 收到 [2] AppendEntries [], prevIndex 0, prevTerm 0
028122 INFO S1: (term 1) follower 收到 [2] AppendEntries [], prevIndex 0, prevTerm 0
028122 LEAD S2: 0 append success next 1 match 0
028122 LEAD S2: 1 append success next 1 match 0
029125 LEAD S2: prevLog &raft.Entry{Command:interface {}(nil), Term:0, Index:0}
029125 LEAD S2: prevLog &raft.Entry{Command:interface {}(nil), Term:0, Index:0}
029126 INFO S0: (term 1) follower 收到 [2] AppendEntries [], prevIndex 0, prevTerm 0
029126 INFO S1: (term 1) follower 收到 [2] AppendEntries [], prevIndex 0, prevTerm 0
029126 LEAD S2: 0 append success next 1 match 0
029126 LEAD S2: 1 append success next 1 match 0
030129 LEAD S2: prevLog &raft.Entry{Command:interface {}(nil), Term:0, Index:0}
030130 LEAD S2: prevLog &raft.Entry{Command:interface {}(nil), Term:0, Index:0}
030132 INFO S0: (term 1) follower 收到 [2] AppendEntries [], prevIndex 0, prevTerm 0
030133 INFO S1: (term 1) follower 收到 [2] AppendEntries [], prevIndex 0, prevTerm 0
030133 LEAD S2: 0 append success next 1 match 0
030134 LEAD S2: 1 append success next 1 match 0
031136 LEAD S2: prevLog &raft.Entry{Command:interface {}(nil), Term:0, Index:0}
031137 LEAD S2: prevLog &raft.Entry{Command:interface {}(nil), Term:0, Index:0}
031138 INFO S0: (term 1) follower 收到 [2] AppendEntries [], prevIndex 0, prevTerm 0
031138 INFO S1: (term 1) follower 收到 [2] AppendEntries [], prevIndex 0, prevTerm 0
031138 LEAD S2: 0 append success next 1 match 0
031138 LEAD S2: 1 append success next 1 match 0
032139 LEAD S2: prevLog &raft.Entry{Command:interface {}(nil), Term:0, Index:0}
032139 LEAD S2: prevLog &raft.Entry{Command:interface {}(nil), Term:0, Index:0}
032140 INFO S1: (term 1) follower 收到 [2] AppendEntries [], prevIndex 0, prevTerm 0
032140 INFO S0: (term 1) follower 收到 [2] AppendEntries [], prevIndex 0, prevTerm 0
032140 LEAD S2: 0 append success next 1 match 0
032140 LEAD S2: 1 append success next 1 match 0
033143 LEAD S2: prevLog &raft.Entry{Command:interface {}(nil), Term:0, Index:0}
033143 LEAD S2: prevLog &raft.Entry{Command:interface {}(nil), Term:0, Index:0}
033144 INFO S0: (term 1) follower 收到 [2] AppendEntries [], prevIndex 0, prevTerm 0
033144 INFO S1: (term 1) follower 收到 [2] AppendEntries [], prevIndex 0, prevTerm 0
033144 LEAD S2: 0 append success next 1 match 0
033144 LEAD S2: 1 append success next 1 match 0
034145 LEAD S2: prevLog &raft.Entry{Command:interface {}(nil), Term:0, Index:0}
034145 LEAD S2: prevLog &raft.Entry{Command:interface {}(nil), Term:0, Index:0}
034146 INFO S1: (term 1) follower 收到 [2] AppendEntries [], prevIndex 0, prevTerm 0
034146 LEAD S2: 1 append success next 1 match 0
034147 INFO S0: (term 1) follower 收到 [2] AppendEntries [], prevIndex 0, prevTerm 0
034147 LEAD S2: 0 append success next 1 match 0
035149 LEAD S2: prevLog &raft.Entry{Command:interface {}(nil), Term:0, Index:0}
035149 LEAD S2: prevLog &raft.Entry{Command:interface {}(nil), Term:0, Index:0}
035150 INFO S1: (term 1) follower 收到 [2] AppendEntries [], prevIndex 0, prevTerm 0
035150 LEAD S2: 1 append success next 1 match 0
035150 INFO S0: (term 1) follower 收到 [2] AppendEntries [], prevIndex 0, prevTerm 0
035151 LEAD S2: 0 append success next 1 match 0
036154 LEAD S2: prevLog &raft.Entry{Command:interface {}(nil), Term:0, Index:0}
036155 LEAD S2: prevLog &raft.Entry{Command:interface {}(nil), Term:0, Index:0}
036155 INFO S1: (term 1) follower 收到 [2] AppendEntries [], prevIndex 0, prevTerm 0
036156 LEAD S2: 1 append success next 1 match 0
036157 INFO S0: (term 1) follower 收到 [2] AppendEntries [], prevIndex 0, prevTerm 0
036158 LEAD S2: 0 append success next 1 match 0
037159 LEAD S2: prevLog &raft.Entry{Command:interface {}(nil), Term:0, Index:0}
037159 LEAD S2: prevLog &raft.Entry{Command:interface {}(nil), Term:0, Index:0}
037159 INFO S1: (term 1) follower 收到 [2] AppendEntries [], prevIndex 0, prevTerm 0
037160 INFO S0: (term 1) follower 收到 [2] AppendEntries [], prevIndex 0, prevTerm 0
037160 LEAD S2: 0 append success next 1 match 0
037160 LEAD S2: 1 append success next 1 match 0
038162 LEAD S2: prevLog &raft.Entry{Command:interface {}(nil), Term:0, Index:0}
038163 LEAD S2: prevLog &raft.Entry{Command:interface {}(nil), Term:0, Index:0}
038164 INFO S0: (term 1) follower 收到 [2] AppendEntries [], prevIndex 0, prevTerm 0
038164 LEAD S2: 0 append success next 1 match 0
038164 INFO S1: (term 1) follower 收到 [2] AppendEntries [], prevIndex 0, prevTerm 0
038165 LEAD S2: 1 append success next 1 match 0
039168 LEAD S2: prevLog &raft.Entry{Command:interface {}(nil), Term:0, Index:0}
039168 LEAD S2: prevLog &raft.Entry{Command:interface {}(nil), Term:0, Index:0}
039170 INFO S1: (term 1) follower 收到 [2] AppendEntries [], prevIndex 0, prevTerm 0
039170 LEAD S2: 1 append success next 1 match 0
039170 INFO S0: (term 1) follower 收到 [2] AppendEntries [], prevIndex 0, prevTerm 0
039171 LEAD S2: 0 append success next 1 match 0
040174 LEAD S2: prevLog &raft.Entry{Command:interface {}(nil), Term:0, Index:0}
040174 LEAD S2: prevLog &raft.Entry{Command:interface {}(nil), Term:0, Index:0}
040175 INFO S0: (term 1) follower 收到 [2] AppendEntries [], prevIndex 0, prevTerm 0
040175 INFO S1: (term 1) follower 收到 [2] AppendEntries [], prevIndex 0, prevTerm 0
040175 LEAD S2: 1 append success next 1 match 0
040175 LEAD S2: 0 append success next 1 match 0
041178 LEAD S2: prevLog &raft.Entry{Command:interface {}(nil), Term:0, Index:0}
041178 LEAD S2: prevLog &raft.Entry{Command:interface {}(nil), Term:0, Index:0}
041179 INFO S1: (term 1) follower 收到 [2] AppendEntries [], prevIndex 0, prevTerm 0
041179 LEAD S2: 1 append success next 1 match 0
041180 INFO S0: (term 1) follower 收到 [2] AppendEntries [], prevIndex 0, prevTerm 0
041180 LEAD S2: 0 append success next 1 match 0
042181 LEAD S2: prevLog &raft.Entry{Command:interface {}(nil), Term:0, Index:0}
042181 LEAD S2: prevLog &raft.Entry{Command:interface {}(nil), Term:0, Index:0}
042182 INFO S1: (term 1) follower 收到 [2] AppendEntries [], prevIndex 0, prevTerm 0
042182 INFO S0: (term 1) follower 收到 [2] AppendEntries [], prevIndex 0, prevTerm 0
042182 LEAD S2: 0 append success next 1 match 0
042182 LEAD S2: 1 append success next 1 match 0
043184 LEAD S2: prevLog &raft.Entry{Command:interface {}(nil), Term:0, Index:0}
043184 LEAD S2: prevLog &raft.Entry{Command:interface {}(nil), Term:0, Index:0}
043185 INFO S0: (term 1) follower 收到 [2] AppendEntries [], prevIndex 0, prevTerm 0
043185 INFO S1: (term 1) follower 收到 [2] AppendEntries [], prevIndex 0, prevTerm 0
043186 LEAD S2: 0 append success next 1 match 0
043186 LEAD S2: 1 append success next 1 match 0
044187 LEAD S2: prevLog &raft.Entry{Command:interface {}(nil), Term:0, Index:0}
044187 LEAD S2: prevLog &raft.Entry{Command:interface {}(nil), Term:0, Index:0}
044189 INFO S0: (term 1) follower 收到 [2] AppendEntries [], prevIndex 0, prevTerm 0
044189 INFO S1: (term 1) follower 收到 [2] AppendEntries [], prevIndex 0, prevTerm 0
044190 LEAD S2: 0 append success next 1 match 0
044190 LEAD S2: 1 append success next 1 match 0
045192 LEAD S2: prevLog &raft.Entry{Command:interface {}(nil), Term:0, Index:0}
045192 LEAD S2: prevLog &raft.Entry{Command:interface {}(nil), Term:0, Index:0}
045193 INFO S0: (term 1) follower 收到 [2] AppendEntries [], prevIndex 0, prevTerm 0
045193 LEAD S2: 0 append success next 1 match 0
045193 INFO S1: (term 1) follower 收到 [2] AppendEntries [], prevIndex 0, prevTerm 0
045194 LEAD S2: 1 append success next 1 match 0
046195 LEAD S2: prevLog &raft.Entry{Command:interface {}(nil), Term:0, Index:0}
046195 LEAD S2: prevLog &raft.Entry{Command:interface {}(nil), Term:0, Index:0}
046196 INFO S1: (term 1) follower 收到 [2] AppendEntries [], prevIndex 0, prevTerm 0
046196 INFO S0: (term 1) follower 收到 [2] AppendEntries [], prevIndex 0, prevTerm 0
046197 LEAD S2: 1 append success next 1 match 0
046197 LEAD S2: 0 append success next 1 match 0
047199 LEAD S2: prevLog &raft.Entry{Command:interface {}(nil), Term:0, Index:0}
047199 LEAD S2: prevLog &raft.Entry{Command:interface {}(nil), Term:0, Index:0}
047200 INFO S1: (term 1) follower 收到 [2] AppendEntries [], prevIndex 0, prevTerm 0
047200 INFO S0: (term 1) follower 收到 [2] AppendEntries [], prevIndex 0, prevTerm 0
047200 LEAD S2: 1 append success next 1 match 0
047200 LEAD S2: 0 append success next 1 match 0
048202 LEAD S2: prevLog &raft.Entry{Command:interface {}(nil), Term:0, Index:0}
048202 LEAD S2: prevLog &raft.Entry{Command:interface {}(nil), Term:0, Index:0}
048203 INFO S0: (term 1) follower 收到 [2] AppendEntries [], prevIndex 0, prevTerm 0
048203 INFO S1: (term 1) follower 收到 [2] AppendEntries [], prevIndex 0, prevTerm 0
048203 LEAD S2: 0 append success next 1 match 0
048203 LEAD S2: 1 append success next 1 match 0
049205 LEAD S2: prevLog &raft.Entry{Command:interface {}(nil), Term:0, Index:0}
049205 LEAD S2: prevLog &raft.Entry{Command:interface {}(nil), Term:0, Index:0}
049206 INFO S1: (term 1) follower 收到 [2] AppendEntries [], prevIndex 0, prevTerm 0
049206 INFO S0: (term 1) follower 收到 [2] AppendEntries [], prevIndex 0, prevTerm 0
049206 LEAD S2: 0 append success next 1 match 0
049206 LEAD S2: 1 append success next 1 match 0
050209 LEAD S2: prevLog &raft.Entry{Command:interface {}(nil), Term:0, Index:0}
050209 LEAD S2: prevLog &raft.Entry{Command:interface {}(nil), Term:0, Index:0}
050210 INFO S0: (term 1) follower 收到 [2] AppendEntries [], prevIndex 0, prevTerm 0
050210 INFO S1: (term 1) follower 收到 [2] AppendEntries [], prevIndex 0, prevTerm 0
050210 LEAD S2: 0 append success next 1 match 0
050211 LEAD S2: 1 append success next 1 match 0
051213 LEAD S2: prevLog &raft.Entry{Command:interface {}(nil), Term:0, Index:0}
051213 LEAD S2: prevLog &raft.Entry{Command:interface {}(nil), Term:0, Index:0}
051214 INFO S1: (term 1) follower 收到 [2] AppendEntries [], prevIndex 0, prevTerm 0
051214 INFO S0: (term 1) follower 收到 [2] AppendEntries [], prevIndex 0, prevTerm 0
051214 LEAD S2: 1 append success next 1 match 0
051214 LEAD S2: 0 append success next 1 match 0
052216 LEAD S2: prevLog &raft.Entry{Command:interface {}(nil), Term:0, Index:0}
052216 LEAD S2: prevLog &raft.Entry{Command:interface {}(nil), Term:0, Index:0}
052217 INFO S1: (term 1) follower 收到 [2] AppendEntries [], prevIndex 0, prevTerm 0
052217 LEAD S2: 1 append success next 1 match 0
052218 INFO S0: (term 1) follower 收到 [2] AppendEntries [], prevIndex 0, prevTerm 0
052218 LEAD S2: 0 append success next 1 match 0
053219 LEAD S2: prevLog &raft.Entry{Command:interface {}(nil), Term:0, Index:0}
053220 LEAD S2: prevLog &raft.Entry{Command:interface {}(nil), Term:0, Index:0}
053220 INFO S0: (term 1) follower 收到 [2] AppendEntries [], prevIndex 0, prevTerm 0
053220 INFO S1: (term 1) follower 收到 [2] AppendEntries [], prevIndex 0, prevTerm 0
053221 LEAD S2: 0 append success next 1 match 0
053221 LEAD S2: 1 append success next 1 match 0
054223 LEAD S2: prevLog &raft.Entry{Command:interface {}(nil), Term:0, Index:0}
054223 LEAD S2: prevLog &raft.Entry{Command:interface {}(nil), Term:0, Index:0}
054223 INFO S1: (term 1) follower 收到 [2] AppendEntries [], prevIndex 0, prevTerm 0
054224 INFO S0: (term 1) follower 收到 [2] AppendEntries [], prevIndex 0, prevTerm 0
054224 LEAD S2: 1 append success next 1 match 0
054224 LEAD S2: 0 append success next 1 match 0
055226 LEAD S2: prevLog &raft.Entry{Command:interface {}(nil), Term:0, Index:0}
055226 LEAD S2: prevLog &raft.Entry{Command:interface {}(nil), Term:0, Index:0}
055227 INFO S0: (term 1) follower 收到 [2] AppendEntries [], prevIndex 0, prevTerm 0
055227 INFO S1: (term 1) follower 收到 [2] AppendEntries [], prevIndex 0, prevTerm 0
055227 LEAD S2: 0 append success next 1 match 0
055227 LEAD S2: 1 append success next 1 match 0
056229 LEAD S2: prevLog &raft.Entry{Command:interface {}(nil), Term:0, Index:0}
056229 LEAD S2: prevLog &raft.Entry{Command:interface {}(nil), Term:0, Index:0}
056230 INFO S1: (term 1) follower 收到 [2] AppendEntries [], prevIndex 0, prevTerm 0
056230 INFO S0: (term 1) follower 收到 [2] AppendEntries [], prevIndex 0, prevTerm 0
056230 LEAD S2: 1 append success next 1 match 0
056230 LEAD S2: 0 append success next 1 match 0
057232 LEAD S2: prevLog &raft.Entry{Command:interface {}(nil), Term:0, Index:0}
057232 LEAD S2: prevLog &raft.Entry{Command:interface {}(nil), Term:0, Index:0}
057233 INFO S0: (term 1) follower 收到 [2] AppendEntries [], prevIndex 0, prevTerm 0
057233 INFO S1: (term 1) follower 收到 [2] AppendEntries [], prevIndex 0, prevTerm 0
057233 LEAD S2: 0 append success next 1 match 0
057233 LEAD S2: 1 append success next 1 match 0
058235 LEAD S2: prevLog &raft.Entry{Command:interface {}(nil), Term:0, Index:0}
058235 LEAD S2: prevLog &raft.Entry{Command:interface {}(nil), Term:0, Index:0}
058236 INFO S1: (term 1) follower 收到 [2] AppendEntries [], prevIndex 0, prevTerm 0
058236 INFO S0: (term 1) follower 收到 [2] AppendEntries [], prevIndex 0, prevTerm 0
058236 LEAD S2: 1 append success next 1 match 0
058236 LEAD S2: 0 append success next 1 match 0
059238 LEAD S2: prevLog &raft.Entry{Command:interface {}(nil), Term:0, Index:0}
059238 LEAD S2: prevLog &raft.Entry{Command:interface {}(nil), Term:0, Index:0}
059239 INFO S0: (term 1) follower 收到 [2] AppendEntries [], prevIndex 0, prevTerm 0
059239 LEAD S2: 0 append success next 1 match 0
059239 INFO S1: (term 1) follower 收到 [2] AppendEntries [], prevIndex 0, prevTerm 0
059240 LEAD S2: 1 append success next 1 match 0
060242 LEAD S2: prevLog &raft.Entry{Command:interface {}(nil), Term:0, Index:0}
060242 LEAD S2: prevLog &raft.Entry{Command:interface {}(nil), Term:0, Index:0}
060243 INFO S1: (term 1) follower 收到 [2] AppendEntries [], prevIndex 0, prevTerm 0
060243 INFO S0: (term 1) follower 收到 [2] AppendEntries [], prevIndex 0, prevTerm 0
060243 LEAD S2: 0 append success next 1 match 0
060243 LEAD S2: 1 append success next 1 match 0
061247 LEAD S2: prevLog &raft.Entry{Command:interface {}(nil), Term:0, Index:0}
061247 LEAD S2: prevLog &raft.Entry{Command:interface {}(nil), Term:0, Index:0}
061248 INFO S0: (term 1) follower 收到 [2] AppendEntries [], prevIndex 0, prevTerm 0
061248 INFO S1: (term 1) follower 收到 [2] AppendEntries [], prevIndex 0, prevTerm 0
061248 LEAD S2: 0 append success next 1 match 0
061248 LEAD S2: 1 append success next 1 match 0
062250 LEAD S2: prevLog &raft.Entry{Command:interface {}(nil), Term:0, Index:0}
062250 LEAD S2: prevLog &raft.Entry{Command:interface {}(nil), Term:0, Index:0}
062251 INFO S1: (term 1) follower 收到 [2] AppendEntries [], prevIndex 0, prevTerm 0
062251 INFO S0: (term 1) follower 收到 [2] AppendEntries [], prevIndex 0, prevTerm 0
062251 LEAD S2: 1 append success next 1 match 0
062251 LEAD S2: 0 append success next 1 match 0
063254 LEAD S2: prevLog &raft.Entry{Command:interface {}(nil), Term:0, Index:0}
063254 LEAD S2: prevLog &raft.Entry{Command:interface {}(nil), Term:0, Index:0}
063255 INFO S1: (term 1) follower 收到 [2] AppendEntries [], prevIndex 0, prevTerm 0
063255 INFO S0: (term 1) follower 收到 [2] AppendEntries [], prevIndex 0, prevTerm 0
063256 LEAD S2: 1 append success next 1 match 0
063256 LEAD S2: 0 append success next 1 match 0
064258 LEAD S2: prevLog &raft.Entry{Command:interface {}(nil), Term:0, Index:0}
064258 LEAD S2: prevLog &raft.Entry{Command:interface {}(nil), Term:0, Index:0}
064259 INFO S1: (term 1) follower 收到 [2] AppendEntries [], prevIndex 0, prevTerm 0
064259 INFO S0: (term 1) follower 收到 [2] AppendEntries [], prevIndex 0, prevTerm 0
064259 LEAD S2: 1 append success next 1 match 0
064260 LEAD S2: 0 append success next 1 match 0
065261 LEAD S2: prevLog &raft.Entry{Command:interface {}(nil), Term:0, Index:0}
065261 LEAD S2: prevLog &raft.Entry{Command:interface {}(nil), Term:0, Index:0}
065262 INFO S0: (term 1) follower 收到 [2] AppendEntries [], prevIndex 0, prevTerm 0
065262 INFO S1: (term 1) follower 收到 [2] AppendEntries [], prevIndex 0, prevTerm 0
065262 LEAD S2: 0 append success next 1 match 0
065262 LEAD S2: 1 append success next 1 match 0
066264 LEAD S2: prevLog &raft.Entry{Command:interface {}(nil), Term:0, Index:0}
066264 LEAD S2: prevLog &raft.Entry{Command:interface {}(nil), Term:0, Index:0}
066265 INFO S0: (term 1) follower 收到 [2] AppendEntries [], prevIndex 0, prevTerm 0
066265 INFO S1: (term 1) follower 收到 [2] AppendEntries [], prevIndex 0, prevTerm 0
066265 LEAD S2: 1 append success next 1 match 0
066265 LEAD S2: 0 append success next 1 match 0
067268 LEAD S2: prevLog &raft.Entry{Command:interface {}(nil), Term:0, Index:0}
067268 LEAD S2: prevLog &raft.Entry{Command:interface {}(nil), Term:0, Index:0}
067270 INFO S0: (term 1) follower 收到 [2] AppendEntries [], prevIndex 0, prevTerm 0
067271 LEAD S2: 0 append success next 1 match 0
067272 INFO S1: (term 1) follower 收到 [2] AppendEntries [], prevIndex 0, prevTerm 0
067272 LEAD S2: 1 append success next 1 match 0
068271 LEAD S2: prevLog &raft.Entry{Command:interface {}(nil), Term:0, Index:0}
068272 LEAD S2: prevLog &raft.Entry{Command:interface {}(nil), Term:0, Index:0}
068273 INFO S1: (term 1) follower 收到 [2] AppendEntries [], prevIndex 0, prevTerm 0
068273 INFO S0: (term 1) follower 收到 [2] AppendEntries [], prevIndex 0, prevTerm 0
068273 LEAD S2: 0 append success next 1 match 0
068273 LEAD S2: 1 append success next 1 match 0
069274 LEAD S2: prevLog &raft.Entry{Command:interface {}(nil), Term:0, Index:0}
069275 LEAD S2: prevLog &raft.Entry{Command:interface {}(nil), Term:0, Index:0}
069275 INFO S0: (term 1) follower 收到 [2] AppendEntries [], prevIndex 0, prevTerm 0
069275 INFO S1: (term 1) follower 收到 [2] AppendEntries [], prevIndex 0, prevTerm 0
069276 LEAD S2: 0 append success next 1 match 0
069276 LEAD S2: 1 append success next 1 match 0
070278 LEAD S2: prevLog &raft.Entry{Command:interface {}(nil), Term:0, Index:0}
070278 LEAD S2: prevLog &raft.Entry{Command:interface {}(nil), Term:0, Index:0}
070279 INFO S0: (term 1) follower 收到 [2] AppendEntries [], prevIndex 0, prevTerm 0
070279 INFO S1: (term 1) follower 收到 [2] AppendEntries [], prevIndex 0, prevTerm 0
070279 LEAD S2: 0 append success next 1 match 0
070280 LEAD S2: 1 append success next 1 match 0
071282 LEAD S2: prevLog &raft.Entry{Command:interface {}(nil), Term:0, Index:0}
071282 LEAD S2: prevLog &raft.Entry{Command:interface {}(nil), Term:0, Index:0}
071283 INFO S1: (term 1) follower 收到 [2] AppendEntries [], prevIndex 0, prevTerm 0
071283 INFO S0: (term 1) follower 收到 [2] AppendEntries [], prevIndex 0, prevTerm 0
071283 LEAD S2: 1 append success next 1 match 0
071284 LEAD S2: 0 append success next 1 match 0
072285 LEAD S2: prevLog &raft.Entry{Command:interface {}(nil), Term:0, Index:0}
072285 LEAD S2: prevLog &raft.Entry{Command:interface {}(nil), Term:0, Index:0}
072286 INFO S0: (term 1) follower 收到 [2] AppendEntries [], prevIndex 0, prevTerm 0
072286 INFO S1: (term 1) follower 收到 [2] AppendEntries [], prevIndex 0, prevTerm 0
072286 LEAD S2: 0 append success next 1 match 0
072286 LEAD S2: 1 append success next 1 match 0
073289 LEAD S2: prevLog &raft.Entry{Command:interface {}(nil), Term:0, Index:0}
073289 LEAD S2: prevLog &raft.Entry{Command:interface {}(nil), Term:0, Index:0}
073289 INFO S1: (term 1) follower 收到 [2] AppendEntries [], prevIndex 0, prevTerm 0
073290 LEAD S2: 1 append success next 1 match 0
073291 INFO S0: (term 1) follower 收到 [2] AppendEntries [], prevIndex 0, prevTerm 0
073292 LEAD S2: 0 append success next 1 match 0
074291 LEAD S2: prevLog &raft.Entry{Command:interface {}(nil), Term:0, Index:0}
074291 LEAD S2: prevLog &raft.Entry{Command:interface {}(nil), Term:0, Index:0}
074292 INFO S0: (term 1) follower 收到 [2] AppendEntries [], prevIndex 0, prevTerm 0
074292 INFO S1: (term 1) follower 收到 [2] AppendEntries [], prevIndex 0, prevTerm 0
074292 LEAD S2: 1 append success next 1 match 0
074293 LEAD S2: 0 append success next 1 match 0
075295 LEAD S2: prevLog &raft.Entry{Command:interface {}(nil), Term:0, Index:0}
075295 LEAD S2: prevLog &raft.Entry{Command:interface {}(nil), Term:0, Index:0}
075296 INFO S1: (term 1) follower 收到 [2] AppendEntries [], prevIndex 0, prevTerm 0
075296 LEAD S2: 1 append success next 1 match 0
075296 INFO S0: (term 1) follower 收到 [2] AppendEntries [], prevIndex 0, prevTerm 0
075297 LEAD S2: 0 append success next 1 match 0
076299 LEAD S2: prevLog &raft.Entry{Command:interface {}(nil), Term:0, Index:0}
076299 LEAD S2: prevLog &raft.Entry{Command:interface {}(nil), Term:0, Index:0}
076300 INFO S1: (term 1) follower 收到 [2] AppendEntries [], prevIndex 0, prevTerm 0
076300 INFO S0: (term 1) follower 收到 [2] AppendEntries [], prevIndex 0, prevTerm 0
076300 LEAD S2: 0 append success next 1 match 0
076300 LEAD S2: 1 append success next 1 match 0
077302 LEAD S2: prevLog &raft.Entry{Command:interface {}(nil), Term:0, Index:0}
077302 LEAD S2: prevLog &raft.Entry{Command:interface {}(nil), Term:0, Index:0}
077303 INFO S1: (term 1) follower 收到 [2] AppendEntries [], prevIndex 0, prevTerm 0
077303 LEAD S2: 1 append success next 1 match 0
077303 INFO S0: (term 1) follower 收到 [2] AppendEntries [], prevIndex 0, prevTerm 0
077304 LEAD S2: 0 append success next 1 match 0
078305 LEAD S2: prevLog &raft.Entry{Command:interface {}(nil), Term:0, Index:0}
078305 LEAD S2: prevLog &raft.Entry{Command:interface {}(nil), Term:0, Index:0}
078306 INFO S1: (term 1) follower 收到 [2] AppendEntries [], prevIndex 0, prevTerm 0
078306 INFO S0: (term 1) follower 收到 [2] AppendEntries [], prevIndex 0, prevTerm 0
078307 LEAD S2: 1 append success next 1 match 0
078307 LEAD S2: 0 append success next 1 match 0
079310 LEAD S2: prevLog &raft.Entry{Command:interface {}(nil), Term:0, Index:0}
079310 LEAD S2: prevLog &raft.Entry{Command:interface {}(nil), Term:0, Index:0}
079311 INFO S0: (term 1) follower 收到 [2] AppendEntries [], prevIndex 0, prevTerm 0
079311 LEAD S2: 0 append success next 1 match 0
079311 INFO S1: (term 1) follower 收到 [2] AppendEntries [], prevIndex 0, prevTerm 0
079312 LEAD S2: 1 append success next 1 match 0
080313 LEAD S2: prevLog &raft.Entry{Command:interface {}(nil), Term:0, Index:0}
080313 LEAD S2: prevLog &raft.Entry{Command:interface {}(nil), Term:0, Index:0}
080314 INFO S0: (term 1) follower 收到 [2] AppendEntries [], prevIndex 0, prevTerm 0
080314 INFO S1: (term 1) follower 收到 [2] AppendEntries [], prevIndex 0, prevTerm 0
080315 LEAD S2: 1 append success next 1 match 0
080315 LEAD S2: 0 append success next 1 match 0
081316 LEAD S2: prevLog &raft.Entry{Command:interface {}(nil), Term:0, Index:0}
081317 LEAD S2: prevLog &raft.Entry{Command:interface {}(nil), Term:0, Index:0}
081317 INFO S0: (term 1) follower 收到 [2] AppendEntries [], prevIndex 0, prevTerm 0
081317 INFO S1: (term 1) follower 收到 [2] AppendEntries [], prevIndex 0, prevTerm 0
081318 LEAD S2: 0 append success next 1 match 0
081318 LEAD S2: 1 append success next 1 match 0
082320 LEAD S2: prevLog &raft.Entry{Command:interface {}(nil), Term:0, Index:0}
082320 LEAD S2: prevLog &raft.Entry{Command:interface {}(nil), Term:0, Index:0}
082321 INFO S1: (term 1) follower 收到 [2] AppendEntries [], prevIndex 0, prevTerm 0
082321 INFO S0: (term 1) follower 收到 [2] AppendEntries [], prevIndex 0, prevTerm 0
082321 LEAD S2: 1 append success next 1 match 0
082321 LEAD S2: 0 append success next 1 match 0
083322 LEAD S2: prevLog &raft.Entry{Command:interface {}(nil), Term:0, Index:0}
083323 LEAD S2: prevLog &raft.Entry{Command:interface {}(nil), Term:0, Index:0}
083324 INFO S0: (term 1) follower 收到 [2] AppendEntries [], prevIndex 0, prevTerm 0
083324 INFO S1: (term 1) follower 收到 [2] AppendEntries [], prevIndex 0, prevTerm 0
083324 LEAD S2: 0 append success next 1 match 0
083324 LEAD S2: 1 append success next 1 match 0
084326 LEAD S2: prevLog &raft.Entry{Command:interface {}(nil), Term:0, Index:0}
084326 LEAD S2: prevLog &raft.Entry{Command:interface {}(nil), Term:0, Index:0}
084327 INFO S1: (term 1) follower 收到 [2] AppendEntries [], prevIndex 0, prevTerm 0
084327 INFO S0: (term 1) follower 收到 [2] AppendEntries [], prevIndex 0, prevTerm 0
084327 LEAD S2: 1 append success next 1 match 0
084327 LEAD S2: 0 append success next 1 match 0
085329 LEAD S2: prevLog &raft.Entry{Command:interface {}(nil), Term:0, Index:0}
085329 LEAD S2: prevLog &raft.Entry{Command:interface {}(nil), Term:0, Index:0}
085330 INFO S0: (term 1) follower 收到 [2] AppendEntries [], prevIndex 0, prevTerm 0
085330 INFO S1: (term 1) follower 收到 [2] AppendEntries [], prevIndex 0, prevTerm 0
085330 LEAD S2: 0 append success next 1 match 0
085330 LEAD S2: 1 append success next 1 match 0
086333 LEAD S2: prevLog &raft.Entry{Command:interface {}(nil), Term:0, Index:0}
086334 LEAD S2: prevLog &raft.Entry{Command:interface {}(nil), Term:0, Index:0}
086336 INFO S0: (term 1) follower 收到 [2] AppendEntries [], prevIndex 0, prevTerm 0
086336 INFO S1: (term 1) follower 收到 [2] AppendEntries [], prevIndex 0, prevTerm 0
086337 LEAD S2: 0 append success next 1 match 0
086339 LEAD S2: 1 append success next 1 match 0
087339 LEAD S2: prevLog &raft.Entry{Command:interface {}(nil), Term:0, Index:0}
087340 LEAD S2: prevLog &raft.Entry{Command:interface {}(nil), Term:0, Index:0}
087342 INFO S0: (term 1) follower 收到 [2] AppendEntries [], prevIndex 0, prevTerm 0
087343 INFO S1: (term 1) follower 收到 [2] AppendEntries [], prevIndex 0, prevTerm 0
087344 LEAD S2: 1 append success next 1 match 0
087344 LEAD S2: 0 append success next 1 match 0
088345 LEAD S2: prevLog &raft.Entry{Command:interface {}(nil), Term:0, Index:0}
088346 LEAD S2: prevLog &raft.Entry{Command:interface {}(nil), Term:0, Index:0}
088347 INFO S1: (term 1) follower 收到 [2] AppendEntries [], prevIndex 0, prevTerm 0
088347 INFO S0: (term 1) follower 收到 [2] AppendEntries [], prevIndex 0, prevTerm 0
088347 LEAD S2: 1 append success next 1 match 0
088347 LEAD S2: 0 append success next 1 match 0
089350 LEAD S2: prevLog &raft.Entry{Command:interface {}(nil), Term:0, Index:0}
089350 LEAD S2: prevLog &raft.Entry{Command:interface {}(nil), Term:0, Index:0}
089350 INFO S0: (term 1) follower 收到 [2] AppendEntries [], prevIndex 0, prevTerm 0
089351 LEAD S2: 0 append success next 1 match 0
089350 INFO S1: (term 1) follower 收到 [2] AppendEntries [], prevIndex 0, prevTerm 0
089351 LEAD S2: 1 append success next 1 match 0
090354 LEAD S2: prevLog &raft.Entry{Command:interface {}(nil), Term:0, Index:0}
090354 LEAD S2: prevLog &raft.Entry{Command:interface {}(nil), Term:0, Index:0}
090356 INFO S1: (term 1) follower 收到 [2] AppendEntries [], prevIndex 0, prevTerm 0
090357 LEAD S2: 1 append success next 1 match 0
090358 INFO S0: (term 1) follower 收到 [2] AppendEntries [], prevIndex 0, prevTerm 0
090360 LEAD S2: 0 append success next 1 match 0
091361 LEAD S2: prevLog &raft.Entry{Command:interface {}(nil), Term:0, Index:0}
091361 LEAD S2: prevLog &raft.Entry{Command:interface {}(nil), Term:0, Index:0}
091363 INFO S1: (term 1) follower 收到 [2] AppendEntries [], prevIndex 0, prevTerm 0
091363 INFO S0: (term 1) follower 收到 [2] AppendEntries [], prevIndex 0, prevTerm 0
091364 LEAD S2: 0 append success next 1 match 0
091364 LEAD S2: 1 append success next 1 match 0
092365 LEAD S2: prevLog &raft.Entry{Command:interface {}(nil), Term:0, Index:0}
092365 LEAD S2: prevLog &raft.Entry{Command:interface {}(nil), Term:0, Index:0}
092366 INFO S1: (term 1) follower 收到 [2] AppendEntries [], prevIndex 0, prevTerm 0
092366 INFO S0: (term 1) follower 收到 [2] AppendEntries [], prevIndex 0, prevTerm 0
092366 LEAD S2: 1 append success next 1 match 0
092367 LEAD S2: 0 append success next 1 match 0
093369 LEAD S2: prevLog &raft.Entry{Command:interface {}(nil), Term:0, Index:0}
093369 LEAD S2: prevLog &raft.Entry{Command:interface {}(nil), Term:0, Index:0}
093370 INFO S0: (term 1) follower 收到 [2] AppendEntries [], prevIndex 0, prevTerm 0
093370 INFO S1: (term 1) follower 收到 [2] AppendEntries [], prevIndex 0, prevTerm 0
093370 LEAD S2: 0 append success next 1 match 0
093371 LEAD S2: 1 append success next 1 match 0
094372 LEAD S2: prevLog &raft.Entry{Command:interface {}(nil), Term:0, Index:0}
094373 LEAD S2: prevLog &raft.Entry{Command:interface {}(nil), Term:0, Index:0}
094373 INFO S1: (term 1) follower 收到 [2] AppendEntries [], prevIndex 0, prevTerm 0
094374 LEAD S2: 1 append success next 1 match 0
094374 INFO S0: (term 1) follower 收到 [2] AppendEntries [], prevIndex 0, prevTerm 0
094374 LEAD S2: 0 append success next 1 match 0
095376 LEAD S2: prevLog &raft.Entry{Command:interface {}(nil), Term:0, Index:0}
095376 LEAD S2: prevLog &raft.Entry{Command:interface {}(nil), Term:0, Index:0}
095377 INFO S1: (term 1) follower 收到 [2] AppendEntries [], prevIndex 0, prevTerm 0
095377 INFO S0: (term 1) follower 收到 [2] AppendEntries [], prevIndex 0, prevTerm 0
095377 LEAD S2: 1 append success next 1 match 0
095377 LEAD S2: 0 append success next 1 match 0
096380 LEAD S2: prevLog &raft.Entry{Command:interface {}(nil), Term:0, Index:0}
096380 LEAD S2: prevLog &raft.Entry{Command:interface {}(nil), Term:0, Index:0}
096381 INFO S1: (term 1) follower 收到 [2] AppendEntries [], prevIndex 0, prevTerm 0
096381 INFO S0: (term 1) follower 收到 [2] AppendEntries [], prevIndex 0, prevTerm 0
096382 LEAD S2: 1 append success next 1 match 0
096382 LEAD S2: 0 append success next 1 match 0
097384 LEAD S2: prevLog &raft.Entry{Command:interface {}(nil), Term:0, Index:0}
097384 LEAD S2: prevLog &raft.Entry{Command:interface {}(nil), Term:0, Index:0}
097385 INFO S1: (term 1) follower 收到 [2] AppendEntries [], prevIndex 0, prevTerm 0
097385 INFO S0: (term 1) follower 收到 [2] AppendEntries [], prevIndex 0, prevTerm 0
097385 LEAD S2: 1 append success next 1 match 0
097385 LEAD S2: 0 append success next 1 match 0
098386 LEAD S2: prevLog &raft.Entry{Command:interface {}(nil), Term:0, Index:0}
098387 LEAD S2: prevLog &raft.Entry{Command:interface {}(nil), Term:0, Index:0}
098387 INFO S1: (term 1) follower 收到 [2] AppendEntries [], prevIndex 0, prevTerm 0
098387 INFO S0: (term 1) follower 收到 [2] AppendEntries [], prevIndex 0, prevTerm 0
098388 LEAD S2: 1 append success next 1 match 0
098388 LEAD S2: 0 append success next 1 match 0
099392 LEAD S2: prevLog &raft.Entry{Command:interface {}(nil), Term:0, Index:0}
099392 LEAD S2: prevLog &raft.Entry{Command:interface {}(nil), Term:0, Index:0}
099393 INFO S1: (term 1) follower 收到 [2] AppendEntries [], prevIndex 0, prevTerm 0
099394 INFO S0: (term 1) follower 收到 [2] AppendEntries [], prevIndex 0, prevTerm 0
099394 LEAD S2: 1 append success next 1 match 0
099395 LEAD S2: 0 append success next 1 match 0
100396 LEAD S2: prevLog &raft.Entry{Command:interface {}(nil), Term:0, Index:0}
--- FAIL: TestPersist12C (10.04s)
    config.go:609: one(11) failed to reach agreement
100396 LEAD S2: prevLog &raft.Entry{Command:interface {}(nil), Term:0, Index:0}
FAIL
exit status 1
FAIL	6.824/raft	10.040s
