Test (2C): basic persistence ...
004017 INFO S2: start leader election, term 1
004017 VOTE S2: term 1 send vote request to 1
004017 INFO S0: start leader election, term 1
004017 VOTE S0: term 1 send vote request to 2
004018 VOTE S2: term 1 send vote request to 0
004018 VOTE S0: term 1 send vote request to 1
004019 VOTE S0: 2 没有投给me，结束
004019 INFO S1: start leader election, term 1
004019 VOTE S1: term 1 send vote request to 2
004020 VOTE S1: term 1 send vote request to 0
004020 VOTE S1: 2 没有投给me，结束
004020 VOTE S2: 1 没有投给me，结束
004020 VOTE S1: 0 没有投给me，结束
004020 VOTE S2: 0 没有投给me，结束
004021 VOTE S0: 1 没有投给me，结束
008032 INFO S0: start leader election, term 2
008032 VOTE S0: term 2 send vote request to 2
008032 INFO S1: start leader election, term 2
008032 VOTE S1: term 2 send vote request to 2
008032 VOTE S1: term 2 send vote request to 0
008032 INFO S2: start leader election, term 2
008032 VOTE S2: term 2 send vote request to 1
008033 VOTE S0: 2 没有投给me，结束
008033 VOTE S0: term 2 send vote request to 1
008033 VOTE S1: 2 没有投给me，结束
008033 VOTE S2: term 2 send vote request to 0
008033 VOTE S1: 0 没有投给me，结束
008033 VOTE S2: 1 没有投给me，结束
008033 VOTE S2: 0 没有投给me，结束
008033 VOTE S0: 1 没有投给me，结束
012050 INFO S1: start leader election, term 3
012050 VOTE S1: term 3 send vote request to 2
012050 INFO S2: start leader election, term 3
012050 VOTE S2: term 3 send vote request to 1
012050 VOTE S2: 1 没有投给me，结束
012050 VOTE S2: term 3 send vote request to 0
012050 INFO S0: start leader election, term 3
012051 VOTE S1: 2 没有投给me，结束
012051 VOTE S0: term 3 send vote request to 2
012051 VOTE S1: term 3 send vote request to 0
012051 VOTE S2: 0 没有投给me，结束
012051 VOTE S0: term 3 send vote request to 1
012051 VOTE S1: 0 没有投给me，结束
012051 VOTE S0: 2 没有投给me，结束
012052 VOTE S0: 1 没有投给me，结束
014062 INFO S2: start leader election, term 4
014063 VOTE S2: term 4 send vote request to 1
014063 VOTE S2: term 4 send vote request to 0
014064 TERM S1: set new term 4
014064 VOTE S1: term 4 vote 2
014065 TERM S0: set new term 4
014065 VOTE S0: term 4 vote 2
014065 VOTE S2: reply from 1, term一致，且投给2
014065 LEAD S2: come to power, start to send heartbeat
014065 LEAD S2: prevLog &raft.Entry{Command:interface {}(nil), Term:0, Index:0}
014065 LEAD S2: prevLog &raft.Entry{Command:interface {}(nil), Term:0, Index:0}
014066 VOTE S2: reply from 0, term一致，且投给2
014067 INFO S0: (term 4) follower 收到 [2] AppendEntries [], prevIndex 0, prevTerm 0
014068 INFO S1: (term 4) follower 收到 [2] AppendEntries [], prevIndex 0, prevTerm 0
014068 LEAD S2: 0 append success next 1 match 0
014069 LEAD S2: 1 append success next 1 match 0
015067 LEAD S2: prevLog &raft.Entry{Command:interface {}(nil), Term:0, Index:0}
015067 LEAD S2: prevLog &raft.Entry{Command:interface {}(nil), Term:0, Index:0}
015068 INFO S1: (term 4) follower 收到 [2] AppendEntries [], prevIndex 0, prevTerm 0
015068 INFO S0: (term 4) follower 收到 [2] AppendEntries [], prevIndex 0, prevTerm 0
015068 LEAD S2: 1 append success next 1 match 0
015069 LEAD S2: 0 append success next 1 match 0
016072 LEAD S2: prevLog &raft.Entry{Command:interface {}(nil), Term:0, Index:0}
016072 LEAD S2: prevLog &raft.Entry{Command:interface {}(nil), Term:0, Index:0}
016075 INFO S0: (term 4) follower 收到 [2] AppendEntries [], prevIndex 0, prevTerm 0
016075 INFO S1: (term 4) follower 收到 [2] AppendEntries [], prevIndex 0, prevTerm 0
016076 LEAD S2: 0 append success next 1 match 0
016077 LEAD S2: 1 append success next 1 match 0
017084 LEAD S2: prevLog &raft.Entry{Command:interface {}(nil), Term:0, Index:0}
017085 LEAD S2: prevLog &raft.Entry{Command:interface {}(nil), Term:0, Index:0}
017087 INFO S1: (term 4) follower 收到 [2] AppendEntries [], prevIndex 0, prevTerm 0
017089 LEAD S2: 1 append success next 1 match 0
017089 INFO S0: (term 4) follower 收到 [2] AppendEntries [], prevIndex 0, prevTerm 0
017091 LEAD S2: 0 append success next 1 match 0
018091 LEAD S2: prevLog &raft.Entry{Command:interface {}(nil), Term:0, Index:0}
018092 LEAD S2: prevLog &raft.Entry{Command:interface {}(nil), Term:0, Index:0}
018094 INFO S1: (term 4) follower 收到 [2] AppendEntries [], prevIndex 0, prevTerm 0
018095 INFO S0: (term 4) follower 收到 [2] AppendEntries [], prevIndex 0, prevTerm 0
018096 LEAD S2: 1 append success next 1 match 0
018096 LEAD S2: 0 append success next 1 match 0
019098 LEAD S2: prevLog &raft.Entry{Command:interface {}(nil), Term:0, Index:0}
019098 LEAD S2: prevLog &raft.Entry{Command:interface {}(nil), Term:0, Index:0}
019099 INFO S1: (term 4) follower 收到 [2] AppendEntries [], prevIndex 0, prevTerm 0
019099 INFO S0: (term 4) follower 收到 [2] AppendEntries [], prevIndex 0, prevTerm 0
019100 LEAD S2: 1 append success next 1 match 0
019100 LEAD S2: 0 append success next 1 match 0
020105 LEAD S2: prevLog &raft.Entry{Command:interface {}(nil), Term:0, Index:0}
020106 LEAD S2: prevLog &raft.Entry{Command:interface {}(nil), Term:0, Index:0}
020108 INFO S1: (term 4) follower 收到 [2] AppendEntries [], prevIndex 0, prevTerm 0
020110 INFO S0: (term 4) follower 收到 [2] AppendEntries [], prevIndex 0, prevTerm 0
020110 LEAD S2: 1 append success next 1 match 0
020112 LEAD S2: 0 append success next 1 match 0
021113 LEAD S2: prevLog &raft.Entry{Command:interface {}(nil), Term:0, Index:0}
021113 LEAD S2: prevLog &raft.Entry{Command:interface {}(nil), Term:0, Index:0}
021117 INFO S0: (term 4) follower 收到 [2] AppendEntries [], prevIndex 0, prevTerm 0
021117 INFO S1: (term 4) follower 收到 [2] AppendEntries [], prevIndex 0, prevTerm 0
021119 LEAD S2: 1 append success next 1 match 0
021120 LEAD S2: 0 append success next 1 match 0
022118 LEAD S2: prevLog &raft.Entry{Command:interface {}(nil), Term:0, Index:0}
022118 LEAD S2: prevLog &raft.Entry{Command:interface {}(nil), Term:0, Index:0}
022120 INFO S1: (term 4) follower 收到 [2] AppendEntries [], prevIndex 0, prevTerm 0
022120 INFO S0: (term 4) follower 收到 [2] AppendEntries [], prevIndex 0, prevTerm 0
022121 LEAD S2: 1 append success next 1 match 0
022121 LEAD S2: 0 append success next 1 match 0
023125 LEAD S2: prevLog &raft.Entry{Command:interface {}(nil), Term:0, Index:0}
023126 LEAD S2: prevLog &raft.Entry{Command:interface {}(nil), Term:0, Index:0}
023128 INFO S1: (term 4) follower 收到 [2] AppendEntries [], prevIndex 0, prevTerm 0
023129 INFO S0: (term 4) follower 收到 [2] AppendEntries [], prevIndex 0, prevTerm 0
023130 LEAD S2: 1 append success next 1 match 0
023131 LEAD S2: 0 append success next 1 match 0
024131 LEAD S2: prevLog &raft.Entry{Command:interface {}(nil), Term:0, Index:0}
024131 LEAD S2: prevLog &raft.Entry{Command:interface {}(nil), Term:0, Index:0}
024133 INFO S0: (term 4) follower 收到 [2] AppendEntries [], prevIndex 0, prevTerm 0
024133 INFO S1: (term 4) follower 收到 [2] AppendEntries [], prevIndex 0, prevTerm 0
024133 LEAD S2: 0 append success next 1 match 0
024134 LEAD S2: 1 append success next 1 match 0
025138 LEAD S2: prevLog &raft.Entry{Command:interface {}(nil), Term:0, Index:0}
025138 LEAD S2: prevLog &raft.Entry{Command:interface {}(nil), Term:0, Index:0}
025139 INFO S1: (term 4) follower 收到 [2] AppendEntries [], prevIndex 0, prevTerm 0
025140 LEAD S2: 1 append success next 1 match 0
025140 INFO S0: (term 4) follower 收到 [2] AppendEntries [], prevIndex 0, prevTerm 0
025140 LEAD S2: 0 append success next 1 match 0
026143 LEAD S2: prevLog &raft.Entry{Command:interface {}(nil), Term:0, Index:0}
026144 LEAD S2: prevLog &raft.Entry{Command:interface {}(nil), Term:0, Index:0}
026146 INFO S0: (term 4) follower 收到 [2] AppendEntries [], prevIndex 0, prevTerm 0
026147 INFO S1: (term 4) follower 收到 [2] AppendEntries [], prevIndex 0, prevTerm 0
026147 LEAD S2: 0 append success next 1 match 0
026149 LEAD S2: 1 append success next 1 match 0
027154 LEAD S2: prevLog &raft.Entry{Command:interface {}(nil), Term:0, Index:0}
027154 LEAD S2: prevLog &raft.Entry{Command:interface {}(nil), Term:0, Index:0}
027154 INFO S1: (term 4) follower 收到 [2] AppendEntries [], prevIndex 0, prevTerm 0
027155 INFO S0: (term 4) follower 收到 [2] AppendEntries [], prevIndex 0, prevTerm 0
027155 LEAD S2: 1 append success next 1 match 0
027155 LEAD S2: 0 append success next 1 match 0
028160 LEAD S2: prevLog &raft.Entry{Command:interface {}(nil), Term:0, Index:0}
028160 LEAD S2: prevLog &raft.Entry{Command:interface {}(nil), Term:0, Index:0}
028163 INFO S1: (term 4) follower 收到 [2] AppendEntries [], prevIndex 0, prevTerm 0
028163 INFO S0: (term 4) follower 收到 [2] AppendEntries [], prevIndex 0, prevTerm 0
028164 LEAD S2: 0 append success next 1 match 0
028164 LEAD S2: 1 append success next 1 match 0
029168 LEAD S2: prevLog &raft.Entry{Command:interface {}(nil), Term:0, Index:0}
029168 LEAD S2: prevLog &raft.Entry{Command:interface {}(nil), Term:0, Index:0}
029168 INFO S1: (term 4) follower 收到 [2] AppendEntries [], prevIndex 0, prevTerm 0
029168 INFO S0: (term 4) follower 收到 [2] AppendEntries [], prevIndex 0, prevTerm 0
029168 LEAD S2: 1 append success next 1 match 0
029169 LEAD S2: 0 append success next 1 match 0
030172 LEAD S2: prevLog &raft.Entry{Command:interface {}(nil), Term:0, Index:0}
030172 LEAD S2: prevLog &raft.Entry{Command:interface {}(nil), Term:0, Index:0}
030173 INFO S1: (term 4) follower 收到 [2] AppendEntries [], prevIndex 0, prevTerm 0
030173 LEAD S2: 1 append success next 1 match 0
030173 INFO S0: (term 4) follower 收到 [2] AppendEntries [], prevIndex 0, prevTerm 0
030174 LEAD S2: 0 append success next 1 match 0
031176 LEAD S2: prevLog &raft.Entry{Command:interface {}(nil), Term:0, Index:0}
031176 LEAD S2: prevLog &raft.Entry{Command:interface {}(nil), Term:0, Index:0}
031176 INFO S1: (term 4) follower 收到 [2] AppendEntries [], prevIndex 0, prevTerm 0
031176 INFO S0: (term 4) follower 收到 [2] AppendEntries [], prevIndex 0, prevTerm 0
031176 LEAD S2: 1 append success next 1 match 0
031177 LEAD S2: 0 append success next 1 match 0
032179 LEAD S2: prevLog &raft.Entry{Command:interface {}(nil), Term:0, Index:0}
032179 LEAD S2: prevLog &raft.Entry{Command:interface {}(nil), Term:0, Index:0}
032180 INFO S0: (term 4) follower 收到 [2] AppendEntries [], prevIndex 0, prevTerm 0
032180 INFO S1: (term 4) follower 收到 [2] AppendEntries [], prevIndex 0, prevTerm 0
032180 LEAD S2: 0 append success next 1 match 0
032181 LEAD S2: 1 append success next 1 match 0
033183 LEAD S2: prevLog &raft.Entry{Command:interface {}(nil), Term:0, Index:0}
033183 LEAD S2: prevLog &raft.Entry{Command:interface {}(nil), Term:0, Index:0}
033184 INFO S0: (term 4) follower 收到 [2] AppendEntries [], prevIndex 0, prevTerm 0
033184 INFO S1: (term 4) follower 收到 [2] AppendEntries [], prevIndex 0, prevTerm 0
033184 LEAD S2: 1 append success next 1 match 0
033184 LEAD S2: 0 append success next 1 match 0
034188 LEAD S2: prevLog &raft.Entry{Command:interface {}(nil), Term:0, Index:0}
034188 LEAD S2: prevLog &raft.Entry{Command:interface {}(nil), Term:0, Index:0}
034189 INFO S1: (term 4) follower 收到 [2] AppendEntries [], prevIndex 0, prevTerm 0
034189 INFO S0: (term 4) follower 收到 [2] AppendEntries [], prevIndex 0, prevTerm 0
034190 LEAD S2: 1 append success next 1 match 0
034190 LEAD S2: 0 append success next 1 match 0
035192 LEAD S2: prevLog &raft.Entry{Command:interface {}(nil), Term:0, Index:0}
035192 LEAD S2: prevLog &raft.Entry{Command:interface {}(nil), Term:0, Index:0}
035194 INFO S0: (term 4) follower 收到 [2] AppendEntries [], prevIndex 0, prevTerm 0
035194 LEAD S2: 0 append success next 1 match 0
035194 INFO S1: (term 4) follower 收到 [2] AppendEntries [], prevIndex 0, prevTerm 0
035195 LEAD S2: 1 append success next 1 match 0
036197 LEAD S2: prevLog &raft.Entry{Command:interface {}(nil), Term:0, Index:0}
036197 LEAD S2: prevLog &raft.Entry{Command:interface {}(nil), Term:0, Index:0}
036200 INFO S0: (term 4) follower 收到 [2] AppendEntries [], prevIndex 0, prevTerm 0
036200 INFO S1: (term 4) follower 收到 [2] AppendEntries [], prevIndex 0, prevTerm 0
036201 LEAD S2: 0 append success next 1 match 0
036202 LEAD S2: 1 append success next 1 match 0
037203 LEAD S2: prevLog &raft.Entry{Command:interface {}(nil), Term:0, Index:0}
037203 LEAD S2: prevLog &raft.Entry{Command:interface {}(nil), Term:0, Index:0}
037203 INFO S1: (term 4) follower 收到 [2] AppendEntries [], prevIndex 0, prevTerm 0
037203 INFO S0: (term 4) follower 收到 [2] AppendEntries [], prevIndex 0, prevTerm 0
037204 LEAD S2: 1 append success next 1 match 0
037204 LEAD S2: 0 append success next 1 match 0
038207 LEAD S2: prevLog &raft.Entry{Command:interface {}(nil), Term:0, Index:0}
038207 LEAD S2: prevLog &raft.Entry{Command:interface {}(nil), Term:0, Index:0}
038208 INFO S1: (term 4) follower 收到 [2] AppendEntries [], prevIndex 0, prevTerm 0
038208 LEAD S2: 1 append success next 1 match 0
038208 INFO S0: (term 4) follower 收到 [2] AppendEntries [], prevIndex 0, prevTerm 0
038208 LEAD S2: 0 append success next 1 match 0
039212 LEAD S2: prevLog &raft.Entry{Command:interface {}(nil), Term:0, Index:0}
039212 LEAD S2: prevLog &raft.Entry{Command:interface {}(nil), Term:0, Index:0}
039213 INFO S1: (term 4) follower 收到 [2] AppendEntries [], prevIndex 0, prevTerm 0
039214 INFO S0: (term 4) follower 收到 [2] AppendEntries [], prevIndex 0, prevTerm 0
039214 LEAD S2: 1 append success next 1 match 0
039214 LEAD S2: 0 append success next 1 match 0
040218 LEAD S2: prevLog &raft.Entry{Command:interface {}(nil), Term:0, Index:0}
040219 LEAD S2: prevLog &raft.Entry{Command:interface {}(nil), Term:0, Index:0}
040219 INFO S1: (term 4) follower 收到 [2] AppendEntries [], prevIndex 0, prevTerm 0
040220 LEAD S2: 1 append success next 1 match 0
040220 INFO S0: (term 4) follower 收到 [2] AppendEntries [], prevIndex 0, prevTerm 0
040220 LEAD S2: 0 append success next 1 match 0
041225 LEAD S2: prevLog &raft.Entry{Command:interface {}(nil), Term:0, Index:0}
041225 LEAD S2: prevLog &raft.Entry{Command:interface {}(nil), Term:0, Index:0}
041226 INFO S1: (term 4) follower 收到 [2] AppendEntries [], prevIndex 0, prevTerm 0
041226 LEAD S2: 1 append success next 1 match 0
041226 INFO S0: (term 4) follower 收到 [2] AppendEntries [], prevIndex 0, prevTerm 0
041227 LEAD S2: 0 append success next 1 match 0
042229 LEAD S2: prevLog &raft.Entry{Command:interface {}(nil), Term:0, Index:0}
042229 LEAD S2: prevLog &raft.Entry{Command:interface {}(nil), Term:0, Index:0}
042230 INFO S1: (term 4) follower 收到 [2] AppendEntries [], prevIndex 0, prevTerm 0
042230 INFO S0: (term 4) follower 收到 [2] AppendEntries [], prevIndex 0, prevTerm 0
042230 LEAD S2: 0 append success next 1 match 0
042230 LEAD S2: 1 append success next 1 match 0
043235 LEAD S2: prevLog &raft.Entry{Command:interface {}(nil), Term:0, Index:0}
043235 LEAD S2: prevLog &raft.Entry{Command:interface {}(nil), Term:0, Index:0}
043236 INFO S1: (term 4) follower 收到 [2] AppendEntries [], prevIndex 0, prevTerm 0
043236 LEAD S2: 1 append success next 1 match 0
043236 INFO S0: (term 4) follower 收到 [2] AppendEntries [], prevIndex 0, prevTerm 0
043237 LEAD S2: 0 append success next 1 match 0
044242 LEAD S2: prevLog &raft.Entry{Command:interface {}(nil), Term:0, Index:0}
044242 LEAD S2: prevLog &raft.Entry{Command:interface {}(nil), Term:0, Index:0}
044244 INFO S1: (term 4) follower 收到 [2] AppendEntries [], prevIndex 0, prevTerm 0
044245 LEAD S2: 1 append success next 1 match 0
044246 INFO S0: (term 4) follower 收到 [2] AppendEntries [], prevIndex 0, prevTerm 0
044248 LEAD S2: 0 append success next 1 match 0
045249 LEAD S2: prevLog &raft.Entry{Command:interface {}(nil), Term:0, Index:0}
045249 LEAD S2: prevLog &raft.Entry{Command:interface {}(nil), Term:0, Index:0}
045252 INFO S1: (term 4) follower 收到 [2] AppendEntries [], prevIndex 0, prevTerm 0
045252 INFO S0: (term 4) follower 收到 [2] AppendEntries [], prevIndex 0, prevTerm 0
045254 LEAD S2: 1 append success next 1 match 0
045255 LEAD S2: 0 append success next 1 match 0
046255 LEAD S2: prevLog &raft.Entry{Command:interface {}(nil), Term:0, Index:0}
046255 LEAD S2: prevLog &raft.Entry{Command:interface {}(nil), Term:0, Index:0}
046256 INFO S1: (term 4) follower 收到 [2] AppendEntries [], prevIndex 0, prevTerm 0
046257 LEAD S2: 1 append success next 1 match 0
046257 INFO S0: (term 4) follower 收到 [2] AppendEntries [], prevIndex 0, prevTerm 0
046258 LEAD S2: 0 append success next 1 match 0
047264 LEAD S2: prevLog &raft.Entry{Command:interface {}(nil), Term:0, Index:0}
047264 LEAD S2: prevLog &raft.Entry{Command:interface {}(nil), Term:0, Index:0}
047264 INFO S1: (term 4) follower 收到 [2] AppendEntries [], prevIndex 0, prevTerm 0
047265 LEAD S2: 1 append success next 1 match 0
047265 INFO S0: (term 4) follower 收到 [2] AppendEntries [], prevIndex 0, prevTerm 0
047265 LEAD S2: 0 append success next 1 match 0
048271 LEAD S2: prevLog &raft.Entry{Command:interface {}(nil), Term:0, Index:0}
048272 LEAD S2: prevLog &raft.Entry{Command:interface {}(nil), Term:0, Index:0}
048275 INFO S1: (term 4) follower 收到 [2] AppendEntries [], prevIndex 0, prevTerm 0
048276 INFO S0: (term 4) follower 收到 [2] AppendEntries [], prevIndex 0, prevTerm 0
048277 LEAD S2: 1 append success next 1 match 0
048278 LEAD S2: 0 append success next 1 match 0
049274 LEAD S2: prevLog &raft.Entry{Command:interface {}(nil), Term:0, Index:0}
049275 LEAD S2: prevLog &raft.Entry{Command:interface {}(nil), Term:0, Index:0}
049275 INFO S0: (term 4) follower 收到 [2] AppendEntries [], prevIndex 0, prevTerm 0
049276 INFO S1: (term 4) follower 收到 [2] AppendEntries [], prevIndex 0, prevTerm 0
049276 LEAD S2: 0 append success next 1 match 0
049276 LEAD S2: 1 append success next 1 match 0
050278 LEAD S2: prevLog &raft.Entry{Command:interface {}(nil), Term:0, Index:0}
050279 LEAD S2: prevLog &raft.Entry{Command:interface {}(nil), Term:0, Index:0}
050279 INFO S0: (term 4) follower 收到 [2] AppendEntries [], prevIndex 0, prevTerm 0
050279 INFO S1: (term 4) follower 收到 [2] AppendEntries [], prevIndex 0, prevTerm 0
050280 LEAD S2: 1 append success next 1 match 0
050280 LEAD S2: 0 append success next 1 match 0
051282 LEAD S2: prevLog &raft.Entry{Command:interface {}(nil), Term:0, Index:0}
051282 LEAD S2: prevLog &raft.Entry{Command:interface {}(nil), Term:0, Index:0}
051285 INFO S1: (term 4) follower 收到 [2] AppendEntries [], prevIndex 0, prevTerm 0
051285 INFO S0: (term 4) follower 收到 [2] AppendEntries [], prevIndex 0, prevTerm 0
051287 LEAD S2: 1 append success next 1 match 0
051287 LEAD S2: 0 append success next 1 match 0
052288 LEAD S2: prevLog &raft.Entry{Command:interface {}(nil), Term:0, Index:0}
052288 LEAD S2: prevLog &raft.Entry{Command:interface {}(nil), Term:0, Index:0}
052289 INFO S1: (term 4) follower 收到 [2] AppendEntries [], prevIndex 0, prevTerm 0
052289 LEAD S2: 1 append success next 1 match 0
052289 INFO S0: (term 4) follower 收到 [2] AppendEntries [], prevIndex 0, prevTerm 0
052290 LEAD S2: 0 append success next 1 match 0
053292 LEAD S2: prevLog &raft.Entry{Command:interface {}(nil), Term:0, Index:0}
053292 LEAD S2: prevLog &raft.Entry{Command:interface {}(nil), Term:0, Index:0}
053294 INFO S1: (term 4) follower 收到 [2] AppendEntries [], prevIndex 0, prevTerm 0
053294 INFO S0: (term 4) follower 收到 [2] AppendEntries [], prevIndex 0, prevTerm 0
053296 LEAD S2: 1 append success next 1 match 0
053296 LEAD S2: 0 append success next 1 match 0
054300 LEAD S2: prevLog &raft.Entry{Command:interface {}(nil), Term:0, Index:0}
054301 LEAD S2: prevLog &raft.Entry{Command:interface {}(nil), Term:0, Index:0}
054304 INFO S1: (term 4) follower 收到 [2] AppendEntries [], prevIndex 0, prevTerm 0
054305 INFO S0: (term 4) follower 收到 [2] AppendEntries [], prevIndex 0, prevTerm 0
054305 LEAD S2: 1 append success next 1 match 0
054307 LEAD S2: 0 append success next 1 match 0
055306 LEAD S2: prevLog &raft.Entry{Command:interface {}(nil), Term:0, Index:0}
055306 LEAD S2: prevLog &raft.Entry{Command:interface {}(nil), Term:0, Index:0}
055306 INFO S1: (term 4) follower 收到 [2] AppendEntries [], prevIndex 0, prevTerm 0
055307 LEAD S2: 1 append success next 1 match 0
055307 INFO S0: (term 4) follower 收到 [2] AppendEntries [], prevIndex 0, prevTerm 0
055307 LEAD S2: 0 append success next 1 match 0
056310 LEAD S2: prevLog &raft.Entry{Command:interface {}(nil), Term:0, Index:0}
056310 LEAD S2: prevLog &raft.Entry{Command:interface {}(nil), Term:0, Index:0}
056311 INFO S1: (term 4) follower 收到 [2] AppendEntries [], prevIndex 0, prevTerm 0
056311 LEAD S2: 1 append success next 1 match 0
056311 INFO S0: (term 4) follower 收到 [2] AppendEntries [], prevIndex 0, prevTerm 0
056312 LEAD S2: 0 append success next 1 match 0
057314 LEAD S2: prevLog &raft.Entry{Command:interface {}(nil), Term:0, Index:0}
057315 LEAD S2: prevLog &raft.Entry{Command:interface {}(nil), Term:0, Index:0}
057316 INFO S1: (term 4) follower 收到 [2] AppendEntries [], prevIndex 0, prevTerm 0
057317 INFO S0: (term 4) follower 收到 [2] AppendEntries [], prevIndex 0, prevTerm 0
057317 LEAD S2: 1 append success next 1 match 0
057317 LEAD S2: 0 append success next 1 match 0
058325 LEAD S2: prevLog &raft.Entry{Command:interface {}(nil), Term:0, Index:0}
058325 LEAD S2: prevLog &raft.Entry{Command:interface {}(nil), Term:0, Index:0}
058327 INFO S0: (term 4) follower 收到 [2] AppendEntries [], prevIndex 0, prevTerm 0
058327 INFO S1: (term 4) follower 收到 [2] AppendEntries [], prevIndex 0, prevTerm 0
058328 LEAD S2: 0 append success next 1 match 0
058329 LEAD S2: 1 append success next 1 match 0
059333 LEAD S2: prevLog &raft.Entry{Command:interface {}(nil), Term:0, Index:0}
059334 LEAD S2: prevLog &raft.Entry{Command:interface {}(nil), Term:0, Index:0}
059336 INFO S0: (term 4) follower 收到 [2] AppendEntries [], prevIndex 0, prevTerm 0
059336 INFO S1: (term 4) follower 收到 [2] AppendEntries [], prevIndex 0, prevTerm 0
059338 LEAD S2: 1 append success next 1 match 0
059340 LEAD S2: 0 append success next 1 match 0
060338 LEAD S2: prevLog &raft.Entry{Command:interface {}(nil), Term:0, Index:0}
060338 LEAD S2: prevLog &raft.Entry{Command:interface {}(nil), Term:0, Index:0}
060339 INFO S1: (term 4) follower 收到 [2] AppendEntries [], prevIndex 0, prevTerm 0
060339 LEAD S2: 1 append success next 1 match 0
060340 INFO S0: (term 4) follower 收到 [2] AppendEntries [], prevIndex 0, prevTerm 0
060340 LEAD S2: 0 append success next 1 match 0
061341 LEAD S2: prevLog &raft.Entry{Command:interface {}(nil), Term:0, Index:0}
061341 LEAD S2: prevLog &raft.Entry{Command:interface {}(nil), Term:0, Index:0}
061342 INFO S0: (term 4) follower 收到 [2] AppendEntries [], prevIndex 0, prevTerm 0
061342 LEAD S2: 0 append success next 1 match 0
061342 INFO S1: (term 4) follower 收到 [2] AppendEntries [], prevIndex 0, prevTerm 0
061342 LEAD S2: 1 append success next 1 match 0
062345 LEAD S2: prevLog &raft.Entry{Command:interface {}(nil), Term:0, Index:0}
062345 LEAD S2: prevLog &raft.Entry{Command:interface {}(nil), Term:0, Index:0}
062346 INFO S0: (term 4) follower 收到 [2] AppendEntries [], prevIndex 0, prevTerm 0
062346 INFO S1: (term 4) follower 收到 [2] AppendEntries [], prevIndex 0, prevTerm 0
062347 LEAD S2: 0 append success next 1 match 0
062347 LEAD S2: 1 append success next 1 match 0
063350 LEAD S2: prevLog &raft.Entry{Command:interface {}(nil), Term:0, Index:0}
063350 LEAD S2: prevLog &raft.Entry{Command:interface {}(nil), Term:0, Index:0}
063352 INFO S0: (term 4) follower 收到 [2] AppendEntries [], prevIndex 0, prevTerm 0
063352 INFO S1: (term 4) follower 收到 [2] AppendEntries [], prevIndex 0, prevTerm 0
063353 LEAD S2: 1 append success next 1 match 0
063353 LEAD S2: 0 append success next 1 match 0
064356 LEAD S2: prevLog &raft.Entry{Command:interface {}(nil), Term:0, Index:0}
064357 LEAD S2: prevLog &raft.Entry{Command:interface {}(nil), Term:0, Index:0}
064359 INFO S0: (term 4) follower 收到 [2] AppendEntries [], prevIndex 0, prevTerm 0
064360 INFO S1: (term 4) follower 收到 [2] AppendEntries [], prevIndex 0, prevTerm 0
064361 LEAD S2: 0 append success next 1 match 0
064362 LEAD S2: 1 append success next 1 match 0
065361 LEAD S2: prevLog &raft.Entry{Command:interface {}(nil), Term:0, Index:0}
065361 LEAD S2: prevLog &raft.Entry{Command:interface {}(nil), Term:0, Index:0}
065363 INFO S1: (term 4) follower 收到 [2] AppendEntries [], prevIndex 0, prevTerm 0
065363 LEAD S2: 1 append success next 1 match 0
065363 INFO S0: (term 4) follower 收到 [2] AppendEntries [], prevIndex 0, prevTerm 0
065365 LEAD S2: 0 append success next 1 match 0
066369 LEAD S2: prevLog &raft.Entry{Command:interface {}(nil), Term:0, Index:0}
066369 LEAD S2: prevLog &raft.Entry{Command:interface {}(nil), Term:0, Index:0}
066372 INFO S0: (term 4) follower 收到 [2] AppendEntries [], prevIndex 0, prevTerm 0
066372 INFO S1: (term 4) follower 收到 [2] AppendEntries [], prevIndex 0, prevTerm 0
066374 LEAD S2: 0 append success next 1 match 0
066375 LEAD S2: 1 append success next 1 match 0
067377 LEAD S2: prevLog &raft.Entry{Command:interface {}(nil), Term:0, Index:0}
067377 LEAD S2: prevLog &raft.Entry{Command:interface {}(nil), Term:0, Index:0}
067379 INFO S1: (term 4) follower 收到 [2] AppendEntries [], prevIndex 0, prevTerm 0
067379 LEAD S2: 1 append success next 1 match 0
067380 INFO S0: (term 4) follower 收到 [2] AppendEntries [], prevIndex 0, prevTerm 0
067381 LEAD S2: 0 append success next 1 match 0
068383 LEAD S2: prevLog &raft.Entry{Command:interface {}(nil), Term:0, Index:0}
068383 LEAD S2: prevLog &raft.Entry{Command:interface {}(nil), Term:0, Index:0}
068384 INFO S0: (term 4) follower 收到 [2] AppendEntries [], prevIndex 0, prevTerm 0
068384 LEAD S2: 0 append success next 1 match 0
068384 INFO S1: (term 4) follower 收到 [2] AppendEntries [], prevIndex 0, prevTerm 0
068385 LEAD S2: 1 append success next 1 match 0
069392 LEAD S2: prevLog &raft.Entry{Command:interface {}(nil), Term:0, Index:0}
069392 LEAD S2: prevLog &raft.Entry{Command:interface {}(nil), Term:0, Index:0}
069393 INFO S1: (term 4) follower 收到 [2] AppendEntries [], prevIndex 0, prevTerm 0
069393 LEAD S2: 1 append success next 1 match 0
069394 INFO S0: (term 4) follower 收到 [2] AppendEntries [], prevIndex 0, prevTerm 0
069394 LEAD S2: 0 append success next 1 match 0
070400 LEAD S2: prevLog &raft.Entry{Command:interface {}(nil), Term:0, Index:0}
070400 LEAD S2: prevLog &raft.Entry{Command:interface {}(nil), Term:0, Index:0}
070404 INFO S0: (term 4) follower 收到 [2] AppendEntries [], prevIndex 0, prevTerm 0
070405 INFO S1: (term 4) follower 收到 [2] AppendEntries [], prevIndex 0, prevTerm 0
070406 LEAD S2: 0 append success next 1 match 0
070423 LEAD S2: 1 append success next 1 match 0
071409 LEAD S2: prevLog &raft.Entry{Command:interface {}(nil), Term:0, Index:0}
071410 LEAD S2: prevLog &raft.Entry{Command:interface {}(nil), Term:0, Index:0}
071413 INFO S1: (term 4) follower 收到 [2] AppendEntries [], prevIndex 0, prevTerm 0
071413 INFO S0: (term 4) follower 收到 [2] AppendEntries [], prevIndex 0, prevTerm 0
071414 LEAD S2: 1 append success next 1 match 0
071414 LEAD S2: 0 append success next 1 match 0
072414 LEAD S2: prevLog &raft.Entry{Command:interface {}(nil), Term:0, Index:0}
072414 LEAD S2: prevLog &raft.Entry{Command:interface {}(nil), Term:0, Index:0}
072415 INFO S1: (term 4) follower 收到 [2] AppendEntries [], prevIndex 0, prevTerm 0
072415 LEAD S2: 1 append success next 1 match 0
072415 INFO S0: (term 4) follower 收到 [2] AppendEntries [], prevIndex 0, prevTerm 0
072416 LEAD S2: 0 append success next 1 match 0
073427 LEAD S2: prevLog &raft.Entry{Command:interface {}(nil), Term:0, Index:0}
073428 LEAD S2: prevLog &raft.Entry{Command:interface {}(nil), Term:0, Index:0}
073431 INFO S1: (term 4) follower 收到 [2] AppendEntries [], prevIndex 0, prevTerm 0
073433 INFO S0: (term 4) follower 收到 [2] AppendEntries [], prevIndex 0, prevTerm 0
073433 LEAD S2: 1 append success next 1 match 0
073434 LEAD S2: 0 append success next 1 match 0
074433 LEAD S2: prevLog &raft.Entry{Command:interface {}(nil), Term:0, Index:0}
074433 LEAD S2: prevLog &raft.Entry{Command:interface {}(nil), Term:0, Index:0}
074434 INFO S0: (term 4) follower 收到 [2] AppendEntries [], prevIndex 0, prevTerm 0
074434 LEAD S2: 0 append success next 1 match 0
074435 INFO S1: (term 4) follower 收到 [2] AppendEntries [], prevIndex 0, prevTerm 0
074435 LEAD S2: 1 append success next 1 match 0
075436 LEAD S2: prevLog &raft.Entry{Command:interface {}(nil), Term:0, Index:0}
075437 LEAD S2: prevLog &raft.Entry{Command:interface {}(nil), Term:0, Index:0}
075437 INFO S1: (term 4) follower 收到 [2] AppendEntries [], prevIndex 0, prevTerm 0
075438 LEAD S2: 1 append success next 1 match 0
075438 INFO S0: (term 4) follower 收到 [2] AppendEntries [], prevIndex 0, prevTerm 0
075438 LEAD S2: 0 append success next 1 match 0
076441 LEAD S2: prevLog &raft.Entry{Command:interface {}(nil), Term:0, Index:0}
076441 LEAD S2: prevLog &raft.Entry{Command:interface {}(nil), Term:0, Index:0}
076441 INFO S1: (term 4) follower 收到 [2] AppendEntries [], prevIndex 0, prevTerm 0
076442 INFO S0: (term 4) follower 收到 [2] AppendEntries [], prevIndex 0, prevTerm 0
076442 LEAD S2: 1 append success next 1 match 0
076442 LEAD S2: 0 append success next 1 match 0
077450 LEAD S2: prevLog &raft.Entry{Command:interface {}(nil), Term:0, Index:0}
077450 LEAD S2: prevLog &raft.Entry{Command:interface {}(nil), Term:0, Index:0}
077452 INFO S1: (term 4) follower 收到 [2] AppendEntries [], prevIndex 0, prevTerm 0
077452 LEAD S2: 1 append success next 1 match 0
077452 INFO S0: (term 4) follower 收到 [2] AppendEntries [], prevIndex 0, prevTerm 0
077453 LEAD S2: 0 append success next 1 match 0
078455 LEAD S2: prevLog &raft.Entry{Command:interface {}(nil), Term:0, Index:0}
078455 LEAD S2: prevLog &raft.Entry{Command:interface {}(nil), Term:0, Index:0}
078456 INFO S1: (term 4) follower 收到 [2] AppendEntries [], prevIndex 0, prevTerm 0
078457 LEAD S2: 1 append success next 1 match 0
078458 INFO S0: (term 4) follower 收到 [2] AppendEntries [], prevIndex 0, prevTerm 0
078458 LEAD S2: 0 append success next 1 match 0
079462 LEAD S2: prevLog &raft.Entry{Command:interface {}(nil), Term:0, Index:0}
079462 LEAD S2: prevLog &raft.Entry{Command:interface {}(nil), Term:0, Index:0}
079464 INFO S0: (term 4) follower 收到 [2] AppendEntries [], prevIndex 0, prevTerm 0
079464 INFO S1: (term 4) follower 收到 [2] AppendEntries [], prevIndex 0, prevTerm 0
079465 LEAD S2: 0 append success next 1 match 0
079466 LEAD S2: 1 append success next 1 match 0
080465 LEAD S2: prevLog &raft.Entry{Command:interface {}(nil), Term:0, Index:0}
080465 LEAD S2: prevLog &raft.Entry{Command:interface {}(nil), Term:0, Index:0}
080465 INFO S1: (term 4) follower 收到 [2] AppendEntries [], prevIndex 0, prevTerm 0
080465 INFO S0: (term 4) follower 收到 [2] AppendEntries [], prevIndex 0, prevTerm 0
080466 LEAD S2: 0 append success next 1 match 0
080466 LEAD S2: 1 append success next 1 match 0
081470 LEAD S2: prevLog &raft.Entry{Command:interface {}(nil), Term:0, Index:0}
081470 LEAD S2: prevLog &raft.Entry{Command:interface {}(nil), Term:0, Index:0}
081471 INFO S1: (term 4) follower 收到 [2] AppendEntries [], prevIndex 0, prevTerm 0
081471 LEAD S2: 1 append success next 1 match 0
081471 INFO S0: (term 4) follower 收到 [2] AppendEntries [], prevIndex 0, prevTerm 0
081472 LEAD S2: 0 append success next 1 match 0
082478 LEAD S2: prevLog &raft.Entry{Command:interface {}(nil), Term:0, Index:0}
082478 LEAD S2: prevLog &raft.Entry{Command:interface {}(nil), Term:0, Index:0}
082478 INFO S1: (term 4) follower 收到 [2] AppendEntries [], prevIndex 0, prevTerm 0
082479 LEAD S2: 1 append success next 1 match 0
082479 INFO S0: (term 4) follower 收到 [2] AppendEntries [], prevIndex 0, prevTerm 0
082479 LEAD S2: 0 append success next 1 match 0
083485 LEAD S2: prevLog &raft.Entry{Command:interface {}(nil), Term:0, Index:0}
083486 LEAD S2: prevLog &raft.Entry{Command:interface {}(nil), Term:0, Index:0}
083489 INFO S1: (term 4) follower 收到 [2] AppendEntries [], prevIndex 0, prevTerm 0
083490 LEAD S2: 1 append success next 1 match 0
083490 INFO S0: (term 4) follower 收到 [2] AppendEntries [], prevIndex 0, prevTerm 0
083492 LEAD S2: 0 append success next 1 match 0
084499 LEAD S2: prevLog &raft.Entry{Command:interface {}(nil), Term:0, Index:0}
084500 LEAD S2: prevLog &raft.Entry{Command:interface {}(nil), Term:0, Index:0}
084503 INFO S0: (term 4) follower 收到 [2] AppendEntries [], prevIndex 0, prevTerm 0
084504 INFO S1: (term 4) follower 收到 [2] AppendEntries [], prevIndex 0, prevTerm 0
084505 LEAD S2: 1 append success next 1 match 0
084505 LEAD S2: 0 append success next 1 match 0
085506 LEAD S2: prevLog &raft.Entry{Command:interface {}(nil), Term:0, Index:0}
085507 LEAD S2: prevLog &raft.Entry{Command:interface {}(nil), Term:0, Index:0}
085509 INFO S1: (term 4) follower 收到 [2] AppendEntries [], prevIndex 0, prevTerm 0
085510 INFO S0: (term 4) follower 收到 [2] AppendEntries [], prevIndex 0, prevTerm 0
085511 LEAD S2: 1 append success next 1 match 0
085513 LEAD S2: 0 append success next 1 match 0
086514 LEAD S2: prevLog &raft.Entry{Command:interface {}(nil), Term:0, Index:0}
086514 LEAD S2: prevLog &raft.Entry{Command:interface {}(nil), Term:0, Index:0}
086514 INFO S1: (term 4) follower 收到 [2] AppendEntries [], prevIndex 0, prevTerm 0
086515 LEAD S2: 1 append success next 1 match 0
086515 INFO S0: (term 4) follower 收到 [2] AppendEntries [], prevIndex 0, prevTerm 0
086516 LEAD S2: 0 append success next 1 match 0
087518 LEAD S2: prevLog &raft.Entry{Command:interface {}(nil), Term:0, Index:0}
087518 LEAD S2: prevLog &raft.Entry{Command:interface {}(nil), Term:0, Index:0}
087519 INFO S1: (term 4) follower 收到 [2] AppendEntries [], prevIndex 0, prevTerm 0
087520 LEAD S2: 1 append success next 1 match 0
087520 INFO S0: (term 4) follower 收到 [2] AppendEntries [], prevIndex 0, prevTerm 0
087521 LEAD S2: 0 append success next 1 match 0
088521 LEAD S2: prevLog &raft.Entry{Command:interface {}(nil), Term:0, Index:0}
088522 LEAD S2: prevLog &raft.Entry{Command:interface {}(nil), Term:0, Index:0}
088525 INFO S1: (term 4) follower 收到 [2] AppendEntries [], prevIndex 0, prevTerm 0
088525 INFO S0: (term 4) follower 收到 [2] AppendEntries [], prevIndex 0, prevTerm 0
088526 LEAD S2: 0 append success next 1 match 0
088527 LEAD S2: 1 append success next 1 match 0
089527 LEAD S2: prevLog &raft.Entry{Command:interface {}(nil), Term:0, Index:0}
089527 LEAD S2: prevLog &raft.Entry{Command:interface {}(nil), Term:0, Index:0}
089530 INFO S1: (term 4) follower 收到 [2] AppendEntries [], prevIndex 0, prevTerm 0
089531 INFO S0: (term 4) follower 收到 [2] AppendEntries [], prevIndex 0, prevTerm 0
089531 LEAD S2: 1 append success next 1 match 0
089533 LEAD S2: 0 append success next 1 match 0
090532 LEAD S2: prevLog &raft.Entry{Command:interface {}(nil), Term:0, Index:0}
090533 LEAD S2: prevLog &raft.Entry{Command:interface {}(nil), Term:0, Index:0}
090534 INFO S1: (term 4) follower 收到 [2] AppendEntries [], prevIndex 0, prevTerm 0
090534 INFO S0: (term 4) follower 收到 [2] AppendEntries [], prevIndex 0, prevTerm 0
090534 LEAD S2: 0 append success next 1 match 0
090534 LEAD S2: 1 append success next 1 match 0
091536 LEAD S2: prevLog &raft.Entry{Command:interface {}(nil), Term:0, Index:0}
091536 LEAD S2: prevLog &raft.Entry{Command:interface {}(nil), Term:0, Index:0}
091536 INFO S1: (term 4) follower 收到 [2] AppendEntries [], prevIndex 0, prevTerm 0
091537 LEAD S2: 1 append success next 1 match 0
091537 INFO S0: (term 4) follower 收到 [2] AppendEntries [], prevIndex 0, prevTerm 0
091537 LEAD S2: 0 append success next 1 match 0
092540 LEAD S2: prevLog &raft.Entry{Command:interface {}(nil), Term:0, Index:0}
092540 LEAD S2: prevLog &raft.Entry{Command:interface {}(nil), Term:0, Index:0}
092542 INFO S1: (term 4) follower 收到 [2] AppendEntries [], prevIndex 0, prevTerm 0
092542 INFO S0: (term 4) follower 收到 [2] AppendEntries [], prevIndex 0, prevTerm 0
092544 LEAD S2: 1 append success next 1 match 0
092544 LEAD S2: 0 append success next 1 match 0
093545 LEAD S2: prevLog &raft.Entry{Command:interface {}(nil), Term:0, Index:0}
093545 LEAD S2: prevLog &raft.Entry{Command:interface {}(nil), Term:0, Index:0}
093546 INFO S1: (term 4) follower 收到 [2] AppendEntries [], prevIndex 0, prevTerm 0
093546 INFO S0: (term 4) follower 收到 [2] AppendEntries [], prevIndex 0, prevTerm 0
093546 LEAD S2: 1 append success next 1 match 0
093546 LEAD S2: 0 append success next 1 match 0
094549 LEAD S2: prevLog &raft.Entry{Command:interface {}(nil), Term:0, Index:0}
094549 LEAD S2: prevLog &raft.Entry{Command:interface {}(nil), Term:0, Index:0}
094551 INFO S1: (term 4) follower 收到 [2] AppendEntries [], prevIndex 0, prevTerm 0
094551 INFO S0: (term 4) follower 收到 [2] AppendEntries [], prevIndex 0, prevTerm 0
094552 LEAD S2: 1 append success next 1 match 0
094552 LEAD S2: 0 append success next 1 match 0
095554 LEAD S2: prevLog &raft.Entry{Command:interface {}(nil), Term:0, Index:0}
095554 LEAD S2: prevLog &raft.Entry{Command:interface {}(nil), Term:0, Index:0}
095555 INFO S0: (term 4) follower 收到 [2] AppendEntries [], prevIndex 0, prevTerm 0
095555 INFO S1: (term 4) follower 收到 [2] AppendEntries [], prevIndex 0, prevTerm 0
095555 LEAD S2: 0 append success next 1 match 0
095555 LEAD S2: 1 append success next 1 match 0
096557 LEAD S2: prevLog &raft.Entry{Command:interface {}(nil), Term:0, Index:0}
096557 LEAD S2: prevLog &raft.Entry{Command:interface {}(nil), Term:0, Index:0}
096558 INFO S1: (term 4) follower 收到 [2] AppendEntries [], prevIndex 0, prevTerm 0
096558 LEAD S2: 1 append success next 1 match 0
096558 INFO S0: (term 4) follower 收到 [2] AppendEntries [], prevIndex 0, prevTerm 0
096559 LEAD S2: 0 append success next 1 match 0
097561 LEAD S2: prevLog &raft.Entry{Command:interface {}(nil), Term:0, Index:0}
097562 LEAD S2: prevLog &raft.Entry{Command:interface {}(nil), Term:0, Index:0}
097565 INFO S1: (term 4) follower 收到 [2] AppendEntries [], prevIndex 0, prevTerm 0
097565 INFO S0: (term 4) follower 收到 [2] AppendEntries [], prevIndex 0, prevTerm 0
097566 LEAD S2: 1 append success next 1 match 0
097566 LEAD S2: 0 append success next 1 match 0
098567 LEAD S2: prevLog &raft.Entry{Command:interface {}(nil), Term:0, Index:0}
098567 LEAD S2: prevLog &raft.Entry{Command:interface {}(nil), Term:0, Index:0}
098568 INFO S1: (term 4) follower 收到 [2] AppendEntries [], prevIndex 0, prevTerm 0
098568 LEAD S2: 1 append success next 1 match 0
098568 INFO S0: (term 4) follower 收到 [2] AppendEntries [], prevIndex 0, prevTerm 0
098569 LEAD S2: 0 append success next 1 match 0
099572 LEAD S2: prevLog &raft.Entry{Command:interface {}(nil), Term:0, Index:0}
099572 LEAD S2: prevLog &raft.Entry{Command:interface {}(nil), Term:0, Index:0}
099573 INFO S1: (term 4) follower 收到 [2] AppendEntries [], prevIndex 0, prevTerm 0
099573 INFO S0: (term 4) follower 收到 [2] AppendEntries [], prevIndex 0, prevTerm 0
099573 LEAD S2: 1 append success next 1 match 0
099573 LEAD S2: 0 append success next 1 match 0
--- FAIL: TestPersist12C (10.01s)
    config.go:609: one(11) failed to reach agreement
FAIL
exit status 1
FAIL	6.824/raft	10.008s
