Test (2C): basic persistence ...
003014 INFO S0: start leader election, term 1
003014 INFO S1: start leader election, term 1
003015 INFO S2: start leader election, term 1
003015 VOTE S1: term 1 send vote request to 2
003015 VOTE S0: term 1 send vote request to 2
003015 VOTE S1: term 1 send vote request to 0
003015 VOTE S2: term 1 send vote request to 0
003015 VOTE S2: term 1 send vote request to 1
003015 VOTE S0: term 1 send vote request to 1
003016 VOTE S0: 2 没有投给me，结束
003016 VOTE S2: 0 没有投给me，结束
003017 VOTE S0: 1 没有投给me，结束
003017 VOTE S1: 0 没有投给me，结束
003017 VOTE S1: 2 没有投给me，结束
003018 VOTE S2: 1 没有投给me，结束
006025 INFO S0: start leader election, term 2
006025 VOTE S0: term 2 send vote request to 2
006025 INFO S1: start leader election, term 2
006025 VOTE S0: term 2 send vote request to 1
006025 VOTE S1: term 2 send vote request to 2
006026 VOTE S1: term 2 send vote request to 0
006026 TERM S2: set new term 2
006026 VOTE S2: term 2 vote 0
006026 VOTE S0: reply from 2, term一致，且投给0
006026 LEAD S0: come to power, start to send heartbeat
006026 LEAD S0: prevLog &raft.Entry{Command:interface {}(nil), Term:0, Index:0}
006026 LEAD S0: prevLog &raft.Entry{Command:interface {}(nil), Term:0, Index:0}
006026 VOTE S1: 0 没有投给me，结束
006026 VOTE S1: 2 没有投给me，结束
006027 VOTE S0: 1 没有投给me，结束
006027 INFO S1: (term 2) follower 收到 [0] AppendEntries [], prevIndex 0, prevTerm 0
006027 LEAD S0: 1 append success next 1 match 0
006028 INFO S2: (term 2) follower 收到 [0] AppendEntries [], prevIndex 0, prevTerm 0
006028 LEAD S0: 2 append success next 1 match 0
007031 LEAD S0: prevLog &raft.Entry{Command:interface {}(nil), Term:0, Index:0}
007032 LEAD S0: prevLog &raft.Entry{Command:interface {}(nil), Term:0, Index:0}
007034 INFO S2: (term 2) follower 收到 [0] AppendEntries [], prevIndex 0, prevTerm 0
007035 INFO S1: (term 2) follower 收到 [0] AppendEntries [], prevIndex 0, prevTerm 0
007036 LEAD S0: 2 append success next 1 match 0
007037 LEAD S0: 1 append success next 1 match 0
008035 LEAD S0: prevLog &raft.Entry{Command:interface {}(nil), Term:0, Index:0}
008036 LEAD S0: prevLog &raft.Entry{Command:interface {}(nil), Term:0, Index:0}
008038 INFO S2: (term 2) follower 收到 [0] AppendEntries [], prevIndex 0, prevTerm 0
008038 INFO S1: (term 2) follower 收到 [0] AppendEntries [], prevIndex 0, prevTerm 0
008040 LEAD S0: 2 append success next 1 match 0
008040 LEAD S0: 1 append success next 1 match 0
009041 LEAD S0: prevLog &raft.Entry{Command:interface {}(nil), Term:0, Index:0}
009041 LEAD S0: prevLog &raft.Entry{Command:interface {}(nil), Term:0, Index:0}
009041 INFO S2: (term 2) follower 收到 [0] AppendEntries [], prevIndex 0, prevTerm 0
009042 LEAD S0: 2 append success next 1 match 0
009042 INFO S1: (term 2) follower 收到 [0] AppendEntries [], prevIndex 0, prevTerm 0
009043 LEAD S0: 1 append success next 1 match 0
010043 LEAD S0: prevLog &raft.Entry{Command:interface {}(nil), Term:0, Index:0}
010044 LEAD S0: prevLog &raft.Entry{Command:interface {}(nil), Term:0, Index:0}
010044 INFO S2: (term 2) follower 收到 [0] AppendEntries [], prevIndex 0, prevTerm 0
010044 LEAD S0: 2 append success next 1 match 0
010045 INFO S1: (term 2) follower 收到 [0] AppendEntries [], prevIndex 0, prevTerm 0
010045 LEAD S0: 1 append success next 1 match 0
011046 LEAD S0: prevLog &raft.Entry{Command:interface {}(nil), Term:0, Index:0}
011047 LEAD S0: prevLog &raft.Entry{Command:interface {}(nil), Term:0, Index:0}
011048 INFO S1: (term 2) follower 收到 [0] AppendEntries [], prevIndex 0, prevTerm 0
011048 INFO S2: (term 2) follower 收到 [0] AppendEntries [], prevIndex 0, prevTerm 0
011048 LEAD S0: 2 append success next 1 match 0
011048 LEAD S0: 1 append success next 1 match 0
012058 LEAD S0: prevLog &raft.Entry{Command:interface {}(nil), Term:0, Index:0}
012058 LEAD S0: prevLog &raft.Entry{Command:interface {}(nil), Term:0, Index:0}
012061 INFO S2: (term 2) follower 收到 [0] AppendEntries [], prevIndex 0, prevTerm 0
012062 INFO S1: (term 2) follower 收到 [0] AppendEntries [], prevIndex 0, prevTerm 0
012063 LEAD S0: 2 append success next 1 match 0
012064 LEAD S0: 1 append success next 1 match 0
013061 LEAD S0: prevLog &raft.Entry{Command:interface {}(nil), Term:0, Index:0}
013061 LEAD S0: prevLog &raft.Entry{Command:interface {}(nil), Term:0, Index:0}
013062 INFO S2: (term 2) follower 收到 [0] AppendEntries [], prevIndex 0, prevTerm 0
013062 LEAD S0: 2 append success next 1 match 0
013062 INFO S1: (term 2) follower 收到 [0] AppendEntries [], prevIndex 0, prevTerm 0
013062 LEAD S0: 1 append success next 1 match 0
014068 LEAD S0: prevLog &raft.Entry{Command:interface {}(nil), Term:0, Index:0}
014069 LEAD S0: prevLog &raft.Entry{Command:interface {}(nil), Term:0, Index:0}
014070 INFO S2: (term 2) follower 收到 [0] AppendEntries [], prevIndex 0, prevTerm 0
014070 INFO S1: (term 2) follower 收到 [0] AppendEntries [], prevIndex 0, prevTerm 0
014071 LEAD S0: 2 append success next 1 match 0
014071 LEAD S0: 1 append success next 1 match 0
015071 LEAD S0: prevLog &raft.Entry{Command:interface {}(nil), Term:0, Index:0}
015071 LEAD S0: prevLog &raft.Entry{Command:interface {}(nil), Term:0, Index:0}
015073 INFO S2: (term 2) follower 收到 [0] AppendEntries [], prevIndex 0, prevTerm 0
015074 INFO S1: (term 2) follower 收到 [0] AppendEntries [], prevIndex 0, prevTerm 0
015074 LEAD S0: 2 append success next 1 match 0
015075 LEAD S0: 1 append success next 1 match 0
016077 LEAD S0: prevLog &raft.Entry{Command:interface {}(nil), Term:0, Index:0}
016077 LEAD S0: prevLog &raft.Entry{Command:interface {}(nil), Term:0, Index:0}
016079 INFO S1: (term 2) follower 收到 [0] AppendEntries [], prevIndex 0, prevTerm 0
016080 INFO S2: (term 2) follower 收到 [0] AppendEntries [], prevIndex 0, prevTerm 0
016080 LEAD S0: 1 append success next 1 match 0
016081 LEAD S0: 2 append success next 1 match 0
017083 LEAD S0: prevLog &raft.Entry{Command:interface {}(nil), Term:0, Index:0}
017084 LEAD S0: prevLog &raft.Entry{Command:interface {}(nil), Term:0, Index:0}
017086 INFO S2: (term 2) follower 收到 [0] AppendEntries [], prevIndex 0, prevTerm 0
017087 LEAD S0: 2 append success next 1 match 0
017087 INFO S1: (term 2) follower 收到 [0] AppendEntries [], prevIndex 0, prevTerm 0
017090 LEAD S0: 1 append success next 1 match 0
018087 LEAD S0: prevLog &raft.Entry{Command:interface {}(nil), Term:0, Index:0}
018087 LEAD S0: prevLog &raft.Entry{Command:interface {}(nil), Term:0, Index:0}
018088 INFO S2: (term 2) follower 收到 [0] AppendEntries [], prevIndex 0, prevTerm 0
018088 LEAD S0: 2 append success next 1 match 0
018089 INFO S1: (term 2) follower 收到 [0] AppendEntries [], prevIndex 0, prevTerm 0
018089 LEAD S0: 1 append success next 1 match 0
019092 LEAD S0: prevLog &raft.Entry{Command:interface {}(nil), Term:0, Index:0}
019092 LEAD S0: prevLog &raft.Entry{Command:interface {}(nil), Term:0, Index:0}
019093 INFO S2: (term 2) follower 收到 [0] AppendEntries [], prevIndex 0, prevTerm 0
019093 INFO S1: (term 2) follower 收到 [0] AppendEntries [], prevIndex 0, prevTerm 0
019093 LEAD S0: 2 append success next 1 match 0
019093 LEAD S0: 1 append success next 1 match 0
020095 LEAD S0: prevLog &raft.Entry{Command:interface {}(nil), Term:0, Index:0}
020095 LEAD S0: prevLog &raft.Entry{Command:interface {}(nil), Term:0, Index:0}
020096 INFO S1: (term 2) follower 收到 [0] AppendEntries [], prevIndex 0, prevTerm 0
020096 INFO S2: (term 2) follower 收到 [0] AppendEntries [], prevIndex 0, prevTerm 0
020096 LEAD S0: 1 append success next 1 match 0
020096 LEAD S0: 2 append success next 1 match 0
021098 LEAD S0: prevLog &raft.Entry{Command:interface {}(nil), Term:0, Index:0}
021099 LEAD S0: prevLog &raft.Entry{Command:interface {}(nil), Term:0, Index:0}
021099 INFO S1: (term 2) follower 收到 [0] AppendEntries [], prevIndex 0, prevTerm 0
021099 INFO S2: (term 2) follower 收到 [0] AppendEntries [], prevIndex 0, prevTerm 0
021100 LEAD S0: 1 append success next 1 match 0
021100 LEAD S0: 2 append success next 1 match 0
022101 LEAD S0: prevLog &raft.Entry{Command:interface {}(nil), Term:0, Index:0}
022102 LEAD S0: prevLog &raft.Entry{Command:interface {}(nil), Term:0, Index:0}
022102 INFO S1: (term 2) follower 收到 [0] AppendEntries [], prevIndex 0, prevTerm 0
022103 INFO S2: (term 2) follower 收到 [0] AppendEntries [], prevIndex 0, prevTerm 0
022103 LEAD S0: 1 append success next 1 match 0
022103 LEAD S0: 2 append success next 1 match 0
023106 LEAD S0: prevLog &raft.Entry{Command:interface {}(nil), Term:0, Index:0}
023106 LEAD S0: prevLog &raft.Entry{Command:interface {}(nil), Term:0, Index:0}
023108 INFO S2: (term 2) follower 收到 [0] AppendEntries [], prevIndex 0, prevTerm 0
023109 INFO S1: (term 2) follower 收到 [0] AppendEntries [], prevIndex 0, prevTerm 0
023110 LEAD S0: 2 append success next 1 match 0
023110 LEAD S0: 1 append success next 1 match 0
024110 LEAD S0: prevLog &raft.Entry{Command:interface {}(nil), Term:0, Index:0}
024111 LEAD S0: prevLog &raft.Entry{Command:interface {}(nil), Term:0, Index:0}
024113 INFO S1: (term 2) follower 收到 [0] AppendEntries [], prevIndex 0, prevTerm 0
024114 INFO S2: (term 2) follower 收到 [0] AppendEntries [], prevIndex 0, prevTerm 0
024115 LEAD S0: 1 append success next 1 match 0
024116 LEAD S0: 2 append success next 1 match 0
025114 LEAD S0: prevLog &raft.Entry{Command:interface {}(nil), Term:0, Index:0}
025114 LEAD S0: prevLog &raft.Entry{Command:interface {}(nil), Term:0, Index:0}
025116 INFO S2: (term 2) follower 收到 [0] AppendEntries [], prevIndex 0, prevTerm 0
025116 INFO S1: (term 2) follower 收到 [0] AppendEntries [], prevIndex 0, prevTerm 0
025117 LEAD S0: 2 append success next 1 match 0
025117 LEAD S0: 1 append success next 1 match 0
026123 LEAD S0: prevLog &raft.Entry{Command:interface {}(nil), Term:0, Index:0}
026123 LEAD S0: prevLog &raft.Entry{Command:interface {}(nil), Term:0, Index:0}
026125 INFO S2: (term 2) follower 收到 [0] AppendEntries [], prevIndex 0, prevTerm 0
026126 LEAD S0: 2 append success next 1 match 0
026126 INFO S1: (term 2) follower 收到 [0] AppendEntries [], prevIndex 0, prevTerm 0
026127 LEAD S0: 1 append success next 1 match 0
027127 LEAD S0: prevLog &raft.Entry{Command:interface {}(nil), Term:0, Index:0}
027127 LEAD S0: prevLog &raft.Entry{Command:interface {}(nil), Term:0, Index:0}
027128 INFO S2: (term 2) follower 收到 [0] AppendEntries [], prevIndex 0, prevTerm 0
027128 LEAD S0: 2 append success next 1 match 0
027128 INFO S1: (term 2) follower 收到 [0] AppendEntries [], prevIndex 0, prevTerm 0
027129 LEAD S0: 1 append success next 1 match 0
028130 LEAD S0: prevLog &raft.Entry{Command:interface {}(nil), Term:0, Index:0}
028130 LEAD S0: prevLog &raft.Entry{Command:interface {}(nil), Term:0, Index:0}
028130 INFO S2: (term 2) follower 收到 [0] AppendEntries [], prevIndex 0, prevTerm 0
028131 LEAD S0: 2 append success next 1 match 0
028131 INFO S1: (term 2) follower 收到 [0] AppendEntries [], prevIndex 0, prevTerm 0
028131 LEAD S0: 1 append success next 1 match 0
029135 LEAD S0: prevLog &raft.Entry{Command:interface {}(nil), Term:0, Index:0}
029135 LEAD S0: prevLog &raft.Entry{Command:interface {}(nil), Term:0, Index:0}
029136 INFO S1: (term 2) follower 收到 [0] AppendEntries [], prevIndex 0, prevTerm 0
029136 INFO S2: (term 2) follower 收到 [0] AppendEntries [], prevIndex 0, prevTerm 0
029136 LEAD S0: 1 append success next 1 match 0
029136 LEAD S0: 2 append success next 1 match 0
030138 LEAD S0: prevLog &raft.Entry{Command:interface {}(nil), Term:0, Index:0}
030139 LEAD S0: prevLog &raft.Entry{Command:interface {}(nil), Term:0, Index:0}
030139 INFO S1: (term 2) follower 收到 [0] AppendEntries [], prevIndex 0, prevTerm 0
030139 INFO S2: (term 2) follower 收到 [0] AppendEntries [], prevIndex 0, prevTerm 0
030140 LEAD S0: 1 append success next 1 match 0
030140 LEAD S0: 2 append success next 1 match 0
031145 LEAD S0: prevLog &raft.Entry{Command:interface {}(nil), Term:0, Index:0}
031145 LEAD S0: prevLog &raft.Entry{Command:interface {}(nil), Term:0, Index:0}
031145 INFO S2: (term 2) follower 收到 [0] AppendEntries [], prevIndex 0, prevTerm 0
031146 LEAD S0: 2 append success next 1 match 0
031146 INFO S1: (term 2) follower 收到 [0] AppendEntries [], prevIndex 0, prevTerm 0
031146 LEAD S0: 1 append success next 1 match 0
032149 LEAD S0: prevLog &raft.Entry{Command:interface {}(nil), Term:0, Index:0}
032149 LEAD S0: prevLog &raft.Entry{Command:interface {}(nil), Term:0, Index:0}
032149 INFO S2: (term 2) follower 收到 [0] AppendEntries [], prevIndex 0, prevTerm 0
032150 LEAD S0: 2 append success next 1 match 0
032150 INFO S1: (term 2) follower 收到 [0] AppendEntries [], prevIndex 0, prevTerm 0
032150 LEAD S0: 1 append success next 1 match 0
033152 LEAD S0: prevLog &raft.Entry{Command:interface {}(nil), Term:0, Index:0}
033152 LEAD S0: prevLog &raft.Entry{Command:interface {}(nil), Term:0, Index:0}
033153 INFO S1: (term 2) follower 收到 [0] AppendEntries [], prevIndex 0, prevTerm 0
033153 INFO S2: (term 2) follower 收到 [0] AppendEntries [], prevIndex 0, prevTerm 0
033153 LEAD S0: 2 append success next 1 match 0
033153 LEAD S0: 1 append success next 1 match 0
034156 LEAD S0: prevLog &raft.Entry{Command:interface {}(nil), Term:0, Index:0}
034156 LEAD S0: prevLog &raft.Entry{Command:interface {}(nil), Term:0, Index:0}
034157 INFO S1: (term 2) follower 收到 [0] AppendEntries [], prevIndex 0, prevTerm 0
034157 INFO S2: (term 2) follower 收到 [0] AppendEntries [], prevIndex 0, prevTerm 0
034157 LEAD S0: 1 append success next 1 match 0
034157 LEAD S0: 2 append success next 1 match 0
035159 LEAD S0: prevLog &raft.Entry{Command:interface {}(nil), Term:0, Index:0}
035159 LEAD S0: prevLog &raft.Entry{Command:interface {}(nil), Term:0, Index:0}
035160 INFO S2: (term 2) follower 收到 [0] AppendEntries [], prevIndex 0, prevTerm 0
035160 INFO S1: (term 2) follower 收到 [0] AppendEntries [], prevIndex 0, prevTerm 0
035160 LEAD S0: 2 append success next 1 match 0
035161 LEAD S0: 1 append success next 1 match 0
036163 LEAD S0: prevLog &raft.Entry{Command:interface {}(nil), Term:0, Index:0}
036163 LEAD S0: prevLog &raft.Entry{Command:interface {}(nil), Term:0, Index:0}
036164 INFO S2: (term 2) follower 收到 [0] AppendEntries [], prevIndex 0, prevTerm 0
036164 LEAD S0: 2 append success next 1 match 0
036164 INFO S1: (term 2) follower 收到 [0] AppendEntries [], prevIndex 0, prevTerm 0
036165 LEAD S0: 1 append success next 1 match 0
037166 LEAD S0: prevLog &raft.Entry{Command:interface {}(nil), Term:0, Index:0}
037166 LEAD S0: prevLog &raft.Entry{Command:interface {}(nil), Term:0, Index:0}
037167 INFO S1: (term 2) follower 收到 [0] AppendEntries [], prevIndex 0, prevTerm 0
037167 LEAD S0: 1 append success next 1 match 0
037168 INFO S2: (term 2) follower 收到 [0] AppendEntries [], prevIndex 0, prevTerm 0
037168 LEAD S0: 2 append success next 1 match 0
038173 LEAD S0: prevLog &raft.Entry{Command:interface {}(nil), Term:0, Index:0}
038173 LEAD S0: prevLog &raft.Entry{Command:interface {}(nil), Term:0, Index:0}
038175 INFO S2: (term 2) follower 收到 [0] AppendEntries [], prevIndex 0, prevTerm 0
038175 INFO S1: (term 2) follower 收到 [0] AppendEntries [], prevIndex 0, prevTerm 0
038176 LEAD S0: 2 append success next 1 match 0
038177 LEAD S0: 1 append success next 1 match 0
039181 LEAD S0: prevLog &raft.Entry{Command:interface {}(nil), Term:0, Index:0}
039181 LEAD S0: prevLog &raft.Entry{Command:interface {}(nil), Term:0, Index:0}
039182 INFO S2: (term 2) follower 收到 [0] AppendEntries [], prevIndex 0, prevTerm 0
039183 LEAD S0: 2 append success next 1 match 0
039183 INFO S1: (term 2) follower 收到 [0] AppendEntries [], prevIndex 0, prevTerm 0
039184 LEAD S0: 1 append success next 1 match 0
040184 LEAD S0: prevLog &raft.Entry{Command:interface {}(nil), Term:0, Index:0}
040184 LEAD S0: prevLog &raft.Entry{Command:interface {}(nil), Term:0, Index:0}
040185 INFO S2: (term 2) follower 收到 [0] AppendEntries [], prevIndex 0, prevTerm 0
040185 INFO S1: (term 2) follower 收到 [0] AppendEntries [], prevIndex 0, prevTerm 0
040185 LEAD S0: 1 append success next 1 match 0
040185 LEAD S0: 2 append success next 1 match 0
041188 LEAD S0: prevLog &raft.Entry{Command:interface {}(nil), Term:0, Index:0}
041188 LEAD S0: prevLog &raft.Entry{Command:interface {}(nil), Term:0, Index:0}
041188 INFO S1: (term 2) follower 收到 [0] AppendEntries [], prevIndex 0, prevTerm 0
041188 INFO S2: (term 2) follower 收到 [0] AppendEntries [], prevIndex 0, prevTerm 0
041189 LEAD S0: 1 append success next 1 match 0
041189 LEAD S0: 2 append success next 1 match 0
042191 LEAD S0: prevLog &raft.Entry{Command:interface {}(nil), Term:0, Index:0}
042191 LEAD S0: prevLog &raft.Entry{Command:interface {}(nil), Term:0, Index:0}
042192 INFO S2: (term 2) follower 收到 [0] AppendEntries [], prevIndex 0, prevTerm 0
042192 LEAD S0: 2 append success next 1 match 0
042192 INFO S1: (term 2) follower 收到 [0] AppendEntries [], prevIndex 0, prevTerm 0
042193 LEAD S0: 1 append success next 1 match 0
043194 LEAD S0: prevLog &raft.Entry{Command:interface {}(nil), Term:0, Index:0}
043195 LEAD S0: prevLog &raft.Entry{Command:interface {}(nil), Term:0, Index:0}
043196 INFO S1: (term 2) follower 收到 [0] AppendEntries [], prevIndex 0, prevTerm 0
043196 INFO S2: (term 2) follower 收到 [0] AppendEntries [], prevIndex 0, prevTerm 0
043196 LEAD S0: 2 append success next 1 match 0
043196 LEAD S0: 1 append success next 1 match 0
044199 LEAD S0: prevLog &raft.Entry{Command:interface {}(nil), Term:0, Index:0}
044199 LEAD S0: prevLog &raft.Entry{Command:interface {}(nil), Term:0, Index:0}
044201 INFO S2: (term 2) follower 收到 [0] AppendEntries [], prevIndex 0, prevTerm 0
044201 INFO S1: (term 2) follower 收到 [0] AppendEntries [], prevIndex 0, prevTerm 0
044201 LEAD S0: 2 append success next 1 match 0
044202 LEAD S0: 1 append success next 1 match 0
045207 LEAD S0: prevLog &raft.Entry{Command:interface {}(nil), Term:0, Index:0}
045207 LEAD S0: prevLog &raft.Entry{Command:interface {}(nil), Term:0, Index:0}
045208 INFO S2: (term 2) follower 收到 [0] AppendEntries [], prevIndex 0, prevTerm 0
045208 LEAD S0: 2 append success next 1 match 0
045208 INFO S1: (term 2) follower 收到 [0] AppendEntries [], prevIndex 0, prevTerm 0
045209 LEAD S0: 1 append success next 1 match 0
046212 LEAD S0: prevLog &raft.Entry{Command:interface {}(nil), Term:0, Index:0}
046213 LEAD S0: prevLog &raft.Entry{Command:interface {}(nil), Term:0, Index:0}
046214 INFO S2: (term 2) follower 收到 [0] AppendEntries [], prevIndex 0, prevTerm 0
046215 LEAD S0: 2 append success next 1 match 0
046215 INFO S1: (term 2) follower 收到 [0] AppendEntries [], prevIndex 0, prevTerm 0
046216 LEAD S0: 1 append success next 1 match 0
047216 LEAD S0: prevLog &raft.Entry{Command:interface {}(nil), Term:0, Index:0}
047216 LEAD S0: prevLog &raft.Entry{Command:interface {}(nil), Term:0, Index:0}
047217 INFO S2: (term 2) follower 收到 [0] AppendEntries [], prevIndex 0, prevTerm 0
047217 LEAD S0: 2 append success next 1 match 0
047218 INFO S1: (term 2) follower 收到 [0] AppendEntries [], prevIndex 0, prevTerm 0
047218 LEAD S0: 1 append success next 1 match 0
048220 LEAD S0: prevLog &raft.Entry{Command:interface {}(nil), Term:0, Index:0}
048220 LEAD S0: prevLog &raft.Entry{Command:interface {}(nil), Term:0, Index:0}
048221 INFO S2: (term 2) follower 收到 [0] AppendEntries [], prevIndex 0, prevTerm 0
048221 INFO S1: (term 2) follower 收到 [0] AppendEntries [], prevIndex 0, prevTerm 0
048222 LEAD S0: 1 append success next 1 match 0
048222 LEAD S0: 2 append success next 1 match 0
049223 LEAD S0: prevLog &raft.Entry{Command:interface {}(nil), Term:0, Index:0}
049223 LEAD S0: prevLog &raft.Entry{Command:interface {}(nil), Term:0, Index:0}
049223 INFO S1: (term 2) follower 收到 [0] AppendEntries [], prevIndex 0, prevTerm 0
049224 INFO S2: (term 2) follower 收到 [0] AppendEntries [], prevIndex 0, prevTerm 0
049224 LEAD S0: 1 append success next 1 match 0
049224 LEAD S0: 2 append success next 1 match 0
050226 LEAD S0: prevLog &raft.Entry{Command:interface {}(nil), Term:0, Index:0}
050226 LEAD S0: prevLog &raft.Entry{Command:interface {}(nil), Term:0, Index:0}
050227 INFO S2: (term 2) follower 收到 [0] AppendEntries [], prevIndex 0, prevTerm 0
050227 LEAD S0: 2 append success next 1 match 0
050228 INFO S1: (term 2) follower 收到 [0] AppendEntries [], prevIndex 0, prevTerm 0
050228 LEAD S0: 1 append success next 1 match 0
051232 LEAD S0: prevLog &raft.Entry{Command:interface {}(nil), Term:0, Index:0}
051232 LEAD S0: prevLog &raft.Entry{Command:interface {}(nil), Term:0, Index:0}
051233 INFO S2: (term 2) follower 收到 [0] AppendEntries [], prevIndex 0, prevTerm 0
051233 INFO S1: (term 2) follower 收到 [0] AppendEntries [], prevIndex 0, prevTerm 0
051233 LEAD S0: 2 append success next 1 match 0
051233 LEAD S0: 1 append success next 1 match 0
052236 LEAD S0: prevLog &raft.Entry{Command:interface {}(nil), Term:0, Index:0}
052236 LEAD S0: prevLog &raft.Entry{Command:interface {}(nil), Term:0, Index:0}
052237 INFO S1: (term 2) follower 收到 [0] AppendEntries [], prevIndex 0, prevTerm 0
052237 INFO S2: (term 2) follower 收到 [0] AppendEntries [], prevIndex 0, prevTerm 0
052237 LEAD S0: 1 append success next 1 match 0
052237 LEAD S0: 2 append success next 1 match 0
053243 LEAD S0: prevLog &raft.Entry{Command:interface {}(nil), Term:0, Index:0}
053243 LEAD S0: prevLog &raft.Entry{Command:interface {}(nil), Term:0, Index:0}
053244 INFO S1: (term 2) follower 收到 [0] AppendEntries [], prevIndex 0, prevTerm 0
053244 INFO S2: (term 2) follower 收到 [0] AppendEntries [], prevIndex 0, prevTerm 0
053244 LEAD S0: 1 append success next 1 match 0
053244 LEAD S0: 2 append success next 1 match 0
054253 LEAD S0: prevLog &raft.Entry{Command:interface {}(nil), Term:0, Index:0}
054253 LEAD S0: prevLog &raft.Entry{Command:interface {}(nil), Term:0, Index:0}
054256 INFO S1: (term 2) follower 收到 [0] AppendEntries [], prevIndex 0, prevTerm 0
054257 INFO S2: (term 2) follower 收到 [0] AppendEntries [], prevIndex 0, prevTerm 0
054257 LEAD S0: 1 append success next 1 match 0
054259 LEAD S0: 2 append success next 1 match 0
055259 LEAD S0: prevLog &raft.Entry{Command:interface {}(nil), Term:0, Index:0}
055259 LEAD S0: prevLog &raft.Entry{Command:interface {}(nil), Term:0, Index:0}
055261 INFO S2: (term 2) follower 收到 [0] AppendEntries [], prevIndex 0, prevTerm 0
055261 INFO S1: (term 2) follower 收到 [0] AppendEntries [], prevIndex 0, prevTerm 0
055262 LEAD S0: 2 append success next 1 match 0
055262 LEAD S0: 1 append success next 1 match 0
056264 LEAD S0: prevLog &raft.Entry{Command:interface {}(nil), Term:0, Index:0}
056264 LEAD S0: prevLog &raft.Entry{Command:interface {}(nil), Term:0, Index:0}
056265 INFO S2: (term 2) follower 收到 [0] AppendEntries [], prevIndex 0, prevTerm 0
056265 LEAD S0: 2 append success next 1 match 0
056265 INFO S1: (term 2) follower 收到 [0] AppendEntries [], prevIndex 0, prevTerm 0
056266 LEAD S0: 1 append success next 1 match 0
057271 LEAD S0: prevLog &raft.Entry{Command:interface {}(nil), Term:0, Index:0}
057271 LEAD S0: prevLog &raft.Entry{Command:interface {}(nil), Term:0, Index:0}
057274 INFO S2: (term 2) follower 收到 [0] AppendEntries [], prevIndex 0, prevTerm 0
057274 INFO S1: (term 2) follower 收到 [0] AppendEntries [], prevIndex 0, prevTerm 0
057275 LEAD S0: 2 append success next 1 match 0
057276 LEAD S0: 1 append success next 1 match 0
058273 LEAD S0: prevLog &raft.Entry{Command:interface {}(nil), Term:0, Index:0}
058274 LEAD S0: prevLog &raft.Entry{Command:interface {}(nil), Term:0, Index:0}
058274 INFO S2: (term 2) follower 收到 [0] AppendEntries [], prevIndex 0, prevTerm 0
058274 LEAD S0: 2 append success next 1 match 0
058275 INFO S1: (term 2) follower 收到 [0] AppendEntries [], prevIndex 0, prevTerm 0
058275 LEAD S0: 1 append success next 1 match 0
059276 LEAD S0: prevLog &raft.Entry{Command:interface {}(nil), Term:0, Index:0}
059276 LEAD S0: prevLog &raft.Entry{Command:interface {}(nil), Term:0, Index:0}
059277 INFO S2: (term 2) follower 收到 [0] AppendEntries [], prevIndex 0, prevTerm 0
059277 INFO S1: (term 2) follower 收到 [0] AppendEntries [], prevIndex 0, prevTerm 0
059277 LEAD S0: 1 append success next 1 match 0
059277 LEAD S0: 2 append success next 1 match 0
060280 LEAD S0: prevLog &raft.Entry{Command:interface {}(nil), Term:0, Index:0}
060280 LEAD S0: prevLog &raft.Entry{Command:interface {}(nil), Term:0, Index:0}
060280 INFO S1: (term 2) follower 收到 [0] AppendEntries [], prevIndex 0, prevTerm 0
060280 INFO S2: (term 2) follower 收到 [0] AppendEntries [], prevIndex 0, prevTerm 0
060281 LEAD S0: 1 append success next 1 match 0
060281 LEAD S0: 2 append success next 1 match 0
061286 LEAD S0: prevLog &raft.Entry{Command:interface {}(nil), Term:0, Index:0}
061287 LEAD S0: prevLog &raft.Entry{Command:interface {}(nil), Term:0, Index:0}
061290 INFO S2: (term 2) follower 收到 [0] AppendEntries [], prevIndex 0, prevTerm 0
061292 INFO S1: (term 2) follower 收到 [0] AppendEntries [], prevIndex 0, prevTerm 0
061292 LEAD S0: 2 append success next 1 match 0
061294 LEAD S0: 1 append success next 1 match 0
062298 LEAD S0: prevLog &raft.Entry{Command:interface {}(nil), Term:0, Index:0}
062298 LEAD S0: prevLog &raft.Entry{Command:interface {}(nil), Term:0, Index:0}
062300 INFO S1: (term 2) follower 收到 [0] AppendEntries [], prevIndex 0, prevTerm 0
062300 INFO S2: (term 2) follower 收到 [0] AppendEntries [], prevIndex 0, prevTerm 0
062300 LEAD S0: 1 append success next 1 match 0
062301 LEAD S0: 2 append success next 1 match 0
063303 LEAD S0: prevLog &raft.Entry{Command:interface {}(nil), Term:0, Index:0}
063303 LEAD S0: prevLog &raft.Entry{Command:interface {}(nil), Term:0, Index:0}
063304 INFO S2: (term 2) follower 收到 [0] AppendEntries [], prevIndex 0, prevTerm 0
063304 LEAD S0: 2 append success next 1 match 0
063305 INFO S1: (term 2) follower 收到 [0] AppendEntries [], prevIndex 0, prevTerm 0
063305 LEAD S0: 1 append success next 1 match 0
064309 LEAD S0: prevLog &raft.Entry{Command:interface {}(nil), Term:0, Index:0}
064309 LEAD S0: prevLog &raft.Entry{Command:interface {}(nil), Term:0, Index:0}
064310 INFO S1: (term 2) follower 收到 [0] AppendEntries [], prevIndex 0, prevTerm 0
064310 INFO S2: (term 2) follower 收到 [0] AppendEntries [], prevIndex 0, prevTerm 0
064310 LEAD S0: 1 append success next 1 match 0
064310 LEAD S0: 2 append success next 1 match 0
065313 LEAD S0: prevLog &raft.Entry{Command:interface {}(nil), Term:0, Index:0}
065313 LEAD S0: prevLog &raft.Entry{Command:interface {}(nil), Term:0, Index:0}
065314 INFO S1: (term 2) follower 收到 [0] AppendEntries [], prevIndex 0, prevTerm 0
065314 INFO S2: (term 2) follower 收到 [0] AppendEntries [], prevIndex 0, prevTerm 0
065315 LEAD S0: 1 append success next 1 match 0
065315 LEAD S0: 2 append success next 1 match 0
066320 LEAD S0: prevLog &raft.Entry{Command:interface {}(nil), Term:0, Index:0}
066320 LEAD S0: prevLog &raft.Entry{Command:interface {}(nil), Term:0, Index:0}
066323 INFO S2: (term 2) follower 收到 [0] AppendEntries [], prevIndex 0, prevTerm 0
066323 INFO S1: (term 2) follower 收到 [0] AppendEntries [], prevIndex 0, prevTerm 0
066324 LEAD S0: 2 append success next 1 match 0
066326 LEAD S0: 1 append success next 1 match 0
067325 LEAD S0: prevLog &raft.Entry{Command:interface {}(nil), Term:0, Index:0}
067326 LEAD S0: prevLog &raft.Entry{Command:interface {}(nil), Term:0, Index:0}
067326 INFO S2: (term 2) follower 收到 [0] AppendEntries [], prevIndex 0, prevTerm 0
067326 LEAD S0: 2 append success next 1 match 0
067327 INFO S1: (term 2) follower 收到 [0] AppendEntries [], prevIndex 0, prevTerm 0
067328 LEAD S0: 1 append success next 1 match 0
068330 LEAD S0: prevLog &raft.Entry{Command:interface {}(nil), Term:0, Index:0}
068330 LEAD S0: prevLog &raft.Entry{Command:interface {}(nil), Term:0, Index:0}
068331 INFO S2: (term 2) follower 收到 [0] AppendEntries [], prevIndex 0, prevTerm 0
068333 LEAD S0: 2 append success next 1 match 0
068333 INFO S1: (term 2) follower 收到 [0] AppendEntries [], prevIndex 0, prevTerm 0
068336 LEAD S0: 1 append success next 1 match 0
069335 LEAD S0: prevLog &raft.Entry{Command:interface {}(nil), Term:0, Index:0}
069336 LEAD S0: prevLog &raft.Entry{Command:interface {}(nil), Term:0, Index:0}
069336 INFO S2: (term 2) follower 收到 [0] AppendEntries [], prevIndex 0, prevTerm 0
069337 INFO S1: (term 2) follower 收到 [0] AppendEntries [], prevIndex 0, prevTerm 0
069337 LEAD S0: 2 append success next 1 match 0
069337 LEAD S0: 1 append success next 1 match 0
070339 LEAD S0: prevLog &raft.Entry{Command:interface {}(nil), Term:0, Index:0}
070340 LEAD S0: prevLog &raft.Entry{Command:interface {}(nil), Term:0, Index:0}
070341 INFO S2: (term 2) follower 收到 [0] AppendEntries [], prevIndex 0, prevTerm 0
070341 INFO S1: (term 2) follower 收到 [0] AppendEntries [], prevIndex 0, prevTerm 0
070342 LEAD S0: 2 append success next 1 match 0
070342 LEAD S0: 1 append success next 1 match 0
071344 LEAD S0: prevLog &raft.Entry{Command:interface {}(nil), Term:0, Index:0}
071345 LEAD S0: prevLog &raft.Entry{Command:interface {}(nil), Term:0, Index:0}
071345 INFO S2: (term 2) follower 收到 [0] AppendEntries [], prevIndex 0, prevTerm 0
071346 LEAD S0: 2 append success next 1 match 0
071346 INFO S1: (term 2) follower 收到 [0] AppendEntries [], prevIndex 0, prevTerm 0
071346 LEAD S0: 1 append success next 1 match 0
072348 LEAD S0: prevLog &raft.Entry{Command:interface {}(nil), Term:0, Index:0}
072348 LEAD S0: prevLog &raft.Entry{Command:interface {}(nil), Term:0, Index:0}
072349 INFO S1: (term 2) follower 收到 [0] AppendEntries [], prevIndex 0, prevTerm 0
072349 INFO S2: (term 2) follower 收到 [0] AppendEntries [], prevIndex 0, prevTerm 0
072350 LEAD S0: 1 append success next 1 match 0
072350 LEAD S0: 2 append success next 1 match 0
073353 LEAD S0: prevLog &raft.Entry{Command:interface {}(nil), Term:0, Index:0}
073354 LEAD S0: prevLog &raft.Entry{Command:interface {}(nil), Term:0, Index:0}
073354 INFO S2: (term 2) follower 收到 [0] AppendEntries [], prevIndex 0, prevTerm 0
073354 INFO S1: (term 2) follower 收到 [0] AppendEntries [], prevIndex 0, prevTerm 0
073355 LEAD S0: 1 append success next 1 match 0
073355 LEAD S0: 2 append success next 1 match 0
074358 LEAD S0: prevLog &raft.Entry{Command:interface {}(nil), Term:0, Index:0}
074358 LEAD S0: prevLog &raft.Entry{Command:interface {}(nil), Term:0, Index:0}
074358 INFO S2: (term 2) follower 收到 [0] AppendEntries [], prevIndex 0, prevTerm 0
074359 LEAD S0: 2 append success next 1 match 0
074359 INFO S1: (term 2) follower 收到 [0] AppendEntries [], prevIndex 0, prevTerm 0
074359 LEAD S0: 1 append success next 1 match 0
075362 LEAD S0: prevLog &raft.Entry{Command:interface {}(nil), Term:0, Index:0}
075362 LEAD S0: prevLog &raft.Entry{Command:interface {}(nil), Term:0, Index:0}
075363 INFO S2: (term 2) follower 收到 [0] AppendEntries [], prevIndex 0, prevTerm 0
075363 INFO S1: (term 2) follower 收到 [0] AppendEntries [], prevIndex 0, prevTerm 0
075364 LEAD S0: 2 append success next 1 match 0
075364 LEAD S0: 1 append success next 1 match 0
076366 LEAD S0: prevLog &raft.Entry{Command:interface {}(nil), Term:0, Index:0}
076366 LEAD S0: prevLog &raft.Entry{Command:interface {}(nil), Term:0, Index:0}
076367 INFO S2: (term 2) follower 收到 [0] AppendEntries [], prevIndex 0, prevTerm 0
076367 LEAD S0: 2 append success next 1 match 0
076367 INFO S1: (term 2) follower 收到 [0] AppendEntries [], prevIndex 0, prevTerm 0
076368 LEAD S0: 1 append success next 1 match 0
077370 LEAD S0: prevLog &raft.Entry{Command:interface {}(nil), Term:0, Index:0}
077370 LEAD S0: prevLog &raft.Entry{Command:interface {}(nil), Term:0, Index:0}
077371 INFO S2: (term 2) follower 收到 [0] AppendEntries [], prevIndex 0, prevTerm 0
077371 LEAD S0: 2 append success next 1 match 0
077371 INFO S1: (term 2) follower 收到 [0] AppendEntries [], prevIndex 0, prevTerm 0
077372 LEAD S0: 1 append success next 1 match 0
078375 LEAD S0: prevLog &raft.Entry{Command:interface {}(nil), Term:0, Index:0}
078376 LEAD S0: prevLog &raft.Entry{Command:interface {}(nil), Term:0, Index:0}
078376 INFO S2: (term 2) follower 收到 [0] AppendEntries [], prevIndex 0, prevTerm 0
078376 LEAD S0: 2 append success next 1 match 0
078377 INFO S1: (term 2) follower 收到 [0] AppendEntries [], prevIndex 0, prevTerm 0
078377 LEAD S0: 1 append success next 1 match 0
079385 LEAD S0: prevLog &raft.Entry{Command:interface {}(nil), Term:0, Index:0}
079386 LEAD S0: prevLog &raft.Entry{Command:interface {}(nil), Term:0, Index:0}
079387 INFO S2: (term 2) follower 收到 [0] AppendEntries [], prevIndex 0, prevTerm 0
079387 INFO S1: (term 2) follower 收到 [0] AppendEntries [], prevIndex 0, prevTerm 0
079388 LEAD S0: 1 append success next 1 match 0
079388 LEAD S0: 2 append success next 1 match 0
080391 LEAD S0: prevLog &raft.Entry{Command:interface {}(nil), Term:0, Index:0}
080391 LEAD S0: prevLog &raft.Entry{Command:interface {}(nil), Term:0, Index:0}
080392 INFO S1: (term 2) follower 收到 [0] AppendEntries [], prevIndex 0, prevTerm 0
080392 INFO S2: (term 2) follower 收到 [0] AppendEntries [], prevIndex 0, prevTerm 0
080392 LEAD S0: 1 append success next 1 match 0
080392 LEAD S0: 2 append success next 1 match 0
081395 LEAD S0: prevLog &raft.Entry{Command:interface {}(nil), Term:0, Index:0}
081395 LEAD S0: prevLog &raft.Entry{Command:interface {}(nil), Term:0, Index:0}
081396 INFO S1: (term 2) follower 收到 [0] AppendEntries [], prevIndex 0, prevTerm 0
081396 INFO S2: (term 2) follower 收到 [0] AppendEntries [], prevIndex 0, prevTerm 0
081396 LEAD S0: 1 append success next 1 match 0
081396 LEAD S0: 2 append success next 1 match 0
082398 LEAD S0: prevLog &raft.Entry{Command:interface {}(nil), Term:0, Index:0}
082398 LEAD S0: prevLog &raft.Entry{Command:interface {}(nil), Term:0, Index:0}
082399 INFO S2: (term 2) follower 收到 [0] AppendEntries [], prevIndex 0, prevTerm 0
082399 INFO S1: (term 2) follower 收到 [0] AppendEntries [], prevIndex 0, prevTerm 0
082399 LEAD S0: 2 append success next 1 match 0
082400 LEAD S0: 1 append success next 1 match 0
083403 LEAD S0: prevLog &raft.Entry{Command:interface {}(nil), Term:0, Index:0}
083403 LEAD S0: prevLog &raft.Entry{Command:interface {}(nil), Term:0, Index:0}
083404 INFO S1: (term 2) follower 收到 [0] AppendEntries [], prevIndex 0, prevTerm 0
083404 INFO S2: (term 2) follower 收到 [0] AppendEntries [], prevIndex 0, prevTerm 0
083404 LEAD S0: 1 append success next 1 match 0
083404 LEAD S0: 2 append success next 1 match 0
084410 LEAD S0: prevLog &raft.Entry{Command:interface {}(nil), Term:0, Index:0}
084410 LEAD S0: prevLog &raft.Entry{Command:interface {}(nil), Term:0, Index:0}
084411 INFO S2: (term 2) follower 收到 [0] AppendEntries [], prevIndex 0, prevTerm 0
084412 LEAD S0: 2 append success next 1 match 0
084412 INFO S1: (term 2) follower 收到 [0] AppendEntries [], prevIndex 0, prevTerm 0
084413 LEAD S0: 1 append success next 1 match 0
085415 LEAD S0: prevLog &raft.Entry{Command:interface {}(nil), Term:0, Index:0}
085415 LEAD S0: prevLog &raft.Entry{Command:interface {}(nil), Term:0, Index:0}
085417 INFO S2: (term 2) follower 收到 [0] AppendEntries [], prevIndex 0, prevTerm 0
085418 LEAD S0: 2 append success next 1 match 0
085418 INFO S1: (term 2) follower 收到 [0] AppendEntries [], prevIndex 0, prevTerm 0
085419 LEAD S0: 1 append success next 1 match 0
086421 LEAD S0: prevLog &raft.Entry{Command:interface {}(nil), Term:0, Index:0}
086421 LEAD S0: prevLog &raft.Entry{Command:interface {}(nil), Term:0, Index:0}
086422 INFO S2: (term 2) follower 收到 [0] AppendEntries [], prevIndex 0, prevTerm 0
086422 INFO S1: (term 2) follower 收到 [0] AppendEntries [], prevIndex 0, prevTerm 0
086422 LEAD S0: 2 append success next 1 match 0
086422 LEAD S0: 1 append success next 1 match 0
087426 LEAD S0: prevLog &raft.Entry{Command:interface {}(nil), Term:0, Index:0}
087426 LEAD S0: prevLog &raft.Entry{Command:interface {}(nil), Term:0, Index:0}
087427 INFO S2: (term 2) follower 收到 [0] AppendEntries [], prevIndex 0, prevTerm 0
087427 INFO S1: (term 2) follower 收到 [0] AppendEntries [], prevIndex 0, prevTerm 0
087427 LEAD S0: 2 append success next 1 match 0
087427 LEAD S0: 1 append success next 1 match 0
088432 LEAD S0: prevLog &raft.Entry{Command:interface {}(nil), Term:0, Index:0}
088432 LEAD S0: prevLog &raft.Entry{Command:interface {}(nil), Term:0, Index:0}
088435 INFO S1: (term 2) follower 收到 [0] AppendEntries [], prevIndex 0, prevTerm 0
088435 INFO S2: (term 2) follower 收到 [0] AppendEntries [], prevIndex 0, prevTerm 0
088436 LEAD S0: 1 append success next 1 match 0
088437 LEAD S0: 2 append success next 1 match 0
089442 LEAD S0: prevLog &raft.Entry{Command:interface {}(nil), Term:0, Index:0}
089443 LEAD S0: prevLog &raft.Entry{Command:interface {}(nil), Term:0, Index:0}
089446 INFO S2: (term 2) follower 收到 [0] AppendEntries [], prevIndex 0, prevTerm 0
089446 INFO S1: (term 2) follower 收到 [0] AppendEntries [], prevIndex 0, prevTerm 0
089447 LEAD S0: 2 append success next 1 match 0
089448 LEAD S0: 1 append success next 1 match 0
090447 LEAD S0: prevLog &raft.Entry{Command:interface {}(nil), Term:0, Index:0}
090447 LEAD S0: prevLog &raft.Entry{Command:interface {}(nil), Term:0, Index:0}
090448 INFO S1: (term 2) follower 收到 [0] AppendEntries [], prevIndex 0, prevTerm 0
090448 INFO S2: (term 2) follower 收到 [0] AppendEntries [], prevIndex 0, prevTerm 0
090449 LEAD S0: 2 append success next 1 match 0
090449 LEAD S0: 1 append success next 1 match 0
091458 LEAD S0: prevLog &raft.Entry{Command:interface {}(nil), Term:0, Index:0}
091458 LEAD S0: prevLog &raft.Entry{Command:interface {}(nil), Term:0, Index:0}
091460 INFO S2: (term 2) follower 收到 [0] AppendEntries [], prevIndex 0, prevTerm 0
091460 INFO S1: (term 2) follower 收到 [0] AppendEntries [], prevIndex 0, prevTerm 0
091461 LEAD S0: 2 append success next 1 match 0
091464 LEAD S0: 1 append success next 1 match 0
092464 LEAD S0: prevLog &raft.Entry{Command:interface {}(nil), Term:0, Index:0}
092465 LEAD S0: prevLog &raft.Entry{Command:interface {}(nil), Term:0, Index:0}
092465 INFO S2: (term 2) follower 收到 [0] AppendEntries [], prevIndex 0, prevTerm 0
092466 INFO S1: (term 2) follower 收到 [0] AppendEntries [], prevIndex 0, prevTerm 0
092466 LEAD S0: 2 append success next 1 match 0
092466 LEAD S0: 1 append success next 1 match 0
093469 LEAD S0: prevLog &raft.Entry{Command:interface {}(nil), Term:0, Index:0}
093469 LEAD S0: prevLog &raft.Entry{Command:interface {}(nil), Term:0, Index:0}
093470 INFO S2: (term 2) follower 收到 [0] AppendEntries [], prevIndex 0, prevTerm 0
093470 LEAD S0: 2 append success next 1 match 0
093470 INFO S1: (term 2) follower 收到 [0] AppendEntries [], prevIndex 0, prevTerm 0
093471 LEAD S0: 1 append success next 1 match 0
094476 LEAD S0: prevLog &raft.Entry{Command:interface {}(nil), Term:0, Index:0}
094477 LEAD S0: prevLog &raft.Entry{Command:interface {}(nil), Term:0, Index:0}
094479 INFO S1: (term 2) follower 收到 [0] AppendEntries [], prevIndex 0, prevTerm 0
094479 INFO S2: (term 2) follower 收到 [0] AppendEntries [], prevIndex 0, prevTerm 0
094480 LEAD S0: 1 append success next 1 match 0
094481 LEAD S0: 2 append success next 1 match 0
095485 LEAD S0: prevLog &raft.Entry{Command:interface {}(nil), Term:0, Index:0}
095486 LEAD S0: prevLog &raft.Entry{Command:interface {}(nil), Term:0, Index:0}
095488 INFO S2: (term 2) follower 收到 [0] AppendEntries [], prevIndex 0, prevTerm 0
095489 LEAD S0: 2 append success next 1 match 0
095490 INFO S1: (term 2) follower 收到 [0] AppendEntries [], prevIndex 0, prevTerm 0
095492 LEAD S0: 1 append success next 1 match 0
096493 LEAD S0: prevLog &raft.Entry{Command:interface {}(nil), Term:0, Index:0}
096494 LEAD S0: prevLog &raft.Entry{Command:interface {}(nil), Term:0, Index:0}
096495 INFO S2: (term 2) follower 收到 [0] AppendEntries [], prevIndex 0, prevTerm 0
096496 INFO S1: (term 2) follower 收到 [0] AppendEntries [], prevIndex 0, prevTerm 0
096497 LEAD S0: 1 append success next 1 match 0
096497 LEAD S0: 2 append success next 1 match 0
097498 LEAD S0: prevLog &raft.Entry{Command:interface {}(nil), Term:0, Index:0}
097499 LEAD S0: prevLog &raft.Entry{Command:interface {}(nil), Term:0, Index:0}
097499 INFO S2: (term 2) follower 收到 [0] AppendEntries [], prevIndex 0, prevTerm 0
097500 LEAD S0: 2 append success next 1 match 0
097500 INFO S1: (term 2) follower 收到 [0] AppendEntries [], prevIndex 0, prevTerm 0
097500 LEAD S0: 1 append success next 1 match 0
098503 LEAD S0: prevLog &raft.Entry{Command:interface {}(nil), Term:0, Index:0}
098503 LEAD S0: prevLog &raft.Entry{Command:interface {}(nil), Term:0, Index:0}
098503 INFO S2: (term 2) follower 收到 [0] AppendEntries [], prevIndex 0, prevTerm 0
098504 LEAD S0: 2 append success next 1 match 0
098504 INFO S1: (term 2) follower 收到 [0] AppendEntries [], prevIndex 0, prevTerm 0
098504 LEAD S0: 1 append success next 1 match 0
099507 LEAD S0: prevLog &raft.Entry{Command:interface {}(nil), Term:0, Index:0}
099507 LEAD S0: prevLog &raft.Entry{Command:interface {}(nil), Term:0, Index:0}
099507 INFO S2: (term 2) follower 收到 [0] AppendEntries [], prevIndex 0, prevTerm 0
099508 LEAD S0: 2 append success next 1 match 0
099508 INFO S1: (term 2) follower 收到 [0] AppendEntries [], prevIndex 0, prevTerm 0
099508 LEAD S0: 1 append success next 1 match 0
--- FAIL: TestPersist12C (10.05s)
    config.go:609: one(11) failed to reach agreement
FAIL
exit status 1
FAIL	6.824/raft	10.051s
