Test (2C): basic persistence ...
003014 INFO S2: start leader election, term 1
003013 INFO S0: start leader election, term 1
003014 INFO S1: start leader election, term 1
003014 VOTE S2: term 1 send vote request to 0
003014 VOTE S0: term 1 send vote request to 2
003014 VOTE S1: term 1 send vote request to 0
003014 VOTE S2: term 1 send vote request to 1
003014 VOTE S0: term 1 send vote request to 1
003014 VOTE S1: term 1 send vote request to 2
003015 VOTE S2: 0 没有投给me，结束
003016 VOTE S1: 2 没有投给me，结束
003016 VOTE S1: 0 没有投给me，结束
003016 VOTE S0: 1 没有投给me，结束
003017 VOTE S2: 1 没有投给me，结束
003017 VOTE S0: 2 没有投给me，结束
006025 INFO S2: start leader election, term 2
006025 INFO S0: start leader election, term 2
006025 INFO S1: start leader election, term 2
006025 VOTE S0: term 2 send vote request to 2
006025 VOTE S2: term 2 send vote request to 0
006025 VOTE S1: term 2 send vote request to 0
006026 VOTE S0: term 2 send vote request to 1
006026 VOTE S2: 0 没有投给me，结束
006025 VOTE S2: term 2 send vote request to 1
006026 VOTE S1: 0 没有投给me，结束
006025 VOTE S1: term 2 send vote request to 2
006027 VOTE S2: 1 没有投给me，结束
006026 VOTE S0: 2 没有投给me，结束
006027 VOTE S0: 1 没有投给me，结束
006027 VOTE S1: 2 没有投给me，结束
009038 INFO S2: start leader election, term 3
009038 INFO S0: start leader election, term 3
009038 VOTE S2: term 3 send vote request to 0
009038 VOTE S0: term 3 send vote request to 2
009038 INFO S1: start leader election, term 3
009038 VOTE S1: term 3 send vote request to 2
009038 VOTE S2: term 3 send vote request to 1
009039 VOTE S1: term 3 send vote request to 0
009039 VOTE S0: term 3 send vote request to 1
009039 VOTE S1: 2 没有投给me，结束
009039 VOTE S2: 1 没有投给me，结束
009039 VOTE S0: 1 没有投给me，结束
009039 VOTE S2: 0 没有投给me，结束
009039 VOTE S0: 2 没有投给me，结束
009040 VOTE S1: 0 没有投给me，结束
012052 INFO S0: start leader election, term 4
012052 VOTE S0: term 4 send vote request to 2
012053 INFO S1: start leader election, term 4
012053 VOTE S1: term 4 send vote request to 2
012054 VOTE S0: term 4 send vote request to 1
012054 INFO S2: start leader election, term 4
012054 VOTE S1: term 4 send vote request to 0
012054 VOTE S2: term 4 send vote request to 1
012055 VOTE S2: term 4 send vote request to 0
012055 VOTE S1: 2 没有投给me，结束
012055 VOTE S0: 2 没有投给me，结束
012057 VOTE S1: 0 没有投给me，结束
012057 VOTE S0: 1 没有投给me，结束
012057 VOTE S2: 0 没有投给me，结束
012057 VOTE S2: 1 没有投给me，结束
015075 INFO S1: start leader election, term 5
015075 VOTE S1: term 5 send vote request to 2
015076 INFO S0: start leader election, term 5
015076 VOTE S0: term 5 send vote request to 2
015077 TERM S2: set new term 5
015077 VOTE S0: term 5 send vote request to 1
015077 VOTE S2: term 5 vote 1
015078 VOTE S1: term 5 send vote request to 0
015078 VOTE S1: reply from 2, term一致，且投给1
015079 LEAD S1: come to power, start to send heartbeat
015079 LEAD S1: prevLog &raft.Entry{Command:interface {}(nil), Term:0, Index:0}
015079 VOTE S0: 2 没有投给me，结束
015079 LEAD S1: prevLog &raft.Entry{Command:interface {}(nil), Term:0, Index:0}
015081 VOTE S0: 1 没有投给me，结束
015083 VOTE S1: 0 没有投给me，结束
015084 INFO S2: (term 5) follower 收到 [1] AppendEntries [], prevIndex 0, prevTerm 0
015085 INFO S0: (term 5) follower 收到 [1] AppendEntries [], prevIndex 0, prevTerm 0
015087 LEAD S1: 2 append success next 1 match 0
015088 LEAD S1: 0 append success next 1 match 0
016077 LEAD S1: prevLog &raft.Entry{Command:interface {}(nil), Term:0, Index:0}
016077 LEAD S1: prevLog &raft.Entry{Command:interface {}(nil), Term:0, Index:0}
016080 INFO S2: (term 5) follower 收到 [1] AppendEntries [], prevIndex 0, prevTerm 0
016081 INFO S0: (term 5) follower 收到 [1] AppendEntries [], prevIndex 0, prevTerm 0
016081 LEAD S1: 2 append success next 1 match 0
016083 LEAD S1: 0 append success next 1 match 0
017086 LEAD S1: prevLog &raft.Entry{Command:interface {}(nil), Term:0, Index:0}
017086 LEAD S1: prevLog &raft.Entry{Command:interface {}(nil), Term:0, Index:0}
017090 INFO S2: (term 5) follower 收到 [1] AppendEntries [], prevIndex 0, prevTerm 0
017090 INFO S0: (term 5) follower 收到 [1] AppendEntries [], prevIndex 0, prevTerm 0
017091 LEAD S1: 2 append success next 1 match 0
017091 LEAD S1: 0 append success next 1 match 0
018087 LEAD S1: prevLog &raft.Entry{Command:interface {}(nil), Term:0, Index:0}
018087 LEAD S1: prevLog &raft.Entry{Command:interface {}(nil), Term:0, Index:0}
018088 INFO S2: (term 5) follower 收到 [1] AppendEntries [], prevIndex 0, prevTerm 0
018089 LEAD S1: 2 append success next 1 match 0
018089 INFO S0: (term 5) follower 收到 [1] AppendEntries [], prevIndex 0, prevTerm 0
018089 LEAD S1: 0 append success next 1 match 0
019092 LEAD S1: prevLog &raft.Entry{Command:interface {}(nil), Term:0, Index:0}
019092 LEAD S1: prevLog &raft.Entry{Command:interface {}(nil), Term:0, Index:0}
019093 INFO S2: (term 5) follower 收到 [1] AppendEntries [], prevIndex 0, prevTerm 0
019093 LEAD S1: 2 append success next 1 match 0
019093 INFO S0: (term 5) follower 收到 [1] AppendEntries [], prevIndex 0, prevTerm 0
019094 LEAD S1: 0 append success next 1 match 0
020097 LEAD S1: prevLog &raft.Entry{Command:interface {}(nil), Term:0, Index:0}
020097 LEAD S1: prevLog &raft.Entry{Command:interface {}(nil), Term:0, Index:0}
020098 INFO S2: (term 5) follower 收到 [1] AppendEntries [], prevIndex 0, prevTerm 0
020098 LEAD S1: 2 append success next 1 match 0
020098 INFO S0: (term 5) follower 收到 [1] AppendEntries [], prevIndex 0, prevTerm 0
020099 LEAD S1: 0 append success next 1 match 0
021103 LEAD S1: prevLog &raft.Entry{Command:interface {}(nil), Term:0, Index:0}
021104 LEAD S1: prevLog &raft.Entry{Command:interface {}(nil), Term:0, Index:0}
021106 INFO S2: (term 5) follower 收到 [1] AppendEntries [], prevIndex 0, prevTerm 0
021107 INFO S0: (term 5) follower 收到 [1] AppendEntries [], prevIndex 0, prevTerm 0
021109 LEAD S1: 2 append success next 1 match 0
021109 LEAD S1: 0 append success next 1 match 0
022110 LEAD S1: prevLog &raft.Entry{Command:interface {}(nil), Term:0, Index:0}
022110 LEAD S1: prevLog &raft.Entry{Command:interface {}(nil), Term:0, Index:0}
022111 INFO S2: (term 5) follower 收到 [1] AppendEntries [], prevIndex 0, prevTerm 0
022111 LEAD S1: 2 append success next 1 match 0
022111 INFO S0: (term 5) follower 收到 [1] AppendEntries [], prevIndex 0, prevTerm 0
022112 LEAD S1: 0 append success next 1 match 0
023115 LEAD S1: prevLog &raft.Entry{Command:interface {}(nil), Term:0, Index:0}
023115 LEAD S1: prevLog &raft.Entry{Command:interface {}(nil), Term:0, Index:0}
023116 INFO S2: (term 5) follower 收到 [1] AppendEntries [], prevIndex 0, prevTerm 0
023117 LEAD S1: 2 append success next 1 match 0
023117 INFO S0: (term 5) follower 收到 [1] AppendEntries [], prevIndex 0, prevTerm 0
023118 LEAD S1: 0 append success next 1 match 0
024124 LEAD S1: prevLog &raft.Entry{Command:interface {}(nil), Term:0, Index:0}
024124 LEAD S1: prevLog &raft.Entry{Command:interface {}(nil), Term:0, Index:0}
024126 INFO S0: (term 5) follower 收到 [1] AppendEntries [], prevIndex 0, prevTerm 0
024126 INFO S2: (term 5) follower 收到 [1] AppendEntries [], prevIndex 0, prevTerm 0
024126 LEAD S1: 0 append success next 1 match 0
024127 LEAD S1: 2 append success next 1 match 0
025129 LEAD S1: prevLog &raft.Entry{Command:interface {}(nil), Term:0, Index:0}
025129 LEAD S1: prevLog &raft.Entry{Command:interface {}(nil), Term:0, Index:0}
025130 INFO S2: (term 5) follower 收到 [1] AppendEntries [], prevIndex 0, prevTerm 0
025131 LEAD S1: 2 append success next 1 match 0
025131 INFO S0: (term 5) follower 收到 [1] AppendEntries [], prevIndex 0, prevTerm 0
025131 LEAD S1: 0 append success next 1 match 0
026134 LEAD S1: prevLog &raft.Entry{Command:interface {}(nil), Term:0, Index:0}
026134 LEAD S1: prevLog &raft.Entry{Command:interface {}(nil), Term:0, Index:0}
026134 INFO S2: (term 5) follower 收到 [1] AppendEntries [], prevIndex 0, prevTerm 0
026135 LEAD S1: 2 append success next 1 match 0
026135 INFO S0: (term 5) follower 收到 [1] AppendEntries [], prevIndex 0, prevTerm 0
026135 LEAD S1: 0 append success next 1 match 0
027138 LEAD S1: prevLog &raft.Entry{Command:interface {}(nil), Term:0, Index:0}
027139 LEAD S1: prevLog &raft.Entry{Command:interface {}(nil), Term:0, Index:0}
027139 INFO S2: (term 5) follower 收到 [1] AppendEntries [], prevIndex 0, prevTerm 0
027140 LEAD S1: 2 append success next 1 match 0
027140 INFO S0: (term 5) follower 收到 [1] AppendEntries [], prevIndex 0, prevTerm 0
027141 LEAD S1: 0 append success next 1 match 0
028144 LEAD S1: prevLog &raft.Entry{Command:interface {}(nil), Term:0, Index:0}
028144 LEAD S1: prevLog &raft.Entry{Command:interface {}(nil), Term:0, Index:0}
028145 INFO S2: (term 5) follower 收到 [1] AppendEntries [], prevIndex 0, prevTerm 0
028145 LEAD S1: 2 append success next 1 match 0
028146 INFO S0: (term 5) follower 收到 [1] AppendEntries [], prevIndex 0, prevTerm 0
028146 LEAD S1: 0 append success next 1 match 0
029149 LEAD S1: prevLog &raft.Entry{Command:interface {}(nil), Term:0, Index:0}
029149 LEAD S1: prevLog &raft.Entry{Command:interface {}(nil), Term:0, Index:0}
029151 INFO S2: (term 5) follower 收到 [1] AppendEntries [], prevIndex 0, prevTerm 0
029152 LEAD S1: 2 append success next 1 match 0
029152 INFO S0: (term 5) follower 收到 [1] AppendEntries [], prevIndex 0, prevTerm 0
029153 LEAD S1: 0 append success next 1 match 0
030158 LEAD S1: prevLog &raft.Entry{Command:interface {}(nil), Term:0, Index:0}
030159 LEAD S1: prevLog &raft.Entry{Command:interface {}(nil), Term:0, Index:0}
030160 INFO S2: (term 5) follower 收到 [1] AppendEntries [], prevIndex 0, prevTerm 0
030161 INFO S0: (term 5) follower 收到 [1] AppendEntries [], prevIndex 0, prevTerm 0
030161 LEAD S1: 2 append success next 1 match 0
030162 LEAD S1: 0 append success next 1 match 0
031166 LEAD S1: prevLog &raft.Entry{Command:interface {}(nil), Term:0, Index:0}
031167 LEAD S1: prevLog &raft.Entry{Command:interface {}(nil), Term:0, Index:0}
031169 INFO S0: (term 5) follower 收到 [1] AppendEntries [], prevIndex 0, prevTerm 0
031169 INFO S2: (term 5) follower 收到 [1] AppendEntries [], prevIndex 0, prevTerm 0
031170 LEAD S1: 0 append success next 1 match 0
031171 LEAD S1: 2 append success next 1 match 0
032174 LEAD S1: prevLog &raft.Entry{Command:interface {}(nil), Term:0, Index:0}
032175 LEAD S1: prevLog &raft.Entry{Command:interface {}(nil), Term:0, Index:0}
032175 INFO S2: (term 5) follower 收到 [1] AppendEntries [], prevIndex 0, prevTerm 0
032176 LEAD S1: 2 append success next 1 match 0
032176 INFO S0: (term 5) follower 收到 [1] AppendEntries [], prevIndex 0, prevTerm 0
032177 LEAD S1: 0 append success next 1 match 0
033183 LEAD S1: prevLog &raft.Entry{Command:interface {}(nil), Term:0, Index:0}
033183 LEAD S1: prevLog &raft.Entry{Command:interface {}(nil), Term:0, Index:0}
033184 INFO S2: (term 5) follower 收到 [1] AppendEntries [], prevIndex 0, prevTerm 0
033185 LEAD S1: 2 append success next 1 match 0
033185 INFO S0: (term 5) follower 收到 [1] AppendEntries [], prevIndex 0, prevTerm 0
033185 LEAD S1: 0 append success next 1 match 0
034189 LEAD S1: prevLog &raft.Entry{Command:interface {}(nil), Term:0, Index:0}
034190 LEAD S1: prevLog &raft.Entry{Command:interface {}(nil), Term:0, Index:0}
034193 INFO S2: (term 5) follower 收到 [1] AppendEntries [], prevIndex 0, prevTerm 0
034194 INFO S0: (term 5) follower 收到 [1] AppendEntries [], prevIndex 0, prevTerm 0
034195 LEAD S1: 2 append success next 1 match 0
034196 LEAD S1: 0 append success next 1 match 0
035198 LEAD S1: prevLog &raft.Entry{Command:interface {}(nil), Term:0, Index:0}
035198 LEAD S1: prevLog &raft.Entry{Command:interface {}(nil), Term:0, Index:0}
035199 INFO S2: (term 5) follower 收到 [1] AppendEntries [], prevIndex 0, prevTerm 0
035200 LEAD S1: 2 append success next 1 match 0
035200 INFO S0: (term 5) follower 收到 [1] AppendEntries [], prevIndex 0, prevTerm 0
035200 LEAD S1: 0 append success next 1 match 0
036203 LEAD S1: prevLog &raft.Entry{Command:interface {}(nil), Term:0, Index:0}
036204 LEAD S1: prevLog &raft.Entry{Command:interface {}(nil), Term:0, Index:0}
036204 INFO S2: (term 5) follower 收到 [1] AppendEntries [], prevIndex 0, prevTerm 0
036205 LEAD S1: 2 append success next 1 match 0
036205 INFO S0: (term 5) follower 收到 [1] AppendEntries [], prevIndex 0, prevTerm 0
036205 LEAD S1: 0 append success next 1 match 0
037208 LEAD S1: prevLog &raft.Entry{Command:interface {}(nil), Term:0, Index:0}
037209 LEAD S1: prevLog &raft.Entry{Command:interface {}(nil), Term:0, Index:0}
037210 INFO S2: (term 5) follower 收到 [1] AppendEntries [], prevIndex 0, prevTerm 0
037210 LEAD S1: 2 append success next 1 match 0
037210 INFO S0: (term 5) follower 收到 [1] AppendEntries [], prevIndex 0, prevTerm 0
037211 LEAD S1: 0 append success next 1 match 0
038213 LEAD S1: prevLog &raft.Entry{Command:interface {}(nil), Term:0, Index:0}
038213 LEAD S1: prevLog &raft.Entry{Command:interface {}(nil), Term:0, Index:0}
038214 INFO S2: (term 5) follower 收到 [1] AppendEntries [], prevIndex 0, prevTerm 0
038214 INFO S0: (term 5) follower 收到 [1] AppendEntries [], prevIndex 0, prevTerm 0
038215 LEAD S1: 2 append success next 1 match 0
038215 LEAD S1: 0 append success next 1 match 0
039219 LEAD S1: prevLog &raft.Entry{Command:interface {}(nil), Term:0, Index:0}
039219 LEAD S1: prevLog &raft.Entry{Command:interface {}(nil), Term:0, Index:0}
039220 INFO S2: (term 5) follower 收到 [1] AppendEntries [], prevIndex 0, prevTerm 0
039221 LEAD S1: 2 append success next 1 match 0
039221 INFO S0: (term 5) follower 收到 [1] AppendEntries [], prevIndex 0, prevTerm 0
039222 LEAD S1: 0 append success next 1 match 0
040227 LEAD S1: prevLog &raft.Entry{Command:interface {}(nil), Term:0, Index:0}
040228 LEAD S1: prevLog &raft.Entry{Command:interface {}(nil), Term:0, Index:0}
040230 INFO S2: (term 5) follower 收到 [1] AppendEntries [], prevIndex 0, prevTerm 0
040232 LEAD S1: 2 append success next 1 match 0
040233 INFO S0: (term 5) follower 收到 [1] AppendEntries [], prevIndex 0, prevTerm 0
040235 LEAD S1: 0 append success next 1 match 0
041237 LEAD S1: prevLog &raft.Entry{Command:interface {}(nil), Term:0, Index:0}
041237 LEAD S1: prevLog &raft.Entry{Command:interface {}(nil), Term:0, Index:0}
041238 INFO S2: (term 5) follower 收到 [1] AppendEntries [], prevIndex 0, prevTerm 0
041238 LEAD S1: 2 append success next 1 match 0
041238 INFO S0: (term 5) follower 收到 [1] AppendEntries [], prevIndex 0, prevTerm 0
041238 LEAD S1: 0 append success next 1 match 0
042242 LEAD S1: prevLog &raft.Entry{Command:interface {}(nil), Term:0, Index:0}
042243 LEAD S1: prevLog &raft.Entry{Command:interface {}(nil), Term:0, Index:0}
042243 INFO S2: (term 5) follower 收到 [1] AppendEntries [], prevIndex 0, prevTerm 0
042244 LEAD S1: 2 append success next 1 match 0
042244 INFO S0: (term 5) follower 收到 [1] AppendEntries [], prevIndex 0, prevTerm 0
042244 LEAD S1: 0 append success next 1 match 0
043248 LEAD S1: prevLog &raft.Entry{Command:interface {}(nil), Term:0, Index:0}
043248 LEAD S1: prevLog &raft.Entry{Command:interface {}(nil), Term:0, Index:0}
043249 INFO S2: (term 5) follower 收到 [1] AppendEntries [], prevIndex 0, prevTerm 0
043249 LEAD S1: 2 append success next 1 match 0
043251 INFO S0: (term 5) follower 收到 [1] AppendEntries [], prevIndex 0, prevTerm 0
043251 LEAD S1: 0 append success next 1 match 0
044254 LEAD S1: prevLog &raft.Entry{Command:interface {}(nil), Term:0, Index:0}
044254 LEAD S1: prevLog &raft.Entry{Command:interface {}(nil), Term:0, Index:0}
044255 INFO S2: (term 5) follower 收到 [1] AppendEntries [], prevIndex 0, prevTerm 0
044255 LEAD S1: 2 append success next 1 match 0
044255 INFO S0: (term 5) follower 收到 [1] AppendEntries [], prevIndex 0, prevTerm 0
044256 LEAD S1: 0 append success next 1 match 0
045259 LEAD S1: prevLog &raft.Entry{Command:interface {}(nil), Term:0, Index:0}
045259 LEAD S1: prevLog &raft.Entry{Command:interface {}(nil), Term:0, Index:0}
045260 INFO S2: (term 5) follower 收到 [1] AppendEntries [], prevIndex 0, prevTerm 0
045260 LEAD S1: 2 append success next 1 match 0
045260 INFO S0: (term 5) follower 收到 [1] AppendEntries [], prevIndex 0, prevTerm 0
045261 LEAD S1: 0 append success next 1 match 0
046265 LEAD S1: prevLog &raft.Entry{Command:interface {}(nil), Term:0, Index:0}
046266 LEAD S1: prevLog &raft.Entry{Command:interface {}(nil), Term:0, Index:0}
046268 INFO S2: (term 5) follower 收到 [1] AppendEntries [], prevIndex 0, prevTerm 0
046268 INFO S0: (term 5) follower 收到 [1] AppendEntries [], prevIndex 0, prevTerm 0
046269 LEAD S1: 0 append success next 1 match 0
046269 LEAD S1: 2 append success next 1 match 0
047273 LEAD S1: prevLog &raft.Entry{Command:interface {}(nil), Term:0, Index:0}
047273 LEAD S1: prevLog &raft.Entry{Command:interface {}(nil), Term:0, Index:0}
047274 INFO S2: (term 5) follower 收到 [1] AppendEntries [], prevIndex 0, prevTerm 0
047275 LEAD S1: 2 append success next 1 match 0
047275 INFO S0: (term 5) follower 收到 [1] AppendEntries [], prevIndex 0, prevTerm 0
047275 LEAD S1: 0 append success next 1 match 0
048278 LEAD S1: prevLog &raft.Entry{Command:interface {}(nil), Term:0, Index:0}
048278 LEAD S1: prevLog &raft.Entry{Command:interface {}(nil), Term:0, Index:0}
048279 INFO S2: (term 5) follower 收到 [1] AppendEntries [], prevIndex 0, prevTerm 0
048279 LEAD S1: 2 append success next 1 match 0
048279 INFO S0: (term 5) follower 收到 [1] AppendEntries [], prevIndex 0, prevTerm 0
048280 LEAD S1: 0 append success next 1 match 0
049283 LEAD S1: prevLog &raft.Entry{Command:interface {}(nil), Term:0, Index:0}
049283 LEAD S1: prevLog &raft.Entry{Command:interface {}(nil), Term:0, Index:0}
049284 INFO S0: (term 5) follower 收到 [1] AppendEntries [], prevIndex 0, prevTerm 0
049285 LEAD S1: 0 append success next 1 match 0
049284 INFO S2: (term 5) follower 收到 [1] AppendEntries [], prevIndex 0, prevTerm 0
049285 LEAD S1: 2 append success next 1 match 0
050288 LEAD S1: prevLog &raft.Entry{Command:interface {}(nil), Term:0, Index:0}
050288 LEAD S1: prevLog &raft.Entry{Command:interface {}(nil), Term:0, Index:0}
050289 INFO S2: (term 5) follower 收到 [1] AppendEntries [], prevIndex 0, prevTerm 0
050289 LEAD S1: 2 append success next 1 match 0
050289 INFO S0: (term 5) follower 收到 [1] AppendEntries [], prevIndex 0, prevTerm 0
050290 LEAD S1: 0 append success next 1 match 0
051294 LEAD S1: prevLog &raft.Entry{Command:interface {}(nil), Term:0, Index:0}
051295 LEAD S1: prevLog &raft.Entry{Command:interface {}(nil), Term:0, Index:0}
051297 INFO S2: (term 5) follower 收到 [1] AppendEntries [], prevIndex 0, prevTerm 0
051297 INFO S0: (term 5) follower 收到 [1] AppendEntries [], prevIndex 0, prevTerm 0
051299 LEAD S1: 2 append success next 1 match 0
051299 LEAD S1: 0 append success next 1 match 0
052301 LEAD S1: prevLog &raft.Entry{Command:interface {}(nil), Term:0, Index:0}
052302 LEAD S1: prevLog &raft.Entry{Command:interface {}(nil), Term:0, Index:0}
052302 INFO S2: (term 5) follower 收到 [1] AppendEntries [], prevIndex 0, prevTerm 0
052303 INFO S0: (term 5) follower 收到 [1] AppendEntries [], prevIndex 0, prevTerm 0
052303 LEAD S1: 2 append success next 1 match 0
052303 LEAD S1: 0 append success next 1 match 0
053307 LEAD S1: prevLog &raft.Entry{Command:interface {}(nil), Term:0, Index:0}
053308 LEAD S1: prevLog &raft.Entry{Command:interface {}(nil), Term:0, Index:0}
053308 INFO S2: (term 5) follower 收到 [1] AppendEntries [], prevIndex 0, prevTerm 0
053308 INFO S0: (term 5) follower 收到 [1] AppendEntries [], prevIndex 0, prevTerm 0
053309 LEAD S1: 0 append success next 1 match 0
053309 LEAD S1: 2 append success next 1 match 0
054313 LEAD S1: prevLog &raft.Entry{Command:interface {}(nil), Term:0, Index:0}
054313 LEAD S1: prevLog &raft.Entry{Command:interface {}(nil), Term:0, Index:0}
054314 INFO S2: (term 5) follower 收到 [1] AppendEntries [], prevIndex 0, prevTerm 0
054314 LEAD S1: 2 append success next 1 match 0
054314 INFO S0: (term 5) follower 收到 [1] AppendEntries [], prevIndex 0, prevTerm 0
054315 LEAD S1: 0 append success next 1 match 0
055318 LEAD S1: prevLog &raft.Entry{Command:interface {}(nil), Term:0, Index:0}
055318 LEAD S1: prevLog &raft.Entry{Command:interface {}(nil), Term:0, Index:0}
055319 INFO S2: (term 5) follower 收到 [1] AppendEntries [], prevIndex 0, prevTerm 0
055319 LEAD S1: 2 append success next 1 match 0
055319 INFO S0: (term 5) follower 收到 [1] AppendEntries [], prevIndex 0, prevTerm 0
055320 LEAD S1: 0 append success next 1 match 0
056323 LEAD S1: prevLog &raft.Entry{Command:interface {}(nil), Term:0, Index:0}
056323 LEAD S1: prevLog &raft.Entry{Command:interface {}(nil), Term:0, Index:0}
056324 INFO S2: (term 5) follower 收到 [1] AppendEntries [], prevIndex 0, prevTerm 0
056324 INFO S0: (term 5) follower 收到 [1] AppendEntries [], prevIndex 0, prevTerm 0
056324 LEAD S1: 2 append success next 1 match 0
056324 LEAD S1: 0 append success next 1 match 0
057332 LEAD S1: prevLog &raft.Entry{Command:interface {}(nil), Term:0, Index:0}
057333 LEAD S1: prevLog &raft.Entry{Command:interface {}(nil), Term:0, Index:0}
057334 INFO S2: (term 5) follower 收到 [1] AppendEntries [], prevIndex 0, prevTerm 0
057335 LEAD S1: 2 append success next 1 match 0
057335 INFO S0: (term 5) follower 收到 [1] AppendEntries [], prevIndex 0, prevTerm 0
057335 LEAD S1: 0 append success next 1 match 0
058341 LEAD S1: prevLog &raft.Entry{Command:interface {}(nil), Term:0, Index:0}
058342 LEAD S1: prevLog &raft.Entry{Command:interface {}(nil), Term:0, Index:0}
058345 INFO S2: (term 5) follower 收到 [1] AppendEntries [], prevIndex 0, prevTerm 0
058346 INFO S0: (term 5) follower 收到 [1] AppendEntries [], prevIndex 0, prevTerm 0
058348 LEAD S1: 2 append success next 1 match 0
058348 LEAD S1: 0 append success next 1 match 0
059349 LEAD S1: prevLog &raft.Entry{Command:interface {}(nil), Term:0, Index:0}
059349 LEAD S1: prevLog &raft.Entry{Command:interface {}(nil), Term:0, Index:0}
059349 INFO S2: (term 5) follower 收到 [1] AppendEntries [], prevIndex 0, prevTerm 0
059350 LEAD S1: 2 append success next 1 match 0
059350 INFO S0: (term 5) follower 收到 [1] AppendEntries [], prevIndex 0, prevTerm 0
059351 LEAD S1: 0 append success next 1 match 0
060353 LEAD S1: prevLog &raft.Entry{Command:interface {}(nil), Term:0, Index:0}
060354 LEAD S1: prevLog &raft.Entry{Command:interface {}(nil), Term:0, Index:0}
060354 INFO S2: (term 5) follower 收到 [1] AppendEntries [], prevIndex 0, prevTerm 0
060355 INFO S0: (term 5) follower 收到 [1] AppendEntries [], prevIndex 0, prevTerm 0
060355 LEAD S1: 2 append success next 1 match 0
060355 LEAD S1: 0 append success next 1 match 0
061359 LEAD S1: prevLog &raft.Entry{Command:interface {}(nil), Term:0, Index:0}
061360 LEAD S1: prevLog &raft.Entry{Command:interface {}(nil), Term:0, Index:0}
061361 INFO S0: (term 5) follower 收到 [1] AppendEntries [], prevIndex 0, prevTerm 0
061362 INFO S2: (term 5) follower 收到 [1] AppendEntries [], prevIndex 0, prevTerm 0
061362 LEAD S1: 0 append success next 1 match 0
061363 LEAD S1: 2 append success next 1 match 0
062364 LEAD S1: prevLog &raft.Entry{Command:interface {}(nil), Term:0, Index:0}
062364 LEAD S1: prevLog &raft.Entry{Command:interface {}(nil), Term:0, Index:0}
062365 INFO S2: (term 5) follower 收到 [1] AppendEntries [], prevIndex 0, prevTerm 0
062365 LEAD S1: 2 append success next 1 match 0
062365 INFO S0: (term 5) follower 收到 [1] AppendEntries [], prevIndex 0, prevTerm 0
062366 LEAD S1: 0 append success next 1 match 0
063370 LEAD S1: prevLog &raft.Entry{Command:interface {}(nil), Term:0, Index:0}
063371 LEAD S1: prevLog &raft.Entry{Command:interface {}(nil), Term:0, Index:0}
063372 INFO S2: (term 5) follower 收到 [1] AppendEntries [], prevIndex 0, prevTerm 0
063373 LEAD S1: 2 append success next 1 match 0
063373 INFO S0: (term 5) follower 收到 [1] AppendEntries [], prevIndex 0, prevTerm 0
063374 LEAD S1: 0 append success next 1 match 0
064380 LEAD S1: prevLog &raft.Entry{Command:interface {}(nil), Term:0, Index:0}
064381 LEAD S1: prevLog &raft.Entry{Command:interface {}(nil), Term:0, Index:0}
064384 INFO S2: (term 5) follower 收到 [1] AppendEntries [], prevIndex 0, prevTerm 0
064386 LEAD S1: 2 append success next 1 match 0
064386 INFO S0: (term 5) follower 收到 [1] AppendEntries [], prevIndex 0, prevTerm 0
064388 LEAD S1: 0 append success next 1 match 0
065384 LEAD S1: prevLog &raft.Entry{Command:interface {}(nil), Term:0, Index:0}
065384 LEAD S1: prevLog &raft.Entry{Command:interface {}(nil), Term:0, Index:0}
065387 INFO S2: (term 5) follower 收到 [1] AppendEntries [], prevIndex 0, prevTerm 0
065388 INFO S0: (term 5) follower 收到 [1] AppendEntries [], prevIndex 0, prevTerm 0
065390 LEAD S1: 2 append success next 1 match 0
065390 LEAD S1: 0 append success next 1 match 0
066389 LEAD S1: prevLog &raft.Entry{Command:interface {}(nil), Term:0, Index:0}
066389 LEAD S1: prevLog &raft.Entry{Command:interface {}(nil), Term:0, Index:0}
066390 INFO S2: (term 5) follower 收到 [1] AppendEntries [], prevIndex 0, prevTerm 0
066391 LEAD S1: 2 append success next 1 match 0
066391 INFO S0: (term 5) follower 收到 [1] AppendEntries [], prevIndex 0, prevTerm 0
066391 LEAD S1: 0 append success next 1 match 0
067395 LEAD S1: prevLog &raft.Entry{Command:interface {}(nil), Term:0, Index:0}
067395 LEAD S1: prevLog &raft.Entry{Command:interface {}(nil), Term:0, Index:0}
067396 INFO S2: (term 5) follower 收到 [1] AppendEntries [], prevIndex 0, prevTerm 0
067397 LEAD S1: 2 append success next 1 match 0
067397 INFO S0: (term 5) follower 收到 [1] AppendEntries [], prevIndex 0, prevTerm 0
067397 LEAD S1: 0 append success next 1 match 0
068400 LEAD S1: prevLog &raft.Entry{Command:interface {}(nil), Term:0, Index:0}
068400 LEAD S1: prevLog &raft.Entry{Command:interface {}(nil), Term:0, Index:0}
068401 INFO S2: (term 5) follower 收到 [1] AppendEntries [], prevIndex 0, prevTerm 0
068401 LEAD S1: 2 append success next 1 match 0
068401 INFO S0: (term 5) follower 收到 [1] AppendEntries [], prevIndex 0, prevTerm 0
068401 LEAD S1: 0 append success next 1 match 0
069406 LEAD S1: prevLog &raft.Entry{Command:interface {}(nil), Term:0, Index:0}
069406 LEAD S1: prevLog &raft.Entry{Command:interface {}(nil), Term:0, Index:0}
069407 INFO S0: (term 5) follower 收到 [1] AppendEntries [], prevIndex 0, prevTerm 0
069409 LEAD S1: 0 append success next 1 match 0
069408 INFO S2: (term 5) follower 收到 [1] AppendEntries [], prevIndex 0, prevTerm 0
069410 LEAD S1: 2 append success next 1 match 0
070411 LEAD S1: prevLog &raft.Entry{Command:interface {}(nil), Term:0, Index:0}
070412 LEAD S1: prevLog &raft.Entry{Command:interface {}(nil), Term:0, Index:0}
070412 INFO S2: (term 5) follower 收到 [1] AppendEntries [], prevIndex 0, prevTerm 0
070413 INFO S0: (term 5) follower 收到 [1] AppendEntries [], prevIndex 0, prevTerm 0
070413 LEAD S1: 2 append success next 1 match 0
070413 LEAD S1: 0 append success next 1 match 0
071418 LEAD S1: prevLog &raft.Entry{Command:interface {}(nil), Term:0, Index:0}
071418 LEAD S1: prevLog &raft.Entry{Command:interface {}(nil), Term:0, Index:0}
071419 INFO S2: (term 5) follower 收到 [1] AppendEntries [], prevIndex 0, prevTerm 0
071420 LEAD S1: 2 append success next 1 match 0
071422 INFO S0: (term 5) follower 收到 [1] AppendEntries [], prevIndex 0, prevTerm 0
071422 LEAD S1: 0 append success next 1 match 0
072423 LEAD S1: prevLog &raft.Entry{Command:interface {}(nil), Term:0, Index:0}
072423 LEAD S1: prevLog &raft.Entry{Command:interface {}(nil), Term:0, Index:0}
072424 INFO S2: (term 5) follower 收到 [1] AppendEntries [], prevIndex 0, prevTerm 0
072424 INFO S0: (term 5) follower 收到 [1] AppendEntries [], prevIndex 0, prevTerm 0
072425 LEAD S1: 2 append success next 1 match 0
072425 LEAD S1: 0 append success next 1 match 0
073429 LEAD S1: prevLog &raft.Entry{Command:interface {}(nil), Term:0, Index:0}
073429 LEAD S1: prevLog &raft.Entry{Command:interface {}(nil), Term:0, Index:0}
073430 INFO S2: (term 5) follower 收到 [1] AppendEntries [], prevIndex 0, prevTerm 0
073430 LEAD S1: 2 append success next 1 match 0
073430 INFO S0: (term 5) follower 收到 [1] AppendEntries [], prevIndex 0, prevTerm 0
073431 LEAD S1: 0 append success next 1 match 0
074437 LEAD S1: prevLog &raft.Entry{Command:interface {}(nil), Term:0, Index:0}
074439 LEAD S1: prevLog &raft.Entry{Command:interface {}(nil), Term:0, Index:0}
074442 INFO S0: (term 5) follower 收到 [1] AppendEntries [], prevIndex 0, prevTerm 0
074443 INFO S2: (term 5) follower 收到 [1] AppendEntries [], prevIndex 0, prevTerm 0
074444 LEAD S1: 0 append success next 1 match 0
074445 LEAD S1: 2 append success next 1 match 0
075443 LEAD S1: prevLog &raft.Entry{Command:interface {}(nil), Term:0, Index:0}
075444 LEAD S1: prevLog &raft.Entry{Command:interface {}(nil), Term:0, Index:0}
075448 INFO S2: (term 5) follower 收到 [1] AppendEntries [], prevIndex 0, prevTerm 0
075448 INFO S0: (term 5) follower 收到 [1] AppendEntries [], prevIndex 0, prevTerm 0
075449 LEAD S1: 2 append success next 1 match 0
075450 LEAD S1: 0 append success next 1 match 0
076451 LEAD S1: prevLog &raft.Entry{Command:interface {}(nil), Term:0, Index:0}
076451 LEAD S1: prevLog &raft.Entry{Command:interface {}(nil), Term:0, Index:0}
076452 INFO S2: (term 5) follower 收到 [1] AppendEntries [], prevIndex 0, prevTerm 0
076452 LEAD S1: 2 append success next 1 match 0
076453 INFO S0: (term 5) follower 收到 [1] AppendEntries [], prevIndex 0, prevTerm 0
076453 LEAD S1: 0 append success next 1 match 0
077456 LEAD S1: prevLog &raft.Entry{Command:interface {}(nil), Term:0, Index:0}
077457 LEAD S1: prevLog &raft.Entry{Command:interface {}(nil), Term:0, Index:0}
077457 INFO S2: (term 5) follower 收到 [1] AppendEntries [], prevIndex 0, prevTerm 0
077458 LEAD S1: 2 append success next 1 match 0
077458 INFO S0: (term 5) follower 收到 [1] AppendEntries [], prevIndex 0, prevTerm 0
077458 LEAD S1: 0 append success next 1 match 0
078464 LEAD S1: prevLog &raft.Entry{Command:interface {}(nil), Term:0, Index:0}
078465 LEAD S1: prevLog &raft.Entry{Command:interface {}(nil), Term:0, Index:0}
078468 INFO S2: (term 5) follower 收到 [1] AppendEntries [], prevIndex 0, prevTerm 0
078469 LEAD S1: 2 append success next 1 match 0
078470 INFO S0: (term 5) follower 收到 [1] AppendEntries [], prevIndex 0, prevTerm 0
078472 LEAD S1: 0 append success next 1 match 0
079477 LEAD S1: prevLog &raft.Entry{Command:interface {}(nil), Term:0, Index:0}
079477 LEAD S1: prevLog &raft.Entry{Command:interface {}(nil), Term:0, Index:0}
079480 INFO S2: (term 5) follower 收到 [1] AppendEntries [], prevIndex 0, prevTerm 0
079481 INFO S0: (term 5) follower 收到 [1] AppendEntries [], prevIndex 0, prevTerm 0
079481 LEAD S1: 2 append success next 1 match 0
079483 LEAD S1: 0 append success next 1 match 0
080486 LEAD S1: prevLog &raft.Entry{Command:interface {}(nil), Term:0, Index:0}
080486 LEAD S1: prevLog &raft.Entry{Command:interface {}(nil), Term:0, Index:0}
080487 INFO S2: (term 5) follower 收到 [1] AppendEntries [], prevIndex 0, prevTerm 0
080487 LEAD S1: 2 append success next 1 match 0
080487 INFO S0: (term 5) follower 收到 [1] AppendEntries [], prevIndex 0, prevTerm 0
080487 LEAD S1: 0 append success next 1 match 0
081492 LEAD S1: prevLog &raft.Entry{Command:interface {}(nil), Term:0, Index:0}
081492 LEAD S1: prevLog &raft.Entry{Command:interface {}(nil), Term:0, Index:0}
081493 INFO S2: (term 5) follower 收到 [1] AppendEntries [], prevIndex 0, prevTerm 0
081493 LEAD S1: 2 append success next 1 match 0
081493 INFO S0: (term 5) follower 收到 [1] AppendEntries [], prevIndex 0, prevTerm 0
081494 LEAD S1: 0 append success next 1 match 0
082498 LEAD S1: prevLog &raft.Entry{Command:interface {}(nil), Term:0, Index:0}
082498 LEAD S1: prevLog &raft.Entry{Command:interface {}(nil), Term:0, Index:0}
082499 INFO S2: (term 5) follower 收到 [1] AppendEntries [], prevIndex 0, prevTerm 0
082499 INFO S0: (term 5) follower 收到 [1] AppendEntries [], prevIndex 0, prevTerm 0
082500 LEAD S1: 2 append success next 1 match 0
082500 LEAD S1: 0 append success next 1 match 0
083503 LEAD S1: prevLog &raft.Entry{Command:interface {}(nil), Term:0, Index:0}
083503 LEAD S1: prevLog &raft.Entry{Command:interface {}(nil), Term:0, Index:0}
083504 INFO S2: (term 5) follower 收到 [1] AppendEntries [], prevIndex 0, prevTerm 0
083504 LEAD S1: 2 append success next 1 match 0
083505 INFO S0: (term 5) follower 收到 [1] AppendEntries [], prevIndex 0, prevTerm 0
083505 LEAD S1: 0 append success next 1 match 0
084510 LEAD S1: prevLog &raft.Entry{Command:interface {}(nil), Term:0, Index:0}
084510 LEAD S1: prevLog &raft.Entry{Command:interface {}(nil), Term:0, Index:0}
084511 INFO S2: (term 5) follower 收到 [1] AppendEntries [], prevIndex 0, prevTerm 0
084511 LEAD S1: 2 append success next 1 match 0
084512 INFO S0: (term 5) follower 收到 [1] AppendEntries [], prevIndex 0, prevTerm 0
084512 LEAD S1: 0 append success next 1 match 0
085514 LEAD S1: prevLog &raft.Entry{Command:interface {}(nil), Term:0, Index:0}
085514 LEAD S1: prevLog &raft.Entry{Command:interface {}(nil), Term:0, Index:0}
085515 INFO S2: (term 5) follower 收到 [1] AppendEntries [], prevIndex 0, prevTerm 0
085515 LEAD S1: 2 append success next 1 match 0
085515 INFO S0: (term 5) follower 收到 [1] AppendEntries [], prevIndex 0, prevTerm 0
085515 LEAD S1: 0 append success next 1 match 0
086519 LEAD S1: prevLog &raft.Entry{Command:interface {}(nil), Term:0, Index:0}
086519 LEAD S1: prevLog &raft.Entry{Command:interface {}(nil), Term:0, Index:0}
086520 INFO S0: (term 5) follower 收到 [1] AppendEntries [], prevIndex 0, prevTerm 0
086520 LEAD S1: 0 append success next 1 match 0
086520 INFO S2: (term 5) follower 收到 [1] AppendEntries [], prevIndex 0, prevTerm 0
086521 LEAD S1: 2 append success next 1 match 0
087524 LEAD S1: prevLog &raft.Entry{Command:interface {}(nil), Term:0, Index:0}
087524 LEAD S1: prevLog &raft.Entry{Command:interface {}(nil), Term:0, Index:0}
087525 INFO S2: (term 5) follower 收到 [1] AppendEntries [], prevIndex 0, prevTerm 0
087525 LEAD S1: 2 append success next 1 match 0
087525 INFO S0: (term 5) follower 收到 [1] AppendEntries [], prevIndex 0, prevTerm 0
087526 LEAD S1: 0 append success next 1 match 0
088529 LEAD S1: prevLog &raft.Entry{Command:interface {}(nil), Term:0, Index:0}
088529 LEAD S1: prevLog &raft.Entry{Command:interface {}(nil), Term:0, Index:0}
088530 INFO S2: (term 5) follower 收到 [1] AppendEntries [], prevIndex 0, prevTerm 0
088530 LEAD S1: 2 append success next 1 match 0
088530 INFO S0: (term 5) follower 收到 [1] AppendEntries [], prevIndex 0, prevTerm 0
088530 LEAD S1: 0 append success next 1 match 0
089535 LEAD S1: prevLog &raft.Entry{Command:interface {}(nil), Term:0, Index:0}
089536 LEAD S1: prevLog &raft.Entry{Command:interface {}(nil), Term:0, Index:0}
089538 INFO S2: (term 5) follower 收到 [1] AppendEntries [], prevIndex 0, prevTerm 0
089539 INFO S0: (term 5) follower 收到 [1] AppendEntries [], prevIndex 0, prevTerm 0
089540 LEAD S1: 2 append success next 1 match 0
089540 LEAD S1: 0 append success next 1 match 0
090545 LEAD S1: prevLog &raft.Entry{Command:interface {}(nil), Term:0, Index:0}
090547 LEAD S1: prevLog &raft.Entry{Command:interface {}(nil), Term:0, Index:0}
090549 INFO S2: (term 5) follower 收到 [1] AppendEntries [], prevIndex 0, prevTerm 0
090549 INFO S0: (term 5) follower 收到 [1] AppendEntries [], prevIndex 0, prevTerm 0
090551 LEAD S1: 2 append success next 1 match 0
090551 LEAD S1: 0 append success next 1 match 0
091552 LEAD S1: prevLog &raft.Entry{Command:interface {}(nil), Term:0, Index:0}
091552 LEAD S1: prevLog &raft.Entry{Command:interface {}(nil), Term:0, Index:0}
091553 INFO S2: (term 5) follower 收到 [1] AppendEntries [], prevIndex 0, prevTerm 0
091553 LEAD S1: 2 append success next 1 match 0
091553 INFO S0: (term 5) follower 收到 [1] AppendEntries [], prevIndex 0, prevTerm 0
091553 LEAD S1: 0 append success next 1 match 0
092557 LEAD S1: prevLog &raft.Entry{Command:interface {}(nil), Term:0, Index:0}
092557 LEAD S1: prevLog &raft.Entry{Command:interface {}(nil), Term:0, Index:0}
092559 INFO S2: (term 5) follower 收到 [1] AppendEntries [], prevIndex 0, prevTerm 0
092560 INFO S0: (term 5) follower 收到 [1] AppendEntries [], prevIndex 0, prevTerm 0
092561 LEAD S1: 2 append success next 1 match 0
092561 LEAD S1: 0 append success next 1 match 0
093564 LEAD S1: prevLog &raft.Entry{Command:interface {}(nil), Term:0, Index:0}
093565 LEAD S1: prevLog &raft.Entry{Command:interface {}(nil), Term:0, Index:0}
093566 INFO S2: (term 5) follower 收到 [1] AppendEntries [], prevIndex 0, prevTerm 0
093566 INFO S0: (term 5) follower 收到 [1] AppendEntries [], prevIndex 0, prevTerm 0
093566 LEAD S1: 2 append success next 1 match 0
093567 LEAD S1: 0 append success next 1 match 0
094572 LEAD S1: prevLog &raft.Entry{Command:interface {}(nil), Term:0, Index:0}
094572 LEAD S1: prevLog &raft.Entry{Command:interface {}(nil), Term:0, Index:0}
094574 INFO S0: (term 5) follower 收到 [1] AppendEntries [], prevIndex 0, prevTerm 0
094575 INFO S2: (term 5) follower 收到 [1] AppendEntries [], prevIndex 0, prevTerm 0
094575 LEAD S1: 0 append success next 1 match 0
094575 LEAD S1: 2 append success next 1 match 0
095578 LEAD S1: prevLog &raft.Entry{Command:interface {}(nil), Term:0, Index:0}
095578 LEAD S1: prevLog &raft.Entry{Command:interface {}(nil), Term:0, Index:0}
095581 INFO S0: (term 5) follower 收到 [1] AppendEntries [], prevIndex 0, prevTerm 0
095581 INFO S2: (term 5) follower 收到 [1] AppendEntries [], prevIndex 0, prevTerm 0
095582 LEAD S1: 2 append success next 1 match 0
095583 LEAD S1: 0 append success next 1 match 0
096585 LEAD S1: prevLog &raft.Entry{Command:interface {}(nil), Term:0, Index:0}
096585 LEAD S1: prevLog &raft.Entry{Command:interface {}(nil), Term:0, Index:0}
096586 INFO S2: (term 5) follower 收到 [1] AppendEntries [], prevIndex 0, prevTerm 0
096587 LEAD S1: 2 append success next 1 match 0
096587 INFO S0: (term 5) follower 收到 [1] AppendEntries [], prevIndex 0, prevTerm 0
096588 LEAD S1: 0 append success next 1 match 0
097594 LEAD S1: prevLog &raft.Entry{Command:interface {}(nil), Term:0, Index:0}
097595 LEAD S1: prevLog &raft.Entry{Command:interface {}(nil), Term:0, Index:0}
097599 INFO S2: (term 5) follower 收到 [1] AppendEntries [], prevIndex 0, prevTerm 0
097600 INFO S0: (term 5) follower 收到 [1] AppendEntries [], prevIndex 0, prevTerm 0
097601 LEAD S1: 2 append success next 1 match 0
097602 LEAD S1: 0 append success next 1 match 0
098601 LEAD S1: prevLog &raft.Entry{Command:interface {}(nil), Term:0, Index:0}
098602 LEAD S1: prevLog &raft.Entry{Command:interface {}(nil), Term:0, Index:0}
098604 INFO S2: (term 5) follower 收到 [1] AppendEntries [], prevIndex 0, prevTerm 0
098605 LEAD S1: 2 append success next 1 match 0
098605 INFO S0: (term 5) follower 收到 [1] AppendEntries [], prevIndex 0, prevTerm 0
098607 LEAD S1: 0 append success next 1 match 0
099613 LEAD S1: prevLog &raft.Entry{Command:interface {}(nil), Term:0, Index:0}
099614 LEAD S1: prevLog &raft.Entry{Command:interface {}(nil), Term:0, Index:0}
099618 INFO S2: (term 5) follower 收到 [1] AppendEntries [], prevIndex 0, prevTerm 0
099619 LEAD S1: 2 append success next 1 match 0
099620 INFO S0: (term 5) follower 收到 [1] AppendEntries [], prevIndex 0, prevTerm 0
099622 LEAD S1: 0 append success next 1 match 0
--- FAIL: TestPersist12C (10.01s)
    config.go:609: one(11) failed to reach agreement
FAIL
exit status 1
FAIL	6.824/raft	10.013s
