Test (2C): basic persistence ...
002009 INFO S1: start leader election, term 1
002009 VOTE S1: term 1 send vote request to 2
002009 VOTE S1: term 1 send vote request to 0
002010 TERM S2: set new term 1
002010 VOTE S2: term 1 vote 1
002010 VOTE S1: reply from 2, term一致，且投给1
002010 LEAD S1: come to power, start to send heartbeat
002010 LEAD S1: prevLog &raft.Entry{Command:interface {}(nil), Term:0, Index:0}
002011 LEAD S1: prevLog &raft.Entry{Command:interface {}(nil), Term:0, Index:0}
002011 TERM S0: set new term 1
002011 VOTE S0: term 1 vote 1
002011 VOTE S1: reply from 0, term一致，且投给1
002011 INFO S2: (term 1) follower 收到 [1] AppendEntries [], prevIndex 0, prevTerm 0
002011 INFO S0: (term 1) follower 收到 [1] AppendEntries [], prevIndex 0, prevTerm 0
002012 LEAD S1: 2 append success next 1 match 0
002012 LEAD S1: 0 append success next 1 match 0
002510 LEAD S1: prevLog &raft.Entry{Command:interface {}(nil), Term:0, Index:0}
002510 LEAD S1: prevLog &raft.Entry{Command:interface {}(nil), Term:0, Index:0}
002511 INFO S0: (term 1) follower 收到 [1] AppendEntries [], prevIndex 0, prevTerm 0
002511 INFO S2: (term 1) follower 收到 [1] AppendEntries [], prevIndex 0, prevTerm 0
002511 LEAD S1: 0 append success next 1 match 0
002512 LEAD S1: 2 append success next 1 match 0
003012 LEAD S1: prevLog &raft.Entry{Command:interface {}(nil), Term:0, Index:0}
003013 LEAD S1: prevLog &raft.Entry{Command:interface {}(nil), Term:0, Index:0}
003014 INFO S0: (term 1) follower 收到 [1] AppendEntries [], prevIndex 0, prevTerm 0
003014 LEAD S1: 0 append success next 1 match 0
003015 INFO S2: (term 1) follower 收到 [1] AppendEntries [], prevIndex 0, prevTerm 0
003015 LEAD S1: 2 append success next 1 match 0
003515 LEAD S1: prevLog &raft.Entry{Command:interface {}(nil), Term:0, Index:0}
003515 LEAD S1: prevLog &raft.Entry{Command:interface {}(nil), Term:0, Index:0}
003516 INFO S0: (term 1) follower 收到 [1] AppendEntries [], prevIndex 0, prevTerm 0
003516 INFO S2: (term 1) follower 收到 [1] AppendEntries [], prevIndex 0, prevTerm 0
003516 LEAD S1: 0 append success next 1 match 0
003517 LEAD S1: 2 append success next 1 match 0
004018 LEAD S1: prevLog &raft.Entry{Command:interface {}(nil), Term:0, Index:0}
004018 LEAD S1: prevLog &raft.Entry{Command:interface {}(nil), Term:0, Index:0}
004019 INFO S2: (term 1) follower 收到 [1] AppendEntries [], prevIndex 0, prevTerm 0
004019 INFO S0: (term 1) follower 收到 [1] AppendEntries [], prevIndex 0, prevTerm 0
004019 LEAD S1: 0 append success next 1 match 0
004019 LEAD S1: 2 append success next 1 match 0
004520 LEAD S1: prevLog &raft.Entry{Command:interface {}(nil), Term:0, Index:0}
004520 LEAD S1: prevLog &raft.Entry{Command:interface {}(nil), Term:0, Index:0}
004521 INFO S2: (term 1) follower 收到 [1] AppendEntries [], prevIndex 0, prevTerm 0
004521 INFO S0: (term 1) follower 收到 [1] AppendEntries [], prevIndex 0, prevTerm 0
004521 LEAD S1: 2 append success next 1 match 0
004522 LEAD S1: 0 append success next 1 match 0
005023 LEAD S1: prevLog &raft.Entry{Command:interface {}(nil), Term:0, Index:0}
005024 LEAD S1: prevLog &raft.Entry{Command:interface {}(nil), Term:0, Index:0}
005025 INFO S2: (term 1) follower 收到 [1] AppendEntries [], prevIndex 0, prevTerm 0
005025 INFO S0: (term 1) follower 收到 [1] AppendEntries [], prevIndex 0, prevTerm 0
005026 LEAD S1: 0 append success next 1 match 0
005026 LEAD S1: 2 append success next 1 match 0
005526 LEAD S1: prevLog &raft.Entry{Command:interface {}(nil), Term:0, Index:0}
005527 LEAD S1: prevLog &raft.Entry{Command:interface {}(nil), Term:0, Index:0}
005527 INFO S2: (term 1) follower 收到 [1] AppendEntries [], prevIndex 0, prevTerm 0
005528 LEAD S1: 2 append success next 1 match 0
005528 INFO S0: (term 1) follower 收到 [1] AppendEntries [], prevIndex 0, prevTerm 0
005528 LEAD S1: 0 append success next 1 match 0
006028 LEAD S1: prevLog &raft.Entry{Command:interface {}(nil), Term:0, Index:0}
006028 LEAD S1: prevLog &raft.Entry{Command:interface {}(nil), Term:0, Index:0}
006029 INFO S2: (term 1) follower 收到 [1] AppendEntries [], prevIndex 0, prevTerm 0
006029 INFO S0: (term 1) follower 收到 [1] AppendEntries [], prevIndex 0, prevTerm 0
006030 LEAD S1: 2 append success next 1 match 0
006030 LEAD S1: 0 append success next 1 match 0
006531 LEAD S1: prevLog &raft.Entry{Command:interface {}(nil), Term:0, Index:0}
006532 LEAD S1: prevLog &raft.Entry{Command:interface {}(nil), Term:0, Index:0}
006532 INFO S2: (term 1) follower 收到 [1] AppendEntries [], prevIndex 0, prevTerm 0
006532 INFO S0: (term 1) follower 收到 [1] AppendEntries [], prevIndex 0, prevTerm 0
006533 LEAD S1: 2 append success next 1 match 0
006533 LEAD S1: 0 append success next 1 match 0
007034 LEAD S1: prevLog &raft.Entry{Command:interface {}(nil), Term:0, Index:0}
007034 LEAD S1: prevLog &raft.Entry{Command:interface {}(nil), Term:0, Index:0}
007035 INFO S2: (term 1) follower 收到 [1] AppendEntries [], prevIndex 0, prevTerm 0
007035 INFO S0: (term 1) follower 收到 [1] AppendEntries [], prevIndex 0, prevTerm 0
007035 LEAD S1: 0 append success next 1 match 0
007035 LEAD S1: 2 append success next 1 match 0
007536 LEAD S1: prevLog &raft.Entry{Command:interface {}(nil), Term:0, Index:0}
007536 LEAD S1: prevLog &raft.Entry{Command:interface {}(nil), Term:0, Index:0}
007537 INFO S0: (term 1) follower 收到 [1] AppendEntries [], prevIndex 0, prevTerm 0
007537 INFO S2: (term 1) follower 收到 [1] AppendEntries [], prevIndex 0, prevTerm 0
007537 LEAD S1: 0 append success next 1 match 0
007538 LEAD S1: 2 append success next 1 match 0
008037 LEAD S1: prevLog &raft.Entry{Command:interface {}(nil), Term:0, Index:0}
008037 LEAD S1: prevLog &raft.Entry{Command:interface {}(nil), Term:0, Index:0}
008038 INFO S2: (term 1) follower 收到 [1] AppendEntries [], prevIndex 0, prevTerm 0
008038 LEAD S1: 2 append success next 1 match 0
008039 INFO S0: (term 1) follower 收到 [1] AppendEntries [], prevIndex 0, prevTerm 0
008039 LEAD S1: 0 append success next 1 match 0
008540 LEAD S1: prevLog &raft.Entry{Command:interface {}(nil), Term:0, Index:0}
008540 LEAD S1: prevLog &raft.Entry{Command:interface {}(nil), Term:0, Index:0}
008541 INFO S2: (term 1) follower 收到 [1] AppendEntries [], prevIndex 0, prevTerm 0
008541 LEAD S1: 2 append success next 1 match 0
008541 INFO S0: (term 1) follower 收到 [1] AppendEntries [], prevIndex 0, prevTerm 0
008542 LEAD S1: 0 append success next 1 match 0
009042 LEAD S1: prevLog &raft.Entry{Command:interface {}(nil), Term:0, Index:0}
009043 LEAD S1: prevLog &raft.Entry{Command:interface {}(nil), Term:0, Index:0}
009043 INFO S2: (term 1) follower 收到 [1] AppendEntries [], prevIndex 0, prevTerm 0
009044 LEAD S1: 2 append success next 1 match 0
009044 INFO S0: (term 1) follower 收到 [1] AppendEntries [], prevIndex 0, prevTerm 0
009044 LEAD S1: 0 append success next 1 match 0
009545 LEAD S1: prevLog &raft.Entry{Command:interface {}(nil), Term:0, Index:0}
009545 LEAD S1: prevLog &raft.Entry{Command:interface {}(nil), Term:0, Index:0}
009546 INFO S2: (term 1) follower 收到 [1] AppendEntries [], prevIndex 0, prevTerm 0
009546 LEAD S1: 2 append success next 1 match 0
009546 INFO S0: (term 1) follower 收到 [1] AppendEntries [], prevIndex 0, prevTerm 0
009547 LEAD S1: 0 append success next 1 match 0
010047 LEAD S1: prevLog &raft.Entry{Command:interface {}(nil), Term:0, Index:0}
010048 LEAD S1: prevLog &raft.Entry{Command:interface {}(nil), Term:0, Index:0}
010048 INFO S0: (term 1) follower 收到 [1] AppendEntries [], prevIndex 0, prevTerm 0
010048 INFO S2: (term 1) follower 收到 [1] AppendEntries [], prevIndex 0, prevTerm 0
010049 LEAD S1: 0 append success next 1 match 0
010049 LEAD S1: 2 append success next 1 match 0
010549 LEAD S1: prevLog &raft.Entry{Command:interface {}(nil), Term:0, Index:0}
010549 LEAD S1: prevLog &raft.Entry{Command:interface {}(nil), Term:0, Index:0}
010550 INFO S2: (term 1) follower 收到 [1] AppendEntries [], prevIndex 0, prevTerm 0
010550 LEAD S1: 2 append success next 1 match 0
010551 INFO S0: (term 1) follower 收到 [1] AppendEntries [], prevIndex 0, prevTerm 0
010551 LEAD S1: 0 append success next 1 match 0
011051 LEAD S1: prevLog &raft.Entry{Command:interface {}(nil), Term:0, Index:0}
011052 LEAD S1: prevLog &raft.Entry{Command:interface {}(nil), Term:0, Index:0}
011052 INFO S0: (term 1) follower 收到 [1] AppendEntries [], prevIndex 0, prevTerm 0
011053 LEAD S1: 0 append success next 1 match 0
011053 INFO S2: (term 1) follower 收到 [1] AppendEntries [], prevIndex 0, prevTerm 0
011053 LEAD S1: 2 append success next 1 match 0
011554 LEAD S1: prevLog &raft.Entry{Command:interface {}(nil), Term:0, Index:0}
011555 LEAD S1: prevLog &raft.Entry{Command:interface {}(nil), Term:0, Index:0}
011556 INFO S0: (term 1) follower 收到 [1] AppendEntries [], prevIndex 0, prevTerm 0
011557 LEAD S1: 0 append success next 1 match 0
011556 INFO S2: (term 1) follower 收到 [1] AppendEntries [], prevIndex 0, prevTerm 0
011557 LEAD S1: 2 append success next 1 match 0
012056 LEAD S1: prevLog &raft.Entry{Command:interface {}(nil), Term:0, Index:0}
012056 LEAD S1: prevLog &raft.Entry{Command:interface {}(nil), Term:0, Index:0}
012057 INFO S2: (term 1) follower 收到 [1] AppendEntries [], prevIndex 0, prevTerm 0
012057 INFO S0: (term 1) follower 收到 [1] AppendEntries [], prevIndex 0, prevTerm 0
012057 LEAD S1: 0 append success next 1 match 0
012057 LEAD S1: 2 append success next 1 match 0
012558 LEAD S1: prevLog &raft.Entry{Command:interface {}(nil), Term:0, Index:0}
012559 LEAD S1: prevLog &raft.Entry{Command:interface {}(nil), Term:0, Index:0}
012559 INFO S2: (term 1) follower 收到 [1] AppendEntries [], prevIndex 0, prevTerm 0
012560 LEAD S1: 2 append success next 1 match 0
012560 INFO S0: (term 1) follower 收到 [1] AppendEntries [], prevIndex 0, prevTerm 0
012560 LEAD S1: 0 append success next 1 match 0
013061 LEAD S1: prevLog &raft.Entry{Command:interface {}(nil), Term:0, Index:0}
013061 LEAD S1: prevLog &raft.Entry{Command:interface {}(nil), Term:0, Index:0}
013062 INFO S2: (term 1) follower 收到 [1] AppendEntries [], prevIndex 0, prevTerm 0
013062 LEAD S1: 2 append success next 1 match 0
013063 INFO S0: (term 1) follower 收到 [1] AppendEntries [], prevIndex 0, prevTerm 0
013063 LEAD S1: 0 append success next 1 match 0
013563 LEAD S1: prevLog &raft.Entry{Command:interface {}(nil), Term:0, Index:0}
013564 LEAD S1: prevLog &raft.Entry{Command:interface {}(nil), Term:0, Index:0}
013564 INFO S2: (term 1) follower 收到 [1] AppendEntries [], prevIndex 0, prevTerm 0
013565 LEAD S1: 2 append success next 1 match 0
013565 INFO S0: (term 1) follower 收到 [1] AppendEntries [], prevIndex 0, prevTerm 0
013565 LEAD S1: 0 append success next 1 match 0
014066 LEAD S1: prevLog &raft.Entry{Command:interface {}(nil), Term:0, Index:0}
014066 LEAD S1: prevLog &raft.Entry{Command:interface {}(nil), Term:0, Index:0}
014067 INFO S2: (term 1) follower 收到 [1] AppendEntries [], prevIndex 0, prevTerm 0
014067 LEAD S1: 2 append success next 1 match 0
014067 INFO S0: (term 1) follower 收到 [1] AppendEntries [], prevIndex 0, prevTerm 0
014068 LEAD S1: 0 append success next 1 match 0
014568 LEAD S1: prevLog &raft.Entry{Command:interface {}(nil), Term:0, Index:0}
014568 LEAD S1: prevLog &raft.Entry{Command:interface {}(nil), Term:0, Index:0}
014569 INFO S2: (term 1) follower 收到 [1] AppendEntries [], prevIndex 0, prevTerm 0
014569 INFO S0: (term 1) follower 收到 [1] AppendEntries [], prevIndex 0, prevTerm 0
014569 LEAD S1: 0 append success next 1 match 0
014569 LEAD S1: 2 append success next 1 match 0
015070 LEAD S1: prevLog &raft.Entry{Command:interface {}(nil), Term:0, Index:0}
015070 LEAD S1: prevLog &raft.Entry{Command:interface {}(nil), Term:0, Index:0}
015071 INFO S2: (term 1) follower 收到 [1] AppendEntries [], prevIndex 0, prevTerm 0
015071 INFO S0: (term 1) follower 收到 [1] AppendEntries [], prevIndex 0, prevTerm 0
015071 LEAD S1: 2 append success next 1 match 0
015072 LEAD S1: 0 append success next 1 match 0
015573 LEAD S1: prevLog &raft.Entry{Command:interface {}(nil), Term:0, Index:0}
015573 LEAD S1: prevLog &raft.Entry{Command:interface {}(nil), Term:0, Index:0}
015574 INFO S2: (term 1) follower 收到 [1] AppendEntries [], prevIndex 0, prevTerm 0
015574 LEAD S1: 2 append success next 1 match 0
015574 INFO S0: (term 1) follower 收到 [1] AppendEntries [], prevIndex 0, prevTerm 0
015575 LEAD S1: 0 append success next 1 match 0
016075 LEAD S1: prevLog &raft.Entry{Command:interface {}(nil), Term:0, Index:0}
016076 LEAD S1: prevLog &raft.Entry{Command:interface {}(nil), Term:0, Index:0}
016076 INFO S2: (term 1) follower 收到 [1] AppendEntries [], prevIndex 0, prevTerm 0
016077 INFO S0: (term 1) follower 收到 [1] AppendEntries [], prevIndex 0, prevTerm 0
016077 LEAD S1: 2 append success next 1 match 0
016077 LEAD S1: 0 append success next 1 match 0
016578 LEAD S1: prevLog &raft.Entry{Command:interface {}(nil), Term:0, Index:0}
016578 LEAD S1: prevLog &raft.Entry{Command:interface {}(nil), Term:0, Index:0}
016579 INFO S2: (term 1) follower 收到 [1] AppendEntries [], prevIndex 0, prevTerm 0
016579 INFO S0: (term 1) follower 收到 [1] AppendEntries [], prevIndex 0, prevTerm 0
016579 LEAD S1: 2 append success next 1 match 0
016580 LEAD S1: 0 append success next 1 match 0
017081 LEAD S1: prevLog &raft.Entry{Command:interface {}(nil), Term:0, Index:0}
017081 LEAD S1: prevLog &raft.Entry{Command:interface {}(nil), Term:0, Index:0}
017082 INFO S2: (term 1) follower 收到 [1] AppendEntries [], prevIndex 0, prevTerm 0
017082 LEAD S1: 2 append success next 1 match 0
017082 INFO S0: (term 1) follower 收到 [1] AppendEntries [], prevIndex 0, prevTerm 0
017083 LEAD S1: 0 append success next 1 match 0
017583 LEAD S1: prevLog &raft.Entry{Command:interface {}(nil), Term:0, Index:0}
017583 LEAD S1: prevLog &raft.Entry{Command:interface {}(nil), Term:0, Index:0}
017584 INFO S2: (term 1) follower 收到 [1] AppendEntries [], prevIndex 0, prevTerm 0
017584 LEAD S1: 2 append success next 1 match 0
017584 INFO S0: (term 1) follower 收到 [1] AppendEntries [], prevIndex 0, prevTerm 0
017585 LEAD S1: 0 append success next 1 match 0
018085 LEAD S1: prevLog &raft.Entry{Command:interface {}(nil), Term:0, Index:0}
018085 LEAD S1: prevLog &raft.Entry{Command:interface {}(nil), Term:0, Index:0}
018086 INFO S2: (term 1) follower 收到 [1] AppendEntries [], prevIndex 0, prevTerm 0
018086 INFO S0: (term 1) follower 收到 [1] AppendEntries [], prevIndex 0, prevTerm 0
018086 LEAD S1: 2 append success next 1 match 0
018087 LEAD S1: 0 append success next 1 match 0
018588 LEAD S1: prevLog &raft.Entry{Command:interface {}(nil), Term:0, Index:0}
018588 LEAD S1: prevLog &raft.Entry{Command:interface {}(nil), Term:0, Index:0}
018589 INFO S2: (term 1) follower 收到 [1] AppendEntries [], prevIndex 0, prevTerm 0
018589 LEAD S1: 2 append success next 1 match 0
018590 INFO S0: (term 1) follower 收到 [1] AppendEntries [], prevIndex 0, prevTerm 0
018590 LEAD S1: 0 append success next 1 match 0
019091 LEAD S1: prevLog &raft.Entry{Command:interface {}(nil), Term:0, Index:0}
019091 LEAD S1: prevLog &raft.Entry{Command:interface {}(nil), Term:0, Index:0}
019092 INFO S2: (term 1) follower 收到 [1] AppendEntries [], prevIndex 0, prevTerm 0
019092 LEAD S1: 2 append success next 1 match 0
019092 INFO S0: (term 1) follower 收到 [1] AppendEntries [], prevIndex 0, prevTerm 0
019093 LEAD S1: 0 append success next 1 match 0
019593 LEAD S1: prevLog &raft.Entry{Command:interface {}(nil), Term:0, Index:0}
019593 LEAD S1: prevLog &raft.Entry{Command:interface {}(nil), Term:0, Index:0}
019594 INFO S0: (term 1) follower 收到 [1] AppendEntries [], prevIndex 0, prevTerm 0
019594 LEAD S1: 0 append success next 1 match 0
019595 INFO S2: (term 1) follower 收到 [1] AppendEntries [], prevIndex 0, prevTerm 0
019595 LEAD S1: 2 append success next 1 match 0
020096 LEAD S1: prevLog &raft.Entry{Command:interface {}(nil), Term:0, Index:0}
020096 LEAD S1: prevLog &raft.Entry{Command:interface {}(nil), Term:0, Index:0}
020097 INFO S2: (term 1) follower 收到 [1] AppendEntries [], prevIndex 0, prevTerm 0
020097 LEAD S1: 2 append success next 1 match 0
020098 INFO S0: (term 1) follower 收到 [1] AppendEntries [], prevIndex 0, prevTerm 0
020098 LEAD S1: 0 append success next 1 match 0
020599 LEAD S1: prevLog &raft.Entry{Command:interface {}(nil), Term:0, Index:0}
020599 LEAD S1: prevLog &raft.Entry{Command:interface {}(nil), Term:0, Index:0}
020600 INFO S2: (term 1) follower 收到 [1] AppendEntries [], prevIndex 0, prevTerm 0
020600 LEAD S1: 2 append success next 1 match 0
020600 INFO S0: (term 1) follower 收到 [1] AppendEntries [], prevIndex 0, prevTerm 0
020600 LEAD S1: 0 append success next 1 match 0
021101 LEAD S1: prevLog &raft.Entry{Command:interface {}(nil), Term:0, Index:0}
021102 LEAD S1: prevLog &raft.Entry{Command:interface {}(nil), Term:0, Index:0}
021102 INFO S2: (term 1) follower 收到 [1] AppendEntries [], prevIndex 0, prevTerm 0
021102 INFO S0: (term 1) follower 收到 [1] AppendEntries [], prevIndex 0, prevTerm 0
021103 LEAD S1: 0 append success next 1 match 0
021103 LEAD S1: 2 append success next 1 match 0
021604 LEAD S1: prevLog &raft.Entry{Command:interface {}(nil), Term:0, Index:0}
021604 LEAD S1: prevLog &raft.Entry{Command:interface {}(nil), Term:0, Index:0}
021604 INFO S2: (term 1) follower 收到 [1] AppendEntries [], prevIndex 0, prevTerm 0
021604 INFO S0: (term 1) follower 收到 [1] AppendEntries [], prevIndex 0, prevTerm 0
021605 LEAD S1: 2 append success next 1 match 0
021605 LEAD S1: 0 append success next 1 match 0
022106 LEAD S1: prevLog &raft.Entry{Command:interface {}(nil), Term:0, Index:0}
022106 LEAD S1: prevLog &raft.Entry{Command:interface {}(nil), Term:0, Index:0}
022107 INFO S0: (term 1) follower 收到 [1] AppendEntries [], prevIndex 0, prevTerm 0
022107 INFO S2: (term 1) follower 收到 [1] AppendEntries [], prevIndex 0, prevTerm 0
022107 LEAD S1: 0 append success next 1 match 0
022107 LEAD S1: 2 append success next 1 match 0
022609 LEAD S1: prevLog &raft.Entry{Command:interface {}(nil), Term:0, Index:0}
022609 LEAD S1: prevLog &raft.Entry{Command:interface {}(nil), Term:0, Index:0}
022610 INFO S2: (term 1) follower 收到 [1] AppendEntries [], prevIndex 0, prevTerm 0
022610 INFO S0: (term 1) follower 收到 [1] AppendEntries [], prevIndex 0, prevTerm 0
022610 LEAD S1: 2 append success next 1 match 0
022610 LEAD S1: 0 append success next 1 match 0
023111 LEAD S1: prevLog &raft.Entry{Command:interface {}(nil), Term:0, Index:0}
023111 LEAD S1: prevLog &raft.Entry{Command:interface {}(nil), Term:0, Index:0}
023112 INFO S0: (term 1) follower 收到 [1] AppendEntries [], prevIndex 0, prevTerm 0
023112 INFO S2: (term 1) follower 收到 [1] AppendEntries [], prevIndex 0, prevTerm 0
023112 LEAD S1: 0 append success next 1 match 0
023112 LEAD S1: 2 append success next 1 match 0
023613 LEAD S1: prevLog &raft.Entry{Command:interface {}(nil), Term:0, Index:0}
023613 LEAD S1: prevLog &raft.Entry{Command:interface {}(nil), Term:0, Index:0}
023614 INFO S2: (term 1) follower 收到 [1] AppendEntries [], prevIndex 0, prevTerm 0
023615 LEAD S1: 2 append success next 1 match 0
023615 INFO S0: (term 1) follower 收到 [1] AppendEntries [], prevIndex 0, prevTerm 0
023615 LEAD S1: 0 append success next 1 match 0
024115 LEAD S1: prevLog &raft.Entry{Command:interface {}(nil), Term:0, Index:0}
024116 LEAD S1: prevLog &raft.Entry{Command:interface {}(nil), Term:0, Index:0}
024116 INFO S2: (term 1) follower 收到 [1] AppendEntries [], prevIndex 0, prevTerm 0
024117 LEAD S1: 2 append success next 1 match 0
024117 INFO S0: (term 1) follower 收到 [1] AppendEntries [], prevIndex 0, prevTerm 0
024117 LEAD S1: 0 append success next 1 match 0
024618 LEAD S1: prevLog &raft.Entry{Command:interface {}(nil), Term:0, Index:0}
024618 LEAD S1: prevLog &raft.Entry{Command:interface {}(nil), Term:0, Index:0}
024619 INFO S2: (term 1) follower 收到 [1] AppendEntries [], prevIndex 0, prevTerm 0
024619 LEAD S1: 2 append success next 1 match 0
024620 INFO S0: (term 1) follower 收到 [1] AppendEntries [], prevIndex 0, prevTerm 0
024620 LEAD S1: 0 append success next 1 match 0
025120 LEAD S1: prevLog &raft.Entry{Command:interface {}(nil), Term:0, Index:0}
025121 LEAD S1: prevLog &raft.Entry{Command:interface {}(nil), Term:0, Index:0}
025121 INFO S2: (term 1) follower 收到 [1] AppendEntries [], prevIndex 0, prevTerm 0
025122 INFO S0: (term 1) follower 收到 [1] AppendEntries [], prevIndex 0, prevTerm 0
025122 LEAD S1: 2 append success next 1 match 0
025122 LEAD S1: 0 append success next 1 match 0
025623 LEAD S1: prevLog &raft.Entry{Command:interface {}(nil), Term:0, Index:0}
025623 LEAD S1: prevLog &raft.Entry{Command:interface {}(nil), Term:0, Index:0}
025624 INFO S2: (term 1) follower 收到 [1] AppendEntries [], prevIndex 0, prevTerm 0
025624 LEAD S1: 2 append success next 1 match 0
025624 INFO S0: (term 1) follower 收到 [1] AppendEntries [], prevIndex 0, prevTerm 0
025625 LEAD S1: 0 append success next 1 match 0
026125 LEAD S1: prevLog &raft.Entry{Command:interface {}(nil), Term:0, Index:0}
026125 LEAD S1: prevLog &raft.Entry{Command:interface {}(nil), Term:0, Index:0}
026126 INFO S2: (term 1) follower 收到 [1] AppendEntries [], prevIndex 0, prevTerm 0
026126 LEAD S1: 2 append success next 1 match 0
026126 INFO S0: (term 1) follower 收到 [1] AppendEntries [], prevIndex 0, prevTerm 0
026127 LEAD S1: 0 append success next 1 match 0
026627 LEAD S1: prevLog &raft.Entry{Command:interface {}(nil), Term:0, Index:0}
026627 LEAD S1: prevLog &raft.Entry{Command:interface {}(nil), Term:0, Index:0}
026628 INFO S2: (term 1) follower 收到 [1] AppendEntries [], prevIndex 0, prevTerm 0
026628 LEAD S1: 2 append success next 1 match 0
026628 INFO S0: (term 1) follower 收到 [1] AppendEntries [], prevIndex 0, prevTerm 0
026629 LEAD S1: 0 append success next 1 match 0
027129 LEAD S1: prevLog &raft.Entry{Command:interface {}(nil), Term:0, Index:0}
027129 LEAD S1: prevLog &raft.Entry{Command:interface {}(nil), Term:0, Index:0}
027130 INFO S2: (term 1) follower 收到 [1] AppendEntries [], prevIndex 0, prevTerm 0
027130 LEAD S1: 2 append success next 1 match 0
027131 INFO S0: (term 1) follower 收到 [1] AppendEntries [], prevIndex 0, prevTerm 0
027131 LEAD S1: 0 append success next 1 match 0
027631 LEAD S1: prevLog &raft.Entry{Command:interface {}(nil), Term:0, Index:0}
027631 LEAD S1: prevLog &raft.Entry{Command:interface {}(nil), Term:0, Index:0}
027632 INFO S2: (term 1) follower 收到 [1] AppendEntries [], prevIndex 0, prevTerm 0
027632 LEAD S1: 2 append success next 1 match 0
027632 INFO S0: (term 1) follower 收到 [1] AppendEntries [], prevIndex 0, prevTerm 0
027633 LEAD S1: 0 append success next 1 match 0
028132 LEAD S1: prevLog &raft.Entry{Command:interface {}(nil), Term:0, Index:0}
028133 LEAD S1: prevLog &raft.Entry{Command:interface {}(nil), Term:0, Index:0}
028133 INFO S2: (term 1) follower 收到 [1] AppendEntries [], prevIndex 0, prevTerm 0
028134 LEAD S1: 2 append success next 1 match 0
028134 INFO S0: (term 1) follower 收到 [1] AppendEntries [], prevIndex 0, prevTerm 0
028134 LEAD S1: 0 append success next 1 match 0
028635 LEAD S1: prevLog &raft.Entry{Command:interface {}(nil), Term:0, Index:0}
028635 LEAD S1: prevLog &raft.Entry{Command:interface {}(nil), Term:0, Index:0}
028636 INFO S2: (term 1) follower 收到 [1] AppendEntries [], prevIndex 0, prevTerm 0
028636 LEAD S1: 2 append success next 1 match 0
028636 INFO S0: (term 1) follower 收到 [1] AppendEntries [], prevIndex 0, prevTerm 0
028637 LEAD S1: 0 append success next 1 match 0
029144 LEAD S1: prevLog &raft.Entry{Command:interface {}(nil), Term:0, Index:0}
029144 LEAD S1: prevLog &raft.Entry{Command:interface {}(nil), Term:0, Index:0}
029145 INFO S2: (term 1) follower 收到 [1] AppendEntries [], prevIndex 0, prevTerm 0
029146 LEAD S1: 2 append success next 1 match 0
029146 INFO S0: (term 1) follower 收到 [1] AppendEntries [], prevIndex 0, prevTerm 0
029146 LEAD S1: 0 append success next 1 match 0
029646 LEAD S1: prevLog &raft.Entry{Command:interface {}(nil), Term:0, Index:0}
029647 LEAD S1: prevLog &raft.Entry{Command:interface {}(nil), Term:0, Index:0}
029647 INFO S2: (term 1) follower 收到 [1] AppendEntries [], prevIndex 0, prevTerm 0
029648 LEAD S1: 2 append success next 1 match 0
029648 INFO S0: (term 1) follower 收到 [1] AppendEntries [], prevIndex 0, prevTerm 0
029648 LEAD S1: 0 append success next 1 match 0
030149 LEAD S1: prevLog &raft.Entry{Command:interface {}(nil), Term:0, Index:0}
030149 LEAD S1: prevLog &raft.Entry{Command:interface {}(nil), Term:0, Index:0}
030150 INFO S2: (term 1) follower 收到 [1] AppendEntries [], prevIndex 0, prevTerm 0
030150 LEAD S1: 2 append success next 1 match 0
030151 INFO S0: (term 1) follower 收到 [1] AppendEntries [], prevIndex 0, prevTerm 0
030151 LEAD S1: 0 append success next 1 match 0
030652 LEAD S1: prevLog &raft.Entry{Command:interface {}(nil), Term:0, Index:0}
030652 LEAD S1: prevLog &raft.Entry{Command:interface {}(nil), Term:0, Index:0}
030653 INFO S2: (term 1) follower 收到 [1] AppendEntries [], prevIndex 0, prevTerm 0
030653 LEAD S1: 2 append success next 1 match 0
030653 INFO S0: (term 1) follower 收到 [1] AppendEntries [], prevIndex 0, prevTerm 0
030653 LEAD S1: 0 append success next 1 match 0
031154 LEAD S1: prevLog &raft.Entry{Command:interface {}(nil), Term:0, Index:0}
031154 LEAD S1: prevLog &raft.Entry{Command:interface {}(nil), Term:0, Index:0}
031155 INFO S2: (term 1) follower 收到 [1] AppendEntries [], prevIndex 0, prevTerm 0
031155 LEAD S1: 2 append success next 1 match 0
031156 INFO S0: (term 1) follower 收到 [1] AppendEntries [], prevIndex 0, prevTerm 0
031156 LEAD S1: 0 append success next 1 match 0
031658 LEAD S1: prevLog &raft.Entry{Command:interface {}(nil), Term:0, Index:0}
031658 LEAD S1: prevLog &raft.Entry{Command:interface {}(nil), Term:0, Index:0}
031659 INFO S2: (term 1) follower 收到 [1] AppendEntries [], prevIndex 0, prevTerm 0
031660 INFO S0: (term 1) follower 收到 [1] AppendEntries [], prevIndex 0, prevTerm 0
031660 LEAD S1: 2 append success next 1 match 0
031661 LEAD S1: 0 append success next 1 match 0
032160 LEAD S1: prevLog &raft.Entry{Command:interface {}(nil), Term:0, Index:0}
032161 LEAD S1: prevLog &raft.Entry{Command:interface {}(nil), Term:0, Index:0}
032162 INFO S0: (term 1) follower 收到 [1] AppendEntries [], prevIndex 0, prevTerm 0
032162 INFO S2: (term 1) follower 收到 [1] AppendEntries [], prevIndex 0, prevTerm 0
032162 LEAD S1: 0 append success next 1 match 0
032162 LEAD S1: 2 append success next 1 match 0
032663 LEAD S1: prevLog &raft.Entry{Command:interface {}(nil), Term:0, Index:0}
032663 LEAD S1: prevLog &raft.Entry{Command:interface {}(nil), Term:0, Index:0}
032664 INFO S2: (term 1) follower 收到 [1] AppendEntries [], prevIndex 0, prevTerm 0
032664 LEAD S1: 2 append success next 1 match 0
032664 INFO S0: (term 1) follower 收到 [1] AppendEntries [], prevIndex 0, prevTerm 0
032665 LEAD S1: 0 append success next 1 match 0
033165 LEAD S1: prevLog &raft.Entry{Command:interface {}(nil), Term:0, Index:0}
033165 LEAD S1: prevLog &raft.Entry{Command:interface {}(nil), Term:0, Index:0}
033166 INFO S2: (term 1) follower 收到 [1] AppendEntries [], prevIndex 0, prevTerm 0
033167 LEAD S1: 2 append success next 1 match 0
033167 INFO S0: (term 1) follower 收到 [1] AppendEntries [], prevIndex 0, prevTerm 0
033168 LEAD S1: 0 append success next 1 match 0
033668 LEAD S1: prevLog &raft.Entry{Command:interface {}(nil), Term:0, Index:0}
033668 LEAD S1: prevLog &raft.Entry{Command:interface {}(nil), Term:0, Index:0}
033669 INFO S2: (term 1) follower 收到 [1] AppendEntries [], prevIndex 0, prevTerm 0
033669 INFO S0: (term 1) follower 收到 [1] AppendEntries [], prevIndex 0, prevTerm 0
033669 LEAD S1: 0 append success next 1 match 0
033669 LEAD S1: 2 append success next 1 match 0
034170 LEAD S1: prevLog &raft.Entry{Command:interface {}(nil), Term:0, Index:0}
034170 LEAD S1: prevLog &raft.Entry{Command:interface {}(nil), Term:0, Index:0}
034171 INFO S2: (term 1) follower 收到 [1] AppendEntries [], prevIndex 0, prevTerm 0
034171 LEAD S1: 2 append success next 1 match 0
034173 INFO S0: (term 1) follower 收到 [1] AppendEntries [], prevIndex 0, prevTerm 0
034176 LEAD S1: 0 append success next 1 match 0
034672 LEAD S1: prevLog &raft.Entry{Command:interface {}(nil), Term:0, Index:0}
034673 LEAD S1: prevLog &raft.Entry{Command:interface {}(nil), Term:0, Index:0}
034673 INFO S2: (term 1) follower 收到 [1] AppendEntries [], prevIndex 0, prevTerm 0
034674 LEAD S1: 2 append success next 1 match 0
034674 INFO S0: (term 1) follower 收到 [1] AppendEntries [], prevIndex 0, prevTerm 0
034675 LEAD S1: 0 append success next 1 match 0
035174 LEAD S1: prevLog &raft.Entry{Command:interface {}(nil), Term:0, Index:0}
035174 LEAD S1: prevLog &raft.Entry{Command:interface {}(nil), Term:0, Index:0}
035175 INFO S2: (term 1) follower 收到 [1] AppendEntries [], prevIndex 0, prevTerm 0
035175 INFO S0: (term 1) follower 收到 [1] AppendEntries [], prevIndex 0, prevTerm 0
035175 LEAD S1: 2 append success next 1 match 0
035176 LEAD S1: 0 append success next 1 match 0
035676 LEAD S1: prevLog &raft.Entry{Command:interface {}(nil), Term:0, Index:0}
035677 LEAD S1: prevLog &raft.Entry{Command:interface {}(nil), Term:0, Index:0}
035677 INFO S2: (term 1) follower 收到 [1] AppendEntries [], prevIndex 0, prevTerm 0
035677 INFO S0: (term 1) follower 收到 [1] AppendEntries [], prevIndex 0, prevTerm 0
035678 LEAD S1: 2 append success next 1 match 0
035678 LEAD S1: 0 append success next 1 match 0
036179 LEAD S1: prevLog &raft.Entry{Command:interface {}(nil), Term:0, Index:0}
036179 LEAD S1: prevLog &raft.Entry{Command:interface {}(nil), Term:0, Index:0}
036180 INFO S0: (term 1) follower 收到 [1] AppendEntries [], prevIndex 0, prevTerm 0
036180 LEAD S1: 0 append success next 1 match 0
036181 INFO S2: (term 1) follower 收到 [1] AppendEntries [], prevIndex 0, prevTerm 0
036181 LEAD S1: 2 append success next 1 match 0
036682 LEAD S1: prevLog &raft.Entry{Command:interface {}(nil), Term:0, Index:0}
036682 LEAD S1: prevLog &raft.Entry{Command:interface {}(nil), Term:0, Index:0}
036683 INFO S2: (term 1) follower 收到 [1] AppendEntries [], prevIndex 0, prevTerm 0
036683 LEAD S1: 2 append success next 1 match 0
036683 INFO S0: (term 1) follower 收到 [1] AppendEntries [], prevIndex 0, prevTerm 0
036684 LEAD S1: 0 append success next 1 match 0
037185 LEAD S1: prevLog &raft.Entry{Command:interface {}(nil), Term:0, Index:0}
037185 LEAD S1: prevLog &raft.Entry{Command:interface {}(nil), Term:0, Index:0}
037186 INFO S2: (term 1) follower 收到 [1] AppendEntries [], prevIndex 0, prevTerm 0
037186 LEAD S1: 2 append success next 1 match 0
037186 INFO S0: (term 1) follower 收到 [1] AppendEntries [], prevIndex 0, prevTerm 0
037187 LEAD S1: 0 append success next 1 match 0
037687 LEAD S1: prevLog &raft.Entry{Command:interface {}(nil), Term:0, Index:0}
037687 LEAD S1: prevLog &raft.Entry{Command:interface {}(nil), Term:0, Index:0}
037688 INFO S0: (term 1) follower 收到 [1] AppendEntries [], prevIndex 0, prevTerm 0
037688 INFO S2: (term 1) follower 收到 [1] AppendEntries [], prevIndex 0, prevTerm 0
037688 LEAD S1: 0 append success next 1 match 0
037688 LEAD S1: 2 append success next 1 match 0
038189 LEAD S1: prevLog &raft.Entry{Command:interface {}(nil), Term:0, Index:0}
038189 LEAD S1: prevLog &raft.Entry{Command:interface {}(nil), Term:0, Index:0}
038190 INFO S2: (term 1) follower 收到 [1] AppendEntries [], prevIndex 0, prevTerm 0
038190 LEAD S1: 2 append success next 1 match 0
038190 INFO S0: (term 1) follower 收到 [1] AppendEntries [], prevIndex 0, prevTerm 0
038191 LEAD S1: 0 append success next 1 match 0
038691 LEAD S1: prevLog &raft.Entry{Command:interface {}(nil), Term:0, Index:0}
038692 LEAD S1: prevLog &raft.Entry{Command:interface {}(nil), Term:0, Index:0}
038692 INFO S2: (term 1) follower 收到 [1] AppendEntries [], prevIndex 0, prevTerm 0
038693 LEAD S1: 2 append success next 1 match 0
038693 INFO S0: (term 1) follower 收到 [1] AppendEntries [], prevIndex 0, prevTerm 0
038694 LEAD S1: 0 append success next 1 match 0
039194 LEAD S1: prevLog &raft.Entry{Command:interface {}(nil), Term:0, Index:0}
039194 LEAD S1: prevLog &raft.Entry{Command:interface {}(nil), Term:0, Index:0}
039195 INFO S2: (term 1) follower 收到 [1] AppendEntries [], prevIndex 0, prevTerm 0
039195 LEAD S1: 2 append success next 1 match 0
039196 INFO S0: (term 1) follower 收到 [1] AppendEntries [], prevIndex 0, prevTerm 0
039196 LEAD S1: 0 append success next 1 match 0
039697 LEAD S1: prevLog &raft.Entry{Command:interface {}(nil), Term:0, Index:0}
039697 LEAD S1: prevLog &raft.Entry{Command:interface {}(nil), Term:0, Index:0}
039698 INFO S2: (term 1) follower 收到 [1] AppendEntries [], prevIndex 0, prevTerm 0
039698 LEAD S1: 2 append success next 1 match 0
039699 INFO S0: (term 1) follower 收到 [1] AppendEntries [], prevIndex 0, prevTerm 0
039699 LEAD S1: 0 append success next 1 match 0
040199 LEAD S1: prevLog &raft.Entry{Command:interface {}(nil), Term:0, Index:0}
040199 LEAD S1: prevLog &raft.Entry{Command:interface {}(nil), Term:0, Index:0}
040200 INFO S2: (term 1) follower 收到 [1] AppendEntries [], prevIndex 0, prevTerm 0
040200 LEAD S1: 2 append success next 1 match 0
040200 INFO S0: (term 1) follower 收到 [1] AppendEntries [], prevIndex 0, prevTerm 0
040201 LEAD S1: 0 append success next 1 match 0
040701 LEAD S1: prevLog &raft.Entry{Command:interface {}(nil), Term:0, Index:0}
040701 LEAD S1: prevLog &raft.Entry{Command:interface {}(nil), Term:0, Index:0}
040702 INFO S2: (term 1) follower 收到 [1] AppendEntries [], prevIndex 0, prevTerm 0
040703 LEAD S1: 2 append success next 1 match 0
040703 INFO S0: (term 1) follower 收到 [1] AppendEntries [], prevIndex 0, prevTerm 0
040703 LEAD S1: 0 append success next 1 match 0
041204 LEAD S1: prevLog &raft.Entry{Command:interface {}(nil), Term:0, Index:0}
041204 LEAD S1: prevLog &raft.Entry{Command:interface {}(nil), Term:0, Index:0}
041205 INFO S2: (term 1) follower 收到 [1] AppendEntries [], prevIndex 0, prevTerm 0
041205 INFO S0: (term 1) follower 收到 [1] AppendEntries [], prevIndex 0, prevTerm 0
041205 LEAD S1: 2 append success next 1 match 0
041206 LEAD S1: 0 append success next 1 match 0
041706 LEAD S1: prevLog &raft.Entry{Command:interface {}(nil), Term:0, Index:0}
041707 LEAD S1: prevLog &raft.Entry{Command:interface {}(nil), Term:0, Index:0}
041707 INFO S2: (term 1) follower 收到 [1] AppendEntries [], prevIndex 0, prevTerm 0
041708 LEAD S1: 2 append success next 1 match 0
041708 INFO S0: (term 1) follower 收到 [1] AppendEntries [], prevIndex 0, prevTerm 0
041708 LEAD S1: 0 append success next 1 match 0
042209 LEAD S1: prevLog &raft.Entry{Command:interface {}(nil), Term:0, Index:0}
042210 LEAD S1: prevLog &raft.Entry{Command:interface {}(nil), Term:0, Index:0}
042211 INFO S2: (term 1) follower 收到 [1] AppendEntries [], prevIndex 0, prevTerm 0
042211 INFO S0: (term 1) follower 收到 [1] AppendEntries [], prevIndex 0, prevTerm 0
042211 LEAD S1: 2 append success next 1 match 0
042211 LEAD S1: 0 append success next 1 match 0
042713 LEAD S1: prevLog &raft.Entry{Command:interface {}(nil), Term:0, Index:0}
042713 LEAD S1: prevLog &raft.Entry{Command:interface {}(nil), Term:0, Index:0}
042714 INFO S2: (term 1) follower 收到 [1] AppendEntries [], prevIndex 0, prevTerm 0
042715 LEAD S1: 2 append success next 1 match 0
042715 INFO S0: (term 1) follower 收到 [1] AppendEntries [], prevIndex 0, prevTerm 0
042716 LEAD S1: 0 append success next 1 match 0
043216 LEAD S1: prevLog &raft.Entry{Command:interface {}(nil), Term:0, Index:0}
043216 LEAD S1: prevLog &raft.Entry{Command:interface {}(nil), Term:0, Index:0}
043217 INFO S2: (term 1) follower 收到 [1] AppendEntries [], prevIndex 0, prevTerm 0
043217 LEAD S1: 2 append success next 1 match 0
043217 INFO S0: (term 1) follower 收到 [1] AppendEntries [], prevIndex 0, prevTerm 0
043218 LEAD S1: 0 append success next 1 match 0
043717 LEAD S1: prevLog &raft.Entry{Command:interface {}(nil), Term:0, Index:0}
043718 LEAD S1: prevLog &raft.Entry{Command:interface {}(nil), Term:0, Index:0}
043718 INFO S2: (term 1) follower 收到 [1] AppendEntries [], prevIndex 0, prevTerm 0
043719 LEAD S1: 2 append success next 1 match 0
043719 INFO S0: (term 1) follower 收到 [1] AppendEntries [], prevIndex 0, prevTerm 0
043719 LEAD S1: 0 append success next 1 match 0
044220 LEAD S1: prevLog &raft.Entry{Command:interface {}(nil), Term:0, Index:0}
044220 LEAD S1: prevLog &raft.Entry{Command:interface {}(nil), Term:0, Index:0}
044221 INFO S2: (term 1) follower 收到 [1] AppendEntries [], prevIndex 0, prevTerm 0
044221 INFO S0: (term 1) follower 收到 [1] AppendEntries [], prevIndex 0, prevTerm 0
044221 LEAD S1: 2 append success next 1 match 0
044221 LEAD S1: 0 append success next 1 match 0
044723 LEAD S1: prevLog &raft.Entry{Command:interface {}(nil), Term:0, Index:0}
044723 LEAD S1: prevLog &raft.Entry{Command:interface {}(nil), Term:0, Index:0}
044724 INFO S2: (term 1) follower 收到 [1] AppendEntries [], prevIndex 0, prevTerm 0
044724 LEAD S1: 2 append success next 1 match 0
044724 INFO S0: (term 1) follower 收到 [1] AppendEntries [], prevIndex 0, prevTerm 0
044725 LEAD S1: 0 append success next 1 match 0
045225 LEAD S1: prevLog &raft.Entry{Command:interface {}(nil), Term:0, Index:0}
045226 LEAD S1: prevLog &raft.Entry{Command:interface {}(nil), Term:0, Index:0}
045226 INFO S2: (term 1) follower 收到 [1] AppendEntries [], prevIndex 0, prevTerm 0
045227 LEAD S1: 2 append success next 1 match 0
045227 INFO S0: (term 1) follower 收到 [1] AppendEntries [], prevIndex 0, prevTerm 0
045228 LEAD S1: 0 append success next 1 match 0
045728 LEAD S1: prevLog &raft.Entry{Command:interface {}(nil), Term:0, Index:0}
045728 LEAD S1: prevLog &raft.Entry{Command:interface {}(nil), Term:0, Index:0}
045729 INFO S2: (term 1) follower 收到 [1] AppendEntries [], prevIndex 0, prevTerm 0
045729 INFO S0: (term 1) follower 收到 [1] AppendEntries [], prevIndex 0, prevTerm 0
045729 LEAD S1: 2 append success next 1 match 0
045729 LEAD S1: 0 append success next 1 match 0
046230 LEAD S1: prevLog &raft.Entry{Command:interface {}(nil), Term:0, Index:0}
046231 LEAD S1: prevLog &raft.Entry{Command:interface {}(nil), Term:0, Index:0}
046231 INFO S2: (term 1) follower 收到 [1] AppendEntries [], prevIndex 0, prevTerm 0
046232 LEAD S1: 2 append success next 1 match 0
046232 INFO S0: (term 1) follower 收到 [1] AppendEntries [], prevIndex 0, prevTerm 0
046232 LEAD S1: 0 append success next 1 match 0
046733 LEAD S1: prevLog &raft.Entry{Command:interface {}(nil), Term:0, Index:0}
046733 LEAD S1: prevLog &raft.Entry{Command:interface {}(nil), Term:0, Index:0}
046734 INFO S2: (term 1) follower 收到 [1] AppendEntries [], prevIndex 0, prevTerm 0
046734 LEAD S1: 2 append success next 1 match 0
046734 INFO S0: (term 1) follower 收到 [1] AppendEntries [], prevIndex 0, prevTerm 0
046735 LEAD S1: 0 append success next 1 match 0
047235 LEAD S1: prevLog &raft.Entry{Command:interface {}(nil), Term:0, Index:0}
047236 LEAD S1: prevLog &raft.Entry{Command:interface {}(nil), Term:0, Index:0}
047236 INFO S2: (term 1) follower 收到 [1] AppendEntries [], prevIndex 0, prevTerm 0
047237 LEAD S1: 2 append success next 1 match 0
047237 INFO S0: (term 1) follower 收到 [1] AppendEntries [], prevIndex 0, prevTerm 0
047238 LEAD S1: 0 append success next 1 match 0
047737 LEAD S1: prevLog &raft.Entry{Command:interface {}(nil), Term:0, Index:0}
047737 LEAD S1: prevLog &raft.Entry{Command:interface {}(nil), Term:0, Index:0}
047738 INFO S2: (term 1) follower 收到 [1] AppendEntries [], prevIndex 0, prevTerm 0
047738 LEAD S1: 2 append success next 1 match 0
047739 INFO S0: (term 1) follower 收到 [1] AppendEntries [], prevIndex 0, prevTerm 0
047739 LEAD S1: 0 append success next 1 match 0
048240 LEAD S1: prevLog &raft.Entry{Command:interface {}(nil), Term:0, Index:0}
048240 LEAD S1: prevLog &raft.Entry{Command:interface {}(nil), Term:0, Index:0}
048241 INFO S2: (term 1) follower 收到 [1] AppendEntries [], prevIndex 0, prevTerm 0
048241 LEAD S1: 2 append success next 1 match 0
048241 INFO S0: (term 1) follower 收到 [1] AppendEntries [], prevIndex 0, prevTerm 0
048242 LEAD S1: 0 append success next 1 match 0
048742 LEAD S1: prevLog &raft.Entry{Command:interface {}(nil), Term:0, Index:0}
048743 LEAD S1: prevLog &raft.Entry{Command:interface {}(nil), Term:0, Index:0}
048743 INFO S2: (term 1) follower 收到 [1] AppendEntries [], prevIndex 0, prevTerm 0
048744 LEAD S1: 2 append success next 1 match 0
048744 INFO S0: (term 1) follower 收到 [1] AppendEntries [], prevIndex 0, prevTerm 0
048744 LEAD S1: 0 append success next 1 match 0
049245 LEAD S1: prevLog &raft.Entry{Command:interface {}(nil), Term:0, Index:0}
049245 LEAD S1: prevLog &raft.Entry{Command:interface {}(nil), Term:0, Index:0}
049246 INFO S0: (term 1) follower 收到 [1] AppendEntries [], prevIndex 0, prevTerm 0
049246 INFO S2: (term 1) follower 收到 [1] AppendEntries [], prevIndex 0, prevTerm 0
049246 LEAD S1: 0 append success next 1 match 0
049247 LEAD S1: 2 append success next 1 match 0
049747 LEAD S1: prevLog &raft.Entry{Command:interface {}(nil), Term:0, Index:0}
049747 LEAD S1: prevLog &raft.Entry{Command:interface {}(nil), Term:0, Index:0}
049748 INFO S0: (term 1) follower 收到 [1] AppendEntries [], prevIndex 0, prevTerm 0
049748 INFO S2: (term 1) follower 收到 [1] AppendEntries [], prevIndex 0, prevTerm 0
049748 LEAD S1: 0 append success next 1 match 0
049749 LEAD S1: 2 append success next 1 match 0
050249 LEAD S1: prevLog &raft.Entry{Command:interface {}(nil), Term:0, Index:0}
050249 LEAD S1: prevLog &raft.Entry{Command:interface {}(nil), Term:0, Index:0}
050250 INFO S2: (term 1) follower 收到 [1] AppendEntries [], prevIndex 0, prevTerm 0
050250 INFO S0: (term 1) follower 收到 [1] AppendEntries [], prevIndex 0, prevTerm 0
050251 LEAD S1: 0 append success next 1 match 0
050251 LEAD S1: 2 append success next 1 match 0
050751 LEAD S1: prevLog &raft.Entry{Command:interface {}(nil), Term:0, Index:0}
050751 LEAD S1: prevLog &raft.Entry{Command:interface {}(nil), Term:0, Index:0}
050752 INFO S2: (term 1) follower 收到 [1] AppendEntries [], prevIndex 0, prevTerm 0
050753 LEAD S1: 2 append success next 1 match 0
050753 INFO S0: (term 1) follower 收到 [1] AppendEntries [], prevIndex 0, prevTerm 0
050753 LEAD S1: 0 append success next 1 match 0
051254 LEAD S1: prevLog &raft.Entry{Command:interface {}(nil), Term:0, Index:0}
051254 LEAD S1: prevLog &raft.Entry{Command:interface {}(nil), Term:0, Index:0}
051255 INFO S2: (term 1) follower 收到 [1] AppendEntries [], prevIndex 0, prevTerm 0
051256 LEAD S1: 2 append success next 1 match 0
051256 INFO S0: (term 1) follower 收到 [1] AppendEntries [], prevIndex 0, prevTerm 0
051256 LEAD S1: 0 append success next 1 match 0
051757 LEAD S1: prevLog &raft.Entry{Command:interface {}(nil), Term:0, Index:0}
051757 LEAD S1: prevLog &raft.Entry{Command:interface {}(nil), Term:0, Index:0}
051758 INFO S2: (term 1) follower 收到 [1] AppendEntries [], prevIndex 0, prevTerm 0
051758 LEAD S1: 2 append success next 1 match 0
051758 INFO S0: (term 1) follower 收到 [1] AppendEntries [], prevIndex 0, prevTerm 0
051759 LEAD S1: 0 append success next 1 match 0
052259 LEAD S1: prevLog &raft.Entry{Command:interface {}(nil), Term:0, Index:0}
052259 LEAD S1: prevLog &raft.Entry{Command:interface {}(nil), Term:0, Index:0}
052260 INFO S2: (term 1) follower 收到 [1] AppendEntries [], prevIndex 0, prevTerm 0
052261 LEAD S1: 2 append success next 1 match 0
052261 INFO S0: (term 1) follower 收到 [1] AppendEntries [], prevIndex 0, prevTerm 0
052261 LEAD S1: 0 append success next 1 match 0
052762 LEAD S1: prevLog &raft.Entry{Command:interface {}(nil), Term:0, Index:0}
052762 LEAD S1: prevLog &raft.Entry{Command:interface {}(nil), Term:0, Index:0}
052763 INFO S2: (term 1) follower 收到 [1] AppendEntries [], prevIndex 0, prevTerm 0
052764 LEAD S1: 2 append success next 1 match 0
052764 INFO S0: (term 1) follower 收到 [1] AppendEntries [], prevIndex 0, prevTerm 0
052764 LEAD S1: 0 append success next 1 match 0
053264 LEAD S1: prevLog &raft.Entry{Command:interface {}(nil), Term:0, Index:0}
053264 LEAD S1: prevLog &raft.Entry{Command:interface {}(nil), Term:0, Index:0}
053265 INFO S2: (term 1) follower 收到 [1] AppendEntries [], prevIndex 0, prevTerm 0
053265 LEAD S1: 2 append success next 1 match 0
053265 INFO S0: (term 1) follower 收到 [1] AppendEntries [], prevIndex 0, prevTerm 0
053266 LEAD S1: 0 append success next 1 match 0
053766 LEAD S1: prevLog &raft.Entry{Command:interface {}(nil), Term:0, Index:0}
053767 LEAD S1: prevLog &raft.Entry{Command:interface {}(nil), Term:0, Index:0}
053767 INFO S2: (term 1) follower 收到 [1] AppendEntries [], prevIndex 0, prevTerm 0
053768 LEAD S1: 2 append success next 1 match 0
053768 INFO S0: (term 1) follower 收到 [1] AppendEntries [], prevIndex 0, prevTerm 0
053769 LEAD S1: 0 append success next 1 match 0
054269 LEAD S1: prevLog &raft.Entry{Command:interface {}(nil), Term:0, Index:0}
054269 LEAD S1: prevLog &raft.Entry{Command:interface {}(nil), Term:0, Index:0}
054270 INFO S0: (term 1) follower 收到 [1] AppendEntries [], prevIndex 0, prevTerm 0
054270 INFO S2: (term 1) follower 收到 [1] AppendEntries [], prevIndex 0, prevTerm 0
054271 LEAD S1: 0 append success next 1 match 0
054271 LEAD S1: 2 append success next 1 match 0
054771 LEAD S1: prevLog &raft.Entry{Command:interface {}(nil), Term:0, Index:0}
054772 LEAD S1: prevLog &raft.Entry{Command:interface {}(nil), Term:0, Index:0}
054772 INFO S2: (term 1) follower 收到 [1] AppendEntries [], prevIndex 0, prevTerm 0
054773 LEAD S1: 2 append success next 1 match 0
054773 INFO S0: (term 1) follower 收到 [1] AppendEntries [], prevIndex 0, prevTerm 0
054774 LEAD S1: 0 append success next 1 match 0
055274 LEAD S1: prevLog &raft.Entry{Command:interface {}(nil), Term:0, Index:0}
055274 LEAD S1: prevLog &raft.Entry{Command:interface {}(nil), Term:0, Index:0}
055275 INFO S2: (term 1) follower 收到 [1] AppendEntries [], prevIndex 0, prevTerm 0
055275 LEAD S1: 2 append success next 1 match 0
055275 INFO S0: (term 1) follower 收到 [1] AppendEntries [], prevIndex 0, prevTerm 0
055276 LEAD S1: 0 append success next 1 match 0
055776 LEAD S1: prevLog &raft.Entry{Command:interface {}(nil), Term:0, Index:0}
055777 LEAD S1: prevLog &raft.Entry{Command:interface {}(nil), Term:0, Index:0}
055778 INFO S2: (term 1) follower 收到 [1] AppendEntries [], prevIndex 0, prevTerm 0
055778 LEAD S1: 2 append success next 1 match 0
055779 INFO S0: (term 1) follower 收到 [1] AppendEntries [], prevIndex 0, prevTerm 0
055779 LEAD S1: 0 append success next 1 match 0
056278 LEAD S1: prevLog &raft.Entry{Command:interface {}(nil), Term:0, Index:0}
056279 LEAD S1: prevLog &raft.Entry{Command:interface {}(nil), Term:0, Index:0}
056279 INFO S2: (term 1) follower 收到 [1] AppendEntries [], prevIndex 0, prevTerm 0
056280 LEAD S1: 2 append success next 1 match 0
056280 INFO S0: (term 1) follower 收到 [1] AppendEntries [], prevIndex 0, prevTerm 0
056280 LEAD S1: 0 append success next 1 match 0
056781 LEAD S1: prevLog &raft.Entry{Command:interface {}(nil), Term:0, Index:0}
056781 LEAD S1: prevLog &raft.Entry{Command:interface {}(nil), Term:0, Index:0}
056782 INFO S2: (term 1) follower 收到 [1] AppendEntries [], prevIndex 0, prevTerm 0
056782 LEAD S1: 2 append success next 1 match 0
056783 INFO S0: (term 1) follower 收到 [1] AppendEntries [], prevIndex 0, prevTerm 0
056783 LEAD S1: 0 append success next 1 match 0
057284 LEAD S1: prevLog &raft.Entry{Command:interface {}(nil), Term:0, Index:0}
057284 LEAD S1: prevLog &raft.Entry{Command:interface {}(nil), Term:0, Index:0}
057285 INFO S2: (term 1) follower 收到 [1] AppendEntries [], prevIndex 0, prevTerm 0
057285 INFO S0: (term 1) follower 收到 [1] AppendEntries [], prevIndex 0, prevTerm 0
057285 LEAD S1: 2 append success next 1 match 0
057285 LEAD S1: 0 append success next 1 match 0
057787 LEAD S1: prevLog &raft.Entry{Command:interface {}(nil), Term:0, Index:0}
057787 LEAD S1: prevLog &raft.Entry{Command:interface {}(nil), Term:0, Index:0}
057788 INFO S2: (term 1) follower 收到 [1] AppendEntries [], prevIndex 0, prevTerm 0
057788 INFO S0: (term 1) follower 收到 [1] AppendEntries [], prevIndex 0, prevTerm 0
057788 LEAD S1: 0 append success next 1 match 0
057788 LEAD S1: 2 append success next 1 match 0
058289 LEAD S1: prevLog &raft.Entry{Command:interface {}(nil), Term:0, Index:0}
058289 LEAD S1: prevLog &raft.Entry{Command:interface {}(nil), Term:0, Index:0}
058290 INFO S2: (term 1) follower 收到 [1] AppendEntries [], prevIndex 0, prevTerm 0
058290 INFO S0: (term 1) follower 收到 [1] AppendEntries [], prevIndex 0, prevTerm 0
058290 LEAD S1: 2 append success next 1 match 0
058290 LEAD S1: 0 append success next 1 match 0
058791 LEAD S1: prevLog &raft.Entry{Command:interface {}(nil), Term:0, Index:0}
058792 LEAD S1: prevLog &raft.Entry{Command:interface {}(nil), Term:0, Index:0}
058792 INFO S0: (term 1) follower 收到 [1] AppendEntries [], prevIndex 0, prevTerm 0
058792 INFO S2: (term 1) follower 收到 [1] AppendEntries [], prevIndex 0, prevTerm 0
058793 LEAD S1: 0 append success next 1 match 0
058793 LEAD S1: 2 append success next 1 match 0
059293 LEAD S1: prevLog &raft.Entry{Command:interface {}(nil), Term:0, Index:0}
059294 LEAD S1: prevLog &raft.Entry{Command:interface {}(nil), Term:0, Index:0}
059294 INFO S2: (term 1) follower 收到 [1] AppendEntries [], prevIndex 0, prevTerm 0
059295 LEAD S1: 2 append success next 1 match 0
059295 INFO S0: (term 1) follower 收到 [1] AppendEntries [], prevIndex 0, prevTerm 0
059295 LEAD S1: 0 append success next 1 match 0
059796 LEAD S1: prevLog &raft.Entry{Command:interface {}(nil), Term:0, Index:0}
059796 LEAD S1: prevLog &raft.Entry{Command:interface {}(nil), Term:0, Index:0}
059797 INFO S2: (term 1) follower 收到 [1] AppendEntries [], prevIndex 0, prevTerm 0
059797 LEAD S1: 2 append success next 1 match 0
059797 INFO S0: (term 1) follower 收到 [1] AppendEntries [], prevIndex 0, prevTerm 0
059798 LEAD S1: 0 append success next 1 match 0
060299 LEAD S1: prevLog &raft.Entry{Command:interface {}(nil), Term:0, Index:0}
060299 LEAD S1: prevLog &raft.Entry{Command:interface {}(nil), Term:0, Index:0}
060300 INFO S2: (term 1) follower 收到 [1] AppendEntries [], prevIndex 0, prevTerm 0
060300 LEAD S1: 2 append success next 1 match 0
060300 INFO S0: (term 1) follower 收到 [1] AppendEntries [], prevIndex 0, prevTerm 0
060300 LEAD S1: 0 append success next 1 match 0
060802 LEAD S1: prevLog &raft.Entry{Command:interface {}(nil), Term:0, Index:0}
060802 LEAD S1: prevLog &raft.Entry{Command:interface {}(nil), Term:0, Index:0}
060804 INFO S2: (term 1) follower 收到 [1] AppendEntries [], prevIndex 0, prevTerm 0
060804 INFO S0: (term 1) follower 收到 [1] AppendEntries [], prevIndex 0, prevTerm 0
060804 LEAD S1: 0 append success next 1 match 0
060804 LEAD S1: 2 append success next 1 match 0
061303 LEAD S1: prevLog &raft.Entry{Command:interface {}(nil), Term:0, Index:0}
061304 LEAD S1: prevLog &raft.Entry{Command:interface {}(nil), Term:0, Index:0}
061304 INFO S2: (term 1) follower 收到 [1] AppendEntries [], prevIndex 0, prevTerm 0
061305 LEAD S1: 2 append success next 1 match 0
061305 INFO S0: (term 1) follower 收到 [1] AppendEntries [], prevIndex 0, prevTerm 0
061305 LEAD S1: 0 append success next 1 match 0
061806 LEAD S1: prevLog &raft.Entry{Command:interface {}(nil), Term:0, Index:0}
061806 LEAD S1: prevLog &raft.Entry{Command:interface {}(nil), Term:0, Index:0}
061807 INFO S2: (term 1) follower 收到 [1] AppendEntries [], prevIndex 0, prevTerm 0
061807 LEAD S1: 2 append success next 1 match 0
061807 INFO S0: (term 1) follower 收到 [1] AppendEntries [], prevIndex 0, prevTerm 0
061808 LEAD S1: 0 append success next 1 match 0
062308 LEAD S1: prevLog &raft.Entry{Command:interface {}(nil), Term:0, Index:0}
062309 LEAD S1: prevLog &raft.Entry{Command:interface {}(nil), Term:0, Index:0}
062309 INFO S2: (term 1) follower 收到 [1] AppendEntries [], prevIndex 0, prevTerm 0
062310 INFO S0: (term 1) follower 收到 [1] AppendEntries [], prevIndex 0, prevTerm 0
062310 LEAD S1: 2 append success next 1 match 0
062310 LEAD S1: 0 append success next 1 match 0
062811 LEAD S1: prevLog &raft.Entry{Command:interface {}(nil), Term:0, Index:0}
062811 LEAD S1: prevLog &raft.Entry{Command:interface {}(nil), Term:0, Index:0}
062812 INFO S2: (term 1) follower 收到 [1] AppendEntries [], prevIndex 0, prevTerm 0
062812 INFO S0: (term 1) follower 收到 [1] AppendEntries [], prevIndex 0, prevTerm 0
062812 LEAD S1: 0 append success next 1 match 0
062813 LEAD S1: 2 append success next 1 match 0
063313 LEAD S1: prevLog &raft.Entry{Command:interface {}(nil), Term:0, Index:0}
063314 LEAD S1: prevLog &raft.Entry{Command:interface {}(nil), Term:0, Index:0}
063315 INFO S0: (term 1) follower 收到 [1] AppendEntries [], prevIndex 0, prevTerm 0
063315 LEAD S1: 0 append success next 1 match 0
063315 INFO S2: (term 1) follower 收到 [1] AppendEntries [], prevIndex 0, prevTerm 0
063315 LEAD S1: 2 append success next 1 match 0
063815 LEAD S1: prevLog &raft.Entry{Command:interface {}(nil), Term:0, Index:0}
063815 LEAD S1: prevLog &raft.Entry{Command:interface {}(nil), Term:0, Index:0}
063816 INFO S2: (term 1) follower 收到 [1] AppendEntries [], prevIndex 0, prevTerm 0
063816 LEAD S1: 2 append success next 1 match 0
063817 INFO S0: (term 1) follower 收到 [1] AppendEntries [], prevIndex 0, prevTerm 0
063817 LEAD S1: 0 append success next 1 match 0
064318 LEAD S1: prevLog &raft.Entry{Command:interface {}(nil), Term:0, Index:0}
064318 LEAD S1: prevLog &raft.Entry{Command:interface {}(nil), Term:0, Index:0}
064319 INFO S2: (term 1) follower 收到 [1] AppendEntries [], prevIndex 0, prevTerm 0
064319 INFO S0: (term 1) follower 收到 [1] AppendEntries [], prevIndex 0, prevTerm 0
064319 LEAD S1: 2 append success next 1 match 0
064319 LEAD S1: 0 append success next 1 match 0
064820 LEAD S1: prevLog &raft.Entry{Command:interface {}(nil), Term:0, Index:0}
064820 LEAD S1: prevLog &raft.Entry{Command:interface {}(nil), Term:0, Index:0}
064821 INFO S2: (term 1) follower 收到 [1] AppendEntries [], prevIndex 0, prevTerm 0
064821 INFO S0: (term 1) follower 收到 [1] AppendEntries [], prevIndex 0, prevTerm 0
064821 LEAD S1: 2 append success next 1 match 0
064821 LEAD S1: 0 append success next 1 match 0
065322 LEAD S1: prevLog &raft.Entry{Command:interface {}(nil), Term:0, Index:0}
065322 LEAD S1: prevLog &raft.Entry{Command:interface {}(nil), Term:0, Index:0}
065323 INFO S2: (term 1) follower 收到 [1] AppendEntries [], prevIndex 0, prevTerm 0
065323 LEAD S1: 2 append success next 1 match 0
065323 INFO S0: (term 1) follower 收到 [1] AppendEntries [], prevIndex 0, prevTerm 0
065324 LEAD S1: 0 append success next 1 match 0
065824 LEAD S1: prevLog &raft.Entry{Command:interface {}(nil), Term:0, Index:0}
065824 LEAD S1: prevLog &raft.Entry{Command:interface {}(nil), Term:0, Index:0}
065825 INFO S2: (term 1) follower 收到 [1] AppendEntries [], prevIndex 0, prevTerm 0
065825 LEAD S1: 2 append success next 1 match 0
065826 INFO S0: (term 1) follower 收到 [1] AppendEntries [], prevIndex 0, prevTerm 0
065826 LEAD S1: 0 append success next 1 match 0
066326 LEAD S1: prevLog &raft.Entry{Command:interface {}(nil), Term:0, Index:0}
066326 LEAD S1: prevLog &raft.Entry{Command:interface {}(nil), Term:0, Index:0}
066327 INFO S2: (term 1) follower 收到 [1] AppendEntries [], prevIndex 0, prevTerm 0
066327 LEAD S1: 2 append success next 1 match 0
066327 INFO S0: (term 1) follower 收到 [1] AppendEntries [], prevIndex 0, prevTerm 0
066328 LEAD S1: 0 append success next 1 match 0
066828 LEAD S1: prevLog &raft.Entry{Command:interface {}(nil), Term:0, Index:0}
066829 LEAD S1: prevLog &raft.Entry{Command:interface {}(nil), Term:0, Index:0}
066829 INFO S2: (term 1) follower 收到 [1] AppendEntries [], prevIndex 0, prevTerm 0
066830 LEAD S1: 2 append success next 1 match 0
066830 INFO S0: (term 1) follower 收到 [1] AppendEntries [], prevIndex 0, prevTerm 0
066830 LEAD S1: 0 append success next 1 match 0
067331 LEAD S1: prevLog &raft.Entry{Command:interface {}(nil), Term:0, Index:0}
067331 LEAD S1: prevLog &raft.Entry{Command:interface {}(nil), Term:0, Index:0}
067332 INFO S2: (term 1) follower 收到 [1] AppendEntries [], prevIndex 0, prevTerm 0
067333 LEAD S1: 2 append success next 1 match 0
067333 INFO S0: (term 1) follower 收到 [1] AppendEntries [], prevIndex 0, prevTerm 0
067334 LEAD S1: 0 append success next 1 match 0
067833 LEAD S1: prevLog &raft.Entry{Command:interface {}(nil), Term:0, Index:0}
067833 LEAD S1: prevLog &raft.Entry{Command:interface {}(nil), Term:0, Index:0}
067834 INFO S2: (term 1) follower 收到 [1] AppendEntries [], prevIndex 0, prevTerm 0
067834 LEAD S1: 2 append success next 1 match 0
067834 INFO S0: (term 1) follower 收到 [1] AppendEntries [], prevIndex 0, prevTerm 0
067835 LEAD S1: 0 append success next 1 match 0
068335 LEAD S1: prevLog &raft.Entry{Command:interface {}(nil), Term:0, Index:0}
068335 LEAD S1: prevLog &raft.Entry{Command:interface {}(nil), Term:0, Index:0}
068336 INFO S2: (term 1) follower 收到 [1] AppendEntries [], prevIndex 0, prevTerm 0
068336 LEAD S1: 2 append success next 1 match 0
068337 INFO S0: (term 1) follower 收到 [1] AppendEntries [], prevIndex 0, prevTerm 0
068337 LEAD S1: 0 append success next 1 match 0
068838 LEAD S1: prevLog &raft.Entry{Command:interface {}(nil), Term:0, Index:0}
068838 LEAD S1: prevLog &raft.Entry{Command:interface {}(nil), Term:0, Index:0}
068838 INFO S2: (term 1) follower 收到 [1] AppendEntries [], prevIndex 0, prevTerm 0
068839 LEAD S1: 2 append success next 1 match 0
068839 INFO S0: (term 1) follower 收到 [1] AppendEntries [], prevIndex 0, prevTerm 0
068839 LEAD S1: 0 append success next 1 match 0
069340 LEAD S1: prevLog &raft.Entry{Command:interface {}(nil), Term:0, Index:0}
069340 LEAD S1: prevLog &raft.Entry{Command:interface {}(nil), Term:0, Index:0}
069341 INFO S2: (term 1) follower 收到 [1] AppendEntries [], prevIndex 0, prevTerm 0
069341 LEAD S1: 2 append success next 1 match 0
069341 INFO S0: (term 1) follower 收到 [1] AppendEntries [], prevIndex 0, prevTerm 0
069342 LEAD S1: 0 append success next 1 match 0
069842 LEAD S1: prevLog &raft.Entry{Command:interface {}(nil), Term:0, Index:0}
069842 LEAD S1: prevLog &raft.Entry{Command:interface {}(nil), Term:0, Index:0}
069843 INFO S2: (term 1) follower 收到 [1] AppendEntries [], prevIndex 0, prevTerm 0
069843 LEAD S1: 2 append success next 1 match 0
069844 INFO S0: (term 1) follower 收到 [1] AppendEntries [], prevIndex 0, prevTerm 0
069844 LEAD S1: 0 append success next 1 match 0
070344 LEAD S1: prevLog &raft.Entry{Command:interface {}(nil), Term:0, Index:0}
070344 LEAD S1: prevLog &raft.Entry{Command:interface {}(nil), Term:0, Index:0}
070345 INFO S2: (term 1) follower 收到 [1] AppendEntries [], prevIndex 0, prevTerm 0
070345 LEAD S1: 2 append success next 1 match 0
070345 INFO S0: (term 1) follower 收到 [1] AppendEntries [], prevIndex 0, prevTerm 0
070346 LEAD S1: 0 append success next 1 match 0
070846 LEAD S1: prevLog &raft.Entry{Command:interface {}(nil), Term:0, Index:0}
070847 LEAD S1: prevLog &raft.Entry{Command:interface {}(nil), Term:0, Index:0}
070847 INFO S2: (term 1) follower 收到 [1] AppendEntries [], prevIndex 0, prevTerm 0
070848 LEAD S1: 2 append success next 1 match 0
070848 INFO S0: (term 1) follower 收到 [1] AppendEntries [], prevIndex 0, prevTerm 0
070848 LEAD S1: 0 append success next 1 match 0
071348 LEAD S1: prevLog &raft.Entry{Command:interface {}(nil), Term:0, Index:0}
071348 LEAD S1: prevLog &raft.Entry{Command:interface {}(nil), Term:0, Index:0}
071349 INFO S2: (term 1) follower 收到 [1] AppendEntries [], prevIndex 0, prevTerm 0
071349 LEAD S1: 2 append success next 1 match 0
071350 INFO S0: (term 1) follower 收到 [1] AppendEntries [], prevIndex 0, prevTerm 0
071350 LEAD S1: 0 append success next 1 match 0
071851 LEAD S1: prevLog &raft.Entry{Command:interface {}(nil), Term:0, Index:0}
071851 LEAD S1: prevLog &raft.Entry{Command:interface {}(nil), Term:0, Index:0}
071852 INFO S2: (term 1) follower 收到 [1] AppendEntries [], prevIndex 0, prevTerm 0
071852 LEAD S1: 2 append success next 1 match 0
071852 INFO S0: (term 1) follower 收到 [1] AppendEntries [], prevIndex 0, prevTerm 0
071854 LEAD S1: 0 append success next 1 match 0
072353 LEAD S1: prevLog &raft.Entry{Command:interface {}(nil), Term:0, Index:0}
072354 LEAD S1: prevLog &raft.Entry{Command:interface {}(nil), Term:0, Index:0}
072354 INFO S2: (term 1) follower 收到 [1] AppendEntries [], prevIndex 0, prevTerm 0
072355 LEAD S1: 2 append success next 1 match 0
072355 INFO S0: (term 1) follower 收到 [1] AppendEntries [], prevIndex 0, prevTerm 0
072355 LEAD S1: 0 append success next 1 match 0
072855 LEAD S1: prevLog &raft.Entry{Command:interface {}(nil), Term:0, Index:0}
072855 LEAD S1: prevLog &raft.Entry{Command:interface {}(nil), Term:0, Index:0}
072856 INFO S2: (term 1) follower 收到 [1] AppendEntries [], prevIndex 0, prevTerm 0
072856 LEAD S1: 2 append success next 1 match 0
072857 INFO S0: (term 1) follower 收到 [1] AppendEntries [], prevIndex 0, prevTerm 0
072857 LEAD S1: 0 append success next 1 match 0
073357 LEAD S1: prevLog &raft.Entry{Command:interface {}(nil), Term:0, Index:0}
073357 LEAD S1: prevLog &raft.Entry{Command:interface {}(nil), Term:0, Index:0}
073358 INFO S2: (term 1) follower 收到 [1] AppendEntries [], prevIndex 0, prevTerm 0
073358 LEAD S1: 2 append success next 1 match 0
073358 INFO S0: (term 1) follower 收到 [1] AppendEntries [], prevIndex 0, prevTerm 0
073359 LEAD S1: 0 append success next 1 match 0
073859 LEAD S1: prevLog &raft.Entry{Command:interface {}(nil), Term:0, Index:0}
073859 LEAD S1: prevLog &raft.Entry{Command:interface {}(nil), Term:0, Index:0}
073860 INFO S2: (term 1) follower 收到 [1] AppendEntries [], prevIndex 0, prevTerm 0
073860 LEAD S1: 2 append success next 1 match 0
073861 INFO S0: (term 1) follower 收到 [1] AppendEntries [], prevIndex 0, prevTerm 0
073861 LEAD S1: 0 append success next 1 match 0
074361 LEAD S1: prevLog &raft.Entry{Command:interface {}(nil), Term:0, Index:0}
074361 LEAD S1: prevLog &raft.Entry{Command:interface {}(nil), Term:0, Index:0}
074362 INFO S2: (term 1) follower 收到 [1] AppendEntries [], prevIndex 0, prevTerm 0
074362 LEAD S1: 2 append success next 1 match 0
074363 INFO S0: (term 1) follower 收到 [1] AppendEntries [], prevIndex 0, prevTerm 0
074363 LEAD S1: 0 append success next 1 match 0
074863 LEAD S1: prevLog &raft.Entry{Command:interface {}(nil), Term:0, Index:0}
074864 LEAD S1: prevLog &raft.Entry{Command:interface {}(nil), Term:0, Index:0}
074864 INFO S2: (term 1) follower 收到 [1] AppendEntries [], prevIndex 0, prevTerm 0
074864 INFO S0: (term 1) follower 收到 [1] AppendEntries [], prevIndex 0, prevTerm 0
074865 LEAD S1: 0 append success next 1 match 0
074865 LEAD S1: 2 append success next 1 match 0
075366 LEAD S1: prevLog &raft.Entry{Command:interface {}(nil), Term:0, Index:0}
075366 LEAD S1: prevLog &raft.Entry{Command:interface {}(nil), Term:0, Index:0}
075367 INFO S2: (term 1) follower 收到 [1] AppendEntries [], prevIndex 0, prevTerm 0
075367 LEAD S1: 2 append success next 1 match 0
075367 INFO S0: (term 1) follower 收到 [1] AppendEntries [], prevIndex 0, prevTerm 0
075368 LEAD S1: 0 append success next 1 match 0
075868 LEAD S1: prevLog &raft.Entry{Command:interface {}(nil), Term:0, Index:0}
075868 LEAD S1: prevLog &raft.Entry{Command:interface {}(nil), Term:0, Index:0}
075869 INFO S2: (term 1) follower 收到 [1] AppendEntries [], prevIndex 0, prevTerm 0
075870 LEAD S1: 2 append success next 1 match 0
075870 INFO S0: (term 1) follower 收到 [1] AppendEntries [], prevIndex 0, prevTerm 0
075870 LEAD S1: 0 append success next 1 match 0
076371 LEAD S1: prevLog &raft.Entry{Command:interface {}(nil), Term:0, Index:0}
076371 LEAD S1: prevLog &raft.Entry{Command:interface {}(nil), Term:0, Index:0}
076372 INFO S2: (term 1) follower 收到 [1] AppendEntries [], prevIndex 0, prevTerm 0
076372 LEAD S1: 2 append success next 1 match 0
076373 INFO S0: (term 1) follower 收到 [1] AppendEntries [], prevIndex 0, prevTerm 0
076374 LEAD S1: 0 append success next 1 match 0
076873 LEAD S1: prevLog &raft.Entry{Command:interface {}(nil), Term:0, Index:0}
076873 LEAD S1: prevLog &raft.Entry{Command:interface {}(nil), Term:0, Index:0}
076874 INFO S2: (term 1) follower 收到 [1] AppendEntries [], prevIndex 0, prevTerm 0
076874 LEAD S1: 2 append success next 1 match 0
076875 INFO S0: (term 1) follower 收到 [1] AppendEntries [], prevIndex 0, prevTerm 0
076875 LEAD S1: 0 append success next 1 match 0
077375 LEAD S1: prevLog &raft.Entry{Command:interface {}(nil), Term:0, Index:0}
077375 LEAD S1: prevLog &raft.Entry{Command:interface {}(nil), Term:0, Index:0}
077376 INFO S2: (term 1) follower 收到 [1] AppendEntries [], prevIndex 0, prevTerm 0
077376 LEAD S1: 2 append success next 1 match 0
077376 INFO S0: (term 1) follower 收到 [1] AppendEntries [], prevIndex 0, prevTerm 0
077377 LEAD S1: 0 append success next 1 match 0
077877 LEAD S1: prevLog &raft.Entry{Command:interface {}(nil), Term:0, Index:0}
077877 LEAD S1: prevLog &raft.Entry{Command:interface {}(nil), Term:0, Index:0}
077878 INFO S2: (term 1) follower 收到 [1] AppendEntries [], prevIndex 0, prevTerm 0
077879 LEAD S1: 2 append success next 1 match 0
077879 INFO S0: (term 1) follower 收到 [1] AppendEntries [], prevIndex 0, prevTerm 0
077879 LEAD S1: 0 append success next 1 match 0
078380 LEAD S1: prevLog &raft.Entry{Command:interface {}(nil), Term:0, Index:0}
078380 LEAD S1: prevLog &raft.Entry{Command:interface {}(nil), Term:0, Index:0}
078381 INFO S2: (term 1) follower 收到 [1] AppendEntries [], prevIndex 0, prevTerm 0
078381 LEAD S1: 2 append success next 1 match 0
078381 INFO S0: (term 1) follower 收到 [1] AppendEntries [], prevIndex 0, prevTerm 0
078382 LEAD S1: 0 append success next 1 match 0
078882 LEAD S1: prevLog &raft.Entry{Command:interface {}(nil), Term:0, Index:0}
078882 LEAD S1: prevLog &raft.Entry{Command:interface {}(nil), Term:0, Index:0}
078883 INFO S2: (term 1) follower 收到 [1] AppendEntries [], prevIndex 0, prevTerm 0
078883 LEAD S1: 2 append success next 1 match 0
078883 INFO S0: (term 1) follower 收到 [1] AppendEntries [], prevIndex 0, prevTerm 0
078884 LEAD S1: 0 append success next 1 match 0
079384 LEAD S1: prevLog &raft.Entry{Command:interface {}(nil), Term:0, Index:0}
079385 LEAD S1: prevLog &raft.Entry{Command:interface {}(nil), Term:0, Index:0}
079385 INFO S0: (term 1) follower 收到 [1] AppendEntries [], prevIndex 0, prevTerm 0
079386 INFO S2: (term 1) follower 收到 [1] AppendEntries [], prevIndex 0, prevTerm 0
079386 LEAD S1: 0 append success next 1 match 0
079386 LEAD S1: 2 append success next 1 match 0
079886 LEAD S1: prevLog &raft.Entry{Command:interface {}(nil), Term:0, Index:0}
079887 LEAD S1: prevLog &raft.Entry{Command:interface {}(nil), Term:0, Index:0}
079887 INFO S2: (term 1) follower 收到 [1] AppendEntries [], prevIndex 0, prevTerm 0
079888 INFO S0: (term 1) follower 收到 [1] AppendEntries [], prevIndex 0, prevTerm 0
079888 LEAD S1: 2 append success next 1 match 0
079888 LEAD S1: 0 append success next 1 match 0
080389 LEAD S1: prevLog &raft.Entry{Command:interface {}(nil), Term:0, Index:0}
080389 LEAD S1: prevLog &raft.Entry{Command:interface {}(nil), Term:0, Index:0}
080390 INFO S2: (term 1) follower 收到 [1] AppendEntries [], prevIndex 0, prevTerm 0
080390 LEAD S1: 2 append success next 1 match 0
080390 INFO S0: (term 1) follower 收到 [1] AppendEntries [], prevIndex 0, prevTerm 0
080391 LEAD S1: 0 append success next 1 match 0
080891 LEAD S1: prevLog &raft.Entry{Command:interface {}(nil), Term:0, Index:0}
080891 LEAD S1: prevLog &raft.Entry{Command:interface {}(nil), Term:0, Index:0}
080892 INFO S2: (term 1) follower 收到 [1] AppendEntries [], prevIndex 0, prevTerm 0
080892 LEAD S1: 2 append success next 1 match 0
080893 INFO S0: (term 1) follower 收到 [1] AppendEntries [], prevIndex 0, prevTerm 0
080893 LEAD S1: 0 append success next 1 match 0
081394 LEAD S1: prevLog &raft.Entry{Command:interface {}(nil), Term:0, Index:0}
081394 LEAD S1: prevLog &raft.Entry{Command:interface {}(nil), Term:0, Index:0}
081395 INFO S2: (term 1) follower 收到 [1] AppendEntries [], prevIndex 0, prevTerm 0
081395 LEAD S1: 2 append success next 1 match 0
081395 INFO S0: (term 1) follower 收到 [1] AppendEntries [], prevIndex 0, prevTerm 0
081396 LEAD S1: 0 append success next 1 match 0
081896 LEAD S1: prevLog &raft.Entry{Command:interface {}(nil), Term:0, Index:0}
081896 LEAD S1: prevLog &raft.Entry{Command:interface {}(nil), Term:0, Index:0}
081897 INFO S2: (term 1) follower 收到 [1] AppendEntries [], prevIndex 0, prevTerm 0
081898 LEAD S1: 2 append success next 1 match 0
081898 INFO S0: (term 1) follower 收到 [1] AppendEntries [], prevIndex 0, prevTerm 0
081898 LEAD S1: 0 append success next 1 match 0
082400 LEAD S1: prevLog &raft.Entry{Command:interface {}(nil), Term:0, Index:0}
082401 LEAD S1: prevLog &raft.Entry{Command:interface {}(nil), Term:0, Index:0}
082401 INFO S2: (term 1) follower 收到 [1] AppendEntries [], prevIndex 0, prevTerm 0
082402 LEAD S1: 2 append success next 1 match 0
082402 INFO S0: (term 1) follower 收到 [1] AppendEntries [], prevIndex 0, prevTerm 0
082402 LEAD S1: 0 append success next 1 match 0
082903 LEAD S1: prevLog &raft.Entry{Command:interface {}(nil), Term:0, Index:0}
082903 LEAD S1: prevLog &raft.Entry{Command:interface {}(nil), Term:0, Index:0}
082904 INFO S2: (term 1) follower 收到 [1] AppendEntries [], prevIndex 0, prevTerm 0
082904 LEAD S1: 2 append success next 1 match 0
082904 INFO S0: (term 1) follower 收到 [1] AppendEntries [], prevIndex 0, prevTerm 0
082905 LEAD S1: 0 append success next 1 match 0
083406 LEAD S1: prevLog &raft.Entry{Command:interface {}(nil), Term:0, Index:0}
083406 LEAD S1: prevLog &raft.Entry{Command:interface {}(nil), Term:0, Index:0}
083406 INFO S2: (term 1) follower 收到 [1] AppendEntries [], prevIndex 0, prevTerm 0
083407 LEAD S1: 2 append success next 1 match 0
083407 INFO S0: (term 1) follower 收到 [1] AppendEntries [], prevIndex 0, prevTerm 0
083407 LEAD S1: 0 append success next 1 match 0
083908 LEAD S1: prevLog &raft.Entry{Command:interface {}(nil), Term:0, Index:0}
083908 LEAD S1: prevLog &raft.Entry{Command:interface {}(nil), Term:0, Index:0}
083909 INFO S0: (term 1) follower 收到 [1] AppendEntries [], prevIndex 0, prevTerm 0
083909 INFO S2: (term 1) follower 收到 [1] AppendEntries [], prevIndex 0, prevTerm 0
083909 LEAD S1: 0 append success next 1 match 0
083910 LEAD S1: 2 append success next 1 match 0
084410 LEAD S1: prevLog &raft.Entry{Command:interface {}(nil), Term:0, Index:0}
084410 LEAD S1: prevLog &raft.Entry{Command:interface {}(nil), Term:0, Index:0}
084411 INFO S2: (term 1) follower 收到 [1] AppendEntries [], prevIndex 0, prevTerm 0
084412 LEAD S1: 2 append success next 1 match 0
084412 INFO S0: (term 1) follower 收到 [1] AppendEntries [], prevIndex 0, prevTerm 0
084412 LEAD S1: 0 append success next 1 match 0
084913 LEAD S1: prevLog &raft.Entry{Command:interface {}(nil), Term:0, Index:0}
084913 LEAD S1: prevLog &raft.Entry{Command:interface {}(nil), Term:0, Index:0}
084914 INFO S2: (term 1) follower 收到 [1] AppendEntries [], prevIndex 0, prevTerm 0
084914 LEAD S1: 2 append success next 1 match 0
084914 INFO S0: (term 1) follower 收到 [1] AppendEntries [], prevIndex 0, prevTerm 0
084915 LEAD S1: 0 append success next 1 match 0
085415 LEAD S1: prevLog &raft.Entry{Command:interface {}(nil), Term:0, Index:0}
085415 LEAD S1: prevLog &raft.Entry{Command:interface {}(nil), Term:0, Index:0}
085416 INFO S2: (term 1) follower 收到 [1] AppendEntries [], prevIndex 0, prevTerm 0
085416 LEAD S1: 2 append success next 1 match 0
085417 INFO S0: (term 1) follower 收到 [1] AppendEntries [], prevIndex 0, prevTerm 0
085417 LEAD S1: 0 append success next 1 match 0
085917 LEAD S1: prevLog &raft.Entry{Command:interface {}(nil), Term:0, Index:0}
085918 LEAD S1: prevLog &raft.Entry{Command:interface {}(nil), Term:0, Index:0}
085919 INFO S2: (term 1) follower 收到 [1] AppendEntries [], prevIndex 0, prevTerm 0
085919 INFO S0: (term 1) follower 收到 [1] AppendEntries [], prevIndex 0, prevTerm 0
085919 LEAD S1: 2 append success next 1 match 0
085919 LEAD S1: 0 append success next 1 match 0
086420 LEAD S1: prevLog &raft.Entry{Command:interface {}(nil), Term:0, Index:0}
086420 LEAD S1: prevLog &raft.Entry{Command:interface {}(nil), Term:0, Index:0}
086421 INFO S2: (term 1) follower 收到 [1] AppendEntries [], prevIndex 0, prevTerm 0
086421 LEAD S1: 2 append success next 1 match 0
086421 INFO S0: (term 1) follower 收到 [1] AppendEntries [], prevIndex 0, prevTerm 0
086422 LEAD S1: 0 append success next 1 match 0
086923 LEAD S1: prevLog &raft.Entry{Command:interface {}(nil), Term:0, Index:0}
086923 LEAD S1: prevLog &raft.Entry{Command:interface {}(nil), Term:0, Index:0}
086924 INFO S2: (term 1) follower 收到 [1] AppendEntries [], prevIndex 0, prevTerm 0
086924 LEAD S1: 2 append success next 1 match 0
086924 INFO S0: (term 1) follower 收到 [1] AppendEntries [], prevIndex 0, prevTerm 0
086925 LEAD S1: 0 append success next 1 match 0
087425 LEAD S1: prevLog &raft.Entry{Command:interface {}(nil), Term:0, Index:0}
087425 LEAD S1: prevLog &raft.Entry{Command:interface {}(nil), Term:0, Index:0}
087426 INFO S2: (term 1) follower 收到 [1] AppendEntries [], prevIndex 0, prevTerm 0
087426 LEAD S1: 2 append success next 1 match 0
087426 INFO S0: (term 1) follower 收到 [1] AppendEntries [], prevIndex 0, prevTerm 0
087427 LEAD S1: 0 append success next 1 match 0
087927 LEAD S1: prevLog &raft.Entry{Command:interface {}(nil), Term:0, Index:0}
087927 LEAD S1: prevLog &raft.Entry{Command:interface {}(nil), Term:0, Index:0}
087928 INFO S2: (term 1) follower 收到 [1] AppendEntries [], prevIndex 0, prevTerm 0
087928 INFO S0: (term 1) follower 收到 [1] AppendEntries [], prevIndex 0, prevTerm 0
087928 LEAD S1: 0 append success next 1 match 0
087928 LEAD S1: 2 append success next 1 match 0
088429 LEAD S1: prevLog &raft.Entry{Command:interface {}(nil), Term:0, Index:0}
088429 LEAD S1: prevLog &raft.Entry{Command:interface {}(nil), Term:0, Index:0}
088430 INFO S2: (term 1) follower 收到 [1] AppendEntries [], prevIndex 0, prevTerm 0
088430 INFO S0: (term 1) follower 收到 [1] AppendEntries [], prevIndex 0, prevTerm 0
088430 LEAD S1: 2 append success next 1 match 0
088431 LEAD S1: 0 append success next 1 match 0
088932 LEAD S1: prevLog &raft.Entry{Command:interface {}(nil), Term:0, Index:0}
088932 LEAD S1: prevLog &raft.Entry{Command:interface {}(nil), Term:0, Index:0}
088933 INFO S2: (term 1) follower 收到 [1] AppendEntries [], prevIndex 0, prevTerm 0
088934 LEAD S1: 2 append success next 1 match 0
088934 INFO S0: (term 1) follower 收到 [1] AppendEntries [], prevIndex 0, prevTerm 0
088934 LEAD S1: 0 append success next 1 match 0
089435 LEAD S1: prevLog &raft.Entry{Command:interface {}(nil), Term:0, Index:0}
089435 LEAD S1: prevLog &raft.Entry{Command:interface {}(nil), Term:0, Index:0}
089435 INFO S2: (term 1) follower 收到 [1] AppendEntries [], prevIndex 0, prevTerm 0
089436 LEAD S1: 2 append success next 1 match 0
089436 INFO S0: (term 1) follower 收到 [1] AppendEntries [], prevIndex 0, prevTerm 0
089436 LEAD S1: 0 append success next 1 match 0
089937 LEAD S1: prevLog &raft.Entry{Command:interface {}(nil), Term:0, Index:0}
089937 LEAD S1: prevLog &raft.Entry{Command:interface {}(nil), Term:0, Index:0}
089938 INFO S2: (term 1) follower 收到 [1] AppendEntries [], prevIndex 0, prevTerm 0
089938 LEAD S1: 2 append success next 1 match 0
089938 INFO S0: (term 1) follower 收到 [1] AppendEntries [], prevIndex 0, prevTerm 0
089939 LEAD S1: 0 append success next 1 match 0
090440 LEAD S1: prevLog &raft.Entry{Command:interface {}(nil), Term:0, Index:0}
090440 LEAD S1: prevLog &raft.Entry{Command:interface {}(nil), Term:0, Index:0}
090440 INFO S2: (term 1) follower 收到 [1] AppendEntries [], prevIndex 0, prevTerm 0
090440 INFO S0: (term 1) follower 收到 [1] AppendEntries [], prevIndex 0, prevTerm 0
090441 LEAD S1: 2 append success next 1 match 0
090441 LEAD S1: 0 append success next 1 match 0
090942 LEAD S1: prevLog &raft.Entry{Command:interface {}(nil), Term:0, Index:0}
090942 LEAD S1: prevLog &raft.Entry{Command:interface {}(nil), Term:0, Index:0}
090943 INFO S2: (term 1) follower 收到 [1] AppendEntries [], prevIndex 0, prevTerm 0
090943 LEAD S1: 2 append success next 1 match 0
090943 INFO S0: (term 1) follower 收到 [1] AppendEntries [], prevIndex 0, prevTerm 0
090944 LEAD S1: 0 append success next 1 match 0
091444 LEAD S1: prevLog &raft.Entry{Command:interface {}(nil), Term:0, Index:0}
091445 LEAD S1: prevLog &raft.Entry{Command:interface {}(nil), Term:0, Index:0}
091445 INFO S2: (term 1) follower 收到 [1] AppendEntries [], prevIndex 0, prevTerm 0
091446 LEAD S1: 2 append success next 1 match 0
091446 INFO S0: (term 1) follower 收到 [1] AppendEntries [], prevIndex 0, prevTerm 0
091446 LEAD S1: 0 append success next 1 match 0
091947 LEAD S1: prevLog &raft.Entry{Command:interface {}(nil), Term:0, Index:0}
091947 LEAD S1: prevLog &raft.Entry{Command:interface {}(nil), Term:0, Index:0}
091948 INFO S2: (term 1) follower 收到 [1] AppendEntries [], prevIndex 0, prevTerm 0
091948 LEAD S1: 2 append success next 1 match 0
091949 INFO S0: (term 1) follower 收到 [1] AppendEntries [], prevIndex 0, prevTerm 0
091949 LEAD S1: 0 append success next 1 match 0
092449 LEAD S1: prevLog &raft.Entry{Command:interface {}(nil), Term:0, Index:0}
092450 LEAD S1: prevLog &raft.Entry{Command:interface {}(nil), Term:0, Index:0}
092450 INFO S2: (term 1) follower 收到 [1] AppendEntries [], prevIndex 0, prevTerm 0
092450 INFO S0: (term 1) follower 收到 [1] AppendEntries [], prevIndex 0, prevTerm 0
092451 LEAD S1: 2 append success next 1 match 0
092451 LEAD S1: 0 append success next 1 match 0
092952 LEAD S1: prevLog &raft.Entry{Command:interface {}(nil), Term:0, Index:0}
092952 LEAD S1: prevLog &raft.Entry{Command:interface {}(nil), Term:0, Index:0}
092952 INFO S0: (term 1) follower 收到 [1] AppendEntries [], prevIndex 0, prevTerm 0
092953 LEAD S1: 0 append success next 1 match 0
092953 INFO S2: (term 1) follower 收到 [1] AppendEntries [], prevIndex 0, prevTerm 0
092953 LEAD S1: 2 append success next 1 match 0
093454 LEAD S1: prevLog &raft.Entry{Command:interface {}(nil), Term:0, Index:0}
093454 LEAD S1: prevLog &raft.Entry{Command:interface {}(nil), Term:0, Index:0}
093455 INFO S2: (term 1) follower 收到 [1] AppendEntries [], prevIndex 0, prevTerm 0
093455 LEAD S1: 2 append success next 1 match 0
093455 INFO S0: (term 1) follower 收到 [1] AppendEntries [], prevIndex 0, prevTerm 0
093455 LEAD S1: 0 append success next 1 match 0
093956 LEAD S1: prevLog &raft.Entry{Command:interface {}(nil), Term:0, Index:0}
093957 LEAD S1: prevLog &raft.Entry{Command:interface {}(nil), Term:0, Index:0}
093957 INFO S2: (term 1) follower 收到 [1] AppendEntries [], prevIndex 0, prevTerm 0
093958 LEAD S1: 2 append success next 1 match 0
093958 INFO S0: (term 1) follower 收到 [1] AppendEntries [], prevIndex 0, prevTerm 0
093958 LEAD S1: 0 append success next 1 match 0
094459 LEAD S1: prevLog &raft.Entry{Command:interface {}(nil), Term:0, Index:0}
094460 LEAD S1: prevLog &raft.Entry{Command:interface {}(nil), Term:0, Index:0}
094460 INFO S2: (term 1) follower 收到 [1] AppendEntries [], prevIndex 0, prevTerm 0
094461 LEAD S1: 2 append success next 1 match 0
094462 INFO S0: (term 1) follower 收到 [1] AppendEntries [], prevIndex 0, prevTerm 0
094462 LEAD S1: 0 append success next 1 match 0
094962 LEAD S1: prevLog &raft.Entry{Command:interface {}(nil), Term:0, Index:0}
094962 LEAD S1: prevLog &raft.Entry{Command:interface {}(nil), Term:0, Index:0}
094963 INFO S2: (term 1) follower 收到 [1] AppendEntries [], prevIndex 0, prevTerm 0
094963 LEAD S1: 2 append success next 1 match 0
094963 INFO S0: (term 1) follower 收到 [1] AppendEntries [], prevIndex 0, prevTerm 0
094964 LEAD S1: 0 append success next 1 match 0
095464 LEAD S1: prevLog &raft.Entry{Command:interface {}(nil), Term:0, Index:0}
095465 LEAD S1: prevLog &raft.Entry{Command:interface {}(nil), Term:0, Index:0}
095465 INFO S2: (term 1) follower 收到 [1] AppendEntries [], prevIndex 0, prevTerm 0
095466 LEAD S1: 2 append success next 1 match 0
095466 INFO S0: (term 1) follower 收到 [1] AppendEntries [], prevIndex 0, prevTerm 0
095466 LEAD S1: 0 append success next 1 match 0
095966 LEAD S1: prevLog &raft.Entry{Command:interface {}(nil), Term:0, Index:0}
095967 LEAD S1: prevLog &raft.Entry{Command:interface {}(nil), Term:0, Index:0}
095967 INFO S0: (term 1) follower 收到 [1] AppendEntries [], prevIndex 0, prevTerm 0
095967 INFO S2: (term 1) follower 收到 [1] AppendEntries [], prevIndex 0, prevTerm 0
095968 LEAD S1: 2 append success next 1 match 0
095968 LEAD S1: 0 append success next 1 match 0
096468 LEAD S1: prevLog &raft.Entry{Command:interface {}(nil), Term:0, Index:0}
096468 LEAD S1: prevLog &raft.Entry{Command:interface {}(nil), Term:0, Index:0}
096469 INFO S2: (term 1) follower 收到 [1] AppendEntries [], prevIndex 0, prevTerm 0
096469 LEAD S1: 2 append success next 1 match 0
096469 INFO S0: (term 1) follower 收到 [1] AppendEntries [], prevIndex 0, prevTerm 0
096470 LEAD S1: 0 append success next 1 match 0
096970 LEAD S1: prevLog &raft.Entry{Command:interface {}(nil), Term:0, Index:0}
096971 LEAD S1: prevLog &raft.Entry{Command:interface {}(nil), Term:0, Index:0}
096971 INFO S2: (term 1) follower 收到 [1] AppendEntries [], prevIndex 0, prevTerm 0
096972 LEAD S1: 2 append success next 1 match 0
096972 INFO S0: (term 1) follower 收到 [1] AppendEntries [], prevIndex 0, prevTerm 0
096972 LEAD S1: 0 append success next 1 match 0
097473 LEAD S1: prevLog &raft.Entry{Command:interface {}(nil), Term:0, Index:0}
097473 LEAD S1: prevLog &raft.Entry{Command:interface {}(nil), Term:0, Index:0}
097474 INFO S2: (term 1) follower 收到 [1] AppendEntries [], prevIndex 0, prevTerm 0
097474 INFO S0: (term 1) follower 收到 [1] AppendEntries [], prevIndex 0, prevTerm 0
097475 LEAD S1: 2 append success next 1 match 0
097475 LEAD S1: 0 append success next 1 match 0
097974 LEAD S1: prevLog &raft.Entry{Command:interface {}(nil), Term:0, Index:0}
097975 LEAD S1: prevLog &raft.Entry{Command:interface {}(nil), Term:0, Index:0}
097975 INFO S2: (term 1) follower 收到 [1] AppendEntries [], prevIndex 0, prevTerm 0
097975 LEAD S1: 2 append success next 1 match 0
097976 INFO S0: (term 1) follower 收到 [1] AppendEntries [], prevIndex 0, prevTerm 0
097976 LEAD S1: 0 append success next 1 match 0
098477 LEAD S1: prevLog &raft.Entry{Command:interface {}(nil), Term:0, Index:0}
098477 LEAD S1: prevLog &raft.Entry{Command:interface {}(nil), Term:0, Index:0}
098477 INFO S2: (term 1) follower 收到 [1] AppendEntries [], prevIndex 0, prevTerm 0
098477 INFO S0: (term 1) follower 收到 [1] AppendEntries [], prevIndex 0, prevTerm 0
098478 LEAD S1: 0 append success next 1 match 0
098478 LEAD S1: 2 append success next 1 match 0
098979 LEAD S1: prevLog &raft.Entry{Command:interface {}(nil), Term:0, Index:0}
098979 LEAD S1: prevLog &raft.Entry{Command:interface {}(nil), Term:0, Index:0}
098980 INFO S0: (term 1) follower 收到 [1] AppendEntries [], prevIndex 0, prevTerm 0
098980 INFO S2: (term 1) follower 收到 [1] AppendEntries [], prevIndex 0, prevTerm 0
098980 LEAD S1: 0 append success next 1 match 0
098980 LEAD S1: 2 append success next 1 match 0
099481 LEAD S1: prevLog &raft.Entry{Command:interface {}(nil), Term:0, Index:0}
099481 LEAD S1: prevLog &raft.Entry{Command:interface {}(nil), Term:0, Index:0}
099482 INFO S2: (term 1) follower 收到 [1] AppendEntries [], prevIndex 0, prevTerm 0
099482 LEAD S1: 2 append success next 1 match 0
099482 INFO S0: (term 1) follower 收到 [1] AppendEntries [], prevIndex 0, prevTerm 0
099483 LEAD S1: 0 append success next 1 match 0
099983 LEAD S1: prevLog &raft.Entry{Command:interface {}(nil), Term:0, Index:0}
099984 LEAD S1: prevLog &raft.Entry{Command:interface {}(nil), Term:0, Index:0}
099984 INFO S2: (term 1) follower 收到 [1] AppendEntries [], prevIndex 0, prevTerm 0
099985 LEAD S1: 2 append success next 1 match 0
099985 INFO S0: (term 1) follower 收到 [1] AppendEntries [], prevIndex 0, prevTerm 0
099985 LEAD S1: 0 append success next 1 match 0
--- FAIL: TestPersist12C (10.05s)
    config.go:609: one(11) failed to reach agreement
100486 LEAD S1: prevLog &raft.Entry{Command:interface {}(nil), Term:0, Index:0}
FAIL
100486 LEAD S1: prevLog &raft.Entry{Command:interface {}(nil), Term:0, Index:0}
exit status 1
FAIL	6.824/raft	10.050s
