Test (2C): basic persistence ...
002008 INFO S0: start leader election, term 1
002009 VOTE S0: term 1 send vote request to 2
002010 VOTE S0: term 1 send vote request to 1
002011 TERM S1: set new term 1
002011 TERM S2: set new term 1
002011 VOTE S1: term 1 vote 0
002011 VOTE S2: term 1 vote 0
002011 VOTE S0: reply from 2, term一致，且投给0
002011 LEAD S0: come to power, start to send heartbeat
002011 LEAD S0: prevLog &raft.Entry{Command:interface {}(nil), Term:0, Index:0}
002011 LEAD S0: prevLog &raft.Entry{Command:interface {}(nil), Term:0, Index:0}
002011 VOTE S0: reply from 1, term一致，且投给0
002012 INFO S2: (term 1) follower 收到 [0] AppendEntries [], prevIndex 0, prevTerm 0
002012 INFO S1: (term 1) follower 收到 [0] AppendEntries [], prevIndex 0, prevTerm 0
002013 LEAD S0: 2 append success next 1 match 0
002013 LEAD S0: 1 append success next 1 match 0
002510 LEAD S0: prevLog &raft.Entry{Command:interface {}(nil), Term:0, Index:0}
002510 LEAD S0: prevLog &raft.Entry{Command:interface {}(nil), Term:0, Index:0}
002511 INFO S2: (term 1) follower 收到 [0] AppendEntries [], prevIndex 0, prevTerm 0
002511 INFO S1: (term 1) follower 收到 [0] AppendEntries [], prevIndex 0, prevTerm 0
002512 LEAD S0: 2 append success next 1 match 0
002512 LEAD S0: 1 append success next 1 match 0
003013 LEAD S0: prevLog &raft.Entry{Command:interface {}(nil), Term:0, Index:0}
003013 LEAD S0: prevLog &raft.Entry{Command:interface {}(nil), Term:0, Index:0}
003014 INFO S2: (term 1) follower 收到 [0] AppendEntries [], prevIndex 0, prevTerm 0
003014 INFO S1: (term 1) follower 收到 [0] AppendEntries [], prevIndex 0, prevTerm 0
003014 LEAD S0: 1 append success next 1 match 0
003014 LEAD S0: 2 append success next 1 match 0
003514 LEAD S0: prevLog &raft.Entry{Command:interface {}(nil), Term:0, Index:0}
003515 LEAD S0: prevLog &raft.Entry{Command:interface {}(nil), Term:0, Index:0}
003516 INFO S2: (term 1) follower 收到 [0] AppendEntries [], prevIndex 0, prevTerm 0
003516 LEAD S0: 2 append success next 1 match 0
003516 INFO S1: (term 1) follower 收到 [0] AppendEntries [], prevIndex 0, prevTerm 0
003517 LEAD S0: 1 append success next 1 match 0
004017 LEAD S0: prevLog &raft.Entry{Command:interface {}(nil), Term:0, Index:0}
004017 LEAD S0: prevLog &raft.Entry{Command:interface {}(nil), Term:0, Index:0}
004018 INFO S2: (term 1) follower 收到 [0] AppendEntries [], prevIndex 0, prevTerm 0
004018 INFO S1: (term 1) follower 收到 [0] AppendEntries [], prevIndex 0, prevTerm 0
004018 LEAD S0: 2 append success next 1 match 0
004018 LEAD S0: 1 append success next 1 match 0
004519 LEAD S0: prevLog &raft.Entry{Command:interface {}(nil), Term:0, Index:0}
004519 LEAD S0: prevLog &raft.Entry{Command:interface {}(nil), Term:0, Index:0}
004520 INFO S2: (term 1) follower 收到 [0] AppendEntries [], prevIndex 0, prevTerm 0
004520 INFO S1: (term 1) follower 收到 [0] AppendEntries [], prevIndex 0, prevTerm 0
004520 LEAD S0: 2 append success next 1 match 0
004520 LEAD S0: 1 append success next 1 match 0
005021 LEAD S0: prevLog &raft.Entry{Command:interface {}(nil), Term:0, Index:0}
005021 LEAD S0: prevLog &raft.Entry{Command:interface {}(nil), Term:0, Index:0}
005022 INFO S1: (term 1) follower 收到 [0] AppendEntries [], prevIndex 0, prevTerm 0
005022 INFO S2: (term 1) follower 收到 [0] AppendEntries [], prevIndex 0, prevTerm 0
005022 LEAD S0: 1 append success next 1 match 0
005023 LEAD S0: 2 append success next 1 match 0
005522 LEAD S0: prevLog &raft.Entry{Command:interface {}(nil), Term:0, Index:0}
005523 LEAD S0: prevLog &raft.Entry{Command:interface {}(nil), Term:0, Index:0}
005523 INFO S1: (term 1) follower 收到 [0] AppendEntries [], prevIndex 0, prevTerm 0
005524 INFO S2: (term 1) follower 收到 [0] AppendEntries [], prevIndex 0, prevTerm 0
005524 LEAD S0: 1 append success next 1 match 0
005524 LEAD S0: 2 append success next 1 match 0
006024 LEAD S0: prevLog &raft.Entry{Command:interface {}(nil), Term:0, Index:0}
006024 LEAD S0: prevLog &raft.Entry{Command:interface {}(nil), Term:0, Index:0}
006025 INFO S1: (term 1) follower 收到 [0] AppendEntries [], prevIndex 0, prevTerm 0
006026 INFO S2: (term 1) follower 收到 [0] AppendEntries [], prevIndex 0, prevTerm 0
006026 LEAD S0: 1 append success next 1 match 0
006026 LEAD S0: 2 append success next 1 match 0
006526 LEAD S0: prevLog &raft.Entry{Command:interface {}(nil), Term:0, Index:0}
006526 LEAD S0: prevLog &raft.Entry{Command:interface {}(nil), Term:0, Index:0}
006527 INFO S1: (term 1) follower 收到 [0] AppendEntries [], prevIndex 0, prevTerm 0
006527 LEAD S0: 1 append success next 1 match 0
006527 INFO S2: (term 1) follower 收到 [0] AppendEntries [], prevIndex 0, prevTerm 0
006528 LEAD S0: 2 append success next 1 match 0
007027 LEAD S0: prevLog &raft.Entry{Command:interface {}(nil), Term:0, Index:0}
007028 LEAD S0: prevLog &raft.Entry{Command:interface {}(nil), Term:0, Index:0}
007028 INFO S2: (term 1) follower 收到 [0] AppendEntries [], prevIndex 0, prevTerm 0
007028 INFO S1: (term 1) follower 收到 [0] AppendEntries [], prevIndex 0, prevTerm 0
007029 LEAD S0: 2 append success next 1 match 0
007029 LEAD S0: 1 append success next 1 match 0
007529 LEAD S0: prevLog &raft.Entry{Command:interface {}(nil), Term:0, Index:0}
007530 LEAD S0: prevLog &raft.Entry{Command:interface {}(nil), Term:0, Index:0}
007530 INFO S1: (term 1) follower 收到 [0] AppendEntries [], prevIndex 0, prevTerm 0
007530 INFO S2: (term 1) follower 收到 [0] AppendEntries [], prevIndex 0, prevTerm 0
007531 LEAD S0: 2 append success next 1 match 0
007531 LEAD S0: 1 append success next 1 match 0
008030 LEAD S0: prevLog &raft.Entry{Command:interface {}(nil), Term:0, Index:0}
008031 LEAD S0: prevLog &raft.Entry{Command:interface {}(nil), Term:0, Index:0}
008031 INFO S2: (term 1) follower 收到 [0] AppendEntries [], prevIndex 0, prevTerm 0
008032 LEAD S0: 2 append success next 1 match 0
008032 INFO S1: (term 1) follower 收到 [0] AppendEntries [], prevIndex 0, prevTerm 0
008032 LEAD S0: 1 append success next 1 match 0
008532 LEAD S0: prevLog &raft.Entry{Command:interface {}(nil), Term:0, Index:0}
008532 LEAD S0: prevLog &raft.Entry{Command:interface {}(nil), Term:0, Index:0}
008533 INFO S2: (term 1) follower 收到 [0] AppendEntries [], prevIndex 0, prevTerm 0
008533 LEAD S0: 2 append success next 1 match 0
008534 INFO S1: (term 1) follower 收到 [0] AppendEntries [], prevIndex 0, prevTerm 0
008534 LEAD S0: 1 append success next 1 match 0
009034 LEAD S0: prevLog &raft.Entry{Command:interface {}(nil), Term:0, Index:0}
009034 LEAD S0: prevLog &raft.Entry{Command:interface {}(nil), Term:0, Index:0}
009035 INFO S2: (term 1) follower 收到 [0] AppendEntries [], prevIndex 0, prevTerm 0
009035 LEAD S0: 2 append success next 1 match 0
009036 INFO S1: (term 1) follower 收到 [0] AppendEntries [], prevIndex 0, prevTerm 0
009036 LEAD S0: 1 append success next 1 match 0
009535 LEAD S0: prevLog &raft.Entry{Command:interface {}(nil), Term:0, Index:0}
009536 LEAD S0: prevLog &raft.Entry{Command:interface {}(nil), Term:0, Index:0}
009536 INFO S2: (term 1) follower 收到 [0] AppendEntries [], prevIndex 0, prevTerm 0
009537 LEAD S0: 2 append success next 1 match 0
009537 INFO S1: (term 1) follower 收到 [0] AppendEntries [], prevIndex 0, prevTerm 0
009537 LEAD S0: 1 append success next 1 match 0
010038 LEAD S0: prevLog &raft.Entry{Command:interface {}(nil), Term:0, Index:0}
010038 LEAD S0: prevLog &raft.Entry{Command:interface {}(nil), Term:0, Index:0}
010038 INFO S2: (term 1) follower 收到 [0] AppendEntries [], prevIndex 0, prevTerm 0
010039 INFO S1: (term 1) follower 收到 [0] AppendEntries [], prevIndex 0, prevTerm 0
010039 LEAD S0: 2 append success next 1 match 0
010039 LEAD S0: 1 append success next 1 match 0
010540 LEAD S0: prevLog &raft.Entry{Command:interface {}(nil), Term:0, Index:0}
010541 LEAD S0: prevLog &raft.Entry{Command:interface {}(nil), Term:0, Index:0}
010542 INFO S2: (term 1) follower 收到 [0] AppendEntries [], prevIndex 0, prevTerm 0
010542 INFO S1: (term 1) follower 收到 [0] AppendEntries [], prevIndex 0, prevTerm 0
010542 LEAD S0: 1 append success next 1 match 0
010543 LEAD S0: 2 append success next 1 match 0
011042 LEAD S0: prevLog &raft.Entry{Command:interface {}(nil), Term:0, Index:0}
011042 LEAD S0: prevLog &raft.Entry{Command:interface {}(nil), Term:0, Index:0}
011043 INFO S2: (term 1) follower 收到 [0] AppendEntries [], prevIndex 0, prevTerm 0
011043 INFO S1: (term 1) follower 收到 [0] AppendEntries [], prevIndex 0, prevTerm 0
011043 LEAD S0: 2 append success next 1 match 0
011044 LEAD S0: 1 append success next 1 match 0
011544 LEAD S0: prevLog &raft.Entry{Command:interface {}(nil), Term:0, Index:0}
011544 LEAD S0: prevLog &raft.Entry{Command:interface {}(nil), Term:0, Index:0}
011545 INFO S1: (term 1) follower 收到 [0] AppendEntries [], prevIndex 0, prevTerm 0
011545 INFO S2: (term 1) follower 收到 [0] AppendEntries [], prevIndex 0, prevTerm 0
011545 LEAD S0: 1 append success next 1 match 0
011545 LEAD S0: 2 append success next 1 match 0
012045 LEAD S0: prevLog &raft.Entry{Command:interface {}(nil), Term:0, Index:0}
012046 LEAD S0: prevLog &raft.Entry{Command:interface {}(nil), Term:0, Index:0}
012046 INFO S1: (term 1) follower 收到 [0] AppendEntries [], prevIndex 0, prevTerm 0
012046 INFO S2: (term 1) follower 收到 [0] AppendEntries [], prevIndex 0, prevTerm 0
012047 LEAD S0: 1 append success next 1 match 0
012047 LEAD S0: 2 append success next 1 match 0
012547 LEAD S0: prevLog &raft.Entry{Command:interface {}(nil), Term:0, Index:0}
012547 LEAD S0: prevLog &raft.Entry{Command:interface {}(nil), Term:0, Index:0}
012548 INFO S2: (term 1) follower 收到 [0] AppendEntries [], prevIndex 0, prevTerm 0
012548 INFO S1: (term 1) follower 收到 [0] AppendEntries [], prevIndex 0, prevTerm 0
012548 LEAD S0: 2 append success next 1 match 0
012548 LEAD S0: 1 append success next 1 match 0
013049 LEAD S0: prevLog &raft.Entry{Command:interface {}(nil), Term:0, Index:0}
013050 LEAD S0: prevLog &raft.Entry{Command:interface {}(nil), Term:0, Index:0}
013050 INFO S1: (term 1) follower 收到 [0] AppendEntries [], prevIndex 0, prevTerm 0
013050 INFO S2: (term 1) follower 收到 [0] AppendEntries [], prevIndex 0, prevTerm 0
013051 LEAD S0: 1 append success next 1 match 0
013051 LEAD S0: 2 append success next 1 match 0
013552 LEAD S0: prevLog &raft.Entry{Command:interface {}(nil), Term:0, Index:0}
013552 LEAD S0: prevLog &raft.Entry{Command:interface {}(nil), Term:0, Index:0}
013553 INFO S2: (term 1) follower 收到 [0] AppendEntries [], prevIndex 0, prevTerm 0
013553 INFO S1: (term 1) follower 收到 [0] AppendEntries [], prevIndex 0, prevTerm 0
013553 LEAD S0: 2 append success next 1 match 0
013553 LEAD S0: 1 append success next 1 match 0
014053 LEAD S0: prevLog &raft.Entry{Command:interface {}(nil), Term:0, Index:0}
014054 LEAD S0: prevLog &raft.Entry{Command:interface {}(nil), Term:0, Index:0}
014054 INFO S1: (term 1) follower 收到 [0] AppendEntries [], prevIndex 0, prevTerm 0
014055 INFO S2: (term 1) follower 收到 [0] AppendEntries [], prevIndex 0, prevTerm 0
014055 LEAD S0: 1 append success next 1 match 0
014055 LEAD S0: 2 append success next 1 match 0
014555 LEAD S0: prevLog &raft.Entry{Command:interface {}(nil), Term:0, Index:0}
014556 LEAD S0: prevLog &raft.Entry{Command:interface {}(nil), Term:0, Index:0}
014556 INFO S1: (term 1) follower 收到 [0] AppendEntries [], prevIndex 0, prevTerm 0
014557 INFO S2: (term 1) follower 收到 [0] AppendEntries [], prevIndex 0, prevTerm 0
014557 LEAD S0: 2 append success next 1 match 0
014557 LEAD S0: 1 append success next 1 match 0
015057 LEAD S0: prevLog &raft.Entry{Command:interface {}(nil), Term:0, Index:0}
015057 LEAD S0: prevLog &raft.Entry{Command:interface {}(nil), Term:0, Index:0}
015058 INFO S2: (term 1) follower 收到 [0] AppendEntries [], prevIndex 0, prevTerm 0
015058 INFO S1: (term 1) follower 收到 [0] AppendEntries [], prevIndex 0, prevTerm 0
015059 LEAD S0: 2 append success next 1 match 0
015059 LEAD S0: 1 append success next 1 match 0
015559 LEAD S0: prevLog &raft.Entry{Command:interface {}(nil), Term:0, Index:0}
015559 LEAD S0: prevLog &raft.Entry{Command:interface {}(nil), Term:0, Index:0}
015560 INFO S1: (term 1) follower 收到 [0] AppendEntries [], prevIndex 0, prevTerm 0
015561 LEAD S0: 1 append success next 1 match 0
015561 INFO S2: (term 1) follower 收到 [0] AppendEntries [], prevIndex 0, prevTerm 0
015561 LEAD S0: 2 append success next 1 match 0
016061 LEAD S0: prevLog &raft.Entry{Command:interface {}(nil), Term:0, Index:0}
016061 LEAD S0: prevLog &raft.Entry{Command:interface {}(nil), Term:0, Index:0}
016062 INFO S2: (term 1) follower 收到 [0] AppendEntries [], prevIndex 0, prevTerm 0
016062 INFO S1: (term 1) follower 收到 [0] AppendEntries [], prevIndex 0, prevTerm 0
016062 LEAD S0: 2 append success next 1 match 0
016062 LEAD S0: 1 append success next 1 match 0
016563 LEAD S0: prevLog &raft.Entry{Command:interface {}(nil), Term:0, Index:0}
016563 LEAD S0: prevLog &raft.Entry{Command:interface {}(nil), Term:0, Index:0}
016564 INFO S2: (term 1) follower 收到 [0] AppendEntries [], prevIndex 0, prevTerm 0
016564 INFO S1: (term 1) follower 收到 [0] AppendEntries [], prevIndex 0, prevTerm 0
016564 LEAD S0: 2 append success next 1 match 0
016565 LEAD S0: 1 append success next 1 match 0
017065 LEAD S0: prevLog &raft.Entry{Command:interface {}(nil), Term:0, Index:0}
017065 LEAD S0: prevLog &raft.Entry{Command:interface {}(nil), Term:0, Index:0}
017066 INFO S1: (term 1) follower 收到 [0] AppendEntries [], prevIndex 0, prevTerm 0
017066 INFO S2: (term 1) follower 收到 [0] AppendEntries [], prevIndex 0, prevTerm 0
017067 LEAD S0: 1 append success next 1 match 0
017067 LEAD S0: 2 append success next 1 match 0
017567 LEAD S0: prevLog &raft.Entry{Command:interface {}(nil), Term:0, Index:0}
017567 LEAD S0: prevLog &raft.Entry{Command:interface {}(nil), Term:0, Index:0}
017568 INFO S2: (term 1) follower 收到 [0] AppendEntries [], prevIndex 0, prevTerm 0
017568 INFO S1: (term 1) follower 收到 [0] AppendEntries [], prevIndex 0, prevTerm 0
017569 LEAD S0: 1 append success next 1 match 0
017570 LEAD S0: 2 append success next 1 match 0
018069 LEAD S0: prevLog &raft.Entry{Command:interface {}(nil), Term:0, Index:0}
018069 LEAD S0: prevLog &raft.Entry{Command:interface {}(nil), Term:0, Index:0}
018070 INFO S2: (term 1) follower 收到 [0] AppendEntries [], prevIndex 0, prevTerm 0
018070 LEAD S0: 2 append success next 1 match 0
018070 INFO S1: (term 1) follower 收到 [0] AppendEntries [], prevIndex 0, prevTerm 0
018071 LEAD S0: 1 append success next 1 match 0
018571 LEAD S0: prevLog &raft.Entry{Command:interface {}(nil), Term:0, Index:0}
018571 LEAD S0: prevLog &raft.Entry{Command:interface {}(nil), Term:0, Index:0}
018572 INFO S2: (term 1) follower 收到 [0] AppendEntries [], prevIndex 0, prevTerm 0
018572 INFO S1: (term 1) follower 收到 [0] AppendEntries [], prevIndex 0, prevTerm 0
018572 LEAD S0: 2 append success next 1 match 0
018573 LEAD S0: 1 append success next 1 match 0
019072 LEAD S0: prevLog &raft.Entry{Command:interface {}(nil), Term:0, Index:0}
019073 LEAD S0: prevLog &raft.Entry{Command:interface {}(nil), Term:0, Index:0}
019073 INFO S1: (term 1) follower 收到 [0] AppendEntries [], prevIndex 0, prevTerm 0
019074 INFO S2: (term 1) follower 收到 [0] AppendEntries [], prevIndex 0, prevTerm 0
019074 LEAD S0: 1 append success next 1 match 0
019074 LEAD S0: 2 append success next 1 match 0
019574 LEAD S0: prevLog &raft.Entry{Command:interface {}(nil), Term:0, Index:0}
019574 LEAD S0: prevLog &raft.Entry{Command:interface {}(nil), Term:0, Index:0}
019575 INFO S1: (term 1) follower 收到 [0] AppendEntries [], prevIndex 0, prevTerm 0
019575 INFO S2: (term 1) follower 收到 [0] AppendEntries [], prevIndex 0, prevTerm 0
019576 LEAD S0: 1 append success next 1 match 0
019576 LEAD S0: 2 append success next 1 match 0
020076 LEAD S0: prevLog &raft.Entry{Command:interface {}(nil), Term:0, Index:0}
020076 LEAD S0: prevLog &raft.Entry{Command:interface {}(nil), Term:0, Index:0}
020077 INFO S2: (term 1) follower 收到 [0] AppendEntries [], prevIndex 0, prevTerm 0
020077 INFO S1: (term 1) follower 收到 [0] AppendEntries [], prevIndex 0, prevTerm 0
020078 LEAD S0: 1 append success next 1 match 0
020078 LEAD S0: 2 append success next 1 match 0
020578 LEAD S0: prevLog &raft.Entry{Command:interface {}(nil), Term:0, Index:0}
020578 LEAD S0: prevLog &raft.Entry{Command:interface {}(nil), Term:0, Index:0}
020578 INFO S2: (term 1) follower 收到 [0] AppendEntries [], prevIndex 0, prevTerm 0
020579 LEAD S0: 2 append success next 1 match 0
020579 INFO S1: (term 1) follower 收到 [0] AppendEntries [], prevIndex 0, prevTerm 0
020580 LEAD S0: 1 append success next 1 match 0
021080 LEAD S0: prevLog &raft.Entry{Command:interface {}(nil), Term:0, Index:0}
021080 LEAD S0: prevLog &raft.Entry{Command:interface {}(nil), Term:0, Index:0}
021081 INFO S2: (term 1) follower 收到 [0] AppendEntries [], prevIndex 0, prevTerm 0
021081 INFO S1: (term 1) follower 收到 [0] AppendEntries [], prevIndex 0, prevTerm 0
021081 LEAD S0: 2 append success next 1 match 0
021081 LEAD S0: 1 append success next 1 match 0
021581 LEAD S0: prevLog &raft.Entry{Command:interface {}(nil), Term:0, Index:0}
021581 LEAD S0: prevLog &raft.Entry{Command:interface {}(nil), Term:0, Index:0}
021582 INFO S2: (term 1) follower 收到 [0] AppendEntries [], prevIndex 0, prevTerm 0
021582 INFO S1: (term 1) follower 收到 [0] AppendEntries [], prevIndex 0, prevTerm 0
021583 LEAD S0: 2 append success next 1 match 0
021583 LEAD S0: 1 append success next 1 match 0
022083 LEAD S0: prevLog &raft.Entry{Command:interface {}(nil), Term:0, Index:0}
022083 LEAD S0: prevLog &raft.Entry{Command:interface {}(nil), Term:0, Index:0}
022084 INFO S2: (term 1) follower 收到 [0] AppendEntries [], prevIndex 0, prevTerm 0
022084 INFO S1: (term 1) follower 收到 [0] AppendEntries [], prevIndex 0, prevTerm 0
022085 LEAD S0: 2 append success next 1 match 0
022085 LEAD S0: 1 append success next 1 match 0
022585 LEAD S0: prevLog &raft.Entry{Command:interface {}(nil), Term:0, Index:0}
022585 LEAD S0: prevLog &raft.Entry{Command:interface {}(nil), Term:0, Index:0}
022586 INFO S1: (term 1) follower 收到 [0] AppendEntries [], prevIndex 0, prevTerm 0
022586 INFO S2: (term 1) follower 收到 [0] AppendEntries [], prevIndex 0, prevTerm 0
022586 LEAD S0: 2 append success next 1 match 0
022586 LEAD S0: 1 append success next 1 match 0
023086 LEAD S0: prevLog &raft.Entry{Command:interface {}(nil), Term:0, Index:0}
023086 LEAD S0: prevLog &raft.Entry{Command:interface {}(nil), Term:0, Index:0}
023087 INFO S2: (term 1) follower 收到 [0] AppendEntries [], prevIndex 0, prevTerm 0
023087 LEAD S0: 2 append success next 1 match 0
023088 INFO S1: (term 1) follower 收到 [0] AppendEntries [], prevIndex 0, prevTerm 0
023088 LEAD S0: 1 append success next 1 match 0
023588 LEAD S0: prevLog &raft.Entry{Command:interface {}(nil), Term:0, Index:0}
023588 LEAD S0: prevLog &raft.Entry{Command:interface {}(nil), Term:0, Index:0}
023589 INFO S2: (term 1) follower 收到 [0] AppendEntries [], prevIndex 0, prevTerm 0
023589 LEAD S0: 2 append success next 1 match 0
023589 INFO S1: (term 1) follower 收到 [0] AppendEntries [], prevIndex 0, prevTerm 0
023590 LEAD S0: 1 append success next 1 match 0
024089 LEAD S0: prevLog &raft.Entry{Command:interface {}(nil), Term:0, Index:0}
024090 LEAD S0: prevLog &raft.Entry{Command:interface {}(nil), Term:0, Index:0}
024091 INFO S2: (term 1) follower 收到 [0] AppendEntries [], prevIndex 0, prevTerm 0
024091 LEAD S0: 2 append success next 1 match 0
024091 INFO S1: (term 1) follower 收到 [0] AppendEntries [], prevIndex 0, prevTerm 0
024092 LEAD S0: 1 append success next 1 match 0
024591 LEAD S0: prevLog &raft.Entry{Command:interface {}(nil), Term:0, Index:0}
024591 LEAD S0: prevLog &raft.Entry{Command:interface {}(nil), Term:0, Index:0}
024592 INFO S1: (term 1) follower 收到 [0] AppendEntries [], prevIndex 0, prevTerm 0
024592 INFO S2: (term 1) follower 收到 [0] AppendEntries [], prevIndex 0, prevTerm 0
024593 LEAD S0: 1 append success next 1 match 0
024593 LEAD S0: 2 append success next 1 match 0
025093 LEAD S0: prevLog &raft.Entry{Command:interface {}(nil), Term:0, Index:0}
025093 LEAD S0: prevLog &raft.Entry{Command:interface {}(nil), Term:0, Index:0}
025094 INFO S2: (term 1) follower 收到 [0] AppendEntries [], prevIndex 0, prevTerm 0
025094 INFO S1: (term 1) follower 收到 [0] AppendEntries [], prevIndex 0, prevTerm 0
025094 LEAD S0: 2 append success next 1 match 0
025095 LEAD S0: 1 append success next 1 match 0
025595 LEAD S0: prevLog &raft.Entry{Command:interface {}(nil), Term:0, Index:0}
025595 LEAD S0: prevLog &raft.Entry{Command:interface {}(nil), Term:0, Index:0}
025596 INFO S1: (term 1) follower 收到 [0] AppendEntries [], prevIndex 0, prevTerm 0
025596 INFO S2: (term 1) follower 收到 [0] AppendEntries [], prevIndex 0, prevTerm 0
025596 LEAD S0: 1 append success next 1 match 0
025597 LEAD S0: 2 append success next 1 match 0
026096 LEAD S0: prevLog &raft.Entry{Command:interface {}(nil), Term:0, Index:0}
026097 LEAD S0: prevLog &raft.Entry{Command:interface {}(nil), Term:0, Index:0}
026098 INFO S2: (term 1) follower 收到 [0] AppendEntries [], prevIndex 0, prevTerm 0
026098 LEAD S0: 2 append success next 1 match 0
026098 INFO S1: (term 1) follower 收到 [0] AppendEntries [], prevIndex 0, prevTerm 0
026099 LEAD S0: 1 append success next 1 match 0
026598 LEAD S0: prevLog &raft.Entry{Command:interface {}(nil), Term:0, Index:0}
026599 LEAD S0: prevLog &raft.Entry{Command:interface {}(nil), Term:0, Index:0}
026599 INFO S1: (term 1) follower 收到 [0] AppendEntries [], prevIndex 0, prevTerm 0
026599 INFO S2: (term 1) follower 收到 [0] AppendEntries [], prevIndex 0, prevTerm 0
026600 LEAD S0: 1 append success next 1 match 0
026600 LEAD S0: 2 append success next 1 match 0
027100 LEAD S0: prevLog &raft.Entry{Command:interface {}(nil), Term:0, Index:0}
027101 LEAD S0: prevLog &raft.Entry{Command:interface {}(nil), Term:0, Index:0}
027101 INFO S1: (term 1) follower 收到 [0] AppendEntries [], prevIndex 0, prevTerm 0
027101 INFO S2: (term 1) follower 收到 [0] AppendEntries [], prevIndex 0, prevTerm 0
027102 LEAD S0: 1 append success next 1 match 0
027102 LEAD S0: 2 append success next 1 match 0
027602 LEAD S0: prevLog &raft.Entry{Command:interface {}(nil), Term:0, Index:0}
027602 LEAD S0: prevLog &raft.Entry{Command:interface {}(nil), Term:0, Index:0}
027603 INFO S2: (term 1) follower 收到 [0] AppendEntries [], prevIndex 0, prevTerm 0
027603 LEAD S0: 2 append success next 1 match 0
027604 INFO S1: (term 1) follower 收到 [0] AppendEntries [], prevIndex 0, prevTerm 0
027604 LEAD S0: 1 append success next 1 match 0
028104 LEAD S0: prevLog &raft.Entry{Command:interface {}(nil), Term:0, Index:0}
028104 LEAD S0: prevLog &raft.Entry{Command:interface {}(nil), Term:0, Index:0}
028105 INFO S2: (term 1) follower 收到 [0] AppendEntries [], prevIndex 0, prevTerm 0
028105 LEAD S0: 2 append success next 1 match 0
028105 INFO S1: (term 1) follower 收到 [0] AppendEntries [], prevIndex 0, prevTerm 0
028105 LEAD S0: 1 append success next 1 match 0
028606 LEAD S0: prevLog &raft.Entry{Command:interface {}(nil), Term:0, Index:0}
028606 LEAD S0: prevLog &raft.Entry{Command:interface {}(nil), Term:0, Index:0}
028606 INFO S1: (term 1) follower 收到 [0] AppendEntries [], prevIndex 0, prevTerm 0
028607 LEAD S0: 1 append success next 1 match 0
028607 INFO S2: (term 1) follower 收到 [0] AppendEntries [], prevIndex 0, prevTerm 0
028607 LEAD S0: 2 append success next 1 match 0
029108 LEAD S0: prevLog &raft.Entry{Command:interface {}(nil), Term:0, Index:0}
029108 LEAD S0: prevLog &raft.Entry{Command:interface {}(nil), Term:0, Index:0}
029109 INFO S1: (term 1) follower 收到 [0] AppendEntries [], prevIndex 0, prevTerm 0
029109 INFO S2: (term 1) follower 收到 [0] AppendEntries [], prevIndex 0, prevTerm 0
029109 LEAD S0: 1 append success next 1 match 0
029110 LEAD S0: 2 append success next 1 match 0
029611 LEAD S0: prevLog &raft.Entry{Command:interface {}(nil), Term:0, Index:0}
029611 LEAD S0: prevLog &raft.Entry{Command:interface {}(nil), Term:0, Index:0}
029612 INFO S1: (term 1) follower 收到 [0] AppendEntries [], prevIndex 0, prevTerm 0
029612 INFO S2: (term 1) follower 收到 [0] AppendEntries [], prevIndex 0, prevTerm 0
029612 LEAD S0: 1 append success next 1 match 0
029612 LEAD S0: 2 append success next 1 match 0
030112 LEAD S0: prevLog &raft.Entry{Command:interface {}(nil), Term:0, Index:0}
030113 LEAD S0: prevLog &raft.Entry{Command:interface {}(nil), Term:0, Index:0}
030114 INFO S1: (term 1) follower 收到 [0] AppendEntries [], prevIndex 0, prevTerm 0
030114 INFO S2: (term 1) follower 收到 [0] AppendEntries [], prevIndex 0, prevTerm 0
030114 LEAD S0: 1 append success next 1 match 0
030114 LEAD S0: 2 append success next 1 match 0
030614 LEAD S0: prevLog &raft.Entry{Command:interface {}(nil), Term:0, Index:0}
030614 LEAD S0: prevLog &raft.Entry{Command:interface {}(nil), Term:0, Index:0}
030615 INFO S1: (term 1) follower 收到 [0] AppendEntries [], prevIndex 0, prevTerm 0
030615 INFO S2: (term 1) follower 收到 [0] AppendEntries [], prevIndex 0, prevTerm 0
030616 LEAD S0: 1 append success next 1 match 0
030616 LEAD S0: 2 append success next 1 match 0
031116 LEAD S0: prevLog &raft.Entry{Command:interface {}(nil), Term:0, Index:0}
031116 LEAD S0: prevLog &raft.Entry{Command:interface {}(nil), Term:0, Index:0}
031117 INFO S1: (term 1) follower 收到 [0] AppendEntries [], prevIndex 0, prevTerm 0
031117 INFO S2: (term 1) follower 收到 [0] AppendEntries [], prevIndex 0, prevTerm 0
031117 LEAD S0: 1 append success next 1 match 0
031117 LEAD S0: 2 append success next 1 match 0
031618 LEAD S0: prevLog &raft.Entry{Command:interface {}(nil), Term:0, Index:0}
031618 LEAD S0: prevLog &raft.Entry{Command:interface {}(nil), Term:0, Index:0}
031619 INFO S2: (term 1) follower 收到 [0] AppendEntries [], prevIndex 0, prevTerm 0
031619 INFO S1: (term 1) follower 收到 [0] AppendEntries [], prevIndex 0, prevTerm 0
031619 LEAD S0: 2 append success next 1 match 0
031619 LEAD S0: 1 append success next 1 match 0
032119 LEAD S0: prevLog &raft.Entry{Command:interface {}(nil), Term:0, Index:0}
032120 LEAD S0: prevLog &raft.Entry{Command:interface {}(nil), Term:0, Index:0}
032120 INFO S1: (term 1) follower 收到 [0] AppendEntries [], prevIndex 0, prevTerm 0
032121 LEAD S0: 1 append success next 1 match 0
032120 INFO S2: (term 1) follower 收到 [0] AppendEntries [], prevIndex 0, prevTerm 0
032121 LEAD S0: 2 append success next 1 match 0
032621 LEAD S0: prevLog &raft.Entry{Command:interface {}(nil), Term:0, Index:0}
032621 LEAD S0: prevLog &raft.Entry{Command:interface {}(nil), Term:0, Index:0}
032622 INFO S2: (term 1) follower 收到 [0] AppendEntries [], prevIndex 0, prevTerm 0
032622 LEAD S0: 2 append success next 1 match 0
032623 INFO S1: (term 1) follower 收到 [0] AppendEntries [], prevIndex 0, prevTerm 0
032623 LEAD S0: 1 append success next 1 match 0
033123 LEAD S0: prevLog &raft.Entry{Command:interface {}(nil), Term:0, Index:0}
033123 LEAD S0: prevLog &raft.Entry{Command:interface {}(nil), Term:0, Index:0}
033124 INFO S1: (term 1) follower 收到 [0] AppendEntries [], prevIndex 0, prevTerm 0
033124 INFO S2: (term 1) follower 收到 [0] AppendEntries [], prevIndex 0, prevTerm 0
033124 LEAD S0: 1 append success next 1 match 0
033124 LEAD S0: 2 append success next 1 match 0
033624 LEAD S0: prevLog &raft.Entry{Command:interface {}(nil), Term:0, Index:0}
033624 LEAD S0: prevLog &raft.Entry{Command:interface {}(nil), Term:0, Index:0}
033625 INFO S2: (term 1) follower 收到 [0] AppendEntries [], prevIndex 0, prevTerm 0
033625 LEAD S0: 2 append success next 1 match 0
033626 INFO S1: (term 1) follower 收到 [0] AppendEntries [], prevIndex 0, prevTerm 0
033626 LEAD S0: 1 append success next 1 match 0
034126 LEAD S0: prevLog &raft.Entry{Command:interface {}(nil), Term:0, Index:0}
034126 LEAD S0: prevLog &raft.Entry{Command:interface {}(nil), Term:0, Index:0}
034127 INFO S2: (term 1) follower 收到 [0] AppendEntries [], prevIndex 0, prevTerm 0
034127 INFO S1: (term 1) follower 收到 [0] AppendEntries [], prevIndex 0, prevTerm 0
034129 LEAD S0: 2 append success next 1 match 0
034130 LEAD S0: 1 append success next 1 match 0
034627 LEAD S0: prevLog &raft.Entry{Command:interface {}(nil), Term:0, Index:0}
034628 LEAD S0: prevLog &raft.Entry{Command:interface {}(nil), Term:0, Index:0}
034629 INFO S2: (term 1) follower 收到 [0] AppendEntries [], prevIndex 0, prevTerm 0
034629 INFO S1: (term 1) follower 收到 [0] AppendEntries [], prevIndex 0, prevTerm 0
034629 LEAD S0: 2 append success next 1 match 0
034629 LEAD S0: 1 append success next 1 match 0
035129 LEAD S0: prevLog &raft.Entry{Command:interface {}(nil), Term:0, Index:0}
035130 LEAD S0: prevLog &raft.Entry{Command:interface {}(nil), Term:0, Index:0}
035130 INFO S1: (term 1) follower 收到 [0] AppendEntries [], prevIndex 0, prevTerm 0
035130 INFO S2: (term 1) follower 收到 [0] AppendEntries [], prevIndex 0, prevTerm 0
035131 LEAD S0: 1 append success next 1 match 0
035131 LEAD S0: 2 append success next 1 match 0
035631 LEAD S0: prevLog &raft.Entry{Command:interface {}(nil), Term:0, Index:0}
035632 LEAD S0: prevLog &raft.Entry{Command:interface {}(nil), Term:0, Index:0}
035632 INFO S2: (term 1) follower 收到 [0] AppendEntries [], prevIndex 0, prevTerm 0
035632 INFO S1: (term 1) follower 收到 [0] AppendEntries [], prevIndex 0, prevTerm 0
035633 LEAD S0: 2 append success next 1 match 0
035633 LEAD S0: 1 append success next 1 match 0
036133 LEAD S0: prevLog &raft.Entry{Command:interface {}(nil), Term:0, Index:0}
036133 LEAD S0: prevLog &raft.Entry{Command:interface {}(nil), Term:0, Index:0}
036134 INFO S2: (term 1) follower 收到 [0] AppendEntries [], prevIndex 0, prevTerm 0
036134 INFO S1: (term 1) follower 收到 [0] AppendEntries [], prevIndex 0, prevTerm 0
036134 LEAD S0: 2 append success next 1 match 0
036134 LEAD S0: 1 append success next 1 match 0
036635 LEAD S0: prevLog &raft.Entry{Command:interface {}(nil), Term:0, Index:0}
036635 LEAD S0: prevLog &raft.Entry{Command:interface {}(nil), Term:0, Index:0}
036636 INFO S2: (term 1) follower 收到 [0] AppendEntries [], prevIndex 0, prevTerm 0
036636 INFO S1: (term 1) follower 收到 [0] AppendEntries [], prevIndex 0, prevTerm 0
036636 LEAD S0: 1 append success next 1 match 0
036636 LEAD S0: 2 append success next 1 match 0
037138 LEAD S0: prevLog &raft.Entry{Command:interface {}(nil), Term:0, Index:0}
037138 LEAD S0: prevLog &raft.Entry{Command:interface {}(nil), Term:0, Index:0}
037140 INFO S1: (term 1) follower 收到 [0] AppendEntries [], prevIndex 0, prevTerm 0
037140 LEAD S0: 1 append success next 1 match 0
037140 INFO S2: (term 1) follower 收到 [0] AppendEntries [], prevIndex 0, prevTerm 0
037140 LEAD S0: 2 append success next 1 match 0
037639 LEAD S0: prevLog &raft.Entry{Command:interface {}(nil), Term:0, Index:0}
037640 LEAD S0: prevLog &raft.Entry{Command:interface {}(nil), Term:0, Index:0}
037640 INFO S1: (term 1) follower 收到 [0] AppendEntries [], prevIndex 0, prevTerm 0
037640 INFO S2: (term 1) follower 收到 [0] AppendEntries [], prevIndex 0, prevTerm 0
037641 LEAD S0: 1 append success next 1 match 0
037641 LEAD S0: 2 append success next 1 match 0
038142 LEAD S0: prevLog &raft.Entry{Command:interface {}(nil), Term:0, Index:0}
038142 LEAD S0: prevLog &raft.Entry{Command:interface {}(nil), Term:0, Index:0}
038142 INFO S1: (term 1) follower 收到 [0] AppendEntries [], prevIndex 0, prevTerm 0
038143 LEAD S0: 1 append success next 1 match 0
038143 INFO S2: (term 1) follower 收到 [0] AppendEntries [], prevIndex 0, prevTerm 0
038143 LEAD S0: 2 append success next 1 match 0
038644 LEAD S0: prevLog &raft.Entry{Command:interface {}(nil), Term:0, Index:0}
038645 LEAD S0: prevLog &raft.Entry{Command:interface {}(nil), Term:0, Index:0}
038645 INFO S2: (term 1) follower 收到 [0] AppendEntries [], prevIndex 0, prevTerm 0
038645 INFO S1: (term 1) follower 收到 [0] AppendEntries [], prevIndex 0, prevTerm 0
038646 LEAD S0: 1 append success next 1 match 0
038646 LEAD S0: 2 append success next 1 match 0
039146 LEAD S0: prevLog &raft.Entry{Command:interface {}(nil), Term:0, Index:0}
039146 LEAD S0: prevLog &raft.Entry{Command:interface {}(nil), Term:0, Index:0}
039147 INFO S2: (term 1) follower 收到 [0] AppendEntries [], prevIndex 0, prevTerm 0
039147 LEAD S0: 2 append success next 1 match 0
039148 INFO S1: (term 1) follower 收到 [0] AppendEntries [], prevIndex 0, prevTerm 0
039148 LEAD S0: 1 append success next 1 match 0
039648 LEAD S0: prevLog &raft.Entry{Command:interface {}(nil), Term:0, Index:0}
039648 LEAD S0: prevLog &raft.Entry{Command:interface {}(nil), Term:0, Index:0}
039649 INFO S2: (term 1) follower 收到 [0] AppendEntries [], prevIndex 0, prevTerm 0
039649 INFO S1: (term 1) follower 收到 [0] AppendEntries [], prevIndex 0, prevTerm 0
039649 LEAD S0: 2 append success next 1 match 0
039649 LEAD S0: 1 append success next 1 match 0
040150 LEAD S0: prevLog &raft.Entry{Command:interface {}(nil), Term:0, Index:0}
040150 LEAD S0: prevLog &raft.Entry{Command:interface {}(nil), Term:0, Index:0}
040151 INFO S1: (term 1) follower 收到 [0] AppendEntries [], prevIndex 0, prevTerm 0
040151 INFO S2: (term 1) follower 收到 [0] AppendEntries [], prevIndex 0, prevTerm 0
040151 LEAD S0: 1 append success next 1 match 0
040151 LEAD S0: 2 append success next 1 match 0
040651 LEAD S0: prevLog &raft.Entry{Command:interface {}(nil), Term:0, Index:0}
040652 LEAD S0: prevLog &raft.Entry{Command:interface {}(nil), Term:0, Index:0}
040652 INFO S1: (term 1) follower 收到 [0] AppendEntries [], prevIndex 0, prevTerm 0
040653 INFO S2: (term 1) follower 收到 [0] AppendEntries [], prevIndex 0, prevTerm 0
040653 LEAD S0: 1 append success next 1 match 0
040653 LEAD S0: 2 append success next 1 match 0
041153 LEAD S0: prevLog &raft.Entry{Command:interface {}(nil), Term:0, Index:0}
041153 LEAD S0: prevLog &raft.Entry{Command:interface {}(nil), Term:0, Index:0}
041154 INFO S1: (term 1) follower 收到 [0] AppendEntries [], prevIndex 0, prevTerm 0
041154 INFO S2: (term 1) follower 收到 [0] AppendEntries [], prevIndex 0, prevTerm 0
041154 LEAD S0: 1 append success next 1 match 0
041154 LEAD S0: 2 append success next 1 match 0
041655 LEAD S0: prevLog &raft.Entry{Command:interface {}(nil), Term:0, Index:0}
041655 LEAD S0: prevLog &raft.Entry{Command:interface {}(nil), Term:0, Index:0}
041656 INFO S1: (term 1) follower 收到 [0] AppendEntries [], prevIndex 0, prevTerm 0
041656 INFO S2: (term 1) follower 收到 [0] AppendEntries [], prevIndex 0, prevTerm 0
041656 LEAD S0: 1 append success next 1 match 0
041656 LEAD S0: 2 append success next 1 match 0
042156 LEAD S0: prevLog &raft.Entry{Command:interface {}(nil), Term:0, Index:0}
042157 LEAD S0: prevLog &raft.Entry{Command:interface {}(nil), Term:0, Index:0}
042157 INFO S1: (term 1) follower 收到 [0] AppendEntries [], prevIndex 0, prevTerm 0
042157 INFO S2: (term 1) follower 收到 [0] AppendEntries [], prevIndex 0, prevTerm 0
042158 LEAD S0: 1 append success next 1 match 0
042158 LEAD S0: 2 append success next 1 match 0
042658 LEAD S0: prevLog &raft.Entry{Command:interface {}(nil), Term:0, Index:0}
042659 LEAD S0: prevLog &raft.Entry{Command:interface {}(nil), Term:0, Index:0}
042659 INFO S1: (term 1) follower 收到 [0] AppendEntries [], prevIndex 0, prevTerm 0
042659 INFO S2: (term 1) follower 收到 [0] AppendEntries [], prevIndex 0, prevTerm 0
042660 LEAD S0: 1 append success next 1 match 0
042660 LEAD S0: 2 append success next 1 match 0
043160 LEAD S0: prevLog &raft.Entry{Command:interface {}(nil), Term:0, Index:0}
043161 LEAD S0: prevLog &raft.Entry{Command:interface {}(nil), Term:0, Index:0}
043161 INFO S2: (term 1) follower 收到 [0] AppendEntries [], prevIndex 0, prevTerm 0
043161 INFO S1: (term 1) follower 收到 [0] AppendEntries [], prevIndex 0, prevTerm 0
043161 LEAD S0: 2 append success next 1 match 0
043162 LEAD S0: 1 append success next 1 match 0
043662 LEAD S0: prevLog &raft.Entry{Command:interface {}(nil), Term:0, Index:0}
043662 LEAD S0: prevLog &raft.Entry{Command:interface {}(nil), Term:0, Index:0}
043663 INFO S2: (term 1) follower 收到 [0] AppendEntries [], prevIndex 0, prevTerm 0
043663 LEAD S0: 2 append success next 1 match 0
043663 INFO S1: (term 1) follower 收到 [0] AppendEntries [], prevIndex 0, prevTerm 0
043664 LEAD S0: 1 append success next 1 match 0
044163 LEAD S0: prevLog &raft.Entry{Command:interface {}(nil), Term:0, Index:0}
044164 LEAD S0: prevLog &raft.Entry{Command:interface {}(nil), Term:0, Index:0}
044164 INFO S2: (term 1) follower 收到 [0] AppendEntries [], prevIndex 0, prevTerm 0
044164 INFO S1: (term 1) follower 收到 [0] AppendEntries [], prevIndex 0, prevTerm 0
044165 LEAD S0: 2 append success next 1 match 0
044165 LEAD S0: 1 append success next 1 match 0
044665 LEAD S0: prevLog &raft.Entry{Command:interface {}(nil), Term:0, Index:0}
044665 LEAD S0: prevLog &raft.Entry{Command:interface {}(nil), Term:0, Index:0}
044666 INFO S2: (term 1) follower 收到 [0] AppendEntries [], prevIndex 0, prevTerm 0
044667 LEAD S0: 2 append success next 1 match 0
044666 INFO S1: (term 1) follower 收到 [0] AppendEntries [], prevIndex 0, prevTerm 0
044667 LEAD S0: 1 append success next 1 match 0
045167 LEAD S0: prevLog &raft.Entry{Command:interface {}(nil), Term:0, Index:0}
045167 LEAD S0: prevLog &raft.Entry{Command:interface {}(nil), Term:0, Index:0}
045168 INFO S2: (term 1) follower 收到 [0] AppendEntries [], prevIndex 0, prevTerm 0
045168 INFO S1: (term 1) follower 收到 [0] AppendEntries [], prevIndex 0, prevTerm 0
045168 LEAD S0: 1 append success next 1 match 0
045169 LEAD S0: 2 append success next 1 match 0
045669 LEAD S0: prevLog &raft.Entry{Command:interface {}(nil), Term:0, Index:0}
045669 LEAD S0: prevLog &raft.Entry{Command:interface {}(nil), Term:0, Index:0}
045670 INFO S1: (term 1) follower 收到 [0] AppendEntries [], prevIndex 0, prevTerm 0
045670 INFO S2: (term 1) follower 收到 [0] AppendEntries [], prevIndex 0, prevTerm 0
045670 LEAD S0: 1 append success next 1 match 0
045670 LEAD S0: 2 append success next 1 match 0
046170 LEAD S0: prevLog &raft.Entry{Command:interface {}(nil), Term:0, Index:0}
046170 LEAD S0: prevLog &raft.Entry{Command:interface {}(nil), Term:0, Index:0}
046171 INFO S1: (term 1) follower 收到 [0] AppendEntries [], prevIndex 0, prevTerm 0
046171 INFO S2: (term 1) follower 收到 [0] AppendEntries [], prevIndex 0, prevTerm 0
046171 LEAD S0: 1 append success next 1 match 0
046171 LEAD S0: 2 append success next 1 match 0
046673 LEAD S0: prevLog &raft.Entry{Command:interface {}(nil), Term:0, Index:0}
046673 LEAD S0: prevLog &raft.Entry{Command:interface {}(nil), Term:0, Index:0}
046674 INFO S1: (term 1) follower 收到 [0] AppendEntries [], prevIndex 0, prevTerm 0
046674 INFO S2: (term 1) follower 收到 [0] AppendEntries [], prevIndex 0, prevTerm 0
046674 LEAD S0: 1 append success next 1 match 0
046674 LEAD S0: 2 append success next 1 match 0
047175 LEAD S0: prevLog &raft.Entry{Command:interface {}(nil), Term:0, Index:0}
047175 LEAD S0: prevLog &raft.Entry{Command:interface {}(nil), Term:0, Index:0}
047176 INFO S1: (term 1) follower 收到 [0] AppendEntries [], prevIndex 0, prevTerm 0
047176 INFO S2: (term 1) follower 收到 [0] AppendEntries [], prevIndex 0, prevTerm 0
047176 LEAD S0: 1 append success next 1 match 0
047176 LEAD S0: 2 append success next 1 match 0
047677 LEAD S0: prevLog &raft.Entry{Command:interface {}(nil), Term:0, Index:0}
047677 LEAD S0: prevLog &raft.Entry{Command:interface {}(nil), Term:0, Index:0}
047678 INFO S2: (term 1) follower 收到 [0] AppendEntries [], prevIndex 0, prevTerm 0
047678 INFO S1: (term 1) follower 收到 [0] AppendEntries [], prevIndex 0, prevTerm 0
047678 LEAD S0: 2 append success next 1 match 0
047678 LEAD S0: 1 append success next 1 match 0
048179 LEAD S0: prevLog &raft.Entry{Command:interface {}(nil), Term:0, Index:0}
048179 LEAD S0: prevLog &raft.Entry{Command:interface {}(nil), Term:0, Index:0}
048180 INFO S2: (term 1) follower 收到 [0] AppendEntries [], prevIndex 0, prevTerm 0
048180 LEAD S0: 2 append success next 1 match 0
048180 INFO S1: (term 1) follower 收到 [0] AppendEntries [], prevIndex 0, prevTerm 0
048181 LEAD S0: 1 append success next 1 match 0
048680 LEAD S0: prevLog &raft.Entry{Command:interface {}(nil), Term:0, Index:0}
048681 LEAD S0: prevLog &raft.Entry{Command:interface {}(nil), Term:0, Index:0}
048681 INFO S2: (term 1) follower 收到 [0] AppendEntries [], prevIndex 0, prevTerm 0
048681 INFO S1: (term 1) follower 收到 [0] AppendEntries [], prevIndex 0, prevTerm 0
048682 LEAD S0: 2 append success next 1 match 0
048682 LEAD S0: 1 append success next 1 match 0
049183 LEAD S0: prevLog &raft.Entry{Command:interface {}(nil), Term:0, Index:0}
049183 LEAD S0: prevLog &raft.Entry{Command:interface {}(nil), Term:0, Index:0}
049184 INFO S1: (term 1) follower 收到 [0] AppendEntries [], prevIndex 0, prevTerm 0
049184 LEAD S0: 1 append success next 1 match 0
049184 INFO S2: (term 1) follower 收到 [0] AppendEntries [], prevIndex 0, prevTerm 0
049184 LEAD S0: 2 append success next 1 match 0
049686 LEAD S0: prevLog &raft.Entry{Command:interface {}(nil), Term:0, Index:0}
049686 LEAD S0: prevLog &raft.Entry{Command:interface {}(nil), Term:0, Index:0}
049687 INFO S1: (term 1) follower 收到 [0] AppendEntries [], prevIndex 0, prevTerm 0
049687 INFO S2: (term 1) follower 收到 [0] AppendEntries [], prevIndex 0, prevTerm 0
049687 LEAD S0: 1 append success next 1 match 0
049687 LEAD S0: 2 append success next 1 match 0
050188 LEAD S0: prevLog &raft.Entry{Command:interface {}(nil), Term:0, Index:0}
050188 LEAD S0: prevLog &raft.Entry{Command:interface {}(nil), Term:0, Index:0}
050188 INFO S2: (term 1) follower 收到 [0] AppendEntries [], prevIndex 0, prevTerm 0
050188 INFO S1: (term 1) follower 收到 [0] AppendEntries [], prevIndex 0, prevTerm 0
050189 LEAD S0: 1 append success next 1 match 0
050189 LEAD S0: 2 append success next 1 match 0
050690 LEAD S0: prevLog &raft.Entry{Command:interface {}(nil), Term:0, Index:0}
050690 LEAD S0: prevLog &raft.Entry{Command:interface {}(nil), Term:0, Index:0}
050691 INFO S2: (term 1) follower 收到 [0] AppendEntries [], prevIndex 0, prevTerm 0
050691 INFO S1: (term 1) follower 收到 [0] AppendEntries [], prevIndex 0, prevTerm 0
050691 LEAD S0: 1 append success next 1 match 0
050691 LEAD S0: 2 append success next 1 match 0
051192 LEAD S0: prevLog &raft.Entry{Command:interface {}(nil), Term:0, Index:0}
051192 LEAD S0: prevLog &raft.Entry{Command:interface {}(nil), Term:0, Index:0}
051193 INFO S2: (term 1) follower 收到 [0] AppendEntries [], prevIndex 0, prevTerm 0
051193 LEAD S0: 2 append success next 1 match 0
051193 INFO S1: (term 1) follower 收到 [0] AppendEntries [], prevIndex 0, prevTerm 0
051194 LEAD S0: 1 append success next 1 match 0
051693 LEAD S0: prevLog &raft.Entry{Command:interface {}(nil), Term:0, Index:0}
051693 LEAD S0: prevLog &raft.Entry{Command:interface {}(nil), Term:0, Index:0}
051694 INFO S1: (term 1) follower 收到 [0] AppendEntries [], prevIndex 0, prevTerm 0
051694 INFO S2: (term 1) follower 收到 [0] AppendEntries [], prevIndex 0, prevTerm 0
051695 LEAD S0: 2 append success next 1 match 0
051695 LEAD S0: 1 append success next 1 match 0
052195 LEAD S0: prevLog &raft.Entry{Command:interface {}(nil), Term:0, Index:0}
052196 LEAD S0: prevLog &raft.Entry{Command:interface {}(nil), Term:0, Index:0}
052196 INFO S1: (term 1) follower 收到 [0] AppendEntries [], prevIndex 0, prevTerm 0
052197 LEAD S0: 1 append success next 1 match 0
052197 INFO S2: (term 1) follower 收到 [0] AppendEntries [], prevIndex 0, prevTerm 0
052197 LEAD S0: 2 append success next 1 match 0
052699 LEAD S0: prevLog &raft.Entry{Command:interface {}(nil), Term:0, Index:0}
052699 LEAD S0: prevLog &raft.Entry{Command:interface {}(nil), Term:0, Index:0}
052699 INFO S2: (term 1) follower 收到 [0] AppendEntries [], prevIndex 0, prevTerm 0
052699 INFO S1: (term 1) follower 收到 [0] AppendEntries [], prevIndex 0, prevTerm 0
052700 LEAD S0: 1 append success next 1 match 0
052700 LEAD S0: 2 append success next 1 match 0
053201 LEAD S0: prevLog &raft.Entry{Command:interface {}(nil), Term:0, Index:0}
053201 LEAD S0: prevLog &raft.Entry{Command:interface {}(nil), Term:0, Index:0}
053202 INFO S2: (term 1) follower 收到 [0] AppendEntries [], prevIndex 0, prevTerm 0
053202 INFO S1: (term 1) follower 收到 [0] AppendEntries [], prevIndex 0, prevTerm 0
053202 LEAD S0: 1 append success next 1 match 0
053203 LEAD S0: 2 append success next 1 match 0
053703 LEAD S0: prevLog &raft.Entry{Command:interface {}(nil), Term:0, Index:0}
053703 LEAD S0: prevLog &raft.Entry{Command:interface {}(nil), Term:0, Index:0}
053704 INFO S1: (term 1) follower 收到 [0] AppendEntries [], prevIndex 0, prevTerm 0
053704 LEAD S0: 1 append success next 1 match 0
053704 INFO S2: (term 1) follower 收到 [0] AppendEntries [], prevIndex 0, prevTerm 0
053705 LEAD S0: 2 append success next 1 match 0
054206 LEAD S0: prevLog &raft.Entry{Command:interface {}(nil), Term:0, Index:0}
054206 LEAD S0: prevLog &raft.Entry{Command:interface {}(nil), Term:0, Index:0}
054206 INFO S1: (term 1) follower 收到 [0] AppendEntries [], prevIndex 0, prevTerm 0
054207 LEAD S0: 1 append success next 1 match 0
054207 INFO S2: (term 1) follower 收到 [0] AppendEntries [], prevIndex 0, prevTerm 0
054207 LEAD S0: 2 append success next 1 match 0
054708 LEAD S0: prevLog &raft.Entry{Command:interface {}(nil), Term:0, Index:0}
054708 LEAD S0: prevLog &raft.Entry{Command:interface {}(nil), Term:0, Index:0}
054709 INFO S2: (term 1) follower 收到 [0] AppendEntries [], prevIndex 0, prevTerm 0
054709 INFO S1: (term 1) follower 收到 [0] AppendEntries [], prevIndex 0, prevTerm 0
054709 LEAD S0: 1 append success next 1 match 0
054709 LEAD S0: 2 append success next 1 match 0
055209 LEAD S0: prevLog &raft.Entry{Command:interface {}(nil), Term:0, Index:0}
055210 LEAD S0: prevLog &raft.Entry{Command:interface {}(nil), Term:0, Index:0}
055210 INFO S2: (term 1) follower 收到 [0] AppendEntries [], prevIndex 0, prevTerm 0
055211 LEAD S0: 2 append success next 1 match 0
055211 INFO S1: (term 1) follower 收到 [0] AppendEntries [], prevIndex 0, prevTerm 0
055211 LEAD S0: 1 append success next 1 match 0
055711 LEAD S0: prevLog &raft.Entry{Command:interface {}(nil), Term:0, Index:0}
055711 LEAD S0: prevLog &raft.Entry{Command:interface {}(nil), Term:0, Index:0}
055712 INFO S2: (term 1) follower 收到 [0] AppendEntries [], prevIndex 0, prevTerm 0
055712 LEAD S0: 2 append success next 1 match 0
055713 INFO S1: (term 1) follower 收到 [0] AppendEntries [], prevIndex 0, prevTerm 0
055713 LEAD S0: 1 append success next 1 match 0
056213 LEAD S0: prevLog &raft.Entry{Command:interface {}(nil), Term:0, Index:0}
056213 LEAD S0: prevLog &raft.Entry{Command:interface {}(nil), Term:0, Index:0}
056214 INFO S2: (term 1) follower 收到 [0] AppendEntries [], prevIndex 0, prevTerm 0
056214 INFO S1: (term 1) follower 收到 [0] AppendEntries [], prevIndex 0, prevTerm 0
056214 LEAD S0: 2 append success next 1 match 0
056214 LEAD S0: 1 append success next 1 match 0
056714 LEAD S0: prevLog &raft.Entry{Command:interface {}(nil), Term:0, Index:0}
056714 LEAD S0: prevLog &raft.Entry{Command:interface {}(nil), Term:0, Index:0}
056715 INFO S2: (term 1) follower 收到 [0] AppendEntries [], prevIndex 0, prevTerm 0
056715 LEAD S0: 2 append success next 1 match 0
056716 INFO S1: (term 1) follower 收到 [0] AppendEntries [], prevIndex 0, prevTerm 0
056716 LEAD S0: 1 append success next 1 match 0
057216 LEAD S0: prevLog &raft.Entry{Command:interface {}(nil), Term:0, Index:0}
057216 LEAD S0: prevLog &raft.Entry{Command:interface {}(nil), Term:0, Index:0}
057217 INFO S2: (term 1) follower 收到 [0] AppendEntries [], prevIndex 0, prevTerm 0
057217 LEAD S0: 2 append success next 1 match 0
057218 INFO S1: (term 1) follower 收到 [0] AppendEntries [], prevIndex 0, prevTerm 0
057218 LEAD S0: 1 append success next 1 match 0
057718 LEAD S0: prevLog &raft.Entry{Command:interface {}(nil), Term:0, Index:0}
057718 LEAD S0: prevLog &raft.Entry{Command:interface {}(nil), Term:0, Index:0}
057718 INFO S1: (term 1) follower 收到 [0] AppendEntries [], prevIndex 0, prevTerm 0
057718 INFO S2: (term 1) follower 收到 [0] AppendEntries [], prevIndex 0, prevTerm 0
057719 LEAD S0: 2 append success next 1 match 0
057719 LEAD S0: 1 append success next 1 match 0
058219 LEAD S0: prevLog &raft.Entry{Command:interface {}(nil), Term:0, Index:0}
058219 LEAD S0: prevLog &raft.Entry{Command:interface {}(nil), Term:0, Index:0}
058220 INFO S1: (term 1) follower 收到 [0] AppendEntries [], prevIndex 0, prevTerm 0
058220 INFO S2: (term 1) follower 收到 [0] AppendEntries [], prevIndex 0, prevTerm 0
058221 LEAD S0: 2 append success next 1 match 0
058221 LEAD S0: 1 append success next 1 match 0
058721 LEAD S0: prevLog &raft.Entry{Command:interface {}(nil), Term:0, Index:0}
058721 LEAD S0: prevLog &raft.Entry{Command:interface {}(nil), Term:0, Index:0}
058722 INFO S2: (term 1) follower 收到 [0] AppendEntries [], prevIndex 0, prevTerm 0
058722 INFO S1: (term 1) follower 收到 [0] AppendEntries [], prevIndex 0, prevTerm 0
058723 LEAD S0: 1 append success next 1 match 0
058723 LEAD S0: 2 append success next 1 match 0
059224 LEAD S0: prevLog &raft.Entry{Command:interface {}(nil), Term:0, Index:0}
059224 LEAD S0: prevLog &raft.Entry{Command:interface {}(nil), Term:0, Index:0}
059224 INFO S1: (term 1) follower 收到 [0] AppendEntries [], prevIndex 0, prevTerm 0
059225 LEAD S0: 1 append success next 1 match 0
059225 INFO S2: (term 1) follower 收到 [0] AppendEntries [], prevIndex 0, prevTerm 0
059225 LEAD S0: 2 append success next 1 match 0
059726 LEAD S0: prevLog &raft.Entry{Command:interface {}(nil), Term:0, Index:0}
059726 LEAD S0: prevLog &raft.Entry{Command:interface {}(nil), Term:0, Index:0}
059727 INFO S2: (term 1) follower 收到 [0] AppendEntries [], prevIndex 0, prevTerm 0
059727 INFO S1: (term 1) follower 收到 [0] AppendEntries [], prevIndex 0, prevTerm 0
059727 LEAD S0: 1 append success next 1 match 0
059727 LEAD S0: 2 append success next 1 match 0
060229 LEAD S0: prevLog &raft.Entry{Command:interface {}(nil), Term:0, Index:0}
060229 LEAD S0: prevLog &raft.Entry{Command:interface {}(nil), Term:0, Index:0}
060229 INFO S2: (term 1) follower 收到 [0] AppendEntries [], prevIndex 0, prevTerm 0
060230 INFO S1: (term 1) follower 收到 [0] AppendEntries [], prevIndex 0, prevTerm 0
060230 LEAD S0: 2 append success next 1 match 0
060230 LEAD S0: 1 append success next 1 match 0
060730 LEAD S0: prevLog &raft.Entry{Command:interface {}(nil), Term:0, Index:0}
060730 LEAD S0: prevLog &raft.Entry{Command:interface {}(nil), Term:0, Index:0}
060731 INFO S2: (term 1) follower 收到 [0] AppendEntries [], prevIndex 0, prevTerm 0
060732 LEAD S0: 2 append success next 1 match 0
060732 INFO S1: (term 1) follower 收到 [0] AppendEntries [], prevIndex 0, prevTerm 0
060732 LEAD S0: 1 append success next 1 match 0
061232 LEAD S0: prevLog &raft.Entry{Command:interface {}(nil), Term:0, Index:0}
061232 LEAD S0: prevLog &raft.Entry{Command:interface {}(nil), Term:0, Index:0}
061233 INFO S1: (term 1) follower 收到 [0] AppendEntries [], prevIndex 0, prevTerm 0
061233 INFO S2: (term 1) follower 收到 [0] AppendEntries [], prevIndex 0, prevTerm 0
061233 LEAD S0: 1 append success next 1 match 0
061233 LEAD S0: 2 append success next 1 match 0
061734 LEAD S0: prevLog &raft.Entry{Command:interface {}(nil), Term:0, Index:0}
061734 LEAD S0: prevLog &raft.Entry{Command:interface {}(nil), Term:0, Index:0}
061735 INFO S1: (term 1) follower 收到 [0] AppendEntries [], prevIndex 0, prevTerm 0
061735 INFO S2: (term 1) follower 收到 [0] AppendEntries [], prevIndex 0, prevTerm 0
061735 LEAD S0: 1 append success next 1 match 0
061735 LEAD S0: 2 append success next 1 match 0
062235 LEAD S0: prevLog &raft.Entry{Command:interface {}(nil), Term:0, Index:0}
062235 LEAD S0: prevLog &raft.Entry{Command:interface {}(nil), Term:0, Index:0}
062236 INFO S2: (term 1) follower 收到 [0] AppendEntries [], prevIndex 0, prevTerm 0
062236 INFO S1: (term 1) follower 收到 [0] AppendEntries [], prevIndex 0, prevTerm 0
062236 LEAD S0: 1 append success next 1 match 0
062236 LEAD S0: 2 append success next 1 match 0
062738 LEAD S0: prevLog &raft.Entry{Command:interface {}(nil), Term:0, Index:0}
062738 LEAD S0: prevLog &raft.Entry{Command:interface {}(nil), Term:0, Index:0}
062738 INFO S2: (term 1) follower 收到 [0] AppendEntries [], prevIndex 0, prevTerm 0
062739 LEAD S0: 2 append success next 1 match 0
062739 INFO S1: (term 1) follower 收到 [0] AppendEntries [], prevIndex 0, prevTerm 0
062739 LEAD S0: 1 append success next 1 match 0
063239 LEAD S0: prevLog &raft.Entry{Command:interface {}(nil), Term:0, Index:0}
063240 LEAD S0: prevLog &raft.Entry{Command:interface {}(nil), Term:0, Index:0}
063240 INFO S2: (term 1) follower 收到 [0] AppendEntries [], prevIndex 0, prevTerm 0
063240 INFO S1: (term 1) follower 收到 [0] AppendEntries [], prevIndex 0, prevTerm 0
063240 LEAD S0: 2 append success next 1 match 0
063240 LEAD S0: 1 append success next 1 match 0
063741 LEAD S0: prevLog &raft.Entry{Command:interface {}(nil), Term:0, Index:0}
063741 LEAD S0: prevLog &raft.Entry{Command:interface {}(nil), Term:0, Index:0}
063742 INFO S2: (term 1) follower 收到 [0] AppendEntries [], prevIndex 0, prevTerm 0
063742 LEAD S0: 2 append success next 1 match 0
063742 INFO S1: (term 1) follower 收到 [0] AppendEntries [], prevIndex 0, prevTerm 0
063743 LEAD S0: 1 append success next 1 match 0
064243 LEAD S0: prevLog &raft.Entry{Command:interface {}(nil), Term:0, Index:0}
064243 LEAD S0: prevLog &raft.Entry{Command:interface {}(nil), Term:0, Index:0}
064244 INFO S2: (term 1) follower 收到 [0] AppendEntries [], prevIndex 0, prevTerm 0
064244 INFO S1: (term 1) follower 收到 [0] AppendEntries [], prevIndex 0, prevTerm 0
064244 LEAD S0: 2 append success next 1 match 0
064244 LEAD S0: 1 append success next 1 match 0
064745 LEAD S0: prevLog &raft.Entry{Command:interface {}(nil), Term:0, Index:0}
064745 LEAD S0: prevLog &raft.Entry{Command:interface {}(nil), Term:0, Index:0}
064746 INFO S1: (term 1) follower 收到 [0] AppendEntries [], prevIndex 0, prevTerm 0
064746 INFO S2: (term 1) follower 收到 [0] AppendEntries [], prevIndex 0, prevTerm 0
064746 LEAD S0: 1 append success next 1 match 0
064746 LEAD S0: 2 append success next 1 match 0
065247 LEAD S0: prevLog &raft.Entry{Command:interface {}(nil), Term:0, Index:0}
065247 LEAD S0: prevLog &raft.Entry{Command:interface {}(nil), Term:0, Index:0}
065248 INFO S2: (term 1) follower 收到 [0] AppendEntries [], prevIndex 0, prevTerm 0
065248 INFO S1: (term 1) follower 收到 [0] AppendEntries [], prevIndex 0, prevTerm 0
065248 LEAD S0: 1 append success next 1 match 0
065248 LEAD S0: 2 append success next 1 match 0
065749 LEAD S0: prevLog &raft.Entry{Command:interface {}(nil), Term:0, Index:0}
065749 LEAD S0: prevLog &raft.Entry{Command:interface {}(nil), Term:0, Index:0}
065750 INFO S1: (term 1) follower 收到 [0] AppendEntries [], prevIndex 0, prevTerm 0
065750 INFO S2: (term 1) follower 收到 [0] AppendEntries [], prevIndex 0, prevTerm 0
065750 LEAD S0: 1 append success next 1 match 0
065750 LEAD S0: 2 append success next 1 match 0
066251 LEAD S0: prevLog &raft.Entry{Command:interface {}(nil), Term:0, Index:0}
066251 LEAD S0: prevLog &raft.Entry{Command:interface {}(nil), Term:0, Index:0}
066252 INFO S1: (term 1) follower 收到 [0] AppendEntries [], prevIndex 0, prevTerm 0
066252 INFO S2: (term 1) follower 收到 [0] AppendEntries [], prevIndex 0, prevTerm 0
066253 LEAD S0: 1 append success next 1 match 0
066253 LEAD S0: 2 append success next 1 match 0
066753 LEAD S0: prevLog &raft.Entry{Command:interface {}(nil), Term:0, Index:0}
066753 LEAD S0: prevLog &raft.Entry{Command:interface {}(nil), Term:0, Index:0}
066754 INFO S1: (term 1) follower 收到 [0] AppendEntries [], prevIndex 0, prevTerm 0
066754 INFO S2: (term 1) follower 收到 [0] AppendEntries [], prevIndex 0, prevTerm 0
066754 LEAD S0: 1 append success next 1 match 0
066754 LEAD S0: 2 append success next 1 match 0
067254 LEAD S0: prevLog &raft.Entry{Command:interface {}(nil), Term:0, Index:0}
067255 LEAD S0: prevLog &raft.Entry{Command:interface {}(nil), Term:0, Index:0}
067255 INFO S2: (term 1) follower 收到 [0] AppendEntries [], prevIndex 0, prevTerm 0
067255 INFO S1: (term 1) follower 收到 [0] AppendEntries [], prevIndex 0, prevTerm 0
067256 LEAD S0: 1 append success next 1 match 0
067256 LEAD S0: 2 append success next 1 match 0
067756 LEAD S0: prevLog &raft.Entry{Command:interface {}(nil), Term:0, Index:0}
067756 LEAD S0: prevLog &raft.Entry{Command:interface {}(nil), Term:0, Index:0}
067757 INFO S2: (term 1) follower 收到 [0] AppendEntries [], prevIndex 0, prevTerm 0
067757 INFO S1: (term 1) follower 收到 [0] AppendEntries [], prevIndex 0, prevTerm 0
067757 LEAD S0: 2 append success next 1 match 0
067757 LEAD S0: 1 append success next 1 match 0
068258 LEAD S0: prevLog &raft.Entry{Command:interface {}(nil), Term:0, Index:0}
068258 LEAD S0: prevLog &raft.Entry{Command:interface {}(nil), Term:0, Index:0}
068258 INFO S1: (term 1) follower 收到 [0] AppendEntries [], prevIndex 0, prevTerm 0
068259 INFO S2: (term 1) follower 收到 [0] AppendEntries [], prevIndex 0, prevTerm 0
068259 LEAD S0: 1 append success next 1 match 0
068259 LEAD S0: 2 append success next 1 match 0
068759 LEAD S0: prevLog &raft.Entry{Command:interface {}(nil), Term:0, Index:0}
068760 LEAD S0: prevLog &raft.Entry{Command:interface {}(nil), Term:0, Index:0}
068760 INFO S2: (term 1) follower 收到 [0] AppendEntries [], prevIndex 0, prevTerm 0
068761 INFO S1: (term 1) follower 收到 [0] AppendEntries [], prevIndex 0, prevTerm 0
068761 LEAD S0: 2 append success next 1 match 0
068761 LEAD S0: 1 append success next 1 match 0
069261 LEAD S0: prevLog &raft.Entry{Command:interface {}(nil), Term:0, Index:0}
069262 LEAD S0: prevLog &raft.Entry{Command:interface {}(nil), Term:0, Index:0}
069262 INFO S2: (term 1) follower 收到 [0] AppendEntries [], prevIndex 0, prevTerm 0
069262 INFO S1: (term 1) follower 收到 [0] AppendEntries [], prevIndex 0, prevTerm 0
069263 LEAD S0: 2 append success next 1 match 0
069263 LEAD S0: 1 append success next 1 match 0
069763 LEAD S0: prevLog &raft.Entry{Command:interface {}(nil), Term:0, Index:0}
069763 LEAD S0: prevLog &raft.Entry{Command:interface {}(nil), Term:0, Index:0}
069764 INFO S1: (term 1) follower 收到 [0] AppendEntries [], prevIndex 0, prevTerm 0
069764 LEAD S0: 1 append success next 1 match 0
069764 INFO S2: (term 1) follower 收到 [0] AppendEntries [], prevIndex 0, prevTerm 0
069765 LEAD S0: 2 append success next 1 match 0
070265 LEAD S0: prevLog &raft.Entry{Command:interface {}(nil), Term:0, Index:0}
070265 LEAD S0: prevLog &raft.Entry{Command:interface {}(nil), Term:0, Index:0}
070265 INFO S1: (term 1) follower 收到 [0] AppendEntries [], prevIndex 0, prevTerm 0
070265 INFO S2: (term 1) follower 收到 [0] AppendEntries [], prevIndex 0, prevTerm 0
070266 LEAD S0: 1 append success next 1 match 0
070266 LEAD S0: 2 append success next 1 match 0
070766 LEAD S0: prevLog &raft.Entry{Command:interface {}(nil), Term:0, Index:0}
070767 LEAD S0: prevLog &raft.Entry{Command:interface {}(nil), Term:0, Index:0}
070767 INFO S2: (term 1) follower 收到 [0] AppendEntries [], prevIndex 0, prevTerm 0
070767 INFO S1: (term 1) follower 收到 [0] AppendEntries [], prevIndex 0, prevTerm 0
070768 LEAD S0: 1 append success next 1 match 0
070768 LEAD S0: 2 append success next 1 match 0
071269 LEAD S0: prevLog &raft.Entry{Command:interface {}(nil), Term:0, Index:0}
071269 LEAD S0: prevLog &raft.Entry{Command:interface {}(nil), Term:0, Index:0}
071270 INFO S1: (term 1) follower 收到 [0] AppendEntries [], prevIndex 0, prevTerm 0
071270 INFO S2: (term 1) follower 收到 [0] AppendEntries [], prevIndex 0, prevTerm 0
071270 LEAD S0: 1 append success next 1 match 0
071270 LEAD S0: 2 append success next 1 match 0
071770 LEAD S0: prevLog &raft.Entry{Command:interface {}(nil), Term:0, Index:0}
071770 LEAD S0: prevLog &raft.Entry{Command:interface {}(nil), Term:0, Index:0}
071771 INFO S1: (term 1) follower 收到 [0] AppendEntries [], prevIndex 0, prevTerm 0
071771 INFO S2: (term 1) follower 收到 [0] AppendEntries [], prevIndex 0, prevTerm 0
071772 LEAD S0: 1 append success next 1 match 0
071772 LEAD S0: 2 append success next 1 match 0
072272 LEAD S0: prevLog &raft.Entry{Command:interface {}(nil), Term:0, Index:0}
072272 LEAD S0: prevLog &raft.Entry{Command:interface {}(nil), Term:0, Index:0}
072274 INFO S2: (term 1) follower 收到 [0] AppendEntries [], prevIndex 0, prevTerm 0
072275 INFO S1: (term 1) follower 收到 [0] AppendEntries [], prevIndex 0, prevTerm 0
072275 LEAD S0: 2 append success next 1 match 0
072276 LEAD S0: 1 append success next 1 match 0
072775 LEAD S0: prevLog &raft.Entry{Command:interface {}(nil), Term:0, Index:0}
072776 LEAD S0: prevLog &raft.Entry{Command:interface {}(nil), Term:0, Index:0}
072777 INFO S1: (term 1) follower 收到 [0] AppendEntries [], prevIndex 0, prevTerm 0
072777 INFO S2: (term 1) follower 收到 [0] AppendEntries [], prevIndex 0, prevTerm 0
072777 LEAD S0: 1 append success next 1 match 0
072777 LEAD S0: 2 append success next 1 match 0
073277 LEAD S0: prevLog &raft.Entry{Command:interface {}(nil), Term:0, Index:0}
073277 LEAD S0: prevLog &raft.Entry{Command:interface {}(nil), Term:0, Index:0}
073278 INFO S2: (term 1) follower 收到 [0] AppendEntries [], prevIndex 0, prevTerm 0
073278 INFO S1: (term 1) follower 收到 [0] AppendEntries [], prevIndex 0, prevTerm 0
073278 LEAD S0: 2 append success next 1 match 0
073278 LEAD S0: 1 append success next 1 match 0
073778 LEAD S0: prevLog &raft.Entry{Command:interface {}(nil), Term:0, Index:0}
073779 LEAD S0: prevLog &raft.Entry{Command:interface {}(nil), Term:0, Index:0}
073779 INFO S2: (term 1) follower 收到 [0] AppendEntries [], prevIndex 0, prevTerm 0
073780 LEAD S0: 2 append success next 1 match 0
073780 INFO S1: (term 1) follower 收到 [0] AppendEntries [], prevIndex 0, prevTerm 0
073780 LEAD S0: 1 append success next 1 match 0
074280 LEAD S0: prevLog &raft.Entry{Command:interface {}(nil), Term:0, Index:0}
074281 LEAD S0: prevLog &raft.Entry{Command:interface {}(nil), Term:0, Index:0}
074281 INFO S1: (term 1) follower 收到 [0] AppendEntries [], prevIndex 0, prevTerm 0
074281 INFO S2: (term 1) follower 收到 [0] AppendEntries [], prevIndex 0, prevTerm 0
074282 LEAD S0: 1 append success next 1 match 0
074282 LEAD S0: 2 append success next 1 match 0
074782 LEAD S0: prevLog &raft.Entry{Command:interface {}(nil), Term:0, Index:0}
074783 LEAD S0: prevLog &raft.Entry{Command:interface {}(nil), Term:0, Index:0}
074783 INFO S1: (term 1) follower 收到 [0] AppendEntries [], prevIndex 0, prevTerm 0
074784 INFO S2: (term 1) follower 收到 [0] AppendEntries [], prevIndex 0, prevTerm 0
074784 LEAD S0: 1 append success next 1 match 0
074784 LEAD S0: 2 append success next 1 match 0
075284 LEAD S0: prevLog &raft.Entry{Command:interface {}(nil), Term:0, Index:0}
075284 LEAD S0: prevLog &raft.Entry{Command:interface {}(nil), Term:0, Index:0}
075285 INFO S1: (term 1) follower 收到 [0] AppendEntries [], prevIndex 0, prevTerm 0
075285 INFO S2: (term 1) follower 收到 [0] AppendEntries [], prevIndex 0, prevTerm 0
075286 LEAD S0: 1 append success next 1 match 0
075286 LEAD S0: 2 append success next 1 match 0
075787 LEAD S0: prevLog &raft.Entry{Command:interface {}(nil), Term:0, Index:0}
075787 LEAD S0: prevLog &raft.Entry{Command:interface {}(nil), Term:0, Index:0}
075788 INFO S2: (term 1) follower 收到 [0] AppendEntries [], prevIndex 0, prevTerm 0
075788 INFO S1: (term 1) follower 收到 [0] AppendEntries [], prevIndex 0, prevTerm 0
075788 LEAD S0: 2 append success next 1 match 0
075788 LEAD S0: 1 append success next 1 match 0
076289 LEAD S0: prevLog &raft.Entry{Command:interface {}(nil), Term:0, Index:0}
076290 LEAD S0: prevLog &raft.Entry{Command:interface {}(nil), Term:0, Index:0}
076290 INFO S2: (term 1) follower 收到 [0] AppendEntries [], prevIndex 0, prevTerm 0
076290 INFO S1: (term 1) follower 收到 [0] AppendEntries [], prevIndex 0, prevTerm 0
076291 LEAD S0: 1 append success next 1 match 0
076291 LEAD S0: 2 append success next 1 match 0
076791 LEAD S0: prevLog &raft.Entry{Command:interface {}(nil), Term:0, Index:0}
076792 LEAD S0: prevLog &raft.Entry{Command:interface {}(nil), Term:0, Index:0}
076792 INFO S2: (term 1) follower 收到 [0] AppendEntries [], prevIndex 0, prevTerm 0
076793 LEAD S0: 2 append success next 1 match 0
076792 INFO S1: (term 1) follower 收到 [0] AppendEntries [], prevIndex 0, prevTerm 0
076793 LEAD S0: 1 append success next 1 match 0
077293 LEAD S0: prevLog &raft.Entry{Command:interface {}(nil), Term:0, Index:0}
077293 LEAD S0: prevLog &raft.Entry{Command:interface {}(nil), Term:0, Index:0}
077294 INFO S1: (term 1) follower 收到 [0] AppendEntries [], prevIndex 0, prevTerm 0
077294 LEAD S0: 1 append success next 1 match 0
077294 INFO S2: (term 1) follower 收到 [0] AppendEntries [], prevIndex 0, prevTerm 0
077294 LEAD S0: 2 append success next 1 match 0
077796 LEAD S0: prevLog &raft.Entry{Command:interface {}(nil), Term:0, Index:0}
077796 LEAD S0: prevLog &raft.Entry{Command:interface {}(nil), Term:0, Index:0}
077797 INFO S2: (term 1) follower 收到 [0] AppendEntries [], prevIndex 0, prevTerm 0
077797 INFO S1: (term 1) follower 收到 [0] AppendEntries [], prevIndex 0, prevTerm 0
077797 LEAD S0: 2 append success next 1 match 0
077797 LEAD S0: 1 append success next 1 match 0
078298 LEAD S0: prevLog &raft.Entry{Command:interface {}(nil), Term:0, Index:0}
078298 LEAD S0: prevLog &raft.Entry{Command:interface {}(nil), Term:0, Index:0}
078299 INFO S2: (term 1) follower 收到 [0] AppendEntries [], prevIndex 0, prevTerm 0
078300 LEAD S0: 2 append success next 1 match 0
078299 INFO S1: (term 1) follower 收到 [0] AppendEntries [], prevIndex 0, prevTerm 0
078300 LEAD S0: 1 append success next 1 match 0
078799 LEAD S0: prevLog &raft.Entry{Command:interface {}(nil), Term:0, Index:0}
078800 LEAD S0: prevLog &raft.Entry{Command:interface {}(nil), Term:0, Index:0}
078800 INFO S1: (term 1) follower 收到 [0] AppendEntries [], prevIndex 0, prevTerm 0
078800 INFO S2: (term 1) follower 收到 [0] AppendEntries [], prevIndex 0, prevTerm 0
078800 LEAD S0: 1 append success next 1 match 0
078801 LEAD S0: 2 append success next 1 match 0
079301 LEAD S0: prevLog &raft.Entry{Command:interface {}(nil), Term:0, Index:0}
079302 LEAD S0: prevLog &raft.Entry{Command:interface {}(nil), Term:0, Index:0}
079302 INFO S1: (term 1) follower 收到 [0] AppendEntries [], prevIndex 0, prevTerm 0
079302 INFO S2: (term 1) follower 收到 [0] AppendEntries [], prevIndex 0, prevTerm 0
079303 LEAD S0: 1 append success next 1 match 0
079303 LEAD S0: 2 append success next 1 match 0
079803 LEAD S0: prevLog &raft.Entry{Command:interface {}(nil), Term:0, Index:0}
079803 LEAD S0: prevLog &raft.Entry{Command:interface {}(nil), Term:0, Index:0}
079804 INFO S1: (term 1) follower 收到 [0] AppendEntries [], prevIndex 0, prevTerm 0
079804 INFO S2: (term 1) follower 收到 [0] AppendEntries [], prevIndex 0, prevTerm 0
079805 LEAD S0: 1 append success next 1 match 0
079805 LEAD S0: 2 append success next 1 match 0
080305 LEAD S0: prevLog &raft.Entry{Command:interface {}(nil), Term:0, Index:0}
080305 LEAD S0: prevLog &raft.Entry{Command:interface {}(nil), Term:0, Index:0}
080306 INFO S1: (term 1) follower 收到 [0] AppendEntries [], prevIndex 0, prevTerm 0
080306 LEAD S0: 1 append success next 1 match 0
080306 INFO S2: (term 1) follower 收到 [0] AppendEntries [], prevIndex 0, prevTerm 0
080307 LEAD S0: 2 append success next 1 match 0
080808 LEAD S0: prevLog &raft.Entry{Command:interface {}(nil), Term:0, Index:0}
080808 LEAD S0: prevLog &raft.Entry{Command:interface {}(nil), Term:0, Index:0}
080809 INFO S1: (term 1) follower 收到 [0] AppendEntries [], prevIndex 0, prevTerm 0
080809 INFO S2: (term 1) follower 收到 [0] AppendEntries [], prevIndex 0, prevTerm 0
080809 LEAD S0: 1 append success next 1 match 0
080809 LEAD S0: 2 append success next 1 match 0
081309 LEAD S0: prevLog &raft.Entry{Command:interface {}(nil), Term:0, Index:0}
081310 LEAD S0: prevLog &raft.Entry{Command:interface {}(nil), Term:0, Index:0}
081310 INFO S2: (term 1) follower 收到 [0] AppendEntries [], prevIndex 0, prevTerm 0
081310 INFO S1: (term 1) follower 收到 [0] AppendEntries [], prevIndex 0, prevTerm 0
081311 LEAD S0: 2 append success next 1 match 0
081311 LEAD S0: 1 append success next 1 match 0
081811 LEAD S0: prevLog &raft.Entry{Command:interface {}(nil), Term:0, Index:0}
081811 LEAD S0: prevLog &raft.Entry{Command:interface {}(nil), Term:0, Index:0}
081812 INFO S2: (term 1) follower 收到 [0] AppendEntries [], prevIndex 0, prevTerm 0
081812 INFO S1: (term 1) follower 收到 [0] AppendEntries [], prevIndex 0, prevTerm 0
081812 LEAD S0: 2 append success next 1 match 0
081812 LEAD S0: 1 append success next 1 match 0
082313 LEAD S0: prevLog &raft.Entry{Command:interface {}(nil), Term:0, Index:0}
082314 LEAD S0: prevLog &raft.Entry{Command:interface {}(nil), Term:0, Index:0}
082314 INFO S1: (term 1) follower 收到 [0] AppendEntries [], prevIndex 0, prevTerm 0
082314 INFO S2: (term 1) follower 收到 [0] AppendEntries [], prevIndex 0, prevTerm 0
082315 LEAD S0: 1 append success next 1 match 0
082315 LEAD S0: 2 append success next 1 match 0
082817 LEAD S0: prevLog &raft.Entry{Command:interface {}(nil), Term:0, Index:0}
082818 LEAD S0: prevLog &raft.Entry{Command:interface {}(nil), Term:0, Index:0}
082818 INFO S1: (term 1) follower 收到 [0] AppendEntries [], prevIndex 0, prevTerm 0
082818 INFO S2: (term 1) follower 收到 [0] AppendEntries [], prevIndex 0, prevTerm 0
082819 LEAD S0: 1 append success next 1 match 0
082819 LEAD S0: 2 append success next 1 match 0
083319 LEAD S0: prevLog &raft.Entry{Command:interface {}(nil), Term:0, Index:0}
083320 LEAD S0: prevLog &raft.Entry{Command:interface {}(nil), Term:0, Index:0}
083320 INFO S1: (term 1) follower 收到 [0] AppendEntries [], prevIndex 0, prevTerm 0
083320 INFO S2: (term 1) follower 收到 [0] AppendEntries [], prevIndex 0, prevTerm 0
083321 LEAD S0: 1 append success next 1 match 0
083321 LEAD S0: 2 append success next 1 match 0
083821 LEAD S0: prevLog &raft.Entry{Command:interface {}(nil), Term:0, Index:0}
083821 LEAD S0: prevLog &raft.Entry{Command:interface {}(nil), Term:0, Index:0}
083822 INFO S2: (term 1) follower 收到 [0] AppendEntries [], prevIndex 0, prevTerm 0
083822 INFO S1: (term 1) follower 收到 [0] AppendEntries [], prevIndex 0, prevTerm 0
083822 LEAD S0: 2 append success next 1 match 0
083822 LEAD S0: 1 append success next 1 match 0
084323 LEAD S0: prevLog &raft.Entry{Command:interface {}(nil), Term:0, Index:0}
084324 LEAD S0: prevLog &raft.Entry{Command:interface {}(nil), Term:0, Index:0}
084324 INFO S2: (term 1) follower 收到 [0] AppendEntries [], prevIndex 0, prevTerm 0
084325 LEAD S0: 2 append success next 1 match 0
084325 INFO S1: (term 1) follower 收到 [0] AppendEntries [], prevIndex 0, prevTerm 0
084325 LEAD S0: 1 append success next 1 match 0
084826 LEAD S0: prevLog &raft.Entry{Command:interface {}(nil), Term:0, Index:0}
084826 LEAD S0: prevLog &raft.Entry{Command:interface {}(nil), Term:0, Index:0}
084827 INFO S2: (term 1) follower 收到 [0] AppendEntries [], prevIndex 0, prevTerm 0
084827 INFO S1: (term 1) follower 收到 [0] AppendEntries [], prevIndex 0, prevTerm 0
084827 LEAD S0: 2 append success next 1 match 0
084827 LEAD S0: 1 append success next 1 match 0
085327 LEAD S0: prevLog &raft.Entry{Command:interface {}(nil), Term:0, Index:0}
085328 LEAD S0: prevLog &raft.Entry{Command:interface {}(nil), Term:0, Index:0}
085328 INFO S2: (term 1) follower 收到 [0] AppendEntries [], prevIndex 0, prevTerm 0
085329 LEAD S0: 2 append success next 1 match 0
085329 INFO S1: (term 1) follower 收到 [0] AppendEntries [], prevIndex 0, prevTerm 0
085329 LEAD S0: 1 append success next 1 match 0
085829 LEAD S0: prevLog &raft.Entry{Command:interface {}(nil), Term:0, Index:0}
085829 LEAD S0: prevLog &raft.Entry{Command:interface {}(nil), Term:0, Index:0}
085830 INFO S2: (term 1) follower 收到 [0] AppendEntries [], prevIndex 0, prevTerm 0
085830 INFO S1: (term 1) follower 收到 [0] AppendEntries [], prevIndex 0, prevTerm 0
085830 LEAD S0: 2 append success next 1 match 0
085831 LEAD S0: 1 append success next 1 match 0
086331 LEAD S0: prevLog &raft.Entry{Command:interface {}(nil), Term:0, Index:0}
086331 LEAD S0: prevLog &raft.Entry{Command:interface {}(nil), Term:0, Index:0}
086332 INFO S1: (term 1) follower 收到 [0] AppendEntries [], prevIndex 0, prevTerm 0
086332 INFO S2: (term 1) follower 收到 [0] AppendEntries [], prevIndex 0, prevTerm 0
086332 LEAD S0: 1 append success next 1 match 0
086332 LEAD S0: 2 append success next 1 match 0
086833 LEAD S0: prevLog &raft.Entry{Command:interface {}(nil), Term:0, Index:0}
086833 LEAD S0: prevLog &raft.Entry{Command:interface {}(nil), Term:0, Index:0}
086834 INFO S1: (term 1) follower 收到 [0] AppendEntries [], prevIndex 0, prevTerm 0
086834 INFO S2: (term 1) follower 收到 [0] AppendEntries [], prevIndex 0, prevTerm 0
086834 LEAD S0: 1 append success next 1 match 0
086834 LEAD S0: 2 append success next 1 match 0
087334 LEAD S0: prevLog &raft.Entry{Command:interface {}(nil), Term:0, Index:0}
087335 LEAD S0: prevLog &raft.Entry{Command:interface {}(nil), Term:0, Index:0}
087335 INFO S2: (term 1) follower 收到 [0] AppendEntries [], prevIndex 0, prevTerm 0
087335 INFO S1: (term 1) follower 收到 [0] AppendEntries [], prevIndex 0, prevTerm 0
087336 LEAD S0: 2 append success next 1 match 0
087336 LEAD S0: 1 append success next 1 match 0
087836 LEAD S0: prevLog &raft.Entry{Command:interface {}(nil), Term:0, Index:0}
087836 LEAD S0: prevLog &raft.Entry{Command:interface {}(nil), Term:0, Index:0}
087837 INFO S2: (term 1) follower 收到 [0] AppendEntries [], prevIndex 0, prevTerm 0
087837 INFO S1: (term 1) follower 收到 [0] AppendEntries [], prevIndex 0, prevTerm 0
087837 LEAD S0: 2 append success next 1 match 0
087837 LEAD S0: 1 append success next 1 match 0
088338 LEAD S0: prevLog &raft.Entry{Command:interface {}(nil), Term:0, Index:0}
088339 LEAD S0: prevLog &raft.Entry{Command:interface {}(nil), Term:0, Index:0}
088339 INFO S1: (term 1) follower 收到 [0] AppendEntries [], prevIndex 0, prevTerm 0
088339 INFO S2: (term 1) follower 收到 [0] AppendEntries [], prevIndex 0, prevTerm 0
088340 LEAD S0: 1 append success next 1 match 0
088340 LEAD S0: 2 append success next 1 match 0
088840 LEAD S0: prevLog &raft.Entry{Command:interface {}(nil), Term:0, Index:0}
088840 LEAD S0: prevLog &raft.Entry{Command:interface {}(nil), Term:0, Index:0}
088841 INFO S1: (term 1) follower 收到 [0] AppendEntries [], prevIndex 0, prevTerm 0
088841 LEAD S0: 1 append success next 1 match 0
088841 INFO S2: (term 1) follower 收到 [0] AppendEntries [], prevIndex 0, prevTerm 0
088842 LEAD S0: 2 append success next 1 match 0
089342 LEAD S0: prevLog &raft.Entry{Command:interface {}(nil), Term:0, Index:0}
089342 LEAD S0: prevLog &raft.Entry{Command:interface {}(nil), Term:0, Index:0}
089343 INFO S1: (term 1) follower 收到 [0] AppendEntries [], prevIndex 0, prevTerm 0
089343 INFO S2: (term 1) follower 收到 [0] AppendEntries [], prevIndex 0, prevTerm 0
089343 LEAD S0: 1 append success next 1 match 0
089343 LEAD S0: 2 append success next 1 match 0
089844 LEAD S0: prevLog &raft.Entry{Command:interface {}(nil), Term:0, Index:0}
089844 LEAD S0: prevLog &raft.Entry{Command:interface {}(nil), Term:0, Index:0}
089845 INFO S1: (term 1) follower 收到 [0] AppendEntries [], prevIndex 0, prevTerm 0
089845 INFO S2: (term 1) follower 收到 [0] AppendEntries [], prevIndex 0, prevTerm 0
089845 LEAD S0: 2 append success next 1 match 0
089846 LEAD S0: 1 append success next 1 match 0
090346 LEAD S0: prevLog &raft.Entry{Command:interface {}(nil), Term:0, Index:0}
090346 LEAD S0: prevLog &raft.Entry{Command:interface {}(nil), Term:0, Index:0}
090347 INFO S1: (term 1) follower 收到 [0] AppendEntries [], prevIndex 0, prevTerm 0
090347 INFO S2: (term 1) follower 收到 [0] AppendEntries [], prevIndex 0, prevTerm 0
090347 LEAD S0: 1 append success next 1 match 0
090347 LEAD S0: 2 append success next 1 match 0
090848 LEAD S0: prevLog &raft.Entry{Command:interface {}(nil), Term:0, Index:0}
090848 LEAD S0: prevLog &raft.Entry{Command:interface {}(nil), Term:0, Index:0}
090849 INFO S1: (term 1) follower 收到 [0] AppendEntries [], prevIndex 0, prevTerm 0
090849 INFO S2: (term 1) follower 收到 [0] AppendEntries [], prevIndex 0, prevTerm 0
090849 LEAD S0: 2 append success next 1 match 0
090849 LEAD S0: 1 append success next 1 match 0
091349 LEAD S0: prevLog &raft.Entry{Command:interface {}(nil), Term:0, Index:0}
091349 LEAD S0: prevLog &raft.Entry{Command:interface {}(nil), Term:0, Index:0}
091349 INFO S2: (term 1) follower 收到 [0] AppendEntries [], prevIndex 0, prevTerm 0
091349 INFO S1: (term 1) follower 收到 [0] AppendEntries [], prevIndex 0, prevTerm 0
091350 LEAD S0: 1 append success next 1 match 0
091350 LEAD S0: 2 append success next 1 match 0
091851 LEAD S0: prevLog &raft.Entry{Command:interface {}(nil), Term:0, Index:0}
091851 LEAD S0: prevLog &raft.Entry{Command:interface {}(nil), Term:0, Index:0}
091852 INFO S2: (term 1) follower 收到 [0] AppendEntries [], prevIndex 0, prevTerm 0
091852 INFO S1: (term 1) follower 收到 [0] AppendEntries [], prevIndex 0, prevTerm 0
091852 LEAD S0: 2 append success next 1 match 0
091852 LEAD S0: 1 append success next 1 match 0
092353 LEAD S0: prevLog &raft.Entry{Command:interface {}(nil), Term:0, Index:0}
092353 LEAD S0: prevLog &raft.Entry{Command:interface {}(nil), Term:0, Index:0}
092353 INFO S1: (term 1) follower 收到 [0] AppendEntries [], prevIndex 0, prevTerm 0
092353 INFO S2: (term 1) follower 收到 [0] AppendEntries [], prevIndex 0, prevTerm 0
092354 LEAD S0: 1 append success next 1 match 0
092354 LEAD S0: 2 append success next 1 match 0
092855 LEAD S0: prevLog &raft.Entry{Command:interface {}(nil), Term:0, Index:0}
092855 LEAD S0: prevLog &raft.Entry{Command:interface {}(nil), Term:0, Index:0}
092856 INFO S2: (term 1) follower 收到 [0] AppendEntries [], prevIndex 0, prevTerm 0
092856 INFO S1: (term 1) follower 收到 [0] AppendEntries [], prevIndex 0, prevTerm 0
092856 LEAD S0: 2 append success next 1 match 0
092856 LEAD S0: 1 append success next 1 match 0
093356 LEAD S0: prevLog &raft.Entry{Command:interface {}(nil), Term:0, Index:0}
093357 LEAD S0: prevLog &raft.Entry{Command:interface {}(nil), Term:0, Index:0}
093358 INFO S1: (term 1) follower 收到 [0] AppendEntries [], prevIndex 0, prevTerm 0
093358 INFO S2: (term 1) follower 收到 [0] AppendEntries [], prevIndex 0, prevTerm 0
093358 LEAD S0: 1 append success next 1 match 0
093358 LEAD S0: 2 append success next 1 match 0
093858 LEAD S0: prevLog &raft.Entry{Command:interface {}(nil), Term:0, Index:0}
093858 LEAD S0: prevLog &raft.Entry{Command:interface {}(nil), Term:0, Index:0}
093859 INFO S1: (term 1) follower 收到 [0] AppendEntries [], prevIndex 0, prevTerm 0
093859 INFO S2: (term 1) follower 收到 [0] AppendEntries [], prevIndex 0, prevTerm 0
093859 LEAD S0: 1 append success next 1 match 0
093860 LEAD S0: 2 append success next 1 match 0
094359 LEAD S0: prevLog &raft.Entry{Command:interface {}(nil), Term:0, Index:0}
094360 LEAD S0: prevLog &raft.Entry{Command:interface {}(nil), Term:0, Index:0}
094360 INFO S1: (term 1) follower 收到 [0] AppendEntries [], prevIndex 0, prevTerm 0
094360 INFO S2: (term 1) follower 收到 [0] AppendEntries [], prevIndex 0, prevTerm 0
094361 LEAD S0: 1 append success next 1 match 0
094361 LEAD S0: 2 append success next 1 match 0
094861 LEAD S0: prevLog &raft.Entry{Command:interface {}(nil), Term:0, Index:0}
094861 LEAD S0: prevLog &raft.Entry{Command:interface {}(nil), Term:0, Index:0}
094862 INFO S1: (term 1) follower 收到 [0] AppendEntries [], prevIndex 0, prevTerm 0
094862 INFO S2: (term 1) follower 收到 [0] AppendEntries [], prevIndex 0, prevTerm 0
094862 LEAD S0: 1 append success next 1 match 0
094863 LEAD S0: 2 append success next 1 match 0
095363 LEAD S0: prevLog &raft.Entry{Command:interface {}(nil), Term:0, Index:0}
095363 LEAD S0: prevLog &raft.Entry{Command:interface {}(nil), Term:0, Index:0}
095363 INFO S2: (term 1) follower 收到 [0] AppendEntries [], prevIndex 0, prevTerm 0
095364 INFO S1: (term 1) follower 收到 [0] AppendEntries [], prevIndex 0, prevTerm 0
095364 LEAD S0: 2 append success next 1 match 0
095364 LEAD S0: 1 append success next 1 match 0
095864 LEAD S0: prevLog &raft.Entry{Command:interface {}(nil), Term:0, Index:0}
095865 LEAD S0: prevLog &raft.Entry{Command:interface {}(nil), Term:0, Index:0}
095865 INFO S1: (term 1) follower 收到 [0] AppendEntries [], prevIndex 0, prevTerm 0
095865 INFO S2: (term 1) follower 收到 [0] AppendEntries [], prevIndex 0, prevTerm 0
095866 LEAD S0: 1 append success next 1 match 0
095866 LEAD S0: 2 append success next 1 match 0
096366 LEAD S0: prevLog &raft.Entry{Command:interface {}(nil), Term:0, Index:0}
096367 LEAD S0: prevLog &raft.Entry{Command:interface {}(nil), Term:0, Index:0}
096367 INFO S2: (term 1) follower 收到 [0] AppendEntries [], prevIndex 0, prevTerm 0
096367 INFO S1: (term 1) follower 收到 [0] AppendEntries [], prevIndex 0, prevTerm 0
096367 LEAD S0: 1 append success next 1 match 0
096367 LEAD S0: 2 append success next 1 match 0
096869 LEAD S0: prevLog &raft.Entry{Command:interface {}(nil), Term:0, Index:0}
096869 LEAD S0: prevLog &raft.Entry{Command:interface {}(nil), Term:0, Index:0}
096871 INFO S2: (term 1) follower 收到 [0] AppendEntries [], prevIndex 0, prevTerm 0
096871 INFO S1: (term 1) follower 收到 [0] AppendEntries [], prevIndex 0, prevTerm 0
096871 LEAD S0: 2 append success next 1 match 0
096871 LEAD S0: 1 append success next 1 match 0
097371 LEAD S0: prevLog &raft.Entry{Command:interface {}(nil), Term:0, Index:0}
097371 LEAD S0: prevLog &raft.Entry{Command:interface {}(nil), Term:0, Index:0}
097371 INFO S1: (term 1) follower 收到 [0] AppendEntries [], prevIndex 0, prevTerm 0
097372 INFO S2: (term 1) follower 收到 [0] AppendEntries [], prevIndex 0, prevTerm 0
097372 LEAD S0: 1 append success next 1 match 0
097372 LEAD S0: 2 append success next 1 match 0
097872 LEAD S0: prevLog &raft.Entry{Command:interface {}(nil), Term:0, Index:0}
097873 LEAD S0: prevLog &raft.Entry{Command:interface {}(nil), Term:0, Index:0}
097873 INFO S2: (term 1) follower 收到 [0] AppendEntries [], prevIndex 0, prevTerm 0
097873 INFO S1: (term 1) follower 收到 [0] AppendEntries [], prevIndex 0, prevTerm 0
097874 LEAD S0: 2 append success next 1 match 0
097874 LEAD S0: 1 append success next 1 match 0
098374 LEAD S0: prevLog &raft.Entry{Command:interface {}(nil), Term:0, Index:0}
098374 LEAD S0: prevLog &raft.Entry{Command:interface {}(nil), Term:0, Index:0}
098375 INFO S1: (term 1) follower 收到 [0] AppendEntries [], prevIndex 0, prevTerm 0
098375 INFO S2: (term 1) follower 收到 [0] AppendEntries [], prevIndex 0, prevTerm 0
098375 LEAD S0: 1 append success next 1 match 0
098376 LEAD S0: 2 append success next 1 match 0
098876 LEAD S0: prevLog &raft.Entry{Command:interface {}(nil), Term:0, Index:0}
098876 LEAD S0: prevLog &raft.Entry{Command:interface {}(nil), Term:0, Index:0}
098877 INFO S2: (term 1) follower 收到 [0] AppendEntries [], prevIndex 0, prevTerm 0
098878 LEAD S0: 2 append success next 1 match 0
098877 INFO S1: (term 1) follower 收到 [0] AppendEntries [], prevIndex 0, prevTerm 0
098878 LEAD S0: 1 append success next 1 match 0
099378 LEAD S0: prevLog &raft.Entry{Command:interface {}(nil), Term:0, Index:0}
099378 LEAD S0: prevLog &raft.Entry{Command:interface {}(nil), Term:0, Index:0}
099379 INFO S2: (term 1) follower 收到 [0] AppendEntries [], prevIndex 0, prevTerm 0
099379 INFO S1: (term 1) follower 收到 [0] AppendEntries [], prevIndex 0, prevTerm 0
099379 LEAD S0: 2 append success next 1 match 0
099379 LEAD S0: 1 append success next 1 match 0
099879 LEAD S0: prevLog &raft.Entry{Command:interface {}(nil), Term:0, Index:0}
099880 LEAD S0: prevLog &raft.Entry{Command:interface {}(nil), Term:0, Index:0}
099881 INFO S2: (term 1) follower 收到 [0] AppendEntries [], prevIndex 0, prevTerm 0
099881 INFO S1: (term 1) follower 收到 [0] AppendEntries [], prevIndex 0, prevTerm 0
099881 LEAD S0: 1 append success next 1 match 0
099881 LEAD S0: 2 append success next 1 match 0
100381 LEAD S0: prevLog &raft.Entry{Command:interface {}(nil), Term:0, Index:0}
100382 LEAD S0: prevLog &raft.Entry{Command:interface {}(nil), Term:0, Index:0}
--- FAIL: TestPersist12C (10.04s)
    config.go:609: one(11) failed to reach agreement
FAIL
exit status 1
FAIL	6.824/raft	10.039s
