Test (2C): basic persistence ...
002510 INFO S1: start leader election, term 1
002510 VOTE S1: term 1 send vote request to 2
002510 VOTE S1: term 1 send vote request to 0
002511 TERM S2: set new term 1
002511 VOTE S2: term 1 vote 1
002511 VOTE S1: reply from 2, term一致，且投给1
002511 LEAD S1: come to power, start to send heartbeat
002511 LEAD S1: prevLog &raft.Entry{Command:interface {}(nil), Term:0, Index:0}
002511 LEAD S1: prevLog &raft.Entry{Command:interface {}(nil), Term:0, Index:0}
002512 TERM S0: set new term 1
002512 VOTE S0: term 1 vote 1
002512 VOTE S1: reply from 0, term一致，且投给1
002512 INFO S2: (term 1) follower 收到 [1] AppendEntries [], prevIndex 0, prevTerm 0
002512 INFO S0: (term 1) follower 收到 [1] AppendEntries [], prevIndex 0, prevTerm 0
002512 LEAD S1: 2 append success next 1 match 0
002513 LEAD S1: 0 append success next 1 match 0
003011 LEAD S1: prevLog &raft.Entry{Command:interface {}(nil), Term:0, Index:0}
003011 LEAD S1: prevLog &raft.Entry{Command:interface {}(nil), Term:0, Index:0}
003012 INFO S2: (term 1) follower 收到 [1] AppendEntries [], prevIndex 0, prevTerm 0
003012 LEAD S1: 2 append success next 1 match 0
003012 INFO S0: (term 1) follower 收到 [1] AppendEntries [], prevIndex 0, prevTerm 0
003013 LEAD S1: 0 append success next 1 match 0
003513 LEAD S1: prevLog &raft.Entry{Command:interface {}(nil), Term:0, Index:0}
003514 INFO S0: (term 1) follower 收到 [1] AppendEntries [], prevIndex 0, prevTerm 0
003514 LEAD S1: prevLog &raft.Entry{Command:interface {}(nil), Term:0, Index:0}
003514 LEAD S1: 0 append success next 1 match 0
003514 INFO S2: (term 1) follower 收到 [1] AppendEntries [], prevIndex 0, prevTerm 0
003515 LEAD S1: 2 append success next 1 match 0
004015 LEAD S1: prevLog &raft.Entry{Command:interface {}(nil), Term:0, Index:0}
004016 LEAD S1: prevLog &raft.Entry{Command:interface {}(nil), Term:0, Index:0}
004016 INFO S2: (term 1) follower 收到 [1] AppendEntries [], prevIndex 0, prevTerm 0
004016 INFO S0: (term 1) follower 收到 [1] AppendEntries [], prevIndex 0, prevTerm 0
004016 LEAD S1: 2 append success next 1 match 0
004016 LEAD S1: 0 append success next 1 match 0
004518 LEAD S1: prevLog &raft.Entry{Command:interface {}(nil), Term:0, Index:0}
004518 LEAD S1: prevLog &raft.Entry{Command:interface {}(nil), Term:0, Index:0}
004519 INFO S2: (term 1) follower 收到 [1] AppendEntries [], prevIndex 0, prevTerm 0
004519 LEAD S1: 2 append success next 1 match 0
004520 INFO S0: (term 1) follower 收到 [1] AppendEntries [], prevIndex 0, prevTerm 0
004520 LEAD S1: 0 append success next 1 match 0
005021 LEAD S1: prevLog &raft.Entry{Command:interface {}(nil), Term:0, Index:0}
005021 LEAD S1: prevLog &raft.Entry{Command:interface {}(nil), Term:0, Index:0}
005022 INFO S0: (term 1) follower 收到 [1] AppendEntries [], prevIndex 0, prevTerm 0
005022 INFO S2: (term 1) follower 收到 [1] AppendEntries [], prevIndex 0, prevTerm 0
005022 LEAD S1: 0 append success next 1 match 0
005022 LEAD S1: 2 append success next 1 match 0
005523 LEAD S1: prevLog &raft.Entry{Command:interface {}(nil), Term:0, Index:0}
005523 LEAD S1: prevLog &raft.Entry{Command:interface {}(nil), Term:0, Index:0}
005524 INFO S2: (term 1) follower 收到 [1] AppendEntries [], prevIndex 0, prevTerm 0
005524 LEAD S1: 2 append success next 1 match 0
005524 INFO S0: (term 1) follower 收到 [1] AppendEntries [], prevIndex 0, prevTerm 0
005525 LEAD S1: 0 append success next 1 match 0
006025 LEAD S1: prevLog &raft.Entry{Command:interface {}(nil), Term:0, Index:0}
006026 LEAD S1: prevLog &raft.Entry{Command:interface {}(nil), Term:0, Index:0}
006026 INFO S2: (term 1) follower 收到 [1] AppendEntries [], prevIndex 0, prevTerm 0
006027 LEAD S1: 2 append success next 1 match 0
006027 INFO S0: (term 1) follower 收到 [1] AppendEntries [], prevIndex 0, prevTerm 0
006027 LEAD S1: 0 append success next 1 match 0
006528 LEAD S1: prevLog &raft.Entry{Command:interface {}(nil), Term:0, Index:0}
006528 LEAD S1: prevLog &raft.Entry{Command:interface {}(nil), Term:0, Index:0}
006529 INFO S2: (term 1) follower 收到 [1] AppendEntries [], prevIndex 0, prevTerm 0
006529 LEAD S1: 2 append success next 1 match 0
006529 INFO S0: (term 1) follower 收到 [1] AppendEntries [], prevIndex 0, prevTerm 0
006530 LEAD S1: 0 append success next 1 match 0
007030 LEAD S1: prevLog &raft.Entry{Command:interface {}(nil), Term:0, Index:0}
007031 LEAD S1: prevLog &raft.Entry{Command:interface {}(nil), Term:0, Index:0}
007031 INFO S2: (term 1) follower 收到 [1] AppendEntries [], prevIndex 0, prevTerm 0
007032 LEAD S1: 2 append success next 1 match 0
007032 INFO S0: (term 1) follower 收到 [1] AppendEntries [], prevIndex 0, prevTerm 0
007032 LEAD S1: 0 append success next 1 match 0
007533 LEAD S1: prevLog &raft.Entry{Command:interface {}(nil), Term:0, Index:0}
007534 LEAD S1: prevLog &raft.Entry{Command:interface {}(nil), Term:0, Index:0}
007534 INFO S2: (term 1) follower 收到 [1] AppendEntries [], prevIndex 0, prevTerm 0
007535 LEAD S1: 2 append success next 1 match 0
007535 INFO S0: (term 1) follower 收到 [1] AppendEntries [], prevIndex 0, prevTerm 0
007535 LEAD S1: 0 append success next 1 match 0
008036 LEAD S1: prevLog &raft.Entry{Command:interface {}(nil), Term:0, Index:0}
008036 LEAD S1: prevLog &raft.Entry{Command:interface {}(nil), Term:0, Index:0}
008037 INFO S2: (term 1) follower 收到 [1] AppendEntries [], prevIndex 0, prevTerm 0
008037 LEAD S1: 2 append success next 1 match 0
008037 INFO S0: (term 1) follower 收到 [1] AppendEntries [], prevIndex 0, prevTerm 0
008038 LEAD S1: 0 append success next 1 match 0
008538 LEAD S1: prevLog &raft.Entry{Command:interface {}(nil), Term:0, Index:0}
008539 LEAD S1: prevLog &raft.Entry{Command:interface {}(nil), Term:0, Index:0}
008539 INFO S2: (term 1) follower 收到 [1] AppendEntries [], prevIndex 0, prevTerm 0
008540 LEAD S1: 2 append success next 1 match 0
008540 INFO S0: (term 1) follower 收到 [1] AppendEntries [], prevIndex 0, prevTerm 0
008540 LEAD S1: 0 append success next 1 match 0
009041 LEAD S1: prevLog &raft.Entry{Command:interface {}(nil), Term:0, Index:0}
009041 LEAD S1: prevLog &raft.Entry{Command:interface {}(nil), Term:0, Index:0}
009042 INFO S2: (term 1) follower 收到 [1] AppendEntries [], prevIndex 0, prevTerm 0
009042 LEAD S1: 2 append success next 1 match 0
009042 INFO S0: (term 1) follower 收到 [1] AppendEntries [], prevIndex 0, prevTerm 0
009043 LEAD S1: 0 append success next 1 match 0
009543 LEAD S1: prevLog &raft.Entry{Command:interface {}(nil), Term:0, Index:0}
009544 LEAD S1: prevLog &raft.Entry{Command:interface {}(nil), Term:0, Index:0}
009544 INFO S2: (term 1) follower 收到 [1] AppendEntries [], prevIndex 0, prevTerm 0
009545 LEAD S1: 2 append success next 1 match 0
009545 INFO S0: (term 1) follower 收到 [1] AppendEntries [], prevIndex 0, prevTerm 0
009545 LEAD S1: 0 append success next 1 match 0
010045 LEAD S1: prevLog &raft.Entry{Command:interface {}(nil), Term:0, Index:0}
010046 LEAD S1: prevLog &raft.Entry{Command:interface {}(nil), Term:0, Index:0}
010046 INFO S2: (term 1) follower 收到 [1] AppendEntries [], prevIndex 0, prevTerm 0
010047 LEAD S1: 2 append success next 1 match 0
010047 INFO S0: (term 1) follower 收到 [1] AppendEntries [], prevIndex 0, prevTerm 0
010047 LEAD S1: 0 append success next 1 match 0
010548 LEAD S1: prevLog &raft.Entry{Command:interface {}(nil), Term:0, Index:0}
010548 LEAD S1: prevLog &raft.Entry{Command:interface {}(nil), Term:0, Index:0}
010549 INFO S2: (term 1) follower 收到 [1] AppendEntries [], prevIndex 0, prevTerm 0
010549 LEAD S1: 2 append success next 1 match 0
010549 INFO S0: (term 1) follower 收到 [1] AppendEntries [], prevIndex 0, prevTerm 0
010550 LEAD S1: 0 append success next 1 match 0
011050 LEAD S1: prevLog &raft.Entry{Command:interface {}(nil), Term:0, Index:0}
011051 LEAD S1: prevLog &raft.Entry{Command:interface {}(nil), Term:0, Index:0}
011051 INFO S2: (term 1) follower 收到 [1] AppendEntries [], prevIndex 0, prevTerm 0
011052 LEAD S1: 2 append success next 1 match 0
011052 INFO S0: (term 1) follower 收到 [1] AppendEntries [], prevIndex 0, prevTerm 0
011052 LEAD S1: 0 append success next 1 match 0
011553 LEAD S1: prevLog &raft.Entry{Command:interface {}(nil), Term:0, Index:0}
011553 LEAD S1: prevLog &raft.Entry{Command:interface {}(nil), Term:0, Index:0}
011554 INFO S2: (term 1) follower 收到 [1] AppendEntries [], prevIndex 0, prevTerm 0
011554 LEAD S1: 2 append success next 1 match 0
011554 INFO S0: (term 1) follower 收到 [1] AppendEntries [], prevIndex 0, prevTerm 0
011554 LEAD S1: 0 append success next 1 match 0
012055 LEAD S1: prevLog &raft.Entry{Command:interface {}(nil), Term:0, Index:0}
012055 LEAD S1: prevLog &raft.Entry{Command:interface {}(nil), Term:0, Index:0}
012056 INFO S2: (term 1) follower 收到 [1] AppendEntries [], prevIndex 0, prevTerm 0
012056 LEAD S1: 2 append success next 1 match 0
012057 INFO S0: (term 1) follower 收到 [1] AppendEntries [], prevIndex 0, prevTerm 0
012057 LEAD S1: 0 append success next 1 match 0
012558 LEAD S1: prevLog &raft.Entry{Command:interface {}(nil), Term:0, Index:0}
012558 LEAD S1: prevLog &raft.Entry{Command:interface {}(nil), Term:0, Index:0}
012559 INFO S2: (term 1) follower 收到 [1] AppendEntries [], prevIndex 0, prevTerm 0
012559 LEAD S1: 2 append success next 1 match 0
012559 INFO S0: (term 1) follower 收到 [1] AppendEntries [], prevIndex 0, prevTerm 0
012560 LEAD S1: 0 append success next 1 match 0
013059 LEAD S1: prevLog &raft.Entry{Command:interface {}(nil), Term:0, Index:0}
013060 LEAD S1: prevLog &raft.Entry{Command:interface {}(nil), Term:0, Index:0}
013060 INFO S0: (term 1) follower 收到 [1] AppendEntries [], prevIndex 0, prevTerm 0
013061 LEAD S1: 0 append success next 1 match 0
013061 INFO S2: (term 1) follower 收到 [1] AppendEntries [], prevIndex 0, prevTerm 0
013061 LEAD S1: 2 append success next 1 match 0
013562 LEAD S1: prevLog &raft.Entry{Command:interface {}(nil), Term:0, Index:0}
013563 LEAD S1: prevLog &raft.Entry{Command:interface {}(nil), Term:0, Index:0}
013563 INFO S2: (term 1) follower 收到 [1] AppendEntries [], prevIndex 0, prevTerm 0
013563 LEAD S1: 2 append success next 1 match 0
013564 INFO S0: (term 1) follower 收到 [1] AppendEntries [], prevIndex 0, prevTerm 0
013564 LEAD S1: 0 append success next 1 match 0
014065 LEAD S1: prevLog &raft.Entry{Command:interface {}(nil), Term:0, Index:0}
014065 LEAD S1: prevLog &raft.Entry{Command:interface {}(nil), Term:0, Index:0}
014066 INFO S2: (term 1) follower 收到 [1] AppendEntries [], prevIndex 0, prevTerm 0
014066 LEAD S1: 2 append success next 1 match 0
014066 INFO S0: (term 1) follower 收到 [1] AppendEntries [], prevIndex 0, prevTerm 0
014067 LEAD S1: 0 append success next 1 match 0
014567 LEAD S1: prevLog &raft.Entry{Command:interface {}(nil), Term:0, Index:0}
014568 LEAD S1: prevLog &raft.Entry{Command:interface {}(nil), Term:0, Index:0}
014568 INFO S2: (term 1) follower 收到 [1] AppendEntries [], prevIndex 0, prevTerm 0
014569 LEAD S1: 2 append success next 1 match 0
014569 INFO S0: (term 1) follower 收到 [1] AppendEntries [], prevIndex 0, prevTerm 0
014570 LEAD S1: 0 append success next 1 match 0
015070 LEAD S1: prevLog &raft.Entry{Command:interface {}(nil), Term:0, Index:0}
015070 LEAD S1: prevLog &raft.Entry{Command:interface {}(nil), Term:0, Index:0}
015071 INFO S2: (term 1) follower 收到 [1] AppendEntries [], prevIndex 0, prevTerm 0
015071 INFO S0: (term 1) follower 收到 [1] AppendEntries [], prevIndex 0, prevTerm 0
015071 LEAD S1: 0 append success next 1 match 0
015071 LEAD S1: 2 append success next 1 match 0
015572 LEAD S1: prevLog &raft.Entry{Command:interface {}(nil), Term:0, Index:0}
015572 LEAD S1: prevLog &raft.Entry{Command:interface {}(nil), Term:0, Index:0}
015573 INFO S2: (term 1) follower 收到 [1] AppendEntries [], prevIndex 0, prevTerm 0
015573 INFO S0: (term 1) follower 收到 [1] AppendEntries [], prevIndex 0, prevTerm 0
015573 LEAD S1: 2 append success next 1 match 0
015573 LEAD S1: 0 append success next 1 match 0
016075 LEAD S1: prevLog &raft.Entry{Command:interface {}(nil), Term:0, Index:0}
016075 LEAD S1: prevLog &raft.Entry{Command:interface {}(nil), Term:0, Index:0}
016077 INFO S2: (term 1) follower 收到 [1] AppendEntries [], prevIndex 0, prevTerm 0
016078 LEAD S1: 2 append success next 1 match 0
016077 INFO S0: (term 1) follower 收到 [1] AppendEntries [], prevIndex 0, prevTerm 0
016078 LEAD S1: 0 append success next 1 match 0
016577 LEAD S1: prevLog &raft.Entry{Command:interface {}(nil), Term:0, Index:0}
016578 LEAD S1: prevLog &raft.Entry{Command:interface {}(nil), Term:0, Index:0}
016578 INFO S0: (term 1) follower 收到 [1] AppendEntries [], prevIndex 0, prevTerm 0
016578 LEAD S1: 0 append success next 1 match 0
016579 INFO S2: (term 1) follower 收到 [1] AppendEntries [], prevIndex 0, prevTerm 0
016579 LEAD S1: 2 append success next 1 match 0
017080 LEAD S1: prevLog &raft.Entry{Command:interface {}(nil), Term:0, Index:0}
017080 LEAD S1: prevLog &raft.Entry{Command:interface {}(nil), Term:0, Index:0}
017081 INFO S2: (term 1) follower 收到 [1] AppendEntries [], prevIndex 0, prevTerm 0
017081 LEAD S1: 2 append success next 1 match 0
017081 INFO S0: (term 1) follower 收到 [1] AppendEntries [], prevIndex 0, prevTerm 0
017082 LEAD S1: 0 append success next 1 match 0
017582 LEAD S1: prevLog &raft.Entry{Command:interface {}(nil), Term:0, Index:0}
017582 LEAD S1: prevLog &raft.Entry{Command:interface {}(nil), Term:0, Index:0}
017583 INFO S2: (term 1) follower 收到 [1] AppendEntries [], prevIndex 0, prevTerm 0
017583 LEAD S1: 2 append success next 1 match 0
017583 INFO S0: (term 1) follower 收到 [1] AppendEntries [], prevIndex 0, prevTerm 0
017584 LEAD S1: 0 append success next 1 match 0
018084 LEAD S1: prevLog &raft.Entry{Command:interface {}(nil), Term:0, Index:0}
018084 LEAD S1: prevLog &raft.Entry{Command:interface {}(nil), Term:0, Index:0}
018085 INFO S0: (term 1) follower 收到 [1] AppendEntries [], prevIndex 0, prevTerm 0
018085 INFO S2: (term 1) follower 收到 [1] AppendEntries [], prevIndex 0, prevTerm 0
018085 LEAD S1: 0 append success next 1 match 0
018085 LEAD S1: 2 append success next 1 match 0
018586 LEAD S1: prevLog &raft.Entry{Command:interface {}(nil), Term:0, Index:0}
018586 LEAD S1: prevLog &raft.Entry{Command:interface {}(nil), Term:0, Index:0}
018587 INFO S2: (term 1) follower 收到 [1] AppendEntries [], prevIndex 0, prevTerm 0
018587 LEAD S1: 2 append success next 1 match 0
018587 INFO S0: (term 1) follower 收到 [1] AppendEntries [], prevIndex 0, prevTerm 0
018588 LEAD S1: 0 append success next 1 match 0
019089 LEAD S1: prevLog &raft.Entry{Command:interface {}(nil), Term:0, Index:0}
019089 LEAD S1: prevLog &raft.Entry{Command:interface {}(nil), Term:0, Index:0}
019089 INFO S2: (term 1) follower 收到 [1] AppendEntries [], prevIndex 0, prevTerm 0
019090 LEAD S1: 2 append success next 1 match 0
019090 INFO S0: (term 1) follower 收到 [1] AppendEntries [], prevIndex 0, prevTerm 0
019090 LEAD S1: 0 append success next 1 match 0
019591 LEAD S1: prevLog &raft.Entry{Command:interface {}(nil), Term:0, Index:0}
019591 LEAD S1: prevLog &raft.Entry{Command:interface {}(nil), Term:0, Index:0}
019592 INFO S2: (term 1) follower 收到 [1] AppendEntries [], prevIndex 0, prevTerm 0
019592 INFO S0: (term 1) follower 收到 [1] AppendEntries [], prevIndex 0, prevTerm 0
019592 LEAD S1: 2 append success next 1 match 0
019592 LEAD S1: 0 append success next 1 match 0
020093 LEAD S1: prevLog &raft.Entry{Command:interface {}(nil), Term:0, Index:0}
020094 LEAD S1: prevLog &raft.Entry{Command:interface {}(nil), Term:0, Index:0}
020094 INFO S2: (term 1) follower 收到 [1] AppendEntries [], prevIndex 0, prevTerm 0
020095 LEAD S1: 2 append success next 1 match 0
020095 INFO S0: (term 1) follower 收到 [1] AppendEntries [], prevIndex 0, prevTerm 0
020096 LEAD S1: 0 append success next 1 match 0
020596 LEAD S1: prevLog &raft.Entry{Command:interface {}(nil), Term:0, Index:0}
020596 LEAD S1: prevLog &raft.Entry{Command:interface {}(nil), Term:0, Index:0}
020597 INFO S2: (term 1) follower 收到 [1] AppendEntries [], prevIndex 0, prevTerm 0
020597 LEAD S1: 2 append success next 1 match 0
020597 INFO S0: (term 1) follower 收到 [1] AppendEntries [], prevIndex 0, prevTerm 0
020598 LEAD S1: 0 append success next 1 match 0
021098 LEAD S1: prevLog &raft.Entry{Command:interface {}(nil), Term:0, Index:0}
021099 LEAD S1: prevLog &raft.Entry{Command:interface {}(nil), Term:0, Index:0}
021099 INFO S2: (term 1) follower 收到 [1] AppendEntries [], prevIndex 0, prevTerm 0
021100 LEAD S1: 2 append success next 1 match 0
021100 INFO S0: (term 1) follower 收到 [1] AppendEntries [], prevIndex 0, prevTerm 0
021100 LEAD S1: 0 append success next 1 match 0
021601 LEAD S1: prevLog &raft.Entry{Command:interface {}(nil), Term:0, Index:0}
021601 LEAD S1: prevLog &raft.Entry{Command:interface {}(nil), Term:0, Index:0}
021602 INFO S2: (term 1) follower 收到 [1] AppendEntries [], prevIndex 0, prevTerm 0
021602 LEAD S1: 2 append success next 1 match 0
021602 INFO S0: (term 1) follower 收到 [1] AppendEntries [], prevIndex 0, prevTerm 0
021603 LEAD S1: 0 append success next 1 match 0
022104 LEAD S1: prevLog &raft.Entry{Command:interface {}(nil), Term:0, Index:0}
022104 LEAD S1: prevLog &raft.Entry{Command:interface {}(nil), Term:0, Index:0}
022105 INFO S2: (term 1) follower 收到 [1] AppendEntries [], prevIndex 0, prevTerm 0
022105 LEAD S1: 2 append success next 1 match 0
022105 INFO S0: (term 1) follower 收到 [1] AppendEntries [], prevIndex 0, prevTerm 0
022106 LEAD S1: 0 append success next 1 match 0
022606 LEAD S1: prevLog &raft.Entry{Command:interface {}(nil), Term:0, Index:0}
022606 LEAD S1: prevLog &raft.Entry{Command:interface {}(nil), Term:0, Index:0}
022607 INFO S2: (term 1) follower 收到 [1] AppendEntries [], prevIndex 0, prevTerm 0
022607 INFO S0: (term 1) follower 收到 [1] AppendEntries [], prevIndex 0, prevTerm 0
022607 LEAD S1: 2 append success next 1 match 0
022607 LEAD S1: 0 append success next 1 match 0
023108 LEAD S1: prevLog &raft.Entry{Command:interface {}(nil), Term:0, Index:0}
023108 LEAD S1: prevLog &raft.Entry{Command:interface {}(nil), Term:0, Index:0}
023109 INFO S2: (term 1) follower 收到 [1] AppendEntries [], prevIndex 0, prevTerm 0
023109 LEAD S1: 2 append success next 1 match 0
023109 INFO S0: (term 1) follower 收到 [1] AppendEntries [], prevIndex 0, prevTerm 0
023110 LEAD S1: 0 append success next 1 match 0
023611 LEAD S1: prevLog &raft.Entry{Command:interface {}(nil), Term:0, Index:0}
023612 LEAD S1: prevLog &raft.Entry{Command:interface {}(nil), Term:0, Index:0}
023612 INFO S2: (term 1) follower 收到 [1] AppendEntries [], prevIndex 0, prevTerm 0
023613 LEAD S1: 2 append success next 1 match 0
023613 INFO S0: (term 1) follower 收到 [1] AppendEntries [], prevIndex 0, prevTerm 0
023613 LEAD S1: 0 append success next 1 match 0
024114 LEAD S1: prevLog &raft.Entry{Command:interface {}(nil), Term:0, Index:0}
024114 LEAD S1: prevLog &raft.Entry{Command:interface {}(nil), Term:0, Index:0}
024115 INFO S2: (term 1) follower 收到 [1] AppendEntries [], prevIndex 0, prevTerm 0
024115 LEAD S1: 2 append success next 1 match 0
024115 INFO S0: (term 1) follower 收到 [1] AppendEntries [], prevIndex 0, prevTerm 0
024116 LEAD S1: 0 append success next 1 match 0
024617 LEAD S1: prevLog &raft.Entry{Command:interface {}(nil), Term:0, Index:0}
024617 LEAD S1: prevLog &raft.Entry{Command:interface {}(nil), Term:0, Index:0}
024618 INFO S2: (term 1) follower 收到 [1] AppendEntries [], prevIndex 0, prevTerm 0
024618 LEAD S1: 2 append success next 1 match 0
024618 INFO S0: (term 1) follower 收到 [1] AppendEntries [], prevIndex 0, prevTerm 0
024619 LEAD S1: 0 append success next 1 match 0
025119 LEAD S1: prevLog &raft.Entry{Command:interface {}(nil), Term:0, Index:0}
025119 LEAD S1: prevLog &raft.Entry{Command:interface {}(nil), Term:0, Index:0}
025120 INFO S2: (term 1) follower 收到 [1] AppendEntries [], prevIndex 0, prevTerm 0
025120 LEAD S1: 2 append success next 1 match 0
025121 INFO S0: (term 1) follower 收到 [1] AppendEntries [], prevIndex 0, prevTerm 0
025121 LEAD S1: 0 append success next 1 match 0
025621 LEAD S1: prevLog &raft.Entry{Command:interface {}(nil), Term:0, Index:0}
025621 LEAD S1: prevLog &raft.Entry{Command:interface {}(nil), Term:0, Index:0}
025621 INFO S2: (term 1) follower 收到 [1] AppendEntries [], prevIndex 0, prevTerm 0
025621 INFO S0: (term 1) follower 收到 [1] AppendEntries [], prevIndex 0, prevTerm 0
025622 LEAD S1: 0 append success next 1 match 0
025622 LEAD S1: 2 append success next 1 match 0
026123 LEAD S1: prevLog &raft.Entry{Command:interface {}(nil), Term:0, Index:0}
026123 LEAD S1: prevLog &raft.Entry{Command:interface {}(nil), Term:0, Index:0}
026124 INFO S2: (term 1) follower 收到 [1] AppendEntries [], prevIndex 0, prevTerm 0
026125 INFO S0: (term 1) follower 收到 [1] AppendEntries [], prevIndex 0, prevTerm 0
026125 LEAD S1: 2 append success next 1 match 0
026125 LEAD S1: 0 append success next 1 match 0
026625 LEAD S1: prevLog &raft.Entry{Command:interface {}(nil), Term:0, Index:0}
026625 LEAD S1: prevLog &raft.Entry{Command:interface {}(nil), Term:0, Index:0}
026626 INFO S2: (term 1) follower 收到 [1] AppendEntries [], prevIndex 0, prevTerm 0
026626 LEAD S1: 2 append success next 1 match 0
026627 INFO S0: (term 1) follower 收到 [1] AppendEntries [], prevIndex 0, prevTerm 0
026627 LEAD S1: 0 append success next 1 match 0
027126 LEAD S1: prevLog &raft.Entry{Command:interface {}(nil), Term:0, Index:0}
027127 LEAD S1: prevLog &raft.Entry{Command:interface {}(nil), Term:0, Index:0}
027128 INFO S2: (term 1) follower 收到 [1] AppendEntries [], prevIndex 0, prevTerm 0
027128 LEAD S1: 2 append success next 1 match 0
027128 INFO S0: (term 1) follower 收到 [1] AppendEntries [], prevIndex 0, prevTerm 0
027128 LEAD S1: 0 append success next 1 match 0
027629 LEAD S1: prevLog &raft.Entry{Command:interface {}(nil), Term:0, Index:0}
027629 LEAD S1: prevLog &raft.Entry{Command:interface {}(nil), Term:0, Index:0}
027629 INFO S2: (term 1) follower 收到 [1] AppendEntries [], prevIndex 0, prevTerm 0
027630 LEAD S1: 2 append success next 1 match 0
027630 INFO S0: (term 1) follower 收到 [1] AppendEntries [], prevIndex 0, prevTerm 0
027630 LEAD S1: 0 append success next 1 match 0
028131 LEAD S1: prevLog &raft.Entry{Command:interface {}(nil), Term:0, Index:0}
028132 LEAD S1: prevLog &raft.Entry{Command:interface {}(nil), Term:0, Index:0}
028133 INFO S2: (term 1) follower 收到 [1] AppendEntries [], prevIndex 0, prevTerm 0
028133 INFO S0: (term 1) follower 收到 [1] AppendEntries [], prevIndex 0, prevTerm 0
028133 LEAD S1: 2 append success next 1 match 0
028133 LEAD S1: 0 append success next 1 match 0
028633 LEAD S1: prevLog &raft.Entry{Command:interface {}(nil), Term:0, Index:0}
028633 LEAD S1: prevLog &raft.Entry{Command:interface {}(nil), Term:0, Index:0}
028634 INFO S2: (term 1) follower 收到 [1] AppendEntries [], prevIndex 0, prevTerm 0
028634 LEAD S1: 2 append success next 1 match 0
028635 INFO S0: (term 1) follower 收到 [1] AppendEntries [], prevIndex 0, prevTerm 0
028635 LEAD S1: 0 append success next 1 match 0
029136 LEAD S1: prevLog &raft.Entry{Command:interface {}(nil), Term:0, Index:0}
029136 LEAD S1: prevLog &raft.Entry{Command:interface {}(nil), Term:0, Index:0}
029137 INFO S2: (term 1) follower 收到 [1] AppendEntries [], prevIndex 0, prevTerm 0
029137 LEAD S1: 2 append success next 1 match 0
029137 INFO S0: (term 1) follower 收到 [1] AppendEntries [], prevIndex 0, prevTerm 0
029138 LEAD S1: 0 append success next 1 match 0
029638 LEAD S1: prevLog &raft.Entry{Command:interface {}(nil), Term:0, Index:0}
029638 LEAD S1: prevLog &raft.Entry{Command:interface {}(nil), Term:0, Index:0}
029639 INFO S2: (term 1) follower 收到 [1] AppendEntries [], prevIndex 0, prevTerm 0
029639 LEAD S1: 2 append success next 1 match 0
029640 INFO S0: (term 1) follower 收到 [1] AppendEntries [], prevIndex 0, prevTerm 0
029640 LEAD S1: 0 append success next 1 match 0
030141 LEAD S1: prevLog &raft.Entry{Command:interface {}(nil), Term:0, Index:0}
030141 LEAD S1: prevLog &raft.Entry{Command:interface {}(nil), Term:0, Index:0}
030142 INFO S2: (term 1) follower 收到 [1] AppendEntries [], prevIndex 0, prevTerm 0
030142 LEAD S1: 2 append success next 1 match 0
030143 INFO S0: (term 1) follower 收到 [1] AppendEntries [], prevIndex 0, prevTerm 0
030143 LEAD S1: 0 append success next 1 match 0
030644 LEAD S1: prevLog &raft.Entry{Command:interface {}(nil), Term:0, Index:0}
030644 LEAD S1: prevLog &raft.Entry{Command:interface {}(nil), Term:0, Index:0}
030645 INFO S2: (term 1) follower 收到 [1] AppendEntries [], prevIndex 0, prevTerm 0
030645 LEAD S1: 2 append success next 1 match 0
030646 INFO S0: (term 1) follower 收到 [1] AppendEntries [], prevIndex 0, prevTerm 0
030646 LEAD S1: 0 append success next 1 match 0
031146 LEAD S1: prevLog &raft.Entry{Command:interface {}(nil), Term:0, Index:0}
031146 LEAD S1: prevLog &raft.Entry{Command:interface {}(nil), Term:0, Index:0}
031147 INFO S2: (term 1) follower 收到 [1] AppendEntries [], prevIndex 0, prevTerm 0
031147 INFO S0: (term 1) follower 收到 [1] AppendEntries [], prevIndex 0, prevTerm 0
031147 LEAD S1: 2 append success next 1 match 0
031148 LEAD S1: 0 append success next 1 match 0
031649 LEAD S1: prevLog &raft.Entry{Command:interface {}(nil), Term:0, Index:0}
031650 LEAD S1: prevLog &raft.Entry{Command:interface {}(nil), Term:0, Index:0}
031650 INFO S2: (term 1) follower 收到 [1] AppendEntries [], prevIndex 0, prevTerm 0
031651 LEAD S1: 2 append success next 1 match 0
031651 INFO S0: (term 1) follower 收到 [1] AppendEntries [], prevIndex 0, prevTerm 0
031651 LEAD S1: 0 append success next 1 match 0
032152 LEAD S1: prevLog &raft.Entry{Command:interface {}(nil), Term:0, Index:0}
032152 LEAD S1: prevLog &raft.Entry{Command:interface {}(nil), Term:0, Index:0}
032153 INFO S2: (term 1) follower 收到 [1] AppendEntries [], prevIndex 0, prevTerm 0
032153 LEAD S1: 2 append success next 1 match 0
032153 INFO S0: (term 1) follower 收到 [1] AppendEntries [], prevIndex 0, prevTerm 0
032154 LEAD S1: 0 append success next 1 match 0
032654 LEAD S1: prevLog &raft.Entry{Command:interface {}(nil), Term:0, Index:0}
032654 LEAD S1: prevLog &raft.Entry{Command:interface {}(nil), Term:0, Index:0}
032655 INFO S2: (term 1) follower 收到 [1] AppendEntries [], prevIndex 0, prevTerm 0
032655 LEAD S1: 2 append success next 1 match 0
032655 INFO S0: (term 1) follower 收到 [1] AppendEntries [], prevIndex 0, prevTerm 0
032656 LEAD S1: 0 append success next 1 match 0
033156 LEAD S1: prevLog &raft.Entry{Command:interface {}(nil), Term:0, Index:0}
033157 LEAD S1: prevLog &raft.Entry{Command:interface {}(nil), Term:0, Index:0}
033157 INFO S2: (term 1) follower 收到 [1] AppendEntries [], prevIndex 0, prevTerm 0
033158 LEAD S1: 2 append success next 1 match 0
033158 INFO S0: (term 1) follower 收到 [1] AppendEntries [], prevIndex 0, prevTerm 0
033158 LEAD S1: 0 append success next 1 match 0
033659 LEAD S1: prevLog &raft.Entry{Command:interface {}(nil), Term:0, Index:0}
033659 LEAD S1: prevLog &raft.Entry{Command:interface {}(nil), Term:0, Index:0}
033659 INFO S0: (term 1) follower 收到 [1] AppendEntries [], prevIndex 0, prevTerm 0
033660 INFO S2: (term 1) follower 收到 [1] AppendEntries [], prevIndex 0, prevTerm 0
033660 LEAD S1: 0 append success next 1 match 0
033660 LEAD S1: 2 append success next 1 match 0
034160 LEAD S1: prevLog &raft.Entry{Command:interface {}(nil), Term:0, Index:0}
034161 LEAD S1: prevLog &raft.Entry{Command:interface {}(nil), Term:0, Index:0}
034161 INFO S2: (term 1) follower 收到 [1] AppendEntries [], prevIndex 0, prevTerm 0
034162 LEAD S1: 2 append success next 1 match 0
034162 INFO S0: (term 1) follower 收到 [1] AppendEntries [], prevIndex 0, prevTerm 0
034162 LEAD S1: 0 append success next 1 match 0
034663 LEAD S1: prevLog &raft.Entry{Command:interface {}(nil), Term:0, Index:0}
034663 LEAD S1: prevLog &raft.Entry{Command:interface {}(nil), Term:0, Index:0}
034664 INFO S2: (term 1) follower 收到 [1] AppendEntries [], prevIndex 0, prevTerm 0
034664 INFO S0: (term 1) follower 收到 [1] AppendEntries [], prevIndex 0, prevTerm 0
034665 LEAD S1: 0 append success next 1 match 0
034669 LEAD S1: 2 append success next 1 match 0
035165 LEAD S1: prevLog &raft.Entry{Command:interface {}(nil), Term:0, Index:0}
035166 LEAD S1: prevLog &raft.Entry{Command:interface {}(nil), Term:0, Index:0}
035166 INFO S2: (term 1) follower 收到 [1] AppendEntries [], prevIndex 0, prevTerm 0
035167 LEAD S1: 2 append success next 1 match 0
035167 INFO S0: (term 1) follower 收到 [1] AppendEntries [], prevIndex 0, prevTerm 0
035168 LEAD S1: 0 append success next 1 match 0
035668 LEAD S1: prevLog &raft.Entry{Command:interface {}(nil), Term:0, Index:0}
035668 LEAD S1: prevLog &raft.Entry{Command:interface {}(nil), Term:0, Index:0}
035669 INFO S2: (term 1) follower 收到 [1] AppendEntries [], prevIndex 0, prevTerm 0
035670 LEAD S1: 2 append success next 1 match 0
035670 INFO S0: (term 1) follower 收到 [1] AppendEntries [], prevIndex 0, prevTerm 0
035670 LEAD S1: 0 append success next 1 match 0
036170 LEAD S1: prevLog &raft.Entry{Command:interface {}(nil), Term:0, Index:0}
036171 LEAD S1: prevLog &raft.Entry{Command:interface {}(nil), Term:0, Index:0}
036171 INFO S2: (term 1) follower 收到 [1] AppendEntries [], prevIndex 0, prevTerm 0
036172 LEAD S1: 2 append success next 1 match 0
036173 INFO S0: (term 1) follower 收到 [1] AppendEntries [], prevIndex 0, prevTerm 0
036173 LEAD S1: 0 append success next 1 match 0
036673 LEAD S1: prevLog &raft.Entry{Command:interface {}(nil), Term:0, Index:0}
036673 LEAD S1: prevLog &raft.Entry{Command:interface {}(nil), Term:0, Index:0}
036674 INFO S2: (term 1) follower 收到 [1] AppendEntries [], prevIndex 0, prevTerm 0
036674 INFO S0: (term 1) follower 收到 [1] AppendEntries [], prevIndex 0, prevTerm 0
036674 LEAD S1: 2 append success next 1 match 0
036674 LEAD S1: 0 append success next 1 match 0
037175 LEAD S1: prevLog &raft.Entry{Command:interface {}(nil), Term:0, Index:0}
037176 LEAD S1: prevLog &raft.Entry{Command:interface {}(nil), Term:0, Index:0}
037176 INFO S2: (term 1) follower 收到 [1] AppendEntries [], prevIndex 0, prevTerm 0
037177 LEAD S1: 2 append success next 1 match 0
037177 INFO S0: (term 1) follower 收到 [1] AppendEntries [], prevIndex 0, prevTerm 0
037177 LEAD S1: 0 append success next 1 match 0
037678 LEAD S1: prevLog &raft.Entry{Command:interface {}(nil), Term:0, Index:0}
037679 LEAD S1: prevLog &raft.Entry{Command:interface {}(nil), Term:0, Index:0}
037680 INFO S2: (term 1) follower 收到 [1] AppendEntries [], prevIndex 0, prevTerm 0
037680 INFO S0: (term 1) follower 收到 [1] AppendEntries [], prevIndex 0, prevTerm 0
037680 LEAD S1: 0 append success next 1 match 0
037680 LEAD S1: 2 append success next 1 match 0
038180 LEAD S1: prevLog &raft.Entry{Command:interface {}(nil), Term:0, Index:0}
038181 LEAD S1: prevLog &raft.Entry{Command:interface {}(nil), Term:0, Index:0}
038181 INFO S0: (term 1) follower 收到 [1] AppendEntries [], prevIndex 0, prevTerm 0
038182 INFO S2: (term 1) follower 收到 [1] AppendEntries [], prevIndex 0, prevTerm 0
038182 LEAD S1: 2 append success next 1 match 0
038182 LEAD S1: 0 append success next 1 match 0
038682 LEAD S1: prevLog &raft.Entry{Command:interface {}(nil), Term:0, Index:0}
038682 LEAD S1: prevLog &raft.Entry{Command:interface {}(nil), Term:0, Index:0}
038683 INFO S2: (term 1) follower 收到 [1] AppendEntries [], prevIndex 0, prevTerm 0
038683 LEAD S1: 2 append success next 1 match 0
038683 INFO S0: (term 1) follower 收到 [1] AppendEntries [], prevIndex 0, prevTerm 0
038684 LEAD S1: 0 append success next 1 match 0
039184 LEAD S1: prevLog &raft.Entry{Command:interface {}(nil), Term:0, Index:0}
039185 LEAD S1: prevLog &raft.Entry{Command:interface {}(nil), Term:0, Index:0}
039185 INFO S2: (term 1) follower 收到 [1] AppendEntries [], prevIndex 0, prevTerm 0
039185 INFO S0: (term 1) follower 收到 [1] AppendEntries [], prevIndex 0, prevTerm 0
039186 LEAD S1: 2 append success next 1 match 0
039186 LEAD S1: 0 append success next 1 match 0
039687 LEAD S1: prevLog &raft.Entry{Command:interface {}(nil), Term:0, Index:0}
039687 LEAD S1: prevLog &raft.Entry{Command:interface {}(nil), Term:0, Index:0}
039688 INFO S2: (term 1) follower 收到 [1] AppendEntries [], prevIndex 0, prevTerm 0
039689 LEAD S1: 2 append success next 1 match 0
039689 INFO S0: (term 1) follower 收到 [1] AppendEntries [], prevIndex 0, prevTerm 0
039689 LEAD S1: 0 append success next 1 match 0
040189 LEAD S1: prevLog &raft.Entry{Command:interface {}(nil), Term:0, Index:0}
040190 LEAD S1: prevLog &raft.Entry{Command:interface {}(nil), Term:0, Index:0}
040190 INFO S2: (term 1) follower 收到 [1] AppendEntries [], prevIndex 0, prevTerm 0
040191 LEAD S1: 2 append success next 1 match 0
040191 INFO S0: (term 1) follower 收到 [1] AppendEntries [], prevIndex 0, prevTerm 0
040191 LEAD S1: 0 append success next 1 match 0
040692 LEAD S1: prevLog &raft.Entry{Command:interface {}(nil), Term:0, Index:0}
040692 LEAD S1: prevLog &raft.Entry{Command:interface {}(nil), Term:0, Index:0}
040693 INFO S2: (term 1) follower 收到 [1] AppendEntries [], prevIndex 0, prevTerm 0
040693 LEAD S1: 2 append success next 1 match 0
040693 INFO S0: (term 1) follower 收到 [1] AppendEntries [], prevIndex 0, prevTerm 0
040694 LEAD S1: 0 append success next 1 match 0
041194 LEAD S1: prevLog &raft.Entry{Command:interface {}(nil), Term:0, Index:0}
041194 LEAD S1: prevLog &raft.Entry{Command:interface {}(nil), Term:0, Index:0}
041195 INFO S2: (term 1) follower 收到 [1] AppendEntries [], prevIndex 0, prevTerm 0
041195 LEAD S1: 2 append success next 1 match 0
041196 INFO S0: (term 1) follower 收到 [1] AppendEntries [], prevIndex 0, prevTerm 0
041196 LEAD S1: 0 append success next 1 match 0
041696 LEAD S1: prevLog &raft.Entry{Command:interface {}(nil), Term:0, Index:0}
041697 LEAD S1: prevLog &raft.Entry{Command:interface {}(nil), Term:0, Index:0}
041697 INFO S2: (term 1) follower 收到 [1] AppendEntries [], prevIndex 0, prevTerm 0
041698 LEAD S1: 2 append success next 1 match 0
041698 INFO S0: (term 1) follower 收到 [1] AppendEntries [], prevIndex 0, prevTerm 0
041698 LEAD S1: 0 append success next 1 match 0
042199 LEAD S1: prevLog &raft.Entry{Command:interface {}(nil), Term:0, Index:0}
042199 LEAD S1: prevLog &raft.Entry{Command:interface {}(nil), Term:0, Index:0}
042200 INFO S2: (term 1) follower 收到 [1] AppendEntries [], prevIndex 0, prevTerm 0
042200 INFO S0: (term 1) follower 收到 [1] AppendEntries [], prevIndex 0, prevTerm 0
042200 LEAD S1: 0 append success next 1 match 0
042200 LEAD S1: 2 append success next 1 match 0
042701 LEAD S1: prevLog &raft.Entry{Command:interface {}(nil), Term:0, Index:0}
042701 LEAD S1: prevLog &raft.Entry{Command:interface {}(nil), Term:0, Index:0}
042702 INFO S0: (term 1) follower 收到 [1] AppendEntries [], prevIndex 0, prevTerm 0
042702 INFO S2: (term 1) follower 收到 [1] AppendEntries [], prevIndex 0, prevTerm 0
042702 LEAD S1: 0 append success next 1 match 0
042703 LEAD S1: 2 append success next 1 match 0
043204 LEAD S1: prevLog &raft.Entry{Command:interface {}(nil), Term:0, Index:0}
043204 LEAD S1: prevLog &raft.Entry{Command:interface {}(nil), Term:0, Index:0}
043204 INFO S2: (term 1) follower 收到 [1] AppendEntries [], prevIndex 0, prevTerm 0
043204 INFO S0: (term 1) follower 收到 [1] AppendEntries [], prevIndex 0, prevTerm 0
043205 LEAD S1: 0 append success next 1 match 0
043205 LEAD S1: 2 append success next 1 match 0
043706 LEAD S1: prevLog &raft.Entry{Command:interface {}(nil), Term:0, Index:0}
043706 LEAD S1: prevLog &raft.Entry{Command:interface {}(nil), Term:0, Index:0}
043706 INFO S0: (term 1) follower 收到 [1] AppendEntries [], prevIndex 0, prevTerm 0
043707 INFO S2: (term 1) follower 收到 [1] AppendEntries [], prevIndex 0, prevTerm 0
043707 LEAD S1: 0 append success next 1 match 0
043707 LEAD S1: 2 append success next 1 match 0
044208 LEAD S1: prevLog &raft.Entry{Command:interface {}(nil), Term:0, Index:0}
044208 LEAD S1: prevLog &raft.Entry{Command:interface {}(nil), Term:0, Index:0}
044209 INFO S2: (term 1) follower 收到 [1] AppendEntries [], prevIndex 0, prevTerm 0
044209 LEAD S1: 2 append success next 1 match 0
044209 INFO S0: (term 1) follower 收到 [1] AppendEntries [], prevIndex 0, prevTerm 0
044210 LEAD S1: 0 append success next 1 match 0
044710 LEAD S1: prevLog &raft.Entry{Command:interface {}(nil), Term:0, Index:0}
044710 LEAD S1: prevLog &raft.Entry{Command:interface {}(nil), Term:0, Index:0}
044711 INFO S2: (term 1) follower 收到 [1] AppendEntries [], prevIndex 0, prevTerm 0
044712 LEAD S1: 2 append success next 1 match 0
044712 INFO S0: (term 1) follower 收到 [1] AppendEntries [], prevIndex 0, prevTerm 0
044712 LEAD S1: 0 append success next 1 match 0
045213 LEAD S1: prevLog &raft.Entry{Command:interface {}(nil), Term:0, Index:0}
045213 LEAD S1: prevLog &raft.Entry{Command:interface {}(nil), Term:0, Index:0}
045214 INFO S2: (term 1) follower 收到 [1] AppendEntries [], prevIndex 0, prevTerm 0
045214 LEAD S1: 2 append success next 1 match 0
045214 INFO S0: (term 1) follower 收到 [1] AppendEntries [], prevIndex 0, prevTerm 0
045215 LEAD S1: 0 append success next 1 match 0
045715 LEAD S1: prevLog &raft.Entry{Command:interface {}(nil), Term:0, Index:0}
045716 LEAD S1: prevLog &raft.Entry{Command:interface {}(nil), Term:0, Index:0}
045716 INFO S2: (term 1) follower 收到 [1] AppendEntries [], prevIndex 0, prevTerm 0
045717 LEAD S1: 2 append success next 1 match 0
045717 INFO S0: (term 1) follower 收到 [1] AppendEntries [], prevIndex 0, prevTerm 0
045717 LEAD S1: 0 append success next 1 match 0
046218 LEAD S1: prevLog &raft.Entry{Command:interface {}(nil), Term:0, Index:0}
046218 LEAD S1: prevLog &raft.Entry{Command:interface {}(nil), Term:0, Index:0}
046219 INFO S2: (term 1) follower 收到 [1] AppendEntries [], prevIndex 0, prevTerm 0
046219 INFO S0: (term 1) follower 收到 [1] AppendEntries [], prevIndex 0, prevTerm 0
046219 LEAD S1: 2 append success next 1 match 0
046220 LEAD S1: 0 append success next 1 match 0
046720 LEAD S1: prevLog &raft.Entry{Command:interface {}(nil), Term:0, Index:0}
046720 LEAD S1: prevLog &raft.Entry{Command:interface {}(nil), Term:0, Index:0}
046721 INFO S2: (term 1) follower 收到 [1] AppendEntries [], prevIndex 0, prevTerm 0
046721 LEAD S1: 2 append success next 1 match 0
046722 INFO S0: (term 1) follower 收到 [1] AppendEntries [], prevIndex 0, prevTerm 0
046722 LEAD S1: 0 append success next 1 match 0
047223 LEAD S1: prevLog &raft.Entry{Command:interface {}(nil), Term:0, Index:0}
047223 LEAD S1: prevLog &raft.Entry{Command:interface {}(nil), Term:0, Index:0}
047224 INFO S2: (term 1) follower 收到 [1] AppendEntries [], prevIndex 0, prevTerm 0
047224 LEAD S1: 2 append success next 1 match 0
047224 INFO S0: (term 1) follower 收到 [1] AppendEntries [], prevIndex 0, prevTerm 0
047224 LEAD S1: 0 append success next 1 match 0
047725 LEAD S1: prevLog &raft.Entry{Command:interface {}(nil), Term:0, Index:0}
047725 LEAD S1: prevLog &raft.Entry{Command:interface {}(nil), Term:0, Index:0}
047726 INFO S2: (term 1) follower 收到 [1] AppendEntries [], prevIndex 0, prevTerm 0
047726 LEAD S1: 2 append success next 1 match 0
047727 INFO S0: (term 1) follower 收到 [1] AppendEntries [], prevIndex 0, prevTerm 0
047727 LEAD S1: 0 append success next 1 match 0
048227 LEAD S1: prevLog &raft.Entry{Command:interface {}(nil), Term:0, Index:0}
048228 LEAD S1: prevLog &raft.Entry{Command:interface {}(nil), Term:0, Index:0}
048228 INFO S2: (term 1) follower 收到 [1] AppendEntries [], prevIndex 0, prevTerm 0
048229 LEAD S1: 2 append success next 1 match 0
048229 INFO S0: (term 1) follower 收到 [1] AppendEntries [], prevIndex 0, prevTerm 0
048230 LEAD S1: 0 append success next 1 match 0
048730 LEAD S1: prevLog &raft.Entry{Command:interface {}(nil), Term:0, Index:0}
048730 LEAD S1: prevLog &raft.Entry{Command:interface {}(nil), Term:0, Index:0}
048731 INFO S2: (term 1) follower 收到 [1] AppendEntries [], prevIndex 0, prevTerm 0
048731 LEAD S1: 2 append success next 1 match 0
048731 INFO S0: (term 1) follower 收到 [1] AppendEntries [], prevIndex 0, prevTerm 0
048732 LEAD S1: 0 append success next 1 match 0
049233 LEAD S1: prevLog &raft.Entry{Command:interface {}(nil), Term:0, Index:0}
049233 LEAD S1: prevLog &raft.Entry{Command:interface {}(nil), Term:0, Index:0}
049234 INFO S2: (term 1) follower 收到 [1] AppendEntries [], prevIndex 0, prevTerm 0
049234 LEAD S1: 2 append success next 1 match 0
049234 INFO S0: (term 1) follower 收到 [1] AppendEntries [], prevIndex 0, prevTerm 0
049235 LEAD S1: 0 append success next 1 match 0
049735 LEAD S1: prevLog &raft.Entry{Command:interface {}(nil), Term:0, Index:0}
049736 LEAD S1: prevLog &raft.Entry{Command:interface {}(nil), Term:0, Index:0}
049737 INFO S2: (term 1) follower 收到 [1] AppendEntries [], prevIndex 0, prevTerm 0
049737 INFO S0: (term 1) follower 收到 [1] AppendEntries [], prevIndex 0, prevTerm 0
049737 LEAD S1: 2 append success next 1 match 0
049737 LEAD S1: 0 append success next 1 match 0
050238 LEAD S1: prevLog &raft.Entry{Command:interface {}(nil), Term:0, Index:0}
050238 LEAD S1: prevLog &raft.Entry{Command:interface {}(nil), Term:0, Index:0}
050239 INFO S0: (term 1) follower 收到 [1] AppendEntries [], prevIndex 0, prevTerm 0
050239 INFO S2: (term 1) follower 收到 [1] AppendEntries [], prevIndex 0, prevTerm 0
050239 LEAD S1: 0 append success next 1 match 0
050240 LEAD S1: 2 append success next 1 match 0
050740 LEAD S1: prevLog &raft.Entry{Command:interface {}(nil), Term:0, Index:0}
050740 LEAD S1: prevLog &raft.Entry{Command:interface {}(nil), Term:0, Index:0}
050741 INFO S2: (term 1) follower 收到 [1] AppendEntries [], prevIndex 0, prevTerm 0
050741 INFO S0: (term 1) follower 收到 [1] AppendEntries [], prevIndex 0, prevTerm 0
050741 LEAD S1: 0 append success next 1 match 0
050741 LEAD S1: 2 append success next 1 match 0
051242 LEAD S1: prevLog &raft.Entry{Command:interface {}(nil), Term:0, Index:0}
051242 LEAD S1: prevLog &raft.Entry{Command:interface {}(nil), Term:0, Index:0}
051243 INFO S2: (term 1) follower 收到 [1] AppendEntries [], prevIndex 0, prevTerm 0
051244 LEAD S1: 2 append success next 1 match 0
051244 INFO S0: (term 1) follower 收到 [1] AppendEntries [], prevIndex 0, prevTerm 0
051244 LEAD S1: 0 append success next 1 match 0
051745 LEAD S1: prevLog &raft.Entry{Command:interface {}(nil), Term:0, Index:0}
051745 LEAD S1: prevLog &raft.Entry{Command:interface {}(nil), Term:0, Index:0}
051746 INFO S2: (term 1) follower 收到 [1] AppendEntries [], prevIndex 0, prevTerm 0
051746 LEAD S1: 2 append success next 1 match 0
051746 INFO S0: (term 1) follower 收到 [1] AppendEntries [], prevIndex 0, prevTerm 0
051747 LEAD S1: 0 append success next 1 match 0
052247 LEAD S1: prevLog &raft.Entry{Command:interface {}(nil), Term:0, Index:0}
052248 LEAD S1: prevLog &raft.Entry{Command:interface {}(nil), Term:0, Index:0}
052248 INFO S2: (term 1) follower 收到 [1] AppendEntries [], prevIndex 0, prevTerm 0
052249 LEAD S1: 2 append success next 1 match 0
052249 INFO S0: (term 1) follower 收到 [1] AppendEntries [], prevIndex 0, prevTerm 0
052249 LEAD S1: 0 append success next 1 match 0
052750 LEAD S1: prevLog &raft.Entry{Command:interface {}(nil), Term:0, Index:0}
052750 LEAD S1: prevLog &raft.Entry{Command:interface {}(nil), Term:0, Index:0}
052751 INFO S2: (term 1) follower 收到 [1] AppendEntries [], prevIndex 0, prevTerm 0
052751 LEAD S1: 2 append success next 1 match 0
052751 INFO S0: (term 1) follower 收到 [1] AppendEntries [], prevIndex 0, prevTerm 0
052752 LEAD S1: 0 append success next 1 match 0
053252 LEAD S1: prevLog &raft.Entry{Command:interface {}(nil), Term:0, Index:0}
053252 LEAD S1: prevLog &raft.Entry{Command:interface {}(nil), Term:0, Index:0}
053253 INFO S2: (term 1) follower 收到 [1] AppendEntries [], prevIndex 0, prevTerm 0
053253 LEAD S1: 2 append success next 1 match 0
053254 INFO S0: (term 1) follower 收到 [1] AppendEntries [], prevIndex 0, prevTerm 0
053254 LEAD S1: 0 append success next 1 match 0
053754 LEAD S1: prevLog &raft.Entry{Command:interface {}(nil), Term:0, Index:0}
053755 LEAD S1: prevLog &raft.Entry{Command:interface {}(nil), Term:0, Index:0}
053755 INFO S2: (term 1) follower 收到 [1] AppendEntries [], prevIndex 0, prevTerm 0
053756 LEAD S1: 2 append success next 1 match 0
053756 INFO S0: (term 1) follower 收到 [1] AppendEntries [], prevIndex 0, prevTerm 0
053756 LEAD S1: 0 append success next 1 match 0
054257 LEAD S1: prevLog &raft.Entry{Command:interface {}(nil), Term:0, Index:0}
054257 LEAD S1: prevLog &raft.Entry{Command:interface {}(nil), Term:0, Index:0}
054258 INFO S2: (term 1) follower 收到 [1] AppendEntries [], prevIndex 0, prevTerm 0
054258 LEAD S1: 2 append success next 1 match 0
054258 INFO S0: (term 1) follower 收到 [1] AppendEntries [], prevIndex 0, prevTerm 0
054259 LEAD S1: 0 append success next 1 match 0
054759 LEAD S1: prevLog &raft.Entry{Command:interface {}(nil), Term:0, Index:0}
054759 LEAD S1: prevLog &raft.Entry{Command:interface {}(nil), Term:0, Index:0}
054760 INFO S2: (term 1) follower 收到 [1] AppendEntries [], prevIndex 0, prevTerm 0
054760 LEAD S1: 2 append success next 1 match 0
054760 INFO S0: (term 1) follower 收到 [1] AppendEntries [], prevIndex 0, prevTerm 0
054761 LEAD S1: 0 append success next 1 match 0
055262 LEAD S1: prevLog &raft.Entry{Command:interface {}(nil), Term:0, Index:0}
055263 LEAD S1: prevLog &raft.Entry{Command:interface {}(nil), Term:0, Index:0}
055264 INFO S2: (term 1) follower 收到 [1] AppendEntries [], prevIndex 0, prevTerm 0
055265 LEAD S1: 2 append success next 1 match 0
055265 INFO S0: (term 1) follower 收到 [1] AppendEntries [], prevIndex 0, prevTerm 0
055266 LEAD S1: 0 append success next 1 match 0
055767 LEAD S1: prevLog &raft.Entry{Command:interface {}(nil), Term:0, Index:0}
055767 LEAD S1: prevLog &raft.Entry{Command:interface {}(nil), Term:0, Index:0}
055768 INFO S2: (term 1) follower 收到 [1] AppendEntries [], prevIndex 0, prevTerm 0
055768 LEAD S1: 2 append success next 1 match 0
055768 INFO S0: (term 1) follower 收到 [1] AppendEntries [], prevIndex 0, prevTerm 0
055769 LEAD S1: 0 append success next 1 match 0
056269 LEAD S1: prevLog &raft.Entry{Command:interface {}(nil), Term:0, Index:0}
056270 LEAD S1: prevLog &raft.Entry{Command:interface {}(nil), Term:0, Index:0}
056270 INFO S2: (term 1) follower 收到 [1] AppendEntries [], prevIndex 0, prevTerm 0
056271 LEAD S1: 2 append success next 1 match 0
056271 INFO S0: (term 1) follower 收到 [1] AppendEntries [], prevIndex 0, prevTerm 0
056271 LEAD S1: 0 append success next 1 match 0
056772 LEAD S1: prevLog &raft.Entry{Command:interface {}(nil), Term:0, Index:0}
056772 LEAD S1: prevLog &raft.Entry{Command:interface {}(nil), Term:0, Index:0}
056773 INFO S2: (term 1) follower 收到 [1] AppendEntries [], prevIndex 0, prevTerm 0
056773 LEAD S1: 2 append success next 1 match 0
056773 INFO S0: (term 1) follower 收到 [1] AppendEntries [], prevIndex 0, prevTerm 0
056774 LEAD S1: 0 append success next 1 match 0
057274 LEAD S1: prevLog &raft.Entry{Command:interface {}(nil), Term:0, Index:0}
057274 LEAD S1: prevLog &raft.Entry{Command:interface {}(nil), Term:0, Index:0}
057275 INFO S2: (term 1) follower 收到 [1] AppendEntries [], prevIndex 0, prevTerm 0
057275 LEAD S1: 2 append success next 1 match 0
057276 INFO S0: (term 1) follower 收到 [1] AppendEntries [], prevIndex 0, prevTerm 0
057276 LEAD S1: 0 append success next 1 match 0
057777 LEAD S1: prevLog &raft.Entry{Command:interface {}(nil), Term:0, Index:0}
057777 LEAD S1: prevLog &raft.Entry{Command:interface {}(nil), Term:0, Index:0}
057778 INFO S2: (term 1) follower 收到 [1] AppendEntries [], prevIndex 0, prevTerm 0
057778 LEAD S1: 2 append success next 1 match 0
057778 INFO S0: (term 1) follower 收到 [1] AppendEntries [], prevIndex 0, prevTerm 0
057778 LEAD S1: 0 append success next 1 match 0
058279 LEAD S1: prevLog &raft.Entry{Command:interface {}(nil), Term:0, Index:0}
058279 LEAD S1: prevLog &raft.Entry{Command:interface {}(nil), Term:0, Index:0}
058280 INFO S2: (term 1) follower 收到 [1] AppendEntries [], prevIndex 0, prevTerm 0
058280 LEAD S1: 2 append success next 1 match 0
058280 INFO S0: (term 1) follower 收到 [1] AppendEntries [], prevIndex 0, prevTerm 0
058281 LEAD S1: 0 append success next 1 match 0
058781 LEAD S1: prevLog &raft.Entry{Command:interface {}(nil), Term:0, Index:0}
058781 LEAD S1: prevLog &raft.Entry{Command:interface {}(nil), Term:0, Index:0}
058782 INFO S2: (term 1) follower 收到 [1] AppendEntries [], prevIndex 0, prevTerm 0
058782 LEAD S1: 2 append success next 1 match 0
058783 INFO S0: (term 1) follower 收到 [1] AppendEntries [], prevIndex 0, prevTerm 0
058783 LEAD S1: 0 append success next 1 match 0
059284 LEAD S1: prevLog &raft.Entry{Command:interface {}(nil), Term:0, Index:0}
059284 LEAD S1: prevLog &raft.Entry{Command:interface {}(nil), Term:0, Index:0}
059285 INFO S2: (term 1) follower 收到 [1] AppendEntries [], prevIndex 0, prevTerm 0
059285 LEAD S1: 2 append success next 1 match 0
059285 INFO S0: (term 1) follower 收到 [1] AppendEntries [], prevIndex 0, prevTerm 0
059286 LEAD S1: 0 append success next 1 match 0
059786 LEAD S1: prevLog &raft.Entry{Command:interface {}(nil), Term:0, Index:0}
059787 LEAD S1: prevLog &raft.Entry{Command:interface {}(nil), Term:0, Index:0}
059787 INFO S2: (term 1) follower 收到 [1] AppendEntries [], prevIndex 0, prevTerm 0
059788 LEAD S1: 2 append success next 1 match 0
059788 INFO S0: (term 1) follower 收到 [1] AppendEntries [], prevIndex 0, prevTerm 0
059788 LEAD S1: 0 append success next 1 match 0
060289 LEAD S1: prevLog &raft.Entry{Command:interface {}(nil), Term:0, Index:0}
060289 LEAD S1: prevLog &raft.Entry{Command:interface {}(nil), Term:0, Index:0}
060290 INFO S2: (term 1) follower 收到 [1] AppendEntries [], prevIndex 0, prevTerm 0
060290 LEAD S1: 2 append success next 1 match 0
060291 INFO S0: (term 1) follower 收到 [1] AppendEntries [], prevIndex 0, prevTerm 0
060291 LEAD S1: 0 append success next 1 match 0
060790 LEAD S1: prevLog &raft.Entry{Command:interface {}(nil), Term:0, Index:0}
060791 LEAD S1: prevLog &raft.Entry{Command:interface {}(nil), Term:0, Index:0}
060791 INFO S2: (term 1) follower 收到 [1] AppendEntries [], prevIndex 0, prevTerm 0
060792 LEAD S1: 2 append success next 1 match 0
060792 INFO S0: (term 1) follower 收到 [1] AppendEntries [], prevIndex 0, prevTerm 0
060792 LEAD S1: 0 append success next 1 match 0
061292 LEAD S1: prevLog &raft.Entry{Command:interface {}(nil), Term:0, Index:0}
061292 LEAD S1: prevLog &raft.Entry{Command:interface {}(nil), Term:0, Index:0}
061293 INFO S2: (term 1) follower 收到 [1] AppendEntries [], prevIndex 0, prevTerm 0
061293 LEAD S1: 2 append success next 1 match 0
061293 INFO S0: (term 1) follower 收到 [1] AppendEntries [], prevIndex 0, prevTerm 0
061294 LEAD S1: 0 append success next 1 match 0
061794 LEAD S1: prevLog &raft.Entry{Command:interface {}(nil), Term:0, Index:0}
061795 LEAD S1: prevLog &raft.Entry{Command:interface {}(nil), Term:0, Index:0}
061795 INFO S2: (term 1) follower 收到 [1] AppendEntries [], prevIndex 0, prevTerm 0
061796 LEAD S1: 2 append success next 1 match 0
061796 INFO S0: (term 1) follower 收到 [1] AppendEntries [], prevIndex 0, prevTerm 0
061796 LEAD S1: 0 append success next 1 match 0
062296 LEAD S1: prevLog &raft.Entry{Command:interface {}(nil), Term:0, Index:0}
062296 LEAD S1: prevLog &raft.Entry{Command:interface {}(nil), Term:0, Index:0}
062297 INFO S2: (term 1) follower 收到 [1] AppendEntries [], prevIndex 0, prevTerm 0
062297 LEAD S1: 2 append success next 1 match 0
062298 INFO S0: (term 1) follower 收到 [1] AppendEntries [], prevIndex 0, prevTerm 0
062298 LEAD S1: 0 append success next 1 match 0
062798 LEAD S1: prevLog &raft.Entry{Command:interface {}(nil), Term:0, Index:0}
062799 LEAD S1: prevLog &raft.Entry{Command:interface {}(nil), Term:0, Index:0}
062799 INFO S2: (term 1) follower 收到 [1] AppendEntries [], prevIndex 0, prevTerm 0
062799 LEAD S1: 2 append success next 1 match 0
062800 INFO S0: (term 1) follower 收到 [1] AppendEntries [], prevIndex 0, prevTerm 0
062800 LEAD S1: 0 append success next 1 match 0
063301 LEAD S1: prevLog &raft.Entry{Command:interface {}(nil), Term:0, Index:0}
063301 LEAD S1: prevLog &raft.Entry{Command:interface {}(nil), Term:0, Index:0}
063302 INFO S2: (term 1) follower 收到 [1] AppendEntries [], prevIndex 0, prevTerm 0
063302 LEAD S1: 2 append success next 1 match 0
063302 INFO S0: (term 1) follower 收到 [1] AppendEntries [], prevIndex 0, prevTerm 0
063303 LEAD S1: 0 append success next 1 match 0
063803 LEAD S1: prevLog &raft.Entry{Command:interface {}(nil), Term:0, Index:0}
063803 LEAD S1: prevLog &raft.Entry{Command:interface {}(nil), Term:0, Index:0}
063804 INFO S2: (term 1) follower 收到 [1] AppendEntries [], prevIndex 0, prevTerm 0
063804 LEAD S1: 2 append success next 1 match 0
063804 INFO S0: (term 1) follower 收到 [1] AppendEntries [], prevIndex 0, prevTerm 0
063805 LEAD S1: 0 append success next 1 match 0
064305 LEAD S1: prevLog &raft.Entry{Command:interface {}(nil), Term:0, Index:0}
064305 LEAD S1: prevLog &raft.Entry{Command:interface {}(nil), Term:0, Index:0}
064306 INFO S2: (term 1) follower 收到 [1] AppendEntries [], prevIndex 0, prevTerm 0
064306 LEAD S1: 2 append success next 1 match 0
064307 INFO S0: (term 1) follower 收到 [1] AppendEntries [], prevIndex 0, prevTerm 0
064307 LEAD S1: 0 append success next 1 match 0
064807 LEAD S1: prevLog &raft.Entry{Command:interface {}(nil), Term:0, Index:0}
064808 LEAD S1: prevLog &raft.Entry{Command:interface {}(nil), Term:0, Index:0}
064808 INFO S2: (term 1) follower 收到 [1] AppendEntries [], prevIndex 0, prevTerm 0
064808 INFO S0: (term 1) follower 收到 [1] AppendEntries [], prevIndex 0, prevTerm 0
064809 LEAD S1: 2 append success next 1 match 0
064809 LEAD S1: 0 append success next 1 match 0
065310 LEAD S1: prevLog &raft.Entry{Command:interface {}(nil), Term:0, Index:0}
065310 LEAD S1: prevLog &raft.Entry{Command:interface {}(nil), Term:0, Index:0}
065311 INFO S2: (term 1) follower 收到 [1] AppendEntries [], prevIndex 0, prevTerm 0
065311 LEAD S1: 2 append success next 1 match 0
065311 INFO S0: (term 1) follower 收到 [1] AppendEntries [], prevIndex 0, prevTerm 0
065312 LEAD S1: 0 append success next 1 match 0
065812 LEAD S1: prevLog &raft.Entry{Command:interface {}(nil), Term:0, Index:0}
065812 LEAD S1: prevLog &raft.Entry{Command:interface {}(nil), Term:0, Index:0}
065813 INFO S2: (term 1) follower 收到 [1] AppendEntries [], prevIndex 0, prevTerm 0
065813 LEAD S1: 2 append success next 1 match 0
065814 INFO S0: (term 1) follower 收到 [1] AppendEntries [], prevIndex 0, prevTerm 0
065814 LEAD S1: 0 append success next 1 match 0
066315 LEAD S1: prevLog &raft.Entry{Command:interface {}(nil), Term:0, Index:0}
066315 LEAD S1: prevLog &raft.Entry{Command:interface {}(nil), Term:0, Index:0}
066315 INFO S2: (term 1) follower 收到 [1] AppendEntries [], prevIndex 0, prevTerm 0
066316 LEAD S1: 2 append success next 1 match 0
066316 INFO S0: (term 1) follower 收到 [1] AppendEntries [], prevIndex 0, prevTerm 0
066316 LEAD S1: 0 append success next 1 match 0
066817 LEAD S1: prevLog &raft.Entry{Command:interface {}(nil), Term:0, Index:0}
066817 LEAD S1: prevLog &raft.Entry{Command:interface {}(nil), Term:0, Index:0}
066818 INFO S0: (term 1) follower 收到 [1] AppendEntries [], prevIndex 0, prevTerm 0
066818 LEAD S1: 0 append success next 1 match 0
066818 INFO S2: (term 1) follower 收到 [1] AppendEntries [], prevIndex 0, prevTerm 0
066819 LEAD S1: 2 append success next 1 match 0
067319 LEAD S1: prevLog &raft.Entry{Command:interface {}(nil), Term:0, Index:0}
067320 LEAD S1: prevLog &raft.Entry{Command:interface {}(nil), Term:0, Index:0}
067320 INFO S2: (term 1) follower 收到 [1] AppendEntries [], prevIndex 0, prevTerm 0
067321 LEAD S1: 2 append success next 1 match 0
067321 INFO S0: (term 1) follower 收到 [1] AppendEntries [], prevIndex 0, prevTerm 0
067321 LEAD S1: 0 append success next 1 match 0
067821 LEAD S1: prevLog &raft.Entry{Command:interface {}(nil), Term:0, Index:0}
067822 LEAD S1: prevLog &raft.Entry{Command:interface {}(nil), Term:0, Index:0}
067823 INFO S2: (term 1) follower 收到 [1] AppendEntries [], prevIndex 0, prevTerm 0
067823 INFO S0: (term 1) follower 收到 [1] AppendEntries [], prevIndex 0, prevTerm 0
067823 LEAD S1: 2 append success next 1 match 0
067823 LEAD S1: 0 append success next 1 match 0
068324 LEAD S1: prevLog &raft.Entry{Command:interface {}(nil), Term:0, Index:0}
068324 LEAD S1: prevLog &raft.Entry{Command:interface {}(nil), Term:0, Index:0}
068325 INFO S0: (term 1) follower 收到 [1] AppendEntries [], prevIndex 0, prevTerm 0
068325 LEAD S1: 0 append success next 1 match 0
068325 INFO S2: (term 1) follower 收到 [1] AppendEntries [], prevIndex 0, prevTerm 0
068325 LEAD S1: 2 append success next 1 match 0
068826 LEAD S1: prevLog &raft.Entry{Command:interface {}(nil), Term:0, Index:0}
068827 LEAD S1: prevLog &raft.Entry{Command:interface {}(nil), Term:0, Index:0}
068827 INFO S2: (term 1) follower 收到 [1] AppendEntries [], prevIndex 0, prevTerm 0
068828 LEAD S1: 2 append success next 1 match 0
068828 INFO S0: (term 1) follower 收到 [1] AppendEntries [], prevIndex 0, prevTerm 0
068828 LEAD S1: 0 append success next 1 match 0
069329 LEAD S1: prevLog &raft.Entry{Command:interface {}(nil), Term:0, Index:0}
069329 LEAD S1: prevLog &raft.Entry{Command:interface {}(nil), Term:0, Index:0}
069330 INFO S2: (term 1) follower 收到 [1] AppendEntries [], prevIndex 0, prevTerm 0
069330 LEAD S1: 2 append success next 1 match 0
069330 INFO S0: (term 1) follower 收到 [1] AppendEntries [], prevIndex 0, prevTerm 0
069331 LEAD S1: 0 append success next 1 match 0
069831 LEAD S1: prevLog &raft.Entry{Command:interface {}(nil), Term:0, Index:0}
069831 LEAD S1: prevLog &raft.Entry{Command:interface {}(nil), Term:0, Index:0}
069832 INFO S2: (term 1) follower 收到 [1] AppendEntries [], prevIndex 0, prevTerm 0
069832 LEAD S1: 2 append success next 1 match 0
069833 INFO S0: (term 1) follower 收到 [1] AppendEntries [], prevIndex 0, prevTerm 0
069833 LEAD S1: 0 append success next 1 match 0
070334 LEAD S1: prevLog &raft.Entry{Command:interface {}(nil), Term:0, Index:0}
070334 LEAD S1: prevLog &raft.Entry{Command:interface {}(nil), Term:0, Index:0}
070335 INFO S2: (term 1) follower 收到 [1] AppendEntries [], prevIndex 0, prevTerm 0
070335 LEAD S1: 2 append success next 1 match 0
070335 INFO S0: (term 1) follower 收到 [1] AppendEntries [], prevIndex 0, prevTerm 0
070336 LEAD S1: 0 append success next 1 match 0
070836 LEAD S1: prevLog &raft.Entry{Command:interface {}(nil), Term:0, Index:0}
070836 LEAD S1: prevLog &raft.Entry{Command:interface {}(nil), Term:0, Index:0}
070837 INFO S2: (term 1) follower 收到 [1] AppendEntries [], prevIndex 0, prevTerm 0
070837 LEAD S1: 2 append success next 1 match 0
070838 INFO S0: (term 1) follower 收到 [1] AppendEntries [], prevIndex 0, prevTerm 0
070838 LEAD S1: 0 append success next 1 match 0
071338 LEAD S1: prevLog &raft.Entry{Command:interface {}(nil), Term:0, Index:0}
071339 LEAD S1: prevLog &raft.Entry{Command:interface {}(nil), Term:0, Index:0}
071339 INFO S0: (term 1) follower 收到 [1] AppendEntries [], prevIndex 0, prevTerm 0
071340 INFO S2: (term 1) follower 收到 [1] AppendEntries [], prevIndex 0, prevTerm 0
071340 LEAD S1: 0 append success next 1 match 0
071340 LEAD S1: 2 append success next 1 match 0
071840 LEAD S1: prevLog &raft.Entry{Command:interface {}(nil), Term:0, Index:0}
071841 LEAD S1: prevLog &raft.Entry{Command:interface {}(nil), Term:0, Index:0}
071841 INFO S2: (term 1) follower 收到 [1] AppendEntries [], prevIndex 0, prevTerm 0
071842 LEAD S1: 2 append success next 1 match 0
071842 INFO S0: (term 1) follower 收到 [1] AppendEntries [], prevIndex 0, prevTerm 0
071842 LEAD S1: 0 append success next 1 match 0
072343 LEAD S1: prevLog &raft.Entry{Command:interface {}(nil), Term:0, Index:0}
072343 LEAD S1: prevLog &raft.Entry{Command:interface {}(nil), Term:0, Index:0}
072344 INFO S2: (term 1) follower 收到 [1] AppendEntries [], prevIndex 0, prevTerm 0
072344 LEAD S1: 2 append success next 1 match 0
072345 INFO S0: (term 1) follower 收到 [1] AppendEntries [], prevIndex 0, prevTerm 0
072347 LEAD S1: 0 append success next 1 match 0
072845 LEAD S1: prevLog &raft.Entry{Command:interface {}(nil), Term:0, Index:0}
072846 LEAD S1: prevLog &raft.Entry{Command:interface {}(nil), Term:0, Index:0}
072846 INFO S2: (term 1) follower 收到 [1] AppendEntries [], prevIndex 0, prevTerm 0
072847 LEAD S1: 2 append success next 1 match 0
072847 INFO S0: (term 1) follower 收到 [1] AppendEntries [], prevIndex 0, prevTerm 0
072847 LEAD S1: 0 append success next 1 match 0
073347 LEAD S1: prevLog &raft.Entry{Command:interface {}(nil), Term:0, Index:0}
073347 LEAD S1: prevLog &raft.Entry{Command:interface {}(nil), Term:0, Index:0}
073348 INFO S2: (term 1) follower 收到 [1] AppendEntries [], prevIndex 0, prevTerm 0
073348 LEAD S1: 2 append success next 1 match 0
073349 INFO S0: (term 1) follower 收到 [1] AppendEntries [], prevIndex 0, prevTerm 0
073349 LEAD S1: 0 append success next 1 match 0
073849 LEAD S1: prevLog &raft.Entry{Command:interface {}(nil), Term:0, Index:0}
073850 LEAD S1: prevLog &raft.Entry{Command:interface {}(nil), Term:0, Index:0}
073850 INFO S2: (term 1) follower 收到 [1] AppendEntries [], prevIndex 0, prevTerm 0
073851 LEAD S1: 2 append success next 1 match 0
073851 INFO S0: (term 1) follower 收到 [1] AppendEntries [], prevIndex 0, prevTerm 0
073851 LEAD S1: 0 append success next 1 match 0
074352 LEAD S1: prevLog &raft.Entry{Command:interface {}(nil), Term:0, Index:0}
074352 LEAD S1: prevLog &raft.Entry{Command:interface {}(nil), Term:0, Index:0}
074352 INFO S2: (term 1) follower 收到 [1] AppendEntries [], prevIndex 0, prevTerm 0
074353 LEAD S1: 2 append success next 1 match 0
074353 INFO S0: (term 1) follower 收到 [1] AppendEntries [], prevIndex 0, prevTerm 0
074353 LEAD S1: 0 append success next 1 match 0
074854 LEAD S1: prevLog &raft.Entry{Command:interface {}(nil), Term:0, Index:0}
074854 LEAD S1: prevLog &raft.Entry{Command:interface {}(nil), Term:0, Index:0}
074855 INFO S2: (term 1) follower 收到 [1] AppendEntries [], prevIndex 0, prevTerm 0
074855 LEAD S1: 2 append success next 1 match 0
074855 INFO S0: (term 1) follower 收到 [1] AppendEntries [], prevIndex 0, prevTerm 0
074856 LEAD S1: 0 append success next 1 match 0
075357 LEAD S1: prevLog &raft.Entry{Command:interface {}(nil), Term:0, Index:0}
075357 LEAD S1: prevLog &raft.Entry{Command:interface {}(nil), Term:0, Index:0}
075358 INFO S2: (term 1) follower 收到 [1] AppendEntries [], prevIndex 0, prevTerm 0
075358 LEAD S1: 2 append success next 1 match 0
075358 INFO S0: (term 1) follower 收到 [1] AppendEntries [], prevIndex 0, prevTerm 0
075359 LEAD S1: 0 append success next 1 match 0
075859 LEAD S1: prevLog &raft.Entry{Command:interface {}(nil), Term:0, Index:0}
075860 LEAD S1: prevLog &raft.Entry{Command:interface {}(nil), Term:0, Index:0}
075860 INFO S2: (term 1) follower 收到 [1] AppendEntries [], prevIndex 0, prevTerm 0
075861 LEAD S1: 2 append success next 1 match 0
075861 INFO S0: (term 1) follower 收到 [1] AppendEntries [], prevIndex 0, prevTerm 0
075861 LEAD S1: 0 append success next 1 match 0
076362 LEAD S1: prevLog &raft.Entry{Command:interface {}(nil), Term:0, Index:0}
076362 LEAD S1: prevLog &raft.Entry{Command:interface {}(nil), Term:0, Index:0}
076363 INFO S2: (term 1) follower 收到 [1] AppendEntries [], prevIndex 0, prevTerm 0
076363 LEAD S1: 2 append success next 1 match 0
076364 INFO S0: (term 1) follower 收到 [1] AppendEntries [], prevIndex 0, prevTerm 0
076364 LEAD S1: 0 append success next 1 match 0
076865 LEAD S1: prevLog &raft.Entry{Command:interface {}(nil), Term:0, Index:0}
076865 LEAD S1: prevLog &raft.Entry{Command:interface {}(nil), Term:0, Index:0}
076866 INFO S2: (term 1) follower 收到 [1] AppendEntries [], prevIndex 0, prevTerm 0
076866 LEAD S1: 2 append success next 1 match 0
076866 INFO S0: (term 1) follower 收到 [1] AppendEntries [], prevIndex 0, prevTerm 0
076867 LEAD S1: 0 append success next 1 match 0
077367 LEAD S1: prevLog &raft.Entry{Command:interface {}(nil), Term:0, Index:0}
077368 LEAD S1: prevLog &raft.Entry{Command:interface {}(nil), Term:0, Index:0}
077368 INFO S2: (term 1) follower 收到 [1] AppendEntries [], prevIndex 0, prevTerm 0
077369 LEAD S1: 2 append success next 1 match 0
077369 INFO S0: (term 1) follower 收到 [1] AppendEntries [], prevIndex 0, prevTerm 0
077369 LEAD S1: 0 append success next 1 match 0
077869 LEAD S1: prevLog &raft.Entry{Command:interface {}(nil), Term:0, Index:0}
077869 LEAD S1: prevLog &raft.Entry{Command:interface {}(nil), Term:0, Index:0}
077870 INFO S2: (term 1) follower 收到 [1] AppendEntries [], prevIndex 0, prevTerm 0
077870 LEAD S1: 2 append success next 1 match 0
077870 INFO S0: (term 1) follower 收到 [1] AppendEntries [], prevIndex 0, prevTerm 0
077871 LEAD S1: 0 append success next 1 match 0
078373 LEAD S1: prevLog &raft.Entry{Command:interface {}(nil), Term:0, Index:0}
078373 LEAD S1: prevLog &raft.Entry{Command:interface {}(nil), Term:0, Index:0}
078374 INFO S2: (term 1) follower 收到 [1] AppendEntries [], prevIndex 0, prevTerm 0
078374 LEAD S1: 2 append success next 1 match 0
078374 INFO S0: (term 1) follower 收到 [1] AppendEntries [], prevIndex 0, prevTerm 0
078375 LEAD S1: 0 append success next 1 match 0
078875 LEAD S1: prevLog &raft.Entry{Command:interface {}(nil), Term:0, Index:0}
078875 LEAD S1: prevLog &raft.Entry{Command:interface {}(nil), Term:0, Index:0}
078876 INFO S2: (term 1) follower 收到 [1] AppendEntries [], prevIndex 0, prevTerm 0
078877 LEAD S1: 2 append success next 1 match 0
078877 INFO S0: (term 1) follower 收到 [1] AppendEntries [], prevIndex 0, prevTerm 0
078877 LEAD S1: 0 append success next 1 match 0
079378 LEAD S1: prevLog &raft.Entry{Command:interface {}(nil), Term:0, Index:0}
079378 LEAD S1: prevLog &raft.Entry{Command:interface {}(nil), Term:0, Index:0}
079379 INFO S2: (term 1) follower 收到 [1] AppendEntries [], prevIndex 0, prevTerm 0
079379 INFO S0: (term 1) follower 收到 [1] AppendEntries [], prevIndex 0, prevTerm 0
079380 LEAD S1: 2 append success next 1 match 0
079380 LEAD S1: 0 append success next 1 match 0
079879 LEAD S1: prevLog &raft.Entry{Command:interface {}(nil), Term:0, Index:0}
079880 LEAD S1: prevLog &raft.Entry{Command:interface {}(nil), Term:0, Index:0}
079880 INFO S2: (term 1) follower 收到 [1] AppendEntries [], prevIndex 0, prevTerm 0
079880 LEAD S1: 2 append success next 1 match 0
079881 INFO S0: (term 1) follower 收到 [1] AppendEntries [], prevIndex 0, prevTerm 0
079881 LEAD S1: 0 append success next 1 match 0
080382 LEAD S1: prevLog &raft.Entry{Command:interface {}(nil), Term:0, Index:0}
080382 LEAD S1: prevLog &raft.Entry{Command:interface {}(nil), Term:0, Index:0}
080383 INFO S2: (term 1) follower 收到 [1] AppendEntries [], prevIndex 0, prevTerm 0
080383 INFO S0: (term 1) follower 收到 [1] AppendEntries [], prevIndex 0, prevTerm 0
080383 LEAD S1: 2 append success next 1 match 0
080383 LEAD S1: 0 append success next 1 match 0
080884 LEAD S1: prevLog &raft.Entry{Command:interface {}(nil), Term:0, Index:0}
080884 LEAD S1: prevLog &raft.Entry{Command:interface {}(nil), Term:0, Index:0}
080885 INFO S2: (term 1) follower 收到 [1] AppendEntries [], prevIndex 0, prevTerm 0
080885 LEAD S1: 2 append success next 1 match 0
080886 INFO S0: (term 1) follower 收到 [1] AppendEntries [], prevIndex 0, prevTerm 0
080886 LEAD S1: 0 append success next 1 match 0
081386 LEAD S1: prevLog &raft.Entry{Command:interface {}(nil), Term:0, Index:0}
081386 LEAD S1: prevLog &raft.Entry{Command:interface {}(nil), Term:0, Index:0}
081387 INFO S2: (term 1) follower 收到 [1] AppendEntries [], prevIndex 0, prevTerm 0
081387 LEAD S1: 2 append success next 1 match 0
081387 INFO S0: (term 1) follower 收到 [1] AppendEntries [], prevIndex 0, prevTerm 0
081388 LEAD S1: 0 append success next 1 match 0
081888 LEAD S1: prevLog &raft.Entry{Command:interface {}(nil), Term:0, Index:0}
081888 LEAD S1: prevLog &raft.Entry{Command:interface {}(nil), Term:0, Index:0}
081889 INFO S2: (term 1) follower 收到 [1] AppendEntries [], prevIndex 0, prevTerm 0
081889 LEAD S1: 2 append success next 1 match 0
081889 INFO S0: (term 1) follower 收到 [1] AppendEntries [], prevIndex 0, prevTerm 0
081890 LEAD S1: 0 append success next 1 match 0
082391 LEAD S1: prevLog &raft.Entry{Command:interface {}(nil), Term:0, Index:0}
082391 LEAD S1: prevLog &raft.Entry{Command:interface {}(nil), Term:0, Index:0}
082392 INFO S2: (term 1) follower 收到 [1] AppendEntries [], prevIndex 0, prevTerm 0
082392 LEAD S1: 2 append success next 1 match 0
082392 INFO S0: (term 1) follower 收到 [1] AppendEntries [], prevIndex 0, prevTerm 0
082393 LEAD S1: 0 append success next 1 match 0
082894 LEAD S1: prevLog &raft.Entry{Command:interface {}(nil), Term:0, Index:0}
082894 LEAD S1: prevLog &raft.Entry{Command:interface {}(nil), Term:0, Index:0}
082894 INFO S2: (term 1) follower 收到 [1] AppendEntries [], prevIndex 0, prevTerm 0
082895 LEAD S1: 2 append success next 1 match 0
082895 INFO S0: (term 1) follower 收到 [1] AppendEntries [], prevIndex 0, prevTerm 0
082896 LEAD S1: 0 append success next 1 match 0
083396 LEAD S1: prevLog &raft.Entry{Command:interface {}(nil), Term:0, Index:0}
083396 LEAD S1: prevLog &raft.Entry{Command:interface {}(nil), Term:0, Index:0}
083397 INFO S2: (term 1) follower 收到 [1] AppendEntries [], prevIndex 0, prevTerm 0
083397 LEAD S1: 2 append success next 1 match 0
083397 INFO S0: (term 1) follower 收到 [1] AppendEntries [], prevIndex 0, prevTerm 0
083397 LEAD S1: 0 append success next 1 match 0
083898 LEAD S1: prevLog &raft.Entry{Command:interface {}(nil), Term:0, Index:0}
083899 LEAD S1: prevLog &raft.Entry{Command:interface {}(nil), Term:0, Index:0}
083899 INFO S0: (term 1) follower 收到 [1] AppendEntries [], prevIndex 0, prevTerm 0
083899 INFO S2: (term 1) follower 收到 [1] AppendEntries [], prevIndex 0, prevTerm 0
083900 LEAD S1: 0 append success next 1 match 0
083900 LEAD S1: 2 append success next 1 match 0
084401 LEAD S1: prevLog &raft.Entry{Command:interface {}(nil), Term:0, Index:0}
084401 LEAD S1: prevLog &raft.Entry{Command:interface {}(nil), Term:0, Index:0}
084402 INFO S2: (term 1) follower 收到 [1] AppendEntries [], prevIndex 0, prevTerm 0
084402 LEAD S1: 2 append success next 1 match 0
084403 INFO S0: (term 1) follower 收到 [1] AppendEntries [], prevIndex 0, prevTerm 0
084403 LEAD S1: 0 append success next 1 match 0
084904 LEAD S1: prevLog &raft.Entry{Command:interface {}(nil), Term:0, Index:0}
084904 LEAD S1: prevLog &raft.Entry{Command:interface {}(nil), Term:0, Index:0}
084905 INFO S2: (term 1) follower 收到 [1] AppendEntries [], prevIndex 0, prevTerm 0
084905 LEAD S1: 2 append success next 1 match 0
084905 INFO S0: (term 1) follower 收到 [1] AppendEntries [], prevIndex 0, prevTerm 0
084906 LEAD S1: 0 append success next 1 match 0
085406 LEAD S1: prevLog &raft.Entry{Command:interface {}(nil), Term:0, Index:0}
085406 LEAD S1: prevLog &raft.Entry{Command:interface {}(nil), Term:0, Index:0}
085407 INFO S0: (term 1) follower 收到 [1] AppendEntries [], prevIndex 0, prevTerm 0
085407 INFO S2: (term 1) follower 收到 [1] AppendEntries [], prevIndex 0, prevTerm 0
085407 LEAD S1: 0 append success next 1 match 0
085407 LEAD S1: 2 append success next 1 match 0
085908 LEAD S1: prevLog &raft.Entry{Command:interface {}(nil), Term:0, Index:0}
085908 LEAD S1: prevLog &raft.Entry{Command:interface {}(nil), Term:0, Index:0}
085909 INFO S2: (term 1) follower 收到 [1] AppendEntries [], prevIndex 0, prevTerm 0
085909 LEAD S1: 2 append success next 1 match 0
085909 INFO S0: (term 1) follower 收到 [1] AppendEntries [], prevIndex 0, prevTerm 0
085910 LEAD S1: 0 append success next 1 match 0
086410 LEAD S1: prevLog &raft.Entry{Command:interface {}(nil), Term:0, Index:0}
086410 LEAD S1: prevLog &raft.Entry{Command:interface {}(nil), Term:0, Index:0}
086411 INFO S2: (term 1) follower 收到 [1] AppendEntries [], prevIndex 0, prevTerm 0
086411 LEAD S1: 2 append success next 1 match 0
086411 INFO S0: (term 1) follower 收到 [1] AppendEntries [], prevIndex 0, prevTerm 0
086412 LEAD S1: 0 append success next 1 match 0
086913 LEAD S1: prevLog &raft.Entry{Command:interface {}(nil), Term:0, Index:0}
086913 LEAD S1: prevLog &raft.Entry{Command:interface {}(nil), Term:0, Index:0}
086913 INFO S2: (term 1) follower 收到 [1] AppendEntries [], prevIndex 0, prevTerm 0
086914 LEAD S1: 2 append success next 1 match 0
086914 INFO S0: (term 1) follower 收到 [1] AppendEntries [], prevIndex 0, prevTerm 0
086914 LEAD S1: 0 append success next 1 match 0
087415 LEAD S1: prevLog &raft.Entry{Command:interface {}(nil), Term:0, Index:0}
087415 LEAD S1: prevLog &raft.Entry{Command:interface {}(nil), Term:0, Index:0}
087416 INFO S2: (term 1) follower 收到 [1] AppendEntries [], prevIndex 0, prevTerm 0
087416 LEAD S1: 2 append success next 1 match 0
087416 INFO S0: (term 1) follower 收到 [1] AppendEntries [], prevIndex 0, prevTerm 0
087417 LEAD S1: 0 append success next 1 match 0
087917 LEAD S1: prevLog &raft.Entry{Command:interface {}(nil), Term:0, Index:0}
087918 LEAD S1: prevLog &raft.Entry{Command:interface {}(nil), Term:0, Index:0}
087918 INFO S2: (term 1) follower 收到 [1] AppendEntries [], prevIndex 0, prevTerm 0
087919 LEAD S1: 2 append success next 1 match 0
087919 INFO S0: (term 1) follower 收到 [1] AppendEntries [], prevIndex 0, prevTerm 0
087920 LEAD S1: 0 append success next 1 match 0
088420 LEAD S1: prevLog &raft.Entry{Command:interface {}(nil), Term:0, Index:0}
088420 LEAD S1: prevLog &raft.Entry{Command:interface {}(nil), Term:0, Index:0}
088421 INFO S2: (term 1) follower 收到 [1] AppendEntries [], prevIndex 0, prevTerm 0
088421 LEAD S1: 2 append success next 1 match 0
088421 INFO S0: (term 1) follower 收到 [1] AppendEntries [], prevIndex 0, prevTerm 0
088422 LEAD S1: 0 append success next 1 match 0
088922 LEAD S1: prevLog &raft.Entry{Command:interface {}(nil), Term:0, Index:0}
088923 LEAD S1: prevLog &raft.Entry{Command:interface {}(nil), Term:0, Index:0}
088923 INFO S2: (term 1) follower 收到 [1] AppendEntries [], prevIndex 0, prevTerm 0
088924 LEAD S1: 2 append success next 1 match 0
088924 INFO S0: (term 1) follower 收到 [1] AppendEntries [], prevIndex 0, prevTerm 0
088924 LEAD S1: 0 append success next 1 match 0
089425 LEAD S1: prevLog &raft.Entry{Command:interface {}(nil), Term:0, Index:0}
089425 LEAD S1: prevLog &raft.Entry{Command:interface {}(nil), Term:0, Index:0}
089426 INFO S2: (term 1) follower 收到 [1] AppendEntries [], prevIndex 0, prevTerm 0
089426 LEAD S1: 2 append success next 1 match 0
089426 INFO S0: (term 1) follower 收到 [1] AppendEntries [], prevIndex 0, prevTerm 0
089427 LEAD S1: 0 append success next 1 match 0
089927 LEAD S1: prevLog &raft.Entry{Command:interface {}(nil), Term:0, Index:0}
089927 LEAD S1: prevLog &raft.Entry{Command:interface {}(nil), Term:0, Index:0}
089928 INFO S2: (term 1) follower 收到 [1] AppendEntries [], prevIndex 0, prevTerm 0
089929 INFO S0: (term 1) follower 收到 [1] AppendEntries [], prevIndex 0, prevTerm 0
089929 LEAD S1: 2 append success next 1 match 0
089929 LEAD S1: 0 append success next 1 match 0
090430 LEAD S1: prevLog &raft.Entry{Command:interface {}(nil), Term:0, Index:0}
090430 LEAD S1: prevLog &raft.Entry{Command:interface {}(nil), Term:0, Index:0}
090431 INFO S2: (term 1) follower 收到 [1] AppendEntries [], prevIndex 0, prevTerm 0
090431 LEAD S1: 2 append success next 1 match 0
090431 INFO S0: (term 1) follower 收到 [1] AppendEntries [], prevIndex 0, prevTerm 0
090432 LEAD S1: 0 append success next 1 match 0
090932 LEAD S1: prevLog &raft.Entry{Command:interface {}(nil), Term:0, Index:0}
090933 LEAD S1: prevLog &raft.Entry{Command:interface {}(nil), Term:0, Index:0}
090933 INFO S2: (term 1) follower 收到 [1] AppendEntries [], prevIndex 0, prevTerm 0
090934 LEAD S1: 2 append success next 1 match 0
090934 INFO S0: (term 1) follower 收到 [1] AppendEntries [], prevIndex 0, prevTerm 0
090935 LEAD S1: 0 append success next 1 match 0
091435 LEAD S1: prevLog &raft.Entry{Command:interface {}(nil), Term:0, Index:0}
091435 LEAD S1: prevLog &raft.Entry{Command:interface {}(nil), Term:0, Index:0}
091435 INFO S2: (term 1) follower 收到 [1] AppendEntries [], prevIndex 0, prevTerm 0
091435 INFO S0: (term 1) follower 收到 [1] AppendEntries [], prevIndex 0, prevTerm 0
091436 LEAD S1: 2 append success next 1 match 0
091436 LEAD S1: 0 append success next 1 match 0
091937 LEAD S1: prevLog &raft.Entry{Command:interface {}(nil), Term:0, Index:0}
091937 LEAD S1: prevLog &raft.Entry{Command:interface {}(nil), Term:0, Index:0}
091938 INFO S2: (term 1) follower 收到 [1] AppendEntries [], prevIndex 0, prevTerm 0
091938 INFO S0: (term 1) follower 收到 [1] AppendEntries [], prevIndex 0, prevTerm 0
091938 LEAD S1: 2 append success next 1 match 0
091938 LEAD S1: 0 append success next 1 match 0
092439 LEAD S1: prevLog &raft.Entry{Command:interface {}(nil), Term:0, Index:0}
092439 LEAD S1: prevLog &raft.Entry{Command:interface {}(nil), Term:0, Index:0}
092440 INFO S2: (term 1) follower 收到 [1] AppendEntries [], prevIndex 0, prevTerm 0
092440 LEAD S1: 2 append success next 1 match 0
092441 INFO S0: (term 1) follower 收到 [1] AppendEntries [], prevIndex 0, prevTerm 0
092441 LEAD S1: 0 append success next 1 match 0
092942 LEAD S1: prevLog &raft.Entry{Command:interface {}(nil), Term:0, Index:0}
092942 LEAD S1: prevLog &raft.Entry{Command:interface {}(nil), Term:0, Index:0}
092943 INFO S2: (term 1) follower 收到 [1] AppendEntries [], prevIndex 0, prevTerm 0
092943 INFO S0: (term 1) follower 收到 [1] AppendEntries [], prevIndex 0, prevTerm 0
092943 LEAD S1: 0 append success next 1 match 0
092943 LEAD S1: 2 append success next 1 match 0
093444 LEAD S1: prevLog &raft.Entry{Command:interface {}(nil), Term:0, Index:0}
093444 LEAD S1: prevLog &raft.Entry{Command:interface {}(nil), Term:0, Index:0}
093445 INFO S2: (term 1) follower 收到 [1] AppendEntries [], prevIndex 0, prevTerm 0
093445 INFO S0: (term 1) follower 收到 [1] AppendEntries [], prevIndex 0, prevTerm 0
093445 LEAD S1: 0 append success next 1 match 0
093445 LEAD S1: 2 append success next 1 match 0
093946 LEAD S1: prevLog &raft.Entry{Command:interface {}(nil), Term:0, Index:0}
093946 LEAD S1: prevLog &raft.Entry{Command:interface {}(nil), Term:0, Index:0}
093947 INFO S2: (term 1) follower 收到 [1] AppendEntries [], prevIndex 0, prevTerm 0
093947 INFO S0: (term 1) follower 收到 [1] AppendEntries [], prevIndex 0, prevTerm 0
093948 LEAD S1: 2 append success next 1 match 0
093948 LEAD S1: 0 append success next 1 match 0
094448 LEAD S1: prevLog &raft.Entry{Command:interface {}(nil), Term:0, Index:0}
094448 LEAD S1: prevLog &raft.Entry{Command:interface {}(nil), Term:0, Index:0}
094449 INFO S2: (term 1) follower 收到 [1] AppendEntries [], prevIndex 0, prevTerm 0
094449 LEAD S1: 2 append success next 1 match 0
094450 INFO S0: (term 1) follower 收到 [1] AppendEntries [], prevIndex 0, prevTerm 0
094450 LEAD S1: 0 append success next 1 match 0
094951 LEAD S1: prevLog &raft.Entry{Command:interface {}(nil), Term:0, Index:0}
094951 LEAD S1: prevLog &raft.Entry{Command:interface {}(nil), Term:0, Index:0}
094952 INFO S2: (term 1) follower 收到 [1] AppendEntries [], prevIndex 0, prevTerm 0
094952 LEAD S1: 2 append success next 1 match 0
094953 INFO S0: (term 1) follower 收到 [1] AppendEntries [], prevIndex 0, prevTerm 0
094953 LEAD S1: 0 append success next 1 match 0
095454 LEAD S1: prevLog &raft.Entry{Command:interface {}(nil), Term:0, Index:0}
095454 LEAD S1: prevLog &raft.Entry{Command:interface {}(nil), Term:0, Index:0}
095455 INFO S2: (term 1) follower 收到 [1] AppendEntries [], prevIndex 0, prevTerm 0
095455 LEAD S1: 2 append success next 1 match 0
095456 INFO S0: (term 1) follower 收到 [1] AppendEntries [], prevIndex 0, prevTerm 0
095456 LEAD S1: 0 append success next 1 match 0
095955 LEAD S1: prevLog &raft.Entry{Command:interface {}(nil), Term:0, Index:0}
095956 LEAD S1: prevLog &raft.Entry{Command:interface {}(nil), Term:0, Index:0}
095956 INFO S2: (term 1) follower 收到 [1] AppendEntries [], prevIndex 0, prevTerm 0
095956 INFO S0: (term 1) follower 收到 [1] AppendEntries [], prevIndex 0, prevTerm 0
095957 LEAD S1: 2 append success next 1 match 0
095957 LEAD S1: 0 append success next 1 match 0
096457 LEAD S1: prevLog &raft.Entry{Command:interface {}(nil), Term:0, Index:0}
096458 LEAD S1: prevLog &raft.Entry{Command:interface {}(nil), Term:0, Index:0}
096458 INFO S2: (term 1) follower 收到 [1] AppendEntries [], prevIndex 0, prevTerm 0
096459 LEAD S1: 2 append success next 1 match 0
096459 INFO S0: (term 1) follower 收到 [1] AppendEntries [], prevIndex 0, prevTerm 0
096459 LEAD S1: 0 append success next 1 match 0
096960 LEAD S1: prevLog &raft.Entry{Command:interface {}(nil), Term:0, Index:0}
096960 LEAD S1: prevLog &raft.Entry{Command:interface {}(nil), Term:0, Index:0}
096960 INFO S2: (term 1) follower 收到 [1] AppendEntries [], prevIndex 0, prevTerm 0
096961 INFO S0: (term 1) follower 收到 [1] AppendEntries [], prevIndex 0, prevTerm 0
096961 LEAD S1: 2 append success next 1 match 0
096961 LEAD S1: 0 append success next 1 match 0
097462 LEAD S1: prevLog &raft.Entry{Command:interface {}(nil), Term:0, Index:0}
097462 LEAD S1: prevLog &raft.Entry{Command:interface {}(nil), Term:0, Index:0}
097463 INFO S0: (term 1) follower 收到 [1] AppendEntries [], prevIndex 0, prevTerm 0
097463 INFO S2: (term 1) follower 收到 [1] AppendEntries [], prevIndex 0, prevTerm 0
097463 LEAD S1: 0 append success next 1 match 0
097463 LEAD S1: 2 append success next 1 match 0
097964 LEAD S1: prevLog &raft.Entry{Command:interface {}(nil), Term:0, Index:0}
097964 LEAD S1: prevLog &raft.Entry{Command:interface {}(nil), Term:0, Index:0}
097965 INFO S2: (term 1) follower 收到 [1] AppendEntries [], prevIndex 0, prevTerm 0
097965 LEAD S1: 2 append success next 1 match 0
097965 INFO S0: (term 1) follower 收到 [1] AppendEntries [], prevIndex 0, prevTerm 0
097966 LEAD S1: 0 append success next 1 match 0
098466 LEAD S1: prevLog &raft.Entry{Command:interface {}(nil), Term:0, Index:0}
098466 LEAD S1: prevLog &raft.Entry{Command:interface {}(nil), Term:0, Index:0}
098467 INFO S0: (term 1) follower 收到 [1] AppendEntries [], prevIndex 0, prevTerm 0
098467 LEAD S1: 0 append success next 1 match 0
098467 INFO S2: (term 1) follower 收到 [1] AppendEntries [], prevIndex 0, prevTerm 0
098468 LEAD S1: 2 append success next 1 match 0
098969 LEAD S1: prevLog &raft.Entry{Command:interface {}(nil), Term:0, Index:0}
098969 LEAD S1: prevLog &raft.Entry{Command:interface {}(nil), Term:0, Index:0}
098970 INFO S2: (term 1) follower 收到 [1] AppendEntries [], prevIndex 0, prevTerm 0
098970 LEAD S1: 2 append success next 1 match 0
098970 INFO S0: (term 1) follower 收到 [1] AppendEntries [], prevIndex 0, prevTerm 0
098970 LEAD S1: 0 append success next 1 match 0
099471 LEAD S1: prevLog &raft.Entry{Command:interface {}(nil), Term:0, Index:0}
099471 LEAD S1: prevLog &raft.Entry{Command:interface {}(nil), Term:0, Index:0}
099472 INFO S0: (term 1) follower 收到 [1] AppendEntries [], prevIndex 0, prevTerm 0
099472 LEAD S1: 0 append success next 1 match 0
099472 INFO S2: (term 1) follower 收到 [1] AppendEntries [], prevIndex 0, prevTerm 0
099472 LEAD S1: 2 append success next 1 match 0
099974 LEAD S1: prevLog &raft.Entry{Command:interface {}(nil), Term:0, Index:0}
099974 LEAD S1: prevLog &raft.Entry{Command:interface {}(nil), Term:0, Index:0}
099975 INFO S2: (term 1) follower 收到 [1] AppendEntries [], prevIndex 0, prevTerm 0
099975 LEAD S1: 2 append success next 1 match 0
099975 INFO S0: (term 1) follower 收到 [1] AppendEntries [], prevIndex 0, prevTerm 0
099975 LEAD S1: 0 append success next 1 match 0
100476 LEAD S1: prevLog &raft.Entry{Command:interface {}(nil), Term:0, Index:0}
--- FAIL: TestPersist12C (10.05s)
    config.go:609: one(11) failed to reach agreement
100476 LEAD S1: prevLog &raft.Entry{Command:interface {}(nil), Term:0, Index:0}
FAIL
exit status 1
FAIL	6.824/raft	10.048s
