Test (2C): basic persistence ...
002008 INFO S2: start leader election, term 1
002008 VOTE S2: term 1 send vote request to 1
002008 INFO S1: start leader election, term 1
002008 VOTE S1: term 1 send vote request to 2
002008 VOTE S1: term 1 send vote request to 0
002008 VOTE S2: term 1 send vote request to 0
002010 TERM S0: set new term 1
002010 VOTE S2: 1 没有投给me，结束
002010 VOTE S0: term 1 vote 1
002010 VOTE S1: reply from 0, term一致，且投给1
002010 LEAD S1: come to power, start to send heartbeat
002010 LEAD S1: prevLog &raft.Entry{Command:interface {}(nil), Term:0, Index:0}
002010 LEAD S1: prevLog &raft.Entry{Command:interface {}(nil), Term:0, Index:0}
002010 VOTE S1: 2 没有投给me，结束
002010 VOTE S2: 0 没有投给me，结束
002011 INFO S0: (term 1) follower 收到 [1] AppendEntries [], prevIndex 0, prevTerm 0
002011 INFO S2: (term 1) follower 收到 [1] AppendEntries [], prevIndex 0, prevTerm 0
002011 LEAD S1: 0 append success next 1 match 0
002012 LEAD S1: 2 append success next 1 match 0
002509 LEAD S1: prevLog &raft.Entry{Command:interface {}(nil), Term:0, Index:0}
002510 LEAD S1: prevLog &raft.Entry{Command:interface {}(nil), Term:0, Index:0}
002510 INFO S2: (term 1) follower 收到 [1] AppendEntries [], prevIndex 0, prevTerm 0
002511 LEAD S1: 2 append success next 1 match 0
002511 INFO S0: (term 1) follower 收到 [1] AppendEntries [], prevIndex 0, prevTerm 0
002511 LEAD S1: 0 append success next 1 match 0
003012 LEAD S1: prevLog &raft.Entry{Command:interface {}(nil), Term:0, Index:0}
003012 LEAD S1: prevLog &raft.Entry{Command:interface {}(nil), Term:0, Index:0}
003013 INFO S2: (term 1) follower 收到 [1] AppendEntries [], prevIndex 0, prevTerm 0
003013 LEAD S1: 2 append success next 1 match 0
003013 INFO S0: (term 1) follower 收到 [1] AppendEntries [], prevIndex 0, prevTerm 0
003013 LEAD S1: 0 append success next 1 match 0
003514 LEAD S1: prevLog &raft.Entry{Command:interface {}(nil), Term:0, Index:0}
003514 LEAD S1: prevLog &raft.Entry{Command:interface {}(nil), Term:0, Index:0}
003515 INFO S0: (term 1) follower 收到 [1] AppendEntries [], prevIndex 0, prevTerm 0
003515 INFO S2: (term 1) follower 收到 [1] AppendEntries [], prevIndex 0, prevTerm 0
003515 LEAD S1: 2 append success next 1 match 0
003515 LEAD S1: 0 append success next 1 match 0
004016 LEAD S1: prevLog &raft.Entry{Command:interface {}(nil), Term:0, Index:0}
004016 LEAD S1: prevLog &raft.Entry{Command:interface {}(nil), Term:0, Index:0}
004017 INFO S2: (term 1) follower 收到 [1] AppendEntries [], prevIndex 0, prevTerm 0
004018 LEAD S1: 2 append success next 1 match 0
004018 INFO S0: (term 1) follower 收到 [1] AppendEntries [], prevIndex 0, prevTerm 0
004018 LEAD S1: 0 append success next 1 match 0
004518 LEAD S1: prevLog &raft.Entry{Command:interface {}(nil), Term:0, Index:0}
004518 LEAD S1: prevLog &raft.Entry{Command:interface {}(nil), Term:0, Index:0}
004519 INFO S0: (term 1) follower 收到 [1] AppendEntries [], prevIndex 0, prevTerm 0
004519 INFO S2: (term 1) follower 收到 [1] AppendEntries [], prevIndex 0, prevTerm 0
004520 LEAD S1: 0 append success next 1 match 0
004520 LEAD S1: 2 append success next 1 match 0
005021 LEAD S1: prevLog &raft.Entry{Command:interface {}(nil), Term:0, Index:0}
005021 LEAD S1: prevLog &raft.Entry{Command:interface {}(nil), Term:0, Index:0}
005022 INFO S2: (term 1) follower 收到 [1] AppendEntries [], prevIndex 0, prevTerm 0
005022 INFO S0: (term 1) follower 收到 [1] AppendEntries [], prevIndex 0, prevTerm 0
005023 LEAD S1: 2 append success next 1 match 0
005023 LEAD S1: 0 append success next 1 match 0
005523 LEAD S1: prevLog &raft.Entry{Command:interface {}(nil), Term:0, Index:0}
005524 LEAD S1: prevLog &raft.Entry{Command:interface {}(nil), Term:0, Index:0}
005524 INFO S2: (term 1) follower 收到 [1] AppendEntries [], prevIndex 0, prevTerm 0
005525 LEAD S1: 2 append success next 1 match 0
005525 INFO S0: (term 1) follower 收到 [1] AppendEntries [], prevIndex 0, prevTerm 0
005525 LEAD S1: 0 append success next 1 match 0
006026 LEAD S1: prevLog &raft.Entry{Command:interface {}(nil), Term:0, Index:0}
006026 LEAD S1: prevLog &raft.Entry{Command:interface {}(nil), Term:0, Index:0}
006027 INFO S2: (term 1) follower 收到 [1] AppendEntries [], prevIndex 0, prevTerm 0
006027 LEAD S1: 2 append success next 1 match 0
006027 INFO S0: (term 1) follower 收到 [1] AppendEntries [], prevIndex 0, prevTerm 0
006028 LEAD S1: 0 append success next 1 match 0
006528 LEAD S1: prevLog &raft.Entry{Command:interface {}(nil), Term:0, Index:0}
006528 LEAD S1: prevLog &raft.Entry{Command:interface {}(nil), Term:0, Index:0}
006529 INFO S0: (term 1) follower 收到 [1] AppendEntries [], prevIndex 0, prevTerm 0
006529 LEAD S1: 0 append success next 1 match 0
006529 INFO S2: (term 1) follower 收到 [1] AppendEntries [], prevIndex 0, prevTerm 0
006530 LEAD S1: 2 append success next 1 match 0
007031 LEAD S1: prevLog &raft.Entry{Command:interface {}(nil), Term:0, Index:0}
007031 LEAD S1: prevLog &raft.Entry{Command:interface {}(nil), Term:0, Index:0}
007031 INFO S2: (term 1) follower 收到 [1] AppendEntries [], prevIndex 0, prevTerm 0
007032 LEAD S1: 2 append success next 1 match 0
007032 INFO S0: (term 1) follower 收到 [1] AppendEntries [], prevIndex 0, prevTerm 0
007032 LEAD S1: 0 append success next 1 match 0
007533 LEAD S1: prevLog &raft.Entry{Command:interface {}(nil), Term:0, Index:0}
007533 LEAD S1: prevLog &raft.Entry{Command:interface {}(nil), Term:0, Index:0}
007534 INFO S2: (term 1) follower 收到 [1] AppendEntries [], prevIndex 0, prevTerm 0
007534 LEAD S1: 2 append success next 1 match 0
007534 INFO S0: (term 1) follower 收到 [1] AppendEntries [], prevIndex 0, prevTerm 0
007535 LEAD S1: 0 append success next 1 match 0
008035 LEAD S1: prevLog &raft.Entry{Command:interface {}(nil), Term:0, Index:0}
008036 LEAD S1: prevLog &raft.Entry{Command:interface {}(nil), Term:0, Index:0}
008036 INFO S2: (term 1) follower 收到 [1] AppendEntries [], prevIndex 0, prevTerm 0
008037 LEAD S1: 2 append success next 1 match 0
008037 INFO S0: (term 1) follower 收到 [1] AppendEntries [], prevIndex 0, prevTerm 0
008037 LEAD S1: 0 append success next 1 match 0
008538 LEAD S1: prevLog &raft.Entry{Command:interface {}(nil), Term:0, Index:0}
008538 LEAD S1: prevLog &raft.Entry{Command:interface {}(nil), Term:0, Index:0}
008539 INFO S2: (term 1) follower 收到 [1] AppendEntries [], prevIndex 0, prevTerm 0
008539 LEAD S1: 2 append success next 1 match 0
008539 INFO S0: (term 1) follower 收到 [1] AppendEntries [], prevIndex 0, prevTerm 0
008540 LEAD S1: 0 append success next 1 match 0
009040 LEAD S1: prevLog &raft.Entry{Command:interface {}(nil), Term:0, Index:0}
009040 LEAD S1: prevLog &raft.Entry{Command:interface {}(nil), Term:0, Index:0}
009041 INFO S2: (term 1) follower 收到 [1] AppendEntries [], prevIndex 0, prevTerm 0
009041 LEAD S1: 2 append success next 1 match 0
009041 INFO S0: (term 1) follower 收到 [1] AppendEntries [], prevIndex 0, prevTerm 0
009042 LEAD S1: 0 append success next 1 match 0
009543 LEAD S1: prevLog &raft.Entry{Command:interface {}(nil), Term:0, Index:0}
009543 LEAD S1: prevLog &raft.Entry{Command:interface {}(nil), Term:0, Index:0}
009544 INFO S2: (term 1) follower 收到 [1] AppendEntries [], prevIndex 0, prevTerm 0
009544 LEAD S1: 2 append success next 1 match 0
009544 INFO S0: (term 1) follower 收到 [1] AppendEntries [], prevIndex 0, prevTerm 0
009545 LEAD S1: 0 append success next 1 match 0
010045 LEAD S1: prevLog &raft.Entry{Command:interface {}(nil), Term:0, Index:0}
010045 LEAD S1: prevLog &raft.Entry{Command:interface {}(nil), Term:0, Index:0}
010046 INFO S2: (term 1) follower 收到 [1] AppendEntries [], prevIndex 0, prevTerm 0
010046 LEAD S1: 2 append success next 1 match 0
010046 INFO S0: (term 1) follower 收到 [1] AppendEntries [], prevIndex 0, prevTerm 0
010047 LEAD S1: 0 append success next 1 match 0
010547 LEAD S1: prevLog &raft.Entry{Command:interface {}(nil), Term:0, Index:0}
010548 LEAD S1: prevLog &raft.Entry{Command:interface {}(nil), Term:0, Index:0}
010548 INFO S2: (term 1) follower 收到 [1] AppendEntries [], prevIndex 0, prevTerm 0
010549 LEAD S1: 2 append success next 1 match 0
010549 INFO S0: (term 1) follower 收到 [1] AppendEntries [], prevIndex 0, prevTerm 0
010549 LEAD S1: 0 append success next 1 match 0
011050 LEAD S1: prevLog &raft.Entry{Command:interface {}(nil), Term:0, Index:0}
011050 LEAD S1: prevLog &raft.Entry{Command:interface {}(nil), Term:0, Index:0}
011051 INFO S2: (term 1) follower 收到 [1] AppendEntries [], prevIndex 0, prevTerm 0
011051 INFO S0: (term 1) follower 收到 [1] AppendEntries [], prevIndex 0, prevTerm 0
011051 LEAD S1: 0 append success next 1 match 0
011051 LEAD S1: 2 append success next 1 match 0
011552 LEAD S1: prevLog &raft.Entry{Command:interface {}(nil), Term:0, Index:0}
011552 LEAD S1: prevLog &raft.Entry{Command:interface {}(nil), Term:0, Index:0}
011553 INFO S0: (term 1) follower 收到 [1] AppendEntries [], prevIndex 0, prevTerm 0
011553 LEAD S1: 0 append success next 1 match 0
011553 INFO S2: (term 1) follower 收到 [1] AppendEntries [], prevIndex 0, prevTerm 0
011553 LEAD S1: 2 append success next 1 match 0
012054 LEAD S1: prevLog &raft.Entry{Command:interface {}(nil), Term:0, Index:0}
012055 LEAD S1: prevLog &raft.Entry{Command:interface {}(nil), Term:0, Index:0}
012055 INFO S0: (term 1) follower 收到 [1] AppendEntries [], prevIndex 0, prevTerm 0
012055 INFO S2: (term 1) follower 收到 [1] AppendEntries [], prevIndex 0, prevTerm 0
012055 LEAD S1: 0 append success next 1 match 0
012056 LEAD S1: 2 append success next 1 match 0
012557 LEAD S1: prevLog &raft.Entry{Command:interface {}(nil), Term:0, Index:0}
012557 LEAD S1: prevLog &raft.Entry{Command:interface {}(nil), Term:0, Index:0}
012558 INFO S2: (term 1) follower 收到 [1] AppendEntries [], prevIndex 0, prevTerm 0
012558 LEAD S1: 2 append success next 1 match 0
012558 INFO S0: (term 1) follower 收到 [1] AppendEntries [], prevIndex 0, prevTerm 0
012559 LEAD S1: 0 append success next 1 match 0
013059 LEAD S1: prevLog &raft.Entry{Command:interface {}(nil), Term:0, Index:0}
013060 LEAD S1: prevLog &raft.Entry{Command:interface {}(nil), Term:0, Index:0}
013061 INFO S2: (term 1) follower 收到 [1] AppendEntries [], prevIndex 0, prevTerm 0
013061 LEAD S1: 2 append success next 1 match 0
013061 INFO S0: (term 1) follower 收到 [1] AppendEntries [], prevIndex 0, prevTerm 0
013062 LEAD S1: 0 append success next 1 match 0
013562 LEAD S1: prevLog &raft.Entry{Command:interface {}(nil), Term:0, Index:0}
013562 LEAD S1: prevLog &raft.Entry{Command:interface {}(nil), Term:0, Index:0}
013562 INFO S2: (term 1) follower 收到 [1] AppendEntries [], prevIndex 0, prevTerm 0
013563 LEAD S1: 2 append success next 1 match 0
013563 INFO S0: (term 1) follower 收到 [1] AppendEntries [], prevIndex 0, prevTerm 0
013563 LEAD S1: 0 append success next 1 match 0
014064 LEAD S1: prevLog &raft.Entry{Command:interface {}(nil), Term:0, Index:0}
014064 LEAD S1: prevLog &raft.Entry{Command:interface {}(nil), Term:0, Index:0}
014065 INFO S2: (term 1) follower 收到 [1] AppendEntries [], prevIndex 0, prevTerm 0
014065 LEAD S1: 2 append success next 1 match 0
014065 INFO S0: (term 1) follower 收到 [1] AppendEntries [], prevIndex 0, prevTerm 0
014066 LEAD S1: 0 append success next 1 match 0
014566 LEAD S1: prevLog &raft.Entry{Command:interface {}(nil), Term:0, Index:0}
014567 LEAD S1: prevLog &raft.Entry{Command:interface {}(nil), Term:0, Index:0}
014567 INFO S2: (term 1) follower 收到 [1] AppendEntries [], prevIndex 0, prevTerm 0
014567 LEAD S1: 2 append success next 1 match 0
014567 INFO S0: (term 1) follower 收到 [1] AppendEntries [], prevIndex 0, prevTerm 0
014568 LEAD S1: 0 append success next 1 match 0
015069 LEAD S1: prevLog &raft.Entry{Command:interface {}(nil), Term:0, Index:0}
015069 LEAD S1: prevLog &raft.Entry{Command:interface {}(nil), Term:0, Index:0}
015069 INFO S2: (term 1) follower 收到 [1] AppendEntries [], prevIndex 0, prevTerm 0
015069 INFO S0: (term 1) follower 收到 [1] AppendEntries [], prevIndex 0, prevTerm 0
015070 LEAD S1: 2 append success next 1 match 0
015070 LEAD S1: 0 append success next 1 match 0
015572 LEAD S1: prevLog &raft.Entry{Command:interface {}(nil), Term:0, Index:0}
015572 LEAD S1: prevLog &raft.Entry{Command:interface {}(nil), Term:0, Index:0}
015573 INFO S2: (term 1) follower 收到 [1] AppendEntries [], prevIndex 0, prevTerm 0
015573 LEAD S1: 2 append success next 1 match 0
015573 INFO S0: (term 1) follower 收到 [1] AppendEntries [], prevIndex 0, prevTerm 0
015574 LEAD S1: 0 append success next 1 match 0
016075 LEAD S1: prevLog &raft.Entry{Command:interface {}(nil), Term:0, Index:0}
016075 LEAD S1: prevLog &raft.Entry{Command:interface {}(nil), Term:0, Index:0}
016075 INFO S2: (term 1) follower 收到 [1] AppendEntries [], prevIndex 0, prevTerm 0
016076 LEAD S1: 2 append success next 1 match 0
016076 INFO S0: (term 1) follower 收到 [1] AppendEntries [], prevIndex 0, prevTerm 0
016076 LEAD S1: 0 append success next 1 match 0
016576 LEAD S1: prevLog &raft.Entry{Command:interface {}(nil), Term:0, Index:0}
016576 LEAD S1: prevLog &raft.Entry{Command:interface {}(nil), Term:0, Index:0}
016577 INFO S2: (term 1) follower 收到 [1] AppendEntries [], prevIndex 0, prevTerm 0
016577 LEAD S1: 2 append success next 1 match 0
016577 INFO S0: (term 1) follower 收到 [1] AppendEntries [], prevIndex 0, prevTerm 0
016578 LEAD S1: 0 append success next 1 match 0
017079 LEAD S1: prevLog &raft.Entry{Command:interface {}(nil), Term:0, Index:0}
017079 LEAD S1: prevLog &raft.Entry{Command:interface {}(nil), Term:0, Index:0}
017080 INFO S2: (term 1) follower 收到 [1] AppendEntries [], prevIndex 0, prevTerm 0
017080 LEAD S1: 2 append success next 1 match 0
017080 INFO S0: (term 1) follower 收到 [1] AppendEntries [], prevIndex 0, prevTerm 0
017081 LEAD S1: 0 append success next 1 match 0
017580 LEAD S1: prevLog &raft.Entry{Command:interface {}(nil), Term:0, Index:0}
017580 LEAD S1: prevLog &raft.Entry{Command:interface {}(nil), Term:0, Index:0}
017581 INFO S2: (term 1) follower 收到 [1] AppendEntries [], prevIndex 0, prevTerm 0
017581 INFO S0: (term 1) follower 收到 [1] AppendEntries [], prevIndex 0, prevTerm 0
017581 LEAD S1: 2 append success next 1 match 0
017581 LEAD S1: 0 append success next 1 match 0
018082 LEAD S1: prevLog &raft.Entry{Command:interface {}(nil), Term:0, Index:0}
018083 LEAD S1: prevLog &raft.Entry{Command:interface {}(nil), Term:0, Index:0}
018083 INFO S2: (term 1) follower 收到 [1] AppendEntries [], prevIndex 0, prevTerm 0
018084 LEAD S1: 2 append success next 1 match 0
018084 INFO S0: (term 1) follower 收到 [1] AppendEntries [], prevIndex 0, prevTerm 0
018084 LEAD S1: 0 append success next 1 match 0
018585 LEAD S1: prevLog &raft.Entry{Command:interface {}(nil), Term:0, Index:0}
018585 LEAD S1: prevLog &raft.Entry{Command:interface {}(nil), Term:0, Index:0}
018586 INFO S2: (term 1) follower 收到 [1] AppendEntries [], prevIndex 0, prevTerm 0
018586 LEAD S1: 2 append success next 1 match 0
018586 INFO S0: (term 1) follower 收到 [1] AppendEntries [], prevIndex 0, prevTerm 0
018587 LEAD S1: 0 append success next 1 match 0
019087 LEAD S1: prevLog &raft.Entry{Command:interface {}(nil), Term:0, Index:0}
019087 LEAD S1: prevLog &raft.Entry{Command:interface {}(nil), Term:0, Index:0}
019088 INFO S2: (term 1) follower 收到 [1] AppendEntries [], prevIndex 0, prevTerm 0
019088 LEAD S1: 2 append success next 1 match 0
019089 INFO S0: (term 1) follower 收到 [1] AppendEntries [], prevIndex 0, prevTerm 0
019090 LEAD S1: 0 append success next 1 match 0
019589 LEAD S1: prevLog &raft.Entry{Command:interface {}(nil), Term:0, Index:0}
019590 LEAD S1: prevLog &raft.Entry{Command:interface {}(nil), Term:0, Index:0}
019590 INFO S2: (term 1) follower 收到 [1] AppendEntries [], prevIndex 0, prevTerm 0
019591 INFO S0: (term 1) follower 收到 [1] AppendEntries [], prevIndex 0, prevTerm 0
019591 LEAD S1: 2 append success next 1 match 0
019591 LEAD S1: 0 append success next 1 match 0
020092 LEAD S1: prevLog &raft.Entry{Command:interface {}(nil), Term:0, Index:0}
020092 LEAD S1: prevLog &raft.Entry{Command:interface {}(nil), Term:0, Index:0}
020093 INFO S2: (term 1) follower 收到 [1] AppendEntries [], prevIndex 0, prevTerm 0
020093 INFO S0: (term 1) follower 收到 [1] AppendEntries [], prevIndex 0, prevTerm 0
020093 LEAD S1: 2 append success next 1 match 0
020093 LEAD S1: 0 append success next 1 match 0
020594 LEAD S1: prevLog &raft.Entry{Command:interface {}(nil), Term:0, Index:0}
020594 LEAD S1: prevLog &raft.Entry{Command:interface {}(nil), Term:0, Index:0}
020595 INFO S2: (term 1) follower 收到 [1] AppendEntries [], prevIndex 0, prevTerm 0
020595 LEAD S1: 2 append success next 1 match 0
020595 INFO S0: (term 1) follower 收到 [1] AppendEntries [], prevIndex 0, prevTerm 0
020596 LEAD S1: 0 append success next 1 match 0
021096 LEAD S1: prevLog &raft.Entry{Command:interface {}(nil), Term:0, Index:0}
021096 LEAD S1: prevLog &raft.Entry{Command:interface {}(nil), Term:0, Index:0}
021097 INFO S0: (term 1) follower 收到 [1] AppendEntries [], prevIndex 0, prevTerm 0
021097 INFO S2: (term 1) follower 收到 [1] AppendEntries [], prevIndex 0, prevTerm 0
021097 LEAD S1: 0 append success next 1 match 0
021097 LEAD S1: 2 append success next 1 match 0
021598 LEAD S1: prevLog &raft.Entry{Command:interface {}(nil), Term:0, Index:0}
021598 LEAD S1: prevLog &raft.Entry{Command:interface {}(nil), Term:0, Index:0}
021599 INFO S2: (term 1) follower 收到 [1] AppendEntries [], prevIndex 0, prevTerm 0
021599 LEAD S1: 2 append success next 1 match 0
021600 INFO S0: (term 1) follower 收到 [1] AppendEntries [], prevIndex 0, prevTerm 0
021600 LEAD S1: 0 append success next 1 match 0
022100 LEAD S1: prevLog &raft.Entry{Command:interface {}(nil), Term:0, Index:0}
022100 LEAD S1: prevLog &raft.Entry{Command:interface {}(nil), Term:0, Index:0}
022101 INFO S2: (term 1) follower 收到 [1] AppendEntries [], prevIndex 0, prevTerm 0
022101 INFO S0: (term 1) follower 收到 [1] AppendEntries [], prevIndex 0, prevTerm 0
022101 LEAD S1: 2 append success next 1 match 0
022101 LEAD S1: 0 append success next 1 match 0
022603 LEAD S1: prevLog &raft.Entry{Command:interface {}(nil), Term:0, Index:0}
022603 LEAD S1: prevLog &raft.Entry{Command:interface {}(nil), Term:0, Index:0}
022603 INFO S2: (term 1) follower 收到 [1] AppendEntries [], prevIndex 0, prevTerm 0
022604 LEAD S1: 2 append success next 1 match 0
022604 INFO S0: (term 1) follower 收到 [1] AppendEntries [], prevIndex 0, prevTerm 0
022604 LEAD S1: 0 append success next 1 match 0
023105 LEAD S1: prevLog &raft.Entry{Command:interface {}(nil), Term:0, Index:0}
023106 LEAD S1: prevLog &raft.Entry{Command:interface {}(nil), Term:0, Index:0}
023108 INFO S2: (term 1) follower 收到 [1] AppendEntries [], prevIndex 0, prevTerm 0
023109 LEAD S1: 2 append success next 1 match 0
023112 INFO S0: (term 1) follower 收到 [1] AppendEntries [], prevIndex 0, prevTerm 0
023113 LEAD S1: 0 append success next 1 match 0
023610 LEAD S1: prevLog &raft.Entry{Command:interface {}(nil), Term:0, Index:0}
023611 LEAD S1: prevLog &raft.Entry{Command:interface {}(nil), Term:0, Index:0}
023614 INFO S2: (term 1) follower 收到 [1] AppendEntries [], prevIndex 0, prevTerm 0
023614 INFO S0: (term 1) follower 收到 [1] AppendEntries [], prevIndex 0, prevTerm 0
023615 LEAD S1: 2 append success next 1 match 0
023616 LEAD S1: 0 append success next 1 match 0
024113 LEAD S1: prevLog &raft.Entry{Command:interface {}(nil), Term:0, Index:0}
024113 LEAD S1: prevLog &raft.Entry{Command:interface {}(nil), Term:0, Index:0}
024114 INFO S2: (term 1) follower 收到 [1] AppendEntries [], prevIndex 0, prevTerm 0
024115 LEAD S1: 2 append success next 1 match 0
024115 INFO S0: (term 1) follower 收到 [1] AppendEntries [], prevIndex 0, prevTerm 0
024116 LEAD S1: 0 append success next 1 match 0
024616 LEAD S1: prevLog &raft.Entry{Command:interface {}(nil), Term:0, Index:0}
024616 LEAD S1: prevLog &raft.Entry{Command:interface {}(nil), Term:0, Index:0}
024616 INFO S2: (term 1) follower 收到 [1] AppendEntries [], prevIndex 0, prevTerm 0
024617 LEAD S1: 2 append success next 1 match 0
024617 INFO S0: (term 1) follower 收到 [1] AppendEntries [], prevIndex 0, prevTerm 0
024617 LEAD S1: 0 append success next 1 match 0
025118 LEAD S1: prevLog &raft.Entry{Command:interface {}(nil), Term:0, Index:0}
025119 LEAD S1: prevLog &raft.Entry{Command:interface {}(nil), Term:0, Index:0}
025119 INFO S2: (term 1) follower 收到 [1] AppendEntries [], prevIndex 0, prevTerm 0
025120 LEAD S1: 2 append success next 1 match 0
025120 INFO S0: (term 1) follower 收到 [1] AppendEntries [], prevIndex 0, prevTerm 0
025120 LEAD S1: 0 append success next 1 match 0
025621 LEAD S1: prevLog &raft.Entry{Command:interface {}(nil), Term:0, Index:0}
025621 LEAD S1: prevLog &raft.Entry{Command:interface {}(nil), Term:0, Index:0}
025622 INFO S2: (term 1) follower 收到 [1] AppendEntries [], prevIndex 0, prevTerm 0
025622 LEAD S1: 2 append success next 1 match 0
025622 INFO S0: (term 1) follower 收到 [1] AppendEntries [], prevIndex 0, prevTerm 0
025623 LEAD S1: 0 append success next 1 match 0
026123 LEAD S1: prevLog &raft.Entry{Command:interface {}(nil), Term:0, Index:0}
026123 LEAD S1: prevLog &raft.Entry{Command:interface {}(nil), Term:0, Index:0}
026124 INFO S2: (term 1) follower 收到 [1] AppendEntries [], prevIndex 0, prevTerm 0
026124 LEAD S1: 2 append success next 1 match 0
026125 INFO S0: (term 1) follower 收到 [1] AppendEntries [], prevIndex 0, prevTerm 0
026125 LEAD S1: 0 append success next 1 match 0
026625 LEAD S1: prevLog &raft.Entry{Command:interface {}(nil), Term:0, Index:0}
026626 LEAD S1: prevLog &raft.Entry{Command:interface {}(nil), Term:0, Index:0}
026626 INFO S2: (term 1) follower 收到 [1] AppendEntries [], prevIndex 0, prevTerm 0
026627 LEAD S1: 2 append success next 1 match 0
026627 INFO S0: (term 1) follower 收到 [1] AppendEntries [], prevIndex 0, prevTerm 0
026627 LEAD S1: 0 append success next 1 match 0
027128 LEAD S1: prevLog &raft.Entry{Command:interface {}(nil), Term:0, Index:0}
027128 LEAD S1: prevLog &raft.Entry{Command:interface {}(nil), Term:0, Index:0}
027129 INFO S2: (term 1) follower 收到 [1] AppendEntries [], prevIndex 0, prevTerm 0
027129 INFO S0: (term 1) follower 收到 [1] AppendEntries [], prevIndex 0, prevTerm 0
027129 LEAD S1: 0 append success next 1 match 0
027129 LEAD S1: 2 append success next 1 match 0
027630 LEAD S1: prevLog &raft.Entry{Command:interface {}(nil), Term:0, Index:0}
027630 LEAD S1: prevLog &raft.Entry{Command:interface {}(nil), Term:0, Index:0}
027630 INFO S0: (term 1) follower 收到 [1] AppendEntries [], prevIndex 0, prevTerm 0
027631 LEAD S1: 0 append success next 1 match 0
027631 INFO S2: (term 1) follower 收到 [1] AppendEntries [], prevIndex 0, prevTerm 0
027631 LEAD S1: 2 append success next 1 match 0
028133 LEAD S1: prevLog &raft.Entry{Command:interface {}(nil), Term:0, Index:0}
028134 LEAD S1: prevLog &raft.Entry{Command:interface {}(nil), Term:0, Index:0}
028135 INFO S2: (term 1) follower 收到 [1] AppendEntries [], prevIndex 0, prevTerm 0
028136 LEAD S1: 2 append success next 1 match 0
028136 INFO S0: (term 1) follower 收到 [1] AppendEntries [], prevIndex 0, prevTerm 0
028138 LEAD S1: 0 append success next 1 match 0
028637 LEAD S1: prevLog &raft.Entry{Command:interface {}(nil), Term:0, Index:0}
028638 LEAD S1: prevLog &raft.Entry{Command:interface {}(nil), Term:0, Index:0}
028639 INFO S2: (term 1) follower 收到 [1] AppendEntries [], prevIndex 0, prevTerm 0
028639 INFO S0: (term 1) follower 收到 [1] AppendEntries [], prevIndex 0, prevTerm 0
028639 LEAD S1: 2 append success next 1 match 0
028640 LEAD S1: 0 append success next 1 match 0
029140 LEAD S1: prevLog &raft.Entry{Command:interface {}(nil), Term:0, Index:0}
029140 LEAD S1: prevLog &raft.Entry{Command:interface {}(nil), Term:0, Index:0}
029141 INFO S0: (term 1) follower 收到 [1] AppendEntries [], prevIndex 0, prevTerm 0
029141 LEAD S1: 0 append success next 1 match 0
029142 INFO S2: (term 1) follower 收到 [1] AppendEntries [], prevIndex 0, prevTerm 0
029142 LEAD S1: 2 append success next 1 match 0
029642 LEAD S1: prevLog &raft.Entry{Command:interface {}(nil), Term:0, Index:0}
029642 LEAD S1: prevLog &raft.Entry{Command:interface {}(nil), Term:0, Index:0}
029643 INFO S2: (term 1) follower 收到 [1] AppendEntries [], prevIndex 0, prevTerm 0
029643 LEAD S1: 2 append success next 1 match 0
029644 INFO S0: (term 1) follower 收到 [1] AppendEntries [], prevIndex 0, prevTerm 0
029644 LEAD S1: 0 append success next 1 match 0
030146 LEAD S1: prevLog &raft.Entry{Command:interface {}(nil), Term:0, Index:0}
030146 LEAD S1: prevLog &raft.Entry{Command:interface {}(nil), Term:0, Index:0}
030148 INFO S2: (term 1) follower 收到 [1] AppendEntries [], prevIndex 0, prevTerm 0
030149 LEAD S1: 2 append success next 1 match 0
030150 INFO S0: (term 1) follower 收到 [1] AppendEntries [], prevIndex 0, prevTerm 0
030152 LEAD S1: 0 append success next 1 match 0
030652 LEAD S1: prevLog &raft.Entry{Command:interface {}(nil), Term:0, Index:0}
030652 LEAD S1: prevLog &raft.Entry{Command:interface {}(nil), Term:0, Index:0}
030653 INFO S2: (term 1) follower 收到 [1] AppendEntries [], prevIndex 0, prevTerm 0
030653 LEAD S1: 2 append success next 1 match 0
030653 INFO S0: (term 1) follower 收到 [1] AppendEntries [], prevIndex 0, prevTerm 0
030654 LEAD S1: 0 append success next 1 match 0
031154 LEAD S1: prevLog &raft.Entry{Command:interface {}(nil), Term:0, Index:0}
031154 LEAD S1: prevLog &raft.Entry{Command:interface {}(nil), Term:0, Index:0}
031155 INFO S2: (term 1) follower 收到 [1] AppendEntries [], prevIndex 0, prevTerm 0
031155 LEAD S1: 2 append success next 1 match 0
031155 INFO S0: (term 1) follower 收到 [1] AppendEntries [], prevIndex 0, prevTerm 0
031156 LEAD S1: 0 append success next 1 match 0
031656 LEAD S1: prevLog &raft.Entry{Command:interface {}(nil), Term:0, Index:0}
031657 LEAD S1: prevLog &raft.Entry{Command:interface {}(nil), Term:0, Index:0}
031657 INFO S2: (term 1) follower 收到 [1] AppendEntries [], prevIndex 0, prevTerm 0
031658 LEAD S1: 2 append success next 1 match 0
031658 INFO S0: (term 1) follower 收到 [1] AppendEntries [], prevIndex 0, prevTerm 0
031658 LEAD S1: 0 append success next 1 match 0
032159 LEAD S1: prevLog &raft.Entry{Command:interface {}(nil), Term:0, Index:0}
032159 LEAD S1: prevLog &raft.Entry{Command:interface {}(nil), Term:0, Index:0}
032159 INFO S2: (term 1) follower 收到 [1] AppendEntries [], prevIndex 0, prevTerm 0
032159 INFO S0: (term 1) follower 收到 [1] AppendEntries [], prevIndex 0, prevTerm 0
032160 LEAD S1: 2 append success next 1 match 0
032160 LEAD S1: 0 append success next 1 match 0
032660 LEAD S1: prevLog &raft.Entry{Command:interface {}(nil), Term:0, Index:0}
032660 LEAD S1: prevLog &raft.Entry{Command:interface {}(nil), Term:0, Index:0}
032661 INFO S2: (term 1) follower 收到 [1] AppendEntries [], prevIndex 0, prevTerm 0
032661 LEAD S1: 2 append success next 1 match 0
032661 INFO S0: (term 1) follower 收到 [1] AppendEntries [], prevIndex 0, prevTerm 0
032662 LEAD S1: 0 append success next 1 match 0
033162 LEAD S1: prevLog &raft.Entry{Command:interface {}(nil), Term:0, Index:0}
033163 LEAD S1: prevLog &raft.Entry{Command:interface {}(nil), Term:0, Index:0}
033163 INFO S2: (term 1) follower 收到 [1] AppendEntries [], prevIndex 0, prevTerm 0
033164 LEAD S1: 2 append success next 1 match 0
033164 INFO S0: (term 1) follower 收到 [1] AppendEntries [], prevIndex 0, prevTerm 0
033164 LEAD S1: 0 append success next 1 match 0
033665 LEAD S1: prevLog &raft.Entry{Command:interface {}(nil), Term:0, Index:0}
033665 LEAD S1: prevLog &raft.Entry{Command:interface {}(nil), Term:0, Index:0}
033666 INFO S0: (term 1) follower 收到 [1] AppendEntries [], prevIndex 0, prevTerm 0
033666 LEAD S1: 0 append success next 1 match 0
033666 INFO S2: (term 1) follower 收到 [1] AppendEntries [], prevIndex 0, prevTerm 0
033667 LEAD S1: 2 append success next 1 match 0
034168 LEAD S1: prevLog &raft.Entry{Command:interface {}(nil), Term:0, Index:0}
034168 LEAD S1: prevLog &raft.Entry{Command:interface {}(nil), Term:0, Index:0}
034171 INFO S0: (term 1) follower 收到 [1] AppendEntries [], prevIndex 0, prevTerm 0
034173 INFO S2: (term 1) follower 收到 [1] AppendEntries [], prevIndex 0, prevTerm 0
034173 LEAD S1: 0 append success next 1 match 0
034173 LEAD S1: 2 append success next 1 match 0
034681 LEAD S1: prevLog &raft.Entry{Command:interface {}(nil), Term:0, Index:0}
034681 LEAD S1: prevLog &raft.Entry{Command:interface {}(nil), Term:0, Index:0}
034682 INFO S2: (term 1) follower 收到 [1] AppendEntries [], prevIndex 0, prevTerm 0
034682 LEAD S1: 2 append success next 1 match 0
034683 INFO S0: (term 1) follower 收到 [1] AppendEntries [], prevIndex 0, prevTerm 0
034683 LEAD S1: 0 append success next 1 match 0
035183 LEAD S1: prevLog &raft.Entry{Command:interface {}(nil), Term:0, Index:0}
035183 LEAD S1: prevLog &raft.Entry{Command:interface {}(nil), Term:0, Index:0}
035184 INFO S2: (term 1) follower 收到 [1] AppendEntries [], prevIndex 0, prevTerm 0
035184 LEAD S1: 2 append success next 1 match 0
035185 INFO S0: (term 1) follower 收到 [1] AppendEntries [], prevIndex 0, prevTerm 0
035185 LEAD S1: 0 append success next 1 match 0
035686 LEAD S1: prevLog &raft.Entry{Command:interface {}(nil), Term:0, Index:0}
035686 LEAD S1: prevLog &raft.Entry{Command:interface {}(nil), Term:0, Index:0}
035687 INFO S2: (term 1) follower 收到 [1] AppendEntries [], prevIndex 0, prevTerm 0
035687 LEAD S1: 2 append success next 1 match 0
035687 INFO S0: (term 1) follower 收到 [1] AppendEntries [], prevIndex 0, prevTerm 0
035688 LEAD S1: 0 append success next 1 match 0
036188 LEAD S1: prevLog &raft.Entry{Command:interface {}(nil), Term:0, Index:0}
036189 LEAD S1: prevLog &raft.Entry{Command:interface {}(nil), Term:0, Index:0}
036189 INFO S2: (term 1) follower 收到 [1] AppendEntries [], prevIndex 0, prevTerm 0
036190 LEAD S1: 2 append success next 1 match 0
036190 INFO S0: (term 1) follower 收到 [1] AppendEntries [], prevIndex 0, prevTerm 0
036190 LEAD S1: 0 append success next 1 match 0
036691 LEAD S1: prevLog &raft.Entry{Command:interface {}(nil), Term:0, Index:0}
036691 LEAD S1: prevLog &raft.Entry{Command:interface {}(nil), Term:0, Index:0}
036692 INFO S2: (term 1) follower 收到 [1] AppendEntries [], prevIndex 0, prevTerm 0
036692 LEAD S1: 2 append success next 1 match 0
036692 INFO S0: (term 1) follower 收到 [1] AppendEntries [], prevIndex 0, prevTerm 0
036692 LEAD S1: 0 append success next 1 match 0
037193 LEAD S1: prevLog &raft.Entry{Command:interface {}(nil), Term:0, Index:0}
037193 LEAD S1: prevLog &raft.Entry{Command:interface {}(nil), Term:0, Index:0}
037194 INFO S2: (term 1) follower 收到 [1] AppendEntries [], prevIndex 0, prevTerm 0
037194 LEAD S1: 2 append success next 1 match 0
037194 INFO S0: (term 1) follower 收到 [1] AppendEntries [], prevIndex 0, prevTerm 0
037195 LEAD S1: 0 append success next 1 match 0
037695 LEAD S1: prevLog &raft.Entry{Command:interface {}(nil), Term:0, Index:0}
037696 LEAD S1: prevLog &raft.Entry{Command:interface {}(nil), Term:0, Index:0}
037696 INFO S2: (term 1) follower 收到 [1] AppendEntries [], prevIndex 0, prevTerm 0
037697 LEAD S1: 2 append success next 1 match 0
037697 INFO S0: (term 1) follower 收到 [1] AppendEntries [], prevIndex 0, prevTerm 0
037697 LEAD S1: 0 append success next 1 match 0
038198 LEAD S1: prevLog &raft.Entry{Command:interface {}(nil), Term:0, Index:0}
038198 LEAD S1: prevLog &raft.Entry{Command:interface {}(nil), Term:0, Index:0}
038199 INFO S2: (term 1) follower 收到 [1] AppendEntries [], prevIndex 0, prevTerm 0
038199 LEAD S1: 2 append success next 1 match 0
038199 INFO S0: (term 1) follower 收到 [1] AppendEntries [], prevIndex 0, prevTerm 0
038200 LEAD S1: 0 append success next 1 match 0
038700 LEAD S1: prevLog &raft.Entry{Command:interface {}(nil), Term:0, Index:0}
038700 LEAD S1: prevLog &raft.Entry{Command:interface {}(nil), Term:0, Index:0}
038701 INFO S2: (term 1) follower 收到 [1] AppendEntries [], prevIndex 0, prevTerm 0
038701 LEAD S1: 2 append success next 1 match 0
038701 INFO S0: (term 1) follower 收到 [1] AppendEntries [], prevIndex 0, prevTerm 0
038702 LEAD S1: 0 append success next 1 match 0
039202 LEAD S1: prevLog &raft.Entry{Command:interface {}(nil), Term:0, Index:0}
039202 LEAD S1: prevLog &raft.Entry{Command:interface {}(nil), Term:0, Index:0}
039203 INFO S2: (term 1) follower 收到 [1] AppendEntries [], prevIndex 0, prevTerm 0
039203 LEAD S1: 2 append success next 1 match 0
039204 INFO S0: (term 1) follower 收到 [1] AppendEntries [], prevIndex 0, prevTerm 0
039204 LEAD S1: 0 append success next 1 match 0
039705 LEAD S1: prevLog &raft.Entry{Command:interface {}(nil), Term:0, Index:0}
039706 LEAD S1: prevLog &raft.Entry{Command:interface {}(nil), Term:0, Index:0}
039706 INFO S2: (term 1) follower 收到 [1] AppendEntries [], prevIndex 0, prevTerm 0
039706 LEAD S1: 2 append success next 1 match 0
039707 INFO S0: (term 1) follower 收到 [1] AppendEntries [], prevIndex 0, prevTerm 0
039707 LEAD S1: 0 append success next 1 match 0
040207 LEAD S1: prevLog &raft.Entry{Command:interface {}(nil), Term:0, Index:0}
040208 LEAD S1: prevLog &raft.Entry{Command:interface {}(nil), Term:0, Index:0}
040208 INFO S2: (term 1) follower 收到 [1] AppendEntries [], prevIndex 0, prevTerm 0
040209 LEAD S1: 2 append success next 1 match 0
040209 INFO S0: (term 1) follower 收到 [1] AppendEntries [], prevIndex 0, prevTerm 0
040209 LEAD S1: 0 append success next 1 match 0
040711 LEAD S1: prevLog &raft.Entry{Command:interface {}(nil), Term:0, Index:0}
040712 LEAD S1: prevLog &raft.Entry{Command:interface {}(nil), Term:0, Index:0}
040713 INFO S2: (term 1) follower 收到 [1] AppendEntries [], prevIndex 0, prevTerm 0
040713 INFO S0: (term 1) follower 收到 [1] AppendEntries [], prevIndex 0, prevTerm 0
040714 LEAD S1: 2 append success next 1 match 0
040714 LEAD S1: 0 append success next 1 match 0
041213 LEAD S1: prevLog &raft.Entry{Command:interface {}(nil), Term:0, Index:0}
041214 LEAD S1: prevLog &raft.Entry{Command:interface {}(nil), Term:0, Index:0}
041214 INFO S2: (term 1) follower 收到 [1] AppendEntries [], prevIndex 0, prevTerm 0
041215 LEAD S1: 2 append success next 1 match 0
041215 INFO S0: (term 1) follower 收到 [1] AppendEntries [], prevIndex 0, prevTerm 0
041215 LEAD S1: 0 append success next 1 match 0
041716 LEAD S1: prevLog &raft.Entry{Command:interface {}(nil), Term:0, Index:0}
041716 LEAD S1: prevLog &raft.Entry{Command:interface {}(nil), Term:0, Index:0}
041717 INFO S2: (term 1) follower 收到 [1] AppendEntries [], prevIndex 0, prevTerm 0
041717 LEAD S1: 2 append success next 1 match 0
041718 INFO S0: (term 1) follower 收到 [1] AppendEntries [], prevIndex 0, prevTerm 0
041718 LEAD S1: 0 append success next 1 match 0
042218 LEAD S1: prevLog &raft.Entry{Command:interface {}(nil), Term:0, Index:0}
042218 LEAD S1: prevLog &raft.Entry{Command:interface {}(nil), Term:0, Index:0}
042219 INFO S2: (term 1) follower 收到 [1] AppendEntries [], prevIndex 0, prevTerm 0
042219 LEAD S1: 2 append success next 1 match 0
042219 INFO S0: (term 1) follower 收到 [1] AppendEntries [], prevIndex 0, prevTerm 0
042220 LEAD S1: 0 append success next 1 match 0
042720 LEAD S1: prevLog &raft.Entry{Command:interface {}(nil), Term:0, Index:0}
042721 LEAD S1: prevLog &raft.Entry{Command:interface {}(nil), Term:0, Index:0}
042721 INFO S2: (term 1) follower 收到 [1] AppendEntries [], prevIndex 0, prevTerm 0
042722 LEAD S1: 2 append success next 1 match 0
042722 INFO S0: (term 1) follower 收到 [1] AppendEntries [], prevIndex 0, prevTerm 0
042722 LEAD S1: 0 append success next 1 match 0
043222 LEAD S1: prevLog &raft.Entry{Command:interface {}(nil), Term:0, Index:0}
043223 LEAD S1: prevLog &raft.Entry{Command:interface {}(nil), Term:0, Index:0}
043223 INFO S2: (term 1) follower 收到 [1] AppendEntries [], prevIndex 0, prevTerm 0
043224 LEAD S1: 2 append success next 1 match 0
043224 INFO S0: (term 1) follower 收到 [1] AppendEntries [], prevIndex 0, prevTerm 0
043224 LEAD S1: 0 append success next 1 match 0
043725 LEAD S1: prevLog &raft.Entry{Command:interface {}(nil), Term:0, Index:0}
043725 LEAD S1: prevLog &raft.Entry{Command:interface {}(nil), Term:0, Index:0}
043726 INFO S2: (term 1) follower 收到 [1] AppendEntries [], prevIndex 0, prevTerm 0
043726 LEAD S1: 2 append success next 1 match 0
043726 INFO S0: (term 1) follower 收到 [1] AppendEntries [], prevIndex 0, prevTerm 0
043727 LEAD S1: 0 append success next 1 match 0
044227 LEAD S1: prevLog &raft.Entry{Command:interface {}(nil), Term:0, Index:0}
044227 LEAD S1: prevLog &raft.Entry{Command:interface {}(nil), Term:0, Index:0}
044228 INFO S2: (term 1) follower 收到 [1] AppendEntries [], prevIndex 0, prevTerm 0
044228 LEAD S1: 2 append success next 1 match 0
044229 INFO S0: (term 1) follower 收到 [1] AppendEntries [], prevIndex 0, prevTerm 0
044229 LEAD S1: 0 append success next 1 match 0
044730 LEAD S1: prevLog &raft.Entry{Command:interface {}(nil), Term:0, Index:0}
044730 LEAD S1: prevLog &raft.Entry{Command:interface {}(nil), Term:0, Index:0}
044731 INFO S2: (term 1) follower 收到 [1] AppendEntries [], prevIndex 0, prevTerm 0
044731 LEAD S1: 2 append success next 1 match 0
044731 INFO S0: (term 1) follower 收到 [1] AppendEntries [], prevIndex 0, prevTerm 0
044731 LEAD S1: 0 append success next 1 match 0
045232 LEAD S1: prevLog &raft.Entry{Command:interface {}(nil), Term:0, Index:0}
045232 LEAD S1: prevLog &raft.Entry{Command:interface {}(nil), Term:0, Index:0}
045233 INFO S2: (term 1) follower 收到 [1] AppendEntries [], prevIndex 0, prevTerm 0
045233 LEAD S1: 2 append success next 1 match 0
045234 INFO S0: (term 1) follower 收到 [1] AppendEntries [], prevIndex 0, prevTerm 0
045234 LEAD S1: 0 append success next 1 match 0
045734 LEAD S1: prevLog &raft.Entry{Command:interface {}(nil), Term:0, Index:0}
045734 LEAD S1: prevLog &raft.Entry{Command:interface {}(nil), Term:0, Index:0}
045735 INFO S2: (term 1) follower 收到 [1] AppendEntries [], prevIndex 0, prevTerm 0
045735 LEAD S1: 2 append success next 1 match 0
045736 INFO S0: (term 1) follower 收到 [1] AppendEntries [], prevIndex 0, prevTerm 0
045736 LEAD S1: 0 append success next 1 match 0
046236 LEAD S1: prevLog &raft.Entry{Command:interface {}(nil), Term:0, Index:0}
046237 LEAD S1: prevLog &raft.Entry{Command:interface {}(nil), Term:0, Index:0}
046238 INFO S2: (term 1) follower 收到 [1] AppendEntries [], prevIndex 0, prevTerm 0
046238 LEAD S1: 2 append success next 1 match 0
046239 INFO S0: (term 1) follower 收到 [1] AppendEntries [], prevIndex 0, prevTerm 0
046239 LEAD S1: 0 append success next 1 match 0
046739 LEAD S1: prevLog &raft.Entry{Command:interface {}(nil), Term:0, Index:0}
046739 LEAD S1: prevLog &raft.Entry{Command:interface {}(nil), Term:0, Index:0}
046740 INFO S2: (term 1) follower 收到 [1] AppendEntries [], prevIndex 0, prevTerm 0
046740 LEAD S1: 2 append success next 1 match 0
046740 INFO S0: (term 1) follower 收到 [1] AppendEntries [], prevIndex 0, prevTerm 0
046741 LEAD S1: 0 append success next 1 match 0
047241 LEAD S1: prevLog &raft.Entry{Command:interface {}(nil), Term:0, Index:0}
047241 LEAD S1: prevLog &raft.Entry{Command:interface {}(nil), Term:0, Index:0}
047242 INFO S2: (term 1) follower 收到 [1] AppendEntries [], prevIndex 0, prevTerm 0
047242 LEAD S1: 2 append success next 1 match 0
047243 INFO S0: (term 1) follower 收到 [1] AppendEntries [], prevIndex 0, prevTerm 0
047243 LEAD S1: 0 append success next 1 match 0
047743 LEAD S1: prevLog &raft.Entry{Command:interface {}(nil), Term:0, Index:0}
047744 LEAD S1: prevLog &raft.Entry{Command:interface {}(nil), Term:0, Index:0}
047744 INFO S2: (term 1) follower 收到 [1] AppendEntries [], prevIndex 0, prevTerm 0
047745 LEAD S1: 2 append success next 1 match 0
047745 INFO S0: (term 1) follower 收到 [1] AppendEntries [], prevIndex 0, prevTerm 0
047745 LEAD S1: 0 append success next 1 match 0
048245 LEAD S1: prevLog &raft.Entry{Command:interface {}(nil), Term:0, Index:0}
048245 LEAD S1: prevLog &raft.Entry{Command:interface {}(nil), Term:0, Index:0}
048246 INFO S2: (term 1) follower 收到 [1] AppendEntries [], prevIndex 0, prevTerm 0
048246 LEAD S1: 2 append success next 1 match 0
048247 INFO S0: (term 1) follower 收到 [1] AppendEntries [], prevIndex 0, prevTerm 0
048247 LEAD S1: 0 append success next 1 match 0
048747 LEAD S1: prevLog &raft.Entry{Command:interface {}(nil), Term:0, Index:0}
048748 LEAD S1: prevLog &raft.Entry{Command:interface {}(nil), Term:0, Index:0}
048748 INFO S2: (term 1) follower 收到 [1] AppendEntries [], prevIndex 0, prevTerm 0
048749 LEAD S1: 2 append success next 1 match 0
048749 INFO S0: (term 1) follower 收到 [1] AppendEntries [], prevIndex 0, prevTerm 0
048749 LEAD S1: 0 append success next 1 match 0
049250 LEAD S1: prevLog &raft.Entry{Command:interface {}(nil), Term:0, Index:0}
049250 LEAD S1: prevLog &raft.Entry{Command:interface {}(nil), Term:0, Index:0}
049250 INFO S2: (term 1) follower 收到 [1] AppendEntries [], prevIndex 0, prevTerm 0
049251 LEAD S1: 2 append success next 1 match 0
049251 INFO S0: (term 1) follower 收到 [1] AppendEntries [], prevIndex 0, prevTerm 0
049251 LEAD S1: 0 append success next 1 match 0
049752 LEAD S1: prevLog &raft.Entry{Command:interface {}(nil), Term:0, Index:0}
049752 LEAD S1: prevLog &raft.Entry{Command:interface {}(nil), Term:0, Index:0}
049753 INFO S2: (term 1) follower 收到 [1] AppendEntries [], prevIndex 0, prevTerm 0
049753 LEAD S1: 2 append success next 1 match 0
049754 INFO S0: (term 1) follower 收到 [1] AppendEntries [], prevIndex 0, prevTerm 0
049754 LEAD S1: 0 append success next 1 match 0
050254 LEAD S1: prevLog &raft.Entry{Command:interface {}(nil), Term:0, Index:0}
050254 LEAD S1: prevLog &raft.Entry{Command:interface {}(nil), Term:0, Index:0}
050255 INFO S2: (term 1) follower 收到 [1] AppendEntries [], prevIndex 0, prevTerm 0
050255 LEAD S1: 2 append success next 1 match 0
050256 INFO S0: (term 1) follower 收到 [1] AppendEntries [], prevIndex 0, prevTerm 0
050256 LEAD S1: 0 append success next 1 match 0
050756 LEAD S1: prevLog &raft.Entry{Command:interface {}(nil), Term:0, Index:0}
050756 LEAD S1: prevLog &raft.Entry{Command:interface {}(nil), Term:0, Index:0}
050757 INFO S2: (term 1) follower 收到 [1] AppendEntries [], prevIndex 0, prevTerm 0
050758 LEAD S1: 2 append success next 1 match 0
050758 INFO S0: (term 1) follower 收到 [1] AppendEntries [], prevIndex 0, prevTerm 0
050758 LEAD S1: 0 append success next 1 match 0
051258 LEAD S1: prevLog &raft.Entry{Command:interface {}(nil), Term:0, Index:0}
051259 LEAD S1: prevLog &raft.Entry{Command:interface {}(nil), Term:0, Index:0}
051259 INFO S2: (term 1) follower 收到 [1] AppendEntries [], prevIndex 0, prevTerm 0
051260 LEAD S1: 2 append success next 1 match 0
051260 INFO S0: (term 1) follower 收到 [1] AppendEntries [], prevIndex 0, prevTerm 0
051260 LEAD S1: 0 append success next 1 match 0
051761 LEAD S1: prevLog &raft.Entry{Command:interface {}(nil), Term:0, Index:0}
051761 LEAD S1: prevLog &raft.Entry{Command:interface {}(nil), Term:0, Index:0}
051762 INFO S2: (term 1) follower 收到 [1] AppendEntries [], prevIndex 0, prevTerm 0
051762 LEAD S1: 2 append success next 1 match 0
051762 INFO S0: (term 1) follower 收到 [1] AppendEntries [], prevIndex 0, prevTerm 0
051763 LEAD S1: 0 append success next 1 match 0
052263 LEAD S1: prevLog &raft.Entry{Command:interface {}(nil), Term:0, Index:0}
052263 LEAD S1: prevLog &raft.Entry{Command:interface {}(nil), Term:0, Index:0}
052264 INFO S2: (term 1) follower 收到 [1] AppendEntries [], prevIndex 0, prevTerm 0
052264 LEAD S1: 2 append success next 1 match 0
052264 INFO S0: (term 1) follower 收到 [1] AppendEntries [], prevIndex 0, prevTerm 0
052265 LEAD S1: 0 append success next 1 match 0
052765 LEAD S1: prevLog &raft.Entry{Command:interface {}(nil), Term:0, Index:0}
052765 LEAD S1: prevLog &raft.Entry{Command:interface {}(nil), Term:0, Index:0}
052766 INFO S2: (term 1) follower 收到 [1] AppendEntries [], prevIndex 0, prevTerm 0
052766 INFO S0: (term 1) follower 收到 [1] AppendEntries [], prevIndex 0, prevTerm 0
052766 LEAD S1: 2 append success next 1 match 0
052766 LEAD S1: 0 append success next 1 match 0
053267 LEAD S1: prevLog &raft.Entry{Command:interface {}(nil), Term:0, Index:0}
053267 LEAD S1: prevLog &raft.Entry{Command:interface {}(nil), Term:0, Index:0}
053268 INFO S2: (term 1) follower 收到 [1] AppendEntries [], prevIndex 0, prevTerm 0
053268 LEAD S1: 2 append success next 1 match 0
053268 INFO S0: (term 1) follower 收到 [1] AppendEntries [], prevIndex 0, prevTerm 0
053269 LEAD S1: 0 append success next 1 match 0
053769 LEAD S1: prevLog &raft.Entry{Command:interface {}(nil), Term:0, Index:0}
053770 LEAD S1: prevLog &raft.Entry{Command:interface {}(nil), Term:0, Index:0}
053770 INFO S2: (term 1) follower 收到 [1] AppendEntries [], prevIndex 0, prevTerm 0
053771 LEAD S1: 2 append success next 1 match 0
053771 INFO S0: (term 1) follower 收到 [1] AppendEntries [], prevIndex 0, prevTerm 0
053771 LEAD S1: 0 append success next 1 match 0
054272 LEAD S1: prevLog &raft.Entry{Command:interface {}(nil), Term:0, Index:0}
054272 LEAD S1: prevLog &raft.Entry{Command:interface {}(nil), Term:0, Index:0}
054272 INFO S2: (term 1) follower 收到 [1] AppendEntries [], prevIndex 0, prevTerm 0
054273 LEAD S1: 2 append success next 1 match 0
054273 INFO S0: (term 1) follower 收到 [1] AppendEntries [], prevIndex 0, prevTerm 0
054273 LEAD S1: 0 append success next 1 match 0
054774 LEAD S1: prevLog &raft.Entry{Command:interface {}(nil), Term:0, Index:0}
054774 LEAD S1: prevLog &raft.Entry{Command:interface {}(nil), Term:0, Index:0}
054775 INFO S2: (term 1) follower 收到 [1] AppendEntries [], prevIndex 0, prevTerm 0
054775 LEAD S1: 2 append success next 1 match 0
054775 INFO S0: (term 1) follower 收到 [1] AppendEntries [], prevIndex 0, prevTerm 0
054776 LEAD S1: 0 append success next 1 match 0
055276 LEAD S1: prevLog &raft.Entry{Command:interface {}(nil), Term:0, Index:0}
055276 LEAD S1: prevLog &raft.Entry{Command:interface {}(nil), Term:0, Index:0}
055277 INFO S2: (term 1) follower 收到 [1] AppendEntries [], prevIndex 0, prevTerm 0
055277 LEAD S1: 2 append success next 1 match 0
055278 INFO S0: (term 1) follower 收到 [1] AppendEntries [], prevIndex 0, prevTerm 0
055278 LEAD S1: 0 append success next 1 match 0
055779 LEAD S1: prevLog &raft.Entry{Command:interface {}(nil), Term:0, Index:0}
055779 LEAD S1: prevLog &raft.Entry{Command:interface {}(nil), Term:0, Index:0}
055780 INFO S2: (term 1) follower 收到 [1] AppendEntries [], prevIndex 0, prevTerm 0
055780 LEAD S1: 2 append success next 1 match 0
055780 INFO S0: (term 1) follower 收到 [1] AppendEntries [], prevIndex 0, prevTerm 0
055780 LEAD S1: 0 append success next 1 match 0
056281 LEAD S1: prevLog &raft.Entry{Command:interface {}(nil), Term:0, Index:0}
056281 LEAD S1: prevLog &raft.Entry{Command:interface {}(nil), Term:0, Index:0}
056282 INFO S2: (term 1) follower 收到 [1] AppendEntries [], prevIndex 0, prevTerm 0
056282 LEAD S1: 2 append success next 1 match 0
056283 INFO S0: (term 1) follower 收到 [1] AppendEntries [], prevIndex 0, prevTerm 0
056283 LEAD S1: 0 append success next 1 match 0
056783 LEAD S1: prevLog &raft.Entry{Command:interface {}(nil), Term:0, Index:0}
056783 LEAD S1: prevLog &raft.Entry{Command:interface {}(nil), Term:0, Index:0}
056784 INFO S2: (term 1) follower 收到 [1] AppendEntries [], prevIndex 0, prevTerm 0
056784 LEAD S1: 2 append success next 1 match 0
056785 INFO S0: (term 1) follower 收到 [1] AppendEntries [], prevIndex 0, prevTerm 0
056785 LEAD S1: 0 append success next 1 match 0
057285 LEAD S1: prevLog &raft.Entry{Command:interface {}(nil), Term:0, Index:0}
057286 LEAD S1: prevLog &raft.Entry{Command:interface {}(nil), Term:0, Index:0}
057286 INFO S2: (term 1) follower 收到 [1] AppendEntries [], prevIndex 0, prevTerm 0
057286 LEAD S1: 2 append success next 1 match 0
057287 INFO S0: (term 1) follower 收到 [1] AppendEntries [], prevIndex 0, prevTerm 0
057287 LEAD S1: 0 append success next 1 match 0
057787 LEAD S1: prevLog &raft.Entry{Command:interface {}(nil), Term:0, Index:0}
057788 LEAD S1: prevLog &raft.Entry{Command:interface {}(nil), Term:0, Index:0}
057788 INFO S2: (term 1) follower 收到 [1] AppendEntries [], prevIndex 0, prevTerm 0
057788 LEAD S1: 2 append success next 1 match 0
057789 INFO S0: (term 1) follower 收到 [1] AppendEntries [], prevIndex 0, prevTerm 0
057789 LEAD S1: 0 append success next 1 match 0
058289 LEAD S1: prevLog &raft.Entry{Command:interface {}(nil), Term:0, Index:0}
058290 LEAD S1: prevLog &raft.Entry{Command:interface {}(nil), Term:0, Index:0}
058290 INFO S2: (term 1) follower 收到 [1] AppendEntries [], prevIndex 0, prevTerm 0
058290 LEAD S1: 2 append success next 1 match 0
058291 INFO S0: (term 1) follower 收到 [1] AppendEntries [], prevIndex 0, prevTerm 0
058291 LEAD S1: 0 append success next 1 match 0
058792 LEAD S1: prevLog &raft.Entry{Command:interface {}(nil), Term:0, Index:0}
058792 LEAD S1: prevLog &raft.Entry{Command:interface {}(nil), Term:0, Index:0}
058792 INFO S2: (term 1) follower 收到 [1] AppendEntries [], prevIndex 0, prevTerm 0
058793 LEAD S1: 2 append success next 1 match 0
058793 INFO S0: (term 1) follower 收到 [1] AppendEntries [], prevIndex 0, prevTerm 0
058794 LEAD S1: 0 append success next 1 match 0
059294 LEAD S1: prevLog &raft.Entry{Command:interface {}(nil), Term:0, Index:0}
059294 LEAD S1: prevLog &raft.Entry{Command:interface {}(nil), Term:0, Index:0}
059295 INFO S2: (term 1) follower 收到 [1] AppendEntries [], prevIndex 0, prevTerm 0
059295 LEAD S1: 2 append success next 1 match 0
059295 INFO S0: (term 1) follower 收到 [1] AppendEntries [], prevIndex 0, prevTerm 0
059296 LEAD S1: 0 append success next 1 match 0
059796 LEAD S1: prevLog &raft.Entry{Command:interface {}(nil), Term:0, Index:0}
059796 LEAD S1: prevLog &raft.Entry{Command:interface {}(nil), Term:0, Index:0}
059797 INFO S2: (term 1) follower 收到 [1] AppendEntries [], prevIndex 0, prevTerm 0
059797 LEAD S1: 2 append success next 1 match 0
059797 INFO S0: (term 1) follower 收到 [1] AppendEntries [], prevIndex 0, prevTerm 0
059798 LEAD S1: 0 append success next 1 match 0
060298 LEAD S1: prevLog &raft.Entry{Command:interface {}(nil), Term:0, Index:0}
060298 LEAD S1: prevLog &raft.Entry{Command:interface {}(nil), Term:0, Index:0}
060299 INFO S2: (term 1) follower 收到 [1] AppendEntries [], prevIndex 0, prevTerm 0
060299 LEAD S1: 2 append success next 1 match 0
060299 INFO S0: (term 1) follower 收到 [1] AppendEntries [], prevIndex 0, prevTerm 0
060300 LEAD S1: 0 append success next 1 match 0
060803 LEAD S1: prevLog &raft.Entry{Command:interface {}(nil), Term:0, Index:0}
060803 LEAD S1: prevLog &raft.Entry{Command:interface {}(nil), Term:0, Index:0}
060805 INFO S2: (term 1) follower 收到 [1] AppendEntries [], prevIndex 0, prevTerm 0
060806 INFO S0: (term 1) follower 收到 [1] AppendEntries [], prevIndex 0, prevTerm 0
060806 LEAD S1: 2 append success next 1 match 0
060807 LEAD S1: 0 append success next 1 match 0
061307 LEAD S1: prevLog &raft.Entry{Command:interface {}(nil), Term:0, Index:0}
061307 LEAD S1: prevLog &raft.Entry{Command:interface {}(nil), Term:0, Index:0}
061308 INFO S2: (term 1) follower 收到 [1] AppendEntries [], prevIndex 0, prevTerm 0
061308 INFO S0: (term 1) follower 收到 [1] AppendEntries [], prevIndex 0, prevTerm 0
061308 LEAD S1: 2 append success next 1 match 0
061309 LEAD S1: 0 append success next 1 match 0
061809 LEAD S1: prevLog &raft.Entry{Command:interface {}(nil), Term:0, Index:0}
061809 LEAD S1: prevLog &raft.Entry{Command:interface {}(nil), Term:0, Index:0}
061810 INFO S2: (term 1) follower 收到 [1] AppendEntries [], prevIndex 0, prevTerm 0
061810 LEAD S1: 2 append success next 1 match 0
061811 INFO S0: (term 1) follower 收到 [1] AppendEntries [], prevIndex 0, prevTerm 0
061811 LEAD S1: 0 append success next 1 match 0
062312 LEAD S1: prevLog &raft.Entry{Command:interface {}(nil), Term:0, Index:0}
062312 LEAD S1: prevLog &raft.Entry{Command:interface {}(nil), Term:0, Index:0}
062313 INFO S2: (term 1) follower 收到 [1] AppendEntries [], prevIndex 0, prevTerm 0
062313 LEAD S1: 2 append success next 1 match 0
062313 INFO S0: (term 1) follower 收到 [1] AppendEntries [], prevIndex 0, prevTerm 0
062314 LEAD S1: 0 append success next 1 match 0
062814 LEAD S1: prevLog &raft.Entry{Command:interface {}(nil), Term:0, Index:0}
062814 LEAD S1: prevLog &raft.Entry{Command:interface {}(nil), Term:0, Index:0}
062814 INFO S2: (term 1) follower 收到 [1] AppendEntries [], prevIndex 0, prevTerm 0
062815 LEAD S1: 2 append success next 1 match 0
062815 INFO S0: (term 1) follower 收到 [1] AppendEntries [], prevIndex 0, prevTerm 0
062815 LEAD S1: 0 append success next 1 match 0
063317 LEAD S1: prevLog &raft.Entry{Command:interface {}(nil), Term:0, Index:0}
063317 LEAD S1: prevLog &raft.Entry{Command:interface {}(nil), Term:0, Index:0}
063318 INFO S2: (term 1) follower 收到 [1] AppendEntries [], prevIndex 0, prevTerm 0
063318 LEAD S1: 2 append success next 1 match 0
063319 INFO S0: (term 1) follower 收到 [1] AppendEntries [], prevIndex 0, prevTerm 0
063319 LEAD S1: 0 append success next 1 match 0
063820 LEAD S1: prevLog &raft.Entry{Command:interface {}(nil), Term:0, Index:0}
063820 LEAD S1: prevLog &raft.Entry{Command:interface {}(nil), Term:0, Index:0}
063820 INFO S2: (term 1) follower 收到 [1] AppendEntries [], prevIndex 0, prevTerm 0
063821 LEAD S1: 2 append success next 1 match 0
063821 INFO S0: (term 1) follower 收到 [1] AppendEntries [], prevIndex 0, prevTerm 0
063821 LEAD S1: 0 append success next 1 match 0
064322 LEAD S1: prevLog &raft.Entry{Command:interface {}(nil), Term:0, Index:0}
064323 LEAD S1: prevLog &raft.Entry{Command:interface {}(nil), Term:0, Index:0}
064323 INFO S2: (term 1) follower 收到 [1] AppendEntries [], prevIndex 0, prevTerm 0
064324 LEAD S1: 2 append success next 1 match 0
064324 INFO S0: (term 1) follower 收到 [1] AppendEntries [], prevIndex 0, prevTerm 0
064324 LEAD S1: 0 append success next 1 match 0
064824 LEAD S1: prevLog &raft.Entry{Command:interface {}(nil), Term:0, Index:0}
064825 LEAD S1: prevLog &raft.Entry{Command:interface {}(nil), Term:0, Index:0}
064825 INFO S2: (term 1) follower 收到 [1] AppendEntries [], prevIndex 0, prevTerm 0
064825 LEAD S1: 2 append success next 1 match 0
064826 INFO S0: (term 1) follower 收到 [1] AppendEntries [], prevIndex 0, prevTerm 0
064826 LEAD S1: 0 append success next 1 match 0
065327 LEAD S1: prevLog &raft.Entry{Command:interface {}(nil), Term:0, Index:0}
065328 LEAD S1: prevLog &raft.Entry{Command:interface {}(nil), Term:0, Index:0}
065328 INFO S2: (term 1) follower 收到 [1] AppendEntries [], prevIndex 0, prevTerm 0
065328 LEAD S1: 2 append success next 1 match 0
065329 INFO S0: (term 1) follower 收到 [1] AppendEntries [], prevIndex 0, prevTerm 0
065329 LEAD S1: 0 append success next 1 match 0
065831 LEAD S1: prevLog &raft.Entry{Command:interface {}(nil), Term:0, Index:0}
065831 LEAD S1: prevLog &raft.Entry{Command:interface {}(nil), Term:0, Index:0}
065831 INFO S2: (term 1) follower 收到 [1] AppendEntries [], prevIndex 0, prevTerm 0
065832 LEAD S1: 2 append success next 1 match 0
065832 INFO S0: (term 1) follower 收到 [1] AppendEntries [], prevIndex 0, prevTerm 0
065832 LEAD S1: 0 append success next 1 match 0
066334 LEAD S1: prevLog &raft.Entry{Command:interface {}(nil), Term:0, Index:0}
066334 LEAD S1: prevLog &raft.Entry{Command:interface {}(nil), Term:0, Index:0}
066335 INFO S2: (term 1) follower 收到 [1] AppendEntries [], prevIndex 0, prevTerm 0
066335 LEAD S1: 2 append success next 1 match 0
066335 INFO S0: (term 1) follower 收到 [1] AppendEntries [], prevIndex 0, prevTerm 0
066335 LEAD S1: 0 append success next 1 match 0
066836 LEAD S1: prevLog &raft.Entry{Command:interface {}(nil), Term:0, Index:0}
066837 LEAD S1: prevLog &raft.Entry{Command:interface {}(nil), Term:0, Index:0}
066837 INFO S2: (term 1) follower 收到 [1] AppendEntries [], prevIndex 0, prevTerm 0
066838 LEAD S1: 2 append success next 1 match 0
066838 INFO S0: (term 1) follower 收到 [1] AppendEntries [], prevIndex 0, prevTerm 0
066838 LEAD S1: 0 append success next 1 match 0
067339 LEAD S1: prevLog &raft.Entry{Command:interface {}(nil), Term:0, Index:0}
067339 LEAD S1: prevLog &raft.Entry{Command:interface {}(nil), Term:0, Index:0}
067339 INFO S2: (term 1) follower 收到 [1] AppendEntries [], prevIndex 0, prevTerm 0
067340 LEAD S1: 2 append success next 1 match 0
067340 INFO S0: (term 1) follower 收到 [1] AppendEntries [], prevIndex 0, prevTerm 0
067341 LEAD S1: 0 append success next 1 match 0
067842 LEAD S1: prevLog &raft.Entry{Command:interface {}(nil), Term:0, Index:0}
067842 LEAD S1: prevLog &raft.Entry{Command:interface {}(nil), Term:0, Index:0}
067843 INFO S2: (term 1) follower 收到 [1] AppendEntries [], prevIndex 0, prevTerm 0
067843 LEAD S1: 2 append success next 1 match 0
067843 INFO S0: (term 1) follower 收到 [1] AppendEntries [], prevIndex 0, prevTerm 0
067844 LEAD S1: 0 append success next 1 match 0
068345 LEAD S1: prevLog &raft.Entry{Command:interface {}(nil), Term:0, Index:0}
068345 LEAD S1: prevLog &raft.Entry{Command:interface {}(nil), Term:0, Index:0}
068345 INFO S2: (term 1) follower 收到 [1] AppendEntries [], prevIndex 0, prevTerm 0
068346 LEAD S1: 2 append success next 1 match 0
068346 INFO S0: (term 1) follower 收到 [1] AppendEntries [], prevIndex 0, prevTerm 0
068346 LEAD S1: 0 append success next 1 match 0
068848 LEAD S1: prevLog &raft.Entry{Command:interface {}(nil), Term:0, Index:0}
068848 LEAD S1: prevLog &raft.Entry{Command:interface {}(nil), Term:0, Index:0}
068849 INFO S2: (term 1) follower 收到 [1] AppendEntries [], prevIndex 0, prevTerm 0
068849 LEAD S1: 2 append success next 1 match 0
068850 INFO S0: (term 1) follower 收到 [1] AppendEntries [], prevIndex 0, prevTerm 0
068850 LEAD S1: 0 append success next 1 match 0
069350 LEAD S1: prevLog &raft.Entry{Command:interface {}(nil), Term:0, Index:0}
069351 LEAD S1: prevLog &raft.Entry{Command:interface {}(nil), Term:0, Index:0}
069351 INFO S2: (term 1) follower 收到 [1] AppendEntries [], prevIndex 0, prevTerm 0
069352 LEAD S1: 2 append success next 1 match 0
069352 INFO S0: (term 1) follower 收到 [1] AppendEntries [], prevIndex 0, prevTerm 0
069353 LEAD S1: 0 append success next 1 match 0
069853 LEAD S1: prevLog &raft.Entry{Command:interface {}(nil), Term:0, Index:0}
069853 LEAD S1: prevLog &raft.Entry{Command:interface {}(nil), Term:0, Index:0}
069853 INFO S2: (term 1) follower 收到 [1] AppendEntries [], prevIndex 0, prevTerm 0
069854 LEAD S1: 2 append success next 1 match 0
069854 INFO S0: (term 1) follower 收到 [1] AppendEntries [], prevIndex 0, prevTerm 0
069854 LEAD S1: 0 append success next 1 match 0
070355 LEAD S1: prevLog &raft.Entry{Command:interface {}(nil), Term:0, Index:0}
070355 LEAD S1: prevLog &raft.Entry{Command:interface {}(nil), Term:0, Index:0}
070356 INFO S2: (term 1) follower 收到 [1] AppendEntries [], prevIndex 0, prevTerm 0
070356 LEAD S1: 2 append success next 1 match 0
070356 INFO S0: (term 1) follower 收到 [1] AppendEntries [], prevIndex 0, prevTerm 0
070357 LEAD S1: 0 append success next 1 match 0
070857 LEAD S1: prevLog &raft.Entry{Command:interface {}(nil), Term:0, Index:0}
070857 LEAD S1: prevLog &raft.Entry{Command:interface {}(nil), Term:0, Index:0}
070858 INFO S2: (term 1) follower 收到 [1] AppendEntries [], prevIndex 0, prevTerm 0
070858 LEAD S1: 2 append success next 1 match 0
070858 INFO S0: (term 1) follower 收到 [1] AppendEntries [], prevIndex 0, prevTerm 0
070858 LEAD S1: 0 append success next 1 match 0
071360 LEAD S1: prevLog &raft.Entry{Command:interface {}(nil), Term:0, Index:0}
071360 LEAD S1: prevLog &raft.Entry{Command:interface {}(nil), Term:0, Index:0}
071361 INFO S2: (term 1) follower 收到 [1] AppendEntries [], prevIndex 0, prevTerm 0
071361 LEAD S1: 2 append success next 1 match 0
071361 INFO S0: (term 1) follower 收到 [1] AppendEntries [], prevIndex 0, prevTerm 0
071362 LEAD S1: 0 append success next 1 match 0
071862 LEAD S1: prevLog &raft.Entry{Command:interface {}(nil), Term:0, Index:0}
071862 LEAD S1: prevLog &raft.Entry{Command:interface {}(nil), Term:0, Index:0}
071863 INFO S2: (term 1) follower 收到 [1] AppendEntries [], prevIndex 0, prevTerm 0
071863 LEAD S1: 2 append success next 1 match 0
071863 INFO S0: (term 1) follower 收到 [1] AppendEntries [], prevIndex 0, prevTerm 0
071864 LEAD S1: 0 append success next 1 match 0
072364 LEAD S1: prevLog &raft.Entry{Command:interface {}(nil), Term:0, Index:0}
072365 LEAD S1: prevLog &raft.Entry{Command:interface {}(nil), Term:0, Index:0}
072365 INFO S2: (term 1) follower 收到 [1] AppendEntries [], prevIndex 0, prevTerm 0
072366 LEAD S1: 2 append success next 1 match 0
072366 INFO S0: (term 1) follower 收到 [1] AppendEntries [], prevIndex 0, prevTerm 0
072366 LEAD S1: 0 append success next 1 match 0
072867 LEAD S1: prevLog &raft.Entry{Command:interface {}(nil), Term:0, Index:0}
072867 LEAD S1: prevLog &raft.Entry{Command:interface {}(nil), Term:0, Index:0}
072868 INFO S2: (term 1) follower 收到 [1] AppendEntries [], prevIndex 0, prevTerm 0
072868 LEAD S1: 2 append success next 1 match 0
072868 INFO S0: (term 1) follower 收到 [1] AppendEntries [], prevIndex 0, prevTerm 0
072869 LEAD S1: 0 append success next 1 match 0
073369 LEAD S1: prevLog &raft.Entry{Command:interface {}(nil), Term:0, Index:0}
073369 LEAD S1: prevLog &raft.Entry{Command:interface {}(nil), Term:0, Index:0}
073370 INFO S2: (term 1) follower 收到 [1] AppendEntries [], prevIndex 0, prevTerm 0
073370 LEAD S1: 2 append success next 1 match 0
073372 INFO S0: (term 1) follower 收到 [1] AppendEntries [], prevIndex 0, prevTerm 0
073374 LEAD S1: 0 append success next 1 match 0
073871 LEAD S1: prevLog &raft.Entry{Command:interface {}(nil), Term:0, Index:0}
073871 LEAD S1: prevLog &raft.Entry{Command:interface {}(nil), Term:0, Index:0}
073872 INFO S2: (term 1) follower 收到 [1] AppendEntries [], prevIndex 0, prevTerm 0
073872 LEAD S1: 2 append success next 1 match 0
073873 INFO S0: (term 1) follower 收到 [1] AppendEntries [], prevIndex 0, prevTerm 0
073873 LEAD S1: 0 append success next 1 match 0
074374 LEAD S1: prevLog &raft.Entry{Command:interface {}(nil), Term:0, Index:0}
074374 LEAD S1: prevLog &raft.Entry{Command:interface {}(nil), Term:0, Index:0}
074374 INFO S2: (term 1) follower 收到 [1] AppendEntries [], prevIndex 0, prevTerm 0
074375 LEAD S1: 2 append success next 1 match 0
074375 INFO S0: (term 1) follower 收到 [1] AppendEntries [], prevIndex 0, prevTerm 0
074376 LEAD S1: 0 append success next 1 match 0
074876 LEAD S1: prevLog &raft.Entry{Command:interface {}(nil), Term:0, Index:0}
074876 LEAD S1: prevLog &raft.Entry{Command:interface {}(nil), Term:0, Index:0}
074877 INFO S2: (term 1) follower 收到 [1] AppendEntries [], prevIndex 0, prevTerm 0
074877 LEAD S1: 2 append success next 1 match 0
074877 INFO S0: (term 1) follower 收到 [1] AppendEntries [], prevIndex 0, prevTerm 0
074878 LEAD S1: 0 append success next 1 match 0
075378 LEAD S1: prevLog &raft.Entry{Command:interface {}(nil), Term:0, Index:0}
075378 LEAD S1: prevLog &raft.Entry{Command:interface {}(nil), Term:0, Index:0}
075379 INFO S2: (term 1) follower 收到 [1] AppendEntries [], prevIndex 0, prevTerm 0
075379 LEAD S1: 2 append success next 1 match 0
075380 INFO S0: (term 1) follower 收到 [1] AppendEntries [], prevIndex 0, prevTerm 0
075380 LEAD S1: 0 append success next 1 match 0
075881 LEAD S1: prevLog &raft.Entry{Command:interface {}(nil), Term:0, Index:0}
075881 LEAD S1: prevLog &raft.Entry{Command:interface {}(nil), Term:0, Index:0}
075882 INFO S2: (term 1) follower 收到 [1] AppendEntries [], prevIndex 0, prevTerm 0
075882 LEAD S1: 2 append success next 1 match 0
075882 INFO S0: (term 1) follower 收到 [1] AppendEntries [], prevIndex 0, prevTerm 0
075883 LEAD S1: 0 append success next 1 match 0
076385 LEAD S1: prevLog &raft.Entry{Command:interface {}(nil), Term:0, Index:0}
076385 LEAD S1: prevLog &raft.Entry{Command:interface {}(nil), Term:0, Index:0}
076386 INFO S2: (term 1) follower 收到 [1] AppendEntries [], prevIndex 0, prevTerm 0
076386 LEAD S1: 2 append success next 1 match 0
076386 INFO S0: (term 1) follower 收到 [1] AppendEntries [], prevIndex 0, prevTerm 0
076387 LEAD S1: 0 append success next 1 match 0
076887 LEAD S1: prevLog &raft.Entry{Command:interface {}(nil), Term:0, Index:0}
076887 LEAD S1: prevLog &raft.Entry{Command:interface {}(nil), Term:0, Index:0}
076888 INFO S2: (term 1) follower 收到 [1] AppendEntries [], prevIndex 0, prevTerm 0
076888 LEAD S1: 2 append success next 1 match 0
076888 INFO S0: (term 1) follower 收到 [1] AppendEntries [], prevIndex 0, prevTerm 0
076888 LEAD S1: 0 append success next 1 match 0
077388 LEAD S1: prevLog &raft.Entry{Command:interface {}(nil), Term:0, Index:0}
077389 LEAD S1: prevLog &raft.Entry{Command:interface {}(nil), Term:0, Index:0}
077389 INFO S2: (term 1) follower 收到 [1] AppendEntries [], prevIndex 0, prevTerm 0
077390 LEAD S1: 2 append success next 1 match 0
077390 INFO S0: (term 1) follower 收到 [1] AppendEntries [], prevIndex 0, prevTerm 0
077391 LEAD S1: 0 append success next 1 match 0
077891 LEAD S1: prevLog &raft.Entry{Command:interface {}(nil), Term:0, Index:0}
077891 LEAD S1: prevLog &raft.Entry{Command:interface {}(nil), Term:0, Index:0}
077892 INFO S2: (term 1) follower 收到 [1] AppendEntries [], prevIndex 0, prevTerm 0
077892 LEAD S1: 2 append success next 1 match 0
077892 INFO S0: (term 1) follower 收到 [1] AppendEntries [], prevIndex 0, prevTerm 0
077893 LEAD S1: 0 append success next 1 match 0
078393 LEAD S1: prevLog &raft.Entry{Command:interface {}(nil), Term:0, Index:0}
078393 LEAD S1: prevLog &raft.Entry{Command:interface {}(nil), Term:0, Index:0}
078394 INFO S2: (term 1) follower 收到 [1] AppendEntries [], prevIndex 0, prevTerm 0
078394 INFO S0: (term 1) follower 收到 [1] AppendEntries [], prevIndex 0, prevTerm 0
078394 LEAD S1: 2 append success next 1 match 0
078395 LEAD S1: 0 append success next 1 match 0
078895 LEAD S1: prevLog &raft.Entry{Command:interface {}(nil), Term:0, Index:0}
078896 LEAD S1: prevLog &raft.Entry{Command:interface {}(nil), Term:0, Index:0}
078896 INFO S2: (term 1) follower 收到 [1] AppendEntries [], prevIndex 0, prevTerm 0
078897 LEAD S1: 2 append success next 1 match 0
078897 INFO S0: (term 1) follower 收到 [1] AppendEntries [], prevIndex 0, prevTerm 0
078897 LEAD S1: 0 append success next 1 match 0
079397 LEAD S1: prevLog &raft.Entry{Command:interface {}(nil), Term:0, Index:0}
079398 LEAD S1: prevLog &raft.Entry{Command:interface {}(nil), Term:0, Index:0}
079398 INFO S2: (term 1) follower 收到 [1] AppendEntries [], prevIndex 0, prevTerm 0
079399 LEAD S1: 2 append success next 1 match 0
079399 INFO S0: (term 1) follower 收到 [1] AppendEntries [], prevIndex 0, prevTerm 0
079399 LEAD S1: 0 append success next 1 match 0
079899 LEAD S1: prevLog &raft.Entry{Command:interface {}(nil), Term:0, Index:0}
079900 LEAD S1: prevLog &raft.Entry{Command:interface {}(nil), Term:0, Index:0}
079900 INFO S2: (term 1) follower 收到 [1] AppendEntries [], prevIndex 0, prevTerm 0
079901 LEAD S1: 2 append success next 1 match 0
079901 INFO S0: (term 1) follower 收到 [1] AppendEntries [], prevIndex 0, prevTerm 0
079901 LEAD S1: 0 append success next 1 match 0
080402 LEAD S1: prevLog &raft.Entry{Command:interface {}(nil), Term:0, Index:0}
080403 LEAD S1: prevLog &raft.Entry{Command:interface {}(nil), Term:0, Index:0}
080404 INFO S2: (term 1) follower 收到 [1] AppendEntries [], prevIndex 0, prevTerm 0
080404 LEAD S1: 2 append success next 1 match 0
080405 INFO S0: (term 1) follower 收到 [1] AppendEntries [], prevIndex 0, prevTerm 0
080405 LEAD S1: 0 append success next 1 match 0
080905 LEAD S1: prevLog &raft.Entry{Command:interface {}(nil), Term:0, Index:0}
080905 LEAD S1: prevLog &raft.Entry{Command:interface {}(nil), Term:0, Index:0}
080905 INFO S2: (term 1) follower 收到 [1] AppendEntries [], prevIndex 0, prevTerm 0
080906 LEAD S1: 2 append success next 1 match 0
080906 INFO S0: (term 1) follower 收到 [1] AppendEntries [], prevIndex 0, prevTerm 0
080907 LEAD S1: 0 append success next 1 match 0
081407 LEAD S1: prevLog &raft.Entry{Command:interface {}(nil), Term:0, Index:0}
081407 LEAD S1: prevLog &raft.Entry{Command:interface {}(nil), Term:0, Index:0}
081408 INFO S2: (term 1) follower 收到 [1] AppendEntries [], prevIndex 0, prevTerm 0
081408 LEAD S1: 2 append success next 1 match 0
081408 INFO S0: (term 1) follower 收到 [1] AppendEntries [], prevIndex 0, prevTerm 0
081409 LEAD S1: 0 append success next 1 match 0
081909 LEAD S1: prevLog &raft.Entry{Command:interface {}(nil), Term:0, Index:0}
081909 LEAD S1: prevLog &raft.Entry{Command:interface {}(nil), Term:0, Index:0}
081910 INFO S2: (term 1) follower 收到 [1] AppendEntries [], prevIndex 0, prevTerm 0
081910 LEAD S1: 2 append success next 1 match 0
081910 INFO S0: (term 1) follower 收到 [1] AppendEntries [], prevIndex 0, prevTerm 0
081910 LEAD S1: 0 append success next 1 match 0
082411 LEAD S1: prevLog &raft.Entry{Command:interface {}(nil), Term:0, Index:0}
082411 LEAD S1: prevLog &raft.Entry{Command:interface {}(nil), Term:0, Index:0}
082412 INFO S2: (term 1) follower 收到 [1] AppendEntries [], prevIndex 0, prevTerm 0
082412 LEAD S1: 2 append success next 1 match 0
082413 INFO S0: (term 1) follower 收到 [1] AppendEntries [], prevIndex 0, prevTerm 0
082413 LEAD S1: 0 append success next 1 match 0
082919 LEAD S1: prevLog &raft.Entry{Command:interface {}(nil), Term:0, Index:0}
082919 LEAD S1: prevLog &raft.Entry{Command:interface {}(nil), Term:0, Index:0}
082921 INFO S2: (term 1) follower 收到 [1] AppendEntries [], prevIndex 0, prevTerm 0
082922 LEAD S1: 2 append success next 1 match 0
082922 INFO S0: (term 1) follower 收到 [1] AppendEntries [], prevIndex 0, prevTerm 0
082923 LEAD S1: 0 append success next 1 match 0
083421 LEAD S1: prevLog &raft.Entry{Command:interface {}(nil), Term:0, Index:0}
083421 LEAD S1: prevLog &raft.Entry{Command:interface {}(nil), Term:0, Index:0}
083422 INFO S2: (term 1) follower 收到 [1] AppendEntries [], prevIndex 0, prevTerm 0
083422 LEAD S1: 2 append success next 1 match 0
083423 INFO S0: (term 1) follower 收到 [1] AppendEntries [], prevIndex 0, prevTerm 0
083423 LEAD S1: 0 append success next 1 match 0
083924 LEAD S1: prevLog &raft.Entry{Command:interface {}(nil), Term:0, Index:0}
083924 LEAD S1: prevLog &raft.Entry{Command:interface {}(nil), Term:0, Index:0}
083925 INFO S2: (term 1) follower 收到 [1] AppendEntries [], prevIndex 0, prevTerm 0
083925 LEAD S1: 2 append success next 1 match 0
083926 INFO S0: (term 1) follower 收到 [1] AppendEntries [], prevIndex 0, prevTerm 0
083926 LEAD S1: 0 append success next 1 match 0
084426 LEAD S1: prevLog &raft.Entry{Command:interface {}(nil), Term:0, Index:0}
084426 LEAD S1: prevLog &raft.Entry{Command:interface {}(nil), Term:0, Index:0}
084427 INFO S2: (term 1) follower 收到 [1] AppendEntries [], prevIndex 0, prevTerm 0
084427 LEAD S1: 2 append success next 1 match 0
084427 INFO S0: (term 1) follower 收到 [1] AppendEntries [], prevIndex 0, prevTerm 0
084428 LEAD S1: 0 append success next 1 match 0
084929 LEAD S1: prevLog &raft.Entry{Command:interface {}(nil), Term:0, Index:0}
084929 LEAD S1: prevLog &raft.Entry{Command:interface {}(nil), Term:0, Index:0}
084930 INFO S2: (term 1) follower 收到 [1] AppendEntries [], prevIndex 0, prevTerm 0
084930 LEAD S1: 2 append success next 1 match 0
084930 INFO S0: (term 1) follower 收到 [1] AppendEntries [], prevIndex 0, prevTerm 0
084931 LEAD S1: 0 append success next 1 match 0
085432 LEAD S1: prevLog &raft.Entry{Command:interface {}(nil), Term:0, Index:0}
085432 LEAD S1: prevLog &raft.Entry{Command:interface {}(nil), Term:0, Index:0}
085433 INFO S2: (term 1) follower 收到 [1] AppendEntries [], prevIndex 0, prevTerm 0
085433 LEAD S1: 2 append success next 1 match 0
085433 INFO S0: (term 1) follower 收到 [1] AppendEntries [], prevIndex 0, prevTerm 0
085433 LEAD S1: 0 append success next 1 match 0
085934 LEAD S1: prevLog &raft.Entry{Command:interface {}(nil), Term:0, Index:0}
085935 LEAD S1: prevLog &raft.Entry{Command:interface {}(nil), Term:0, Index:0}
085935 INFO S2: (term 1) follower 收到 [1] AppendEntries [], prevIndex 0, prevTerm 0
085936 LEAD S1: 2 append success next 1 match 0
085936 INFO S0: (term 1) follower 收到 [1] AppendEntries [], prevIndex 0, prevTerm 0
085936 LEAD S1: 0 append success next 1 match 0
086437 LEAD S1: prevLog &raft.Entry{Command:interface {}(nil), Term:0, Index:0}
086437 LEAD S1: prevLog &raft.Entry{Command:interface {}(nil), Term:0, Index:0}
086438 INFO S2: (term 1) follower 收到 [1] AppendEntries [], prevIndex 0, prevTerm 0
086438 LEAD S1: 2 append success next 1 match 0
086438 INFO S0: (term 1) follower 收到 [1] AppendEntries [], prevIndex 0, prevTerm 0
086438 LEAD S1: 0 append success next 1 match 0
086939 LEAD S1: prevLog &raft.Entry{Command:interface {}(nil), Term:0, Index:0}
086940 LEAD S1: prevLog &raft.Entry{Command:interface {}(nil), Term:0, Index:0}
086940 INFO S2: (term 1) follower 收到 [1] AppendEntries [], prevIndex 0, prevTerm 0
086941 LEAD S1: 2 append success next 1 match 0
086941 INFO S0: (term 1) follower 收到 [1] AppendEntries [], prevIndex 0, prevTerm 0
086941 LEAD S1: 0 append success next 1 match 0
087441 LEAD S1: prevLog &raft.Entry{Command:interface {}(nil), Term:0, Index:0}
087442 LEAD S1: prevLog &raft.Entry{Command:interface {}(nil), Term:0, Index:0}
087443 INFO S2: (term 1) follower 收到 [1] AppendEntries [], prevIndex 0, prevTerm 0
087443 LEAD S1: 2 append success next 1 match 0
087443 INFO S0: (term 1) follower 收到 [1] AppendEntries [], prevIndex 0, prevTerm 0
087444 LEAD S1: 0 append success next 1 match 0
087944 LEAD S1: prevLog &raft.Entry{Command:interface {}(nil), Term:0, Index:0}
087945 LEAD S1: prevLog &raft.Entry{Command:interface {}(nil), Term:0, Index:0}
087945 INFO S2: (term 1) follower 收到 [1] AppendEntries [], prevIndex 0, prevTerm 0
087946 LEAD S1: 2 append success next 1 match 0
087946 INFO S0: (term 1) follower 收到 [1] AppendEntries [], prevIndex 0, prevTerm 0
087946 LEAD S1: 0 append success next 1 match 0
088447 LEAD S1: prevLog &raft.Entry{Command:interface {}(nil), Term:0, Index:0}
088447 LEAD S1: prevLog &raft.Entry{Command:interface {}(nil), Term:0, Index:0}
088448 INFO S2: (term 1) follower 收到 [1] AppendEntries [], prevIndex 0, prevTerm 0
088448 LEAD S1: 2 append success next 1 match 0
088448 INFO S0: (term 1) follower 收到 [1] AppendEntries [], prevIndex 0, prevTerm 0
088449 LEAD S1: 0 append success next 1 match 0
088949 LEAD S1: prevLog &raft.Entry{Command:interface {}(nil), Term:0, Index:0}
088950 LEAD S1: prevLog &raft.Entry{Command:interface {}(nil), Term:0, Index:0}
088950 INFO S2: (term 1) follower 收到 [1] AppendEntries [], prevIndex 0, prevTerm 0
088951 LEAD S1: 2 append success next 1 match 0
088951 INFO S0: (term 1) follower 收到 [1] AppendEntries [], prevIndex 0, prevTerm 0
088951 LEAD S1: 0 append success next 1 match 0
089451 LEAD S1: prevLog &raft.Entry{Command:interface {}(nil), Term:0, Index:0}
089452 LEAD S1: prevLog &raft.Entry{Command:interface {}(nil), Term:0, Index:0}
089452 INFO S2: (term 1) follower 收到 [1] AppendEntries [], prevIndex 0, prevTerm 0
089453 LEAD S1: 2 append success next 1 match 0
089453 INFO S0: (term 1) follower 收到 [1] AppendEntries [], prevIndex 0, prevTerm 0
089453 LEAD S1: 0 append success next 1 match 0
089954 LEAD S1: prevLog &raft.Entry{Command:interface {}(nil), Term:0, Index:0}
089954 LEAD S1: prevLog &raft.Entry{Command:interface {}(nil), Term:0, Index:0}
089955 INFO S2: (term 1) follower 收到 [1] AppendEntries [], prevIndex 0, prevTerm 0
089955 LEAD S1: 2 append success next 1 match 0
089955 INFO S0: (term 1) follower 收到 [1] AppendEntries [], prevIndex 0, prevTerm 0
089956 LEAD S1: 0 append success next 1 match 0
090456 LEAD S1: prevLog &raft.Entry{Command:interface {}(nil), Term:0, Index:0}
090456 LEAD S1: prevLog &raft.Entry{Command:interface {}(nil), Term:0, Index:0}
090457 INFO S2: (term 1) follower 收到 [1] AppendEntries [], prevIndex 0, prevTerm 0
090457 LEAD S1: 2 append success next 1 match 0
090457 INFO S0: (term 1) follower 收到 [1] AppendEntries [], prevIndex 0, prevTerm 0
090458 LEAD S1: 0 append success next 1 match 0
090958 LEAD S1: prevLog &raft.Entry{Command:interface {}(nil), Term:0, Index:0}
090959 LEAD S1: prevLog &raft.Entry{Command:interface {}(nil), Term:0, Index:0}
090959 INFO S2: (term 1) follower 收到 [1] AppendEntries [], prevIndex 0, prevTerm 0
090960 LEAD S1: 2 append success next 1 match 0
090960 INFO S0: (term 1) follower 收到 [1] AppendEntries [], prevIndex 0, prevTerm 0
090960 LEAD S1: 0 append success next 1 match 0
091460 LEAD S1: prevLog &raft.Entry{Command:interface {}(nil), Term:0, Index:0}
091461 LEAD S1: prevLog &raft.Entry{Command:interface {}(nil), Term:0, Index:0}
091461 INFO S2: (term 1) follower 收到 [1] AppendEntries [], prevIndex 0, prevTerm 0
091462 LEAD S1: 2 append success next 1 match 0
091462 INFO S0: (term 1) follower 收到 [1] AppendEntries [], prevIndex 0, prevTerm 0
091462 LEAD S1: 0 append success next 1 match 0
091963 LEAD S1: prevLog &raft.Entry{Command:interface {}(nil), Term:0, Index:0}
091963 LEAD S1: prevLog &raft.Entry{Command:interface {}(nil), Term:0, Index:0}
091963 INFO S2: (term 1) follower 收到 [1] AppendEntries [], prevIndex 0, prevTerm 0
091964 LEAD S1: 2 append success next 1 match 0
091964 INFO S0: (term 1) follower 收到 [1] AppendEntries [], prevIndex 0, prevTerm 0
091964 LEAD S1: 0 append success next 1 match 0
092465 LEAD S1: prevLog &raft.Entry{Command:interface {}(nil), Term:0, Index:0}
092465 LEAD S1: prevLog &raft.Entry{Command:interface {}(nil), Term:0, Index:0}
092466 INFO S2: (term 1) follower 收到 [1] AppendEntries [], prevIndex 0, prevTerm 0
092466 INFO S0: (term 1) follower 收到 [1] AppendEntries [], prevIndex 0, prevTerm 0
092466 LEAD S1: 0 append success next 1 match 0
092466 LEAD S1: 2 append success next 1 match 0
092967 LEAD S1: prevLog &raft.Entry{Command:interface {}(nil), Term:0, Index:0}
092967 LEAD S1: prevLog &raft.Entry{Command:interface {}(nil), Term:0, Index:0}
092968 INFO S2: (term 1) follower 收到 [1] AppendEntries [], prevIndex 0, prevTerm 0
092968 LEAD S1: 2 append success next 1 match 0
092968 INFO S0: (term 1) follower 收到 [1] AppendEntries [], prevIndex 0, prevTerm 0
092969 LEAD S1: 0 append success next 1 match 0
093469 LEAD S1: prevLog &raft.Entry{Command:interface {}(nil), Term:0, Index:0}
093470 LEAD S1: prevLog &raft.Entry{Command:interface {}(nil), Term:0, Index:0}
093470 INFO S2: (term 1) follower 收到 [1] AppendEntries [], prevIndex 0, prevTerm 0
093471 LEAD S1: 2 append success next 1 match 0
093471 INFO S0: (term 1) follower 收到 [1] AppendEntries [], prevIndex 0, prevTerm 0
093471 LEAD S1: 0 append success next 1 match 0
093973 LEAD S1: prevLog &raft.Entry{Command:interface {}(nil), Term:0, Index:0}
093973 LEAD S1: prevLog &raft.Entry{Command:interface {}(nil), Term:0, Index:0}
093974 INFO S2: (term 1) follower 收到 [1] AppendEntries [], prevIndex 0, prevTerm 0
093974 LEAD S1: 2 append success next 1 match 0
093975 INFO S0: (term 1) follower 收到 [1] AppendEntries [], prevIndex 0, prevTerm 0
093975 LEAD S1: 0 append success next 1 match 0
094476 LEAD S1: prevLog &raft.Entry{Command:interface {}(nil), Term:0, Index:0}
094477 LEAD S1: prevLog &raft.Entry{Command:interface {}(nil), Term:0, Index:0}
094477 INFO S2: (term 1) follower 收到 [1] AppendEntries [], prevIndex 0, prevTerm 0
094477 LEAD S1: 2 append success next 1 match 0
094478 INFO S0: (term 1) follower 收到 [1] AppendEntries [], prevIndex 0, prevTerm 0
094478 LEAD S1: 0 append success next 1 match 0
094979 LEAD S1: prevLog &raft.Entry{Command:interface {}(nil), Term:0, Index:0}
094979 LEAD S1: prevLog &raft.Entry{Command:interface {}(nil), Term:0, Index:0}
094980 INFO S2: (term 1) follower 收到 [1] AppendEntries [], prevIndex 0, prevTerm 0
094980 LEAD S1: 2 append success next 1 match 0
094980 INFO S0: (term 1) follower 收到 [1] AppendEntries [], prevIndex 0, prevTerm 0
094981 LEAD S1: 0 append success next 1 match 0
095482 LEAD S1: prevLog &raft.Entry{Command:interface {}(nil), Term:0, Index:0}
095482 LEAD S1: prevLog &raft.Entry{Command:interface {}(nil), Term:0, Index:0}
095483 INFO S2: (term 1) follower 收到 [1] AppendEntries [], prevIndex 0, prevTerm 0
095483 LEAD S1: 2 append success next 1 match 0
095483 INFO S0: (term 1) follower 收到 [1] AppendEntries [], prevIndex 0, prevTerm 0
095484 LEAD S1: 0 append success next 1 match 0
095987 LEAD S1: prevLog &raft.Entry{Command:interface {}(nil), Term:0, Index:0}
095987 LEAD S1: prevLog &raft.Entry{Command:interface {}(nil), Term:0, Index:0}
095988 INFO S2: (term 1) follower 收到 [1] AppendEntries [], prevIndex 0, prevTerm 0
095989 LEAD S1: 2 append success next 1 match 0
095990 INFO S0: (term 1) follower 收到 [1] AppendEntries [], prevIndex 0, prevTerm 0
095991 LEAD S1: 0 append success next 1 match 0
096493 LEAD S1: prevLog &raft.Entry{Command:interface {}(nil), Term:0, Index:0}
096493 LEAD S1: prevLog &raft.Entry{Command:interface {}(nil), Term:0, Index:0}
096494 INFO S2: (term 1) follower 收到 [1] AppendEntries [], prevIndex 0, prevTerm 0
096495 LEAD S1: 2 append success next 1 match 0
096495 INFO S0: (term 1) follower 收到 [1] AppendEntries [], prevIndex 0, prevTerm 0
096496 LEAD S1: 0 append success next 1 match 0
096995 LEAD S1: prevLog &raft.Entry{Command:interface {}(nil), Term:0, Index:0}
096995 LEAD S1: prevLog &raft.Entry{Command:interface {}(nil), Term:0, Index:0}
096996 INFO S2: (term 1) follower 收到 [1] AppendEntries [], prevIndex 0, prevTerm 0
096996 LEAD S1: 2 append success next 1 match 0
096996 INFO S0: (term 1) follower 收到 [1] AppendEntries [], prevIndex 0, prevTerm 0
096996 LEAD S1: 0 append success next 1 match 0
097497 LEAD S1: prevLog &raft.Entry{Command:interface {}(nil), Term:0, Index:0}
097497 LEAD S1: prevLog &raft.Entry{Command:interface {}(nil), Term:0, Index:0}
097498 INFO S2: (term 1) follower 收到 [1] AppendEntries [], prevIndex 0, prevTerm 0
097498 LEAD S1: 2 append success next 1 match 0
097498 INFO S0: (term 1) follower 收到 [1] AppendEntries [], prevIndex 0, prevTerm 0
097499 LEAD S1: 0 append success next 1 match 0
098001 LEAD S1: prevLog &raft.Entry{Command:interface {}(nil), Term:0, Index:0}
098001 LEAD S1: prevLog &raft.Entry{Command:interface {}(nil), Term:0, Index:0}
098003 INFO S2: (term 1) follower 收到 [1] AppendEntries [], prevIndex 0, prevTerm 0
098003 LEAD S1: 2 append success next 1 match 0
098004 INFO S0: (term 1) follower 收到 [1] AppendEntries [], prevIndex 0, prevTerm 0
098005 LEAD S1: 0 append success next 1 match 0
098505 LEAD S1: prevLog &raft.Entry{Command:interface {}(nil), Term:0, Index:0}
098506 LEAD S1: prevLog &raft.Entry{Command:interface {}(nil), Term:0, Index:0}
098507 INFO S2: (term 1) follower 收到 [1] AppendEntries [], prevIndex 0, prevTerm 0
098508 LEAD S1: 2 append success next 1 match 0
098508 INFO S0: (term 1) follower 收到 [1] AppendEntries [], prevIndex 0, prevTerm 0
098509 LEAD S1: 0 append success next 1 match 0
099009 LEAD S1: prevLog &raft.Entry{Command:interface {}(nil), Term:0, Index:0}
099009 LEAD S1: prevLog &raft.Entry{Command:interface {}(nil), Term:0, Index:0}
099010 INFO S2: (term 1) follower 收到 [1] AppendEntries [], prevIndex 0, prevTerm 0
099010 LEAD S1: 2 append success next 1 match 0
099011 INFO S0: (term 1) follower 收到 [1] AppendEntries [], prevIndex 0, prevTerm 0
099011 LEAD S1: 0 append success next 1 match 0
099511 LEAD S1: prevLog &raft.Entry{Command:interface {}(nil), Term:0, Index:0}
099511 LEAD S1: prevLog &raft.Entry{Command:interface {}(nil), Term:0, Index:0}
099512 INFO S2: (term 1) follower 收到 [1] AppendEntries [], prevIndex 0, prevTerm 0
099512 LEAD S1: 2 append success next 1 match 0
099512 INFO S0: (term 1) follower 收到 [1] AppendEntries [], prevIndex 0, prevTerm 0
099513 LEAD S1: 0 append success next 1 match 0
--- FAIL: TestPersist12C (10.00s)
    config.go:609: one(11) failed to reach agreement
FAIL
exit status 1
FAIL	6.824/raft	10.001s
