Test (2C): basic persistence ...
002009 INFO S0: start leader election, term 1
002009 VOTE S0: term 1 send vote request to 2
002009 VOTE S0: term 1 send vote request to 1
002010 TERM S2: set new term 1
002010 VOTE S2: term 1 vote 0
002010 VOTE S0: reply from 2, term一致，且投给0
002010 LEAD S0: come to power, start to send heartbeat
002010 LEAD S0: prevLog &raft.Entry{Command:interface {}(nil), Term:0, Index:0}
002010 LEAD S0: prevLog &raft.Entry{Command:interface {}(nil), Term:0, Index:0}
002011 TERM S1: set new term 1
002011 VOTE S1: term 1 vote 0
002011 INFO S2: (term 1) follower 收到 [0] AppendEntries [], prevIndex 0, prevTerm 0
002011 VOTE S0: reply from 1, term一致，且投给0
002011 LEAD S0: 2 append success next 1 match 0
002012 INFO S1: (term 1) follower 收到 [0] AppendEntries [], prevIndex 0, prevTerm 0
002012 LEAD S0: 1 append success next 1 match 0
002510 LEAD S0: prevLog &raft.Entry{Command:interface {}(nil), Term:0, Index:0}
002510 LEAD S0: prevLog &raft.Entry{Command:interface {}(nil), Term:0, Index:0}
002511 INFO S2: (term 1) follower 收到 [0] AppendEntries [], prevIndex 0, prevTerm 0
002511 INFO S1: (term 1) follower 收到 [0] AppendEntries [], prevIndex 0, prevTerm 0
002511 LEAD S0: 1 append success next 1 match 0
002511 LEAD S0: 2 append success next 1 match 0
003012 LEAD S0: prevLog &raft.Entry{Command:interface {}(nil), Term:0, Index:0}
003013 LEAD S0: prevLog &raft.Entry{Command:interface {}(nil), Term:0, Index:0}
003013 INFO S2: (term 1) follower 收到 [0] AppendEntries [], prevIndex 0, prevTerm 0
003013 INFO S1: (term 1) follower 收到 [0] AppendEntries [], prevIndex 0, prevTerm 0
003014 LEAD S0: 2 append success next 1 match 0
003014 LEAD S0: 1 append success next 1 match 0
003514 LEAD S0: prevLog &raft.Entry{Command:interface {}(nil), Term:0, Index:0}
003514 LEAD S0: prevLog &raft.Entry{Command:interface {}(nil), Term:0, Index:0}
003515 INFO S1: (term 1) follower 收到 [0] AppendEntries [], prevIndex 0, prevTerm 0
003515 INFO S2: (term 1) follower 收到 [0] AppendEntries [], prevIndex 0, prevTerm 0
003516 LEAD S0: 1 append success next 1 match 0
003516 LEAD S0: 2 append success next 1 match 0
004016 LEAD S0: prevLog &raft.Entry{Command:interface {}(nil), Term:0, Index:0}
004016 LEAD S0: prevLog &raft.Entry{Command:interface {}(nil), Term:0, Index:0}
004017 INFO S1: (term 1) follower 收到 [0] AppendEntries [], prevIndex 0, prevTerm 0
004017 INFO S2: (term 1) follower 收到 [0] AppendEntries [], prevIndex 0, prevTerm 0
004017 LEAD S0: 2 append success next 1 match 0
004017 LEAD S0: 1 append success next 1 match 0
004517 LEAD S0: prevLog &raft.Entry{Command:interface {}(nil), Term:0, Index:0}
004518 LEAD S0: prevLog &raft.Entry{Command:interface {}(nil), Term:0, Index:0}
004518 INFO S2: (term 1) follower 收到 [0] AppendEntries [], prevIndex 0, prevTerm 0
004518 INFO S1: (term 1) follower 收到 [0] AppendEntries [], prevIndex 0, prevTerm 0
004518 LEAD S0: 2 append success next 1 match 0
004519 LEAD S0: 1 append success next 1 match 0
005021 LEAD S0: prevLog &raft.Entry{Command:interface {}(nil), Term:0, Index:0}
005021 LEAD S0: prevLog &raft.Entry{Command:interface {}(nil), Term:0, Index:0}
005022 INFO S1: (term 1) follower 收到 [0] AppendEntries [], prevIndex 0, prevTerm 0
005022 INFO S2: (term 1) follower 收到 [0] AppendEntries [], prevIndex 0, prevTerm 0
005022 LEAD S0: 1 append success next 1 match 0
005022 LEAD S0: 2 append success next 1 match 0
005522 LEAD S0: prevLog &raft.Entry{Command:interface {}(nil), Term:0, Index:0}
005522 LEAD S0: prevLog &raft.Entry{Command:interface {}(nil), Term:0, Index:0}
005523 INFO S1: (term 1) follower 收到 [0] AppendEntries [], prevIndex 0, prevTerm 0
005523 INFO S2: (term 1) follower 收到 [0] AppendEntries [], prevIndex 0, prevTerm 0
005523 LEAD S0: 1 append success next 1 match 0
005524 LEAD S0: 2 append success next 1 match 0
006024 LEAD S0: prevLog &raft.Entry{Command:interface {}(nil), Term:0, Index:0}
006024 LEAD S0: prevLog &raft.Entry{Command:interface {}(nil), Term:0, Index:0}
006025 INFO S1: (term 1) follower 收到 [0] AppendEntries [], prevIndex 0, prevTerm 0
006025 LEAD S0: 1 append success next 1 match 0
006025 INFO S2: (term 1) follower 收到 [0] AppendEntries [], prevIndex 0, prevTerm 0
006026 LEAD S0: 2 append success next 1 match 0
006527 LEAD S0: prevLog &raft.Entry{Command:interface {}(nil), Term:0, Index:0}
006527 LEAD S0: prevLog &raft.Entry{Command:interface {}(nil), Term:0, Index:0}
006528 INFO S2: (term 1) follower 收到 [0] AppendEntries [], prevIndex 0, prevTerm 0
006528 LEAD S0: 2 append success next 1 match 0
006528 INFO S1: (term 1) follower 收到 [0] AppendEntries [], prevIndex 0, prevTerm 0
006529 LEAD S0: 1 append success next 1 match 0
007029 LEAD S0: prevLog &raft.Entry{Command:interface {}(nil), Term:0, Index:0}
007029 LEAD S0: prevLog &raft.Entry{Command:interface {}(nil), Term:0, Index:0}
007030 INFO S1: (term 1) follower 收到 [0] AppendEntries [], prevIndex 0, prevTerm 0
007030 INFO S2: (term 1) follower 收到 [0] AppendEntries [], prevIndex 0, prevTerm 0
007030 LEAD S0: 2 append success next 1 match 0
007030 LEAD S0: 1 append success next 1 match 0
007531 LEAD S0: prevLog &raft.Entry{Command:interface {}(nil), Term:0, Index:0}
007531 LEAD S0: prevLog &raft.Entry{Command:interface {}(nil), Term:0, Index:0}
007532 INFO S1: (term 1) follower 收到 [0] AppendEntries [], prevIndex 0, prevTerm 0
007532 INFO S2: (term 1) follower 收到 [0] AppendEntries [], prevIndex 0, prevTerm 0
007533 LEAD S0: 1 append success next 1 match 0
007533 LEAD S0: 2 append success next 1 match 0
008033 LEAD S0: prevLog &raft.Entry{Command:interface {}(nil), Term:0, Index:0}
008033 LEAD S0: prevLog &raft.Entry{Command:interface {}(nil), Term:0, Index:0}
008034 INFO S2: (term 1) follower 收到 [0] AppendEntries [], prevIndex 0, prevTerm 0
008034 LEAD S0: 2 append success next 1 match 0
008034 INFO S1: (term 1) follower 收到 [0] AppendEntries [], prevIndex 0, prevTerm 0
008035 LEAD S0: 1 append success next 1 match 0
008535 LEAD S0: prevLog &raft.Entry{Command:interface {}(nil), Term:0, Index:0}
008535 LEAD S0: prevLog &raft.Entry{Command:interface {}(nil), Term:0, Index:0}
008536 INFO S1: (term 1) follower 收到 [0] AppendEntries [], prevIndex 0, prevTerm 0
008536 INFO S2: (term 1) follower 收到 [0] AppendEntries [], prevIndex 0, prevTerm 0
008536 LEAD S0: 1 append success next 1 match 0
008536 LEAD S0: 2 append success next 1 match 0
009037 LEAD S0: prevLog &raft.Entry{Command:interface {}(nil), Term:0, Index:0}
009037 LEAD S0: prevLog &raft.Entry{Command:interface {}(nil), Term:0, Index:0}
009038 INFO S1: (term 1) follower 收到 [0] AppendEntries [], prevIndex 0, prevTerm 0
009038 INFO S2: (term 1) follower 收到 [0] AppendEntries [], prevIndex 0, prevTerm 0
009038 LEAD S0: 1 append success next 1 match 0
009038 LEAD S0: 2 append success next 1 match 0
009538 LEAD S0: prevLog &raft.Entry{Command:interface {}(nil), Term:0, Index:0}
009539 LEAD S0: prevLog &raft.Entry{Command:interface {}(nil), Term:0, Index:0}
009539 INFO S2: (term 1) follower 收到 [0] AppendEntries [], prevIndex 0, prevTerm 0
009539 INFO S1: (term 1) follower 收到 [0] AppendEntries [], prevIndex 0, prevTerm 0
009540 LEAD S0: 1 append success next 1 match 0
009540 LEAD S0: 2 append success next 1 match 0
010040 LEAD S0: prevLog &raft.Entry{Command:interface {}(nil), Term:0, Index:0}
010040 LEAD S0: prevLog &raft.Entry{Command:interface {}(nil), Term:0, Index:0}
010041 INFO S1: (term 1) follower 收到 [0] AppendEntries [], prevIndex 0, prevTerm 0
010041 INFO S2: (term 1) follower 收到 [0] AppendEntries [], prevIndex 0, prevTerm 0
010041 LEAD S0: 1 append success next 1 match 0
010041 LEAD S0: 2 append success next 1 match 0
010542 LEAD S0: prevLog &raft.Entry{Command:interface {}(nil), Term:0, Index:0}
010542 LEAD S0: prevLog &raft.Entry{Command:interface {}(nil), Term:0, Index:0}
010543 INFO S1: (term 1) follower 收到 [0] AppendEntries [], prevIndex 0, prevTerm 0
010543 INFO S2: (term 1) follower 收到 [0] AppendEntries [], prevIndex 0, prevTerm 0
010543 LEAD S0: 1 append success next 1 match 0
010543 LEAD S0: 2 append success next 1 match 0
011043 LEAD S0: prevLog &raft.Entry{Command:interface {}(nil), Term:0, Index:0}
011043 LEAD S0: prevLog &raft.Entry{Command:interface {}(nil), Term:0, Index:0}
011044 INFO S2: (term 1) follower 收到 [0] AppendEntries [], prevIndex 0, prevTerm 0
011044 INFO S1: (term 1) follower 收到 [0] AppendEntries [], prevIndex 0, prevTerm 0
011044 LEAD S0: 1 append success next 1 match 0
011044 LEAD S0: 2 append success next 1 match 0
011545 LEAD S0: prevLog &raft.Entry{Command:interface {}(nil), Term:0, Index:0}
011545 LEAD S0: prevLog &raft.Entry{Command:interface {}(nil), Term:0, Index:0}
011546 INFO S1: (term 1) follower 收到 [0] AppendEntries [], prevIndex 0, prevTerm 0
011546 INFO S2: (term 1) follower 收到 [0] AppendEntries [], prevIndex 0, prevTerm 0
011546 LEAD S0: 1 append success next 1 match 0
011546 LEAD S0: 2 append success next 1 match 0
012046 LEAD S0: prevLog &raft.Entry{Command:interface {}(nil), Term:0, Index:0}
012046 LEAD S0: prevLog &raft.Entry{Command:interface {}(nil), Term:0, Index:0}
012047 INFO S2: (term 1) follower 收到 [0] AppendEntries [], prevIndex 0, prevTerm 0
012047 INFO S1: (term 1) follower 收到 [0] AppendEntries [], prevIndex 0, prevTerm 0
012048 LEAD S0: 2 append success next 1 match 0
012048 LEAD S0: 1 append success next 1 match 0
012548 LEAD S0: prevLog &raft.Entry{Command:interface {}(nil), Term:0, Index:0}
012548 LEAD S0: prevLog &raft.Entry{Command:interface {}(nil), Term:0, Index:0}
012549 INFO S2: (term 1) follower 收到 [0] AppendEntries [], prevIndex 0, prevTerm 0
012549 LEAD S0: 2 append success next 1 match 0
012549 INFO S1: (term 1) follower 收到 [0] AppendEntries [], prevIndex 0, prevTerm 0
012549 LEAD S0: 1 append success next 1 match 0
013049 LEAD S0: prevLog &raft.Entry{Command:interface {}(nil), Term:0, Index:0}
013049 LEAD S0: prevLog &raft.Entry{Command:interface {}(nil), Term:0, Index:0}
013050 INFO S2: (term 1) follower 收到 [0] AppendEntries [], prevIndex 0, prevTerm 0
013050 INFO S1: (term 1) follower 收到 [0] AppendEntries [], prevIndex 0, prevTerm 0
013050 LEAD S0: 1 append success next 1 match 0
013050 LEAD S0: 2 append success next 1 match 0
013551 LEAD S0: prevLog &raft.Entry{Command:interface {}(nil), Term:0, Index:0}
013551 LEAD S0: prevLog &raft.Entry{Command:interface {}(nil), Term:0, Index:0}
013552 INFO S1: (term 1) follower 收到 [0] AppendEntries [], prevIndex 0, prevTerm 0
013552 INFO S2: (term 1) follower 收到 [0] AppendEntries [], prevIndex 0, prevTerm 0
013552 LEAD S0: 1 append success next 1 match 0
013552 LEAD S0: 2 append success next 1 match 0
014053 LEAD S0: prevLog &raft.Entry{Command:interface {}(nil), Term:0, Index:0}
014053 LEAD S0: prevLog &raft.Entry{Command:interface {}(nil), Term:0, Index:0}
014054 INFO S1: (term 1) follower 收到 [0] AppendEntries [], prevIndex 0, prevTerm 0
014054 INFO S2: (term 1) follower 收到 [0] AppendEntries [], prevIndex 0, prevTerm 0
014054 LEAD S0: 1 append success next 1 match 0
014054 LEAD S0: 2 append success next 1 match 0
014555 LEAD S0: prevLog &raft.Entry{Command:interface {}(nil), Term:0, Index:0}
014555 LEAD S0: prevLog &raft.Entry{Command:interface {}(nil), Term:0, Index:0}
014556 INFO S2: (term 1) follower 收到 [0] AppendEntries [], prevIndex 0, prevTerm 0
014556 INFO S1: (term 1) follower 收到 [0] AppendEntries [], prevIndex 0, prevTerm 0
014556 LEAD S0: 1 append success next 1 match 0
014556 LEAD S0: 2 append success next 1 match 0
015057 LEAD S0: prevLog &raft.Entry{Command:interface {}(nil), Term:0, Index:0}
015057 LEAD S0: prevLog &raft.Entry{Command:interface {}(nil), Term:0, Index:0}
015058 INFO S1: (term 1) follower 收到 [0] AppendEntries [], prevIndex 0, prevTerm 0
015058 INFO S2: (term 1) follower 收到 [0] AppendEntries [], prevIndex 0, prevTerm 0
015058 LEAD S0: 1 append success next 1 match 0
015058 LEAD S0: 2 append success next 1 match 0
015559 LEAD S0: prevLog &raft.Entry{Command:interface {}(nil), Term:0, Index:0}
015559 LEAD S0: prevLog &raft.Entry{Command:interface {}(nil), Term:0, Index:0}
015560 INFO S1: (term 1) follower 收到 [0] AppendEntries [], prevIndex 0, prevTerm 0
015560 INFO S2: (term 1) follower 收到 [0] AppendEntries [], prevIndex 0, prevTerm 0
015560 LEAD S0: 1 append success next 1 match 0
015560 LEAD S0: 2 append success next 1 match 0
016060 LEAD S0: prevLog &raft.Entry{Command:interface {}(nil), Term:0, Index:0}
016061 LEAD S0: prevLog &raft.Entry{Command:interface {}(nil), Term:0, Index:0}
016061 INFO S1: (term 1) follower 收到 [0] AppendEntries [], prevIndex 0, prevTerm 0
016061 INFO S2: (term 1) follower 收到 [0] AppendEntries [], prevIndex 0, prevTerm 0
016062 LEAD S0: 1 append success next 1 match 0
016062 LEAD S0: 2 append success next 1 match 0
016562 LEAD S0: prevLog &raft.Entry{Command:interface {}(nil), Term:0, Index:0}
016562 LEAD S0: prevLog &raft.Entry{Command:interface {}(nil), Term:0, Index:0}
016563 INFO S1: (term 1) follower 收到 [0] AppendEntries [], prevIndex 0, prevTerm 0
016563 INFO S2: (term 1) follower 收到 [0] AppendEntries [], prevIndex 0, prevTerm 0
016563 LEAD S0: 1 append success next 1 match 0
016563 LEAD S0: 2 append success next 1 match 0
017064 LEAD S0: prevLog &raft.Entry{Command:interface {}(nil), Term:0, Index:0}
017064 LEAD S0: prevLog &raft.Entry{Command:interface {}(nil), Term:0, Index:0}
017064 INFO S1: (term 1) follower 收到 [0] AppendEntries [], prevIndex 0, prevTerm 0
017065 LEAD S0: 1 append success next 1 match 0
017065 INFO S2: (term 1) follower 收到 [0] AppendEntries [], prevIndex 0, prevTerm 0
017065 LEAD S0: 2 append success next 1 match 0
017566 LEAD S0: prevLog &raft.Entry{Command:interface {}(nil), Term:0, Index:0}
017567 LEAD S0: prevLog &raft.Entry{Command:interface {}(nil), Term:0, Index:0}
017567 INFO S1: (term 1) follower 收到 [0] AppendEntries [], prevIndex 0, prevTerm 0
017567 INFO S2: (term 1) follower 收到 [0] AppendEntries [], prevIndex 0, prevTerm 0
017568 LEAD S0: 1 append success next 1 match 0
017568 LEAD S0: 2 append success next 1 match 0
018068 LEAD S0: prevLog &raft.Entry{Command:interface {}(nil), Term:0, Index:0}
018068 LEAD S0: prevLog &raft.Entry{Command:interface {}(nil), Term:0, Index:0}
018069 INFO S2: (term 1) follower 收到 [0] AppendEntries [], prevIndex 0, prevTerm 0
018070 LEAD S0: 2 append success next 1 match 0
018069 INFO S1: (term 1) follower 收到 [0] AppendEntries [], prevIndex 0, prevTerm 0
018070 LEAD S0: 1 append success next 1 match 0
018570 LEAD S0: prevLog &raft.Entry{Command:interface {}(nil), Term:0, Index:0}
018570 LEAD S0: prevLog &raft.Entry{Command:interface {}(nil), Term:0, Index:0}
018571 INFO S1: (term 1) follower 收到 [0] AppendEntries [], prevIndex 0, prevTerm 0
018571 INFO S2: (term 1) follower 收到 [0] AppendEntries [], prevIndex 0, prevTerm 0
018571 LEAD S0: 1 append success next 1 match 0
018571 LEAD S0: 2 append success next 1 match 0
019072 LEAD S0: prevLog &raft.Entry{Command:interface {}(nil), Term:0, Index:0}
019072 LEAD S0: prevLog &raft.Entry{Command:interface {}(nil), Term:0, Index:0}
019073 INFO S1: (term 1) follower 收到 [0] AppendEntries [], prevIndex 0, prevTerm 0
019073 LEAD S0: 1 append success next 1 match 0
019074 INFO S2: (term 1) follower 收到 [0] AppendEntries [], prevIndex 0, prevTerm 0
019075 LEAD S0: 2 append success next 1 match 0
019576 LEAD S0: prevLog &raft.Entry{Command:interface {}(nil), Term:0, Index:0}
019576 LEAD S0: prevLog &raft.Entry{Command:interface {}(nil), Term:0, Index:0}
019577 INFO S2: (term 1) follower 收到 [0] AppendEntries [], prevIndex 0, prevTerm 0
019577 INFO S1: (term 1) follower 收到 [0] AppendEntries [], prevIndex 0, prevTerm 0
019577 LEAD S0: 2 append success next 1 match 0
019577 LEAD S0: 1 append success next 1 match 0
020078 LEAD S0: prevLog &raft.Entry{Command:interface {}(nil), Term:0, Index:0}
020078 LEAD S0: prevLog &raft.Entry{Command:interface {}(nil), Term:0, Index:0}
020079 INFO S2: (term 1) follower 收到 [0] AppendEntries [], prevIndex 0, prevTerm 0
020079 INFO S1: (term 1) follower 收到 [0] AppendEntries [], prevIndex 0, prevTerm 0
020079 LEAD S0: 2 append success next 1 match 0
020079 LEAD S0: 1 append success next 1 match 0
020579 LEAD S0: prevLog &raft.Entry{Command:interface {}(nil), Term:0, Index:0}
020580 LEAD S0: prevLog &raft.Entry{Command:interface {}(nil), Term:0, Index:0}
020580 INFO S2: (term 1) follower 收到 [0] AppendEntries [], prevIndex 0, prevTerm 0
020580 INFO S1: (term 1) follower 收到 [0] AppendEntries [], prevIndex 0, prevTerm 0
020581 LEAD S0: 2 append success next 1 match 0
020581 LEAD S0: 1 append success next 1 match 0
021081 LEAD S0: prevLog &raft.Entry{Command:interface {}(nil), Term:0, Index:0}
021082 LEAD S0: prevLog &raft.Entry{Command:interface {}(nil), Term:0, Index:0}
021082 INFO S1: (term 1) follower 收到 [0] AppendEntries [], prevIndex 0, prevTerm 0
021082 INFO S2: (term 1) follower 收到 [0] AppendEntries [], prevIndex 0, prevTerm 0
021083 LEAD S0: 1 append success next 1 match 0
021083 LEAD S0: 2 append success next 1 match 0
021583 LEAD S0: prevLog &raft.Entry{Command:interface {}(nil), Term:0, Index:0}
021583 LEAD S0: prevLog &raft.Entry{Command:interface {}(nil), Term:0, Index:0}
021584 INFO S1: (term 1) follower 收到 [0] AppendEntries [], prevIndex 0, prevTerm 0
021584 INFO S2: (term 1) follower 收到 [0] AppendEntries [], prevIndex 0, prevTerm 0
021585 LEAD S0: 1 append success next 1 match 0
021585 LEAD S0: 2 append success next 1 match 0
022085 LEAD S0: prevLog &raft.Entry{Command:interface {}(nil), Term:0, Index:0}
022085 LEAD S0: prevLog &raft.Entry{Command:interface {}(nil), Term:0, Index:0}
022086 INFO S2: (term 1) follower 收到 [0] AppendEntries [], prevIndex 0, prevTerm 0
022086 INFO S1: (term 1) follower 收到 [0] AppendEntries [], prevIndex 0, prevTerm 0
022087 LEAD S0: 2 append success next 1 match 0
022087 LEAD S0: 1 append success next 1 match 0
022587 LEAD S0: prevLog &raft.Entry{Command:interface {}(nil), Term:0, Index:0}
022587 LEAD S0: prevLog &raft.Entry{Command:interface {}(nil), Term:0, Index:0}
022588 INFO S2: (term 1) follower 收到 [0] AppendEntries [], prevIndex 0, prevTerm 0
022588 LEAD S0: 2 append success next 1 match 0
022589 INFO S1: (term 1) follower 收到 [0] AppendEntries [], prevIndex 0, prevTerm 0
022590 LEAD S0: 1 append success next 1 match 0
023090 LEAD S0: prevLog &raft.Entry{Command:interface {}(nil), Term:0, Index:0}
023090 LEAD S0: prevLog &raft.Entry{Command:interface {}(nil), Term:0, Index:0}
023091 INFO S2: (term 1) follower 收到 [0] AppendEntries [], prevIndex 0, prevTerm 0
023091 INFO S1: (term 1) follower 收到 [0] AppendEntries [], prevIndex 0, prevTerm 0
023091 LEAD S0: 2 append success next 1 match 0
023091 LEAD S0: 1 append success next 1 match 0
023592 LEAD S0: prevLog &raft.Entry{Command:interface {}(nil), Term:0, Index:0}
023592 LEAD S0: prevLog &raft.Entry{Command:interface {}(nil), Term:0, Index:0}
023592 INFO S1: (term 1) follower 收到 [0] AppendEntries [], prevIndex 0, prevTerm 0
023593 INFO S2: (term 1) follower 收到 [0] AppendEntries [], prevIndex 0, prevTerm 0
023593 LEAD S0: 1 append success next 1 match 0
023593 LEAD S0: 2 append success next 1 match 0
024093 LEAD S0: prevLog &raft.Entry{Command:interface {}(nil), Term:0, Index:0}
024094 LEAD S0: prevLog &raft.Entry{Command:interface {}(nil), Term:0, Index:0}
024094 INFO S1: (term 1) follower 收到 [0] AppendEntries [], prevIndex 0, prevTerm 0
024094 LEAD S0: 1 append success next 1 match 0
024095 INFO S2: (term 1) follower 收到 [0] AppendEntries [], prevIndex 0, prevTerm 0
024095 LEAD S0: 2 append success next 1 match 0
024596 LEAD S0: prevLog &raft.Entry{Command:interface {}(nil), Term:0, Index:0}
024596 LEAD S0: prevLog &raft.Entry{Command:interface {}(nil), Term:0, Index:0}
024597 INFO S1: (term 1) follower 收到 [0] AppendEntries [], prevIndex 0, prevTerm 0
024597 INFO S2: (term 1) follower 收到 [0] AppendEntries [], prevIndex 0, prevTerm 0
024598 LEAD S0: 1 append success next 1 match 0
024598 LEAD S0: 2 append success next 1 match 0
025098 LEAD S0: prevLog &raft.Entry{Command:interface {}(nil), Term:0, Index:0}
025098 LEAD S0: prevLog &raft.Entry{Command:interface {}(nil), Term:0, Index:0}
025099 INFO S2: (term 1) follower 收到 [0] AppendEntries [], prevIndex 0, prevTerm 0
025099 LEAD S0: 2 append success next 1 match 0
025099 INFO S1: (term 1) follower 收到 [0] AppendEntries [], prevIndex 0, prevTerm 0
025099 LEAD S0: 1 append success next 1 match 0
025600 LEAD S0: prevLog &raft.Entry{Command:interface {}(nil), Term:0, Index:0}
025601 LEAD S0: prevLog &raft.Entry{Command:interface {}(nil), Term:0, Index:0}
025601 INFO S1: (term 1) follower 收到 [0] AppendEntries [], prevIndex 0, prevTerm 0
025601 INFO S2: (term 1) follower 收到 [0] AppendEntries [], prevIndex 0, prevTerm 0
025602 LEAD S0: 1 append success next 1 match 0
025602 LEAD S0: 2 append success next 1 match 0
026102 LEAD S0: prevLog &raft.Entry{Command:interface {}(nil), Term:0, Index:0}
026102 LEAD S0: prevLog &raft.Entry{Command:interface {}(nil), Term:0, Index:0}
026103 INFO S1: (term 1) follower 收到 [0] AppendEntries [], prevIndex 0, prevTerm 0
026103 INFO S2: (term 1) follower 收到 [0] AppendEntries [], prevIndex 0, prevTerm 0
026103 LEAD S0: 1 append success next 1 match 0
026104 LEAD S0: 2 append success next 1 match 0
026604 LEAD S0: prevLog &raft.Entry{Command:interface {}(nil), Term:0, Index:0}
026604 LEAD S0: prevLog &raft.Entry{Command:interface {}(nil), Term:0, Index:0}
026605 INFO S2: (term 1) follower 收到 [0] AppendEntries [], prevIndex 0, prevTerm 0
026606 LEAD S0: 2 append success next 1 match 0
026606 INFO S1: (term 1) follower 收到 [0] AppendEntries [], prevIndex 0, prevTerm 0
026607 LEAD S0: 1 append success next 1 match 0
027106 LEAD S0: prevLog &raft.Entry{Command:interface {}(nil), Term:0, Index:0}
027106 LEAD S0: prevLog &raft.Entry{Command:interface {}(nil), Term:0, Index:0}
027106 INFO S1: (term 1) follower 收到 [0] AppendEntries [], prevIndex 0, prevTerm 0
027107 LEAD S0: 1 append success next 1 match 0
027107 INFO S2: (term 1) follower 收到 [0] AppendEntries [], prevIndex 0, prevTerm 0
027107 LEAD S0: 2 append success next 1 match 0
027608 LEAD S0: prevLog &raft.Entry{Command:interface {}(nil), Term:0, Index:0}
027609 LEAD S0: prevLog &raft.Entry{Command:interface {}(nil), Term:0, Index:0}
027609 INFO S1: (term 1) follower 收到 [0] AppendEntries [], prevIndex 0, prevTerm 0
027609 INFO S2: (term 1) follower 收到 [0] AppendEntries [], prevIndex 0, prevTerm 0
027610 LEAD S0: 2 append success next 1 match 0
027610 LEAD S0: 1 append success next 1 match 0
028110 LEAD S0: prevLog &raft.Entry{Command:interface {}(nil), Term:0, Index:0}
028111 LEAD S0: prevLog &raft.Entry{Command:interface {}(nil), Term:0, Index:0}
028111 INFO S2: (term 1) follower 收到 [0] AppendEntries [], prevIndex 0, prevTerm 0
028112 LEAD S0: 2 append success next 1 match 0
028111 INFO S1: (term 1) follower 收到 [0] AppendEntries [], prevIndex 0, prevTerm 0
028112 LEAD S0: 1 append success next 1 match 0
028612 LEAD S0: prevLog &raft.Entry{Command:interface {}(nil), Term:0, Index:0}
028612 LEAD S0: prevLog &raft.Entry{Command:interface {}(nil), Term:0, Index:0}
028613 INFO S2: (term 1) follower 收到 [0] AppendEntries [], prevIndex 0, prevTerm 0
028613 INFO S1: (term 1) follower 收到 [0] AppendEntries [], prevIndex 0, prevTerm 0
028613 LEAD S0: 1 append success next 1 match 0
028613 LEAD S0: 2 append success next 1 match 0
029113 LEAD S0: prevLog &raft.Entry{Command:interface {}(nil), Term:0, Index:0}
029114 LEAD S0: prevLog &raft.Entry{Command:interface {}(nil), Term:0, Index:0}
029114 INFO S1: (term 1) follower 收到 [0] AppendEntries [], prevIndex 0, prevTerm 0
029114 INFO S2: (term 1) follower 收到 [0] AppendEntries [], prevIndex 0, prevTerm 0
029115 LEAD S0: 1 append success next 1 match 0
029115 LEAD S0: 2 append success next 1 match 0
029616 LEAD S0: prevLog &raft.Entry{Command:interface {}(nil), Term:0, Index:0}
029616 LEAD S0: prevLog &raft.Entry{Command:interface {}(nil), Term:0, Index:0}
029617 INFO S2: (term 1) follower 收到 [0] AppendEntries [], prevIndex 0, prevTerm 0
029618 INFO S1: (term 1) follower 收到 [0] AppendEntries [], prevIndex 0, prevTerm 0
029618 LEAD S0: 1 append success next 1 match 0
029618 LEAD S0: 2 append success next 1 match 0
030117 LEAD S0: prevLog &raft.Entry{Command:interface {}(nil), Term:0, Index:0}
030117 LEAD S0: prevLog &raft.Entry{Command:interface {}(nil), Term:0, Index:0}
030118 INFO S2: (term 1) follower 收到 [0] AppendEntries [], prevIndex 0, prevTerm 0
030118 LEAD S0: 2 append success next 1 match 0
030118 INFO S1: (term 1) follower 收到 [0] AppendEntries [], prevIndex 0, prevTerm 0
030119 LEAD S0: 1 append success next 1 match 0
030619 LEAD S0: prevLog &raft.Entry{Command:interface {}(nil), Term:0, Index:0}
030619 LEAD S0: prevLog &raft.Entry{Command:interface {}(nil), Term:0, Index:0}
030620 INFO S1: (term 1) follower 收到 [0] AppendEntries [], prevIndex 0, prevTerm 0
030620 INFO S2: (term 1) follower 收到 [0] AppendEntries [], prevIndex 0, prevTerm 0
030620 LEAD S0: 1 append success next 1 match 0
030620 LEAD S0: 2 append success next 1 match 0
031120 LEAD S0: prevLog &raft.Entry{Command:interface {}(nil), Term:0, Index:0}
031121 LEAD S0: prevLog &raft.Entry{Command:interface {}(nil), Term:0, Index:0}
031121 INFO S2: (term 1) follower 收到 [0] AppendEntries [], prevIndex 0, prevTerm 0
031121 INFO S1: (term 1) follower 收到 [0] AppendEntries [], prevIndex 0, prevTerm 0
031122 LEAD S0: 2 append success next 1 match 0
031122 LEAD S0: 1 append success next 1 match 0
031622 LEAD S0: prevLog &raft.Entry{Command:interface {}(nil), Term:0, Index:0}
031622 LEAD S0: prevLog &raft.Entry{Command:interface {}(nil), Term:0, Index:0}
031623 INFO S2: (term 1) follower 收到 [0] AppendEntries [], prevIndex 0, prevTerm 0
031623 INFO S1: (term 1) follower 收到 [0] AppendEntries [], prevIndex 0, prevTerm 0
031623 LEAD S0: 2 append success next 1 match 0
031624 LEAD S0: 1 append success next 1 match 0
032124 LEAD S0: prevLog &raft.Entry{Command:interface {}(nil), Term:0, Index:0}
032124 LEAD S0: prevLog &raft.Entry{Command:interface {}(nil), Term:0, Index:0}
032125 INFO S1: (term 1) follower 收到 [0] AppendEntries [], prevIndex 0, prevTerm 0
032125 INFO S2: (term 1) follower 收到 [0] AppendEntries [], prevIndex 0, prevTerm 0
032125 LEAD S0: 2 append success next 1 match 0
032125 LEAD S0: 1 append success next 1 match 0
032625 LEAD S0: prevLog &raft.Entry{Command:interface {}(nil), Term:0, Index:0}
032626 LEAD S0: prevLog &raft.Entry{Command:interface {}(nil), Term:0, Index:0}
032626 INFO S2: (term 1) follower 收到 [0] AppendEntries [], prevIndex 0, prevTerm 0
032627 LEAD S0: 2 append success next 1 match 0
032627 INFO S1: (term 1) follower 收到 [0] AppendEntries [], prevIndex 0, prevTerm 0
032627 LEAD S0: 1 append success next 1 match 0
033127 LEAD S0: prevLog &raft.Entry{Command:interface {}(nil), Term:0, Index:0}
033127 LEAD S0: prevLog &raft.Entry{Command:interface {}(nil), Term:0, Index:0}
033128 INFO S2: (term 1) follower 收到 [0] AppendEntries [], prevIndex 0, prevTerm 0
033128 LEAD S0: 2 append success next 1 match 0
033128 INFO S1: (term 1) follower 收到 [0] AppendEntries [], prevIndex 0, prevTerm 0
033129 LEAD S0: 1 append success next 1 match 0
033629 LEAD S0: prevLog &raft.Entry{Command:interface {}(nil), Term:0, Index:0}
033629 LEAD S0: prevLog &raft.Entry{Command:interface {}(nil), Term:0, Index:0}
033630 INFO S1: (term 1) follower 收到 [0] AppendEntries [], prevIndex 0, prevTerm 0
033630 INFO S2: (term 1) follower 收到 [0] AppendEntries [], prevIndex 0, prevTerm 0
033630 LEAD S0: 1 append success next 1 match 0
033630 LEAD S0: 2 append success next 1 match 0
034131 LEAD S0: prevLog &raft.Entry{Command:interface {}(nil), Term:0, Index:0}
034132 LEAD S0: prevLog &raft.Entry{Command:interface {}(nil), Term:0, Index:0}
034133 INFO S1: (term 1) follower 收到 [0] AppendEntries [], prevIndex 0, prevTerm 0
034133 LEAD S0: 1 append success next 1 match 0
034135 INFO S2: (term 1) follower 收到 [0] AppendEntries [], prevIndex 0, prevTerm 0
034138 LEAD S0: 2 append success next 1 match 0
034633 LEAD S0: prevLog &raft.Entry{Command:interface {}(nil), Term:0, Index:0}
034633 LEAD S0: prevLog &raft.Entry{Command:interface {}(nil), Term:0, Index:0}
034634 INFO S2: (term 1) follower 收到 [0] AppendEntries [], prevIndex 0, prevTerm 0
034634 INFO S1: (term 1) follower 收到 [0] AppendEntries [], prevIndex 0, prevTerm 0
034634 LEAD S0: 2 append success next 1 match 0
034634 LEAD S0: 1 append success next 1 match 0
035135 LEAD S0: prevLog &raft.Entry{Command:interface {}(nil), Term:0, Index:0}
035135 LEAD S0: prevLog &raft.Entry{Command:interface {}(nil), Term:0, Index:0}
035135 INFO S2: (term 1) follower 收到 [0] AppendEntries [], prevIndex 0, prevTerm 0
035136 LEAD S0: 2 append success next 1 match 0
035136 INFO S1: (term 1) follower 收到 [0] AppendEntries [], prevIndex 0, prevTerm 0
035136 LEAD S0: 1 append success next 1 match 0
035637 LEAD S0: prevLog &raft.Entry{Command:interface {}(nil), Term:0, Index:0}
035637 LEAD S0: prevLog &raft.Entry{Command:interface {}(nil), Term:0, Index:0}
035638 INFO S2: (term 1) follower 收到 [0] AppendEntries [], prevIndex 0, prevTerm 0
035639 LEAD S0: 2 append success next 1 match 0
035639 INFO S1: (term 1) follower 收到 [0] AppendEntries [], prevIndex 0, prevTerm 0
035639 LEAD S0: 1 append success next 1 match 0
036139 LEAD S0: prevLog &raft.Entry{Command:interface {}(nil), Term:0, Index:0}
036139 LEAD S0: prevLog &raft.Entry{Command:interface {}(nil), Term:0, Index:0}
036140 INFO S1: (term 1) follower 收到 [0] AppendEntries [], prevIndex 0, prevTerm 0
036140 INFO S2: (term 1) follower 收到 [0] AppendEntries [], prevIndex 0, prevTerm 0
036140 LEAD S0: 1 append success next 1 match 0
036140 LEAD S0: 2 append success next 1 match 0
036641 LEAD S0: prevLog &raft.Entry{Command:interface {}(nil), Term:0, Index:0}
036641 LEAD S0: prevLog &raft.Entry{Command:interface {}(nil), Term:0, Index:0}
036642 INFO S1: (term 1) follower 收到 [0] AppendEntries [], prevIndex 0, prevTerm 0
036642 LEAD S0: 1 append success next 1 match 0
036642 INFO S2: (term 1) follower 收到 [0] AppendEntries [], prevIndex 0, prevTerm 0
036642 LEAD S0: 2 append success next 1 match 0
037144 LEAD S0: prevLog &raft.Entry{Command:interface {}(nil), Term:0, Index:0}
037144 LEAD S0: prevLog &raft.Entry{Command:interface {}(nil), Term:0, Index:0}
037145 INFO S1: (term 1) follower 收到 [0] AppendEntries [], prevIndex 0, prevTerm 0
037145 INFO S2: (term 1) follower 收到 [0] AppendEntries [], prevIndex 0, prevTerm 0
037145 LEAD S0: 1 append success next 1 match 0
037145 LEAD S0: 2 append success next 1 match 0
037645 LEAD S0: prevLog &raft.Entry{Command:interface {}(nil), Term:0, Index:0}
037646 LEAD S0: prevLog &raft.Entry{Command:interface {}(nil), Term:0, Index:0}
037646 INFO S2: (term 1) follower 收到 [0] AppendEntries [], prevIndex 0, prevTerm 0
037646 INFO S1: (term 1) follower 收到 [0] AppendEntries [], prevIndex 0, prevTerm 0
037647 LEAD S0: 2 append success next 1 match 0
037647 LEAD S0: 1 append success next 1 match 0
038147 LEAD S0: prevLog &raft.Entry{Command:interface {}(nil), Term:0, Index:0}
038147 LEAD S0: prevLog &raft.Entry{Command:interface {}(nil), Term:0, Index:0}
038148 INFO S2: (term 1) follower 收到 [0] AppendEntries [], prevIndex 0, prevTerm 0
038148 LEAD S0: 2 append success next 1 match 0
038148 INFO S1: (term 1) follower 收到 [0] AppendEntries [], prevIndex 0, prevTerm 0
038149 LEAD S0: 1 append success next 1 match 0
038650 LEAD S0: prevLog &raft.Entry{Command:interface {}(nil), Term:0, Index:0}
038650 LEAD S0: prevLog &raft.Entry{Command:interface {}(nil), Term:0, Index:0}
038651 INFO S2: (term 1) follower 收到 [0] AppendEntries [], prevIndex 0, prevTerm 0
038651 INFO S1: (term 1) follower 收到 [0] AppendEntries [], prevIndex 0, prevTerm 0
038652 LEAD S0: 2 append success next 1 match 0
038652 LEAD S0: 1 append success next 1 match 0
039152 LEAD S0: prevLog &raft.Entry{Command:interface {}(nil), Term:0, Index:0}
039152 LEAD S0: prevLog &raft.Entry{Command:interface {}(nil), Term:0, Index:0}
039153 INFO S2: (term 1) follower 收到 [0] AppendEntries [], prevIndex 0, prevTerm 0
039153 LEAD S0: 2 append success next 1 match 0
039153 INFO S1: (term 1) follower 收到 [0] AppendEntries [], prevIndex 0, prevTerm 0
039153 LEAD S0: 1 append success next 1 match 0
039653 LEAD S0: prevLog &raft.Entry{Command:interface {}(nil), Term:0, Index:0}
039653 LEAD S0: prevLog &raft.Entry{Command:interface {}(nil), Term:0, Index:0}
039654 INFO S1: (term 1) follower 收到 [0] AppendEntries [], prevIndex 0, prevTerm 0
039654 INFO S2: (term 1) follower 收到 [0] AppendEntries [], prevIndex 0, prevTerm 0
039654 LEAD S0: 1 append success next 1 match 0
039655 LEAD S0: 2 append success next 1 match 0
040155 LEAD S0: prevLog &raft.Entry{Command:interface {}(nil), Term:0, Index:0}
040155 LEAD S0: prevLog &raft.Entry{Command:interface {}(nil), Term:0, Index:0}
040156 INFO S2: (term 1) follower 收到 [0] AppendEntries [], prevIndex 0, prevTerm 0
040156 INFO S1: (term 1) follower 收到 [0] AppendEntries [], prevIndex 0, prevTerm 0
040156 LEAD S0: 2 append success next 1 match 0
040156 LEAD S0: 1 append success next 1 match 0
040657 LEAD S0: prevLog &raft.Entry{Command:interface {}(nil), Term:0, Index:0}
040657 LEAD S0: prevLog &raft.Entry{Command:interface {}(nil), Term:0, Index:0}
040658 INFO S1: (term 1) follower 收到 [0] AppendEntries [], prevIndex 0, prevTerm 0
040658 LEAD S0: 1 append success next 1 match 0
040658 INFO S2: (term 1) follower 收到 [0] AppendEntries [], prevIndex 0, prevTerm 0
040658 LEAD S0: 2 append success next 1 match 0
041159 LEAD S0: prevLog &raft.Entry{Command:interface {}(nil), Term:0, Index:0}
041159 LEAD S0: prevLog &raft.Entry{Command:interface {}(nil), Term:0, Index:0}
041160 INFO S1: (term 1) follower 收到 [0] AppendEntries [], prevIndex 0, prevTerm 0
041160 INFO S2: (term 1) follower 收到 [0] AppendEntries [], prevIndex 0, prevTerm 0
041160 LEAD S0: 1 append success next 1 match 0
041160 LEAD S0: 2 append success next 1 match 0
041660 LEAD S0: prevLog &raft.Entry{Command:interface {}(nil), Term:0, Index:0}
041660 LEAD S0: prevLog &raft.Entry{Command:interface {}(nil), Term:0, Index:0}
041661 INFO S1: (term 1) follower 收到 [0] AppendEntries [], prevIndex 0, prevTerm 0
041661 INFO S2: (term 1) follower 收到 [0] AppendEntries [], prevIndex 0, prevTerm 0
041661 LEAD S0: 1 append success next 1 match 0
041661 LEAD S0: 2 append success next 1 match 0
042162 LEAD S0: prevLog &raft.Entry{Command:interface {}(nil), Term:0, Index:0}
042162 LEAD S0: prevLog &raft.Entry{Command:interface {}(nil), Term:0, Index:0}
042163 INFO S1: (term 1) follower 收到 [0] AppendEntries [], prevIndex 0, prevTerm 0
042163 INFO S2: (term 1) follower 收到 [0] AppendEntries [], prevIndex 0, prevTerm 0
042163 LEAD S0: 1 append success next 1 match 0
042163 LEAD S0: 2 append success next 1 match 0
042664 LEAD S0: prevLog &raft.Entry{Command:interface {}(nil), Term:0, Index:0}
042664 LEAD S0: prevLog &raft.Entry{Command:interface {}(nil), Term:0, Index:0}
042664 INFO S1: (term 1) follower 收到 [0] AppendEntries [], prevIndex 0, prevTerm 0
042665 INFO S2: (term 1) follower 收到 [0] AppendEntries [], prevIndex 0, prevTerm 0
042665 LEAD S0: 1 append success next 1 match 0
042665 LEAD S0: 2 append success next 1 match 0
043165 LEAD S0: prevLog &raft.Entry{Command:interface {}(nil), Term:0, Index:0}
043165 LEAD S0: prevLog &raft.Entry{Command:interface {}(nil), Term:0, Index:0}
043166 INFO S2: (term 1) follower 收到 [0] AppendEntries [], prevIndex 0, prevTerm 0
043166 LEAD S0: 2 append success next 1 match 0
043167 INFO S1: (term 1) follower 收到 [0] AppendEntries [], prevIndex 0, prevTerm 0
043167 LEAD S0: 1 append success next 1 match 0
043668 LEAD S0: prevLog &raft.Entry{Command:interface {}(nil), Term:0, Index:0}
043668 LEAD S0: prevLog &raft.Entry{Command:interface {}(nil), Term:0, Index:0}
043669 INFO S2: (term 1) follower 收到 [0] AppendEntries [], prevIndex 0, prevTerm 0
043669 INFO S1: (term 1) follower 收到 [0] AppendEntries [], prevIndex 0, prevTerm 0
043669 LEAD S0: 2 append success next 1 match 0
043669 LEAD S0: 1 append success next 1 match 0
044170 LEAD S0: prevLog &raft.Entry{Command:interface {}(nil), Term:0, Index:0}
044171 LEAD S0: prevLog &raft.Entry{Command:interface {}(nil), Term:0, Index:0}
044171 INFO S1: (term 1) follower 收到 [0] AppendEntries [], prevIndex 0, prevTerm 0
044171 INFO S2: (term 1) follower 收到 [0] AppendEntries [], prevIndex 0, prevTerm 0
044172 LEAD S0: 1 append success next 1 match 0
044172 LEAD S0: 2 append success next 1 match 0
044672 LEAD S0: prevLog &raft.Entry{Command:interface {}(nil), Term:0, Index:0}
044672 LEAD S0: prevLog &raft.Entry{Command:interface {}(nil), Term:0, Index:0}
044673 INFO S1: (term 1) follower 收到 [0] AppendEntries [], prevIndex 0, prevTerm 0
044673 INFO S2: (term 1) follower 收到 [0] AppendEntries [], prevIndex 0, prevTerm 0
044673 LEAD S0: 1 append success next 1 match 0
044674 LEAD S0: 2 append success next 1 match 0
045174 LEAD S0: prevLog &raft.Entry{Command:interface {}(nil), Term:0, Index:0}
045174 LEAD S0: prevLog &raft.Entry{Command:interface {}(nil), Term:0, Index:0}
045175 INFO S2: (term 1) follower 收到 [0] AppendEntries [], prevIndex 0, prevTerm 0
045175 LEAD S0: 2 append success next 1 match 0
045175 INFO S1: (term 1) follower 收到 [0] AppendEntries [], prevIndex 0, prevTerm 0
045176 LEAD S0: 1 append success next 1 match 0
045677 LEAD S0: prevLog &raft.Entry{Command:interface {}(nil), Term:0, Index:0}
045677 LEAD S0: prevLog &raft.Entry{Command:interface {}(nil), Term:0, Index:0}
045678 INFO S1: (term 1) follower 收到 [0] AppendEntries [], prevIndex 0, prevTerm 0
045678 INFO S2: (term 1) follower 收到 [0] AppendEntries [], prevIndex 0, prevTerm 0
045678 LEAD S0: 1 append success next 1 match 0
045678 LEAD S0: 2 append success next 1 match 0
046178 LEAD S0: prevLog &raft.Entry{Command:interface {}(nil), Term:0, Index:0}
046178 LEAD S0: prevLog &raft.Entry{Command:interface {}(nil), Term:0, Index:0}
046179 INFO S2: (term 1) follower 收到 [0] AppendEntries [], prevIndex 0, prevTerm 0
046179 INFO S1: (term 1) follower 收到 [0] AppendEntries [], prevIndex 0, prevTerm 0
046179 LEAD S0: 2 append success next 1 match 0
046179 LEAD S0: 1 append success next 1 match 0
046681 LEAD S0: prevLog &raft.Entry{Command:interface {}(nil), Term:0, Index:0}
046681 LEAD S0: prevLog &raft.Entry{Command:interface {}(nil), Term:0, Index:0}
046682 INFO S2: (term 1) follower 收到 [0] AppendEntries [], prevIndex 0, prevTerm 0
046682 LEAD S0: 2 append success next 1 match 0
046682 INFO S1: (term 1) follower 收到 [0] AppendEntries [], prevIndex 0, prevTerm 0
046682 LEAD S0: 1 append success next 1 match 0
047182 LEAD S0: prevLog &raft.Entry{Command:interface {}(nil), Term:0, Index:0}
047183 LEAD S0: prevLog &raft.Entry{Command:interface {}(nil), Term:0, Index:0}
047183 INFO S2: (term 1) follower 收到 [0] AppendEntries [], prevIndex 0, prevTerm 0
047184 LEAD S0: 2 append success next 1 match 0
047184 INFO S1: (term 1) follower 收到 [0] AppendEntries [], prevIndex 0, prevTerm 0
047184 LEAD S0: 1 append success next 1 match 0
047684 LEAD S0: prevLog &raft.Entry{Command:interface {}(nil), Term:0, Index:0}
047684 LEAD S0: prevLog &raft.Entry{Command:interface {}(nil), Term:0, Index:0}
047685 INFO S1: (term 1) follower 收到 [0] AppendEntries [], prevIndex 0, prevTerm 0
047685 LEAD S0: 1 append success next 1 match 0
047685 INFO S2: (term 1) follower 收到 [0] AppendEntries [], prevIndex 0, prevTerm 0
047686 LEAD S0: 2 append success next 1 match 0
048187 LEAD S0: prevLog &raft.Entry{Command:interface {}(nil), Term:0, Index:0}
048187 LEAD S0: prevLog &raft.Entry{Command:interface {}(nil), Term:0, Index:0}
048188 INFO S1: (term 1) follower 收到 [0] AppendEntries [], prevIndex 0, prevTerm 0
048188 LEAD S0: 1 append success next 1 match 0
048188 INFO S2: (term 1) follower 收到 [0] AppendEntries [], prevIndex 0, prevTerm 0
048188 LEAD S0: 2 append success next 1 match 0
048690 LEAD S0: prevLog &raft.Entry{Command:interface {}(nil), Term:0, Index:0}
048690 LEAD S0: prevLog &raft.Entry{Command:interface {}(nil), Term:0, Index:0}
048691 INFO S2: (term 1) follower 收到 [0] AppendEntries [], prevIndex 0, prevTerm 0
048691 INFO S1: (term 1) follower 收到 [0] AppendEntries [], prevIndex 0, prevTerm 0
048691 LEAD S0: 2 append success next 1 match 0
048691 LEAD S0: 1 append success next 1 match 0
049191 LEAD S0: prevLog &raft.Entry{Command:interface {}(nil), Term:0, Index:0}
049192 LEAD S0: prevLog &raft.Entry{Command:interface {}(nil), Term:0, Index:0}
049192 INFO S1: (term 1) follower 收到 [0] AppendEntries [], prevIndex 0, prevTerm 0
049193 LEAD S0: 1 append success next 1 match 0
049193 INFO S2: (term 1) follower 收到 [0] AppendEntries [], prevIndex 0, prevTerm 0
049193 LEAD S0: 2 append success next 1 match 0
049693 LEAD S0: prevLog &raft.Entry{Command:interface {}(nil), Term:0, Index:0}
049693 LEAD S0: prevLog &raft.Entry{Command:interface {}(nil), Term:0, Index:0}
049694 INFO S2: (term 1) follower 收到 [0] AppendEntries [], prevIndex 0, prevTerm 0
049694 INFO S1: (term 1) follower 收到 [0] AppendEntries [], prevIndex 0, prevTerm 0
049694 LEAD S0: 2 append success next 1 match 0
049694 LEAD S0: 1 append success next 1 match 0
050195 LEAD S0: prevLog &raft.Entry{Command:interface {}(nil), Term:0, Index:0}
050195 LEAD S0: prevLog &raft.Entry{Command:interface {}(nil), Term:0, Index:0}
050196 INFO S1: (term 1) follower 收到 [0] AppendEntries [], prevIndex 0, prevTerm 0
050196 LEAD S0: 1 append success next 1 match 0
050196 INFO S2: (term 1) follower 收到 [0] AppendEntries [], prevIndex 0, prevTerm 0
050196 LEAD S0: 2 append success next 1 match 0
050698 LEAD S0: prevLog &raft.Entry{Command:interface {}(nil), Term:0, Index:0}
050698 LEAD S0: prevLog &raft.Entry{Command:interface {}(nil), Term:0, Index:0}
050699 INFO S2: (term 1) follower 收到 [0] AppendEntries [], prevIndex 0, prevTerm 0
050699 INFO S1: (term 1) follower 收到 [0] AppendEntries [], prevIndex 0, prevTerm 0
050699 LEAD S0: 1 append success next 1 match 0
050699 LEAD S0: 2 append success next 1 match 0
051201 LEAD S0: prevLog &raft.Entry{Command:interface {}(nil), Term:0, Index:0}
051201 LEAD S0: prevLog &raft.Entry{Command:interface {}(nil), Term:0, Index:0}
051202 INFO S1: (term 1) follower 收到 [0] AppendEntries [], prevIndex 0, prevTerm 0
051202 INFO S2: (term 1) follower 收到 [0] AppendEntries [], prevIndex 0, prevTerm 0
051202 LEAD S0: 1 append success next 1 match 0
051202 LEAD S0: 2 append success next 1 match 0
051702 LEAD S0: prevLog &raft.Entry{Command:interface {}(nil), Term:0, Index:0}
051702 LEAD S0: prevLog &raft.Entry{Command:interface {}(nil), Term:0, Index:0}
051703 INFO S1: (term 1) follower 收到 [0] AppendEntries [], prevIndex 0, prevTerm 0
051703 INFO S2: (term 1) follower 收到 [0] AppendEntries [], prevIndex 0, prevTerm 0
051704 LEAD S0: 2 append success next 1 match 0
051704 LEAD S0: 1 append success next 1 match 0
052204 LEAD S0: prevLog &raft.Entry{Command:interface {}(nil), Term:0, Index:0}
052204 LEAD S0: prevLog &raft.Entry{Command:interface {}(nil), Term:0, Index:0}
052205 INFO S1: (term 1) follower 收到 [0] AppendEntries [], prevIndex 0, prevTerm 0
052205 INFO S2: (term 1) follower 收到 [0] AppendEntries [], prevIndex 0, prevTerm 0
052205 LEAD S0: 1 append success next 1 match 0
052205 LEAD S0: 2 append success next 1 match 0
052706 LEAD S0: prevLog &raft.Entry{Command:interface {}(nil), Term:0, Index:0}
052706 LEAD S0: prevLog &raft.Entry{Command:interface {}(nil), Term:0, Index:0}
052707 INFO S1: (term 1) follower 收到 [0] AppendEntries [], prevIndex 0, prevTerm 0
052707 INFO S2: (term 1) follower 收到 [0] AppendEntries [], prevIndex 0, prevTerm 0
052707 LEAD S0: 1 append success next 1 match 0
052707 LEAD S0: 2 append success next 1 match 0
053208 LEAD S0: prevLog &raft.Entry{Command:interface {}(nil), Term:0, Index:0}
053208 LEAD S0: prevLog &raft.Entry{Command:interface {}(nil), Term:0, Index:0}
053209 INFO S1: (term 1) follower 收到 [0] AppendEntries [], prevIndex 0, prevTerm 0
053209 INFO S2: (term 1) follower 收到 [0] AppendEntries [], prevIndex 0, prevTerm 0
053209 LEAD S0: 1 append success next 1 match 0
053209 LEAD S0: 2 append success next 1 match 0
053709 LEAD S0: prevLog &raft.Entry{Command:interface {}(nil), Term:0, Index:0}
053709 LEAD S0: prevLog &raft.Entry{Command:interface {}(nil), Term:0, Index:0}
053710 INFO S2: (term 1) follower 收到 [0] AppendEntries [], prevIndex 0, prevTerm 0
053710 LEAD S0: 2 append success next 1 match 0
053710 INFO S1: (term 1) follower 收到 [0] AppendEntries [], prevIndex 0, prevTerm 0
053711 LEAD S0: 1 append success next 1 match 0
054211 LEAD S0: prevLog &raft.Entry{Command:interface {}(nil), Term:0, Index:0}
054211 LEAD S0: prevLog &raft.Entry{Command:interface {}(nil), Term:0, Index:0}
054212 INFO S1: (term 1) follower 收到 [0] AppendEntries [], prevIndex 0, prevTerm 0
054212 LEAD S0: 1 append success next 1 match 0
054212 INFO S2: (term 1) follower 收到 [0] AppendEntries [], prevIndex 0, prevTerm 0
054213 LEAD S0: 2 append success next 1 match 0
054714 LEAD S0: prevLog &raft.Entry{Command:interface {}(nil), Term:0, Index:0}
054714 LEAD S0: prevLog &raft.Entry{Command:interface {}(nil), Term:0, Index:0}
054715 INFO S2: (term 1) follower 收到 [0] AppendEntries [], prevIndex 0, prevTerm 0
054715 INFO S1: (term 1) follower 收到 [0] AppendEntries [], prevIndex 0, prevTerm 0
054715 LEAD S0: 2 append success next 1 match 0
054715 LEAD S0: 1 append success next 1 match 0
055216 LEAD S0: prevLog &raft.Entry{Command:interface {}(nil), Term:0, Index:0}
055216 LEAD S0: prevLog &raft.Entry{Command:interface {}(nil), Term:0, Index:0}
055217 INFO S1: (term 1) follower 收到 [0] AppendEntries [], prevIndex 0, prevTerm 0
055217 INFO S2: (term 1) follower 收到 [0] AppendEntries [], prevIndex 0, prevTerm 0
055217 LEAD S0: 1 append success next 1 match 0
055217 LEAD S0: 2 append success next 1 match 0
055717 LEAD S0: prevLog &raft.Entry{Command:interface {}(nil), Term:0, Index:0}
055718 LEAD S0: prevLog &raft.Entry{Command:interface {}(nil), Term:0, Index:0}
055718 INFO S1: (term 1) follower 收到 [0] AppendEntries [], prevIndex 0, prevTerm 0
055718 INFO S2: (term 1) follower 收到 [0] AppendEntries [], prevIndex 0, prevTerm 0
055719 LEAD S0: 1 append success next 1 match 0
055719 LEAD S0: 2 append success next 1 match 0
056219 LEAD S0: prevLog &raft.Entry{Command:interface {}(nil), Term:0, Index:0}
056219 LEAD S0: prevLog &raft.Entry{Command:interface {}(nil), Term:0, Index:0}
056220 INFO S1: (term 1) follower 收到 [0] AppendEntries [], prevIndex 0, prevTerm 0
056220 INFO S2: (term 1) follower 收到 [0] AppendEntries [], prevIndex 0, prevTerm 0
056221 LEAD S0: 1 append success next 1 match 0
056221 LEAD S0: 2 append success next 1 match 0
056721 LEAD S0: prevLog &raft.Entry{Command:interface {}(nil), Term:0, Index:0}
056721 LEAD S0: prevLog &raft.Entry{Command:interface {}(nil), Term:0, Index:0}
056722 INFO S1: (term 1) follower 收到 [0] AppendEntries [], prevIndex 0, prevTerm 0
056722 INFO S2: (term 1) follower 收到 [0] AppendEntries [], prevIndex 0, prevTerm 0
056722 LEAD S0: 1 append success next 1 match 0
056722 LEAD S0: 2 append success next 1 match 0
057223 LEAD S0: prevLog &raft.Entry{Command:interface {}(nil), Term:0, Index:0}
057223 LEAD S0: prevLog &raft.Entry{Command:interface {}(nil), Term:0, Index:0}
057224 INFO S1: (term 1) follower 收到 [0] AppendEntries [], prevIndex 0, prevTerm 0
057224 INFO S2: (term 1) follower 收到 [0] AppendEntries [], prevIndex 0, prevTerm 0
057224 LEAD S0: 1 append success next 1 match 0
057224 LEAD S0: 2 append success next 1 match 0
057725 LEAD S0: prevLog &raft.Entry{Command:interface {}(nil), Term:0, Index:0}
057725 LEAD S0: prevLog &raft.Entry{Command:interface {}(nil), Term:0, Index:0}
057726 INFO S1: (term 1) follower 收到 [0] AppendEntries [], prevIndex 0, prevTerm 0
057726 INFO S2: (term 1) follower 收到 [0] AppendEntries [], prevIndex 0, prevTerm 0
057726 LEAD S0: 1 append success next 1 match 0
057726 LEAD S0: 2 append success next 1 match 0
058226 LEAD S0: prevLog &raft.Entry{Command:interface {}(nil), Term:0, Index:0}
058226 LEAD S0: prevLog &raft.Entry{Command:interface {}(nil), Term:0, Index:0}
058227 INFO S2: (term 1) follower 收到 [0] AppendEntries [], prevIndex 0, prevTerm 0
058228 LEAD S0: 2 append success next 1 match 0
058227 INFO S1: (term 1) follower 收到 [0] AppendEntries [], prevIndex 0, prevTerm 0
058228 LEAD S0: 1 append success next 1 match 0
058728 LEAD S0: prevLog &raft.Entry{Command:interface {}(nil), Term:0, Index:0}
058728 LEAD S0: prevLog &raft.Entry{Command:interface {}(nil), Term:0, Index:0}
058729 INFO S1: (term 1) follower 收到 [0] AppendEntries [], prevIndex 0, prevTerm 0
058729 INFO S2: (term 1) follower 收到 [0] AppendEntries [], prevIndex 0, prevTerm 0
058729 LEAD S0: 1 append success next 1 match 0
058729 LEAD S0: 2 append success next 1 match 0
059230 LEAD S0: prevLog &raft.Entry{Command:interface {}(nil), Term:0, Index:0}
059230 LEAD S0: prevLog &raft.Entry{Command:interface {}(nil), Term:0, Index:0}
059231 INFO S1: (term 1) follower 收到 [0] AppendEntries [], prevIndex 0, prevTerm 0
059231 INFO S2: (term 1) follower 收到 [0] AppendEntries [], prevIndex 0, prevTerm 0
059231 LEAD S0: 1 append success next 1 match 0
059231 LEAD S0: 2 append success next 1 match 0
059733 LEAD S0: prevLog &raft.Entry{Command:interface {}(nil), Term:0, Index:0}
059733 LEAD S0: prevLog &raft.Entry{Command:interface {}(nil), Term:0, Index:0}
059734 INFO S2: (term 1) follower 收到 [0] AppendEntries [], prevIndex 0, prevTerm 0
059735 LEAD S0: 2 append success next 1 match 0
059734 INFO S1: (term 1) follower 收到 [0] AppendEntries [], prevIndex 0, prevTerm 0
059735 LEAD S0: 1 append success next 1 match 0
060236 LEAD S0: prevLog &raft.Entry{Command:interface {}(nil), Term:0, Index:0}
060236 LEAD S0: prevLog &raft.Entry{Command:interface {}(nil), Term:0, Index:0}
060236 INFO S2: (term 1) follower 收到 [0] AppendEntries [], prevIndex 0, prevTerm 0
060237 LEAD S0: 2 append success next 1 match 0
060237 INFO S1: (term 1) follower 收到 [0] AppendEntries [], prevIndex 0, prevTerm 0
060237 LEAD S0: 1 append success next 1 match 0
060738 LEAD S0: prevLog &raft.Entry{Command:interface {}(nil), Term:0, Index:0}
060738 LEAD S0: prevLog &raft.Entry{Command:interface {}(nil), Term:0, Index:0}
060739 INFO S2: (term 1) follower 收到 [0] AppendEntries [], prevIndex 0, prevTerm 0
060739 INFO S1: (term 1) follower 收到 [0] AppendEntries [], prevIndex 0, prevTerm 0
060739 LEAD S0: 1 append success next 1 match 0
060739 LEAD S0: 2 append success next 1 match 0
061240 LEAD S0: prevLog &raft.Entry{Command:interface {}(nil), Term:0, Index:0}
061240 LEAD S0: prevLog &raft.Entry{Command:interface {}(nil), Term:0, Index:0}
061241 INFO S2: (term 1) follower 收到 [0] AppendEntries [], prevIndex 0, prevTerm 0
061242 INFO S1: (term 1) follower 收到 [0] AppendEntries [], prevIndex 0, prevTerm 0
061242 LEAD S0: 1 append success next 1 match 0
061242 LEAD S0: 2 append success next 1 match 0
061741 LEAD S0: prevLog &raft.Entry{Command:interface {}(nil), Term:0, Index:0}
061741 LEAD S0: prevLog &raft.Entry{Command:interface {}(nil), Term:0, Index:0}
061742 INFO S1: (term 1) follower 收到 [0] AppendEntries [], prevIndex 0, prevTerm 0
061742 INFO S2: (term 1) follower 收到 [0] AppendEntries [], prevIndex 0, prevTerm 0
061742 LEAD S0: 1 append success next 1 match 0
061742 LEAD S0: 2 append success next 1 match 0
062243 LEAD S0: prevLog &raft.Entry{Command:interface {}(nil), Term:0, Index:0}
062243 LEAD S0: prevLog &raft.Entry{Command:interface {}(nil), Term:0, Index:0}
062244 INFO S2: (term 1) follower 收到 [0] AppendEntries [], prevIndex 0, prevTerm 0
062244 LEAD S0: 2 append success next 1 match 0
062244 INFO S1: (term 1) follower 收到 [0] AppendEntries [], prevIndex 0, prevTerm 0
062244 LEAD S0: 1 append success next 1 match 0
062744 LEAD S0: prevLog &raft.Entry{Command:interface {}(nil), Term:0, Index:0}
062745 LEAD S0: prevLog &raft.Entry{Command:interface {}(nil), Term:0, Index:0}
062745 INFO S1: (term 1) follower 收到 [0] AppendEntries [], prevIndex 0, prevTerm 0
062745 INFO S2: (term 1) follower 收到 [0] AppendEntries [], prevIndex 0, prevTerm 0
062746 LEAD S0: 1 append success next 1 match 0
062746 LEAD S0: 2 append success next 1 match 0
063246 LEAD S0: prevLog &raft.Entry{Command:interface {}(nil), Term:0, Index:0}
063246 LEAD S0: prevLog &raft.Entry{Command:interface {}(nil), Term:0, Index:0}
063247 INFO S1: (term 1) follower 收到 [0] AppendEntries [], prevIndex 0, prevTerm 0
063247 INFO S2: (term 1) follower 收到 [0] AppendEntries [], prevIndex 0, prevTerm 0
063248 LEAD S0: 1 append success next 1 match 0
063248 LEAD S0: 2 append success next 1 match 0
063748 LEAD S0: prevLog &raft.Entry{Command:interface {}(nil), Term:0, Index:0}
063748 LEAD S0: prevLog &raft.Entry{Command:interface {}(nil), Term:0, Index:0}
063749 INFO S2: (term 1) follower 收到 [0] AppendEntries [], prevIndex 0, prevTerm 0
063749 LEAD S0: 2 append success next 1 match 0
063749 INFO S1: (term 1) follower 收到 [0] AppendEntries [], prevIndex 0, prevTerm 0
063750 LEAD S0: 1 append success next 1 match 0
064249 LEAD S0: prevLog &raft.Entry{Command:interface {}(nil), Term:0, Index:0}
064250 LEAD S0: prevLog &raft.Entry{Command:interface {}(nil), Term:0, Index:0}
064250 INFO S2: (term 1) follower 收到 [0] AppendEntries [], prevIndex 0, prevTerm 0
064250 INFO S1: (term 1) follower 收到 [0] AppendEntries [], prevIndex 0, prevTerm 0
064250 LEAD S0: 2 append success next 1 match 0
064251 LEAD S0: 1 append success next 1 match 0
064751 LEAD S0: prevLog &raft.Entry{Command:interface {}(nil), Term:0, Index:0}
064751 LEAD S0: prevLog &raft.Entry{Command:interface {}(nil), Term:0, Index:0}
064752 INFO S2: (term 1) follower 收到 [0] AppendEntries [], prevIndex 0, prevTerm 0
064753 LEAD S0: 2 append success next 1 match 0
064752 INFO S1: (term 1) follower 收到 [0] AppendEntries [], prevIndex 0, prevTerm 0
064753 LEAD S0: 1 append success next 1 match 0
065253 LEAD S0: prevLog &raft.Entry{Command:interface {}(nil), Term:0, Index:0}
065253 LEAD S0: prevLog &raft.Entry{Command:interface {}(nil), Term:0, Index:0}
065254 INFO S1: (term 1) follower 收到 [0] AppendEntries [], prevIndex 0, prevTerm 0
065254 INFO S2: (term 1) follower 收到 [0] AppendEntries [], prevIndex 0, prevTerm 0
065254 LEAD S0: 1 append success next 1 match 0
065255 LEAD S0: 2 append success next 1 match 0
065755 LEAD S0: prevLog &raft.Entry{Command:interface {}(nil), Term:0, Index:0}
065755 LEAD S0: prevLog &raft.Entry{Command:interface {}(nil), Term:0, Index:0}
065755 INFO S1: (term 1) follower 收到 [0] AppendEntries [], prevIndex 0, prevTerm 0
065756 LEAD S0: 1 append success next 1 match 0
065756 INFO S2: (term 1) follower 收到 [0] AppendEntries [], prevIndex 0, prevTerm 0
065756 LEAD S0: 2 append success next 1 match 0
066256 LEAD S0: prevLog &raft.Entry{Command:interface {}(nil), Term:0, Index:0}
066257 LEAD S0: prevLog &raft.Entry{Command:interface {}(nil), Term:0, Index:0}
066257 INFO S2: (term 1) follower 收到 [0] AppendEntries [], prevIndex 0, prevTerm 0
066258 LEAD S0: 2 append success next 1 match 0
066257 INFO S1: (term 1) follower 收到 [0] AppendEntries [], prevIndex 0, prevTerm 0
066258 LEAD S0: 1 append success next 1 match 0
066758 LEAD S0: prevLog &raft.Entry{Command:interface {}(nil), Term:0, Index:0}
066758 LEAD S0: prevLog &raft.Entry{Command:interface {}(nil), Term:0, Index:0}
066759 INFO S2: (term 1) follower 收到 [0] AppendEntries [], prevIndex 0, prevTerm 0
066759 INFO S1: (term 1) follower 收到 [0] AppendEntries [], prevIndex 0, prevTerm 0
066759 LEAD S0: 2 append success next 1 match 0
066759 LEAD S0: 1 append success next 1 match 0
067260 LEAD S0: prevLog &raft.Entry{Command:interface {}(nil), Term:0, Index:0}
067260 LEAD S0: prevLog &raft.Entry{Command:interface {}(nil), Term:0, Index:0}
067261 INFO S1: (term 1) follower 收到 [0] AppendEntries [], prevIndex 0, prevTerm 0
067261 INFO S2: (term 1) follower 收到 [0] AppendEntries [], prevIndex 0, prevTerm 0
067261 LEAD S0: 1 append success next 1 match 0
067261 LEAD S0: 2 append success next 1 match 0
067761 LEAD S0: prevLog &raft.Entry{Command:interface {}(nil), Term:0, Index:0}
067761 LEAD S0: prevLog &raft.Entry{Command:interface {}(nil), Term:0, Index:0}
067762 INFO S2: (term 1) follower 收到 [0] AppendEntries [], prevIndex 0, prevTerm 0
067762 INFO S1: (term 1) follower 收到 [0] AppendEntries [], prevIndex 0, prevTerm 0
067763 LEAD S0: 2 append success next 1 match 0
067763 LEAD S0: 1 append success next 1 match 0
068263 LEAD S0: prevLog &raft.Entry{Command:interface {}(nil), Term:0, Index:0}
068263 LEAD S0: prevLog &raft.Entry{Command:interface {}(nil), Term:0, Index:0}
068264 INFO S2: (term 1) follower 收到 [0] AppendEntries [], prevIndex 0, prevTerm 0
068264 INFO S1: (term 1) follower 收到 [0] AppendEntries [], prevIndex 0, prevTerm 0
068264 LEAD S0: 1 append success next 1 match 0
068264 LEAD S0: 2 append success next 1 match 0
068765 LEAD S0: prevLog &raft.Entry{Command:interface {}(nil), Term:0, Index:0}
068765 LEAD S0: prevLog &raft.Entry{Command:interface {}(nil), Term:0, Index:0}
068766 INFO S1: (term 1) follower 收到 [0] AppendEntries [], prevIndex 0, prevTerm 0
068766 INFO S2: (term 1) follower 收到 [0] AppendEntries [], prevIndex 0, prevTerm 0
068766 LEAD S0: 1 append success next 1 match 0
068767 LEAD S0: 2 append success next 1 match 0
069267 LEAD S0: prevLog &raft.Entry{Command:interface {}(nil), Term:0, Index:0}
069267 LEAD S0: prevLog &raft.Entry{Command:interface {}(nil), Term:0, Index:0}
069268 INFO S1: (term 1) follower 收到 [0] AppendEntries [], prevIndex 0, prevTerm 0
069268 INFO S2: (term 1) follower 收到 [0] AppendEntries [], prevIndex 0, prevTerm 0
069268 LEAD S0: 1 append success next 1 match 0
069268 LEAD S0: 2 append success next 1 match 0
069768 LEAD S0: prevLog &raft.Entry{Command:interface {}(nil), Term:0, Index:0}
069768 LEAD S0: prevLog &raft.Entry{Command:interface {}(nil), Term:0, Index:0}
069769 INFO S2: (term 1) follower 收到 [0] AppendEntries [], prevIndex 0, prevTerm 0
069769 LEAD S0: 2 append success next 1 match 0
069770 INFO S1: (term 1) follower 收到 [0] AppendEntries [], prevIndex 0, prevTerm 0
069770 LEAD S0: 1 append success next 1 match 0
070270 LEAD S0: prevLog &raft.Entry{Command:interface {}(nil), Term:0, Index:0}
070270 LEAD S0: prevLog &raft.Entry{Command:interface {}(nil), Term:0, Index:0}
070271 INFO S1: (term 1) follower 收到 [0] AppendEntries [], prevIndex 0, prevTerm 0
070271 INFO S2: (term 1) follower 收到 [0] AppendEntries [], prevIndex 0, prevTerm 0
070271 LEAD S0: 1 append success next 1 match 0
070271 LEAD S0: 2 append success next 1 match 0
070771 LEAD S0: prevLog &raft.Entry{Command:interface {}(nil), Term:0, Index:0}
070771 LEAD S0: prevLog &raft.Entry{Command:interface {}(nil), Term:0, Index:0}
070772 INFO S1: (term 1) follower 收到 [0] AppendEntries [], prevIndex 0, prevTerm 0
070772 INFO S2: (term 1) follower 收到 [0] AppendEntries [], prevIndex 0, prevTerm 0
070773 LEAD S0: 1 append success next 1 match 0
070773 LEAD S0: 2 append success next 1 match 0
071273 LEAD S0: prevLog &raft.Entry{Command:interface {}(nil), Term:0, Index:0}
071274 LEAD S0: prevLog &raft.Entry{Command:interface {}(nil), Term:0, Index:0}
071274 INFO S1: (term 1) follower 收到 [0] AppendEntries [], prevIndex 0, prevTerm 0
071274 INFO S2: (term 1) follower 收到 [0] AppendEntries [], prevIndex 0, prevTerm 0
071276 LEAD S0: 1 append success next 1 match 0
071276 LEAD S0: 2 append success next 1 match 0
071775 LEAD S0: prevLog &raft.Entry{Command:interface {}(nil), Term:0, Index:0}
071775 LEAD S0: prevLog &raft.Entry{Command:interface {}(nil), Term:0, Index:0}
071776 INFO S1: (term 1) follower 收到 [0] AppendEntries [], prevIndex 0, prevTerm 0
071776 INFO S2: (term 1) follower 收到 [0] AppendEntries [], prevIndex 0, prevTerm 0
071777 LEAD S0: 1 append success next 1 match 0
071777 LEAD S0: 2 append success next 1 match 0
072277 LEAD S0: prevLog &raft.Entry{Command:interface {}(nil), Term:0, Index:0}
072277 LEAD S0: prevLog &raft.Entry{Command:interface {}(nil), Term:0, Index:0}
072277 INFO S2: (term 1) follower 收到 [0] AppendEntries [], prevIndex 0, prevTerm 0
072277 INFO S1: (term 1) follower 收到 [0] AppendEntries [], prevIndex 0, prevTerm 0
072278 LEAD S0: 1 append success next 1 match 0
072278 LEAD S0: 2 append success next 1 match 0
072779 LEAD S0: prevLog &raft.Entry{Command:interface {}(nil), Term:0, Index:0}
072779 LEAD S0: prevLog &raft.Entry{Command:interface {}(nil), Term:0, Index:0}
072780 INFO S1: (term 1) follower 收到 [0] AppendEntries [], prevIndex 0, prevTerm 0
072780 INFO S2: (term 1) follower 收到 [0] AppendEntries [], prevIndex 0, prevTerm 0
072780 LEAD S0: 1 append success next 1 match 0
072780 LEAD S0: 2 append success next 1 match 0
073280 LEAD S0: prevLog &raft.Entry{Command:interface {}(nil), Term:0, Index:0}
073280 LEAD S0: prevLog &raft.Entry{Command:interface {}(nil), Term:0, Index:0}
073281 INFO S1: (term 1) follower 收到 [0] AppendEntries [], prevIndex 0, prevTerm 0
073281 INFO S2: (term 1) follower 收到 [0] AppendEntries [], prevIndex 0, prevTerm 0
073281 LEAD S0: 1 append success next 1 match 0
073281 LEAD S0: 2 append success next 1 match 0
073782 LEAD S0: prevLog &raft.Entry{Command:interface {}(nil), Term:0, Index:0}
073782 LEAD S0: prevLog &raft.Entry{Command:interface {}(nil), Term:0, Index:0}
073783 INFO S1: (term 1) follower 收到 [0] AppendEntries [], prevIndex 0, prevTerm 0
073783 INFO S2: (term 1) follower 收到 [0] AppendEntries [], prevIndex 0, prevTerm 0
073783 LEAD S0: 1 append success next 1 match 0
073783 LEAD S0: 2 append success next 1 match 0
074284 LEAD S0: prevLog &raft.Entry{Command:interface {}(nil), Term:0, Index:0}
074284 LEAD S0: prevLog &raft.Entry{Command:interface {}(nil), Term:0, Index:0}
074285 INFO S1: (term 1) follower 收到 [0] AppendEntries [], prevIndex 0, prevTerm 0
074285 INFO S2: (term 1) follower 收到 [0] AppendEntries [], prevIndex 0, prevTerm 0
074285 LEAD S0: 1 append success next 1 match 0
074286 LEAD S0: 2 append success next 1 match 0
074785 LEAD S0: prevLog &raft.Entry{Command:interface {}(nil), Term:0, Index:0}
074786 LEAD S0: prevLog &raft.Entry{Command:interface {}(nil), Term:0, Index:0}
074786 INFO S1: (term 1) follower 收到 [0] AppendEntries [], prevIndex 0, prevTerm 0
074787 INFO S2: (term 1) follower 收到 [0] AppendEntries [], prevIndex 0, prevTerm 0
074787 LEAD S0: 1 append success next 1 match 0
074787 LEAD S0: 2 append success next 1 match 0
075287 LEAD S0: prevLog &raft.Entry{Command:interface {}(nil), Term:0, Index:0}
075287 LEAD S0: prevLog &raft.Entry{Command:interface {}(nil), Term:0, Index:0}
075288 INFO S2: (term 1) follower 收到 [0] AppendEntries [], prevIndex 0, prevTerm 0
075289 INFO S1: (term 1) follower 收到 [0] AppendEntries [], prevIndex 0, prevTerm 0
075289 LEAD S0: 2 append success next 1 match 0
075289 LEAD S0: 1 append success next 1 match 0
075789 LEAD S0: prevLog &raft.Entry{Command:interface {}(nil), Term:0, Index:0}
075790 LEAD S0: prevLog &raft.Entry{Command:interface {}(nil), Term:0, Index:0}
075790 INFO S1: (term 1) follower 收到 [0] AppendEntries [], prevIndex 0, prevTerm 0
075790 INFO S2: (term 1) follower 收到 [0] AppendEntries [], prevIndex 0, prevTerm 0
075791 LEAD S0: 2 append success next 1 match 0
075791 LEAD S0: 1 append success next 1 match 0
076291 LEAD S0: prevLog &raft.Entry{Command:interface {}(nil), Term:0, Index:0}
076291 LEAD S0: prevLog &raft.Entry{Command:interface {}(nil), Term:0, Index:0}
076292 INFO S1: (term 1) follower 收到 [0] AppendEntries [], prevIndex 0, prevTerm 0
076292 LEAD S0: 1 append success next 1 match 0
076292 INFO S2: (term 1) follower 收到 [0] AppendEntries [], prevIndex 0, prevTerm 0
076292 LEAD S0: 2 append success next 1 match 0
076792 LEAD S0: prevLog &raft.Entry{Command:interface {}(nil), Term:0, Index:0}
076792 LEAD S0: prevLog &raft.Entry{Command:interface {}(nil), Term:0, Index:0}
076793 INFO S1: (term 1) follower 收到 [0] AppendEntries [], prevIndex 0, prevTerm 0
076793 INFO S2: (term 1) follower 收到 [0] AppendEntries [], prevIndex 0, prevTerm 0
076793 LEAD S0: 1 append success next 1 match 0
076793 LEAD S0: 2 append success next 1 match 0
077294 LEAD S0: prevLog &raft.Entry{Command:interface {}(nil), Term:0, Index:0}
077294 LEAD S0: prevLog &raft.Entry{Command:interface {}(nil), Term:0, Index:0}
077295 INFO S2: (term 1) follower 收到 [0] AppendEntries [], prevIndex 0, prevTerm 0
077295 INFO S1: (term 1) follower 收到 [0] AppendEntries [], prevIndex 0, prevTerm 0
077295 LEAD S0: 2 append success next 1 match 0
077296 LEAD S0: 1 append success next 1 match 0
077796 LEAD S0: prevLog &raft.Entry{Command:interface {}(nil), Term:0, Index:0}
077796 LEAD S0: prevLog &raft.Entry{Command:interface {}(nil), Term:0, Index:0}
077797 INFO S1: (term 1) follower 收到 [0] AppendEntries [], prevIndex 0, prevTerm 0
077797 INFO S2: (term 1) follower 收到 [0] AppendEntries [], prevIndex 0, prevTerm 0
077797 LEAD S0: 1 append success next 1 match 0
077797 LEAD S0: 2 append success next 1 match 0
078297 LEAD S0: prevLog &raft.Entry{Command:interface {}(nil), Term:0, Index:0}
078297 LEAD S0: prevLog &raft.Entry{Command:interface {}(nil), Term:0, Index:0}
078298 INFO S2: (term 1) follower 收到 [0] AppendEntries [], prevIndex 0, prevTerm 0
078298 INFO S1: (term 1) follower 收到 [0] AppendEntries [], prevIndex 0, prevTerm 0
078298 LEAD S0: 2 append success next 1 match 0
078298 LEAD S0: 1 append success next 1 match 0
078799 LEAD S0: prevLog &raft.Entry{Command:interface {}(nil), Term:0, Index:0}
078799 LEAD S0: prevLog &raft.Entry{Command:interface {}(nil), Term:0, Index:0}
078799 INFO S2: (term 1) follower 收到 [0] AppendEntries [], prevIndex 0, prevTerm 0
078800 LEAD S0: 2 append success next 1 match 0
078800 INFO S1: (term 1) follower 收到 [0] AppendEntries [], prevIndex 0, prevTerm 0
078800 LEAD S0: 1 append success next 1 match 0
079300 LEAD S0: prevLog &raft.Entry{Command:interface {}(nil), Term:0, Index:0}
079300 LEAD S0: prevLog &raft.Entry{Command:interface {}(nil), Term:0, Index:0}
079301 INFO S2: (term 1) follower 收到 [0] AppendEntries [], prevIndex 0, prevTerm 0
079301 INFO S1: (term 1) follower 收到 [0] AppendEntries [], prevIndex 0, prevTerm 0
079301 LEAD S0: 2 append success next 1 match 0
079302 LEAD S0: 1 append success next 1 match 0
079802 LEAD S0: prevLog &raft.Entry{Command:interface {}(nil), Term:0, Index:0}
079802 LEAD S0: prevLog &raft.Entry{Command:interface {}(nil), Term:0, Index:0}
079803 INFO S2: (term 1) follower 收到 [0] AppendEntries [], prevIndex 0, prevTerm 0
079803 INFO S1: (term 1) follower 收到 [0] AppendEntries [], prevIndex 0, prevTerm 0
079803 LEAD S0: 2 append success next 1 match 0
079803 LEAD S0: 1 append success next 1 match 0
080304 LEAD S0: prevLog &raft.Entry{Command:interface {}(nil), Term:0, Index:0}
080304 LEAD S0: prevLog &raft.Entry{Command:interface {}(nil), Term:0, Index:0}
080305 INFO S1: (term 1) follower 收到 [0] AppendEntries [], prevIndex 0, prevTerm 0
080306 INFO S2: (term 1) follower 收到 [0] AppendEntries [], prevIndex 0, prevTerm 0
080306 LEAD S0: 1 append success next 1 match 0
080306 LEAD S0: 2 append success next 1 match 0
080806 LEAD S0: prevLog &raft.Entry{Command:interface {}(nil), Term:0, Index:0}
080806 LEAD S0: prevLog &raft.Entry{Command:interface {}(nil), Term:0, Index:0}
080807 INFO S2: (term 1) follower 收到 [0] AppendEntries [], prevIndex 0, prevTerm 0
080807 LEAD S0: 2 append success next 1 match 0
080808 INFO S1: (term 1) follower 收到 [0] AppendEntries [], prevIndex 0, prevTerm 0
080808 LEAD S0: 1 append success next 1 match 0
081308 LEAD S0: prevLog &raft.Entry{Command:interface {}(nil), Term:0, Index:0}
081308 LEAD S0: prevLog &raft.Entry{Command:interface {}(nil), Term:0, Index:0}
081309 INFO S1: (term 1) follower 收到 [0] AppendEntries [], prevIndex 0, prevTerm 0
081309 INFO S2: (term 1) follower 收到 [0] AppendEntries [], prevIndex 0, prevTerm 0
081309 LEAD S0: 1 append success next 1 match 0
081309 LEAD S0: 2 append success next 1 match 0
081811 LEAD S0: prevLog &raft.Entry{Command:interface {}(nil), Term:0, Index:0}
081832 LEAD S0: prevLog &raft.Entry{Command:interface {}(nil), Term:0, Index:0}
081834 INFO S2: (term 1) follower 收到 [0] AppendEntries [], prevIndex 0, prevTerm 0
081834 INFO S1: (term 1) follower 收到 [0] AppendEntries [], prevIndex 0, prevTerm 0
081834 LEAD S0: 1 append success next 1 match 0
081835 LEAD S0: 2 append success next 1 match 0
082333 LEAD S0: prevLog &raft.Entry{Command:interface {}(nil), Term:0, Index:0}
082334 LEAD S0: prevLog &raft.Entry{Command:interface {}(nil), Term:0, Index:0}
082334 INFO S2: (term 1) follower 收到 [0] AppendEntries [], prevIndex 0, prevTerm 0
082334 INFO S1: (term 1) follower 收到 [0] AppendEntries [], prevIndex 0, prevTerm 0
082335 LEAD S0: 2 append success next 1 match 0
082335 LEAD S0: 1 append success next 1 match 0
082837 LEAD S0: prevLog &raft.Entry{Command:interface {}(nil), Term:0, Index:0}
082837 LEAD S0: prevLog &raft.Entry{Command:interface {}(nil), Term:0, Index:0}
082838 INFO S2: (term 1) follower 收到 [0] AppendEntries [], prevIndex 0, prevTerm 0
082838 INFO S1: (term 1) follower 收到 [0] AppendEntries [], prevIndex 0, prevTerm 0
082838 LEAD S0: 2 append success next 1 match 0
082838 LEAD S0: 1 append success next 1 match 0
083340 LEAD S0: prevLog &raft.Entry{Command:interface {}(nil), Term:0, Index:0}
083340 LEAD S0: prevLog &raft.Entry{Command:interface {}(nil), Term:0, Index:0}
083341 INFO S1: (term 1) follower 收到 [0] AppendEntries [], prevIndex 0, prevTerm 0
083341 INFO S2: (term 1) follower 收到 [0] AppendEntries [], prevIndex 0, prevTerm 0
083341 LEAD S0: 1 append success next 1 match 0
083341 LEAD S0: 2 append success next 1 match 0
083843 LEAD S0: prevLog &raft.Entry{Command:interface {}(nil), Term:0, Index:0}
083843 LEAD S0: prevLog &raft.Entry{Command:interface {}(nil), Term:0, Index:0}
083844 INFO S1: (term 1) follower 收到 [0] AppendEntries [], prevIndex 0, prevTerm 0
083844 INFO S2: (term 1) follower 收到 [0] AppendEntries [], prevIndex 0, prevTerm 0
083844 LEAD S0: 1 append success next 1 match 0
083844 LEAD S0: 2 append success next 1 match 0
084346 LEAD S0: prevLog &raft.Entry{Command:interface {}(nil), Term:0, Index:0}
084346 LEAD S0: prevLog &raft.Entry{Command:interface {}(nil), Term:0, Index:0}
084347 INFO S1: (term 1) follower 收到 [0] AppendEntries [], prevIndex 0, prevTerm 0
084347 INFO S2: (term 1) follower 收到 [0] AppendEntries [], prevIndex 0, prevTerm 0
084347 LEAD S0: 1 append success next 1 match 0
084347 LEAD S0: 2 append success next 1 match 0
084849 LEAD S0: prevLog &raft.Entry{Command:interface {}(nil), Term:0, Index:0}
084849 LEAD S0: prevLog &raft.Entry{Command:interface {}(nil), Term:0, Index:0}
084850 INFO S1: (term 1) follower 收到 [0] AppendEntries [], prevIndex 0, prevTerm 0
084850 INFO S2: (term 1) follower 收到 [0] AppendEntries [], prevIndex 0, prevTerm 0
084850 LEAD S0: 1 append success next 1 match 0
084850 LEAD S0: 2 append success next 1 match 0
085352 LEAD S0: prevLog &raft.Entry{Command:interface {}(nil), Term:0, Index:0}
085352 LEAD S0: prevLog &raft.Entry{Command:interface {}(nil), Term:0, Index:0}
085353 INFO S1: (term 1) follower 收到 [0] AppendEntries [], prevIndex 0, prevTerm 0
085353 INFO S2: (term 1) follower 收到 [0] AppendEntries [], prevIndex 0, prevTerm 0
085353 LEAD S0: 1 append success next 1 match 0
085353 LEAD S0: 2 append success next 1 match 0
085855 LEAD S0: prevLog &raft.Entry{Command:interface {}(nil), Term:0, Index:0}
085855 LEAD S0: prevLog &raft.Entry{Command:interface {}(nil), Term:0, Index:0}
085856 INFO S2: (term 1) follower 收到 [0] AppendEntries [], prevIndex 0, prevTerm 0
085856 INFO S1: (term 1) follower 收到 [0] AppendEntries [], prevIndex 0, prevTerm 0
085856 LEAD S0: 2 append success next 1 match 0
085856 LEAD S0: 1 append success next 1 match 0
086357 LEAD S0: prevLog &raft.Entry{Command:interface {}(nil), Term:0, Index:0}
086358 LEAD S0: prevLog &raft.Entry{Command:interface {}(nil), Term:0, Index:0}
086358 INFO S1: (term 1) follower 收到 [0] AppendEntries [], prevIndex 0, prevTerm 0
086358 INFO S2: (term 1) follower 收到 [0] AppendEntries [], prevIndex 0, prevTerm 0
086359 LEAD S0: 1 append success next 1 match 0
086359 LEAD S0: 2 append success next 1 match 0
086861 LEAD S0: prevLog &raft.Entry{Command:interface {}(nil), Term:0, Index:0}
086861 LEAD S0: prevLog &raft.Entry{Command:interface {}(nil), Term:0, Index:0}
086861 INFO S2: (term 1) follower 收到 [0] AppendEntries [], prevIndex 0, prevTerm 0
086861 INFO S1: (term 1) follower 收到 [0] AppendEntries [], prevIndex 0, prevTerm 0
086862 LEAD S0: 2 append success next 1 match 0
086862 LEAD S0: 1 append success next 1 match 0
087364 LEAD S0: prevLog &raft.Entry{Command:interface {}(nil), Term:0, Index:0}
087364 LEAD S0: prevLog &raft.Entry{Command:interface {}(nil), Term:0, Index:0}
087365 INFO S1: (term 1) follower 收到 [0] AppendEntries [], prevIndex 0, prevTerm 0
087365 INFO S2: (term 1) follower 收到 [0] AppendEntries [], prevIndex 0, prevTerm 0
087365 LEAD S0: 2 append success next 1 match 0
087365 LEAD S0: 1 append success next 1 match 0
087867 LEAD S0: prevLog &raft.Entry{Command:interface {}(nil), Term:0, Index:0}
087867 LEAD S0: prevLog &raft.Entry{Command:interface {}(nil), Term:0, Index:0}
087868 INFO S1: (term 1) follower 收到 [0] AppendEntries [], prevIndex 0, prevTerm 0
087868 INFO S2: (term 1) follower 收到 [0] AppendEntries [], prevIndex 0, prevTerm 0
087868 LEAD S0: 1 append success next 1 match 0
087868 LEAD S0: 2 append success next 1 match 0
088369 LEAD S0: prevLog &raft.Entry{Command:interface {}(nil), Term:0, Index:0}
088370 LEAD S0: prevLog &raft.Entry{Command:interface {}(nil), Term:0, Index:0}
088370 INFO S1: (term 1) follower 收到 [0] AppendEntries [], prevIndex 0, prevTerm 0
088370 INFO S2: (term 1) follower 收到 [0] AppendEntries [], prevIndex 0, prevTerm 0
088371 LEAD S0: 1 append success next 1 match 0
088371 LEAD S0: 2 append success next 1 match 0
088872 LEAD S0: prevLog &raft.Entry{Command:interface {}(nil), Term:0, Index:0}
088873 LEAD S0: prevLog &raft.Entry{Command:interface {}(nil), Term:0, Index:0}
088873 INFO S2: (term 1) follower 收到 [0] AppendEntries [], prevIndex 0, prevTerm 0
088873 INFO S1: (term 1) follower 收到 [0] AppendEntries [], prevIndex 0, prevTerm 0
088874 LEAD S0: 2 append success next 1 match 0
088874 LEAD S0: 1 append success next 1 match 0
089375 LEAD S0: prevLog &raft.Entry{Command:interface {}(nil), Term:0, Index:0}
089376 LEAD S0: prevLog &raft.Entry{Command:interface {}(nil), Term:0, Index:0}
089376 INFO S2: (term 1) follower 收到 [0] AppendEntries [], prevIndex 0, prevTerm 0
089376 INFO S1: (term 1) follower 收到 [0] AppendEntries [], prevIndex 0, prevTerm 0
089377 LEAD S0: 2 append success next 1 match 0
089377 LEAD S0: 1 append success next 1 match 0
089878 LEAD S0: prevLog &raft.Entry{Command:interface {}(nil), Term:0, Index:0}
089878 LEAD S0: prevLog &raft.Entry{Command:interface {}(nil), Term:0, Index:0}
089879 INFO S2: (term 1) follower 收到 [0] AppendEntries [], prevIndex 0, prevTerm 0
089879 INFO S1: (term 1) follower 收到 [0] AppendEntries [], prevIndex 0, prevTerm 0
089879 LEAD S0: 2 append success next 1 match 0
089880 LEAD S0: 1 append success next 1 match 0
090381 LEAD S0: prevLog &raft.Entry{Command:interface {}(nil), Term:0, Index:0}
090382 LEAD S0: prevLog &raft.Entry{Command:interface {}(nil), Term:0, Index:0}
090382 INFO S2: (term 1) follower 收到 [0] AppendEntries [], prevIndex 0, prevTerm 0
090382 INFO S1: (term 1) follower 收到 [0] AppendEntries [], prevIndex 0, prevTerm 0
090383 LEAD S0: 2 append success next 1 match 0
090383 LEAD S0: 1 append success next 1 match 0
090884 LEAD S0: prevLog &raft.Entry{Command:interface {}(nil), Term:0, Index:0}
090885 LEAD S0: prevLog &raft.Entry{Command:interface {}(nil), Term:0, Index:0}
090885 INFO S1: (term 1) follower 收到 [0] AppendEntries [], prevIndex 0, prevTerm 0
090885 INFO S2: (term 1) follower 收到 [0] AppendEntries [], prevIndex 0, prevTerm 0
090886 LEAD S0: 1 append success next 1 match 0
090886 LEAD S0: 2 append success next 1 match 0
091387 LEAD S0: prevLog &raft.Entry{Command:interface {}(nil), Term:0, Index:0}
091387 LEAD S0: prevLog &raft.Entry{Command:interface {}(nil), Term:0, Index:0}
091388 INFO S2: (term 1) follower 收到 [0] AppendEntries [], prevIndex 0, prevTerm 0
091388 INFO S1: (term 1) follower 收到 [0] AppendEntries [], prevIndex 0, prevTerm 0
091388 LEAD S0: 1 append success next 1 match 0
091388 LEAD S0: 2 append success next 1 match 0
091891 LEAD S0: prevLog &raft.Entry{Command:interface {}(nil), Term:0, Index:0}
091891 LEAD S0: prevLog &raft.Entry{Command:interface {}(nil), Term:0, Index:0}
091892 INFO S2: (term 1) follower 收到 [0] AppendEntries [], prevIndex 0, prevTerm 0
091892 LEAD S0: 2 append success next 1 match 0
091893 INFO S1: (term 1) follower 收到 [0] AppendEntries [], prevIndex 0, prevTerm 0
091893 LEAD S0: 1 append success next 1 match 0
092394 LEAD S0: prevLog &raft.Entry{Command:interface {}(nil), Term:0, Index:0}
092395 LEAD S0: prevLog &raft.Entry{Command:interface {}(nil), Term:0, Index:0}
092395 INFO S1: (term 1) follower 收到 [0] AppendEntries [], prevIndex 0, prevTerm 0
092395 INFO S2: (term 1) follower 收到 [0] AppendEntries [], prevIndex 0, prevTerm 0
092396 LEAD S0: 1 append success next 1 match 0
092396 LEAD S0: 2 append success next 1 match 0
092897 LEAD S0: prevLog &raft.Entry{Command:interface {}(nil), Term:0, Index:0}
092898 LEAD S0: prevLog &raft.Entry{Command:interface {}(nil), Term:0, Index:0}
092898 INFO S2: (term 1) follower 收到 [0] AppendEntries [], prevIndex 0, prevTerm 0
092898 INFO S1: (term 1) follower 收到 [0] AppendEntries [], prevIndex 0, prevTerm 0
092899 LEAD S0: 2 append success next 1 match 0
092899 LEAD S0: 1 append success next 1 match 0
093400 LEAD S0: prevLog &raft.Entry{Command:interface {}(nil), Term:0, Index:0}
093401 LEAD S0: prevLog &raft.Entry{Command:interface {}(nil), Term:0, Index:0}
093402 INFO S2: (term 1) follower 收到 [0] AppendEntries [], prevIndex 0, prevTerm 0
093402 LEAD S0: 2 append success next 1 match 0
093402 INFO S1: (term 1) follower 收到 [0] AppendEntries [], prevIndex 0, prevTerm 0
093404 LEAD S0: 1 append success next 1 match 0
093903 LEAD S0: prevLog &raft.Entry{Command:interface {}(nil), Term:0, Index:0}
093904 LEAD S0: prevLog &raft.Entry{Command:interface {}(nil), Term:0, Index:0}
093904 INFO S2: (term 1) follower 收到 [0] AppendEntries [], prevIndex 0, prevTerm 0
093904 INFO S1: (term 1) follower 收到 [0] AppendEntries [], prevIndex 0, prevTerm 0
093905 LEAD S0: 2 append success next 1 match 0
093905 LEAD S0: 1 append success next 1 match 0
094406 LEAD S0: prevLog &raft.Entry{Command:interface {}(nil), Term:0, Index:0}
094407 LEAD S0: prevLog &raft.Entry{Command:interface {}(nil), Term:0, Index:0}
094407 INFO S1: (term 1) follower 收到 [0] AppendEntries [], prevIndex 0, prevTerm 0
094407 INFO S2: (term 1) follower 收到 [0] AppendEntries [], prevIndex 0, prevTerm 0
094408 LEAD S0: 1 append success next 1 match 0
094408 LEAD S0: 2 append success next 1 match 0
094910 LEAD S0: prevLog &raft.Entry{Command:interface {}(nil), Term:0, Index:0}
094910 LEAD S0: prevLog &raft.Entry{Command:interface {}(nil), Term:0, Index:0}
094911 INFO S2: (term 1) follower 收到 [0] AppendEntries [], prevIndex 0, prevTerm 0
094911 INFO S1: (term 1) follower 收到 [0] AppendEntries [], prevIndex 0, prevTerm 0
094911 LEAD S0: 2 append success next 1 match 0
094911 LEAD S0: 1 append success next 1 match 0
095413 LEAD S0: prevLog &raft.Entry{Command:interface {}(nil), Term:0, Index:0}
095414 LEAD S0: prevLog &raft.Entry{Command:interface {}(nil), Term:0, Index:0}
095414 INFO S2: (term 1) follower 收到 [0] AppendEntries [], prevIndex 0, prevTerm 0
095415 INFO S1: (term 1) follower 收到 [0] AppendEntries [], prevIndex 0, prevTerm 0
095415 LEAD S0: 2 append success next 1 match 0
095415 LEAD S0: 1 append success next 1 match 0
095916 LEAD S0: prevLog &raft.Entry{Command:interface {}(nil), Term:0, Index:0}
095916 LEAD S0: prevLog &raft.Entry{Command:interface {}(nil), Term:0, Index:0}
095917 INFO S1: (term 1) follower 收到 [0] AppendEntries [], prevIndex 0, prevTerm 0
095917 INFO S2: (term 1) follower 收到 [0] AppendEntries [], prevIndex 0, prevTerm 0
095917 LEAD S0: 1 append success next 1 match 0
095918 LEAD S0: 2 append success next 1 match 0
096419 LEAD S0: prevLog &raft.Entry{Command:interface {}(nil), Term:0, Index:0}
096419 LEAD S0: prevLog &raft.Entry{Command:interface {}(nil), Term:0, Index:0}
096420 INFO S2: (term 1) follower 收到 [0] AppendEntries [], prevIndex 0, prevTerm 0
096420 INFO S1: (term 1) follower 收到 [0] AppendEntries [], prevIndex 0, prevTerm 0
096420 LEAD S0: 2 append success next 1 match 0
096420 LEAD S0: 1 append success next 1 match 0
096922 LEAD S0: prevLog &raft.Entry{Command:interface {}(nil), Term:0, Index:0}
096922 LEAD S0: prevLog &raft.Entry{Command:interface {}(nil), Term:0, Index:0}
096923 INFO S2: (term 1) follower 收到 [0] AppendEntries [], prevIndex 0, prevTerm 0
096923 INFO S1: (term 1) follower 收到 [0] AppendEntries [], prevIndex 0, prevTerm 0
096923 LEAD S0: 2 append success next 1 match 0
096923 LEAD S0: 1 append success next 1 match 0
097425 LEAD S0: prevLog &raft.Entry{Command:interface {}(nil), Term:0, Index:0}
097425 LEAD S0: prevLog &raft.Entry{Command:interface {}(nil), Term:0, Index:0}
097426 INFO S2: (term 1) follower 收到 [0] AppendEntries [], prevIndex 0, prevTerm 0
097426 INFO S1: (term 1) follower 收到 [0] AppendEntries [], prevIndex 0, prevTerm 0
097427 LEAD S0: 2 append success next 1 match 0
097427 LEAD S0: 1 append success next 1 match 0
097928 LEAD S0: prevLog &raft.Entry{Command:interface {}(nil), Term:0, Index:0}
097928 LEAD S0: prevLog &raft.Entry{Command:interface {}(nil), Term:0, Index:0}
097929 INFO S1: (term 1) follower 收到 [0] AppendEntries [], prevIndex 0, prevTerm 0
097929 INFO S2: (term 1) follower 收到 [0] AppendEntries [], prevIndex 0, prevTerm 0
097929 LEAD S0: 1 append success next 1 match 0
097929 LEAD S0: 2 append success next 1 match 0
098431 LEAD S0: prevLog &raft.Entry{Command:interface {}(nil), Term:0, Index:0}
098431 LEAD S0: prevLog &raft.Entry{Command:interface {}(nil), Term:0, Index:0}
098432 INFO S2: (term 1) follower 收到 [0] AppendEntries [], prevIndex 0, prevTerm 0
098432 INFO S1: (term 1) follower 收到 [0] AppendEntries [], prevIndex 0, prevTerm 0
098432 LEAD S0: 2 append success next 1 match 0
098433 LEAD S0: 1 append success next 1 match 0
098934 LEAD S0: prevLog &raft.Entry{Command:interface {}(nil), Term:0, Index:0}
098934 LEAD S0: prevLog &raft.Entry{Command:interface {}(nil), Term:0, Index:0}
098935 INFO S2: (term 1) follower 收到 [0] AppendEntries [], prevIndex 0, prevTerm 0
098935 INFO S1: (term 1) follower 收到 [0] AppendEntries [], prevIndex 0, prevTerm 0
098935 LEAD S0: 2 append success next 1 match 0
098936 LEAD S0: 1 append success next 1 match 0
099437 LEAD S0: prevLog &raft.Entry{Command:interface {}(nil), Term:0, Index:0}
099437 LEAD S0: prevLog &raft.Entry{Command:interface {}(nil), Term:0, Index:0}
099438 INFO S1: (term 1) follower 收到 [0] AppendEntries [], prevIndex 0, prevTerm 0
099438 INFO S2: (term 1) follower 收到 [0] AppendEntries [], prevIndex 0, prevTerm 0
099439 LEAD S0: 1 append success next 1 match 0
099439 LEAD S0: 2 append success next 1 match 0
099940 LEAD S0: prevLog &raft.Entry{Command:interface {}(nil), Term:0, Index:0}
099940 LEAD S0: prevLog &raft.Entry{Command:interface {}(nil), Term:0, Index:0}
099941 INFO S2: (term 1) follower 收到 [0] AppendEntries [], prevIndex 0, prevTerm 0
099941 INFO S1: (term 1) follower 收到 [0] AppendEntries [], prevIndex 0, prevTerm 0
099941 LEAD S0: 2 append success next 1 match 0
099941 LEAD S0: 1 append success next 1 match 0
--- FAIL: TestPersist12C (10.04s)
    config.go:609: one(11) failed to reach agreement
FAIL
exit status 1
FAIL	6.824/raft	10.043s
