Test (2C): basic persistence ...
002008 INFO S2: start leader election, term 1
002008 VOTE S2: term 1 send vote request to 1
002008 VOTE S2: term 1 send vote request to 0
002009 TERM S1: set new term 1
002010 VOTE S1: term 1 vote 2
002010 VOTE S2: reply from 1, term一致，且投给2
002010 LEAD S2: come to power, start to send heartbeat
002010 LEAD S2: prevLog &raft.Entry{Command:interface {}(nil), Term:0, Index:0}
002010 LEAD S2: prevLog &raft.Entry{Command:interface {}(nil), Term:0, Index:0}
002010 TERM S0: set new term 1
002010 VOTE S0: term 1 vote 2
002010 VOTE S2: reply from 0, term一致，且投给2
002011 INFO S1: (term 1) follower 收到 [2] AppendEntries [], prevIndex 0, prevTerm 0
002011 INFO S0: (term 1) follower 收到 [2] AppendEntries [], prevIndex 0, prevTerm 0
002011 LEAD S2: 1 append success next 1 match 0
002011 LEAD S2: 0 append success next 1 match 0
002510 LEAD S2: prevLog &raft.Entry{Command:interface {}(nil), Term:0, Index:0}
002511 LEAD S2: prevLog &raft.Entry{Command:interface {}(nil), Term:0, Index:0}
002512 INFO S0: (term 1) follower 收到 [2] AppendEntries [], prevIndex 0, prevTerm 0
002512 INFO S1: (term 1) follower 收到 [2] AppendEntries [], prevIndex 0, prevTerm 0
002512 LEAD S2: 0 append success next 1 match 0
002512 LEAD S2: 1 append success next 1 match 0
003011 LEAD S2: prevLog &raft.Entry{Command:interface {}(nil), Term:0, Index:0}
003011 LEAD S2: prevLog &raft.Entry{Command:interface {}(nil), Term:0, Index:0}
003012 INFO S0: (term 1) follower 收到 [2] AppendEntries [], prevIndex 0, prevTerm 0
003012 INFO S1: (term 1) follower 收到 [2] AppendEntries [], prevIndex 0, prevTerm 0
003013 LEAD S2: 0 append success next 1 match 0
003013 LEAD S2: 1 append success next 1 match 0
003512 LEAD S2: prevLog &raft.Entry{Command:interface {}(nil), Term:0, Index:0}
003513 LEAD S2: prevLog &raft.Entry{Command:interface {}(nil), Term:0, Index:0}
003513 INFO S0: (term 1) follower 收到 [2] AppendEntries [], prevIndex 0, prevTerm 0
003514 INFO S1: (term 1) follower 收到 [2] AppendEntries [], prevIndex 0, prevTerm 0
003514 LEAD S2: 0 append success next 1 match 0
003514 LEAD S2: 1 append success next 1 match 0
004015 LEAD S2: prevLog &raft.Entry{Command:interface {}(nil), Term:0, Index:0}
004015 LEAD S2: prevLog &raft.Entry{Command:interface {}(nil), Term:0, Index:0}
004016 INFO S1: (term 1) follower 收到 [2] AppendEntries [], prevIndex 0, prevTerm 0
004016 INFO S0: (term 1) follower 收到 [2] AppendEntries [], prevIndex 0, prevTerm 0
004016 LEAD S2: 0 append success next 1 match 0
004016 LEAD S2: 1 append success next 1 match 0
004517 LEAD S2: prevLog &raft.Entry{Command:interface {}(nil), Term:0, Index:0}
004518 LEAD S2: prevLog &raft.Entry{Command:interface {}(nil), Term:0, Index:0}
004518 INFO S0: (term 1) follower 收到 [2] AppendEntries [], prevIndex 0, prevTerm 0
004519 LEAD S2: 0 append success next 1 match 0
004519 INFO S1: (term 1) follower 收到 [2] AppendEntries [], prevIndex 0, prevTerm 0
004519 LEAD S2: 1 append success next 1 match 0
005021 LEAD S2: prevLog &raft.Entry{Command:interface {}(nil), Term:0, Index:0}
005021 LEAD S2: prevLog &raft.Entry{Command:interface {}(nil), Term:0, Index:0}
005022 INFO S0: (term 1) follower 收到 [2] AppendEntries [], prevIndex 0, prevTerm 0
005022 INFO S1: (term 1) follower 收到 [2] AppendEntries [], prevIndex 0, prevTerm 0
005022 LEAD S2: 0 append success next 1 match 0
005022 LEAD S2: 1 append success next 1 match 0
005522 LEAD S2: prevLog &raft.Entry{Command:interface {}(nil), Term:0, Index:0}
005522 LEAD S2: prevLog &raft.Entry{Command:interface {}(nil), Term:0, Index:0}
005523 INFO S1: (term 1) follower 收到 [2] AppendEntries [], prevIndex 0, prevTerm 0
005523 INFO S0: (term 1) follower 收到 [2] AppendEntries [], prevIndex 0, prevTerm 0
005524 LEAD S2: 0 append success next 1 match 0
005524 LEAD S2: 1 append success next 1 match 0
006026 LEAD S2: prevLog &raft.Entry{Command:interface {}(nil), Term:0, Index:0}
006026 LEAD S2: prevLog &raft.Entry{Command:interface {}(nil), Term:0, Index:0}
006026 INFO S0: (term 1) follower 收到 [2] AppendEntries [], prevIndex 0, prevTerm 0
006027 LEAD S2: 0 append success next 1 match 0
006027 INFO S1: (term 1) follower 收到 [2] AppendEntries [], prevIndex 0, prevTerm 0
006027 LEAD S2: 1 append success next 1 match 0
006527 LEAD S2: prevLog &raft.Entry{Command:interface {}(nil), Term:0, Index:0}
006528 LEAD S2: prevLog &raft.Entry{Command:interface {}(nil), Term:0, Index:0}
006528 INFO S0: (term 1) follower 收到 [2] AppendEntries [], prevIndex 0, prevTerm 0
006528 INFO S1: (term 1) follower 收到 [2] AppendEntries [], prevIndex 0, prevTerm 0
006529 LEAD S2: 0 append success next 1 match 0
006529 LEAD S2: 1 append success next 1 match 0
007030 LEAD S2: prevLog &raft.Entry{Command:interface {}(nil), Term:0, Index:0}
007030 LEAD S2: prevLog &raft.Entry{Command:interface {}(nil), Term:0, Index:0}
007031 INFO S0: (term 1) follower 收到 [2] AppendEntries [], prevIndex 0, prevTerm 0
007031 INFO S1: (term 1) follower 收到 [2] AppendEntries [], prevIndex 0, prevTerm 0
007031 LEAD S2: 0 append success next 1 match 0
007031 LEAD S2: 1 append success next 1 match 0
007532 LEAD S2: prevLog &raft.Entry{Command:interface {}(nil), Term:0, Index:0}
007533 LEAD S2: prevLog &raft.Entry{Command:interface {}(nil), Term:0, Index:0}
007533 INFO S1: (term 1) follower 收到 [2] AppendEntries [], prevIndex 0, prevTerm 0
007534 LEAD S2: 1 append success next 1 match 0
007534 INFO S0: (term 1) follower 收到 [2] AppendEntries [], prevIndex 0, prevTerm 0
007534 LEAD S2: 0 append success next 1 match 0
008035 LEAD S2: prevLog &raft.Entry{Command:interface {}(nil), Term:0, Index:0}
008035 LEAD S2: prevLog &raft.Entry{Command:interface {}(nil), Term:0, Index:0}
008036 INFO S0: (term 1) follower 收到 [2] AppendEntries [], prevIndex 0, prevTerm 0
008036 INFO S1: (term 1) follower 收到 [2] AppendEntries [], prevIndex 0, prevTerm 0
008036 LEAD S2: 1 append success next 1 match 0
008036 LEAD S2: 0 append success next 1 match 0
008537 LEAD S2: prevLog &raft.Entry{Command:interface {}(nil), Term:0, Index:0}
008537 LEAD S2: prevLog &raft.Entry{Command:interface {}(nil), Term:0, Index:0}
008538 INFO S0: (term 1) follower 收到 [2] AppendEntries [], prevIndex 0, prevTerm 0
008538 INFO S1: (term 1) follower 收到 [2] AppendEntries [], prevIndex 0, prevTerm 0
008538 LEAD S2: 0 append success next 1 match 0
008539 LEAD S2: 1 append success next 1 match 0
009039 LEAD S2: prevLog &raft.Entry{Command:interface {}(nil), Term:0, Index:0}
009039 LEAD S2: prevLog &raft.Entry{Command:interface {}(nil), Term:0, Index:0}
009040 INFO S1: (term 1) follower 收到 [2] AppendEntries [], prevIndex 0, prevTerm 0
009040 INFO S0: (term 1) follower 收到 [2] AppendEntries [], prevIndex 0, prevTerm 0
009040 LEAD S2: 1 append success next 1 match 0
009040 LEAD S2: 0 append success next 1 match 0
009541 LEAD S2: prevLog &raft.Entry{Command:interface {}(nil), Term:0, Index:0}
009541 LEAD S2: prevLog &raft.Entry{Command:interface {}(nil), Term:0, Index:0}
009542 INFO S0: (term 1) follower 收到 [2] AppendEntries [], prevIndex 0, prevTerm 0
009542 INFO S1: (term 1) follower 收到 [2] AppendEntries [], prevIndex 0, prevTerm 0
009542 LEAD S2: 0 append success next 1 match 0
009543 LEAD S2: 1 append success next 1 match 0
010042 LEAD S2: prevLog &raft.Entry{Command:interface {}(nil), Term:0, Index:0}
010043 LEAD S2: prevLog &raft.Entry{Command:interface {}(nil), Term:0, Index:0}
010043 INFO S0: (term 1) follower 收到 [2] AppendEntries [], prevIndex 0, prevTerm 0
010044 LEAD S2: 0 append success next 1 match 0
010044 INFO S1: (term 1) follower 收到 [2] AppendEntries [], prevIndex 0, prevTerm 0
010044 LEAD S2: 1 append success next 1 match 0
010545 LEAD S2: prevLog &raft.Entry{Command:interface {}(nil), Term:0, Index:0}
010545 LEAD S2: prevLog &raft.Entry{Command:interface {}(nil), Term:0, Index:0}
010545 INFO S0: (term 1) follower 收到 [2] AppendEntries [], prevIndex 0, prevTerm 0
010546 INFO S1: (term 1) follower 收到 [2] AppendEntries [], prevIndex 0, prevTerm 0
010546 LEAD S2: 0 append success next 1 match 0
010546 LEAD S2: 1 append success next 1 match 0
011047 LEAD S2: prevLog &raft.Entry{Command:interface {}(nil), Term:0, Index:0}
011047 LEAD S2: prevLog &raft.Entry{Command:interface {}(nil), Term:0, Index:0}
011048 INFO S1: (term 1) follower 收到 [2] AppendEntries [], prevIndex 0, prevTerm 0
011048 LEAD S2: 1 append success next 1 match 0
011048 INFO S0: (term 1) follower 收到 [2] AppendEntries [], prevIndex 0, prevTerm 0
011049 LEAD S2: 0 append success next 1 match 0
011549 LEAD S2: prevLog &raft.Entry{Command:interface {}(nil), Term:0, Index:0}
011549 LEAD S2: prevLog &raft.Entry{Command:interface {}(nil), Term:0, Index:0}
011550 INFO S0: (term 1) follower 收到 [2] AppendEntries [], prevIndex 0, prevTerm 0
011550 LEAD S2: 0 append success next 1 match 0
011550 INFO S1: (term 1) follower 收到 [2] AppendEntries [], prevIndex 0, prevTerm 0
011551 LEAD S2: 1 append success next 1 match 0
012051 LEAD S2: prevLog &raft.Entry{Command:interface {}(nil), Term:0, Index:0}
012051 LEAD S2: prevLog &raft.Entry{Command:interface {}(nil), Term:0, Index:0}
012052 INFO S0: (term 1) follower 收到 [2] AppendEntries [], prevIndex 0, prevTerm 0
012052 INFO S1: (term 1) follower 收到 [2] AppendEntries [], prevIndex 0, prevTerm 0
012052 LEAD S2: 0 append success next 1 match 0
012053 LEAD S2: 1 append success next 1 match 0
012553 LEAD S2: prevLog &raft.Entry{Command:interface {}(nil), Term:0, Index:0}
012553 LEAD S2: prevLog &raft.Entry{Command:interface {}(nil), Term:0, Index:0}
012554 INFO S1: (term 1) follower 收到 [2] AppendEntries [], prevIndex 0, prevTerm 0
012554 INFO S0: (term 1) follower 收到 [2] AppendEntries [], prevIndex 0, prevTerm 0
012554 LEAD S2: 1 append success next 1 match 0
012554 LEAD S2: 0 append success next 1 match 0
013055 LEAD S2: prevLog &raft.Entry{Command:interface {}(nil), Term:0, Index:0}
013055 LEAD S2: prevLog &raft.Entry{Command:interface {}(nil), Term:0, Index:0}
013056 INFO S1: (term 1) follower 收到 [2] AppendEntries [], prevIndex 0, prevTerm 0
013056 LEAD S2: 1 append success next 1 match 0
013056 INFO S0: (term 1) follower 收到 [2] AppendEntries [], prevIndex 0, prevTerm 0
013057 LEAD S2: 0 append success next 1 match 0
013557 LEAD S2: prevLog &raft.Entry{Command:interface {}(nil), Term:0, Index:0}
013557 LEAD S2: prevLog &raft.Entry{Command:interface {}(nil), Term:0, Index:0}
013557 INFO S1: (term 1) follower 收到 [2] AppendEntries [], prevIndex 0, prevTerm 0
013557 INFO S0: (term 1) follower 收到 [2] AppendEntries [], prevIndex 0, prevTerm 0
013558 LEAD S2: 0 append success next 1 match 0
013558 LEAD S2: 1 append success next 1 match 0
014058 LEAD S2: prevLog &raft.Entry{Command:interface {}(nil), Term:0, Index:0}
014059 LEAD S2: prevLog &raft.Entry{Command:interface {}(nil), Term:0, Index:0}
014059 INFO S0: (term 1) follower 收到 [2] AppendEntries [], prevIndex 0, prevTerm 0
014060 INFO S1: (term 1) follower 收到 [2] AppendEntries [], prevIndex 0, prevTerm 0
014060 LEAD S2: 0 append success next 1 match 0
014060 LEAD S2: 1 append success next 1 match 0
014560 LEAD S2: prevLog &raft.Entry{Command:interface {}(nil), Term:0, Index:0}
014560 LEAD S2: prevLog &raft.Entry{Command:interface {}(nil), Term:0, Index:0}
014561 INFO S1: (term 1) follower 收到 [2] AppendEntries [], prevIndex 0, prevTerm 0
014561 INFO S0: (term 1) follower 收到 [2] AppendEntries [], prevIndex 0, prevTerm 0
014562 LEAD S2: 0 append success next 1 match 0
014562 LEAD S2: 1 append success next 1 match 0
015062 LEAD S2: prevLog &raft.Entry{Command:interface {}(nil), Term:0, Index:0}
015062 LEAD S2: prevLog &raft.Entry{Command:interface {}(nil), Term:0, Index:0}
015063 INFO S0: (term 1) follower 收到 [2] AppendEntries [], prevIndex 0, prevTerm 0
015063 INFO S1: (term 1) follower 收到 [2] AppendEntries [], prevIndex 0, prevTerm 0
015063 LEAD S2: 1 append success next 1 match 0
015063 LEAD S2: 0 append success next 1 match 0
015564 LEAD S2: prevLog &raft.Entry{Command:interface {}(nil), Term:0, Index:0}
015565 LEAD S2: prevLog &raft.Entry{Command:interface {}(nil), Term:0, Index:0}
015565 INFO S1: (term 1) follower 收到 [2] AppendEntries [], prevIndex 0, prevTerm 0
015565 INFO S0: (term 1) follower 收到 [2] AppendEntries [], prevIndex 0, prevTerm 0
015566 LEAD S2: 1 append success next 1 match 0
015567 LEAD S2: 0 append success next 1 match 0
016067 LEAD S2: prevLog &raft.Entry{Command:interface {}(nil), Term:0, Index:0}
016067 LEAD S2: prevLog &raft.Entry{Command:interface {}(nil), Term:0, Index:0}
016068 INFO S0: (term 1) follower 收到 [2] AppendEntries [], prevIndex 0, prevTerm 0
016068 INFO S1: (term 1) follower 收到 [2] AppendEntries [], prevIndex 0, prevTerm 0
016068 LEAD S2: 0 append success next 1 match 0
016068 LEAD S2: 1 append success next 1 match 0
016569 LEAD S2: prevLog &raft.Entry{Command:interface {}(nil), Term:0, Index:0}
016569 LEAD S2: prevLog &raft.Entry{Command:interface {}(nil), Term:0, Index:0}
016570 INFO S0: (term 1) follower 收到 [2] AppendEntries [], prevIndex 0, prevTerm 0
016570 INFO S1: (term 1) follower 收到 [2] AppendEntries [], prevIndex 0, prevTerm 0
016571 LEAD S2: 0 append success next 1 match 0
016571 LEAD S2: 1 append success next 1 match 0
017071 LEAD S2: prevLog &raft.Entry{Command:interface {}(nil), Term:0, Index:0}
017071 LEAD S2: prevLog &raft.Entry{Command:interface {}(nil), Term:0, Index:0}
017072 INFO S1: (term 1) follower 收到 [2] AppendEntries [], prevIndex 0, prevTerm 0
017072 LEAD S2: 1 append success next 1 match 0
017072 INFO S0: (term 1) follower 收到 [2] AppendEntries [], prevIndex 0, prevTerm 0
017073 LEAD S2: 0 append success next 1 match 0
017573 LEAD S2: prevLog &raft.Entry{Command:interface {}(nil), Term:0, Index:0}
017573 LEAD S2: prevLog &raft.Entry{Command:interface {}(nil), Term:0, Index:0}
017574 INFO S1: (term 1) follower 收到 [2] AppendEntries [], prevIndex 0, prevTerm 0
017574 INFO S0: (term 1) follower 收到 [2] AppendEntries [], prevIndex 0, prevTerm 0
017575 LEAD S2: 1 append success next 1 match 0
017575 LEAD S2: 0 append success next 1 match 0
018076 LEAD S2: prevLog &raft.Entry{Command:interface {}(nil), Term:0, Index:0}
018076 LEAD S2: prevLog &raft.Entry{Command:interface {}(nil), Term:0, Index:0}
018077 INFO S0: (term 1) follower 收到 [2] AppendEntries [], prevIndex 0, prevTerm 0
018077 INFO S1: (term 1) follower 收到 [2] AppendEntries [], prevIndex 0, prevTerm 0
018077 LEAD S2: 0 append success next 1 match 0
018077 LEAD S2: 1 append success next 1 match 0
018578 LEAD S2: prevLog &raft.Entry{Command:interface {}(nil), Term:0, Index:0}
018578 LEAD S2: prevLog &raft.Entry{Command:interface {}(nil), Term:0, Index:0}
018579 INFO S0: (term 1) follower 收到 [2] AppendEntries [], prevIndex 0, prevTerm 0
018579 LEAD S2: 0 append success next 1 match 0
018579 INFO S1: (term 1) follower 收到 [2] AppendEntries [], prevIndex 0, prevTerm 0
018580 LEAD S2: 1 append success next 1 match 0
019080 LEAD S2: prevLog &raft.Entry{Command:interface {}(nil), Term:0, Index:0}
019080 LEAD S2: prevLog &raft.Entry{Command:interface {}(nil), Term:0, Index:0}
019081 INFO S1: (term 1) follower 收到 [2] AppendEntries [], prevIndex 0, prevTerm 0
019081 LEAD S2: 1 append success next 1 match 0
019082 INFO S0: (term 1) follower 收到 [2] AppendEntries [], prevIndex 0, prevTerm 0
019082 LEAD S2: 0 append success next 1 match 0
019583 LEAD S2: prevLog &raft.Entry{Command:interface {}(nil), Term:0, Index:0}
019583 LEAD S2: prevLog &raft.Entry{Command:interface {}(nil), Term:0, Index:0}
019585 INFO S1: (term 1) follower 收到 [2] AppendEntries [], prevIndex 0, prevTerm 0
019585 INFO S0: (term 1) follower 收到 [2] AppendEntries [], prevIndex 0, prevTerm 0
019585 LEAD S2: 0 append success next 1 match 0
019586 LEAD S2: 1 append success next 1 match 0
020085 LEAD S2: prevLog &raft.Entry{Command:interface {}(nil), Term:0, Index:0}
020085 LEAD S2: prevLog &raft.Entry{Command:interface {}(nil), Term:0, Index:0}
020085 INFO S1: (term 1) follower 收到 [2] AppendEntries [], prevIndex 0, prevTerm 0
020085 INFO S0: (term 1) follower 收到 [2] AppendEntries [], prevIndex 0, prevTerm 0
020086 LEAD S2: 1 append success next 1 match 0
020086 LEAD S2: 0 append success next 1 match 0
020587 LEAD S2: prevLog &raft.Entry{Command:interface {}(nil), Term:0, Index:0}
020587 LEAD S2: prevLog &raft.Entry{Command:interface {}(nil), Term:0, Index:0}
020588 INFO S0: (term 1) follower 收到 [2] AppendEntries [], prevIndex 0, prevTerm 0
020588 INFO S1: (term 1) follower 收到 [2] AppendEntries [], prevIndex 0, prevTerm 0
020588 LEAD S2: 0 append success next 1 match 0
020588 LEAD S2: 1 append success next 1 match 0
021089 LEAD S2: prevLog &raft.Entry{Command:interface {}(nil), Term:0, Index:0}
021089 LEAD S2: prevLog &raft.Entry{Command:interface {}(nil), Term:0, Index:0}
021090 INFO S1: (term 1) follower 收到 [2] AppendEntries [], prevIndex 0, prevTerm 0
021090 INFO S0: (term 1) follower 收到 [2] AppendEntries [], prevIndex 0, prevTerm 0
021090 LEAD S2: 1 append success next 1 match 0
021090 LEAD S2: 0 append success next 1 match 0
021591 LEAD S2: prevLog &raft.Entry{Command:interface {}(nil), Term:0, Index:0}
021591 LEAD S2: prevLog &raft.Entry{Command:interface {}(nil), Term:0, Index:0}
021592 INFO S1: (term 1) follower 收到 [2] AppendEntries [], prevIndex 0, prevTerm 0
021593 INFO S0: (term 1) follower 收到 [2] AppendEntries [], prevIndex 0, prevTerm 0
021593 LEAD S2: 1 append success next 1 match 0
021593 LEAD S2: 0 append success next 1 match 0
022093 LEAD S2: prevLog &raft.Entry{Command:interface {}(nil), Term:0, Index:0}
022094 LEAD S2: prevLog &raft.Entry{Command:interface {}(nil), Term:0, Index:0}
022094 INFO S1: (term 1) follower 收到 [2] AppendEntries [], prevIndex 0, prevTerm 0
022094 LEAD S2: 1 append success next 1 match 0
022095 INFO S0: (term 1) follower 收到 [2] AppendEntries [], prevIndex 0, prevTerm 0
022095 LEAD S2: 0 append success next 1 match 0
022595 LEAD S2: prevLog &raft.Entry{Command:interface {}(nil), Term:0, Index:0}
022595 LEAD S2: prevLog &raft.Entry{Command:interface {}(nil), Term:0, Index:0}
022596 INFO S0: (term 1) follower 收到 [2] AppendEntries [], prevIndex 0, prevTerm 0
022596 INFO S1: (term 1) follower 收到 [2] AppendEntries [], prevIndex 0, prevTerm 0
022597 LEAD S2: 0 append success next 1 match 0
022597 LEAD S2: 1 append success next 1 match 0
023097 LEAD S2: prevLog &raft.Entry{Command:interface {}(nil), Term:0, Index:0}
023097 LEAD S2: prevLog &raft.Entry{Command:interface {}(nil), Term:0, Index:0}
023098 INFO S0: (term 1) follower 收到 [2] AppendEntries [], prevIndex 0, prevTerm 0
023098 INFO S1: (term 1) follower 收到 [2] AppendEntries [], prevIndex 0, prevTerm 0
023098 LEAD S2: 0 append success next 1 match 0
023098 LEAD S2: 1 append success next 1 match 0
023599 LEAD S2: prevLog &raft.Entry{Command:interface {}(nil), Term:0, Index:0}
023599 LEAD S2: prevLog &raft.Entry{Command:interface {}(nil), Term:0, Index:0}
023600 INFO S0: (term 1) follower 收到 [2] AppendEntries [], prevIndex 0, prevTerm 0
023600 INFO S1: (term 1) follower 收到 [2] AppendEntries [], prevIndex 0, prevTerm 0
023600 LEAD S2: 0 append success next 1 match 0
023600 LEAD S2: 1 append success next 1 match 0
024101 LEAD S2: prevLog &raft.Entry{Command:interface {}(nil), Term:0, Index:0}
024101 LEAD S2: prevLog &raft.Entry{Command:interface {}(nil), Term:0, Index:0}
024102 INFO S0: (term 1) follower 收到 [2] AppendEntries [], prevIndex 0, prevTerm 0
024102 INFO S1: (term 1) follower 收到 [2] AppendEntries [], prevIndex 0, prevTerm 0
024102 LEAD S2: 0 append success next 1 match 0
024103 LEAD S2: 1 append success next 1 match 0
024603 LEAD S2: prevLog &raft.Entry{Command:interface {}(nil), Term:0, Index:0}
024603 LEAD S2: prevLog &raft.Entry{Command:interface {}(nil), Term:0, Index:0}
024604 INFO S0: (term 1) follower 收到 [2] AppendEntries [], prevIndex 0, prevTerm 0
024604 LEAD S2: 0 append success next 1 match 0
024604 INFO S1: (term 1) follower 收到 [2] AppendEntries [], prevIndex 0, prevTerm 0
024605 LEAD S2: 1 append success next 1 match 0
025105 LEAD S2: prevLog &raft.Entry{Command:interface {}(nil), Term:0, Index:0}
025105 LEAD S2: prevLog &raft.Entry{Command:interface {}(nil), Term:0, Index:0}
025106 INFO S0: (term 1) follower 收到 [2] AppendEntries [], prevIndex 0, prevTerm 0
025106 INFO S1: (term 1) follower 收到 [2] AppendEntries [], prevIndex 0, prevTerm 0
025106 LEAD S2: 0 append success next 1 match 0
025107 LEAD S2: 1 append success next 1 match 0
025607 LEAD S2: prevLog &raft.Entry{Command:interface {}(nil), Term:0, Index:0}
025607 LEAD S2: prevLog &raft.Entry{Command:interface {}(nil), Term:0, Index:0}
025608 INFO S1: (term 1) follower 收到 [2] AppendEntries [], prevIndex 0, prevTerm 0
025608 LEAD S2: 1 append success next 1 match 0
025608 INFO S0: (term 1) follower 收到 [2] AppendEntries [], prevIndex 0, prevTerm 0
025609 LEAD S2: 0 append success next 1 match 0
026108 LEAD S2: prevLog &raft.Entry{Command:interface {}(nil), Term:0, Index:0}
026109 LEAD S2: prevLog &raft.Entry{Command:interface {}(nil), Term:0, Index:0}
026109 INFO S1: (term 1) follower 收到 [2] AppendEntries [], prevIndex 0, prevTerm 0
026109 INFO S0: (term 1) follower 收到 [2] AppendEntries [], prevIndex 0, prevTerm 0
026110 LEAD S2: 0 append success next 1 match 0
026110 LEAD S2: 1 append success next 1 match 0
026611 LEAD S2: prevLog &raft.Entry{Command:interface {}(nil), Term:0, Index:0}
026611 LEAD S2: prevLog &raft.Entry{Command:interface {}(nil), Term:0, Index:0}
026611 INFO S1: (term 1) follower 收到 [2] AppendEntries [], prevIndex 0, prevTerm 0
026612 LEAD S2: 1 append success next 1 match 0
026612 INFO S0: (term 1) follower 收到 [2] AppendEntries [], prevIndex 0, prevTerm 0
026612 LEAD S2: 0 append success next 1 match 0
027113 LEAD S2: prevLog &raft.Entry{Command:interface {}(nil), Term:0, Index:0}
027113 LEAD S2: prevLog &raft.Entry{Command:interface {}(nil), Term:0, Index:0}
027114 INFO S0: (term 1) follower 收到 [2] AppendEntries [], prevIndex 0, prevTerm 0
027114 LEAD S2: 0 append success next 1 match 0
027115 INFO S1: (term 1) follower 收到 [2] AppendEntries [], prevIndex 0, prevTerm 0
027115 LEAD S2: 1 append success next 1 match 0
027615 LEAD S2: prevLog &raft.Entry{Command:interface {}(nil), Term:0, Index:0}
027615 LEAD S2: prevLog &raft.Entry{Command:interface {}(nil), Term:0, Index:0}
027616 INFO S1: (term 1) follower 收到 [2] AppendEntries [], prevIndex 0, prevTerm 0
027616 INFO S0: (term 1) follower 收到 [2] AppendEntries [], prevIndex 0, prevTerm 0
027616 LEAD S2: 1 append success next 1 match 0
027616 LEAD S2: 0 append success next 1 match 0
028117 LEAD S2: prevLog &raft.Entry{Command:interface {}(nil), Term:0, Index:0}
028117 LEAD S2: prevLog &raft.Entry{Command:interface {}(nil), Term:0, Index:0}
028118 INFO S0: (term 1) follower 收到 [2] AppendEntries [], prevIndex 0, prevTerm 0
028118 INFO S1: (term 1) follower 收到 [2] AppendEntries [], prevIndex 0, prevTerm 0
028118 LEAD S2: 0 append success next 1 match 0
028118 LEAD S2: 1 append success next 1 match 0
028619 LEAD S2: prevLog &raft.Entry{Command:interface {}(nil), Term:0, Index:0}
028619 LEAD S2: prevLog &raft.Entry{Command:interface {}(nil), Term:0, Index:0}
028620 INFO S0: (term 1) follower 收到 [2] AppendEntries [], prevIndex 0, prevTerm 0
028620 INFO S1: (term 1) follower 收到 [2] AppendEntries [], prevIndex 0, prevTerm 0
028620 LEAD S2: 0 append success next 1 match 0
028620 LEAD S2: 1 append success next 1 match 0
029121 LEAD S2: prevLog &raft.Entry{Command:interface {}(nil), Term:0, Index:0}
029121 LEAD S2: prevLog &raft.Entry{Command:interface {}(nil), Term:0, Index:0}
029122 INFO S0: (term 1) follower 收到 [2] AppendEntries [], prevIndex 0, prevTerm 0
029122 INFO S1: (term 1) follower 收到 [2] AppendEntries [], prevIndex 0, prevTerm 0
029122 LEAD S2: 0 append success next 1 match 0
029122 LEAD S2: 1 append success next 1 match 0
029623 LEAD S2: prevLog &raft.Entry{Command:interface {}(nil), Term:0, Index:0}
029623 LEAD S2: prevLog &raft.Entry{Command:interface {}(nil), Term:0, Index:0}
029624 INFO S1: (term 1) follower 收到 [2] AppendEntries [], prevIndex 0, prevTerm 0
029624 INFO S0: (term 1) follower 收到 [2] AppendEntries [], prevIndex 0, prevTerm 0
029624 LEAD S2: 0 append success next 1 match 0
029624 LEAD S2: 1 append success next 1 match 0
030125 LEAD S2: prevLog &raft.Entry{Command:interface {}(nil), Term:0, Index:0}
030125 LEAD S2: prevLog &raft.Entry{Command:interface {}(nil), Term:0, Index:0}
030126 INFO S0: (term 1) follower 收到 [2] AppendEntries [], prevIndex 0, prevTerm 0
030126 INFO S1: (term 1) follower 收到 [2] AppendEntries [], prevIndex 0, prevTerm 0
030126 LEAD S2: 0 append success next 1 match 0
030126 LEAD S2: 1 append success next 1 match 0
030627 LEAD S2: prevLog &raft.Entry{Command:interface {}(nil), Term:0, Index:0}
030627 LEAD S2: prevLog &raft.Entry{Command:interface {}(nil), Term:0, Index:0}
030627 INFO S0: (term 1) follower 收到 [2] AppendEntries [], prevIndex 0, prevTerm 0
030628 LEAD S2: 0 append success next 1 match 0
030628 INFO S1: (term 1) follower 收到 [2] AppendEntries [], prevIndex 0, prevTerm 0
030628 LEAD S2: 1 append success next 1 match 0
031129 LEAD S2: prevLog &raft.Entry{Command:interface {}(nil), Term:0, Index:0}
031129 LEAD S2: prevLog &raft.Entry{Command:interface {}(nil), Term:0, Index:0}
031130 INFO S0: (term 1) follower 收到 [2] AppendEntries [], prevIndex 0, prevTerm 0
031130 LEAD S2: 0 append success next 1 match 0
031130 INFO S1: (term 1) follower 收到 [2] AppendEntries [], prevIndex 0, prevTerm 0
031131 LEAD S2: 1 append success next 1 match 0
031631 LEAD S2: prevLog &raft.Entry{Command:interface {}(nil), Term:0, Index:0}
031631 LEAD S2: prevLog &raft.Entry{Command:interface {}(nil), Term:0, Index:0}
031632 INFO S0: (term 1) follower 收到 [2] AppendEntries [], prevIndex 0, prevTerm 0
031632 INFO S1: (term 1) follower 收到 [2] AppendEntries [], prevIndex 0, prevTerm 0
031632 LEAD S2: 0 append success next 1 match 0
031633 LEAD S2: 1 append success next 1 match 0
032133 LEAD S2: prevLog &raft.Entry{Command:interface {}(nil), Term:0, Index:0}
032133 LEAD S2: prevLog &raft.Entry{Command:interface {}(nil), Term:0, Index:0}
032134 INFO S0: (term 1) follower 收到 [2] AppendEntries [], prevIndex 0, prevTerm 0
032134 LEAD S2: 0 append success next 1 match 0
032134 INFO S1: (term 1) follower 收到 [2] AppendEntries [], prevIndex 0, prevTerm 0
032135 LEAD S2: 1 append success next 1 match 0
032636 LEAD S2: prevLog &raft.Entry{Command:interface {}(nil), Term:0, Index:0}
032637 LEAD S2: prevLog &raft.Entry{Command:interface {}(nil), Term:0, Index:0}
032637 INFO S1: (term 1) follower 收到 [2] AppendEntries [], prevIndex 0, prevTerm 0
032638 LEAD S2: 1 append success next 1 match 0
032638 INFO S0: (term 1) follower 收到 [2] AppendEntries [], prevIndex 0, prevTerm 0
032638 LEAD S2: 0 append success next 1 match 0
033139 LEAD S2: prevLog &raft.Entry{Command:interface {}(nil), Term:0, Index:0}
033139 LEAD S2: prevLog &raft.Entry{Command:interface {}(nil), Term:0, Index:0}
033140 INFO S1: (term 1) follower 收到 [2] AppendEntries [], prevIndex 0, prevTerm 0
033140 INFO S0: (term 1) follower 收到 [2] AppendEntries [], prevIndex 0, prevTerm 0
033140 LEAD S2: 1 append success next 1 match 0
033140 LEAD S2: 0 append success next 1 match 0
033641 LEAD S2: prevLog &raft.Entry{Command:interface {}(nil), Term:0, Index:0}
033641 LEAD S2: prevLog &raft.Entry{Command:interface {}(nil), Term:0, Index:0}
033642 INFO S0: (term 1) follower 收到 [2] AppendEntries [], prevIndex 0, prevTerm 0
033642 LEAD S2: 0 append success next 1 match 0
033643 INFO S1: (term 1) follower 收到 [2] AppendEntries [], prevIndex 0, prevTerm 0
033643 LEAD S2: 1 append success next 1 match 0
034143 LEAD S2: prevLog &raft.Entry{Command:interface {}(nil), Term:0, Index:0}
034143 LEAD S2: prevLog &raft.Entry{Command:interface {}(nil), Term:0, Index:0}
034144 INFO S1: (term 1) follower 收到 [2] AppendEntries [], prevIndex 0, prevTerm 0
034144 INFO S0: (term 1) follower 收到 [2] AppendEntries [], prevIndex 0, prevTerm 0
034145 LEAD S2: 1 append success next 1 match 0
034145 LEAD S2: 0 append success next 1 match 0
034645 LEAD S2: prevLog &raft.Entry{Command:interface {}(nil), Term:0, Index:0}
034646 LEAD S2: prevLog &raft.Entry{Command:interface {}(nil), Term:0, Index:0}
034647 INFO S0: (term 1) follower 收到 [2] AppendEntries [], prevIndex 0, prevTerm 0
034650 LEAD S2: 0 append success next 1 match 0
034650 INFO S1: (term 1) follower 收到 [2] AppendEntries [], prevIndex 0, prevTerm 0
034652 LEAD S2: 1 append success next 1 match 0
035147 LEAD S2: prevLog &raft.Entry{Command:interface {}(nil), Term:0, Index:0}
035147 LEAD S2: prevLog &raft.Entry{Command:interface {}(nil), Term:0, Index:0}
035148 INFO S0: (term 1) follower 收到 [2] AppendEntries [], prevIndex 0, prevTerm 0
035148 INFO S1: (term 1) follower 收到 [2] AppendEntries [], prevIndex 0, prevTerm 0
035148 LEAD S2: 0 append success next 1 match 0
035149 LEAD S2: 1 append success next 1 match 0
035648 LEAD S2: prevLog &raft.Entry{Command:interface {}(nil), Term:0, Index:0}
035649 LEAD S2: prevLog &raft.Entry{Command:interface {}(nil), Term:0, Index:0}
035649 INFO S1: (term 1) follower 收到 [2] AppendEntries [], prevIndex 0, prevTerm 0
035650 LEAD S2: 1 append success next 1 match 0
035650 INFO S0: (term 1) follower 收到 [2] AppendEntries [], prevIndex 0, prevTerm 0
035650 LEAD S2: 0 append success next 1 match 0
036151 LEAD S2: prevLog &raft.Entry{Command:interface {}(nil), Term:0, Index:0}
036151 LEAD S2: prevLog &raft.Entry{Command:interface {}(nil), Term:0, Index:0}
036152 INFO S1: (term 1) follower 收到 [2] AppendEntries [], prevIndex 0, prevTerm 0
036153 INFO S0: (term 1) follower 收到 [2] AppendEntries [], prevIndex 0, prevTerm 0
036153 LEAD S2: 1 append success next 1 match 0
036153 LEAD S2: 0 append success next 1 match 0
036653 LEAD S2: prevLog &raft.Entry{Command:interface {}(nil), Term:0, Index:0}
036653 LEAD S2: prevLog &raft.Entry{Command:interface {}(nil), Term:0, Index:0}
036654 INFO S0: (term 1) follower 收到 [2] AppendEntries [], prevIndex 0, prevTerm 0
036654 INFO S1: (term 1) follower 收到 [2] AppendEntries [], prevIndex 0, prevTerm 0
036654 LEAD S2: 0 append success next 1 match 0
036655 LEAD S2: 1 append success next 1 match 0
037156 LEAD S2: prevLog &raft.Entry{Command:interface {}(nil), Term:0, Index:0}
037156 LEAD S2: prevLog &raft.Entry{Command:interface {}(nil), Term:0, Index:0}
037156 INFO S1: (term 1) follower 收到 [2] AppendEntries [], prevIndex 0, prevTerm 0
037157 INFO S0: (term 1) follower 收到 [2] AppendEntries [], prevIndex 0, prevTerm 0
037157 LEAD S2: 0 append success next 1 match 0
037157 LEAD S2: 1 append success next 1 match 0
037658 LEAD S2: prevLog &raft.Entry{Command:interface {}(nil), Term:0, Index:0}
037658 LEAD S2: prevLog &raft.Entry{Command:interface {}(nil), Term:0, Index:0}
037659 INFO S1: (term 1) follower 收到 [2] AppendEntries [], prevIndex 0, prevTerm 0
037659 INFO S0: (term 1) follower 收到 [2] AppendEntries [], prevIndex 0, prevTerm 0
037659 LEAD S2: 1 append success next 1 match 0
037659 LEAD S2: 0 append success next 1 match 0
038160 LEAD S2: prevLog &raft.Entry{Command:interface {}(nil), Term:0, Index:0}
038160 LEAD S2: prevLog &raft.Entry{Command:interface {}(nil), Term:0, Index:0}
038161 INFO S0: (term 1) follower 收到 [2] AppendEntries [], prevIndex 0, prevTerm 0
038161 INFO S1: (term 1) follower 收到 [2] AppendEntries [], prevIndex 0, prevTerm 0
038161 LEAD S2: 0 append success next 1 match 0
038161 LEAD S2: 1 append success next 1 match 0
038661 LEAD S2: prevLog &raft.Entry{Command:interface {}(nil), Term:0, Index:0}
038662 LEAD S2: prevLog &raft.Entry{Command:interface {}(nil), Term:0, Index:0}
038662 INFO S0: (term 1) follower 收到 [2] AppendEntries [], prevIndex 0, prevTerm 0
038663 LEAD S2: 0 append success next 1 match 0
038663 INFO S1: (term 1) follower 收到 [2] AppendEntries [], prevIndex 0, prevTerm 0
038663 LEAD S2: 1 append success next 1 match 0
039164 LEAD S2: prevLog &raft.Entry{Command:interface {}(nil), Term:0, Index:0}
039164 LEAD S2: prevLog &raft.Entry{Command:interface {}(nil), Term:0, Index:0}
039165 INFO S1: (term 1) follower 收到 [2] AppendEntries [], prevIndex 0, prevTerm 0
039165 INFO S0: (term 1) follower 收到 [2] AppendEntries [], prevIndex 0, prevTerm 0
039165 LEAD S2: 1 append success next 1 match 0
039165 LEAD S2: 0 append success next 1 match 0
039666 LEAD S2: prevLog &raft.Entry{Command:interface {}(nil), Term:0, Index:0}
039667 LEAD S2: prevLog &raft.Entry{Command:interface {}(nil), Term:0, Index:0}
039667 INFO S0: (term 1) follower 收到 [2] AppendEntries [], prevIndex 0, prevTerm 0
039668 INFO S1: (term 1) follower 收到 [2] AppendEntries [], prevIndex 0, prevTerm 0
039668 LEAD S2: 0 append success next 1 match 0
039668 LEAD S2: 1 append success next 1 match 0
040168 LEAD S2: prevLog &raft.Entry{Command:interface {}(nil), Term:0, Index:0}
040168 LEAD S2: prevLog &raft.Entry{Command:interface {}(nil), Term:0, Index:0}
040169 INFO S0: (term 1) follower 收到 [2] AppendEntries [], prevIndex 0, prevTerm 0
040169 LEAD S2: 0 append success next 1 match 0
040170 INFO S1: (term 1) follower 收到 [2] AppendEntries [], prevIndex 0, prevTerm 0
040170 LEAD S2: 1 append success next 1 match 0
040670 LEAD S2: prevLog &raft.Entry{Command:interface {}(nil), Term:0, Index:0}
040671 LEAD S2: prevLog &raft.Entry{Command:interface {}(nil), Term:0, Index:0}
040671 INFO S1: (term 1) follower 收到 [2] AppendEntries [], prevIndex 0, prevTerm 0
040671 INFO S0: (term 1) follower 收到 [2] AppendEntries [], prevIndex 0, prevTerm 0
040672 LEAD S2: 0 append success next 1 match 0
040672 LEAD S2: 1 append success next 1 match 0
041173 LEAD S2: prevLog &raft.Entry{Command:interface {}(nil), Term:0, Index:0}
041173 LEAD S2: prevLog &raft.Entry{Command:interface {}(nil), Term:0, Index:0}
041174 INFO S1: (term 1) follower 收到 [2] AppendEntries [], prevIndex 0, prevTerm 0
041174 LEAD S2: 1 append success next 1 match 0
041174 INFO S0: (term 1) follower 收到 [2] AppendEntries [], prevIndex 0, prevTerm 0
041174 LEAD S2: 0 append success next 1 match 0
041675 LEAD S2: prevLog &raft.Entry{Command:interface {}(nil), Term:0, Index:0}
041676 LEAD S2: prevLog &raft.Entry{Command:interface {}(nil), Term:0, Index:0}
041676 INFO S1: (term 1) follower 收到 [2] AppendEntries [], prevIndex 0, prevTerm 0
041676 INFO S0: (term 1) follower 收到 [2] AppendEntries [], prevIndex 0, prevTerm 0
041677 LEAD S2: 0 append success next 1 match 0
041677 LEAD S2: 1 append success next 1 match 0
042178 LEAD S2: prevLog &raft.Entry{Command:interface {}(nil), Term:0, Index:0}
042178 LEAD S2: prevLog &raft.Entry{Command:interface {}(nil), Term:0, Index:0}
042179 INFO S0: (term 1) follower 收到 [2] AppendEntries [], prevIndex 0, prevTerm 0
042179 INFO S1: (term 1) follower 收到 [2] AppendEntries [], prevIndex 0, prevTerm 0
042179 LEAD S2: 0 append success next 1 match 0
042179 LEAD S2: 1 append success next 1 match 0
042679 LEAD S2: prevLog &raft.Entry{Command:interface {}(nil), Term:0, Index:0}
042680 LEAD S2: prevLog &raft.Entry{Command:interface {}(nil), Term:0, Index:0}
042680 INFO S1: (term 1) follower 收到 [2] AppendEntries [], prevIndex 0, prevTerm 0
042680 INFO S0: (term 1) follower 收到 [2] AppendEntries [], prevIndex 0, prevTerm 0
042681 LEAD S2: 0 append success next 1 match 0
042681 LEAD S2: 1 append success next 1 match 0
043182 LEAD S2: prevLog &raft.Entry{Command:interface {}(nil), Term:0, Index:0}
043182 LEAD S2: prevLog &raft.Entry{Command:interface {}(nil), Term:0, Index:0}
043183 INFO S0: (term 1) follower 收到 [2] AppendEntries [], prevIndex 0, prevTerm 0
043183 INFO S1: (term 1) follower 收到 [2] AppendEntries [], prevIndex 0, prevTerm 0
043183 LEAD S2: 0 append success next 1 match 0
043183 LEAD S2: 1 append success next 1 match 0
043683 LEAD S2: prevLog &raft.Entry{Command:interface {}(nil), Term:0, Index:0}
043684 LEAD S2: prevLog &raft.Entry{Command:interface {}(nil), Term:0, Index:0}
043684 INFO S1: (term 1) follower 收到 [2] AppendEntries [], prevIndex 0, prevTerm 0
043684 INFO S0: (term 1) follower 收到 [2] AppendEntries [], prevIndex 0, prevTerm 0
043685 LEAD S2: 0 append success next 1 match 0
043685 LEAD S2: 1 append success next 1 match 0
044186 LEAD S2: prevLog &raft.Entry{Command:interface {}(nil), Term:0, Index:0}
044186 LEAD S2: prevLog &raft.Entry{Command:interface {}(nil), Term:0, Index:0}
044186 INFO S0: (term 1) follower 收到 [2] AppendEntries [], prevIndex 0, prevTerm 0
044187 INFO S1: (term 1) follower 收到 [2] AppendEntries [], prevIndex 0, prevTerm 0
044187 LEAD S2: 0 append success next 1 match 0
044187 LEAD S2: 1 append success next 1 match 0
044687 LEAD S2: prevLog &raft.Entry{Command:interface {}(nil), Term:0, Index:0}
044688 LEAD S2: prevLog &raft.Entry{Command:interface {}(nil), Term:0, Index:0}
044688 INFO S1: (term 1) follower 收到 [2] AppendEntries [], prevIndex 0, prevTerm 0
044688 INFO S0: (term 1) follower 收到 [2] AppendEntries [], prevIndex 0, prevTerm 0
044688 LEAD S2: 0 append success next 1 match 0
044688 LEAD S2: 1 append success next 1 match 0
045190 LEAD S2: prevLog &raft.Entry{Command:interface {}(nil), Term:0, Index:0}
045190 LEAD S2: prevLog &raft.Entry{Command:interface {}(nil), Term:0, Index:0}
045191 INFO S1: (term 1) follower 收到 [2] AppendEntries [], prevIndex 0, prevTerm 0
045191 INFO S0: (term 1) follower 收到 [2] AppendEntries [], prevIndex 0, prevTerm 0
045191 LEAD S2: 1 append success next 1 match 0
045191 LEAD S2: 0 append success next 1 match 0
045691 LEAD S2: prevLog &raft.Entry{Command:interface {}(nil), Term:0, Index:0}
045691 LEAD S2: prevLog &raft.Entry{Command:interface {}(nil), Term:0, Index:0}
045692 INFO S1: (term 1) follower 收到 [2] AppendEntries [], prevIndex 0, prevTerm 0
045692 INFO S0: (term 1) follower 收到 [2] AppendEntries [], prevIndex 0, prevTerm 0
045692 LEAD S2: 1 append success next 1 match 0
045693 LEAD S2: 0 append success next 1 match 0
046194 LEAD S2: prevLog &raft.Entry{Command:interface {}(nil), Term:0, Index:0}
046194 LEAD S2: prevLog &raft.Entry{Command:interface {}(nil), Term:0, Index:0}
046195 INFO S0: (term 1) follower 收到 [2] AppendEntries [], prevIndex 0, prevTerm 0
046195 INFO S1: (term 1) follower 收到 [2] AppendEntries [], prevIndex 0, prevTerm 0
046195 LEAD S2: 0 append success next 1 match 0
046195 LEAD S2: 1 append success next 1 match 0
046695 LEAD S2: prevLog &raft.Entry{Command:interface {}(nil), Term:0, Index:0}
046695 LEAD S2: prevLog &raft.Entry{Command:interface {}(nil), Term:0, Index:0}
046696 INFO S1: (term 1) follower 收到 [2] AppendEntries [], prevIndex 0, prevTerm 0
046696 INFO S0: (term 1) follower 收到 [2] AppendEntries [], prevIndex 0, prevTerm 0
046697 LEAD S2: 1 append success next 1 match 0
046697 LEAD S2: 0 append success next 1 match 0
047198 LEAD S2: prevLog &raft.Entry{Command:interface {}(nil), Term:0, Index:0}
047198 LEAD S2: prevLog &raft.Entry{Command:interface {}(nil), Term:0, Index:0}
047198 INFO S0: (term 1) follower 收到 [2] AppendEntries [], prevIndex 0, prevTerm 0
047199 LEAD S2: 0 append success next 1 match 0
047199 INFO S1: (term 1) follower 收到 [2] AppendEntries [], prevIndex 0, prevTerm 0
047199 LEAD S2: 1 append success next 1 match 0
047700 LEAD S2: prevLog &raft.Entry{Command:interface {}(nil), Term:0, Index:0}
047701 LEAD S2: prevLog &raft.Entry{Command:interface {}(nil), Term:0, Index:0}
047701 INFO S1: (term 1) follower 收到 [2] AppendEntries [], prevIndex 0, prevTerm 0
047701 INFO S0: (term 1) follower 收到 [2] AppendEntries [], prevIndex 0, prevTerm 0
047702 LEAD S2: 0 append success next 1 match 0
047702 LEAD S2: 1 append success next 1 match 0
048203 LEAD S2: prevLog &raft.Entry{Command:interface {}(nil), Term:0, Index:0}
048203 LEAD S2: prevLog &raft.Entry{Command:interface {}(nil), Term:0, Index:0}
048203 INFO S0: (term 1) follower 收到 [2] AppendEntries [], prevIndex 0, prevTerm 0
048203 INFO S1: (term 1) follower 收到 [2] AppendEntries [], prevIndex 0, prevTerm 0
048204 LEAD S2: 0 append success next 1 match 0
048204 LEAD S2: 1 append success next 1 match 0
048704 LEAD S2: prevLog &raft.Entry{Command:interface {}(nil), Term:0, Index:0}
048705 LEAD S2: prevLog &raft.Entry{Command:interface {}(nil), Term:0, Index:0}
048705 INFO S1: (term 1) follower 收到 [2] AppendEntries [], prevIndex 0, prevTerm 0
048705 INFO S0: (term 1) follower 收到 [2] AppendEntries [], prevIndex 0, prevTerm 0
048706 LEAD S2: 1 append success next 1 match 0
048706 LEAD S2: 0 append success next 1 match 0
049207 LEAD S2: prevLog &raft.Entry{Command:interface {}(nil), Term:0, Index:0}
049207 LEAD S2: prevLog &raft.Entry{Command:interface {}(nil), Term:0, Index:0}
049208 INFO S1: (term 1) follower 收到 [2] AppendEntries [], prevIndex 0, prevTerm 0
049208 LEAD S2: 1 append success next 1 match 0
049208 INFO S0: (term 1) follower 收到 [2] AppendEntries [], prevIndex 0, prevTerm 0
049208 LEAD S2: 0 append success next 1 match 0
049709 LEAD S2: prevLog &raft.Entry{Command:interface {}(nil), Term:0, Index:0}
049709 LEAD S2: prevLog &raft.Entry{Command:interface {}(nil), Term:0, Index:0}
049710 INFO S0: (term 1) follower 收到 [2] AppendEntries [], prevIndex 0, prevTerm 0
049710 INFO S1: (term 1) follower 收到 [2] AppendEntries [], prevIndex 0, prevTerm 0
049710 LEAD S2: 1 append success next 1 match 0
049711 LEAD S2: 0 append success next 1 match 0
050211 LEAD S2: prevLog &raft.Entry{Command:interface {}(nil), Term:0, Index:0}
050211 LEAD S2: prevLog &raft.Entry{Command:interface {}(nil), Term:0, Index:0}
050212 INFO S1: (term 1) follower 收到 [2] AppendEntries [], prevIndex 0, prevTerm 0
050212 INFO S0: (term 1) follower 收到 [2] AppendEntries [], prevIndex 0, prevTerm 0
050212 LEAD S2: 1 append success next 1 match 0
050213 LEAD S2: 0 append success next 1 match 0
050713 LEAD S2: prevLog &raft.Entry{Command:interface {}(nil), Term:0, Index:0}
050713 LEAD S2: prevLog &raft.Entry{Command:interface {}(nil), Term:0, Index:0}
050714 INFO S0: (term 1) follower 收到 [2] AppendEntries [], prevIndex 0, prevTerm 0
050714 INFO S1: (term 1) follower 收到 [2] AppendEntries [], prevIndex 0, prevTerm 0
050714 LEAD S2: 0 append success next 1 match 0
050714 LEAD S2: 1 append success next 1 match 0
051215 LEAD S2: prevLog &raft.Entry{Command:interface {}(nil), Term:0, Index:0}
051215 LEAD S2: prevLog &raft.Entry{Command:interface {}(nil), Term:0, Index:0}
051215 INFO S1: (term 1) follower 收到 [2] AppendEntries [], prevIndex 0, prevTerm 0
051215 INFO S0: (term 1) follower 收到 [2] AppendEntries [], prevIndex 0, prevTerm 0
051216 LEAD S2: 0 append success next 1 match 0
051216 LEAD S2: 1 append success next 1 match 0
051717 LEAD S2: prevLog &raft.Entry{Command:interface {}(nil), Term:0, Index:0}
051717 LEAD S2: prevLog &raft.Entry{Command:interface {}(nil), Term:0, Index:0}
051718 INFO S0: (term 1) follower 收到 [2] AppendEntries [], prevIndex 0, prevTerm 0
051718 INFO S1: (term 1) follower 收到 [2] AppendEntries [], prevIndex 0, prevTerm 0
051718 LEAD S2: 0 append success next 1 match 0
051718 LEAD S2: 1 append success next 1 match 0
052219 LEAD S2: prevLog &raft.Entry{Command:interface {}(nil), Term:0, Index:0}
052219 LEAD S2: prevLog &raft.Entry{Command:interface {}(nil), Term:0, Index:0}
052219 INFO S0: (term 1) follower 收到 [2] AppendEntries [], prevIndex 0, prevTerm 0
052220 LEAD S2: 0 append success next 1 match 0
052220 INFO S1: (term 1) follower 收到 [2] AppendEntries [], prevIndex 0, prevTerm 0
052220 LEAD S2: 1 append success next 1 match 0
052721 LEAD S2: prevLog &raft.Entry{Command:interface {}(nil), Term:0, Index:0}
052721 LEAD S2: prevLog &raft.Entry{Command:interface {}(nil), Term:0, Index:0}
052722 INFO S1: (term 1) follower 收到 [2] AppendEntries [], prevIndex 0, prevTerm 0
052722 LEAD S2: 1 append success next 1 match 0
052722 INFO S0: (term 1) follower 收到 [2] AppendEntries [], prevIndex 0, prevTerm 0
052723 LEAD S2: 0 append success next 1 match 0
053223 LEAD S2: prevLog &raft.Entry{Command:interface {}(nil), Term:0, Index:0}
053223 LEAD S2: prevLog &raft.Entry{Command:interface {}(nil), Term:0, Index:0}
053224 INFO S1: (term 1) follower 收到 [2] AppendEntries [], prevIndex 0, prevTerm 0
053224 INFO S0: (term 1) follower 收到 [2] AppendEntries [], prevIndex 0, prevTerm 0
053224 LEAD S2: 1 append success next 1 match 0
053225 LEAD S2: 0 append success next 1 match 0
053726 LEAD S2: prevLog &raft.Entry{Command:interface {}(nil), Term:0, Index:0}
053726 LEAD S2: prevLog &raft.Entry{Command:interface {}(nil), Term:0, Index:0}
053727 INFO S0: (term 1) follower 收到 [2] AppendEntries [], prevIndex 0, prevTerm 0
053727 INFO S1: (term 1) follower 收到 [2] AppendEntries [], prevIndex 0, prevTerm 0
053727 LEAD S2: 0 append success next 1 match 0
053728 LEAD S2: 1 append success next 1 match 0
054229 LEAD S2: prevLog &raft.Entry{Command:interface {}(nil), Term:0, Index:0}
054229 LEAD S2: prevLog &raft.Entry{Command:interface {}(nil), Term:0, Index:0}
054230 INFO S0: (term 1) follower 收到 [2] AppendEntries [], prevIndex 0, prevTerm 0
054230 LEAD S2: 0 append success next 1 match 0
054230 INFO S1: (term 1) follower 收到 [2] AppendEntries [], prevIndex 0, prevTerm 0
054231 LEAD S2: 1 append success next 1 match 0
054731 LEAD S2: prevLog &raft.Entry{Command:interface {}(nil), Term:0, Index:0}
054732 LEAD S2: prevLog &raft.Entry{Command:interface {}(nil), Term:0, Index:0}
054732 INFO S0: (term 1) follower 收到 [2] AppendEntries [], prevIndex 0, prevTerm 0
054732 INFO S1: (term 1) follower 收到 [2] AppendEntries [], prevIndex 0, prevTerm 0
054733 LEAD S2: 0 append success next 1 match 0
054733 LEAD S2: 1 append success next 1 match 0
055233 LEAD S2: prevLog &raft.Entry{Command:interface {}(nil), Term:0, Index:0}
055233 LEAD S2: prevLog &raft.Entry{Command:interface {}(nil), Term:0, Index:0}
055234 INFO S0: (term 1) follower 收到 [2] AppendEntries [], prevIndex 0, prevTerm 0
055234 LEAD S2: 0 append success next 1 match 0
055234 INFO S1: (term 1) follower 收到 [2] AppendEntries [], prevIndex 0, prevTerm 0
055235 LEAD S2: 1 append success next 1 match 0
055736 LEAD S2: prevLog &raft.Entry{Command:interface {}(nil), Term:0, Index:0}
055736 LEAD S2: prevLog &raft.Entry{Command:interface {}(nil), Term:0, Index:0}
055737 INFO S1: (term 1) follower 收到 [2] AppendEntries [], prevIndex 0, prevTerm 0
055737 INFO S0: (term 1) follower 收到 [2] AppendEntries [], prevIndex 0, prevTerm 0
055737 LEAD S2: 1 append success next 1 match 0
055737 LEAD S2: 0 append success next 1 match 0
056237 LEAD S2: prevLog &raft.Entry{Command:interface {}(nil), Term:0, Index:0}
056237 LEAD S2: prevLog &raft.Entry{Command:interface {}(nil), Term:0, Index:0}
056238 INFO S0: (term 1) follower 收到 [2] AppendEntries [], prevIndex 0, prevTerm 0
056239 LEAD S2: 0 append success next 1 match 0
056238 INFO S1: (term 1) follower 收到 [2] AppendEntries [], prevIndex 0, prevTerm 0
056239 LEAD S2: 1 append success next 1 match 0
056740 LEAD S2: prevLog &raft.Entry{Command:interface {}(nil), Term:0, Index:0}
056741 LEAD S2: prevLog &raft.Entry{Command:interface {}(nil), Term:0, Index:0}
056742 INFO S1: (term 1) follower 收到 [2] AppendEntries [], prevIndex 0, prevTerm 0
056743 INFO S0: (term 1) follower 收到 [2] AppendEntries [], prevIndex 0, prevTerm 0
056743 LEAD S2: 0 append success next 1 match 0
056743 LEAD S2: 1 append success next 1 match 0
057243 LEAD S2: prevLog &raft.Entry{Command:interface {}(nil), Term:0, Index:0}
057244 LEAD S2: prevLog &raft.Entry{Command:interface {}(nil), Term:0, Index:0}
057244 INFO S1: (term 1) follower 收到 [2] AppendEntries [], prevIndex 0, prevTerm 0
057245 LEAD S2: 1 append success next 1 match 0
057245 INFO S0: (term 1) follower 收到 [2] AppendEntries [], prevIndex 0, prevTerm 0
057245 LEAD S2: 0 append success next 1 match 0
057746 LEAD S2: prevLog &raft.Entry{Command:interface {}(nil), Term:0, Index:0}
057746 LEAD S2: prevLog &raft.Entry{Command:interface {}(nil), Term:0, Index:0}
057747 INFO S1: (term 1) follower 收到 [2] AppendEntries [], prevIndex 0, prevTerm 0
057747 INFO S0: (term 1) follower 收到 [2] AppendEntries [], prevIndex 0, prevTerm 0
057747 LEAD S2: 0 append success next 1 match 0
057747 LEAD S2: 1 append success next 1 match 0
058248 LEAD S2: prevLog &raft.Entry{Command:interface {}(nil), Term:0, Index:0}
058248 LEAD S2: prevLog &raft.Entry{Command:interface {}(nil), Term:0, Index:0}
058249 INFO S0: (term 1) follower 收到 [2] AppendEntries [], prevIndex 0, prevTerm 0
058249 INFO S1: (term 1) follower 收到 [2] AppendEntries [], prevIndex 0, prevTerm 0
058249 LEAD S2: 0 append success next 1 match 0
058249 LEAD S2: 1 append success next 1 match 0
058750 LEAD S2: prevLog &raft.Entry{Command:interface {}(nil), Term:0, Index:0}
058751 LEAD S2: prevLog &raft.Entry{Command:interface {}(nil), Term:0, Index:0}
058751 INFO S1: (term 1) follower 收到 [2] AppendEntries [], prevIndex 0, prevTerm 0
058752 INFO S0: (term 1) follower 收到 [2] AppendEntries [], prevIndex 0, prevTerm 0
058752 LEAD S2: 1 append success next 1 match 0
058752 LEAD S2: 0 append success next 1 match 0
059253 LEAD S2: prevLog &raft.Entry{Command:interface {}(nil), Term:0, Index:0}
059253 LEAD S2: prevLog &raft.Entry{Command:interface {}(nil), Term:0, Index:0}
059254 INFO S0: (term 1) follower 收到 [2] AppendEntries [], prevIndex 0, prevTerm 0
059254 INFO S1: (term 1) follower 收到 [2] AppendEntries [], prevIndex 0, prevTerm 0
059255 LEAD S2: 0 append success next 1 match 0
059255 LEAD S2: 1 append success next 1 match 0
059755 LEAD S2: prevLog &raft.Entry{Command:interface {}(nil), Term:0, Index:0}
059755 LEAD S2: prevLog &raft.Entry{Command:interface {}(nil), Term:0, Index:0}
059756 INFO S1: (term 1) follower 收到 [2] AppendEntries [], prevIndex 0, prevTerm 0
059756 INFO S0: (term 1) follower 收到 [2] AppendEntries [], prevIndex 0, prevTerm 0
059756 LEAD S2: 0 append success next 1 match 0
059756 LEAD S2: 1 append success next 1 match 0
060258 LEAD S2: prevLog &raft.Entry{Command:interface {}(nil), Term:0, Index:0}
060258 LEAD S2: prevLog &raft.Entry{Command:interface {}(nil), Term:0, Index:0}
060258 INFO S0: (term 1) follower 收到 [2] AppendEntries [], prevIndex 0, prevTerm 0
060258 INFO S1: (term 1) follower 收到 [2] AppendEntries [], prevIndex 0, prevTerm 0
060259 LEAD S2: 1 append success next 1 match 0
060259 LEAD S2: 0 append success next 1 match 0
060760 LEAD S2: prevLog &raft.Entry{Command:interface {}(nil), Term:0, Index:0}
060761 LEAD S2: prevLog &raft.Entry{Command:interface {}(nil), Term:0, Index:0}
060761 INFO S1: (term 1) follower 收到 [2] AppendEntries [], prevIndex 0, prevTerm 0
060761 INFO S0: (term 1) follower 收到 [2] AppendEntries [], prevIndex 0, prevTerm 0
060762 LEAD S2: 1 append success next 1 match 0
060762 LEAD S2: 0 append success next 1 match 0
061262 LEAD S2: prevLog &raft.Entry{Command:interface {}(nil), Term:0, Index:0}
061262 LEAD S2: prevLog &raft.Entry{Command:interface {}(nil), Term:0, Index:0}
061262 INFO S0: (term 1) follower 收到 [2] AppendEntries [], prevIndex 0, prevTerm 0
061263 LEAD S2: 0 append success next 1 match 0
061263 INFO S1: (term 1) follower 收到 [2] AppendEntries [], prevIndex 0, prevTerm 0
061263 LEAD S2: 1 append success next 1 match 0
061764 LEAD S2: prevLog &raft.Entry{Command:interface {}(nil), Term:0, Index:0}
061764 LEAD S2: prevLog &raft.Entry{Command:interface {}(nil), Term:0, Index:0}
061765 INFO S1: (term 1) follower 收到 [2] AppendEntries [], prevIndex 0, prevTerm 0
061765 INFO S0: (term 1) follower 收到 [2] AppendEntries [], prevIndex 0, prevTerm 0
061765 LEAD S2: 0 append success next 1 match 0
061765 LEAD S2: 1 append success next 1 match 0
062267 LEAD S2: prevLog &raft.Entry{Command:interface {}(nil), Term:0, Index:0}
062267 LEAD S2: prevLog &raft.Entry{Command:interface {}(nil), Term:0, Index:0}
062267 INFO S0: (term 1) follower 收到 [2] AppendEntries [], prevIndex 0, prevTerm 0
062268 INFO S1: (term 1) follower 收到 [2] AppendEntries [], prevIndex 0, prevTerm 0
062268 LEAD S2: 0 append success next 1 match 0
062268 LEAD S2: 1 append success next 1 match 0
062769 LEAD S2: prevLog &raft.Entry{Command:interface {}(nil), Term:0, Index:0}
062769 LEAD S2: prevLog &raft.Entry{Command:interface {}(nil), Term:0, Index:0}
062770 INFO S1: (term 1) follower 收到 [2] AppendEntries [], prevIndex 0, prevTerm 0
062770 INFO S0: (term 1) follower 收到 [2] AppendEntries [], prevIndex 0, prevTerm 0
062770 LEAD S2: 0 append success next 1 match 0
062770 LEAD S2: 1 append success next 1 match 0
063272 LEAD S2: prevLog &raft.Entry{Command:interface {}(nil), Term:0, Index:0}
063272 LEAD S2: prevLog &raft.Entry{Command:interface {}(nil), Term:0, Index:0}
063272 INFO S1: (term 1) follower 收到 [2] AppendEntries [], prevIndex 0, prevTerm 0
063272 INFO S0: (term 1) follower 收到 [2] AppendEntries [], prevIndex 0, prevTerm 0
063273 LEAD S2: 1 append success next 1 match 0
063273 LEAD S2: 0 append success next 1 match 0
063774 LEAD S2: prevLog &raft.Entry{Command:interface {}(nil), Term:0, Index:0}
063774 LEAD S2: prevLog &raft.Entry{Command:interface {}(nil), Term:0, Index:0}
063774 INFO S1: (term 1) follower 收到 [2] AppendEntries [], prevIndex 0, prevTerm 0
063774 INFO S0: (term 1) follower 收到 [2] AppendEntries [], prevIndex 0, prevTerm 0
063775 LEAD S2: 1 append success next 1 match 0
063775 LEAD S2: 0 append success next 1 match 0
064275 LEAD S2: prevLog &raft.Entry{Command:interface {}(nil), Term:0, Index:0}
064275 LEAD S2: prevLog &raft.Entry{Command:interface {}(nil), Term:0, Index:0}
064276 INFO S1: (term 1) follower 收到 [2] AppendEntries [], prevIndex 0, prevTerm 0
064276 INFO S0: (term 1) follower 收到 [2] AppendEntries [], prevIndex 0, prevTerm 0
064276 LEAD S2: 1 append success next 1 match 0
064277 LEAD S2: 0 append success next 1 match 0
064778 LEAD S2: prevLog &raft.Entry{Command:interface {}(nil), Term:0, Index:0}
064778 LEAD S2: prevLog &raft.Entry{Command:interface {}(nil), Term:0, Index:0}
064779 INFO S0: (term 1) follower 收到 [2] AppendEntries [], prevIndex 0, prevTerm 0
064779 INFO S1: (term 1) follower 收到 [2] AppendEntries [], prevIndex 0, prevTerm 0
064779 LEAD S2: 0 append success next 1 match 0
064779 LEAD S2: 1 append success next 1 match 0
065280 LEAD S2: prevLog &raft.Entry{Command:interface {}(nil), Term:0, Index:0}
065280 LEAD S2: prevLog &raft.Entry{Command:interface {}(nil), Term:0, Index:0}
065281 INFO S1: (term 1) follower 收到 [2] AppendEntries [], prevIndex 0, prevTerm 0
065281 INFO S0: (term 1) follower 收到 [2] AppendEntries [], prevIndex 0, prevTerm 0
065281 LEAD S2: 1 append success next 1 match 0
065281 LEAD S2: 0 append success next 1 match 0
065782 LEAD S2: prevLog &raft.Entry{Command:interface {}(nil), Term:0, Index:0}
065783 LEAD S2: prevLog &raft.Entry{Command:interface {}(nil), Term:0, Index:0}
065783 INFO S1: (term 1) follower 收到 [2] AppendEntries [], prevIndex 0, prevTerm 0
065783 INFO S0: (term 1) follower 收到 [2] AppendEntries [], prevIndex 0, prevTerm 0
065784 LEAD S2: 1 append success next 1 match 0
065784 LEAD S2: 0 append success next 1 match 0
066285 LEAD S2: prevLog &raft.Entry{Command:interface {}(nil), Term:0, Index:0}
066285 LEAD S2: prevLog &raft.Entry{Command:interface {}(nil), Term:0, Index:0}
066285 INFO S0: (term 1) follower 收到 [2] AppendEntries [], prevIndex 0, prevTerm 0
066286 LEAD S2: 0 append success next 1 match 0
066286 INFO S1: (term 1) follower 收到 [2] AppendEntries [], prevIndex 0, prevTerm 0
066286 LEAD S2: 1 append success next 1 match 0
066786 LEAD S2: prevLog &raft.Entry{Command:interface {}(nil), Term:0, Index:0}
066787 LEAD S2: prevLog &raft.Entry{Command:interface {}(nil), Term:0, Index:0}
066787 INFO S0: (term 1) follower 收到 [2] AppendEntries [], prevIndex 0, prevTerm 0
066787 INFO S1: (term 1) follower 收到 [2] AppendEntries [], prevIndex 0, prevTerm 0
066787 LEAD S2: 0 append success next 1 match 0
066788 LEAD S2: 1 append success next 1 match 0
067288 LEAD S2: prevLog &raft.Entry{Command:interface {}(nil), Term:0, Index:0}
067288 LEAD S2: prevLog &raft.Entry{Command:interface {}(nil), Term:0, Index:0}
067289 INFO S0: (term 1) follower 收到 [2] AppendEntries [], prevIndex 0, prevTerm 0
067289 INFO S1: (term 1) follower 收到 [2] AppendEntries [], prevIndex 0, prevTerm 0
067289 LEAD S2: 0 append success next 1 match 0
067289 LEAD S2: 1 append success next 1 match 0
067791 LEAD S2: prevLog &raft.Entry{Command:interface {}(nil), Term:0, Index:0}
067791 LEAD S2: prevLog &raft.Entry{Command:interface {}(nil), Term:0, Index:0}
067792 INFO S1: (term 1) follower 收到 [2] AppendEntries [], prevIndex 0, prevTerm 0
067792 INFO S0: (term 1) follower 收到 [2] AppendEntries [], prevIndex 0, prevTerm 0
067792 LEAD S2: 1 append success next 1 match 0
067792 LEAD S2: 0 append success next 1 match 0
068293 LEAD S2: prevLog &raft.Entry{Command:interface {}(nil), Term:0, Index:0}
068293 LEAD S2: prevLog &raft.Entry{Command:interface {}(nil), Term:0, Index:0}
068294 INFO S0: (term 1) follower 收到 [2] AppendEntries [], prevIndex 0, prevTerm 0
068294 INFO S1: (term 1) follower 收到 [2] AppendEntries [], prevIndex 0, prevTerm 0
068294 LEAD S2: 0 append success next 1 match 0
068295 LEAD S2: 1 append success next 1 match 0
068794 LEAD S2: prevLog &raft.Entry{Command:interface {}(nil), Term:0, Index:0}
068795 LEAD S2: prevLog &raft.Entry{Command:interface {}(nil), Term:0, Index:0}
068795 INFO S1: (term 1) follower 收到 [2] AppendEntries [], prevIndex 0, prevTerm 0
068795 INFO S0: (term 1) follower 收到 [2] AppendEntries [], prevIndex 0, prevTerm 0
068795 LEAD S2: 1 append success next 1 match 0
068796 LEAD S2: 0 append success next 1 match 0
069296 LEAD S2: prevLog &raft.Entry{Command:interface {}(nil), Term:0, Index:0}
069296 LEAD S2: prevLog &raft.Entry{Command:interface {}(nil), Term:0, Index:0}
069297 INFO S0: (term 1) follower 收到 [2] AppendEntries [], prevIndex 0, prevTerm 0
069297 INFO S1: (term 1) follower 收到 [2] AppendEntries [], prevIndex 0, prevTerm 0
069297 LEAD S2: 0 append success next 1 match 0
069298 LEAD S2: 1 append success next 1 match 0
069798 LEAD S2: prevLog &raft.Entry{Command:interface {}(nil), Term:0, Index:0}
069799 LEAD S2: prevLog &raft.Entry{Command:interface {}(nil), Term:0, Index:0}
069800 INFO S1: (term 1) follower 收到 [2] AppendEntries [], prevIndex 0, prevTerm 0
069800 INFO S0: (term 1) follower 收到 [2] AppendEntries [], prevIndex 0, prevTerm 0
069801 LEAD S2: 0 append success next 1 match 0
069801 LEAD S2: 1 append success next 1 match 0
070300 LEAD S2: prevLog &raft.Entry{Command:interface {}(nil), Term:0, Index:0}
070300 LEAD S2: prevLog &raft.Entry{Command:interface {}(nil), Term:0, Index:0}
070301 INFO S1: (term 1) follower 收到 [2] AppendEntries [], prevIndex 0, prevTerm 0
070301 INFO S0: (term 1) follower 收到 [2] AppendEntries [], prevIndex 0, prevTerm 0
070302 LEAD S2: 1 append success next 1 match 0
070302 LEAD S2: 0 append success next 1 match 0
070802 LEAD S2: prevLog &raft.Entry{Command:interface {}(nil), Term:0, Index:0}
070802 LEAD S2: prevLog &raft.Entry{Command:interface {}(nil), Term:0, Index:0}
070803 INFO S1: (term 1) follower 收到 [2] AppendEntries [], prevIndex 0, prevTerm 0
070803 LEAD S2: 1 append success next 1 match 0
070803 INFO S0: (term 1) follower 收到 [2] AppendEntries [], prevIndex 0, prevTerm 0
070803 LEAD S2: 0 append success next 1 match 0
071304 LEAD S2: prevLog &raft.Entry{Command:interface {}(nil), Term:0, Index:0}
071304 LEAD S2: prevLog &raft.Entry{Command:interface {}(nil), Term:0, Index:0}
071305 INFO S1: (term 1) follower 收到 [2] AppendEntries [], prevIndex 0, prevTerm 0
071305 LEAD S2: 1 append success next 1 match 0
071306 INFO S0: (term 1) follower 收到 [2] AppendEntries [], prevIndex 0, prevTerm 0
071306 LEAD S2: 0 append success next 1 match 0
071807 LEAD S2: prevLog &raft.Entry{Command:interface {}(nil), Term:0, Index:0}
071807 LEAD S2: prevLog &raft.Entry{Command:interface {}(nil), Term:0, Index:0}
071808 INFO S0: (term 1) follower 收到 [2] AppendEntries [], prevIndex 0, prevTerm 0
071808 LEAD S2: 0 append success next 1 match 0
071808 INFO S1: (term 1) follower 收到 [2] AppendEntries [], prevIndex 0, prevTerm 0
071808 LEAD S2: 1 append success next 1 match 0
072308 LEAD S2: prevLog &raft.Entry{Command:interface {}(nil), Term:0, Index:0}
072308 LEAD S2: prevLog &raft.Entry{Command:interface {}(nil), Term:0, Index:0}
072311 INFO S0: (term 1) follower 收到 [2] AppendEntries [], prevIndex 0, prevTerm 0
072312 INFO S1: (term 1) follower 收到 [2] AppendEntries [], prevIndex 0, prevTerm 0
072312 LEAD S2: 0 append success next 1 match 0
072313 LEAD S2: 1 append success next 1 match 0
072809 LEAD S2: prevLog &raft.Entry{Command:interface {}(nil), Term:0, Index:0}
072809 LEAD S2: prevLog &raft.Entry{Command:interface {}(nil), Term:0, Index:0}
072810 INFO S0: (term 1) follower 收到 [2] AppendEntries [], prevIndex 0, prevTerm 0
072810 INFO S1: (term 1) follower 收到 [2] AppendEntries [], prevIndex 0, prevTerm 0
072811 LEAD S2: 1 append success next 1 match 0
072811 LEAD S2: 0 append success next 1 match 0
073312 LEAD S2: prevLog &raft.Entry{Command:interface {}(nil), Term:0, Index:0}
073312 LEAD S2: prevLog &raft.Entry{Command:interface {}(nil), Term:0, Index:0}
073313 INFO S0: (term 1) follower 收到 [2] AppendEntries [], prevIndex 0, prevTerm 0
073313 INFO S1: (term 1) follower 收到 [2] AppendEntries [], prevIndex 0, prevTerm 0
073313 LEAD S2: 1 append success next 1 match 0
073313 LEAD S2: 0 append success next 1 match 0
073813 LEAD S2: prevLog &raft.Entry{Command:interface {}(nil), Term:0, Index:0}
073814 LEAD S2: prevLog &raft.Entry{Command:interface {}(nil), Term:0, Index:0}
073814 INFO S0: (term 1) follower 收到 [2] AppendEntries [], prevIndex 0, prevTerm 0
073815 LEAD S2: 0 append success next 1 match 0
073815 INFO S1: (term 1) follower 收到 [2] AppendEntries [], prevIndex 0, prevTerm 0
073815 LEAD S2: 1 append success next 1 match 0
074316 LEAD S2: prevLog &raft.Entry{Command:interface {}(nil), Term:0, Index:0}
074316 LEAD S2: prevLog &raft.Entry{Command:interface {}(nil), Term:0, Index:0}
074317 INFO S0: (term 1) follower 收到 [2] AppendEntries [], prevIndex 0, prevTerm 0
074317 INFO S1: (term 1) follower 收到 [2] AppendEntries [], prevIndex 0, prevTerm 0
074317 LEAD S2: 0 append success next 1 match 0
074317 LEAD S2: 1 append success next 1 match 0
074818 LEAD S2: prevLog &raft.Entry{Command:interface {}(nil), Term:0, Index:0}
074818 LEAD S2: prevLog &raft.Entry{Command:interface {}(nil), Term:0, Index:0}
074819 INFO S1: (term 1) follower 收到 [2] AppendEntries [], prevIndex 0, prevTerm 0
074819 INFO S0: (term 1) follower 收到 [2] AppendEntries [], prevIndex 0, prevTerm 0
074819 LEAD S2: 1 append success next 1 match 0
074820 LEAD S2: 0 append success next 1 match 0
075320 LEAD S2: prevLog &raft.Entry{Command:interface {}(nil), Term:0, Index:0}
075320 LEAD S2: prevLog &raft.Entry{Command:interface {}(nil), Term:0, Index:0}
075321 INFO S0: (term 1) follower 收到 [2] AppendEntries [], prevIndex 0, prevTerm 0
075321 INFO S1: (term 1) follower 收到 [2] AppendEntries [], prevIndex 0, prevTerm 0
075321 LEAD S2: 0 append success next 1 match 0
075321 LEAD S2: 1 append success next 1 match 0
075823 LEAD S2: prevLog &raft.Entry{Command:interface {}(nil), Term:0, Index:0}
075823 LEAD S2: prevLog &raft.Entry{Command:interface {}(nil), Term:0, Index:0}
075824 INFO S0: (term 1) follower 收到 [2] AppendEntries [], prevIndex 0, prevTerm 0
075824 LEAD S2: 0 append success next 1 match 0
075824 INFO S1: (term 1) follower 收到 [2] AppendEntries [], prevIndex 0, prevTerm 0
075824 LEAD S2: 1 append success next 1 match 0
076326 LEAD S2: prevLog &raft.Entry{Command:interface {}(nil), Term:0, Index:0}
076326 LEAD S2: prevLog &raft.Entry{Command:interface {}(nil), Term:0, Index:0}
076327 INFO S0: (term 1) follower 收到 [2] AppendEntries [], prevIndex 0, prevTerm 0
076327 INFO S1: (term 1) follower 收到 [2] AppendEntries [], prevIndex 0, prevTerm 0
076327 LEAD S2: 0 append success next 1 match 0
076327 LEAD S2: 1 append success next 1 match 0
076828 LEAD S2: prevLog &raft.Entry{Command:interface {}(nil), Term:0, Index:0}
076828 LEAD S2: prevLog &raft.Entry{Command:interface {}(nil), Term:0, Index:0}
076829 INFO S1: (term 1) follower 收到 [2] AppendEntries [], prevIndex 0, prevTerm 0
076829 LEAD S2: 1 append success next 1 match 0
076829 INFO S0: (term 1) follower 收到 [2] AppendEntries [], prevIndex 0, prevTerm 0
076830 LEAD S2: 0 append success next 1 match 0
077332 LEAD S2: prevLog &raft.Entry{Command:interface {}(nil), Term:0, Index:0}
077332 LEAD S2: prevLog &raft.Entry{Command:interface {}(nil), Term:0, Index:0}
077333 INFO S1: (term 1) follower 收到 [2] AppendEntries [], prevIndex 0, prevTerm 0
077333 INFO S0: (term 1) follower 收到 [2] AppendEntries [], prevIndex 0, prevTerm 0
077334 LEAD S2: 0 append success next 1 match 0
077334 LEAD S2: 1 append success next 1 match 0
077834 LEAD S2: prevLog &raft.Entry{Command:interface {}(nil), Term:0, Index:0}
077834 LEAD S2: prevLog &raft.Entry{Command:interface {}(nil), Term:0, Index:0}
077835 INFO S1: (term 1) follower 收到 [2] AppendEntries [], prevIndex 0, prevTerm 0
077835 INFO S0: (term 1) follower 收到 [2] AppendEntries [], prevIndex 0, prevTerm 0
077835 LEAD S2: 1 append success next 1 match 0
077835 LEAD S2: 0 append success next 1 match 0
078336 LEAD S2: prevLog &raft.Entry{Command:interface {}(nil), Term:0, Index:0}
078336 LEAD S2: prevLog &raft.Entry{Command:interface {}(nil), Term:0, Index:0}
078337 INFO S1: (term 1) follower 收到 [2] AppendEntries [], prevIndex 0, prevTerm 0
078338 LEAD S2: 1 append success next 1 match 0
078337 INFO S0: (term 1) follower 收到 [2] AppendEntries [], prevIndex 0, prevTerm 0
078338 LEAD S2: 0 append success next 1 match 0
078837 LEAD S2: prevLog &raft.Entry{Command:interface {}(nil), Term:0, Index:0}
078838 LEAD S2: prevLog &raft.Entry{Command:interface {}(nil), Term:0, Index:0}
078838 INFO S1: (term 1) follower 收到 [2] AppendEntries [], prevIndex 0, prevTerm 0
078839 INFO S0: (term 1) follower 收到 [2] AppendEntries [], prevIndex 0, prevTerm 0
078839 LEAD S2: 1 append success next 1 match 0
078839 LEAD S2: 0 append success next 1 match 0
079341 LEAD S2: prevLog &raft.Entry{Command:interface {}(nil), Term:0, Index:0}
079341 LEAD S2: prevLog &raft.Entry{Command:interface {}(nil), Term:0, Index:0}
079342 INFO S0: (term 1) follower 收到 [2] AppendEntries [], prevIndex 0, prevTerm 0
079342 INFO S1: (term 1) follower 收到 [2] AppendEntries [], prevIndex 0, prevTerm 0
079342 LEAD S2: 0 append success next 1 match 0
079342 LEAD S2: 1 append success next 1 match 0
079842 LEAD S2: prevLog &raft.Entry{Command:interface {}(nil), Term:0, Index:0}
079843 LEAD S2: prevLog &raft.Entry{Command:interface {}(nil), Term:0, Index:0}
079843 INFO S0: (term 1) follower 收到 [2] AppendEntries [], prevIndex 0, prevTerm 0
079843 INFO S1: (term 1) follower 收到 [2] AppendEntries [], prevIndex 0, prevTerm 0
079844 LEAD S2: 0 append success next 1 match 0
079844 LEAD S2: 1 append success next 1 match 0
080345 LEAD S2: prevLog &raft.Entry{Command:interface {}(nil), Term:0, Index:0}
080345 LEAD S2: prevLog &raft.Entry{Command:interface {}(nil), Term:0, Index:0}
080346 INFO S1: (term 1) follower 收到 [2] AppendEntries [], prevIndex 0, prevTerm 0
080346 INFO S0: (term 1) follower 收到 [2] AppendEntries [], prevIndex 0, prevTerm 0
080346 LEAD S2: 0 append success next 1 match 0
080346 LEAD S2: 1 append success next 1 match 0
080847 LEAD S2: prevLog &raft.Entry{Command:interface {}(nil), Term:0, Index:0}
080847 LEAD S2: prevLog &raft.Entry{Command:interface {}(nil), Term:0, Index:0}
080848 INFO S1: (term 1) follower 收到 [2] AppendEntries [], prevIndex 0, prevTerm 0
080848 LEAD S2: 1 append success next 1 match 0
080848 INFO S0: (term 1) follower 收到 [2] AppendEntries [], prevIndex 0, prevTerm 0
080849 LEAD S2: 0 append success next 1 match 0
081348 LEAD S2: prevLog &raft.Entry{Command:interface {}(nil), Term:0, Index:0}
081349 LEAD S2: prevLog &raft.Entry{Command:interface {}(nil), Term:0, Index:0}
081349 INFO S0: (term 1) follower 收到 [2] AppendEntries [], prevIndex 0, prevTerm 0
081350 LEAD S2: 0 append success next 1 match 0
081350 INFO S1: (term 1) follower 收到 [2] AppendEntries [], prevIndex 0, prevTerm 0
081350 LEAD S2: 1 append success next 1 match 0
081851 LEAD S2: prevLog &raft.Entry{Command:interface {}(nil), Term:0, Index:0}
081851 LEAD S2: prevLog &raft.Entry{Command:interface {}(nil), Term:0, Index:0}
081852 INFO S0: (term 1) follower 收到 [2] AppendEntries [], prevIndex 0, prevTerm 0
081853 LEAD S2: 0 append success next 1 match 0
081853 INFO S1: (term 1) follower 收到 [2] AppendEntries [], prevIndex 0, prevTerm 0
081853 LEAD S2: 1 append success next 1 match 0
082353 LEAD S2: prevLog &raft.Entry{Command:interface {}(nil), Term:0, Index:0}
082353 LEAD S2: prevLog &raft.Entry{Command:interface {}(nil), Term:0, Index:0}
082353 INFO S0: (term 1) follower 收到 [2] AppendEntries [], prevIndex 0, prevTerm 0
082353 INFO S1: (term 1) follower 收到 [2] AppendEntries [], prevIndex 0, prevTerm 0
082354 LEAD S2: 0 append success next 1 match 0
082354 LEAD S2: 1 append success next 1 match 0
082856 LEAD S2: prevLog &raft.Entry{Command:interface {}(nil), Term:0, Index:0}
082857 LEAD S2: prevLog &raft.Entry{Command:interface {}(nil), Term:0, Index:0}
082857 INFO S1: (term 1) follower 收到 [2] AppendEntries [], prevIndex 0, prevTerm 0
082857 INFO S0: (term 1) follower 收到 [2] AppendEntries [], prevIndex 0, prevTerm 0
082858 LEAD S2: 1 append success next 1 match 0
082858 LEAD S2: 0 append success next 1 match 0
083358 LEAD S2: prevLog &raft.Entry{Command:interface {}(nil), Term:0, Index:0}
083358 LEAD S2: prevLog &raft.Entry{Command:interface {}(nil), Term:0, Index:0}
083359 INFO S1: (term 1) follower 收到 [2] AppendEntries [], prevIndex 0, prevTerm 0
083359 INFO S0: (term 1) follower 收到 [2] AppendEntries [], prevIndex 0, prevTerm 0
083359 LEAD S2: 0 append success next 1 match 0
083359 LEAD S2: 1 append success next 1 match 0
083860 LEAD S2: prevLog &raft.Entry{Command:interface {}(nil), Term:0, Index:0}
083860 LEAD S2: prevLog &raft.Entry{Command:interface {}(nil), Term:0, Index:0}
083861 INFO S1: (term 1) follower 收到 [2] AppendEntries [], prevIndex 0, prevTerm 0
083861 INFO S0: (term 1) follower 收到 [2] AppendEntries [], prevIndex 0, prevTerm 0
083861 LEAD S2: 1 append success next 1 match 0
083862 LEAD S2: 0 append success next 1 match 0
084363 LEAD S2: prevLog &raft.Entry{Command:interface {}(nil), Term:0, Index:0}
084363 LEAD S2: prevLog &raft.Entry{Command:interface {}(nil), Term:0, Index:0}
084363 INFO S1: (term 1) follower 收到 [2] AppendEntries [], prevIndex 0, prevTerm 0
084364 LEAD S2: 1 append success next 1 match 0
084364 INFO S0: (term 1) follower 收到 [2] AppendEntries [], prevIndex 0, prevTerm 0
084364 LEAD S2: 0 append success next 1 match 0
084865 LEAD S2: prevLog &raft.Entry{Command:interface {}(nil), Term:0, Index:0}
084865 LEAD S2: prevLog &raft.Entry{Command:interface {}(nil), Term:0, Index:0}
084866 INFO S0: (term 1) follower 收到 [2] AppendEntries [], prevIndex 0, prevTerm 0
084866 LEAD S2: 0 append success next 1 match 0
084866 INFO S1: (term 1) follower 收到 [2] AppendEntries [], prevIndex 0, prevTerm 0
084867 LEAD S2: 1 append success next 1 match 0
085368 LEAD S2: prevLog &raft.Entry{Command:interface {}(nil), Term:0, Index:0}
085369 LEAD S2: prevLog &raft.Entry{Command:interface {}(nil), Term:0, Index:0}
085369 INFO S1: (term 1) follower 收到 [2] AppendEntries [], prevIndex 0, prevTerm 0
085369 INFO S0: (term 1) follower 收到 [2] AppendEntries [], prevIndex 0, prevTerm 0
085370 LEAD S2: 0 append success next 1 match 0
085370 LEAD S2: 1 append success next 1 match 0
085871 LEAD S2: prevLog &raft.Entry{Command:interface {}(nil), Term:0, Index:0}
085871 LEAD S2: prevLog &raft.Entry{Command:interface {}(nil), Term:0, Index:0}
085871 INFO S1: (term 1) follower 收到 [2] AppendEntries [], prevIndex 0, prevTerm 0
085872 LEAD S2: 1 append success next 1 match 0
085872 INFO S0: (term 1) follower 收到 [2] AppendEntries [], prevIndex 0, prevTerm 0
085872 LEAD S2: 0 append success next 1 match 0
086373 LEAD S2: prevLog &raft.Entry{Command:interface {}(nil), Term:0, Index:0}
086374 LEAD S2: prevLog &raft.Entry{Command:interface {}(nil), Term:0, Index:0}
086374 INFO S1: (term 1) follower 收到 [2] AppendEntries [], prevIndex 0, prevTerm 0
086375 INFO S0: (term 1) follower 收到 [2] AppendEntries [], prevIndex 0, prevTerm 0
086375 LEAD S2: 1 append success next 1 match 0
086375 LEAD S2: 0 append success next 1 match 0
086876 LEAD S2: prevLog &raft.Entry{Command:interface {}(nil), Term:0, Index:0}
086876 LEAD S2: prevLog &raft.Entry{Command:interface {}(nil), Term:0, Index:0}
086877 INFO S1: (term 1) follower 收到 [2] AppendEntries [], prevIndex 0, prevTerm 0
086877 LEAD S2: 1 append success next 1 match 0
086877 INFO S0: (term 1) follower 收到 [2] AppendEntries [], prevIndex 0, prevTerm 0
086878 LEAD S2: 0 append success next 1 match 0
087379 LEAD S2: prevLog &raft.Entry{Command:interface {}(nil), Term:0, Index:0}
087379 LEAD S2: prevLog &raft.Entry{Command:interface {}(nil), Term:0, Index:0}
087380 INFO S0: (term 1) follower 收到 [2] AppendEntries [], prevIndex 0, prevTerm 0
087380 INFO S1: (term 1) follower 收到 [2] AppendEntries [], prevIndex 0, prevTerm 0
087380 LEAD S2: 0 append success next 1 match 0
087380 LEAD S2: 1 append success next 1 match 0
087881 LEAD S2: prevLog &raft.Entry{Command:interface {}(nil), Term:0, Index:0}
087881 LEAD S2: prevLog &raft.Entry{Command:interface {}(nil), Term:0, Index:0}
087881 INFO S1: (term 1) follower 收到 [2] AppendEntries [], prevIndex 0, prevTerm 0
087881 INFO S0: (term 1) follower 收到 [2] AppendEntries [], prevIndex 0, prevTerm 0
087882 LEAD S2: 1 append success next 1 match 0
087882 LEAD S2: 0 append success next 1 match 0
088383 LEAD S2: prevLog &raft.Entry{Command:interface {}(nil), Term:0, Index:0}
088383 LEAD S2: prevLog &raft.Entry{Command:interface {}(nil), Term:0, Index:0}
088384 INFO S0: (term 1) follower 收到 [2] AppendEntries [], prevIndex 0, prevTerm 0
088384 INFO S1: (term 1) follower 收到 [2] AppendEntries [], prevIndex 0, prevTerm 0
088384 LEAD S2: 0 append success next 1 match 0
088384 LEAD S2: 1 append success next 1 match 0
088884 LEAD S2: prevLog &raft.Entry{Command:interface {}(nil), Term:0, Index:0}
088884 LEAD S2: prevLog &raft.Entry{Command:interface {}(nil), Term:0, Index:0}
088885 INFO S1: (term 1) follower 收到 [2] AppendEntries [], prevIndex 0, prevTerm 0
088885 LEAD S2: 1 append success next 1 match 0
088885 INFO S0: (term 1) follower 收到 [2] AppendEntries [], prevIndex 0, prevTerm 0
088886 LEAD S2: 0 append success next 1 match 0
089387 LEAD S2: prevLog &raft.Entry{Command:interface {}(nil), Term:0, Index:0}
089387 LEAD S2: prevLog &raft.Entry{Command:interface {}(nil), Term:0, Index:0}
089387 INFO S1: (term 1) follower 收到 [2] AppendEntries [], prevIndex 0, prevTerm 0
089388 LEAD S2: 1 append success next 1 match 0
089388 INFO S0: (term 1) follower 收到 [2] AppendEntries [], prevIndex 0, prevTerm 0
089388 LEAD S2: 0 append success next 1 match 0
089889 LEAD S2: prevLog &raft.Entry{Command:interface {}(nil), Term:0, Index:0}
089889 LEAD S2: prevLog &raft.Entry{Command:interface {}(nil), Term:0, Index:0}
089890 INFO S0: (term 1) follower 收到 [2] AppendEntries [], prevIndex 0, prevTerm 0
089890 INFO S1: (term 1) follower 收到 [2] AppendEntries [], prevIndex 0, prevTerm 0
089890 LEAD S2: 0 append success next 1 match 0
089890 LEAD S2: 1 append success next 1 match 0
090391 LEAD S2: prevLog &raft.Entry{Command:interface {}(nil), Term:0, Index:0}
090391 LEAD S2: prevLog &raft.Entry{Command:interface {}(nil), Term:0, Index:0}
090392 INFO S0: (term 1) follower 收到 [2] AppendEntries [], prevIndex 0, prevTerm 0
090392 LEAD S2: 0 append success next 1 match 0
090392 INFO S1: (term 1) follower 收到 [2] AppendEntries [], prevIndex 0, prevTerm 0
090393 LEAD S2: 1 append success next 1 match 0
090893 LEAD S2: prevLog &raft.Entry{Command:interface {}(nil), Term:0, Index:0}
090893 LEAD S2: prevLog &raft.Entry{Command:interface {}(nil), Term:0, Index:0}
090894 INFO S1: (term 1) follower 收到 [2] AppendEntries [], prevIndex 0, prevTerm 0
090894 LEAD S2: 1 append success next 1 match 0
090894 INFO S0: (term 1) follower 收到 [2] AppendEntries [], prevIndex 0, prevTerm 0
090895 LEAD S2: 0 append success next 1 match 0
091396 LEAD S2: prevLog &raft.Entry{Command:interface {}(nil), Term:0, Index:0}
091396 LEAD S2: prevLog &raft.Entry{Command:interface {}(nil), Term:0, Index:0}
091397 INFO S0: (term 1) follower 收到 [2] AppendEntries [], prevIndex 0, prevTerm 0
091397 INFO S1: (term 1) follower 收到 [2] AppendEntries [], prevIndex 0, prevTerm 0
091397 LEAD S2: 1 append success next 1 match 0
091397 LEAD S2: 0 append success next 1 match 0
091898 LEAD S2: prevLog &raft.Entry{Command:interface {}(nil), Term:0, Index:0}
091898 LEAD S2: prevLog &raft.Entry{Command:interface {}(nil), Term:0, Index:0}
091899 INFO S0: (term 1) follower 收到 [2] AppendEntries [], prevIndex 0, prevTerm 0
091899 LEAD S2: 0 append success next 1 match 0
091899 INFO S1: (term 1) follower 收到 [2] AppendEntries [], prevIndex 0, prevTerm 0
091899 LEAD S2: 1 append success next 1 match 0
092401 LEAD S2: prevLog &raft.Entry{Command:interface {}(nil), Term:0, Index:0}
092401 LEAD S2: prevLog &raft.Entry{Command:interface {}(nil), Term:0, Index:0}
092402 INFO S1: (term 1) follower 收到 [2] AppendEntries [], prevIndex 0, prevTerm 0
092402 INFO S0: (term 1) follower 收到 [2] AppendEntries [], prevIndex 0, prevTerm 0
092402 LEAD S2: 1 append success next 1 match 0
092402 LEAD S2: 0 append success next 1 match 0
092903 LEAD S2: prevLog &raft.Entry{Command:interface {}(nil), Term:0, Index:0}
092903 LEAD S2: prevLog &raft.Entry{Command:interface {}(nil), Term:0, Index:0}
092904 INFO S0: (term 1) follower 收到 [2] AppendEntries [], prevIndex 0, prevTerm 0
092904 INFO S1: (term 1) follower 收到 [2] AppendEntries [], prevIndex 0, prevTerm 0
092904 LEAD S2: 0 append success next 1 match 0
092905 LEAD S2: 1 append success next 1 match 0
093405 LEAD S2: prevLog &raft.Entry{Command:interface {}(nil), Term:0, Index:0}
093405 LEAD S2: prevLog &raft.Entry{Command:interface {}(nil), Term:0, Index:0}
093406 INFO S1: (term 1) follower 收到 [2] AppendEntries [], prevIndex 0, prevTerm 0
093406 INFO S0: (term 1) follower 收到 [2] AppendEntries [], prevIndex 0, prevTerm 0
093406 LEAD S2: 1 append success next 1 match 0
093406 LEAD S2: 0 append success next 1 match 0
093907 LEAD S2: prevLog &raft.Entry{Command:interface {}(nil), Term:0, Index:0}
093907 LEAD S2: prevLog &raft.Entry{Command:interface {}(nil), Term:0, Index:0}
093908 INFO S1: (term 1) follower 收到 [2] AppendEntries [], prevIndex 0, prevTerm 0
093908 LEAD S2: 1 append success next 1 match 0
093909 INFO S0: (term 1) follower 收到 [2] AppendEntries [], prevIndex 0, prevTerm 0
093909 LEAD S2: 0 append success next 1 match 0
094410 LEAD S2: prevLog &raft.Entry{Command:interface {}(nil), Term:0, Index:0}
094410 LEAD S2: prevLog &raft.Entry{Command:interface {}(nil), Term:0, Index:0}
094411 INFO S0: (term 1) follower 收到 [2] AppendEntries [], prevIndex 0, prevTerm 0
094411 INFO S1: (term 1) follower 收到 [2] AppendEntries [], prevIndex 0, prevTerm 0
094411 LEAD S2: 0 append success next 1 match 0
094411 LEAD S2: 1 append success next 1 match 0
094911 LEAD S2: prevLog &raft.Entry{Command:interface {}(nil), Term:0, Index:0}
094912 LEAD S2: prevLog &raft.Entry{Command:interface {}(nil), Term:0, Index:0}
094912 INFO S1: (term 1) follower 收到 [2] AppendEntries [], prevIndex 0, prevTerm 0
094912 INFO S0: (term 1) follower 收到 [2] AppendEntries [], prevIndex 0, prevTerm 0
094912 LEAD S2: 1 append success next 1 match 0
094913 LEAD S2: 0 append success next 1 match 0
095414 LEAD S2: prevLog &raft.Entry{Command:interface {}(nil), Term:0, Index:0}
095414 LEAD S2: prevLog &raft.Entry{Command:interface {}(nil), Term:0, Index:0}
095415 INFO S0: (term 1) follower 收到 [2] AppendEntries [], prevIndex 0, prevTerm 0
095415 INFO S1: (term 1) follower 收到 [2] AppendEntries [], prevIndex 0, prevTerm 0
095415 LEAD S2: 0 append success next 1 match 0
095415 LEAD S2: 1 append success next 1 match 0
095916 LEAD S2: prevLog &raft.Entry{Command:interface {}(nil), Term:0, Index:0}
095916 LEAD S2: prevLog &raft.Entry{Command:interface {}(nil), Term:0, Index:0}
095916 INFO S1: (term 1) follower 收到 [2] AppendEntries [], prevIndex 0, prevTerm 0
095916 INFO S0: (term 1) follower 收到 [2] AppendEntries [], prevIndex 0, prevTerm 0
095917 LEAD S2: 1 append success next 1 match 0
095917 LEAD S2: 0 append success next 1 match 0
096418 LEAD S2: prevLog &raft.Entry{Command:interface {}(nil), Term:0, Index:0}
096418 LEAD S2: prevLog &raft.Entry{Command:interface {}(nil), Term:0, Index:0}
096419 INFO S1: (term 1) follower 收到 [2] AppendEntries [], prevIndex 0, prevTerm 0
096419 INFO S0: (term 1) follower 收到 [2] AppendEntries [], prevIndex 0, prevTerm 0
096419 LEAD S2: 1 append success next 1 match 0
096419 LEAD S2: 0 append success next 1 match 0
096920 LEAD S2: prevLog &raft.Entry{Command:interface {}(nil), Term:0, Index:0}
096920 LEAD S2: prevLog &raft.Entry{Command:interface {}(nil), Term:0, Index:0}
096921 INFO S1: (term 1) follower 收到 [2] AppendEntries [], prevIndex 0, prevTerm 0
096921 INFO S0: (term 1) follower 收到 [2] AppendEntries [], prevIndex 0, prevTerm 0
096921 LEAD S2: 0 append success next 1 match 0
096921 LEAD S2: 1 append success next 1 match 0
097422 LEAD S2: prevLog &raft.Entry{Command:interface {}(nil), Term:0, Index:0}
097422 LEAD S2: prevLog &raft.Entry{Command:interface {}(nil), Term:0, Index:0}
097423 INFO S0: (term 1) follower 收到 [2] AppendEntries [], prevIndex 0, prevTerm 0
097423 INFO S1: (term 1) follower 收到 [2] AppendEntries [], prevIndex 0, prevTerm 0
097423 LEAD S2: 0 append success next 1 match 0
097423 LEAD S2: 1 append success next 1 match 0
097924 LEAD S2: prevLog &raft.Entry{Command:interface {}(nil), Term:0, Index:0}
097924 LEAD S2: prevLog &raft.Entry{Command:interface {}(nil), Term:0, Index:0}
097925 INFO S0: (term 1) follower 收到 [2] AppendEntries [], prevIndex 0, prevTerm 0
097925 INFO S1: (term 1) follower 收到 [2] AppendEntries [], prevIndex 0, prevTerm 0
097925 LEAD S2: 0 append success next 1 match 0
097925 LEAD S2: 1 append success next 1 match 0
098426 LEAD S2: prevLog &raft.Entry{Command:interface {}(nil), Term:0, Index:0}
098426 LEAD S2: prevLog &raft.Entry{Command:interface {}(nil), Term:0, Index:0}
098427 INFO S0: (term 1) follower 收到 [2] AppendEntries [], prevIndex 0, prevTerm 0
098427 INFO S1: (term 1) follower 收到 [2] AppendEntries [], prevIndex 0, prevTerm 0
098429 LEAD S2: 0 append success next 1 match 0
098429 LEAD S2: 1 append success next 1 match 0
098927 LEAD S2: prevLog &raft.Entry{Command:interface {}(nil), Term:0, Index:0}
098927 LEAD S2: prevLog &raft.Entry{Command:interface {}(nil), Term:0, Index:0}
098928 INFO S0: (term 1) follower 收到 [2] AppendEntries [], prevIndex 0, prevTerm 0
098928 INFO S1: (term 1) follower 收到 [2] AppendEntries [], prevIndex 0, prevTerm 0
098928 LEAD S2: 1 append success next 1 match 0
098928 LEAD S2: 0 append success next 1 match 0
099432 LEAD S2: prevLog &raft.Entry{Command:interface {}(nil), Term:0, Index:0}
099432 LEAD S2: prevLog &raft.Entry{Command:interface {}(nil), Term:0, Index:0}
099433 INFO S0: (term 1) follower 收到 [2] AppendEntries [], prevIndex 0, prevTerm 0
099433 INFO S1: (term 1) follower 收到 [2] AppendEntries [], prevIndex 0, prevTerm 0
099433 LEAD S2: 0 append success next 1 match 0
099434 LEAD S2: 1 append success next 1 match 0
099933 LEAD S2: prevLog &raft.Entry{Command:interface {}(nil), Term:0, Index:0}
099933 LEAD S2: prevLog &raft.Entry{Command:interface {}(nil), Term:0, Index:0}
099934 INFO S1: (term 1) follower 收到 [2] AppendEntries [], prevIndex 0, prevTerm 0
099934 LEAD S2: 1 append success next 1 match 0
099935 INFO S0: (term 1) follower 收到 [2] AppendEntries [], prevIndex 0, prevTerm 0
099935 LEAD S2: 0 append success next 1 match 0
100436 LEAD S2: prevLog &raft.Entry{Command:interface {}(nil), Term:0, Index:0}
100436 LEAD S2: prevLog &raft.Entry{Command:interface {}(nil), Term:0, Index:0}
--- FAIL: TestPersist12C (10.04s)
    config.go:609: one(11) failed to reach agreement
FAIL
exit status 1
FAIL	6.824/raft	10.044s
