Test (2C): basic persistence ...
002009 INFO S0: start leader election, term 1
002009 VOTE S0: term 1 send vote request to 2
002009 VOTE S0: term 1 send vote request to 1
002010 TERM S2: set new term 1
002010 VOTE S2: term 1 vote 0
002010 VOTE S0: reply from 2, term一致，且投给0
002010 LEAD S0: come to power, start to send heartbeat
002010 LEAD S0: prevLog &raft.Entry{Command:interface {}(nil), Term:0, Index:0}
002010 LEAD S0: prevLog &raft.Entry{Command:interface {}(nil), Term:0, Index:0}
002011 TERM S1: set new term 1
002011 VOTE S1: term 1 vote 0
002011 INFO S2: (term 1) follower 收到 [0] AppendEntries [], prevIndex 0, prevTerm 0
002011 VOTE S0: reply from 1, term一致，且投给0
002011 LEAD S0: 2 append success next 1 match 0
002011 INFO S1: (term 1) follower 收到 [0] AppendEntries [], prevIndex 0, prevTerm 0
002012 LEAD S0: 1 append success next 1 match 0
002510 LEAD S0: prevLog &raft.Entry{Command:interface {}(nil), Term:0, Index:0}
002511 LEAD S0: prevLog &raft.Entry{Command:interface {}(nil), Term:0, Index:0}
002511 INFO S1: (term 1) follower 收到 [0] AppendEntries [], prevIndex 0, prevTerm 0
002511 INFO S2: (term 1) follower 收到 [0] AppendEntries [], prevIndex 0, prevTerm 0
002512 LEAD S0: 1 append success next 1 match 0
002512 LEAD S0: 2 append success next 1 match 0
003013 LEAD S0: prevLog &raft.Entry{Command:interface {}(nil), Term:0, Index:0}
003013 LEAD S0: prevLog &raft.Entry{Command:interface {}(nil), Term:0, Index:0}
003014 INFO S2: (term 1) follower 收到 [0] AppendEntries [], prevIndex 0, prevTerm 0
003014 LEAD S0: 2 append success next 1 match 0
003014 INFO S1: (term 1) follower 收到 [0] AppendEntries [], prevIndex 0, prevTerm 0
003015 LEAD S0: 1 append success next 1 match 0
003514 LEAD S0: prevLog &raft.Entry{Command:interface {}(nil), Term:0, Index:0}
003515 LEAD S0: prevLog &raft.Entry{Command:interface {}(nil), Term:0, Index:0}
003515 INFO S1: (term 1) follower 收到 [0] AppendEntries [], prevIndex 0, prevTerm 0
003516 INFO S2: (term 1) follower 收到 [0] AppendEntries [], prevIndex 0, prevTerm 0
003516 LEAD S0: 1 append success next 1 match 0
003516 LEAD S0: 2 append success next 1 match 0
004016 LEAD S0: prevLog &raft.Entry{Command:interface {}(nil), Term:0, Index:0}
004016 LEAD S0: prevLog &raft.Entry{Command:interface {}(nil), Term:0, Index:0}
004017 INFO S2: (term 1) follower 收到 [0] AppendEntries [], prevIndex 0, prevTerm 0
004017 LEAD S0: 2 append success next 1 match 0
004018 INFO S1: (term 1) follower 收到 [0] AppendEntries [], prevIndex 0, prevTerm 0
004018 LEAD S0: 1 append success next 1 match 0
004518 LEAD S0: prevLog &raft.Entry{Command:interface {}(nil), Term:0, Index:0}
004518 LEAD S0: prevLog &raft.Entry{Command:interface {}(nil), Term:0, Index:0}
004519 INFO S1: (term 1) follower 收到 [0] AppendEntries [], prevIndex 0, prevTerm 0
004519 INFO S2: (term 1) follower 收到 [0] AppendEntries [], prevIndex 0, prevTerm 0
004519 LEAD S0: 1 append success next 1 match 0
004519 LEAD S0: 2 append success next 1 match 0
005020 LEAD S0: prevLog &raft.Entry{Command:interface {}(nil), Term:0, Index:0}
005020 LEAD S0: prevLog &raft.Entry{Command:interface {}(nil), Term:0, Index:0}
005021 INFO S1: (term 1) follower 收到 [0] AppendEntries [], prevIndex 0, prevTerm 0
005021 INFO S2: (term 1) follower 收到 [0] AppendEntries [], prevIndex 0, prevTerm 0
005021 LEAD S0: 1 append success next 1 match 0
005021 LEAD S0: 2 append success next 1 match 0
005521 LEAD S0: prevLog &raft.Entry{Command:interface {}(nil), Term:0, Index:0}
005521 LEAD S0: prevLog &raft.Entry{Command:interface {}(nil), Term:0, Index:0}
005522 INFO S1: (term 1) follower 收到 [0] AppendEntries [], prevIndex 0, prevTerm 0
005522 INFO S2: (term 1) follower 收到 [0] AppendEntries [], prevIndex 0, prevTerm 0
005522 LEAD S0: 1 append success next 1 match 0
005523 LEAD S0: 2 append success next 1 match 0
006023 LEAD S0: prevLog &raft.Entry{Command:interface {}(nil), Term:0, Index:0}
006024 LEAD S0: prevLog &raft.Entry{Command:interface {}(nil), Term:0, Index:0}
006024 INFO S2: (term 1) follower 收到 [0] AppendEntries [], prevIndex 0, prevTerm 0
006024 INFO S1: (term 1) follower 收到 [0] AppendEntries [], prevIndex 0, prevTerm 0
006025 LEAD S0: 2 append success next 1 match 0
006025 LEAD S0: 1 append success next 1 match 0
006526 LEAD S0: prevLog &raft.Entry{Command:interface {}(nil), Term:0, Index:0}
006526 LEAD S0: prevLog &raft.Entry{Command:interface {}(nil), Term:0, Index:0}
006527 INFO S1: (term 1) follower 收到 [0] AppendEntries [], prevIndex 0, prevTerm 0
006527 INFO S2: (term 1) follower 收到 [0] AppendEntries [], prevIndex 0, prevTerm 0
006527 LEAD S0: 1 append success next 1 match 0
006528 LEAD S0: 2 append success next 1 match 0
007027 LEAD S0: prevLog &raft.Entry{Command:interface {}(nil), Term:0, Index:0}
007028 LEAD S0: prevLog &raft.Entry{Command:interface {}(nil), Term:0, Index:0}
007028 INFO S1: (term 1) follower 收到 [0] AppendEntries [], prevIndex 0, prevTerm 0
007028 INFO S2: (term 1) follower 收到 [0] AppendEntries [], prevIndex 0, prevTerm 0
007029 LEAD S0: 2 append success next 1 match 0
007029 LEAD S0: 1 append success next 1 match 0
007530 LEAD S0: prevLog &raft.Entry{Command:interface {}(nil), Term:0, Index:0}
007530 LEAD S0: prevLog &raft.Entry{Command:interface {}(nil), Term:0, Index:0}
007531 INFO S2: (term 1) follower 收到 [0] AppendEntries [], prevIndex 0, prevTerm 0
007531 INFO S1: (term 1) follower 收到 [0] AppendEntries [], prevIndex 0, prevTerm 0
007531 LEAD S0: 2 append success next 1 match 0
007531 LEAD S0: 1 append success next 1 match 0
008031 LEAD S0: prevLog &raft.Entry{Command:interface {}(nil), Term:0, Index:0}
008031 LEAD S0: prevLog &raft.Entry{Command:interface {}(nil), Term:0, Index:0}
008032 INFO S1: (term 1) follower 收到 [0] AppendEntries [], prevIndex 0, prevTerm 0
008032 INFO S2: (term 1) follower 收到 [0] AppendEntries [], prevIndex 0, prevTerm 0
008033 LEAD S0: 1 append success next 1 match 0
008033 LEAD S0: 2 append success next 1 match 0
008533 LEAD S0: prevLog &raft.Entry{Command:interface {}(nil), Term:0, Index:0}
008533 LEAD S0: prevLog &raft.Entry{Command:interface {}(nil), Term:0, Index:0}
008534 INFO S1: (term 1) follower 收到 [0] AppendEntries [], prevIndex 0, prevTerm 0
008534 INFO S2: (term 1) follower 收到 [0] AppendEntries [], prevIndex 0, prevTerm 0
008534 LEAD S0: 2 append success next 1 match 0
008534 LEAD S0: 1 append success next 1 match 0
009035 LEAD S0: prevLog &raft.Entry{Command:interface {}(nil), Term:0, Index:0}
009035 LEAD S0: prevLog &raft.Entry{Command:interface {}(nil), Term:0, Index:0}
009036 INFO S2: (term 1) follower 收到 [0] AppendEntries [], prevIndex 0, prevTerm 0
009036 INFO S1: (term 1) follower 收到 [0] AppendEntries [], prevIndex 0, prevTerm 0
009036 LEAD S0: 2 append success next 1 match 0
009037 LEAD S0: 1 append success next 1 match 0
009537 LEAD S0: prevLog &raft.Entry{Command:interface {}(nil), Term:0, Index:0}
009537 LEAD S0: prevLog &raft.Entry{Command:interface {}(nil), Term:0, Index:0}
009538 INFO S1: (term 1) follower 收到 [0] AppendEntries [], prevIndex 0, prevTerm 0
009538 INFO S2: (term 1) follower 收到 [0] AppendEntries [], prevIndex 0, prevTerm 0
009538 LEAD S0: 1 append success next 1 match 0
009538 LEAD S0: 2 append success next 1 match 0
010039 LEAD S0: prevLog &raft.Entry{Command:interface {}(nil), Term:0, Index:0}
010039 LEAD S0: prevLog &raft.Entry{Command:interface {}(nil), Term:0, Index:0}
010040 INFO S2: (term 1) follower 收到 [0] AppendEntries [], prevIndex 0, prevTerm 0
010040 LEAD S0: 2 append success next 1 match 0
010040 INFO S1: (term 1) follower 收到 [0] AppendEntries [], prevIndex 0, prevTerm 0
010041 LEAD S0: 1 append success next 1 match 0
010540 LEAD S0: prevLog &raft.Entry{Command:interface {}(nil), Term:0, Index:0}
010540 LEAD S0: prevLog &raft.Entry{Command:interface {}(nil), Term:0, Index:0}
010541 INFO S1: (term 1) follower 收到 [0] AppendEntries [], prevIndex 0, prevTerm 0
010541 LEAD S0: 1 append success next 1 match 0
010542 INFO S2: (term 1) follower 收到 [0] AppendEntries [], prevIndex 0, prevTerm 0
010542 LEAD S0: 2 append success next 1 match 0
011043 LEAD S0: prevLog &raft.Entry{Command:interface {}(nil), Term:0, Index:0}
011043 LEAD S0: prevLog &raft.Entry{Command:interface {}(nil), Term:0, Index:0}
011044 INFO S1: (term 1) follower 收到 [0] AppendEntries [], prevIndex 0, prevTerm 0
011044 INFO S2: (term 1) follower 收到 [0] AppendEntries [], prevIndex 0, prevTerm 0
011044 LEAD S0: 1 append success next 1 match 0
011044 LEAD S0: 2 append success next 1 match 0
011545 LEAD S0: prevLog &raft.Entry{Command:interface {}(nil), Term:0, Index:0}
011546 INFO S1: (term 1) follower 收到 [0] AppendEntries [], prevIndex 0, prevTerm 0
011546 LEAD S0: prevLog &raft.Entry{Command:interface {}(nil), Term:0, Index:0}
011546 LEAD S0: 1 append success next 1 match 0
011547 INFO S2: (term 1) follower 收到 [0] AppendEntries [], prevIndex 0, prevTerm 0
011547 LEAD S0: 2 append success next 1 match 0
012047 LEAD S0: prevLog &raft.Entry{Command:interface {}(nil), Term:0, Index:0}
012047 LEAD S0: prevLog &raft.Entry{Command:interface {}(nil), Term:0, Index:0}
012048 INFO S2: (term 1) follower 收到 [0] AppendEntries [], prevIndex 0, prevTerm 0
012048 INFO S1: (term 1) follower 收到 [0] AppendEntries [], prevIndex 0, prevTerm 0
012048 LEAD S0: 2 append success next 1 match 0
012049 LEAD S0: 1 append success next 1 match 0
012549 LEAD S0: prevLog &raft.Entry{Command:interface {}(nil), Term:0, Index:0}
012549 LEAD S0: prevLog &raft.Entry{Command:interface {}(nil), Term:0, Index:0}
012550 INFO S1: (term 1) follower 收到 [0] AppendEntries [], prevIndex 0, prevTerm 0
012550 INFO S2: (term 1) follower 收到 [0] AppendEntries [], prevIndex 0, prevTerm 0
012550 LEAD S0: 1 append success next 1 match 0
012550 LEAD S0: 2 append success next 1 match 0
013050 LEAD S0: prevLog &raft.Entry{Command:interface {}(nil), Term:0, Index:0}
013050 LEAD S0: prevLog &raft.Entry{Command:interface {}(nil), Term:0, Index:0}
013051 INFO S1: (term 1) follower 收到 [0] AppendEntries [], prevIndex 0, prevTerm 0
013051 INFO S2: (term 1) follower 收到 [0] AppendEntries [], prevIndex 0, prevTerm 0
013052 LEAD S0: 1 append success next 1 match 0
013052 LEAD S0: 2 append success next 1 match 0
013552 LEAD S0: prevLog &raft.Entry{Command:interface {}(nil), Term:0, Index:0}
013552 LEAD S0: prevLog &raft.Entry{Command:interface {}(nil), Term:0, Index:0}
013553 INFO S1: (term 1) follower 收到 [0] AppendEntries [], prevIndex 0, prevTerm 0
013553 INFO S2: (term 1) follower 收到 [0] AppendEntries [], prevIndex 0, prevTerm 0
013553 LEAD S0: 1 append success next 1 match 0
013553 LEAD S0: 2 append success next 1 match 0
014054 LEAD S0: prevLog &raft.Entry{Command:interface {}(nil), Term:0, Index:0}
014054 LEAD S0: prevLog &raft.Entry{Command:interface {}(nil), Term:0, Index:0}
014055 INFO S1: (term 1) follower 收到 [0] AppendEntries [], prevIndex 0, prevTerm 0
014055 INFO S2: (term 1) follower 收到 [0] AppendEntries [], prevIndex 0, prevTerm 0
014055 LEAD S0: 1 append success next 1 match 0
014055 LEAD S0: 2 append success next 1 match 0
014555 LEAD S0: prevLog &raft.Entry{Command:interface {}(nil), Term:0, Index:0}
014556 LEAD S0: prevLog &raft.Entry{Command:interface {}(nil), Term:0, Index:0}
014556 INFO S2: (term 1) follower 收到 [0] AppendEntries [], prevIndex 0, prevTerm 0
014557 INFO S1: (term 1) follower 收到 [0] AppendEntries [], prevIndex 0, prevTerm 0
014557 LEAD S0: 2 append success next 1 match 0
014557 LEAD S0: 1 append success next 1 match 0
015057 LEAD S0: prevLog &raft.Entry{Command:interface {}(nil), Term:0, Index:0}
015057 LEAD S0: prevLog &raft.Entry{Command:interface {}(nil), Term:0, Index:0}
015058 INFO S2: (term 1) follower 收到 [0] AppendEntries [], prevIndex 0, prevTerm 0
015058 INFO S1: (term 1) follower 收到 [0] AppendEntries [], prevIndex 0, prevTerm 0
015058 LEAD S0: 2 append success next 1 match 0
015059 LEAD S0: 1 append success next 1 match 0
015559 LEAD S0: prevLog &raft.Entry{Command:interface {}(nil), Term:0, Index:0}
015559 LEAD S0: prevLog &raft.Entry{Command:interface {}(nil), Term:0, Index:0}
015560 INFO S1: (term 1) follower 收到 [0] AppendEntries [], prevIndex 0, prevTerm 0
015560 INFO S2: (term 1) follower 收到 [0] AppendEntries [], prevIndex 0, prevTerm 0
015560 LEAD S0: 1 append success next 1 match 0
015560 LEAD S0: 2 append success next 1 match 0
016061 LEAD S0: prevLog &raft.Entry{Command:interface {}(nil), Term:0, Index:0}
016061 LEAD S0: prevLog &raft.Entry{Command:interface {}(nil), Term:0, Index:0}
016062 INFO S2: (term 1) follower 收到 [0] AppendEntries [], prevIndex 0, prevTerm 0
016062 INFO S1: (term 1) follower 收到 [0] AppendEntries [], prevIndex 0, prevTerm 0
016062 LEAD S0: 2 append success next 1 match 0
016062 LEAD S0: 1 append success next 1 match 0
016563 LEAD S0: prevLog &raft.Entry{Command:interface {}(nil), Term:0, Index:0}
016563 LEAD S0: prevLog &raft.Entry{Command:interface {}(nil), Term:0, Index:0}
016564 INFO S1: (term 1) follower 收到 [0] AppendEntries [], prevIndex 0, prevTerm 0
016564 INFO S2: (term 1) follower 收到 [0] AppendEntries [], prevIndex 0, prevTerm 0
016564 LEAD S0: 1 append success next 1 match 0
016564 LEAD S0: 2 append success next 1 match 0
017065 LEAD S0: prevLog &raft.Entry{Command:interface {}(nil), Term:0, Index:0}
017065 LEAD S0: prevLog &raft.Entry{Command:interface {}(nil), Term:0, Index:0}
017065 INFO S2: (term 1) follower 收到 [0] AppendEntries [], prevIndex 0, prevTerm 0
017065 INFO S1: (term 1) follower 收到 [0] AppendEntries [], prevIndex 0, prevTerm 0
017066 LEAD S0: 2 append success next 1 match 0
017066 LEAD S0: 1 append success next 1 match 0
017566 LEAD S0: prevLog &raft.Entry{Command:interface {}(nil), Term:0, Index:0}
017567 LEAD S0: prevLog &raft.Entry{Command:interface {}(nil), Term:0, Index:0}
017567 INFO S1: (term 1) follower 收到 [0] AppendEntries [], prevIndex 0, prevTerm 0
017568 LEAD S0: 1 append success next 1 match 0
017568 INFO S2: (term 1) follower 收到 [0] AppendEntries [], prevIndex 0, prevTerm 0
017568 LEAD S0: 2 append success next 1 match 0
018069 LEAD S0: prevLog &raft.Entry{Command:interface {}(nil), Term:0, Index:0}
018070 LEAD S0: prevLog &raft.Entry{Command:interface {}(nil), Term:0, Index:0}
018070 INFO S1: (term 1) follower 收到 [0] AppendEntries [], prevIndex 0, prevTerm 0
018071 LEAD S0: 1 append success next 1 match 0
018070 INFO S2: (term 1) follower 收到 [0] AppendEntries [], prevIndex 0, prevTerm 0
018071 LEAD S0: 2 append success next 1 match 0
018571 LEAD S0: prevLog &raft.Entry{Command:interface {}(nil), Term:0, Index:0}
018571 LEAD S0: prevLog &raft.Entry{Command:interface {}(nil), Term:0, Index:0}
018572 INFO S2: (term 1) follower 收到 [0] AppendEntries [], prevIndex 0, prevTerm 0
018572 LEAD S0: 2 append success next 1 match 0
018572 INFO S1: (term 1) follower 收到 [0] AppendEntries [], prevIndex 0, prevTerm 0
018573 LEAD S0: 1 append success next 1 match 0
019073 LEAD S0: prevLog &raft.Entry{Command:interface {}(nil), Term:0, Index:0}
019073 LEAD S0: prevLog &raft.Entry{Command:interface {}(nil), Term:0, Index:0}
019074 INFO S1: (term 1) follower 收到 [0] AppendEntries [], prevIndex 0, prevTerm 0
019074 INFO S2: (term 1) follower 收到 [0] AppendEntries [], prevIndex 0, prevTerm 0
019074 LEAD S0: 1 append success next 1 match 0
019074 LEAD S0: 2 append success next 1 match 0
019575 LEAD S0: prevLog &raft.Entry{Command:interface {}(nil), Term:0, Index:0}
019575 LEAD S0: prevLog &raft.Entry{Command:interface {}(nil), Term:0, Index:0}
019576 INFO S1: (term 1) follower 收到 [0] AppendEntries [], prevIndex 0, prevTerm 0
019576 INFO S2: (term 1) follower 收到 [0] AppendEntries [], prevIndex 0, prevTerm 0
019576 LEAD S0: 1 append success next 1 match 0
019576 LEAD S0: 2 append success next 1 match 0
020077 LEAD S0: prevLog &raft.Entry{Command:interface {}(nil), Term:0, Index:0}
020077 LEAD S0: prevLog &raft.Entry{Command:interface {}(nil), Term:0, Index:0}
020078 INFO S1: (term 1) follower 收到 [0] AppendEntries [], prevIndex 0, prevTerm 0
020078 INFO S2: (term 1) follower 收到 [0] AppendEntries [], prevIndex 0, prevTerm 0
020078 LEAD S0: 1 append success next 1 match 0
020078 LEAD S0: 2 append success next 1 match 0
020579 LEAD S0: prevLog &raft.Entry{Command:interface {}(nil), Term:0, Index:0}
020579 LEAD S0: prevLog &raft.Entry{Command:interface {}(nil), Term:0, Index:0}
020580 INFO S2: (term 1) follower 收到 [0] AppendEntries [], prevIndex 0, prevTerm 0
020580 LEAD S0: 2 append success next 1 match 0
020581 INFO S1: (term 1) follower 收到 [0] AppendEntries [], prevIndex 0, prevTerm 0
020581 LEAD S0: 1 append success next 1 match 0
021081 LEAD S0: prevLog &raft.Entry{Command:interface {}(nil), Term:0, Index:0}
021081 LEAD S0: prevLog &raft.Entry{Command:interface {}(nil), Term:0, Index:0}
021082 INFO S2: (term 1) follower 收到 [0] AppendEntries [], prevIndex 0, prevTerm 0
021082 LEAD S0: 2 append success next 1 match 0
021082 INFO S1: (term 1) follower 收到 [0] AppendEntries [], prevIndex 0, prevTerm 0
021083 LEAD S0: 1 append success next 1 match 0
021583 LEAD S0: prevLog &raft.Entry{Command:interface {}(nil), Term:0, Index:0}
021584 LEAD S0: prevLog &raft.Entry{Command:interface {}(nil), Term:0, Index:0}
021584 INFO S2: (term 1) follower 收到 [0] AppendEntries [], prevIndex 0, prevTerm 0
021585 LEAD S0: 2 append success next 1 match 0
021585 INFO S1: (term 1) follower 收到 [0] AppendEntries [], prevIndex 0, prevTerm 0
021586 LEAD S0: 1 append success next 1 match 0
022085 LEAD S0: prevLog &raft.Entry{Command:interface {}(nil), Term:0, Index:0}
022085 LEAD S0: prevLog &raft.Entry{Command:interface {}(nil), Term:0, Index:0}
022086 INFO S2: (term 1) follower 收到 [0] AppendEntries [], prevIndex 0, prevTerm 0
022086 INFO S1: (term 1) follower 收到 [0] AppendEntries [], prevIndex 0, prevTerm 0
022086 LEAD S0: 2 append success next 1 match 0
022086 LEAD S0: 1 append success next 1 match 0
022586 LEAD S0: prevLog &raft.Entry{Command:interface {}(nil), Term:0, Index:0}
022587 LEAD S0: prevLog &raft.Entry{Command:interface {}(nil), Term:0, Index:0}
022587 INFO S1: (term 1) follower 收到 [0] AppendEntries [], prevIndex 0, prevTerm 0
022588 INFO S2: (term 1) follower 收到 [0] AppendEntries [], prevIndex 0, prevTerm 0
022588 LEAD S0: 1 append success next 1 match 0
022588 LEAD S0: 2 append success next 1 match 0
023088 LEAD S0: prevLog &raft.Entry{Command:interface {}(nil), Term:0, Index:0}
023089 LEAD S0: prevLog &raft.Entry{Command:interface {}(nil), Term:0, Index:0}
023089 INFO S2: (term 1) follower 收到 [0] AppendEntries [], prevIndex 0, prevTerm 0
023090 LEAD S0: 2 append success next 1 match 0
023090 INFO S1: (term 1) follower 收到 [0] AppendEntries [], prevIndex 0, prevTerm 0
023090 LEAD S0: 1 append success next 1 match 0
023590 LEAD S0: prevLog &raft.Entry{Command:interface {}(nil), Term:0, Index:0}
023590 LEAD S0: prevLog &raft.Entry{Command:interface {}(nil), Term:0, Index:0}
023591 INFO S2: (term 1) follower 收到 [0] AppendEntries [], prevIndex 0, prevTerm 0
023591 INFO S1: (term 1) follower 收到 [0] AppendEntries [], prevIndex 0, prevTerm 0
023591 LEAD S0: 1 append success next 1 match 0
023591 LEAD S0: 2 append success next 1 match 0
024092 LEAD S0: prevLog &raft.Entry{Command:interface {}(nil), Term:0, Index:0}
024092 LEAD S0: prevLog &raft.Entry{Command:interface {}(nil), Term:0, Index:0}
024093 INFO S1: (term 1) follower 收到 [0] AppendEntries [], prevIndex 0, prevTerm 0
024093 INFO S2: (term 1) follower 收到 [0] AppendEntries [], prevIndex 0, prevTerm 0
024093 LEAD S0: 1 append success next 1 match 0
024093 LEAD S0: 2 append success next 1 match 0
024594 LEAD S0: prevLog &raft.Entry{Command:interface {}(nil), Term:0, Index:0}
024594 LEAD S0: prevLog &raft.Entry{Command:interface {}(nil), Term:0, Index:0}
024595 INFO S1: (term 1) follower 收到 [0] AppendEntries [], prevIndex 0, prevTerm 0
024595 INFO S2: (term 1) follower 收到 [0] AppendEntries [], prevIndex 0, prevTerm 0
024595 LEAD S0: 1 append success next 1 match 0
024595 LEAD S0: 2 append success next 1 match 0
025095 LEAD S0: prevLog &raft.Entry{Command:interface {}(nil), Term:0, Index:0}
025095 LEAD S0: prevLog &raft.Entry{Command:interface {}(nil), Term:0, Index:0}
025096 INFO S2: (term 1) follower 收到 [0] AppendEntries [], prevIndex 0, prevTerm 0
025096 INFO S1: (term 1) follower 收到 [0] AppendEntries [], prevIndex 0, prevTerm 0
025096 LEAD S0: 2 append success next 1 match 0
025096 LEAD S0: 1 append success next 1 match 0
025597 LEAD S0: prevLog &raft.Entry{Command:interface {}(nil), Term:0, Index:0}
025597 LEAD S0: prevLog &raft.Entry{Command:interface {}(nil), Term:0, Index:0}
025598 INFO S1: (term 1) follower 收到 [0] AppendEntries [], prevIndex 0, prevTerm 0
025598 LEAD S0: 1 append success next 1 match 0
025598 INFO S2: (term 1) follower 收到 [0] AppendEntries [], prevIndex 0, prevTerm 0
025599 LEAD S0: 2 append success next 1 match 0
026100 LEAD S0: prevLog &raft.Entry{Command:interface {}(nil), Term:0, Index:0}
026100 LEAD S0: prevLog &raft.Entry{Command:interface {}(nil), Term:0, Index:0}
026101 INFO S2: (term 1) follower 收到 [0] AppendEntries [], prevIndex 0, prevTerm 0
026101 INFO S1: (term 1) follower 收到 [0] AppendEntries [], prevIndex 0, prevTerm 0
026101 LEAD S0: 2 append success next 1 match 0
026101 LEAD S0: 1 append success next 1 match 0
026601 LEAD S0: prevLog &raft.Entry{Command:interface {}(nil), Term:0, Index:0}
026601 LEAD S0: prevLog &raft.Entry{Command:interface {}(nil), Term:0, Index:0}
026602 INFO S2: (term 1) follower 收到 [0] AppendEntries [], prevIndex 0, prevTerm 0
026602 INFO S1: (term 1) follower 收到 [0] AppendEntries [], prevIndex 0, prevTerm 0
026603 LEAD S0: 2 append success next 1 match 0
026603 LEAD S0: 1 append success next 1 match 0
027103 LEAD S0: prevLog &raft.Entry{Command:interface {}(nil), Term:0, Index:0}
027103 LEAD S0: prevLog &raft.Entry{Command:interface {}(nil), Term:0, Index:0}
027104 INFO S1: (term 1) follower 收到 [0] AppendEntries [], prevIndex 0, prevTerm 0
027104 INFO S2: (term 1) follower 收到 [0] AppendEntries [], prevIndex 0, prevTerm 0
027104 LEAD S0: 1 append success next 1 match 0
027104 LEAD S0: 2 append success next 1 match 0
027604 LEAD S0: prevLog &raft.Entry{Command:interface {}(nil), Term:0, Index:0}
027605 LEAD S0: prevLog &raft.Entry{Command:interface {}(nil), Term:0, Index:0}
027605 INFO S1: (term 1) follower 收到 [0] AppendEntries [], prevIndex 0, prevTerm 0
027605 INFO S2: (term 1) follower 收到 [0] AppendEntries [], prevIndex 0, prevTerm 0
027606 LEAD S0: 1 append success next 1 match 0
027606 LEAD S0: 2 append success next 1 match 0
028106 LEAD S0: prevLog &raft.Entry{Command:interface {}(nil), Term:0, Index:0}
028106 LEAD S0: prevLog &raft.Entry{Command:interface {}(nil), Term:0, Index:0}
028107 INFO S1: (term 1) follower 收到 [0] AppendEntries [], prevIndex 0, prevTerm 0
028107 INFO S2: (term 1) follower 收到 [0] AppendEntries [], prevIndex 0, prevTerm 0
028107 LEAD S0: 1 append success next 1 match 0
028108 LEAD S0: 2 append success next 1 match 0
028608 LEAD S0: prevLog &raft.Entry{Command:interface {}(nil), Term:0, Index:0}
028608 LEAD S0: prevLog &raft.Entry{Command:interface {}(nil), Term:0, Index:0}
028609 INFO S1: (term 1) follower 收到 [0] AppendEntries [], prevIndex 0, prevTerm 0
028609 LEAD S0: 1 append success next 1 match 0
028609 INFO S2: (term 1) follower 收到 [0] AppendEntries [], prevIndex 0, prevTerm 0
028609 LEAD S0: 2 append success next 1 match 0
029110 LEAD S0: prevLog &raft.Entry{Command:interface {}(nil), Term:0, Index:0}
029111 LEAD S0: prevLog &raft.Entry{Command:interface {}(nil), Term:0, Index:0}
029111 INFO S1: (term 1) follower 收到 [0] AppendEntries [], prevIndex 0, prevTerm 0
029111 INFO S2: (term 1) follower 收到 [0] AppendEntries [], prevIndex 0, prevTerm 0
029111 LEAD S0: 1 append success next 1 match 0
029112 LEAD S0: 2 append success next 1 match 0
029612 LEAD S0: prevLog &raft.Entry{Command:interface {}(nil), Term:0, Index:0}
029612 LEAD S0: prevLog &raft.Entry{Command:interface {}(nil), Term:0, Index:0}
029613 INFO S1: (term 1) follower 收到 [0] AppendEntries [], prevIndex 0, prevTerm 0
029613 INFO S2: (term 1) follower 收到 [0] AppendEntries [], prevIndex 0, prevTerm 0
029614 LEAD S0: 1 append success next 1 match 0
029614 LEAD S0: 2 append success next 1 match 0
030115 LEAD S0: prevLog &raft.Entry{Command:interface {}(nil), Term:0, Index:0}
030115 LEAD S0: prevLog &raft.Entry{Command:interface {}(nil), Term:0, Index:0}
030116 INFO S1: (term 1) follower 收到 [0] AppendEntries [], prevIndex 0, prevTerm 0
030116 INFO S2: (term 1) follower 收到 [0] AppendEntries [], prevIndex 0, prevTerm 0
030116 LEAD S0: 1 append success next 1 match 0
030116 LEAD S0: 2 append success next 1 match 0
030617 LEAD S0: prevLog &raft.Entry{Command:interface {}(nil), Term:0, Index:0}
030617 LEAD S0: prevLog &raft.Entry{Command:interface {}(nil), Term:0, Index:0}
030617 INFO S1: (term 1) follower 收到 [0] AppendEntries [], prevIndex 0, prevTerm 0
030618 LEAD S0: 1 append success next 1 match 0
030618 INFO S2: (term 1) follower 收到 [0] AppendEntries [], prevIndex 0, prevTerm 0
030618 LEAD S0: 2 append success next 1 match 0
031120 LEAD S0: prevLog &raft.Entry{Command:interface {}(nil), Term:0, Index:0}
031120 LEAD S0: prevLog &raft.Entry{Command:interface {}(nil), Term:0, Index:0}
031121 INFO S2: (term 1) follower 收到 [0] AppendEntries [], prevIndex 0, prevTerm 0
031121 INFO S1: (term 1) follower 收到 [0] AppendEntries [], prevIndex 0, prevTerm 0
031121 LEAD S0: 2 append success next 1 match 0
031121 LEAD S0: 1 append success next 1 match 0
031622 LEAD S0: prevLog &raft.Entry{Command:interface {}(nil), Term:0, Index:0}
031622 LEAD S0: prevLog &raft.Entry{Command:interface {}(nil), Term:0, Index:0}
031623 INFO S1: (term 1) follower 收到 [0] AppendEntries [], prevIndex 0, prevTerm 0
031623 INFO S2: (term 1) follower 收到 [0] AppendEntries [], prevIndex 0, prevTerm 0
031623 LEAD S0: 1 append success next 1 match 0
031623 LEAD S0: 2 append success next 1 match 0
032124 LEAD S0: prevLog &raft.Entry{Command:interface {}(nil), Term:0, Index:0}
032124 LEAD S0: prevLog &raft.Entry{Command:interface {}(nil), Term:0, Index:0}
032125 INFO S2: (term 1) follower 收到 [0] AppendEntries [], prevIndex 0, prevTerm 0
032126 LEAD S0: 2 append success next 1 match 0
032126 INFO S1: (term 1) follower 收到 [0] AppendEntries [], prevIndex 0, prevTerm 0
032126 LEAD S0: 1 append success next 1 match 0
032626 LEAD S0: prevLog &raft.Entry{Command:interface {}(nil), Term:0, Index:0}
032626 LEAD S0: prevLog &raft.Entry{Command:interface {}(nil), Term:0, Index:0}
032627 INFO S2: (term 1) follower 收到 [0] AppendEntries [], prevIndex 0, prevTerm 0
032627 INFO S1: (term 1) follower 收到 [0] AppendEntries [], prevIndex 0, prevTerm 0
032627 LEAD S0: 2 append success next 1 match 0
032627 LEAD S0: 1 append success next 1 match 0
033128 LEAD S0: prevLog &raft.Entry{Command:interface {}(nil), Term:0, Index:0}
033128 LEAD S0: prevLog &raft.Entry{Command:interface {}(nil), Term:0, Index:0}
033129 INFO S2: (term 1) follower 收到 [0] AppendEntries [], prevIndex 0, prevTerm 0
033129 INFO S1: (term 1) follower 收到 [0] AppendEntries [], prevIndex 0, prevTerm 0
033129 LEAD S0: 2 append success next 1 match 0
033129 LEAD S0: 1 append success next 1 match 0
033629 LEAD S0: prevLog &raft.Entry{Command:interface {}(nil), Term:0, Index:0}
033630 LEAD S0: prevLog &raft.Entry{Command:interface {}(nil), Term:0, Index:0}
033630 INFO S1: (term 1) follower 收到 [0] AppendEntries [], prevIndex 0, prevTerm 0
033630 INFO S2: (term 1) follower 收到 [0] AppendEntries [], prevIndex 0, prevTerm 0
033631 LEAD S0: 1 append success next 1 match 0
033631 LEAD S0: 2 append success next 1 match 0
034131 LEAD S0: prevLog &raft.Entry{Command:interface {}(nil), Term:0, Index:0}
034131 LEAD S0: prevLog &raft.Entry{Command:interface {}(nil), Term:0, Index:0}
034132 INFO S1: (term 1) follower 收到 [0] AppendEntries [], prevIndex 0, prevTerm 0
034132 INFO S2: (term 1) follower 收到 [0] AppendEntries [], prevIndex 0, prevTerm 0
034132 LEAD S0: 1 append success next 1 match 0
034132 LEAD S0: 2 append success next 1 match 0
034633 LEAD S0: prevLog &raft.Entry{Command:interface {}(nil), Term:0, Index:0}
034633 LEAD S0: prevLog &raft.Entry{Command:interface {}(nil), Term:0, Index:0}
034634 INFO S1: (term 1) follower 收到 [0] AppendEntries [], prevIndex 0, prevTerm 0
034634 INFO S2: (term 1) follower 收到 [0] AppendEntries [], prevIndex 0, prevTerm 0
034634 LEAD S0: 2 append success next 1 match 0
034636 LEAD S0: 1 append success next 1 match 0
035135 LEAD S0: prevLog &raft.Entry{Command:interface {}(nil), Term:0, Index:0}
035135 LEAD S0: prevLog &raft.Entry{Command:interface {}(nil), Term:0, Index:0}
035136 INFO S2: (term 1) follower 收到 [0] AppendEntries [], prevIndex 0, prevTerm 0
035136 LEAD S0: 2 append success next 1 match 0
035136 INFO S1: (term 1) follower 收到 [0] AppendEntries [], prevIndex 0, prevTerm 0
035137 LEAD S0: 1 append success next 1 match 0
035637 LEAD S0: prevLog &raft.Entry{Command:interface {}(nil), Term:0, Index:0}
035637 LEAD S0: prevLog &raft.Entry{Command:interface {}(nil), Term:0, Index:0}
035638 INFO S2: (term 1) follower 收到 [0] AppendEntries [], prevIndex 0, prevTerm 0
035638 LEAD S0: 2 append success next 1 match 0
035639 INFO S1: (term 1) follower 收到 [0] AppendEntries [], prevIndex 0, prevTerm 0
035639 LEAD S0: 1 append success next 1 match 0
036139 LEAD S0: prevLog &raft.Entry{Command:interface {}(nil), Term:0, Index:0}
036139 LEAD S0: prevLog &raft.Entry{Command:interface {}(nil), Term:0, Index:0}
036140 INFO S1: (term 1) follower 收到 [0] AppendEntries [], prevIndex 0, prevTerm 0
036140 INFO S2: (term 1) follower 收到 [0] AppendEntries [], prevIndex 0, prevTerm 0
036140 LEAD S0: 1 append success next 1 match 0
036140 LEAD S0: 2 append success next 1 match 0
036641 LEAD S0: prevLog &raft.Entry{Command:interface {}(nil), Term:0, Index:0}
036641 LEAD S0: prevLog &raft.Entry{Command:interface {}(nil), Term:0, Index:0}
036642 INFO S1: (term 1) follower 收到 [0] AppendEntries [], prevIndex 0, prevTerm 0
036642 LEAD S0: 1 append success next 1 match 0
036642 INFO S2: (term 1) follower 收到 [0] AppendEntries [], prevIndex 0, prevTerm 0
036643 LEAD S0: 2 append success next 1 match 0
037143 LEAD S0: prevLog &raft.Entry{Command:interface {}(nil), Term:0, Index:0}
037143 LEAD S0: prevLog &raft.Entry{Command:interface {}(nil), Term:0, Index:0}
037144 INFO S1: (term 1) follower 收到 [0] AppendEntries [], prevIndex 0, prevTerm 0
037144 INFO S2: (term 1) follower 收到 [0] AppendEntries [], prevIndex 0, prevTerm 0
037144 LEAD S0: 1 append success next 1 match 0
037144 LEAD S0: 2 append success next 1 match 0
037644 LEAD S0: prevLog &raft.Entry{Command:interface {}(nil), Term:0, Index:0}
037644 LEAD S0: prevLog &raft.Entry{Command:interface {}(nil), Term:0, Index:0}
037645 INFO S1: (term 1) follower 收到 [0] AppendEntries [], prevIndex 0, prevTerm 0
037645 INFO S2: (term 1) follower 收到 [0] AppendEntries [], prevIndex 0, prevTerm 0
037645 LEAD S0: 1 append success next 1 match 0
037645 LEAD S0: 2 append success next 1 match 0
038146 LEAD S0: prevLog &raft.Entry{Command:interface {}(nil), Term:0, Index:0}
038146 LEAD S0: prevLog &raft.Entry{Command:interface {}(nil), Term:0, Index:0}
038147 INFO S1: (term 1) follower 收到 [0] AppendEntries [], prevIndex 0, prevTerm 0
038147 INFO S2: (term 1) follower 收到 [0] AppendEntries [], prevIndex 0, prevTerm 0
038147 LEAD S0: 1 append success next 1 match 0
038147 LEAD S0: 2 append success next 1 match 0
038647 LEAD S0: prevLog &raft.Entry{Command:interface {}(nil), Term:0, Index:0}
038648 LEAD S0: prevLog &raft.Entry{Command:interface {}(nil), Term:0, Index:0}
038648 INFO S1: (term 1) follower 收到 [0] AppendEntries [], prevIndex 0, prevTerm 0
038649 LEAD S0: 1 append success next 1 match 0
038648 INFO S2: (term 1) follower 收到 [0] AppendEntries [], prevIndex 0, prevTerm 0
038649 LEAD S0: 2 append success next 1 match 0
039149 LEAD S0: prevLog &raft.Entry{Command:interface {}(nil), Term:0, Index:0}
039149 LEAD S0: prevLog &raft.Entry{Command:interface {}(nil), Term:0, Index:0}
039150 INFO S1: (term 1) follower 收到 [0] AppendEntries [], prevIndex 0, prevTerm 0
039150 INFO S2: (term 1) follower 收到 [0] AppendEntries [], prevIndex 0, prevTerm 0
039150 LEAD S0: 1 append success next 1 match 0
039150 LEAD S0: 2 append success next 1 match 0
039651 LEAD S0: prevLog &raft.Entry{Command:interface {}(nil), Term:0, Index:0}
039651 LEAD S0: prevLog &raft.Entry{Command:interface {}(nil), Term:0, Index:0}
039652 INFO S2: (term 1) follower 收到 [0] AppendEntries [], prevIndex 0, prevTerm 0
039652 LEAD S0: 2 append success next 1 match 0
039652 INFO S1: (term 1) follower 收到 [0] AppendEntries [], prevIndex 0, prevTerm 0
039653 LEAD S0: 1 append success next 1 match 0
040153 LEAD S0: prevLog &raft.Entry{Command:interface {}(nil), Term:0, Index:0}
040154 LEAD S0: prevLog &raft.Entry{Command:interface {}(nil), Term:0, Index:0}
040154 INFO S2: (term 1) follower 收到 [0] AppendEntries [], prevIndex 0, prevTerm 0
040155 LEAD S0: 2 append success next 1 match 0
040155 INFO S1: (term 1) follower 收到 [0] AppendEntries [], prevIndex 0, prevTerm 0
040155 LEAD S0: 1 append success next 1 match 0
040655 LEAD S0: prevLog &raft.Entry{Command:interface {}(nil), Term:0, Index:0}
040655 LEAD S0: prevLog &raft.Entry{Command:interface {}(nil), Term:0, Index:0}
040656 INFO S1: (term 1) follower 收到 [0] AppendEntries [], prevIndex 0, prevTerm 0
040656 LEAD S0: 1 append success next 1 match 0
040656 INFO S2: (term 1) follower 收到 [0] AppendEntries [], prevIndex 0, prevTerm 0
040657 LEAD S0: 2 append success next 1 match 0
041158 LEAD S0: prevLog &raft.Entry{Command:interface {}(nil), Term:0, Index:0}
041158 LEAD S0: prevLog &raft.Entry{Command:interface {}(nil), Term:0, Index:0}
041158 INFO S1: (term 1) follower 收到 [0] AppendEntries [], prevIndex 0, prevTerm 0
041159 LEAD S0: 1 append success next 1 match 0
041159 INFO S2: (term 1) follower 收到 [0] AppendEntries [], prevIndex 0, prevTerm 0
041159 LEAD S0: 2 append success next 1 match 0
041660 LEAD S0: prevLog &raft.Entry{Command:interface {}(nil), Term:0, Index:0}
041661 LEAD S0: prevLog &raft.Entry{Command:interface {}(nil), Term:0, Index:0}
041661 INFO S1: (term 1) follower 收到 [0] AppendEntries [], prevIndex 0, prevTerm 0
041661 INFO S2: (term 1) follower 收到 [0] AppendEntries [], prevIndex 0, prevTerm 0
041662 LEAD S0: 2 append success next 1 match 0
041662 LEAD S0: 1 append success next 1 match 0
042162 LEAD S0: prevLog &raft.Entry{Command:interface {}(nil), Term:0, Index:0}
042162 LEAD S0: prevLog &raft.Entry{Command:interface {}(nil), Term:0, Index:0}
042163 INFO S2: (term 1) follower 收到 [0] AppendEntries [], prevIndex 0, prevTerm 0
042163 INFO S1: (term 1) follower 收到 [0] AppendEntries [], prevIndex 0, prevTerm 0
042163 LEAD S0: 2 append success next 1 match 0
042163 LEAD S0: 1 append success next 1 match 0
042664 LEAD S0: prevLog &raft.Entry{Command:interface {}(nil), Term:0, Index:0}
042664 LEAD S0: prevLog &raft.Entry{Command:interface {}(nil), Term:0, Index:0}
042664 INFO S1: (term 1) follower 收到 [0] AppendEntries [], prevIndex 0, prevTerm 0
042665 LEAD S0: 1 append success next 1 match 0
042665 INFO S2: (term 1) follower 收到 [0] AppendEntries [], prevIndex 0, prevTerm 0
042665 LEAD S0: 2 append success next 1 match 0
043166 LEAD S0: prevLog &raft.Entry{Command:interface {}(nil), Term:0, Index:0}
043166 LEAD S0: prevLog &raft.Entry{Command:interface {}(nil), Term:0, Index:0}
043167 INFO S1: (term 1) follower 收到 [0] AppendEntries [], prevIndex 0, prevTerm 0
043167 INFO S2: (term 1) follower 收到 [0] AppendEntries [], prevIndex 0, prevTerm 0
043168 LEAD S0: 1 append success next 1 match 0
043168 LEAD S0: 2 append success next 1 match 0
043668 LEAD S0: prevLog &raft.Entry{Command:interface {}(nil), Term:0, Index:0}
043668 LEAD S0: prevLog &raft.Entry{Command:interface {}(nil), Term:0, Index:0}
043669 INFO S1: (term 1) follower 收到 [0] AppendEntries [], prevIndex 0, prevTerm 0
043669 INFO S2: (term 1) follower 收到 [0] AppendEntries [], prevIndex 0, prevTerm 0
043669 LEAD S0: 1 append success next 1 match 0
043669 LEAD S0: 2 append success next 1 match 0
044170 LEAD S0: prevLog &raft.Entry{Command:interface {}(nil), Term:0, Index:0}
044170 LEAD S0: prevLog &raft.Entry{Command:interface {}(nil), Term:0, Index:0}
044170 INFO S2: (term 1) follower 收到 [0] AppendEntries [], prevIndex 0, prevTerm 0
044170 INFO S1: (term 1) follower 收到 [0] AppendEntries [], prevIndex 0, prevTerm 0
044171 LEAD S0: 1 append success next 1 match 0
044171 LEAD S0: 2 append success next 1 match 0
044672 LEAD S0: prevLog &raft.Entry{Command:interface {}(nil), Term:0, Index:0}
044672 LEAD S0: prevLog &raft.Entry{Command:interface {}(nil), Term:0, Index:0}
044672 INFO S1: (term 1) follower 收到 [0] AppendEntries [], prevIndex 0, prevTerm 0
044672 INFO S2: (term 1) follower 收到 [0] AppendEntries [], prevIndex 0, prevTerm 0
044673 LEAD S0: 1 append success next 1 match 0
044673 LEAD S0: 2 append success next 1 match 0
045174 LEAD S0: prevLog &raft.Entry{Command:interface {}(nil), Term:0, Index:0}
045174 LEAD S0: prevLog &raft.Entry{Command:interface {}(nil), Term:0, Index:0}
045175 INFO S1: (term 1) follower 收到 [0] AppendEntries [], prevIndex 0, prevTerm 0
045175 INFO S2: (term 1) follower 收到 [0] AppendEntries [], prevIndex 0, prevTerm 0
045175 LEAD S0: 2 append success next 1 match 0
045175 LEAD S0: 1 append success next 1 match 0
045675 LEAD S0: prevLog &raft.Entry{Command:interface {}(nil), Term:0, Index:0}
045675 LEAD S0: prevLog &raft.Entry{Command:interface {}(nil), Term:0, Index:0}
045676 INFO S1: (term 1) follower 收到 [0] AppendEntries [], prevIndex 0, prevTerm 0
045676 INFO S2: (term 1) follower 收到 [0] AppendEntries [], prevIndex 0, prevTerm 0
045676 LEAD S0: 1 append success next 1 match 0
045677 LEAD S0: 2 append success next 1 match 0
046177 LEAD S0: prevLog &raft.Entry{Command:interface {}(nil), Term:0, Index:0}
046177 LEAD S0: prevLog &raft.Entry{Command:interface {}(nil), Term:0, Index:0}
046178 INFO S1: (term 1) follower 收到 [0] AppendEntries [], prevIndex 0, prevTerm 0
046178 INFO S2: (term 1) follower 收到 [0] AppendEntries [], prevIndex 0, prevTerm 0
046178 LEAD S0: 1 append success next 1 match 0
046178 LEAD S0: 2 append success next 1 match 0
046680 LEAD S0: prevLog &raft.Entry{Command:interface {}(nil), Term:0, Index:0}
046680 LEAD S0: prevLog &raft.Entry{Command:interface {}(nil), Term:0, Index:0}
046681 INFO S1: (term 1) follower 收到 [0] AppendEntries [], prevIndex 0, prevTerm 0
046681 INFO S2: (term 1) follower 收到 [0] AppendEntries [], prevIndex 0, prevTerm 0
046681 LEAD S0: 1 append success next 1 match 0
046681 LEAD S0: 2 append success next 1 match 0
047182 LEAD S0: prevLog &raft.Entry{Command:interface {}(nil), Term:0, Index:0}
047182 LEAD S0: prevLog &raft.Entry{Command:interface {}(nil), Term:0, Index:0}
047183 INFO S1: (term 1) follower 收到 [0] AppendEntries [], prevIndex 0, prevTerm 0
047183 INFO S2: (term 1) follower 收到 [0] AppendEntries [], prevIndex 0, prevTerm 0
047183 LEAD S0: 2 append success next 1 match 0
047183 LEAD S0: 1 append success next 1 match 0
047683 LEAD S0: prevLog &raft.Entry{Command:interface {}(nil), Term:0, Index:0}
047684 LEAD S0: prevLog &raft.Entry{Command:interface {}(nil), Term:0, Index:0}
047684 INFO S2: (term 1) follower 收到 [0] AppendEntries [], prevIndex 0, prevTerm 0
047685 LEAD S0: 2 append success next 1 match 0
047685 INFO S1: (term 1) follower 收到 [0] AppendEntries [], prevIndex 0, prevTerm 0
047686 LEAD S0: 1 append success next 1 match 0
048186 LEAD S0: prevLog &raft.Entry{Command:interface {}(nil), Term:0, Index:0}
048186 LEAD S0: prevLog &raft.Entry{Command:interface {}(nil), Term:0, Index:0}
048186 INFO S2: (term 1) follower 收到 [0] AppendEntries [], prevIndex 0, prevTerm 0
048186 LEAD S0: 2 append success next 1 match 0
048187 INFO S1: (term 1) follower 收到 [0] AppendEntries [], prevIndex 0, prevTerm 0
048187 LEAD S0: 1 append success next 1 match 0
048687 LEAD S0: prevLog &raft.Entry{Command:interface {}(nil), Term:0, Index:0}
048687 LEAD S0: prevLog &raft.Entry{Command:interface {}(nil), Term:0, Index:0}
048688 INFO S2: (term 1) follower 收到 [0] AppendEntries [], prevIndex 0, prevTerm 0
048688 LEAD S0: 2 append success next 1 match 0
048689 INFO S1: (term 1) follower 收到 [0] AppendEntries [], prevIndex 0, prevTerm 0
048689 LEAD S0: 1 append success next 1 match 0
049190 LEAD S0: prevLog &raft.Entry{Command:interface {}(nil), Term:0, Index:0}
049190 LEAD S0: prevLog &raft.Entry{Command:interface {}(nil), Term:0, Index:0}
049191 INFO S2: (term 1) follower 收到 [0] AppendEntries [], prevIndex 0, prevTerm 0
049191 INFO S1: (term 1) follower 收到 [0] AppendEntries [], prevIndex 0, prevTerm 0
049191 LEAD S0: 2 append success next 1 match 0
049191 LEAD S0: 1 append success next 1 match 0
049692 LEAD S0: prevLog &raft.Entry{Command:interface {}(nil), Term:0, Index:0}
049692 LEAD S0: prevLog &raft.Entry{Command:interface {}(nil), Term:0, Index:0}
049692 INFO S2: (term 1) follower 收到 [0] AppendEntries [], prevIndex 0, prevTerm 0
049692 INFO S1: (term 1) follower 收到 [0] AppendEntries [], prevIndex 0, prevTerm 0
049693 LEAD S0: 1 append success next 1 match 0
049693 LEAD S0: 2 append success next 1 match 0
050194 LEAD S0: prevLog &raft.Entry{Command:interface {}(nil), Term:0, Index:0}
050194 LEAD S0: prevLog &raft.Entry{Command:interface {}(nil), Term:0, Index:0}
050195 INFO S1: (term 1) follower 收到 [0] AppendEntries [], prevIndex 0, prevTerm 0
050195 INFO S2: (term 1) follower 收到 [0] AppendEntries [], prevIndex 0, prevTerm 0
050195 LEAD S0: 2 append success next 1 match 0
050196 LEAD S0: 1 append success next 1 match 0
050696 LEAD S0: prevLog &raft.Entry{Command:interface {}(nil), Term:0, Index:0}
050696 LEAD S0: prevLog &raft.Entry{Command:interface {}(nil), Term:0, Index:0}
050697 INFO S1: (term 1) follower 收到 [0] AppendEntries [], prevIndex 0, prevTerm 0
050697 LEAD S0: 1 append success next 1 match 0
050697 INFO S2: (term 1) follower 收到 [0] AppendEntries [], prevIndex 0, prevTerm 0
050698 LEAD S0: 2 append success next 1 match 0
051199 LEAD S0: prevLog &raft.Entry{Command:interface {}(nil), Term:0, Index:0}
051199 LEAD S0: prevLog &raft.Entry{Command:interface {}(nil), Term:0, Index:0}
051199 INFO S1: (term 1) follower 收到 [0] AppendEntries [], prevIndex 0, prevTerm 0
051200 INFO S2: (term 1) follower 收到 [0] AppendEntries [], prevIndex 0, prevTerm 0
051200 LEAD S0: 1 append success next 1 match 0
051200 LEAD S0: 2 append success next 1 match 0
051701 LEAD S0: prevLog &raft.Entry{Command:interface {}(nil), Term:0, Index:0}
051702 LEAD S0: prevLog &raft.Entry{Command:interface {}(nil), Term:0, Index:0}
051702 INFO S2: (term 1) follower 收到 [0] AppendEntries [], prevIndex 0, prevTerm 0
051703 LEAD S0: 2 append success next 1 match 0
051703 INFO S1: (term 1) follower 收到 [0] AppendEntries [], prevIndex 0, prevTerm 0
051703 LEAD S0: 1 append success next 1 match 0
052203 LEAD S0: prevLog &raft.Entry{Command:interface {}(nil), Term:0, Index:0}
052203 LEAD S0: prevLog &raft.Entry{Command:interface {}(nil), Term:0, Index:0}
052204 INFO S2: (term 1) follower 收到 [0] AppendEntries [], prevIndex 0, prevTerm 0
052204 INFO S1: (term 1) follower 收到 [0] AppendEntries [], prevIndex 0, prevTerm 0
052204 LEAD S0: 2 append success next 1 match 0
052204 LEAD S0: 1 append success next 1 match 0
052705 LEAD S0: prevLog &raft.Entry{Command:interface {}(nil), Term:0, Index:0}
052705 LEAD S0: prevLog &raft.Entry{Command:interface {}(nil), Term:0, Index:0}
052706 INFO S2: (term 1) follower 收到 [0] AppendEntries [], prevIndex 0, prevTerm 0
052706 INFO S1: (term 1) follower 收到 [0] AppendEntries [], prevIndex 0, prevTerm 0
052706 LEAD S0: 2 append success next 1 match 0
052706 LEAD S0: 1 append success next 1 match 0
053207 LEAD S0: prevLog &raft.Entry{Command:interface {}(nil), Term:0, Index:0}
053207 LEAD S0: prevLog &raft.Entry{Command:interface {}(nil), Term:0, Index:0}
053208 INFO S1: (term 1) follower 收到 [0] AppendEntries [], prevIndex 0, prevTerm 0
053208 INFO S2: (term 1) follower 收到 [0] AppendEntries [], prevIndex 0, prevTerm 0
053208 LEAD S0: 1 append success next 1 match 0
053208 LEAD S0: 2 append success next 1 match 0
053709 LEAD S0: prevLog &raft.Entry{Command:interface {}(nil), Term:0, Index:0}
053709 LEAD S0: prevLog &raft.Entry{Command:interface {}(nil), Term:0, Index:0}
053709 INFO S1: (term 1) follower 收到 [0] AppendEntries [], prevIndex 0, prevTerm 0
053709 LEAD S0: 1 append success next 1 match 0
053710 INFO S2: (term 1) follower 收到 [0] AppendEntries [], prevIndex 0, prevTerm 0
053710 LEAD S0: 2 append success next 1 match 0
054211 LEAD S0: prevLog &raft.Entry{Command:interface {}(nil), Term:0, Index:0}
054211 LEAD S0: prevLog &raft.Entry{Command:interface {}(nil), Term:0, Index:0}
054212 INFO S2: (term 1) follower 收到 [0] AppendEntries [], prevIndex 0, prevTerm 0
054212 INFO S1: (term 1) follower 收到 [0] AppendEntries [], prevIndex 0, prevTerm 0
054212 LEAD S0: 2 append success next 1 match 0
054212 LEAD S0: 1 append success next 1 match 0
054713 LEAD S0: prevLog &raft.Entry{Command:interface {}(nil), Term:0, Index:0}
054713 LEAD S0: prevLog &raft.Entry{Command:interface {}(nil), Term:0, Index:0}
054714 INFO S2: (term 1) follower 收到 [0] AppendEntries [], prevIndex 0, prevTerm 0
054714 INFO S1: (term 1) follower 收到 [0] AppendEntries [], prevIndex 0, prevTerm 0
054714 LEAD S0: 1 append success next 1 match 0
054714 LEAD S0: 2 append success next 1 match 0
055215 LEAD S0: prevLog &raft.Entry{Command:interface {}(nil), Term:0, Index:0}
055215 LEAD S0: prevLog &raft.Entry{Command:interface {}(nil), Term:0, Index:0}
055216 INFO S1: (term 1) follower 收到 [0] AppendEntries [], prevIndex 0, prevTerm 0
055216 LEAD S0: 1 append success next 1 match 0
055216 INFO S2: (term 1) follower 收到 [0] AppendEntries [], prevIndex 0, prevTerm 0
055216 LEAD S0: 2 append success next 1 match 0
055718 LEAD S0: prevLog &raft.Entry{Command:interface {}(nil), Term:0, Index:0}
055718 LEAD S0: prevLog &raft.Entry{Command:interface {}(nil), Term:0, Index:0}
055718 INFO S1: (term 1) follower 收到 [0] AppendEntries [], prevIndex 0, prevTerm 0
055719 LEAD S0: 1 append success next 1 match 0
055719 INFO S2: (term 1) follower 收到 [0] AppendEntries [], prevIndex 0, prevTerm 0
055719 LEAD S0: 2 append success next 1 match 0
056220 LEAD S0: prevLog &raft.Entry{Command:interface {}(nil), Term:0, Index:0}
056221 LEAD S0: prevLog &raft.Entry{Command:interface {}(nil), Term:0, Index:0}
056221 INFO S1: (term 1) follower 收到 [0] AppendEntries [], prevIndex 0, prevTerm 0
056221 INFO S2: (term 1) follower 收到 [0] AppendEntries [], prevIndex 0, prevTerm 0
056221 LEAD S0: 1 append success next 1 match 0
056222 LEAD S0: 2 append success next 1 match 0
056722 LEAD S0: prevLog &raft.Entry{Command:interface {}(nil), Term:0, Index:0}
056722 LEAD S0: prevLog &raft.Entry{Command:interface {}(nil), Term:0, Index:0}
056723 INFO S2: (term 1) follower 收到 [0] AppendEntries [], prevIndex 0, prevTerm 0
056723 LEAD S0: 2 append success next 1 match 0
056724 INFO S1: (term 1) follower 收到 [0] AppendEntries [], prevIndex 0, prevTerm 0
056724 LEAD S0: 1 append success next 1 match 0
057224 LEAD S0: prevLog &raft.Entry{Command:interface {}(nil), Term:0, Index:0}
057224 LEAD S0: prevLog &raft.Entry{Command:interface {}(nil), Term:0, Index:0}
057224 INFO S1: (term 1) follower 收到 [0] AppendEntries [], prevIndex 0, prevTerm 0
057224 INFO S2: (term 1) follower 收到 [0] AppendEntries [], prevIndex 0, prevTerm 0
057225 LEAD S0: 1 append success next 1 match 0
057225 LEAD S0: 2 append success next 1 match 0
057726 LEAD S0: prevLog &raft.Entry{Command:interface {}(nil), Term:0, Index:0}
057726 LEAD S0: prevLog &raft.Entry{Command:interface {}(nil), Term:0, Index:0}
057727 INFO S2: (term 1) follower 收到 [0] AppendEntries [], prevIndex 0, prevTerm 0
057727 LEAD S0: 2 append success next 1 match 0
057727 INFO S1: (term 1) follower 收到 [0] AppendEntries [], prevIndex 0, prevTerm 0
057728 LEAD S0: 1 append success next 1 match 0
058228 LEAD S0: prevLog &raft.Entry{Command:interface {}(nil), Term:0, Index:0}
058229 LEAD S0: prevLog &raft.Entry{Command:interface {}(nil), Term:0, Index:0}
058229 INFO S2: (term 1) follower 收到 [0] AppendEntries [], prevIndex 0, prevTerm 0
058229 INFO S1: (term 1) follower 收到 [0] AppendEntries [], prevIndex 0, prevTerm 0
058230 LEAD S0: 1 append success next 1 match 0
058230 LEAD S0: 2 append success next 1 match 0
058731 LEAD S0: prevLog &raft.Entry{Command:interface {}(nil), Term:0, Index:0}
058731 LEAD S0: prevLog &raft.Entry{Command:interface {}(nil), Term:0, Index:0}
058732 INFO S1: (term 1) follower 收到 [0] AppendEntries [], prevIndex 0, prevTerm 0
058732 INFO S2: (term 1) follower 收到 [0] AppendEntries [], prevIndex 0, prevTerm 0
058732 LEAD S0: 1 append success next 1 match 0
058732 LEAD S0: 2 append success next 1 match 0
059233 LEAD S0: prevLog &raft.Entry{Command:interface {}(nil), Term:0, Index:0}
059233 LEAD S0: prevLog &raft.Entry{Command:interface {}(nil), Term:0, Index:0}
059234 INFO S1: (term 1) follower 收到 [0] AppendEntries [], prevIndex 0, prevTerm 0
059234 INFO S2: (term 1) follower 收到 [0] AppendEntries [], prevIndex 0, prevTerm 0
059234 LEAD S0: 1 append success next 1 match 0
059234 LEAD S0: 2 append success next 1 match 0
059734 LEAD S0: prevLog &raft.Entry{Command:interface {}(nil), Term:0, Index:0}
059734 LEAD S0: prevLog &raft.Entry{Command:interface {}(nil), Term:0, Index:0}
059735 INFO S2: (term 1) follower 收到 [0] AppendEntries [], prevIndex 0, prevTerm 0
059735 INFO S1: (term 1) follower 收到 [0] AppendEntries [], prevIndex 0, prevTerm 0
059735 LEAD S0: 2 append success next 1 match 0
059735 LEAD S0: 1 append success next 1 match 0
060237 LEAD S0: prevLog &raft.Entry{Command:interface {}(nil), Term:0, Index:0}
060237 LEAD S0: prevLog &raft.Entry{Command:interface {}(nil), Term:0, Index:0}
060237 INFO S2: (term 1) follower 收到 [0] AppendEntries [], prevIndex 0, prevTerm 0
060238 INFO S1: (term 1) follower 收到 [0] AppendEntries [], prevIndex 0, prevTerm 0
060238 LEAD S0: 2 append success next 1 match 0
060238 LEAD S0: 1 append success next 1 match 0
060739 LEAD S0: prevLog &raft.Entry{Command:interface {}(nil), Term:0, Index:0}
060739 LEAD S0: prevLog &raft.Entry{Command:interface {}(nil), Term:0, Index:0}
060739 INFO S1: (term 1) follower 收到 [0] AppendEntries [], prevIndex 0, prevTerm 0
060740 LEAD S0: 1 append success next 1 match 0
060740 INFO S2: (term 1) follower 收到 [0] AppendEntries [], prevIndex 0, prevTerm 0
060740 LEAD S0: 2 append success next 1 match 0
061241 LEAD S0: prevLog &raft.Entry{Command:interface {}(nil), Term:0, Index:0}
061242 LEAD S0: prevLog &raft.Entry{Command:interface {}(nil), Term:0, Index:0}
061242 INFO S1: (term 1) follower 收到 [0] AppendEntries [], prevIndex 0, prevTerm 0
061242 INFO S2: (term 1) follower 收到 [0] AppendEntries [], prevIndex 0, prevTerm 0
061243 LEAD S0: 1 append success next 1 match 0
061243 LEAD S0: 2 append success next 1 match 0
061743 LEAD S0: prevLog &raft.Entry{Command:interface {}(nil), Term:0, Index:0}
061743 LEAD S0: prevLog &raft.Entry{Command:interface {}(nil), Term:0, Index:0}
061744 INFO S2: (term 1) follower 收到 [0] AppendEntries [], prevIndex 0, prevTerm 0
061744 INFO S1: (term 1) follower 收到 [0] AppendEntries [], prevIndex 0, prevTerm 0
061744 LEAD S0: 2 append success next 1 match 0
061744 LEAD S0: 1 append success next 1 match 0
062244 LEAD S0: prevLog &raft.Entry{Command:interface {}(nil), Term:0, Index:0}
062245 LEAD S0: prevLog &raft.Entry{Command:interface {}(nil), Term:0, Index:0}
062245 INFO S1: (term 1) follower 收到 [0] AppendEntries [], prevIndex 0, prevTerm 0
062245 INFO S2: (term 1) follower 收到 [0] AppendEntries [], prevIndex 0, prevTerm 0
062245 LEAD S0: 1 append success next 1 match 0
062246 LEAD S0: 2 append success next 1 match 0
062746 LEAD S0: prevLog &raft.Entry{Command:interface {}(nil), Term:0, Index:0}
062746 LEAD S0: prevLog &raft.Entry{Command:interface {}(nil), Term:0, Index:0}
062747 INFO S2: (term 1) follower 收到 [0] AppendEntries [], prevIndex 0, prevTerm 0
062747 LEAD S0: 2 append success next 1 match 0
062748 INFO S1: (term 1) follower 收到 [0] AppendEntries [], prevIndex 0, prevTerm 0
062748 LEAD S0: 1 append success next 1 match 0
063248 LEAD S0: prevLog &raft.Entry{Command:interface {}(nil), Term:0, Index:0}
063248 LEAD S0: prevLog &raft.Entry{Command:interface {}(nil), Term:0, Index:0}
063249 INFO S1: (term 1) follower 收到 [0] AppendEntries [], prevIndex 0, prevTerm 0
063249 INFO S2: (term 1) follower 收到 [0] AppendEntries [], prevIndex 0, prevTerm 0
063249 LEAD S0: 1 append success next 1 match 0
063249 LEAD S0: 2 append success next 1 match 0
063749 LEAD S0: prevLog &raft.Entry{Command:interface {}(nil), Term:0, Index:0}
063750 LEAD S0: prevLog &raft.Entry{Command:interface {}(nil), Term:0, Index:0}
063750 INFO S2: (term 1) follower 收到 [0] AppendEntries [], prevIndex 0, prevTerm 0
063750 INFO S1: (term 1) follower 收到 [0] AppendEntries [], prevIndex 0, prevTerm 0
063751 LEAD S0: 2 append success next 1 match 0
063751 LEAD S0: 1 append success next 1 match 0
064251 LEAD S0: prevLog &raft.Entry{Command:interface {}(nil), Term:0, Index:0}
064251 LEAD S0: prevLog &raft.Entry{Command:interface {}(nil), Term:0, Index:0}
064252 INFO S1: (term 1) follower 收到 [0] AppendEntries [], prevIndex 0, prevTerm 0
064252 INFO S2: (term 1) follower 收到 [0] AppendEntries [], prevIndex 0, prevTerm 0
064252 LEAD S0: 1 append success next 1 match 0
064252 LEAD S0: 2 append success next 1 match 0
064753 LEAD S0: prevLog &raft.Entry{Command:interface {}(nil), Term:0, Index:0}
064753 LEAD S0: prevLog &raft.Entry{Command:interface {}(nil), Term:0, Index:0}
064754 INFO S1: (term 1) follower 收到 [0] AppendEntries [], prevIndex 0, prevTerm 0
064754 INFO S2: (term 1) follower 收到 [0] AppendEntries [], prevIndex 0, prevTerm 0
064754 LEAD S0: 1 append success next 1 match 0
064754 LEAD S0: 2 append success next 1 match 0
065254 LEAD S0: prevLog &raft.Entry{Command:interface {}(nil), Term:0, Index:0}
065255 LEAD S0: prevLog &raft.Entry{Command:interface {}(nil), Term:0, Index:0}
065255 INFO S2: (term 1) follower 收到 [0] AppendEntries [], prevIndex 0, prevTerm 0
065255 INFO S1: (term 1) follower 收到 [0] AppendEntries [], prevIndex 0, prevTerm 0
065256 LEAD S0: 1 append success next 1 match 0
065256 LEAD S0: 2 append success next 1 match 0
065757 LEAD S0: prevLog &raft.Entry{Command:interface {}(nil), Term:0, Index:0}
065757 LEAD S0: prevLog &raft.Entry{Command:interface {}(nil), Term:0, Index:0}
065758 INFO S1: (term 1) follower 收到 [0] AppendEntries [], prevIndex 0, prevTerm 0
065758 INFO S2: (term 1) follower 收到 [0] AppendEntries [], prevIndex 0, prevTerm 0
065758 LEAD S0: 1 append success next 1 match 0
065758 LEAD S0: 2 append success next 1 match 0
066259 LEAD S0: prevLog &raft.Entry{Command:interface {}(nil), Term:0, Index:0}
066259 LEAD S0: prevLog &raft.Entry{Command:interface {}(nil), Term:0, Index:0}
066261 INFO S2: (term 1) follower 收到 [0] AppendEntries [], prevIndex 0, prevTerm 0
066261 LEAD S0: 2 append success next 1 match 0
066262 INFO S1: (term 1) follower 收到 [0] AppendEntries [], prevIndex 0, prevTerm 0
066263 LEAD S0: 1 append success next 1 match 0
066760 LEAD S0: prevLog &raft.Entry{Command:interface {}(nil), Term:0, Index:0}
066761 LEAD S0: prevLog &raft.Entry{Command:interface {}(nil), Term:0, Index:0}
066761 INFO S2: (term 1) follower 收到 [0] AppendEntries [], prevIndex 0, prevTerm 0
066762 INFO S1: (term 1) follower 收到 [0] AppendEntries [], prevIndex 0, prevTerm 0
066762 LEAD S0: 2 append success next 1 match 0
066762 LEAD S0: 1 append success next 1 match 0
067262 LEAD S0: prevLog &raft.Entry{Command:interface {}(nil), Term:0, Index:0}
067262 LEAD S0: prevLog &raft.Entry{Command:interface {}(nil), Term:0, Index:0}
067263 INFO S1: (term 1) follower 收到 [0] AppendEntries [], prevIndex 0, prevTerm 0
067263 LEAD S0: 1 append success next 1 match 0
067263 INFO S2: (term 1) follower 收到 [0] AppendEntries [], prevIndex 0, prevTerm 0
067264 LEAD S0: 2 append success next 1 match 0
067764 LEAD S0: prevLog &raft.Entry{Command:interface {}(nil), Term:0, Index:0}
067764 LEAD S0: prevLog &raft.Entry{Command:interface {}(nil), Term:0, Index:0}
067765 INFO S1: (term 1) follower 收到 [0] AppendEntries [], prevIndex 0, prevTerm 0
067765 INFO S2: (term 1) follower 收到 [0] AppendEntries [], prevIndex 0, prevTerm 0
067765 LEAD S0: 1 append success next 1 match 0
067765 LEAD S0: 2 append success next 1 match 0
068266 LEAD S0: prevLog &raft.Entry{Command:interface {}(nil), Term:0, Index:0}
068266 LEAD S0: prevLog &raft.Entry{Command:interface {}(nil), Term:0, Index:0}
068266 INFO S1: (term 1) follower 收到 [0] AppendEntries [], prevIndex 0, prevTerm 0
068267 INFO S2: (term 1) follower 收到 [0] AppendEntries [], prevIndex 0, prevTerm 0
068267 LEAD S0: 1 append success next 1 match 0
068267 LEAD S0: 2 append success next 1 match 0
068767 LEAD S0: prevLog &raft.Entry{Command:interface {}(nil), Term:0, Index:0}
068768 LEAD S0: prevLog &raft.Entry{Command:interface {}(nil), Term:0, Index:0}
068768 INFO S2: (term 1) follower 收到 [0] AppendEntries [], prevIndex 0, prevTerm 0
068769 INFO S1: (term 1) follower 收到 [0] AppendEntries [], prevIndex 0, prevTerm 0
068769 LEAD S0: 2 append success next 1 match 0
068769 LEAD S0: 1 append success next 1 match 0
069269 LEAD S0: prevLog &raft.Entry{Command:interface {}(nil), Term:0, Index:0}
069269 LEAD S0: prevLog &raft.Entry{Command:interface {}(nil), Term:0, Index:0}
069270 INFO S1: (term 1) follower 收到 [0] AppendEntries [], prevIndex 0, prevTerm 0
069270 INFO S2: (term 1) follower 收到 [0] AppendEntries [], prevIndex 0, prevTerm 0
069270 LEAD S0: 2 append success next 1 match 0
069270 LEAD S0: 1 append success next 1 match 0
069772 LEAD S0: prevLog &raft.Entry{Command:interface {}(nil), Term:0, Index:0}
069772 LEAD S0: prevLog &raft.Entry{Command:interface {}(nil), Term:0, Index:0}
069772 INFO S2: (term 1) follower 收到 [0] AppendEntries [], prevIndex 0, prevTerm 0
069772 INFO S1: (term 1) follower 收到 [0] AppendEntries [], prevIndex 0, prevTerm 0
069773 LEAD S0: 2 append success next 1 match 0
069773 LEAD S0: 1 append success next 1 match 0
070273 LEAD S0: prevLog &raft.Entry{Command:interface {}(nil), Term:0, Index:0}
070273 LEAD S0: prevLog &raft.Entry{Command:interface {}(nil), Term:0, Index:0}
070274 INFO S2: (term 1) follower 收到 [0] AppendEntries [], prevIndex 0, prevTerm 0
070274 INFO S1: (term 1) follower 收到 [0] AppendEntries [], prevIndex 0, prevTerm 0
070275 LEAD S0: 1 append success next 1 match 0
070275 LEAD S0: 2 append success next 1 match 0
070775 LEAD S0: prevLog &raft.Entry{Command:interface {}(nil), Term:0, Index:0}
070775 LEAD S0: prevLog &raft.Entry{Command:interface {}(nil), Term:0, Index:0}
070776 INFO S2: (term 1) follower 收到 [0] AppendEntries [], prevIndex 0, prevTerm 0
070776 LEAD S0: 2 append success next 1 match 0
070776 INFO S1: (term 1) follower 收到 [0] AppendEntries [], prevIndex 0, prevTerm 0
070777 LEAD S0: 1 append success next 1 match 0
071277 LEAD S0: prevLog &raft.Entry{Command:interface {}(nil), Term:0, Index:0}
071277 LEAD S0: prevLog &raft.Entry{Command:interface {}(nil), Term:0, Index:0}
071278 INFO S2: (term 1) follower 收到 [0] AppendEntries [], prevIndex 0, prevTerm 0
071278 INFO S1: (term 1) follower 收到 [0] AppendEntries [], prevIndex 0, prevTerm 0
071278 LEAD S0: 2 append success next 1 match 0
071278 LEAD S0: 1 append success next 1 match 0
071779 LEAD S0: prevLog &raft.Entry{Command:interface {}(nil), Term:0, Index:0}
071779 LEAD S0: prevLog &raft.Entry{Command:interface {}(nil), Term:0, Index:0}
071779 INFO S1: (term 1) follower 收到 [0] AppendEntries [], prevIndex 0, prevTerm 0
071780 INFO S2: (term 1) follower 收到 [0] AppendEntries [], prevIndex 0, prevTerm 0
071780 LEAD S0: 1 append success next 1 match 0
071780 LEAD S0: 2 append success next 1 match 0
072280 LEAD S0: prevLog &raft.Entry{Command:interface {}(nil), Term:0, Index:0}
072281 LEAD S0: prevLog &raft.Entry{Command:interface {}(nil), Term:0, Index:0}
072281 INFO S1: (term 1) follower 收到 [0] AppendEntries [], prevIndex 0, prevTerm 0
072281 INFO S2: (term 1) follower 收到 [0] AppendEntries [], prevIndex 0, prevTerm 0
072282 LEAD S0: 1 append success next 1 match 0
072283 LEAD S0: 2 append success next 1 match 0
072782 LEAD S0: prevLog &raft.Entry{Command:interface {}(nil), Term:0, Index:0}
072782 LEAD S0: prevLog &raft.Entry{Command:interface {}(nil), Term:0, Index:0}
072783 INFO S2: (term 1) follower 收到 [0] AppendEntries [], prevIndex 0, prevTerm 0
072783 INFO S1: (term 1) follower 收到 [0] AppendEntries [], prevIndex 0, prevTerm 0
072783 LEAD S0: 2 append success next 1 match 0
072783 LEAD S0: 1 append success next 1 match 0
073284 LEAD S0: prevLog &raft.Entry{Command:interface {}(nil), Term:0, Index:0}
073284 LEAD S0: prevLog &raft.Entry{Command:interface {}(nil), Term:0, Index:0}
073285 INFO S1: (term 1) follower 收到 [0] AppendEntries [], prevIndex 0, prevTerm 0
073285 INFO S2: (term 1) follower 收到 [0] AppendEntries [], prevIndex 0, prevTerm 0
073285 LEAD S0: 1 append success next 1 match 0
073285 LEAD S0: 2 append success next 1 match 0
073785 LEAD S0: prevLog &raft.Entry{Command:interface {}(nil), Term:0, Index:0}
073786 LEAD S0: prevLog &raft.Entry{Command:interface {}(nil), Term:0, Index:0}
073786 INFO S2: (term 1) follower 收到 [0] AppendEntries [], prevIndex 0, prevTerm 0
073786 LEAD S0: 2 append success next 1 match 0
073787 INFO S1: (term 1) follower 收到 [0] AppendEntries [], prevIndex 0, prevTerm 0
073787 LEAD S0: 1 append success next 1 match 0
074287 LEAD S0: prevLog &raft.Entry{Command:interface {}(nil), Term:0, Index:0}
074288 LEAD S0: prevLog &raft.Entry{Command:interface {}(nil), Term:0, Index:0}
074288 INFO S1: (term 1) follower 收到 [0] AppendEntries [], prevIndex 0, prevTerm 0
074289 INFO S2: (term 1) follower 收到 [0] AppendEntries [], prevIndex 0, prevTerm 0
074289 LEAD S0: 1 append success next 1 match 0
074289 LEAD S0: 2 append success next 1 match 0
074789 LEAD S0: prevLog &raft.Entry{Command:interface {}(nil), Term:0, Index:0}
074789 LEAD S0: prevLog &raft.Entry{Command:interface {}(nil), Term:0, Index:0}
074790 INFO S1: (term 1) follower 收到 [0] AppendEntries [], prevIndex 0, prevTerm 0
074790 INFO S2: (term 1) follower 收到 [0] AppendEntries [], prevIndex 0, prevTerm 0
074790 LEAD S0: 1 append success next 1 match 0
074790 LEAD S0: 2 append success next 1 match 0
075291 LEAD S0: prevLog &raft.Entry{Command:interface {}(nil), Term:0, Index:0}
075291 LEAD S0: prevLog &raft.Entry{Command:interface {}(nil), Term:0, Index:0}
075292 INFO S1: (term 1) follower 收到 [0] AppendEntries [], prevIndex 0, prevTerm 0
075292 INFO S2: (term 1) follower 收到 [0] AppendEntries [], prevIndex 0, prevTerm 0
075292 LEAD S0: 1 append success next 1 match 0
075292 LEAD S0: 2 append success next 1 match 0
075792 LEAD S0: prevLog &raft.Entry{Command:interface {}(nil), Term:0, Index:0}
075793 LEAD S0: prevLog &raft.Entry{Command:interface {}(nil), Term:0, Index:0}
075793 INFO S1: (term 1) follower 收到 [0] AppendEntries [], prevIndex 0, prevTerm 0
075793 INFO S2: (term 1) follower 收到 [0] AppendEntries [], prevIndex 0, prevTerm 0
075794 LEAD S0: 1 append success next 1 match 0
075794 LEAD S0: 2 append success next 1 match 0
076294 LEAD S0: prevLog &raft.Entry{Command:interface {}(nil), Term:0, Index:0}
076294 LEAD S0: prevLog &raft.Entry{Command:interface {}(nil), Term:0, Index:0}
076295 INFO S1: (term 1) follower 收到 [0] AppendEntries [], prevIndex 0, prevTerm 0
076295 INFO S2: (term 1) follower 收到 [0] AppendEntries [], prevIndex 0, prevTerm 0
076296 LEAD S0: 1 append success next 1 match 0
076296 LEAD S0: 2 append success next 1 match 0
076796 LEAD S0: prevLog &raft.Entry{Command:interface {}(nil), Term:0, Index:0}
076796 LEAD S0: prevLog &raft.Entry{Command:interface {}(nil), Term:0, Index:0}
076797 INFO S1: (term 1) follower 收到 [0] AppendEntries [], prevIndex 0, prevTerm 0
076797 INFO S2: (term 1) follower 收到 [0] AppendEntries [], prevIndex 0, prevTerm 0
076797 LEAD S0: 1 append success next 1 match 0
076798 LEAD S0: 2 append success next 1 match 0
077298 LEAD S0: prevLog &raft.Entry{Command:interface {}(nil), Term:0, Index:0}
077298 LEAD S0: prevLog &raft.Entry{Command:interface {}(nil), Term:0, Index:0}
077299 INFO S1: (term 1) follower 收到 [0] AppendEntries [], prevIndex 0, prevTerm 0
077299 INFO S2: (term 1) follower 收到 [0] AppendEntries [], prevIndex 0, prevTerm 0
077299 LEAD S0: 1 append success next 1 match 0
077299 LEAD S0: 2 append success next 1 match 0
077799 LEAD S0: prevLog &raft.Entry{Command:interface {}(nil), Term:0, Index:0}
077799 LEAD S0: prevLog &raft.Entry{Command:interface {}(nil), Term:0, Index:0}
077800 INFO S2: (term 1) follower 收到 [0] AppendEntries [], prevIndex 0, prevTerm 0
077800 LEAD S0: 2 append success next 1 match 0
077800 INFO S1: (term 1) follower 收到 [0] AppendEntries [], prevIndex 0, prevTerm 0
077801 LEAD S0: 1 append success next 1 match 0
078302 LEAD S0: prevLog &raft.Entry{Command:interface {}(nil), Term:0, Index:0}
078302 LEAD S0: prevLog &raft.Entry{Command:interface {}(nil), Term:0, Index:0}
078303 INFO S1: (term 1) follower 收到 [0] AppendEntries [], prevIndex 0, prevTerm 0
078303 INFO S2: (term 1) follower 收到 [0] AppendEntries [], prevIndex 0, prevTerm 0
078303 LEAD S0: 1 append success next 1 match 0
078303 LEAD S0: 2 append success next 1 match 0
078804 LEAD S0: prevLog &raft.Entry{Command:interface {}(nil), Term:0, Index:0}
078804 LEAD S0: prevLog &raft.Entry{Command:interface {}(nil), Term:0, Index:0}
078804 INFO S1: (term 1) follower 收到 [0] AppendEntries [], prevIndex 0, prevTerm 0
078805 INFO S2: (term 1) follower 收到 [0] AppendEntries [], prevIndex 0, prevTerm 0
078805 LEAD S0: 1 append success next 1 match 0
078805 LEAD S0: 2 append success next 1 match 0
079305 LEAD S0: prevLog &raft.Entry{Command:interface {}(nil), Term:0, Index:0}
079306 LEAD S0: prevLog &raft.Entry{Command:interface {}(nil), Term:0, Index:0}
079306 INFO S1: (term 1) follower 收到 [0] AppendEntries [], prevIndex 0, prevTerm 0
079306 INFO S2: (term 1) follower 收到 [0] AppendEntries [], prevIndex 0, prevTerm 0
079307 LEAD S0: 1 append success next 1 match 0
079307 LEAD S0: 2 append success next 1 match 0
079807 LEAD S0: prevLog &raft.Entry{Command:interface {}(nil), Term:0, Index:0}
079807 LEAD S0: prevLog &raft.Entry{Command:interface {}(nil), Term:0, Index:0}
079808 INFO S1: (term 1) follower 收到 [0] AppendEntries [], prevIndex 0, prevTerm 0
079808 INFO S2: (term 1) follower 收到 [0] AppendEntries [], prevIndex 0, prevTerm 0
079808 LEAD S0: 1 append success next 1 match 0
079808 LEAD S0: 2 append success next 1 match 0
080309 LEAD S0: prevLog &raft.Entry{Command:interface {}(nil), Term:0, Index:0}
080309 LEAD S0: prevLog &raft.Entry{Command:interface {}(nil), Term:0, Index:0}
080310 INFO S2: (term 1) follower 收到 [0] AppendEntries [], prevIndex 0, prevTerm 0
080310 INFO S1: (term 1) follower 收到 [0] AppendEntries [], prevIndex 0, prevTerm 0
080310 LEAD S0: 2 append success next 1 match 0
080310 LEAD S0: 1 append success next 1 match 0
080811 LEAD S0: prevLog &raft.Entry{Command:interface {}(nil), Term:0, Index:0}
080811 LEAD S0: prevLog &raft.Entry{Command:interface {}(nil), Term:0, Index:0}
080811 INFO S1: (term 1) follower 收到 [0] AppendEntries [], prevIndex 0, prevTerm 0
080811 INFO S2: (term 1) follower 收到 [0] AppendEntries [], prevIndex 0, prevTerm 0
080812 LEAD S0: 1 append success next 1 match 0
080812 LEAD S0: 2 append success next 1 match 0
081312 LEAD S0: prevLog &raft.Entry{Command:interface {}(nil), Term:0, Index:0}
081313 LEAD S0: prevLog &raft.Entry{Command:interface {}(nil), Term:0, Index:0}
081313 INFO S2: (term 1) follower 收到 [0] AppendEntries [], prevIndex 0, prevTerm 0
081313 INFO S1: (term 1) follower 收到 [0] AppendEntries [], prevIndex 0, prevTerm 0
081314 LEAD S0: 1 append success next 1 match 0
081314 LEAD S0: 2 append success next 1 match 0
081815 LEAD S0: prevLog &raft.Entry{Command:interface {}(nil), Term:0, Index:0}
081815 LEAD S0: prevLog &raft.Entry{Command:interface {}(nil), Term:0, Index:0}
081816 INFO S1: (term 1) follower 收到 [0] AppendEntries [], prevIndex 0, prevTerm 0
081816 INFO S2: (term 1) follower 收到 [0] AppendEntries [], prevIndex 0, prevTerm 0
081816 LEAD S0: 2 append success next 1 match 0
081816 LEAD S0: 1 append success next 1 match 0
082317 LEAD S0: prevLog &raft.Entry{Command:interface {}(nil), Term:0, Index:0}
082317 LEAD S0: prevLog &raft.Entry{Command:interface {}(nil), Term:0, Index:0}
082318 INFO S1: (term 1) follower 收到 [0] AppendEntries [], prevIndex 0, prevTerm 0
082318 INFO S2: (term 1) follower 收到 [0] AppendEntries [], prevIndex 0, prevTerm 0
082318 LEAD S0: 2 append success next 1 match 0
082318 LEAD S0: 1 append success next 1 match 0
082818 LEAD S0: prevLog &raft.Entry{Command:interface {}(nil), Term:0, Index:0}
082819 LEAD S0: prevLog &raft.Entry{Command:interface {}(nil), Term:0, Index:0}
082819 INFO S1: (term 1) follower 收到 [0] AppendEntries [], prevIndex 0, prevTerm 0
082819 INFO S2: (term 1) follower 收到 [0] AppendEntries [], prevIndex 0, prevTerm 0
082820 LEAD S0: 1 append success next 1 match 0
082820 LEAD S0: 2 append success next 1 match 0
083320 LEAD S0: prevLog &raft.Entry{Command:interface {}(nil), Term:0, Index:0}
083320 LEAD S0: prevLog &raft.Entry{Command:interface {}(nil), Term:0, Index:0}
083321 INFO S2: (term 1) follower 收到 [0] AppendEntries [], prevIndex 0, prevTerm 0
083321 LEAD S0: 2 append success next 1 match 0
083321 INFO S1: (term 1) follower 收到 [0] AppendEntries [], prevIndex 0, prevTerm 0
083322 LEAD S0: 1 append success next 1 match 0
083823 LEAD S0: prevLog &raft.Entry{Command:interface {}(nil), Term:0, Index:0}
083823 LEAD S0: prevLog &raft.Entry{Command:interface {}(nil), Term:0, Index:0}
083824 INFO S1: (term 1) follower 收到 [0] AppendEntries [], prevIndex 0, prevTerm 0
083824 INFO S2: (term 1) follower 收到 [0] AppendEntries [], prevIndex 0, prevTerm 0
083824 LEAD S0: 2 append success next 1 match 0
083824 LEAD S0: 1 append success next 1 match 0
084325 LEAD S0: prevLog &raft.Entry{Command:interface {}(nil), Term:0, Index:0}
084325 LEAD S0: prevLog &raft.Entry{Command:interface {}(nil), Term:0, Index:0}
084325 INFO S2: (term 1) follower 收到 [0] AppendEntries [], prevIndex 0, prevTerm 0
084326 LEAD S0: 2 append success next 1 match 0
084326 INFO S1: (term 1) follower 收到 [0] AppendEntries [], prevIndex 0, prevTerm 0
084327 LEAD S0: 1 append success next 1 match 0
084826 LEAD S0: prevLog &raft.Entry{Command:interface {}(nil), Term:0, Index:0}
084826 LEAD S0: prevLog &raft.Entry{Command:interface {}(nil), Term:0, Index:0}
084827 INFO S1: (term 1) follower 收到 [0] AppendEntries [], prevIndex 0, prevTerm 0
084827 LEAD S0: 1 append success next 1 match 0
084827 INFO S2: (term 1) follower 收到 [0] AppendEntries [], prevIndex 0, prevTerm 0
084828 LEAD S0: 2 append success next 1 match 0
085329 LEAD S0: prevLog &raft.Entry{Command:interface {}(nil), Term:0, Index:0}
085329 LEAD S0: prevLog &raft.Entry{Command:interface {}(nil), Term:0, Index:0}
085330 INFO S2: (term 1) follower 收到 [0] AppendEntries [], prevIndex 0, prevTerm 0
085331 INFO S1: (term 1) follower 收到 [0] AppendEntries [], prevIndex 0, prevTerm 0
085331 LEAD S0: 2 append success next 1 match 0
085331 LEAD S0: 1 append success next 1 match 0
085831 LEAD S0: prevLog &raft.Entry{Command:interface {}(nil), Term:0, Index:0}
085832 LEAD S0: prevLog &raft.Entry{Command:interface {}(nil), Term:0, Index:0}
085833 INFO S2: (term 1) follower 收到 [0] AppendEntries [], prevIndex 0, prevTerm 0
085834 LEAD S0: 2 append success next 1 match 0
085833 INFO S1: (term 1) follower 收到 [0] AppendEntries [], prevIndex 0, prevTerm 0
085834 LEAD S0: 1 append success next 1 match 0
086333 LEAD S0: prevLog &raft.Entry{Command:interface {}(nil), Term:0, Index:0}
086334 LEAD S0: prevLog &raft.Entry{Command:interface {}(nil), Term:0, Index:0}
086334 INFO S1: (term 1) follower 收到 [0] AppendEntries [], prevIndex 0, prevTerm 0
086334 INFO S2: (term 1) follower 收到 [0] AppendEntries [], prevIndex 0, prevTerm 0
086335 LEAD S0: 1 append success next 1 match 0
086335 LEAD S0: 2 append success next 1 match 0
086835 LEAD S0: prevLog &raft.Entry{Command:interface {}(nil), Term:0, Index:0}
086835 LEAD S0: prevLog &raft.Entry{Command:interface {}(nil), Term:0, Index:0}
086836 INFO S2: (term 1) follower 收到 [0] AppendEntries [], prevIndex 0, prevTerm 0
086836 INFO S1: (term 1) follower 收到 [0] AppendEntries [], prevIndex 0, prevTerm 0
086836 LEAD S0: 2 append success next 1 match 0
086836 LEAD S0: 1 append success next 1 match 0
087337 LEAD S0: prevLog &raft.Entry{Command:interface {}(nil), Term:0, Index:0}
087337 LEAD S0: prevLog &raft.Entry{Command:interface {}(nil), Term:0, Index:0}
087337 INFO S2: (term 1) follower 收到 [0] AppendEntries [], prevIndex 0, prevTerm 0
087338 LEAD S0: 2 append success next 1 match 0
087338 INFO S1: (term 1) follower 收到 [0] AppendEntries [], prevIndex 0, prevTerm 0
087338 LEAD S0: 1 append success next 1 match 0
087838 LEAD S0: prevLog &raft.Entry{Command:interface {}(nil), Term:0, Index:0}
087838 LEAD S0: prevLog &raft.Entry{Command:interface {}(nil), Term:0, Index:0}
087839 INFO S1: (term 1) follower 收到 [0] AppendEntries [], prevIndex 0, prevTerm 0
087840 LEAD S0: 1 append success next 1 match 0
087840 INFO S2: (term 1) follower 收到 [0] AppendEntries [], prevIndex 0, prevTerm 0
087840 LEAD S0: 2 append success next 1 match 0
088340 LEAD S0: prevLog &raft.Entry{Command:interface {}(nil), Term:0, Index:0}
088340 LEAD S0: prevLog &raft.Entry{Command:interface {}(nil), Term:0, Index:0}
088341 INFO S1: (term 1) follower 收到 [0] AppendEntries [], prevIndex 0, prevTerm 0
088341 INFO S2: (term 1) follower 收到 [0] AppendEntries [], prevIndex 0, prevTerm 0
088341 LEAD S0: 1 append success next 1 match 0
088341 LEAD S0: 2 append success next 1 match 0
088842 LEAD S0: prevLog &raft.Entry{Command:interface {}(nil), Term:0, Index:0}
088842 LEAD S0: prevLog &raft.Entry{Command:interface {}(nil), Term:0, Index:0}
088843 INFO S1: (term 1) follower 收到 [0] AppendEntries [], prevIndex 0, prevTerm 0
088843 INFO S2: (term 1) follower 收到 [0] AppendEntries [], prevIndex 0, prevTerm 0
088843 LEAD S0: 1 append success next 1 match 0
088843 LEAD S0: 2 append success next 1 match 0
089344 LEAD S0: prevLog &raft.Entry{Command:interface {}(nil), Term:0, Index:0}
089344 LEAD S0: prevLog &raft.Entry{Command:interface {}(nil), Term:0, Index:0}
089345 INFO S2: (term 1) follower 收到 [0] AppendEntries [], prevIndex 0, prevTerm 0
089345 LEAD S0: 2 append success next 1 match 0
089345 INFO S1: (term 1) follower 收到 [0] AppendEntries [], prevIndex 0, prevTerm 0
089346 LEAD S0: 1 append success next 1 match 0
089846 LEAD S0: prevLog &raft.Entry{Command:interface {}(nil), Term:0, Index:0}
089846 LEAD S0: prevLog &raft.Entry{Command:interface {}(nil), Term:0, Index:0}
089846 INFO S2: (term 1) follower 收到 [0] AppendEntries [], prevIndex 0, prevTerm 0
089847 LEAD S0: 2 append success next 1 match 0
089847 INFO S1: (term 1) follower 收到 [0] AppendEntries [], prevIndex 0, prevTerm 0
089847 LEAD S0: 1 append success next 1 match 0
090349 LEAD S0: prevLog &raft.Entry{Command:interface {}(nil), Term:0, Index:0}
090350 LEAD S0: prevLog &raft.Entry{Command:interface {}(nil), Term:0, Index:0}
090351 INFO S2: (term 1) follower 收到 [0] AppendEntries [], prevIndex 0, prevTerm 0
090351 LEAD S0: 2 append success next 1 match 0
090351 INFO S1: (term 1) follower 收到 [0] AppendEntries [], prevIndex 0, prevTerm 0
090352 LEAD S0: 1 append success next 1 match 0
090853 LEAD S0: prevLog &raft.Entry{Command:interface {}(nil), Term:0, Index:0}
090853 LEAD S0: prevLog &raft.Entry{Command:interface {}(nil), Term:0, Index:0}
090854 INFO S1: (term 1) follower 收到 [0] AppendEntries [], prevIndex 0, prevTerm 0
090854 INFO S2: (term 1) follower 收到 [0] AppendEntries [], prevIndex 0, prevTerm 0
090854 LEAD S0: 1 append success next 1 match 0
090854 LEAD S0: 2 append success next 1 match 0
091354 LEAD S0: prevLog &raft.Entry{Command:interface {}(nil), Term:0, Index:0}
091355 LEAD S0: prevLog &raft.Entry{Command:interface {}(nil), Term:0, Index:0}
091355 INFO S1: (term 1) follower 收到 [0] AppendEntries [], prevIndex 0, prevTerm 0
091355 INFO S2: (term 1) follower 收到 [0] AppendEntries [], prevIndex 0, prevTerm 0
091355 LEAD S0: 1 append success next 1 match 0
091356 LEAD S0: 2 append success next 1 match 0
091856 LEAD S0: prevLog &raft.Entry{Command:interface {}(nil), Term:0, Index:0}
091856 LEAD S0: prevLog &raft.Entry{Command:interface {}(nil), Term:0, Index:0}
091857 INFO S2: (term 1) follower 收到 [0] AppendEntries [], prevIndex 0, prevTerm 0
091857 INFO S1: (term 1) follower 收到 [0] AppendEntries [], prevIndex 0, prevTerm 0
091857 LEAD S0: 2 append success next 1 match 0
091857 LEAD S0: 1 append success next 1 match 0
092359 LEAD S0: prevLog &raft.Entry{Command:interface {}(nil), Term:0, Index:0}
092359 LEAD S0: prevLog &raft.Entry{Command:interface {}(nil), Term:0, Index:0}
092360 INFO S1: (term 1) follower 收到 [0] AppendEntries [], prevIndex 0, prevTerm 0
092360 INFO S2: (term 1) follower 收到 [0] AppendEntries [], prevIndex 0, prevTerm 0
092360 LEAD S0: 1 append success next 1 match 0
092360 LEAD S0: 2 append success next 1 match 0
092860 LEAD S0: prevLog &raft.Entry{Command:interface {}(nil), Term:0, Index:0}
092860 LEAD S0: prevLog &raft.Entry{Command:interface {}(nil), Term:0, Index:0}
092861 INFO S2: (term 1) follower 收到 [0] AppendEntries [], prevIndex 0, prevTerm 0
092861 LEAD S0: 2 append success next 1 match 0
092862 INFO S1: (term 1) follower 收到 [0] AppendEntries [], prevIndex 0, prevTerm 0
092862 LEAD S0: 1 append success next 1 match 0
093362 LEAD S0: prevLog &raft.Entry{Command:interface {}(nil), Term:0, Index:0}
093362 LEAD S0: prevLog &raft.Entry{Command:interface {}(nil), Term:0, Index:0}
093363 INFO S2: (term 1) follower 收到 [0] AppendEntries [], prevIndex 0, prevTerm 0
093363 LEAD S0: 2 append success next 1 match 0
093363 INFO S1: (term 1) follower 收到 [0] AppendEntries [], prevIndex 0, prevTerm 0
093363 LEAD S0: 1 append success next 1 match 0
093863 LEAD S0: prevLog &raft.Entry{Command:interface {}(nil), Term:0, Index:0}
093863 LEAD S0: prevLog &raft.Entry{Command:interface {}(nil), Term:0, Index:0}
093864 INFO S1: (term 1) follower 收到 [0] AppendEntries [], prevIndex 0, prevTerm 0
093864 INFO S2: (term 1) follower 收到 [0] AppendEntries [], prevIndex 0, prevTerm 0
093864 LEAD S0: 2 append success next 1 match 0
093864 LEAD S0: 1 append success next 1 match 0
094364 LEAD S0: prevLog &raft.Entry{Command:interface {}(nil), Term:0, Index:0}
094365 LEAD S0: prevLog &raft.Entry{Command:interface {}(nil), Term:0, Index:0}
094365 INFO S2: (term 1) follower 收到 [0] AppendEntries [], prevIndex 0, prevTerm 0
094365 INFO S1: (term 1) follower 收到 [0] AppendEntries [], prevIndex 0, prevTerm 0
094366 LEAD S0: 2 append success next 1 match 0
094366 LEAD S0: 1 append success next 1 match 0
094866 LEAD S0: prevLog &raft.Entry{Command:interface {}(nil), Term:0, Index:0}
094866 LEAD S0: prevLog &raft.Entry{Command:interface {}(nil), Term:0, Index:0}
094867 INFO S2: (term 1) follower 收到 [0] AppendEntries [], prevIndex 0, prevTerm 0
094867 INFO S1: (term 1) follower 收到 [0] AppendEntries [], prevIndex 0, prevTerm 0
094867 LEAD S0: 2 append success next 1 match 0
094867 LEAD S0: 1 append success next 1 match 0
095368 LEAD S0: prevLog &raft.Entry{Command:interface {}(nil), Term:0, Index:0}
095368 LEAD S0: prevLog &raft.Entry{Command:interface {}(nil), Term:0, Index:0}
095369 INFO S1: (term 1) follower 收到 [0] AppendEntries [], prevIndex 0, prevTerm 0
095369 LEAD S0: 1 append success next 1 match 0
095369 INFO S2: (term 1) follower 收到 [0] AppendEntries [], prevIndex 0, prevTerm 0
095370 LEAD S0: 2 append success next 1 match 0
095871 LEAD S0: prevLog &raft.Entry{Command:interface {}(nil), Term:0, Index:0}
095871 LEAD S0: prevLog &raft.Entry{Command:interface {}(nil), Term:0, Index:0}
095872 INFO S2: (term 1) follower 收到 [0] AppendEntries [], prevIndex 0, prevTerm 0
095872 INFO S1: (term 1) follower 收到 [0] AppendEntries [], prevIndex 0, prevTerm 0
095872 LEAD S0: 2 append success next 1 match 0
095872 LEAD S0: 1 append success next 1 match 0
096372 LEAD S0: prevLog &raft.Entry{Command:interface {}(nil), Term:0, Index:0}
096372 LEAD S0: prevLog &raft.Entry{Command:interface {}(nil), Term:0, Index:0}
096373 INFO S1: (term 1) follower 收到 [0] AppendEntries [], prevIndex 0, prevTerm 0
096373 INFO S2: (term 1) follower 收到 [0] AppendEntries [], prevIndex 0, prevTerm 0
096373 LEAD S0: 1 append success next 1 match 0
096373 LEAD S0: 2 append success next 1 match 0
096875 LEAD S0: prevLog &raft.Entry{Command:interface {}(nil), Term:0, Index:0}
096875 LEAD S0: prevLog &raft.Entry{Command:interface {}(nil), Term:0, Index:0}
096876 INFO S1: (term 1) follower 收到 [0] AppendEntries [], prevIndex 0, prevTerm 0
096876 INFO S2: (term 1) follower 收到 [0] AppendEntries [], prevIndex 0, prevTerm 0
096876 LEAD S0: 1 append success next 1 match 0
096876 LEAD S0: 2 append success next 1 match 0
097376 LEAD S0: prevLog &raft.Entry{Command:interface {}(nil), Term:0, Index:0}
097377 LEAD S0: prevLog &raft.Entry{Command:interface {}(nil), Term:0, Index:0}
097377 INFO S1: (term 1) follower 收到 [0] AppendEntries [], prevIndex 0, prevTerm 0
097377 INFO S2: (term 1) follower 收到 [0] AppendEntries [], prevIndex 0, prevTerm 0
097378 LEAD S0: 2 append success next 1 match 0
097378 LEAD S0: 1 append success next 1 match 0
097878 LEAD S0: prevLog &raft.Entry{Command:interface {}(nil), Term:0, Index:0}
097878 LEAD S0: prevLog &raft.Entry{Command:interface {}(nil), Term:0, Index:0}
097879 INFO S1: (term 1) follower 收到 [0] AppendEntries [], prevIndex 0, prevTerm 0
097879 INFO S2: (term 1) follower 收到 [0] AppendEntries [], prevIndex 0, prevTerm 0
097880 LEAD S0: 1 append success next 1 match 0
097880 LEAD S0: 2 append success next 1 match 0
098380 LEAD S0: prevLog &raft.Entry{Command:interface {}(nil), Term:0, Index:0}
098380 LEAD S0: prevLog &raft.Entry{Command:interface {}(nil), Term:0, Index:0}
098381 INFO S1: (term 1) follower 收到 [0] AppendEntries [], prevIndex 0, prevTerm 0
098381 INFO S2: (term 1) follower 收到 [0] AppendEntries [], prevIndex 0, prevTerm 0
098381 LEAD S0: 1 append success next 1 match 0
098381 LEAD S0: 2 append success next 1 match 0
098882 LEAD S0: prevLog &raft.Entry{Command:interface {}(nil), Term:0, Index:0}
098882 LEAD S0: prevLog &raft.Entry{Command:interface {}(nil), Term:0, Index:0}
098883 INFO S1: (term 1) follower 收到 [0] AppendEntries [], prevIndex 0, prevTerm 0
098883 INFO S2: (term 1) follower 收到 [0] AppendEntries [], prevIndex 0, prevTerm 0
098883 LEAD S0: 1 append success next 1 match 0
098883 LEAD S0: 2 append success next 1 match 0
099383 LEAD S0: prevLog &raft.Entry{Command:interface {}(nil), Term:0, Index:0}
099383 LEAD S0: prevLog &raft.Entry{Command:interface {}(nil), Term:0, Index:0}
099384 INFO S1: (term 1) follower 收到 [0] AppendEntries [], prevIndex 0, prevTerm 0
099384 INFO S2: (term 1) follower 收到 [0] AppendEntries [], prevIndex 0, prevTerm 0
099385 LEAD S0: 1 append success next 1 match 0
099385 LEAD S0: 2 append success next 1 match 0
099885 LEAD S0: prevLog &raft.Entry{Command:interface {}(nil), Term:0, Index:0}
099885 LEAD S0: prevLog &raft.Entry{Command:interface {}(nil), Term:0, Index:0}
099886 INFO S1: (term 1) follower 收到 [0] AppendEntries [], prevIndex 0, prevTerm 0
099886 INFO S2: (term 1) follower 收到 [0] AppendEntries [], prevIndex 0, prevTerm 0
099886 LEAD S0: 1 append success next 1 match 0
099886 LEAD S0: 2 append success next 1 match 0
--- FAIL: TestPersist12C (10.04s)
    config.go:609: one(11) failed to reach agreement
100387 LEAD S0: prevLog &raft.Entry{Command:interface {}(nil), Term:0, Index:0}
100387 LEAD S0: prevLog &raft.Entry{Command:interface {}(nil), Term:0, Index:0}
FAIL
exit status 1
FAIL	6.824/raft	10.040s
