Test (2C): basic persistence ...
002509 INFO S2: start leader election, term 1
002509 INFO S0: start leader election, term 1
002510 VOTE S0: term 1 send vote request to 2
002510 VOTE S2: term 1 send vote request to 1
002510 VOTE S2: term 1 send vote request to 0
002510 VOTE S0: term 1 send vote request to 1
002511 VOTE S2: 0 没有投给me，结束
002512 VOTE S0: 2 没有投给me，结束
002512 TERM S1: set new term 1
002512 VOTE S1: term 1 vote 0
002512 VOTE S0: reply from 1, term一致，且投给0
002512 VOTE S2: 1 没有投给me，结束
002512 LEAD S0: come to power, start to send heartbeat
002512 LEAD S0: prevLog &raft.Entry{Command:interface {}(nil), Term:0, Index:0}
002512 LEAD S0: prevLog &raft.Entry{Command:interface {}(nil), Term:0, Index:0}
002513 INFO S2: (term 1) follower 收到 [0] AppendEntries [], prevIndex 0, prevTerm 0
002513 LEAD S0: 2 append success next 1 match 0
002514 INFO S1: (term 1) follower 收到 [0] AppendEntries [], prevIndex 0, prevTerm 0
002514 LEAD S0: 1 append success next 1 match 0
003011 LEAD S0: prevLog &raft.Entry{Command:interface {}(nil), Term:0, Index:0}
003011 LEAD S0: prevLog &raft.Entry{Command:interface {}(nil), Term:0, Index:0}
003012 INFO S1: (term 1) follower 收到 [0] AppendEntries [], prevIndex 0, prevTerm 0
003012 LEAD S0: 1 append success next 1 match 0
003012 INFO S2: (term 1) follower 收到 [0] AppendEntries [], prevIndex 0, prevTerm 0
003013 LEAD S0: 2 append success next 1 match 0
003512 LEAD S0: prevLog &raft.Entry{Command:interface {}(nil), Term:0, Index:0}
003513 LEAD S0: prevLog &raft.Entry{Command:interface {}(nil), Term:0, Index:0}
003513 INFO S1: (term 1) follower 收到 [0] AppendEntries [], prevIndex 0, prevTerm 0
003514 LEAD S0: 1 append success next 1 match 0
003514 INFO S2: (term 1) follower 收到 [0] AppendEntries [], prevIndex 0, prevTerm 0
003514 LEAD S0: 2 append success next 1 match 0
004014 LEAD S0: prevLog &raft.Entry{Command:interface {}(nil), Term:0, Index:0}
004015 LEAD S0: prevLog &raft.Entry{Command:interface {}(nil), Term:0, Index:0}
004015 INFO S2: (term 1) follower 收到 [0] AppendEntries [], prevIndex 0, prevTerm 0
004015 INFO S1: (term 1) follower 收到 [0] AppendEntries [], prevIndex 0, prevTerm 0
004016 LEAD S0: 2 append success next 1 match 0
004016 LEAD S0: 1 append success next 1 match 0
004516 LEAD S0: prevLog &raft.Entry{Command:interface {}(nil), Term:0, Index:0}
004516 LEAD S0: prevLog &raft.Entry{Command:interface {}(nil), Term:0, Index:0}
004517 INFO S1: (term 1) follower 收到 [0] AppendEntries [], prevIndex 0, prevTerm 0
004517 INFO S2: (term 1) follower 收到 [0] AppendEntries [], prevIndex 0, prevTerm 0
004518 LEAD S0: 1 append success next 1 match 0
004518 LEAD S0: 2 append success next 1 match 0
005018 LEAD S0: prevLog &raft.Entry{Command:interface {}(nil), Term:0, Index:0}
005018 LEAD S0: prevLog &raft.Entry{Command:interface {}(nil), Term:0, Index:0}
005019 INFO S1: (term 1) follower 收到 [0] AppendEntries [], prevIndex 0, prevTerm 0
005019 INFO S2: (term 1) follower 收到 [0] AppendEntries [], prevIndex 0, prevTerm 0
005019 LEAD S0: 1 append success next 1 match 0
005019 LEAD S0: 2 append success next 1 match 0
005519 LEAD S0: prevLog &raft.Entry{Command:interface {}(nil), Term:0, Index:0}
005519 LEAD S0: prevLog &raft.Entry{Command:interface {}(nil), Term:0, Index:0}
005520 INFO S2: (term 1) follower 收到 [0] AppendEntries [], prevIndex 0, prevTerm 0
005521 LEAD S0: 2 append success next 1 match 0
005521 INFO S1: (term 1) follower 收到 [0] AppendEntries [], prevIndex 0, prevTerm 0
005521 LEAD S0: 1 append success next 1 match 0
006021 LEAD S0: prevLog &raft.Entry{Command:interface {}(nil), Term:0, Index:0}
006021 LEAD S0: prevLog &raft.Entry{Command:interface {}(nil), Term:0, Index:0}
006022 INFO S1: (term 1) follower 收到 [0] AppendEntries [], prevIndex 0, prevTerm 0
006022 INFO S2: (term 1) follower 收到 [0] AppendEntries [], prevIndex 0, prevTerm 0
006022 LEAD S0: 1 append success next 1 match 0
006022 LEAD S0: 2 append success next 1 match 0
006523 LEAD S0: prevLog &raft.Entry{Command:interface {}(nil), Term:0, Index:0}
006523 LEAD S0: prevLog &raft.Entry{Command:interface {}(nil), Term:0, Index:0}
006524 INFO S2: (term 1) follower 收到 [0] AppendEntries [], prevIndex 0, prevTerm 0
006524 LEAD S0: 2 append success next 1 match 0
006524 INFO S1: (term 1) follower 收到 [0] AppendEntries [], prevIndex 0, prevTerm 0
006525 LEAD S0: 1 append success next 1 match 0
007025 LEAD S0: prevLog &raft.Entry{Command:interface {}(nil), Term:0, Index:0}
007025 LEAD S0: prevLog &raft.Entry{Command:interface {}(nil), Term:0, Index:0}
007026 INFO S1: (term 1) follower 收到 [0] AppendEntries [], prevIndex 0, prevTerm 0
007026 INFO S2: (term 1) follower 收到 [0] AppendEntries [], prevIndex 0, prevTerm 0
007026 LEAD S0: 2 append success next 1 match 0
007026 LEAD S0: 1 append success next 1 match 0
007526 LEAD S0: prevLog &raft.Entry{Command:interface {}(nil), Term:0, Index:0}
007526 LEAD S0: prevLog &raft.Entry{Command:interface {}(nil), Term:0, Index:0}
007527 INFO S2: (term 1) follower 收到 [0] AppendEntries [], prevIndex 0, prevTerm 0
007527 INFO S1: (term 1) follower 收到 [0] AppendEntries [], prevIndex 0, prevTerm 0
007528 LEAD S0: 2 append success next 1 match 0
007528 LEAD S0: 1 append success next 1 match 0
008028 LEAD S0: prevLog &raft.Entry{Command:interface {}(nil), Term:0, Index:0}
008028 LEAD S0: prevLog &raft.Entry{Command:interface {}(nil), Term:0, Index:0}
008029 INFO S1: (term 1) follower 收到 [0] AppendEntries [], prevIndex 0, prevTerm 0
008029 INFO S2: (term 1) follower 收到 [0] AppendEntries [], prevIndex 0, prevTerm 0
008030 LEAD S0: 2 append success next 1 match 0
008030 LEAD S0: 1 append success next 1 match 0
008530 LEAD S0: prevLog &raft.Entry{Command:interface {}(nil), Term:0, Index:0}
008530 LEAD S0: prevLog &raft.Entry{Command:interface {}(nil), Term:0, Index:0}
008530 INFO S2: (term 1) follower 收到 [0] AppendEntries [], prevIndex 0, prevTerm 0
008531 INFO S1: (term 1) follower 收到 [0] AppendEntries [], prevIndex 0, prevTerm 0
008531 LEAD S0: 2 append success next 1 match 0
008531 LEAD S0: 1 append success next 1 match 0
009031 LEAD S0: prevLog &raft.Entry{Command:interface {}(nil), Term:0, Index:0}
009031 LEAD S0: prevLog &raft.Entry{Command:interface {}(nil), Term:0, Index:0}
009032 INFO S2: (term 1) follower 收到 [0] AppendEntries [], prevIndex 0, prevTerm 0
009033 LEAD S0: 2 append success next 1 match 0
009032 INFO S1: (term 1) follower 收到 [0] AppendEntries [], prevIndex 0, prevTerm 0
009033 LEAD S0: 1 append success next 1 match 0
009533 LEAD S0: prevLog &raft.Entry{Command:interface {}(nil), Term:0, Index:0}
009533 LEAD S0: prevLog &raft.Entry{Command:interface {}(nil), Term:0, Index:0}
009534 INFO S1: (term 1) follower 收到 [0] AppendEntries [], prevIndex 0, prevTerm 0
009535 LEAD S0: 1 append success next 1 match 0
009534 INFO S2: (term 1) follower 收到 [0] AppendEntries [], prevIndex 0, prevTerm 0
009535 LEAD S0: 2 append success next 1 match 0
010035 LEAD S0: prevLog &raft.Entry{Command:interface {}(nil), Term:0, Index:0}
010035 LEAD S0: prevLog &raft.Entry{Command:interface {}(nil), Term:0, Index:0}
010036 INFO S1: (term 1) follower 收到 [0] AppendEntries [], prevIndex 0, prevTerm 0
010036 INFO S2: (term 1) follower 收到 [0] AppendEntries [], prevIndex 0, prevTerm 0
010036 LEAD S0: 1 append success next 1 match 0
010036 LEAD S0: 2 append success next 1 match 0
010536 LEAD S0: prevLog &raft.Entry{Command:interface {}(nil), Term:0, Index:0}
010536 LEAD S0: prevLog &raft.Entry{Command:interface {}(nil), Term:0, Index:0}
010537 INFO S2: (term 1) follower 收到 [0] AppendEntries [], prevIndex 0, prevTerm 0
010537 INFO S1: (term 1) follower 收到 [0] AppendEntries [], prevIndex 0, prevTerm 0
010537 LEAD S0: 1 append success next 1 match 0
010538 LEAD S0: 2 append success next 1 match 0
011039 LEAD S0: prevLog &raft.Entry{Command:interface {}(nil), Term:0, Index:0}
011039 LEAD S0: prevLog &raft.Entry{Command:interface {}(nil), Term:0, Index:0}
011039 INFO S2: (term 1) follower 收到 [0] AppendEntries [], prevIndex 0, prevTerm 0
011040 LEAD S0: 2 append success next 1 match 0
011040 INFO S1: (term 1) follower 收到 [0] AppendEntries [], prevIndex 0, prevTerm 0
011040 LEAD S0: 1 append success next 1 match 0
011540 LEAD S0: prevLog &raft.Entry{Command:interface {}(nil), Term:0, Index:0}
011540 LEAD S0: prevLog &raft.Entry{Command:interface {}(nil), Term:0, Index:0}
011541 INFO S1: (term 1) follower 收到 [0] AppendEntries [], prevIndex 0, prevTerm 0
011541 INFO S2: (term 1) follower 收到 [0] AppendEntries [], prevIndex 0, prevTerm 0
011541 LEAD S0: 1 append success next 1 match 0
011542 LEAD S0: 2 append success next 1 match 0
012042 LEAD S0: prevLog &raft.Entry{Command:interface {}(nil), Term:0, Index:0}
012042 LEAD S0: prevLog &raft.Entry{Command:interface {}(nil), Term:0, Index:0}
012043 INFO S1: (term 1) follower 收到 [0] AppendEntries [], prevIndex 0, prevTerm 0
012043 INFO S2: (term 1) follower 收到 [0] AppendEntries [], prevIndex 0, prevTerm 0
012043 LEAD S0: 1 append success next 1 match 0
012043 LEAD S0: 2 append success next 1 match 0
012544 LEAD S0: prevLog &raft.Entry{Command:interface {}(nil), Term:0, Index:0}
012544 LEAD S0: prevLog &raft.Entry{Command:interface {}(nil), Term:0, Index:0}
012544 INFO S1: (term 1) follower 收到 [0] AppendEntries [], prevIndex 0, prevTerm 0
012544 INFO S2: (term 1) follower 收到 [0] AppendEntries [], prevIndex 0, prevTerm 0
012545 LEAD S0: 1 append success next 1 match 0
012545 LEAD S0: 2 append success next 1 match 0
013046 LEAD S0: prevLog &raft.Entry{Command:interface {}(nil), Term:0, Index:0}
013046 LEAD S0: prevLog &raft.Entry{Command:interface {}(nil), Term:0, Index:0}
013047 INFO S2: (term 1) follower 收到 [0] AppendEntries [], prevIndex 0, prevTerm 0
013047 INFO S1: (term 1) follower 收到 [0] AppendEntries [], prevIndex 0, prevTerm 0
013047 LEAD S0: 2 append success next 1 match 0
013048 LEAD S0: 1 append success next 1 match 0
013548 LEAD S0: prevLog &raft.Entry{Command:interface {}(nil), Term:0, Index:0}
013548 LEAD S0: prevLog &raft.Entry{Command:interface {}(nil), Term:0, Index:0}
013549 INFO S2: (term 1) follower 收到 [0] AppendEntries [], prevIndex 0, prevTerm 0
013549 LEAD S0: 2 append success next 1 match 0
013549 INFO S1: (term 1) follower 收到 [0] AppendEntries [], prevIndex 0, prevTerm 0
013549 LEAD S0: 1 append success next 1 match 0
014049 LEAD S0: prevLog &raft.Entry{Command:interface {}(nil), Term:0, Index:0}
014049 LEAD S0: prevLog &raft.Entry{Command:interface {}(nil), Term:0, Index:0}
014050 INFO S2: (term 1) follower 收到 [0] AppendEntries [], prevIndex 0, prevTerm 0
014050 INFO S1: (term 1) follower 收到 [0] AppendEntries [], prevIndex 0, prevTerm 0
014050 LEAD S0: 2 append success next 1 match 0
014051 LEAD S0: 1 append success next 1 match 0
014551 LEAD S0: prevLog &raft.Entry{Command:interface {}(nil), Term:0, Index:0}
014551 LEAD S0: prevLog &raft.Entry{Command:interface {}(nil), Term:0, Index:0}
014551 INFO S2: (term 1) follower 收到 [0] AppendEntries [], prevIndex 0, prevTerm 0
014551 INFO S1: (term 1) follower 收到 [0] AppendEntries [], prevIndex 0, prevTerm 0
014552 LEAD S0: 2 append success next 1 match 0
014552 LEAD S0: 1 append success next 1 match 0
015053 LEAD S0: prevLog &raft.Entry{Command:interface {}(nil), Term:0, Index:0}
015053 LEAD S0: prevLog &raft.Entry{Command:interface {}(nil), Term:0, Index:0}
015054 INFO S1: (term 1) follower 收到 [0] AppendEntries [], prevIndex 0, prevTerm 0
015054 LEAD S0: 1 append success next 1 match 0
015054 INFO S2: (term 1) follower 收到 [0] AppendEntries [], prevIndex 0, prevTerm 0
015054 LEAD S0: 2 append success next 1 match 0
015555 LEAD S0: prevLog &raft.Entry{Command:interface {}(nil), Term:0, Index:0}
015555 LEAD S0: prevLog &raft.Entry{Command:interface {}(nil), Term:0, Index:0}
015556 INFO S2: (term 1) follower 收到 [0] AppendEntries [], prevIndex 0, prevTerm 0
015556 LEAD S0: 2 append success next 1 match 0
015556 INFO S1: (term 1) follower 收到 [0] AppendEntries [], prevIndex 0, prevTerm 0
015556 LEAD S0: 1 append success next 1 match 0
016056 LEAD S0: prevLog &raft.Entry{Command:interface {}(nil), Term:0, Index:0}
016056 LEAD S0: prevLog &raft.Entry{Command:interface {}(nil), Term:0, Index:0}
016057 INFO S2: (term 1) follower 收到 [0] AppendEntries [], prevIndex 0, prevTerm 0
016057 INFO S1: (term 1) follower 收到 [0] AppendEntries [], prevIndex 0, prevTerm 0
016058 LEAD S0: 2 append success next 1 match 0
016058 LEAD S0: 1 append success next 1 match 0
016558 LEAD S0: prevLog &raft.Entry{Command:interface {}(nil), Term:0, Index:0}
016559 LEAD S0: prevLog &raft.Entry{Command:interface {}(nil), Term:0, Index:0}
016559 INFO S2: (term 1) follower 收到 [0] AppendEntries [], prevIndex 0, prevTerm 0
016559 INFO S1: (term 1) follower 收到 [0] AppendEntries [], prevIndex 0, prevTerm 0
016560 LEAD S0: 2 append success next 1 match 0
016560 LEAD S0: 1 append success next 1 match 0
017060 LEAD S0: prevLog &raft.Entry{Command:interface {}(nil), Term:0, Index:0}
017060 LEAD S0: prevLog &raft.Entry{Command:interface {}(nil), Term:0, Index:0}
017061 INFO S1: (term 1) follower 收到 [0] AppendEntries [], prevIndex 0, prevTerm 0
017061 INFO S2: (term 1) follower 收到 [0] AppendEntries [], prevIndex 0, prevTerm 0
017061 LEAD S0: 1 append success next 1 match 0
017061 LEAD S0: 2 append success next 1 match 0
017562 LEAD S0: prevLog &raft.Entry{Command:interface {}(nil), Term:0, Index:0}
017562 LEAD S0: prevLog &raft.Entry{Command:interface {}(nil), Term:0, Index:0}
017563 INFO S1: (term 1) follower 收到 [0] AppendEntries [], prevIndex 0, prevTerm 0
017563 INFO S2: (term 1) follower 收到 [0] AppendEntries [], prevIndex 0, prevTerm 0
017563 LEAD S0: 1 append success next 1 match 0
017563 LEAD S0: 2 append success next 1 match 0
018063 LEAD S0: prevLog &raft.Entry{Command:interface {}(nil), Term:0, Index:0}
018063 LEAD S0: prevLog &raft.Entry{Command:interface {}(nil), Term:0, Index:0}
018064 INFO S1: (term 1) follower 收到 [0] AppendEntries [], prevIndex 0, prevTerm 0
018064 LEAD S0: 1 append success next 1 match 0
018064 INFO S2: (term 1) follower 收到 [0] AppendEntries [], prevIndex 0, prevTerm 0
018065 LEAD S0: 2 append success next 1 match 0
018566 LEAD S0: prevLog &raft.Entry{Command:interface {}(nil), Term:0, Index:0}
018566 LEAD S0: prevLog &raft.Entry{Command:interface {}(nil), Term:0, Index:0}
018567 INFO S1: (term 1) follower 收到 [0] AppendEntries [], prevIndex 0, prevTerm 0
018567 INFO S2: (term 1) follower 收到 [0] AppendEntries [], prevIndex 0, prevTerm 0
018567 LEAD S0: 1 append success next 1 match 0
018567 LEAD S0: 2 append success next 1 match 0
019068 LEAD S0: prevLog &raft.Entry{Command:interface {}(nil), Term:0, Index:0}
019068 LEAD S0: prevLog &raft.Entry{Command:interface {}(nil), Term:0, Index:0}
019069 INFO S2: (term 1) follower 收到 [0] AppendEntries [], prevIndex 0, prevTerm 0
019069 INFO S1: (term 1) follower 收到 [0] AppendEntries [], prevIndex 0, prevTerm 0
019069 LEAD S0: 2 append success next 1 match 0
019069 LEAD S0: 1 append success next 1 match 0
019569 LEAD S0: prevLog &raft.Entry{Command:interface {}(nil), Term:0, Index:0}
019570 LEAD S0: prevLog &raft.Entry{Command:interface {}(nil), Term:0, Index:0}
019570 INFO S1: (term 1) follower 收到 [0] AppendEntries [], prevIndex 0, prevTerm 0
019570 INFO S2: (term 1) follower 收到 [0] AppendEntries [], prevIndex 0, prevTerm 0
019570 LEAD S0: 1 append success next 1 match 0
019571 LEAD S0: 2 append success next 1 match 0
020071 LEAD S0: prevLog &raft.Entry{Command:interface {}(nil), Term:0, Index:0}
020072 LEAD S0: prevLog &raft.Entry{Command:interface {}(nil), Term:0, Index:0}
020072 INFO S1: (term 1) follower 收到 [0] AppendEntries [], prevIndex 0, prevTerm 0
020073 LEAD S0: 1 append success next 1 match 0
020073 INFO S2: (term 1) follower 收到 [0] AppendEntries [], prevIndex 0, prevTerm 0
020073 LEAD S0: 2 append success next 1 match 0
020574 LEAD S0: prevLog &raft.Entry{Command:interface {}(nil), Term:0, Index:0}
020574 LEAD S0: prevLog &raft.Entry{Command:interface {}(nil), Term:0, Index:0}
020575 INFO S2: (term 1) follower 收到 [0] AppendEntries [], prevIndex 0, prevTerm 0
020575 LEAD S0: 2 append success next 1 match 0
020575 INFO S1: (term 1) follower 收到 [0] AppendEntries [], prevIndex 0, prevTerm 0
020576 LEAD S0: 1 append success next 1 match 0
021077 LEAD S0: prevLog &raft.Entry{Command:interface {}(nil), Term:0, Index:0}
021077 LEAD S0: prevLog &raft.Entry{Command:interface {}(nil), Term:0, Index:0}
021078 INFO S1: (term 1) follower 收到 [0] AppendEntries [], prevIndex 0, prevTerm 0
021078 INFO S2: (term 1) follower 收到 [0] AppendEntries [], prevIndex 0, prevTerm 0
021078 LEAD S0: 1 append success next 1 match 0
021078 LEAD S0: 2 append success next 1 match 0
021578 LEAD S0: prevLog &raft.Entry{Command:interface {}(nil), Term:0, Index:0}
021579 LEAD S0: prevLog &raft.Entry{Command:interface {}(nil), Term:0, Index:0}
021579 INFO S2: (term 1) follower 收到 [0] AppendEntries [], prevIndex 0, prevTerm 0
021580 LEAD S0: 2 append success next 1 match 0
021580 INFO S1: (term 1) follower 收到 [0] AppendEntries [], prevIndex 0, prevTerm 0
021581 LEAD S0: 1 append success next 1 match 0
022080 LEAD S0: prevLog &raft.Entry{Command:interface {}(nil), Term:0, Index:0}
022080 LEAD S0: prevLog &raft.Entry{Command:interface {}(nil), Term:0, Index:0}
022081 INFO S1: (term 1) follower 收到 [0] AppendEntries [], prevIndex 0, prevTerm 0
022081 INFO S2: (term 1) follower 收到 [0] AppendEntries [], prevIndex 0, prevTerm 0
022081 LEAD S0: 1 append success next 1 match 0
022082 LEAD S0: 2 append success next 1 match 0
022582 LEAD S0: prevLog &raft.Entry{Command:interface {}(nil), Term:0, Index:0}
022582 LEAD S0: prevLog &raft.Entry{Command:interface {}(nil), Term:0, Index:0}
022583 INFO S1: (term 1) follower 收到 [0] AppendEntries [], prevIndex 0, prevTerm 0
022583 INFO S2: (term 1) follower 收到 [0] AppendEntries [], prevIndex 0, prevTerm 0
022583 LEAD S0: 1 append success next 1 match 0
022583 LEAD S0: 2 append success next 1 match 0
023084 LEAD S0: prevLog &raft.Entry{Command:interface {}(nil), Term:0, Index:0}
023084 LEAD S0: prevLog &raft.Entry{Command:interface {}(nil), Term:0, Index:0}
023085 INFO S1: (term 1) follower 收到 [0] AppendEntries [], prevIndex 0, prevTerm 0
023085 INFO S2: (term 1) follower 收到 [0] AppendEntries [], prevIndex 0, prevTerm 0
023085 LEAD S0: 1 append success next 1 match 0
023085 LEAD S0: 2 append success next 1 match 0
023585 LEAD S0: prevLog &raft.Entry{Command:interface {}(nil), Term:0, Index:0}
023586 LEAD S0: prevLog &raft.Entry{Command:interface {}(nil), Term:0, Index:0}
023586 INFO S2: (term 1) follower 收到 [0] AppendEntries [], prevIndex 0, prevTerm 0
023586 INFO S1: (term 1) follower 收到 [0] AppendEntries [], prevIndex 0, prevTerm 0
023587 LEAD S0: 2 append success next 1 match 0
023587 LEAD S0: 1 append success next 1 match 0
024087 LEAD S0: prevLog &raft.Entry{Command:interface {}(nil), Term:0, Index:0}
024087 LEAD S0: prevLog &raft.Entry{Command:interface {}(nil), Term:0, Index:0}
024088 INFO S2: (term 1) follower 收到 [0] AppendEntries [], prevIndex 0, prevTerm 0
024088 LEAD S0: 2 append success next 1 match 0
024089 INFO S1: (term 1) follower 收到 [0] AppendEntries [], prevIndex 0, prevTerm 0
024089 LEAD S0: 1 append success next 1 match 0
024589 LEAD S0: prevLog &raft.Entry{Command:interface {}(nil), Term:0, Index:0}
024589 LEAD S0: prevLog &raft.Entry{Command:interface {}(nil), Term:0, Index:0}
024590 INFO S1: (term 1) follower 收到 [0] AppendEntries [], prevIndex 0, prevTerm 0
024590 INFO S2: (term 1) follower 收到 [0] AppendEntries [], prevIndex 0, prevTerm 0
024590 LEAD S0: 1 append success next 1 match 0
024590 LEAD S0: 2 append success next 1 match 0
025090 LEAD S0: prevLog &raft.Entry{Command:interface {}(nil), Term:0, Index:0}
025091 LEAD S0: prevLog &raft.Entry{Command:interface {}(nil), Term:0, Index:0}
025091 INFO S1: (term 1) follower 收到 [0] AppendEntries [], prevIndex 0, prevTerm 0
025091 INFO S2: (term 1) follower 收到 [0] AppendEntries [], prevIndex 0, prevTerm 0
025092 LEAD S0: 1 append success next 1 match 0
025092 LEAD S0: 2 append success next 1 match 0
025592 LEAD S0: prevLog &raft.Entry{Command:interface {}(nil), Term:0, Index:0}
025593 LEAD S0: prevLog &raft.Entry{Command:interface {}(nil), Term:0, Index:0}
025593 INFO S1: (term 1) follower 收到 [0] AppendEntries [], prevIndex 0, prevTerm 0
025593 INFO S2: (term 1) follower 收到 [0] AppendEntries [], prevIndex 0, prevTerm 0
025594 LEAD S0: 1 append success next 1 match 0
025594 LEAD S0: 2 append success next 1 match 0
026094 LEAD S0: prevLog &raft.Entry{Command:interface {}(nil), Term:0, Index:0}
026094 LEAD S0: prevLog &raft.Entry{Command:interface {}(nil), Term:0, Index:0}
026095 INFO S1: (term 1) follower 收到 [0] AppendEntries [], prevIndex 0, prevTerm 0
026095 INFO S2: (term 1) follower 收到 [0] AppendEntries [], prevIndex 0, prevTerm 0
026095 LEAD S0: 1 append success next 1 match 0
026095 LEAD S0: 2 append success next 1 match 0
026595 LEAD S0: prevLog &raft.Entry{Command:interface {}(nil), Term:0, Index:0}
026596 LEAD S0: prevLog &raft.Entry{Command:interface {}(nil), Term:0, Index:0}
026596 INFO S1: (term 1) follower 收到 [0] AppendEntries [], prevIndex 0, prevTerm 0
026596 INFO S2: (term 1) follower 收到 [0] AppendEntries [], prevIndex 0, prevTerm 0
026596 LEAD S0: 1 append success next 1 match 0
026597 LEAD S0: 2 append success next 1 match 0
027097 LEAD S0: prevLog &raft.Entry{Command:interface {}(nil), Term:0, Index:0}
027097 LEAD S0: prevLog &raft.Entry{Command:interface {}(nil), Term:0, Index:0}
027098 INFO S2: (term 1) follower 收到 [0] AppendEntries [], prevIndex 0, prevTerm 0
027098 INFO S1: (term 1) follower 收到 [0] AppendEntries [], prevIndex 0, prevTerm 0
027098 LEAD S0: 2 append success next 1 match 0
027099 LEAD S0: 1 append success next 1 match 0
027599 LEAD S0: prevLog &raft.Entry{Command:interface {}(nil), Term:0, Index:0}
027599 LEAD S0: prevLog &raft.Entry{Command:interface {}(nil), Term:0, Index:0}
027600 INFO S2: (term 1) follower 收到 [0] AppendEntries [], prevIndex 0, prevTerm 0
027600 INFO S1: (term 1) follower 收到 [0] AppendEntries [], prevIndex 0, prevTerm 0
027600 LEAD S0: 2 append success next 1 match 0
027600 LEAD S0: 1 append success next 1 match 0
028101 LEAD S0: prevLog &raft.Entry{Command:interface {}(nil), Term:0, Index:0}
028101 LEAD S0: prevLog &raft.Entry{Command:interface {}(nil), Term:0, Index:0}
028102 INFO S1: (term 1) follower 收到 [0] AppendEntries [], prevIndex 0, prevTerm 0
028102 INFO S2: (term 1) follower 收到 [0] AppendEntries [], prevIndex 0, prevTerm 0
028102 LEAD S0: 1 append success next 1 match 0
028102 LEAD S0: 2 append success next 1 match 0
028602 LEAD S0: prevLog &raft.Entry{Command:interface {}(nil), Term:0, Index:0}
028602 LEAD S0: prevLog &raft.Entry{Command:interface {}(nil), Term:0, Index:0}
028603 INFO S2: (term 1) follower 收到 [0] AppendEntries [], prevIndex 0, prevTerm 0
028603 INFO S1: (term 1) follower 收到 [0] AppendEntries [], prevIndex 0, prevTerm 0
028603 LEAD S0: 2 append success next 1 match 0
028604 LEAD S0: 1 append success next 1 match 0
029104 LEAD S0: prevLog &raft.Entry{Command:interface {}(nil), Term:0, Index:0}
029104 LEAD S0: prevLog &raft.Entry{Command:interface {}(nil), Term:0, Index:0}
029105 INFO S1: (term 1) follower 收到 [0] AppendEntries [], prevIndex 0, prevTerm 0
029105 INFO S2: (term 1) follower 收到 [0] AppendEntries [], prevIndex 0, prevTerm 0
029105 LEAD S0: 2 append success next 1 match 0
029105 LEAD S0: 1 append success next 1 match 0
029605 LEAD S0: prevLog &raft.Entry{Command:interface {}(nil), Term:0, Index:0}
029606 LEAD S0: prevLog &raft.Entry{Command:interface {}(nil), Term:0, Index:0}
029606 INFO S1: (term 1) follower 收到 [0] AppendEntries [], prevIndex 0, prevTerm 0
029606 INFO S2: (term 1) follower 收到 [0] AppendEntries [], prevIndex 0, prevTerm 0
029607 LEAD S0: 1 append success next 1 match 0
029607 LEAD S0: 2 append success next 1 match 0
030107 LEAD S0: prevLog &raft.Entry{Command:interface {}(nil), Term:0, Index:0}
030107 LEAD S0: prevLog &raft.Entry{Command:interface {}(nil), Term:0, Index:0}
030108 INFO S1: (term 1) follower 收到 [0] AppendEntries [], prevIndex 0, prevTerm 0
030108 INFO S2: (term 1) follower 收到 [0] AppendEntries [], prevIndex 0, prevTerm 0
030109 LEAD S0: 2 append success next 1 match 0
030109 LEAD S0: 1 append success next 1 match 0
030609 LEAD S0: prevLog &raft.Entry{Command:interface {}(nil), Term:0, Index:0}
030609 LEAD S0: prevLog &raft.Entry{Command:interface {}(nil), Term:0, Index:0}
030610 INFO S1: (term 1) follower 收到 [0] AppendEntries [], prevIndex 0, prevTerm 0
030610 INFO S2: (term 1) follower 收到 [0] AppendEntries [], prevIndex 0, prevTerm 0
030610 LEAD S0: 1 append success next 1 match 0
030610 LEAD S0: 2 append success next 1 match 0
031110 LEAD S0: prevLog &raft.Entry{Command:interface {}(nil), Term:0, Index:0}
031110 LEAD S0: prevLog &raft.Entry{Command:interface {}(nil), Term:0, Index:0}
031111 INFO S1: (term 1) follower 收到 [0] AppendEntries [], prevIndex 0, prevTerm 0
031111 INFO S2: (term 1) follower 收到 [0] AppendEntries [], prevIndex 0, prevTerm 0
031111 LEAD S0: 1 append success next 1 match 0
031111 LEAD S0: 2 append success next 1 match 0
031612 LEAD S0: prevLog &raft.Entry{Command:interface {}(nil), Term:0, Index:0}
031612 LEAD S0: prevLog &raft.Entry{Command:interface {}(nil), Term:0, Index:0}
031613 INFO S1: (term 1) follower 收到 [0] AppendEntries [], prevIndex 0, prevTerm 0
031613 INFO S2: (term 1) follower 收到 [0] AppendEntries [], prevIndex 0, prevTerm 0
031613 LEAD S0: 1 append success next 1 match 0
031613 LEAD S0: 2 append success next 1 match 0
032113 LEAD S0: prevLog &raft.Entry{Command:interface {}(nil), Term:0, Index:0}
032114 LEAD S0: prevLog &raft.Entry{Command:interface {}(nil), Term:0, Index:0}
032114 INFO S1: (term 1) follower 收到 [0] AppendEntries [], prevIndex 0, prevTerm 0
032114 INFO S2: (term 1) follower 收到 [0] AppendEntries [], prevIndex 0, prevTerm 0
032115 LEAD S0: 1 append success next 1 match 0
032115 LEAD S0: 2 append success next 1 match 0
032615 LEAD S0: prevLog &raft.Entry{Command:interface {}(nil), Term:0, Index:0}
032615 LEAD S0: prevLog &raft.Entry{Command:interface {}(nil), Term:0, Index:0}
032616 INFO S1: (term 1) follower 收到 [0] AppendEntries [], prevIndex 0, prevTerm 0
032617 INFO S2: (term 1) follower 收到 [0] AppendEntries [], prevIndex 0, prevTerm 0
032617 LEAD S0: 1 append success next 1 match 0
032617 LEAD S0: 2 append success next 1 match 0
033117 LEAD S0: prevLog &raft.Entry{Command:interface {}(nil), Term:0, Index:0}
033117 LEAD S0: prevLog &raft.Entry{Command:interface {}(nil), Term:0, Index:0}
033118 INFO S1: (term 1) follower 收到 [0] AppendEntries [], prevIndex 0, prevTerm 0
033118 INFO S2: (term 1) follower 收到 [0] AppendEntries [], prevIndex 0, prevTerm 0
033118 LEAD S0: 1 append success next 1 match 0
033120 LEAD S0: 2 append success next 1 match 0
033618 LEAD S0: prevLog &raft.Entry{Command:interface {}(nil), Term:0, Index:0}
033618 LEAD S0: prevLog &raft.Entry{Command:interface {}(nil), Term:0, Index:0}
033619 INFO S1: (term 1) follower 收到 [0] AppendEntries [], prevIndex 0, prevTerm 0
033619 INFO S2: (term 1) follower 收到 [0] AppendEntries [], prevIndex 0, prevTerm 0
033619 LEAD S0: 1 append success next 1 match 0
033619 LEAD S0: 2 append success next 1 match 0
034120 LEAD S0: prevLog &raft.Entry{Command:interface {}(nil), Term:0, Index:0}
034120 LEAD S0: prevLog &raft.Entry{Command:interface {}(nil), Term:0, Index:0}
034121 INFO S1: (term 1) follower 收到 [0] AppendEntries [], prevIndex 0, prevTerm 0
034121 INFO S2: (term 1) follower 收到 [0] AppendEntries [], prevIndex 0, prevTerm 0
034121 LEAD S0: 1 append success next 1 match 0
034121 LEAD S0: 2 append success next 1 match 0
034622 LEAD S0: prevLog &raft.Entry{Command:interface {}(nil), Term:0, Index:0}
034623 LEAD S0: prevLog &raft.Entry{Command:interface {}(nil), Term:0, Index:0}
034623 INFO S2: (term 1) follower 收到 [0] AppendEntries [], prevIndex 0, prevTerm 0
034623 INFO S1: (term 1) follower 收到 [0] AppendEntries [], prevIndex 0, prevTerm 0
034624 LEAD S0: 2 append success next 1 match 0
034624 LEAD S0: 1 append success next 1 match 0
035124 LEAD S0: prevLog &raft.Entry{Command:interface {}(nil), Term:0, Index:0}
035124 LEAD S0: prevLog &raft.Entry{Command:interface {}(nil), Term:0, Index:0}
035125 INFO S1: (term 1) follower 收到 [0] AppendEntries [], prevIndex 0, prevTerm 0
035125 INFO S2: (term 1) follower 收到 [0] AppendEntries [], prevIndex 0, prevTerm 0
035125 LEAD S0: 1 append success next 1 match 0
035125 LEAD S0: 2 append success next 1 match 0
035626 LEAD S0: prevLog &raft.Entry{Command:interface {}(nil), Term:0, Index:0}
035626 LEAD S0: prevLog &raft.Entry{Command:interface {}(nil), Term:0, Index:0}
035627 INFO S1: (term 1) follower 收到 [0] AppendEntries [], prevIndex 0, prevTerm 0
035627 INFO S2: (term 1) follower 收到 [0] AppendEntries [], prevIndex 0, prevTerm 0
035627 LEAD S0: 1 append success next 1 match 0
035627 LEAD S0: 2 append success next 1 match 0
036128 LEAD S0: prevLog &raft.Entry{Command:interface {}(nil), Term:0, Index:0}
036128 LEAD S0: prevLog &raft.Entry{Command:interface {}(nil), Term:0, Index:0}
036129 INFO S2: (term 1) follower 收到 [0] AppendEntries [], prevIndex 0, prevTerm 0
036129 INFO S1: (term 1) follower 收到 [0] AppendEntries [], prevIndex 0, prevTerm 0
036129 LEAD S0: 2 append success next 1 match 0
036129 LEAD S0: 1 append success next 1 match 0
036629 LEAD S0: prevLog &raft.Entry{Command:interface {}(nil), Term:0, Index:0}
036629 LEAD S0: prevLog &raft.Entry{Command:interface {}(nil), Term:0, Index:0}
036630 INFO S1: (term 1) follower 收到 [0] AppendEntries [], prevIndex 0, prevTerm 0
036630 INFO S2: (term 1) follower 收到 [0] AppendEntries [], prevIndex 0, prevTerm 0
036630 LEAD S0: 1 append success next 1 match 0
036630 LEAD S0: 2 append success next 1 match 0
037131 LEAD S0: prevLog &raft.Entry{Command:interface {}(nil), Term:0, Index:0}
037131 LEAD S0: prevLog &raft.Entry{Command:interface {}(nil), Term:0, Index:0}
037132 INFO S1: (term 1) follower 收到 [0] AppendEntries [], prevIndex 0, prevTerm 0
037132 INFO S2: (term 1) follower 收到 [0] AppendEntries [], prevIndex 0, prevTerm 0
037132 LEAD S0: 1 append success next 1 match 0
037133 LEAD S0: 2 append success next 1 match 0
037634 LEAD S0: prevLog &raft.Entry{Command:interface {}(nil), Term:0, Index:0}
037634 LEAD S0: prevLog &raft.Entry{Command:interface {}(nil), Term:0, Index:0}
037635 INFO S1: (term 1) follower 收到 [0] AppendEntries [], prevIndex 0, prevTerm 0
037635 INFO S2: (term 1) follower 收到 [0] AppendEntries [], prevIndex 0, prevTerm 0
037635 LEAD S0: 1 append success next 1 match 0
037635 LEAD S0: 2 append success next 1 match 0
038135 LEAD S0: prevLog &raft.Entry{Command:interface {}(nil), Term:0, Index:0}
038136 LEAD S0: prevLog &raft.Entry{Command:interface {}(nil), Term:0, Index:0}
038136 INFO S2: (term 1) follower 收到 [0] AppendEntries [], prevIndex 0, prevTerm 0
038137 LEAD S0: 2 append success next 1 match 0
038136 INFO S1: (term 1) follower 收到 [0] AppendEntries [], prevIndex 0, prevTerm 0
038137 LEAD S0: 1 append success next 1 match 0
038637 LEAD S0: prevLog &raft.Entry{Command:interface {}(nil), Term:0, Index:0}
038637 LEAD S0: prevLog &raft.Entry{Command:interface {}(nil), Term:0, Index:0}
038638 INFO S1: (term 1) follower 收到 [0] AppendEntries [], prevIndex 0, prevTerm 0
038638 INFO S2: (term 1) follower 收到 [0] AppendEntries [], prevIndex 0, prevTerm 0
038638 LEAD S0: 1 append success next 1 match 0
038638 LEAD S0: 2 append success next 1 match 0
039139 LEAD S0: prevLog &raft.Entry{Command:interface {}(nil), Term:0, Index:0}
039139 LEAD S0: prevLog &raft.Entry{Command:interface {}(nil), Term:0, Index:0}
039140 INFO S1: (term 1) follower 收到 [0] AppendEntries [], prevIndex 0, prevTerm 0
039140 INFO S2: (term 1) follower 收到 [0] AppendEntries [], prevIndex 0, prevTerm 0
039140 LEAD S0: 1 append success next 1 match 0
039140 LEAD S0: 2 append success next 1 match 0
039643 LEAD S0: prevLog &raft.Entry{Command:interface {}(nil), Term:0, Index:0}
039643 LEAD S0: prevLog &raft.Entry{Command:interface {}(nil), Term:0, Index:0}
039644 INFO S1: (term 1) follower 收到 [0] AppendEntries [], prevIndex 0, prevTerm 0
039644 INFO S2: (term 1) follower 收到 [0] AppendEntries [], prevIndex 0, prevTerm 0
039644 LEAD S0: 2 append success next 1 match 0
039644 LEAD S0: 1 append success next 1 match 0
040145 LEAD S0: prevLog &raft.Entry{Command:interface {}(nil), Term:0, Index:0}
040145 LEAD S0: prevLog &raft.Entry{Command:interface {}(nil), Term:0, Index:0}
040145 INFO S2: (term 1) follower 收到 [0] AppendEntries [], prevIndex 0, prevTerm 0
040145 INFO S1: (term 1) follower 收到 [0] AppendEntries [], prevIndex 0, prevTerm 0
040146 LEAD S0: 1 append success next 1 match 0
040146 LEAD S0: 2 append success next 1 match 0
040647 LEAD S0: prevLog &raft.Entry{Command:interface {}(nil), Term:0, Index:0}
040647 LEAD S0: prevLog &raft.Entry{Command:interface {}(nil), Term:0, Index:0}
040647 INFO S1: (term 1) follower 收到 [0] AppendEntries [], prevIndex 0, prevTerm 0
040648 INFO S2: (term 1) follower 收到 [0] AppendEntries [], prevIndex 0, prevTerm 0
040648 LEAD S0: 2 append success next 1 match 0
040648 LEAD S0: 1 append success next 1 match 0
041149 LEAD S0: prevLog &raft.Entry{Command:interface {}(nil), Term:0, Index:0}
041149 LEAD S0: prevLog &raft.Entry{Command:interface {}(nil), Term:0, Index:0}
041150 INFO S2: (term 1) follower 收到 [0] AppendEntries [], prevIndex 0, prevTerm 0
041151 LEAD S0: 2 append success next 1 match 0
041151 INFO S1: (term 1) follower 收到 [0] AppendEntries [], prevIndex 0, prevTerm 0
041151 LEAD S0: 1 append success next 1 match 0
041652 LEAD S0: prevLog &raft.Entry{Command:interface {}(nil), Term:0, Index:0}
041652 LEAD S0: prevLog &raft.Entry{Command:interface {}(nil), Term:0, Index:0}
041653 INFO S1: (term 1) follower 收到 [0] AppendEntries [], prevIndex 0, prevTerm 0
041653 INFO S2: (term 1) follower 收到 [0] AppendEntries [], prevIndex 0, prevTerm 0
041653 LEAD S0: 1 append success next 1 match 0
041653 LEAD S0: 2 append success next 1 match 0
042153 LEAD S0: prevLog &raft.Entry{Command:interface {}(nil), Term:0, Index:0}
042154 LEAD S0: prevLog &raft.Entry{Command:interface {}(nil), Term:0, Index:0}
042154 INFO S1: (term 1) follower 收到 [0] AppendEntries [], prevIndex 0, prevTerm 0
042155 INFO S2: (term 1) follower 收到 [0] AppendEntries [], prevIndex 0, prevTerm 0
042155 LEAD S0: 1 append success next 1 match 0
042155 LEAD S0: 2 append success next 1 match 0
042655 LEAD S0: prevLog &raft.Entry{Command:interface {}(nil), Term:0, Index:0}
042655 LEAD S0: prevLog &raft.Entry{Command:interface {}(nil), Term:0, Index:0}
042656 INFO S1: (term 1) follower 收到 [0] AppendEntries [], prevIndex 0, prevTerm 0
042656 LEAD S0: 1 append success next 1 match 0
042656 INFO S2: (term 1) follower 收到 [0] AppendEntries [], prevIndex 0, prevTerm 0
042657 LEAD S0: 2 append success next 1 match 0
043158 LEAD S0: prevLog &raft.Entry{Command:interface {}(nil), Term:0, Index:0}
043158 LEAD S0: prevLog &raft.Entry{Command:interface {}(nil), Term:0, Index:0}
043159 INFO S1: (term 1) follower 收到 [0] AppendEntries [], prevIndex 0, prevTerm 0
043159 INFO S2: (term 1) follower 收到 [0] AppendEntries [], prevIndex 0, prevTerm 0
043160 LEAD S0: 1 append success next 1 match 0
043160 LEAD S0: 2 append success next 1 match 0
043660 LEAD S0: prevLog &raft.Entry{Command:interface {}(nil), Term:0, Index:0}
043660 LEAD S0: prevLog &raft.Entry{Command:interface {}(nil), Term:0, Index:0}
043661 INFO S1: (term 1) follower 收到 [0] AppendEntries [], prevIndex 0, prevTerm 0
043661 LEAD S0: 1 append success next 1 match 0
043661 INFO S2: (term 1) follower 收到 [0] AppendEntries [], prevIndex 0, prevTerm 0
043661 LEAD S0: 2 append success next 1 match 0
044162 LEAD S0: prevLog &raft.Entry{Command:interface {}(nil), Term:0, Index:0}
044163 LEAD S0: prevLog &raft.Entry{Command:interface {}(nil), Term:0, Index:0}
044163 INFO S2: (term 1) follower 收到 [0] AppendEntries [], prevIndex 0, prevTerm 0
044164 LEAD S0: 2 append success next 1 match 0
044164 INFO S1: (term 1) follower 收到 [0] AppendEntries [], prevIndex 0, prevTerm 0
044164 LEAD S0: 1 append success next 1 match 0
044665 LEAD S0: prevLog &raft.Entry{Command:interface {}(nil), Term:0, Index:0}
044665 LEAD S0: prevLog &raft.Entry{Command:interface {}(nil), Term:0, Index:0}
044666 INFO S2: (term 1) follower 收到 [0] AppendEntries [], prevIndex 0, prevTerm 0
044666 LEAD S0: 2 append success next 1 match 0
044666 INFO S1: (term 1) follower 收到 [0] AppendEntries [], prevIndex 0, prevTerm 0
044667 LEAD S0: 1 append success next 1 match 0
045167 LEAD S0: prevLog &raft.Entry{Command:interface {}(nil), Term:0, Index:0}
045167 LEAD S0: prevLog &raft.Entry{Command:interface {}(nil), Term:0, Index:0}
045168 INFO S1: (term 1) follower 收到 [0] AppendEntries [], prevIndex 0, prevTerm 0
045168 INFO S2: (term 1) follower 收到 [0] AppendEntries [], prevIndex 0, prevTerm 0
045169 LEAD S0: 1 append success next 1 match 0
045169 LEAD S0: 2 append success next 1 match 0
045669 LEAD S0: prevLog &raft.Entry{Command:interface {}(nil), Term:0, Index:0}
045669 LEAD S0: prevLog &raft.Entry{Command:interface {}(nil), Term:0, Index:0}
045670 INFO S2: (term 1) follower 收到 [0] AppendEntries [], prevIndex 0, prevTerm 0
045670 LEAD S0: 2 append success next 1 match 0
045670 INFO S1: (term 1) follower 收到 [0] AppendEntries [], prevIndex 0, prevTerm 0
045671 LEAD S0: 1 append success next 1 match 0
046170 LEAD S0: prevLog &raft.Entry{Command:interface {}(nil), Term:0, Index:0}
046170 LEAD S0: prevLog &raft.Entry{Command:interface {}(nil), Term:0, Index:0}
046171 INFO S1: (term 1) follower 收到 [0] AppendEntries [], prevIndex 0, prevTerm 0
046171 INFO S2: (term 1) follower 收到 [0] AppendEntries [], prevIndex 0, prevTerm 0
046172 LEAD S0: 1 append success next 1 match 0
046172 LEAD S0: 2 append success next 1 match 0
046672 LEAD S0: prevLog &raft.Entry{Command:interface {}(nil), Term:0, Index:0}
046672 LEAD S0: prevLog &raft.Entry{Command:interface {}(nil), Term:0, Index:0}
046673 INFO S2: (term 1) follower 收到 [0] AppendEntries [], prevIndex 0, prevTerm 0
046673 LEAD S0: 2 append success next 1 match 0
046673 INFO S1: (term 1) follower 收到 [0] AppendEntries [], prevIndex 0, prevTerm 0
046674 LEAD S0: 1 append success next 1 match 0
047173 LEAD S0: prevLog &raft.Entry{Command:interface {}(nil), Term:0, Index:0}
047174 LEAD S0: prevLog &raft.Entry{Command:interface {}(nil), Term:0, Index:0}
047174 INFO S2: (term 1) follower 收到 [0] AppendEntries [], prevIndex 0, prevTerm 0
047175 INFO S1: (term 1) follower 收到 [0] AppendEntries [], prevIndex 0, prevTerm 0
047175 LEAD S0: 1 append success next 1 match 0
047175 LEAD S0: 2 append success next 1 match 0
047675 LEAD S0: prevLog &raft.Entry{Command:interface {}(nil), Term:0, Index:0}
047675 LEAD S0: prevLog &raft.Entry{Command:interface {}(nil), Term:0, Index:0}
047676 INFO S2: (term 1) follower 收到 [0] AppendEntries [], prevIndex 0, prevTerm 0
047676 LEAD S0: 2 append success next 1 match 0
047676 INFO S1: (term 1) follower 收到 [0] AppendEntries [], prevIndex 0, prevTerm 0
047677 LEAD S0: 1 append success next 1 match 0
048178 LEAD S0: prevLog &raft.Entry{Command:interface {}(nil), Term:0, Index:0}
048178 LEAD S0: prevLog &raft.Entry{Command:interface {}(nil), Term:0, Index:0}
048179 INFO S2: (term 1) follower 收到 [0] AppendEntries [], prevIndex 0, prevTerm 0
048179 INFO S1: (term 1) follower 收到 [0] AppendEntries [], prevIndex 0, prevTerm 0
048179 LEAD S0: 2 append success next 1 match 0
048179 LEAD S0: 1 append success next 1 match 0
048679 LEAD S0: prevLog &raft.Entry{Command:interface {}(nil), Term:0, Index:0}
048680 LEAD S0: prevLog &raft.Entry{Command:interface {}(nil), Term:0, Index:0}
048680 INFO S1: (term 1) follower 收到 [0] AppendEntries [], prevIndex 0, prevTerm 0
048680 INFO S2: (term 1) follower 收到 [0] AppendEntries [], prevIndex 0, prevTerm 0
048681 LEAD S0: 1 append success next 1 match 0
048681 LEAD S0: 2 append success next 1 match 0
049181 LEAD S0: prevLog &raft.Entry{Command:interface {}(nil), Term:0, Index:0}
049181 LEAD S0: prevLog &raft.Entry{Command:interface {}(nil), Term:0, Index:0}
049182 INFO S2: (term 1) follower 收到 [0] AppendEntries [], prevIndex 0, prevTerm 0
049182 INFO S1: (term 1) follower 收到 [0] AppendEntries [], prevIndex 0, prevTerm 0
049182 LEAD S0: 2 append success next 1 match 0
049182 LEAD S0: 1 append success next 1 match 0
049682 LEAD S0: prevLog &raft.Entry{Command:interface {}(nil), Term:0, Index:0}
049683 LEAD S0: prevLog &raft.Entry{Command:interface {}(nil), Term:0, Index:0}
049683 INFO S1: (term 1) follower 收到 [0] AppendEntries [], prevIndex 0, prevTerm 0
049683 INFO S2: (term 1) follower 收到 [0] AppendEntries [], prevIndex 0, prevTerm 0
049684 LEAD S0: 1 append success next 1 match 0
049684 LEAD S0: 2 append success next 1 match 0
050184 LEAD S0: prevLog &raft.Entry{Command:interface {}(nil), Term:0, Index:0}
050184 LEAD S0: prevLog &raft.Entry{Command:interface {}(nil), Term:0, Index:0}
050185 INFO S1: (term 1) follower 收到 [0] AppendEntries [], prevIndex 0, prevTerm 0
050185 INFO S2: (term 1) follower 收到 [0] AppendEntries [], prevIndex 0, prevTerm 0
050185 LEAD S0: 1 append success next 1 match 0
050186 LEAD S0: 2 append success next 1 match 0
050686 LEAD S0: prevLog &raft.Entry{Command:interface {}(nil), Term:0, Index:0}
050686 LEAD S0: prevLog &raft.Entry{Command:interface {}(nil), Term:0, Index:0}
050687 INFO S1: (term 1) follower 收到 [0] AppendEntries [], prevIndex 0, prevTerm 0
050687 LEAD S0: 1 append success next 1 match 0
050688 INFO S2: (term 1) follower 收到 [0] AppendEntries [], prevIndex 0, prevTerm 0
050688 LEAD S0: 2 append success next 1 match 0
051188 LEAD S0: prevLog &raft.Entry{Command:interface {}(nil), Term:0, Index:0}
051188 LEAD S0: prevLog &raft.Entry{Command:interface {}(nil), Term:0, Index:0}
051188 INFO S2: (term 1) follower 收到 [0] AppendEntries [], prevIndex 0, prevTerm 0
051188 INFO S1: (term 1) follower 收到 [0] AppendEntries [], prevIndex 0, prevTerm 0
051189 LEAD S0: 2 append success next 1 match 0
051189 LEAD S0: 1 append success next 1 match 0
051689 LEAD S0: prevLog &raft.Entry{Command:interface {}(nil), Term:0, Index:0}
051689 LEAD S0: prevLog &raft.Entry{Command:interface {}(nil), Term:0, Index:0}
051690 INFO S2: (term 1) follower 收到 [0] AppendEntries [], prevIndex 0, prevTerm 0
051690 INFO S1: (term 1) follower 收到 [0] AppendEntries [], prevIndex 0, prevTerm 0
051690 LEAD S0: 2 append success next 1 match 0
051691 LEAD S0: 1 append success next 1 match 0
052191 LEAD S0: prevLog &raft.Entry{Command:interface {}(nil), Term:0, Index:0}
052192 LEAD S0: prevLog &raft.Entry{Command:interface {}(nil), Term:0, Index:0}
052193 INFO S2: (term 1) follower 收到 [0] AppendEntries [], prevIndex 0, prevTerm 0
052193 LEAD S0: 2 append success next 1 match 0
052193 INFO S1: (term 1) follower 收到 [0] AppendEntries [], prevIndex 0, prevTerm 0
052193 LEAD S0: 1 append success next 1 match 0
052693 LEAD S0: prevLog &raft.Entry{Command:interface {}(nil), Term:0, Index:0}
052693 LEAD S0: prevLog &raft.Entry{Command:interface {}(nil), Term:0, Index:0}
052694 INFO S2: (term 1) follower 收到 [0] AppendEntries [], prevIndex 0, prevTerm 0
052694 LEAD S0: 2 append success next 1 match 0
052694 INFO S1: (term 1) follower 收到 [0] AppendEntries [], prevIndex 0, prevTerm 0
052695 LEAD S0: 1 append success next 1 match 0
053195 LEAD S0: prevLog &raft.Entry{Command:interface {}(nil), Term:0, Index:0}
053196 LEAD S0: prevLog &raft.Entry{Command:interface {}(nil), Term:0, Index:0}
053196 INFO S2: (term 1) follower 收到 [0] AppendEntries [], prevIndex 0, prevTerm 0
053196 INFO S1: (term 1) follower 收到 [0] AppendEntries [], prevIndex 0, prevTerm 0
053197 LEAD S0: 2 append success next 1 match 0
053197 LEAD S0: 1 append success next 1 match 0
053697 LEAD S0: prevLog &raft.Entry{Command:interface {}(nil), Term:0, Index:0}
053697 LEAD S0: prevLog &raft.Entry{Command:interface {}(nil), Term:0, Index:0}
053697 INFO S2: (term 1) follower 收到 [0] AppendEntries [], prevIndex 0, prevTerm 0
053698 LEAD S0: 2 append success next 1 match 0
053698 INFO S1: (term 1) follower 收到 [0] AppendEntries [], prevIndex 0, prevTerm 0
053698 LEAD S0: 1 append success next 1 match 0
054199 LEAD S0: prevLog &raft.Entry{Command:interface {}(nil), Term:0, Index:0}
054199 LEAD S0: prevLog &raft.Entry{Command:interface {}(nil), Term:0, Index:0}
054200 INFO S2: (term 1) follower 收到 [0] AppendEntries [], prevIndex 0, prevTerm 0
054200 LEAD S0: 2 append success next 1 match 0
054201 INFO S1: (term 1) follower 收到 [0] AppendEntries [], prevIndex 0, prevTerm 0
054201 LEAD S0: 1 append success next 1 match 0
054701 LEAD S0: prevLog &raft.Entry{Command:interface {}(nil), Term:0, Index:0}
054701 LEAD S0: prevLog &raft.Entry{Command:interface {}(nil), Term:0, Index:0}
054702 INFO S2: (term 1) follower 收到 [0] AppendEntries [], prevIndex 0, prevTerm 0
054702 INFO S1: (term 1) follower 收到 [0] AppendEntries [], prevIndex 0, prevTerm 0
054702 LEAD S0: 2 append success next 1 match 0
054702 LEAD S0: 1 append success next 1 match 0
055202 LEAD S0: prevLog &raft.Entry{Command:interface {}(nil), Term:0, Index:0}
055203 LEAD S0: prevLog &raft.Entry{Command:interface {}(nil), Term:0, Index:0}
055203 INFO S1: (term 1) follower 收到 [0] AppendEntries [], prevIndex 0, prevTerm 0
055203 INFO S2: (term 1) follower 收到 [0] AppendEntries [], prevIndex 0, prevTerm 0
055204 LEAD S0: 1 append success next 1 match 0
055204 LEAD S0: 2 append success next 1 match 0
055704 LEAD S0: prevLog &raft.Entry{Command:interface {}(nil), Term:0, Index:0}
055704 LEAD S0: prevLog &raft.Entry{Command:interface {}(nil), Term:0, Index:0}
055705 INFO S2: (term 1) follower 收到 [0] AppendEntries [], prevIndex 0, prevTerm 0
055705 LEAD S0: 2 append success next 1 match 0
055705 INFO S1: (term 1) follower 收到 [0] AppendEntries [], prevIndex 0, prevTerm 0
055706 LEAD S0: 1 append success next 1 match 0
056207 LEAD S0: prevLog &raft.Entry{Command:interface {}(nil), Term:0, Index:0}
056207 LEAD S0: prevLog &raft.Entry{Command:interface {}(nil), Term:0, Index:0}
056207 INFO S2: (term 1) follower 收到 [0] AppendEntries [], prevIndex 0, prevTerm 0
056208 LEAD S0: 2 append success next 1 match 0
056208 INFO S1: (term 1) follower 收到 [0] AppendEntries [], prevIndex 0, prevTerm 0
056208 LEAD S0: 1 append success next 1 match 0
056709 LEAD S0: prevLog &raft.Entry{Command:interface {}(nil), Term:0, Index:0}
056709 LEAD S0: prevLog &raft.Entry{Command:interface {}(nil), Term:0, Index:0}
056710 INFO S2: (term 1) follower 收到 [0] AppendEntries [], prevIndex 0, prevTerm 0
056710 LEAD S0: 2 append success next 1 match 0
056710 INFO S1: (term 1) follower 收到 [0] AppendEntries [], prevIndex 0, prevTerm 0
056711 LEAD S0: 1 append success next 1 match 0
057212 LEAD S0: prevLog &raft.Entry{Command:interface {}(nil), Term:0, Index:0}
057212 LEAD S0: prevLog &raft.Entry{Command:interface {}(nil), Term:0, Index:0}
057213 INFO S1: (term 1) follower 收到 [0] AppendEntries [], prevIndex 0, prevTerm 0
057213 INFO S2: (term 1) follower 收到 [0] AppendEntries [], prevIndex 0, prevTerm 0
057213 LEAD S0: 1 append success next 1 match 0
057213 LEAD S0: 2 append success next 1 match 0
057714 LEAD S0: prevLog &raft.Entry{Command:interface {}(nil), Term:0, Index:0}
057714 LEAD S0: prevLog &raft.Entry{Command:interface {}(nil), Term:0, Index:0}
057714 INFO S2: (term 1) follower 收到 [0] AppendEntries [], prevIndex 0, prevTerm 0
057715 INFO S1: (term 1) follower 收到 [0] AppendEntries [], prevIndex 0, prevTerm 0
057715 LEAD S0: 1 append success next 1 match 0
057715 LEAD S0: 2 append success next 1 match 0
058216 LEAD S0: prevLog &raft.Entry{Command:interface {}(nil), Term:0, Index:0}
058216 LEAD S0: prevLog &raft.Entry{Command:interface {}(nil), Term:0, Index:0}
058217 INFO S1: (term 1) follower 收到 [0] AppendEntries [], prevIndex 0, prevTerm 0
058217 INFO S2: (term 1) follower 收到 [0] AppendEntries [], prevIndex 0, prevTerm 0
058217 LEAD S0: 1 append success next 1 match 0
058217 LEAD S0: 2 append success next 1 match 0
058718 LEAD S0: prevLog &raft.Entry{Command:interface {}(nil), Term:0, Index:0}
058718 LEAD S0: prevLog &raft.Entry{Command:interface {}(nil), Term:0, Index:0}
058718 INFO S2: (term 1) follower 收到 [0] AppendEntries [], prevIndex 0, prevTerm 0
058719 INFO S1: (term 1) follower 收到 [0] AppendEntries [], prevIndex 0, prevTerm 0
058719 LEAD S0: 2 append success next 1 match 0
058719 LEAD S0: 1 append success next 1 match 0
059220 LEAD S0: prevLog &raft.Entry{Command:interface {}(nil), Term:0, Index:0}
059220 LEAD S0: prevLog &raft.Entry{Command:interface {}(nil), Term:0, Index:0}
059221 INFO S2: (term 1) follower 收到 [0] AppendEntries [], prevIndex 0, prevTerm 0
059221 INFO S1: (term 1) follower 收到 [0] AppendEntries [], prevIndex 0, prevTerm 0
059221 LEAD S0: 2 append success next 1 match 0
059221 LEAD S0: 1 append success next 1 match 0
059723 LEAD S0: prevLog &raft.Entry{Command:interface {}(nil), Term:0, Index:0}
059723 LEAD S0: prevLog &raft.Entry{Command:interface {}(nil), Term:0, Index:0}
059723 INFO S1: (term 1) follower 收到 [0] AppendEntries [], prevIndex 0, prevTerm 0
059723 INFO S2: (term 1) follower 收到 [0] AppendEntries [], prevIndex 0, prevTerm 0
059724 LEAD S0: 1 append success next 1 match 0
059724 LEAD S0: 2 append success next 1 match 0
060224 LEAD S0: prevLog &raft.Entry{Command:interface {}(nil), Term:0, Index:0}
060224 LEAD S0: prevLog &raft.Entry{Command:interface {}(nil), Term:0, Index:0}
060225 INFO S2: (term 1) follower 收到 [0] AppendEntries [], prevIndex 0, prevTerm 0
060225 INFO S1: (term 1) follower 收到 [0] AppendEntries [], prevIndex 0, prevTerm 0
060225 LEAD S0: 2 append success next 1 match 0
060226 LEAD S0: 1 append success next 1 match 0
060726 LEAD S0: prevLog &raft.Entry{Command:interface {}(nil), Term:0, Index:0}
060726 LEAD S0: prevLog &raft.Entry{Command:interface {}(nil), Term:0, Index:0}
060727 INFO S1: (term 1) follower 收到 [0] AppendEntries [], prevIndex 0, prevTerm 0
060727 INFO S2: (term 1) follower 收到 [0] AppendEntries [], prevIndex 0, prevTerm 0
060727 LEAD S0: 1 append success next 1 match 0
060728 LEAD S0: 2 append success next 1 match 0
061227 LEAD S0: prevLog &raft.Entry{Command:interface {}(nil), Term:0, Index:0}
061227 LEAD S0: prevLog &raft.Entry{Command:interface {}(nil), Term:0, Index:0}
061228 INFO S1: (term 1) follower 收到 [0] AppendEntries [], prevIndex 0, prevTerm 0
061228 INFO S2: (term 1) follower 收到 [0] AppendEntries [], prevIndex 0, prevTerm 0
061228 LEAD S0: 1 append success next 1 match 0
061229 LEAD S0: 2 append success next 1 match 0
061729 LEAD S0: prevLog &raft.Entry{Command:interface {}(nil), Term:0, Index:0}
061729 LEAD S0: prevLog &raft.Entry{Command:interface {}(nil), Term:0, Index:0}
061730 INFO S2: (term 1) follower 收到 [0] AppendEntries [], prevIndex 0, prevTerm 0
061730 INFO S1: (term 1) follower 收到 [0] AppendEntries [], prevIndex 0, prevTerm 0
061730 LEAD S0: 2 append success next 1 match 0
061731 LEAD S0: 1 append success next 1 match 0
062231 LEAD S0: prevLog &raft.Entry{Command:interface {}(nil), Term:0, Index:0}
062231 LEAD S0: prevLog &raft.Entry{Command:interface {}(nil), Term:0, Index:0}
062232 INFO S1: (term 1) follower 收到 [0] AppendEntries [], prevIndex 0, prevTerm 0
062232 INFO S2: (term 1) follower 收到 [0] AppendEntries [], prevIndex 0, prevTerm 0
062232 LEAD S0: 1 append success next 1 match 0
062233 LEAD S0: 2 append success next 1 match 0
062733 LEAD S0: prevLog &raft.Entry{Command:interface {}(nil), Term:0, Index:0}
062733 LEAD S0: prevLog &raft.Entry{Command:interface {}(nil), Term:0, Index:0}
062733 INFO S2: (term 1) follower 收到 [0] AppendEntries [], prevIndex 0, prevTerm 0
062733 INFO S1: (term 1) follower 收到 [0] AppendEntries [], prevIndex 0, prevTerm 0
062734 LEAD S0: 1 append success next 1 match 0
062734 LEAD S0: 2 append success next 1 match 0
063235 LEAD S0: prevLog &raft.Entry{Command:interface {}(nil), Term:0, Index:0}
063235 LEAD S0: prevLog &raft.Entry{Command:interface {}(nil), Term:0, Index:0}
063235 INFO S2: (term 1) follower 收到 [0] AppendEntries [], prevIndex 0, prevTerm 0
063235 INFO S1: (term 1) follower 收到 [0] AppendEntries [], prevIndex 0, prevTerm 0
063236 LEAD S0: 2 append success next 1 match 0
063236 LEAD S0: 1 append success next 1 match 0
063736 LEAD S0: prevLog &raft.Entry{Command:interface {}(nil), Term:0, Index:0}
063737 LEAD S0: prevLog &raft.Entry{Command:interface {}(nil), Term:0, Index:0}
063737 INFO S2: (term 1) follower 收到 [0] AppendEntries [], prevIndex 0, prevTerm 0
063738 INFO S1: (term 1) follower 收到 [0] AppendEntries [], prevIndex 0, prevTerm 0
063738 LEAD S0: 2 append success next 1 match 0
063738 LEAD S0: 1 append success next 1 match 0
064238 LEAD S0: prevLog &raft.Entry{Command:interface {}(nil), Term:0, Index:0}
064238 LEAD S0: prevLog &raft.Entry{Command:interface {}(nil), Term:0, Index:0}
064239 INFO S1: (term 1) follower 收到 [0] AppendEntries [], prevIndex 0, prevTerm 0
064239 INFO S2: (term 1) follower 收到 [0] AppendEntries [], prevIndex 0, prevTerm 0
064239 LEAD S0: 1 append success next 1 match 0
064239 LEAD S0: 2 append success next 1 match 0
064740 LEAD S0: prevLog &raft.Entry{Command:interface {}(nil), Term:0, Index:0}
064740 LEAD S0: prevLog &raft.Entry{Command:interface {}(nil), Term:0, Index:0}
064741 INFO S1: (term 1) follower 收到 [0] AppendEntries [], prevIndex 0, prevTerm 0
064741 LEAD S0: 1 append success next 1 match 0
064741 INFO S2: (term 1) follower 收到 [0] AppendEntries [], prevIndex 0, prevTerm 0
064741 LEAD S0: 2 append success next 1 match 0
065242 LEAD S0: prevLog &raft.Entry{Command:interface {}(nil), Term:0, Index:0}
065242 LEAD S0: prevLog &raft.Entry{Command:interface {}(nil), Term:0, Index:0}
065242 INFO S2: (term 1) follower 收到 [0] AppendEntries [], prevIndex 0, prevTerm 0
065242 INFO S1: (term 1) follower 收到 [0] AppendEntries [], prevIndex 0, prevTerm 0
065243 LEAD S0: 2 append success next 1 match 0
065243 LEAD S0: 1 append success next 1 match 0
065743 LEAD S0: prevLog &raft.Entry{Command:interface {}(nil), Term:0, Index:0}
065743 LEAD S0: prevLog &raft.Entry{Command:interface {}(nil), Term:0, Index:0}
065744 INFO S1: (term 1) follower 收到 [0] AppendEntries [], prevIndex 0, prevTerm 0
065744 INFO S2: (term 1) follower 收到 [0] AppendEntries [], prevIndex 0, prevTerm 0
065744 LEAD S0: 1 append success next 1 match 0
065744 LEAD S0: 2 append success next 1 match 0
066245 LEAD S0: prevLog &raft.Entry{Command:interface {}(nil), Term:0, Index:0}
066245 LEAD S0: prevLog &raft.Entry{Command:interface {}(nil), Term:0, Index:0}
066246 INFO S1: (term 1) follower 收到 [0] AppendEntries [], prevIndex 0, prevTerm 0
066246 INFO S2: (term 1) follower 收到 [0] AppendEntries [], prevIndex 0, prevTerm 0
066246 LEAD S0: 2 append success next 1 match 0
066246 LEAD S0: 1 append success next 1 match 0
066747 LEAD S0: prevLog &raft.Entry{Command:interface {}(nil), Term:0, Index:0}
066747 LEAD S0: prevLog &raft.Entry{Command:interface {}(nil), Term:0, Index:0}
066748 INFO S1: (term 1) follower 收到 [0] AppendEntries [], prevIndex 0, prevTerm 0
066748 LEAD S0: 1 append success next 1 match 0
066748 INFO S2: (term 1) follower 收到 [0] AppendEntries [], prevIndex 0, prevTerm 0
066748 LEAD S0: 2 append success next 1 match 0
067250 LEAD S0: prevLog &raft.Entry{Command:interface {}(nil), Term:0, Index:0}
067250 LEAD S0: prevLog &raft.Entry{Command:interface {}(nil), Term:0, Index:0}
067251 INFO S1: (term 1) follower 收到 [0] AppendEntries [], prevIndex 0, prevTerm 0
067251 INFO S2: (term 1) follower 收到 [0] AppendEntries [], prevIndex 0, prevTerm 0
067251 LEAD S0: 1 append success next 1 match 0
067251 LEAD S0: 2 append success next 1 match 0
067751 LEAD S0: prevLog &raft.Entry{Command:interface {}(nil), Term:0, Index:0}
067752 LEAD S0: prevLog &raft.Entry{Command:interface {}(nil), Term:0, Index:0}
067752 INFO S1: (term 1) follower 收到 [0] AppendEntries [], prevIndex 0, prevTerm 0
067752 INFO S2: (term 1) follower 收到 [0] AppendEntries [], prevIndex 0, prevTerm 0
067753 LEAD S0: 1 append success next 1 match 0
067753 LEAD S0: 2 append success next 1 match 0
068253 LEAD S0: prevLog &raft.Entry{Command:interface {}(nil), Term:0, Index:0}
068253 LEAD S0: prevLog &raft.Entry{Command:interface {}(nil), Term:0, Index:0}
068254 INFO S2: (term 1) follower 收到 [0] AppendEntries [], prevIndex 0, prevTerm 0
068254 INFO S1: (term 1) follower 收到 [0] AppendEntries [], prevIndex 0, prevTerm 0
068254 LEAD S0: 2 append success next 1 match 0
068254 LEAD S0: 1 append success next 1 match 0
068754 LEAD S0: prevLog &raft.Entry{Command:interface {}(nil), Term:0, Index:0}
068755 LEAD S0: prevLog &raft.Entry{Command:interface {}(nil), Term:0, Index:0}
068755 INFO S1: (term 1) follower 收到 [0] AppendEntries [], prevIndex 0, prevTerm 0
068755 INFO S2: (term 1) follower 收到 [0] AppendEntries [], prevIndex 0, prevTerm 0
068756 LEAD S0: 1 append success next 1 match 0
068756 LEAD S0: 2 append success next 1 match 0
069257 LEAD S0: prevLog &raft.Entry{Command:interface {}(nil), Term:0, Index:0}
069258 LEAD S0: prevLog &raft.Entry{Command:interface {}(nil), Term:0, Index:0}
069259 INFO S2: (term 1) follower 收到 [0] AppendEntries [], prevIndex 0, prevTerm 0
069259 INFO S1: (term 1) follower 收到 [0] AppendEntries [], prevIndex 0, prevTerm 0
069259 LEAD S0: 2 append success next 1 match 0
069259 LEAD S0: 1 append success next 1 match 0
069761 LEAD S0: prevLog &raft.Entry{Command:interface {}(nil), Term:0, Index:0}
069761 LEAD S0: prevLog &raft.Entry{Command:interface {}(nil), Term:0, Index:0}
069761 INFO S2: (term 1) follower 收到 [0] AppendEntries [], prevIndex 0, prevTerm 0
069762 LEAD S0: 2 append success next 1 match 0
069762 INFO S1: (term 1) follower 收到 [0] AppendEntries [], prevIndex 0, prevTerm 0
069762 LEAD S0: 1 append success next 1 match 0
070263 LEAD S0: prevLog &raft.Entry{Command:interface {}(nil), Term:0, Index:0}
070263 LEAD S0: prevLog &raft.Entry{Command:interface {}(nil), Term:0, Index:0}
070264 INFO S1: (term 1) follower 收到 [0] AppendEntries [], prevIndex 0, prevTerm 0
070264 INFO S2: (term 1) follower 收到 [0] AppendEntries [], prevIndex 0, prevTerm 0
070264 LEAD S0: 1 append success next 1 match 0
070264 LEAD S0: 2 append success next 1 match 0
070765 LEAD S0: prevLog &raft.Entry{Command:interface {}(nil), Term:0, Index:0}
070765 LEAD S0: prevLog &raft.Entry{Command:interface {}(nil), Term:0, Index:0}
070765 INFO S1: (term 1) follower 收到 [0] AppendEntries [], prevIndex 0, prevTerm 0
070765 INFO S2: (term 1) follower 收到 [0] AppendEntries [], prevIndex 0, prevTerm 0
070766 LEAD S0: 1 append success next 1 match 0
070767 LEAD S0: 2 append success next 1 match 0
071265 LEAD S0: prevLog &raft.Entry{Command:interface {}(nil), Term:0, Index:0}
071266 LEAD S0: prevLog &raft.Entry{Command:interface {}(nil), Term:0, Index:0}
071266 INFO S2: (term 1) follower 收到 [0] AppendEntries [], prevIndex 0, prevTerm 0
071266 INFO S1: (term 1) follower 收到 [0] AppendEntries [], prevIndex 0, prevTerm 0
071267 LEAD S0: 2 append success next 1 match 0
071267 LEAD S0: 1 append success next 1 match 0
071768 LEAD S0: prevLog &raft.Entry{Command:interface {}(nil), Term:0, Index:0}
071768 LEAD S0: prevLog &raft.Entry{Command:interface {}(nil), Term:0, Index:0}
071769 INFO S2: (term 1) follower 收到 [0] AppendEntries [], prevIndex 0, prevTerm 0
071769 INFO S1: (term 1) follower 收到 [0] AppendEntries [], prevIndex 0, prevTerm 0
071769 LEAD S0: 2 append success next 1 match 0
071769 LEAD S0: 1 append success next 1 match 0
072269 LEAD S0: prevLog &raft.Entry{Command:interface {}(nil), Term:0, Index:0}
072270 LEAD S0: prevLog &raft.Entry{Command:interface {}(nil), Term:0, Index:0}
072271 INFO S2: (term 1) follower 收到 [0] AppendEntries [], prevIndex 0, prevTerm 0
072271 LEAD S0: 2 append success next 1 match 0
072272 INFO S1: (term 1) follower 收到 [0] AppendEntries [], prevIndex 0, prevTerm 0
072272 LEAD S0: 1 append success next 1 match 0
072771 LEAD S0: prevLog &raft.Entry{Command:interface {}(nil), Term:0, Index:0}
072772 LEAD S0: prevLog &raft.Entry{Command:interface {}(nil), Term:0, Index:0}
072772 INFO S1: (term 1) follower 收到 [0] AppendEntries [], prevIndex 0, prevTerm 0
072772 INFO S2: (term 1) follower 收到 [0] AppendEntries [], prevIndex 0, prevTerm 0
072773 LEAD S0: 2 append success next 1 match 0
072773 LEAD S0: 1 append success next 1 match 0
073273 LEAD S0: prevLog &raft.Entry{Command:interface {}(nil), Term:0, Index:0}
073274 LEAD S0: prevLog &raft.Entry{Command:interface {}(nil), Term:0, Index:0}
073274 INFO S1: (term 1) follower 收到 [0] AppendEntries [], prevIndex 0, prevTerm 0
073274 INFO S2: (term 1) follower 收到 [0] AppendEntries [], prevIndex 0, prevTerm 0
073275 LEAD S0: 2 append success next 1 match 0
073275 LEAD S0: 1 append success next 1 match 0
073775 LEAD S0: prevLog &raft.Entry{Command:interface {}(nil), Term:0, Index:0}
073775 LEAD S0: prevLog &raft.Entry{Command:interface {}(nil), Term:0, Index:0}
073776 INFO S1: (term 1) follower 收到 [0] AppendEntries [], prevIndex 0, prevTerm 0
073776 INFO S2: (term 1) follower 收到 [0] AppendEntries [], prevIndex 0, prevTerm 0
073776 LEAD S0: 2 append success next 1 match 0
073776 LEAD S0: 1 append success next 1 match 0
074276 LEAD S0: prevLog &raft.Entry{Command:interface {}(nil), Term:0, Index:0}
074276 LEAD S0: prevLog &raft.Entry{Command:interface {}(nil), Term:0, Index:0}
074277 INFO S2: (term 1) follower 收到 [0] AppendEntries [], prevIndex 0, prevTerm 0
074277 INFO S1: (term 1) follower 收到 [0] AppendEntries [], prevIndex 0, prevTerm 0
074278 LEAD S0: 2 append success next 1 match 0
074278 LEAD S0: 1 append success next 1 match 0
074778 LEAD S0: prevLog &raft.Entry{Command:interface {}(nil), Term:0, Index:0}
074778 LEAD S0: prevLog &raft.Entry{Command:interface {}(nil), Term:0, Index:0}
074779 INFO S1: (term 1) follower 收到 [0] AppendEntries [], prevIndex 0, prevTerm 0
074779 INFO S2: (term 1) follower 收到 [0] AppendEntries [], prevIndex 0, prevTerm 0
074779 LEAD S0: 1 append success next 1 match 0
074779 LEAD S0: 2 append success next 1 match 0
075279 LEAD S0: prevLog &raft.Entry{Command:interface {}(nil), Term:0, Index:0}
075280 LEAD S0: prevLog &raft.Entry{Command:interface {}(nil), Term:0, Index:0}
075281 INFO S2: (term 1) follower 收到 [0] AppendEntries [], prevIndex 0, prevTerm 0
075281 LEAD S0: 2 append success next 1 match 0
075281 INFO S1: (term 1) follower 收到 [0] AppendEntries [], prevIndex 0, prevTerm 0
075282 LEAD S0: 1 append success next 1 match 0
075781 LEAD S0: prevLog &raft.Entry{Command:interface {}(nil), Term:0, Index:0}
075781 LEAD S0: prevLog &raft.Entry{Command:interface {}(nil), Term:0, Index:0}
075782 INFO S1: (term 1) follower 收到 [0] AppendEntries [], prevIndex 0, prevTerm 0
075782 INFO S2: (term 1) follower 收到 [0] AppendEntries [], prevIndex 0, prevTerm 0
075782 LEAD S0: 1 append success next 1 match 0
075783 LEAD S0: 2 append success next 1 match 0
076282 LEAD S0: prevLog &raft.Entry{Command:interface {}(nil), Term:0, Index:0}
076283 LEAD S0: prevLog &raft.Entry{Command:interface {}(nil), Term:0, Index:0}
076283 INFO S1: (term 1) follower 收到 [0] AppendEntries [], prevIndex 0, prevTerm 0
076284 INFO S2: (term 1) follower 收到 [0] AppendEntries [], prevIndex 0, prevTerm 0
076284 LEAD S0: 1 append success next 1 match 0
076284 LEAD S0: 2 append success next 1 match 0
076784 LEAD S0: prevLog &raft.Entry{Command:interface {}(nil), Term:0, Index:0}
076785 LEAD S0: prevLog &raft.Entry{Command:interface {}(nil), Term:0, Index:0}
076785 INFO S1: (term 1) follower 收到 [0] AppendEntries [], prevIndex 0, prevTerm 0
076785 INFO S2: (term 1) follower 收到 [0] AppendEntries [], prevIndex 0, prevTerm 0
076786 LEAD S0: 2 append success next 1 match 0
076786 LEAD S0: 1 append success next 1 match 0
077286 LEAD S0: prevLog &raft.Entry{Command:interface {}(nil), Term:0, Index:0}
077286 LEAD S0: prevLog &raft.Entry{Command:interface {}(nil), Term:0, Index:0}
077287 INFO S2: (term 1) follower 收到 [0] AppendEntries [], prevIndex 0, prevTerm 0
077287 LEAD S0: 2 append success next 1 match 0
077288 INFO S1: (term 1) follower 收到 [0] AppendEntries [], prevIndex 0, prevTerm 0
077288 LEAD S0: 1 append success next 1 match 0
077788 LEAD S0: prevLog &raft.Entry{Command:interface {}(nil), Term:0, Index:0}
077788 LEAD S0: prevLog &raft.Entry{Command:interface {}(nil), Term:0, Index:0}
077789 INFO S1: (term 1) follower 收到 [0] AppendEntries [], prevIndex 0, prevTerm 0
077789 INFO S2: (term 1) follower 收到 [0] AppendEntries [], prevIndex 0, prevTerm 0
077789 LEAD S0: 2 append success next 1 match 0
077789 LEAD S0: 1 append success next 1 match 0
078290 LEAD S0: prevLog &raft.Entry{Command:interface {}(nil), Term:0, Index:0}
078290 LEAD S0: prevLog &raft.Entry{Command:interface {}(nil), Term:0, Index:0}
078291 INFO S1: (term 1) follower 收到 [0] AppendEntries [], prevIndex 0, prevTerm 0
078291 INFO S2: (term 1) follower 收到 [0] AppendEntries [], prevIndex 0, prevTerm 0
078291 LEAD S0: 1 append success next 1 match 0
078291 LEAD S0: 2 append success next 1 match 0
078792 LEAD S0: prevLog &raft.Entry{Command:interface {}(nil), Term:0, Index:0}
078792 LEAD S0: prevLog &raft.Entry{Command:interface {}(nil), Term:0, Index:0}
078793 INFO S1: (term 1) follower 收到 [0] AppendEntries [], prevIndex 0, prevTerm 0
078793 INFO S2: (term 1) follower 收到 [0] AppendEntries [], prevIndex 0, prevTerm 0
078793 LEAD S0: 1 append success next 1 match 0
078793 LEAD S0: 2 append success next 1 match 0
079293 LEAD S0: prevLog &raft.Entry{Command:interface {}(nil), Term:0, Index:0}
079293 LEAD S0: prevLog &raft.Entry{Command:interface {}(nil), Term:0, Index:0}
079294 INFO S2: (term 1) follower 收到 [0] AppendEntries [], prevIndex 0, prevTerm 0
079295 LEAD S0: 2 append success next 1 match 0
079295 INFO S1: (term 1) follower 收到 [0] AppendEntries [], prevIndex 0, prevTerm 0
079295 LEAD S0: 1 append success next 1 match 0
079795 LEAD S0: prevLog &raft.Entry{Command:interface {}(nil), Term:0, Index:0}
079795 LEAD S0: prevLog &raft.Entry{Command:interface {}(nil), Term:0, Index:0}
079796 INFO S2: (term 1) follower 收到 [0] AppendEntries [], prevIndex 0, prevTerm 0
079796 INFO S1: (term 1) follower 收到 [0] AppendEntries [], prevIndex 0, prevTerm 0
079796 LEAD S0: 2 append success next 1 match 0
079796 LEAD S0: 1 append success next 1 match 0
080297 LEAD S0: prevLog &raft.Entry{Command:interface {}(nil), Term:0, Index:0}
080297 LEAD S0: prevLog &raft.Entry{Command:interface {}(nil), Term:0, Index:0}
080298 INFO S1: (term 1) follower 收到 [0] AppendEntries [], prevIndex 0, prevTerm 0
080298 INFO S2: (term 1) follower 收到 [0] AppendEntries [], prevIndex 0, prevTerm 0
080298 LEAD S0: 1 append success next 1 match 0
080298 LEAD S0: 2 append success next 1 match 0
080798 LEAD S0: prevLog &raft.Entry{Command:interface {}(nil), Term:0, Index:0}
080799 LEAD S0: prevLog &raft.Entry{Command:interface {}(nil), Term:0, Index:0}
080799 INFO S2: (term 1) follower 收到 [0] AppendEntries [], prevIndex 0, prevTerm 0
080799 INFO S1: (term 1) follower 收到 [0] AppendEntries [], prevIndex 0, prevTerm 0
080800 LEAD S0: 2 append success next 1 match 0
080800 LEAD S0: 1 append success next 1 match 0
081301 LEAD S0: prevLog &raft.Entry{Command:interface {}(nil), Term:0, Index:0}
081302 LEAD S0: prevLog &raft.Entry{Command:interface {}(nil), Term:0, Index:0}
081302 INFO S2: (term 1) follower 收到 [0] AppendEntries [], prevIndex 0, prevTerm 0
081302 INFO S1: (term 1) follower 收到 [0] AppendEntries [], prevIndex 0, prevTerm 0
081303 LEAD S0: 2 append success next 1 match 0
081303 LEAD S0: 1 append success next 1 match 0
081803 LEAD S0: prevLog &raft.Entry{Command:interface {}(nil), Term:0, Index:0}
081804 LEAD S0: prevLog &raft.Entry{Command:interface {}(nil), Term:0, Index:0}
081804 INFO S2: (term 1) follower 收到 [0] AppendEntries [], prevIndex 0, prevTerm 0
081805 LEAD S0: 2 append success next 1 match 0
081805 INFO S1: (term 1) follower 收到 [0] AppendEntries [], prevIndex 0, prevTerm 0
081805 LEAD S0: 1 append success next 1 match 0
082305 LEAD S0: prevLog &raft.Entry{Command:interface {}(nil), Term:0, Index:0}
082305 LEAD S0: prevLog &raft.Entry{Command:interface {}(nil), Term:0, Index:0}
082306 INFO S2: (term 1) follower 收到 [0] AppendEntries [], prevIndex 0, prevTerm 0
082306 INFO S1: (term 1) follower 收到 [0] AppendEntries [], prevIndex 0, prevTerm 0
082306 LEAD S0: 2 append success next 1 match 0
082307 LEAD S0: 1 append success next 1 match 0
082807 LEAD S0: prevLog &raft.Entry{Command:interface {}(nil), Term:0, Index:0}
082807 LEAD S0: prevLog &raft.Entry{Command:interface {}(nil), Term:0, Index:0}
082808 INFO S1: (term 1) follower 收到 [0] AppendEntries [], prevIndex 0, prevTerm 0
082808 INFO S2: (term 1) follower 收到 [0] AppendEntries [], prevIndex 0, prevTerm 0
082808 LEAD S0: 2 append success next 1 match 0
082808 LEAD S0: 1 append success next 1 match 0
083309 LEAD S0: prevLog &raft.Entry{Command:interface {}(nil), Term:0, Index:0}
083309 LEAD S0: prevLog &raft.Entry{Command:interface {}(nil), Term:0, Index:0}
083310 INFO S2: (term 1) follower 收到 [0] AppendEntries [], prevIndex 0, prevTerm 0
083310 INFO S1: (term 1) follower 收到 [0] AppendEntries [], prevIndex 0, prevTerm 0
083310 LEAD S0: 2 append success next 1 match 0
083310 LEAD S0: 1 append success next 1 match 0
083810 LEAD S0: prevLog &raft.Entry{Command:interface {}(nil), Term:0, Index:0}
083811 LEAD S0: prevLog &raft.Entry{Command:interface {}(nil), Term:0, Index:0}
083812 INFO S2: (term 1) follower 收到 [0] AppendEntries [], prevIndex 0, prevTerm 0
083812 INFO S1: (term 1) follower 收到 [0] AppendEntries [], prevIndex 0, prevTerm 0
083812 LEAD S0: 2 append success next 1 match 0
083812 LEAD S0: 1 append success next 1 match 0
084312 LEAD S0: prevLog &raft.Entry{Command:interface {}(nil), Term:0, Index:0}
084313 LEAD S0: prevLog &raft.Entry{Command:interface {}(nil), Term:0, Index:0}
084314 INFO S1: (term 1) follower 收到 [0] AppendEntries [], prevIndex 0, prevTerm 0
084315 INFO S2: (term 1) follower 收到 [0] AppendEntries [], prevIndex 0, prevTerm 0
084315 LEAD S0: 1 append success next 1 match 0
084315 LEAD S0: 2 append success next 1 match 0
084814 LEAD S0: prevLog &raft.Entry{Command:interface {}(nil), Term:0, Index:0}
084814 LEAD S0: prevLog &raft.Entry{Command:interface {}(nil), Term:0, Index:0}
084815 INFO S1: (term 1) follower 收到 [0] AppendEntries [], prevIndex 0, prevTerm 0
084815 INFO S2: (term 1) follower 收到 [0] AppendEntries [], prevIndex 0, prevTerm 0
084815 LEAD S0: 1 append success next 1 match 0
084815 LEAD S0: 2 append success next 1 match 0
085316 LEAD S0: prevLog &raft.Entry{Command:interface {}(nil), Term:0, Index:0}
085316 LEAD S0: prevLog &raft.Entry{Command:interface {}(nil), Term:0, Index:0}
085317 INFO S1: (term 1) follower 收到 [0] AppendEntries [], prevIndex 0, prevTerm 0
085317 INFO S2: (term 1) follower 收到 [0] AppendEntries [], prevIndex 0, prevTerm 0
085317 LEAD S0: 1 append success next 1 match 0
085318 LEAD S0: 2 append success next 1 match 0
085817 LEAD S0: prevLog &raft.Entry{Command:interface {}(nil), Term:0, Index:0}
085818 LEAD S0: prevLog &raft.Entry{Command:interface {}(nil), Term:0, Index:0}
085818 INFO S2: (term 1) follower 收到 [0] AppendEntries [], prevIndex 0, prevTerm 0
085819 INFO S1: (term 1) follower 收到 [0] AppendEntries [], prevIndex 0, prevTerm 0
085819 LEAD S0: 2 append success next 1 match 0
085819 LEAD S0: 1 append success next 1 match 0
086319 LEAD S0: prevLog &raft.Entry{Command:interface {}(nil), Term:0, Index:0}
086319 LEAD S0: prevLog &raft.Entry{Command:interface {}(nil), Term:0, Index:0}
086320 INFO S1: (term 1) follower 收到 [0] AppendEntries [], prevIndex 0, prevTerm 0
086320 INFO S2: (term 1) follower 收到 [0] AppendEntries [], prevIndex 0, prevTerm 0
086320 LEAD S0: 1 append success next 1 match 0
086321 LEAD S0: 2 append success next 1 match 0
086821 LEAD S0: prevLog &raft.Entry{Command:interface {}(nil), Term:0, Index:0}
086821 LEAD S0: prevLog &raft.Entry{Command:interface {}(nil), Term:0, Index:0}
086822 INFO S2: (term 1) follower 收到 [0] AppendEntries [], prevIndex 0, prevTerm 0
086822 INFO S1: (term 1) follower 收到 [0] AppendEntries [], prevIndex 0, prevTerm 0
086822 LEAD S0: 2 append success next 1 match 0
086822 LEAD S0: 1 append success next 1 match 0
087323 LEAD S0: prevLog &raft.Entry{Command:interface {}(nil), Term:0, Index:0}
087323 LEAD S0: prevLog &raft.Entry{Command:interface {}(nil), Term:0, Index:0}
087324 INFO S1: (term 1) follower 收到 [0] AppendEntries [], prevIndex 0, prevTerm 0
087324 INFO S2: (term 1) follower 收到 [0] AppendEntries [], prevIndex 0, prevTerm 0
087324 LEAD S0: 1 append success next 1 match 0
087324 LEAD S0: 2 append success next 1 match 0
087825 LEAD S0: prevLog &raft.Entry{Command:interface {}(nil), Term:0, Index:0}
087825 LEAD S0: prevLog &raft.Entry{Command:interface {}(nil), Term:0, Index:0}
087826 INFO S2: (term 1) follower 收到 [0] AppendEntries [], prevIndex 0, prevTerm 0
087827 LEAD S0: 2 append success next 1 match 0
087827 INFO S1: (term 1) follower 收到 [0] AppendEntries [], prevIndex 0, prevTerm 0
087827 LEAD S0: 1 append success next 1 match 0
088326 LEAD S0: prevLog &raft.Entry{Command:interface {}(nil), Term:0, Index:0}
088327 LEAD S0: prevLog &raft.Entry{Command:interface {}(nil), Term:0, Index:0}
088327 INFO S1: (term 1) follower 收到 [0] AppendEntries [], prevIndex 0, prevTerm 0
088327 INFO S2: (term 1) follower 收到 [0] AppendEntries [], prevIndex 0, prevTerm 0
088328 LEAD S0: 1 append success next 1 match 0
088328 LEAD S0: 2 append success next 1 match 0
088828 LEAD S0: prevLog &raft.Entry{Command:interface {}(nil), Term:0, Index:0}
088828 LEAD S0: prevLog &raft.Entry{Command:interface {}(nil), Term:0, Index:0}
088829 INFO S2: (term 1) follower 收到 [0] AppendEntries [], prevIndex 0, prevTerm 0
088829 LEAD S0: 2 append success next 1 match 0
088830 INFO S1: (term 1) follower 收到 [0] AppendEntries [], prevIndex 0, prevTerm 0
088830 LEAD S0: 1 append success next 1 match 0
089330 LEAD S0: prevLog &raft.Entry{Command:interface {}(nil), Term:0, Index:0}
089330 LEAD S0: prevLog &raft.Entry{Command:interface {}(nil), Term:0, Index:0}
089331 INFO S1: (term 1) follower 收到 [0] AppendEntries [], prevIndex 0, prevTerm 0
089331 INFO S2: (term 1) follower 收到 [0] AppendEntries [], prevIndex 0, prevTerm 0
089331 LEAD S0: 1 append success next 1 match 0
089331 LEAD S0: 2 append success next 1 match 0
089831 LEAD S0: prevLog &raft.Entry{Command:interface {}(nil), Term:0, Index:0}
089831 LEAD S0: prevLog &raft.Entry{Command:interface {}(nil), Term:0, Index:0}
089832 INFO S1: (term 1) follower 收到 [0] AppendEntries [], prevIndex 0, prevTerm 0
089832 INFO S2: (term 1) follower 收到 [0] AppendEntries [], prevIndex 0, prevTerm 0
089832 LEAD S0: 1 append success next 1 match 0
089832 LEAD S0: 2 append success next 1 match 0
090333 LEAD S0: prevLog &raft.Entry{Command:interface {}(nil), Term:0, Index:0}
090333 LEAD S0: prevLog &raft.Entry{Command:interface {}(nil), Term:0, Index:0}
090334 INFO S1: (term 1) follower 收到 [0] AppendEntries [], prevIndex 0, prevTerm 0
090334 INFO S2: (term 1) follower 收到 [0] AppendEntries [], prevIndex 0, prevTerm 0
090334 LEAD S0: 1 append success next 1 match 0
090334 LEAD S0: 2 append success next 1 match 0
090835 LEAD S0: prevLog &raft.Entry{Command:interface {}(nil), Term:0, Index:0}
090835 LEAD S0: prevLog &raft.Entry{Command:interface {}(nil), Term:0, Index:0}
090835 INFO S2: (term 1) follower 收到 [0] AppendEntries [], prevIndex 0, prevTerm 0
090836 INFO S1: (term 1) follower 收到 [0] AppendEntries [], prevIndex 0, prevTerm 0
090836 LEAD S0: 2 append success next 1 match 0
090836 LEAD S0: 1 append success next 1 match 0
091336 LEAD S0: prevLog &raft.Entry{Command:interface {}(nil), Term:0, Index:0}
091337 LEAD S0: prevLog &raft.Entry{Command:interface {}(nil), Term:0, Index:0}
091337 INFO S1: (term 1) follower 收到 [0] AppendEntries [], prevIndex 0, prevTerm 0
091337 INFO S2: (term 1) follower 收到 [0] AppendEntries [], prevIndex 0, prevTerm 0
091338 LEAD S0: 2 append success next 1 match 0
091338 LEAD S0: 1 append success next 1 match 0
091838 LEAD S0: prevLog &raft.Entry{Command:interface {}(nil), Term:0, Index:0}
091838 LEAD S0: prevLog &raft.Entry{Command:interface {}(nil), Term:0, Index:0}
091839 INFO S2: (term 1) follower 收到 [0] AppendEntries [], prevIndex 0, prevTerm 0
091839 INFO S1: (term 1) follower 收到 [0] AppendEntries [], prevIndex 0, prevTerm 0
091839 LEAD S0: 1 append success next 1 match 0
091839 LEAD S0: 2 append success next 1 match 0
092340 LEAD S0: prevLog &raft.Entry{Command:interface {}(nil), Term:0, Index:0}
092340 LEAD S0: prevLog &raft.Entry{Command:interface {}(nil), Term:0, Index:0}
092341 INFO S1: (term 1) follower 收到 [0] AppendEntries [], prevIndex 0, prevTerm 0
092341 INFO S2: (term 1) follower 收到 [0] AppendEntries [], prevIndex 0, prevTerm 0
092341 LEAD S0: 1 append success next 1 match 0
092341 LEAD S0: 2 append success next 1 match 0
092841 LEAD S0: prevLog &raft.Entry{Command:interface {}(nil), Term:0, Index:0}
092841 LEAD S0: prevLog &raft.Entry{Command:interface {}(nil), Term:0, Index:0}
092842 INFO S2: (term 1) follower 收到 [0] AppendEntries [], prevIndex 0, prevTerm 0
092842 INFO S1: (term 1) follower 收到 [0] AppendEntries [], prevIndex 0, prevTerm 0
092843 LEAD S0: 2 append success next 1 match 0
092843 LEAD S0: 1 append success next 1 match 0
093343 LEAD S0: prevLog &raft.Entry{Command:interface {}(nil), Term:0, Index:0}
093343 LEAD S0: prevLog &raft.Entry{Command:interface {}(nil), Term:0, Index:0}
093344 INFO S1: (term 1) follower 收到 [0] AppendEntries [], prevIndex 0, prevTerm 0
093344 INFO S2: (term 1) follower 收到 [0] AppendEntries [], prevIndex 0, prevTerm 0
093344 LEAD S0: 1 append success next 1 match 0
093344 LEAD S0: 2 append success next 1 match 0
093845 LEAD S0: prevLog &raft.Entry{Command:interface {}(nil), Term:0, Index:0}
093845 LEAD S0: prevLog &raft.Entry{Command:interface {}(nil), Term:0, Index:0}
093846 INFO S1: (term 1) follower 收到 [0] AppendEntries [], prevIndex 0, prevTerm 0
093846 INFO S2: (term 1) follower 收到 [0] AppendEntries [], prevIndex 0, prevTerm 0
093846 LEAD S0: 1 append success next 1 match 0
093846 LEAD S0: 2 append success next 1 match 0
094346 LEAD S0: prevLog &raft.Entry{Command:interface {}(nil), Term:0, Index:0}
094346 LEAD S0: prevLog &raft.Entry{Command:interface {}(nil), Term:0, Index:0}
094347 INFO S2: (term 1) follower 收到 [0] AppendEntries [], prevIndex 0, prevTerm 0
094347 INFO S1: (term 1) follower 收到 [0] AppendEntries [], prevIndex 0, prevTerm 0
094348 LEAD S0: 2 append success next 1 match 0
094348 LEAD S0: 1 append success next 1 match 0
094848 LEAD S0: prevLog &raft.Entry{Command:interface {}(nil), Term:0, Index:0}
094848 LEAD S0: prevLog &raft.Entry{Command:interface {}(nil), Term:0, Index:0}
094849 INFO S1: (term 1) follower 收到 [0] AppendEntries [], prevIndex 0, prevTerm 0
094849 INFO S2: (term 1) follower 收到 [0] AppendEntries [], prevIndex 0, prevTerm 0
094849 LEAD S0: 2 append success next 1 match 0
094849 LEAD S0: 1 append success next 1 match 0
095350 LEAD S0: prevLog &raft.Entry{Command:interface {}(nil), Term:0, Index:0}
095350 LEAD S0: prevLog &raft.Entry{Command:interface {}(nil), Term:0, Index:0}
095351 INFO S1: (term 1) follower 收到 [0] AppendEntries [], prevIndex 0, prevTerm 0
095351 INFO S2: (term 1) follower 收到 [0] AppendEntries [], prevIndex 0, prevTerm 0
095351 LEAD S0: 1 append success next 1 match 0
095352 LEAD S0: 2 append success next 1 match 0
095852 LEAD S0: prevLog &raft.Entry{Command:interface {}(nil), Term:0, Index:0}
095852 LEAD S0: prevLog &raft.Entry{Command:interface {}(nil), Term:0, Index:0}
095853 INFO S1: (term 1) follower 收到 [0] AppendEntries [], prevIndex 0, prevTerm 0
095853 INFO S2: (term 1) follower 收到 [0] AppendEntries [], prevIndex 0, prevTerm 0
095853 LEAD S0: 1 append success next 1 match 0
095853 LEAD S0: 2 append success next 1 match 0
096354 LEAD S0: prevLog &raft.Entry{Command:interface {}(nil), Term:0, Index:0}
096354 LEAD S0: prevLog &raft.Entry{Command:interface {}(nil), Term:0, Index:0}
096355 INFO S1: (term 1) follower 收到 [0] AppendEntries [], prevIndex 0, prevTerm 0
096355 INFO S2: (term 1) follower 收到 [0] AppendEntries [], prevIndex 0, prevTerm 0
096355 LEAD S0: 1 append success next 1 match 0
096355 LEAD S0: 2 append success next 1 match 0
096855 LEAD S0: prevLog &raft.Entry{Command:interface {}(nil), Term:0, Index:0}
096855 LEAD S0: prevLog &raft.Entry{Command:interface {}(nil), Term:0, Index:0}
096856 INFO S1: (term 1) follower 收到 [0] AppendEntries [], prevIndex 0, prevTerm 0
096856 INFO S2: (term 1) follower 收到 [0] AppendEntries [], prevIndex 0, prevTerm 0
096856 LEAD S0: 1 append success next 1 match 0
096857 LEAD S0: 2 append success next 1 match 0
097357 LEAD S0: prevLog &raft.Entry{Command:interface {}(nil), Term:0, Index:0}
097357 LEAD S0: prevLog &raft.Entry{Command:interface {}(nil), Term:0, Index:0}
097358 INFO S2: (term 1) follower 收到 [0] AppendEntries [], prevIndex 0, prevTerm 0
097358 INFO S1: (term 1) follower 收到 [0] AppendEntries [], prevIndex 0, prevTerm 0
097358 LEAD S0: 2 append success next 1 match 0
097358 LEAD S0: 1 append success next 1 match 0
097859 LEAD S0: prevLog &raft.Entry{Command:interface {}(nil), Term:0, Index:0}
097859 LEAD S0: prevLog &raft.Entry{Command:interface {}(nil), Term:0, Index:0}
097860 INFO S2: (term 1) follower 收到 [0] AppendEntries [], prevIndex 0, prevTerm 0
097860 INFO S1: (term 1) follower 收到 [0] AppendEntries [], prevIndex 0, prevTerm 0
097860 LEAD S0: 1 append success next 1 match 0
097860 LEAD S0: 2 append success next 1 match 0
098360 LEAD S0: prevLog &raft.Entry{Command:interface {}(nil), Term:0, Index:0}
098361 LEAD S0: prevLog &raft.Entry{Command:interface {}(nil), Term:0, Index:0}
098361 INFO S1: (term 1) follower 收到 [0] AppendEntries [], prevIndex 0, prevTerm 0
098361 INFO S2: (term 1) follower 收到 [0] AppendEntries [], prevIndex 0, prevTerm 0
098362 LEAD S0: 2 append success next 1 match 0
098362 LEAD S0: 1 append success next 1 match 0
098862 LEAD S0: prevLog &raft.Entry{Command:interface {}(nil), Term:0, Index:0}
098862 LEAD S0: prevLog &raft.Entry{Command:interface {}(nil), Term:0, Index:0}
098863 INFO S2: (term 1) follower 收到 [0] AppendEntries [], prevIndex 0, prevTerm 0
098863 INFO S1: (term 1) follower 收到 [0] AppendEntries [], prevIndex 0, prevTerm 0
098863 LEAD S0: 1 append success next 1 match 0
098863 LEAD S0: 2 append success next 1 match 0
099364 LEAD S0: prevLog &raft.Entry{Command:interface {}(nil), Term:0, Index:0}
099365 LEAD S0: prevLog &raft.Entry{Command:interface {}(nil), Term:0, Index:0}
099365 INFO S1: (term 1) follower 收到 [0] AppendEntries [], prevIndex 0, prevTerm 0
099365 INFO S2: (term 1) follower 收到 [0] AppendEntries [], prevIndex 0, prevTerm 0
099366 LEAD S0: 1 append success next 1 match 0
099366 LEAD S0: 2 append success next 1 match 0
099866 LEAD S0: prevLog &raft.Entry{Command:interface {}(nil), Term:0, Index:0}
099866 LEAD S0: prevLog &raft.Entry{Command:interface {}(nil), Term:0, Index:0}
099867 INFO S2: (term 1) follower 收到 [0] AppendEntries [], prevIndex 0, prevTerm 0
099867 LEAD S0: 2 append success next 1 match 0
099867 INFO S1: (term 1) follower 收到 [0] AppendEntries [], prevIndex 0, prevTerm 0
099868 LEAD S0: 1 append success next 1 match 0
--- FAIL: TestPersist12C (10.04s)
    config.go:609: one(11) failed to reach agreement
100369 LEAD S0: prevLog &raft.Entry{Command:interface {}(nil), Term:0, Index:0}
100369 LEAD S0: prevLog &raft.Entry{Command:interface {}(nil), Term:0, Index:0}
FAIL
exit status 1
FAIL	6.824/raft	10.038s
