Test (2C): basic persistence ...
002510 INFO S2: start leader election, term 1
002510 VOTE S2: term 1 send vote request to 1
002511 VOTE S2: term 1 send vote request to 0
002511 TERM S1: set new term 1
002511 VOTE S1: term 1 vote 2
002512 VOTE S2: reply from 1, term一致，且投给2
002512 LEAD S2: come to power, start to send heartbeat
002512 LEAD S2: prevLog &raft.Entry{Command:interface {}(nil), Term:0, Index:0}
002512 LEAD S2: prevLog &raft.Entry{Command:interface {}(nil), Term:0, Index:0}
002512 TERM S0: set new term 1
002512 VOTE S0: term 1 vote 2
002512 VOTE S2: reply from 0, term一致，且投给2
002512 INFO S1: (term 1) follower 收到 [2] AppendEntries [], prevIndex 0, prevTerm 0
002513 LEAD S2: 1 append success next 1 match 0
002513 INFO S0: (term 1) follower 收到 [2] AppendEntries [], prevIndex 0, prevTerm 0
002513 LEAD S2: 0 append success next 1 match 0
003012 LEAD S2: prevLog &raft.Entry{Command:interface {}(nil), Term:0, Index:0}
003012 LEAD S2: prevLog &raft.Entry{Command:interface {}(nil), Term:0, Index:0}
003013 INFO S0: (term 1) follower 收到 [2] AppendEntries [], prevIndex 0, prevTerm 0
003013 LEAD S2: 0 append success next 1 match 0
003013 INFO S1: (term 1) follower 收到 [2] AppendEntries [], prevIndex 0, prevTerm 0
003014 LEAD S2: 1 append success next 1 match 0
003514 LEAD S2: prevLog &raft.Entry{Command:interface {}(nil), Term:0, Index:0}
003515 LEAD S2: prevLog &raft.Entry{Command:interface {}(nil), Term:0, Index:0}
003515 INFO S1: (term 1) follower 收到 [2] AppendEntries [], prevIndex 0, prevTerm 0
003515 INFO S0: (term 1) follower 收到 [2] AppendEntries [], prevIndex 0, prevTerm 0
003516 LEAD S2: 0 append success next 1 match 0
003516 LEAD S2: 1 append success next 1 match 0
004017 LEAD S2: prevLog &raft.Entry{Command:interface {}(nil), Term:0, Index:0}
004017 LEAD S2: prevLog &raft.Entry{Command:interface {}(nil), Term:0, Index:0}
004017 INFO S1: (term 1) follower 收到 [2] AppendEntries [], prevIndex 0, prevTerm 0
004018 LEAD S2: 1 append success next 1 match 0
004018 INFO S0: (term 1) follower 收到 [2] AppendEntries [], prevIndex 0, prevTerm 0
004018 LEAD S2: 0 append success next 1 match 0
004519 LEAD S2: prevLog &raft.Entry{Command:interface {}(nil), Term:0, Index:0}
004519 LEAD S2: prevLog &raft.Entry{Command:interface {}(nil), Term:0, Index:0}
004520 INFO S1: (term 1) follower 收到 [2] AppendEntries [], prevIndex 0, prevTerm 0
004520 INFO S0: (term 1) follower 收到 [2] AppendEntries [], prevIndex 0, prevTerm 0
004520 LEAD S2: 1 append success next 1 match 0
004520 LEAD S2: 0 append success next 1 match 0
005021 LEAD S2: prevLog &raft.Entry{Command:interface {}(nil), Term:0, Index:0}
005021 LEAD S2: prevLog &raft.Entry{Command:interface {}(nil), Term:0, Index:0}
005021 INFO S0: (term 1) follower 收到 [2] AppendEntries [], prevIndex 0, prevTerm 0
005022 INFO S1: (term 1) follower 收到 [2] AppendEntries [], prevIndex 0, prevTerm 0
005022 LEAD S2: 1 append success next 1 match 0
005022 LEAD S2: 0 append success next 1 match 0
005522 LEAD S2: prevLog &raft.Entry{Command:interface {}(nil), Term:0, Index:0}
005523 LEAD S2: prevLog &raft.Entry{Command:interface {}(nil), Term:0, Index:0}
005523 INFO S0: (term 1) follower 收到 [2] AppendEntries [], prevIndex 0, prevTerm 0
005523 INFO S1: (term 1) follower 收到 [2] AppendEntries [], prevIndex 0, prevTerm 0
005524 LEAD S2: 0 append success next 1 match 0
005524 LEAD S2: 1 append success next 1 match 0
006024 LEAD S2: prevLog &raft.Entry{Command:interface {}(nil), Term:0, Index:0}
006024 LEAD S2: prevLog &raft.Entry{Command:interface {}(nil), Term:0, Index:0}
006025 INFO S1: (term 1) follower 收到 [2] AppendEntries [], prevIndex 0, prevTerm 0
006025 INFO S0: (term 1) follower 收到 [2] AppendEntries [], prevIndex 0, prevTerm 0
006025 LEAD S2: 1 append success next 1 match 0
006025 LEAD S2: 0 append success next 1 match 0
006526 LEAD S2: prevLog &raft.Entry{Command:interface {}(nil), Term:0, Index:0}
006526 LEAD S2: prevLog &raft.Entry{Command:interface {}(nil), Term:0, Index:0}
006527 INFO S0: (term 1) follower 收到 [2] AppendEntries [], prevIndex 0, prevTerm 0
006527 INFO S1: (term 1) follower 收到 [2] AppendEntries [], prevIndex 0, prevTerm 0
006527 LEAD S2: 0 append success next 1 match 0
006528 LEAD S2: 1 append success next 1 match 0
007028 LEAD S2: prevLog &raft.Entry{Command:interface {}(nil), Term:0, Index:0}
007028 LEAD S2: prevLog &raft.Entry{Command:interface {}(nil), Term:0, Index:0}
007029 INFO S1: (term 1) follower 收到 [2] AppendEntries [], prevIndex 0, prevTerm 0
007029 INFO S0: (term 1) follower 收到 [2] AppendEntries [], prevIndex 0, prevTerm 0
007029 LEAD S2: 1 append success next 1 match 0
007029 LEAD S2: 0 append success next 1 match 0
007530 LEAD S2: prevLog &raft.Entry{Command:interface {}(nil), Term:0, Index:0}
007531 LEAD S2: prevLog &raft.Entry{Command:interface {}(nil), Term:0, Index:0}
007531 INFO S0: (term 1) follower 收到 [2] AppendEntries [], prevIndex 0, prevTerm 0
007532 LEAD S2: 0 append success next 1 match 0
007532 INFO S1: (term 1) follower 收到 [2] AppendEntries [], prevIndex 0, prevTerm 0
007532 LEAD S2: 1 append success next 1 match 0
008033 LEAD S2: prevLog &raft.Entry{Command:interface {}(nil), Term:0, Index:0}
008033 LEAD S2: prevLog &raft.Entry{Command:interface {}(nil), Term:0, Index:0}
008034 INFO S1: (term 1) follower 收到 [2] AppendEntries [], prevIndex 0, prevTerm 0
008034 INFO S0: (term 1) follower 收到 [2] AppendEntries [], prevIndex 0, prevTerm 0
008035 LEAD S2: 1 append success next 1 match 0
008035 LEAD S2: 0 append success next 1 match 0
008535 LEAD S2: prevLog &raft.Entry{Command:interface {}(nil), Term:0, Index:0}
008536 LEAD S2: prevLog &raft.Entry{Command:interface {}(nil), Term:0, Index:0}
008536 INFO S1: (term 1) follower 收到 [2] AppendEntries [], prevIndex 0, prevTerm 0
008536 INFO S0: (term 1) follower 收到 [2] AppendEntries [], prevIndex 0, prevTerm 0
008537 LEAD S2: 0 append success next 1 match 0
008537 LEAD S2: 1 append success next 1 match 0
009037 LEAD S2: prevLog &raft.Entry{Command:interface {}(nil), Term:0, Index:0}
009037 LEAD S2: prevLog &raft.Entry{Command:interface {}(nil), Term:0, Index:0}
009038 INFO S0: (term 1) follower 收到 [2] AppendEntries [], prevIndex 0, prevTerm 0
009038 INFO S1: (term 1) follower 收到 [2] AppendEntries [], prevIndex 0, prevTerm 0
009038 LEAD S2: 0 append success next 1 match 0
009038 LEAD S2: 1 append success next 1 match 0
009539 LEAD S2: prevLog &raft.Entry{Command:interface {}(nil), Term:0, Index:0}
009540 LEAD S2: prevLog &raft.Entry{Command:interface {}(nil), Term:0, Index:0}
009541 INFO S1: (term 1) follower 收到 [2] AppendEntries [], prevIndex 0, prevTerm 0
009541 LEAD S2: 1 append success next 1 match 0
009541 INFO S0: (term 1) follower 收到 [2] AppendEntries [], prevIndex 0, prevTerm 0
009542 LEAD S2: 0 append success next 1 match 0
010042 LEAD S2: prevLog &raft.Entry{Command:interface {}(nil), Term:0, Index:0}
010043 LEAD S2: prevLog &raft.Entry{Command:interface {}(nil), Term:0, Index:0}
010043 INFO S1: (term 1) follower 收到 [2] AppendEntries [], prevIndex 0, prevTerm 0
010044 INFO S0: (term 1) follower 收到 [2] AppendEntries [], prevIndex 0, prevTerm 0
010044 LEAD S2: 1 append success next 1 match 0
010044 LEAD S2: 0 append success next 1 match 0
010544 LEAD S2: prevLog &raft.Entry{Command:interface {}(nil), Term:0, Index:0}
010545 LEAD S2: prevLog &raft.Entry{Command:interface {}(nil), Term:0, Index:0}
010545 INFO S0: (term 1) follower 收到 [2] AppendEntries [], prevIndex 0, prevTerm 0
010545 INFO S1: (term 1) follower 收到 [2] AppendEntries [], prevIndex 0, prevTerm 0
010546 LEAD S2: 0 append success next 1 match 0
010546 LEAD S2: 1 append success next 1 match 0
011046 LEAD S2: prevLog &raft.Entry{Command:interface {}(nil), Term:0, Index:0}
011046 LEAD S2: prevLog &raft.Entry{Command:interface {}(nil), Term:0, Index:0}
011047 INFO S0: (term 1) follower 收到 [2] AppendEntries [], prevIndex 0, prevTerm 0
011047 LEAD S2: 0 append success next 1 match 0
011047 INFO S1: (term 1) follower 收到 [2] AppendEntries [], prevIndex 0, prevTerm 0
011048 LEAD S2: 1 append success next 1 match 0
011548 LEAD S2: prevLog &raft.Entry{Command:interface {}(nil), Term:0, Index:0}
011548 LEAD S2: prevLog &raft.Entry{Command:interface {}(nil), Term:0, Index:0}
011549 INFO S1: (term 1) follower 收到 [2] AppendEntries [], prevIndex 0, prevTerm 0
011549 INFO S0: (term 1) follower 收到 [2] AppendEntries [], prevIndex 0, prevTerm 0
011550 LEAD S2: 1 append success next 1 match 0
011550 LEAD S2: 0 append success next 1 match 0
012050 LEAD S2: prevLog &raft.Entry{Command:interface {}(nil), Term:0, Index:0}
012050 LEAD S2: prevLog &raft.Entry{Command:interface {}(nil), Term:0, Index:0}
012051 INFO S1: (term 1) follower 收到 [2] AppendEntries [], prevIndex 0, prevTerm 0
012051 LEAD S2: 1 append success next 1 match 0
012051 INFO S0: (term 1) follower 收到 [2] AppendEntries [], prevIndex 0, prevTerm 0
012051 LEAD S2: 0 append success next 1 match 0
012552 LEAD S2: prevLog &raft.Entry{Command:interface {}(nil), Term:0, Index:0}
012552 LEAD S2: prevLog &raft.Entry{Command:interface {}(nil), Term:0, Index:0}
012553 INFO S1: (term 1) follower 收到 [2] AppendEntries [], prevIndex 0, prevTerm 0
012553 INFO S0: (term 1) follower 收到 [2] AppendEntries [], prevIndex 0, prevTerm 0
012553 LEAD S2: 0 append success next 1 match 0
012553 LEAD S2: 1 append success next 1 match 0
013054 LEAD S2: prevLog &raft.Entry{Command:interface {}(nil), Term:0, Index:0}
013054 LEAD S2: prevLog &raft.Entry{Command:interface {}(nil), Term:0, Index:0}
013055 INFO S1: (term 1) follower 收到 [2] AppendEntries [], prevIndex 0, prevTerm 0
013055 INFO S0: (term 1) follower 收到 [2] AppendEntries [], prevIndex 0, prevTerm 0
013055 LEAD S2: 0 append success next 1 match 0
013055 LEAD S2: 1 append success next 1 match 0
013556 LEAD S2: prevLog &raft.Entry{Command:interface {}(nil), Term:0, Index:0}
013556 LEAD S2: prevLog &raft.Entry{Command:interface {}(nil), Term:0, Index:0}
013557 INFO S1: (term 1) follower 收到 [2] AppendEntries [], prevIndex 0, prevTerm 0
013557 INFO S0: (term 1) follower 收到 [2] AppendEntries [], prevIndex 0, prevTerm 0
013557 LEAD S2: 1 append success next 1 match 0
013557 LEAD S2: 0 append success next 1 match 0
014058 LEAD S2: prevLog &raft.Entry{Command:interface {}(nil), Term:0, Index:0}
014059 LEAD S2: prevLog &raft.Entry{Command:interface {}(nil), Term:0, Index:0}
014059 INFO S0: (term 1) follower 收到 [2] AppendEntries [], prevIndex 0, prevTerm 0
014059 INFO S1: (term 1) follower 收到 [2] AppendEntries [], prevIndex 0, prevTerm 0
014060 LEAD S2: 0 append success next 1 match 0
014060 LEAD S2: 1 append success next 1 match 0
014560 LEAD S2: prevLog &raft.Entry{Command:interface {}(nil), Term:0, Index:0}
014561 LEAD S2: prevLog &raft.Entry{Command:interface {}(nil), Term:0, Index:0}
014561 INFO S0: (term 1) follower 收到 [2] AppendEntries [], prevIndex 0, prevTerm 0
014561 INFO S1: (term 1) follower 收到 [2] AppendEntries [], prevIndex 0, prevTerm 0
014562 LEAD S2: 0 append success next 1 match 0
014562 LEAD S2: 1 append success next 1 match 0
015063 LEAD S2: prevLog &raft.Entry{Command:interface {}(nil), Term:0, Index:0}
015063 LEAD S2: prevLog &raft.Entry{Command:interface {}(nil), Term:0, Index:0}
015064 INFO S0: (term 1) follower 收到 [2] AppendEntries [], prevIndex 0, prevTerm 0
015064 LEAD S2: 0 append success next 1 match 0
015065 INFO S1: (term 1) follower 收到 [2] AppendEntries [], prevIndex 0, prevTerm 0
015065 LEAD S2: 1 append success next 1 match 0
015566 LEAD S2: prevLog &raft.Entry{Command:interface {}(nil), Term:0, Index:0}
015566 LEAD S2: prevLog &raft.Entry{Command:interface {}(nil), Term:0, Index:0}
015567 INFO S1: (term 1) follower 收到 [2] AppendEntries [], prevIndex 0, prevTerm 0
015567 LEAD S2: 1 append success next 1 match 0
015567 INFO S0: (term 1) follower 收到 [2] AppendEntries [], prevIndex 0, prevTerm 0
015567 LEAD S2: 0 append success next 1 match 0
016068 LEAD S2: prevLog &raft.Entry{Command:interface {}(nil), Term:0, Index:0}
016068 LEAD S2: prevLog &raft.Entry{Command:interface {}(nil), Term:0, Index:0}
016068 INFO S1: (term 1) follower 收到 [2] AppendEntries [], prevIndex 0, prevTerm 0
016069 LEAD S2: 1 append success next 1 match 0
016069 INFO S0: (term 1) follower 收到 [2] AppendEntries [], prevIndex 0, prevTerm 0
016069 LEAD S2: 0 append success next 1 match 0
016569 LEAD S2: prevLog &raft.Entry{Command:interface {}(nil), Term:0, Index:0}
016569 LEAD S2: prevLog &raft.Entry{Command:interface {}(nil), Term:0, Index:0}
016570 INFO S0: (term 1) follower 收到 [2] AppendEntries [], prevIndex 0, prevTerm 0
016570 LEAD S2: 0 append success next 1 match 0
016571 INFO S1: (term 1) follower 收到 [2] AppendEntries [], prevIndex 0, prevTerm 0
016571 LEAD S2: 1 append success next 1 match 0
017072 LEAD S2: prevLog &raft.Entry{Command:interface {}(nil), Term:0, Index:0}
017072 LEAD S2: prevLog &raft.Entry{Command:interface {}(nil), Term:0, Index:0}
017073 INFO S1: (term 1) follower 收到 [2] AppendEntries [], prevIndex 0, prevTerm 0
017073 LEAD S2: 1 append success next 1 match 0
017074 INFO S0: (term 1) follower 收到 [2] AppendEntries [], prevIndex 0, prevTerm 0
017074 LEAD S2: 0 append success next 1 match 0
017574 LEAD S2: prevLog &raft.Entry{Command:interface {}(nil), Term:0, Index:0}
017575 LEAD S2: prevLog &raft.Entry{Command:interface {}(nil), Term:0, Index:0}
017575 INFO S1: (term 1) follower 收到 [2] AppendEntries [], prevIndex 0, prevTerm 0
017575 INFO S0: (term 1) follower 收到 [2] AppendEntries [], prevIndex 0, prevTerm 0
017576 LEAD S2: 1 append success next 1 match 0
017576 LEAD S2: 0 append success next 1 match 0
018076 LEAD S2: prevLog &raft.Entry{Command:interface {}(nil), Term:0, Index:0}
018076 LEAD S2: prevLog &raft.Entry{Command:interface {}(nil), Term:0, Index:0}
018077 INFO S1: (term 1) follower 收到 [2] AppendEntries [], prevIndex 0, prevTerm 0
018077 LEAD S2: 1 append success next 1 match 0
018077 INFO S0: (term 1) follower 收到 [2] AppendEntries [], prevIndex 0, prevTerm 0
018077 LEAD S2: 0 append success next 1 match 0
018578 LEAD S2: prevLog &raft.Entry{Command:interface {}(nil), Term:0, Index:0}
018578 LEAD S2: prevLog &raft.Entry{Command:interface {}(nil), Term:0, Index:0}
018579 INFO S0: (term 1) follower 收到 [2] AppendEntries [], prevIndex 0, prevTerm 0
018579 INFO S1: (term 1) follower 收到 [2] AppendEntries [], prevIndex 0, prevTerm 0
018579 LEAD S2: 1 append success next 1 match 0
018579 LEAD S2: 0 append success next 1 match 0
019080 LEAD S2: prevLog &raft.Entry{Command:interface {}(nil), Term:0, Index:0}
019080 LEAD S2: prevLog &raft.Entry{Command:interface {}(nil), Term:0, Index:0}
019081 INFO S0: (term 1) follower 收到 [2] AppendEntries [], prevIndex 0, prevTerm 0
019081 INFO S1: (term 1) follower 收到 [2] AppendEntries [], prevIndex 0, prevTerm 0
019081 LEAD S2: 0 append success next 1 match 0
019081 LEAD S2: 1 append success next 1 match 0
019582 LEAD S2: prevLog &raft.Entry{Command:interface {}(nil), Term:0, Index:0}
019582 LEAD S2: prevLog &raft.Entry{Command:interface {}(nil), Term:0, Index:0}
019583 INFO S0: (term 1) follower 收到 [2] AppendEntries [], prevIndex 0, prevTerm 0
019583 LEAD S2: 0 append success next 1 match 0
019584 INFO S1: (term 1) follower 收到 [2] AppendEntries [], prevIndex 0, prevTerm 0
019584 LEAD S2: 1 append success next 1 match 0
020085 LEAD S2: prevLog &raft.Entry{Command:interface {}(nil), Term:0, Index:0}
020085 LEAD S2: prevLog &raft.Entry{Command:interface {}(nil), Term:0, Index:0}
020086 INFO S1: (term 1) follower 收到 [2] AppendEntries [], prevIndex 0, prevTerm 0
020086 INFO S0: (term 1) follower 收到 [2] AppendEntries [], prevIndex 0, prevTerm 0
020086 LEAD S2: 0 append success next 1 match 0
020086 LEAD S2: 1 append success next 1 match 0
020587 LEAD S2: prevLog &raft.Entry{Command:interface {}(nil), Term:0, Index:0}
020587 LEAD S2: prevLog &raft.Entry{Command:interface {}(nil), Term:0, Index:0}
020588 INFO S1: (term 1) follower 收到 [2] AppendEntries [], prevIndex 0, prevTerm 0
020588 INFO S0: (term 1) follower 收到 [2] AppendEntries [], prevIndex 0, prevTerm 0
020589 LEAD S2: 1 append success next 1 match 0
020589 LEAD S2: 0 append success next 1 match 0
021091 LEAD S2: prevLog &raft.Entry{Command:interface {}(nil), Term:0, Index:0}
021091 LEAD S2: prevLog &raft.Entry{Command:interface {}(nil), Term:0, Index:0}
021092 INFO S0: (term 1) follower 收到 [2] AppendEntries [], prevIndex 0, prevTerm 0
021092 INFO S1: (term 1) follower 收到 [2] AppendEntries [], prevIndex 0, prevTerm 0
021092 LEAD S2: 0 append success next 1 match 0
021092 LEAD S2: 1 append success next 1 match 0
021592 LEAD S2: prevLog &raft.Entry{Command:interface {}(nil), Term:0, Index:0}
021593 LEAD S2: prevLog &raft.Entry{Command:interface {}(nil), Term:0, Index:0}
021593 INFO S1: (term 1) follower 收到 [2] AppendEntries [], prevIndex 0, prevTerm 0
021594 LEAD S2: 1 append success next 1 match 0
021594 INFO S0: (term 1) follower 收到 [2] AppendEntries [], prevIndex 0, prevTerm 0
021594 LEAD S2: 0 append success next 1 match 0
022095 LEAD S2: prevLog &raft.Entry{Command:interface {}(nil), Term:0, Index:0}
022095 LEAD S2: prevLog &raft.Entry{Command:interface {}(nil), Term:0, Index:0}
022096 INFO S0: (term 1) follower 收到 [2] AppendEntries [], prevIndex 0, prevTerm 0
022096 INFO S1: (term 1) follower 收到 [2] AppendEntries [], prevIndex 0, prevTerm 0
022097 LEAD S2: 0 append success next 1 match 0
022097 LEAD S2: 1 append success next 1 match 0
022598 LEAD S2: prevLog &raft.Entry{Command:interface {}(nil), Term:0, Index:0}
022598 LEAD S2: prevLog &raft.Entry{Command:interface {}(nil), Term:0, Index:0}
022599 INFO S0: (term 1) follower 收到 [2] AppendEntries [], prevIndex 0, prevTerm 0
022599 LEAD S2: 0 append success next 1 match 0
022599 INFO S1: (term 1) follower 收到 [2] AppendEntries [], prevIndex 0, prevTerm 0
022600 LEAD S2: 1 append success next 1 match 0
023101 LEAD S2: prevLog &raft.Entry{Command:interface {}(nil), Term:0, Index:0}
023101 LEAD S2: prevLog &raft.Entry{Command:interface {}(nil), Term:0, Index:0}
023101 INFO S1: (term 1) follower 收到 [2] AppendEntries [], prevIndex 0, prevTerm 0
023101 INFO S0: (term 1) follower 收到 [2] AppendEntries [], prevIndex 0, prevTerm 0
023102 LEAD S2: 1 append success next 1 match 0
023102 LEAD S2: 0 append success next 1 match 0
023603 LEAD S2: prevLog &raft.Entry{Command:interface {}(nil), Term:0, Index:0}
023603 LEAD S2: prevLog &raft.Entry{Command:interface {}(nil), Term:0, Index:0}
023604 INFO S0: (term 1) follower 收到 [2] AppendEntries [], prevIndex 0, prevTerm 0
023604 INFO S1: (term 1) follower 收到 [2] AppendEntries [], prevIndex 0, prevTerm 0
023604 LEAD S2: 0 append success next 1 match 0
023604 LEAD S2: 1 append success next 1 match 0
024104 LEAD S2: prevLog &raft.Entry{Command:interface {}(nil), Term:0, Index:0}
024104 LEAD S2: prevLog &raft.Entry{Command:interface {}(nil), Term:0, Index:0}
024105 INFO S0: (term 1) follower 收到 [2] AppendEntries [], prevIndex 0, prevTerm 0
024105 INFO S1: (term 1) follower 收到 [2] AppendEntries [], prevIndex 0, prevTerm 0
024106 LEAD S2: 0 append success next 1 match 0
024106 LEAD S2: 1 append success next 1 match 0
024608 LEAD S2: prevLog &raft.Entry{Command:interface {}(nil), Term:0, Index:0}
024608 LEAD S2: prevLog &raft.Entry{Command:interface {}(nil), Term:0, Index:0}
024609 INFO S0: (term 1) follower 收到 [2] AppendEntries [], prevIndex 0, prevTerm 0
024609 INFO S1: (term 1) follower 收到 [2] AppendEntries [], prevIndex 0, prevTerm 0
024609 LEAD S2: 0 append success next 1 match 0
024609 LEAD S2: 1 append success next 1 match 0
025110 LEAD S2: prevLog &raft.Entry{Command:interface {}(nil), Term:0, Index:0}
025110 LEAD S2: prevLog &raft.Entry{Command:interface {}(nil), Term:0, Index:0}
025111 INFO S0: (term 1) follower 收到 [2] AppendEntries [], prevIndex 0, prevTerm 0
025111 INFO S1: (term 1) follower 收到 [2] AppendEntries [], prevIndex 0, prevTerm 0
025111 LEAD S2: 0 append success next 1 match 0
025111 LEAD S2: 1 append success next 1 match 0
025612 LEAD S2: prevLog &raft.Entry{Command:interface {}(nil), Term:0, Index:0}
025613 LEAD S2: prevLog &raft.Entry{Command:interface {}(nil), Term:0, Index:0}
025613 INFO S0: (term 1) follower 收到 [2] AppendEntries [], prevIndex 0, prevTerm 0
025614 INFO S1: (term 1) follower 收到 [2] AppendEntries [], prevIndex 0, prevTerm 0
025614 LEAD S2: 0 append success next 1 match 0
025614 LEAD S2: 1 append success next 1 match 0
026114 LEAD S2: prevLog &raft.Entry{Command:interface {}(nil), Term:0, Index:0}
026114 LEAD S2: prevLog &raft.Entry{Command:interface {}(nil), Term:0, Index:0}
026115 INFO S1: (term 1) follower 收到 [2] AppendEntries [], prevIndex 0, prevTerm 0
026115 INFO S0: (term 1) follower 收到 [2] AppendEntries [], prevIndex 0, prevTerm 0
026115 LEAD S2: 1 append success next 1 match 0
026115 LEAD S2: 0 append success next 1 match 0
026616 LEAD S2: prevLog &raft.Entry{Command:interface {}(nil), Term:0, Index:0}
026617 LEAD S2: prevLog &raft.Entry{Command:interface {}(nil), Term:0, Index:0}
026617 INFO S1: (term 1) follower 收到 [2] AppendEntries [], prevIndex 0, prevTerm 0
026617 INFO S0: (term 1) follower 收到 [2] AppendEntries [], prevIndex 0, prevTerm 0
026618 LEAD S2: 1 append success next 1 match 0
026618 LEAD S2: 0 append success next 1 match 0
027119 LEAD S2: prevLog &raft.Entry{Command:interface {}(nil), Term:0, Index:0}
027119 LEAD S2: prevLog &raft.Entry{Command:interface {}(nil), Term:0, Index:0}
027120 INFO S1: (term 1) follower 收到 [2] AppendEntries [], prevIndex 0, prevTerm 0
027120 INFO S0: (term 1) follower 收到 [2] AppendEntries [], prevIndex 0, prevTerm 0
027120 LEAD S2: 1 append success next 1 match 0
027120 LEAD S2: 0 append success next 1 match 0
027621 LEAD S2: prevLog &raft.Entry{Command:interface {}(nil), Term:0, Index:0}
027622 LEAD S2: prevLog &raft.Entry{Command:interface {}(nil), Term:0, Index:0}
027622 INFO S0: (term 1) follower 收到 [2] AppendEntries [], prevIndex 0, prevTerm 0
027623 INFO S1: (term 1) follower 收到 [2] AppendEntries [], prevIndex 0, prevTerm 0
027623 LEAD S2: 0 append success next 1 match 0
027623 LEAD S2: 1 append success next 1 match 0
028123 LEAD S2: prevLog &raft.Entry{Command:interface {}(nil), Term:0, Index:0}
028123 LEAD S2: prevLog &raft.Entry{Command:interface {}(nil), Term:0, Index:0}
028124 INFO S0: (term 1) follower 收到 [2] AppendEntries [], prevIndex 0, prevTerm 0
028124 LEAD S2: 0 append success next 1 match 0
028124 INFO S1: (term 1) follower 收到 [2] AppendEntries [], prevIndex 0, prevTerm 0
028125 LEAD S2: 1 append success next 1 match 0
028624 LEAD S2: prevLog &raft.Entry{Command:interface {}(nil), Term:0, Index:0}
028625 LEAD S2: prevLog &raft.Entry{Command:interface {}(nil), Term:0, Index:0}
028625 INFO S0: (term 1) follower 收到 [2] AppendEntries [], prevIndex 0, prevTerm 0
028626 LEAD S2: 0 append success next 1 match 0
028626 INFO S1: (term 1) follower 收到 [2] AppendEntries [], prevIndex 0, prevTerm 0
028626 LEAD S2: 1 append success next 1 match 0
029126 LEAD S2: prevLog &raft.Entry{Command:interface {}(nil), Term:0, Index:0}
029126 LEAD S2: prevLog &raft.Entry{Command:interface {}(nil), Term:0, Index:0}
029127 INFO S1: (term 1) follower 收到 [2] AppendEntries [], prevIndex 0, prevTerm 0
029128 LEAD S2: 1 append success next 1 match 0
029128 INFO S0: (term 1) follower 收到 [2] AppendEntries [], prevIndex 0, prevTerm 0
029128 LEAD S2: 0 append success next 1 match 0
029628 LEAD S2: prevLog &raft.Entry{Command:interface {}(nil), Term:0, Index:0}
029628 LEAD S2: prevLog &raft.Entry{Command:interface {}(nil), Term:0, Index:0}
029629 INFO S0: (term 1) follower 收到 [2] AppendEntries [], prevIndex 0, prevTerm 0
029629 LEAD S2: 0 append success next 1 match 0
029629 INFO S1: (term 1) follower 收到 [2] AppendEntries [], prevIndex 0, prevTerm 0
029629 LEAD S2: 1 append success next 1 match 0
030129 LEAD S2: prevLog &raft.Entry{Command:interface {}(nil), Term:0, Index:0}
030129 LEAD S2: prevLog &raft.Entry{Command:interface {}(nil), Term:0, Index:0}
030130 INFO S1: (term 1) follower 收到 [2] AppendEntries [], prevIndex 0, prevTerm 0
030130 INFO S0: (term 1) follower 收到 [2] AppendEntries [], prevIndex 0, prevTerm 0
030130 LEAD S2: 1 append success next 1 match 0
030131 LEAD S2: 0 append success next 1 match 0
030631 LEAD S2: prevLog &raft.Entry{Command:interface {}(nil), Term:0, Index:0}
030631 LEAD S2: prevLog &raft.Entry{Command:interface {}(nil), Term:0, Index:0}
030632 INFO S1: (term 1) follower 收到 [2] AppendEntries [], prevIndex 0, prevTerm 0
030632 INFO S0: (term 1) follower 收到 [2] AppendEntries [], prevIndex 0, prevTerm 0
030632 LEAD S2: 0 append success next 1 match 0
030632 LEAD S2: 1 append success next 1 match 0
031134 LEAD S2: prevLog &raft.Entry{Command:interface {}(nil), Term:0, Index:0}
031134 LEAD S2: prevLog &raft.Entry{Command:interface {}(nil), Term:0, Index:0}
031134 INFO S1: (term 1) follower 收到 [2] AppendEntries [], prevIndex 0, prevTerm 0
031135 LEAD S2: 1 append success next 1 match 0
031135 INFO S0: (term 1) follower 收到 [2] AppendEntries [], prevIndex 0, prevTerm 0
031135 LEAD S2: 0 append success next 1 match 0
031636 LEAD S2: prevLog &raft.Entry{Command:interface {}(nil), Term:0, Index:0}
031636 LEAD S2: prevLog &raft.Entry{Command:interface {}(nil), Term:0, Index:0}
031637 INFO S1: (term 1) follower 收到 [2] AppendEntries [], prevIndex 0, prevTerm 0
031638 INFO S0: (term 1) follower 收到 [2] AppendEntries [], prevIndex 0, prevTerm 0
031638 LEAD S2: 1 append success next 1 match 0
031638 LEAD S2: 0 append success next 1 match 0
032138 LEAD S2: prevLog &raft.Entry{Command:interface {}(nil), Term:0, Index:0}
032138 LEAD S2: prevLog &raft.Entry{Command:interface {}(nil), Term:0, Index:0}
032139 INFO S1: (term 1) follower 收到 [2] AppendEntries [], prevIndex 0, prevTerm 0
032139 INFO S0: (term 1) follower 收到 [2] AppendEntries [], prevIndex 0, prevTerm 0
032139 LEAD S2: 1 append success next 1 match 0
032140 LEAD S2: 0 append success next 1 match 0
032640 LEAD S2: prevLog &raft.Entry{Command:interface {}(nil), Term:0, Index:0}
032641 LEAD S2: prevLog &raft.Entry{Command:interface {}(nil), Term:0, Index:0}
032641 INFO S1: (term 1) follower 收到 [2] AppendEntries [], prevIndex 0, prevTerm 0
032642 INFO S0: (term 1) follower 收到 [2] AppendEntries [], prevIndex 0, prevTerm 0
032642 LEAD S2: 1 append success next 1 match 0
032642 LEAD S2: 0 append success next 1 match 0
033143 LEAD S2: prevLog &raft.Entry{Command:interface {}(nil), Term:0, Index:0}
033143 LEAD S2: prevLog &raft.Entry{Command:interface {}(nil), Term:0, Index:0}
033144 INFO S1: (term 1) follower 收到 [2] AppendEntries [], prevIndex 0, prevTerm 0
033144 INFO S0: (term 1) follower 收到 [2] AppendEntries [], prevIndex 0, prevTerm 0
033144 LEAD S2: 0 append success next 1 match 0
033144 LEAD S2: 1 append success next 1 match 0
033644 LEAD S2: prevLog &raft.Entry{Command:interface {}(nil), Term:0, Index:0}
033644 LEAD S2: prevLog &raft.Entry{Command:interface {}(nil), Term:0, Index:0}
033645 INFO S0: (term 1) follower 收到 [2] AppendEntries [], prevIndex 0, prevTerm 0
033645 INFO S1: (term 1) follower 收到 [2] AppendEntries [], prevIndex 0, prevTerm 0
033646 LEAD S2: 1 append success next 1 match 0
033646 LEAD S2: 0 append success next 1 match 0
034147 LEAD S2: prevLog &raft.Entry{Command:interface {}(nil), Term:0, Index:0}
034147 LEAD S2: prevLog &raft.Entry{Command:interface {}(nil), Term:0, Index:0}
034148 INFO S1: (term 1) follower 收到 [2] AppendEntries [], prevIndex 0, prevTerm 0
034148 INFO S0: (term 1) follower 收到 [2] AppendEntries [], prevIndex 0, prevTerm 0
034148 LEAD S2: 1 append success next 1 match 0
034148 LEAD S2: 0 append success next 1 match 0
034649 LEAD S2: prevLog &raft.Entry{Command:interface {}(nil), Term:0, Index:0}
034649 LEAD S2: prevLog &raft.Entry{Command:interface {}(nil), Term:0, Index:0}
034650 INFO S0: (term 1) follower 收到 [2] AppendEntries [], prevIndex 0, prevTerm 0
034650 INFO S1: (term 1) follower 收到 [2] AppendEntries [], prevIndex 0, prevTerm 0
034650 LEAD S2: 1 append success next 1 match 0
034650 LEAD S2: 0 append success next 1 match 0
035150 LEAD S2: prevLog &raft.Entry{Command:interface {}(nil), Term:0, Index:0}
035150 LEAD S2: prevLog &raft.Entry{Command:interface {}(nil), Term:0, Index:0}
035151 INFO S1: (term 1) follower 收到 [2] AppendEntries [], prevIndex 0, prevTerm 0
035151 INFO S0: (term 1) follower 收到 [2] AppendEntries [], prevIndex 0, prevTerm 0
035151 LEAD S2: 1 append success next 1 match 0
035151 LEAD S2: 0 append success next 1 match 0
035652 LEAD S2: prevLog &raft.Entry{Command:interface {}(nil), Term:0, Index:0}
035652 LEAD S2: prevLog &raft.Entry{Command:interface {}(nil), Term:0, Index:0}
035656 INFO S0: (term 1) follower 收到 [2] AppendEntries [], prevIndex 0, prevTerm 0
035656 INFO S1: (term 1) follower 收到 [2] AppendEntries [], prevIndex 0, prevTerm 0
035658 LEAD S2: 0 append success next 1 match 0
035659 LEAD S2: 1 append success next 1 match 0
036154 LEAD S2: prevLog &raft.Entry{Command:interface {}(nil), Term:0, Index:0}
036154 LEAD S2: prevLog &raft.Entry{Command:interface {}(nil), Term:0, Index:0}
036155 INFO S1: (term 1) follower 收到 [2] AppendEntries [], prevIndex 0, prevTerm 0
036155 INFO S0: (term 1) follower 收到 [2] AppendEntries [], prevIndex 0, prevTerm 0
036155 LEAD S2: 1 append success next 1 match 0
036155 LEAD S2: 0 append success next 1 match 0
036656 LEAD S2: prevLog &raft.Entry{Command:interface {}(nil), Term:0, Index:0}
036656 LEAD S2: prevLog &raft.Entry{Command:interface {}(nil), Term:0, Index:0}
036657 INFO S1: (term 1) follower 收到 [2] AppendEntries [], prevIndex 0, prevTerm 0
036657 INFO S0: (term 1) follower 收到 [2] AppendEntries [], prevIndex 0, prevTerm 0
036657 LEAD S2: 1 append success next 1 match 0
036658 LEAD S2: 0 append success next 1 match 0
037158 LEAD S2: prevLog &raft.Entry{Command:interface {}(nil), Term:0, Index:0}
037158 LEAD S2: prevLog &raft.Entry{Command:interface {}(nil), Term:0, Index:0}
037159 INFO S1: (term 1) follower 收到 [2] AppendEntries [], prevIndex 0, prevTerm 0
037159 INFO S0: (term 1) follower 收到 [2] AppendEntries [], prevIndex 0, prevTerm 0
037159 LEAD S2: 1 append success next 1 match 0
037159 LEAD S2: 0 append success next 1 match 0
037660 LEAD S2: prevLog &raft.Entry{Command:interface {}(nil), Term:0, Index:0}
037660 LEAD S2: prevLog &raft.Entry{Command:interface {}(nil), Term:0, Index:0}
037660 INFO S1: (term 1) follower 收到 [2] AppendEntries [], prevIndex 0, prevTerm 0
037661 INFO S0: (term 1) follower 收到 [2] AppendEntries [], prevIndex 0, prevTerm 0
037661 LEAD S2: 1 append success next 1 match 0
037661 LEAD S2: 0 append success next 1 match 0
038162 LEAD S2: prevLog &raft.Entry{Command:interface {}(nil), Term:0, Index:0}
038162 LEAD S2: prevLog &raft.Entry{Command:interface {}(nil), Term:0, Index:0}
038163 INFO S0: (term 1) follower 收到 [2] AppendEntries [], prevIndex 0, prevTerm 0
038163 INFO S1: (term 1) follower 收到 [2] AppendEntries [], prevIndex 0, prevTerm 0
038163 LEAD S2: 0 append success next 1 match 0
038163 LEAD S2: 1 append success next 1 match 0
038663 LEAD S2: prevLog &raft.Entry{Command:interface {}(nil), Term:0, Index:0}
038663 LEAD S2: prevLog &raft.Entry{Command:interface {}(nil), Term:0, Index:0}
038664 INFO S0: (term 1) follower 收到 [2] AppendEntries [], prevIndex 0, prevTerm 0
038665 INFO S1: (term 1) follower 收到 [2] AppendEntries [], prevIndex 0, prevTerm 0
038665 LEAD S2: 0 append success next 1 match 0
038665 LEAD S2: 1 append success next 1 match 0
039165 LEAD S2: prevLog &raft.Entry{Command:interface {}(nil), Term:0, Index:0}
039165 LEAD S2: prevLog &raft.Entry{Command:interface {}(nil), Term:0, Index:0}
039166 INFO S0: (term 1) follower 收到 [2] AppendEntries [], prevIndex 0, prevTerm 0
039166 INFO S1: (term 1) follower 收到 [2] AppendEntries [], prevIndex 0, prevTerm 0
039166 LEAD S2: 0 append success next 1 match 0
039166 LEAD S2: 1 append success next 1 match 0
039667 LEAD S2: prevLog &raft.Entry{Command:interface {}(nil), Term:0, Index:0}
039667 LEAD S2: prevLog &raft.Entry{Command:interface {}(nil), Term:0, Index:0}
039668 INFO S0: (term 1) follower 收到 [2] AppendEntries [], prevIndex 0, prevTerm 0
039668 INFO S1: (term 1) follower 收到 [2] AppendEntries [], prevIndex 0, prevTerm 0
039668 LEAD S2: 0 append success next 1 match 0
039668 LEAD S2: 1 append success next 1 match 0
040169 LEAD S2: prevLog &raft.Entry{Command:interface {}(nil), Term:0, Index:0}
040169 LEAD S2: prevLog &raft.Entry{Command:interface {}(nil), Term:0, Index:0}
040170 INFO S0: (term 1) follower 收到 [2] AppendEntries [], prevIndex 0, prevTerm 0
040170 INFO S1: (term 1) follower 收到 [2] AppendEntries [], prevIndex 0, prevTerm 0
040170 LEAD S2: 0 append success next 1 match 0
040170 LEAD S2: 1 append success next 1 match 0
040670 LEAD S2: prevLog &raft.Entry{Command:interface {}(nil), Term:0, Index:0}
040670 LEAD S2: prevLog &raft.Entry{Command:interface {}(nil), Term:0, Index:0}
040671 INFO S0: (term 1) follower 收到 [2] AppendEntries [], prevIndex 0, prevTerm 0
040671 INFO S1: (term 1) follower 收到 [2] AppendEntries [], prevIndex 0, prevTerm 0
040671 LEAD S2: 0 append success next 1 match 0
040672 LEAD S2: 1 append success next 1 match 0
041172 LEAD S2: prevLog &raft.Entry{Command:interface {}(nil), Term:0, Index:0}
041172 LEAD S2: prevLog &raft.Entry{Command:interface {}(nil), Term:0, Index:0}
041173 INFO S0: (term 1) follower 收到 [2] AppendEntries [], prevIndex 0, prevTerm 0
041173 INFO S1: (term 1) follower 收到 [2] AppendEntries [], prevIndex 0, prevTerm 0
041173 LEAD S2: 0 append success next 1 match 0
041174 LEAD S2: 1 append success next 1 match 0
041674 LEAD S2: prevLog &raft.Entry{Command:interface {}(nil), Term:0, Index:0}
041674 LEAD S2: prevLog &raft.Entry{Command:interface {}(nil), Term:0, Index:0}
041675 INFO S1: (term 1) follower 收到 [2] AppendEntries [], prevIndex 0, prevTerm 0
041675 LEAD S2: 1 append success next 1 match 0
041676 INFO S0: (term 1) follower 收到 [2] AppendEntries [], prevIndex 0, prevTerm 0
041676 LEAD S2: 0 append success next 1 match 0
042177 LEAD S2: prevLog &raft.Entry{Command:interface {}(nil), Term:0, Index:0}
042177 LEAD S2: prevLog &raft.Entry{Command:interface {}(nil), Term:0, Index:0}
042177 INFO S0: (term 1) follower 收到 [2] AppendEntries [], prevIndex 0, prevTerm 0
042178 INFO S1: (term 1) follower 收到 [2] AppendEntries [], prevIndex 0, prevTerm 0
042178 LEAD S2: 0 append success next 1 match 0
042178 LEAD S2: 1 append success next 1 match 0
042678 LEAD S2: prevLog &raft.Entry{Command:interface {}(nil), Term:0, Index:0}
042679 LEAD S2: prevLog &raft.Entry{Command:interface {}(nil), Term:0, Index:0}
042679 INFO S0: (term 1) follower 收到 [2] AppendEntries [], prevIndex 0, prevTerm 0
042680 LEAD S2: 0 append success next 1 match 0
042680 INFO S1: (term 1) follower 收到 [2] AppendEntries [], prevIndex 0, prevTerm 0
042680 LEAD S2: 1 append success next 1 match 0
043180 LEAD S2: prevLog &raft.Entry{Command:interface {}(nil), Term:0, Index:0}
043181 LEAD S2: prevLog &raft.Entry{Command:interface {}(nil), Term:0, Index:0}
043181 INFO S0: (term 1) follower 收到 [2] AppendEntries [], prevIndex 0, prevTerm 0
043182 INFO S1: (term 1) follower 收到 [2] AppendEntries [], prevIndex 0, prevTerm 0
043182 LEAD S2: 0 append success next 1 match 0
043182 LEAD S2: 1 append success next 1 match 0
043683 LEAD S2: prevLog &raft.Entry{Command:interface {}(nil), Term:0, Index:0}
043684 LEAD S2: prevLog &raft.Entry{Command:interface {}(nil), Term:0, Index:0}
043684 INFO S1: (term 1) follower 收到 [2] AppendEntries [], prevIndex 0, prevTerm 0
043684 INFO S0: (term 1) follower 收到 [2] AppendEntries [], prevIndex 0, prevTerm 0
043684 LEAD S2: 1 append success next 1 match 0
043685 LEAD S2: 0 append success next 1 match 0
044185 LEAD S2: prevLog &raft.Entry{Command:interface {}(nil), Term:0, Index:0}
044186 LEAD S2: prevLog &raft.Entry{Command:interface {}(nil), Term:0, Index:0}
044186 INFO S0: (term 1) follower 收到 [2] AppendEntries [], prevIndex 0, prevTerm 0
044186 INFO S1: (term 1) follower 收到 [2] AppendEntries [], prevIndex 0, prevTerm 0
044187 LEAD S2: 0 append success next 1 match 0
044187 LEAD S2: 1 append success next 1 match 0
044687 LEAD S2: prevLog &raft.Entry{Command:interface {}(nil), Term:0, Index:0}
044687 LEAD S2: prevLog &raft.Entry{Command:interface {}(nil), Term:0, Index:0}
044688 INFO S0: (term 1) follower 收到 [2] AppendEntries [], prevIndex 0, prevTerm 0
044688 INFO S1: (term 1) follower 收到 [2] AppendEntries [], prevIndex 0, prevTerm 0
044688 LEAD S2: 0 append success next 1 match 0
044688 LEAD S2: 1 append success next 1 match 0
045189 LEAD S2: prevLog &raft.Entry{Command:interface {}(nil), Term:0, Index:0}
045189 LEAD S2: prevLog &raft.Entry{Command:interface {}(nil), Term:0, Index:0}
045190 INFO S0: (term 1) follower 收到 [2] AppendEntries [], prevIndex 0, prevTerm 0
045190 INFO S1: (term 1) follower 收到 [2] AppendEntries [], prevIndex 0, prevTerm 0
045190 LEAD S2: 0 append success next 1 match 0
045190 LEAD S2: 1 append success next 1 match 0
045691 LEAD S2: prevLog &raft.Entry{Command:interface {}(nil), Term:0, Index:0}
045691 LEAD S2: prevLog &raft.Entry{Command:interface {}(nil), Term:0, Index:0}
045692 INFO S0: (term 1) follower 收到 [2] AppendEntries [], prevIndex 0, prevTerm 0
045692 INFO S1: (term 1) follower 收到 [2] AppendEntries [], prevIndex 0, prevTerm 0
045692 LEAD S2: 0 append success next 1 match 0
045692 LEAD S2: 1 append success next 1 match 0
046193 LEAD S2: prevLog &raft.Entry{Command:interface {}(nil), Term:0, Index:0}
046193 LEAD S2: prevLog &raft.Entry{Command:interface {}(nil), Term:0, Index:0}
046193 INFO S1: (term 1) follower 收到 [2] AppendEntries [], prevIndex 0, prevTerm 0
046194 INFO S0: (term 1) follower 收到 [2] AppendEntries [], prevIndex 0, prevTerm 0
046194 LEAD S2: 1 append success next 1 match 0
046194 LEAD S2: 0 append success next 1 match 0
046695 LEAD S2: prevLog &raft.Entry{Command:interface {}(nil), Term:0, Index:0}
046695 LEAD S2: prevLog &raft.Entry{Command:interface {}(nil), Term:0, Index:0}
046696 INFO S0: (term 1) follower 收到 [2] AppendEntries [], prevIndex 0, prevTerm 0
046696 INFO S1: (term 1) follower 收到 [2] AppendEntries [], prevIndex 0, prevTerm 0
046696 LEAD S2: 1 append success next 1 match 0
046696 LEAD S2: 0 append success next 1 match 0
047197 LEAD S2: prevLog &raft.Entry{Command:interface {}(nil), Term:0, Index:0}
047197 LEAD S2: prevLog &raft.Entry{Command:interface {}(nil), Term:0, Index:0}
047198 INFO S0: (term 1) follower 收到 [2] AppendEntries [], prevIndex 0, prevTerm 0
047198 INFO S1: (term 1) follower 收到 [2] AppendEntries [], prevIndex 0, prevTerm 0
047198 LEAD S2: 0 append success next 1 match 0
047198 LEAD S2: 1 append success next 1 match 0
047698 LEAD S2: prevLog &raft.Entry{Command:interface {}(nil), Term:0, Index:0}
047698 LEAD S2: prevLog &raft.Entry{Command:interface {}(nil), Term:0, Index:0}
047699 INFO S0: (term 1) follower 收到 [2] AppendEntries [], prevIndex 0, prevTerm 0
047699 INFO S1: (term 1) follower 收到 [2] AppendEntries [], prevIndex 0, prevTerm 0
047700 LEAD S2: 0 append success next 1 match 0
047700 LEAD S2: 1 append success next 1 match 0
048201 LEAD S2: prevLog &raft.Entry{Command:interface {}(nil), Term:0, Index:0}
048201 LEAD S2: prevLog &raft.Entry{Command:interface {}(nil), Term:0, Index:0}
048201 INFO S0: (term 1) follower 收到 [2] AppendEntries [], prevIndex 0, prevTerm 0
048202 LEAD S2: 0 append success next 1 match 0
048201 INFO S1: (term 1) follower 收到 [2] AppendEntries [], prevIndex 0, prevTerm 0
048202 LEAD S2: 1 append success next 1 match 0
048702 LEAD S2: prevLog &raft.Entry{Command:interface {}(nil), Term:0, Index:0}
048702 LEAD S2: prevLog &raft.Entry{Command:interface {}(nil), Term:0, Index:0}
048703 INFO S1: (term 1) follower 收到 [2] AppendEntries [], prevIndex 0, prevTerm 0
048703 INFO S0: (term 1) follower 收到 [2] AppendEntries [], prevIndex 0, prevTerm 0
048704 LEAD S2: 0 append success next 1 match 0
048704 LEAD S2: 1 append success next 1 match 0
049204 LEAD S2: prevLog &raft.Entry{Command:interface {}(nil), Term:0, Index:0}
049204 LEAD S2: prevLog &raft.Entry{Command:interface {}(nil), Term:0, Index:0}
049205 INFO S1: (term 1) follower 收到 [2] AppendEntries [], prevIndex 0, prevTerm 0
049205 INFO S0: (term 1) follower 收到 [2] AppendEntries [], prevIndex 0, prevTerm 0
049205 LEAD S2: 1 append success next 1 match 0
049205 LEAD S2: 0 append success next 1 match 0
049707 LEAD S2: prevLog &raft.Entry{Command:interface {}(nil), Term:0, Index:0}
049707 LEAD S2: prevLog &raft.Entry{Command:interface {}(nil), Term:0, Index:0}
049708 INFO S1: (term 1) follower 收到 [2] AppendEntries [], prevIndex 0, prevTerm 0
049708 INFO S0: (term 1) follower 收到 [2] AppendEntries [], prevIndex 0, prevTerm 0
049708 LEAD S2: 1 append success next 1 match 0
049708 LEAD S2: 0 append success next 1 match 0
050207 LEAD S2: prevLog &raft.Entry{Command:interface {}(nil), Term:0, Index:0}
050208 LEAD S2: prevLog &raft.Entry{Command:interface {}(nil), Term:0, Index:0}
050208 INFO S1: (term 1) follower 收到 [2] AppendEntries [], prevIndex 0, prevTerm 0
050209 INFO S0: (term 1) follower 收到 [2] AppendEntries [], prevIndex 0, prevTerm 0
050209 LEAD S2: 1 append success next 1 match 0
050209 LEAD S2: 0 append success next 1 match 0
050710 LEAD S2: prevLog &raft.Entry{Command:interface {}(nil), Term:0, Index:0}
050710 LEAD S2: prevLog &raft.Entry{Command:interface {}(nil), Term:0, Index:0}
050711 INFO S0: (term 1) follower 收到 [2] AppendEntries [], prevIndex 0, prevTerm 0
050711 INFO S1: (term 1) follower 收到 [2] AppendEntries [], prevIndex 0, prevTerm 0
050711 LEAD S2: 0 append success next 1 match 0
050712 LEAD S2: 1 append success next 1 match 0
051212 LEAD S2: prevLog &raft.Entry{Command:interface {}(nil), Term:0, Index:0}
051212 LEAD S2: prevLog &raft.Entry{Command:interface {}(nil), Term:0, Index:0}
051213 INFO S0: (term 1) follower 收到 [2] AppendEntries [], prevIndex 0, prevTerm 0
051213 INFO S1: (term 1) follower 收到 [2] AppendEntries [], prevIndex 0, prevTerm 0
051213 LEAD S2: 0 append success next 1 match 0
051213 LEAD S2: 1 append success next 1 match 0
051715 LEAD S2: prevLog &raft.Entry{Command:interface {}(nil), Term:0, Index:0}
051715 LEAD S2: prevLog &raft.Entry{Command:interface {}(nil), Term:0, Index:0}
051715 INFO S0: (term 1) follower 收到 [2] AppendEntries [], prevIndex 0, prevTerm 0
051716 LEAD S2: 0 append success next 1 match 0
051716 INFO S1: (term 1) follower 收到 [2] AppendEntries [], prevIndex 0, prevTerm 0
051716 LEAD S2: 1 append success next 1 match 0
052217 LEAD S2: prevLog &raft.Entry{Command:interface {}(nil), Term:0, Index:0}
052218 LEAD S2: prevLog &raft.Entry{Command:interface {}(nil), Term:0, Index:0}
052218 INFO S0: (term 1) follower 收到 [2] AppendEntries [], prevIndex 0, prevTerm 0
052218 INFO S1: (term 1) follower 收到 [2] AppendEntries [], prevIndex 0, prevTerm 0
052219 LEAD S2: 0 append success next 1 match 0
052219 LEAD S2: 1 append success next 1 match 0
052720 LEAD S2: prevLog &raft.Entry{Command:interface {}(nil), Term:0, Index:0}
052720 LEAD S2: prevLog &raft.Entry{Command:interface {}(nil), Term:0, Index:0}
052720 INFO S0: (term 1) follower 收到 [2] AppendEntries [], prevIndex 0, prevTerm 0
052720 INFO S1: (term 1) follower 收到 [2] AppendEntries [], prevIndex 0, prevTerm 0
052721 LEAD S2: 0 append success next 1 match 0
052721 LEAD S2: 1 append success next 1 match 0
053221 LEAD S2: prevLog &raft.Entry{Command:interface {}(nil), Term:0, Index:0}
053221 LEAD S2: prevLog &raft.Entry{Command:interface {}(nil), Term:0, Index:0}
053222 INFO S1: (term 1) follower 收到 [2] AppendEntries [], prevIndex 0, prevTerm 0
053222 INFO S0: (term 1) follower 收到 [2] AppendEntries [], prevIndex 0, prevTerm 0
053222 LEAD S2: 1 append success next 1 match 0
053223 LEAD S2: 0 append success next 1 match 0
053723 LEAD S2: prevLog &raft.Entry{Command:interface {}(nil), Term:0, Index:0}
053724 LEAD S2: prevLog &raft.Entry{Command:interface {}(nil), Term:0, Index:0}
053724 INFO S1: (term 1) follower 收到 [2] AppendEntries [], prevIndex 0, prevTerm 0
053724 INFO S0: (term 1) follower 收到 [2] AppendEntries [], prevIndex 0, prevTerm 0
053725 LEAD S2: 0 append success next 1 match 0
053725 LEAD S2: 1 append success next 1 match 0
054226 LEAD S2: prevLog &raft.Entry{Command:interface {}(nil), Term:0, Index:0}
054226 LEAD S2: prevLog &raft.Entry{Command:interface {}(nil), Term:0, Index:0}
054226 INFO S0: (term 1) follower 收到 [2] AppendEntries [], prevIndex 0, prevTerm 0
054226 INFO S1: (term 1) follower 收到 [2] AppendEntries [], prevIndex 0, prevTerm 0
054227 LEAD S2: 0 append success next 1 match 0
054227 LEAD S2: 1 append success next 1 match 0
054727 LEAD S2: prevLog &raft.Entry{Command:interface {}(nil), Term:0, Index:0}
054728 LEAD S2: prevLog &raft.Entry{Command:interface {}(nil), Term:0, Index:0}
054728 INFO S1: (term 1) follower 收到 [2] AppendEntries [], prevIndex 0, prevTerm 0
054728 INFO S0: (term 1) follower 收到 [2] AppendEntries [], prevIndex 0, prevTerm 0
054729 LEAD S2: 0 append success next 1 match 0
054729 LEAD S2: 1 append success next 1 match 0
055230 LEAD S2: prevLog &raft.Entry{Command:interface {}(nil), Term:0, Index:0}
055230 LEAD S2: prevLog &raft.Entry{Command:interface {}(nil), Term:0, Index:0}
055230 INFO S0: (term 1) follower 收到 [2] AppendEntries [], prevIndex 0, prevTerm 0
055231 LEAD S2: 0 append success next 1 match 0
055231 INFO S1: (term 1) follower 收到 [2] AppendEntries [], prevIndex 0, prevTerm 0
055231 LEAD S2: 1 append success next 1 match 0
055731 LEAD S2: prevLog &raft.Entry{Command:interface {}(nil), Term:0, Index:0}
055732 LEAD S2: prevLog &raft.Entry{Command:interface {}(nil), Term:0, Index:0}
055732 INFO S1: (term 1) follower 收到 [2] AppendEntries [], prevIndex 0, prevTerm 0
055732 INFO S0: (term 1) follower 收到 [2] AppendEntries [], prevIndex 0, prevTerm 0
055733 LEAD S2: 0 append success next 1 match 0
055733 LEAD S2: 1 append success next 1 match 0
056234 LEAD S2: prevLog &raft.Entry{Command:interface {}(nil), Term:0, Index:0}
056234 LEAD S2: prevLog &raft.Entry{Command:interface {}(nil), Term:0, Index:0}
056234 INFO S0: (term 1) follower 收到 [2] AppendEntries [], prevIndex 0, prevTerm 0
056235 LEAD S2: 0 append success next 1 match 0
056234 INFO S1: (term 1) follower 收到 [2] AppendEntries [], prevIndex 0, prevTerm 0
056235 LEAD S2: 1 append success next 1 match 0
056735 LEAD S2: prevLog &raft.Entry{Command:interface {}(nil), Term:0, Index:0}
056735 LEAD S2: prevLog &raft.Entry{Command:interface {}(nil), Term:0, Index:0}
056736 INFO S0: (term 1) follower 收到 [2] AppendEntries [], prevIndex 0, prevTerm 0
056736 INFO S1: (term 1) follower 收到 [2] AppendEntries [], prevIndex 0, prevTerm 0
056736 LEAD S2: 1 append success next 1 match 0
056736 LEAD S2: 0 append success next 1 match 0
057237 LEAD S2: prevLog &raft.Entry{Command:interface {}(nil), Term:0, Index:0}
057237 LEAD S2: prevLog &raft.Entry{Command:interface {}(nil), Term:0, Index:0}
057238 INFO S0: (term 1) follower 收到 [2] AppendEntries [], prevIndex 0, prevTerm 0
057238 INFO S1: (term 1) follower 收到 [2] AppendEntries [], prevIndex 0, prevTerm 0
057238 LEAD S2: 0 append success next 1 match 0
057238 LEAD S2: 1 append success next 1 match 0
057739 LEAD S2: prevLog &raft.Entry{Command:interface {}(nil), Term:0, Index:0}
057739 LEAD S2: prevLog &raft.Entry{Command:interface {}(nil), Term:0, Index:0}
057740 INFO S0: (term 1) follower 收到 [2] AppendEntries [], prevIndex 0, prevTerm 0
057740 INFO S1: (term 1) follower 收到 [2] AppendEntries [], prevIndex 0, prevTerm 0
057740 LEAD S2: 1 append success next 1 match 0
057740 LEAD S2: 0 append success next 1 match 0
058241 LEAD S2: prevLog &raft.Entry{Command:interface {}(nil), Term:0, Index:0}
058241 LEAD S2: prevLog &raft.Entry{Command:interface {}(nil), Term:0, Index:0}
058242 INFO S1: (term 1) follower 收到 [2] AppendEntries [], prevIndex 0, prevTerm 0
058242 INFO S0: (term 1) follower 收到 [2] AppendEntries [], prevIndex 0, prevTerm 0
058242 LEAD S2: 1 append success next 1 match 0
058242 LEAD S2: 0 append success next 1 match 0
058742 LEAD S2: prevLog &raft.Entry{Command:interface {}(nil), Term:0, Index:0}
058742 LEAD S2: prevLog &raft.Entry{Command:interface {}(nil), Term:0, Index:0}
058743 INFO S0: (term 1) follower 收到 [2] AppendEntries [], prevIndex 0, prevTerm 0
058743 INFO S1: (term 1) follower 收到 [2] AppendEntries [], prevIndex 0, prevTerm 0
058743 LEAD S2: 0 append success next 1 match 0
058744 LEAD S2: 1 append success next 1 match 0
059244 LEAD S2: prevLog &raft.Entry{Command:interface {}(nil), Term:0, Index:0}
059244 LEAD S2: prevLog &raft.Entry{Command:interface {}(nil), Term:0, Index:0}
059245 INFO S1: (term 1) follower 收到 [2] AppendEntries [], prevIndex 0, prevTerm 0
059245 LEAD S2: 1 append success next 1 match 0
059245 INFO S0: (term 1) follower 收到 [2] AppendEntries [], prevIndex 0, prevTerm 0
059246 LEAD S2: 0 append success next 1 match 0
059745 LEAD S2: prevLog &raft.Entry{Command:interface {}(nil), Term:0, Index:0}
059745 LEAD S2: prevLog &raft.Entry{Command:interface {}(nil), Term:0, Index:0}
059746 INFO S1: (term 1) follower 收到 [2] AppendEntries [], prevIndex 0, prevTerm 0
059746 INFO S0: (term 1) follower 收到 [2] AppendEntries [], prevIndex 0, prevTerm 0
059746 LEAD S2: 1 append success next 1 match 0
059747 LEAD S2: 0 append success next 1 match 0
060248 LEAD S2: prevLog &raft.Entry{Command:interface {}(nil), Term:0, Index:0}
060248 LEAD S2: prevLog &raft.Entry{Command:interface {}(nil), Term:0, Index:0}
060249 INFO S0: (term 1) follower 收到 [2] AppendEntries [], prevIndex 0, prevTerm 0
060249 INFO S1: (term 1) follower 收到 [2] AppendEntries [], prevIndex 0, prevTerm 0
060249 LEAD S2: 0 append success next 1 match 0
060249 LEAD S2: 1 append success next 1 match 0
060749 LEAD S2: prevLog &raft.Entry{Command:interface {}(nil), Term:0, Index:0}
060749 LEAD S2: prevLog &raft.Entry{Command:interface {}(nil), Term:0, Index:0}
060750 INFO S1: (term 1) follower 收到 [2] AppendEntries [], prevIndex 0, prevTerm 0
060750 INFO S0: (term 1) follower 收到 [2] AppendEntries [], prevIndex 0, prevTerm 0
060751 LEAD S2: 1 append success next 1 match 0
060751 LEAD S2: 0 append success next 1 match 0
061251 LEAD S2: prevLog &raft.Entry{Command:interface {}(nil), Term:0, Index:0}
061251 LEAD S2: prevLog &raft.Entry{Command:interface {}(nil), Term:0, Index:0}
061252 INFO S0: (term 1) follower 收到 [2] AppendEntries [], prevIndex 0, prevTerm 0
061252 LEAD S2: 0 append success next 1 match 0
061252 INFO S1: (term 1) follower 收到 [2] AppendEntries [], prevIndex 0, prevTerm 0
061253 LEAD S2: 1 append success next 1 match 0
061754 LEAD S2: prevLog &raft.Entry{Command:interface {}(nil), Term:0, Index:0}
061754 LEAD S2: prevLog &raft.Entry{Command:interface {}(nil), Term:0, Index:0}
061754 INFO S1: (term 1) follower 收到 [2] AppendEntries [], prevIndex 0, prevTerm 0
061754 INFO S0: (term 1) follower 收到 [2] AppendEntries [], prevIndex 0, prevTerm 0
061755 LEAD S2: 1 append success next 1 match 0
061755 LEAD S2: 0 append success next 1 match 0
062256 LEAD S2: prevLog &raft.Entry{Command:interface {}(nil), Term:0, Index:0}
062256 LEAD S2: prevLog &raft.Entry{Command:interface {}(nil), Term:0, Index:0}
062257 INFO S0: (term 1) follower 收到 [2] AppendEntries [], prevIndex 0, prevTerm 0
062257 INFO S1: (term 1) follower 收到 [2] AppendEntries [], prevIndex 0, prevTerm 0
062257 LEAD S2: 1 append success next 1 match 0
062257 LEAD S2: 0 append success next 1 match 0
062758 LEAD S2: prevLog &raft.Entry{Command:interface {}(nil), Term:0, Index:0}
062758 LEAD S2: prevLog &raft.Entry{Command:interface {}(nil), Term:0, Index:0}
062759 INFO S0: (term 1) follower 收到 [2] AppendEntries [], prevIndex 0, prevTerm 0
062759 LEAD S2: 0 append success next 1 match 0
062760 INFO S1: (term 1) follower 收到 [2] AppendEntries [], prevIndex 0, prevTerm 0
062760 LEAD S2: 1 append success next 1 match 0
063261 LEAD S2: prevLog &raft.Entry{Command:interface {}(nil), Term:0, Index:0}
063261 LEAD S2: prevLog &raft.Entry{Command:interface {}(nil), Term:0, Index:0}
063262 INFO S1: (term 1) follower 收到 [2] AppendEntries [], prevIndex 0, prevTerm 0
063262 INFO S0: (term 1) follower 收到 [2] AppendEntries [], prevIndex 0, prevTerm 0
063262 LEAD S2: 0 append success next 1 match 0
063262 LEAD S2: 1 append success next 1 match 0
063763 LEAD S2: prevLog &raft.Entry{Command:interface {}(nil), Term:0, Index:0}
063763 LEAD S2: prevLog &raft.Entry{Command:interface {}(nil), Term:0, Index:0}
063764 INFO S1: (term 1) follower 收到 [2] AppendEntries [], prevIndex 0, prevTerm 0
063764 INFO S0: (term 1) follower 收到 [2] AppendEntries [], prevIndex 0, prevTerm 0
063764 LEAD S2: 1 append success next 1 match 0
063765 LEAD S2: 0 append success next 1 match 0
064265 LEAD S2: prevLog &raft.Entry{Command:interface {}(nil), Term:0, Index:0}
064265 LEAD S2: prevLog &raft.Entry{Command:interface {}(nil), Term:0, Index:0}
064266 INFO S1: (term 1) follower 收到 [2] AppendEntries [], prevIndex 0, prevTerm 0
064266 INFO S0: (term 1) follower 收到 [2] AppendEntries [], prevIndex 0, prevTerm 0
064266 LEAD S2: 1 append success next 1 match 0
064266 LEAD S2: 0 append success next 1 match 0
064767 LEAD S2: prevLog &raft.Entry{Command:interface {}(nil), Term:0, Index:0}
064767 LEAD S2: prevLog &raft.Entry{Command:interface {}(nil), Term:0, Index:0}
064768 INFO S0: (term 1) follower 收到 [2] AppendEntries [], prevIndex 0, prevTerm 0
064768 LEAD S2: 0 append success next 1 match 0
064768 INFO S1: (term 1) follower 收到 [2] AppendEntries [], prevIndex 0, prevTerm 0
064769 LEAD S2: 1 append success next 1 match 0
065269 LEAD S2: prevLog &raft.Entry{Command:interface {}(nil), Term:0, Index:0}
065269 LEAD S2: prevLog &raft.Entry{Command:interface {}(nil), Term:0, Index:0}
065270 INFO S0: (term 1) follower 收到 [2] AppendEntries [], prevIndex 0, prevTerm 0
065270 LEAD S2: 0 append success next 1 match 0
065270 INFO S1: (term 1) follower 收到 [2] AppendEntries [], prevIndex 0, prevTerm 0
065270 LEAD S2: 1 append success next 1 match 0
065771 LEAD S2: prevLog &raft.Entry{Command:interface {}(nil), Term:0, Index:0}
065771 LEAD S2: prevLog &raft.Entry{Command:interface {}(nil), Term:0, Index:0}
065772 INFO S0: (term 1) follower 收到 [2] AppendEntries [], prevIndex 0, prevTerm 0
065772 LEAD S2: 0 append success next 1 match 0
065773 INFO S1: (term 1) follower 收到 [2] AppendEntries [], prevIndex 0, prevTerm 0
065773 LEAD S2: 1 append success next 1 match 0
066274 LEAD S2: prevLog &raft.Entry{Command:interface {}(nil), Term:0, Index:0}
066274 LEAD S2: prevLog &raft.Entry{Command:interface {}(nil), Term:0, Index:0}
066275 INFO S0: (term 1) follower 收到 [2] AppendEntries [], prevIndex 0, prevTerm 0
066275 LEAD S2: 0 append success next 1 match 0
066275 INFO S1: (term 1) follower 收到 [2] AppendEntries [], prevIndex 0, prevTerm 0
066276 LEAD S2: 1 append success next 1 match 0
066777 LEAD S2: prevLog &raft.Entry{Command:interface {}(nil), Term:0, Index:0}
066777 LEAD S2: prevLog &raft.Entry{Command:interface {}(nil), Term:0, Index:0}
066777 INFO S1: (term 1) follower 收到 [2] AppendEntries [], prevIndex 0, prevTerm 0
066777 INFO S0: (term 1) follower 收到 [2] AppendEntries [], prevIndex 0, prevTerm 0
066778 LEAD S2: 0 append success next 1 match 0
066778 LEAD S2: 1 append success next 1 match 0
067279 LEAD S2: prevLog &raft.Entry{Command:interface {}(nil), Term:0, Index:0}
067279 LEAD S2: prevLog &raft.Entry{Command:interface {}(nil), Term:0, Index:0}
067280 INFO S0: (term 1) follower 收到 [2] AppendEntries [], prevIndex 0, prevTerm 0
067280 INFO S1: (term 1) follower 收到 [2] AppendEntries [], prevIndex 0, prevTerm 0
067280 LEAD S2: 0 append success next 1 match 0
067280 LEAD S2: 1 append success next 1 match 0
067780 LEAD S2: prevLog &raft.Entry{Command:interface {}(nil), Term:0, Index:0}
067781 LEAD S2: prevLog &raft.Entry{Command:interface {}(nil), Term:0, Index:0}
067781 INFO S0: (term 1) follower 收到 [2] AppendEntries [], prevIndex 0, prevTerm 0
067782 INFO S1: (term 1) follower 收到 [2] AppendEntries [], prevIndex 0, prevTerm 0
067782 LEAD S2: 0 append success next 1 match 0
067782 LEAD S2: 1 append success next 1 match 0
068282 LEAD S2: prevLog &raft.Entry{Command:interface {}(nil), Term:0, Index:0}
068282 LEAD S2: prevLog &raft.Entry{Command:interface {}(nil), Term:0, Index:0}
068283 INFO S0: (term 1) follower 收到 [2] AppendEntries [], prevIndex 0, prevTerm 0
068283 LEAD S2: 0 append success next 1 match 0
068283 INFO S1: (term 1) follower 收到 [2] AppendEntries [], prevIndex 0, prevTerm 0
068284 LEAD S2: 1 append success next 1 match 0
068784 LEAD S2: prevLog &raft.Entry{Command:interface {}(nil), Term:0, Index:0}
068784 LEAD S2: prevLog &raft.Entry{Command:interface {}(nil), Term:0, Index:0}
068785 INFO S1: (term 1) follower 收到 [2] AppendEntries [], prevIndex 0, prevTerm 0
068785 INFO S0: (term 1) follower 收到 [2] AppendEntries [], prevIndex 0, prevTerm 0
068785 LEAD S2: 0 append success next 1 match 0
068785 LEAD S2: 1 append success next 1 match 0
069286 LEAD S2: prevLog &raft.Entry{Command:interface {}(nil), Term:0, Index:0}
069286 LEAD S2: prevLog &raft.Entry{Command:interface {}(nil), Term:0, Index:0}
069287 INFO S0: (term 1) follower 收到 [2] AppendEntries [], prevIndex 0, prevTerm 0
069287 INFO S1: (term 1) follower 收到 [2] AppendEntries [], prevIndex 0, prevTerm 0
069287 LEAD S2: 0 append success next 1 match 0
069288 LEAD S2: 1 append success next 1 match 0
069788 LEAD S2: prevLog &raft.Entry{Command:interface {}(nil), Term:0, Index:0}
069788 LEAD S2: prevLog &raft.Entry{Command:interface {}(nil), Term:0, Index:0}
069789 INFO S0: (term 1) follower 收到 [2] AppendEntries [], prevIndex 0, prevTerm 0
069790 LEAD S2: 0 append success next 1 match 0
069790 INFO S1: (term 1) follower 收到 [2] AppendEntries [], prevIndex 0, prevTerm 0
069790 LEAD S2: 1 append success next 1 match 0
070290 LEAD S2: prevLog &raft.Entry{Command:interface {}(nil), Term:0, Index:0}
070290 LEAD S2: prevLog &raft.Entry{Command:interface {}(nil), Term:0, Index:0}
070291 INFO S0: (term 1) follower 收到 [2] AppendEntries [], prevIndex 0, prevTerm 0
070291 INFO S1: (term 1) follower 收到 [2] AppendEntries [], prevIndex 0, prevTerm 0
070291 LEAD S2: 0 append success next 1 match 0
070292 LEAD S2: 1 append success next 1 match 0
070792 LEAD S2: prevLog &raft.Entry{Command:interface {}(nil), Term:0, Index:0}
070792 LEAD S2: prevLog &raft.Entry{Command:interface {}(nil), Term:0, Index:0}
070792 INFO S0: (term 1) follower 收到 [2] AppendEntries [], prevIndex 0, prevTerm 0
070793 LEAD S2: 0 append success next 1 match 0
070793 INFO S1: (term 1) follower 收到 [2] AppendEntries [], prevIndex 0, prevTerm 0
070793 LEAD S2: 1 append success next 1 match 0
071294 LEAD S2: prevLog &raft.Entry{Command:interface {}(nil), Term:0, Index:0}
071294 LEAD S2: prevLog &raft.Entry{Command:interface {}(nil), Term:0, Index:0}
071295 INFO S1: (term 1) follower 收到 [2] AppendEntries [], prevIndex 0, prevTerm 0
071295 INFO S0: (term 1) follower 收到 [2] AppendEntries [], prevIndex 0, prevTerm 0
071296 LEAD S2: 0 append success next 1 match 0
071296 LEAD S2: 1 append success next 1 match 0
071796 LEAD S2: prevLog &raft.Entry{Command:interface {}(nil), Term:0, Index:0}
071797 LEAD S2: prevLog &raft.Entry{Command:interface {}(nil), Term:0, Index:0}
071797 INFO S0: (term 1) follower 收到 [2] AppendEntries [], prevIndex 0, prevTerm 0
071798 LEAD S2: 0 append success next 1 match 0
071798 INFO S1: (term 1) follower 收到 [2] AppendEntries [], prevIndex 0, prevTerm 0
071798 LEAD S2: 1 append success next 1 match 0
072298 LEAD S2: prevLog &raft.Entry{Command:interface {}(nil), Term:0, Index:0}
072298 LEAD S2: prevLog &raft.Entry{Command:interface {}(nil), Term:0, Index:0}
072299 INFO S1: (term 1) follower 收到 [2] AppendEntries [], prevIndex 0, prevTerm 0
072299 INFO S0: (term 1) follower 收到 [2] AppendEntries [], prevIndex 0, prevTerm 0
072299 LEAD S2: 1 append success next 1 match 0
072300 LEAD S2: 0 append success next 1 match 0
072801 LEAD S2: prevLog &raft.Entry{Command:interface {}(nil), Term:0, Index:0}
072801 LEAD S2: prevLog &raft.Entry{Command:interface {}(nil), Term:0, Index:0}
072801 INFO S0: (term 1) follower 收到 [2] AppendEntries [], prevIndex 0, prevTerm 0
072802 LEAD S2: 0 append success next 1 match 0
072802 INFO S1: (term 1) follower 收到 [2] AppendEntries [], prevIndex 0, prevTerm 0
072804 LEAD S2: 1 append success next 1 match 0
073303 LEAD S2: prevLog &raft.Entry{Command:interface {}(nil), Term:0, Index:0}
073303 LEAD S2: prevLog &raft.Entry{Command:interface {}(nil), Term:0, Index:0}
073304 INFO S0: (term 1) follower 收到 [2] AppendEntries [], prevIndex 0, prevTerm 0
073304 INFO S1: (term 1) follower 收到 [2] AppendEntries [], prevIndex 0, prevTerm 0
073304 LEAD S2: 0 append success next 1 match 0
073304 LEAD S2: 1 append success next 1 match 0
073804 LEAD S2: prevLog &raft.Entry{Command:interface {}(nil), Term:0, Index:0}
073805 LEAD S2: prevLog &raft.Entry{Command:interface {}(nil), Term:0, Index:0}
073805 INFO S1: (term 1) follower 收到 [2] AppendEntries [], prevIndex 0, prevTerm 0
073805 INFO S0: (term 1) follower 收到 [2] AppendEntries [], prevIndex 0, prevTerm 0
073806 LEAD S2: 1 append success next 1 match 0
073806 LEAD S2: 0 append success next 1 match 0
074307 LEAD S2: prevLog &raft.Entry{Command:interface {}(nil), Term:0, Index:0}
074307 LEAD S2: prevLog &raft.Entry{Command:interface {}(nil), Term:0, Index:0}
074308 INFO S0: (term 1) follower 收到 [2] AppendEntries [], prevIndex 0, prevTerm 0
074308 INFO S1: (term 1) follower 收到 [2] AppendEntries [], prevIndex 0, prevTerm 0
074308 LEAD S2: 0 append success next 1 match 0
074308 LEAD S2: 1 append success next 1 match 0
074809 LEAD S2: prevLog &raft.Entry{Command:interface {}(nil), Term:0, Index:0}
074809 LEAD S2: prevLog &raft.Entry{Command:interface {}(nil), Term:0, Index:0}
074810 INFO S1: (term 1) follower 收到 [2] AppendEntries [], prevIndex 0, prevTerm 0
074810 INFO S0: (term 1) follower 收到 [2] AppendEntries [], prevIndex 0, prevTerm 0
074810 LEAD S2: 1 append success next 1 match 0
074810 LEAD S2: 0 append success next 1 match 0
075310 LEAD S2: prevLog &raft.Entry{Command:interface {}(nil), Term:0, Index:0}
075310 LEAD S2: prevLog &raft.Entry{Command:interface {}(nil), Term:0, Index:0}
075311 INFO S0: (term 1) follower 收到 [2] AppendEntries [], prevIndex 0, prevTerm 0
075311 INFO S1: (term 1) follower 收到 [2] AppendEntries [], prevIndex 0, prevTerm 0
075311 LEAD S2: 0 append success next 1 match 0
075312 LEAD S2: 1 append success next 1 match 0
075812 LEAD S2: prevLog &raft.Entry{Command:interface {}(nil), Term:0, Index:0}
075812 LEAD S2: prevLog &raft.Entry{Command:interface {}(nil), Term:0, Index:0}
075813 INFO S0: (term 1) follower 收到 [2] AppendEntries [], prevIndex 0, prevTerm 0
075813 INFO S1: (term 1) follower 收到 [2] AppendEntries [], prevIndex 0, prevTerm 0
075813 LEAD S2: 0 append success next 1 match 0
075813 LEAD S2: 1 append success next 1 match 0
076314 LEAD S2: prevLog &raft.Entry{Command:interface {}(nil), Term:0, Index:0}
076314 LEAD S2: prevLog &raft.Entry{Command:interface {}(nil), Term:0, Index:0}
076315 INFO S0: (term 1) follower 收到 [2] AppendEntries [], prevIndex 0, prevTerm 0
076315 INFO S1: (term 1) follower 收到 [2] AppendEntries [], prevIndex 0, prevTerm 0
076315 LEAD S2: 0 append success next 1 match 0
076315 LEAD S2: 1 append success next 1 match 0
076816 LEAD S2: prevLog &raft.Entry{Command:interface {}(nil), Term:0, Index:0}
076816 LEAD S2: prevLog &raft.Entry{Command:interface {}(nil), Term:0, Index:0}
076816 INFO S0: (term 1) follower 收到 [2] AppendEntries [], prevIndex 0, prevTerm 0
076817 LEAD S2: 0 append success next 1 match 0
076817 INFO S1: (term 1) follower 收到 [2] AppendEntries [], prevIndex 0, prevTerm 0
076817 LEAD S2: 1 append success next 1 match 0
077318 LEAD S2: prevLog &raft.Entry{Command:interface {}(nil), Term:0, Index:0}
077318 LEAD S2: prevLog &raft.Entry{Command:interface {}(nil), Term:0, Index:0}
077319 INFO S1: (term 1) follower 收到 [2] AppendEntries [], prevIndex 0, prevTerm 0
077319 INFO S0: (term 1) follower 收到 [2] AppendEntries [], prevIndex 0, prevTerm 0
077320 LEAD S2: 1 append success next 1 match 0
077320 LEAD S2: 0 append success next 1 match 0
077820 LEAD S2: prevLog &raft.Entry{Command:interface {}(nil), Term:0, Index:0}
077820 LEAD S2: prevLog &raft.Entry{Command:interface {}(nil), Term:0, Index:0}
077821 INFO S1: (term 1) follower 收到 [2] AppendEntries [], prevIndex 0, prevTerm 0
077821 INFO S0: (term 1) follower 收到 [2] AppendEntries [], prevIndex 0, prevTerm 0
077821 LEAD S2: 1 append success next 1 match 0
077821 LEAD S2: 0 append success next 1 match 0
078323 LEAD S2: prevLog &raft.Entry{Command:interface {}(nil), Term:0, Index:0}
078323 LEAD S2: prevLog &raft.Entry{Command:interface {}(nil), Term:0, Index:0}
078324 INFO S0: (term 1) follower 收到 [2] AppendEntries [], prevIndex 0, prevTerm 0
078324 INFO S1: (term 1) follower 收到 [2] AppendEntries [], prevIndex 0, prevTerm 0
078324 LEAD S2: 1 append success next 1 match 0
078324 LEAD S2: 0 append success next 1 match 0
078824 LEAD S2: prevLog &raft.Entry{Command:interface {}(nil), Term:0, Index:0}
078824 LEAD S2: prevLog &raft.Entry{Command:interface {}(nil), Term:0, Index:0}
078825 INFO S1: (term 1) follower 收到 [2] AppendEntries [], prevIndex 0, prevTerm 0
078825 LEAD S2: 1 append success next 1 match 0
078826 INFO S0: (term 1) follower 收到 [2] AppendEntries [], prevIndex 0, prevTerm 0
078826 LEAD S2: 0 append success next 1 match 0
079327 LEAD S2: prevLog &raft.Entry{Command:interface {}(nil), Term:0, Index:0}
079328 LEAD S2: prevLog &raft.Entry{Command:interface {}(nil), Term:0, Index:0}
079328 INFO S1: (term 1) follower 收到 [2] AppendEntries [], prevIndex 0, prevTerm 0
079328 INFO S0: (term 1) follower 收到 [2] AppendEntries [], prevIndex 0, prevTerm 0
079329 LEAD S2: 1 append success next 1 match 0
079329 LEAD S2: 0 append success next 1 match 0
079829 LEAD S2: prevLog &raft.Entry{Command:interface {}(nil), Term:0, Index:0}
079829 LEAD S2: prevLog &raft.Entry{Command:interface {}(nil), Term:0, Index:0}
079830 INFO S1: (term 1) follower 收到 [2] AppendEntries [], prevIndex 0, prevTerm 0
079830 INFO S0: (term 1) follower 收到 [2] AppendEntries [], prevIndex 0, prevTerm 0
079830 LEAD S2: 0 append success next 1 match 0
079830 LEAD S2: 1 append success next 1 match 0
080331 LEAD S2: prevLog &raft.Entry{Command:interface {}(nil), Term:0, Index:0}
080331 LEAD S2: prevLog &raft.Entry{Command:interface {}(nil), Term:0, Index:0}
080332 INFO S0: (term 1) follower 收到 [2] AppendEntries [], prevIndex 0, prevTerm 0
080332 INFO S1: (term 1) follower 收到 [2] AppendEntries [], prevIndex 0, prevTerm 0
080332 LEAD S2: 0 append success next 1 match 0
080332 LEAD S2: 1 append success next 1 match 0
080833 LEAD S2: prevLog &raft.Entry{Command:interface {}(nil), Term:0, Index:0}
080833 LEAD S2: prevLog &raft.Entry{Command:interface {}(nil), Term:0, Index:0}
080833 INFO S1: (term 1) follower 收到 [2] AppendEntries [], prevIndex 0, prevTerm 0
080834 INFO S0: (term 1) follower 收到 [2] AppendEntries [], prevIndex 0, prevTerm 0
080834 LEAD S2: 1 append success next 1 match 0
080834 LEAD S2: 0 append success next 1 match 0
081335 LEAD S2: prevLog &raft.Entry{Command:interface {}(nil), Term:0, Index:0}
081335 LEAD S2: prevLog &raft.Entry{Command:interface {}(nil), Term:0, Index:0}
081335 INFO S0: (term 1) follower 收到 [2] AppendEntries [], prevIndex 0, prevTerm 0
081336 INFO S1: (term 1) follower 收到 [2] AppendEntries [], prevIndex 0, prevTerm 0
081336 LEAD S2: 0 append success next 1 match 0
081336 LEAD S2: 1 append success next 1 match 0
081837 LEAD S2: prevLog &raft.Entry{Command:interface {}(nil), Term:0, Index:0}
081837 LEAD S2: prevLog &raft.Entry{Command:interface {}(nil), Term:0, Index:0}
081838 INFO S1: (term 1) follower 收到 [2] AppendEntries [], prevIndex 0, prevTerm 0
081838 INFO S0: (term 1) follower 收到 [2] AppendEntries [], prevIndex 0, prevTerm 0
081838 LEAD S2: 1 append success next 1 match 0
081838 LEAD S2: 0 append success next 1 match 0
082340 LEAD S2: prevLog &raft.Entry{Command:interface {}(nil), Term:0, Index:0}
082341 LEAD S2: prevLog &raft.Entry{Command:interface {}(nil), Term:0, Index:0}
082342 INFO S0: (term 1) follower 收到 [2] AppendEntries [], prevIndex 0, prevTerm 0
082342 INFO S1: (term 1) follower 收到 [2] AppendEntries [], prevIndex 0, prevTerm 0
082342 LEAD S2: 0 append success next 1 match 0
082343 LEAD S2: 1 append success next 1 match 0
082842 LEAD S2: prevLog &raft.Entry{Command:interface {}(nil), Term:0, Index:0}
082842 LEAD S2: prevLog &raft.Entry{Command:interface {}(nil), Term:0, Index:0}
082843 INFO S0: (term 1) follower 收到 [2] AppendEntries [], prevIndex 0, prevTerm 0
082843 INFO S1: (term 1) follower 收到 [2] AppendEntries [], prevIndex 0, prevTerm 0
082843 LEAD S2: 0 append success next 1 match 0
082844 LEAD S2: 1 append success next 1 match 0
083344 LEAD S2: prevLog &raft.Entry{Command:interface {}(nil), Term:0, Index:0}
083344 LEAD S2: prevLog &raft.Entry{Command:interface {}(nil), Term:0, Index:0}
083345 INFO S1: (term 1) follower 收到 [2] AppendEntries [], prevIndex 0, prevTerm 0
083345 INFO S0: (term 1) follower 收到 [2] AppendEntries [], prevIndex 0, prevTerm 0
083345 LEAD S2: 1 append success next 1 match 0
083345 LEAD S2: 0 append success next 1 match 0
083846 LEAD S2: prevLog &raft.Entry{Command:interface {}(nil), Term:0, Index:0}
083846 LEAD S2: prevLog &raft.Entry{Command:interface {}(nil), Term:0, Index:0}
083847 INFO S0: (term 1) follower 收到 [2] AppendEntries [], prevIndex 0, prevTerm 0
083847 LEAD S2: 0 append success next 1 match 0
083847 INFO S1: (term 1) follower 收到 [2] AppendEntries [], prevIndex 0, prevTerm 0
083848 LEAD S2: 1 append success next 1 match 0
084349 LEAD S2: prevLog &raft.Entry{Command:interface {}(nil), Term:0, Index:0}
084349 LEAD S2: prevLog &raft.Entry{Command:interface {}(nil), Term:0, Index:0}
084350 INFO S1: (term 1) follower 收到 [2] AppendEntries [], prevIndex 0, prevTerm 0
084350 INFO S0: (term 1) follower 收到 [2] AppendEntries [], prevIndex 0, prevTerm 0
084350 LEAD S2: 1 append success next 1 match 0
084350 LEAD S2: 0 append success next 1 match 0
084851 LEAD S2: prevLog &raft.Entry{Command:interface {}(nil), Term:0, Index:0}
084851 LEAD S2: prevLog &raft.Entry{Command:interface {}(nil), Term:0, Index:0}
084852 INFO S1: (term 1) follower 收到 [2] AppendEntries [], prevIndex 0, prevTerm 0
084852 INFO S0: (term 1) follower 收到 [2] AppendEntries [], prevIndex 0, prevTerm 0
084852 LEAD S2: 1 append success next 1 match 0
084852 LEAD S2: 0 append success next 1 match 0
085353 LEAD S2: prevLog &raft.Entry{Command:interface {}(nil), Term:0, Index:0}
085353 LEAD S2: prevLog &raft.Entry{Command:interface {}(nil), Term:0, Index:0}
085354 INFO S0: (term 1) follower 收到 [2] AppendEntries [], prevIndex 0, prevTerm 0
085354 INFO S1: (term 1) follower 收到 [2] AppendEntries [], prevIndex 0, prevTerm 0
085354 LEAD S2: 0 append success next 1 match 0
085354 LEAD S2: 1 append success next 1 match 0
085855 LEAD S2: prevLog &raft.Entry{Command:interface {}(nil), Term:0, Index:0}
085855 LEAD S2: prevLog &raft.Entry{Command:interface {}(nil), Term:0, Index:0}
085855 INFO S0: (term 1) follower 收到 [2] AppendEntries [], prevIndex 0, prevTerm 0
085856 INFO S1: (term 1) follower 收到 [2] AppendEntries [], prevIndex 0, prevTerm 0
085856 LEAD S2: 0 append success next 1 match 0
085856 LEAD S2: 1 append success next 1 match 0
086356 LEAD S2: prevLog &raft.Entry{Command:interface {}(nil), Term:0, Index:0}
086357 LEAD S2: prevLog &raft.Entry{Command:interface {}(nil), Term:0, Index:0}
086357 INFO S0: (term 1) follower 收到 [2] AppendEntries [], prevIndex 0, prevTerm 0
086357 INFO S1: (term 1) follower 收到 [2] AppendEntries [], prevIndex 0, prevTerm 0
086358 LEAD S2: 0 append success next 1 match 0
086358 LEAD S2: 1 append success next 1 match 0
086858 LEAD S2: prevLog &raft.Entry{Command:interface {}(nil), Term:0, Index:0}
086858 LEAD S2: prevLog &raft.Entry{Command:interface {}(nil), Term:0, Index:0}
086859 INFO S0: (term 1) follower 收到 [2] AppendEntries [], prevIndex 0, prevTerm 0
086859 INFO S1: (term 1) follower 收到 [2] AppendEntries [], prevIndex 0, prevTerm 0
086860 LEAD S2: 0 append success next 1 match 0
086860 LEAD S2: 1 append success next 1 match 0
087360 LEAD S2: prevLog &raft.Entry{Command:interface {}(nil), Term:0, Index:0}
087360 LEAD S2: prevLog &raft.Entry{Command:interface {}(nil), Term:0, Index:0}
087361 INFO S0: (term 1) follower 收到 [2] AppendEntries [], prevIndex 0, prevTerm 0
087361 INFO S1: (term 1) follower 收到 [2] AppendEntries [], prevIndex 0, prevTerm 0
087361 LEAD S2: 1 append success next 1 match 0
087361 LEAD S2: 0 append success next 1 match 0
087863 LEAD S2: prevLog &raft.Entry{Command:interface {}(nil), Term:0, Index:0}
087863 LEAD S2: prevLog &raft.Entry{Command:interface {}(nil), Term:0, Index:0}
087864 INFO S1: (term 1) follower 收到 [2] AppendEntries [], prevIndex 0, prevTerm 0
087864 INFO S0: (term 1) follower 收到 [2] AppendEntries [], prevIndex 0, prevTerm 0
087864 LEAD S2: 0 append success next 1 match 0
087864 LEAD S2: 1 append success next 1 match 0
088365 LEAD S2: prevLog &raft.Entry{Command:interface {}(nil), Term:0, Index:0}
088365 LEAD S2: prevLog &raft.Entry{Command:interface {}(nil), Term:0, Index:0}
088366 INFO S0: (term 1) follower 收到 [2] AppendEntries [], prevIndex 0, prevTerm 0
088366 INFO S1: (term 1) follower 收到 [2] AppendEntries [], prevIndex 0, prevTerm 0
088366 LEAD S2: 0 append success next 1 match 0
088366 LEAD S2: 1 append success next 1 match 0
088867 LEAD S2: prevLog &raft.Entry{Command:interface {}(nil), Term:0, Index:0}
088867 LEAD S2: prevLog &raft.Entry{Command:interface {}(nil), Term:0, Index:0}
088867 INFO S1: (term 1) follower 收到 [2] AppendEntries [], prevIndex 0, prevTerm 0
088867 INFO S0: (term 1) follower 收到 [2] AppendEntries [], prevIndex 0, prevTerm 0
088868 LEAD S2: 1 append success next 1 match 0
088868 LEAD S2: 0 append success next 1 match 0
089368 LEAD S2: prevLog &raft.Entry{Command:interface {}(nil), Term:0, Index:0}
089368 LEAD S2: prevLog &raft.Entry{Command:interface {}(nil), Term:0, Index:0}
089369 INFO S0: (term 1) follower 收到 [2] AppendEntries [], prevIndex 0, prevTerm 0
089369 INFO S1: (term 1) follower 收到 [2] AppendEntries [], prevIndex 0, prevTerm 0
089369 LEAD S2: 0 append success next 1 match 0
089370 LEAD S2: 1 append success next 1 match 0
089870 LEAD S2: prevLog &raft.Entry{Command:interface {}(nil), Term:0, Index:0}
089870 LEAD S2: prevLog &raft.Entry{Command:interface {}(nil), Term:0, Index:0}
089871 INFO S1: (term 1) follower 收到 [2] AppendEntries [], prevIndex 0, prevTerm 0
089871 INFO S0: (term 1) follower 收到 [2] AppendEntries [], prevIndex 0, prevTerm 0
089871 LEAD S2: 1 append success next 1 match 0
089872 LEAD S2: 0 append success next 1 match 0
090372 LEAD S2: prevLog &raft.Entry{Command:interface {}(nil), Term:0, Index:0}
090372 LEAD S2: prevLog &raft.Entry{Command:interface {}(nil), Term:0, Index:0}
090373 INFO S0: (term 1) follower 收到 [2] AppendEntries [], prevIndex 0, prevTerm 0
090373 INFO S1: (term 1) follower 收到 [2] AppendEntries [], prevIndex 0, prevTerm 0
090373 LEAD S2: 0 append success next 1 match 0
090373 LEAD S2: 1 append success next 1 match 0
090874 LEAD S2: prevLog &raft.Entry{Command:interface {}(nil), Term:0, Index:0}
090874 LEAD S2: prevLog &raft.Entry{Command:interface {}(nil), Term:0, Index:0}
090874 INFO S0: (term 1) follower 收到 [2] AppendEntries [], prevIndex 0, prevTerm 0
090875 LEAD S2: 0 append success next 1 match 0
090875 INFO S1: (term 1) follower 收到 [2] AppendEntries [], prevIndex 0, prevTerm 0
090875 LEAD S2: 1 append success next 1 match 0
091375 LEAD S2: prevLog &raft.Entry{Command:interface {}(nil), Term:0, Index:0}
091376 LEAD S2: prevLog &raft.Entry{Command:interface {}(nil), Term:0, Index:0}
091376 INFO S1: (term 1) follower 收到 [2] AppendEntries [], prevIndex 0, prevTerm 0
091377 LEAD S2: 1 append success next 1 match 0
091377 INFO S0: (term 1) follower 收到 [2] AppendEntries [], prevIndex 0, prevTerm 0
091377 LEAD S2: 0 append success next 1 match 0
091878 LEAD S2: prevLog &raft.Entry{Command:interface {}(nil), Term:0, Index:0}
091878 LEAD S2: prevLog &raft.Entry{Command:interface {}(nil), Term:0, Index:0}
091879 INFO S0: (term 1) follower 收到 [2] AppendEntries [], prevIndex 0, prevTerm 0
091879 LEAD S2: 0 append success next 1 match 0
091879 INFO S1: (term 1) follower 收到 [2] AppendEntries [], prevIndex 0, prevTerm 0
091880 LEAD S2: 1 append success next 1 match 0
092381 LEAD S2: prevLog &raft.Entry{Command:interface {}(nil), Term:0, Index:0}
092381 LEAD S2: prevLog &raft.Entry{Command:interface {}(nil), Term:0, Index:0}
092381 INFO S0: (term 1) follower 收到 [2] AppendEntries [], prevIndex 0, prevTerm 0
092382 LEAD S2: 0 append success next 1 match 0
092382 INFO S1: (term 1) follower 收到 [2] AppendEntries [], prevIndex 0, prevTerm 0
092382 LEAD S2: 1 append success next 1 match 0
092883 LEAD S2: prevLog &raft.Entry{Command:interface {}(nil), Term:0, Index:0}
092884 LEAD S2: prevLog &raft.Entry{Command:interface {}(nil), Term:0, Index:0}
092884 INFO S0: (term 1) follower 收到 [2] AppendEntries [], prevIndex 0, prevTerm 0
092884 LEAD S2: 0 append success next 1 match 0
092885 INFO S1: (term 1) follower 收到 [2] AppendEntries [], prevIndex 0, prevTerm 0
092885 LEAD S2: 1 append success next 1 match 0
093387 LEAD S2: prevLog &raft.Entry{Command:interface {}(nil), Term:0, Index:0}
093387 LEAD S2: prevLog &raft.Entry{Command:interface {}(nil), Term:0, Index:0}
093388 INFO S1: (term 1) follower 收到 [2] AppendEntries [], prevIndex 0, prevTerm 0
093388 INFO S0: (term 1) follower 收到 [2] AppendEntries [], prevIndex 0, prevTerm 0
093388 LEAD S2: 0 append success next 1 match 0
093388 LEAD S2: 1 append success next 1 match 0
093889 LEAD S2: prevLog &raft.Entry{Command:interface {}(nil), Term:0, Index:0}
093889 LEAD S2: prevLog &raft.Entry{Command:interface {}(nil), Term:0, Index:0}
093890 INFO S1: (term 1) follower 收到 [2] AppendEntries [], prevIndex 0, prevTerm 0
093890 INFO S0: (term 1) follower 收到 [2] AppendEntries [], prevIndex 0, prevTerm 0
093890 LEAD S2: 1 append success next 1 match 0
093890 LEAD S2: 0 append success next 1 match 0
094390 LEAD S2: prevLog &raft.Entry{Command:interface {}(nil), Term:0, Index:0}
094391 LEAD S2: prevLog &raft.Entry{Command:interface {}(nil), Term:0, Index:0}
094391 INFO S1: (term 1) follower 收到 [2] AppendEntries [], prevIndex 0, prevTerm 0
094391 INFO S0: (term 1) follower 收到 [2] AppendEntries [], prevIndex 0, prevTerm 0
094392 LEAD S2: 1 append success next 1 match 0
094392 LEAD S2: 0 append success next 1 match 0
094893 LEAD S2: prevLog &raft.Entry{Command:interface {}(nil), Term:0, Index:0}
094893 LEAD S2: prevLog &raft.Entry{Command:interface {}(nil), Term:0, Index:0}
094894 INFO S1: (term 1) follower 收到 [2] AppendEntries [], prevIndex 0, prevTerm 0
094894 INFO S0: (term 1) follower 收到 [2] AppendEntries [], prevIndex 0, prevTerm 0
094894 LEAD S2: 1 append success next 1 match 0
094894 LEAD S2: 0 append success next 1 match 0
095396 LEAD S2: prevLog &raft.Entry{Command:interface {}(nil), Term:0, Index:0}
095396 LEAD S2: prevLog &raft.Entry{Command:interface {}(nil), Term:0, Index:0}
095397 INFO S1: (term 1) follower 收到 [2] AppendEntries [], prevIndex 0, prevTerm 0
095397 INFO S0: (term 1) follower 收到 [2] AppendEntries [], prevIndex 0, prevTerm 0
095397 LEAD S2: 1 append success next 1 match 0
095398 LEAD S2: 0 append success next 1 match 0
095897 LEAD S2: prevLog &raft.Entry{Command:interface {}(nil), Term:0, Index:0}
095897 LEAD S2: prevLog &raft.Entry{Command:interface {}(nil), Term:0, Index:0}
095898 INFO S0: (term 1) follower 收到 [2] AppendEntries [], prevIndex 0, prevTerm 0
095898 LEAD S2: 0 append success next 1 match 0
095898 INFO S1: (term 1) follower 收到 [2] AppendEntries [], prevIndex 0, prevTerm 0
095899 LEAD S2: 1 append success next 1 match 0
096400 LEAD S2: prevLog &raft.Entry{Command:interface {}(nil), Term:0, Index:0}
096400 LEAD S2: prevLog &raft.Entry{Command:interface {}(nil), Term:0, Index:0}
096401 INFO S1: (term 1) follower 收到 [2] AppendEntries [], prevIndex 0, prevTerm 0
096401 INFO S0: (term 1) follower 收到 [2] AppendEntries [], prevIndex 0, prevTerm 0
096401 LEAD S2: 1 append success next 1 match 0
096401 LEAD S2: 0 append success next 1 match 0
096902 LEAD S2: prevLog &raft.Entry{Command:interface {}(nil), Term:0, Index:0}
096903 LEAD S2: prevLog &raft.Entry{Command:interface {}(nil), Term:0, Index:0}
096903 INFO S0: (term 1) follower 收到 [2] AppendEntries [], prevIndex 0, prevTerm 0
096903 LEAD S2: 0 append success next 1 match 0
096904 INFO S1: (term 1) follower 收到 [2] AppendEntries [], prevIndex 0, prevTerm 0
096904 LEAD S2: 1 append success next 1 match 0
097404 LEAD S2: prevLog &raft.Entry{Command:interface {}(nil), Term:0, Index:0}
097405 LEAD S2: prevLog &raft.Entry{Command:interface {}(nil), Term:0, Index:0}
097405 INFO S0: (term 1) follower 收到 [2] AppendEntries [], prevIndex 0, prevTerm 0
097406 INFO S1: (term 1) follower 收到 [2] AppendEntries [], prevIndex 0, prevTerm 0
097406 LEAD S2: 0 append success next 1 match 0
097406 LEAD S2: 1 append success next 1 match 0
097906 LEAD S2: prevLog &raft.Entry{Command:interface {}(nil), Term:0, Index:0}
097906 LEAD S2: prevLog &raft.Entry{Command:interface {}(nil), Term:0, Index:0}
097907 INFO S1: (term 1) follower 收到 [2] AppendEntries [], prevIndex 0, prevTerm 0
097907 INFO S0: (term 1) follower 收到 [2] AppendEntries [], prevIndex 0, prevTerm 0
097907 LEAD S2: 0 append success next 1 match 0
097907 LEAD S2: 1 append success next 1 match 0
098408 LEAD S2: prevLog &raft.Entry{Command:interface {}(nil), Term:0, Index:0}
098408 LEAD S2: prevLog &raft.Entry{Command:interface {}(nil), Term:0, Index:0}
098409 INFO S0: (term 1) follower 收到 [2] AppendEntries [], prevIndex 0, prevTerm 0
098409 INFO S1: (term 1) follower 收到 [2] AppendEntries [], prevIndex 0, prevTerm 0
098409 LEAD S2: 0 append success next 1 match 0
098410 LEAD S2: 1 append success next 1 match 0
098910 LEAD S2: prevLog &raft.Entry{Command:interface {}(nil), Term:0, Index:0}
098910 LEAD S2: prevLog &raft.Entry{Command:interface {}(nil), Term:0, Index:0}
098911 INFO S0: (term 1) follower 收到 [2] AppendEntries [], prevIndex 0, prevTerm 0
098911 INFO S1: (term 1) follower 收到 [2] AppendEntries [], prevIndex 0, prevTerm 0
098911 LEAD S2: 0 append success next 1 match 0
098912 LEAD S2: 1 append success next 1 match 0
099412 LEAD S2: prevLog &raft.Entry{Command:interface {}(nil), Term:0, Index:0}
099412 LEAD S2: prevLog &raft.Entry{Command:interface {}(nil), Term:0, Index:0}
099414 INFO S1: (term 1) follower 收到 [2] AppendEntries [], prevIndex 0, prevTerm 0
099414 INFO S0: (term 1) follower 收到 [2] AppendEntries [], prevIndex 0, prevTerm 0
099414 LEAD S2: 1 append success next 1 match 0
099414 LEAD S2: 0 append success next 1 match 0
099913 LEAD S2: prevLog &raft.Entry{Command:interface {}(nil), Term:0, Index:0}
099913 LEAD S2: prevLog &raft.Entry{Command:interface {}(nil), Term:0, Index:0}
099914 INFO S1: (term 1) follower 收到 [2] AppendEntries [], prevIndex 0, prevTerm 0
099914 INFO S0: (term 1) follower 收到 [2] AppendEntries [], prevIndex 0, prevTerm 0
099914 LEAD S2: 0 append success next 1 match 0
099914 LEAD S2: 1 append success next 1 match 0
100418 LEAD S2: prevLog &raft.Entry{Command:interface {}(nil), Term:0, Index:0}
100418 LEAD S2: prevLog &raft.Entry{Command:interface {}(nil), Term:0, Index:0}
--- FAIL: TestPersist12C (10.04s)
    config.go:609: one(11) failed to reach agreement
FAIL
exit status 1
FAIL	6.824/raft	10.043s
