Test (2C): basic persistence ...
002509 INFO S1: start leader election, term 1
002510 VOTE S1: term 1 send vote request to 2
002510 VOTE S1: term 1 send vote request to 0
002511 TERM S2: set new term 1
002511 VOTE S2: term 1 vote 1
002511 VOTE S1: reply from 2, term一致，且投给1
002511 LEAD S1: come to power, start to send heartbeat
002511 LEAD S1: prevLog &raft.Entry{Command:interface {}(nil), Term:0, Index:0}
002511 LEAD S1: prevLog &raft.Entry{Command:interface {}(nil), Term:0, Index:0}
002511 TERM S0: set new term 1
002511 VOTE S0: term 1 vote 1
002512 INFO S2: (term 1) follower 收到 [1] AppendEntries [], prevIndex 0, prevTerm 0
002512 VOTE S1: reply from 0, term一致，且投给1
002512 LEAD S1: 2 append success next 1 match 0
002512 INFO S0: (term 1) follower 收到 [1] AppendEntries [], prevIndex 0, prevTerm 0
002513 LEAD S1: 0 append success next 1 match 0
003011 LEAD S1: prevLog &raft.Entry{Command:interface {}(nil), Term:0, Index:0}
003011 LEAD S1: prevLog &raft.Entry{Command:interface {}(nil), Term:0, Index:0}
003011 INFO S2: (term 1) follower 收到 [1] AppendEntries [], prevIndex 0, prevTerm 0
003012 LEAD S1: 2 append success next 1 match 0
003012 INFO S0: (term 1) follower 收到 [1] AppendEntries [], prevIndex 0, prevTerm 0
003012 LEAD S1: 0 append success next 1 match 0
003512 LEAD S1: prevLog &raft.Entry{Command:interface {}(nil), Term:0, Index:0}
003512 LEAD S1: prevLog &raft.Entry{Command:interface {}(nil), Term:0, Index:0}
003513 INFO S0: (term 1) follower 收到 [1] AppendEntries [], prevIndex 0, prevTerm 0
003513 INFO S2: (term 1) follower 收到 [1] AppendEntries [], prevIndex 0, prevTerm 0
003514 LEAD S1: 0 append success next 1 match 0
003514 LEAD S1: 2 append success next 1 match 0
004015 LEAD S1: prevLog &raft.Entry{Command:interface {}(nil), Term:0, Index:0}
004015 LEAD S1: prevLog &raft.Entry{Command:interface {}(nil), Term:0, Index:0}
004015 INFO S0: (term 1) follower 收到 [1] AppendEntries [], prevIndex 0, prevTerm 0
004016 INFO S2: (term 1) follower 收到 [1] AppendEntries [], prevIndex 0, prevTerm 0
004016 LEAD S1: 0 append success next 1 match 0
004016 LEAD S1: 2 append success next 1 match 0
004517 LEAD S1: prevLog &raft.Entry{Command:interface {}(nil), Term:0, Index:0}
004517 LEAD S1: prevLog &raft.Entry{Command:interface {}(nil), Term:0, Index:0}
004518 INFO S2: (term 1) follower 收到 [1] AppendEntries [], prevIndex 0, prevTerm 0
004518 INFO S0: (term 1) follower 收到 [1] AppendEntries [], prevIndex 0, prevTerm 0
004519 LEAD S1: 2 append success next 1 match 0
004519 LEAD S1: 0 append success next 1 match 0
005019 LEAD S1: prevLog &raft.Entry{Command:interface {}(nil), Term:0, Index:0}
005020 LEAD S1: prevLog &raft.Entry{Command:interface {}(nil), Term:0, Index:0}
005020 INFO S0: (term 1) follower 收到 [1] AppendEntries [], prevIndex 0, prevTerm 0
005021 INFO S2: (term 1) follower 收到 [1] AppendEntries [], prevIndex 0, prevTerm 0
005021 LEAD S1: 0 append success next 1 match 0
005021 LEAD S1: 2 append success next 1 match 0
005522 LEAD S1: prevLog &raft.Entry{Command:interface {}(nil), Term:0, Index:0}
005522 LEAD S1: prevLog &raft.Entry{Command:interface {}(nil), Term:0, Index:0}
005523 INFO S2: (term 1) follower 收到 [1] AppendEntries [], prevIndex 0, prevTerm 0
005523 LEAD S1: 2 append success next 1 match 0
005524 INFO S0: (term 1) follower 收到 [1] AppendEntries [], prevIndex 0, prevTerm 0
005524 LEAD S1: 0 append success next 1 match 0
006024 LEAD S1: prevLog &raft.Entry{Command:interface {}(nil), Term:0, Index:0}
006024 LEAD S1: prevLog &raft.Entry{Command:interface {}(nil), Term:0, Index:0}
006025 INFO S2: (term 1) follower 收到 [1] AppendEntries [], prevIndex 0, prevTerm 0
006025 LEAD S1: 2 append success next 1 match 0
006025 INFO S0: (term 1) follower 收到 [1] AppendEntries [], prevIndex 0, prevTerm 0
006026 LEAD S1: 0 append success next 1 match 0
006526 LEAD S1: prevLog &raft.Entry{Command:interface {}(nil), Term:0, Index:0}
006526 LEAD S1: prevLog &raft.Entry{Command:interface {}(nil), Term:0, Index:0}
006527 INFO S2: (term 1) follower 收到 [1] AppendEntries [], prevIndex 0, prevTerm 0
006527 LEAD S1: 2 append success next 1 match 0
006527 INFO S0: (term 1) follower 收到 [1] AppendEntries [], prevIndex 0, prevTerm 0
006528 LEAD S1: 0 append success next 1 match 0
007028 LEAD S1: prevLog &raft.Entry{Command:interface {}(nil), Term:0, Index:0}
007029 LEAD S1: prevLog &raft.Entry{Command:interface {}(nil), Term:0, Index:0}
007029 INFO S2: (term 1) follower 收到 [1] AppendEntries [], prevIndex 0, prevTerm 0
007030 LEAD S1: 2 append success next 1 match 0
007030 INFO S0: (term 1) follower 收到 [1] AppendEntries [], prevIndex 0, prevTerm 0
007030 LEAD S1: 0 append success next 1 match 0
007531 LEAD S1: prevLog &raft.Entry{Command:interface {}(nil), Term:0, Index:0}
007531 LEAD S1: prevLog &raft.Entry{Command:interface {}(nil), Term:0, Index:0}
007532 INFO S2: (term 1) follower 收到 [1] AppendEntries [], prevIndex 0, prevTerm 0
007532 LEAD S1: 2 append success next 1 match 0
007532 INFO S0: (term 1) follower 收到 [1] AppendEntries [], prevIndex 0, prevTerm 0
007533 LEAD S1: 0 append success next 1 match 0
008033 LEAD S1: prevLog &raft.Entry{Command:interface {}(nil), Term:0, Index:0}
008033 LEAD S1: prevLog &raft.Entry{Command:interface {}(nil), Term:0, Index:0}
008034 INFO S2: (term 1) follower 收到 [1] AppendEntries [], prevIndex 0, prevTerm 0
008034 LEAD S1: 2 append success next 1 match 0
008034 INFO S0: (term 1) follower 收到 [1] AppendEntries [], prevIndex 0, prevTerm 0
008035 LEAD S1: 0 append success next 1 match 0
008536 LEAD S1: prevLog &raft.Entry{Command:interface {}(nil), Term:0, Index:0}
008536 LEAD S1: prevLog &raft.Entry{Command:interface {}(nil), Term:0, Index:0}
008537 INFO S2: (term 1) follower 收到 [1] AppendEntries [], prevIndex 0, prevTerm 0
008537 INFO S0: (term 1) follower 收到 [1] AppendEntries [], prevIndex 0, prevTerm 0
008537 LEAD S1: 2 append success next 1 match 0
008537 LEAD S1: 0 append success next 1 match 0
009038 LEAD S1: prevLog &raft.Entry{Command:interface {}(nil), Term:0, Index:0}
009038 LEAD S1: prevLog &raft.Entry{Command:interface {}(nil), Term:0, Index:0}
009039 INFO S2: (term 1) follower 收到 [1] AppendEntries [], prevIndex 0, prevTerm 0
009039 LEAD S1: 2 append success next 1 match 0
009039 INFO S0: (term 1) follower 收到 [1] AppendEntries [], prevIndex 0, prevTerm 0
009040 LEAD S1: 0 append success next 1 match 0
009541 LEAD S1: prevLog &raft.Entry{Command:interface {}(nil), Term:0, Index:0}
009541 LEAD S1: prevLog &raft.Entry{Command:interface {}(nil), Term:0, Index:0}
009542 INFO S2: (term 1) follower 收到 [1] AppendEntries [], prevIndex 0, prevTerm 0
009542 LEAD S1: 2 append success next 1 match 0
009542 INFO S0: (term 1) follower 收到 [1] AppendEntries [], prevIndex 0, prevTerm 0
009543 LEAD S1: 0 append success next 1 match 0
010043 LEAD S1: prevLog &raft.Entry{Command:interface {}(nil), Term:0, Index:0}
010044 LEAD S1: prevLog &raft.Entry{Command:interface {}(nil), Term:0, Index:0}
010044 INFO S2: (term 1) follower 收到 [1] AppendEntries [], prevIndex 0, prevTerm 0
010045 INFO S0: (term 1) follower 收到 [1] AppendEntries [], prevIndex 0, prevTerm 0
010045 LEAD S1: 2 append success next 1 match 0
010045 LEAD S1: 0 append success next 1 match 0
010545 LEAD S1: prevLog &raft.Entry{Command:interface {}(nil), Term:0, Index:0}
010546 LEAD S1: prevLog &raft.Entry{Command:interface {}(nil), Term:0, Index:0}
010546 INFO S0: (term 1) follower 收到 [1] AppendEntries [], prevIndex 0, prevTerm 0
010547 LEAD S1: 0 append success next 1 match 0
010547 INFO S2: (term 1) follower 收到 [1] AppendEntries [], prevIndex 0, prevTerm 0
010547 LEAD S1: 2 append success next 1 match 0
011048 LEAD S1: prevLog &raft.Entry{Command:interface {}(nil), Term:0, Index:0}
011048 LEAD S1: prevLog &raft.Entry{Command:interface {}(nil), Term:0, Index:0}
011049 INFO S2: (term 1) follower 收到 [1] AppendEntries [], prevIndex 0, prevTerm 0
011049 LEAD S1: 2 append success next 1 match 0
011050 INFO S0: (term 1) follower 收到 [1] AppendEntries [], prevIndex 0, prevTerm 0
011050 LEAD S1: 0 append success next 1 match 0
011551 LEAD S1: prevLog &raft.Entry{Command:interface {}(nil), Term:0, Index:0}
011551 LEAD S1: prevLog &raft.Entry{Command:interface {}(nil), Term:0, Index:0}
011551 INFO S2: (term 1) follower 收到 [1] AppendEntries [], prevIndex 0, prevTerm 0
011551 INFO S0: (term 1) follower 收到 [1] AppendEntries [], prevIndex 0, prevTerm 0
011552 LEAD S1: 0 append success next 1 match 0
011552 LEAD S1: 2 append success next 1 match 0
012053 LEAD S1: prevLog &raft.Entry{Command:interface {}(nil), Term:0, Index:0}
012053 LEAD S1: prevLog &raft.Entry{Command:interface {}(nil), Term:0, Index:0}
012054 INFO S2: (term 1) follower 收到 [1] AppendEntries [], prevIndex 0, prevTerm 0
012054 LEAD S1: 2 append success next 1 match 0
012054 INFO S0: (term 1) follower 收到 [1] AppendEntries [], prevIndex 0, prevTerm 0
012054 LEAD S1: 0 append success next 1 match 0
012555 LEAD S1: prevLog &raft.Entry{Command:interface {}(nil), Term:0, Index:0}
012555 LEAD S1: prevLog &raft.Entry{Command:interface {}(nil), Term:0, Index:0}
012556 INFO S2: (term 1) follower 收到 [1] AppendEntries [], prevIndex 0, prevTerm 0
012556 LEAD S1: 2 append success next 1 match 0
012557 INFO S0: (term 1) follower 收到 [1] AppendEntries [], prevIndex 0, prevTerm 0
012557 LEAD S1: 0 append success next 1 match 0
013057 LEAD S1: prevLog &raft.Entry{Command:interface {}(nil), Term:0, Index:0}
013058 LEAD S1: prevLog &raft.Entry{Command:interface {}(nil), Term:0, Index:0}
013059 INFO S2: (term 1) follower 收到 [1] AppendEntries [], prevIndex 0, prevTerm 0
013059 INFO S0: (term 1) follower 收到 [1] AppendEntries [], prevIndex 0, prevTerm 0
013060 LEAD S1: 0 append success next 1 match 0
013060 LEAD S1: 2 append success next 1 match 0
013560 LEAD S1: prevLog &raft.Entry{Command:interface {}(nil), Term:0, Index:0}
013560 LEAD S1: prevLog &raft.Entry{Command:interface {}(nil), Term:0, Index:0}
013561 INFO S2: (term 1) follower 收到 [1] AppendEntries [], prevIndex 0, prevTerm 0
013561 LEAD S1: 2 append success next 1 match 0
013561 INFO S0: (term 1) follower 收到 [1] AppendEntries [], prevIndex 0, prevTerm 0
013562 LEAD S1: 0 append success next 1 match 0
014063 LEAD S1: prevLog &raft.Entry{Command:interface {}(nil), Term:0, Index:0}
014063 LEAD S1: prevLog &raft.Entry{Command:interface {}(nil), Term:0, Index:0}
014064 INFO S2: (term 1) follower 收到 [1] AppendEntries [], prevIndex 0, prevTerm 0
014064 LEAD S1: 2 append success next 1 match 0
014064 INFO S0: (term 1) follower 收到 [1] AppendEntries [], prevIndex 0, prevTerm 0
014065 LEAD S1: 0 append success next 1 match 0
014565 LEAD S1: prevLog &raft.Entry{Command:interface {}(nil), Term:0, Index:0}
014566 LEAD S1: prevLog &raft.Entry{Command:interface {}(nil), Term:0, Index:0}
014566 INFO S2: (term 1) follower 收到 [1] AppendEntries [], prevIndex 0, prevTerm 0
014567 LEAD S1: 2 append success next 1 match 0
014567 INFO S0: (term 1) follower 收到 [1] AppendEntries [], prevIndex 0, prevTerm 0
014567 LEAD S1: 0 append success next 1 match 0
015068 LEAD S1: prevLog &raft.Entry{Command:interface {}(nil), Term:0, Index:0}
015068 LEAD S1: prevLog &raft.Entry{Command:interface {}(nil), Term:0, Index:0}
015069 INFO S2: (term 1) follower 收到 [1] AppendEntries [], prevIndex 0, prevTerm 0
015069 LEAD S1: 2 append success next 1 match 0
015069 INFO S0: (term 1) follower 收到 [1] AppendEntries [], prevIndex 0, prevTerm 0
015070 LEAD S1: 0 append success next 1 match 0
015571 LEAD S1: prevLog &raft.Entry{Command:interface {}(nil), Term:0, Index:0}
015571 LEAD S1: prevLog &raft.Entry{Command:interface {}(nil), Term:0, Index:0}
015572 INFO S2: (term 1) follower 收到 [1] AppendEntries [], prevIndex 0, prevTerm 0
015572 LEAD S1: 2 append success next 1 match 0
015572 INFO S0: (term 1) follower 收到 [1] AppendEntries [], prevIndex 0, prevTerm 0
015573 LEAD S1: 0 append success next 1 match 0
016073 LEAD S1: prevLog &raft.Entry{Command:interface {}(nil), Term:0, Index:0}
016073 LEAD S1: prevLog &raft.Entry{Command:interface {}(nil), Term:0, Index:0}
016074 INFO S2: (term 1) follower 收到 [1] AppendEntries [], prevIndex 0, prevTerm 0
016074 LEAD S1: 2 append success next 1 match 0
016074 INFO S0: (term 1) follower 收到 [1] AppendEntries [], prevIndex 0, prevTerm 0
016074 LEAD S1: 0 append success next 1 match 0
016576 LEAD S1: prevLog &raft.Entry{Command:interface {}(nil), Term:0, Index:0}
016576 LEAD S1: prevLog &raft.Entry{Command:interface {}(nil), Term:0, Index:0}
016577 INFO S0: (term 1) follower 收到 [1] AppendEntries [], prevIndex 0, prevTerm 0
016577 INFO S2: (term 1) follower 收到 [1] AppendEntries [], prevIndex 0, prevTerm 0
016577 LEAD S1: 0 append success next 1 match 0
016577 LEAD S1: 2 append success next 1 match 0
017078 LEAD S1: prevLog &raft.Entry{Command:interface {}(nil), Term:0, Index:0}
017078 LEAD S1: prevLog &raft.Entry{Command:interface {}(nil), Term:0, Index:0}
017079 INFO S2: (term 1) follower 收到 [1] AppendEntries [], prevIndex 0, prevTerm 0
017079 LEAD S1: 2 append success next 1 match 0
017079 INFO S0: (term 1) follower 收到 [1] AppendEntries [], prevIndex 0, prevTerm 0
017080 LEAD S1: 0 append success next 1 match 0
017579 LEAD S1: prevLog &raft.Entry{Command:interface {}(nil), Term:0, Index:0}
017579 LEAD S1: prevLog &raft.Entry{Command:interface {}(nil), Term:0, Index:0}
017580 INFO S2: (term 1) follower 收到 [1] AppendEntries [], prevIndex 0, prevTerm 0
017581 LEAD S1: 2 append success next 1 match 0
017581 INFO S0: (term 1) follower 收到 [1] AppendEntries [], prevIndex 0, prevTerm 0
017581 LEAD S1: 0 append success next 1 match 0
018081 LEAD S1: prevLog &raft.Entry{Command:interface {}(nil), Term:0, Index:0}
018081 LEAD S1: prevLog &raft.Entry{Command:interface {}(nil), Term:0, Index:0}
018082 INFO S2: (term 1) follower 收到 [1] AppendEntries [], prevIndex 0, prevTerm 0
018082 LEAD S1: 2 append success next 1 match 0
018082 INFO S0: (term 1) follower 收到 [1] AppendEntries [], prevIndex 0, prevTerm 0
018083 LEAD S1: 0 append success next 1 match 0
018583 LEAD S1: prevLog &raft.Entry{Command:interface {}(nil), Term:0, Index:0}
018583 LEAD S1: prevLog &raft.Entry{Command:interface {}(nil), Term:0, Index:0}
018584 INFO S2: (term 1) follower 收到 [1] AppendEntries [], prevIndex 0, prevTerm 0
018584 INFO S0: (term 1) follower 收到 [1] AppendEntries [], prevIndex 0, prevTerm 0
018584 LEAD S1: 2 append success next 1 match 0
018585 LEAD S1: 0 append success next 1 match 0
019086 LEAD S1: prevLog &raft.Entry{Command:interface {}(nil), Term:0, Index:0}
019086 LEAD S1: prevLog &raft.Entry{Command:interface {}(nil), Term:0, Index:0}
019087 INFO S2: (term 1) follower 收到 [1] AppendEntries [], prevIndex 0, prevTerm 0
019087 INFO S0: (term 1) follower 收到 [1] AppendEntries [], prevIndex 0, prevTerm 0
019087 LEAD S1: 2 append success next 1 match 0
019087 LEAD S1: 0 append success next 1 match 0
019588 LEAD S1: prevLog &raft.Entry{Command:interface {}(nil), Term:0, Index:0}
019588 LEAD S1: prevLog &raft.Entry{Command:interface {}(nil), Term:0, Index:0}
019589 INFO S2: (term 1) follower 收到 [1] AppendEntries [], prevIndex 0, prevTerm 0
019589 LEAD S1: 2 append success next 1 match 0
019589 INFO S0: (term 1) follower 收到 [1] AppendEntries [], prevIndex 0, prevTerm 0
019590 LEAD S1: 0 append success next 1 match 0
020090 LEAD S1: prevLog &raft.Entry{Command:interface {}(nil), Term:0, Index:0}
020091 LEAD S1: prevLog &raft.Entry{Command:interface {}(nil), Term:0, Index:0}
020091 INFO S2: (term 1) follower 收到 [1] AppendEntries [], prevIndex 0, prevTerm 0
020092 LEAD S1: 2 append success next 1 match 0
020092 INFO S0: (term 1) follower 收到 [1] AppendEntries [], prevIndex 0, prevTerm 0
020092 LEAD S1: 0 append success next 1 match 0
020593 LEAD S1: prevLog &raft.Entry{Command:interface {}(nil), Term:0, Index:0}
020593 LEAD S1: prevLog &raft.Entry{Command:interface {}(nil), Term:0, Index:0}
020594 INFO S2: (term 1) follower 收到 [1] AppendEntries [], prevIndex 0, prevTerm 0
020594 LEAD S1: 2 append success next 1 match 0
020594 INFO S0: (term 1) follower 收到 [1] AppendEntries [], prevIndex 0, prevTerm 0
020595 LEAD S1: 0 append success next 1 match 0
021095 LEAD S1: prevLog &raft.Entry{Command:interface {}(nil), Term:0, Index:0}
021095 LEAD S1: prevLog &raft.Entry{Command:interface {}(nil), Term:0, Index:0}
021096 INFO S2: (term 1) follower 收到 [1] AppendEntries [], prevIndex 0, prevTerm 0
021096 LEAD S1: 2 append success next 1 match 0
021097 INFO S0: (term 1) follower 收到 [1] AppendEntries [], prevIndex 0, prevTerm 0
021097 LEAD S1: 0 append success next 1 match 0
021597 LEAD S1: prevLog &raft.Entry{Command:interface {}(nil), Term:0, Index:0}
021597 LEAD S1: prevLog &raft.Entry{Command:interface {}(nil), Term:0, Index:0}
021598 INFO S2: (term 1) follower 收到 [1] AppendEntries [], prevIndex 0, prevTerm 0
021598 LEAD S1: 2 append success next 1 match 0
021598 INFO S0: (term 1) follower 收到 [1] AppendEntries [], prevIndex 0, prevTerm 0
021599 LEAD S1: 0 append success next 1 match 0
022099 LEAD S1: prevLog &raft.Entry{Command:interface {}(nil), Term:0, Index:0}
022099 LEAD S1: prevLog &raft.Entry{Command:interface {}(nil), Term:0, Index:0}
022100 INFO S2: (term 1) follower 收到 [1] AppendEntries [], prevIndex 0, prevTerm 0
022100 LEAD S1: 2 append success next 1 match 0
022100 INFO S0: (term 1) follower 收到 [1] AppendEntries [], prevIndex 0, prevTerm 0
022101 LEAD S1: 0 append success next 1 match 0
022602 LEAD S1: prevLog &raft.Entry{Command:interface {}(nil), Term:0, Index:0}
022602 LEAD S1: prevLog &raft.Entry{Command:interface {}(nil), Term:0, Index:0}
022602 INFO S2: (term 1) follower 收到 [1] AppendEntries [], prevIndex 0, prevTerm 0
022602 INFO S0: (term 1) follower 收到 [1] AppendEntries [], prevIndex 0, prevTerm 0
022603 LEAD S1: 0 append success next 1 match 0
022603 LEAD S1: 2 append success next 1 match 0
023104 LEAD S1: prevLog &raft.Entry{Command:interface {}(nil), Term:0, Index:0}
023104 LEAD S1: prevLog &raft.Entry{Command:interface {}(nil), Term:0, Index:0}
023105 INFO S2: (term 1) follower 收到 [1] AppendEntries [], prevIndex 0, prevTerm 0
023105 INFO S0: (term 1) follower 收到 [1] AppendEntries [], prevIndex 0, prevTerm 0
023105 LEAD S1: 0 append success next 1 match 0
023105 LEAD S1: 2 append success next 1 match 0
023606 LEAD S1: prevLog &raft.Entry{Command:interface {}(nil), Term:0, Index:0}
023606 LEAD S1: prevLog &raft.Entry{Command:interface {}(nil), Term:0, Index:0}
023607 INFO S2: (term 1) follower 收到 [1] AppendEntries [], prevIndex 0, prevTerm 0
023607 LEAD S1: 2 append success next 1 match 0
023607 INFO S0: (term 1) follower 收到 [1] AppendEntries [], prevIndex 0, prevTerm 0
023608 LEAD S1: 0 append success next 1 match 0
024109 LEAD S1: prevLog &raft.Entry{Command:interface {}(nil), Term:0, Index:0}
024109 LEAD S1: prevLog &raft.Entry{Command:interface {}(nil), Term:0, Index:0}
024110 INFO S2: (term 1) follower 收到 [1] AppendEntries [], prevIndex 0, prevTerm 0
024110 LEAD S1: 2 append success next 1 match 0
024110 INFO S0: (term 1) follower 收到 [1] AppendEntries [], prevIndex 0, prevTerm 0
024112 LEAD S1: 0 append success next 1 match 0
024611 LEAD S1: prevLog &raft.Entry{Command:interface {}(nil), Term:0, Index:0}
024611 LEAD S1: prevLog &raft.Entry{Command:interface {}(nil), Term:0, Index:0}
024612 INFO S2: (term 1) follower 收到 [1] AppendEntries [], prevIndex 0, prevTerm 0
024612 LEAD S1: 2 append success next 1 match 0
024612 INFO S0: (term 1) follower 收到 [1] AppendEntries [], prevIndex 0, prevTerm 0
024613 LEAD S1: 0 append success next 1 match 0
025113 LEAD S1: prevLog &raft.Entry{Command:interface {}(nil), Term:0, Index:0}
025113 LEAD S1: prevLog &raft.Entry{Command:interface {}(nil), Term:0, Index:0}
025114 INFO S2: (term 1) follower 收到 [1] AppendEntries [], prevIndex 0, prevTerm 0
025114 LEAD S1: 2 append success next 1 match 0
025115 INFO S0: (term 1) follower 收到 [1] AppendEntries [], prevIndex 0, prevTerm 0
025115 LEAD S1: 0 append success next 1 match 0
025615 LEAD S1: prevLog &raft.Entry{Command:interface {}(nil), Term:0, Index:0}
025616 LEAD S1: prevLog &raft.Entry{Command:interface {}(nil), Term:0, Index:0}
025616 INFO S0: (term 1) follower 收到 [1] AppendEntries [], prevIndex 0, prevTerm 0
025616 INFO S2: (term 1) follower 收到 [1] AppendEntries [], prevIndex 0, prevTerm 0
025617 LEAD S1: 2 append success next 1 match 0
025617 LEAD S1: 0 append success next 1 match 0
026117 LEAD S1: prevLog &raft.Entry{Command:interface {}(nil), Term:0, Index:0}
026117 LEAD S1: prevLog &raft.Entry{Command:interface {}(nil), Term:0, Index:0}
026118 INFO S2: (term 1) follower 收到 [1] AppendEntries [], prevIndex 0, prevTerm 0
026118 INFO S0: (term 1) follower 收到 [1] AppendEntries [], prevIndex 0, prevTerm 0
026118 LEAD S1: 0 append success next 1 match 0
026119 LEAD S1: 2 append success next 1 match 0
026619 LEAD S1: prevLog &raft.Entry{Command:interface {}(nil), Term:0, Index:0}
026619 LEAD S1: prevLog &raft.Entry{Command:interface {}(nil), Term:0, Index:0}
026620 INFO S2: (term 1) follower 收到 [1] AppendEntries [], prevIndex 0, prevTerm 0
026620 LEAD S1: 2 append success next 1 match 0
026620 INFO S0: (term 1) follower 收到 [1] AppendEntries [], prevIndex 0, prevTerm 0
026621 LEAD S1: 0 append success next 1 match 0
027121 LEAD S1: prevLog &raft.Entry{Command:interface {}(nil), Term:0, Index:0}
027121 LEAD S1: prevLog &raft.Entry{Command:interface {}(nil), Term:0, Index:0}
027122 INFO S2: (term 1) follower 收到 [1] AppendEntries [], prevIndex 0, prevTerm 0
027122 LEAD S1: 2 append success next 1 match 0
027124 INFO S0: (term 1) follower 收到 [1] AppendEntries [], prevIndex 0, prevTerm 0
027125 LEAD S1: 0 append success next 1 match 0
027622 LEAD S1: prevLog &raft.Entry{Command:interface {}(nil), Term:0, Index:0}
027622 LEAD S1: prevLog &raft.Entry{Command:interface {}(nil), Term:0, Index:0}
027623 INFO S2: (term 1) follower 收到 [1] AppendEntries [], prevIndex 0, prevTerm 0
027623 LEAD S1: 2 append success next 1 match 0
027624 INFO S0: (term 1) follower 收到 [1] AppendEntries [], prevIndex 0, prevTerm 0
027624 LEAD S1: 0 append success next 1 match 0
028125 LEAD S1: prevLog &raft.Entry{Command:interface {}(nil), Term:0, Index:0}
028125 LEAD S1: prevLog &raft.Entry{Command:interface {}(nil), Term:0, Index:0}
028126 INFO S2: (term 1) follower 收到 [1] AppendEntries [], prevIndex 0, prevTerm 0
028127 INFO S0: (term 1) follower 收到 [1] AppendEntries [], prevIndex 0, prevTerm 0
028127 LEAD S1: 2 append success next 1 match 0
028127 LEAD S1: 0 append success next 1 match 0
028626 LEAD S1: prevLog &raft.Entry{Command:interface {}(nil), Term:0, Index:0}
028627 LEAD S1: prevLog &raft.Entry{Command:interface {}(nil), Term:0, Index:0}
028627 INFO S2: (term 1) follower 收到 [1] AppendEntries [], prevIndex 0, prevTerm 0
028628 LEAD S1: 2 append success next 1 match 0
028628 INFO S0: (term 1) follower 收到 [1] AppendEntries [], prevIndex 0, prevTerm 0
028628 LEAD S1: 0 append success next 1 match 0
029129 LEAD S1: prevLog &raft.Entry{Command:interface {}(nil), Term:0, Index:0}
029129 LEAD S1: prevLog &raft.Entry{Command:interface {}(nil), Term:0, Index:0}
029130 INFO S2: (term 1) follower 收到 [1] AppendEntries [], prevIndex 0, prevTerm 0
029130 LEAD S1: 2 append success next 1 match 0
029130 INFO S0: (term 1) follower 收到 [1] AppendEntries [], prevIndex 0, prevTerm 0
029131 LEAD S1: 0 append success next 1 match 0
029631 LEAD S1: prevLog &raft.Entry{Command:interface {}(nil), Term:0, Index:0}
029632 LEAD S1: prevLog &raft.Entry{Command:interface {}(nil), Term:0, Index:0}
029632 INFO S2: (term 1) follower 收到 [1] AppendEntries [], prevIndex 0, prevTerm 0
029633 LEAD S1: 2 append success next 1 match 0
029633 INFO S0: (term 1) follower 收到 [1] AppendEntries [], prevIndex 0, prevTerm 0
029633 LEAD S1: 0 append success next 1 match 0
030134 LEAD S1: prevLog &raft.Entry{Command:interface {}(nil), Term:0, Index:0}
030134 LEAD S1: prevLog &raft.Entry{Command:interface {}(nil), Term:0, Index:0}
030135 INFO S2: (term 1) follower 收到 [1] AppendEntries [], prevIndex 0, prevTerm 0
030135 INFO S0: (term 1) follower 收到 [1] AppendEntries [], prevIndex 0, prevTerm 0
030135 LEAD S1: 2 append success next 1 match 0
030135 LEAD S1: 0 append success next 1 match 0
030636 LEAD S1: prevLog &raft.Entry{Command:interface {}(nil), Term:0, Index:0}
030636 LEAD S1: prevLog &raft.Entry{Command:interface {}(nil), Term:0, Index:0}
030637 INFO S2: (term 1) follower 收到 [1] AppendEntries [], prevIndex 0, prevTerm 0
030638 LEAD S1: 2 append success next 1 match 0
030638 INFO S0: (term 1) follower 收到 [1] AppendEntries [], prevIndex 0, prevTerm 0
030638 LEAD S1: 0 append success next 1 match 0
031139 LEAD S1: prevLog &raft.Entry{Command:interface {}(nil), Term:0, Index:0}
031139 LEAD S1: prevLog &raft.Entry{Command:interface {}(nil), Term:0, Index:0}
031140 INFO S2: (term 1) follower 收到 [1] AppendEntries [], prevIndex 0, prevTerm 0
031140 LEAD S1: 2 append success next 1 match 0
031140 INFO S0: (term 1) follower 收到 [1] AppendEntries [], prevIndex 0, prevTerm 0
031141 LEAD S1: 0 append success next 1 match 0
031641 LEAD S1: prevLog &raft.Entry{Command:interface {}(nil), Term:0, Index:0}
031641 LEAD S1: prevLog &raft.Entry{Command:interface {}(nil), Term:0, Index:0}
031642 INFO S2: (term 1) follower 收到 [1] AppendEntries [], prevIndex 0, prevTerm 0
031642 LEAD S1: 2 append success next 1 match 0
031643 INFO S0: (term 1) follower 收到 [1] AppendEntries [], prevIndex 0, prevTerm 0
031643 LEAD S1: 0 append success next 1 match 0
032143 LEAD S1: prevLog &raft.Entry{Command:interface {}(nil), Term:0, Index:0}
032144 LEAD S1: prevLog &raft.Entry{Command:interface {}(nil), Term:0, Index:0}
032144 INFO S2: (term 1) follower 收到 [1] AppendEntries [], prevIndex 0, prevTerm 0
032145 LEAD S1: 2 append success next 1 match 0
032145 INFO S0: (term 1) follower 收到 [1] AppendEntries [], prevIndex 0, prevTerm 0
032145 LEAD S1: 0 append success next 1 match 0
032646 LEAD S1: prevLog &raft.Entry{Command:interface {}(nil), Term:0, Index:0}
032646 LEAD S1: prevLog &raft.Entry{Command:interface {}(nil), Term:0, Index:0}
032647 INFO S2: (term 1) follower 收到 [1] AppendEntries [], prevIndex 0, prevTerm 0
032647 LEAD S1: 2 append success next 1 match 0
032648 INFO S0: (term 1) follower 收到 [1] AppendEntries [], prevIndex 0, prevTerm 0
032648 LEAD S1: 0 append success next 1 match 0
033148 LEAD S1: prevLog &raft.Entry{Command:interface {}(nil), Term:0, Index:0}
033149 LEAD S1: prevLog &raft.Entry{Command:interface {}(nil), Term:0, Index:0}
033149 INFO S0: (term 1) follower 收到 [1] AppendEntries [], prevIndex 0, prevTerm 0
033149 INFO S2: (term 1) follower 收到 [1] AppendEntries [], prevIndex 0, prevTerm 0
033150 LEAD S1: 0 append success next 1 match 0
033150 LEAD S1: 2 append success next 1 match 0
033651 LEAD S1: prevLog &raft.Entry{Command:interface {}(nil), Term:0, Index:0}
033651 LEAD S1: prevLog &raft.Entry{Command:interface {}(nil), Term:0, Index:0}
033651 INFO S2: (term 1) follower 收到 [1] AppendEntries [], prevIndex 0, prevTerm 0
033652 INFO S0: (term 1) follower 收到 [1] AppendEntries [], prevIndex 0, prevTerm 0
033652 LEAD S1: 2 append success next 1 match 0
033652 LEAD S1: 0 append success next 1 match 0
034153 LEAD S1: prevLog &raft.Entry{Command:interface {}(nil), Term:0, Index:0}
034153 LEAD S1: prevLog &raft.Entry{Command:interface {}(nil), Term:0, Index:0}
034154 INFO S2: (term 1) follower 收到 [1] AppendEntries [], prevIndex 0, prevTerm 0
034154 LEAD S1: 2 append success next 1 match 0
034155 INFO S0: (term 1) follower 收到 [1] AppendEntries [], prevIndex 0, prevTerm 0
034155 LEAD S1: 0 append success next 1 match 0
034655 LEAD S1: prevLog &raft.Entry{Command:interface {}(nil), Term:0, Index:0}
034656 LEAD S1: prevLog &raft.Entry{Command:interface {}(nil), Term:0, Index:0}
034656 INFO S0: (term 1) follower 收到 [1] AppendEntries [], prevIndex 0, prevTerm 0
034657 INFO S2: (term 1) follower 收到 [1] AppendEntries [], prevIndex 0, prevTerm 0
034657 LEAD S1: 0 append success next 1 match 0
034657 LEAD S1: 2 append success next 1 match 0
035158 LEAD S1: prevLog &raft.Entry{Command:interface {}(nil), Term:0, Index:0}
035158 LEAD S1: prevLog &raft.Entry{Command:interface {}(nil), Term:0, Index:0}
035159 INFO S0: (term 1) follower 收到 [1] AppendEntries [], prevIndex 0, prevTerm 0
035159 INFO S2: (term 1) follower 收到 [1] AppendEntries [], prevIndex 0, prevTerm 0
035159 LEAD S1: 0 append success next 1 match 0
035161 LEAD S1: 2 append success next 1 match 0
035660 LEAD S1: prevLog &raft.Entry{Command:interface {}(nil), Term:0, Index:0}
035661 LEAD S1: prevLog &raft.Entry{Command:interface {}(nil), Term:0, Index:0}
035661 INFO S2: (term 1) follower 收到 [1] AppendEntries [], prevIndex 0, prevTerm 0
035662 LEAD S1: 2 append success next 1 match 0
035662 INFO S0: (term 1) follower 收到 [1] AppendEntries [], prevIndex 0, prevTerm 0
035662 LEAD S1: 0 append success next 1 match 0
036163 LEAD S1: prevLog &raft.Entry{Command:interface {}(nil), Term:0, Index:0}
036163 LEAD S1: prevLog &raft.Entry{Command:interface {}(nil), Term:0, Index:0}
036163 INFO S2: (term 1) follower 收到 [1] AppendEntries [], prevIndex 0, prevTerm 0
036164 INFO S0: (term 1) follower 收到 [1] AppendEntries [], prevIndex 0, prevTerm 0
036164 LEAD S1: 2 append success next 1 match 0
036164 LEAD S1: 0 append success next 1 match 0
036665 LEAD S1: prevLog &raft.Entry{Command:interface {}(nil), Term:0, Index:0}
036665 LEAD S1: prevLog &raft.Entry{Command:interface {}(nil), Term:0, Index:0}
036666 INFO S2: (term 1) follower 收到 [1] AppendEntries [], prevIndex 0, prevTerm 0
036666 INFO S0: (term 1) follower 收到 [1] AppendEntries [], prevIndex 0, prevTerm 0
036666 LEAD S1: 0 append success next 1 match 0
036666 LEAD S1: 2 append success next 1 match 0
037167 LEAD S1: prevLog &raft.Entry{Command:interface {}(nil), Term:0, Index:0}
037167 LEAD S1: prevLog &raft.Entry{Command:interface {}(nil), Term:0, Index:0}
037168 INFO S2: (term 1) follower 收到 [1] AppendEntries [], prevIndex 0, prevTerm 0
037168 LEAD S1: 2 append success next 1 match 0
037168 INFO S0: (term 1) follower 收到 [1] AppendEntries [], prevIndex 0, prevTerm 0
037169 LEAD S1: 0 append success next 1 match 0
037669 LEAD S1: prevLog &raft.Entry{Command:interface {}(nil), Term:0, Index:0}
037669 LEAD S1: prevLog &raft.Entry{Command:interface {}(nil), Term:0, Index:0}
037670 INFO S2: (term 1) follower 收到 [1] AppendEntries [], prevIndex 0, prevTerm 0
037670 LEAD S1: 2 append success next 1 match 0
037670 INFO S0: (term 1) follower 收到 [1] AppendEntries [], prevIndex 0, prevTerm 0
037671 LEAD S1: 0 append success next 1 match 0
038171 LEAD S1: prevLog &raft.Entry{Command:interface {}(nil), Term:0, Index:0}
038171 LEAD S1: prevLog &raft.Entry{Command:interface {}(nil), Term:0, Index:0}
038172 INFO S2: (term 1) follower 收到 [1] AppendEntries [], prevIndex 0, prevTerm 0
038172 LEAD S1: 2 append success next 1 match 0
038172 INFO S0: (term 1) follower 收到 [1] AppendEntries [], prevIndex 0, prevTerm 0
038173 LEAD S1: 0 append success next 1 match 0
038674 LEAD S1: prevLog &raft.Entry{Command:interface {}(nil), Term:0, Index:0}
038674 LEAD S1: prevLog &raft.Entry{Command:interface {}(nil), Term:0, Index:0}
038674 INFO S2: (term 1) follower 收到 [1] AppendEntries [], prevIndex 0, prevTerm 0
038675 LEAD S1: 2 append success next 1 match 0
038675 INFO S0: (term 1) follower 收到 [1] AppendEntries [], prevIndex 0, prevTerm 0
038675 LEAD S1: 0 append success next 1 match 0
039176 LEAD S1: prevLog &raft.Entry{Command:interface {}(nil), Term:0, Index:0}
039176 LEAD S1: prevLog &raft.Entry{Command:interface {}(nil), Term:0, Index:0}
039177 INFO S2: (term 1) follower 收到 [1] AppendEntries [], prevIndex 0, prevTerm 0
039177 LEAD S1: 2 append success next 1 match 0
039178 INFO S0: (term 1) follower 收到 [1] AppendEntries [], prevIndex 0, prevTerm 0
039178 LEAD S1: 0 append success next 1 match 0
039679 LEAD S1: prevLog &raft.Entry{Command:interface {}(nil), Term:0, Index:0}
039679 LEAD S1: prevLog &raft.Entry{Command:interface {}(nil), Term:0, Index:0}
039680 INFO S2: (term 1) follower 收到 [1] AppendEntries [], prevIndex 0, prevTerm 0
039680 INFO S0: (term 1) follower 收到 [1] AppendEntries [], prevIndex 0, prevTerm 0
039680 LEAD S1: 2 append success next 1 match 0
039680 LEAD S1: 0 append success next 1 match 0
040181 LEAD S1: prevLog &raft.Entry{Command:interface {}(nil), Term:0, Index:0}
040181 LEAD S1: prevLog &raft.Entry{Command:interface {}(nil), Term:0, Index:0}
040182 INFO S0: (term 1) follower 收到 [1] AppendEntries [], prevIndex 0, prevTerm 0
040182 LEAD S1: 0 append success next 1 match 0
040182 INFO S2: (term 1) follower 收到 [1] AppendEntries [], prevIndex 0, prevTerm 0
040183 LEAD S1: 2 append success next 1 match 0
040684 LEAD S1: prevLog &raft.Entry{Command:interface {}(nil), Term:0, Index:0}
040684 LEAD S1: prevLog &raft.Entry{Command:interface {}(nil), Term:0, Index:0}
040685 INFO S2: (term 1) follower 收到 [1] AppendEntries [], prevIndex 0, prevTerm 0
040685 INFO S0: (term 1) follower 收到 [1] AppendEntries [], prevIndex 0, prevTerm 0
040685 LEAD S1: 2 append success next 1 match 0
040685 LEAD S1: 0 append success next 1 match 0
041186 LEAD S1: prevLog &raft.Entry{Command:interface {}(nil), Term:0, Index:0}
041186 LEAD S1: prevLog &raft.Entry{Command:interface {}(nil), Term:0, Index:0}
041187 INFO S2: (term 1) follower 收到 [1] AppendEntries [], prevIndex 0, prevTerm 0
041187 LEAD S1: 2 append success next 1 match 0
041188 INFO S0: (term 1) follower 收到 [1] AppendEntries [], prevIndex 0, prevTerm 0
041188 LEAD S1: 0 append success next 1 match 0
041688 LEAD S1: prevLog &raft.Entry{Command:interface {}(nil), Term:0, Index:0}
041689 LEAD S1: prevLog &raft.Entry{Command:interface {}(nil), Term:0, Index:0}
041689 INFO S2: (term 1) follower 收到 [1] AppendEntries [], prevIndex 0, prevTerm 0
041690 LEAD S1: 2 append success next 1 match 0
041690 INFO S0: (term 1) follower 收到 [1] AppendEntries [], prevIndex 0, prevTerm 0
041690 LEAD S1: 0 append success next 1 match 0
042191 LEAD S1: prevLog &raft.Entry{Command:interface {}(nil), Term:0, Index:0}
042191 LEAD S1: prevLog &raft.Entry{Command:interface {}(nil), Term:0, Index:0}
042192 INFO S2: (term 1) follower 收到 [1] AppendEntries [], prevIndex 0, prevTerm 0
042192 LEAD S1: 2 append success next 1 match 0
042192 INFO S0: (term 1) follower 收到 [1] AppendEntries [], prevIndex 0, prevTerm 0
042193 LEAD S1: 0 append success next 1 match 0
042693 LEAD S1: prevLog &raft.Entry{Command:interface {}(nil), Term:0, Index:0}
042693 LEAD S1: prevLog &raft.Entry{Command:interface {}(nil), Term:0, Index:0}
042694 INFO S2: (term 1) follower 收到 [1] AppendEntries [], prevIndex 0, prevTerm 0
042695 LEAD S1: 2 append success next 1 match 0
042695 INFO S0: (term 1) follower 收到 [1] AppendEntries [], prevIndex 0, prevTerm 0
042695 LEAD S1: 0 append success next 1 match 0
043196 LEAD S1: prevLog &raft.Entry{Command:interface {}(nil), Term:0, Index:0}
043196 LEAD S1: prevLog &raft.Entry{Command:interface {}(nil), Term:0, Index:0}
043197 INFO S2: (term 1) follower 收到 [1] AppendEntries [], prevIndex 0, prevTerm 0
043197 LEAD S1: 2 append success next 1 match 0
043197 INFO S0: (term 1) follower 收到 [1] AppendEntries [], prevIndex 0, prevTerm 0
043198 LEAD S1: 0 append success next 1 match 0
043698 LEAD S1: prevLog &raft.Entry{Command:interface {}(nil), Term:0, Index:0}
043698 LEAD S1: prevLog &raft.Entry{Command:interface {}(nil), Term:0, Index:0}
043699 INFO S2: (term 1) follower 收到 [1] AppendEntries [], prevIndex 0, prevTerm 0
043699 LEAD S1: 2 append success next 1 match 0
043700 INFO S0: (term 1) follower 收到 [1] AppendEntries [], prevIndex 0, prevTerm 0
043700 LEAD S1: 0 append success next 1 match 0
044201 LEAD S1: prevLog &raft.Entry{Command:interface {}(nil), Term:0, Index:0}
044201 LEAD S1: prevLog &raft.Entry{Command:interface {}(nil), Term:0, Index:0}
044202 INFO S2: (term 1) follower 收到 [1] AppendEntries [], prevIndex 0, prevTerm 0
044202 LEAD S1: 2 append success next 1 match 0
044202 INFO S0: (term 1) follower 收到 [1] AppendEntries [], prevIndex 0, prevTerm 0
044203 LEAD S1: 0 append success next 1 match 0
044703 LEAD S1: prevLog &raft.Entry{Command:interface {}(nil), Term:0, Index:0}
044703 LEAD S1: prevLog &raft.Entry{Command:interface {}(nil), Term:0, Index:0}
044704 INFO S2: (term 1) follower 收到 [1] AppendEntries [], prevIndex 0, prevTerm 0
044704 LEAD S1: 2 append success next 1 match 0
044704 INFO S0: (term 1) follower 收到 [1] AppendEntries [], prevIndex 0, prevTerm 0
044705 LEAD S1: 0 append success next 1 match 0
045205 LEAD S1: prevLog &raft.Entry{Command:interface {}(nil), Term:0, Index:0}
045206 LEAD S1: prevLog &raft.Entry{Command:interface {}(nil), Term:0, Index:0}
045206 INFO S2: (term 1) follower 收到 [1] AppendEntries [], prevIndex 0, prevTerm 0
045207 LEAD S1: 2 append success next 1 match 0
045207 INFO S0: (term 1) follower 收到 [1] AppendEntries [], prevIndex 0, prevTerm 0
045207 LEAD S1: 0 append success next 1 match 0
045708 LEAD S1: prevLog &raft.Entry{Command:interface {}(nil), Term:0, Index:0}
045708 LEAD S1: prevLog &raft.Entry{Command:interface {}(nil), Term:0, Index:0}
045709 INFO S2: (term 1) follower 收到 [1] AppendEntries [], prevIndex 0, prevTerm 0
045709 LEAD S1: 2 append success next 1 match 0
045709 INFO S0: (term 1) follower 收到 [1] AppendEntries [], prevIndex 0, prevTerm 0
045710 LEAD S1: 0 append success next 1 match 0
046210 LEAD S1: prevLog &raft.Entry{Command:interface {}(nil), Term:0, Index:0}
046210 LEAD S1: prevLog &raft.Entry{Command:interface {}(nil), Term:0, Index:0}
046211 INFO S2: (term 1) follower 收到 [1] AppendEntries [], prevIndex 0, prevTerm 0
046211 LEAD S1: 2 append success next 1 match 0
046212 INFO S0: (term 1) follower 收到 [1] AppendEntries [], prevIndex 0, prevTerm 0
046212 LEAD S1: 0 append success next 1 match 0
046713 LEAD S1: prevLog &raft.Entry{Command:interface {}(nil), Term:0, Index:0}
046713 LEAD S1: prevLog &raft.Entry{Command:interface {}(nil), Term:0, Index:0}
046714 INFO S2: (term 1) follower 收到 [1] AppendEntries [], prevIndex 0, prevTerm 0
046714 LEAD S1: 2 append success next 1 match 0
046714 INFO S0: (term 1) follower 收到 [1] AppendEntries [], prevIndex 0, prevTerm 0
046715 LEAD S1: 0 append success next 1 match 0
047215 LEAD S1: prevLog &raft.Entry{Command:interface {}(nil), Term:0, Index:0}
047216 LEAD S1: prevLog &raft.Entry{Command:interface {}(nil), Term:0, Index:0}
047216 INFO S2: (term 1) follower 收到 [1] AppendEntries [], prevIndex 0, prevTerm 0
047217 LEAD S1: 2 append success next 1 match 0
047217 INFO S0: (term 1) follower 收到 [1] AppendEntries [], prevIndex 0, prevTerm 0
047217 LEAD S1: 0 append success next 1 match 0
047717 LEAD S1: prevLog &raft.Entry{Command:interface {}(nil), Term:0, Index:0}
047717 LEAD S1: prevLog &raft.Entry{Command:interface {}(nil), Term:0, Index:0}
047718 INFO S2: (term 1) follower 收到 [1] AppendEntries [], prevIndex 0, prevTerm 0
047718 INFO S0: (term 1) follower 收到 [1] AppendEntries [], prevIndex 0, prevTerm 0
047719 LEAD S1: 0 append success next 1 match 0
047719 LEAD S1: 2 append success next 1 match 0
048219 LEAD S1: prevLog &raft.Entry{Command:interface {}(nil), Term:0, Index:0}
048219 LEAD S1: prevLog &raft.Entry{Command:interface {}(nil), Term:0, Index:0}
048219 INFO S2: (term 1) follower 收到 [1] AppendEntries [], prevIndex 0, prevTerm 0
048220 LEAD S1: 2 append success next 1 match 0
048220 INFO S0: (term 1) follower 收到 [1] AppendEntries [], prevIndex 0, prevTerm 0
048220 LEAD S1: 0 append success next 1 match 0
048720 LEAD S1: prevLog &raft.Entry{Command:interface {}(nil), Term:0, Index:0}
048720 LEAD S1: prevLog &raft.Entry{Command:interface {}(nil), Term:0, Index:0}
048721 INFO S2: (term 1) follower 收到 [1] AppendEntries [], prevIndex 0, prevTerm 0
048721 LEAD S1: 2 append success next 1 match 0
048722 INFO S0: (term 1) follower 收到 [1] AppendEntries [], prevIndex 0, prevTerm 0
048722 LEAD S1: 0 append success next 1 match 0
049223 LEAD S1: prevLog &raft.Entry{Command:interface {}(nil), Term:0, Index:0}
049223 LEAD S1: prevLog &raft.Entry{Command:interface {}(nil), Term:0, Index:0}
049224 INFO S2: (term 1) follower 收到 [1] AppendEntries [], prevIndex 0, prevTerm 0
049224 LEAD S1: 2 append success next 1 match 0
049224 INFO S0: (term 1) follower 收到 [1] AppendEntries [], prevIndex 0, prevTerm 0
049225 LEAD S1: 0 append success next 1 match 0
049725 LEAD S1: prevLog &raft.Entry{Command:interface {}(nil), Term:0, Index:0}
049725 LEAD S1: prevLog &raft.Entry{Command:interface {}(nil), Term:0, Index:0}
049726 INFO S2: (term 1) follower 收到 [1] AppendEntries [], prevIndex 0, prevTerm 0
049726 LEAD S1: 2 append success next 1 match 0
049727 INFO S0: (term 1) follower 收到 [1] AppendEntries [], prevIndex 0, prevTerm 0
049727 LEAD S1: 0 append success next 1 match 0
050228 LEAD S1: prevLog &raft.Entry{Command:interface {}(nil), Term:0, Index:0}
050228 LEAD S1: prevLog &raft.Entry{Command:interface {}(nil), Term:0, Index:0}
050228 INFO S2: (term 1) follower 收到 [1] AppendEntries [], prevIndex 0, prevTerm 0
050229 LEAD S1: 2 append success next 1 match 0
050229 INFO S0: (term 1) follower 收到 [1] AppendEntries [], prevIndex 0, prevTerm 0
050229 LEAD S1: 0 append success next 1 match 0
050730 LEAD S1: prevLog &raft.Entry{Command:interface {}(nil), Term:0, Index:0}
050730 LEAD S1: prevLog &raft.Entry{Command:interface {}(nil), Term:0, Index:0}
050731 INFO S2: (term 1) follower 收到 [1] AppendEntries [], prevIndex 0, prevTerm 0
050731 LEAD S1: 2 append success next 1 match 0
050731 INFO S0: (term 1) follower 收到 [1] AppendEntries [], prevIndex 0, prevTerm 0
050732 LEAD S1: 0 append success next 1 match 0
051231 LEAD S1: prevLog &raft.Entry{Command:interface {}(nil), Term:0, Index:0}
051232 LEAD S1: prevLog &raft.Entry{Command:interface {}(nil), Term:0, Index:0}
051232 INFO S2: (term 1) follower 收到 [1] AppendEntries [], prevIndex 0, prevTerm 0
051233 LEAD S1: 2 append success next 1 match 0
051233 INFO S0: (term 1) follower 收到 [1] AppendEntries [], prevIndex 0, prevTerm 0
051233 LEAD S1: 0 append success next 1 match 0
051734 LEAD S1: prevLog &raft.Entry{Command:interface {}(nil), Term:0, Index:0}
051734 LEAD S1: prevLog &raft.Entry{Command:interface {}(nil), Term:0, Index:0}
051735 INFO S2: (term 1) follower 收到 [1] AppendEntries [], prevIndex 0, prevTerm 0
051735 LEAD S1: 2 append success next 1 match 0
051735 INFO S0: (term 1) follower 收到 [1] AppendEntries [], prevIndex 0, prevTerm 0
051736 LEAD S1: 0 append success next 1 match 0
052236 LEAD S1: prevLog &raft.Entry{Command:interface {}(nil), Term:0, Index:0}
052237 LEAD S1: prevLog &raft.Entry{Command:interface {}(nil), Term:0, Index:0}
052237 INFO S2: (term 1) follower 收到 [1] AppendEntries [], prevIndex 0, prevTerm 0
052238 LEAD S1: 2 append success next 1 match 0
052238 INFO S0: (term 1) follower 收到 [1] AppendEntries [], prevIndex 0, prevTerm 0
052238 LEAD S1: 0 append success next 1 match 0
052739 LEAD S1: prevLog &raft.Entry{Command:interface {}(nil), Term:0, Index:0}
052739 LEAD S1: prevLog &raft.Entry{Command:interface {}(nil), Term:0, Index:0}
052740 INFO S0: (term 1) follower 收到 [1] AppendEntries [], prevIndex 0, prevTerm 0
052740 INFO S2: (term 1) follower 收到 [1] AppendEntries [], prevIndex 0, prevTerm 0
052740 LEAD S1: 0 append success next 1 match 0
052740 LEAD S1: 2 append success next 1 match 0
053241 LEAD S1: prevLog &raft.Entry{Command:interface {}(nil), Term:0, Index:0}
053241 LEAD S1: prevLog &raft.Entry{Command:interface {}(nil), Term:0, Index:0}
053242 INFO S2: (term 1) follower 收到 [1] AppendEntries [], prevIndex 0, prevTerm 0
053242 LEAD S1: 2 append success next 1 match 0
053242 INFO S0: (term 1) follower 收到 [1] AppendEntries [], prevIndex 0, prevTerm 0
053243 LEAD S1: 0 append success next 1 match 0
053743 LEAD S1: prevLog &raft.Entry{Command:interface {}(nil), Term:0, Index:0}
053743 LEAD S1: prevLog &raft.Entry{Command:interface {}(nil), Term:0, Index:0}
053744 INFO S2: (term 1) follower 收到 [1] AppendEntries [], prevIndex 0, prevTerm 0
053744 LEAD S1: 2 append success next 1 match 0
053744 INFO S0: (term 1) follower 收到 [1] AppendEntries [], prevIndex 0, prevTerm 0
053745 LEAD S1: 0 append success next 1 match 0
054245 LEAD S1: prevLog &raft.Entry{Command:interface {}(nil), Term:0, Index:0}
054246 LEAD S1: prevLog &raft.Entry{Command:interface {}(nil), Term:0, Index:0}
054246 INFO S2: (term 1) follower 收到 [1] AppendEntries [], prevIndex 0, prevTerm 0
054246 LEAD S1: 2 append success next 1 match 0
054247 INFO S0: (term 1) follower 收到 [1] AppendEntries [], prevIndex 0, prevTerm 0
054247 LEAD S1: 0 append success next 1 match 0
054748 LEAD S1: prevLog &raft.Entry{Command:interface {}(nil), Term:0, Index:0}
054748 LEAD S1: prevLog &raft.Entry{Command:interface {}(nil), Term:0, Index:0}
054749 INFO S2: (term 1) follower 收到 [1] AppendEntries [], prevIndex 0, prevTerm 0
054749 LEAD S1: 2 append success next 1 match 0
054749 INFO S0: (term 1) follower 收到 [1] AppendEntries [], prevIndex 0, prevTerm 0
054750 LEAD S1: 0 append success next 1 match 0
055250 LEAD S1: prevLog &raft.Entry{Command:interface {}(nil), Term:0, Index:0}
055250 LEAD S1: prevLog &raft.Entry{Command:interface {}(nil), Term:0, Index:0}
055251 INFO S2: (term 1) follower 收到 [1] AppendEntries [], prevIndex 0, prevTerm 0
055251 INFO S0: (term 1) follower 收到 [1] AppendEntries [], prevIndex 0, prevTerm 0
055251 LEAD S1: 2 append success next 1 match 0
055252 LEAD S1: 0 append success next 1 match 0
055753 LEAD S1: prevLog &raft.Entry{Command:interface {}(nil), Term:0, Index:0}
055753 LEAD S1: prevLog &raft.Entry{Command:interface {}(nil), Term:0, Index:0}
055754 INFO S0: (term 1) follower 收到 [1] AppendEntries [], prevIndex 0, prevTerm 0
055754 INFO S2: (term 1) follower 收到 [1] AppendEntries [], prevIndex 0, prevTerm 0
055754 LEAD S1: 0 append success next 1 match 0
055754 LEAD S1: 2 append success next 1 match 0
056255 LEAD S1: prevLog &raft.Entry{Command:interface {}(nil), Term:0, Index:0}
056255 LEAD S1: prevLog &raft.Entry{Command:interface {}(nil), Term:0, Index:0}
056256 INFO S2: (term 1) follower 收到 [1] AppendEntries [], prevIndex 0, prevTerm 0
056256 LEAD S1: 2 append success next 1 match 0
056256 INFO S0: (term 1) follower 收到 [1] AppendEntries [], prevIndex 0, prevTerm 0
056257 LEAD S1: 0 append success next 1 match 0
056757 LEAD S1: prevLog &raft.Entry{Command:interface {}(nil), Term:0, Index:0}
056757 LEAD S1: prevLog &raft.Entry{Command:interface {}(nil), Term:0, Index:0}
056758 INFO S2: (term 1) follower 收到 [1] AppendEntries [], prevIndex 0, prevTerm 0
056758 LEAD S1: 2 append success next 1 match 0
056759 INFO S0: (term 1) follower 收到 [1] AppendEntries [], prevIndex 0, prevTerm 0
056759 LEAD S1: 0 append success next 1 match 0
057260 LEAD S1: prevLog &raft.Entry{Command:interface {}(nil), Term:0, Index:0}
057260 LEAD S1: prevLog &raft.Entry{Command:interface {}(nil), Term:0, Index:0}
057261 INFO S2: (term 1) follower 收到 [1] AppendEntries [], prevIndex 0, prevTerm 0
057261 LEAD S1: 2 append success next 1 match 0
057261 INFO S0: (term 1) follower 收到 [1] AppendEntries [], prevIndex 0, prevTerm 0
057262 LEAD S1: 0 append success next 1 match 0
057762 LEAD S1: prevLog &raft.Entry{Command:interface {}(nil), Term:0, Index:0}
057762 LEAD S1: prevLog &raft.Entry{Command:interface {}(nil), Term:0, Index:0}
057763 INFO S2: (term 1) follower 收到 [1] AppendEntries [], prevIndex 0, prevTerm 0
057764 INFO S0: (term 1) follower 收到 [1] AppendEntries [], prevIndex 0, prevTerm 0
057764 LEAD S1: 2 append success next 1 match 0
057764 LEAD S1: 0 append success next 1 match 0
058263 LEAD S1: prevLog &raft.Entry{Command:interface {}(nil), Term:0, Index:0}
058264 LEAD S1: prevLog &raft.Entry{Command:interface {}(nil), Term:0, Index:0}
058264 INFO S2: (term 1) follower 收到 [1] AppendEntries [], prevIndex 0, prevTerm 0
058265 LEAD S1: 2 append success next 1 match 0
058265 INFO S0: (term 1) follower 收到 [1] AppendEntries [], prevIndex 0, prevTerm 0
058265 LEAD S1: 0 append success next 1 match 0
058766 LEAD S1: prevLog &raft.Entry{Command:interface {}(nil), Term:0, Index:0}
058766 LEAD S1: prevLog &raft.Entry{Command:interface {}(nil), Term:0, Index:0}
058767 INFO S2: (term 1) follower 收到 [1] AppendEntries [], prevIndex 0, prevTerm 0
058767 LEAD S1: 2 append success next 1 match 0
058767 INFO S0: (term 1) follower 收到 [1] AppendEntries [], prevIndex 0, prevTerm 0
058768 LEAD S1: 0 append success next 1 match 0
059269 LEAD S1: prevLog &raft.Entry{Command:interface {}(nil), Term:0, Index:0}
059269 LEAD S1: prevLog &raft.Entry{Command:interface {}(nil), Term:0, Index:0}
059270 INFO S2: (term 1) follower 收到 [1] AppendEntries [], prevIndex 0, prevTerm 0
059270 INFO S0: (term 1) follower 收到 [1] AppendEntries [], prevIndex 0, prevTerm 0
059270 LEAD S1: 0 append success next 1 match 0
059270 LEAD S1: 2 append success next 1 match 0
059772 LEAD S1: prevLog &raft.Entry{Command:interface {}(nil), Term:0, Index:0}
059772 LEAD S1: prevLog &raft.Entry{Command:interface {}(nil), Term:0, Index:0}
059773 INFO S2: (term 1) follower 收到 [1] AppendEntries [], prevIndex 0, prevTerm 0
059773 LEAD S1: 2 append success next 1 match 0
059774 INFO S0: (term 1) follower 收到 [1] AppendEntries [], prevIndex 0, prevTerm 0
059775 LEAD S1: 0 append success next 1 match 0
060273 LEAD S1: prevLog &raft.Entry{Command:interface {}(nil), Term:0, Index:0}
060273 LEAD S1: prevLog &raft.Entry{Command:interface {}(nil), Term:0, Index:0}
060274 INFO S2: (term 1) follower 收到 [1] AppendEntries [], prevIndex 0, prevTerm 0
060274 LEAD S1: 2 append success next 1 match 0
060274 INFO S0: (term 1) follower 收到 [1] AppendEntries [], prevIndex 0, prevTerm 0
060275 LEAD S1: 0 append success next 1 match 0
060776 LEAD S1: prevLog &raft.Entry{Command:interface {}(nil), Term:0, Index:0}
060776 LEAD S1: prevLog &raft.Entry{Command:interface {}(nil), Term:0, Index:0}
060777 INFO S2: (term 1) follower 收到 [1] AppendEntries [], prevIndex 0, prevTerm 0
060777 INFO S0: (term 1) follower 收到 [1] AppendEntries [], prevIndex 0, prevTerm 0
060777 LEAD S1: 2 append success next 1 match 0
060778 LEAD S1: 0 append success next 1 match 0
061279 LEAD S1: prevLog &raft.Entry{Command:interface {}(nil), Term:0, Index:0}
061280 LEAD S1: prevLog &raft.Entry{Command:interface {}(nil), Term:0, Index:0}
061280 INFO S2: (term 1) follower 收到 [1] AppendEntries [], prevIndex 0, prevTerm 0
061281 LEAD S1: 2 append success next 1 match 0
061281 INFO S0: (term 1) follower 收到 [1] AppendEntries [], prevIndex 0, prevTerm 0
061281 LEAD S1: 0 append success next 1 match 0
061781 LEAD S1: prevLog &raft.Entry{Command:interface {}(nil), Term:0, Index:0}
061781 LEAD S1: prevLog &raft.Entry{Command:interface {}(nil), Term:0, Index:0}
061782 INFO S2: (term 1) follower 收到 [1] AppendEntries [], prevIndex 0, prevTerm 0
061782 LEAD S1: 2 append success next 1 match 0
061783 INFO S0: (term 1) follower 收到 [1] AppendEntries [], prevIndex 0, prevTerm 0
061783 LEAD S1: 0 append success next 1 match 0
062283 LEAD S1: prevLog &raft.Entry{Command:interface {}(nil), Term:0, Index:0}
062284 LEAD S1: prevLog &raft.Entry{Command:interface {}(nil), Term:0, Index:0}
062284 INFO S2: (term 1) follower 收到 [1] AppendEntries [], prevIndex 0, prevTerm 0
062285 LEAD S1: 2 append success next 1 match 0
062285 INFO S0: (term 1) follower 收到 [1] AppendEntries [], prevIndex 0, prevTerm 0
062285 LEAD S1: 0 append success next 1 match 0
062785 LEAD S1: prevLog &raft.Entry{Command:interface {}(nil), Term:0, Index:0}
062785 LEAD S1: prevLog &raft.Entry{Command:interface {}(nil), Term:0, Index:0}
062786 INFO S0: (term 1) follower 收到 [1] AppendEntries [], prevIndex 0, prevTerm 0
062786 LEAD S1: 0 append success next 1 match 0
062786 INFO S2: (term 1) follower 收到 [1] AppendEntries [], prevIndex 0, prevTerm 0
062787 LEAD S1: 2 append success next 1 match 0
063288 LEAD S1: prevLog &raft.Entry{Command:interface {}(nil), Term:0, Index:0}
063288 LEAD S1: prevLog &raft.Entry{Command:interface {}(nil), Term:0, Index:0}
063289 INFO S2: (term 1) follower 收到 [1] AppendEntries [], prevIndex 0, prevTerm 0
063289 LEAD S1: 2 append success next 1 match 0
063289 INFO S0: (term 1) follower 收到 [1] AppendEntries [], prevIndex 0, prevTerm 0
063290 LEAD S1: 0 append success next 1 match 0
063790 LEAD S1: prevLog &raft.Entry{Command:interface {}(nil), Term:0, Index:0}
063790 LEAD S1: prevLog &raft.Entry{Command:interface {}(nil), Term:0, Index:0}
063791 INFO S2: (term 1) follower 收到 [1] AppendEntries [], prevIndex 0, prevTerm 0
063791 LEAD S1: 2 append success next 1 match 0
063792 INFO S0: (term 1) follower 收到 [1] AppendEntries [], prevIndex 0, prevTerm 0
063792 LEAD S1: 0 append success next 1 match 0
064293 LEAD S1: prevLog &raft.Entry{Command:interface {}(nil), Term:0, Index:0}
064293 LEAD S1: prevLog &raft.Entry{Command:interface {}(nil), Term:0, Index:0}
064293 INFO S2: (term 1) follower 收到 [1] AppendEntries [], prevIndex 0, prevTerm 0
064294 LEAD S1: 2 append success next 1 match 0
064294 INFO S0: (term 1) follower 收到 [1] AppendEntries [], prevIndex 0, prevTerm 0
064294 LEAD S1: 0 append success next 1 match 0
064795 LEAD S1: prevLog &raft.Entry{Command:interface {}(nil), Term:0, Index:0}
064795 LEAD S1: prevLog &raft.Entry{Command:interface {}(nil), Term:0, Index:0}
064796 INFO S2: (term 1) follower 收到 [1] AppendEntries [], prevIndex 0, prevTerm 0
064796 LEAD S1: 2 append success next 1 match 0
064796 INFO S0: (term 1) follower 收到 [1] AppendEntries [], prevIndex 0, prevTerm 0
064797 LEAD S1: 0 append success next 1 match 0
065297 LEAD S1: prevLog &raft.Entry{Command:interface {}(nil), Term:0, Index:0}
065297 LEAD S1: prevLog &raft.Entry{Command:interface {}(nil), Term:0, Index:0}
065298 INFO S0: (term 1) follower 收到 [1] AppendEntries [], prevIndex 0, prevTerm 0
065298 LEAD S1: 0 append success next 1 match 0
065298 INFO S2: (term 1) follower 收到 [1] AppendEntries [], prevIndex 0, prevTerm 0
065299 LEAD S1: 2 append success next 1 match 0
065799 LEAD S1: prevLog &raft.Entry{Command:interface {}(nil), Term:0, Index:0}
065800 LEAD S1: prevLog &raft.Entry{Command:interface {}(nil), Term:0, Index:0}
065800 INFO S2: (term 1) follower 收到 [1] AppendEntries [], prevIndex 0, prevTerm 0
065800 INFO S0: (term 1) follower 收到 [1] AppendEntries [], prevIndex 0, prevTerm 0
065801 LEAD S1: 0 append success next 1 match 0
065801 LEAD S1: 2 append success next 1 match 0
066302 LEAD S1: prevLog &raft.Entry{Command:interface {}(nil), Term:0, Index:0}
066302 LEAD S1: prevLog &raft.Entry{Command:interface {}(nil), Term:0, Index:0}
066302 INFO S2: (term 1) follower 收到 [1] AppendEntries [], prevIndex 0, prevTerm 0
066303 LEAD S1: 2 append success next 1 match 0
066303 INFO S0: (term 1) follower 收到 [1] AppendEntries [], prevIndex 0, prevTerm 0
066303 LEAD S1: 0 append success next 1 match 0
066804 LEAD S1: prevLog &raft.Entry{Command:interface {}(nil), Term:0, Index:0}
066804 LEAD S1: prevLog &raft.Entry{Command:interface {}(nil), Term:0, Index:0}
066805 INFO S2: (term 1) follower 收到 [1] AppendEntries [], prevIndex 0, prevTerm 0
066805 INFO S0: (term 1) follower 收到 [1] AppendEntries [], prevIndex 0, prevTerm 0
066805 LEAD S1: 2 append success next 1 match 0
066806 LEAD S1: 0 append success next 1 match 0
067306 LEAD S1: prevLog &raft.Entry{Command:interface {}(nil), Term:0, Index:0}
067307 LEAD S1: prevLog &raft.Entry{Command:interface {}(nil), Term:0, Index:0}
067307 INFO S2: (term 1) follower 收到 [1] AppendEntries [], prevIndex 0, prevTerm 0
067308 LEAD S1: 2 append success next 1 match 0
067308 INFO S0: (term 1) follower 收到 [1] AppendEntries [], prevIndex 0, prevTerm 0
067308 LEAD S1: 0 append success next 1 match 0
067809 LEAD S1: prevLog &raft.Entry{Command:interface {}(nil), Term:0, Index:0}
067809 LEAD S1: prevLog &raft.Entry{Command:interface {}(nil), Term:0, Index:0}
067810 INFO S2: (term 1) follower 收到 [1] AppendEntries [], prevIndex 0, prevTerm 0
067810 INFO S0: (term 1) follower 收到 [1] AppendEntries [], prevIndex 0, prevTerm 0
067810 LEAD S1: 2 append success next 1 match 0
067810 LEAD S1: 0 append success next 1 match 0
068312 LEAD S1: prevLog &raft.Entry{Command:interface {}(nil), Term:0, Index:0}
068312 LEAD S1: prevLog &raft.Entry{Command:interface {}(nil), Term:0, Index:0}
068313 INFO S2: (term 1) follower 收到 [1] AppendEntries [], prevIndex 0, prevTerm 0
068313 LEAD S1: 2 append success next 1 match 0
068314 INFO S0: (term 1) follower 收到 [1] AppendEntries [], prevIndex 0, prevTerm 0
068314 LEAD S1: 0 append success next 1 match 0
068814 LEAD S1: prevLog &raft.Entry{Command:interface {}(nil), Term:0, Index:0}
068814 LEAD S1: prevLog &raft.Entry{Command:interface {}(nil), Term:0, Index:0}
068815 INFO S2: (term 1) follower 收到 [1] AppendEntries [], prevIndex 0, prevTerm 0
068815 LEAD S1: 2 append success next 1 match 0
068815 INFO S0: (term 1) follower 收到 [1] AppendEntries [], prevIndex 0, prevTerm 0
068816 LEAD S1: 0 append success next 1 match 0
069315 LEAD S1: prevLog &raft.Entry{Command:interface {}(nil), Term:0, Index:0}
069316 LEAD S1: prevLog &raft.Entry{Command:interface {}(nil), Term:0, Index:0}
069316 INFO S2: (term 1) follower 收到 [1] AppendEntries [], prevIndex 0, prevTerm 0
069317 LEAD S1: 2 append success next 1 match 0
069317 INFO S0: (term 1) follower 收到 [1] AppendEntries [], prevIndex 0, prevTerm 0
069317 LEAD S1: 0 append success next 1 match 0
069818 LEAD S1: prevLog &raft.Entry{Command:interface {}(nil), Term:0, Index:0}
069818 LEAD S1: prevLog &raft.Entry{Command:interface {}(nil), Term:0, Index:0}
069819 INFO S2: (term 1) follower 收到 [1] AppendEntries [], prevIndex 0, prevTerm 0
069819 LEAD S1: 2 append success next 1 match 0
069819 INFO S0: (term 1) follower 收到 [1] AppendEntries [], prevIndex 0, prevTerm 0
069820 LEAD S1: 0 append success next 1 match 0
070320 LEAD S1: prevLog &raft.Entry{Command:interface {}(nil), Term:0, Index:0}
070321 LEAD S1: prevLog &raft.Entry{Command:interface {}(nil), Term:0, Index:0}
070321 INFO S2: (term 1) follower 收到 [1] AppendEntries [], prevIndex 0, prevTerm 0
070322 LEAD S1: 2 append success next 1 match 0
070322 INFO S0: (term 1) follower 收到 [1] AppendEntries [], prevIndex 0, prevTerm 0
070322 LEAD S1: 0 append success next 1 match 0
070823 LEAD S1: prevLog &raft.Entry{Command:interface {}(nil), Term:0, Index:0}
070823 LEAD S1: prevLog &raft.Entry{Command:interface {}(nil), Term:0, Index:0}
070823 INFO S2: (term 1) follower 收到 [1] AppendEntries [], prevIndex 0, prevTerm 0
070824 LEAD S1: 2 append success next 1 match 0
070824 INFO S0: (term 1) follower 收到 [1] AppendEntries [], prevIndex 0, prevTerm 0
070824 LEAD S1: 0 append success next 1 match 0
071325 LEAD S1: prevLog &raft.Entry{Command:interface {}(nil), Term:0, Index:0}
071325 LEAD S1: prevLog &raft.Entry{Command:interface {}(nil), Term:0, Index:0}
071326 INFO S2: (term 1) follower 收到 [1] AppendEntries [], prevIndex 0, prevTerm 0
071326 LEAD S1: 2 append success next 1 match 0
071326 INFO S0: (term 1) follower 收到 [1] AppendEntries [], prevIndex 0, prevTerm 0
071327 LEAD S1: 0 append success next 1 match 0
071828 LEAD S1: prevLog &raft.Entry{Command:interface {}(nil), Term:0, Index:0}
071828 LEAD S1: prevLog &raft.Entry{Command:interface {}(nil), Term:0, Index:0}
071828 INFO S2: (term 1) follower 收到 [1] AppendEntries [], prevIndex 0, prevTerm 0
071829 LEAD S1: 2 append success next 1 match 0
071829 INFO S0: (term 1) follower 收到 [1] AppendEntries [], prevIndex 0, prevTerm 0
071829 LEAD S1: 0 append success next 1 match 0
072330 LEAD S1: prevLog &raft.Entry{Command:interface {}(nil), Term:0, Index:0}
072330 LEAD S1: prevLog &raft.Entry{Command:interface {}(nil), Term:0, Index:0}
072331 INFO S2: (term 1) follower 收到 [1] AppendEntries [], prevIndex 0, prevTerm 0
072331 LEAD S1: 2 append success next 1 match 0
072332 INFO S0: (term 1) follower 收到 [1] AppendEntries [], prevIndex 0, prevTerm 0
072332 LEAD S1: 0 append success next 1 match 0
072833 LEAD S1: prevLog &raft.Entry{Command:interface {}(nil), Term:0, Index:0}
072833 LEAD S1: prevLog &raft.Entry{Command:interface {}(nil), Term:0, Index:0}
072834 INFO S2: (term 1) follower 收到 [1] AppendEntries [], prevIndex 0, prevTerm 0
072834 LEAD S1: 2 append success next 1 match 0
072835 INFO S0: (term 1) follower 收到 [1] AppendEntries [], prevIndex 0, prevTerm 0
072836 LEAD S1: 0 append success next 1 match 0
073335 LEAD S1: prevLog &raft.Entry{Command:interface {}(nil), Term:0, Index:0}
073336 LEAD S1: prevLog &raft.Entry{Command:interface {}(nil), Term:0, Index:0}
073336 INFO S2: (term 1) follower 收到 [1] AppendEntries [], prevIndex 0, prevTerm 0
073337 LEAD S1: 2 append success next 1 match 0
073337 INFO S0: (term 1) follower 收到 [1] AppendEntries [], prevIndex 0, prevTerm 0
073337 LEAD S1: 0 append success next 1 match 0
073838 LEAD S1: prevLog &raft.Entry{Command:interface {}(nil), Term:0, Index:0}
073838 LEAD S1: prevLog &raft.Entry{Command:interface {}(nil), Term:0, Index:0}
073839 INFO S2: (term 1) follower 收到 [1] AppendEntries [], prevIndex 0, prevTerm 0
073839 LEAD S1: 2 append success next 1 match 0
073840 INFO S0: (term 1) follower 收到 [1] AppendEntries [], prevIndex 0, prevTerm 0
073840 LEAD S1: 0 append success next 1 match 0
074341 LEAD S1: prevLog &raft.Entry{Command:interface {}(nil), Term:0, Index:0}
074341 LEAD S1: prevLog &raft.Entry{Command:interface {}(nil), Term:0, Index:0}
074342 INFO S2: (term 1) follower 收到 [1] AppendEntries [], prevIndex 0, prevTerm 0
074342 LEAD S1: 2 append success next 1 match 0
074343 INFO S0: (term 1) follower 收到 [1] AppendEntries [], prevIndex 0, prevTerm 0
074343 LEAD S1: 0 append success next 1 match 0
074843 LEAD S1: prevLog &raft.Entry{Command:interface {}(nil), Term:0, Index:0}
074844 LEAD S1: prevLog &raft.Entry{Command:interface {}(nil), Term:0, Index:0}
074844 INFO S2: (term 1) follower 收到 [1] AppendEntries [], prevIndex 0, prevTerm 0
074845 LEAD S1: 2 append success next 1 match 0
074845 INFO S0: (term 1) follower 收到 [1] AppendEntries [], prevIndex 0, prevTerm 0
074845 LEAD S1: 0 append success next 1 match 0
075346 LEAD S1: prevLog &raft.Entry{Command:interface {}(nil), Term:0, Index:0}
075346 LEAD S1: prevLog &raft.Entry{Command:interface {}(nil), Term:0, Index:0}
075347 INFO S2: (term 1) follower 收到 [1] AppendEntries [], prevIndex 0, prevTerm 0
075347 LEAD S1: 2 append success next 1 match 0
075347 INFO S0: (term 1) follower 收到 [1] AppendEntries [], prevIndex 0, prevTerm 0
075348 LEAD S1: 0 append success next 1 match 0
075848 LEAD S1: prevLog &raft.Entry{Command:interface {}(nil), Term:0, Index:0}
075848 LEAD S1: prevLog &raft.Entry{Command:interface {}(nil), Term:0, Index:0}
075849 INFO S2: (term 1) follower 收到 [1] AppendEntries [], prevIndex 0, prevTerm 0
075849 LEAD S1: 2 append success next 1 match 0
075850 INFO S0: (term 1) follower 收到 [1] AppendEntries [], prevIndex 0, prevTerm 0
075850 LEAD S1: 0 append success next 1 match 0
076351 LEAD S1: prevLog &raft.Entry{Command:interface {}(nil), Term:0, Index:0}
076351 LEAD S1: prevLog &raft.Entry{Command:interface {}(nil), Term:0, Index:0}
076352 INFO S2: (term 1) follower 收到 [1] AppendEntries [], prevIndex 0, prevTerm 0
076352 LEAD S1: 2 append success next 1 match 0
076352 INFO S0: (term 1) follower 收到 [1] AppendEntries [], prevIndex 0, prevTerm 0
076352 LEAD S1: 0 append success next 1 match 0
076853 LEAD S1: prevLog &raft.Entry{Command:interface {}(nil), Term:0, Index:0}
076853 LEAD S1: prevLog &raft.Entry{Command:interface {}(nil), Term:0, Index:0}
076854 INFO S2: (term 1) follower 收到 [1] AppendEntries [], prevIndex 0, prevTerm 0
076854 LEAD S1: 2 append success next 1 match 0
076854 INFO S0: (term 1) follower 收到 [1] AppendEntries [], prevIndex 0, prevTerm 0
076855 LEAD S1: 0 append success next 1 match 0
077355 LEAD S1: prevLog &raft.Entry{Command:interface {}(nil), Term:0, Index:0}
077356 LEAD S1: prevLog &raft.Entry{Command:interface {}(nil), Term:0, Index:0}
077356 INFO S2: (term 1) follower 收到 [1] AppendEntries [], prevIndex 0, prevTerm 0
077357 LEAD S1: 2 append success next 1 match 0
077357 INFO S0: (term 1) follower 收到 [1] AppendEntries [], prevIndex 0, prevTerm 0
077357 LEAD S1: 0 append success next 1 match 0
077858 LEAD S1: prevLog &raft.Entry{Command:interface {}(nil), Term:0, Index:0}
077858 LEAD S1: prevLog &raft.Entry{Command:interface {}(nil), Term:0, Index:0}
077859 INFO S2: (term 1) follower 收到 [1] AppendEntries [], prevIndex 0, prevTerm 0
077859 LEAD S1: 2 append success next 1 match 0
077859 INFO S0: (term 1) follower 收到 [1] AppendEntries [], prevIndex 0, prevTerm 0
077860 LEAD S1: 0 append success next 1 match 0
078360 LEAD S1: prevLog &raft.Entry{Command:interface {}(nil), Term:0, Index:0}
078360 LEAD S1: prevLog &raft.Entry{Command:interface {}(nil), Term:0, Index:0}
078361 INFO S0: (term 1) follower 收到 [1] AppendEntries [], prevIndex 0, prevTerm 0
078361 INFO S2: (term 1) follower 收到 [1] AppendEntries [], prevIndex 0, prevTerm 0
078361 LEAD S1: 0 append success next 1 match 0
078362 LEAD S1: 2 append success next 1 match 0
078862 LEAD S1: prevLog &raft.Entry{Command:interface {}(nil), Term:0, Index:0}
078863 LEAD S1: prevLog &raft.Entry{Command:interface {}(nil), Term:0, Index:0}
078863 INFO S2: (term 1) follower 收到 [1] AppendEntries [], prevIndex 0, prevTerm 0
078864 INFO S0: (term 1) follower 收到 [1] AppendEntries [], prevIndex 0, prevTerm 0
078864 LEAD S1: 2 append success next 1 match 0
078864 LEAD S1: 0 append success next 1 match 0
079365 LEAD S1: prevLog &raft.Entry{Command:interface {}(nil), Term:0, Index:0}
079365 LEAD S1: prevLog &raft.Entry{Command:interface {}(nil), Term:0, Index:0}
079366 INFO S2: (term 1) follower 收到 [1] AppendEntries [], prevIndex 0, prevTerm 0
079366 INFO S0: (term 1) follower 收到 [1] AppendEntries [], prevIndex 0, prevTerm 0
079366 LEAD S1: 2 append success next 1 match 0
079366 LEAD S1: 0 append success next 1 match 0
079867 LEAD S1: prevLog &raft.Entry{Command:interface {}(nil), Term:0, Index:0}
079868 LEAD S1: prevLog &raft.Entry{Command:interface {}(nil), Term:0, Index:0}
079868 INFO S2: (term 1) follower 收到 [1] AppendEntries [], prevIndex 0, prevTerm 0
079869 LEAD S1: 2 append success next 1 match 0
079869 INFO S0: (term 1) follower 收到 [1] AppendEntries [], prevIndex 0, prevTerm 0
079869 LEAD S1: 0 append success next 1 match 0
080369 LEAD S1: prevLog &raft.Entry{Command:interface {}(nil), Term:0, Index:0}
080369 LEAD S1: prevLog &raft.Entry{Command:interface {}(nil), Term:0, Index:0}
080370 INFO S2: (term 1) follower 收到 [1] AppendEntries [], prevIndex 0, prevTerm 0
080370 LEAD S1: 2 append success next 1 match 0
080370 INFO S0: (term 1) follower 收到 [1] AppendEntries [], prevIndex 0, prevTerm 0
080371 LEAD S1: 0 append success next 1 match 0
080872 LEAD S1: prevLog &raft.Entry{Command:interface {}(nil), Term:0, Index:0}
080872 LEAD S1: prevLog &raft.Entry{Command:interface {}(nil), Term:0, Index:0}
080873 INFO S2: (term 1) follower 收到 [1] AppendEntries [], prevIndex 0, prevTerm 0
080873 LEAD S1: 2 append success next 1 match 0
080873 INFO S0: (term 1) follower 收到 [1] AppendEntries [], prevIndex 0, prevTerm 0
080874 LEAD S1: 0 append success next 1 match 0
081375 LEAD S1: prevLog &raft.Entry{Command:interface {}(nil), Term:0, Index:0}
081375 LEAD S1: prevLog &raft.Entry{Command:interface {}(nil), Term:0, Index:0}
081376 INFO S2: (term 1) follower 收到 [1] AppendEntries [], prevIndex 0, prevTerm 0
081376 LEAD S1: 2 append success next 1 match 0
081376 INFO S0: (term 1) follower 收到 [1] AppendEntries [], prevIndex 0, prevTerm 0
081377 LEAD S1: 0 append success next 1 match 0
081877 LEAD S1: prevLog &raft.Entry{Command:interface {}(nil), Term:0, Index:0}
081878 LEAD S1: prevLog &raft.Entry{Command:interface {}(nil), Term:0, Index:0}
081878 INFO S2: (term 1) follower 收到 [1] AppendEntries [], prevIndex 0, prevTerm 0
081879 LEAD S1: 2 append success next 1 match 0
081879 INFO S0: (term 1) follower 收到 [1] AppendEntries [], prevIndex 0, prevTerm 0
081879 LEAD S1: 0 append success next 1 match 0
082381 LEAD S1: prevLog &raft.Entry{Command:interface {}(nil), Term:0, Index:0}
082381 LEAD S1: prevLog &raft.Entry{Command:interface {}(nil), Term:0, Index:0}
082382 INFO S2: (term 1) follower 收到 [1] AppendEntries [], prevIndex 0, prevTerm 0
082382 LEAD S1: 2 append success next 1 match 0
082382 INFO S0: (term 1) follower 收到 [1] AppendEntries [], prevIndex 0, prevTerm 0
082383 LEAD S1: 0 append success next 1 match 0
082884 LEAD S1: prevLog &raft.Entry{Command:interface {}(nil), Term:0, Index:0}
082884 LEAD S1: prevLog &raft.Entry{Command:interface {}(nil), Term:0, Index:0}
082885 INFO S2: (term 1) follower 收到 [1] AppendEntries [], prevIndex 0, prevTerm 0
082885 LEAD S1: 2 append success next 1 match 0
082885 INFO S0: (term 1) follower 收到 [1] AppendEntries [], prevIndex 0, prevTerm 0
082886 LEAD S1: 0 append success next 1 match 0
083388 LEAD S1: prevLog &raft.Entry{Command:interface {}(nil), Term:0, Index:0}
083388 LEAD S1: prevLog &raft.Entry{Command:interface {}(nil), Term:0, Index:0}
083389 INFO S2: (term 1) follower 收到 [1] AppendEntries [], prevIndex 0, prevTerm 0
083389 LEAD S1: 2 append success next 1 match 0
083390 INFO S0: (term 1) follower 收到 [1] AppendEntries [], prevIndex 0, prevTerm 0
083390 LEAD S1: 0 append success next 1 match 0
083890 LEAD S1: prevLog &raft.Entry{Command:interface {}(nil), Term:0, Index:0}
083890 LEAD S1: prevLog &raft.Entry{Command:interface {}(nil), Term:0, Index:0}
083891 INFO S2: (term 1) follower 收到 [1] AppendEntries [], prevIndex 0, prevTerm 0
083891 LEAD S1: 2 append success next 1 match 0
083891 INFO S0: (term 1) follower 收到 [1] AppendEntries [], prevIndex 0, prevTerm 0
083892 LEAD S1: 0 append success next 1 match 0
084392 LEAD S1: prevLog &raft.Entry{Command:interface {}(nil), Term:0, Index:0}
084392 LEAD S1: prevLog &raft.Entry{Command:interface {}(nil), Term:0, Index:0}
084393 INFO S2: (term 1) follower 收到 [1] AppendEntries [], prevIndex 0, prevTerm 0
084393 LEAD S1: 2 append success next 1 match 0
084393 INFO S0: (term 1) follower 收到 [1] AppendEntries [], prevIndex 0, prevTerm 0
084394 LEAD S1: 0 append success next 1 match 0
084894 LEAD S1: prevLog &raft.Entry{Command:interface {}(nil), Term:0, Index:0}
084895 LEAD S1: prevLog &raft.Entry{Command:interface {}(nil), Term:0, Index:0}
084895 INFO S2: (term 1) follower 收到 [1] AppendEntries [], prevIndex 0, prevTerm 0
084896 LEAD S1: 2 append success next 1 match 0
084896 INFO S0: (term 1) follower 收到 [1] AppendEntries [], prevIndex 0, prevTerm 0
084896 LEAD S1: 0 append success next 1 match 0
085397 LEAD S1: prevLog &raft.Entry{Command:interface {}(nil), Term:0, Index:0}
085397 LEAD S1: prevLog &raft.Entry{Command:interface {}(nil), Term:0, Index:0}
085398 INFO S2: (term 1) follower 收到 [1] AppendEntries [], prevIndex 0, prevTerm 0
085398 LEAD S1: 2 append success next 1 match 0
085398 INFO S0: (term 1) follower 收到 [1] AppendEntries [], prevIndex 0, prevTerm 0
085399 LEAD S1: 0 append success next 1 match 0
085899 LEAD S1: prevLog &raft.Entry{Command:interface {}(nil), Term:0, Index:0}
086002 LEAD S1: prevLog &raft.Entry{Command:interface {}(nil), Term:0, Index:0}
086003 INFO S2: (term 1) follower 收到 [1] AppendEntries [], prevIndex 0, prevTerm 0
086004 LEAD S1: 2 append success next 1 match 0
086004 INFO S0: (term 1) follower 收到 [1] AppendEntries [], prevIndex 0, prevTerm 0
086004 LEAD S1: 0 append success next 1 match 0
086513 LEAD S1: prevLog &raft.Entry{Command:interface {}(nil), Term:0, Index:0}
086513 LEAD S1: prevLog &raft.Entry{Command:interface {}(nil), Term:0, Index:0}
086514 INFO S2: (term 1) follower 收到 [1] AppendEntries [], prevIndex 0, prevTerm 0
086514 LEAD S1: 2 append success next 1 match 0
086515 INFO S0: (term 1) follower 收到 [1] AppendEntries [], prevIndex 0, prevTerm 0
086516 LEAD S1: 0 append success next 1 match 0
087017 LEAD S1: prevLog &raft.Entry{Command:interface {}(nil), Term:0, Index:0}
087017 LEAD S1: prevLog &raft.Entry{Command:interface {}(nil), Term:0, Index:0}
087018 INFO S2: (term 1) follower 收到 [1] AppendEntries [], prevIndex 0, prevTerm 0
087018 INFO S0: (term 1) follower 收到 [1] AppendEntries [], prevIndex 0, prevTerm 0
087018 LEAD S1: 2 append success next 1 match 0
087018 LEAD S1: 0 append success next 1 match 0
087519 LEAD S1: prevLog &raft.Entry{Command:interface {}(nil), Term:0, Index:0}
087519 LEAD S1: prevLog &raft.Entry{Command:interface {}(nil), Term:0, Index:0}
087520 INFO S2: (term 1) follower 收到 [1] AppendEntries [], prevIndex 0, prevTerm 0
087521 LEAD S1: 2 append success next 1 match 0
087521 INFO S0: (term 1) follower 收到 [1] AppendEntries [], prevIndex 0, prevTerm 0
087521 LEAD S1: 0 append success next 1 match 0
088023 LEAD S1: prevLog &raft.Entry{Command:interface {}(nil), Term:0, Index:0}
088023 LEAD S1: prevLog &raft.Entry{Command:interface {}(nil), Term:0, Index:0}
088024 INFO S2: (term 1) follower 收到 [1] AppendEntries [], prevIndex 0, prevTerm 0
088024 LEAD S1: 2 append success next 1 match 0
088024 INFO S0: (term 1) follower 收到 [1] AppendEntries [], prevIndex 0, prevTerm 0
088025 LEAD S1: 0 append success next 1 match 0
088526 LEAD S1: prevLog &raft.Entry{Command:interface {}(nil), Term:0, Index:0}
088527 LEAD S1: prevLog &raft.Entry{Command:interface {}(nil), Term:0, Index:0}
088527 INFO S2: (term 1) follower 收到 [1] AppendEntries [], prevIndex 0, prevTerm 0
088528 LEAD S1: 2 append success next 1 match 0
088528 INFO S0: (term 1) follower 收到 [1] AppendEntries [], prevIndex 0, prevTerm 0
088528 LEAD S1: 0 append success next 1 match 0
089029 LEAD S1: prevLog &raft.Entry{Command:interface {}(nil), Term:0, Index:0}
089029 LEAD S1: prevLog &raft.Entry{Command:interface {}(nil), Term:0, Index:0}
089030 INFO S2: (term 1) follower 收到 [1] AppendEntries [], prevIndex 0, prevTerm 0
089030 LEAD S1: 2 append success next 1 match 0
089031 INFO S0: (term 1) follower 收到 [1] AppendEntries [], prevIndex 0, prevTerm 0
089031 LEAD S1: 0 append success next 1 match 0
089532 LEAD S1: prevLog &raft.Entry{Command:interface {}(nil), Term:0, Index:0}
089533 LEAD S1: prevLog &raft.Entry{Command:interface {}(nil), Term:0, Index:0}
089533 INFO S2: (term 1) follower 收到 [1] AppendEntries [], prevIndex 0, prevTerm 0
089533 LEAD S1: 2 append success next 1 match 0
089534 INFO S0: (term 1) follower 收到 [1] AppendEntries [], prevIndex 0, prevTerm 0
089534 LEAD S1: 0 append success next 1 match 0
090035 LEAD S1: prevLog &raft.Entry{Command:interface {}(nil), Term:0, Index:0}
090035 LEAD S1: prevLog &raft.Entry{Command:interface {}(nil), Term:0, Index:0}
090036 INFO S2: (term 1) follower 收到 [1] AppendEntries [], prevIndex 0, prevTerm 0
090036 LEAD S1: 2 append success next 1 match 0
090037 INFO S0: (term 1) follower 收到 [1] AppendEntries [], prevIndex 0, prevTerm 0
090037 LEAD S1: 0 append success next 1 match 0
090538 LEAD S1: prevLog &raft.Entry{Command:interface {}(nil), Term:0, Index:0}
090538 LEAD S1: prevLog &raft.Entry{Command:interface {}(nil), Term:0, Index:0}
090539 INFO S2: (term 1) follower 收到 [1] AppendEntries [], prevIndex 0, prevTerm 0
090539 LEAD S1: 2 append success next 1 match 0
090539 INFO S0: (term 1) follower 收到 [1] AppendEntries [], prevIndex 0, prevTerm 0
090540 LEAD S1: 0 append success next 1 match 0
091041 LEAD S1: prevLog &raft.Entry{Command:interface {}(nil), Term:0, Index:0}
091041 LEAD S1: prevLog &raft.Entry{Command:interface {}(nil), Term:0, Index:0}
091042 INFO S2: (term 1) follower 收到 [1] AppendEntries [], prevIndex 0, prevTerm 0
091042 LEAD S1: 2 append success next 1 match 0
091042 INFO S0: (term 1) follower 收到 [1] AppendEntries [], prevIndex 0, prevTerm 0
091043 LEAD S1: 0 append success next 1 match 0
091545 LEAD S1: prevLog &raft.Entry{Command:interface {}(nil), Term:0, Index:0}
091545 LEAD S1: prevLog &raft.Entry{Command:interface {}(nil), Term:0, Index:0}
091546 INFO S2: (term 1) follower 收到 [1] AppendEntries [], prevIndex 0, prevTerm 0
091546 INFO S0: (term 1) follower 收到 [1] AppendEntries [], prevIndex 0, prevTerm 0
091546 LEAD S1: 2 append success next 1 match 0
091547 LEAD S1: 0 append success next 1 match 0
092048 LEAD S1: prevLog &raft.Entry{Command:interface {}(nil), Term:0, Index:0}
092048 LEAD S1: prevLog &raft.Entry{Command:interface {}(nil), Term:0, Index:0}
092049 INFO S2: (term 1) follower 收到 [1] AppendEntries [], prevIndex 0, prevTerm 0
092049 LEAD S1: 2 append success next 1 match 0
092049 INFO S0: (term 1) follower 收到 [1] AppendEntries [], prevIndex 0, prevTerm 0
092050 LEAD S1: 0 append success next 1 match 0
092551 LEAD S1: prevLog &raft.Entry{Command:interface {}(nil), Term:0, Index:0}
092552 LEAD S1: prevLog &raft.Entry{Command:interface {}(nil), Term:0, Index:0}
092552 INFO S2: (term 1) follower 收到 [1] AppendEntries [], prevIndex 0, prevTerm 0
092553 LEAD S1: 2 append success next 1 match 0
092553 INFO S0: (term 1) follower 收到 [1] AppendEntries [], prevIndex 0, prevTerm 0
092554 LEAD S1: 0 append success next 1 match 0
093055 LEAD S1: prevLog &raft.Entry{Command:interface {}(nil), Term:0, Index:0}
093055 LEAD S1: prevLog &raft.Entry{Command:interface {}(nil), Term:0, Index:0}
093056 INFO S2: (term 1) follower 收到 [1] AppendEntries [], prevIndex 0, prevTerm 0
093056 LEAD S1: 2 append success next 1 match 0
093056 INFO S0: (term 1) follower 收到 [1] AppendEntries [], prevIndex 0, prevTerm 0
093057 LEAD S1: 0 append success next 1 match 0
093558 LEAD S1: prevLog &raft.Entry{Command:interface {}(nil), Term:0, Index:0}
093559 LEAD S1: prevLog &raft.Entry{Command:interface {}(nil), Term:0, Index:0}
093560 INFO S2: (term 1) follower 收到 [1] AppendEntries [], prevIndex 0, prevTerm 0
093560 INFO S0: (term 1) follower 收到 [1] AppendEntries [], prevIndex 0, prevTerm 0
093560 LEAD S1: 2 append success next 1 match 0
093561 LEAD S1: 0 append success next 1 match 0
094062 LEAD S1: prevLog &raft.Entry{Command:interface {}(nil), Term:0, Index:0}
094062 LEAD S1: prevLog &raft.Entry{Command:interface {}(nil), Term:0, Index:0}
094064 INFO S2: (term 1) follower 收到 [1] AppendEntries [], prevIndex 0, prevTerm 0
094064 LEAD S1: 2 append success next 1 match 0
094065 INFO S0: (term 1) follower 收到 [1] AppendEntries [], prevIndex 0, prevTerm 0
094066 LEAD S1: 0 append success next 1 match 0
094565 LEAD S1: prevLog &raft.Entry{Command:interface {}(nil), Term:0, Index:0}
094565 LEAD S1: prevLog &raft.Entry{Command:interface {}(nil), Term:0, Index:0}
094566 INFO S2: (term 1) follower 收到 [1] AppendEntries [], prevIndex 0, prevTerm 0
094566 LEAD S1: 2 append success next 1 match 0
094566 INFO S0: (term 1) follower 收到 [1] AppendEntries [], prevIndex 0, prevTerm 0
094566 LEAD S1: 0 append success next 1 match 0
095068 LEAD S1: prevLog &raft.Entry{Command:interface {}(nil), Term:0, Index:0}
095068 LEAD S1: prevLog &raft.Entry{Command:interface {}(nil), Term:0, Index:0}
095068 INFO S2: (term 1) follower 收到 [1] AppendEntries [], prevIndex 0, prevTerm 0
095069 LEAD S1: 2 append success next 1 match 0
095069 INFO S0: (term 1) follower 收到 [1] AppendEntries [], prevIndex 0, prevTerm 0
095069 LEAD S1: 0 append success next 1 match 0
095570 LEAD S1: prevLog &raft.Entry{Command:interface {}(nil), Term:0, Index:0}
095571 LEAD S1: prevLog &raft.Entry{Command:interface {}(nil), Term:0, Index:0}
095571 INFO S2: (term 1) follower 收到 [1] AppendEntries [], prevIndex 0, prevTerm 0
095572 LEAD S1: 2 append success next 1 match 0
095572 INFO S0: (term 1) follower 收到 [1] AppendEntries [], prevIndex 0, prevTerm 0
095573 LEAD S1: 0 append success next 1 match 0
096073 LEAD S1: prevLog &raft.Entry{Command:interface {}(nil), Term:0, Index:0}
096074 LEAD S1: prevLog &raft.Entry{Command:interface {}(nil), Term:0, Index:0}
096074 INFO S2: (term 1) follower 收到 [1] AppendEntries [], prevIndex 0, prevTerm 0
096074 LEAD S1: 2 append success next 1 match 0
096075 INFO S0: (term 1) follower 收到 [1] AppendEntries [], prevIndex 0, prevTerm 0
096075 LEAD S1: 0 append success next 1 match 0
096576 LEAD S1: prevLog &raft.Entry{Command:interface {}(nil), Term:0, Index:0}
096577 LEAD S1: prevLog &raft.Entry{Command:interface {}(nil), Term:0, Index:0}
096577 INFO S2: (term 1) follower 收到 [1] AppendEntries [], prevIndex 0, prevTerm 0
096578 LEAD S1: 2 append success next 1 match 0
096578 INFO S0: (term 1) follower 收到 [1] AppendEntries [], prevIndex 0, prevTerm 0
096578 LEAD S1: 0 append success next 1 match 0
097080 LEAD S1: prevLog &raft.Entry{Command:interface {}(nil), Term:0, Index:0}
097080 LEAD S1: prevLog &raft.Entry{Command:interface {}(nil), Term:0, Index:0}
097080 INFO S2: (term 1) follower 收到 [1] AppendEntries [], prevIndex 0, prevTerm 0
097081 LEAD S1: 2 append success next 1 match 0
097081 INFO S0: (term 1) follower 收到 [1] AppendEntries [], prevIndex 0, prevTerm 0
097082 LEAD S1: 0 append success next 1 match 0
097582 LEAD S1: prevLog &raft.Entry{Command:interface {}(nil), Term:0, Index:0}
097583 LEAD S1: prevLog &raft.Entry{Command:interface {}(nil), Term:0, Index:0}
097583 INFO S2: (term 1) follower 收到 [1] AppendEntries [], prevIndex 0, prevTerm 0
097583 LEAD S1: 2 append success next 1 match 0
097584 INFO S0: (term 1) follower 收到 [1] AppendEntries [], prevIndex 0, prevTerm 0
097584 LEAD S1: 0 append success next 1 match 0
098085 LEAD S1: prevLog &raft.Entry{Command:interface {}(nil), Term:0, Index:0}
098086 LEAD S1: prevLog &raft.Entry{Command:interface {}(nil), Term:0, Index:0}
098086 INFO S2: (term 1) follower 收到 [1] AppendEntries [], prevIndex 0, prevTerm 0
098087 LEAD S1: 2 append success next 1 match 0
098087 INFO S0: (term 1) follower 收到 [1] AppendEntries [], prevIndex 0, prevTerm 0
098087 LEAD S1: 0 append success next 1 match 0
098588 LEAD S1: prevLog &raft.Entry{Command:interface {}(nil), Term:0, Index:0}
098589 LEAD S1: prevLog &raft.Entry{Command:interface {}(nil), Term:0, Index:0}
098589 INFO S2: (term 1) follower 收到 [1] AppendEntries [], prevIndex 0, prevTerm 0
098590 LEAD S1: 2 append success next 1 match 0
098590 INFO S0: (term 1) follower 收到 [1] AppendEntries [], prevIndex 0, prevTerm 0
098590 LEAD S1: 0 append success next 1 match 0
099092 LEAD S1: prevLog &raft.Entry{Command:interface {}(nil), Term:0, Index:0}
099092 LEAD S1: prevLog &raft.Entry{Command:interface {}(nil), Term:0, Index:0}
099093 INFO S2: (term 1) follower 收到 [1] AppendEntries [], prevIndex 0, prevTerm 0
099093 LEAD S1: 2 append success next 1 match 0
099093 INFO S0: (term 1) follower 收到 [1] AppendEntries [], prevIndex 0, prevTerm 0
099093 LEAD S1: 0 append success next 1 match 0
099595 LEAD S1: prevLog &raft.Entry{Command:interface {}(nil), Term:0, Index:0}
099595 LEAD S1: prevLog &raft.Entry{Command:interface {}(nil), Term:0, Index:0}
099596 INFO S2: (term 1) follower 收到 [1] AppendEntries [], prevIndex 0, prevTerm 0
099596 LEAD S1: 2 append success next 1 match 0
099596 INFO S0: (term 1) follower 收到 [1] AppendEntries [], prevIndex 0, prevTerm 0
099597 LEAD S1: 0 append success next 1 match 0
100097 LEAD S1: prevLog &raft.Entry{Command:interface {}(nil), Term:0, Index:0}
100098 LEAD S1: prevLog &raft.Entry{Command:interface {}(nil), Term:0, Index:0}
100098 INFO S2: (term 1) follower 收到 [1] AppendEntries [], prevIndex 0, prevTerm 0
100099 LEAD S1: 2 append success next 1 match 0
100099 INFO S0: (term 1) follower 收到 [1] AppendEntries [], prevIndex 0, prevTerm 0
100099 LEAD S1: 0 append success next 1 match 0
--- FAIL: TestPersist12C (10.05s)
    config.go:609: one(11) failed to reach agreement
FAIL
exit status 1
FAIL	6.824/raft	10.050s
