Test (2C): basic persistence ...
002008 INFO S0: start leader election, term 1
002009 VOTE S0: term 1 send vote request to 2
002009 VOTE S0: term 1 send vote request to 1
002009 TERM S2: set new term 1
002010 VOTE S2: term 1 vote 0
002010 VOTE S0: reply from 2, term一致，且投给0
002010 LEAD S0: come to power, start to send heartbeat
002010 LEAD S0: prevLog &raft.Entry{Command:interface {}(nil), Term:0, Index:0}
002010 LEAD S0: prevLog &raft.Entry{Command:interface {}(nil), Term:0, Index:0}
002010 TERM S1: set new term 1
002011 VOTE S1: term 1 vote 0
002011 INFO S2: (term 1) follower 收到 [0] AppendEntries [], prevIndex 0, prevTerm 0
002011 VOTE S0: reply from 1, term一致，且投给0
002011 INFO S1: (term 1) follower 收到 [0] AppendEntries [], prevIndex 0, prevTerm 0
002011 LEAD S0: 2 append success next 1 match 0
002011 LEAD S0: 1 append success next 1 match 0
002510 LEAD S0: prevLog &raft.Entry{Command:interface {}(nil), Term:0, Index:0}
002510 LEAD S0: prevLog &raft.Entry{Command:interface {}(nil), Term:0, Index:0}
002511 INFO S1: (term 1) follower 收到 [0] AppendEntries [], prevIndex 0, prevTerm 0
002511 INFO S2: (term 1) follower 收到 [0] AppendEntries [], prevIndex 0, prevTerm 0
002511 LEAD S0: 2 append success next 1 match 0
002511 LEAD S0: 1 append success next 1 match 0
003012 LEAD S0: prevLog &raft.Entry{Command:interface {}(nil), Term:0, Index:0}
003012 LEAD S0: prevLog &raft.Entry{Command:interface {}(nil), Term:0, Index:0}
003013 INFO S2: (term 1) follower 收到 [0] AppendEntries [], prevIndex 0, prevTerm 0
003013 LEAD S0: 2 append success next 1 match 0
003013 INFO S1: (term 1) follower 收到 [0] AppendEntries [], prevIndex 0, prevTerm 0
003014 LEAD S0: 1 append success next 1 match 0
003514 LEAD S0: prevLog &raft.Entry{Command:interface {}(nil), Term:0, Index:0}
003516 LEAD S0: prevLog &raft.Entry{Command:interface {}(nil), Term:0, Index:0}
003516 INFO S1: (term 1) follower 收到 [0] AppendEntries [], prevIndex 0, prevTerm 0
003516 LEAD S0: 1 append success next 1 match 0
003516 INFO S2: (term 1) follower 收到 [0] AppendEntries [], prevIndex 0, prevTerm 0
003517 LEAD S0: 2 append success next 1 match 0
004016 LEAD S0: prevLog &raft.Entry{Command:interface {}(nil), Term:0, Index:0}
004017 INFO S1: (term 1) follower 收到 [0] AppendEntries [], prevIndex 0, prevTerm 0
004017 LEAD S0: prevLog &raft.Entry{Command:interface {}(nil), Term:0, Index:0}
004017 LEAD S0: 1 append success next 1 match 0
004018 INFO S2: (term 1) follower 收到 [0] AppendEntries [], prevIndex 0, prevTerm 0
004018 LEAD S0: 2 append success next 1 match 0
004517 LEAD S0: prevLog &raft.Entry{Command:interface {}(nil), Term:0, Index:0}
004518 LEAD S0: prevLog &raft.Entry{Command:interface {}(nil), Term:0, Index:0}
004518 INFO S1: (term 1) follower 收到 [0] AppendEntries [], prevIndex 0, prevTerm 0
004519 INFO S2: (term 1) follower 收到 [0] AppendEntries [], prevIndex 0, prevTerm 0
004519 LEAD S0: 2 append success next 1 match 0
004519 LEAD S0: 1 append success next 1 match 0
005019 LEAD S0: prevLog &raft.Entry{Command:interface {}(nil), Term:0, Index:0}
005019 LEAD S0: prevLog &raft.Entry{Command:interface {}(nil), Term:0, Index:0}
005020 INFO S2: (term 1) follower 收到 [0] AppendEntries [], prevIndex 0, prevTerm 0
005020 INFO S1: (term 1) follower 收到 [0] AppendEntries [], prevIndex 0, prevTerm 0
005021 LEAD S0: 2 append success next 1 match 0
005021 LEAD S0: 1 append success next 1 match 0
005521 LEAD S0: prevLog &raft.Entry{Command:interface {}(nil), Term:0, Index:0}
005521 LEAD S0: prevLog &raft.Entry{Command:interface {}(nil), Term:0, Index:0}
005522 INFO S2: (term 1) follower 收到 [0] AppendEntries [], prevIndex 0, prevTerm 0
005522 INFO S1: (term 1) follower 收到 [0] AppendEntries [], prevIndex 0, prevTerm 0
005522 LEAD S0: 2 append success next 1 match 0
005522 LEAD S0: 1 append success next 1 match 0
006022 LEAD S0: prevLog &raft.Entry{Command:interface {}(nil), Term:0, Index:0}
006023 LEAD S0: prevLog &raft.Entry{Command:interface {}(nil), Term:0, Index:0}
006023 INFO S1: (term 1) follower 收到 [0] AppendEntries [], prevIndex 0, prevTerm 0
006023 INFO S2: (term 1) follower 收到 [0] AppendEntries [], prevIndex 0, prevTerm 0
006024 LEAD S0: 1 append success next 1 match 0
006024 LEAD S0: 2 append success next 1 match 0
006524 LEAD S0: prevLog &raft.Entry{Command:interface {}(nil), Term:0, Index:0}
006524 LEAD S0: prevLog &raft.Entry{Command:interface {}(nil), Term:0, Index:0}
006524 INFO S2: (term 1) follower 收到 [0] AppendEntries [], prevIndex 0, prevTerm 0
006525 LEAD S0: 2 append success next 1 match 0
006525 INFO S1: (term 1) follower 收到 [0] AppendEntries [], prevIndex 0, prevTerm 0
006525 LEAD S0: 1 append success next 1 match 0
007025 LEAD S0: prevLog &raft.Entry{Command:interface {}(nil), Term:0, Index:0}
007025 LEAD S0: prevLog &raft.Entry{Command:interface {}(nil), Term:0, Index:0}
007026 INFO S2: (term 1) follower 收到 [0] AppendEntries [], prevIndex 0, prevTerm 0
007026 INFO S1: (term 1) follower 收到 [0] AppendEntries [], prevIndex 0, prevTerm 0
007026 LEAD S0: 2 append success next 1 match 0
007027 LEAD S0: 1 append success next 1 match 0
007527 LEAD S0: prevLog &raft.Entry{Command:interface {}(nil), Term:0, Index:0}
007527 LEAD S0: prevLog &raft.Entry{Command:interface {}(nil), Term:0, Index:0}
007528 INFO S2: (term 1) follower 收到 [0] AppendEntries [], prevIndex 0, prevTerm 0
007528 INFO S1: (term 1) follower 收到 [0] AppendEntries [], prevIndex 0, prevTerm 0
007528 LEAD S0: 1 append success next 1 match 0
007528 LEAD S0: 2 append success next 1 match 0
008028 LEAD S0: prevLog &raft.Entry{Command:interface {}(nil), Term:0, Index:0}
008028 LEAD S0: prevLog &raft.Entry{Command:interface {}(nil), Term:0, Index:0}
008029 INFO S1: (term 1) follower 收到 [0] AppendEntries [], prevIndex 0, prevTerm 0
008029 INFO S2: (term 1) follower 收到 [0] AppendEntries [], prevIndex 0, prevTerm 0
008029 LEAD S0: 1 append success next 1 match 0
008030 LEAD S0: 2 append success next 1 match 0
008530 LEAD S0: prevLog &raft.Entry{Command:interface {}(nil), Term:0, Index:0}
008530 LEAD S0: prevLog &raft.Entry{Command:interface {}(nil), Term:0, Index:0}
008531 INFO S1: (term 1) follower 收到 [0] AppendEntries [], prevIndex 0, prevTerm 0
008531 INFO S2: (term 1) follower 收到 [0] AppendEntries [], prevIndex 0, prevTerm 0
008532 LEAD S0: 1 append success next 1 match 0
008532 LEAD S0: 2 append success next 1 match 0
009032 LEAD S0: prevLog &raft.Entry{Command:interface {}(nil), Term:0, Index:0}
009033 LEAD S0: prevLog &raft.Entry{Command:interface {}(nil), Term:0, Index:0}
009034 INFO S2: (term 1) follower 收到 [0] AppendEntries [], prevIndex 0, prevTerm 0
009034 LEAD S0: 2 append success next 1 match 0
009035 INFO S1: (term 1) follower 收到 [0] AppendEntries [], prevIndex 0, prevTerm 0
009035 LEAD S0: 1 append success next 1 match 0
009534 LEAD S0: prevLog &raft.Entry{Command:interface {}(nil), Term:0, Index:0}
009534 LEAD S0: prevLog &raft.Entry{Command:interface {}(nil), Term:0, Index:0}
009535 INFO S2: (term 1) follower 收到 [0] AppendEntries [], prevIndex 0, prevTerm 0
009535 INFO S1: (term 1) follower 收到 [0] AppendEntries [], prevIndex 0, prevTerm 0
009535 LEAD S0: 2 append success next 1 match 0
009535 LEAD S0: 1 append success next 1 match 0
010036 LEAD S0: prevLog &raft.Entry{Command:interface {}(nil), Term:0, Index:0}
010036 LEAD S0: prevLog &raft.Entry{Command:interface {}(nil), Term:0, Index:0}
010037 INFO S1: (term 1) follower 收到 [0] AppendEntries [], prevIndex 0, prevTerm 0
010037 INFO S2: (term 1) follower 收到 [0] AppendEntries [], prevIndex 0, prevTerm 0
010037 LEAD S0: 1 append success next 1 match 0
010038 LEAD S0: 2 append success next 1 match 0
010539 LEAD S0: prevLog &raft.Entry{Command:interface {}(nil), Term:0, Index:0}
010539 LEAD S0: prevLog &raft.Entry{Command:interface {}(nil), Term:0, Index:0}
010539 INFO S2: (term 1) follower 收到 [0] AppendEntries [], prevIndex 0, prevTerm 0
010539 INFO S1: (term 1) follower 收到 [0] AppendEntries [], prevIndex 0, prevTerm 0
010540 LEAD S0: 1 append success next 1 match 0
010540 LEAD S0: 2 append success next 1 match 0
011041 LEAD S0: prevLog &raft.Entry{Command:interface {}(nil), Term:0, Index:0}
011041 LEAD S0: prevLog &raft.Entry{Command:interface {}(nil), Term:0, Index:0}
011042 INFO S2: (term 1) follower 收到 [0] AppendEntries [], prevIndex 0, prevTerm 0
011042 LEAD S0: 2 append success next 1 match 0
011042 INFO S1: (term 1) follower 收到 [0] AppendEntries [], prevIndex 0, prevTerm 0
011042 LEAD S0: 1 append success next 1 match 0
011542 LEAD S0: prevLog &raft.Entry{Command:interface {}(nil), Term:0, Index:0}
011542 LEAD S0: prevLog &raft.Entry{Command:interface {}(nil), Term:0, Index:0}
011543 INFO S2: (term 1) follower 收到 [0] AppendEntries [], prevIndex 0, prevTerm 0
011543 INFO S1: (term 1) follower 收到 [0] AppendEntries [], prevIndex 0, prevTerm 0
011544 LEAD S0: 2 append success next 1 match 0
011544 LEAD S0: 1 append success next 1 match 0
012044 LEAD S0: prevLog &raft.Entry{Command:interface {}(nil), Term:0, Index:0}
012044 LEAD S0: prevLog &raft.Entry{Command:interface {}(nil), Term:0, Index:0}
012045 INFO S1: (term 1) follower 收到 [0] AppendEntries [], prevIndex 0, prevTerm 0
012045 INFO S2: (term 1) follower 收到 [0] AppendEntries [], prevIndex 0, prevTerm 0
012046 LEAD S0: 1 append success next 1 match 0
012046 LEAD S0: 2 append success next 1 match 0
012546 LEAD S0: prevLog &raft.Entry{Command:interface {}(nil), Term:0, Index:0}
012547 LEAD S0: prevLog &raft.Entry{Command:interface {}(nil), Term:0, Index:0}
012547 INFO S1: (term 1) follower 收到 [0] AppendEntries [], prevIndex 0, prevTerm 0
012547 INFO S2: (term 1) follower 收到 [0] AppendEntries [], prevIndex 0, prevTerm 0
012548 LEAD S0: 1 append success next 1 match 0
012548 LEAD S0: 2 append success next 1 match 0
013048 LEAD S0: prevLog &raft.Entry{Command:interface {}(nil), Term:0, Index:0}
013048 LEAD S0: prevLog &raft.Entry{Command:interface {}(nil), Term:0, Index:0}
013049 INFO S2: (term 1) follower 收到 [0] AppendEntries [], prevIndex 0, prevTerm 0
013049 LEAD S0: 2 append success next 1 match 0
013050 INFO S1: (term 1) follower 收到 [0] AppendEntries [], prevIndex 0, prevTerm 0
013050 LEAD S0: 1 append success next 1 match 0
013551 LEAD S0: prevLog &raft.Entry{Command:interface {}(nil), Term:0, Index:0}
013551 LEAD S0: prevLog &raft.Entry{Command:interface {}(nil), Term:0, Index:0}
013552 INFO S2: (term 1) follower 收到 [0] AppendEntries [], prevIndex 0, prevTerm 0
013552 INFO S1: (term 1) follower 收到 [0] AppendEntries [], prevIndex 0, prevTerm 0
013552 LEAD S0: 2 append success next 1 match 0
013553 LEAD S0: 1 append success next 1 match 0
014053 LEAD S0: prevLog &raft.Entry{Command:interface {}(nil), Term:0, Index:0}
014054 LEAD S0: prevLog &raft.Entry{Command:interface {}(nil), Term:0, Index:0}
014054 INFO S1: (term 1) follower 收到 [0] AppendEntries [], prevIndex 0, prevTerm 0
014054 INFO S2: (term 1) follower 收到 [0] AppendEntries [], prevIndex 0, prevTerm 0
014055 LEAD S0: 1 append success next 1 match 0
014055 LEAD S0: 2 append success next 1 match 0
014555 LEAD S0: prevLog &raft.Entry{Command:interface {}(nil), Term:0, Index:0}
014555 LEAD S0: prevLog &raft.Entry{Command:interface {}(nil), Term:0, Index:0}
014556 INFO S2: (term 1) follower 收到 [0] AppendEntries [], prevIndex 0, prevTerm 0
014556 INFO S1: (term 1) follower 收到 [0] AppendEntries [], prevIndex 0, prevTerm 0
014556 LEAD S0: 2 append success next 1 match 0
014557 LEAD S0: 1 append success next 1 match 0
015057 LEAD S0: prevLog &raft.Entry{Command:interface {}(nil), Term:0, Index:0}
015058 LEAD S0: prevLog &raft.Entry{Command:interface {}(nil), Term:0, Index:0}
015058 INFO S1: (term 1) follower 收到 [0] AppendEntries [], prevIndex 0, prevTerm 0
015058 LEAD S0: 1 append success next 1 match 0
015059 INFO S2: (term 1) follower 收到 [0] AppendEntries [], prevIndex 0, prevTerm 0
015059 LEAD S0: 2 append success next 1 match 0
015560 LEAD S0: prevLog &raft.Entry{Command:interface {}(nil), Term:0, Index:0}
015560 LEAD S0: prevLog &raft.Entry{Command:interface {}(nil), Term:0, Index:0}
015561 INFO S1: (term 1) follower 收到 [0] AppendEntries [], prevIndex 0, prevTerm 0
015561 INFO S2: (term 1) follower 收到 [0] AppendEntries [], prevIndex 0, prevTerm 0
015561 LEAD S0: 1 append success next 1 match 0
015561 LEAD S0: 2 append success next 1 match 0
016062 LEAD S0: prevLog &raft.Entry{Command:interface {}(nil), Term:0, Index:0}
016062 LEAD S0: prevLog &raft.Entry{Command:interface {}(nil), Term:0, Index:0}
016062 INFO S1: (term 1) follower 收到 [0] AppendEntries [], prevIndex 0, prevTerm 0
016063 INFO S2: (term 1) follower 收到 [0] AppendEntries [], prevIndex 0, prevTerm 0
016063 LEAD S0: 1 append success next 1 match 0
016063 LEAD S0: 2 append success next 1 match 0
016563 LEAD S0: prevLog &raft.Entry{Command:interface {}(nil), Term:0, Index:0}
016564 LEAD S0: prevLog &raft.Entry{Command:interface {}(nil), Term:0, Index:0}
016564 INFO S2: (term 1) follower 收到 [0] AppendEntries [], prevIndex 0, prevTerm 0
016565 LEAD S0: 2 append success next 1 match 0
016565 INFO S1: (term 1) follower 收到 [0] AppendEntries [], prevIndex 0, prevTerm 0
016565 LEAD S0: 1 append success next 1 match 0
017066 LEAD S0: prevLog &raft.Entry{Command:interface {}(nil), Term:0, Index:0}
017066 LEAD S0: prevLog &raft.Entry{Command:interface {}(nil), Term:0, Index:0}
017067 INFO S2: (term 1) follower 收到 [0] AppendEntries [], prevIndex 0, prevTerm 0
017067 LEAD S0: 2 append success next 1 match 0
017068 INFO S1: (term 1) follower 收到 [0] AppendEntries [], prevIndex 0, prevTerm 0
017069 LEAD S0: 1 append success next 1 match 0
017568 LEAD S0: prevLog &raft.Entry{Command:interface {}(nil), Term:0, Index:0}
017568 LEAD S0: prevLog &raft.Entry{Command:interface {}(nil), Term:0, Index:0}
017568 INFO S1: (term 1) follower 收到 [0] AppendEntries [], prevIndex 0, prevTerm 0
017569 INFO S2: (term 1) follower 收到 [0] AppendEntries [], prevIndex 0, prevTerm 0
017569 LEAD S0: 1 append success next 1 match 0
017569 LEAD S0: 2 append success next 1 match 0
018069 LEAD S0: prevLog &raft.Entry{Command:interface {}(nil), Term:0, Index:0}
018070 LEAD S0: prevLog &raft.Entry{Command:interface {}(nil), Term:0, Index:0}
018070 INFO S1: (term 1) follower 收到 [0] AppendEntries [], prevIndex 0, prevTerm 0
018070 INFO S2: (term 1) follower 收到 [0] AppendEntries [], prevIndex 0, prevTerm 0
018071 LEAD S0: 2 append success next 1 match 0
018071 LEAD S0: 1 append success next 1 match 0
018572 LEAD S0: prevLog &raft.Entry{Command:interface {}(nil), Term:0, Index:0}
018572 LEAD S0: prevLog &raft.Entry{Command:interface {}(nil), Term:0, Index:0}
018573 INFO S1: (term 1) follower 收到 [0] AppendEntries [], prevIndex 0, prevTerm 0
018573 INFO S2: (term 1) follower 收到 [0] AppendEntries [], prevIndex 0, prevTerm 0
018573 LEAD S0: 1 append success next 1 match 0
018573 LEAD S0: 2 append success next 1 match 0
019073 LEAD S0: prevLog &raft.Entry{Command:interface {}(nil), Term:0, Index:0}
019074 LEAD S0: prevLog &raft.Entry{Command:interface {}(nil), Term:0, Index:0}
019074 INFO S2: (term 1) follower 收到 [0] AppendEntries [], prevIndex 0, prevTerm 0
019075 INFO S1: (term 1) follower 收到 [0] AppendEntries [], prevIndex 0, prevTerm 0
019075 LEAD S0: 2 append success next 1 match 0
019075 LEAD S0: 1 append success next 1 match 0
019575 LEAD S0: prevLog &raft.Entry{Command:interface {}(nil), Term:0, Index:0}
019576 LEAD S0: prevLog &raft.Entry{Command:interface {}(nil), Term:0, Index:0}
019576 INFO S1: (term 1) follower 收到 [0] AppendEntries [], prevIndex 0, prevTerm 0
019577 LEAD S0: 1 append success next 1 match 0
019577 INFO S2: (term 1) follower 收到 [0] AppendEntries [], prevIndex 0, prevTerm 0
019577 LEAD S0: 2 append success next 1 match 0
020077 LEAD S0: prevLog &raft.Entry{Command:interface {}(nil), Term:0, Index:0}
020077 LEAD S0: prevLog &raft.Entry{Command:interface {}(nil), Term:0, Index:0}
020078 INFO S2: (term 1) follower 收到 [0] AppendEntries [], prevIndex 0, prevTerm 0
020078 LEAD S0: 2 append success next 1 match 0
020078 INFO S1: (term 1) follower 收到 [0] AppendEntries [], prevIndex 0, prevTerm 0
020079 LEAD S0: 1 append success next 1 match 0
020579 LEAD S0: prevLog &raft.Entry{Command:interface {}(nil), Term:0, Index:0}
020579 LEAD S0: prevLog &raft.Entry{Command:interface {}(nil), Term:0, Index:0}
020580 INFO S1: (term 1) follower 收到 [0] AppendEntries [], prevIndex 0, prevTerm 0
020580 INFO S2: (term 1) follower 收到 [0] AppendEntries [], prevIndex 0, prevTerm 0
020580 LEAD S0: 1 append success next 1 match 0
020580 LEAD S0: 2 append success next 1 match 0
021080 LEAD S0: prevLog &raft.Entry{Command:interface {}(nil), Term:0, Index:0}
021081 LEAD S0: prevLog &raft.Entry{Command:interface {}(nil), Term:0, Index:0}
021081 INFO S1: (term 1) follower 收到 [0] AppendEntries [], prevIndex 0, prevTerm 0
021081 INFO S2: (term 1) follower 收到 [0] AppendEntries [], prevIndex 0, prevTerm 0
021082 LEAD S0: 1 append success next 1 match 0
021082 LEAD S0: 2 append success next 1 match 0
021582 LEAD S0: prevLog &raft.Entry{Command:interface {}(nil), Term:0, Index:0}
021582 LEAD S0: prevLog &raft.Entry{Command:interface {}(nil), Term:0, Index:0}
021583 INFO S1: (term 1) follower 收到 [0] AppendEntries [], prevIndex 0, prevTerm 0
021583 INFO S2: (term 1) follower 收到 [0] AppendEntries [], prevIndex 0, prevTerm 0
021584 LEAD S0: 2 append success next 1 match 0
021584 LEAD S0: 1 append success next 1 match 0
022084 LEAD S0: prevLog &raft.Entry{Command:interface {}(nil), Term:0, Index:0}
022084 LEAD S0: prevLog &raft.Entry{Command:interface {}(nil), Term:0, Index:0}
022085 INFO S1: (term 1) follower 收到 [0] AppendEntries [], prevIndex 0, prevTerm 0
022085 INFO S2: (term 1) follower 收到 [0] AppendEntries [], prevIndex 0, prevTerm 0
022085 LEAD S0: 1 append success next 1 match 0
022085 LEAD S0: 2 append success next 1 match 0
022586 LEAD S0: prevLog &raft.Entry{Command:interface {}(nil), Term:0, Index:0}
022586 LEAD S0: prevLog &raft.Entry{Command:interface {}(nil), Term:0, Index:0}
022587 INFO S1: (term 1) follower 收到 [0] AppendEntries [], prevIndex 0, prevTerm 0
022587 INFO S2: (term 1) follower 收到 [0] AppendEntries [], prevIndex 0, prevTerm 0
022587 LEAD S0: 1 append success next 1 match 0
022587 LEAD S0: 2 append success next 1 match 0
023088 LEAD S0: prevLog &raft.Entry{Command:interface {}(nil), Term:0, Index:0}
023088 LEAD S0: prevLog &raft.Entry{Command:interface {}(nil), Term:0, Index:0}
023089 INFO S2: (term 1) follower 收到 [0] AppendEntries [], prevIndex 0, prevTerm 0
023089 INFO S1: (term 1) follower 收到 [0] AppendEntries [], prevIndex 0, prevTerm 0
023089 LEAD S0: 2 append success next 1 match 0
023089 LEAD S0: 1 append success next 1 match 0
023590 LEAD S0: prevLog &raft.Entry{Command:interface {}(nil), Term:0, Index:0}
023590 LEAD S0: prevLog &raft.Entry{Command:interface {}(nil), Term:0, Index:0}
023591 INFO S2: (term 1) follower 收到 [0] AppendEntries [], prevIndex 0, prevTerm 0
023591 LEAD S0: 2 append success next 1 match 0
023591 INFO S1: (term 1) follower 收到 [0] AppendEntries [], prevIndex 0, prevTerm 0
023592 LEAD S0: 1 append success next 1 match 0
024091 LEAD S0: prevLog &raft.Entry{Command:interface {}(nil), Term:0, Index:0}
024092 LEAD S0: prevLog &raft.Entry{Command:interface {}(nil), Term:0, Index:0}
024092 INFO S2: (term 1) follower 收到 [0] AppendEntries [], prevIndex 0, prevTerm 0
024093 LEAD S0: 2 append success next 1 match 0
024093 INFO S1: (term 1) follower 收到 [0] AppendEntries [], prevIndex 0, prevTerm 0
024093 LEAD S0: 1 append success next 1 match 0
024594 LEAD S0: prevLog &raft.Entry{Command:interface {}(nil), Term:0, Index:0}
024594 LEAD S0: prevLog &raft.Entry{Command:interface {}(nil), Term:0, Index:0}
024595 INFO S2: (term 1) follower 收到 [0] AppendEntries [], prevIndex 0, prevTerm 0
024595 INFO S1: (term 1) follower 收到 [0] AppendEntries [], prevIndex 0, prevTerm 0
024595 LEAD S0: 2 append success next 1 match 0
024596 LEAD S0: 1 append success next 1 match 0
025096 LEAD S0: prevLog &raft.Entry{Command:interface {}(nil), Term:0, Index:0}
025096 LEAD S0: prevLog &raft.Entry{Command:interface {}(nil), Term:0, Index:0}
025097 INFO S1: (term 1) follower 收到 [0] AppendEntries [], prevIndex 0, prevTerm 0
025097 INFO S2: (term 1) follower 收到 [0] AppendEntries [], prevIndex 0, prevTerm 0
025097 LEAD S0: 1 append success next 1 match 0
025098 LEAD S0: 2 append success next 1 match 0
025598 LEAD S0: prevLog &raft.Entry{Command:interface {}(nil), Term:0, Index:0}
025598 LEAD S0: prevLog &raft.Entry{Command:interface {}(nil), Term:0, Index:0}
025598 INFO S1: (term 1) follower 收到 [0] AppendEntries [], prevIndex 0, prevTerm 0
025599 LEAD S0: 1 append success next 1 match 0
025599 INFO S2: (term 1) follower 收到 [0] AppendEntries [], prevIndex 0, prevTerm 0
025599 LEAD S0: 2 append success next 1 match 0
026100 LEAD S0: prevLog &raft.Entry{Command:interface {}(nil), Term:0, Index:0}
026101 LEAD S0: prevLog &raft.Entry{Command:interface {}(nil), Term:0, Index:0}
026102 INFO S1: (term 1) follower 收到 [0] AppendEntries [], prevIndex 0, prevTerm 0
026102 INFO S2: (term 1) follower 收到 [0] AppendEntries [], prevIndex 0, prevTerm 0
026102 LEAD S0: 1 append success next 1 match 0
026102 LEAD S0: 2 append success next 1 match 0
026602 LEAD S0: prevLog &raft.Entry{Command:interface {}(nil), Term:0, Index:0}
026602 LEAD S0: prevLog &raft.Entry{Command:interface {}(nil), Term:0, Index:0}
026603 INFO S1: (term 1) follower 收到 [0] AppendEntries [], prevIndex 0, prevTerm 0
026603 INFO S2: (term 1) follower 收到 [0] AppendEntries [], prevIndex 0, prevTerm 0
026604 LEAD S0: 1 append success next 1 match 0
026604 LEAD S0: 2 append success next 1 match 0
027104 LEAD S0: prevLog &raft.Entry{Command:interface {}(nil), Term:0, Index:0}
027104 LEAD S0: prevLog &raft.Entry{Command:interface {}(nil), Term:0, Index:0}
027105 INFO S2: (term 1) follower 收到 [0] AppendEntries [], prevIndex 0, prevTerm 0
027105 INFO S1: (term 1) follower 收到 [0] AppendEntries [], prevIndex 0, prevTerm 0
027105 LEAD S0: 2 append success next 1 match 0
027105 LEAD S0: 1 append success next 1 match 0
027605 LEAD S0: prevLog &raft.Entry{Command:interface {}(nil), Term:0, Index:0}
027605 LEAD S0: prevLog &raft.Entry{Command:interface {}(nil), Term:0, Index:0}
027606 INFO S2: (term 1) follower 收到 [0] AppendEntries [], prevIndex 0, prevTerm 0
027607 LEAD S0: 2 append success next 1 match 0
027607 INFO S1: (term 1) follower 收到 [0] AppendEntries [], prevIndex 0, prevTerm 0
027607 LEAD S0: 1 append success next 1 match 0
028108 LEAD S0: prevLog &raft.Entry{Command:interface {}(nil), Term:0, Index:0}
028108 LEAD S0: prevLog &raft.Entry{Command:interface {}(nil), Term:0, Index:0}
028109 INFO S1: (term 1) follower 收到 [0] AppendEntries [], prevIndex 0, prevTerm 0
028109 INFO S2: (term 1) follower 收到 [0] AppendEntries [], prevIndex 0, prevTerm 0
028109 LEAD S0: 1 append success next 1 match 0
028109 LEAD S0: 2 append success next 1 match 0
028609 LEAD S0: prevLog &raft.Entry{Command:interface {}(nil), Term:0, Index:0}
028610 LEAD S0: prevLog &raft.Entry{Command:interface {}(nil), Term:0, Index:0}
028611 INFO S1: (term 1) follower 收到 [0] AppendEntries [], prevIndex 0, prevTerm 0
028611 INFO S2: (term 1) follower 收到 [0] AppendEntries [], prevIndex 0, prevTerm 0
028611 LEAD S0: 1 append success next 1 match 0
028611 LEAD S0: 2 append success next 1 match 0
029111 LEAD S0: prevLog &raft.Entry{Command:interface {}(nil), Term:0, Index:0}
029111 LEAD S0: prevLog &raft.Entry{Command:interface {}(nil), Term:0, Index:0}
029112 INFO S2: (term 1) follower 收到 [0] AppendEntries [], prevIndex 0, prevTerm 0
029112 LEAD S0: 2 append success next 1 match 0
029112 INFO S1: (term 1) follower 收到 [0] AppendEntries [], prevIndex 0, prevTerm 0
029113 LEAD S0: 1 append success next 1 match 0
029613 LEAD S0: prevLog &raft.Entry{Command:interface {}(nil), Term:0, Index:0}
029613 LEAD S0: prevLog &raft.Entry{Command:interface {}(nil), Term:0, Index:0}
029614 INFO S2: (term 1) follower 收到 [0] AppendEntries [], prevIndex 0, prevTerm 0
029614 INFO S1: (term 1) follower 收到 [0] AppendEntries [], prevIndex 0, prevTerm 0
029614 LEAD S0: 2 append success next 1 match 0
029615 LEAD S0: 1 append success next 1 match 0
030115 LEAD S0: prevLog &raft.Entry{Command:interface {}(nil), Term:0, Index:0}
030115 LEAD S0: prevLog &raft.Entry{Command:interface {}(nil), Term:0, Index:0}
030116 INFO S2: (term 1) follower 收到 [0] AppendEntries [], prevIndex 0, prevTerm 0
030117 LEAD S0: 2 append success next 1 match 0
030117 INFO S1: (term 1) follower 收到 [0] AppendEntries [], prevIndex 0, prevTerm 0
030117 LEAD S0: 1 append success next 1 match 0
030618 LEAD S0: prevLog &raft.Entry{Command:interface {}(nil), Term:0, Index:0}
030618 LEAD S0: prevLog &raft.Entry{Command:interface {}(nil), Term:0, Index:0}
030619 INFO S1: (term 1) follower 收到 [0] AppendEntries [], prevIndex 0, prevTerm 0
030619 INFO S2: (term 1) follower 收到 [0] AppendEntries [], prevIndex 0, prevTerm 0
030620 LEAD S0: 1 append success next 1 match 0
030620 LEAD S0: 2 append success next 1 match 0
031120 LEAD S0: prevLog &raft.Entry{Command:interface {}(nil), Term:0, Index:0}
031121 LEAD S0: prevLog &raft.Entry{Command:interface {}(nil), Term:0, Index:0}
031122 INFO S2: (term 1) follower 收到 [0] AppendEntries [], prevIndex 0, prevTerm 0
031122 INFO S1: (term 1) follower 收到 [0] AppendEntries [], prevIndex 0, prevTerm 0
031123 LEAD S0: 1 append success next 1 match 0
031123 LEAD S0: 2 append success next 1 match 0
031622 LEAD S0: prevLog &raft.Entry{Command:interface {}(nil), Term:0, Index:0}
031622 LEAD S0: prevLog &raft.Entry{Command:interface {}(nil), Term:0, Index:0}
031623 INFO S1: (term 1) follower 收到 [0] AppendEntries [], prevIndex 0, prevTerm 0
031623 INFO S2: (term 1) follower 收到 [0] AppendEntries [], prevIndex 0, prevTerm 0
031623 LEAD S0: 1 append success next 1 match 0
031624 LEAD S0: 2 append success next 1 match 0
032124 LEAD S0: prevLog &raft.Entry{Command:interface {}(nil), Term:0, Index:0}
032124 LEAD S0: prevLog &raft.Entry{Command:interface {}(nil), Term:0, Index:0}
032125 INFO S2: (term 1) follower 收到 [0] AppendEntries [], prevIndex 0, prevTerm 0
032125 INFO S1: (term 1) follower 收到 [0] AppendEntries [], prevIndex 0, prevTerm 0
032125 LEAD S0: 2 append success next 1 match 0
032126 LEAD S0: 1 append success next 1 match 0
032625 LEAD S0: prevLog &raft.Entry{Command:interface {}(nil), Term:0, Index:0}
032626 LEAD S0: prevLog &raft.Entry{Command:interface {}(nil), Term:0, Index:0}
032626 INFO S1: (term 1) follower 收到 [0] AppendEntries [], prevIndex 0, prevTerm 0
032626 INFO S2: (term 1) follower 收到 [0] AppendEntries [], prevIndex 0, prevTerm 0
032627 LEAD S0: 1 append success next 1 match 0
032627 LEAD S0: 2 append success next 1 match 0
033127 LEAD S0: prevLog &raft.Entry{Command:interface {}(nil), Term:0, Index:0}
033128 LEAD S0: prevLog &raft.Entry{Command:interface {}(nil), Term:0, Index:0}
033128 INFO S1: (term 1) follower 收到 [0] AppendEntries [], prevIndex 0, prevTerm 0
033128 INFO S2: (term 1) follower 收到 [0] AppendEntries [], prevIndex 0, prevTerm 0
033129 LEAD S0: 2 append success next 1 match 0
033129 LEAD S0: 1 append success next 1 match 0
033629 LEAD S0: prevLog &raft.Entry{Command:interface {}(nil), Term:0, Index:0}
033629 LEAD S0: prevLog &raft.Entry{Command:interface {}(nil), Term:0, Index:0}
033630 INFO S2: (term 1) follower 收到 [0] AppendEntries [], prevIndex 0, prevTerm 0
033630 INFO S1: (term 1) follower 收到 [0] AppendEntries [], prevIndex 0, prevTerm 0
033630 LEAD S0: 2 append success next 1 match 0
033630 LEAD S0: 1 append success next 1 match 0
034131 LEAD S0: prevLog &raft.Entry{Command:interface {}(nil), Term:0, Index:0}
034131 LEAD S0: prevLog &raft.Entry{Command:interface {}(nil), Term:0, Index:0}
034131 INFO S2: (term 1) follower 收到 [0] AppendEntries [], prevIndex 0, prevTerm 0
034132 INFO S1: (term 1) follower 收到 [0] AppendEntries [], prevIndex 0, prevTerm 0
034132 LEAD S0: 2 append success next 1 match 0
034132 LEAD S0: 1 append success next 1 match 0
034633 LEAD S0: prevLog &raft.Entry{Command:interface {}(nil), Term:0, Index:0}
034633 LEAD S0: prevLog &raft.Entry{Command:interface {}(nil), Term:0, Index:0}
034634 INFO S1: (term 1) follower 收到 [0] AppendEntries [], prevIndex 0, prevTerm 0
034634 INFO S2: (term 1) follower 收到 [0] AppendEntries [], prevIndex 0, prevTerm 0
034635 LEAD S0: 2 append success next 1 match 0
034639 LEAD S0: 1 append success next 1 match 0
035135 LEAD S0: prevLog &raft.Entry{Command:interface {}(nil), Term:0, Index:0}
035135 LEAD S0: prevLog &raft.Entry{Command:interface {}(nil), Term:0, Index:0}
035136 INFO S1: (term 1) follower 收到 [0] AppendEntries [], prevIndex 0, prevTerm 0
035137 INFO S2: (term 1) follower 收到 [0] AppendEntries [], prevIndex 0, prevTerm 0
035137 LEAD S0: 1 append success next 1 match 0
035137 LEAD S0: 2 append success next 1 match 0
035637 LEAD S0: prevLog &raft.Entry{Command:interface {}(nil), Term:0, Index:0}
035637 LEAD S0: prevLog &raft.Entry{Command:interface {}(nil), Term:0, Index:0}
035638 INFO S1: (term 1) follower 收到 [0] AppendEntries [], prevIndex 0, prevTerm 0
035638 LEAD S0: 1 append success next 1 match 0
035638 INFO S2: (term 1) follower 收到 [0] AppendEntries [], prevIndex 0, prevTerm 0
035638 LEAD S0: 2 append success next 1 match 0
036138 LEAD S0: prevLog &raft.Entry{Command:interface {}(nil), Term:0, Index:0}
036139 LEAD S0: prevLog &raft.Entry{Command:interface {}(nil), Term:0, Index:0}
036139 INFO S2: (term 1) follower 收到 [0] AppendEntries [], prevIndex 0, prevTerm 0
036139 INFO S1: (term 1) follower 收到 [0] AppendEntries [], prevIndex 0, prevTerm 0
036140 LEAD S0: 2 append success next 1 match 0
036140 LEAD S0: 1 append success next 1 match 0
036640 LEAD S0: prevLog &raft.Entry{Command:interface {}(nil), Term:0, Index:0}
036640 LEAD S0: prevLog &raft.Entry{Command:interface {}(nil), Term:0, Index:0}
036641 INFO S1: (term 1) follower 收到 [0] AppendEntries [], prevIndex 0, prevTerm 0
036641 INFO S2: (term 1) follower 收到 [0] AppendEntries [], prevIndex 0, prevTerm 0
036641 LEAD S0: 2 append success next 1 match 0
036641 LEAD S0: 1 append success next 1 match 0
037142 LEAD S0: prevLog &raft.Entry{Command:interface {}(nil), Term:0, Index:0}
037142 LEAD S0: prevLog &raft.Entry{Command:interface {}(nil), Term:0, Index:0}
037143 INFO S1: (term 1) follower 收到 [0] AppendEntries [], prevIndex 0, prevTerm 0
037143 INFO S2: (term 1) follower 收到 [0] AppendEntries [], prevIndex 0, prevTerm 0
037143 LEAD S0: 1 append success next 1 match 0
037143 LEAD S0: 2 append success next 1 match 0
037644 LEAD S0: prevLog &raft.Entry{Command:interface {}(nil), Term:0, Index:0}
037644 LEAD S0: prevLog &raft.Entry{Command:interface {}(nil), Term:0, Index:0}
037645 INFO S1: (term 1) follower 收到 [0] AppendEntries [], prevIndex 0, prevTerm 0
037645 INFO S2: (term 1) follower 收到 [0] AppendEntries [], prevIndex 0, prevTerm 0
037645 LEAD S0: 1 append success next 1 match 0
037646 LEAD S0: 2 append success next 1 match 0
038145 LEAD S0: prevLog &raft.Entry{Command:interface {}(nil), Term:0, Index:0}
038146 LEAD S0: prevLog &raft.Entry{Command:interface {}(nil), Term:0, Index:0}
038146 INFO S1: (term 1) follower 收到 [0] AppendEntries [], prevIndex 0, prevTerm 0
038146 INFO S2: (term 1) follower 收到 [0] AppendEntries [], prevIndex 0, prevTerm 0
038147 LEAD S0: 1 append success next 1 match 0
038147 LEAD S0: 2 append success next 1 match 0
038647 LEAD S0: prevLog &raft.Entry{Command:interface {}(nil), Term:0, Index:0}
038648 LEAD S0: prevLog &raft.Entry{Command:interface {}(nil), Term:0, Index:0}
038648 INFO S1: (term 1) follower 收到 [0] AppendEntries [], prevIndex 0, prevTerm 0
038648 INFO S2: (term 1) follower 收到 [0] AppendEntries [], prevIndex 0, prevTerm 0
038649 LEAD S0: 1 append success next 1 match 0
038649 LEAD S0: 2 append success next 1 match 0
039149 LEAD S0: prevLog &raft.Entry{Command:interface {}(nil), Term:0, Index:0}
039149 LEAD S0: prevLog &raft.Entry{Command:interface {}(nil), Term:0, Index:0}
039150 INFO S1: (term 1) follower 收到 [0] AppendEntries [], prevIndex 0, prevTerm 0
039150 INFO S2: (term 1) follower 收到 [0] AppendEntries [], prevIndex 0, prevTerm 0
039151 LEAD S0: 1 append success next 1 match 0
039151 LEAD S0: 2 append success next 1 match 0
039651 LEAD S0: prevLog &raft.Entry{Command:interface {}(nil), Term:0, Index:0}
039651 LEAD S0: prevLog &raft.Entry{Command:interface {}(nil), Term:0, Index:0}
039652 INFO S1: (term 1) follower 收到 [0] AppendEntries [], prevIndex 0, prevTerm 0
039652 INFO S2: (term 1) follower 收到 [0] AppendEntries [], prevIndex 0, prevTerm 0
039652 LEAD S0: 1 append success next 1 match 0
039652 LEAD S0: 2 append success next 1 match 0
040152 LEAD S0: prevLog &raft.Entry{Command:interface {}(nil), Term:0, Index:0}
040153 LEAD S0: prevLog &raft.Entry{Command:interface {}(nil), Term:0, Index:0}
040154 INFO S1: (term 1) follower 收到 [0] AppendEntries [], prevIndex 0, prevTerm 0
040154 INFO S2: (term 1) follower 收到 [0] AppendEntries [], prevIndex 0, prevTerm 0
040154 LEAD S0: 1 append success next 1 match 0
040154 LEAD S0: 2 append success next 1 match 0
040654 LEAD S0: prevLog &raft.Entry{Command:interface {}(nil), Term:0, Index:0}
040655 LEAD S0: prevLog &raft.Entry{Command:interface {}(nil), Term:0, Index:0}
040655 INFO S2: (term 1) follower 收到 [0] AppendEntries [], prevIndex 0, prevTerm 0
040656 LEAD S0: 2 append success next 1 match 0
040655 INFO S1: (term 1) follower 收到 [0] AppendEntries [], prevIndex 0, prevTerm 0
040656 LEAD S0: 1 append success next 1 match 0
041156 LEAD S0: prevLog &raft.Entry{Command:interface {}(nil), Term:0, Index:0}
041156 LEAD S0: prevLog &raft.Entry{Command:interface {}(nil), Term:0, Index:0}
041157 INFO S1: (term 1) follower 收到 [0] AppendEntries [], prevIndex 0, prevTerm 0
041157 INFO S2: (term 1) follower 收到 [0] AppendEntries [], prevIndex 0, prevTerm 0
041157 LEAD S0: 1 append success next 1 match 0
041157 LEAD S0: 2 append success next 1 match 0
041658 LEAD S0: prevLog &raft.Entry{Command:interface {}(nil), Term:0, Index:0}
041658 LEAD S0: prevLog &raft.Entry{Command:interface {}(nil), Term:0, Index:0}
041659 INFO S2: (term 1) follower 收到 [0] AppendEntries [], prevIndex 0, prevTerm 0
041659 INFO S1: (term 1) follower 收到 [0] AppendEntries [], prevIndex 0, prevTerm 0
041659 LEAD S0: 2 append success next 1 match 0
041659 LEAD S0: 1 append success next 1 match 0
042160 LEAD S0: prevLog &raft.Entry{Command:interface {}(nil), Term:0, Index:0}
042161 LEAD S0: prevLog &raft.Entry{Command:interface {}(nil), Term:0, Index:0}
042161 INFO S1: (term 1) follower 收到 [0] AppendEntries [], prevIndex 0, prevTerm 0
042161 INFO S2: (term 1) follower 收到 [0] AppendEntries [], prevIndex 0, prevTerm 0
042162 LEAD S0: 1 append success next 1 match 0
042162 LEAD S0: 2 append success next 1 match 0
042662 LEAD S0: prevLog &raft.Entry{Command:interface {}(nil), Term:0, Index:0}
042663 LEAD S0: prevLog &raft.Entry{Command:interface {}(nil), Term:0, Index:0}
042663 INFO S2: (term 1) follower 收到 [0] AppendEntries [], prevIndex 0, prevTerm 0
042663 INFO S1: (term 1) follower 收到 [0] AppendEntries [], prevIndex 0, prevTerm 0
042664 LEAD S0: 1 append success next 1 match 0
042664 LEAD S0: 2 append success next 1 match 0
043164 LEAD S0: prevLog &raft.Entry{Command:interface {}(nil), Term:0, Index:0}
043164 LEAD S0: prevLog &raft.Entry{Command:interface {}(nil), Term:0, Index:0}
043164 INFO S1: (term 1) follower 收到 [0] AppendEntries [], prevIndex 0, prevTerm 0
043164 INFO S2: (term 1) follower 收到 [0] AppendEntries [], prevIndex 0, prevTerm 0
043165 LEAD S0: 1 append success next 1 match 0
043165 LEAD S0: 2 append success next 1 match 0
043667 LEAD S0: prevLog &raft.Entry{Command:interface {}(nil), Term:0, Index:0}
043667 LEAD S0: prevLog &raft.Entry{Command:interface {}(nil), Term:0, Index:0}
043668 INFO S1: (term 1) follower 收到 [0] AppendEntries [], prevIndex 0, prevTerm 0
043668 INFO S2: (term 1) follower 收到 [0] AppendEntries [], prevIndex 0, prevTerm 0
043668 LEAD S0: 1 append success next 1 match 0
043668 LEAD S0: 2 append success next 1 match 0
044169 LEAD S0: prevLog &raft.Entry{Command:interface {}(nil), Term:0, Index:0}
044169 LEAD S0: prevLog &raft.Entry{Command:interface {}(nil), Term:0, Index:0}
044169 INFO S2: (term 1) follower 收到 [0] AppendEntries [], prevIndex 0, prevTerm 0
044169 INFO S1: (term 1) follower 收到 [0] AppendEntries [], prevIndex 0, prevTerm 0
044170 LEAD S0: 2 append success next 1 match 0
044170 LEAD S0: 1 append success next 1 match 0
044670 LEAD S0: prevLog &raft.Entry{Command:interface {}(nil), Term:0, Index:0}
044670 LEAD S0: prevLog &raft.Entry{Command:interface {}(nil), Term:0, Index:0}
044671 INFO S1: (term 1) follower 收到 [0] AppendEntries [], prevIndex 0, prevTerm 0
044671 INFO S2: (term 1) follower 收到 [0] AppendEntries [], prevIndex 0, prevTerm 0
044671 LEAD S0: 1 append success next 1 match 0
044672 LEAD S0: 2 append success next 1 match 0
045172 LEAD S0: prevLog &raft.Entry{Command:interface {}(nil), Term:0, Index:0}
045172 LEAD S0: prevLog &raft.Entry{Command:interface {}(nil), Term:0, Index:0}
045173 INFO S2: (term 1) follower 收到 [0] AppendEntries [], prevIndex 0, prevTerm 0
045173 LEAD S0: 2 append success next 1 match 0
045173 INFO S1: (term 1) follower 收到 [0] AppendEntries [], prevIndex 0, prevTerm 0
045174 LEAD S0: 1 append success next 1 match 0
045674 LEAD S0: prevLog &raft.Entry{Command:interface {}(nil), Term:0, Index:0}
045675 LEAD S0: prevLog &raft.Entry{Command:interface {}(nil), Term:0, Index:0}
045676 INFO S1: (term 1) follower 收到 [0] AppendEntries [], prevIndex 0, prevTerm 0
045676 INFO S2: (term 1) follower 收到 [0] AppendEntries [], prevIndex 0, prevTerm 0
045676 LEAD S0: 1 append success next 1 match 0
045676 LEAD S0: 2 append success next 1 match 0
046176 LEAD S0: prevLog &raft.Entry{Command:interface {}(nil), Term:0, Index:0}
046176 LEAD S0: prevLog &raft.Entry{Command:interface {}(nil), Term:0, Index:0}
046177 INFO S1: (term 1) follower 收到 [0] AppendEntries [], prevIndex 0, prevTerm 0
046177 INFO S2: (term 1) follower 收到 [0] AppendEntries [], prevIndex 0, prevTerm 0
046177 LEAD S0: 1 append success next 1 match 0
046178 LEAD S0: 2 append success next 1 match 0
046678 LEAD S0: prevLog &raft.Entry{Command:interface {}(nil), Term:0, Index:0}
046678 LEAD S0: prevLog &raft.Entry{Command:interface {}(nil), Term:0, Index:0}
046679 INFO S2: (term 1) follower 收到 [0] AppendEntries [], prevIndex 0, prevTerm 0
046679 INFO S1: (term 1) follower 收到 [0] AppendEntries [], prevIndex 0, prevTerm 0
046679 LEAD S0: 2 append success next 1 match 0
046679 LEAD S0: 1 append success next 1 match 0
047180 LEAD S0: prevLog &raft.Entry{Command:interface {}(nil), Term:0, Index:0}
047180 LEAD S0: prevLog &raft.Entry{Command:interface {}(nil), Term:0, Index:0}
047181 INFO S2: (term 1) follower 收到 [0] AppendEntries [], prevIndex 0, prevTerm 0
047181 LEAD S0: 2 append success next 1 match 0
047182 INFO S1: (term 1) follower 收到 [0] AppendEntries [], prevIndex 0, prevTerm 0
047183 LEAD S0: 1 append success next 1 match 0
047681 LEAD S0: prevLog &raft.Entry{Command:interface {}(nil), Term:0, Index:0}
047682 LEAD S0: prevLog &raft.Entry{Command:interface {}(nil), Term:0, Index:0}
047682 INFO S2: (term 1) follower 收到 [0] AppendEntries [], prevIndex 0, prevTerm 0
047682 INFO S1: (term 1) follower 收到 [0] AppendEntries [], prevIndex 0, prevTerm 0
047683 LEAD S0: 2 append success next 1 match 0
047683 LEAD S0: 1 append success next 1 match 0
048183 LEAD S0: prevLog &raft.Entry{Command:interface {}(nil), Term:0, Index:0}
048183 LEAD S0: prevLog &raft.Entry{Command:interface {}(nil), Term:0, Index:0}
048184 INFO S2: (term 1) follower 收到 [0] AppendEntries [], prevIndex 0, prevTerm 0
048184 INFO S1: (term 1) follower 收到 [0] AppendEntries [], prevIndex 0, prevTerm 0
048185 LEAD S0: 2 append success next 1 match 0
048185 LEAD S0: 1 append success next 1 match 0
048685 LEAD S0: prevLog &raft.Entry{Command:interface {}(nil), Term:0, Index:0}
048685 LEAD S0: prevLog &raft.Entry{Command:interface {}(nil), Term:0, Index:0}
048686 INFO S2: (term 1) follower 收到 [0] AppendEntries [], prevIndex 0, prevTerm 0
048686 LEAD S0: 2 append success next 1 match 0
048686 INFO S1: (term 1) follower 收到 [0] AppendEntries [], prevIndex 0, prevTerm 0
048687 LEAD S0: 1 append success next 1 match 0
049187 LEAD S0: prevLog &raft.Entry{Command:interface {}(nil), Term:0, Index:0}
049187 LEAD S0: prevLog &raft.Entry{Command:interface {}(nil), Term:0, Index:0}
049188 INFO S1: (term 1) follower 收到 [0] AppendEntries [], prevIndex 0, prevTerm 0
049188 INFO S2: (term 1) follower 收到 [0] AppendEntries [], prevIndex 0, prevTerm 0
049189 LEAD S0: 1 append success next 1 match 0
049189 LEAD S0: 2 append success next 1 match 0
049690 LEAD S0: prevLog &raft.Entry{Command:interface {}(nil), Term:0, Index:0}
049690 LEAD S0: prevLog &raft.Entry{Command:interface {}(nil), Term:0, Index:0}
049691 INFO S1: (term 1) follower 收到 [0] AppendEntries [], prevIndex 0, prevTerm 0
049691 INFO S2: (term 1) follower 收到 [0] AppendEntries [], prevIndex 0, prevTerm 0
049691 LEAD S0: 2 append success next 1 match 0
049691 LEAD S0: 1 append success next 1 match 0
050191 LEAD S0: prevLog &raft.Entry{Command:interface {}(nil), Term:0, Index:0}
050191 LEAD S0: prevLog &raft.Entry{Command:interface {}(nil), Term:0, Index:0}
050192 INFO S1: (term 1) follower 收到 [0] AppendEntries [], prevIndex 0, prevTerm 0
050192 INFO S2: (term 1) follower 收到 [0] AppendEntries [], prevIndex 0, prevTerm 0
050193 LEAD S0: 1 append success next 1 match 0
050193 LEAD S0: 2 append success next 1 match 0
050693 LEAD S0: prevLog &raft.Entry{Command:interface {}(nil), Term:0, Index:0}
050693 LEAD S0: prevLog &raft.Entry{Command:interface {}(nil), Term:0, Index:0}
050694 INFO S1: (term 1) follower 收到 [0] AppendEntries [], prevIndex 0, prevTerm 0
050694 INFO S2: (term 1) follower 收到 [0] AppendEntries [], prevIndex 0, prevTerm 0
050695 LEAD S0: 1 append success next 1 match 0
050695 LEAD S0: 2 append success next 1 match 0
051195 LEAD S0: prevLog &raft.Entry{Command:interface {}(nil), Term:0, Index:0}
051195 LEAD S0: prevLog &raft.Entry{Command:interface {}(nil), Term:0, Index:0}
051196 INFO S1: (term 1) follower 收到 [0] AppendEntries [], prevIndex 0, prevTerm 0
051196 INFO S2: (term 1) follower 收到 [0] AppendEntries [], prevIndex 0, prevTerm 0
051196 LEAD S0: 1 append success next 1 match 0
051196 LEAD S0: 2 append success next 1 match 0
051697 LEAD S0: prevLog &raft.Entry{Command:interface {}(nil), Term:0, Index:0}
051697 LEAD S0: prevLog &raft.Entry{Command:interface {}(nil), Term:0, Index:0}
051698 INFO S2: (term 1) follower 收到 [0] AppendEntries [], prevIndex 0, prevTerm 0
051698 LEAD S0: 2 append success next 1 match 0
051698 INFO S1: (term 1) follower 收到 [0] AppendEntries [], prevIndex 0, prevTerm 0
051699 LEAD S0: 1 append success next 1 match 0
052199 LEAD S0: prevLog &raft.Entry{Command:interface {}(nil), Term:0, Index:0}
052199 LEAD S0: prevLog &raft.Entry{Command:interface {}(nil), Term:0, Index:0}
052200 INFO S1: (term 1) follower 收到 [0] AppendEntries [], prevIndex 0, prevTerm 0
052200 INFO S2: (term 1) follower 收到 [0] AppendEntries [], prevIndex 0, prevTerm 0
052200 LEAD S0: 1 append success next 1 match 0
052200 LEAD S0: 2 append success next 1 match 0
052701 LEAD S0: prevLog &raft.Entry{Command:interface {}(nil), Term:0, Index:0}
052701 LEAD S0: prevLog &raft.Entry{Command:interface {}(nil), Term:0, Index:0}
052702 INFO S1: (term 1) follower 收到 [0] AppendEntries [], prevIndex 0, prevTerm 0
052702 INFO S2: (term 1) follower 收到 [0] AppendEntries [], prevIndex 0, prevTerm 0
052702 LEAD S0: 1 append success next 1 match 0
052702 LEAD S0: 2 append success next 1 match 0
053203 LEAD S0: prevLog &raft.Entry{Command:interface {}(nil), Term:0, Index:0}
053203 LEAD S0: prevLog &raft.Entry{Command:interface {}(nil), Term:0, Index:0}
053204 INFO S2: (term 1) follower 收到 [0] AppendEntries [], prevIndex 0, prevTerm 0
053204 LEAD S0: 2 append success next 1 match 0
053204 INFO S1: (term 1) follower 收到 [0] AppendEntries [], prevIndex 0, prevTerm 0
053205 LEAD S0: 1 append success next 1 match 0
053704 LEAD S0: prevLog &raft.Entry{Command:interface {}(nil), Term:0, Index:0}
053705 LEAD S0: prevLog &raft.Entry{Command:interface {}(nil), Term:0, Index:0}
053705 INFO S2: (term 1) follower 收到 [0] AppendEntries [], prevIndex 0, prevTerm 0
053705 INFO S1: (term 1) follower 收到 [0] AppendEntries [], prevIndex 0, prevTerm 0
053706 LEAD S0: 1 append success next 1 match 0
053706 LEAD S0: 2 append success next 1 match 0
054207 LEAD S0: prevLog &raft.Entry{Command:interface {}(nil), Term:0, Index:0}
054207 LEAD S0: prevLog &raft.Entry{Command:interface {}(nil), Term:0, Index:0}
054208 INFO S2: (term 1) follower 收到 [0] AppendEntries [], prevIndex 0, prevTerm 0
054208 LEAD S0: 2 append success next 1 match 0
054208 INFO S1: (term 1) follower 收到 [0] AppendEntries [], prevIndex 0, prevTerm 0
054208 LEAD S0: 1 append success next 1 match 0
054709 LEAD S0: prevLog &raft.Entry{Command:interface {}(nil), Term:0, Index:0}
054709 LEAD S0: prevLog &raft.Entry{Command:interface {}(nil), Term:0, Index:0}
054710 INFO S2: (term 1) follower 收到 [0] AppendEntries [], prevIndex 0, prevTerm 0
054710 LEAD S0: 2 append success next 1 match 0
054710 INFO S1: (term 1) follower 收到 [0] AppendEntries [], prevIndex 0, prevTerm 0
054711 LEAD S0: 1 append success next 1 match 0
055211 LEAD S0: prevLog &raft.Entry{Command:interface {}(nil), Term:0, Index:0}
055211 LEAD S0: prevLog &raft.Entry{Command:interface {}(nil), Term:0, Index:0}
055211 INFO S2: (term 1) follower 收到 [0] AppendEntries [], prevIndex 0, prevTerm 0
055212 INFO S1: (term 1) follower 收到 [0] AppendEntries [], prevIndex 0, prevTerm 0
055212 LEAD S0: 2 append success next 1 match 0
055212 LEAD S0: 1 append success next 1 match 0
055712 LEAD S0: prevLog &raft.Entry{Command:interface {}(nil), Term:0, Index:0}
055712 LEAD S0: prevLog &raft.Entry{Command:interface {}(nil), Term:0, Index:0}
055713 INFO S2: (term 1) follower 收到 [0] AppendEntries [], prevIndex 0, prevTerm 0
055713 INFO S1: (term 1) follower 收到 [0] AppendEntries [], prevIndex 0, prevTerm 0
055713 LEAD S0: 2 append success next 1 match 0
055714 LEAD S0: 1 append success next 1 match 0
056214 LEAD S0: prevLog &raft.Entry{Command:interface {}(nil), Term:0, Index:0}
056214 LEAD S0: prevLog &raft.Entry{Command:interface {}(nil), Term:0, Index:0}
056215 INFO S1: (term 1) follower 收到 [0] AppendEntries [], prevIndex 0, prevTerm 0
056215 INFO S2: (term 1) follower 收到 [0] AppendEntries [], prevIndex 0, prevTerm 0
056215 LEAD S0: 1 append success next 1 match 0
056215 LEAD S0: 2 append success next 1 match 0
056716 LEAD S0: prevLog &raft.Entry{Command:interface {}(nil), Term:0, Index:0}
056716 LEAD S0: prevLog &raft.Entry{Command:interface {}(nil), Term:0, Index:0}
056717 INFO S1: (term 1) follower 收到 [0] AppendEntries [], prevIndex 0, prevTerm 0
056717 LEAD S0: 1 append success next 1 match 0
056717 INFO S2: (term 1) follower 收到 [0] AppendEntries [], prevIndex 0, prevTerm 0
056717 LEAD S0: 2 append success next 1 match 0
057218 LEAD S0: prevLog &raft.Entry{Command:interface {}(nil), Term:0, Index:0}
057218 LEAD S0: prevLog &raft.Entry{Command:interface {}(nil), Term:0, Index:0}
057219 INFO S2: (term 1) follower 收到 [0] AppendEntries [], prevIndex 0, prevTerm 0
057219 LEAD S0: 2 append success next 1 match 0
057220 INFO S1: (term 1) follower 收到 [0] AppendEntries [], prevIndex 0, prevTerm 0
057220 LEAD S0: 1 append success next 1 match 0
057721 LEAD S0: prevLog &raft.Entry{Command:interface {}(nil), Term:0, Index:0}
057721 LEAD S0: prevLog &raft.Entry{Command:interface {}(nil), Term:0, Index:0}
057722 INFO S1: (term 1) follower 收到 [0] AppendEntries [], prevIndex 0, prevTerm 0
057722 LEAD S0: 1 append success next 1 match 0
057722 INFO S2: (term 1) follower 收到 [0] AppendEntries [], prevIndex 0, prevTerm 0
057723 LEAD S0: 2 append success next 1 match 0
058224 LEAD S0: prevLog &raft.Entry{Command:interface {}(nil), Term:0, Index:0}
058224 LEAD S0: prevLog &raft.Entry{Command:interface {}(nil), Term:0, Index:0}
058225 INFO S1: (term 1) follower 收到 [0] AppendEntries [], prevIndex 0, prevTerm 0
058225 INFO S2: (term 1) follower 收到 [0] AppendEntries [], prevIndex 0, prevTerm 0
058225 LEAD S0: 1 append success next 1 match 0
058225 LEAD S0: 2 append success next 1 match 0
058725 LEAD S0: prevLog &raft.Entry{Command:interface {}(nil), Term:0, Index:0}
058726 LEAD S0: prevLog &raft.Entry{Command:interface {}(nil), Term:0, Index:0}
058726 INFO S1: (term 1) follower 收到 [0] AppendEntries [], prevIndex 0, prevTerm 0
058726 INFO S2: (term 1) follower 收到 [0] AppendEntries [], prevIndex 0, prevTerm 0
058727 LEAD S0: 1 append success next 1 match 0
058727 LEAD S0: 2 append success next 1 match 0
059228 LEAD S0: prevLog &raft.Entry{Command:interface {}(nil), Term:0, Index:0}
059228 LEAD S0: prevLog &raft.Entry{Command:interface {}(nil), Term:0, Index:0}
059230 INFO S2: (term 1) follower 收到 [0] AppendEntries [], prevIndex 0, prevTerm 0
059230 INFO S1: (term 1) follower 收到 [0] AppendEntries [], prevIndex 0, prevTerm 0
059230 LEAD S0: 2 append success next 1 match 0
059230 LEAD S0: 1 append success next 1 match 0
059730 LEAD S0: prevLog &raft.Entry{Command:interface {}(nil), Term:0, Index:0}
059730 LEAD S0: prevLog &raft.Entry{Command:interface {}(nil), Term:0, Index:0}
059731 INFO S1: (term 1) follower 收到 [0] AppendEntries [], prevIndex 0, prevTerm 0
059731 INFO S2: (term 1) follower 收到 [0] AppendEntries [], prevIndex 0, prevTerm 0
059731 LEAD S0: 1 append success next 1 match 0
059731 LEAD S0: 2 append success next 1 match 0
060232 LEAD S0: prevLog &raft.Entry{Command:interface {}(nil), Term:0, Index:0}
060232 LEAD S0: prevLog &raft.Entry{Command:interface {}(nil), Term:0, Index:0}
060233 INFO S2: (term 1) follower 收到 [0] AppendEntries [], prevIndex 0, prevTerm 0
060234 LEAD S0: 2 append success next 1 match 0
060234 INFO S1: (term 1) follower 收到 [0] AppendEntries [], prevIndex 0, prevTerm 0
060234 LEAD S0: 1 append success next 1 match 0
060734 LEAD S0: prevLog &raft.Entry{Command:interface {}(nil), Term:0, Index:0}
060734 LEAD S0: prevLog &raft.Entry{Command:interface {}(nil), Term:0, Index:0}
060735 INFO S1: (term 1) follower 收到 [0] AppendEntries [], prevIndex 0, prevTerm 0
060735 INFO S2: (term 1) follower 收到 [0] AppendEntries [], prevIndex 0, prevTerm 0
060735 LEAD S0: 1 append success next 1 match 0
060735 LEAD S0: 2 append success next 1 match 0
061236 LEAD S0: prevLog &raft.Entry{Command:interface {}(nil), Term:0, Index:0}
061236 LEAD S0: prevLog &raft.Entry{Command:interface {}(nil), Term:0, Index:0}
061237 INFO S2: (term 1) follower 收到 [0] AppendEntries [], prevIndex 0, prevTerm 0
061237 INFO S1: (term 1) follower 收到 [0] AppendEntries [], prevIndex 0, prevTerm 0
061237 LEAD S0: 2 append success next 1 match 0
061237 LEAD S0: 1 append success next 1 match 0
061738 LEAD S0: prevLog &raft.Entry{Command:interface {}(nil), Term:0, Index:0}
061738 LEAD S0: prevLog &raft.Entry{Command:interface {}(nil), Term:0, Index:0}
061739 INFO S2: (term 1) follower 收到 [0] AppendEntries [], prevIndex 0, prevTerm 0
061739 LEAD S0: 2 append success next 1 match 0
061740 INFO S1: (term 1) follower 收到 [0] AppendEntries [], prevIndex 0, prevTerm 0
061740 LEAD S0: 1 append success next 1 match 0
062241 LEAD S0: prevLog &raft.Entry{Command:interface {}(nil), Term:0, Index:0}
062241 LEAD S0: prevLog &raft.Entry{Command:interface {}(nil), Term:0, Index:0}
062242 INFO S1: (term 1) follower 收到 [0] AppendEntries [], prevIndex 0, prevTerm 0
062242 INFO S2: (term 1) follower 收到 [0] AppendEntries [], prevIndex 0, prevTerm 0
062242 LEAD S0: 1 append success next 1 match 0
062242 LEAD S0: 2 append success next 1 match 0
062742 LEAD S0: prevLog &raft.Entry{Command:interface {}(nil), Term:0, Index:0}
062743 LEAD S0: prevLog &raft.Entry{Command:interface {}(nil), Term:0, Index:0}
062744 INFO S1: (term 1) follower 收到 [0] AppendEntries [], prevIndex 0, prevTerm 0
062744 INFO S2: (term 1) follower 收到 [0] AppendEntries [], prevIndex 0, prevTerm 0
062744 LEAD S0: 1 append success next 1 match 0
062744 LEAD S0: 2 append success next 1 match 0
063244 LEAD S0: prevLog &raft.Entry{Command:interface {}(nil), Term:0, Index:0}
063244 LEAD S0: prevLog &raft.Entry{Command:interface {}(nil), Term:0, Index:0}
063245 INFO S1: (term 1) follower 收到 [0] AppendEntries [], prevIndex 0, prevTerm 0
063245 INFO S2: (term 1) follower 收到 [0] AppendEntries [], prevIndex 0, prevTerm 0
063245 LEAD S0: 1 append success next 1 match 0
063246 LEAD S0: 2 append success next 1 match 0
063746 LEAD S0: prevLog &raft.Entry{Command:interface {}(nil), Term:0, Index:0}
063746 LEAD S0: prevLog &raft.Entry{Command:interface {}(nil), Term:0, Index:0}
063747 INFO S2: (term 1) follower 收到 [0] AppendEntries [], prevIndex 0, prevTerm 0
063747 LEAD S0: 2 append success next 1 match 0
063748 INFO S1: (term 1) follower 收到 [0] AppendEntries [], prevIndex 0, prevTerm 0
063748 LEAD S0: 1 append success next 1 match 0
064248 LEAD S0: prevLog &raft.Entry{Command:interface {}(nil), Term:0, Index:0}
064248 LEAD S0: prevLog &raft.Entry{Command:interface {}(nil), Term:0, Index:0}
064249 INFO S1: (term 1) follower 收到 [0] AppendEntries [], prevIndex 0, prevTerm 0
064249 INFO S2: (term 1) follower 收到 [0] AppendEntries [], prevIndex 0, prevTerm 0
064249 LEAD S0: 1 append success next 1 match 0
064249 LEAD S0: 2 append success next 1 match 0
064749 LEAD S0: prevLog &raft.Entry{Command:interface {}(nil), Term:0, Index:0}
064749 LEAD S0: prevLog &raft.Entry{Command:interface {}(nil), Term:0, Index:0}
064750 INFO S2: (term 1) follower 收到 [0] AppendEntries [], prevIndex 0, prevTerm 0
064750 INFO S1: (term 1) follower 收到 [0] AppendEntries [], prevIndex 0, prevTerm 0
064751 LEAD S0: 2 append success next 1 match 0
064751 LEAD S0: 1 append success next 1 match 0
065251 LEAD S0: prevLog &raft.Entry{Command:interface {}(nil), Term:0, Index:0}
065251 LEAD S0: prevLog &raft.Entry{Command:interface {}(nil), Term:0, Index:0}
065252 INFO S2: (term 1) follower 收到 [0] AppendEntries [], prevIndex 0, prevTerm 0
065252 INFO S1: (term 1) follower 收到 [0] AppendEntries [], prevIndex 0, prevTerm 0
065252 LEAD S0: 2 append success next 1 match 0
065252 LEAD S0: 1 append success next 1 match 0
065753 LEAD S0: prevLog &raft.Entry{Command:interface {}(nil), Term:0, Index:0}
065753 LEAD S0: prevLog &raft.Entry{Command:interface {}(nil), Term:0, Index:0}
065754 INFO S1: (term 1) follower 收到 [0] AppendEntries [], prevIndex 0, prevTerm 0
065754 INFO S2: (term 1) follower 收到 [0] AppendEntries [], prevIndex 0, prevTerm 0
065754 LEAD S0: 1 append success next 1 match 0
065754 LEAD S0: 2 append success next 1 match 0
066255 LEAD S0: prevLog &raft.Entry{Command:interface {}(nil), Term:0, Index:0}
066255 LEAD S0: prevLog &raft.Entry{Command:interface {}(nil), Term:0, Index:0}
066256 INFO S2: (term 1) follower 收到 [0] AppendEntries [], prevIndex 0, prevTerm 0
066256 LEAD S0: 2 append success next 1 match 0
066256 INFO S1: (term 1) follower 收到 [0] AppendEntries [], prevIndex 0, prevTerm 0
066257 LEAD S0: 1 append success next 1 match 0
066757 LEAD S0: prevLog &raft.Entry{Command:interface {}(nil), Term:0, Index:0}
066758 LEAD S0: prevLog &raft.Entry{Command:interface {}(nil), Term:0, Index:0}
066758 INFO S1: (term 1) follower 收到 [0] AppendEntries [], prevIndex 0, prevTerm 0
066758 INFO S2: (term 1) follower 收到 [0] AppendEntries [], prevIndex 0, prevTerm 0
066759 LEAD S0: 2 append success next 1 match 0
066759 LEAD S0: 1 append success next 1 match 0
067259 LEAD S0: prevLog &raft.Entry{Command:interface {}(nil), Term:0, Index:0}
067259 LEAD S0: prevLog &raft.Entry{Command:interface {}(nil), Term:0, Index:0}
067260 INFO S1: (term 1) follower 收到 [0] AppendEntries [], prevIndex 0, prevTerm 0
067260 INFO S2: (term 1) follower 收到 [0] AppendEntries [], prevIndex 0, prevTerm 0
067260 LEAD S0: 1 append success next 1 match 0
067260 LEAD S0: 2 append success next 1 match 0
067761 LEAD S0: prevLog &raft.Entry{Command:interface {}(nil), Term:0, Index:0}
067761 LEAD S0: prevLog &raft.Entry{Command:interface {}(nil), Term:0, Index:0}
067762 INFO S1: (term 1) follower 收到 [0] AppendEntries [], prevIndex 0, prevTerm 0
067762 INFO S2: (term 1) follower 收到 [0] AppendEntries [], prevIndex 0, prevTerm 0
067762 LEAD S0: 1 append success next 1 match 0
067762 LEAD S0: 2 append success next 1 match 0
068263 LEAD S0: prevLog &raft.Entry{Command:interface {}(nil), Term:0, Index:0}
068263 LEAD S0: prevLog &raft.Entry{Command:interface {}(nil), Term:0, Index:0}
068264 INFO S2: (term 1) follower 收到 [0] AppendEntries [], prevIndex 0, prevTerm 0
068264 INFO S1: (term 1) follower 收到 [0] AppendEntries [], prevIndex 0, prevTerm 0
068264 LEAD S0: 2 append success next 1 match 0
068264 LEAD S0: 1 append success next 1 match 0
068764 LEAD S0: prevLog &raft.Entry{Command:interface {}(nil), Term:0, Index:0}
068765 LEAD S0: prevLog &raft.Entry{Command:interface {}(nil), Term:0, Index:0}
068766 INFO S2: (term 1) follower 收到 [0] AppendEntries [], prevIndex 0, prevTerm 0
068766 INFO S1: (term 1) follower 收到 [0] AppendEntries [], prevIndex 0, prevTerm 0
068766 LEAD S0: 2 append success next 1 match 0
068766 LEAD S0: 1 append success next 1 match 0
069266 LEAD S0: prevLog &raft.Entry{Command:interface {}(nil), Term:0, Index:0}
069266 LEAD S0: prevLog &raft.Entry{Command:interface {}(nil), Term:0, Index:0}
069267 INFO S2: (term 1) follower 收到 [0] AppendEntries [], prevIndex 0, prevTerm 0
069267 INFO S1: (term 1) follower 收到 [0] AppendEntries [], prevIndex 0, prevTerm 0
069268 LEAD S0: 2 append success next 1 match 0
069268 LEAD S0: 1 append success next 1 match 0
069768 LEAD S0: prevLog &raft.Entry{Command:interface {}(nil), Term:0, Index:0}
069768 LEAD S0: prevLog &raft.Entry{Command:interface {}(nil), Term:0, Index:0}
069769 INFO S2: (term 1) follower 收到 [0] AppendEntries [], prevIndex 0, prevTerm 0
069769 LEAD S0: 2 append success next 1 match 0
069769 INFO S1: (term 1) follower 收到 [0] AppendEntries [], prevIndex 0, prevTerm 0
069770 LEAD S0: 1 append success next 1 match 0
070271 LEAD S0: prevLog &raft.Entry{Command:interface {}(nil), Term:0, Index:0}
070271 LEAD S0: prevLog &raft.Entry{Command:interface {}(nil), Term:0, Index:0}
070272 INFO S2: (term 1) follower 收到 [0] AppendEntries [], prevIndex 0, prevTerm 0
070272 INFO S1: (term 1) follower 收到 [0] AppendEntries [], prevIndex 0, prevTerm 0
070272 LEAD S0: 2 append success next 1 match 0
070273 LEAD S0: 1 append success next 1 match 0
070772 LEAD S0: prevLog &raft.Entry{Command:interface {}(nil), Term:0, Index:0}
070772 LEAD S0: prevLog &raft.Entry{Command:interface {}(nil), Term:0, Index:0}
070773 INFO S2: (term 1) follower 收到 [0] AppendEntries [], prevIndex 0, prevTerm 0
070773 INFO S1: (term 1) follower 收到 [0] AppendEntries [], prevIndex 0, prevTerm 0
070774 LEAD S0: 2 append success next 1 match 0
070774 LEAD S0: 1 append success next 1 match 0
071274 LEAD S0: prevLog &raft.Entry{Command:interface {}(nil), Term:0, Index:0}
071274 LEAD S0: prevLog &raft.Entry{Command:interface {}(nil), Term:0, Index:0}
071275 INFO S1: (term 1) follower 收到 [0] AppendEntries [], prevIndex 0, prevTerm 0
071275 INFO S2: (term 1) follower 收到 [0] AppendEntries [], prevIndex 0, prevTerm 0
071275 LEAD S0: 1 append success next 1 match 0
071275 LEAD S0: 2 append success next 1 match 0
071776 LEAD S0: prevLog &raft.Entry{Command:interface {}(nil), Term:0, Index:0}
071776 LEAD S0: prevLog &raft.Entry{Command:interface {}(nil), Term:0, Index:0}
071777 INFO S2: (term 1) follower 收到 [0] AppendEntries [], prevIndex 0, prevTerm 0
071777 INFO S1: (term 1) follower 收到 [0] AppendEntries [], prevIndex 0, prevTerm 0
071777 LEAD S0: 2 append success next 1 match 0
071778 LEAD S0: 1 append success next 1 match 0
072278 LEAD S0: prevLog &raft.Entry{Command:interface {}(nil), Term:0, Index:0}
072278 LEAD S0: prevLog &raft.Entry{Command:interface {}(nil), Term:0, Index:0}
072279 INFO S1: (term 1) follower 收到 [0] AppendEntries [], prevIndex 0, prevTerm 0
072279 INFO S2: (term 1) follower 收到 [0] AppendEntries [], prevIndex 0, prevTerm 0
072281 LEAD S0: 1 append success next 1 match 0
072282 LEAD S0: 2 append success next 1 match 0
072780 LEAD S0: prevLog &raft.Entry{Command:interface {}(nil), Term:0, Index:0}
072780 LEAD S0: prevLog &raft.Entry{Command:interface {}(nil), Term:0, Index:0}
072781 INFO S2: (term 1) follower 收到 [0] AppendEntries [], prevIndex 0, prevTerm 0
072781 LEAD S0: 2 append success next 1 match 0
072782 INFO S1: (term 1) follower 收到 [0] AppendEntries [], prevIndex 0, prevTerm 0
072782 LEAD S0: 1 append success next 1 match 0
073282 LEAD S0: prevLog &raft.Entry{Command:interface {}(nil), Term:0, Index:0}
073283 LEAD S0: prevLog &raft.Entry{Command:interface {}(nil), Term:0, Index:0}
073284 INFO S1: (term 1) follower 收到 [0] AppendEntries [], prevIndex 0, prevTerm 0
073285 INFO S2: (term 1) follower 收到 [0] AppendEntries [], prevIndex 0, prevTerm 0
073285 LEAD S0: 2 append success next 1 match 0
073285 LEAD S0: 1 append success next 1 match 0
073785 LEAD S0: prevLog &raft.Entry{Command:interface {}(nil), Term:0, Index:0}
073786 LEAD S0: prevLog &raft.Entry{Command:interface {}(nil), Term:0, Index:0}
073787 INFO S1: (term 1) follower 收到 [0] AppendEntries [], prevIndex 0, prevTerm 0
073787 INFO S2: (term 1) follower 收到 [0] AppendEntries [], prevIndex 0, prevTerm 0
073787 LEAD S0: 1 append success next 1 match 0
073787 LEAD S0: 2 append success next 1 match 0
074287 LEAD S0: prevLog &raft.Entry{Command:interface {}(nil), Term:0, Index:0}
074287 LEAD S0: prevLog &raft.Entry{Command:interface {}(nil), Term:0, Index:0}
074288 INFO S1: (term 1) follower 收到 [0] AppendEntries [], prevIndex 0, prevTerm 0
074288 INFO S2: (term 1) follower 收到 [0] AppendEntries [], prevIndex 0, prevTerm 0
074288 LEAD S0: 1 append success next 1 match 0
074289 LEAD S0: 2 append success next 1 match 0
074789 LEAD S0: prevLog &raft.Entry{Command:interface {}(nil), Term:0, Index:0}
074789 LEAD S0: prevLog &raft.Entry{Command:interface {}(nil), Term:0, Index:0}
074790 INFO S2: (term 1) follower 收到 [0] AppendEntries [], prevIndex 0, prevTerm 0
074790 LEAD S0: 2 append success next 1 match 0
074791 INFO S1: (term 1) follower 收到 [0] AppendEntries [], prevIndex 0, prevTerm 0
074791 LEAD S0: 1 append success next 1 match 0
075290 LEAD S0: prevLog &raft.Entry{Command:interface {}(nil), Term:0, Index:0}
075291 LEAD S0: prevLog &raft.Entry{Command:interface {}(nil), Term:0, Index:0}
075292 INFO S1: (term 1) follower 收到 [0] AppendEntries [], prevIndex 0, prevTerm 0
075292 INFO S2: (term 1) follower 收到 [0] AppendEntries [], prevIndex 0, prevTerm 0
075292 LEAD S0: 1 append success next 1 match 0
075292 LEAD S0: 2 append success next 1 match 0
075792 LEAD S0: prevLog &raft.Entry{Command:interface {}(nil), Term:0, Index:0}
075792 LEAD S0: prevLog &raft.Entry{Command:interface {}(nil), Term:0, Index:0}
075793 INFO S2: (term 1) follower 收到 [0] AppendEntries [], prevIndex 0, prevTerm 0
075793 LEAD S0: 2 append success next 1 match 0
075794 INFO S1: (term 1) follower 收到 [0] AppendEntries [], prevIndex 0, prevTerm 0
075794 LEAD S0: 1 append success next 1 match 0
076293 LEAD S0: prevLog &raft.Entry{Command:interface {}(nil), Term:0, Index:0}
076294 LEAD S0: prevLog &raft.Entry{Command:interface {}(nil), Term:0, Index:0}
076294 INFO S2: (term 1) follower 收到 [0] AppendEntries [], prevIndex 0, prevTerm 0
076295 LEAD S0: 2 append success next 1 match 0
076295 INFO S1: (term 1) follower 收到 [0] AppendEntries [], prevIndex 0, prevTerm 0
076296 LEAD S0: 1 append success next 1 match 0
076795 LEAD S0: prevLog &raft.Entry{Command:interface {}(nil), Term:0, Index:0}
076796 LEAD S0: prevLog &raft.Entry{Command:interface {}(nil), Term:0, Index:0}
076796 INFO S2: (term 1) follower 收到 [0] AppendEntries [], prevIndex 0, prevTerm 0
076797 INFO S1: (term 1) follower 收到 [0] AppendEntries [], prevIndex 0, prevTerm 0
076797 LEAD S0: 2 append success next 1 match 0
076797 LEAD S0: 1 append success next 1 match 0
077298 LEAD S0: prevLog &raft.Entry{Command:interface {}(nil), Term:0, Index:0}
077298 LEAD S0: prevLog &raft.Entry{Command:interface {}(nil), Term:0, Index:0}
077299 INFO S1: (term 1) follower 收到 [0] AppendEntries [], prevIndex 0, prevTerm 0
077299 INFO S2: (term 1) follower 收到 [0] AppendEntries [], prevIndex 0, prevTerm 0
077299 LEAD S0: 2 append success next 1 match 0
077299 LEAD S0: 1 append success next 1 match 0
077800 LEAD S0: prevLog &raft.Entry{Command:interface {}(nil), Term:0, Index:0}
077800 LEAD S0: prevLog &raft.Entry{Command:interface {}(nil), Term:0, Index:0}
077801 INFO S1: (term 1) follower 收到 [0] AppendEntries [], prevIndex 0, prevTerm 0
077801 INFO S2: (term 1) follower 收到 [0] AppendEntries [], prevIndex 0, prevTerm 0
077801 LEAD S0: 2 append success next 1 match 0
077801 LEAD S0: 1 append success next 1 match 0
078301 LEAD S0: prevLog &raft.Entry{Command:interface {}(nil), Term:0, Index:0}
078301 LEAD S0: prevLog &raft.Entry{Command:interface {}(nil), Term:0, Index:0}
078302 INFO S2: (term 1) follower 收到 [0] AppendEntries [], prevIndex 0, prevTerm 0
078302 INFO S1: (term 1) follower 收到 [0] AppendEntries [], prevIndex 0, prevTerm 0
078303 LEAD S0: 2 append success next 1 match 0
078303 LEAD S0: 1 append success next 1 match 0
078803 LEAD S0: prevLog &raft.Entry{Command:interface {}(nil), Term:0, Index:0}
078803 LEAD S0: prevLog &raft.Entry{Command:interface {}(nil), Term:0, Index:0}
078804 INFO S2: (term 1) follower 收到 [0] AppendEntries [], prevIndex 0, prevTerm 0
078804 INFO S1: (term 1) follower 收到 [0] AppendEntries [], prevIndex 0, prevTerm 0
078804 LEAD S0: 2 append success next 1 match 0
078804 LEAD S0: 1 append success next 1 match 0
079305 LEAD S0: prevLog &raft.Entry{Command:interface {}(nil), Term:0, Index:0}
079305 LEAD S0: prevLog &raft.Entry{Command:interface {}(nil), Term:0, Index:0}
079305 INFO S2: (term 1) follower 收到 [0] AppendEntries [], prevIndex 0, prevTerm 0
079306 LEAD S0: 2 append success next 1 match 0
079306 INFO S1: (term 1) follower 收到 [0] AppendEntries [], prevIndex 0, prevTerm 0
079306 LEAD S0: 1 append success next 1 match 0
079807 LEAD S0: prevLog &raft.Entry{Command:interface {}(nil), Term:0, Index:0}
079807 LEAD S0: prevLog &raft.Entry{Command:interface {}(nil), Term:0, Index:0}
079808 INFO S1: (term 1) follower 收到 [0] AppendEntries [], prevIndex 0, prevTerm 0
079808 INFO S2: (term 1) follower 收到 [0] AppendEntries [], prevIndex 0, prevTerm 0
079808 LEAD S0: 1 append success next 1 match 0
079808 LEAD S0: 2 append success next 1 match 0
080309 LEAD S0: prevLog &raft.Entry{Command:interface {}(nil), Term:0, Index:0}
080309 LEAD S0: prevLog &raft.Entry{Command:interface {}(nil), Term:0, Index:0}
080310 INFO S2: (term 1) follower 收到 [0] AppendEntries [], prevIndex 0, prevTerm 0
080310 LEAD S0: 2 append success next 1 match 0
080311 INFO S1: (term 1) follower 收到 [0] AppendEntries [], prevIndex 0, prevTerm 0
080312 LEAD S0: 1 append success next 1 match 0
080812 LEAD S0: prevLog &raft.Entry{Command:interface {}(nil), Term:0, Index:0}
080812 LEAD S0: prevLog &raft.Entry{Command:interface {}(nil), Term:0, Index:0}
080813 INFO S2: (term 1) follower 收到 [0] AppendEntries [], prevIndex 0, prevTerm 0
080813 LEAD S0: 2 append success next 1 match 0
080813 INFO S1: (term 1) follower 收到 [0] AppendEntries [], prevIndex 0, prevTerm 0
080813 LEAD S0: 1 append success next 1 match 0
081313 LEAD S0: prevLog &raft.Entry{Command:interface {}(nil), Term:0, Index:0}
081313 LEAD S0: prevLog &raft.Entry{Command:interface {}(nil), Term:0, Index:0}
081314 INFO S2: (term 1) follower 收到 [0] AppendEntries [], prevIndex 0, prevTerm 0
081314 INFO S1: (term 1) follower 收到 [0] AppendEntries [], prevIndex 0, prevTerm 0
081315 LEAD S0: 2 append success next 1 match 0
081315 LEAD S0: 1 append success next 1 match 0
081815 LEAD S0: prevLog &raft.Entry{Command:interface {}(nil), Term:0, Index:0}
081815 LEAD S0: prevLog &raft.Entry{Command:interface {}(nil), Term:0, Index:0}
081816 INFO S2: (term 1) follower 收到 [0] AppendEntries [], prevIndex 0, prevTerm 0
081816 INFO S1: (term 1) follower 收到 [0] AppendEntries [], prevIndex 0, prevTerm 0
081816 LEAD S0: 1 append success next 1 match 0
081816 LEAD S0: 2 append success next 1 match 0
082317 LEAD S0: prevLog &raft.Entry{Command:interface {}(nil), Term:0, Index:0}
082317 LEAD S0: prevLog &raft.Entry{Command:interface {}(nil), Term:0, Index:0}
082318 INFO S1: (term 1) follower 收到 [0] AppendEntries [], prevIndex 0, prevTerm 0
082318 INFO S2: (term 1) follower 收到 [0] AppendEntries [], prevIndex 0, prevTerm 0
082318 LEAD S0: 1 append success next 1 match 0
082319 LEAD S0: 2 append success next 1 match 0
082819 LEAD S0: prevLog &raft.Entry{Command:interface {}(nil), Term:0, Index:0}
082819 LEAD S0: prevLog &raft.Entry{Command:interface {}(nil), Term:0, Index:0}
082820 INFO S2: (term 1) follower 收到 [0] AppendEntries [], prevIndex 0, prevTerm 0
082820 LEAD S0: 2 append success next 1 match 0
082821 INFO S1: (term 1) follower 收到 [0] AppendEntries [], prevIndex 0, prevTerm 0
082821 LEAD S0: 1 append success next 1 match 0
083320 LEAD S0: prevLog &raft.Entry{Command:interface {}(nil), Term:0, Index:0}
083321 LEAD S0: prevLog &raft.Entry{Command:interface {}(nil), Term:0, Index:0}
083321 INFO S1: (term 1) follower 收到 [0] AppendEntries [], prevIndex 0, prevTerm 0
083321 INFO S2: (term 1) follower 收到 [0] AppendEntries [], prevIndex 0, prevTerm 0
083322 LEAD S0: 2 append success next 1 match 0
083322 LEAD S0: 1 append success next 1 match 0
083822 LEAD S0: prevLog &raft.Entry{Command:interface {}(nil), Term:0, Index:0}
083822 LEAD S0: prevLog &raft.Entry{Command:interface {}(nil), Term:0, Index:0}
083823 INFO S1: (term 1) follower 收到 [0] AppendEntries [], prevIndex 0, prevTerm 0
083823 INFO S2: (term 1) follower 收到 [0] AppendEntries [], prevIndex 0, prevTerm 0
083824 LEAD S0: 2 append success next 1 match 0
083824 LEAD S0: 1 append success next 1 match 0
084324 LEAD S0: prevLog &raft.Entry{Command:interface {}(nil), Term:0, Index:0}
084324 LEAD S0: prevLog &raft.Entry{Command:interface {}(nil), Term:0, Index:0}
084325 INFO S2: (term 1) follower 收到 [0] AppendEntries [], prevIndex 0, prevTerm 0
084325 INFO S1: (term 1) follower 收到 [0] AppendEntries [], prevIndex 0, prevTerm 0
084325 LEAD S0: 1 append success next 1 match 0
084325 LEAD S0: 2 append success next 1 match 0
084826 LEAD S0: prevLog &raft.Entry{Command:interface {}(nil), Term:0, Index:0}
084826 LEAD S0: prevLog &raft.Entry{Command:interface {}(nil), Term:0, Index:0}
084827 INFO S1: (term 1) follower 收到 [0] AppendEntries [], prevIndex 0, prevTerm 0
084827 INFO S2: (term 1) follower 收到 [0] AppendEntries [], prevIndex 0, prevTerm 0
084828 LEAD S0: 2 append success next 1 match 0
084828 LEAD S0: 1 append success next 1 match 0
085328 LEAD S0: prevLog &raft.Entry{Command:interface {}(nil), Term:0, Index:0}
085328 LEAD S0: prevLog &raft.Entry{Command:interface {}(nil), Term:0, Index:0}
085329 INFO S2: (term 1) follower 收到 [0] AppendEntries [], prevIndex 0, prevTerm 0
085329 LEAD S0: 2 append success next 1 match 0
085330 INFO S1: (term 1) follower 收到 [0] AppendEntries [], prevIndex 0, prevTerm 0
085330 LEAD S0: 1 append success next 1 match 0
085830 LEAD S0: prevLog &raft.Entry{Command:interface {}(nil), Term:0, Index:0}
085830 LEAD S0: prevLog &raft.Entry{Command:interface {}(nil), Term:0, Index:0}
085831 INFO S2: (term 1) follower 收到 [0] AppendEntries [], prevIndex 0, prevTerm 0
085831 INFO S1: (term 1) follower 收到 [0] AppendEntries [], prevIndex 0, prevTerm 0
085831 LEAD S0: 2 append success next 1 match 0
085831 LEAD S0: 1 append success next 1 match 0
086331 LEAD S0: prevLog &raft.Entry{Command:interface {}(nil), Term:0, Index:0}
086332 LEAD S0: prevLog &raft.Entry{Command:interface {}(nil), Term:0, Index:0}
086332 INFO S2: (term 1) follower 收到 [0] AppendEntries [], prevIndex 0, prevTerm 0
086332 INFO S1: (term 1) follower 收到 [0] AppendEntries [], prevIndex 0, prevTerm 0
086333 LEAD S0: 1 append success next 1 match 0
086333 LEAD S0: 2 append success next 1 match 0
086834 LEAD S0: prevLog &raft.Entry{Command:interface {}(nil), Term:0, Index:0}
086834 LEAD S0: prevLog &raft.Entry{Command:interface {}(nil), Term:0, Index:0}
086835 INFO S2: (term 1) follower 收到 [0] AppendEntries [], prevIndex 0, prevTerm 0
086835 LEAD S0: 2 append success next 1 match 0
086835 INFO S1: (term 1) follower 收到 [0] AppendEntries [], prevIndex 0, prevTerm 0
086836 LEAD S0: 1 append success next 1 match 0
087336 LEAD S0: prevLog &raft.Entry{Command:interface {}(nil), Term:0, Index:0}
087336 LEAD S0: prevLog &raft.Entry{Command:interface {}(nil), Term:0, Index:0}
087336 INFO S2: (term 1) follower 收到 [0] AppendEntries [], prevIndex 0, prevTerm 0
087337 INFO S1: (term 1) follower 收到 [0] AppendEntries [], prevIndex 0, prevTerm 0
087337 LEAD S0: 1 append success next 1 match 0
087337 LEAD S0: 2 append success next 1 match 0
087838 LEAD S0: prevLog &raft.Entry{Command:interface {}(nil), Term:0, Index:0}
087838 LEAD S0: prevLog &raft.Entry{Command:interface {}(nil), Term:0, Index:0}
087839 INFO S1: (term 1) follower 收到 [0] AppendEntries [], prevIndex 0, prevTerm 0
087839 INFO S2: (term 1) follower 收到 [0] AppendEntries [], prevIndex 0, prevTerm 0
087839 LEAD S0: 1 append success next 1 match 0
087839 LEAD S0: 2 append success next 1 match 0
088339 LEAD S0: prevLog &raft.Entry{Command:interface {}(nil), Term:0, Index:0}
088339 LEAD S0: prevLog &raft.Entry{Command:interface {}(nil), Term:0, Index:0}
088340 INFO S2: (term 1) follower 收到 [0] AppendEntries [], prevIndex 0, prevTerm 0
088340 INFO S1: (term 1) follower 收到 [0] AppendEntries [], prevIndex 0, prevTerm 0
088341 LEAD S0: 2 append success next 1 match 0
088341 LEAD S0: 1 append success next 1 match 0
088842 LEAD S0: prevLog &raft.Entry{Command:interface {}(nil), Term:0, Index:0}
088842 LEAD S0: prevLog &raft.Entry{Command:interface {}(nil), Term:0, Index:0}
088843 INFO S2: (term 1) follower 收到 [0] AppendEntries [], prevIndex 0, prevTerm 0
088843 INFO S1: (term 1) follower 收到 [0] AppendEntries [], prevIndex 0, prevTerm 0
088843 LEAD S0: 1 append success next 1 match 0
088843 LEAD S0: 2 append success next 1 match 0
089343 LEAD S0: prevLog &raft.Entry{Command:interface {}(nil), Term:0, Index:0}
089343 LEAD S0: prevLog &raft.Entry{Command:interface {}(nil), Term:0, Index:0}
089344 INFO S2: (term 1) follower 收到 [0] AppendEntries [], prevIndex 0, prevTerm 0
089345 LEAD S0: 2 append success next 1 match 0
089345 INFO S1: (term 1) follower 收到 [0] AppendEntries [], prevIndex 0, prevTerm 0
089345 LEAD S0: 1 append success next 1 match 0
089845 LEAD S0: prevLog &raft.Entry{Command:interface {}(nil), Term:0, Index:0}
089845 LEAD S0: prevLog &raft.Entry{Command:interface {}(nil), Term:0, Index:0}
089846 INFO S2: (term 1) follower 收到 [0] AppendEntries [], prevIndex 0, prevTerm 0
089846 LEAD S0: 2 append success next 1 match 0
089846 INFO S1: (term 1) follower 收到 [0] AppendEntries [], prevIndex 0, prevTerm 0
089847 LEAD S0: 1 append success next 1 match 0
090347 LEAD S0: prevLog &raft.Entry{Command:interface {}(nil), Term:0, Index:0}
090347 LEAD S0: prevLog &raft.Entry{Command:interface {}(nil), Term:0, Index:0}
090348 INFO S1: (term 1) follower 收到 [0] AppendEntries [], prevIndex 0, prevTerm 0
090348 INFO S2: (term 1) follower 收到 [0] AppendEntries [], prevIndex 0, prevTerm 0
090348 LEAD S0: 1 append success next 1 match 0
090348 LEAD S0: 2 append success next 1 match 0
090848 LEAD S0: prevLog &raft.Entry{Command:interface {}(nil), Term:0, Index:0}
090849 LEAD S0: prevLog &raft.Entry{Command:interface {}(nil), Term:0, Index:0}
090849 INFO S2: (term 1) follower 收到 [0] AppendEntries [], prevIndex 0, prevTerm 0
090850 LEAD S0: 2 append success next 1 match 0
090850 INFO S1: (term 1) follower 收到 [0] AppendEntries [], prevIndex 0, prevTerm 0
090850 LEAD S0: 1 append success next 1 match 0
091351 LEAD S0: prevLog &raft.Entry{Command:interface {}(nil), Term:0, Index:0}
091352 LEAD S0: prevLog &raft.Entry{Command:interface {}(nil), Term:0, Index:0}
091352 INFO S2: (term 1) follower 收到 [0] AppendEntries [], prevIndex 0, prevTerm 0
091353 LEAD S0: 2 append success next 1 match 0
091353 INFO S1: (term 1) follower 收到 [0] AppendEntries [], prevIndex 0, prevTerm 0
091353 LEAD S0: 1 append success next 1 match 0
091853 LEAD S0: prevLog &raft.Entry{Command:interface {}(nil), Term:0, Index:0}
091853 LEAD S0: prevLog &raft.Entry{Command:interface {}(nil), Term:0, Index:0}
091854 INFO S1: (term 1) follower 收到 [0] AppendEntries [], prevIndex 0, prevTerm 0
091854 INFO S2: (term 1) follower 收到 [0] AppendEntries [], prevIndex 0, prevTerm 0
091854 LEAD S0: 1 append success next 1 match 0
091854 LEAD S0: 2 append success next 1 match 0
092354 LEAD S0: prevLog &raft.Entry{Command:interface {}(nil), Term:0, Index:0}
092355 LEAD S0: prevLog &raft.Entry{Command:interface {}(nil), Term:0, Index:0}
092356 INFO S1: (term 1) follower 收到 [0] AppendEntries [], prevIndex 0, prevTerm 0
092356 INFO S2: (term 1) follower 收到 [0] AppendEntries [], prevIndex 0, prevTerm 0
092356 LEAD S0: 1 append success next 1 match 0
092356 LEAD S0: 2 append success next 1 match 0
092856 LEAD S0: prevLog &raft.Entry{Command:interface {}(nil), Term:0, Index:0}
092856 LEAD S0: prevLog &raft.Entry{Command:interface {}(nil), Term:0, Index:0}
092857 INFO S2: (term 1) follower 收到 [0] AppendEntries [], prevIndex 0, prevTerm 0
092857 INFO S1: (term 1) follower 收到 [0] AppendEntries [], prevIndex 0, prevTerm 0
092857 LEAD S0: 1 append success next 1 match 0
092858 LEAD S0: 2 append success next 1 match 0
093357 LEAD S0: prevLog &raft.Entry{Command:interface {}(nil), Term:0, Index:0}
093358 LEAD S0: prevLog &raft.Entry{Command:interface {}(nil), Term:0, Index:0}
093358 INFO S2: (term 1) follower 收到 [0] AppendEntries [], prevIndex 0, prevTerm 0
093359 LEAD S0: 2 append success next 1 match 0
093359 INFO S1: (term 1) follower 收到 [0] AppendEntries [], prevIndex 0, prevTerm 0
093360 LEAD S0: 1 append success next 1 match 0
093859 LEAD S0: prevLog &raft.Entry{Command:interface {}(nil), Term:0, Index:0}
093859 LEAD S0: prevLog &raft.Entry{Command:interface {}(nil), Term:0, Index:0}
093860 INFO S2: (term 1) follower 收到 [0] AppendEntries [], prevIndex 0, prevTerm 0
093860 INFO S1: (term 1) follower 收到 [0] AppendEntries [], prevIndex 0, prevTerm 0
093861 LEAD S0: 2 append success next 1 match 0
093861 LEAD S0: 1 append success next 1 match 0
094361 LEAD S0: prevLog &raft.Entry{Command:interface {}(nil), Term:0, Index:0}
094361 LEAD S0: prevLog &raft.Entry{Command:interface {}(nil), Term:0, Index:0}
094362 INFO S2: (term 1) follower 收到 [0] AppendEntries [], prevIndex 0, prevTerm 0
094362 INFO S1: (term 1) follower 收到 [0] AppendEntries [], prevIndex 0, prevTerm 0
094362 LEAD S0: 1 append success next 1 match 0
094362 LEAD S0: 2 append success next 1 match 0
094863 LEAD S0: prevLog &raft.Entry{Command:interface {}(nil), Term:0, Index:0}
094864 LEAD S0: prevLog &raft.Entry{Command:interface {}(nil), Term:0, Index:0}
094864 INFO S2: (term 1) follower 收到 [0] AppendEntries [], prevIndex 0, prevTerm 0
094864 INFO S1: (term 1) follower 收到 [0] AppendEntries [], prevIndex 0, prevTerm 0
094865 LEAD S0: 2 append success next 1 match 0
094865 LEAD S0: 1 append success next 1 match 0
095365 LEAD S0: prevLog &raft.Entry{Command:interface {}(nil), Term:0, Index:0}
095365 LEAD S0: prevLog &raft.Entry{Command:interface {}(nil), Term:0, Index:0}
095366 INFO S1: (term 1) follower 收到 [0] AppendEntries [], prevIndex 0, prevTerm 0
095366 INFO S2: (term 1) follower 收到 [0] AppendEntries [], prevIndex 0, prevTerm 0
095366 LEAD S0: 1 append success next 1 match 0
095367 LEAD S0: 2 append success next 1 match 0
095867 LEAD S0: prevLog &raft.Entry{Command:interface {}(nil), Term:0, Index:0}
095867 LEAD S0: prevLog &raft.Entry{Command:interface {}(nil), Term:0, Index:0}
095868 INFO S2: (term 1) follower 收到 [0] AppendEntries [], prevIndex 0, prevTerm 0
095868 INFO S1: (term 1) follower 收到 [0] AppendEntries [], prevIndex 0, prevTerm 0
095868 LEAD S0: 2 append success next 1 match 0
095869 LEAD S0: 1 append success next 1 match 0
096369 LEAD S0: prevLog &raft.Entry{Command:interface {}(nil), Term:0, Index:0}
096369 LEAD S0: prevLog &raft.Entry{Command:interface {}(nil), Term:0, Index:0}
096370 INFO S1: (term 1) follower 收到 [0] AppendEntries [], prevIndex 0, prevTerm 0
096370 INFO S2: (term 1) follower 收到 [0] AppendEntries [], prevIndex 0, prevTerm 0
096370 LEAD S0: 1 append success next 1 match 0
096370 LEAD S0: 2 append success next 1 match 0
096870 LEAD S0: prevLog &raft.Entry{Command:interface {}(nil), Term:0, Index:0}
096871 LEAD S0: prevLog &raft.Entry{Command:interface {}(nil), Term:0, Index:0}
096871 INFO S1: (term 1) follower 收到 [0] AppendEntries [], prevIndex 0, prevTerm 0
096871 INFO S2: (term 1) follower 收到 [0] AppendEntries [], prevIndex 0, prevTerm 0
096872 LEAD S0: 1 append success next 1 match 0
096872 LEAD S0: 2 append success next 1 match 0
097372 LEAD S0: prevLog &raft.Entry{Command:interface {}(nil), Term:0, Index:0}
097372 LEAD S0: prevLog &raft.Entry{Command:interface {}(nil), Term:0, Index:0}
097373 INFO S1: (term 1) follower 收到 [0] AppendEntries [], prevIndex 0, prevTerm 0
097373 INFO S2: (term 1) follower 收到 [0] AppendEntries [], prevIndex 0, prevTerm 0
097373 LEAD S0: 1 append success next 1 match 0
097374 LEAD S0: 2 append success next 1 match 0
097874 LEAD S0: prevLog &raft.Entry{Command:interface {}(nil), Term:0, Index:0}
097874 LEAD S0: prevLog &raft.Entry{Command:interface {}(nil), Term:0, Index:0}
097875 INFO S2: (term 1) follower 收到 [0] AppendEntries [], prevIndex 0, prevTerm 0
097875 INFO S1: (term 1) follower 收到 [0] AppendEntries [], prevIndex 0, prevTerm 0
097875 LEAD S0: 2 append success next 1 match 0
097875 LEAD S0: 1 append success next 1 match 0
098376 LEAD S0: prevLog &raft.Entry{Command:interface {}(nil), Term:0, Index:0}
098376 LEAD S0: prevLog &raft.Entry{Command:interface {}(nil), Term:0, Index:0}
098377 INFO S2: (term 1) follower 收到 [0] AppendEntries [], prevIndex 0, prevTerm 0
098377 INFO S1: (term 1) follower 收到 [0] AppendEntries [], prevIndex 0, prevTerm 0
098377 LEAD S0: 1 append success next 1 match 0
098377 LEAD S0: 2 append success next 1 match 0
098877 LEAD S0: prevLog &raft.Entry{Command:interface {}(nil), Term:0, Index:0}
098878 LEAD S0: prevLog &raft.Entry{Command:interface {}(nil), Term:0, Index:0}
098878 INFO S2: (term 1) follower 收到 [0] AppendEntries [], prevIndex 0, prevTerm 0
098878 INFO S1: (term 1) follower 收到 [0] AppendEntries [], prevIndex 0, prevTerm 0
098881 LEAD S0: 2 append success next 1 match 0
098881 LEAD S0: 1 append success next 1 match 0
099379 LEAD S0: prevLog &raft.Entry{Command:interface {}(nil), Term:0, Index:0}
099380 LEAD S0: prevLog &raft.Entry{Command:interface {}(nil), Term:0, Index:0}
099380 INFO S2: (term 1) follower 收到 [0] AppendEntries [], prevIndex 0, prevTerm 0
099381 LEAD S0: 2 append success next 1 match 0
099381 INFO S1: (term 1) follower 收到 [0] AppendEntries [], prevIndex 0, prevTerm 0
099381 LEAD S0: 1 append success next 1 match 0
099881 LEAD S0: prevLog &raft.Entry{Command:interface {}(nil), Term:0, Index:0}
099881 LEAD S0: prevLog &raft.Entry{Command:interface {}(nil), Term:0, Index:0}
099882 INFO S1: (term 1) follower 收到 [0] AppendEntries [], prevIndex 0, prevTerm 0
099882 INFO S2: (term 1) follower 收到 [0] AppendEntries [], prevIndex 0, prevTerm 0
099882 LEAD S0: 1 append success next 1 match 0
099882 LEAD S0: 2 append success next 1 match 0
--- FAIL: TestPersist12C (10.04s)
    config.go:609: one(11) failed to reach agreement
100383 LEAD S0: prevLog &raft.Entry{Command:interface {}(nil), Term:0, Index:0}
100383 LEAD S0: prevLog &raft.Entry{Command:interface {}(nil), Term:0, Index:0}
FAIL
exit status 1
FAIL	6.824/raft	10.039s
