Test (2C): basic persistence ...
002009 INFO S1: start leader election, term 1
002009 INFO S0: start leader election, term 1
002009 VOTE S0: term 1 send vote request to 2
002009 VOTE S1: term 1 send vote request to 2
002010 VOTE S0: term 1 send vote request to 1
002010 VOTE S1: term 1 send vote request to 0
002011 VOTE S0: 1 没有投给me，结束
002011 TERM S2: set new term 1
002011 VOTE S2: term 1 vote 0
002011 VOTE S0: reply from 2, term一致，且投给0
002011 LEAD S0: come to power, start to send heartbeat
002011 VOTE S1: 2 没有投给me，结束
002011 LEAD S0: prevLog &raft.Entry{Command:interface {}(nil), Term:0, Index:0}
002011 LEAD S0: prevLog &raft.Entry{Command:interface {}(nil), Term:0, Index:0}
002012 VOTE S1: 0 没有投给me，结束
002012 INFO S2: (term 1) follower 收到 [0] AppendEntries [], prevIndex 0, prevTerm 0
002012 INFO S1: (term 1) follower 收到 [0] AppendEntries [], prevIndex 0, prevTerm 0
002012 LEAD S0: 2 append success next 1 match 0
002013 LEAD S0: 1 append success next 1 match 0
002511 LEAD S0: prevLog &raft.Entry{Command:interface {}(nil), Term:0, Index:0}
002511 LEAD S0: prevLog &raft.Entry{Command:interface {}(nil), Term:0, Index:0}
002512 INFO S1: (term 1) follower 收到 [0] AppendEntries [], prevIndex 0, prevTerm 0
002512 INFO S2: (term 1) follower 收到 [0] AppendEntries [], prevIndex 0, prevTerm 0
002512 LEAD S0: 2 append success next 1 match 0
002512 LEAD S0: 1 append success next 1 match 0
003013 LEAD S0: prevLog &raft.Entry{Command:interface {}(nil), Term:0, Index:0}
003013 LEAD S0: prevLog &raft.Entry{Command:interface {}(nil), Term:0, Index:0}
003014 INFO S2: (term 1) follower 收到 [0] AppendEntries [], prevIndex 0, prevTerm 0
003014 INFO S1: (term 1) follower 收到 [0] AppendEntries [], prevIndex 0, prevTerm 0
003015 LEAD S0: 2 append success next 1 match 0
003015 LEAD S0: 1 append success next 1 match 0
003514 LEAD S0: prevLog &raft.Entry{Command:interface {}(nil), Term:0, Index:0}
003515 LEAD S0: prevLog &raft.Entry{Command:interface {}(nil), Term:0, Index:0}
003515 INFO S1: (term 1) follower 收到 [0] AppendEntries [], prevIndex 0, prevTerm 0
003515 INFO S2: (term 1) follower 收到 [0] AppendEntries [], prevIndex 0, prevTerm 0
003516 LEAD S0: 1 append success next 1 match 0
003516 LEAD S0: 2 append success next 1 match 0
004016 LEAD S0: prevLog &raft.Entry{Command:interface {}(nil), Term:0, Index:0}
004016 LEAD S0: prevLog &raft.Entry{Command:interface {}(nil), Term:0, Index:0}
004017 INFO S1: (term 1) follower 收到 [0] AppendEntries [], prevIndex 0, prevTerm 0
004017 INFO S2: (term 1) follower 收到 [0] AppendEntries [], prevIndex 0, prevTerm 0
004017 LEAD S0: 1 append success next 1 match 0
004018 LEAD S0: 2 append success next 1 match 0
004518 LEAD S0: prevLog &raft.Entry{Command:interface {}(nil), Term:0, Index:0}
004518 LEAD S0: prevLog &raft.Entry{Command:interface {}(nil), Term:0, Index:0}
004519 INFO S2: (term 1) follower 收到 [0] AppendEntries [], prevIndex 0, prevTerm 0
004519 INFO S1: (term 1) follower 收到 [0] AppendEntries [], prevIndex 0, prevTerm 0
004519 LEAD S0: 2 append success next 1 match 0
004519 LEAD S0: 1 append success next 1 match 0
005019 LEAD S0: prevLog &raft.Entry{Command:interface {}(nil), Term:0, Index:0}
005019 LEAD S0: prevLog &raft.Entry{Command:interface {}(nil), Term:0, Index:0}
005020 INFO S1: (term 1) follower 收到 [0] AppendEntries [], prevIndex 0, prevTerm 0
005020 INFO S2: (term 1) follower 收到 [0] AppendEntries [], prevIndex 0, prevTerm 0
005021 LEAD S0: 1 append success next 1 match 0
005021 LEAD S0: 2 append success next 1 match 0
005521 LEAD S0: prevLog &raft.Entry{Command:interface {}(nil), Term:0, Index:0}
005521 LEAD S0: prevLog &raft.Entry{Command:interface {}(nil), Term:0, Index:0}
005522 INFO S1: (term 1) follower 收到 [0] AppendEntries [], prevIndex 0, prevTerm 0
005522 LEAD S0: 1 append success next 1 match 0
005522 INFO S2: (term 1) follower 收到 [0] AppendEntries [], prevIndex 0, prevTerm 0
005522 LEAD S0: 2 append success next 1 match 0
006023 LEAD S0: prevLog &raft.Entry{Command:interface {}(nil), Term:0, Index:0}
006023 LEAD S0: prevLog &raft.Entry{Command:interface {}(nil), Term:0, Index:0}
006024 INFO S2: (term 1) follower 收到 [0] AppendEntries [], prevIndex 0, prevTerm 0
006024 INFO S1: (term 1) follower 收到 [0] AppendEntries [], prevIndex 0, prevTerm 0
006024 LEAD S0: 2 append success next 1 match 0
006024 LEAD S0: 1 append success next 1 match 0
006525 LEAD S0: prevLog &raft.Entry{Command:interface {}(nil), Term:0, Index:0}
006525 LEAD S0: prevLog &raft.Entry{Command:interface {}(nil), Term:0, Index:0}
006526 INFO S1: (term 1) follower 收到 [0] AppendEntries [], prevIndex 0, prevTerm 0
006526 INFO S2: (term 1) follower 收到 [0] AppendEntries [], prevIndex 0, prevTerm 0
006526 LEAD S0: 1 append success next 1 match 0
006526 LEAD S0: 2 append success next 1 match 0
007026 LEAD S0: prevLog &raft.Entry{Command:interface {}(nil), Term:0, Index:0}
007026 LEAD S0: prevLog &raft.Entry{Command:interface {}(nil), Term:0, Index:0}
007027 INFO S1: (term 1) follower 收到 [0] AppendEntries [], prevIndex 0, prevTerm 0
007027 INFO S2: (term 1) follower 收到 [0] AppendEntries [], prevIndex 0, prevTerm 0
007028 LEAD S0: 1 append success next 1 match 0
007028 LEAD S0: 2 append success next 1 match 0
007528 LEAD S0: prevLog &raft.Entry{Command:interface {}(nil), Term:0, Index:0}
007528 LEAD S0: prevLog &raft.Entry{Command:interface {}(nil), Term:0, Index:0}
007529 INFO S1: (term 1) follower 收到 [0] AppendEntries [], prevIndex 0, prevTerm 0
007529 LEAD S0: 1 append success next 1 match 0
007529 INFO S2: (term 1) follower 收到 [0] AppendEntries [], prevIndex 0, prevTerm 0
007530 LEAD S0: 2 append success next 1 match 0
008029 LEAD S0: prevLog &raft.Entry{Command:interface {}(nil), Term:0, Index:0}
008030 LEAD S0: prevLog &raft.Entry{Command:interface {}(nil), Term:0, Index:0}
008030 INFO S1: (term 1) follower 收到 [0] AppendEntries [], prevIndex 0, prevTerm 0
008031 LEAD S0: 1 append success next 1 match 0
008031 INFO S2: (term 1) follower 收到 [0] AppendEntries [], prevIndex 0, prevTerm 0
008031 LEAD S0: 2 append success next 1 match 0
008531 LEAD S0: prevLog &raft.Entry{Command:interface {}(nil), Term:0, Index:0}
008531 LEAD S0: prevLog &raft.Entry{Command:interface {}(nil), Term:0, Index:0}
008532 INFO S1: (term 1) follower 收到 [0] AppendEntries [], prevIndex 0, prevTerm 0
008532 LEAD S0: 1 append success next 1 match 0
008533 INFO S2: (term 1) follower 收到 [0] AppendEntries [], prevIndex 0, prevTerm 0
008533 LEAD S0: 2 append success next 1 match 0
009033 LEAD S0: prevLog &raft.Entry{Command:interface {}(nil), Term:0, Index:0}
009033 LEAD S0: prevLog &raft.Entry{Command:interface {}(nil), Term:0, Index:0}
009034 INFO S2: (term 1) follower 收到 [0] AppendEntries [], prevIndex 0, prevTerm 0
009034 INFO S1: (term 1) follower 收到 [0] AppendEntries [], prevIndex 0, prevTerm 0
009034 LEAD S0: 1 append success next 1 match 0
009034 LEAD S0: 2 append success next 1 match 0
009534 LEAD S0: prevLog &raft.Entry{Command:interface {}(nil), Term:0, Index:0}
009534 LEAD S0: prevLog &raft.Entry{Command:interface {}(nil), Term:0, Index:0}
009535 INFO S1: (term 1) follower 收到 [0] AppendEntries [], prevIndex 0, prevTerm 0
009535 INFO S2: (term 1) follower 收到 [0] AppendEntries [], prevIndex 0, prevTerm 0
009536 LEAD S0: 2 append success next 1 match 0
009536 LEAD S0: 1 append success next 1 match 0
010036 LEAD S0: prevLog &raft.Entry{Command:interface {}(nil), Term:0, Index:0}
010036 LEAD S0: prevLog &raft.Entry{Command:interface {}(nil), Term:0, Index:0}
010037 INFO S1: (term 1) follower 收到 [0] AppendEntries [], prevIndex 0, prevTerm 0
010037 INFO S2: (term 1) follower 收到 [0] AppendEntries [], prevIndex 0, prevTerm 0
010037 LEAD S0: 1 append success next 1 match 0
010037 LEAD S0: 2 append success next 1 match 0
010538 LEAD S0: prevLog &raft.Entry{Command:interface {}(nil), Term:0, Index:0}
010538 LEAD S0: prevLog &raft.Entry{Command:interface {}(nil), Term:0, Index:0}
010539 INFO S1: (term 1) follower 收到 [0] AppendEntries [], prevIndex 0, prevTerm 0
010539 INFO S2: (term 1) follower 收到 [0] AppendEntries [], prevIndex 0, prevTerm 0
010539 LEAD S0: 1 append success next 1 match 0
010539 LEAD S0: 2 append success next 1 match 0
011039 LEAD S0: prevLog &raft.Entry{Command:interface {}(nil), Term:0, Index:0}
011039 LEAD S0: prevLog &raft.Entry{Command:interface {}(nil), Term:0, Index:0}
011040 INFO S2: (term 1) follower 收到 [0] AppendEntries [], prevIndex 0, prevTerm 0
011040 INFO S1: (term 1) follower 收到 [0] AppendEntries [], prevIndex 0, prevTerm 0
011040 LEAD S0: 2 append success next 1 match 0
011040 LEAD S0: 1 append success next 1 match 0
011541 LEAD S0: prevLog &raft.Entry{Command:interface {}(nil), Term:0, Index:0}
011541 LEAD S0: prevLog &raft.Entry{Command:interface {}(nil), Term:0, Index:0}
011542 INFO S1: (term 1) follower 收到 [0] AppendEntries [], prevIndex 0, prevTerm 0
011542 INFO S2: (term 1) follower 收到 [0] AppendEntries [], prevIndex 0, prevTerm 0
011542 LEAD S0: 1 append success next 1 match 0
011543 LEAD S0: 2 append success next 1 match 0
012043 LEAD S0: prevLog &raft.Entry{Command:interface {}(nil), Term:0, Index:0}
012043 LEAD S0: prevLog &raft.Entry{Command:interface {}(nil), Term:0, Index:0}
012043 INFO S2: (term 1) follower 收到 [0] AppendEntries [], prevIndex 0, prevTerm 0
012044 LEAD S0: 2 append success next 1 match 0
012044 INFO S1: (term 1) follower 收到 [0] AppendEntries [], prevIndex 0, prevTerm 0
012044 LEAD S0: 1 append success next 1 match 0
012544 LEAD S0: prevLog &raft.Entry{Command:interface {}(nil), Term:0, Index:0}
012544 LEAD S0: prevLog &raft.Entry{Command:interface {}(nil), Term:0, Index:0}
012545 INFO S2: (term 1) follower 收到 [0] AppendEntries [], prevIndex 0, prevTerm 0
012545 LEAD S0: 2 append success next 1 match 0
012545 INFO S1: (term 1) follower 收到 [0] AppendEntries [], prevIndex 0, prevTerm 0
012546 LEAD S0: 1 append success next 1 match 0
013046 LEAD S0: prevLog &raft.Entry{Command:interface {}(nil), Term:0, Index:0}
013046 LEAD S0: prevLog &raft.Entry{Command:interface {}(nil), Term:0, Index:0}
013047 INFO S2: (term 1) follower 收到 [0] AppendEntries [], prevIndex 0, prevTerm 0
013047 INFO S1: (term 1) follower 收到 [0] AppendEntries [], prevIndex 0, prevTerm 0
013047 LEAD S0: 2 append success next 1 match 0
013047 LEAD S0: 1 append success next 1 match 0
013548 LEAD S0: prevLog &raft.Entry{Command:interface {}(nil), Term:0, Index:0}
013548 LEAD S0: prevLog &raft.Entry{Command:interface {}(nil), Term:0, Index:0}
013549 INFO S1: (term 1) follower 收到 [0] AppendEntries [], prevIndex 0, prevTerm 0
013549 INFO S2: (term 1) follower 收到 [0] AppendEntries [], prevIndex 0, prevTerm 0
013549 LEAD S0: 2 append success next 1 match 0
013549 LEAD S0: 1 append success next 1 match 0
014049 LEAD S0: prevLog &raft.Entry{Command:interface {}(nil), Term:0, Index:0}
014050 LEAD S0: prevLog &raft.Entry{Command:interface {}(nil), Term:0, Index:0}
014051 INFO S1: (term 1) follower 收到 [0] AppendEntries [], prevIndex 0, prevTerm 0
014051 INFO S2: (term 1) follower 收到 [0] AppendEntries [], prevIndex 0, prevTerm 0
014051 LEAD S0: 1 append success next 1 match 0
014051 LEAD S0: 2 append success next 1 match 0
014551 LEAD S0: prevLog &raft.Entry{Command:interface {}(nil), Term:0, Index:0}
014551 LEAD S0: prevLog &raft.Entry{Command:interface {}(nil), Term:0, Index:0}
014552 INFO S1: (term 1) follower 收到 [0] AppendEntries [], prevIndex 0, prevTerm 0
014552 INFO S2: (term 1) follower 收到 [0] AppendEntries [], prevIndex 0, prevTerm 0
014552 LEAD S0: 1 append success next 1 match 0
014552 LEAD S0: 2 append success next 1 match 0
015053 LEAD S0: prevLog &raft.Entry{Command:interface {}(nil), Term:0, Index:0}
015053 LEAD S0: prevLog &raft.Entry{Command:interface {}(nil), Term:0, Index:0}
015054 INFO S2: (term 1) follower 收到 [0] AppendEntries [], prevIndex 0, prevTerm 0
015054 LEAD S0: 2 append success next 1 match 0
015055 INFO S1: (term 1) follower 收到 [0] AppendEntries [], prevIndex 0, prevTerm 0
015057 LEAD S0: 1 append success next 1 match 0
015555 LEAD S0: prevLog &raft.Entry{Command:interface {}(nil), Term:0, Index:0}
015556 LEAD S0: prevLog &raft.Entry{Command:interface {}(nil), Term:0, Index:0}
015556 INFO S1: (term 1) follower 收到 [0] AppendEntries [], prevIndex 0, prevTerm 0
015557 INFO S2: (term 1) follower 收到 [0] AppendEntries [], prevIndex 0, prevTerm 0
015557 LEAD S0: 1 append success next 1 match 0
015557 LEAD S0: 2 append success next 1 match 0
016057 LEAD S0: prevLog &raft.Entry{Command:interface {}(nil), Term:0, Index:0}
016057 LEAD S0: prevLog &raft.Entry{Command:interface {}(nil), Term:0, Index:0}
016058 INFO S2: (term 1) follower 收到 [0] AppendEntries [], prevIndex 0, prevTerm 0
016058 LEAD S0: 2 append success next 1 match 0
016059 INFO S1: (term 1) follower 收到 [0] AppendEntries [], prevIndex 0, prevTerm 0
016059 LEAD S0: 1 append success next 1 match 0
016560 LEAD S0: prevLog &raft.Entry{Command:interface {}(nil), Term:0, Index:0}
016560 LEAD S0: prevLog &raft.Entry{Command:interface {}(nil), Term:0, Index:0}
016560 INFO S1: (term 1) follower 收到 [0] AppendEntries [], prevIndex 0, prevTerm 0
016560 INFO S2: (term 1) follower 收到 [0] AppendEntries [], prevIndex 0, prevTerm 0
016561 LEAD S0: 1 append success next 1 match 0
016561 LEAD S0: 2 append success next 1 match 0
017061 LEAD S0: prevLog &raft.Entry{Command:interface {}(nil), Term:0, Index:0}
017062 LEAD S0: prevLog &raft.Entry{Command:interface {}(nil), Term:0, Index:0}
017062 INFO S2: (term 1) follower 收到 [0] AppendEntries [], prevIndex 0, prevTerm 0
017062 INFO S1: (term 1) follower 收到 [0] AppendEntries [], prevIndex 0, prevTerm 0
017063 LEAD S0: 2 append success next 1 match 0
017063 LEAD S0: 1 append success next 1 match 0
017563 LEAD S0: prevLog &raft.Entry{Command:interface {}(nil), Term:0, Index:0}
017563 LEAD S0: prevLog &raft.Entry{Command:interface {}(nil), Term:0, Index:0}
017564 INFO S1: (term 1) follower 收到 [0] AppendEntries [], prevIndex 0, prevTerm 0
017564 INFO S2: (term 1) follower 收到 [0] AppendEntries [], prevIndex 0, prevTerm 0
017564 LEAD S0: 1 append success next 1 match 0
017564 LEAD S0: 2 append success next 1 match 0
018065 LEAD S0: prevLog &raft.Entry{Command:interface {}(nil), Term:0, Index:0}
018065 LEAD S0: prevLog &raft.Entry{Command:interface {}(nil), Term:0, Index:0}
018066 INFO S2: (term 1) follower 收到 [0] AppendEntries [], prevIndex 0, prevTerm 0
018066 INFO S1: (term 1) follower 收到 [0] AppendEntries [], prevIndex 0, prevTerm 0
018066 LEAD S0: 2 append success next 1 match 0
018066 LEAD S0: 1 append success next 1 match 0
018566 LEAD S0: prevLog &raft.Entry{Command:interface {}(nil), Term:0, Index:0}
018567 LEAD S0: prevLog &raft.Entry{Command:interface {}(nil), Term:0, Index:0}
018567 INFO S1: (term 1) follower 收到 [0] AppendEntries [], prevIndex 0, prevTerm 0
018567 INFO S2: (term 1) follower 收到 [0] AppendEntries [], prevIndex 0, prevTerm 0
018568 LEAD S0: 1 append success next 1 match 0
018568 LEAD S0: 2 append success next 1 match 0
019068 LEAD S0: prevLog &raft.Entry{Command:interface {}(nil), Term:0, Index:0}
019068 LEAD S0: prevLog &raft.Entry{Command:interface {}(nil), Term:0, Index:0}
019069 INFO S1: (term 1) follower 收到 [0] AppendEntries [], prevIndex 0, prevTerm 0
019069 INFO S2: (term 1) follower 收到 [0] AppendEntries [], prevIndex 0, prevTerm 0
019070 LEAD S0: 1 append success next 1 match 0
019070 LEAD S0: 2 append success next 1 match 0
019571 LEAD S0: prevLog &raft.Entry{Command:interface {}(nil), Term:0, Index:0}
019571 LEAD S0: prevLog &raft.Entry{Command:interface {}(nil), Term:0, Index:0}
019571 INFO S2: (term 1) follower 收到 [0] AppendEntries [], prevIndex 0, prevTerm 0
019572 LEAD S0: 2 append success next 1 match 0
019572 INFO S1: (term 1) follower 收到 [0] AppendEntries [], prevIndex 0, prevTerm 0
019572 LEAD S0: 1 append success next 1 match 0
020072 LEAD S0: prevLog &raft.Entry{Command:interface {}(nil), Term:0, Index:0}
020072 LEAD S0: prevLog &raft.Entry{Command:interface {}(nil), Term:0, Index:0}
020073 INFO S1: (term 1) follower 收到 [0] AppendEntries [], prevIndex 0, prevTerm 0
020073 INFO S2: (term 1) follower 收到 [0] AppendEntries [], prevIndex 0, prevTerm 0
020074 LEAD S0: 1 append success next 1 match 0
020074 LEAD S0: 2 append success next 1 match 0
020574 LEAD S0: prevLog &raft.Entry{Command:interface {}(nil), Term:0, Index:0}
020574 LEAD S0: prevLog &raft.Entry{Command:interface {}(nil), Term:0, Index:0}
020575 INFO S2: (term 1) follower 收到 [0] AppendEntries [], prevIndex 0, prevTerm 0
020575 INFO S1: (term 1) follower 收到 [0] AppendEntries [], prevIndex 0, prevTerm 0
020575 LEAD S0: 2 append success next 1 match 0
020575 LEAD S0: 1 append success next 1 match 0
021076 LEAD S0: prevLog &raft.Entry{Command:interface {}(nil), Term:0, Index:0}
021076 LEAD S0: prevLog &raft.Entry{Command:interface {}(nil), Term:0, Index:0}
021076 INFO S2: (term 1) follower 收到 [0] AppendEntries [], prevIndex 0, prevTerm 0
021076 INFO S1: (term 1) follower 收到 [0] AppendEntries [], prevIndex 0, prevTerm 0
021077 LEAD S0: 1 append success next 1 match 0
021077 LEAD S0: 2 append success next 1 match 0
021578 LEAD S0: prevLog &raft.Entry{Command:interface {}(nil), Term:0, Index:0}
021578 LEAD S0: prevLog &raft.Entry{Command:interface {}(nil), Term:0, Index:0}
021579 INFO S2: (term 1) follower 收到 [0] AppendEntries [], prevIndex 0, prevTerm 0
021579 INFO S1: (term 1) follower 收到 [0] AppendEntries [], prevIndex 0, prevTerm 0
021579 LEAD S0: 2 append success next 1 match 0
021579 LEAD S0: 1 append success next 1 match 0
022080 LEAD S0: prevLog &raft.Entry{Command:interface {}(nil), Term:0, Index:0}
022080 LEAD S0: prevLog &raft.Entry{Command:interface {}(nil), Term:0, Index:0}
022081 INFO S2: (term 1) follower 收到 [0] AppendEntries [], prevIndex 0, prevTerm 0
022081 INFO S1: (term 1) follower 收到 [0] AppendEntries [], prevIndex 0, prevTerm 0
022081 LEAD S0: 2 append success next 1 match 0
022082 LEAD S0: 1 append success next 1 match 0
022581 LEAD S0: prevLog &raft.Entry{Command:interface {}(nil), Term:0, Index:0}
022581 LEAD S0: prevLog &raft.Entry{Command:interface {}(nil), Term:0, Index:0}
022582 INFO S1: (term 1) follower 收到 [0] AppendEntries [], prevIndex 0, prevTerm 0
022582 INFO S2: (term 1) follower 收到 [0] AppendEntries [], prevIndex 0, prevTerm 0
022583 LEAD S0: 1 append success next 1 match 0
022583 LEAD S0: 2 append success next 1 match 0
023083 LEAD S0: prevLog &raft.Entry{Command:interface {}(nil), Term:0, Index:0}
023083 LEAD S0: prevLog &raft.Entry{Command:interface {}(nil), Term:0, Index:0}
023084 INFO S1: (term 1) follower 收到 [0] AppendEntries [], prevIndex 0, prevTerm 0
023084 INFO S2: (term 1) follower 收到 [0] AppendEntries [], prevIndex 0, prevTerm 0
023084 LEAD S0: 1 append success next 1 match 0
023084 LEAD S0: 2 append success next 1 match 0
023586 LEAD S0: prevLog &raft.Entry{Command:interface {}(nil), Term:0, Index:0}
023587 LEAD S0: prevLog &raft.Entry{Command:interface {}(nil), Term:0, Index:0}
023588 INFO S2: (term 1) follower 收到 [0] AppendEntries [], prevIndex 0, prevTerm 0
023589 INFO S1: (term 1) follower 收到 [0] AppendEntries [], prevIndex 0, prevTerm 0
023589 LEAD S0: 2 append success next 1 match 0
023589 LEAD S0: 1 append success next 1 match 0
024089 LEAD S0: prevLog &raft.Entry{Command:interface {}(nil), Term:0, Index:0}
024089 LEAD S0: prevLog &raft.Entry{Command:interface {}(nil), Term:0, Index:0}
024090 INFO S1: (term 1) follower 收到 [0] AppendEntries [], prevIndex 0, prevTerm 0
024090 INFO S2: (term 1) follower 收到 [0] AppendEntries [], prevIndex 0, prevTerm 0
024091 LEAD S0: 1 append success next 1 match 0
024091 LEAD S0: 2 append success next 1 match 0
024591 LEAD S0: prevLog &raft.Entry{Command:interface {}(nil), Term:0, Index:0}
024591 LEAD S0: prevLog &raft.Entry{Command:interface {}(nil), Term:0, Index:0}
024592 INFO S1: (term 1) follower 收到 [0] AppendEntries [], prevIndex 0, prevTerm 0
024592 LEAD S0: 1 append success next 1 match 0
024592 INFO S2: (term 1) follower 收到 [0] AppendEntries [], prevIndex 0, prevTerm 0
024592 LEAD S0: 2 append success next 1 match 0
025092 LEAD S0: prevLog &raft.Entry{Command:interface {}(nil), Term:0, Index:0}
025093 LEAD S0: prevLog &raft.Entry{Command:interface {}(nil), Term:0, Index:0}
025094 INFO S1: (term 1) follower 收到 [0] AppendEntries [], prevIndex 0, prevTerm 0
025094 INFO S2: (term 1) follower 收到 [0] AppendEntries [], prevIndex 0, prevTerm 0
025094 LEAD S0: 1 append success next 1 match 0
025094 LEAD S0: 2 append success next 1 match 0
025594 LEAD S0: prevLog &raft.Entry{Command:interface {}(nil), Term:0, Index:0}
025595 LEAD S0: prevLog &raft.Entry{Command:interface {}(nil), Term:0, Index:0}
025595 INFO S1: (term 1) follower 收到 [0] AppendEntries [], prevIndex 0, prevTerm 0
025596 INFO S2: (term 1) follower 收到 [0] AppendEntries [], prevIndex 0, prevTerm 0
025596 LEAD S0: 1 append success next 1 match 0
025596 LEAD S0: 2 append success next 1 match 0
026096 LEAD S0: prevLog &raft.Entry{Command:interface {}(nil), Term:0, Index:0}
026096 LEAD S0: prevLog &raft.Entry{Command:interface {}(nil), Term:0, Index:0}
026097 INFO S1: (term 1) follower 收到 [0] AppendEntries [], prevIndex 0, prevTerm 0
026097 INFO S2: (term 1) follower 收到 [0] AppendEntries [], prevIndex 0, prevTerm 0
026097 LEAD S0: 1 append success next 1 match 0
026097 LEAD S0: 2 append success next 1 match 0
026598 LEAD S0: prevLog &raft.Entry{Command:interface {}(nil), Term:0, Index:0}
026598 LEAD S0: prevLog &raft.Entry{Command:interface {}(nil), Term:0, Index:0}
026599 INFO S1: (term 1) follower 收到 [0] AppendEntries [], prevIndex 0, prevTerm 0
026599 INFO S2: (term 1) follower 收到 [0] AppendEntries [], prevIndex 0, prevTerm 0
026599 LEAD S0: 1 append success next 1 match 0
026600 LEAD S0: 2 append success next 1 match 0
027100 LEAD S0: prevLog &raft.Entry{Command:interface {}(nil), Term:0, Index:0}
027100 LEAD S0: prevLog &raft.Entry{Command:interface {}(nil), Term:0, Index:0}
027101 INFO S2: (term 1) follower 收到 [0] AppendEntries [], prevIndex 0, prevTerm 0
027102 LEAD S0: 2 append success next 1 match 0
027102 INFO S1: (term 1) follower 收到 [0] AppendEntries [], prevIndex 0, prevTerm 0
027102 LEAD S0: 1 append success next 1 match 0
027602 LEAD S0: prevLog &raft.Entry{Command:interface {}(nil), Term:0, Index:0}
027602 LEAD S0: prevLog &raft.Entry{Command:interface {}(nil), Term:0, Index:0}
027603 INFO S1: (term 1) follower 收到 [0] AppendEntries [], prevIndex 0, prevTerm 0
027603 INFO S2: (term 1) follower 收到 [0] AppendEntries [], prevIndex 0, prevTerm 0
027603 LEAD S0: 1 append success next 1 match 0
027603 LEAD S0: 2 append success next 1 match 0
028104 LEAD S0: prevLog &raft.Entry{Command:interface {}(nil), Term:0, Index:0}
028104 LEAD S0: prevLog &raft.Entry{Command:interface {}(nil), Term:0, Index:0}
028105 INFO S2: (term 1) follower 收到 [0] AppendEntries [], prevIndex 0, prevTerm 0
028105 INFO S1: (term 1) follower 收到 [0] AppendEntries [], prevIndex 0, prevTerm 0
028105 LEAD S0: 1 append success next 1 match 0
028105 LEAD S0: 2 append success next 1 match 0
028605 LEAD S0: prevLog &raft.Entry{Command:interface {}(nil), Term:0, Index:0}
028606 LEAD S0: prevLog &raft.Entry{Command:interface {}(nil), Term:0, Index:0}
028606 INFO S1: (term 1) follower 收到 [0] AppendEntries [], prevIndex 0, prevTerm 0
028606 INFO S2: (term 1) follower 收到 [0] AppendEntries [], prevIndex 0, prevTerm 0
028607 LEAD S0: 1 append success next 1 match 0
028607 LEAD S0: 2 append success next 1 match 0
029107 LEAD S0: prevLog &raft.Entry{Command:interface {}(nil), Term:0, Index:0}
029107 LEAD S0: prevLog &raft.Entry{Command:interface {}(nil), Term:0, Index:0}
029108 INFO S1: (term 1) follower 收到 [0] AppendEntries [], prevIndex 0, prevTerm 0
029108 INFO S2: (term 1) follower 收到 [0] AppendEntries [], prevIndex 0, prevTerm 0
029109 LEAD S0: 2 append success next 1 match 0
029109 LEAD S0: 1 append success next 1 match 0
029609 LEAD S0: prevLog &raft.Entry{Command:interface {}(nil), Term:0, Index:0}
029609 LEAD S0: prevLog &raft.Entry{Command:interface {}(nil), Term:0, Index:0}
029610 INFO S1: (term 1) follower 收到 [0] AppendEntries [], prevIndex 0, prevTerm 0
029610 INFO S2: (term 1) follower 收到 [0] AppendEntries [], prevIndex 0, prevTerm 0
029610 LEAD S0: 1 append success next 1 match 0
029610 LEAD S0: 2 append success next 1 match 0
030110 LEAD S0: prevLog &raft.Entry{Command:interface {}(nil), Term:0, Index:0}
030111 LEAD S0: prevLog &raft.Entry{Command:interface {}(nil), Term:0, Index:0}
030111 INFO S2: (term 1) follower 收到 [0] AppendEntries [], prevIndex 0, prevTerm 0
030111 INFO S1: (term 1) follower 收到 [0] AppendEntries [], prevIndex 0, prevTerm 0
030112 LEAD S0: 2 append success next 1 match 0
030112 LEAD S0: 1 append success next 1 match 0
030612 LEAD S0: prevLog &raft.Entry{Command:interface {}(nil), Term:0, Index:0}
030612 LEAD S0: prevLog &raft.Entry{Command:interface {}(nil), Term:0, Index:0}
030613 INFO S1: (term 1) follower 收到 [0] AppendEntries [], prevIndex 0, prevTerm 0
030613 INFO S2: (term 1) follower 收到 [0] AppendEntries [], prevIndex 0, prevTerm 0
030613 LEAD S0: 2 append success next 1 match 0
030613 LEAD S0: 1 append success next 1 match 0
031114 LEAD S0: prevLog &raft.Entry{Command:interface {}(nil), Term:0, Index:0}
031114 LEAD S0: prevLog &raft.Entry{Command:interface {}(nil), Term:0, Index:0}
031114 INFO S1: (term 1) follower 收到 [0] AppendEntries [], prevIndex 0, prevTerm 0
031114 INFO S2: (term 1) follower 收到 [0] AppendEntries [], prevIndex 0, prevTerm 0
031115 LEAD S0: 1 append success next 1 match 0
031115 LEAD S0: 2 append success next 1 match 0
031615 LEAD S0: prevLog &raft.Entry{Command:interface {}(nil), Term:0, Index:0}
031615 LEAD S0: prevLog &raft.Entry{Command:interface {}(nil), Term:0, Index:0}
031616 INFO S1: (term 1) follower 收到 [0] AppendEntries [], prevIndex 0, prevTerm 0
031616 LEAD S0: 1 append success next 1 match 0
031616 INFO S2: (term 1) follower 收到 [0] AppendEntries [], prevIndex 0, prevTerm 0
031617 LEAD S0: 2 append success next 1 match 0
032118 LEAD S0: prevLog &raft.Entry{Command:interface {}(nil), Term:0, Index:0}
032118 LEAD S0: prevLog &raft.Entry{Command:interface {}(nil), Term:0, Index:0}
032118 INFO S2: (term 1) follower 收到 [0] AppendEntries [], prevIndex 0, prevTerm 0
032118 INFO S1: (term 1) follower 收到 [0] AppendEntries [], prevIndex 0, prevTerm 0
032119 LEAD S0: 1 append success next 1 match 0
032119 LEAD S0: 2 append success next 1 match 0
032620 LEAD S0: prevLog &raft.Entry{Command:interface {}(nil), Term:0, Index:0}
032620 LEAD S0: prevLog &raft.Entry{Command:interface {}(nil), Term:0, Index:0}
032621 INFO S1: (term 1) follower 收到 [0] AppendEntries [], prevIndex 0, prevTerm 0
032621 INFO S2: (term 1) follower 收到 [0] AppendEntries [], prevIndex 0, prevTerm 0
032621 LEAD S0: 1 append success next 1 match 0
032621 LEAD S0: 2 append success next 1 match 0
033122 LEAD S0: prevLog &raft.Entry{Command:interface {}(nil), Term:0, Index:0}
033122 LEAD S0: prevLog &raft.Entry{Command:interface {}(nil), Term:0, Index:0}
033123 INFO S2: (term 1) follower 收到 [0] AppendEntries [], prevIndex 0, prevTerm 0
033123 INFO S1: (term 1) follower 收到 [0] AppendEntries [], prevIndex 0, prevTerm 0
033123 LEAD S0: 1 append success next 1 match 0
033123 LEAD S0: 2 append success next 1 match 0
033624 LEAD S0: prevLog &raft.Entry{Command:interface {}(nil), Term:0, Index:0}
033624 LEAD S0: prevLog &raft.Entry{Command:interface {}(nil), Term:0, Index:0}
033625 INFO S2: (term 1) follower 收到 [0] AppendEntries [], prevIndex 0, prevTerm 0
033625 INFO S1: (term 1) follower 收到 [0] AppendEntries [], prevIndex 0, prevTerm 0
033625 LEAD S0: 2 append success next 1 match 0
033626 LEAD S0: 1 append success next 1 match 0
034126 LEAD S0: prevLog &raft.Entry{Command:interface {}(nil), Term:0, Index:0}
034126 LEAD S0: prevLog &raft.Entry{Command:interface {}(nil), Term:0, Index:0}
034127 INFO S1: (term 1) follower 收到 [0] AppendEntries [], prevIndex 0, prevTerm 0
034127 INFO S2: (term 1) follower 收到 [0] AppendEntries [], prevIndex 0, prevTerm 0
034127 LEAD S0: 1 append success next 1 match 0
034129 LEAD S0: 2 append success next 1 match 0
034627 LEAD S0: prevLog &raft.Entry{Command:interface {}(nil), Term:0, Index:0}
034628 LEAD S0: prevLog &raft.Entry{Command:interface {}(nil), Term:0, Index:0}
034629 INFO S1: (term 1) follower 收到 [0] AppendEntries [], prevIndex 0, prevTerm 0
034629 INFO S2: (term 1) follower 收到 [0] AppendEntries [], prevIndex 0, prevTerm 0
034629 LEAD S0: 1 append success next 1 match 0
034629 LEAD S0: 2 append success next 1 match 0
035130 LEAD S0: prevLog &raft.Entry{Command:interface {}(nil), Term:0, Index:0}
035131 LEAD S0: prevLog &raft.Entry{Command:interface {}(nil), Term:0, Index:0}
035132 INFO S2: (term 1) follower 收到 [0] AppendEntries [], prevIndex 0, prevTerm 0
035132 INFO S1: (term 1) follower 收到 [0] AppendEntries [], prevIndex 0, prevTerm 0
035132 LEAD S0: 2 append success next 1 match 0
035133 LEAD S0: 1 append success next 1 match 0
035634 LEAD S0: prevLog &raft.Entry{Command:interface {}(nil), Term:0, Index:0}
035634 LEAD S0: prevLog &raft.Entry{Command:interface {}(nil), Term:0, Index:0}
035635 INFO S2: (term 1) follower 收到 [0] AppendEntries [], prevIndex 0, prevTerm 0
035635 INFO S1: (term 1) follower 收到 [0] AppendEntries [], prevIndex 0, prevTerm 0
035635 LEAD S0: 1 append success next 1 match 0
035635 LEAD S0: 2 append success next 1 match 0
036137 LEAD S0: prevLog &raft.Entry{Command:interface {}(nil), Term:0, Index:0}
036137 LEAD S0: prevLog &raft.Entry{Command:interface {}(nil), Term:0, Index:0}
036137 INFO S2: (term 1) follower 收到 [0] AppendEntries [], prevIndex 0, prevTerm 0
036138 LEAD S0: 2 append success next 1 match 0
036138 INFO S1: (term 1) follower 收到 [0] AppendEntries [], prevIndex 0, prevTerm 0
036138 LEAD S0: 1 append success next 1 match 0
036639 LEAD S0: prevLog &raft.Entry{Command:interface {}(nil), Term:0, Index:0}
036642 LEAD S0: prevLog &raft.Entry{Command:interface {}(nil), Term:0, Index:0}
036643 INFO S1: (term 1) follower 收到 [0] AppendEntries [], prevIndex 0, prevTerm 0
036643 INFO S2: (term 1) follower 收到 [0] AppendEntries [], prevIndex 0, prevTerm 0
036643 LEAD S0: 1 append success next 1 match 0
036644 LEAD S0: 2 append success next 1 match 0
037153 LEAD S0: prevLog &raft.Entry{Command:interface {}(nil), Term:0, Index:0}
037153 LEAD S0: prevLog &raft.Entry{Command:interface {}(nil), Term:0, Index:0}
037154 INFO S1: (term 1) follower 收到 [0] AppendEntries [], prevIndex 0, prevTerm 0
037154 INFO S2: (term 1) follower 收到 [0] AppendEntries [], prevIndex 0, prevTerm 0
037154 LEAD S0: 1 append success next 1 match 0
037154 LEAD S0: 2 append success next 1 match 0
037655 LEAD S0: prevLog &raft.Entry{Command:interface {}(nil), Term:0, Index:0}
037655 LEAD S0: prevLog &raft.Entry{Command:interface {}(nil), Term:0, Index:0}
037656 INFO S1: (term 1) follower 收到 [0] AppendEntries [], prevIndex 0, prevTerm 0
037656 INFO S2: (term 1) follower 收到 [0] AppendEntries [], prevIndex 0, prevTerm 0
037656 LEAD S0: 1 append success next 1 match 0
037656 LEAD S0: 2 append success next 1 match 0
038157 LEAD S0: prevLog &raft.Entry{Command:interface {}(nil), Term:0, Index:0}
038158 LEAD S0: prevLog &raft.Entry{Command:interface {}(nil), Term:0, Index:0}
038158 INFO S1: (term 1) follower 收到 [0] AppendEntries [], prevIndex 0, prevTerm 0
038158 INFO S2: (term 1) follower 收到 [0] AppendEntries [], prevIndex 0, prevTerm 0
038159 LEAD S0: 1 append success next 1 match 0
038159 LEAD S0: 2 append success next 1 match 0
038660 LEAD S0: prevLog &raft.Entry{Command:interface {}(nil), Term:0, Index:0}
038660 LEAD S0: prevLog &raft.Entry{Command:interface {}(nil), Term:0, Index:0}
038661 INFO S2: (term 1) follower 收到 [0] AppendEntries [], prevIndex 0, prevTerm 0
038661 INFO S1: (term 1) follower 收到 [0] AppendEntries [], prevIndex 0, prevTerm 0
038661 LEAD S0: 2 append success next 1 match 0
038661 LEAD S0: 1 append success next 1 match 0
039162 LEAD S0: prevLog &raft.Entry{Command:interface {}(nil), Term:0, Index:0}
039163 LEAD S0: prevLog &raft.Entry{Command:interface {}(nil), Term:0, Index:0}
039163 INFO S2: (term 1) follower 收到 [0] AppendEntries [], prevIndex 0, prevTerm 0
039164 LEAD S0: 2 append success next 1 match 0
039164 INFO S1: (term 1) follower 收到 [0] AppendEntries [], prevIndex 0, prevTerm 0
039165 LEAD S0: 1 append success next 1 match 0
039664 LEAD S0: prevLog &raft.Entry{Command:interface {}(nil), Term:0, Index:0}
039665 LEAD S0: prevLog &raft.Entry{Command:interface {}(nil), Term:0, Index:0}
039665 INFO S1: (term 1) follower 收到 [0] AppendEntries [], prevIndex 0, prevTerm 0
039665 INFO S2: (term 1) follower 收到 [0] AppendEntries [], prevIndex 0, prevTerm 0
039666 LEAD S0: 1 append success next 1 match 0
039666 LEAD S0: 2 append success next 1 match 0
040167 LEAD S0: prevLog &raft.Entry{Command:interface {}(nil), Term:0, Index:0}
040167 LEAD S0: prevLog &raft.Entry{Command:interface {}(nil), Term:0, Index:0}
040168 INFO S2: (term 1) follower 收到 [0] AppendEntries [], prevIndex 0, prevTerm 0
040168 LEAD S0: 2 append success next 1 match 0
040169 INFO S1: (term 1) follower 收到 [0] AppendEntries [], prevIndex 0, prevTerm 0
040170 LEAD S0: 1 append success next 1 match 0
040669 LEAD S0: prevLog &raft.Entry{Command:interface {}(nil), Term:0, Index:0}
040670 LEAD S0: prevLog &raft.Entry{Command:interface {}(nil), Term:0, Index:0}
040670 INFO S2: (term 1) follower 收到 [0] AppendEntries [], prevIndex 0, prevTerm 0
040670 INFO S1: (term 1) follower 收到 [0] AppendEntries [], prevIndex 0, prevTerm 0
040671 LEAD S0: 2 append success next 1 match 0
040671 LEAD S0: 1 append success next 1 match 0
041172 LEAD S0: prevLog &raft.Entry{Command:interface {}(nil), Term:0, Index:0}
041172 LEAD S0: prevLog &raft.Entry{Command:interface {}(nil), Term:0, Index:0}
041173 INFO S1: (term 1) follower 收到 [0] AppendEntries [], prevIndex 0, prevTerm 0
041173 INFO S2: (term 1) follower 收到 [0] AppendEntries [], prevIndex 0, prevTerm 0
041173 LEAD S0: 1 append success next 1 match 0
041173 LEAD S0: 2 append success next 1 match 0
041674 LEAD S0: prevLog &raft.Entry{Command:interface {}(nil), Term:0, Index:0}
041674 LEAD S0: prevLog &raft.Entry{Command:interface {}(nil), Term:0, Index:0}
041675 INFO S2: (term 1) follower 收到 [0] AppendEntries [], prevIndex 0, prevTerm 0
041675 INFO S1: (term 1) follower 收到 [0] AppendEntries [], prevIndex 0, prevTerm 0
041675 LEAD S0: 2 append success next 1 match 0
041676 LEAD S0: 1 append success next 1 match 0
042176 LEAD S0: prevLog &raft.Entry{Command:interface {}(nil), Term:0, Index:0}
042176 LEAD S0: prevLog &raft.Entry{Command:interface {}(nil), Term:0, Index:0}
042177 INFO S2: (term 1) follower 收到 [0] AppendEntries [], prevIndex 0, prevTerm 0
042177 INFO S1: (term 1) follower 收到 [0] AppendEntries [], prevIndex 0, prevTerm 0
042178 LEAD S0: 2 append success next 1 match 0
042178 LEAD S0: 1 append success next 1 match 0
042678 LEAD S0: prevLog &raft.Entry{Command:interface {}(nil), Term:0, Index:0}
042679 LEAD S0: prevLog &raft.Entry{Command:interface {}(nil), Term:0, Index:0}
042679 INFO S1: (term 1) follower 收到 [0] AppendEntries [], prevIndex 0, prevTerm 0
042679 INFO S2: (term 1) follower 收到 [0] AppendEntries [], prevIndex 0, prevTerm 0
042680 LEAD S0: 1 append success next 1 match 0
042680 LEAD S0: 2 append success next 1 match 0
043181 LEAD S0: prevLog &raft.Entry{Command:interface {}(nil), Term:0, Index:0}
043181 LEAD S0: prevLog &raft.Entry{Command:interface {}(nil), Term:0, Index:0}
043182 INFO S2: (term 1) follower 收到 [0] AppendEntries [], prevIndex 0, prevTerm 0
043182 INFO S1: (term 1) follower 收到 [0] AppendEntries [], prevIndex 0, prevTerm 0
043182 LEAD S0: 2 append success next 1 match 0
043182 LEAD S0: 1 append success next 1 match 0
043683 LEAD S0: prevLog &raft.Entry{Command:interface {}(nil), Term:0, Index:0}
043683 LEAD S0: prevLog &raft.Entry{Command:interface {}(nil), Term:0, Index:0}
043684 INFO S2: (term 1) follower 收到 [0] AppendEntries [], prevIndex 0, prevTerm 0
043684 INFO S1: (term 1) follower 收到 [0] AppendEntries [], prevIndex 0, prevTerm 0
043684 LEAD S0: 1 append success next 1 match 0
043684 LEAD S0: 2 append success next 1 match 0
044185 LEAD S0: prevLog &raft.Entry{Command:interface {}(nil), Term:0, Index:0}
044185 LEAD S0: prevLog &raft.Entry{Command:interface {}(nil), Term:0, Index:0}
044186 INFO S1: (term 1) follower 收到 [0] AppendEntries [], prevIndex 0, prevTerm 0
044186 INFO S2: (term 1) follower 收到 [0] AppendEntries [], prevIndex 0, prevTerm 0
044186 LEAD S0: 1 append success next 1 match 0
044187 LEAD S0: 2 append success next 1 match 0
044687 LEAD S0: prevLog &raft.Entry{Command:interface {}(nil), Term:0, Index:0}
044688 LEAD S0: prevLog &raft.Entry{Command:interface {}(nil), Term:0, Index:0}
044689 INFO S2: (term 1) follower 收到 [0] AppendEntries [], prevIndex 0, prevTerm 0
044689 INFO S1: (term 1) follower 收到 [0] AppendEntries [], prevIndex 0, prevTerm 0
044689 LEAD S0: 2 append success next 1 match 0
044689 LEAD S0: 1 append success next 1 match 0
045190 LEAD S0: prevLog &raft.Entry{Command:interface {}(nil), Term:0, Index:0}
045190 LEAD S0: prevLog &raft.Entry{Command:interface {}(nil), Term:0, Index:0}
045191 INFO S1: (term 1) follower 收到 [0] AppendEntries [], prevIndex 0, prevTerm 0
045191 INFO S2: (term 1) follower 收到 [0] AppendEntries [], prevIndex 0, prevTerm 0
045191 LEAD S0: 1 append success next 1 match 0
045191 LEAD S0: 2 append success next 1 match 0
045692 LEAD S0: prevLog &raft.Entry{Command:interface {}(nil), Term:0, Index:0}
045692 LEAD S0: prevLog &raft.Entry{Command:interface {}(nil), Term:0, Index:0}
045693 INFO S2: (term 1) follower 收到 [0] AppendEntries [], prevIndex 0, prevTerm 0
045694 LEAD S0: 2 append success next 1 match 0
045694 INFO S1: (term 1) follower 收到 [0] AppendEntries [], prevIndex 0, prevTerm 0
045694 LEAD S0: 1 append success next 1 match 0
046194 LEAD S0: prevLog &raft.Entry{Command:interface {}(nil), Term:0, Index:0}
046195 LEAD S0: prevLog &raft.Entry{Command:interface {}(nil), Term:0, Index:0}
046195 INFO S2: (term 1) follower 收到 [0] AppendEntries [], prevIndex 0, prevTerm 0
046195 INFO S1: (term 1) follower 收到 [0] AppendEntries [], prevIndex 0, prevTerm 0
046196 LEAD S0: 1 append success next 1 match 0
046196 LEAD S0: 2 append success next 1 match 0
046697 LEAD S0: prevLog &raft.Entry{Command:interface {}(nil), Term:0, Index:0}
046697 LEAD S0: prevLog &raft.Entry{Command:interface {}(nil), Term:0, Index:0}
046698 INFO S1: (term 1) follower 收到 [0] AppendEntries [], prevIndex 0, prevTerm 0
046698 INFO S2: (term 1) follower 收到 [0] AppendEntries [], prevIndex 0, prevTerm 0
046698 LEAD S0: 1 append success next 1 match 0
046698 LEAD S0: 2 append success next 1 match 0
047199 LEAD S0: prevLog &raft.Entry{Command:interface {}(nil), Term:0, Index:0}
047199 LEAD S0: prevLog &raft.Entry{Command:interface {}(nil), Term:0, Index:0}
047200 INFO S2: (term 1) follower 收到 [0] AppendEntries [], prevIndex 0, prevTerm 0
047200 INFO S1: (term 1) follower 收到 [0] AppendEntries [], prevIndex 0, prevTerm 0
047200 LEAD S0: 2 append success next 1 match 0
047200 LEAD S0: 1 append success next 1 match 0
047701 LEAD S0: prevLog &raft.Entry{Command:interface {}(nil), Term:0, Index:0}
047701 LEAD S0: prevLog &raft.Entry{Command:interface {}(nil), Term:0, Index:0}
047702 INFO S2: (term 1) follower 收到 [0] AppendEntries [], prevIndex 0, prevTerm 0
047702 INFO S1: (term 1) follower 收到 [0] AppendEntries [], prevIndex 0, prevTerm 0
047702 LEAD S0: 2 append success next 1 match 0
047703 LEAD S0: 1 append success next 1 match 0
048203 LEAD S0: prevLog &raft.Entry{Command:interface {}(nil), Term:0, Index:0}
048203 LEAD S0: prevLog &raft.Entry{Command:interface {}(nil), Term:0, Index:0}
048204 INFO S2: (term 1) follower 收到 [0] AppendEntries [], prevIndex 0, prevTerm 0
048204 INFO S1: (term 1) follower 收到 [0] AppendEntries [], prevIndex 0, prevTerm 0
048204 LEAD S0: 2 append success next 1 match 0
048205 LEAD S0: 1 append success next 1 match 0
048706 LEAD S0: prevLog &raft.Entry{Command:interface {}(nil), Term:0, Index:0}
048706 LEAD S0: prevLog &raft.Entry{Command:interface {}(nil), Term:0, Index:0}
048707 INFO S2: (term 1) follower 收到 [0] AppendEntries [], prevIndex 0, prevTerm 0
048707 INFO S1: (term 1) follower 收到 [0] AppendEntries [], prevIndex 0, prevTerm 0
048708 LEAD S0: 1 append success next 1 match 0
048708 LEAD S0: 2 append success next 1 match 0
049208 LEAD S0: prevLog &raft.Entry{Command:interface {}(nil), Term:0, Index:0}
049208 LEAD S0: prevLog &raft.Entry{Command:interface {}(nil), Term:0, Index:0}
049209 INFO S1: (term 1) follower 收到 [0] AppendEntries [], prevIndex 0, prevTerm 0
049209 INFO S2: (term 1) follower 收到 [0] AppendEntries [], prevIndex 0, prevTerm 0
049209 LEAD S0: 1 append success next 1 match 0
049209 LEAD S0: 2 append success next 1 match 0
049710 LEAD S0: prevLog &raft.Entry{Command:interface {}(nil), Term:0, Index:0}
049711 LEAD S0: prevLog &raft.Entry{Command:interface {}(nil), Term:0, Index:0}
049711 INFO S1: (term 1) follower 收到 [0] AppendEntries [], prevIndex 0, prevTerm 0
049711 INFO S2: (term 1) follower 收到 [0] AppendEntries [], prevIndex 0, prevTerm 0
049712 LEAD S0: 1 append success next 1 match 0
049712 LEAD S0: 2 append success next 1 match 0
050212 LEAD S0: prevLog &raft.Entry{Command:interface {}(nil), Term:0, Index:0}
050213 LEAD S0: prevLog &raft.Entry{Command:interface {}(nil), Term:0, Index:0}
050213 INFO S1: (term 1) follower 收到 [0] AppendEntries [], prevIndex 0, prevTerm 0
050214 INFO S2: (term 1) follower 收到 [0] AppendEntries [], prevIndex 0, prevTerm 0
050214 LEAD S0: 1 append success next 1 match 0
050214 LEAD S0: 2 append success next 1 match 0
050715 LEAD S0: prevLog &raft.Entry{Command:interface {}(nil), Term:0, Index:0}
050715 LEAD S0: prevLog &raft.Entry{Command:interface {}(nil), Term:0, Index:0}
050716 INFO S1: (term 1) follower 收到 [0] AppendEntries [], prevIndex 0, prevTerm 0
050716 INFO S2: (term 1) follower 收到 [0] AppendEntries [], prevIndex 0, prevTerm 0
050716 LEAD S0: 1 append success next 1 match 0
050716 LEAD S0: 2 append success next 1 match 0
051217 LEAD S0: prevLog &raft.Entry{Command:interface {}(nil), Term:0, Index:0}
051217 LEAD S0: prevLog &raft.Entry{Command:interface {}(nil), Term:0, Index:0}
051218 INFO S1: (term 1) follower 收到 [0] AppendEntries [], prevIndex 0, prevTerm 0
051218 INFO S2: (term 1) follower 收到 [0] AppendEntries [], prevIndex 0, prevTerm 0
051218 LEAD S0: 2 append success next 1 match 0
051218 LEAD S0: 1 append success next 1 match 0
051719 LEAD S0: prevLog &raft.Entry{Command:interface {}(nil), Term:0, Index:0}
051720 LEAD S0: prevLog &raft.Entry{Command:interface {}(nil), Term:0, Index:0}
051720 INFO S1: (term 1) follower 收到 [0] AppendEntries [], prevIndex 0, prevTerm 0
051720 INFO S2: (term 1) follower 收到 [0] AppendEntries [], prevIndex 0, prevTerm 0
051721 LEAD S0: 1 append success next 1 match 0
051721 LEAD S0: 2 append success next 1 match 0
052222 LEAD S0: prevLog &raft.Entry{Command:interface {}(nil), Term:0, Index:0}
052222 LEAD S0: prevLog &raft.Entry{Command:interface {}(nil), Term:0, Index:0}
052223 INFO S1: (term 1) follower 收到 [0] AppendEntries [], prevIndex 0, prevTerm 0
052223 INFO S2: (term 1) follower 收到 [0] AppendEntries [], prevIndex 0, prevTerm 0
052223 LEAD S0: 1 append success next 1 match 0
052223 LEAD S0: 2 append success next 1 match 0
052724 LEAD S0: prevLog &raft.Entry{Command:interface {}(nil), Term:0, Index:0}
052724 LEAD S0: prevLog &raft.Entry{Command:interface {}(nil), Term:0, Index:0}
052725 INFO S1: (term 1) follower 收到 [0] AppendEntries [], prevIndex 0, prevTerm 0
052725 INFO S2: (term 1) follower 收到 [0] AppendEntries [], prevIndex 0, prevTerm 0
052725 LEAD S0: 1 append success next 1 match 0
052725 LEAD S0: 2 append success next 1 match 0
053226 LEAD S0: prevLog &raft.Entry{Command:interface {}(nil), Term:0, Index:0}
053226 LEAD S0: prevLog &raft.Entry{Command:interface {}(nil), Term:0, Index:0}
053227 INFO S1: (term 1) follower 收到 [0] AppendEntries [], prevIndex 0, prevTerm 0
053227 INFO S2: (term 1) follower 收到 [0] AppendEntries [], prevIndex 0, prevTerm 0
053227 LEAD S0: 1 append success next 1 match 0
053227 LEAD S0: 2 append success next 1 match 0
053728 LEAD S0: prevLog &raft.Entry{Command:interface {}(nil), Term:0, Index:0}
053729 LEAD S0: prevLog &raft.Entry{Command:interface {}(nil), Term:0, Index:0}
053729 INFO S2: (term 1) follower 收到 [0] AppendEntries [], prevIndex 0, prevTerm 0
053730 INFO S1: (term 1) follower 收到 [0] AppendEntries [], prevIndex 0, prevTerm 0
053730 LEAD S0: 2 append success next 1 match 0
053730 LEAD S0: 1 append success next 1 match 0
054231 LEAD S0: prevLog &raft.Entry{Command:interface {}(nil), Term:0, Index:0}
054231 LEAD S0: prevLog &raft.Entry{Command:interface {}(nil), Term:0, Index:0}
054232 INFO S1: (term 1) follower 收到 [0] AppendEntries [], prevIndex 0, prevTerm 0
054232 INFO S2: (term 1) follower 收到 [0] AppendEntries [], prevIndex 0, prevTerm 0
054232 LEAD S0: 1 append success next 1 match 0
054232 LEAD S0: 2 append success next 1 match 0
054733 LEAD S0: prevLog &raft.Entry{Command:interface {}(nil), Term:0, Index:0}
054733 LEAD S0: prevLog &raft.Entry{Command:interface {}(nil), Term:0, Index:0}
054734 INFO S1: (term 1) follower 收到 [0] AppendEntries [], prevIndex 0, prevTerm 0
054734 INFO S2: (term 1) follower 收到 [0] AppendEntries [], prevIndex 0, prevTerm 0
054734 LEAD S0: 1 append success next 1 match 0
054734 LEAD S0: 2 append success next 1 match 0
055236 LEAD S0: prevLog &raft.Entry{Command:interface {}(nil), Term:0, Index:0}
055236 LEAD S0: prevLog &raft.Entry{Command:interface {}(nil), Term:0, Index:0}
055237 INFO S2: (term 1) follower 收到 [0] AppendEntries [], prevIndex 0, prevTerm 0
055237 INFO S1: (term 1) follower 收到 [0] AppendEntries [], prevIndex 0, prevTerm 0
055237 LEAD S0: 2 append success next 1 match 0
055237 LEAD S0: 1 append success next 1 match 0
055738 LEAD S0: prevLog &raft.Entry{Command:interface {}(nil), Term:0, Index:0}
055738 LEAD S0: prevLog &raft.Entry{Command:interface {}(nil), Term:0, Index:0}
055739 INFO S1: (term 1) follower 收到 [0] AppendEntries [], prevIndex 0, prevTerm 0
055739 INFO S2: (term 1) follower 收到 [0] AppendEntries [], prevIndex 0, prevTerm 0
055739 LEAD S0: 1 append success next 1 match 0
055740 LEAD S0: 2 append success next 1 match 0
056240 LEAD S0: prevLog &raft.Entry{Command:interface {}(nil), Term:0, Index:0}
056241 LEAD S0: prevLog &raft.Entry{Command:interface {}(nil), Term:0, Index:0}
056242 INFO S2: (term 1) follower 收到 [0] AppendEntries [], prevIndex 0, prevTerm 0
056242 INFO S1: (term 1) follower 收到 [0] AppendEntries [], prevIndex 0, prevTerm 0
056242 LEAD S0: 2 append success next 1 match 0
056242 LEAD S0: 1 append success next 1 match 0
056743 LEAD S0: prevLog &raft.Entry{Command:interface {}(nil), Term:0, Index:0}
056743 LEAD S0: prevLog &raft.Entry{Command:interface {}(nil), Term:0, Index:0}
056744 INFO S1: (term 1) follower 收到 [0] AppendEntries [], prevIndex 0, prevTerm 0
056744 INFO S2: (term 1) follower 收到 [0] AppendEntries [], prevIndex 0, prevTerm 0
056744 LEAD S0: 1 append success next 1 match 0
056744 LEAD S0: 2 append success next 1 match 0
057245 LEAD S0: prevLog &raft.Entry{Command:interface {}(nil), Term:0, Index:0}
057245 LEAD S0: prevLog &raft.Entry{Command:interface {}(nil), Term:0, Index:0}
057246 INFO S2: (term 1) follower 收到 [0] AppendEntries [], prevIndex 0, prevTerm 0
057247 LEAD S0: 2 append success next 1 match 0
057247 INFO S1: (term 1) follower 收到 [0] AppendEntries [], prevIndex 0, prevTerm 0
057247 LEAD S0: 1 append success next 1 match 0
057748 LEAD S0: prevLog &raft.Entry{Command:interface {}(nil), Term:0, Index:0}
057748 LEAD S0: prevLog &raft.Entry{Command:interface {}(nil), Term:0, Index:0}
057749 INFO S2: (term 1) follower 收到 [0] AppendEntries [], prevIndex 0, prevTerm 0
057749 INFO S1: (term 1) follower 收到 [0] AppendEntries [], prevIndex 0, prevTerm 0
057749 LEAD S0: 2 append success next 1 match 0
057749 LEAD S0: 1 append success next 1 match 0
058251 LEAD S0: prevLog &raft.Entry{Command:interface {}(nil), Term:0, Index:0}
058251 LEAD S0: prevLog &raft.Entry{Command:interface {}(nil), Term:0, Index:0}
058252 INFO S1: (term 1) follower 收到 [0] AppendEntries [], prevIndex 0, prevTerm 0
058252 INFO S2: (term 1) follower 收到 [0] AppendEntries [], prevIndex 0, prevTerm 0
058252 LEAD S0: 1 append success next 1 match 0
058252 LEAD S0: 2 append success next 1 match 0
058754 LEAD S0: prevLog &raft.Entry{Command:interface {}(nil), Term:0, Index:0}
058754 LEAD S0: prevLog &raft.Entry{Command:interface {}(nil), Term:0, Index:0}
058755 INFO S1: (term 1) follower 收到 [0] AppendEntries [], prevIndex 0, prevTerm 0
058755 INFO S2: (term 1) follower 收到 [0] AppendEntries [], prevIndex 0, prevTerm 0
058755 LEAD S0: 1 append success next 1 match 0
058755 LEAD S0: 2 append success next 1 match 0
059256 LEAD S0: prevLog &raft.Entry{Command:interface {}(nil), Term:0, Index:0}
059256 LEAD S0: prevLog &raft.Entry{Command:interface {}(nil), Term:0, Index:0}
059257 INFO S1: (term 1) follower 收到 [0] AppendEntries [], prevIndex 0, prevTerm 0
059257 INFO S2: (term 1) follower 收到 [0] AppendEntries [], prevIndex 0, prevTerm 0
059257 LEAD S0: 1 append success next 1 match 0
059257 LEAD S0: 2 append success next 1 match 0
059758 LEAD S0: prevLog &raft.Entry{Command:interface {}(nil), Term:0, Index:0}
059759 LEAD S0: prevLog &raft.Entry{Command:interface {}(nil), Term:0, Index:0}
059759 INFO S1: (term 1) follower 收到 [0] AppendEntries [], prevIndex 0, prevTerm 0
059760 INFO S2: (term 1) follower 收到 [0] AppendEntries [], prevIndex 0, prevTerm 0
059760 LEAD S0: 1 append success next 1 match 0
059760 LEAD S0: 2 append success next 1 match 0
060260 LEAD S0: prevLog &raft.Entry{Command:interface {}(nil), Term:0, Index:0}
060261 LEAD S0: prevLog &raft.Entry{Command:interface {}(nil), Term:0, Index:0}
060261 INFO S1: (term 1) follower 收到 [0] AppendEntries [], prevIndex 0, prevTerm 0
060261 INFO S2: (term 1) follower 收到 [0] AppendEntries [], prevIndex 0, prevTerm 0
060262 LEAD S0: 1 append success next 1 match 0
060262 LEAD S0: 2 append success next 1 match 0
060762 LEAD S0: prevLog &raft.Entry{Command:interface {}(nil), Term:0, Index:0}
060763 LEAD S0: prevLog &raft.Entry{Command:interface {}(nil), Term:0, Index:0}
060763 INFO S1: (term 1) follower 收到 [0] AppendEntries [], prevIndex 0, prevTerm 0
060763 INFO S2: (term 1) follower 收到 [0] AppendEntries [], prevIndex 0, prevTerm 0
060764 LEAD S0: 2 append success next 1 match 0
060764 LEAD S0: 1 append success next 1 match 0
061265 LEAD S0: prevLog &raft.Entry{Command:interface {}(nil), Term:0, Index:0}
061265 LEAD S0: prevLog &raft.Entry{Command:interface {}(nil), Term:0, Index:0}
061266 INFO S1: (term 1) follower 收到 [0] AppendEntries [], prevIndex 0, prevTerm 0
061266 INFO S2: (term 1) follower 收到 [0] AppendEntries [], prevIndex 0, prevTerm 0
061266 LEAD S0: 1 append success next 1 match 0
061266 LEAD S0: 2 append success next 1 match 0
061767 LEAD S0: prevLog &raft.Entry{Command:interface {}(nil), Term:0, Index:0}
061767 LEAD S0: prevLog &raft.Entry{Command:interface {}(nil), Term:0, Index:0}
061768 INFO S2: (term 1) follower 收到 [0] AppendEntries [], prevIndex 0, prevTerm 0
061768 LEAD S0: 2 append success next 1 match 0
061769 INFO S1: (term 1) follower 收到 [0] AppendEntries [], prevIndex 0, prevTerm 0
061769 LEAD S0: 1 append success next 1 match 0
062269 LEAD S0: prevLog &raft.Entry{Command:interface {}(nil), Term:0, Index:0}
062269 LEAD S0: prevLog &raft.Entry{Command:interface {}(nil), Term:0, Index:0}
062270 INFO S1: (term 1) follower 收到 [0] AppendEntries [], prevIndex 0, prevTerm 0
062270 INFO S2: (term 1) follower 收到 [0] AppendEntries [], prevIndex 0, prevTerm 0
062270 LEAD S0: 1 append success next 1 match 0
062270 LEAD S0: 2 append success next 1 match 0
062771 LEAD S0: prevLog &raft.Entry{Command:interface {}(nil), Term:0, Index:0}
062772 LEAD S0: prevLog &raft.Entry{Command:interface {}(nil), Term:0, Index:0}
062772 INFO S1: (term 1) follower 收到 [0] AppendEntries [], prevIndex 0, prevTerm 0
062772 INFO S2: (term 1) follower 收到 [0] AppendEntries [], prevIndex 0, prevTerm 0
062773 LEAD S0: 1 append success next 1 match 0
062773 LEAD S0: 2 append success next 1 match 0
063274 LEAD S0: prevLog &raft.Entry{Command:interface {}(nil), Term:0, Index:0}
063274 LEAD S0: prevLog &raft.Entry{Command:interface {}(nil), Term:0, Index:0}
063275 INFO S2: (term 1) follower 收到 [0] AppendEntries [], prevIndex 0, prevTerm 0
063275 INFO S1: (term 1) follower 收到 [0] AppendEntries [], prevIndex 0, prevTerm 0
063275 LEAD S0: 1 append success next 1 match 0
063275 LEAD S0: 2 append success next 1 match 0
063776 LEAD S0: prevLog &raft.Entry{Command:interface {}(nil), Term:0, Index:0}
063776 LEAD S0: prevLog &raft.Entry{Command:interface {}(nil), Term:0, Index:0}
063777 INFO S1: (term 1) follower 收到 [0] AppendEntries [], prevIndex 0, prevTerm 0
063777 INFO S2: (term 1) follower 收到 [0] AppendEntries [], prevIndex 0, prevTerm 0
063778 LEAD S0: 2 append success next 1 match 0
063778 LEAD S0: 1 append success next 1 match 0
064279 LEAD S0: prevLog &raft.Entry{Command:interface {}(nil), Term:0, Index:0}
064279 LEAD S0: prevLog &raft.Entry{Command:interface {}(nil), Term:0, Index:0}
064280 INFO S1: (term 1) follower 收到 [0] AppendEntries [], prevIndex 0, prevTerm 0
064280 INFO S2: (term 1) follower 收到 [0] AppendEntries [], prevIndex 0, prevTerm 0
064280 LEAD S0: 1 append success next 1 match 0
064280 LEAD S0: 2 append success next 1 match 0
064781 LEAD S0: prevLog &raft.Entry{Command:interface {}(nil), Term:0, Index:0}
064781 LEAD S0: prevLog &raft.Entry{Command:interface {}(nil), Term:0, Index:0}
064782 INFO S2: (term 1) follower 收到 [0] AppendEntries [], prevIndex 0, prevTerm 0
064782 LEAD S0: 2 append success next 1 match 0
064782 INFO S1: (term 1) follower 收到 [0] AppendEntries [], prevIndex 0, prevTerm 0
064783 LEAD S0: 1 append success next 1 match 0
065283 LEAD S0: prevLog &raft.Entry{Command:interface {}(nil), Term:0, Index:0}
065283 LEAD S0: prevLog &raft.Entry{Command:interface {}(nil), Term:0, Index:0}
065284 INFO S1: (term 1) follower 收到 [0] AppendEntries [], prevIndex 0, prevTerm 0
065284 LEAD S0: 1 append success next 1 match 0
065284 INFO S2: (term 1) follower 收到 [0] AppendEntries [], prevIndex 0, prevTerm 0
065285 LEAD S0: 2 append success next 1 match 0
065785 LEAD S0: prevLog &raft.Entry{Command:interface {}(nil), Term:0, Index:0}
065785 LEAD S0: prevLog &raft.Entry{Command:interface {}(nil), Term:0, Index:0}
065786 INFO S1: (term 1) follower 收到 [0] AppendEntries [], prevIndex 0, prevTerm 0
065786 INFO S2: (term 1) follower 收到 [0] AppendEntries [], prevIndex 0, prevTerm 0
065786 LEAD S0: 1 append success next 1 match 0
065787 LEAD S0: 2 append success next 1 match 0
066288 LEAD S0: prevLog &raft.Entry{Command:interface {}(nil), Term:0, Index:0}
066288 LEAD S0: prevLog &raft.Entry{Command:interface {}(nil), Term:0, Index:0}
066288 INFO S1: (term 1) follower 收到 [0] AppendEntries [], prevIndex 0, prevTerm 0
066288 INFO S2: (term 1) follower 收到 [0] AppendEntries [], prevIndex 0, prevTerm 0
066289 LEAD S0: 1 append success next 1 match 0
066289 LEAD S0: 2 append success next 1 match 0
066790 LEAD S0: prevLog &raft.Entry{Command:interface {}(nil), Term:0, Index:0}
066790 LEAD S0: prevLog &raft.Entry{Command:interface {}(nil), Term:0, Index:0}
066791 INFO S1: (term 1) follower 收到 [0] AppendEntries [], prevIndex 0, prevTerm 0
066791 INFO S2: (term 1) follower 收到 [0] AppendEntries [], prevIndex 0, prevTerm 0
066791 LEAD S0: 1 append success next 1 match 0
066791 LEAD S0: 2 append success next 1 match 0
067292 LEAD S0: prevLog &raft.Entry{Command:interface {}(nil), Term:0, Index:0}
067293 LEAD S0: prevLog &raft.Entry{Command:interface {}(nil), Term:0, Index:0}
067293 INFO S1: (term 1) follower 收到 [0] AppendEntries [], prevIndex 0, prevTerm 0
067293 INFO S2: (term 1) follower 收到 [0] AppendEntries [], prevIndex 0, prevTerm 0
067294 LEAD S0: 2 append success next 1 match 0
067294 LEAD S0: 1 append success next 1 match 0
067794 LEAD S0: prevLog &raft.Entry{Command:interface {}(nil), Term:0, Index:0}
067795 LEAD S0: prevLog &raft.Entry{Command:interface {}(nil), Term:0, Index:0}
067795 INFO S1: (term 1) follower 收到 [0] AppendEntries [], prevIndex 0, prevTerm 0
067795 INFO S2: (term 1) follower 收到 [0] AppendEntries [], prevIndex 0, prevTerm 0
067796 LEAD S0: 1 append success next 1 match 0
067796 LEAD S0: 2 append success next 1 match 0
068297 LEAD S0: prevLog &raft.Entry{Command:interface {}(nil), Term:0, Index:0}
068297 LEAD S0: prevLog &raft.Entry{Command:interface {}(nil), Term:0, Index:0}
068298 INFO S1: (term 1) follower 收到 [0] AppendEntries [], prevIndex 0, prevTerm 0
068298 INFO S2: (term 1) follower 收到 [0] AppendEntries [], prevIndex 0, prevTerm 0
068298 LEAD S0: 1 append success next 1 match 0
068299 LEAD S0: 2 append success next 1 match 0
068799 LEAD S0: prevLog &raft.Entry{Command:interface {}(nil), Term:0, Index:0}
068800 LEAD S0: prevLog &raft.Entry{Command:interface {}(nil), Term:0, Index:0}
068800 INFO S2: (term 1) follower 收到 [0] AppendEntries [], prevIndex 0, prevTerm 0
068800 INFO S1: (term 1) follower 收到 [0] AppendEntries [], prevIndex 0, prevTerm 0
068801 LEAD S0: 2 append success next 1 match 0
068801 LEAD S0: 1 append success next 1 match 0
069302 LEAD S0: prevLog &raft.Entry{Command:interface {}(nil), Term:0, Index:0}
069302 LEAD S0: prevLog &raft.Entry{Command:interface {}(nil), Term:0, Index:0}
069303 INFO S2: (term 1) follower 收到 [0] AppendEntries [], prevIndex 0, prevTerm 0
069303 INFO S1: (term 1) follower 收到 [0] AppendEntries [], prevIndex 0, prevTerm 0
069303 LEAD S0: 2 append success next 1 match 0
069303 LEAD S0: 1 append success next 1 match 0
069804 LEAD S0: prevLog &raft.Entry{Command:interface {}(nil), Term:0, Index:0}
069804 LEAD S0: prevLog &raft.Entry{Command:interface {}(nil), Term:0, Index:0}
069805 INFO S2: (term 1) follower 收到 [0] AppendEntries [], prevIndex 0, prevTerm 0
069805 INFO S1: (term 1) follower 收到 [0] AppendEntries [], prevIndex 0, prevTerm 0
069805 LEAD S0: 2 append success next 1 match 0
069805 LEAD S0: 1 append success next 1 match 0
070306 LEAD S0: prevLog &raft.Entry{Command:interface {}(nil), Term:0, Index:0}
070307 LEAD S0: prevLog &raft.Entry{Command:interface {}(nil), Term:0, Index:0}
070308 INFO S1: (term 1) follower 收到 [0] AppendEntries [], prevIndex 0, prevTerm 0
070308 INFO S2: (term 1) follower 收到 [0] AppendEntries [], prevIndex 0, prevTerm 0
070308 LEAD S0: 1 append success next 1 match 0
070308 LEAD S0: 2 append success next 1 match 0
070809 LEAD S0: prevLog &raft.Entry{Command:interface {}(nil), Term:0, Index:0}
070809 LEAD S0: prevLog &raft.Entry{Command:interface {}(nil), Term:0, Index:0}
070810 INFO S1: (term 1) follower 收到 [0] AppendEntries [], prevIndex 0, prevTerm 0
070810 LEAD S0: 1 append success next 1 match 0
070810 INFO S2: (term 1) follower 收到 [0] AppendEntries [], prevIndex 0, prevTerm 0
070810 LEAD S0: 2 append success next 1 match 0
071311 LEAD S0: prevLog &raft.Entry{Command:interface {}(nil), Term:0, Index:0}
071311 LEAD S0: prevLog &raft.Entry{Command:interface {}(nil), Term:0, Index:0}
071312 INFO S1: (term 1) follower 收到 [0] AppendEntries [], prevIndex 0, prevTerm 0
071312 INFO S2: (term 1) follower 收到 [0] AppendEntries [], prevIndex 0, prevTerm 0
071312 LEAD S0: 1 append success next 1 match 0
071312 LEAD S0: 2 append success next 1 match 0
071814 LEAD S0: prevLog &raft.Entry{Command:interface {}(nil), Term:0, Index:0}
071814 LEAD S0: prevLog &raft.Entry{Command:interface {}(nil), Term:0, Index:0}
071815 INFO S1: (term 1) follower 收到 [0] AppendEntries [], prevIndex 0, prevTerm 0
071815 INFO S2: (term 1) follower 收到 [0] AppendEntries [], prevIndex 0, prevTerm 0
071815 LEAD S0: 1 append success next 1 match 0
071815 LEAD S0: 2 append success next 1 match 0
072316 LEAD S0: prevLog &raft.Entry{Command:interface {}(nil), Term:0, Index:0}
072316 LEAD S0: prevLog &raft.Entry{Command:interface {}(nil), Term:0, Index:0}
072319 INFO S2: (term 1) follower 收到 [0] AppendEntries [], prevIndex 0, prevTerm 0
072320 INFO S1: (term 1) follower 收到 [0] AppendEntries [], prevIndex 0, prevTerm 0
072320 LEAD S0: 2 append success next 1 match 0
072320 LEAD S0: 1 append success next 1 match 0
072818 LEAD S0: prevLog &raft.Entry{Command:interface {}(nil), Term:0, Index:0}
072818 LEAD S0: prevLog &raft.Entry{Command:interface {}(nil), Term:0, Index:0}
072819 INFO S1: (term 1) follower 收到 [0] AppendEntries [], prevIndex 0, prevTerm 0
072819 INFO S2: (term 1) follower 收到 [0] AppendEntries [], prevIndex 0, prevTerm 0
072819 LEAD S0: 1 append success next 1 match 0
072819 LEAD S0: 2 append success next 1 match 0
073320 LEAD S0: prevLog &raft.Entry{Command:interface {}(nil), Term:0, Index:0}
073320 LEAD S0: prevLog &raft.Entry{Command:interface {}(nil), Term:0, Index:0}
073321 INFO S1: (term 1) follower 收到 [0] AppendEntries [], prevIndex 0, prevTerm 0
073321 INFO S2: (term 1) follower 收到 [0] AppendEntries [], prevIndex 0, prevTerm 0
073321 LEAD S0: 1 append success next 1 match 0
073321 LEAD S0: 2 append success next 1 match 0
073823 LEAD S0: prevLog &raft.Entry{Command:interface {}(nil), Term:0, Index:0}
073823 LEAD S0: prevLog &raft.Entry{Command:interface {}(nil), Term:0, Index:0}
073824 INFO S1: (term 1) follower 收到 [0] AppendEntries [], prevIndex 0, prevTerm 0
073824 INFO S2: (term 1) follower 收到 [0] AppendEntries [], prevIndex 0, prevTerm 0
073824 LEAD S0: 2 append success next 1 match 0
073824 LEAD S0: 1 append success next 1 match 0
074325 LEAD S0: prevLog &raft.Entry{Command:interface {}(nil), Term:0, Index:0}
074325 LEAD S0: prevLog &raft.Entry{Command:interface {}(nil), Term:0, Index:0}
074326 INFO S1: (term 1) follower 收到 [0] AppendEntries [], prevIndex 0, prevTerm 0
074326 INFO S2: (term 1) follower 收到 [0] AppendEntries [], prevIndex 0, prevTerm 0
074326 LEAD S0: 1 append success next 1 match 0
074326 LEAD S0: 2 append success next 1 match 0
074827 LEAD S0: prevLog &raft.Entry{Command:interface {}(nil), Term:0, Index:0}
074827 LEAD S0: prevLog &raft.Entry{Command:interface {}(nil), Term:0, Index:0}
074828 INFO S2: (term 1) follower 收到 [0] AppendEntries [], prevIndex 0, prevTerm 0
074828 INFO S1: (term 1) follower 收到 [0] AppendEntries [], prevIndex 0, prevTerm 0
074828 LEAD S0: 2 append success next 1 match 0
074829 LEAD S0: 1 append success next 1 match 0
075329 LEAD S0: prevLog &raft.Entry{Command:interface {}(nil), Term:0, Index:0}
075329 LEAD S0: prevLog &raft.Entry{Command:interface {}(nil), Term:0, Index:0}
075330 INFO S2: (term 1) follower 收到 [0] AppendEntries [], prevIndex 0, prevTerm 0
075331 LEAD S0: 2 append success next 1 match 0
075331 INFO S1: (term 1) follower 收到 [0] AppendEntries [], prevIndex 0, prevTerm 0
075331 LEAD S0: 1 append success next 1 match 0
075832 LEAD S0: prevLog &raft.Entry{Command:interface {}(nil), Term:0, Index:0}
075832 LEAD S0: prevLog &raft.Entry{Command:interface {}(nil), Term:0, Index:0}
075833 INFO S1: (term 1) follower 收到 [0] AppendEntries [], prevIndex 0, prevTerm 0
075833 INFO S2: (term 1) follower 收到 [0] AppendEntries [], prevIndex 0, prevTerm 0
075833 LEAD S0: 2 append success next 1 match 0
075833 LEAD S0: 1 append success next 1 match 0
076334 LEAD S0: prevLog &raft.Entry{Command:interface {}(nil), Term:0, Index:0}
076334 LEAD S0: prevLog &raft.Entry{Command:interface {}(nil), Term:0, Index:0}
076335 INFO S1: (term 1) follower 收到 [0] AppendEntries [], prevIndex 0, prevTerm 0
076335 INFO S2: (term 1) follower 收到 [0] AppendEntries [], prevIndex 0, prevTerm 0
076335 LEAD S0: 1 append success next 1 match 0
076335 LEAD S0: 2 append success next 1 match 0
076836 LEAD S0: prevLog &raft.Entry{Command:interface {}(nil), Term:0, Index:0}
076836 LEAD S0: prevLog &raft.Entry{Command:interface {}(nil), Term:0, Index:0}
076837 INFO S1: (term 1) follower 收到 [0] AppendEntries [], prevIndex 0, prevTerm 0
076837 INFO S2: (term 1) follower 收到 [0] AppendEntries [], prevIndex 0, prevTerm 0
076838 LEAD S0: 1 append success next 1 match 0
076838 LEAD S0: 2 append success next 1 match 0
077339 LEAD S0: prevLog &raft.Entry{Command:interface {}(nil), Term:0, Index:0}
077339 LEAD S0: prevLog &raft.Entry{Command:interface {}(nil), Term:0, Index:0}
077339 INFO S1: (term 1) follower 收到 [0] AppendEntries [], prevIndex 0, prevTerm 0
077340 INFO S2: (term 1) follower 收到 [0] AppendEntries [], prevIndex 0, prevTerm 0
077340 LEAD S0: 1 append success next 1 match 0
077340 LEAD S0: 2 append success next 1 match 0
077841 LEAD S0: prevLog &raft.Entry{Command:interface {}(nil), Term:0, Index:0}
077841 LEAD S0: prevLog &raft.Entry{Command:interface {}(nil), Term:0, Index:0}
077842 INFO S2: (term 1) follower 收到 [0] AppendEntries [], prevIndex 0, prevTerm 0
077842 INFO S1: (term 1) follower 收到 [0] AppendEntries [], prevIndex 0, prevTerm 0
077842 LEAD S0: 2 append success next 1 match 0
077843 LEAD S0: 1 append success next 1 match 0
078344 LEAD S0: prevLog &raft.Entry{Command:interface {}(nil), Term:0, Index:0}
078344 LEAD S0: prevLog &raft.Entry{Command:interface {}(nil), Term:0, Index:0}
078344 INFO S1: (term 1) follower 收到 [0] AppendEntries [], prevIndex 0, prevTerm 0
078345 INFO S2: (term 1) follower 收到 [0] AppendEntries [], prevIndex 0, prevTerm 0
078345 LEAD S0: 1 append success next 1 match 0
078345 LEAD S0: 2 append success next 1 match 0
078846 LEAD S0: prevLog &raft.Entry{Command:interface {}(nil), Term:0, Index:0}
078846 LEAD S0: prevLog &raft.Entry{Command:interface {}(nil), Term:0, Index:0}
078847 INFO S1: (term 1) follower 收到 [0] AppendEntries [], prevIndex 0, prevTerm 0
078847 INFO S2: (term 1) follower 收到 [0] AppendEntries [], prevIndex 0, prevTerm 0
078847 LEAD S0: 1 append success next 1 match 0
078847 LEAD S0: 2 append success next 1 match 0
079348 LEAD S0: prevLog &raft.Entry{Command:interface {}(nil), Term:0, Index:0}
079348 LEAD S0: prevLog &raft.Entry{Command:interface {}(nil), Term:0, Index:0}
079349 INFO S1: (term 1) follower 收到 [0] AppendEntries [], prevIndex 0, prevTerm 0
079349 INFO S2: (term 1) follower 收到 [0] AppendEntries [], prevIndex 0, prevTerm 0
079350 LEAD S0: 1 append success next 1 match 0
079350 LEAD S0: 2 append success next 1 match 0
079851 LEAD S0: prevLog &raft.Entry{Command:interface {}(nil), Term:0, Index:0}
079851 LEAD S0: prevLog &raft.Entry{Command:interface {}(nil), Term:0, Index:0}
079852 INFO S1: (term 1) follower 收到 [0] AppendEntries [], prevIndex 0, prevTerm 0
079852 INFO S2: (term 1) follower 收到 [0] AppendEntries [], prevIndex 0, prevTerm 0
079852 LEAD S0: 1 append success next 1 match 0
079853 LEAD S0: 2 append success next 1 match 0
080353 LEAD S0: prevLog &raft.Entry{Command:interface {}(nil), Term:0, Index:0}
080353 LEAD S0: prevLog &raft.Entry{Command:interface {}(nil), Term:0, Index:0}
080354 INFO S2: (term 1) follower 收到 [0] AppendEntries [], prevIndex 0, prevTerm 0
080354 INFO S1: (term 1) follower 收到 [0] AppendEntries [], prevIndex 0, prevTerm 0
080354 LEAD S0: 2 append success next 1 match 0
080354 LEAD S0: 1 append success next 1 match 0
080856 LEAD S0: prevLog &raft.Entry{Command:interface {}(nil), Term:0, Index:0}
080856 LEAD S0: prevLog &raft.Entry{Command:interface {}(nil), Term:0, Index:0}
080857 INFO S1: (term 1) follower 收到 [0] AppendEntries [], prevIndex 0, prevTerm 0
080857 INFO S2: (term 1) follower 收到 [0] AppendEntries [], prevIndex 0, prevTerm 0
080857 LEAD S0: 2 append success next 1 match 0
080857 LEAD S0: 1 append success next 1 match 0
081358 LEAD S0: prevLog &raft.Entry{Command:interface {}(nil), Term:0, Index:0}
081358 LEAD S0: prevLog &raft.Entry{Command:interface {}(nil), Term:0, Index:0}
081359 INFO S1: (term 1) follower 收到 [0] AppendEntries [], prevIndex 0, prevTerm 0
081359 INFO S2: (term 1) follower 收到 [0] AppendEntries [], prevIndex 0, prevTerm 0
081359 LEAD S0: 1 append success next 1 match 0
081359 LEAD S0: 2 append success next 1 match 0
081860 LEAD S0: prevLog &raft.Entry{Command:interface {}(nil), Term:0, Index:0}
081860 LEAD S0: prevLog &raft.Entry{Command:interface {}(nil), Term:0, Index:0}
081861 INFO S2: (term 1) follower 收到 [0] AppendEntries [], prevIndex 0, prevTerm 0
081861 INFO S1: (term 1) follower 收到 [0] AppendEntries [], prevIndex 0, prevTerm 0
081861 LEAD S0: 2 append success next 1 match 0
081862 LEAD S0: 1 append success next 1 match 0
082362 LEAD S0: prevLog &raft.Entry{Command:interface {}(nil), Term:0, Index:0}
082363 LEAD S0: prevLog &raft.Entry{Command:interface {}(nil), Term:0, Index:0}
082363 INFO S1: (term 1) follower 收到 [0] AppendEntries [], prevIndex 0, prevTerm 0
082363 INFO S2: (term 1) follower 收到 [0] AppendEntries [], prevIndex 0, prevTerm 0
082364 LEAD S0: 1 append success next 1 match 0
082364 LEAD S0: 2 append success next 1 match 0
082866 LEAD S0: prevLog &raft.Entry{Command:interface {}(nil), Term:0, Index:0}
082866 LEAD S0: prevLog &raft.Entry{Command:interface {}(nil), Term:0, Index:0}
082867 INFO S1: (term 1) follower 收到 [0] AppendEntries [], prevIndex 0, prevTerm 0
082867 INFO S2: (term 1) follower 收到 [0] AppendEntries [], prevIndex 0, prevTerm 0
082867 LEAD S0: 1 append success next 1 match 0
082868 LEAD S0: 2 append success next 1 match 0
083369 LEAD S0: prevLog &raft.Entry{Command:interface {}(nil), Term:0, Index:0}
083369 LEAD S0: prevLog &raft.Entry{Command:interface {}(nil), Term:0, Index:0}
083370 INFO S2: (term 1) follower 收到 [0] AppendEntries [], prevIndex 0, prevTerm 0
083370 INFO S1: (term 1) follower 收到 [0] AppendEntries [], prevIndex 0, prevTerm 0
083370 LEAD S0: 2 append success next 1 match 0
083370 LEAD S0: 1 append success next 1 match 0
083871 LEAD S0: prevLog &raft.Entry{Command:interface {}(nil), Term:0, Index:0}
083871 LEAD S0: prevLog &raft.Entry{Command:interface {}(nil), Term:0, Index:0}
083872 INFO S1: (term 1) follower 收到 [0] AppendEntries [], prevIndex 0, prevTerm 0
083872 INFO S2: (term 1) follower 收到 [0] AppendEntries [], prevIndex 0, prevTerm 0
083872 LEAD S0: 1 append success next 1 match 0
083872 LEAD S0: 2 append success next 1 match 0
084374 LEAD S0: prevLog &raft.Entry{Command:interface {}(nil), Term:0, Index:0}
084374 LEAD S0: prevLog &raft.Entry{Command:interface {}(nil), Term:0, Index:0}
084375 INFO S1: (term 1) follower 收到 [0] AppendEntries [], prevIndex 0, prevTerm 0
084375 INFO S2: (term 1) follower 收到 [0] AppendEntries [], prevIndex 0, prevTerm 0
084375 LEAD S0: 1 append success next 1 match 0
084375 LEAD S0: 2 append success next 1 match 0
084876 LEAD S0: prevLog &raft.Entry{Command:interface {}(nil), Term:0, Index:0}
084876 LEAD S0: prevLog &raft.Entry{Command:interface {}(nil), Term:0, Index:0}
084877 INFO S1: (term 1) follower 收到 [0] AppendEntries [], prevIndex 0, prevTerm 0
084877 INFO S2: (term 1) follower 收到 [0] AppendEntries [], prevIndex 0, prevTerm 0
084877 LEAD S0: 1 append success next 1 match 0
084877 LEAD S0: 2 append success next 1 match 0
085378 LEAD S0: prevLog &raft.Entry{Command:interface {}(nil), Term:0, Index:0}
085379 LEAD S0: prevLog &raft.Entry{Command:interface {}(nil), Term:0, Index:0}
085379 INFO S2: (term 1) follower 收到 [0] AppendEntries [], prevIndex 0, prevTerm 0
085379 INFO S1: (term 1) follower 收到 [0] AppendEntries [], prevIndex 0, prevTerm 0
085380 LEAD S0: 2 append success next 1 match 0
085380 LEAD S0: 1 append success next 1 match 0
085881 LEAD S0: prevLog &raft.Entry{Command:interface {}(nil), Term:0, Index:0}
085881 LEAD S0: prevLog &raft.Entry{Command:interface {}(nil), Term:0, Index:0}
085882 INFO S1: (term 1) follower 收到 [0] AppendEntries [], prevIndex 0, prevTerm 0
085882 INFO S2: (term 1) follower 收到 [0] AppendEntries [], prevIndex 0, prevTerm 0
085882 LEAD S0: 1 append success next 1 match 0
085882 LEAD S0: 2 append success next 1 match 0
086383 LEAD S0: prevLog &raft.Entry{Command:interface {}(nil), Term:0, Index:0}
086383 LEAD S0: prevLog &raft.Entry{Command:interface {}(nil), Term:0, Index:0}
086384 INFO S1: (term 1) follower 收到 [0] AppendEntries [], prevIndex 0, prevTerm 0
086384 INFO S2: (term 1) follower 收到 [0] AppendEntries [], prevIndex 0, prevTerm 0
086384 LEAD S0: 1 append success next 1 match 0
086385 LEAD S0: 2 append success next 1 match 0
086885 LEAD S0: prevLog &raft.Entry{Command:interface {}(nil), Term:0, Index:0}
086885 LEAD S0: prevLog &raft.Entry{Command:interface {}(nil), Term:0, Index:0}
086886 INFO S1: (term 1) follower 收到 [0] AppendEntries [], prevIndex 0, prevTerm 0
086886 INFO S2: (term 1) follower 收到 [0] AppendEntries [], prevIndex 0, prevTerm 0
086886 LEAD S0: 1 append success next 1 match 0
086887 LEAD S0: 2 append success next 1 match 0
087387 LEAD S0: prevLog &raft.Entry{Command:interface {}(nil), Term:0, Index:0}
087388 LEAD S0: prevLog &raft.Entry{Command:interface {}(nil), Term:0, Index:0}
087388 INFO S1: (term 1) follower 收到 [0] AppendEntries [], prevIndex 0, prevTerm 0
087388 INFO S2: (term 1) follower 收到 [0] AppendEntries [], prevIndex 0, prevTerm 0
087389 LEAD S0: 1 append success next 1 match 0
087389 LEAD S0: 2 append success next 1 match 0
087890 LEAD S0: prevLog &raft.Entry{Command:interface {}(nil), Term:0, Index:0}
087890 LEAD S0: prevLog &raft.Entry{Command:interface {}(nil), Term:0, Index:0}
087891 INFO S2: (term 1) follower 收到 [0] AppendEntries [], prevIndex 0, prevTerm 0
087891 INFO S1: (term 1) follower 收到 [0] AppendEntries [], prevIndex 0, prevTerm 0
087891 LEAD S0: 2 append success next 1 match 0
087891 LEAD S0: 1 append success next 1 match 0
088392 LEAD S0: prevLog &raft.Entry{Command:interface {}(nil), Term:0, Index:0}
088392 LEAD S0: prevLog &raft.Entry{Command:interface {}(nil), Term:0, Index:0}
088392 INFO S2: (term 1) follower 收到 [0] AppendEntries [], prevIndex 0, prevTerm 0
088393 INFO S1: (term 1) follower 收到 [0] AppendEntries [], prevIndex 0, prevTerm 0
088393 LEAD S0: 2 append success next 1 match 0
088393 LEAD S0: 1 append success next 1 match 0
088894 LEAD S0: prevLog &raft.Entry{Command:interface {}(nil), Term:0, Index:0}
088894 LEAD S0: prevLog &raft.Entry{Command:interface {}(nil), Term:0, Index:0}
088895 INFO S1: (term 1) follower 收到 [0] AppendEntries [], prevIndex 0, prevTerm 0
088895 INFO S2: (term 1) follower 收到 [0] AppendEntries [], prevIndex 0, prevTerm 0
088896 LEAD S0: 1 append success next 1 match 0
088896 LEAD S0: 2 append success next 1 match 0
089397 LEAD S0: prevLog &raft.Entry{Command:interface {}(nil), Term:0, Index:0}
089397 LEAD S0: prevLog &raft.Entry{Command:interface {}(nil), Term:0, Index:0}
089398 INFO S2: (term 1) follower 收到 [0] AppendEntries [], prevIndex 0, prevTerm 0
089398 INFO S1: (term 1) follower 收到 [0] AppendEntries [], prevIndex 0, prevTerm 0
089398 LEAD S0: 2 append success next 1 match 0
089398 LEAD S0: 1 append success next 1 match 0
089899 LEAD S0: prevLog &raft.Entry{Command:interface {}(nil), Term:0, Index:0}
089899 LEAD S0: prevLog &raft.Entry{Command:interface {}(nil), Term:0, Index:0}
089900 INFO S2: (term 1) follower 收到 [0] AppendEntries [], prevIndex 0, prevTerm 0
089900 INFO S1: (term 1) follower 收到 [0] AppendEntries [], prevIndex 0, prevTerm 0
089900 LEAD S0: 2 append success next 1 match 0
089900 LEAD S0: 1 append success next 1 match 0
090402 LEAD S0: prevLog &raft.Entry{Command:interface {}(nil), Term:0, Index:0}
090402 LEAD S0: prevLog &raft.Entry{Command:interface {}(nil), Term:0, Index:0}
090402 INFO S1: (term 1) follower 收到 [0] AppendEntries [], prevIndex 0, prevTerm 0
090402 INFO S2: (term 1) follower 收到 [0] AppendEntries [], prevIndex 0, prevTerm 0
090403 LEAD S0: 1 append success next 1 match 0
090403 LEAD S0: 2 append success next 1 match 0
090904 LEAD S0: prevLog &raft.Entry{Command:interface {}(nil), Term:0, Index:0}
090904 LEAD S0: prevLog &raft.Entry{Command:interface {}(nil), Term:0, Index:0}
090905 INFO S1: (term 1) follower 收到 [0] AppendEntries [], prevIndex 0, prevTerm 0
090905 INFO S2: (term 1) follower 收到 [0] AppendEntries [], prevIndex 0, prevTerm 0
090905 LEAD S0: 1 append success next 1 match 0
090905 LEAD S0: 2 append success next 1 match 0
091406 LEAD S0: prevLog &raft.Entry{Command:interface {}(nil), Term:0, Index:0}
091406 LEAD S0: prevLog &raft.Entry{Command:interface {}(nil), Term:0, Index:0}
091407 INFO S1: (term 1) follower 收到 [0] AppendEntries [], prevIndex 0, prevTerm 0
091407 INFO S2: (term 1) follower 收到 [0] AppendEntries [], prevIndex 0, prevTerm 0
091407 LEAD S0: 1 append success next 1 match 0
091408 LEAD S0: 2 append success next 1 match 0
091909 LEAD S0: prevLog &raft.Entry{Command:interface {}(nil), Term:0, Index:0}
091909 LEAD S0: prevLog &raft.Entry{Command:interface {}(nil), Term:0, Index:0}
091910 INFO S2: (term 1) follower 收到 [0] AppendEntries [], prevIndex 0, prevTerm 0
091910 INFO S1: (term 1) follower 收到 [0] AppendEntries [], prevIndex 0, prevTerm 0
091910 LEAD S0: 2 append success next 1 match 0
091910 LEAD S0: 1 append success next 1 match 0
092411 LEAD S0: prevLog &raft.Entry{Command:interface {}(nil), Term:0, Index:0}
092411 LEAD S0: prevLog &raft.Entry{Command:interface {}(nil), Term:0, Index:0}
092412 INFO S1: (term 1) follower 收到 [0] AppendEntries [], prevIndex 0, prevTerm 0
092412 INFO S2: (term 1) follower 收到 [0] AppendEntries [], prevIndex 0, prevTerm 0
092412 LEAD S0: 1 append success next 1 match 0
092412 LEAD S0: 2 append success next 1 match 0
092913 LEAD S0: prevLog &raft.Entry{Command:interface {}(nil), Term:0, Index:0}
092914 LEAD S0: prevLog &raft.Entry{Command:interface {}(nil), Term:0, Index:0}
092914 INFO S2: (term 1) follower 收到 [0] AppendEntries [], prevIndex 0, prevTerm 0
092915 LEAD S0: 2 append success next 1 match 0
092914 INFO S1: (term 1) follower 收到 [0] AppendEntries [], prevIndex 0, prevTerm 0
092915 LEAD S0: 1 append success next 1 match 0
093416 LEAD S0: prevLog &raft.Entry{Command:interface {}(nil), Term:0, Index:0}
093416 LEAD S0: prevLog &raft.Entry{Command:interface {}(nil), Term:0, Index:0}
093417 INFO S1: (term 1) follower 收到 [0] AppendEntries [], prevIndex 0, prevTerm 0
093417 INFO S2: (term 1) follower 收到 [0] AppendEntries [], prevIndex 0, prevTerm 0
093417 LEAD S0: 1 append success next 1 match 0
093417 LEAD S0: 2 append success next 1 match 0
093918 LEAD S0: prevLog &raft.Entry{Command:interface {}(nil), Term:0, Index:0}
093918 LEAD S0: prevLog &raft.Entry{Command:interface {}(nil), Term:0, Index:0}
093919 INFO S1: (term 1) follower 收到 [0] AppendEntries [], prevIndex 0, prevTerm 0
093920 LEAD S0: 1 append success next 1 match 0
093920 INFO S2: (term 1) follower 收到 [0] AppendEntries [], prevIndex 0, prevTerm 0
093920 LEAD S0: 2 append success next 1 match 0
094420 LEAD S0: prevLog &raft.Entry{Command:interface {}(nil), Term:0, Index:0}
094420 LEAD S0: prevLog &raft.Entry{Command:interface {}(nil), Term:0, Index:0}
094421 INFO S1: (term 1) follower 收到 [0] AppendEntries [], prevIndex 0, prevTerm 0
094421 INFO S2: (term 1) follower 收到 [0] AppendEntries [], prevIndex 0, prevTerm 0
094421 LEAD S0: 1 append success next 1 match 0
094422 LEAD S0: 2 append success next 1 match 0
094923 LEAD S0: prevLog &raft.Entry{Command:interface {}(nil), Term:0, Index:0}
094923 LEAD S0: prevLog &raft.Entry{Command:interface {}(nil), Term:0, Index:0}
094924 INFO S2: (term 1) follower 收到 [0] AppendEntries [], prevIndex 0, prevTerm 0
094924 INFO S1: (term 1) follower 收到 [0] AppendEntries [], prevIndex 0, prevTerm 0
094924 LEAD S0: 2 append success next 1 match 0
094924 LEAD S0: 1 append success next 1 match 0
095425 LEAD S0: prevLog &raft.Entry{Command:interface {}(nil), Term:0, Index:0}
095425 LEAD S0: prevLog &raft.Entry{Command:interface {}(nil), Term:0, Index:0}
095426 INFO S1: (term 1) follower 收到 [0] AppendEntries [], prevIndex 0, prevTerm 0
095426 INFO S2: (term 1) follower 收到 [0] AppendEntries [], prevIndex 0, prevTerm 0
095426 LEAD S0: 1 append success next 1 match 0
095427 LEAD S0: 2 append success next 1 match 0
095928 LEAD S0: prevLog &raft.Entry{Command:interface {}(nil), Term:0, Index:0}
095928 LEAD S0: prevLog &raft.Entry{Command:interface {}(nil), Term:0, Index:0}
095929 INFO S2: (term 1) follower 收到 [0] AppendEntries [], prevIndex 0, prevTerm 0
095929 INFO S1: (term 1) follower 收到 [0] AppendEntries [], prevIndex 0, prevTerm 0
095929 LEAD S0: 1 append success next 1 match 0
095929 LEAD S0: 2 append success next 1 match 0
096430 LEAD S0: prevLog &raft.Entry{Command:interface {}(nil), Term:0, Index:0}
096430 LEAD S0: prevLog &raft.Entry{Command:interface {}(nil), Term:0, Index:0}
096431 INFO S2: (term 1) follower 收到 [0] AppendEntries [], prevIndex 0, prevTerm 0
096431 INFO S1: (term 1) follower 收到 [0] AppendEntries [], prevIndex 0, prevTerm 0
096431 LEAD S0: 2 append success next 1 match 0
096431 LEAD S0: 1 append success next 1 match 0
096932 LEAD S0: prevLog &raft.Entry{Command:interface {}(nil), Term:0, Index:0}
096932 LEAD S0: prevLog &raft.Entry{Command:interface {}(nil), Term:0, Index:0}
096933 INFO S1: (term 1) follower 收到 [0] AppendEntries [], prevIndex 0, prevTerm 0
096933 INFO S2: (term 1) follower 收到 [0] AppendEntries [], prevIndex 0, prevTerm 0
096933 LEAD S0: 1 append success next 1 match 0
096933 LEAD S0: 2 append success next 1 match 0
097434 LEAD S0: prevLog &raft.Entry{Command:interface {}(nil), Term:0, Index:0}
097434 LEAD S0: prevLog &raft.Entry{Command:interface {}(nil), Term:0, Index:0}
097435 INFO S2: (term 1) follower 收到 [0] AppendEntries [], prevIndex 0, prevTerm 0
097435 INFO S1: (term 1) follower 收到 [0] AppendEntries [], prevIndex 0, prevTerm 0
097435 LEAD S0: 1 append success next 1 match 0
097435 LEAD S0: 2 append success next 1 match 0
097937 LEAD S0: prevLog &raft.Entry{Command:interface {}(nil), Term:0, Index:0}
097937 LEAD S0: prevLog &raft.Entry{Command:interface {}(nil), Term:0, Index:0}
097938 INFO S1: (term 1) follower 收到 [0] AppendEntries [], prevIndex 0, prevTerm 0
097938 INFO S2: (term 1) follower 收到 [0] AppendEntries [], prevIndex 0, prevTerm 0
097938 LEAD S0: 1 append success next 1 match 0
097938 LEAD S0: 2 append success next 1 match 0
098439 LEAD S0: prevLog &raft.Entry{Command:interface {}(nil), Term:0, Index:0}
098440 LEAD S0: prevLog &raft.Entry{Command:interface {}(nil), Term:0, Index:0}
098441 INFO S2: (term 1) follower 收到 [0] AppendEntries [], prevIndex 0, prevTerm 0
098442 INFO S1: (term 1) follower 收到 [0] AppendEntries [], prevIndex 0, prevTerm 0
098442 LEAD S0: 2 append success next 1 match 0
098442 LEAD S0: 1 append success next 1 match 0
098942 LEAD S0: prevLog &raft.Entry{Command:interface {}(nil), Term:0, Index:0}
098942 LEAD S0: prevLog &raft.Entry{Command:interface {}(nil), Term:0, Index:0}
098943 INFO S1: (term 1) follower 收到 [0] AppendEntries [], prevIndex 0, prevTerm 0
098943 INFO S2: (term 1) follower 收到 [0] AppendEntries [], prevIndex 0, prevTerm 0
098943 LEAD S0: 1 append success next 1 match 0
098943 LEAD S0: 2 append success next 1 match 0
099445 LEAD S0: prevLog &raft.Entry{Command:interface {}(nil), Term:0, Index:0}
099445 LEAD S0: prevLog &raft.Entry{Command:interface {}(nil), Term:0, Index:0}
099446 INFO S1: (term 1) follower 收到 [0] AppendEntries [], prevIndex 0, prevTerm 0
099446 INFO S2: (term 1) follower 收到 [0] AppendEntries [], prevIndex 0, prevTerm 0
099446 LEAD S0: 1 append success next 1 match 0
099446 LEAD S0: 2 append success next 1 match 0
099947 LEAD S0: prevLog &raft.Entry{Command:interface {}(nil), Term:0, Index:0}
099947 LEAD S0: prevLog &raft.Entry{Command:interface {}(nil), Term:0, Index:0}
099948 INFO S1: (term 1) follower 收到 [0] AppendEntries [], prevIndex 0, prevTerm 0
099948 INFO S2: (term 1) follower 收到 [0] AppendEntries [], prevIndex 0, prevTerm 0
099948 LEAD S0: 1 append success next 1 match 0
099948 LEAD S0: 2 append success next 1 match 0
--- FAIL: TestPersist12C (10.04s)
    config.go:609: one(11) failed to reach agreement
FAIL
exit status 1
FAIL	6.824/raft	10.045s
