Test (2C): basic persistence ...
002010 INFO S0: start leader election, term 1
002010 VOTE S0: term 1 send vote request to 2
002010 VOTE S0: term 1 send vote request to 1
002012 TERM S1: set new term 1
002012 TERM S2: set new term 1
002012 VOTE S1: term 1 vote 0
002012 VOTE S2: term 1 vote 0
002012 VOTE S0: reply from 2, term一致，且投给0
002012 LEAD S0: come to power, start to send heartbeat
002012 LEAD S0: prevLog &raft.Entry{Command:interface {}(nil), Term:0, Index:0}
002012 LEAD S0: prevLog &raft.Entry{Command:interface {}(nil), Term:0, Index:0}
002012 VOTE S0: reply from 1, term一致，且投给0
002014 INFO S2: (term 1) follower 收到 [0] AppendEntries [], prevIndex 0, prevTerm 0
002015 LEAD S0: 2 append success next 1 match 0
002015 INFO S1: (term 1) follower 收到 [0] AppendEntries [], prevIndex 0, prevTerm 0
002015 LEAD S0: 1 append success next 1 match 0
002511 LEAD S0: prevLog &raft.Entry{Command:interface {}(nil), Term:0, Index:0}
002511 LEAD S0: prevLog &raft.Entry{Command:interface {}(nil), Term:0, Index:0}
002512 INFO S1: (term 1) follower 收到 [0] AppendEntries [], prevIndex 0, prevTerm 0
002512 INFO S2: (term 1) follower 收到 [0] AppendEntries [], prevIndex 0, prevTerm 0
002512 LEAD S0: 1 append success next 1 match 0
002512 LEAD S0: 2 append success next 1 match 0
003013 LEAD S0: prevLog &raft.Entry{Command:interface {}(nil), Term:0, Index:0}
003013 LEAD S0: prevLog &raft.Entry{Command:interface {}(nil), Term:0, Index:0}
003014 INFO S2: (term 1) follower 收到 [0] AppendEntries [], prevIndex 0, prevTerm 0
003014 INFO S1: (term 1) follower 收到 [0] AppendEntries [], prevIndex 0, prevTerm 0
003015 LEAD S0: 2 append success next 1 match 0
003015 LEAD S0: 1 append success next 1 match 0
003517 LEAD S0: prevLog &raft.Entry{Command:interface {}(nil), Term:0, Index:0}
003518 LEAD S0: prevLog &raft.Entry{Command:interface {}(nil), Term:0, Index:0}
003518 INFO S2: (term 1) follower 收到 [0] AppendEntries [], prevIndex 0, prevTerm 0
003518 INFO S1: (term 1) follower 收到 [0] AppendEntries [], prevIndex 0, prevTerm 0
003519 LEAD S0: 2 append success next 1 match 0
003519 LEAD S0: 1 append success next 1 match 0
004021 LEAD S0: prevLog &raft.Entry{Command:interface {}(nil), Term:0, Index:0}
004021 LEAD S0: prevLog &raft.Entry{Command:interface {}(nil), Term:0, Index:0}
004022 INFO S1: (term 1) follower 收到 [0] AppendEntries [], prevIndex 0, prevTerm 0
004023 INFO S2: (term 1) follower 收到 [0] AppendEntries [], prevIndex 0, prevTerm 0
004023 LEAD S0: 1 append success next 1 match 0
004023 LEAD S0: 2 append success next 1 match 0
004522 LEAD S0: prevLog &raft.Entry{Command:interface {}(nil), Term:0, Index:0}
004522 LEAD S0: prevLog &raft.Entry{Command:interface {}(nil), Term:0, Index:0}
004523 INFO S2: (term 1) follower 收到 [0] AppendEntries [], prevIndex 0, prevTerm 0
004523 INFO S1: (term 1) follower 收到 [0] AppendEntries [], prevIndex 0, prevTerm 0
004523 LEAD S0: 2 append success next 1 match 0
004523 LEAD S0: 1 append success next 1 match 0
005024 LEAD S0: prevLog &raft.Entry{Command:interface {}(nil), Term:0, Index:0}
005024 LEAD S0: prevLog &raft.Entry{Command:interface {}(nil), Term:0, Index:0}
005024 INFO S1: (term 1) follower 收到 [0] AppendEntries [], prevIndex 0, prevTerm 0
005024 INFO S2: (term 1) follower 收到 [0] AppendEntries [], prevIndex 0, prevTerm 0
005025 LEAD S0: 1 append success next 1 match 0
005025 LEAD S0: 2 append success next 1 match 0
005525 LEAD S0: prevLog &raft.Entry{Command:interface {}(nil), Term:0, Index:0}
005525 LEAD S0: prevLog &raft.Entry{Command:interface {}(nil), Term:0, Index:0}
005526 INFO S2: (term 1) follower 收到 [0] AppendEntries [], prevIndex 0, prevTerm 0
005526 INFO S1: (term 1) follower 收到 [0] AppendEntries [], prevIndex 0, prevTerm 0
005526 LEAD S0: 2 append success next 1 match 0
005527 LEAD S0: 1 append success next 1 match 0
006027 LEAD S0: prevLog &raft.Entry{Command:interface {}(nil), Term:0, Index:0}
006027 LEAD S0: prevLog &raft.Entry{Command:interface {}(nil), Term:0, Index:0}
006028 INFO S2: (term 1) follower 收到 [0] AppendEntries [], prevIndex 0, prevTerm 0
006028 INFO S1: (term 1) follower 收到 [0] AppendEntries [], prevIndex 0, prevTerm 0
006028 LEAD S0: 1 append success next 1 match 0
006028 LEAD S0: 2 append success next 1 match 0
006529 LEAD S0: prevLog &raft.Entry{Command:interface {}(nil), Term:0, Index:0}
006529 LEAD S0: prevLog &raft.Entry{Command:interface {}(nil), Term:0, Index:0}
006530 INFO S2: (term 1) follower 收到 [0] AppendEntries [], prevIndex 0, prevTerm 0
006530 INFO S1: (term 1) follower 收到 [0] AppendEntries [], prevIndex 0, prevTerm 0
006531 LEAD S0: 2 append success next 1 match 0
006531 LEAD S0: 1 append success next 1 match 0
007031 LEAD S0: prevLog &raft.Entry{Command:interface {}(nil), Term:0, Index:0}
007031 LEAD S0: prevLog &raft.Entry{Command:interface {}(nil), Term:0, Index:0}
007032 INFO S2: (term 1) follower 收到 [0] AppendEntries [], prevIndex 0, prevTerm 0
007032 LEAD S0: 2 append success next 1 match 0
007032 INFO S1: (term 1) follower 收到 [0] AppendEntries [], prevIndex 0, prevTerm 0
007033 LEAD S0: 1 append success next 1 match 0
007533 LEAD S0: prevLog &raft.Entry{Command:interface {}(nil), Term:0, Index:0}
007533 LEAD S0: prevLog &raft.Entry{Command:interface {}(nil), Term:0, Index:0}
007534 INFO S2: (term 1) follower 收到 [0] AppendEntries [], prevIndex 0, prevTerm 0
007534 INFO S1: (term 1) follower 收到 [0] AppendEntries [], prevIndex 0, prevTerm 0
007534 LEAD S0: 2 append success next 1 match 0
007534 LEAD S0: 1 append success next 1 match 0
008035 LEAD S0: prevLog &raft.Entry{Command:interface {}(nil), Term:0, Index:0}
008036 LEAD S0: prevLog &raft.Entry{Command:interface {}(nil), Term:0, Index:0}
008036 INFO S2: (term 1) follower 收到 [0] AppendEntries [], prevIndex 0, prevTerm 0
008036 INFO S1: (term 1) follower 收到 [0] AppendEntries [], prevIndex 0, prevTerm 0
008037 LEAD S0: 1 append success next 1 match 0
008037 LEAD S0: 2 append success next 1 match 0
008537 LEAD S0: prevLog &raft.Entry{Command:interface {}(nil), Term:0, Index:0}
008537 LEAD S0: prevLog &raft.Entry{Command:interface {}(nil), Term:0, Index:0}
008538 INFO S1: (term 1) follower 收到 [0] AppendEntries [], prevIndex 0, prevTerm 0
008538 INFO S2: (term 1) follower 收到 [0] AppendEntries [], prevIndex 0, prevTerm 0
008538 LEAD S0: 2 append success next 1 match 0
008538 LEAD S0: 1 append success next 1 match 0
009038 LEAD S0: prevLog &raft.Entry{Command:interface {}(nil), Term:0, Index:0}
009038 LEAD S0: prevLog &raft.Entry{Command:interface {}(nil), Term:0, Index:0}
009039 INFO S1: (term 1) follower 收到 [0] AppendEntries [], prevIndex 0, prevTerm 0
009039 INFO S2: (term 1) follower 收到 [0] AppendEntries [], prevIndex 0, prevTerm 0
009040 LEAD S0: 1 append success next 1 match 0
009040 LEAD S0: 2 append success next 1 match 0
009540 LEAD S0: prevLog &raft.Entry{Command:interface {}(nil), Term:0, Index:0}
009540 LEAD S0: prevLog &raft.Entry{Command:interface {}(nil), Term:0, Index:0}
009541 INFO S1: (term 1) follower 收到 [0] AppendEntries [], prevIndex 0, prevTerm 0
009541 INFO S2: (term 1) follower 收到 [0] AppendEntries [], prevIndex 0, prevTerm 0
009541 LEAD S0: 1 append success next 1 match 0
009541 LEAD S0: 2 append success next 1 match 0
010042 LEAD S0: prevLog &raft.Entry{Command:interface {}(nil), Term:0, Index:0}
010043 LEAD S0: prevLog &raft.Entry{Command:interface {}(nil), Term:0, Index:0}
010043 INFO S2: (term 1) follower 收到 [0] AppendEntries [], prevIndex 0, prevTerm 0
010043 INFO S1: (term 1) follower 收到 [0] AppendEntries [], prevIndex 0, prevTerm 0
010044 LEAD S0: 2 append success next 1 match 0
010044 LEAD S0: 1 append success next 1 match 0
010544 LEAD S0: prevLog &raft.Entry{Command:interface {}(nil), Term:0, Index:0}
010544 LEAD S0: prevLog &raft.Entry{Command:interface {}(nil), Term:0, Index:0}
010545 INFO S1: (term 1) follower 收到 [0] AppendEntries [], prevIndex 0, prevTerm 0
010545 INFO S2: (term 1) follower 收到 [0] AppendEntries [], prevIndex 0, prevTerm 0
010545 LEAD S0: 1 append success next 1 match 0
010545 LEAD S0: 2 append success next 1 match 0
011046 LEAD S0: prevLog &raft.Entry{Command:interface {}(nil), Term:0, Index:0}
011046 LEAD S0: prevLog &raft.Entry{Command:interface {}(nil), Term:0, Index:0}
011047 INFO S1: (term 1) follower 收到 [0] AppendEntries [], prevIndex 0, prevTerm 0
011047 INFO S2: (term 1) follower 收到 [0] AppendEntries [], prevIndex 0, prevTerm 0
011047 LEAD S0: 1 append success next 1 match 0
011047 LEAD S0: 2 append success next 1 match 0
011548 LEAD S0: prevLog &raft.Entry{Command:interface {}(nil), Term:0, Index:0}
011548 LEAD S0: prevLog &raft.Entry{Command:interface {}(nil), Term:0, Index:0}
011549 INFO S1: (term 1) follower 收到 [0] AppendEntries [], prevIndex 0, prevTerm 0
011549 INFO S2: (term 1) follower 收到 [0] AppendEntries [], prevIndex 0, prevTerm 0
011549 LEAD S0: 1 append success next 1 match 0
011549 LEAD S0: 2 append success next 1 match 0
012050 LEAD S0: prevLog &raft.Entry{Command:interface {}(nil), Term:0, Index:0}
012050 LEAD S0: prevLog &raft.Entry{Command:interface {}(nil), Term:0, Index:0}
012051 INFO S2: (term 1) follower 收到 [0] AppendEntries [], prevIndex 0, prevTerm 0
012051 INFO S1: (term 1) follower 收到 [0] AppendEntries [], prevIndex 0, prevTerm 0
012051 LEAD S0: 2 append success next 1 match 0
012051 LEAD S0: 1 append success next 1 match 0
012551 LEAD S0: prevLog &raft.Entry{Command:interface {}(nil), Term:0, Index:0}
012551 LEAD S0: prevLog &raft.Entry{Command:interface {}(nil), Term:0, Index:0}
012552 INFO S1: (term 1) follower 收到 [0] AppendEntries [], prevIndex 0, prevTerm 0
012552 INFO S2: (term 1) follower 收到 [0] AppendEntries [], prevIndex 0, prevTerm 0
012552 LEAD S0: 1 append success next 1 match 0
012552 LEAD S0: 2 append success next 1 match 0
013053 LEAD S0: prevLog &raft.Entry{Command:interface {}(nil), Term:0, Index:0}
013053 LEAD S0: prevLog &raft.Entry{Command:interface {}(nil), Term:0, Index:0}
013054 INFO S1: (term 1) follower 收到 [0] AppendEntries [], prevIndex 0, prevTerm 0
013054 INFO S2: (term 1) follower 收到 [0] AppendEntries [], prevIndex 0, prevTerm 0
013055 LEAD S0: 2 append success next 1 match 0
013055 LEAD S0: 1 append success next 1 match 0
013556 LEAD S0: prevLog &raft.Entry{Command:interface {}(nil), Term:0, Index:0}
013556 LEAD S0: prevLog &raft.Entry{Command:interface {}(nil), Term:0, Index:0}
013557 INFO S1: (term 1) follower 收到 [0] AppendEntries [], prevIndex 0, prevTerm 0
013557 INFO S2: (term 1) follower 收到 [0] AppendEntries [], prevIndex 0, prevTerm 0
013557 LEAD S0: 1 append success next 1 match 0
013557 LEAD S0: 2 append success next 1 match 0
014058 LEAD S0: prevLog &raft.Entry{Command:interface {}(nil), Term:0, Index:0}
014058 LEAD S0: prevLog &raft.Entry{Command:interface {}(nil), Term:0, Index:0}
014059 INFO S2: (term 1) follower 收到 [0] AppendEntries [], prevIndex 0, prevTerm 0
014059 INFO S1: (term 1) follower 收到 [0] AppendEntries [], prevIndex 0, prevTerm 0
014059 LEAD S0: 1 append success next 1 match 0
014059 LEAD S0: 2 append success next 1 match 0
014559 LEAD S0: prevLog &raft.Entry{Command:interface {}(nil), Term:0, Index:0}
014560 LEAD S0: prevLog &raft.Entry{Command:interface {}(nil), Term:0, Index:0}
014560 INFO S1: (term 1) follower 收到 [0] AppendEntries [], prevIndex 0, prevTerm 0
014560 INFO S2: (term 1) follower 收到 [0] AppendEntries [], prevIndex 0, prevTerm 0
014561 LEAD S0: 1 append success next 1 match 0
014561 LEAD S0: 2 append success next 1 match 0
015061 LEAD S0: prevLog &raft.Entry{Command:interface {}(nil), Term:0, Index:0}
015061 LEAD S0: prevLog &raft.Entry{Command:interface {}(nil), Term:0, Index:0}
015062 INFO S1: (term 1) follower 收到 [0] AppendEntries [], prevIndex 0, prevTerm 0
015062 INFO S2: (term 1) follower 收到 [0] AppendEntries [], prevIndex 0, prevTerm 0
015062 LEAD S0: 1 append success next 1 match 0
015063 LEAD S0: 2 append success next 1 match 0
015564 LEAD S0: prevLog &raft.Entry{Command:interface {}(nil), Term:0, Index:0}
015564 LEAD S0: prevLog &raft.Entry{Command:interface {}(nil), Term:0, Index:0}
015565 INFO S2: (term 1) follower 收到 [0] AppendEntries [], prevIndex 0, prevTerm 0
015565 LEAD S0: 2 append success next 1 match 0
015565 INFO S1: (term 1) follower 收到 [0] AppendEntries [], prevIndex 0, prevTerm 0
015566 LEAD S0: 1 append success next 1 match 0
016066 LEAD S0: prevLog &raft.Entry{Command:interface {}(nil), Term:0, Index:0}
016067 LEAD S0: prevLog &raft.Entry{Command:interface {}(nil), Term:0, Index:0}
016067 INFO S1: (term 1) follower 收到 [0] AppendEntries [], prevIndex 0, prevTerm 0
016068 LEAD S0: 1 append success next 1 match 0
016067 INFO S2: (term 1) follower 收到 [0] AppendEntries [], prevIndex 0, prevTerm 0
016068 LEAD S0: 2 append success next 1 match 0
016568 LEAD S0: prevLog &raft.Entry{Command:interface {}(nil), Term:0, Index:0}
016568 LEAD S0: prevLog &raft.Entry{Command:interface {}(nil), Term:0, Index:0}
016569 INFO S2: (term 1) follower 收到 [0] AppendEntries [], prevIndex 0, prevTerm 0
016569 LEAD S0: 2 append success next 1 match 0
016569 INFO S1: (term 1) follower 收到 [0] AppendEntries [], prevIndex 0, prevTerm 0
016570 LEAD S0: 1 append success next 1 match 0
017070 LEAD S0: prevLog &raft.Entry{Command:interface {}(nil), Term:0, Index:0}
017070 LEAD S0: prevLog &raft.Entry{Command:interface {}(nil), Term:0, Index:0}
017070 INFO S1: (term 1) follower 收到 [0] AppendEntries [], prevIndex 0, prevTerm 0
017070 INFO S2: (term 1) follower 收到 [0] AppendEntries [], prevIndex 0, prevTerm 0
017071 LEAD S0: 1 append success next 1 match 0
017071 LEAD S0: 2 append success next 1 match 0
017573 LEAD S0: prevLog &raft.Entry{Command:interface {}(nil), Term:0, Index:0}
017573 LEAD S0: prevLog &raft.Entry{Command:interface {}(nil), Term:0, Index:0}
017574 INFO S1: (term 1) follower 收到 [0] AppendEntries [], prevIndex 0, prevTerm 0
017574 INFO S2: (term 1) follower 收到 [0] AppendEntries [], prevIndex 0, prevTerm 0
017574 LEAD S0: 2 append success next 1 match 0
017574 LEAD S0: 1 append success next 1 match 0
018075 LEAD S0: prevLog &raft.Entry{Command:interface {}(nil), Term:0, Index:0}
018075 LEAD S0: prevLog &raft.Entry{Command:interface {}(nil), Term:0, Index:0}
018076 INFO S2: (term 1) follower 收到 [0] AppendEntries [], prevIndex 0, prevTerm 0
018076 LEAD S0: 2 append success next 1 match 0
018076 INFO S1: (term 1) follower 收到 [0] AppendEntries [], prevIndex 0, prevTerm 0
018077 LEAD S0: 1 append success next 1 match 0
018578 LEAD S0: prevLog &raft.Entry{Command:interface {}(nil), Term:0, Index:0}
018578 LEAD S0: prevLog &raft.Entry{Command:interface {}(nil), Term:0, Index:0}
018579 INFO S2: (term 1) follower 收到 [0] AppendEntries [], prevIndex 0, prevTerm 0
018579 INFO S1: (term 1) follower 收到 [0] AppendEntries [], prevIndex 0, prevTerm 0
018580 LEAD S0: 1 append success next 1 match 0
018580 LEAD S0: 2 append success next 1 match 0
019080 LEAD S0: prevLog &raft.Entry{Command:interface {}(nil), Term:0, Index:0}
019080 LEAD S0: prevLog &raft.Entry{Command:interface {}(nil), Term:0, Index:0}
019081 INFO S2: (term 1) follower 收到 [0] AppendEntries [], prevIndex 0, prevTerm 0
019081 LEAD S0: 2 append success next 1 match 0
019081 INFO S1: (term 1) follower 收到 [0] AppendEntries [], prevIndex 0, prevTerm 0
019082 LEAD S0: 1 append success next 1 match 0
019581 LEAD S0: prevLog &raft.Entry{Command:interface {}(nil), Term:0, Index:0}
019582 LEAD S0: prevLog &raft.Entry{Command:interface {}(nil), Term:0, Index:0}
019582 INFO S2: (term 1) follower 收到 [0] AppendEntries [], prevIndex 0, prevTerm 0
019582 INFO S1: (term 1) follower 收到 [0] AppendEntries [], prevIndex 0, prevTerm 0
019583 LEAD S0: 2 append success next 1 match 0
019583 LEAD S0: 1 append success next 1 match 0
020083 LEAD S0: prevLog &raft.Entry{Command:interface {}(nil), Term:0, Index:0}
020083 LEAD S0: prevLog &raft.Entry{Command:interface {}(nil), Term:0, Index:0}
020084 INFO S1: (term 1) follower 收到 [0] AppendEntries [], prevIndex 0, prevTerm 0
020084 INFO S2: (term 1) follower 收到 [0] AppendEntries [], prevIndex 0, prevTerm 0
020084 LEAD S0: 1 append success next 1 match 0
020085 LEAD S0: 2 append success next 1 match 0
020585 LEAD S0: prevLog &raft.Entry{Command:interface {}(nil), Term:0, Index:0}
020585 LEAD S0: prevLog &raft.Entry{Command:interface {}(nil), Term:0, Index:0}
020586 INFO S2: (term 1) follower 收到 [0] AppendEntries [], prevIndex 0, prevTerm 0
020586 INFO S1: (term 1) follower 收到 [0] AppendEntries [], prevIndex 0, prevTerm 0
020586 LEAD S0: 2 append success next 1 match 0
020586 LEAD S0: 1 append success next 1 match 0
021087 LEAD S0: prevLog &raft.Entry{Command:interface {}(nil), Term:0, Index:0}
021087 LEAD S0: prevLog &raft.Entry{Command:interface {}(nil), Term:0, Index:0}
021087 INFO S1: (term 1) follower 收到 [0] AppendEntries [], prevIndex 0, prevTerm 0
021087 INFO S2: (term 1) follower 收到 [0] AppendEntries [], prevIndex 0, prevTerm 0
021088 LEAD S0: 1 append success next 1 match 0
021088 LEAD S0: 2 append success next 1 match 0
021588 LEAD S0: prevLog &raft.Entry{Command:interface {}(nil), Term:0, Index:0}
021589 LEAD S0: prevLog &raft.Entry{Command:interface {}(nil), Term:0, Index:0}
021589 INFO S1: (term 1) follower 收到 [0] AppendEntries [], prevIndex 0, prevTerm 0
021589 INFO S2: (term 1) follower 收到 [0] AppendEntries [], prevIndex 0, prevTerm 0
021590 LEAD S0: 1 append success next 1 match 0
021590 LEAD S0: 2 append success next 1 match 0
022091 LEAD S0: prevLog &raft.Entry{Command:interface {}(nil), Term:0, Index:0}
022091 LEAD S0: prevLog &raft.Entry{Command:interface {}(nil), Term:0, Index:0}
022092 INFO S2: (term 1) follower 收到 [0] AppendEntries [], prevIndex 0, prevTerm 0
022092 INFO S1: (term 1) follower 收到 [0] AppendEntries [], prevIndex 0, prevTerm 0
022092 LEAD S0: 1 append success next 1 match 0
022092 LEAD S0: 2 append success next 1 match 0
022593 LEAD S0: prevLog &raft.Entry{Command:interface {}(nil), Term:0, Index:0}
022593 LEAD S0: prevLog &raft.Entry{Command:interface {}(nil), Term:0, Index:0}
022594 INFO S1: (term 1) follower 收到 [0] AppendEntries [], prevIndex 0, prevTerm 0
022595 INFO S2: (term 1) follower 收到 [0] AppendEntries [], prevIndex 0, prevTerm 0
022595 LEAD S0: 1 append success next 1 match 0
022595 LEAD S0: 2 append success next 1 match 0
023095 LEAD S0: prevLog &raft.Entry{Command:interface {}(nil), Term:0, Index:0}
023095 LEAD S0: prevLog &raft.Entry{Command:interface {}(nil), Term:0, Index:0}
023095 INFO S2: (term 1) follower 收到 [0] AppendEntries [], prevIndex 0, prevTerm 0
023096 INFO S1: (term 1) follower 收到 [0] AppendEntries [], prevIndex 0, prevTerm 0
023096 LEAD S0: 2 append success next 1 match 0
023096 LEAD S0: 1 append success next 1 match 0
023597 LEAD S0: prevLog &raft.Entry{Command:interface {}(nil), Term:0, Index:0}
023597 LEAD S0: prevLog &raft.Entry{Command:interface {}(nil), Term:0, Index:0}
023598 INFO S1: (term 1) follower 收到 [0] AppendEntries [], prevIndex 0, prevTerm 0
023598 INFO S2: (term 1) follower 收到 [0] AppendEntries [], prevIndex 0, prevTerm 0
023598 LEAD S0: 1 append success next 1 match 0
023598 LEAD S0: 2 append success next 1 match 0
024098 LEAD S0: prevLog &raft.Entry{Command:interface {}(nil), Term:0, Index:0}
024098 LEAD S0: prevLog &raft.Entry{Command:interface {}(nil), Term:0, Index:0}
024099 INFO S1: (term 1) follower 收到 [0] AppendEntries [], prevIndex 0, prevTerm 0
024099 LEAD S0: 1 append success next 1 match 0
024099 INFO S2: (term 1) follower 收到 [0] AppendEntries [], prevIndex 0, prevTerm 0
024100 LEAD S0: 2 append success next 1 match 0
024601 LEAD S0: prevLog &raft.Entry{Command:interface {}(nil), Term:0, Index:0}
024601 LEAD S0: prevLog &raft.Entry{Command:interface {}(nil), Term:0, Index:0}
024602 INFO S2: (term 1) follower 收到 [0] AppendEntries [], prevIndex 0, prevTerm 0
024602 INFO S1: (term 1) follower 收到 [0] AppendEntries [], prevIndex 0, prevTerm 0
024602 LEAD S0: 1 append success next 1 match 0
024602 LEAD S0: 2 append success next 1 match 0
025103 LEAD S0: prevLog &raft.Entry{Command:interface {}(nil), Term:0, Index:0}
025103 LEAD S0: prevLog &raft.Entry{Command:interface {}(nil), Term:0, Index:0}
025104 INFO S2: (term 1) follower 收到 [0] AppendEntries [], prevIndex 0, prevTerm 0
025104 INFO S1: (term 1) follower 收到 [0] AppendEntries [], prevIndex 0, prevTerm 0
025104 LEAD S0: 2 append success next 1 match 0
025105 LEAD S0: 1 append success next 1 match 0
025605 LEAD S0: prevLog &raft.Entry{Command:interface {}(nil), Term:0, Index:0}
025605 LEAD S0: prevLog &raft.Entry{Command:interface {}(nil), Term:0, Index:0}
025606 INFO S2: (term 1) follower 收到 [0] AppendEntries [], prevIndex 0, prevTerm 0
025606 LEAD S0: 2 append success next 1 match 0
025606 INFO S1: (term 1) follower 收到 [0] AppendEntries [], prevIndex 0, prevTerm 0
025606 LEAD S0: 1 append success next 1 match 0
026108 LEAD S0: prevLog &raft.Entry{Command:interface {}(nil), Term:0, Index:0}
026108 LEAD S0: prevLog &raft.Entry{Command:interface {}(nil), Term:0, Index:0}
026108 INFO S1: (term 1) follower 收到 [0] AppendEntries [], prevIndex 0, prevTerm 0
026108 INFO S2: (term 1) follower 收到 [0] AppendEntries [], prevIndex 0, prevTerm 0
026109 LEAD S0: 1 append success next 1 match 0
026109 LEAD S0: 2 append success next 1 match 0
026609 LEAD S0: prevLog &raft.Entry{Command:interface {}(nil), Term:0, Index:0}
026609 LEAD S0: prevLog &raft.Entry{Command:interface {}(nil), Term:0, Index:0}
026610 INFO S2: (term 1) follower 收到 [0] AppendEntries [], prevIndex 0, prevTerm 0
026610 INFO S1: (term 1) follower 收到 [0] AppendEntries [], prevIndex 0, prevTerm 0
026611 LEAD S0: 1 append success next 1 match 0
026611 LEAD S0: 2 append success next 1 match 0
027112 LEAD S0: prevLog &raft.Entry{Command:interface {}(nil), Term:0, Index:0}
027112 LEAD S0: prevLog &raft.Entry{Command:interface {}(nil), Term:0, Index:0}
027113 INFO S2: (term 1) follower 收到 [0] AppendEntries [], prevIndex 0, prevTerm 0
027113 INFO S1: (term 1) follower 收到 [0] AppendEntries [], prevIndex 0, prevTerm 0
027113 LEAD S0: 1 append success next 1 match 0
027113 LEAD S0: 2 append success next 1 match 0
027615 LEAD S0: prevLog &raft.Entry{Command:interface {}(nil), Term:0, Index:0}
027615 LEAD S0: prevLog &raft.Entry{Command:interface {}(nil), Term:0, Index:0}
027615 INFO S2: (term 1) follower 收到 [0] AppendEntries [], prevIndex 0, prevTerm 0
027616 LEAD S0: 2 append success next 1 match 0
027616 INFO S1: (term 1) follower 收到 [0] AppendEntries [], prevIndex 0, prevTerm 0
027617 LEAD S0: 1 append success next 1 match 0
028117 LEAD S0: prevLog &raft.Entry{Command:interface {}(nil), Term:0, Index:0}
028117 LEAD S0: prevLog &raft.Entry{Command:interface {}(nil), Term:0, Index:0}
028118 INFO S1: (term 1) follower 收到 [0] AppendEntries [], prevIndex 0, prevTerm 0
028118 INFO S2: (term 1) follower 收到 [0] AppendEntries [], prevIndex 0, prevTerm 0
028118 LEAD S0: 1 append success next 1 match 0
028118 LEAD S0: 2 append success next 1 match 0
028618 LEAD S0: prevLog &raft.Entry{Command:interface {}(nil), Term:0, Index:0}
028619 LEAD S0: prevLog &raft.Entry{Command:interface {}(nil), Term:0, Index:0}
028619 INFO S1: (term 1) follower 收到 [0] AppendEntries [], prevIndex 0, prevTerm 0
028619 INFO S2: (term 1) follower 收到 [0] AppendEntries [], prevIndex 0, prevTerm 0
028620 LEAD S0: 1 append success next 1 match 0
028620 LEAD S0: 2 append success next 1 match 0
029120 LEAD S0: prevLog &raft.Entry{Command:interface {}(nil), Term:0, Index:0}
029120 LEAD S0: prevLog &raft.Entry{Command:interface {}(nil), Term:0, Index:0}
029121 INFO S1: (term 1) follower 收到 [0] AppendEntries [], prevIndex 0, prevTerm 0
029121 INFO S2: (term 1) follower 收到 [0] AppendEntries [], prevIndex 0, prevTerm 0
029121 LEAD S0: 1 append success next 1 match 0
029122 LEAD S0: 2 append success next 1 match 0
029623 LEAD S0: prevLog &raft.Entry{Command:interface {}(nil), Term:0, Index:0}
029623 LEAD S0: prevLog &raft.Entry{Command:interface {}(nil), Term:0, Index:0}
029623 INFO S2: (term 1) follower 收到 [0] AppendEntries [], prevIndex 0, prevTerm 0
029624 INFO S1: (term 1) follower 收到 [0] AppendEntries [], prevIndex 0, prevTerm 0
029624 LEAD S0: 2 append success next 1 match 0
029624 LEAD S0: 1 append success next 1 match 0
030124 LEAD S0: prevLog &raft.Entry{Command:interface {}(nil), Term:0, Index:0}
030124 LEAD S0: prevLog &raft.Entry{Command:interface {}(nil), Term:0, Index:0}
030125 INFO S2: (term 1) follower 收到 [0] AppendEntries [], prevIndex 0, prevTerm 0
030125 LEAD S0: 2 append success next 1 match 0
030126 INFO S1: (term 1) follower 收到 [0] AppendEntries [], prevIndex 0, prevTerm 0
030126 LEAD S0: 1 append success next 1 match 0
030626 LEAD S0: prevLog &raft.Entry{Command:interface {}(nil), Term:0, Index:0}
030626 LEAD S0: prevLog &raft.Entry{Command:interface {}(nil), Term:0, Index:0}
030627 INFO S2: (term 1) follower 收到 [0] AppendEntries [], prevIndex 0, prevTerm 0
030627 INFO S1: (term 1) follower 收到 [0] AppendEntries [], prevIndex 0, prevTerm 0
030627 LEAD S0: 2 append success next 1 match 0
030627 LEAD S0: 1 append success next 1 match 0
031128 LEAD S0: prevLog &raft.Entry{Command:interface {}(nil), Term:0, Index:0}
031128 LEAD S0: prevLog &raft.Entry{Command:interface {}(nil), Term:0, Index:0}
031129 INFO S1: (term 1) follower 收到 [0] AppendEntries [], prevIndex 0, prevTerm 0
031129 LEAD S0: 1 append success next 1 match 0
031129 INFO S2: (term 1) follower 收到 [0] AppendEntries [], prevIndex 0, prevTerm 0
031130 LEAD S0: 2 append success next 1 match 0
031631 LEAD S0: prevLog &raft.Entry{Command:interface {}(nil), Term:0, Index:0}
031631 LEAD S0: prevLog &raft.Entry{Command:interface {}(nil), Term:0, Index:0}
031632 INFO S2: (term 1) follower 收到 [0] AppendEntries [], prevIndex 0, prevTerm 0
031632 INFO S1: (term 1) follower 收到 [0] AppendEntries [], prevIndex 0, prevTerm 0
031632 LEAD S0: 2 append success next 1 match 0
031632 LEAD S0: 1 append success next 1 match 0
032133 LEAD S0: prevLog &raft.Entry{Command:interface {}(nil), Term:0, Index:0}
032133 LEAD S0: prevLog &raft.Entry{Command:interface {}(nil), Term:0, Index:0}
032134 INFO S1: (term 1) follower 收到 [0] AppendEntries [], prevIndex 0, prevTerm 0
032134 LEAD S0: 1 append success next 1 match 0
032134 INFO S2: (term 1) follower 收到 [0] AppendEntries [], prevIndex 0, prevTerm 0
032135 LEAD S0: 2 append success next 1 match 0
032636 LEAD S0: prevLog &raft.Entry{Command:interface {}(nil), Term:0, Index:0}
032636 LEAD S0: prevLog &raft.Entry{Command:interface {}(nil), Term:0, Index:0}
032637 INFO S1: (term 1) follower 收到 [0] AppendEntries [], prevIndex 0, prevTerm 0
032637 INFO S2: (term 1) follower 收到 [0] AppendEntries [], prevIndex 0, prevTerm 0
032637 LEAD S0: 1 append success next 1 match 0
032637 LEAD S0: 2 append success next 1 match 0
033138 LEAD S0: prevLog &raft.Entry{Command:interface {}(nil), Term:0, Index:0}
033138 LEAD S0: prevLog &raft.Entry{Command:interface {}(nil), Term:0, Index:0}
033139 INFO S2: (term 1) follower 收到 [0] AppendEntries [], prevIndex 0, prevTerm 0
033139 INFO S1: (term 1) follower 收到 [0] AppendEntries [], prevIndex 0, prevTerm 0
033139 LEAD S0: 2 append success next 1 match 0
033139 LEAD S0: 1 append success next 1 match 0
033640 LEAD S0: prevLog &raft.Entry{Command:interface {}(nil), Term:0, Index:0}
033640 LEAD S0: prevLog &raft.Entry{Command:interface {}(nil), Term:0, Index:0}
033641 INFO S1: (term 1) follower 收到 [0] AppendEntries [], prevIndex 0, prevTerm 0
033641 INFO S2: (term 1) follower 收到 [0] AppendEntries [], prevIndex 0, prevTerm 0
033641 LEAD S0: 1 append success next 1 match 0
033641 LEAD S0: 2 append success next 1 match 0
034142 LEAD S0: prevLog &raft.Entry{Command:interface {}(nil), Term:0, Index:0}
034142 LEAD S0: prevLog &raft.Entry{Command:interface {}(nil), Term:0, Index:0}
034142 INFO S2: (term 1) follower 收到 [0] AppendEntries [], prevIndex 0, prevTerm 0
034145 LEAD S0: 2 append success next 1 match 0
034145 INFO S1: (term 1) follower 收到 [0] AppendEntries [], prevIndex 0, prevTerm 0
034148 LEAD S0: 1 append success next 1 match 0
034644 LEAD S0: prevLog &raft.Entry{Command:interface {}(nil), Term:0, Index:0}
034644 LEAD S0: prevLog &raft.Entry{Command:interface {}(nil), Term:0, Index:0}
034645 INFO S2: (term 1) follower 收到 [0] AppendEntries [], prevIndex 0, prevTerm 0
034645 INFO S1: (term 1) follower 收到 [0] AppendEntries [], prevIndex 0, prevTerm 0
034645 LEAD S0: 2 append success next 1 match 0
034645 LEAD S0: 1 append success next 1 match 0
035146 LEAD S0: prevLog &raft.Entry{Command:interface {}(nil), Term:0, Index:0}
035146 LEAD S0: prevLog &raft.Entry{Command:interface {}(nil), Term:0, Index:0}
035146 INFO S2: (term 1) follower 收到 [0] AppendEntries [], prevIndex 0, prevTerm 0
035147 INFO S1: (term 1) follower 收到 [0] AppendEntries [], prevIndex 0, prevTerm 0
035147 LEAD S0: 2 append success next 1 match 0
035147 LEAD S0: 1 append success next 1 match 0
035647 LEAD S0: prevLog &raft.Entry{Command:interface {}(nil), Term:0, Index:0}
035647 LEAD S0: prevLog &raft.Entry{Command:interface {}(nil), Term:0, Index:0}
035648 INFO S2: (term 1) follower 收到 [0] AppendEntries [], prevIndex 0, prevTerm 0
035648 LEAD S0: 2 append success next 1 match 0
035648 INFO S1: (term 1) follower 收到 [0] AppendEntries [], prevIndex 0, prevTerm 0
035649 LEAD S0: 1 append success next 1 match 0
036149 LEAD S0: prevLog &raft.Entry{Command:interface {}(nil), Term:0, Index:0}
036149 LEAD S0: prevLog &raft.Entry{Command:interface {}(nil), Term:0, Index:0}
036150 INFO S2: (term 1) follower 收到 [0] AppendEntries [], prevIndex 0, prevTerm 0
036150 INFO S1: (term 1) follower 收到 [0] AppendEntries [], prevIndex 0, prevTerm 0
036150 LEAD S0: 2 append success next 1 match 0
036150 LEAD S0: 1 append success next 1 match 0
036652 LEAD S0: prevLog &raft.Entry{Command:interface {}(nil), Term:0, Index:0}
036652 LEAD S0: prevLog &raft.Entry{Command:interface {}(nil), Term:0, Index:0}
036653 INFO S2: (term 1) follower 收到 [0] AppendEntries [], prevIndex 0, prevTerm 0
036653 INFO S1: (term 1) follower 收到 [0] AppendEntries [], prevIndex 0, prevTerm 0
036653 LEAD S0: 2 append success next 1 match 0
036654 LEAD S0: 1 append success next 1 match 0
037154 LEAD S0: prevLog &raft.Entry{Command:interface {}(nil), Term:0, Index:0}
037154 LEAD S0: prevLog &raft.Entry{Command:interface {}(nil), Term:0, Index:0}
037155 INFO S1: (term 1) follower 收到 [0] AppendEntries [], prevIndex 0, prevTerm 0
037155 INFO S2: (term 1) follower 收到 [0] AppendEntries [], prevIndex 0, prevTerm 0
037155 LEAD S0: 1 append success next 1 match 0
037155 LEAD S0: 2 append success next 1 match 0
037655 LEAD S0: prevLog &raft.Entry{Command:interface {}(nil), Term:0, Index:0}
037656 LEAD S0: prevLog &raft.Entry{Command:interface {}(nil), Term:0, Index:0}
037656 INFO S2: (term 1) follower 收到 [0] AppendEntries [], prevIndex 0, prevTerm 0
037656 INFO S1: (term 1) follower 收到 [0] AppendEntries [], prevIndex 0, prevTerm 0
037657 LEAD S0: 1 append success next 1 match 0
037657 LEAD S0: 2 append success next 1 match 0
038157 LEAD S0: prevLog &raft.Entry{Command:interface {}(nil), Term:0, Index:0}
038157 LEAD S0: prevLog &raft.Entry{Command:interface {}(nil), Term:0, Index:0}
038158 INFO S1: (term 1) follower 收到 [0] AppendEntries [], prevIndex 0, prevTerm 0
038158 INFO S2: (term 1) follower 收到 [0] AppendEntries [], prevIndex 0, prevTerm 0
038158 LEAD S0: 2 append success next 1 match 0
038158 LEAD S0: 1 append success next 1 match 0
038659 LEAD S0: prevLog &raft.Entry{Command:interface {}(nil), Term:0, Index:0}
038659 LEAD S0: prevLog &raft.Entry{Command:interface {}(nil), Term:0, Index:0}
038660 INFO S2: (term 1) follower 收到 [0] AppendEntries [], prevIndex 0, prevTerm 0
038660 INFO S1: (term 1) follower 收到 [0] AppendEntries [], prevIndex 0, prevTerm 0
038660 LEAD S0: 2 append success next 1 match 0
038660 LEAD S0: 1 append success next 1 match 0
039160 LEAD S0: prevLog &raft.Entry{Command:interface {}(nil), Term:0, Index:0}
039160 LEAD S0: prevLog &raft.Entry{Command:interface {}(nil), Term:0, Index:0}
039161 INFO S2: (term 1) follower 收到 [0] AppendEntries [], prevIndex 0, prevTerm 0
039161 INFO S1: (term 1) follower 收到 [0] AppendEntries [], prevIndex 0, prevTerm 0
039161 LEAD S0: 2 append success next 1 match 0
039162 LEAD S0: 1 append success next 1 match 0
039662 LEAD S0: prevLog &raft.Entry{Command:interface {}(nil), Term:0, Index:0}
039662 LEAD S0: prevLog &raft.Entry{Command:interface {}(nil), Term:0, Index:0}
039663 INFO S1: (term 1) follower 收到 [0] AppendEntries [], prevIndex 0, prevTerm 0
039663 INFO S2: (term 1) follower 收到 [0] AppendEntries [], prevIndex 0, prevTerm 0
039663 LEAD S0: 1 append success next 1 match 0
039663 LEAD S0: 2 append success next 1 match 0
040164 LEAD S0: prevLog &raft.Entry{Command:interface {}(nil), Term:0, Index:0}
040164 LEAD S0: prevLog &raft.Entry{Command:interface {}(nil), Term:0, Index:0}
040165 INFO S2: (term 1) follower 收到 [0] AppendEntries [], prevIndex 0, prevTerm 0
040165 INFO S1: (term 1) follower 收到 [0] AppendEntries [], prevIndex 0, prevTerm 0
040165 LEAD S0: 2 append success next 1 match 0
040165 LEAD S0: 1 append success next 1 match 0
040665 LEAD S0: prevLog &raft.Entry{Command:interface {}(nil), Term:0, Index:0}
040666 LEAD S0: prevLog &raft.Entry{Command:interface {}(nil), Term:0, Index:0}
040666 INFO S1: (term 1) follower 收到 [0] AppendEntries [], prevIndex 0, prevTerm 0
040667 LEAD S0: 1 append success next 1 match 0
040667 INFO S2: (term 1) follower 收到 [0] AppendEntries [], prevIndex 0, prevTerm 0
040667 LEAD S0: 2 append success next 1 match 0
041168 LEAD S0: prevLog &raft.Entry{Command:interface {}(nil), Term:0, Index:0}
041168 LEAD S0: prevLog &raft.Entry{Command:interface {}(nil), Term:0, Index:0}
041169 INFO S2: (term 1) follower 收到 [0] AppendEntries [], prevIndex 0, prevTerm 0
041169 LEAD S0: 2 append success next 1 match 0
041169 INFO S1: (term 1) follower 收到 [0] AppendEntries [], prevIndex 0, prevTerm 0
041170 LEAD S0: 1 append success next 1 match 0
041671 LEAD S0: prevLog &raft.Entry{Command:interface {}(nil), Term:0, Index:0}
041671 LEAD S0: prevLog &raft.Entry{Command:interface {}(nil), Term:0, Index:0}
041672 INFO S2: (term 1) follower 收到 [0] AppendEntries [], prevIndex 0, prevTerm 0
041672 LEAD S0: 2 append success next 1 match 0
041672 INFO S1: (term 1) follower 收到 [0] AppendEntries [], prevIndex 0, prevTerm 0
041672 LEAD S0: 1 append success next 1 match 0
042173 LEAD S0: prevLog &raft.Entry{Command:interface {}(nil), Term:0, Index:0}
042173 LEAD S0: prevLog &raft.Entry{Command:interface {}(nil), Term:0, Index:0}
042174 INFO S2: (term 1) follower 收到 [0] AppendEntries [], prevIndex 0, prevTerm 0
042174 LEAD S0: 2 append success next 1 match 0
042174 INFO S1: (term 1) follower 收到 [0] AppendEntries [], prevIndex 0, prevTerm 0
042175 LEAD S0: 1 append success next 1 match 0
042676 LEAD S0: prevLog &raft.Entry{Command:interface {}(nil), Term:0, Index:0}
042676 LEAD S0: prevLog &raft.Entry{Command:interface {}(nil), Term:0, Index:0}
042677 INFO S2: (term 1) follower 收到 [0] AppendEntries [], prevIndex 0, prevTerm 0
042677 INFO S1: (term 1) follower 收到 [0] AppendEntries [], prevIndex 0, prevTerm 0
042677 LEAD S0: 2 append success next 1 match 0
042678 LEAD S0: 1 append success next 1 match 0
043178 LEAD S0: prevLog &raft.Entry{Command:interface {}(nil), Term:0, Index:0}
043178 LEAD S0: prevLog &raft.Entry{Command:interface {}(nil), Term:0, Index:0}
043179 INFO S1: (term 1) follower 收到 [0] AppendEntries [], prevIndex 0, prevTerm 0
043179 INFO S2: (term 1) follower 收到 [0] AppendEntries [], prevIndex 0, prevTerm 0
043179 LEAD S0: 1 append success next 1 match 0
043179 LEAD S0: 2 append success next 1 match 0
043680 LEAD S0: prevLog &raft.Entry{Command:interface {}(nil), Term:0, Index:0}
043699 LEAD S0: prevLog &raft.Entry{Command:interface {}(nil), Term:0, Index:0}
043700 INFO S2: (term 1) follower 收到 [0] AppendEntries [], prevIndex 0, prevTerm 0
043700 INFO S1: (term 1) follower 收到 [0] AppendEntries [], prevIndex 0, prevTerm 0
043700 LEAD S0: 2 append success next 1 match 0
043700 LEAD S0: 1 append success next 1 match 0
044203 LEAD S0: prevLog &raft.Entry{Command:interface {}(nil), Term:0, Index:0}
044203 LEAD S0: prevLog &raft.Entry{Command:interface {}(nil), Term:0, Index:0}
044204 INFO S2: (term 1) follower 收到 [0] AppendEntries [], prevIndex 0, prevTerm 0
044204 LEAD S0: 2 append success next 1 match 0
044204 INFO S1: (term 1) follower 收到 [0] AppendEntries [], prevIndex 0, prevTerm 0
044205 LEAD S0: 1 append success next 1 match 0
044706 LEAD S0: prevLog &raft.Entry{Command:interface {}(nil), Term:0, Index:0}
044706 LEAD S0: prevLog &raft.Entry{Command:interface {}(nil), Term:0, Index:0}
044707 INFO S2: (term 1) follower 收到 [0] AppendEntries [], prevIndex 0, prevTerm 0
044707 LEAD S0: 2 append success next 1 match 0
044707 INFO S1: (term 1) follower 收到 [0] AppendEntries [], prevIndex 0, prevTerm 0
044707 LEAD S0: 1 append success next 1 match 0
045208 LEAD S0: prevLog &raft.Entry{Command:interface {}(nil), Term:0, Index:0}
045209 LEAD S0: prevLog &raft.Entry{Command:interface {}(nil), Term:0, Index:0}
045209 INFO S2: (term 1) follower 收到 [0] AppendEntries [], prevIndex 0, prevTerm 0
045210 INFO S1: (term 1) follower 收到 [0] AppendEntries [], prevIndex 0, prevTerm 0
045210 LEAD S0: 2 append success next 1 match 0
045210 LEAD S0: 1 append success next 1 match 0
045712 LEAD S0: prevLog &raft.Entry{Command:interface {}(nil), Term:0, Index:0}
045712 LEAD S0: prevLog &raft.Entry{Command:interface {}(nil), Term:0, Index:0}
045713 INFO S2: (term 1) follower 收到 [0] AppendEntries [], prevIndex 0, prevTerm 0
045713 INFO S1: (term 1) follower 收到 [0] AppendEntries [], prevIndex 0, prevTerm 0
045714 LEAD S0: 2 append success next 1 match 0
045714 LEAD S0: 1 append success next 1 match 0
046215 LEAD S0: prevLog &raft.Entry{Command:interface {}(nil), Term:0, Index:0}
046215 LEAD S0: prevLog &raft.Entry{Command:interface {}(nil), Term:0, Index:0}
046216 INFO S2: (term 1) follower 收到 [0] AppendEntries [], prevIndex 0, prevTerm 0
046216 INFO S1: (term 1) follower 收到 [0] AppendEntries [], prevIndex 0, prevTerm 0
046217 LEAD S0: 2 append success next 1 match 0
046217 LEAD S0: 1 append success next 1 match 0
046718 LEAD S0: prevLog &raft.Entry{Command:interface {}(nil), Term:0, Index:0}
046718 LEAD S0: prevLog &raft.Entry{Command:interface {}(nil), Term:0, Index:0}
046719 INFO S2: (term 1) follower 收到 [0] AppendEntries [], prevIndex 0, prevTerm 0
046719 LEAD S0: 2 append success next 1 match 0
046719 INFO S1: (term 1) follower 收到 [0] AppendEntries [], prevIndex 0, prevTerm 0
046720 LEAD S0: 1 append success next 1 match 0
047221 LEAD S0: prevLog &raft.Entry{Command:interface {}(nil), Term:0, Index:0}
047222 LEAD S0: prevLog &raft.Entry{Command:interface {}(nil), Term:0, Index:0}
047222 INFO S1: (term 1) follower 收到 [0] AppendEntries [], prevIndex 0, prevTerm 0
047222 INFO S2: (term 1) follower 收到 [0] AppendEntries [], prevIndex 0, prevTerm 0
047223 LEAD S0: 2 append success next 1 match 0
047223 LEAD S0: 1 append success next 1 match 0
047725 LEAD S0: prevLog &raft.Entry{Command:interface {}(nil), Term:0, Index:0}
047726 LEAD S0: prevLog &raft.Entry{Command:interface {}(nil), Term:0, Index:0}
047727 INFO S1: (term 1) follower 收到 [0] AppendEntries [], prevIndex 0, prevTerm 0
047727 LEAD S0: 1 append success next 1 match 0
047727 INFO S2: (term 1) follower 收到 [0] AppendEntries [], prevIndex 0, prevTerm 0
047727 LEAD S0: 2 append success next 1 match 0
048228 LEAD S0: prevLog &raft.Entry{Command:interface {}(nil), Term:0, Index:0}
048228 LEAD S0: prevLog &raft.Entry{Command:interface {}(nil), Term:0, Index:0}
048229 INFO S1: (term 1) follower 收到 [0] AppendEntries [], prevIndex 0, prevTerm 0
048230 LEAD S0: 1 append success next 1 match 0
048229 INFO S2: (term 1) follower 收到 [0] AppendEntries [], prevIndex 0, prevTerm 0
048230 LEAD S0: 2 append success next 1 match 0
048731 LEAD S0: prevLog &raft.Entry{Command:interface {}(nil), Term:0, Index:0}
048731 LEAD S0: prevLog &raft.Entry{Command:interface {}(nil), Term:0, Index:0}
048732 INFO S2: (term 1) follower 收到 [0] AppendEntries [], prevIndex 0, prevTerm 0
048732 INFO S1: (term 1) follower 收到 [0] AppendEntries [], prevIndex 0, prevTerm 0
048732 LEAD S0: 2 append success next 1 match 0
048733 LEAD S0: 1 append success next 1 match 0
049234 LEAD S0: prevLog &raft.Entry{Command:interface {}(nil), Term:0, Index:0}
049234 LEAD S0: prevLog &raft.Entry{Command:interface {}(nil), Term:0, Index:0}
049235 INFO S1: (term 1) follower 收到 [0] AppendEntries [], prevIndex 0, prevTerm 0
049235 INFO S2: (term 1) follower 收到 [0] AppendEntries [], prevIndex 0, prevTerm 0
049235 LEAD S0: 1 append success next 1 match 0
049235 LEAD S0: 2 append success next 1 match 0
049737 LEAD S0: prevLog &raft.Entry{Command:interface {}(nil), Term:0, Index:0}
049738 LEAD S0: prevLog &raft.Entry{Command:interface {}(nil), Term:0, Index:0}
049739 INFO S2: (term 1) follower 收到 [0] AppendEntries [], prevIndex 0, prevTerm 0
049739 INFO S1: (term 1) follower 收到 [0] AppendEntries [], prevIndex 0, prevTerm 0
049739 LEAD S0: 2 append success next 1 match 0
049739 LEAD S0: 1 append success next 1 match 0
050240 LEAD S0: prevLog &raft.Entry{Command:interface {}(nil), Term:0, Index:0}
050240 LEAD S0: prevLog &raft.Entry{Command:interface {}(nil), Term:0, Index:0}
050241 INFO S1: (term 1) follower 收到 [0] AppendEntries [], prevIndex 0, prevTerm 0
050241 INFO S2: (term 1) follower 收到 [0] AppendEntries [], prevIndex 0, prevTerm 0
050241 LEAD S0: 1 append success next 1 match 0
050241 LEAD S0: 2 append success next 1 match 0
050743 LEAD S0: prevLog &raft.Entry{Command:interface {}(nil), Term:0, Index:0}
050743 LEAD S0: prevLog &raft.Entry{Command:interface {}(nil), Term:0, Index:0}
050744 INFO S2: (term 1) follower 收到 [0] AppendEntries [], prevIndex 0, prevTerm 0
050744 INFO S1: (term 1) follower 收到 [0] AppendEntries [], prevIndex 0, prevTerm 0
050744 LEAD S0: 2 append success next 1 match 0
050744 LEAD S0: 1 append success next 1 match 0
051246 LEAD S0: prevLog &raft.Entry{Command:interface {}(nil), Term:0, Index:0}
051246 LEAD S0: prevLog &raft.Entry{Command:interface {}(nil), Term:0, Index:0}
051247 INFO S1: (term 1) follower 收到 [0] AppendEntries [], prevIndex 0, prevTerm 0
051247 INFO S2: (term 1) follower 收到 [0] AppendEntries [], prevIndex 0, prevTerm 0
051247 LEAD S0: 1 append success next 1 match 0
051247 LEAD S0: 2 append success next 1 match 0
051748 LEAD S0: prevLog &raft.Entry{Command:interface {}(nil), Term:0, Index:0}
051749 LEAD S0: prevLog &raft.Entry{Command:interface {}(nil), Term:0, Index:0}
051749 INFO S1: (term 1) follower 收到 [0] AppendEntries [], prevIndex 0, prevTerm 0
051749 INFO S2: (term 1) follower 收到 [0] AppendEntries [], prevIndex 0, prevTerm 0
051750 LEAD S0: 1 append success next 1 match 0
051750 LEAD S0: 2 append success next 1 match 0
052251 LEAD S0: prevLog &raft.Entry{Command:interface {}(nil), Term:0, Index:0}
052252 LEAD S0: prevLog &raft.Entry{Command:interface {}(nil), Term:0, Index:0}
052252 INFO S2: (term 1) follower 收到 [0] AppendEntries [], prevIndex 0, prevTerm 0
052253 LEAD S0: 2 append success next 1 match 0
052253 INFO S1: (term 1) follower 收到 [0] AppendEntries [], prevIndex 0, prevTerm 0
052253 LEAD S0: 1 append success next 1 match 0
052754 LEAD S0: prevLog &raft.Entry{Command:interface {}(nil), Term:0, Index:0}
052755 LEAD S0: prevLog &raft.Entry{Command:interface {}(nil), Term:0, Index:0}
052755 INFO S1: (term 1) follower 收到 [0] AppendEntries [], prevIndex 0, prevTerm 0
052755 INFO S2: (term 1) follower 收到 [0] AppendEntries [], prevIndex 0, prevTerm 0
052756 LEAD S0: 1 append success next 1 match 0
052756 LEAD S0: 2 append success next 1 match 0
053257 LEAD S0: prevLog &raft.Entry{Command:interface {}(nil), Term:0, Index:0}
053257 LEAD S0: prevLog &raft.Entry{Command:interface {}(nil), Term:0, Index:0}
053258 INFO S1: (term 1) follower 收到 [0] AppendEntries [], prevIndex 0, prevTerm 0
053258 INFO S2: (term 1) follower 收到 [0] AppendEntries [], prevIndex 0, prevTerm 0
053258 LEAD S0: 1 append success next 1 match 0
053258 LEAD S0: 2 append success next 1 match 0
053760 LEAD S0: prevLog &raft.Entry{Command:interface {}(nil), Term:0, Index:0}
053760 LEAD S0: prevLog &raft.Entry{Command:interface {}(nil), Term:0, Index:0}
053761 INFO S2: (term 1) follower 收到 [0] AppendEntries [], prevIndex 0, prevTerm 0
053761 INFO S1: (term 1) follower 收到 [0] AppendEntries [], prevIndex 0, prevTerm 0
053761 LEAD S0: 1 append success next 1 match 0
053761 LEAD S0: 2 append success next 1 match 0
054263 LEAD S0: prevLog &raft.Entry{Command:interface {}(nil), Term:0, Index:0}
054263 LEAD S0: prevLog &raft.Entry{Command:interface {}(nil), Term:0, Index:0}
054264 INFO S1: (term 1) follower 收到 [0] AppendEntries [], prevIndex 0, prevTerm 0
054264 INFO S2: (term 1) follower 收到 [0] AppendEntries [], prevIndex 0, prevTerm 0
054264 LEAD S0: 1 append success next 1 match 0
054264 LEAD S0: 2 append success next 1 match 0
054766 LEAD S0: prevLog &raft.Entry{Command:interface {}(nil), Term:0, Index:0}
054766 LEAD S0: prevLog &raft.Entry{Command:interface {}(nil), Term:0, Index:0}
054767 INFO S1: (term 1) follower 收到 [0] AppendEntries [], prevIndex 0, prevTerm 0
054767 INFO S2: (term 1) follower 收到 [0] AppendEntries [], prevIndex 0, prevTerm 0
054767 LEAD S0: 1 append success next 1 match 0
054767 LEAD S0: 2 append success next 1 match 0
055269 LEAD S0: prevLog &raft.Entry{Command:interface {}(nil), Term:0, Index:0}
055269 LEAD S0: prevLog &raft.Entry{Command:interface {}(nil), Term:0, Index:0}
055270 INFO S1: (term 1) follower 收到 [0] AppendEntries [], prevIndex 0, prevTerm 0
055270 INFO S2: (term 1) follower 收到 [0] AppendEntries [], prevIndex 0, prevTerm 0
055270 LEAD S0: 1 append success next 1 match 0
055270 LEAD S0: 2 append success next 1 match 0
055772 LEAD S0: prevLog &raft.Entry{Command:interface {}(nil), Term:0, Index:0}
055772 LEAD S0: prevLog &raft.Entry{Command:interface {}(nil), Term:0, Index:0}
055773 INFO S1: (term 1) follower 收到 [0] AppendEntries [], prevIndex 0, prevTerm 0
055773 INFO S2: (term 1) follower 收到 [0] AppendEntries [], prevIndex 0, prevTerm 0
055773 LEAD S0: 1 append success next 1 match 0
055774 LEAD S0: 2 append success next 1 match 0
056275 LEAD S0: prevLog &raft.Entry{Command:interface {}(nil), Term:0, Index:0}
056275 LEAD S0: prevLog &raft.Entry{Command:interface {}(nil), Term:0, Index:0}
056276 INFO S2: (term 1) follower 收到 [0] AppendEntries [], prevIndex 0, prevTerm 0
056276 INFO S1: (term 1) follower 收到 [0] AppendEntries [], prevIndex 0, prevTerm 0
056276 LEAD S0: 2 append success next 1 match 0
056277 LEAD S0: 1 append success next 1 match 0
056778 LEAD S0: prevLog &raft.Entry{Command:interface {}(nil), Term:0, Index:0}
056778 LEAD S0: prevLog &raft.Entry{Command:interface {}(nil), Term:0, Index:0}
056779 INFO S1: (term 1) follower 收到 [0] AppendEntries [], prevIndex 0, prevTerm 0
056779 INFO S2: (term 1) follower 收到 [0] AppendEntries [], prevIndex 0, prevTerm 0
056779 LEAD S0: 1 append success next 1 match 0
056780 LEAD S0: 2 append success next 1 match 0
057281 LEAD S0: prevLog &raft.Entry{Command:interface {}(nil), Term:0, Index:0}
057281 LEAD S0: prevLog &raft.Entry{Command:interface {}(nil), Term:0, Index:0}
057282 INFO S1: (term 1) follower 收到 [0] AppendEntries [], prevIndex 0, prevTerm 0
057282 INFO S2: (term 1) follower 收到 [0] AppendEntries [], prevIndex 0, prevTerm 0
057282 LEAD S0: 1 append success next 1 match 0
057282 LEAD S0: 2 append success next 1 match 0
057783 LEAD S0: prevLog &raft.Entry{Command:interface {}(nil), Term:0, Index:0}
057784 LEAD S0: prevLog &raft.Entry{Command:interface {}(nil), Term:0, Index:0}
057784 INFO S1: (term 1) follower 收到 [0] AppendEntries [], prevIndex 0, prevTerm 0
057784 INFO S2: (term 1) follower 收到 [0] AppendEntries [], prevIndex 0, prevTerm 0
057785 LEAD S0: 1 append success next 1 match 0
057785 LEAD S0: 2 append success next 1 match 0
058286 LEAD S0: prevLog &raft.Entry{Command:interface {}(nil), Term:0, Index:0}
058286 LEAD S0: prevLog &raft.Entry{Command:interface {}(nil), Term:0, Index:0}
058287 INFO S2: (term 1) follower 收到 [0] AppendEntries [], prevIndex 0, prevTerm 0
058287 INFO S1: (term 1) follower 收到 [0] AppendEntries [], prevIndex 0, prevTerm 0
058287 LEAD S0: 2 append success next 1 match 0
058288 LEAD S0: 1 append success next 1 match 0
058789 LEAD S0: prevLog &raft.Entry{Command:interface {}(nil), Term:0, Index:0}
058789 LEAD S0: prevLog &raft.Entry{Command:interface {}(nil), Term:0, Index:0}
058790 INFO S2: (term 1) follower 收到 [0] AppendEntries [], prevIndex 0, prevTerm 0
058790 INFO S1: (term 1) follower 收到 [0] AppendEntries [], prevIndex 0, prevTerm 0
058790 LEAD S0: 1 append success next 1 match 0
058790 LEAD S0: 2 append success next 1 match 0
059292 LEAD S0: prevLog &raft.Entry{Command:interface {}(nil), Term:0, Index:0}
059292 LEAD S0: prevLog &raft.Entry{Command:interface {}(nil), Term:0, Index:0}
059293 INFO S1: (term 1) follower 收到 [0] AppendEntries [], prevIndex 0, prevTerm 0
059293 INFO S2: (term 1) follower 收到 [0] AppendEntries [], prevIndex 0, prevTerm 0
059293 LEAD S0: 1 append success next 1 match 0
059293 LEAD S0: 2 append success next 1 match 0
059794 LEAD S0: prevLog &raft.Entry{Command:interface {}(nil), Term:0, Index:0}
059795 LEAD S0: prevLog &raft.Entry{Command:interface {}(nil), Term:0, Index:0}
059795 INFO S2: (term 1) follower 收到 [0] AppendEntries [], prevIndex 0, prevTerm 0
059795 INFO S1: (term 1) follower 收到 [0] AppendEntries [], prevIndex 0, prevTerm 0
059796 LEAD S0: 2 append success next 1 match 0
059796 LEAD S0: 1 append success next 1 match 0
060298 LEAD S0: prevLog &raft.Entry{Command:interface {}(nil), Term:0, Index:0}
060298 LEAD S0: prevLog &raft.Entry{Command:interface {}(nil), Term:0, Index:0}
060299 INFO S2: (term 1) follower 收到 [0] AppendEntries [], prevIndex 0, prevTerm 0
060299 INFO S1: (term 1) follower 收到 [0] AppendEntries [], prevIndex 0, prevTerm 0
060299 LEAD S0: 2 append success next 1 match 0
060299 LEAD S0: 1 append success next 1 match 0
060800 LEAD S0: prevLog &raft.Entry{Command:interface {}(nil), Term:0, Index:0}
060801 LEAD S0: prevLog &raft.Entry{Command:interface {}(nil), Term:0, Index:0}
060801 INFO S2: (term 1) follower 收到 [0] AppendEntries [], prevIndex 0, prevTerm 0
060801 INFO S1: (term 1) follower 收到 [0] AppendEntries [], prevIndex 0, prevTerm 0
060802 LEAD S0: 2 append success next 1 match 0
060802 LEAD S0: 1 append success next 1 match 0
061303 LEAD S0: prevLog &raft.Entry{Command:interface {}(nil), Term:0, Index:0}
061304 LEAD S0: prevLog &raft.Entry{Command:interface {}(nil), Term:0, Index:0}
061304 INFO S2: (term 1) follower 收到 [0] AppendEntries [], prevIndex 0, prevTerm 0
061304 INFO S1: (term 1) follower 收到 [0] AppendEntries [], prevIndex 0, prevTerm 0
061305 LEAD S0: 2 append success next 1 match 0
061305 LEAD S0: 1 append success next 1 match 0
061806 LEAD S0: prevLog &raft.Entry{Command:interface {}(nil), Term:0, Index:0}
061806 LEAD S0: prevLog &raft.Entry{Command:interface {}(nil), Term:0, Index:0}
061807 INFO S1: (term 1) follower 收到 [0] AppendEntries [], prevIndex 0, prevTerm 0
061807 INFO S2: (term 1) follower 收到 [0] AppendEntries [], prevIndex 0, prevTerm 0
061807 LEAD S0: 1 append success next 1 match 0
061808 LEAD S0: 2 append success next 1 match 0
062309 LEAD S0: prevLog &raft.Entry{Command:interface {}(nil), Term:0, Index:0}
062310 LEAD S0: prevLog &raft.Entry{Command:interface {}(nil), Term:0, Index:0}
062310 INFO S1: (term 1) follower 收到 [0] AppendEntries [], prevIndex 0, prevTerm 0
062310 INFO S2: (term 1) follower 收到 [0] AppendEntries [], prevIndex 0, prevTerm 0
062311 LEAD S0: 1 append success next 1 match 0
062311 LEAD S0: 2 append success next 1 match 0
062812 LEAD S0: prevLog &raft.Entry{Command:interface {}(nil), Term:0, Index:0}
062813 LEAD S0: prevLog &raft.Entry{Command:interface {}(nil), Term:0, Index:0}
062813 INFO S2: (term 1) follower 收到 [0] AppendEntries [], prevIndex 0, prevTerm 0
062813 INFO S1: (term 1) follower 收到 [0] AppendEntries [], prevIndex 0, prevTerm 0
062814 LEAD S0: 2 append success next 1 match 0
062814 LEAD S0: 1 append success next 1 match 0
063315 LEAD S0: prevLog &raft.Entry{Command:interface {}(nil), Term:0, Index:0}
063315 LEAD S0: prevLog &raft.Entry{Command:interface {}(nil), Term:0, Index:0}
063316 INFO S2: (term 1) follower 收到 [0] AppendEntries [], prevIndex 0, prevTerm 0
063316 INFO S1: (term 1) follower 收到 [0] AppendEntries [], prevIndex 0, prevTerm 0
063316 LEAD S0: 2 append success next 1 match 0
063317 LEAD S0: 1 append success next 1 match 0
063818 LEAD S0: prevLog &raft.Entry{Command:interface {}(nil), Term:0, Index:0}
063818 LEAD S0: prevLog &raft.Entry{Command:interface {}(nil), Term:0, Index:0}
063819 INFO S1: (term 1) follower 收到 [0] AppendEntries [], prevIndex 0, prevTerm 0
063819 INFO S2: (term 1) follower 收到 [0] AppendEntries [], prevIndex 0, prevTerm 0
063819 LEAD S0: 1 append success next 1 match 0
063820 LEAD S0: 2 append success next 1 match 0
064321 LEAD S0: prevLog &raft.Entry{Command:interface {}(nil), Term:0, Index:0}
064321 LEAD S0: prevLog &raft.Entry{Command:interface {}(nil), Term:0, Index:0}
064322 INFO S1: (term 1) follower 收到 [0] AppendEntries [], prevIndex 0, prevTerm 0
064322 INFO S2: (term 1) follower 收到 [0] AppendEntries [], prevIndex 0, prevTerm 0
064322 LEAD S0: 1 append success next 1 match 0
064322 LEAD S0: 2 append success next 1 match 0
064823 LEAD S0: prevLog &raft.Entry{Command:interface {}(nil), Term:0, Index:0}
064823 LEAD S0: prevLog &raft.Entry{Command:interface {}(nil), Term:0, Index:0}
064824 INFO S1: (term 1) follower 收到 [0] AppendEntries [], prevIndex 0, prevTerm 0
064824 INFO S2: (term 1) follower 收到 [0] AppendEntries [], prevIndex 0, prevTerm 0
064825 LEAD S0: 1 append success next 1 match 0
064825 LEAD S0: 2 append success next 1 match 0
065326 LEAD S0: prevLog &raft.Entry{Command:interface {}(nil), Term:0, Index:0}
065327 LEAD S0: prevLog &raft.Entry{Command:interface {}(nil), Term:0, Index:0}
065327 INFO S1: (term 1) follower 收到 [0] AppendEntries [], prevIndex 0, prevTerm 0
065327 INFO S2: (term 1) follower 收到 [0] AppendEntries [], prevIndex 0, prevTerm 0
065328 LEAD S0: 1 append success next 1 match 0
065328 LEAD S0: 2 append success next 1 match 0
065829 LEAD S0: prevLog &raft.Entry{Command:interface {}(nil), Term:0, Index:0}
065829 LEAD S0: prevLog &raft.Entry{Command:interface {}(nil), Term:0, Index:0}
065830 INFO S2: (term 1) follower 收到 [0] AppendEntries [], prevIndex 0, prevTerm 0
065830 INFO S1: (term 1) follower 收到 [0] AppendEntries [], prevIndex 0, prevTerm 0
065830 LEAD S0: 2 append success next 1 match 0
065831 LEAD S0: 1 append success next 1 match 0
066332 LEAD S0: prevLog &raft.Entry{Command:interface {}(nil), Term:0, Index:0}
066333 LEAD S0: prevLog &raft.Entry{Command:interface {}(nil), Term:0, Index:0}
066333 INFO S2: (term 1) follower 收到 [0] AppendEntries [], prevIndex 0, prevTerm 0
066333 INFO S1: (term 1) follower 收到 [0] AppendEntries [], prevIndex 0, prevTerm 0
066334 LEAD S0: 2 append success next 1 match 0
066334 LEAD S0: 1 append success next 1 match 0
066835 LEAD S0: prevLog &raft.Entry{Command:interface {}(nil), Term:0, Index:0}
066835 LEAD S0: prevLog &raft.Entry{Command:interface {}(nil), Term:0, Index:0}
066836 INFO S1: (term 1) follower 收到 [0] AppendEntries [], prevIndex 0, prevTerm 0
066836 INFO S2: (term 1) follower 收到 [0] AppendEntries [], prevIndex 0, prevTerm 0
066837 LEAD S0: 1 append success next 1 match 0
066837 LEAD S0: 2 append success next 1 match 0
067338 LEAD S0: prevLog &raft.Entry{Command:interface {}(nil), Term:0, Index:0}
067338 LEAD S0: prevLog &raft.Entry{Command:interface {}(nil), Term:0, Index:0}
067339 INFO S1: (term 1) follower 收到 [0] AppendEntries [], prevIndex 0, prevTerm 0
067339 INFO S2: (term 1) follower 收到 [0] AppendEntries [], prevIndex 0, prevTerm 0
067339 LEAD S0: 1 append success next 1 match 0
067340 LEAD S0: 2 append success next 1 match 0
067841 LEAD S0: prevLog &raft.Entry{Command:interface {}(nil), Term:0, Index:0}
067842 LEAD S0: prevLog &raft.Entry{Command:interface {}(nil), Term:0, Index:0}
067842 INFO S1: (term 1) follower 收到 [0] AppendEntries [], prevIndex 0, prevTerm 0
067842 INFO S2: (term 1) follower 收到 [0] AppendEntries [], prevIndex 0, prevTerm 0
067843 LEAD S0: 2 append success next 1 match 0
067843 LEAD S0: 1 append success next 1 match 0
068345 LEAD S0: prevLog &raft.Entry{Command:interface {}(nil), Term:0, Index:0}
068345 LEAD S0: prevLog &raft.Entry{Command:interface {}(nil), Term:0, Index:0}
068346 INFO S1: (term 1) follower 收到 [0] AppendEntries [], prevIndex 0, prevTerm 0
068346 INFO S2: (term 1) follower 收到 [0] AppendEntries [], prevIndex 0, prevTerm 0
068346 LEAD S0: 1 append success next 1 match 0
068346 LEAD S0: 2 append success next 1 match 0
068847 LEAD S0: prevLog &raft.Entry{Command:interface {}(nil), Term:0, Index:0}
068847 LEAD S0: prevLog &raft.Entry{Command:interface {}(nil), Term:0, Index:0}
068848 INFO S2: (term 1) follower 收到 [0] AppendEntries [], prevIndex 0, prevTerm 0
068848 INFO S1: (term 1) follower 收到 [0] AppendEntries [], prevIndex 0, prevTerm 0
068849 LEAD S0: 2 append success next 1 match 0
068849 LEAD S0: 1 append success next 1 match 0
069350 LEAD S0: prevLog &raft.Entry{Command:interface {}(nil), Term:0, Index:0}
069350 LEAD S0: prevLog &raft.Entry{Command:interface {}(nil), Term:0, Index:0}
069351 INFO S2: (term 1) follower 收到 [0] AppendEntries [], prevIndex 0, prevTerm 0
069351 INFO S1: (term 1) follower 收到 [0] AppendEntries [], prevIndex 0, prevTerm 0
069351 LEAD S0: 2 append success next 1 match 0
069351 LEAD S0: 1 append success next 1 match 0
069854 LEAD S0: prevLog &raft.Entry{Command:interface {}(nil), Term:0, Index:0}
069854 LEAD S0: prevLog &raft.Entry{Command:interface {}(nil), Term:0, Index:0}
069855 INFO S1: (term 1) follower 收到 [0] AppendEntries [], prevIndex 0, prevTerm 0
069855 INFO S2: (term 1) follower 收到 [0] AppendEntries [], prevIndex 0, prevTerm 0
069856 LEAD S0: 1 append success next 1 match 0
069856 LEAD S0: 2 append success next 1 match 0
070358 LEAD S0: prevLog &raft.Entry{Command:interface {}(nil), Term:0, Index:0}
070359 LEAD S0: prevLog &raft.Entry{Command:interface {}(nil), Term:0, Index:0}
070359 INFO S2: (term 1) follower 收到 [0] AppendEntries [], prevIndex 0, prevTerm 0
070360 LEAD S0: 2 append success next 1 match 0
070360 INFO S1: (term 1) follower 收到 [0] AppendEntries [], prevIndex 0, prevTerm 0
070361 LEAD S0: 1 append success next 1 match 0
070862 LEAD S0: prevLog &raft.Entry{Command:interface {}(nil), Term:0, Index:0}
070862 LEAD S0: prevLog &raft.Entry{Command:interface {}(nil), Term:0, Index:0}
070863 INFO S2: (term 1) follower 收到 [0] AppendEntries [], prevIndex 0, prevTerm 0
070863 LEAD S0: 2 append success next 1 match 0
070863 INFO S1: (term 1) follower 收到 [0] AppendEntries [], prevIndex 0, prevTerm 0
070864 LEAD S0: 1 append success next 1 match 0
071365 LEAD S0: prevLog &raft.Entry{Command:interface {}(nil), Term:0, Index:0}
071366 LEAD S0: prevLog &raft.Entry{Command:interface {}(nil), Term:0, Index:0}
071367 INFO S1: (term 1) follower 收到 [0] AppendEntries [], prevIndex 0, prevTerm 0
071367 INFO S2: (term 1) follower 收到 [0] AppendEntries [], prevIndex 0, prevTerm 0
071367 LEAD S0: 1 append success next 1 match 0
071367 LEAD S0: 2 append success next 1 match 0
071869 LEAD S0: prevLog &raft.Entry{Command:interface {}(nil), Term:0, Index:0}
071869 LEAD S0: prevLog &raft.Entry{Command:interface {}(nil), Term:0, Index:0}
071870 INFO S2: (term 1) follower 收到 [0] AppendEntries [], prevIndex 0, prevTerm 0
071870 INFO S1: (term 1) follower 收到 [0] AppendEntries [], prevIndex 0, prevTerm 0
071870 LEAD S0: 2 append success next 1 match 0
071870 LEAD S0: 1 append success next 1 match 0
072372 LEAD S0: prevLog &raft.Entry{Command:interface {}(nil), Term:0, Index:0}
072372 LEAD S0: prevLog &raft.Entry{Command:interface {}(nil), Term:0, Index:0}
072375 INFO S1: (term 1) follower 收到 [0] AppendEntries [], prevIndex 0, prevTerm 0
072377 LEAD S0: 1 append success next 1 match 0
072377 INFO S2: (term 1) follower 收到 [0] AppendEntries [], prevIndex 0, prevTerm 0
072377 LEAD S0: 2 append success next 1 match 0
072874 LEAD S0: prevLog &raft.Entry{Command:interface {}(nil), Term:0, Index:0}
072875 LEAD S0: prevLog &raft.Entry{Command:interface {}(nil), Term:0, Index:0}
072875 INFO S2: (term 1) follower 收到 [0] AppendEntries [], prevIndex 0, prevTerm 0
072876 LEAD S0: 2 append success next 1 match 0
072876 INFO S1: (term 1) follower 收到 [0] AppendEntries [], prevIndex 0, prevTerm 0
072876 LEAD S0: 1 append success next 1 match 0
073379 LEAD S0: prevLog &raft.Entry{Command:interface {}(nil), Term:0, Index:0}
073379 LEAD S0: prevLog &raft.Entry{Command:interface {}(nil), Term:0, Index:0}
073380 INFO S2: (term 1) follower 收到 [0] AppendEntries [], prevIndex 0, prevTerm 0
073380 INFO S1: (term 1) follower 收到 [0] AppendEntries [], prevIndex 0, prevTerm 0
073381 LEAD S0: 1 append success next 1 match 0
073381 LEAD S0: 2 append success next 1 match 0
073883 LEAD S0: prevLog &raft.Entry{Command:interface {}(nil), Term:0, Index:0}
073883 LEAD S0: prevLog &raft.Entry{Command:interface {}(nil), Term:0, Index:0}
073884 INFO S2: (term 1) follower 收到 [0] AppendEntries [], prevIndex 0, prevTerm 0
073884 INFO S1: (term 1) follower 收到 [0] AppendEntries [], prevIndex 0, prevTerm 0
073884 LEAD S0: 2 append success next 1 match 0
073884 LEAD S0: 1 append success next 1 match 0
074386 LEAD S0: prevLog &raft.Entry{Command:interface {}(nil), Term:0, Index:0}
074386 LEAD S0: prevLog &raft.Entry{Command:interface {}(nil), Term:0, Index:0}
074387 INFO S1: (term 1) follower 收到 [0] AppendEntries [], prevIndex 0, prevTerm 0
074387 INFO S2: (term 1) follower 收到 [0] AppendEntries [], prevIndex 0, prevTerm 0
074387 LEAD S0: 2 append success next 1 match 0
074387 LEAD S0: 1 append success next 1 match 0
074888 LEAD S0: prevLog &raft.Entry{Command:interface {}(nil), Term:0, Index:0}
074889 LEAD S0: prevLog &raft.Entry{Command:interface {}(nil), Term:0, Index:0}
074889 INFO S2: (term 1) follower 收到 [0] AppendEntries [], prevIndex 0, prevTerm 0
074889 INFO S1: (term 1) follower 收到 [0] AppendEntries [], prevIndex 0, prevTerm 0
074890 LEAD S0: 2 append success next 1 match 0
074890 LEAD S0: 1 append success next 1 match 0
075391 LEAD S0: prevLog &raft.Entry{Command:interface {}(nil), Term:0, Index:0}
075392 LEAD S0: prevLog &raft.Entry{Command:interface {}(nil), Term:0, Index:0}
075392 INFO S2: (term 1) follower 收到 [0] AppendEntries [], prevIndex 0, prevTerm 0
075393 INFO S1: (term 1) follower 收到 [0] AppendEntries [], prevIndex 0, prevTerm 0
075393 LEAD S0: 2 append success next 1 match 0
075393 LEAD S0: 1 append success next 1 match 0
075895 LEAD S0: prevLog &raft.Entry{Command:interface {}(nil), Term:0, Index:0}
075895 LEAD S0: prevLog &raft.Entry{Command:interface {}(nil), Term:0, Index:0}
075895 INFO S1: (term 1) follower 收到 [0] AppendEntries [], prevIndex 0, prevTerm 0
075895 INFO S2: (term 1) follower 收到 [0] AppendEntries [], prevIndex 0, prevTerm 0
075896 LEAD S0: 2 append success next 1 match 0
075896 LEAD S0: 1 append success next 1 match 0
076397 LEAD S0: prevLog &raft.Entry{Command:interface {}(nil), Term:0, Index:0}
076398 LEAD S0: prevLog &raft.Entry{Command:interface {}(nil), Term:0, Index:0}
076398 INFO S1: (term 1) follower 收到 [0] AppendEntries [], prevIndex 0, prevTerm 0
076398 INFO S2: (term 1) follower 收到 [0] AppendEntries [], prevIndex 0, prevTerm 0
076399 LEAD S0: 2 append success next 1 match 0
076399 LEAD S0: 1 append success next 1 match 0
076901 LEAD S0: prevLog &raft.Entry{Command:interface {}(nil), Term:0, Index:0}
076901 LEAD S0: prevLog &raft.Entry{Command:interface {}(nil), Term:0, Index:0}
076902 INFO S2: (term 1) follower 收到 [0] AppendEntries [], prevIndex 0, prevTerm 0
076903 INFO S1: (term 1) follower 收到 [0] AppendEntries [], prevIndex 0, prevTerm 0
076903 LEAD S0: 2 append success next 1 match 0
076903 LEAD S0: 1 append success next 1 match 0
077404 LEAD S0: prevLog &raft.Entry{Command:interface {}(nil), Term:0, Index:0}
077404 LEAD S0: prevLog &raft.Entry{Command:interface {}(nil), Term:0, Index:0}
077405 INFO S1: (term 1) follower 收到 [0] AppendEntries [], prevIndex 0, prevTerm 0
077405 LEAD S0: 1 append success next 1 match 0
077405 INFO S2: (term 1) follower 收到 [0] AppendEntries [], prevIndex 0, prevTerm 0
077405 LEAD S0: 2 append success next 1 match 0
077907 LEAD S0: prevLog &raft.Entry{Command:interface {}(nil), Term:0, Index:0}
077907 LEAD S0: prevLog &raft.Entry{Command:interface {}(nil), Term:0, Index:0}
077908 INFO S1: (term 1) follower 收到 [0] AppendEntries [], prevIndex 0, prevTerm 0
077908 INFO S2: (term 1) follower 收到 [0] AppendEntries [], prevIndex 0, prevTerm 0
077908 LEAD S0: 1 append success next 1 match 0
077909 LEAD S0: 2 append success next 1 match 0
078410 LEAD S0: prevLog &raft.Entry{Command:interface {}(nil), Term:0, Index:0}
078411 LEAD S0: prevLog &raft.Entry{Command:interface {}(nil), Term:0, Index:0}
078411 INFO S2: (term 1) follower 收到 [0] AppendEntries [], prevIndex 0, prevTerm 0
078412 INFO S1: (term 1) follower 收到 [0] AppendEntries [], prevIndex 0, prevTerm 0
078412 LEAD S0: 2 append success next 1 match 0
078412 LEAD S0: 1 append success next 1 match 0
078915 LEAD S0: prevLog &raft.Entry{Command:interface {}(nil), Term:0, Index:0}
078915 LEAD S0: prevLog &raft.Entry{Command:interface {}(nil), Term:0, Index:0}
078916 INFO S2: (term 1) follower 收到 [0] AppendEntries [], prevIndex 0, prevTerm 0
078916 INFO S1: (term 1) follower 收到 [0] AppendEntries [], prevIndex 0, prevTerm 0
078916 LEAD S0: 2 append success next 1 match 0
078916 LEAD S0: 1 append success next 1 match 0
079418 LEAD S0: prevLog &raft.Entry{Command:interface {}(nil), Term:0, Index:0}
079419 LEAD S0: prevLog &raft.Entry{Command:interface {}(nil), Term:0, Index:0}
079419 INFO S1: (term 1) follower 收到 [0] AppendEntries [], prevIndex 0, prevTerm 0
079419 INFO S2: (term 1) follower 收到 [0] AppendEntries [], prevIndex 0, prevTerm 0
079420 LEAD S0: 1 append success next 1 match 0
079420 LEAD S0: 2 append success next 1 match 0
079923 LEAD S0: prevLog &raft.Entry{Command:interface {}(nil), Term:0, Index:0}
079923 LEAD S0: prevLog &raft.Entry{Command:interface {}(nil), Term:0, Index:0}
079924 INFO S2: (term 1) follower 收到 [0] AppendEntries [], prevIndex 0, prevTerm 0
079925 INFO S1: (term 1) follower 收到 [0] AppendEntries [], prevIndex 0, prevTerm 0
079925 LEAD S0: 2 append success next 1 match 0
079925 LEAD S0: 1 append success next 1 match 0
080426 LEAD S0: prevLog &raft.Entry{Command:interface {}(nil), Term:0, Index:0}
080426 LEAD S0: prevLog &raft.Entry{Command:interface {}(nil), Term:0, Index:0}
080427 INFO S1: (term 1) follower 收到 [0] AppendEntries [], prevIndex 0, prevTerm 0
080427 INFO S2: (term 1) follower 收到 [0] AppendEntries [], prevIndex 0, prevTerm 0
080427 LEAD S0: 1 append success next 1 match 0
080427 LEAD S0: 2 append success next 1 match 0
080929 LEAD S0: prevLog &raft.Entry{Command:interface {}(nil), Term:0, Index:0}
080929 LEAD S0: prevLog &raft.Entry{Command:interface {}(nil), Term:0, Index:0}
080930 INFO S1: (term 1) follower 收到 [0] AppendEntries [], prevIndex 0, prevTerm 0
080930 INFO S2: (term 1) follower 收到 [0] AppendEntries [], prevIndex 0, prevTerm 0
080930 LEAD S0: 1 append success next 1 match 0
080930 LEAD S0: 2 append success next 1 match 0
081432 LEAD S0: prevLog &raft.Entry{Command:interface {}(nil), Term:0, Index:0}
081433 LEAD S0: prevLog &raft.Entry{Command:interface {}(nil), Term:0, Index:0}
081433 INFO S1: (term 1) follower 收到 [0] AppendEntries [], prevIndex 0, prevTerm 0
081433 INFO S2: (term 1) follower 收到 [0] AppendEntries [], prevIndex 0, prevTerm 0
081434 LEAD S0: 1 append success next 1 match 0
081434 LEAD S0: 2 append success next 1 match 0
081935 LEAD S0: prevLog &raft.Entry{Command:interface {}(nil), Term:0, Index:0}
081936 LEAD S0: prevLog &raft.Entry{Command:interface {}(nil), Term:0, Index:0}
081936 INFO S2: (term 1) follower 收到 [0] AppendEntries [], prevIndex 0, prevTerm 0
081937 INFO S1: (term 1) follower 收到 [0] AppendEntries [], prevIndex 0, prevTerm 0
081937 LEAD S0: 2 append success next 1 match 0
081937 LEAD S0: 1 append success next 1 match 0
082438 LEAD S0: prevLog &raft.Entry{Command:interface {}(nil), Term:0, Index:0}
082439 LEAD S0: prevLog &raft.Entry{Command:interface {}(nil), Term:0, Index:0}
082439 INFO S1: (term 1) follower 收到 [0] AppendEntries [], prevIndex 0, prevTerm 0
082439 INFO S2: (term 1) follower 收到 [0] AppendEntries [], prevIndex 0, prevTerm 0
082440 LEAD S0: 1 append success next 1 match 0
082440 LEAD S0: 2 append success next 1 match 0
082943 LEAD S0: prevLog &raft.Entry{Command:interface {}(nil), Term:0, Index:0}
082943 LEAD S0: prevLog &raft.Entry{Command:interface {}(nil), Term:0, Index:0}
082944 INFO S1: (term 1) follower 收到 [0] AppendEntries [], prevIndex 0, prevTerm 0
082944 INFO S2: (term 1) follower 收到 [0] AppendEntries [], prevIndex 0, prevTerm 0
082944 LEAD S0: 1 append success next 1 match 0
082944 LEAD S0: 2 append success next 1 match 0
083446 LEAD S0: prevLog &raft.Entry{Command:interface {}(nil), Term:0, Index:0}
083446 LEAD S0: prevLog &raft.Entry{Command:interface {}(nil), Term:0, Index:0}
083446 INFO S1: (term 1) follower 收到 [0] AppendEntries [], prevIndex 0, prevTerm 0
083446 INFO S2: (term 1) follower 收到 [0] AppendEntries [], prevIndex 0, prevTerm 0
083447 LEAD S0: 1 append success next 1 match 0
083447 LEAD S0: 2 append success next 1 match 0
083949 LEAD S0: prevLog &raft.Entry{Command:interface {}(nil), Term:0, Index:0}
083949 LEAD S0: prevLog &raft.Entry{Command:interface {}(nil), Term:0, Index:0}
083950 INFO S2: (term 1) follower 收到 [0] AppendEntries [], prevIndex 0, prevTerm 0
083950 INFO S1: (term 1) follower 收到 [0] AppendEntries [], prevIndex 0, prevTerm 0
083950 LEAD S0: 2 append success next 1 match 0
083950 LEAD S0: 1 append success next 1 match 0
084452 LEAD S0: prevLog &raft.Entry{Command:interface {}(nil), Term:0, Index:0}
084452 LEAD S0: prevLog &raft.Entry{Command:interface {}(nil), Term:0, Index:0}
084453 INFO S2: (term 1) follower 收到 [0] AppendEntries [], prevIndex 0, prevTerm 0
084453 INFO S1: (term 1) follower 收到 [0] AppendEntries [], prevIndex 0, prevTerm 0
084453 LEAD S0: 2 append success next 1 match 0
084453 LEAD S0: 1 append success next 1 match 0
084955 LEAD S0: prevLog &raft.Entry{Command:interface {}(nil), Term:0, Index:0}
084955 LEAD S0: prevLog &raft.Entry{Command:interface {}(nil), Term:0, Index:0}
084956 INFO S2: (term 1) follower 收到 [0] AppendEntries [], prevIndex 0, prevTerm 0
084956 INFO S1: (term 1) follower 收到 [0] AppendEntries [], prevIndex 0, prevTerm 0
084956 LEAD S0: 2 append success next 1 match 0
084956 LEAD S0: 1 append success next 1 match 0
085458 LEAD S0: prevLog &raft.Entry{Command:interface {}(nil), Term:0, Index:0}
085459 LEAD S0: prevLog &raft.Entry{Command:interface {}(nil), Term:0, Index:0}
085459 INFO S2: (term 1) follower 收到 [0] AppendEntries [], prevIndex 0, prevTerm 0
085460 LEAD S0: 2 append success next 1 match 0
085460 INFO S1: (term 1) follower 收到 [0] AppendEntries [], prevIndex 0, prevTerm 0
085461 LEAD S0: 1 append success next 1 match 0
085961 LEAD S0: prevLog &raft.Entry{Command:interface {}(nil), Term:0, Index:0}
085962 LEAD S0: prevLog &raft.Entry{Command:interface {}(nil), Term:0, Index:0}
085963 INFO S1: (term 1) follower 收到 [0] AppendEntries [], prevIndex 0, prevTerm 0
085963 INFO S2: (term 1) follower 收到 [0] AppendEntries [], prevIndex 0, prevTerm 0
085963 LEAD S0: 1 append success next 1 match 0
085963 LEAD S0: 2 append success next 1 match 0
086464 LEAD S0: prevLog &raft.Entry{Command:interface {}(nil), Term:0, Index:0}
086465 LEAD S0: prevLog &raft.Entry{Command:interface {}(nil), Term:0, Index:0}
086465 INFO S2: (term 1) follower 收到 [0] AppendEntries [], prevIndex 0, prevTerm 0
086466 INFO S1: (term 1) follower 收到 [0] AppendEntries [], prevIndex 0, prevTerm 0
086466 LEAD S0: 2 append success next 1 match 0
086466 LEAD S0: 1 append success next 1 match 0
086967 LEAD S0: prevLog &raft.Entry{Command:interface {}(nil), Term:0, Index:0}
086968 LEAD S0: prevLog &raft.Entry{Command:interface {}(nil), Term:0, Index:0}
086968 INFO S2: (term 1) follower 收到 [0] AppendEntries [], prevIndex 0, prevTerm 0
086968 INFO S1: (term 1) follower 收到 [0] AppendEntries [], prevIndex 0, prevTerm 0
086969 LEAD S0: 2 append success next 1 match 0
086969 LEAD S0: 1 append success next 1 match 0
087470 LEAD S0: prevLog &raft.Entry{Command:interface {}(nil), Term:0, Index:0}
087471 LEAD S0: prevLog &raft.Entry{Command:interface {}(nil), Term:0, Index:0}
087471 INFO S1: (term 1) follower 收到 [0] AppendEntries [], prevIndex 0, prevTerm 0
087471 INFO S2: (term 1) follower 收到 [0] AppendEntries [], prevIndex 0, prevTerm 0
087472 LEAD S0: 1 append success next 1 match 0
087472 LEAD S0: 2 append success next 1 match 0
087974 LEAD S0: prevLog &raft.Entry{Command:interface {}(nil), Term:0, Index:0}
087974 LEAD S0: prevLog &raft.Entry{Command:interface {}(nil), Term:0, Index:0}
087975 INFO S2: (term 1) follower 收到 [0] AppendEntries [], prevIndex 0, prevTerm 0
087975 INFO S1: (term 1) follower 收到 [0] AppendEntries [], prevIndex 0, prevTerm 0
087975 LEAD S0: 2 append success next 1 match 0
087975 LEAD S0: 1 append success next 1 match 0
088477 LEAD S0: prevLog &raft.Entry{Command:interface {}(nil), Term:0, Index:0}
088477 LEAD S0: prevLog &raft.Entry{Command:interface {}(nil), Term:0, Index:0}
088478 INFO S1: (term 1) follower 收到 [0] AppendEntries [], prevIndex 0, prevTerm 0
088478 INFO S2: (term 1) follower 收到 [0] AppendEntries [], prevIndex 0, prevTerm 0
088478 LEAD S0: 1 append success next 1 match 0
088478 LEAD S0: 2 append success next 1 match 0
088980 LEAD S0: prevLog &raft.Entry{Command:interface {}(nil), Term:0, Index:0}
088980 LEAD S0: prevLog &raft.Entry{Command:interface {}(nil), Term:0, Index:0}
088981 INFO S1: (term 1) follower 收到 [0] AppendEntries [], prevIndex 0, prevTerm 0
088981 INFO S2: (term 1) follower 收到 [0] AppendEntries [], prevIndex 0, prevTerm 0
088981 LEAD S0: 1 append success next 1 match 0
088981 LEAD S0: 2 append success next 1 match 0
089483 LEAD S0: prevLog &raft.Entry{Command:interface {}(nil), Term:0, Index:0}
089483 LEAD S0: prevLog &raft.Entry{Command:interface {}(nil), Term:0, Index:0}
089484 INFO S2: (term 1) follower 收到 [0] AppendEntries [], prevIndex 0, prevTerm 0
089484 INFO S1: (term 1) follower 收到 [0] AppendEntries [], prevIndex 0, prevTerm 0
089484 LEAD S0: 2 append success next 1 match 0
089484 LEAD S0: 1 append success next 1 match 0
089986 LEAD S0: prevLog &raft.Entry{Command:interface {}(nil), Term:0, Index:0}
089987 LEAD S0: prevLog &raft.Entry{Command:interface {}(nil), Term:0, Index:0}
089987 INFO S1: (term 1) follower 收到 [0] AppendEntries [], prevIndex 0, prevTerm 0
089987 INFO S2: (term 1) follower 收到 [0] AppendEntries [], prevIndex 0, prevTerm 0
089988 LEAD S0: 1 append success next 1 match 0
089988 LEAD S0: 2 append success next 1 match 0
090489 LEAD S0: prevLog &raft.Entry{Command:interface {}(nil), Term:0, Index:0}
090490 LEAD S0: prevLog &raft.Entry{Command:interface {}(nil), Term:0, Index:0}
090490 INFO S1: (term 1) follower 收到 [0] AppendEntries [], prevIndex 0, prevTerm 0
090490 INFO S2: (term 1) follower 收到 [0] AppendEntries [], prevIndex 0, prevTerm 0
090491 LEAD S0: 1 append success next 1 match 0
090491 LEAD S0: 2 append success next 1 match 0
090992 LEAD S0: prevLog &raft.Entry{Command:interface {}(nil), Term:0, Index:0}
090992 LEAD S0: prevLog &raft.Entry{Command:interface {}(nil), Term:0, Index:0}
090993 INFO S1: (term 1) follower 收到 [0] AppendEntries [], prevIndex 0, prevTerm 0
090993 INFO S2: (term 1) follower 收到 [0] AppendEntries [], prevIndex 0, prevTerm 0
090994 LEAD S0: 2 append success next 1 match 0
090994 LEAD S0: 1 append success next 1 match 0
091496 LEAD S0: prevLog &raft.Entry{Command:interface {}(nil), Term:0, Index:0}
091496 LEAD S0: prevLog &raft.Entry{Command:interface {}(nil), Term:0, Index:0}
091497 INFO S2: (term 1) follower 收到 [0] AppendEntries [], prevIndex 0, prevTerm 0
091497 LEAD S0: 2 append success next 1 match 0
091498 INFO S1: (term 1) follower 收到 [0] AppendEntries [], prevIndex 0, prevTerm 0
091498 LEAD S0: 1 append success next 1 match 0
091999 LEAD S0: prevLog &raft.Entry{Command:interface {}(nil), Term:0, Index:0}
091999 LEAD S0: prevLog &raft.Entry{Command:interface {}(nil), Term:0, Index:0}
092000 INFO S2: (term 1) follower 收到 [0] AppendEntries [], prevIndex 0, prevTerm 0
092000 INFO S1: (term 1) follower 收到 [0] AppendEntries [], prevIndex 0, prevTerm 0
092000 LEAD S0: 2 append success next 1 match 0
092000 LEAD S0: 1 append success next 1 match 0
092502 LEAD S0: prevLog &raft.Entry{Command:interface {}(nil), Term:0, Index:0}
092502 LEAD S0: prevLog &raft.Entry{Command:interface {}(nil), Term:0, Index:0}
092503 INFO S2: (term 1) follower 收到 [0] AppendEntries [], prevIndex 0, prevTerm 0
092503 INFO S1: (term 1) follower 收到 [0] AppendEntries [], prevIndex 0, prevTerm 0
092503 LEAD S0: 2 append success next 1 match 0
092503 LEAD S0: 1 append success next 1 match 0
093005 LEAD S0: prevLog &raft.Entry{Command:interface {}(nil), Term:0, Index:0}
093005 LEAD S0: prevLog &raft.Entry{Command:interface {}(nil), Term:0, Index:0}
093006 INFO S2: (term 1) follower 收到 [0] AppendEntries [], prevIndex 0, prevTerm 0
093006 INFO S1: (term 1) follower 收到 [0] AppendEntries [], prevIndex 0, prevTerm 0
093006 LEAD S0: 2 append success next 1 match 0
093006 LEAD S0: 1 append success next 1 match 0
093508 LEAD S0: prevLog &raft.Entry{Command:interface {}(nil), Term:0, Index:0}
093508 LEAD S0: prevLog &raft.Entry{Command:interface {}(nil), Term:0, Index:0}
093509 INFO S1: (term 1) follower 收到 [0] AppendEntries [], prevIndex 0, prevTerm 0
093509 INFO S2: (term 1) follower 收到 [0] AppendEntries [], prevIndex 0, prevTerm 0
093509 LEAD S0: 1 append success next 1 match 0
093509 LEAD S0: 2 append success next 1 match 0
094011 LEAD S0: prevLog &raft.Entry{Command:interface {}(nil), Term:0, Index:0}
094011 LEAD S0: prevLog &raft.Entry{Command:interface {}(nil), Term:0, Index:0}
094012 INFO S1: (term 1) follower 收到 [0] AppendEntries [], prevIndex 0, prevTerm 0
094012 INFO S2: (term 1) follower 收到 [0] AppendEntries [], prevIndex 0, prevTerm 0
094012 LEAD S0: 1 append success next 1 match 0
094012 LEAD S0: 2 append success next 1 match 0
094514 LEAD S0: prevLog &raft.Entry{Command:interface {}(nil), Term:0, Index:0}
094514 LEAD S0: prevLog &raft.Entry{Command:interface {}(nil), Term:0, Index:0}
094515 INFO S2: (term 1) follower 收到 [0] AppendEntries [], prevIndex 0, prevTerm 0
094515 INFO S1: (term 1) follower 收到 [0] AppendEntries [], prevIndex 0, prevTerm 0
094515 LEAD S0: 2 append success next 1 match 0
094515 LEAD S0: 1 append success next 1 match 0
095017 LEAD S0: prevLog &raft.Entry{Command:interface {}(nil), Term:0, Index:0}
095017 LEAD S0: prevLog &raft.Entry{Command:interface {}(nil), Term:0, Index:0}
095018 INFO S1: (term 1) follower 收到 [0] AppendEntries [], prevIndex 0, prevTerm 0
095018 INFO S2: (term 1) follower 收到 [0] AppendEntries [], prevIndex 0, prevTerm 0
095018 LEAD S0: 1 append success next 1 match 0
095019 LEAD S0: 2 append success next 1 match 0
095520 LEAD S0: prevLog &raft.Entry{Command:interface {}(nil), Term:0, Index:0}
095520 LEAD S0: prevLog &raft.Entry{Command:interface {}(nil), Term:0, Index:0}
095521 INFO S2: (term 1) follower 收到 [0] AppendEntries [], prevIndex 0, prevTerm 0
095521 INFO S1: (term 1) follower 收到 [0] AppendEntries [], prevIndex 0, prevTerm 0
095521 LEAD S0: 2 append success next 1 match 0
095521 LEAD S0: 1 append success next 1 match 0
096023 LEAD S0: prevLog &raft.Entry{Command:interface {}(nil), Term:0, Index:0}
096023 LEAD S0: prevLog &raft.Entry{Command:interface {}(nil), Term:0, Index:0}
096024 INFO S2: (term 1) follower 收到 [0] AppendEntries [], prevIndex 0, prevTerm 0
096024 INFO S1: (term 1) follower 收到 [0] AppendEntries [], prevIndex 0, prevTerm 0
096024 LEAD S0: 2 append success next 1 match 0
096024 LEAD S0: 1 append success next 1 match 0
096526 LEAD S0: prevLog &raft.Entry{Command:interface {}(nil), Term:0, Index:0}
096526 LEAD S0: prevLog &raft.Entry{Command:interface {}(nil), Term:0, Index:0}
096527 INFO S1: (term 1) follower 收到 [0] AppendEntries [], prevIndex 0, prevTerm 0
096527 INFO S2: (term 1) follower 收到 [0] AppendEntries [], prevIndex 0, prevTerm 0
096527 LEAD S0: 1 append success next 1 match 0
096528 LEAD S0: 2 append success next 1 match 0
097029 LEAD S0: prevLog &raft.Entry{Command:interface {}(nil), Term:0, Index:0}
097029 LEAD S0: prevLog &raft.Entry{Command:interface {}(nil), Term:0, Index:0}
097030 INFO S2: (term 1) follower 收到 [0] AppendEntries [], prevIndex 0, prevTerm 0
097030 INFO S1: (term 1) follower 收到 [0] AppendEntries [], prevIndex 0, prevTerm 0
097030 LEAD S0: 2 append success next 1 match 0
097031 LEAD S0: 1 append success next 1 match 0
097532 LEAD S0: prevLog &raft.Entry{Command:interface {}(nil), Term:0, Index:0}
097532 LEAD S0: prevLog &raft.Entry{Command:interface {}(nil), Term:0, Index:0}
097533 INFO S2: (term 1) follower 收到 [0] AppendEntries [], prevIndex 0, prevTerm 0
097533 INFO S1: (term 1) follower 收到 [0] AppendEntries [], prevIndex 0, prevTerm 0
097533 LEAD S0: 2 append success next 1 match 0
097534 LEAD S0: 1 append success next 1 match 0
098035 LEAD S0: prevLog &raft.Entry{Command:interface {}(nil), Term:0, Index:0}
098035 LEAD S0: prevLog &raft.Entry{Command:interface {}(nil), Term:0, Index:0}
098036 INFO S2: (term 1) follower 收到 [0] AppendEntries [], prevIndex 0, prevTerm 0
098036 INFO S1: (term 1) follower 收到 [0] AppendEntries [], prevIndex 0, prevTerm 0
098036 LEAD S0: 2 append success next 1 match 0
098037 LEAD S0: 1 append success next 1 match 0
098538 LEAD S0: prevLog &raft.Entry{Command:interface {}(nil), Term:0, Index:0}
098538 LEAD S0: prevLog &raft.Entry{Command:interface {}(nil), Term:0, Index:0}
098539 INFO S2: (term 1) follower 收到 [0] AppendEntries [], prevIndex 0, prevTerm 0
098539 INFO S1: (term 1) follower 收到 [0] AppendEntries [], prevIndex 0, prevTerm 0
098539 LEAD S0: 2 append success next 1 match 0
098539 LEAD S0: 1 append success next 1 match 0
099041 LEAD S0: prevLog &raft.Entry{Command:interface {}(nil), Term:0, Index:0}
099041 LEAD S0: prevLog &raft.Entry{Command:interface {}(nil), Term:0, Index:0}
099044 INFO S1: (term 1) follower 收到 [0] AppendEntries [], prevIndex 0, prevTerm 0
099044 INFO S2: (term 1) follower 收到 [0] AppendEntries [], prevIndex 0, prevTerm 0
099044 LEAD S0: 1 append success next 1 match 0
099045 LEAD S0: 2 append success next 1 match 0
099544 LEAD S0: prevLog &raft.Entry{Command:interface {}(nil), Term:0, Index:0}
099544 LEAD S0: prevLog &raft.Entry{Command:interface {}(nil), Term:0, Index:0}
099545 INFO S2: (term 1) follower 收到 [0] AppendEntries [], prevIndex 0, prevTerm 0
099545 INFO S1: (term 1) follower 收到 [0] AppendEntries [], prevIndex 0, prevTerm 0
099545 LEAD S0: 2 append success next 1 match 0
099546 LEAD S0: 1 append success next 1 match 0
--- FAIL: TestPersist12C (10.00s)
    config.go:609: one(11) failed to reach agreement
FAIL
exit status 1
FAIL	6.824/raft	10.003s
