Test (2C): basic persistence ...
002008 INFO S0: start leader election, term 1
002008 INFO S1: start leader election, term 1
002008 VOTE S1: term 1 send vote request to 2
002009 VOTE S0: term 1 send vote request to 2
002008 VOTE S1: term 1 send vote request to 0
002009 VOTE S0: term 1 send vote request to 1
002009 TERM S2: set new term 1
002009 VOTE S2: term 1 vote 1
002010 VOTE S1: reply from 2, term一致，且投给1
002010 LEAD S1: come to power, start to send heartbeat
002010 LEAD S1: prevLog &raft.Entry{Command:interface {}(nil), Term:0, Index:0}
002010 LEAD S1: prevLog &raft.Entry{Command:interface {}(nil), Term:0, Index:0}
002010 VOTE S0: 2 没有投给me，结束
002010 INFO S2: (term 1) follower 收到 [1] AppendEntries [], prevIndex 0, prevTerm 0
002011 INFO S0: (term 1) follower 收到 [1] AppendEntries [], prevIndex 0, prevTerm 0
002011 LEAD S1: 2 append success next 1 match 0
002011 VOTE S1: 0 没有投给me，结束
002011 LEAD S1: 0 append success next 1 match 0
002011 VOTE S0: 1 没有投给me，结束
002510 LEAD S1: prevLog &raft.Entry{Command:interface {}(nil), Term:0, Index:0}
002510 LEAD S1: prevLog &raft.Entry{Command:interface {}(nil), Term:0, Index:0}
002510 INFO S2: (term 1) follower 收到 [1] AppendEntries [], prevIndex 0, prevTerm 0
002511 LEAD S1: 2 append success next 1 match 0
002511 INFO S0: (term 1) follower 收到 [1] AppendEntries [], prevIndex 0, prevTerm 0
002512 LEAD S1: 0 append success next 1 match 0
003012 LEAD S1: prevLog &raft.Entry{Command:interface {}(nil), Term:0, Index:0}
003012 LEAD S1: prevLog &raft.Entry{Command:interface {}(nil), Term:0, Index:0}
003013 INFO S2: (term 1) follower 收到 [1] AppendEntries [], prevIndex 0, prevTerm 0
003013 LEAD S1: 2 append success next 1 match 0
003013 INFO S0: (term 1) follower 收到 [1] AppendEntries [], prevIndex 0, prevTerm 0
003014 LEAD S1: 0 append success next 1 match 0
003514 LEAD S1: prevLog &raft.Entry{Command:interface {}(nil), Term:0, Index:0}
003514 LEAD S1: prevLog &raft.Entry{Command:interface {}(nil), Term:0, Index:0}
003515 INFO S0: (term 1) follower 收到 [1] AppendEntries [], prevIndex 0, prevTerm 0
003515 INFO S2: (term 1) follower 收到 [1] AppendEntries [], prevIndex 0, prevTerm 0
003516 LEAD S1: 0 append success next 1 match 0
003516 LEAD S1: 2 append success next 1 match 0
004016 LEAD S1: prevLog &raft.Entry{Command:interface {}(nil), Term:0, Index:0}
004016 LEAD S1: prevLog &raft.Entry{Command:interface {}(nil), Term:0, Index:0}
004017 INFO S2: (term 1) follower 收到 [1] AppendEntries [], prevIndex 0, prevTerm 0
004017 INFO S0: (term 1) follower 收到 [1] AppendEntries [], prevIndex 0, prevTerm 0
004017 LEAD S1: 2 append success next 1 match 0
004017 LEAD S1: 0 append success next 1 match 0
004517 LEAD S1: prevLog &raft.Entry{Command:interface {}(nil), Term:0, Index:0}
004518 LEAD S1: prevLog &raft.Entry{Command:interface {}(nil), Term:0, Index:0}
004518 INFO S2: (term 1) follower 收到 [1] AppendEntries [], prevIndex 0, prevTerm 0
004519 LEAD S1: 2 append success next 1 match 0
004519 INFO S0: (term 1) follower 收到 [1] AppendEntries [], prevIndex 0, prevTerm 0
004519 LEAD S1: 0 append success next 1 match 0
005019 LEAD S1: prevLog &raft.Entry{Command:interface {}(nil), Term:0, Index:0}
005019 LEAD S1: prevLog &raft.Entry{Command:interface {}(nil), Term:0, Index:0}
005020 INFO S2: (term 1) follower 收到 [1] AppendEntries [], prevIndex 0, prevTerm 0
005020 INFO S0: (term 1) follower 收到 [1] AppendEntries [], prevIndex 0, prevTerm 0
005020 LEAD S1: 2 append success next 1 match 0
005020 LEAD S1: 0 append success next 1 match 0
005521 LEAD S1: prevLog &raft.Entry{Command:interface {}(nil), Term:0, Index:0}
005521 LEAD S1: prevLog &raft.Entry{Command:interface {}(nil), Term:0, Index:0}
005522 INFO S0: (term 1) follower 收到 [1] AppendEntries [], prevIndex 0, prevTerm 0
005522 INFO S2: (term 1) follower 收到 [1] AppendEntries [], prevIndex 0, prevTerm 0
005523 LEAD S1: 2 append success next 1 match 0
005523 LEAD S1: 0 append success next 1 match 0
006023 LEAD S1: prevLog &raft.Entry{Command:interface {}(nil), Term:0, Index:0}
006024 LEAD S1: prevLog &raft.Entry{Command:interface {}(nil), Term:0, Index:0}
006024 INFO S2: (term 1) follower 收到 [1] AppendEntries [], prevIndex 0, prevTerm 0
006024 LEAD S1: 2 append success next 1 match 0
006025 INFO S0: (term 1) follower 收到 [1] AppendEntries [], prevIndex 0, prevTerm 0
006025 LEAD S1: 0 append success next 1 match 0
006525 LEAD S1: prevLog &raft.Entry{Command:interface {}(nil), Term:0, Index:0}
006525 LEAD S1: prevLog &raft.Entry{Command:interface {}(nil), Term:0, Index:0}
006526 INFO S2: (term 1) follower 收到 [1] AppendEntries [], prevIndex 0, prevTerm 0
006526 LEAD S1: 2 append success next 1 match 0
006526 INFO S0: (term 1) follower 收到 [1] AppendEntries [], prevIndex 0, prevTerm 0
006527 LEAD S1: 0 append success next 1 match 0
007026 LEAD S1: prevLog &raft.Entry{Command:interface {}(nil), Term:0, Index:0}
007027 LEAD S1: prevLog &raft.Entry{Command:interface {}(nil), Term:0, Index:0}
007027 INFO S2: (term 1) follower 收到 [1] AppendEntries [], prevIndex 0, prevTerm 0
007028 LEAD S1: 2 append success next 1 match 0
007028 INFO S0: (term 1) follower 收到 [1] AppendEntries [], prevIndex 0, prevTerm 0
007028 LEAD S1: 0 append success next 1 match 0
007529 LEAD S1: prevLog &raft.Entry{Command:interface {}(nil), Term:0, Index:0}
007529 LEAD S1: prevLog &raft.Entry{Command:interface {}(nil), Term:0, Index:0}
007530 INFO S2: (term 1) follower 收到 [1] AppendEntries [], prevIndex 0, prevTerm 0
007530 LEAD S1: 2 append success next 1 match 0
007530 INFO S0: (term 1) follower 收到 [1] AppendEntries [], prevIndex 0, prevTerm 0
007530 LEAD S1: 0 append success next 1 match 0
008031 LEAD S1: prevLog &raft.Entry{Command:interface {}(nil), Term:0, Index:0}
008031 LEAD S1: prevLog &raft.Entry{Command:interface {}(nil), Term:0, Index:0}
008032 INFO S2: (term 1) follower 收到 [1] AppendEntries [], prevIndex 0, prevTerm 0
008032 LEAD S1: 2 append success next 1 match 0
008033 INFO S0: (term 1) follower 收到 [1] AppendEntries [], prevIndex 0, prevTerm 0
008033 LEAD S1: 0 append success next 1 match 0
008534 LEAD S1: prevLog &raft.Entry{Command:interface {}(nil), Term:0, Index:0}
008535 LEAD S1: prevLog &raft.Entry{Command:interface {}(nil), Term:0, Index:0}
008536 INFO S2: (term 1) follower 收到 [1] AppendEntries [], prevIndex 0, prevTerm 0
008536 INFO S0: (term 1) follower 收到 [1] AppendEntries [], prevIndex 0, prevTerm 0
008537 LEAD S1: 2 append success next 1 match 0
008537 LEAD S1: 0 append success next 1 match 0
009038 LEAD S1: prevLog &raft.Entry{Command:interface {}(nil), Term:0, Index:0}
009038 LEAD S1: prevLog &raft.Entry{Command:interface {}(nil), Term:0, Index:0}
009038 INFO S2: (term 1) follower 收到 [1] AppendEntries [], prevIndex 0, prevTerm 0
009038 INFO S0: (term 1) follower 收到 [1] AppendEntries [], prevIndex 0, prevTerm 0
009039 LEAD S1: 2 append success next 1 match 0
009039 LEAD S1: 0 append success next 1 match 0
009540 LEAD S1: prevLog &raft.Entry{Command:interface {}(nil), Term:0, Index:0}
009540 LEAD S1: prevLog &raft.Entry{Command:interface {}(nil), Term:0, Index:0}
009541 INFO S2: (term 1) follower 收到 [1] AppendEntries [], prevIndex 0, prevTerm 0
009541 INFO S0: (term 1) follower 收到 [1] AppendEntries [], prevIndex 0, prevTerm 0
009541 LEAD S1: 2 append success next 1 match 0
009542 LEAD S1: 0 append success next 1 match 0
010042 LEAD S1: prevLog &raft.Entry{Command:interface {}(nil), Term:0, Index:0}
010042 LEAD S1: prevLog &raft.Entry{Command:interface {}(nil), Term:0, Index:0}
010043 INFO S2: (term 1) follower 收到 [1] AppendEntries [], prevIndex 0, prevTerm 0
010043 LEAD S1: 2 append success next 1 match 0
010043 INFO S0: (term 1) follower 收到 [1] AppendEntries [], prevIndex 0, prevTerm 0
010044 LEAD S1: 0 append success next 1 match 0
010544 LEAD S1: prevLog &raft.Entry{Command:interface {}(nil), Term:0, Index:0}
010545 LEAD S1: prevLog &raft.Entry{Command:interface {}(nil), Term:0, Index:0}
010545 INFO S2: (term 1) follower 收到 [1] AppendEntries [], prevIndex 0, prevTerm 0
010546 LEAD S1: 2 append success next 1 match 0
010546 INFO S0: (term 1) follower 收到 [1] AppendEntries [], prevIndex 0, prevTerm 0
010546 LEAD S1: 0 append success next 1 match 0
011047 LEAD S1: prevLog &raft.Entry{Command:interface {}(nil), Term:0, Index:0}
011047 LEAD S1: prevLog &raft.Entry{Command:interface {}(nil), Term:0, Index:0}
011048 INFO S2: (term 1) follower 收到 [1] AppendEntries [], prevIndex 0, prevTerm 0
011048 LEAD S1: 2 append success next 1 match 0
011048 INFO S0: (term 1) follower 收到 [1] AppendEntries [], prevIndex 0, prevTerm 0
011048 LEAD S1: 0 append success next 1 match 0
011549 LEAD S1: prevLog &raft.Entry{Command:interface {}(nil), Term:0, Index:0}
011549 LEAD S1: prevLog &raft.Entry{Command:interface {}(nil), Term:0, Index:0}
011550 INFO S2: (term 1) follower 收到 [1] AppendEntries [], prevIndex 0, prevTerm 0
011550 LEAD S1: 2 append success next 1 match 0
011551 INFO S0: (term 1) follower 收到 [1] AppendEntries [], prevIndex 0, prevTerm 0
011551 LEAD S1: 0 append success next 1 match 0
012051 LEAD S1: prevLog &raft.Entry{Command:interface {}(nil), Term:0, Index:0}
012052 LEAD S1: prevLog &raft.Entry{Command:interface {}(nil), Term:0, Index:0}
012052 INFO S2: (term 1) follower 收到 [1] AppendEntries [], prevIndex 0, prevTerm 0
012053 LEAD S1: 2 append success next 1 match 0
012053 INFO S0: (term 1) follower 收到 [1] AppendEntries [], prevIndex 0, prevTerm 0
012053 LEAD S1: 0 append success next 1 match 0
012554 LEAD S1: prevLog &raft.Entry{Command:interface {}(nil), Term:0, Index:0}
012554 LEAD S1: prevLog &raft.Entry{Command:interface {}(nil), Term:0, Index:0}
012555 INFO S2: (term 1) follower 收到 [1] AppendEntries [], prevIndex 0, prevTerm 0
012555 LEAD S1: 2 append success next 1 match 0
012555 INFO S0: (term 1) follower 收到 [1] AppendEntries [], prevIndex 0, prevTerm 0
012556 LEAD S1: 0 append success next 1 match 0
013056 LEAD S1: prevLog &raft.Entry{Command:interface {}(nil), Term:0, Index:0}
013056 LEAD S1: prevLog &raft.Entry{Command:interface {}(nil), Term:0, Index:0}
013057 INFO S2: (term 1) follower 收到 [1] AppendEntries [], prevIndex 0, prevTerm 0
013057 LEAD S1: 2 append success next 1 match 0
013058 INFO S0: (term 1) follower 收到 [1] AppendEntries [], prevIndex 0, prevTerm 0
013058 LEAD S1: 0 append success next 1 match 0
013559 LEAD S1: prevLog &raft.Entry{Command:interface {}(nil), Term:0, Index:0}
013559 LEAD S1: prevLog &raft.Entry{Command:interface {}(nil), Term:0, Index:0}
013560 INFO S2: (term 1) follower 收到 [1] AppendEntries [], prevIndex 0, prevTerm 0
013560 LEAD S1: 2 append success next 1 match 0
013561 INFO S0: (term 1) follower 收到 [1] AppendEntries [], prevIndex 0, prevTerm 0
013562 LEAD S1: 0 append success next 1 match 0
014061 LEAD S1: prevLog &raft.Entry{Command:interface {}(nil), Term:0, Index:0}
014061 LEAD S1: prevLog &raft.Entry{Command:interface {}(nil), Term:0, Index:0}
014062 INFO S2: (term 1) follower 收到 [1] AppendEntries [], prevIndex 0, prevTerm 0
014062 LEAD S1: 2 append success next 1 match 0
014063 INFO S0: (term 1) follower 收到 [1] AppendEntries [], prevIndex 0, prevTerm 0
014063 LEAD S1: 0 append success next 1 match 0
014563 LEAD S1: prevLog &raft.Entry{Command:interface {}(nil), Term:0, Index:0}
014563 LEAD S1: prevLog &raft.Entry{Command:interface {}(nil), Term:0, Index:0}
014564 INFO S2: (term 1) follower 收到 [1] AppendEntries [], prevIndex 0, prevTerm 0
014564 LEAD S1: 2 append success next 1 match 0
014564 INFO S0: (term 1) follower 收到 [1] AppendEntries [], prevIndex 0, prevTerm 0
014565 LEAD S1: 0 append success next 1 match 0
015065 LEAD S1: prevLog &raft.Entry{Command:interface {}(nil), Term:0, Index:0}
015065 LEAD S1: prevLog &raft.Entry{Command:interface {}(nil), Term:0, Index:0}
015066 INFO S2: (term 1) follower 收到 [1] AppendEntries [], prevIndex 0, prevTerm 0
015066 LEAD S1: 2 append success next 1 match 0
015066 INFO S0: (term 1) follower 收到 [1] AppendEntries [], prevIndex 0, prevTerm 0
015066 LEAD S1: 0 append success next 1 match 0
015567 LEAD S1: prevLog &raft.Entry{Command:interface {}(nil), Term:0, Index:0}
015567 LEAD S1: prevLog &raft.Entry{Command:interface {}(nil), Term:0, Index:0}
015568 INFO S2: (term 1) follower 收到 [1] AppendEntries [], prevIndex 0, prevTerm 0
015568 LEAD S1: 2 append success next 1 match 0
015569 INFO S0: (term 1) follower 收到 [1] AppendEntries [], prevIndex 0, prevTerm 0
015569 LEAD S1: 0 append success next 1 match 0
016069 LEAD S1: prevLog &raft.Entry{Command:interface {}(nil), Term:0, Index:0}
016069 LEAD S1: prevLog &raft.Entry{Command:interface {}(nil), Term:0, Index:0}
016070 INFO S2: (term 1) follower 收到 [1] AppendEntries [], prevIndex 0, prevTerm 0
016070 LEAD S1: 2 append success next 1 match 0
016070 INFO S0: (term 1) follower 收到 [1] AppendEntries [], prevIndex 0, prevTerm 0
016070 LEAD S1: 0 append success next 1 match 0
016571 LEAD S1: prevLog &raft.Entry{Command:interface {}(nil), Term:0, Index:0}
016571 LEAD S1: prevLog &raft.Entry{Command:interface {}(nil), Term:0, Index:0}
016572 INFO S0: (term 1) follower 收到 [1] AppendEntries [], prevIndex 0, prevTerm 0
016572 INFO S2: (term 1) follower 收到 [1] AppendEntries [], prevIndex 0, prevTerm 0
016572 LEAD S1: 0 append success next 1 match 0
016572 LEAD S1: 2 append success next 1 match 0
017073 LEAD S1: prevLog &raft.Entry{Command:interface {}(nil), Term:0, Index:0}
017073 LEAD S1: prevLog &raft.Entry{Command:interface {}(nil), Term:0, Index:0}
017074 INFO S0: (term 1) follower 收到 [1] AppendEntries [], prevIndex 0, prevTerm 0
017074 INFO S2: (term 1) follower 收到 [1] AppendEntries [], prevIndex 0, prevTerm 0
017074 LEAD S1: 0 append success next 1 match 0
017074 LEAD S1: 2 append success next 1 match 0
017575 LEAD S1: prevLog &raft.Entry{Command:interface {}(nil), Term:0, Index:0}
017575 LEAD S1: prevLog &raft.Entry{Command:interface {}(nil), Term:0, Index:0}
017576 INFO S2: (term 1) follower 收到 [1] AppendEntries [], prevIndex 0, prevTerm 0
017576 LEAD S1: 2 append success next 1 match 0
017576 INFO S0: (term 1) follower 收到 [1] AppendEntries [], prevIndex 0, prevTerm 0
017577 LEAD S1: 0 append success next 1 match 0
018077 LEAD S1: prevLog &raft.Entry{Command:interface {}(nil), Term:0, Index:0}
018078 LEAD S1: prevLog &raft.Entry{Command:interface {}(nil), Term:0, Index:0}
018078 INFO S0: (term 1) follower 收到 [1] AppendEntries [], prevIndex 0, prevTerm 0
018078 INFO S2: (term 1) follower 收到 [1] AppendEntries [], prevIndex 0, prevTerm 0
018079 LEAD S1: 0 append success next 1 match 0
018079 LEAD S1: 2 append success next 1 match 0
018579 LEAD S1: prevLog &raft.Entry{Command:interface {}(nil), Term:0, Index:0}
018579 LEAD S1: prevLog &raft.Entry{Command:interface {}(nil), Term:0, Index:0}
018580 INFO S2: (term 1) follower 收到 [1] AppendEntries [], prevIndex 0, prevTerm 0
018581 LEAD S1: 2 append success next 1 match 0
018581 INFO S0: (term 1) follower 收到 [1] AppendEntries [], prevIndex 0, prevTerm 0
018581 LEAD S1: 0 append success next 1 match 0
019081 LEAD S1: prevLog &raft.Entry{Command:interface {}(nil), Term:0, Index:0}
019081 LEAD S1: prevLog &raft.Entry{Command:interface {}(nil), Term:0, Index:0}
019082 INFO S2: (term 1) follower 收到 [1] AppendEntries [], prevIndex 0, prevTerm 0
019082 INFO S0: (term 1) follower 收到 [1] AppendEntries [], prevIndex 0, prevTerm 0
019082 LEAD S1: 2 append success next 1 match 0
019082 LEAD S1: 0 append success next 1 match 0
019583 LEAD S1: prevLog &raft.Entry{Command:interface {}(nil), Term:0, Index:0}
019583 LEAD S1: prevLog &raft.Entry{Command:interface {}(nil), Term:0, Index:0}
019584 INFO S2: (term 1) follower 收到 [1] AppendEntries [], prevIndex 0, prevTerm 0
019584 LEAD S1: 2 append success next 1 match 0
019584 INFO S0: (term 1) follower 收到 [1] AppendEntries [], prevIndex 0, prevTerm 0
019585 LEAD S1: 0 append success next 1 match 0
020085 LEAD S1: prevLog &raft.Entry{Command:interface {}(nil), Term:0, Index:0}
020085 LEAD S1: prevLog &raft.Entry{Command:interface {}(nil), Term:0, Index:0}
020086 INFO S2: (term 1) follower 收到 [1] AppendEntries [], prevIndex 0, prevTerm 0
020086 INFO S0: (term 1) follower 收到 [1] AppendEntries [], prevIndex 0, prevTerm 0
020087 LEAD S1: 0 append success next 1 match 0
020089 LEAD S1: 2 append success next 1 match 0
020587 LEAD S1: prevLog &raft.Entry{Command:interface {}(nil), Term:0, Index:0}
020588 LEAD S1: prevLog &raft.Entry{Command:interface {}(nil), Term:0, Index:0}
020588 INFO S2: (term 1) follower 收到 [1] AppendEntries [], prevIndex 0, prevTerm 0
020589 LEAD S1: 2 append success next 1 match 0
020589 INFO S0: (term 1) follower 收到 [1] AppendEntries [], prevIndex 0, prevTerm 0
020589 LEAD S1: 0 append success next 1 match 0
021090 LEAD S1: prevLog &raft.Entry{Command:interface {}(nil), Term:0, Index:0}
021090 LEAD S1: prevLog &raft.Entry{Command:interface {}(nil), Term:0, Index:0}
021091 INFO S2: (term 1) follower 收到 [1] AppendEntries [], prevIndex 0, prevTerm 0
021091 LEAD S1: 2 append success next 1 match 0
021091 INFO S0: (term 1) follower 收到 [1] AppendEntries [], prevIndex 0, prevTerm 0
021092 LEAD S1: 0 append success next 1 match 0
021592 LEAD S1: prevLog &raft.Entry{Command:interface {}(nil), Term:0, Index:0}
021592 LEAD S1: prevLog &raft.Entry{Command:interface {}(nil), Term:0, Index:0}
021593 INFO S2: (term 1) follower 收到 [1] AppendEntries [], prevIndex 0, prevTerm 0
021593 LEAD S1: 2 append success next 1 match 0
021593 INFO S0: (term 1) follower 收到 [1] AppendEntries [], prevIndex 0, prevTerm 0
021594 LEAD S1: 0 append success next 1 match 0
022095 LEAD S1: prevLog &raft.Entry{Command:interface {}(nil), Term:0, Index:0}
022095 LEAD S1: prevLog &raft.Entry{Command:interface {}(nil), Term:0, Index:0}
022096 INFO S2: (term 1) follower 收到 [1] AppendEntries [], prevIndex 0, prevTerm 0
022096 LEAD S1: 2 append success next 1 match 0
022096 INFO S0: (term 1) follower 收到 [1] AppendEntries [], prevIndex 0, prevTerm 0
022097 LEAD S1: 0 append success next 1 match 0
022597 LEAD S1: prevLog &raft.Entry{Command:interface {}(nil), Term:0, Index:0}
022597 LEAD S1: prevLog &raft.Entry{Command:interface {}(nil), Term:0, Index:0}
022598 INFO S2: (term 1) follower 收到 [1] AppendEntries [], prevIndex 0, prevTerm 0
022598 LEAD S1: 2 append success next 1 match 0
022598 INFO S0: (term 1) follower 收到 [1] AppendEntries [], prevIndex 0, prevTerm 0
022599 LEAD S1: 0 append success next 1 match 0
023100 LEAD S1: prevLog &raft.Entry{Command:interface {}(nil), Term:0, Index:0}
023100 LEAD S1: prevLog &raft.Entry{Command:interface {}(nil), Term:0, Index:0}
023101 INFO S2: (term 1) follower 收到 [1] AppendEntries [], prevIndex 0, prevTerm 0
023101 LEAD S1: 2 append success next 1 match 0
023101 INFO S0: (term 1) follower 收到 [1] AppendEntries [], prevIndex 0, prevTerm 0
023102 LEAD S1: 0 append success next 1 match 0
023602 LEAD S1: prevLog &raft.Entry{Command:interface {}(nil), Term:0, Index:0}
023602 LEAD S1: prevLog &raft.Entry{Command:interface {}(nil), Term:0, Index:0}
023603 INFO S2: (term 1) follower 收到 [1] AppendEntries [], prevIndex 0, prevTerm 0
023603 LEAD S1: 2 append success next 1 match 0
023603 INFO S0: (term 1) follower 收到 [1] AppendEntries [], prevIndex 0, prevTerm 0
023603 LEAD S1: 0 append success next 1 match 0
024104 LEAD S1: prevLog &raft.Entry{Command:interface {}(nil), Term:0, Index:0}
024105 LEAD S1: prevLog &raft.Entry{Command:interface {}(nil), Term:0, Index:0}
024105 INFO S2: (term 1) follower 收到 [1] AppendEntries [], prevIndex 0, prevTerm 0
024105 LEAD S1: 2 append success next 1 match 0
024106 INFO S0: (term 1) follower 收到 [1] AppendEntries [], prevIndex 0, prevTerm 0
024106 LEAD S1: 0 append success next 1 match 0
024606 LEAD S1: prevLog &raft.Entry{Command:interface {}(nil), Term:0, Index:0}
024607 LEAD S1: prevLog &raft.Entry{Command:interface {}(nil), Term:0, Index:0}
024607 INFO S0: (term 1) follower 收到 [1] AppendEntries [], prevIndex 0, prevTerm 0
024607 INFO S2: (term 1) follower 收到 [1] AppendEntries [], prevIndex 0, prevTerm 0
024608 LEAD S1: 0 append success next 1 match 0
024608 LEAD S1: 2 append success next 1 match 0
025108 LEAD S1: prevLog &raft.Entry{Command:interface {}(nil), Term:0, Index:0}
025108 LEAD S1: prevLog &raft.Entry{Command:interface {}(nil), Term:0, Index:0}
025109 INFO S2: (term 1) follower 收到 [1] AppendEntries [], prevIndex 0, prevTerm 0
025109 LEAD S1: 2 append success next 1 match 0
025109 INFO S0: (term 1) follower 收到 [1] AppendEntries [], prevIndex 0, prevTerm 0
025109 LEAD S1: 0 append success next 1 match 0
025610 LEAD S1: prevLog &raft.Entry{Command:interface {}(nil), Term:0, Index:0}
025610 LEAD S1: prevLog &raft.Entry{Command:interface {}(nil), Term:0, Index:0}
025611 INFO S0: (term 1) follower 收到 [1] AppendEntries [], prevIndex 0, prevTerm 0
025611 INFO S2: (term 1) follower 收到 [1] AppendEntries [], prevIndex 0, prevTerm 0
025611 LEAD S1: 0 append success next 1 match 0
025611 LEAD S1: 2 append success next 1 match 0
026112 LEAD S1: prevLog &raft.Entry{Command:interface {}(nil), Term:0, Index:0}
026112 LEAD S1: prevLog &raft.Entry{Command:interface {}(nil), Term:0, Index:0}
026113 INFO S2: (term 1) follower 收到 [1] AppendEntries [], prevIndex 0, prevTerm 0
026113 LEAD S1: 2 append success next 1 match 0
026113 INFO S0: (term 1) follower 收到 [1] AppendEntries [], prevIndex 0, prevTerm 0
026114 LEAD S1: 0 append success next 1 match 0
026614 LEAD S1: prevLog &raft.Entry{Command:interface {}(nil), Term:0, Index:0}
026615 LEAD S1: prevLog &raft.Entry{Command:interface {}(nil), Term:0, Index:0}
026615 INFO S2: (term 1) follower 收到 [1] AppendEntries [], prevIndex 0, prevTerm 0
026615 LEAD S1: 2 append success next 1 match 0
026616 INFO S0: (term 1) follower 收到 [1] AppendEntries [], prevIndex 0, prevTerm 0
026616 LEAD S1: 0 append success next 1 match 0
027117 LEAD S1: prevLog &raft.Entry{Command:interface {}(nil), Term:0, Index:0}
027117 LEAD S1: prevLog &raft.Entry{Command:interface {}(nil), Term:0, Index:0}
027118 INFO S2: (term 1) follower 收到 [1] AppendEntries [], prevIndex 0, prevTerm 0
027118 LEAD S1: 2 append success next 1 match 0
027118 INFO S0: (term 1) follower 收到 [1] AppendEntries [], prevIndex 0, prevTerm 0
027118 LEAD S1: 0 append success next 1 match 0
027619 LEAD S1: prevLog &raft.Entry{Command:interface {}(nil), Term:0, Index:0}
027619 LEAD S1: prevLog &raft.Entry{Command:interface {}(nil), Term:0, Index:0}
027620 INFO S2: (term 1) follower 收到 [1] AppendEntries [], prevIndex 0, prevTerm 0
027620 INFO S0: (term 1) follower 收到 [1] AppendEntries [], prevIndex 0, prevTerm 0
027620 LEAD S1: 2 append success next 1 match 0
027621 LEAD S1: 0 append success next 1 match 0
028121 LEAD S1: prevLog &raft.Entry{Command:interface {}(nil), Term:0, Index:0}
028121 LEAD S1: prevLog &raft.Entry{Command:interface {}(nil), Term:0, Index:0}
028122 INFO S0: (term 1) follower 收到 [1] AppendEntries [], prevIndex 0, prevTerm 0
028122 LEAD S1: 0 append success next 1 match 0
028122 INFO S2: (term 1) follower 收到 [1] AppendEntries [], prevIndex 0, prevTerm 0
028123 LEAD S1: 2 append success next 1 match 0
028623 LEAD S1: prevLog &raft.Entry{Command:interface {}(nil), Term:0, Index:0}
028623 LEAD S1: prevLog &raft.Entry{Command:interface {}(nil), Term:0, Index:0}
028624 INFO S0: (term 1) follower 收到 [1] AppendEntries [], prevIndex 0, prevTerm 0
028624 INFO S2: (term 1) follower 收到 [1] AppendEntries [], prevIndex 0, prevTerm 0
028624 LEAD S1: 2 append success next 1 match 0
028624 LEAD S1: 0 append success next 1 match 0
029125 LEAD S1: prevLog &raft.Entry{Command:interface {}(nil), Term:0, Index:0}
029126 LEAD S1: prevLog &raft.Entry{Command:interface {}(nil), Term:0, Index:0}
029126 INFO S2: (term 1) follower 收到 [1] AppendEntries [], prevIndex 0, prevTerm 0
029127 LEAD S1: 2 append success next 1 match 0
029127 INFO S0: (term 1) follower 收到 [1] AppendEntries [], prevIndex 0, prevTerm 0
029127 LEAD S1: 0 append success next 1 match 0
029627 LEAD S1: prevLog &raft.Entry{Command:interface {}(nil), Term:0, Index:0}
029627 LEAD S1: prevLog &raft.Entry{Command:interface {}(nil), Term:0, Index:0}
029628 INFO S2: (term 1) follower 收到 [1] AppendEntries [], prevIndex 0, prevTerm 0
029628 LEAD S1: 2 append success next 1 match 0
029628 INFO S0: (term 1) follower 收到 [1] AppendEntries [], prevIndex 0, prevTerm 0
029629 LEAD S1: 0 append success next 1 match 0
030129 LEAD S1: prevLog &raft.Entry{Command:interface {}(nil), Term:0, Index:0}
030129 LEAD S1: prevLog &raft.Entry{Command:interface {}(nil), Term:0, Index:0}
030130 INFO S2: (term 1) follower 收到 [1] AppendEntries [], prevIndex 0, prevTerm 0
030130 LEAD S1: 2 append success next 1 match 0
030130 INFO S0: (term 1) follower 收到 [1] AppendEntries [], prevIndex 0, prevTerm 0
030131 LEAD S1: 0 append success next 1 match 0
030631 LEAD S1: prevLog &raft.Entry{Command:interface {}(nil), Term:0, Index:0}
030632 LEAD S1: prevLog &raft.Entry{Command:interface {}(nil), Term:0, Index:0}
030632 INFO S2: (term 1) follower 收到 [1] AppendEntries [], prevIndex 0, prevTerm 0
030633 LEAD S1: 2 append success next 1 match 0
030633 INFO S0: (term 1) follower 收到 [1] AppendEntries [], prevIndex 0, prevTerm 0
030633 LEAD S1: 0 append success next 1 match 0
031133 LEAD S1: prevLog &raft.Entry{Command:interface {}(nil), Term:0, Index:0}
031134 LEAD S1: prevLog &raft.Entry{Command:interface {}(nil), Term:0, Index:0}
031134 INFO S2: (term 1) follower 收到 [1] AppendEntries [], prevIndex 0, prevTerm 0
031135 LEAD S1: 2 append success next 1 match 0
031135 INFO S0: (term 1) follower 收到 [1] AppendEntries [], prevIndex 0, prevTerm 0
031135 LEAD S1: 0 append success next 1 match 0
031635 LEAD S1: prevLog &raft.Entry{Command:interface {}(nil), Term:0, Index:0}
031636 LEAD S1: prevLog &raft.Entry{Command:interface {}(nil), Term:0, Index:0}
031636 INFO S2: (term 1) follower 收到 [1] AppendEntries [], prevIndex 0, prevTerm 0
031637 LEAD S1: 2 append success next 1 match 0
031637 INFO S0: (term 1) follower 收到 [1] AppendEntries [], prevIndex 0, prevTerm 0
031637 LEAD S1: 0 append success next 1 match 0
032138 LEAD S1: prevLog &raft.Entry{Command:interface {}(nil), Term:0, Index:0}
032139 LEAD S1: prevLog &raft.Entry{Command:interface {}(nil), Term:0, Index:0}
032139 INFO S2: (term 1) follower 收到 [1] AppendEntries [], prevIndex 0, prevTerm 0
032140 LEAD S1: 2 append success next 1 match 0
032140 INFO S0: (term 1) follower 收到 [1] AppendEntries [], prevIndex 0, prevTerm 0
032140 LEAD S1: 0 append success next 1 match 0
032640 LEAD S1: prevLog &raft.Entry{Command:interface {}(nil), Term:0, Index:0}
032640 LEAD S1: prevLog &raft.Entry{Command:interface {}(nil), Term:0, Index:0}
032641 INFO S2: (term 1) follower 收到 [1] AppendEntries [], prevIndex 0, prevTerm 0
032641 LEAD S1: 2 append success next 1 match 0
032641 INFO S0: (term 1) follower 收到 [1] AppendEntries [], prevIndex 0, prevTerm 0
032642 LEAD S1: 0 append success next 1 match 0
033142 LEAD S1: prevLog &raft.Entry{Command:interface {}(nil), Term:0, Index:0}
033142 LEAD S1: prevLog &raft.Entry{Command:interface {}(nil), Term:0, Index:0}
033143 INFO S2: (term 1) follower 收到 [1] AppendEntries [], prevIndex 0, prevTerm 0
033143 LEAD S1: 2 append success next 1 match 0
033144 INFO S0: (term 1) follower 收到 [1] AppendEntries [], prevIndex 0, prevTerm 0
033144 LEAD S1: 0 append success next 1 match 0
033644 LEAD S1: prevLog &raft.Entry{Command:interface {}(nil), Term:0, Index:0}
033645 LEAD S1: prevLog &raft.Entry{Command:interface {}(nil), Term:0, Index:0}
033645 INFO S2: (term 1) follower 收到 [1] AppendEntries [], prevIndex 0, prevTerm 0
033646 LEAD S1: 2 append success next 1 match 0
033646 INFO S0: (term 1) follower 收到 [1] AppendEntries [], prevIndex 0, prevTerm 0
033646 LEAD S1: 0 append success next 1 match 0
034147 LEAD S1: prevLog &raft.Entry{Command:interface {}(nil), Term:0, Index:0}
034147 LEAD S1: prevLog &raft.Entry{Command:interface {}(nil), Term:0, Index:0}
034148 INFO S2: (term 1) follower 收到 [1] AppendEntries [], prevIndex 0, prevTerm 0
034148 LEAD S1: 2 append success next 1 match 0
034151 INFO S0: (term 1) follower 收到 [1] AppendEntries [], prevIndex 0, prevTerm 0
034153 LEAD S1: 0 append success next 1 match 0
034649 LEAD S1: prevLog &raft.Entry{Command:interface {}(nil), Term:0, Index:0}
034649 LEAD S1: prevLog &raft.Entry{Command:interface {}(nil), Term:0, Index:0}
034650 INFO S2: (term 1) follower 收到 [1] AppendEntries [], prevIndex 0, prevTerm 0
034650 LEAD S1: 2 append success next 1 match 0
034651 INFO S0: (term 1) follower 收到 [1] AppendEntries [], prevIndex 0, prevTerm 0
034651 LEAD S1: 0 append success next 1 match 0
035151 LEAD S1: prevLog &raft.Entry{Command:interface {}(nil), Term:0, Index:0}
035152 LEAD S1: prevLog &raft.Entry{Command:interface {}(nil), Term:0, Index:0}
035152 INFO S2: (term 1) follower 收到 [1] AppendEntries [], prevIndex 0, prevTerm 0
035153 LEAD S1: 2 append success next 1 match 0
035153 INFO S0: (term 1) follower 收到 [1] AppendEntries [], prevIndex 0, prevTerm 0
035153 LEAD S1: 0 append success next 1 match 0
035654 LEAD S1: prevLog &raft.Entry{Command:interface {}(nil), Term:0, Index:0}
035654 LEAD S1: prevLog &raft.Entry{Command:interface {}(nil), Term:0, Index:0}
035654 INFO S2: (term 1) follower 收到 [1] AppendEntries [], prevIndex 0, prevTerm 0
035655 LEAD S1: 2 append success next 1 match 0
035655 INFO S0: (term 1) follower 收到 [1] AppendEntries [], prevIndex 0, prevTerm 0
035655 LEAD S1: 0 append success next 1 match 0
036156 LEAD S1: prevLog &raft.Entry{Command:interface {}(nil), Term:0, Index:0}
036156 LEAD S1: prevLog &raft.Entry{Command:interface {}(nil), Term:0, Index:0}
036157 INFO S2: (term 1) follower 收到 [1] AppendEntries [], prevIndex 0, prevTerm 0
036157 LEAD S1: 2 append success next 1 match 0
036157 INFO S0: (term 1) follower 收到 [1] AppendEntries [], prevIndex 0, prevTerm 0
036158 LEAD S1: 0 append success next 1 match 0
036659 LEAD S1: prevLog &raft.Entry{Command:interface {}(nil), Term:0, Index:0}
036659 LEAD S1: prevLog &raft.Entry{Command:interface {}(nil), Term:0, Index:0}
036660 INFO S2: (term 1) follower 收到 [1] AppendEntries [], prevIndex 0, prevTerm 0
036661 INFO S0: (term 1) follower 收到 [1] AppendEntries [], prevIndex 0, prevTerm 0
036661 LEAD S1: 2 append success next 1 match 0
036662 LEAD S1: 0 append success next 1 match 0
037161 LEAD S1: prevLog &raft.Entry{Command:interface {}(nil), Term:0, Index:0}
037161 LEAD S1: prevLog &raft.Entry{Command:interface {}(nil), Term:0, Index:0}
037162 INFO S0: (term 1) follower 收到 [1] AppendEntries [], prevIndex 0, prevTerm 0
037162 INFO S2: (term 1) follower 收到 [1] AppendEntries [], prevIndex 0, prevTerm 0
037162 LEAD S1: 0 append success next 1 match 0
037163 LEAD S1: 2 append success next 1 match 0
037664 LEAD S1: prevLog &raft.Entry{Command:interface {}(nil), Term:0, Index:0}
037664 LEAD S1: prevLog &raft.Entry{Command:interface {}(nil), Term:0, Index:0}
037664 INFO S2: (term 1) follower 收到 [1] AppendEntries [], prevIndex 0, prevTerm 0
037665 LEAD S1: 2 append success next 1 match 0
037665 INFO S0: (term 1) follower 收到 [1] AppendEntries [], prevIndex 0, prevTerm 0
037665 LEAD S1: 0 append success next 1 match 0
038166 LEAD S1: prevLog &raft.Entry{Command:interface {}(nil), Term:0, Index:0}
038166 LEAD S1: prevLog &raft.Entry{Command:interface {}(nil), Term:0, Index:0}
038166 INFO S2: (term 1) follower 收到 [1] AppendEntries [], prevIndex 0, prevTerm 0
038167 LEAD S1: 2 append success next 1 match 0
038167 INFO S0: (term 1) follower 收到 [1] AppendEntries [], prevIndex 0, prevTerm 0
038167 LEAD S1: 0 append success next 1 match 0
038668 LEAD S1: prevLog &raft.Entry{Command:interface {}(nil), Term:0, Index:0}
038668 LEAD S1: prevLog &raft.Entry{Command:interface {}(nil), Term:0, Index:0}
038669 INFO S2: (term 1) follower 收到 [1] AppendEntries [], prevIndex 0, prevTerm 0
038669 LEAD S1: 2 append success next 1 match 0
038669 INFO S0: (term 1) follower 收到 [1] AppendEntries [], prevIndex 0, prevTerm 0
038670 LEAD S1: 0 append success next 1 match 0
039170 LEAD S1: prevLog &raft.Entry{Command:interface {}(nil), Term:0, Index:0}
039171 LEAD S1: prevLog &raft.Entry{Command:interface {}(nil), Term:0, Index:0}
039171 INFO S2: (term 1) follower 收到 [1] AppendEntries [], prevIndex 0, prevTerm 0
039172 LEAD S1: 2 append success next 1 match 0
039172 INFO S0: (term 1) follower 收到 [1] AppendEntries [], prevIndex 0, prevTerm 0
039172 LEAD S1: 0 append success next 1 match 0
039673 LEAD S1: prevLog &raft.Entry{Command:interface {}(nil), Term:0, Index:0}
039673 LEAD S1: prevLog &raft.Entry{Command:interface {}(nil), Term:0, Index:0}
039674 INFO S2: (term 1) follower 收到 [1] AppendEntries [], prevIndex 0, prevTerm 0
039674 INFO S0: (term 1) follower 收到 [1] AppendEntries [], prevIndex 0, prevTerm 0
039675 LEAD S1: 2 append success next 1 match 0
039675 LEAD S1: 0 append success next 1 match 0
040175 LEAD S1: prevLog &raft.Entry{Command:interface {}(nil), Term:0, Index:0}
040175 LEAD S1: prevLog &raft.Entry{Command:interface {}(nil), Term:0, Index:0}
040176 INFO S0: (term 1) follower 收到 [1] AppendEntries [], prevIndex 0, prevTerm 0
040176 INFO S2: (term 1) follower 收到 [1] AppendEntries [], prevIndex 0, prevTerm 0
040176 LEAD S1: 0 append success next 1 match 0
040176 LEAD S1: 2 append success next 1 match 0
040677 LEAD S1: prevLog &raft.Entry{Command:interface {}(nil), Term:0, Index:0}
040677 LEAD S1: prevLog &raft.Entry{Command:interface {}(nil), Term:0, Index:0}
040678 INFO S2: (term 1) follower 收到 [1] AppendEntries [], prevIndex 0, prevTerm 0
040678 LEAD S1: 2 append success next 1 match 0
040678 INFO S0: (term 1) follower 收到 [1] AppendEntries [], prevIndex 0, prevTerm 0
040679 LEAD S1: 0 append success next 1 match 0
041179 LEAD S1: prevLog &raft.Entry{Command:interface {}(nil), Term:0, Index:0}
041179 LEAD S1: prevLog &raft.Entry{Command:interface {}(nil), Term:0, Index:0}
041180 INFO S2: (term 1) follower 收到 [1] AppendEntries [], prevIndex 0, prevTerm 0
041180 LEAD S1: 2 append success next 1 match 0
041181 INFO S0: (term 1) follower 收到 [1] AppendEntries [], prevIndex 0, prevTerm 0
041181 LEAD S1: 0 append success next 1 match 0
041682 LEAD S1: prevLog &raft.Entry{Command:interface {}(nil), Term:0, Index:0}
041682 LEAD S1: prevLog &raft.Entry{Command:interface {}(nil), Term:0, Index:0}
041683 INFO S2: (term 1) follower 收到 [1] AppendEntries [], prevIndex 0, prevTerm 0
041683 LEAD S1: 2 append success next 1 match 0
041683 INFO S0: (term 1) follower 收到 [1] AppendEntries [], prevIndex 0, prevTerm 0
041684 LEAD S1: 0 append success next 1 match 0
042184 LEAD S1: prevLog &raft.Entry{Command:interface {}(nil), Term:0, Index:0}
042184 LEAD S1: prevLog &raft.Entry{Command:interface {}(nil), Term:0, Index:0}
042185 INFO S2: (term 1) follower 收到 [1] AppendEntries [], prevIndex 0, prevTerm 0
042185 LEAD S1: 2 append success next 1 match 0
042185 INFO S0: (term 1) follower 收到 [1] AppendEntries [], prevIndex 0, prevTerm 0
042186 LEAD S1: 0 append success next 1 match 0
042686 LEAD S1: prevLog &raft.Entry{Command:interface {}(nil), Term:0, Index:0}
042687 LEAD S1: prevLog &raft.Entry{Command:interface {}(nil), Term:0, Index:0}
042687 INFO S2: (term 1) follower 收到 [1] AppendEntries [], prevIndex 0, prevTerm 0
042688 LEAD S1: 2 append success next 1 match 0
042688 INFO S0: (term 1) follower 收到 [1] AppendEntries [], prevIndex 0, prevTerm 0
042688 LEAD S1: 0 append success next 1 match 0
043189 LEAD S1: prevLog &raft.Entry{Command:interface {}(nil), Term:0, Index:0}
043189 LEAD S1: prevLog &raft.Entry{Command:interface {}(nil), Term:0, Index:0}
043190 INFO S2: (term 1) follower 收到 [1] AppendEntries [], prevIndex 0, prevTerm 0
043190 LEAD S1: 2 append success next 1 match 0
043190 INFO S0: (term 1) follower 收到 [1] AppendEntries [], prevIndex 0, prevTerm 0
043191 LEAD S1: 0 append success next 1 match 0
043691 LEAD S1: prevLog &raft.Entry{Command:interface {}(nil), Term:0, Index:0}
043692 LEAD S1: prevLog &raft.Entry{Command:interface {}(nil), Term:0, Index:0}
043692 INFO S2: (term 1) follower 收到 [1] AppendEntries [], prevIndex 0, prevTerm 0
043693 LEAD S1: 2 append success next 1 match 0
043693 INFO S0: (term 1) follower 收到 [1] AppendEntries [], prevIndex 0, prevTerm 0
043693 LEAD S1: 0 append success next 1 match 0
044194 LEAD S1: prevLog &raft.Entry{Command:interface {}(nil), Term:0, Index:0}
044194 LEAD S1: prevLog &raft.Entry{Command:interface {}(nil), Term:0, Index:0}
044195 INFO S2: (term 1) follower 收到 [1] AppendEntries [], prevIndex 0, prevTerm 0
044195 INFO S0: (term 1) follower 收到 [1] AppendEntries [], prevIndex 0, prevTerm 0
044195 LEAD S1: 2 append success next 1 match 0
044196 LEAD S1: 0 append success next 1 match 0
044697 LEAD S1: prevLog &raft.Entry{Command:interface {}(nil), Term:0, Index:0}
044697 LEAD S1: prevLog &raft.Entry{Command:interface {}(nil), Term:0, Index:0}
044698 INFO S2: (term 1) follower 收到 [1] AppendEntries [], prevIndex 0, prevTerm 0
044699 INFO S0: (term 1) follower 收到 [1] AppendEntries [], prevIndex 0, prevTerm 0
044699 LEAD S1: 2 append success next 1 match 0
044699 LEAD S1: 0 append success next 1 match 0
045199 LEAD S1: prevLog &raft.Entry{Command:interface {}(nil), Term:0, Index:0}
045199 LEAD S1: prevLog &raft.Entry{Command:interface {}(nil), Term:0, Index:0}
045200 INFO S2: (term 1) follower 收到 [1] AppendEntries [], prevIndex 0, prevTerm 0
045200 INFO S0: (term 1) follower 收到 [1] AppendEntries [], prevIndex 0, prevTerm 0
045200 LEAD S1: 2 append success next 1 match 0
045200 LEAD S1: 0 append success next 1 match 0
045701 LEAD S1: prevLog &raft.Entry{Command:interface {}(nil), Term:0, Index:0}
045701 LEAD S1: prevLog &raft.Entry{Command:interface {}(nil), Term:0, Index:0}
045702 INFO S0: (term 1) follower 收到 [1] AppendEntries [], prevIndex 0, prevTerm 0
045702 LEAD S1: 0 append success next 1 match 0
045702 INFO S2: (term 1) follower 收到 [1] AppendEntries [], prevIndex 0, prevTerm 0
045703 LEAD S1: 2 append success next 1 match 0
046203 LEAD S1: prevLog &raft.Entry{Command:interface {}(nil), Term:0, Index:0}
046203 LEAD S1: prevLog &raft.Entry{Command:interface {}(nil), Term:0, Index:0}
046204 INFO S2: (term 1) follower 收到 [1] AppendEntries [], prevIndex 0, prevTerm 0
046204 LEAD S1: 2 append success next 1 match 0
046205 INFO S0: (term 1) follower 收到 [1] AppendEntries [], prevIndex 0, prevTerm 0
046206 LEAD S1: 0 append success next 1 match 0
046705 LEAD S1: prevLog &raft.Entry{Command:interface {}(nil), Term:0, Index:0}
046706 LEAD S1: prevLog &raft.Entry{Command:interface {}(nil), Term:0, Index:0}
046706 INFO S2: (term 1) follower 收到 [1] AppendEntries [], prevIndex 0, prevTerm 0
046706 INFO S0: (term 1) follower 收到 [1] AppendEntries [], prevIndex 0, prevTerm 0
046707 LEAD S1: 0 append success next 1 match 0
046707 LEAD S1: 2 append success next 1 match 0
047207 LEAD S1: prevLog &raft.Entry{Command:interface {}(nil), Term:0, Index:0}
047207 LEAD S1: prevLog &raft.Entry{Command:interface {}(nil), Term:0, Index:0}
047208 INFO S2: (term 1) follower 收到 [1] AppendEntries [], prevIndex 0, prevTerm 0
047208 INFO S0: (term 1) follower 收到 [1] AppendEntries [], prevIndex 0, prevTerm 0
047208 LEAD S1: 0 append success next 1 match 0
047208 LEAD S1: 2 append success next 1 match 0
047709 LEAD S1: prevLog &raft.Entry{Command:interface {}(nil), Term:0, Index:0}
047710 LEAD S1: prevLog &raft.Entry{Command:interface {}(nil), Term:0, Index:0}
047710 INFO S2: (term 1) follower 收到 [1] AppendEntries [], prevIndex 0, prevTerm 0
047711 LEAD S1: 2 append success next 1 match 0
047711 INFO S0: (term 1) follower 收到 [1] AppendEntries [], prevIndex 0, prevTerm 0
047711 LEAD S1: 0 append success next 1 match 0
048211 LEAD S1: prevLog &raft.Entry{Command:interface {}(nil), Term:0, Index:0}
048211 LEAD S1: prevLog &raft.Entry{Command:interface {}(nil), Term:0, Index:0}
048212 INFO S2: (term 1) follower 收到 [1] AppendEntries [], prevIndex 0, prevTerm 0
048212 LEAD S1: 2 append success next 1 match 0
048212 INFO S0: (term 1) follower 收到 [1] AppendEntries [], prevIndex 0, prevTerm 0
048213 LEAD S1: 0 append success next 1 match 0
048713 LEAD S1: prevLog &raft.Entry{Command:interface {}(nil), Term:0, Index:0}
048714 LEAD S1: prevLog &raft.Entry{Command:interface {}(nil), Term:0, Index:0}
048714 INFO S2: (term 1) follower 收到 [1] AppendEntries [], prevIndex 0, prevTerm 0
048715 LEAD S1: 2 append success next 1 match 0
048715 INFO S0: (term 1) follower 收到 [1] AppendEntries [], prevIndex 0, prevTerm 0
048716 LEAD S1: 0 append success next 1 match 0
049216 LEAD S1: prevLog &raft.Entry{Command:interface {}(nil), Term:0, Index:0}
049216 LEAD S1: prevLog &raft.Entry{Command:interface {}(nil), Term:0, Index:0}
049217 INFO S2: (term 1) follower 收到 [1] AppendEntries [], prevIndex 0, prevTerm 0
049217 LEAD S1: 2 append success next 1 match 0
049217 INFO S0: (term 1) follower 收到 [1] AppendEntries [], prevIndex 0, prevTerm 0
049218 LEAD S1: 0 append success next 1 match 0
049719 LEAD S1: prevLog &raft.Entry{Command:interface {}(nil), Term:0, Index:0}
049719 LEAD S1: prevLog &raft.Entry{Command:interface {}(nil), Term:0, Index:0}
049719 INFO S2: (term 1) follower 收到 [1] AppendEntries [], prevIndex 0, prevTerm 0
049719 INFO S0: (term 1) follower 收到 [1] AppendEntries [], prevIndex 0, prevTerm 0
049720 LEAD S1: 0 append success next 1 match 0
049720 LEAD S1: 2 append success next 1 match 0
050221 LEAD S1: prevLog &raft.Entry{Command:interface {}(nil), Term:0, Index:0}
050221 LEAD S1: prevLog &raft.Entry{Command:interface {}(nil), Term:0, Index:0}
050222 INFO S0: (term 1) follower 收到 [1] AppendEntries [], prevIndex 0, prevTerm 0
050222 INFO S2: (term 1) follower 收到 [1] AppendEntries [], prevIndex 0, prevTerm 0
050222 LEAD S1: 2 append success next 1 match 0
050222 LEAD S1: 0 append success next 1 match 0
050723 LEAD S1: prevLog &raft.Entry{Command:interface {}(nil), Term:0, Index:0}
050723 LEAD S1: prevLog &raft.Entry{Command:interface {}(nil), Term:0, Index:0}
050724 INFO S2: (term 1) follower 收到 [1] AppendEntries [], prevIndex 0, prevTerm 0
050724 LEAD S1: 2 append success next 1 match 0
050724 INFO S0: (term 1) follower 收到 [1] AppendEntries [], prevIndex 0, prevTerm 0
050725 LEAD S1: 0 append success next 1 match 0
051224 LEAD S1: prevLog &raft.Entry{Command:interface {}(nil), Term:0, Index:0}
051224 LEAD S1: prevLog &raft.Entry{Command:interface {}(nil), Term:0, Index:0}
051225 INFO S2: (term 1) follower 收到 [1] AppendEntries [], prevIndex 0, prevTerm 0
051225 LEAD S1: 2 append success next 1 match 0
051225 INFO S0: (term 1) follower 收到 [1] AppendEntries [], prevIndex 0, prevTerm 0
051226 LEAD S1: 0 append success next 1 match 0
051727 LEAD S1: prevLog &raft.Entry{Command:interface {}(nil), Term:0, Index:0}
051727 LEAD S1: prevLog &raft.Entry{Command:interface {}(nil), Term:0, Index:0}
051728 INFO S2: (term 1) follower 收到 [1] AppendEntries [], prevIndex 0, prevTerm 0
051728 LEAD S1: 2 append success next 1 match 0
051728 INFO S0: (term 1) follower 收到 [1] AppendEntries [], prevIndex 0, prevTerm 0
051729 LEAD S1: 0 append success next 1 match 0
052229 LEAD S1: prevLog &raft.Entry{Command:interface {}(nil), Term:0, Index:0}
052229 LEAD S1: prevLog &raft.Entry{Command:interface {}(nil), Term:0, Index:0}
052230 INFO S2: (term 1) follower 收到 [1] AppendEntries [], prevIndex 0, prevTerm 0
052231 LEAD S1: 2 append success next 1 match 0
052231 INFO S0: (term 1) follower 收到 [1] AppendEntries [], prevIndex 0, prevTerm 0
052231 LEAD S1: 0 append success next 1 match 0
052731 LEAD S1: prevLog &raft.Entry{Command:interface {}(nil), Term:0, Index:0}
052732 LEAD S1: prevLog &raft.Entry{Command:interface {}(nil), Term:0, Index:0}
052732 INFO S2: (term 1) follower 收到 [1] AppendEntries [], prevIndex 0, prevTerm 0
052733 LEAD S1: 2 append success next 1 match 0
052733 INFO S0: (term 1) follower 收到 [1] AppendEntries [], prevIndex 0, prevTerm 0
052733 LEAD S1: 0 append success next 1 match 0
053234 LEAD S1: prevLog &raft.Entry{Command:interface {}(nil), Term:0, Index:0}
053234 LEAD S1: prevLog &raft.Entry{Command:interface {}(nil), Term:0, Index:0}
053235 INFO S2: (term 1) follower 收到 [1] AppendEntries [], prevIndex 0, prevTerm 0
053235 LEAD S1: 2 append success next 1 match 0
053235 INFO S0: (term 1) follower 收到 [1] AppendEntries [], prevIndex 0, prevTerm 0
053236 LEAD S1: 0 append success next 1 match 0
053737 LEAD S1: prevLog &raft.Entry{Command:interface {}(nil), Term:0, Index:0}
053737 LEAD S1: prevLog &raft.Entry{Command:interface {}(nil), Term:0, Index:0}
053738 INFO S2: (term 1) follower 收到 [1] AppendEntries [], prevIndex 0, prevTerm 0
053738 LEAD S1: 2 append success next 1 match 0
053738 INFO S0: (term 1) follower 收到 [1] AppendEntries [], prevIndex 0, prevTerm 0
053739 LEAD S1: 0 append success next 1 match 0
054239 LEAD S1: prevLog &raft.Entry{Command:interface {}(nil), Term:0, Index:0}
054239 LEAD S1: prevLog &raft.Entry{Command:interface {}(nil), Term:0, Index:0}
054240 INFO S2: (term 1) follower 收到 [1] AppendEntries [], prevIndex 0, prevTerm 0
054240 INFO S0: (term 1) follower 收到 [1] AppendEntries [], prevIndex 0, prevTerm 0
054240 LEAD S1: 2 append success next 1 match 0
054241 LEAD S1: 0 append success next 1 match 0
054741 LEAD S1: prevLog &raft.Entry{Command:interface {}(nil), Term:0, Index:0}
054741 LEAD S1: prevLog &raft.Entry{Command:interface {}(nil), Term:0, Index:0}
054742 INFO S2: (term 1) follower 收到 [1] AppendEntries [], prevIndex 0, prevTerm 0
054742 LEAD S1: 2 append success next 1 match 0
054742 INFO S0: (term 1) follower 收到 [1] AppendEntries [], prevIndex 0, prevTerm 0
054743 LEAD S1: 0 append success next 1 match 0
055244 LEAD S1: prevLog &raft.Entry{Command:interface {}(nil), Term:0, Index:0}
055244 LEAD S1: prevLog &raft.Entry{Command:interface {}(nil), Term:0, Index:0}
055245 INFO S2: (term 1) follower 收到 [1] AppendEntries [], prevIndex 0, prevTerm 0
055246 LEAD S1: 2 append success next 1 match 0
055246 INFO S0: (term 1) follower 收到 [1] AppendEntries [], prevIndex 0, prevTerm 0
055246 LEAD S1: 0 append success next 1 match 0
055746 LEAD S1: prevLog &raft.Entry{Command:interface {}(nil), Term:0, Index:0}
055747 LEAD S1: prevLog &raft.Entry{Command:interface {}(nil), Term:0, Index:0}
055747 INFO S2: (term 1) follower 收到 [1] AppendEntries [], prevIndex 0, prevTerm 0
055747 LEAD S1: 2 append success next 1 match 0
055748 INFO S0: (term 1) follower 收到 [1] AppendEntries [], prevIndex 0, prevTerm 0
055748 LEAD S1: 0 append success next 1 match 0
056249 LEAD S1: prevLog &raft.Entry{Command:interface {}(nil), Term:0, Index:0}
056249 LEAD S1: prevLog &raft.Entry{Command:interface {}(nil), Term:0, Index:0}
056250 INFO S2: (term 1) follower 收到 [1] AppendEntries [], prevIndex 0, prevTerm 0
056250 LEAD S1: 2 append success next 1 match 0
056250 INFO S0: (term 1) follower 收到 [1] AppendEntries [], prevIndex 0, prevTerm 0
056251 LEAD S1: 0 append success next 1 match 0
056751 LEAD S1: prevLog &raft.Entry{Command:interface {}(nil), Term:0, Index:0}
056751 LEAD S1: prevLog &raft.Entry{Command:interface {}(nil), Term:0, Index:0}
056752 INFO S2: (term 1) follower 收到 [1] AppendEntries [], prevIndex 0, prevTerm 0
056752 LEAD S1: 2 append success next 1 match 0
056753 INFO S0: (term 1) follower 收到 [1] AppendEntries [], prevIndex 0, prevTerm 0
056753 LEAD S1: 0 append success next 1 match 0
057254 LEAD S1: prevLog &raft.Entry{Command:interface {}(nil), Term:0, Index:0}
057254 LEAD S1: prevLog &raft.Entry{Command:interface {}(nil), Term:0, Index:0}
057255 INFO S2: (term 1) follower 收到 [1] AppendEntries [], prevIndex 0, prevTerm 0
057255 LEAD S1: 2 append success next 1 match 0
057255 INFO S0: (term 1) follower 收到 [1] AppendEntries [], prevIndex 0, prevTerm 0
057256 LEAD S1: 0 append success next 1 match 0
057756 LEAD S1: prevLog &raft.Entry{Command:interface {}(nil), Term:0, Index:0}
057756 LEAD S1: prevLog &raft.Entry{Command:interface {}(nil), Term:0, Index:0}
057757 INFO S2: (term 1) follower 收到 [1] AppendEntries [], prevIndex 0, prevTerm 0
057757 LEAD S1: 2 append success next 1 match 0
057758 INFO S0: (term 1) follower 收到 [1] AppendEntries [], prevIndex 0, prevTerm 0
057758 LEAD S1: 0 append success next 1 match 0
058258 LEAD S1: prevLog &raft.Entry{Command:interface {}(nil), Term:0, Index:0}
058259 LEAD S1: prevLog &raft.Entry{Command:interface {}(nil), Term:0, Index:0}
058259 INFO S2: (term 1) follower 收到 [1] AppendEntries [], prevIndex 0, prevTerm 0
058260 LEAD S1: 2 append success next 1 match 0
058260 INFO S0: (term 1) follower 收到 [1] AppendEntries [], prevIndex 0, prevTerm 0
058260 LEAD S1: 0 append success next 1 match 0
058761 LEAD S1: prevLog &raft.Entry{Command:interface {}(nil), Term:0, Index:0}
058761 LEAD S1: prevLog &raft.Entry{Command:interface {}(nil), Term:0, Index:0}
058762 INFO S2: (term 1) follower 收到 [1] AppendEntries [], prevIndex 0, prevTerm 0
058762 LEAD S1: 2 append success next 1 match 0
058763 INFO S0: (term 1) follower 收到 [1] AppendEntries [], prevIndex 0, prevTerm 0
058763 LEAD S1: 0 append success next 1 match 0
059264 LEAD S1: prevLog &raft.Entry{Command:interface {}(nil), Term:0, Index:0}
059264 LEAD S1: prevLog &raft.Entry{Command:interface {}(nil), Term:0, Index:0}
059264 INFO S2: (term 1) follower 收到 [1] AppendEntries [], prevIndex 0, prevTerm 0
059265 LEAD S1: 2 append success next 1 match 0
059265 INFO S0: (term 1) follower 收到 [1] AppendEntries [], prevIndex 0, prevTerm 0
059265 LEAD S1: 0 append success next 1 match 0
059766 LEAD S1: prevLog &raft.Entry{Command:interface {}(nil), Term:0, Index:0}
059766 LEAD S1: prevLog &raft.Entry{Command:interface {}(nil), Term:0, Index:0}
059767 INFO S2: (term 1) follower 收到 [1] AppendEntries [], prevIndex 0, prevTerm 0
059767 LEAD S1: 2 append success next 1 match 0
059767 INFO S0: (term 1) follower 收到 [1] AppendEntries [], prevIndex 0, prevTerm 0
059768 LEAD S1: 0 append success next 1 match 0
060268 LEAD S1: prevLog &raft.Entry{Command:interface {}(nil), Term:0, Index:0}
060269 LEAD S1: prevLog &raft.Entry{Command:interface {}(nil), Term:0, Index:0}
060269 INFO S2: (term 1) follower 收到 [1] AppendEntries [], prevIndex 0, prevTerm 0
060270 LEAD S1: 2 append success next 1 match 0
060270 INFO S0: (term 1) follower 收到 [1] AppendEntries [], prevIndex 0, prevTerm 0
060270 LEAD S1: 0 append success next 1 match 0
060771 LEAD S1: prevLog &raft.Entry{Command:interface {}(nil), Term:0, Index:0}
060771 LEAD S1: prevLog &raft.Entry{Command:interface {}(nil), Term:0, Index:0}
060772 INFO S2: (term 1) follower 收到 [1] AppendEntries [], prevIndex 0, prevTerm 0
060772 LEAD S1: 2 append success next 1 match 0
060772 INFO S0: (term 1) follower 收到 [1] AppendEntries [], prevIndex 0, prevTerm 0
060773 LEAD S1: 0 append success next 1 match 0
061272 LEAD S1: prevLog &raft.Entry{Command:interface {}(nil), Term:0, Index:0}
061273 LEAD S1: prevLog &raft.Entry{Command:interface {}(nil), Term:0, Index:0}
061273 INFO S2: (term 1) follower 收到 [1] AppendEntries [], prevIndex 0, prevTerm 0
061274 LEAD S1: 2 append success next 1 match 0
061274 INFO S0: (term 1) follower 收到 [1] AppendEntries [], prevIndex 0, prevTerm 0
061274 LEAD S1: 0 append success next 1 match 0
061775 LEAD S1: prevLog &raft.Entry{Command:interface {}(nil), Term:0, Index:0}
061776 LEAD S1: prevLog &raft.Entry{Command:interface {}(nil), Term:0, Index:0}
061776 INFO S2: (term 1) follower 收到 [1] AppendEntries [], prevIndex 0, prevTerm 0
061777 LEAD S1: 2 append success next 1 match 0
061777 INFO S0: (term 1) follower 收到 [1] AppendEntries [], prevIndex 0, prevTerm 0
061777 LEAD S1: 0 append success next 1 match 0
062278 LEAD S1: prevLog &raft.Entry{Command:interface {}(nil), Term:0, Index:0}
062278 LEAD S1: prevLog &raft.Entry{Command:interface {}(nil), Term:0, Index:0}
062278 INFO S2: (term 1) follower 收到 [1] AppendEntries [], prevIndex 0, prevTerm 0
062279 LEAD S1: 2 append success next 1 match 0
062279 INFO S0: (term 1) follower 收到 [1] AppendEntries [], prevIndex 0, prevTerm 0
062279 LEAD S1: 0 append success next 1 match 0
062780 LEAD S1: prevLog &raft.Entry{Command:interface {}(nil), Term:0, Index:0}
062780 LEAD S1: prevLog &raft.Entry{Command:interface {}(nil), Term:0, Index:0}
062781 INFO S2: (term 1) follower 收到 [1] AppendEntries [], prevIndex 0, prevTerm 0
062781 INFO S0: (term 1) follower 收到 [1] AppendEntries [], prevIndex 0, prevTerm 0
062781 LEAD S1: 2 append success next 1 match 0
062782 LEAD S1: 0 append success next 1 match 0
063282 LEAD S1: prevLog &raft.Entry{Command:interface {}(nil), Term:0, Index:0}
063283 LEAD S1: prevLog &raft.Entry{Command:interface {}(nil), Term:0, Index:0}
063283 INFO S2: (term 1) follower 收到 [1] AppendEntries [], prevIndex 0, prevTerm 0
063284 LEAD S1: 2 append success next 1 match 0
063284 INFO S0: (term 1) follower 收到 [1] AppendEntries [], prevIndex 0, prevTerm 0
063284 LEAD S1: 0 append success next 1 match 0
063784 LEAD S1: prevLog &raft.Entry{Command:interface {}(nil), Term:0, Index:0}
063784 LEAD S1: prevLog &raft.Entry{Command:interface {}(nil), Term:0, Index:0}
063785 INFO S2: (term 1) follower 收到 [1] AppendEntries [], prevIndex 0, prevTerm 0
063785 LEAD S1: 2 append success next 1 match 0
063786 INFO S0: (term 1) follower 收到 [1] AppendEntries [], prevIndex 0, prevTerm 0
063786 LEAD S1: 0 append success next 1 match 0
064286 LEAD S1: prevLog &raft.Entry{Command:interface {}(nil), Term:0, Index:0}
064287 LEAD S1: prevLog &raft.Entry{Command:interface {}(nil), Term:0, Index:0}
064287 INFO S2: (term 1) follower 收到 [1] AppendEntries [], prevIndex 0, prevTerm 0
064287 INFO S0: (term 1) follower 收到 [1] AppendEntries [], prevIndex 0, prevTerm 0
064287 LEAD S1: 2 append success next 1 match 0
064288 LEAD S1: 0 append success next 1 match 0
064789 LEAD S1: prevLog &raft.Entry{Command:interface {}(nil), Term:0, Index:0}
064789 LEAD S1: prevLog &raft.Entry{Command:interface {}(nil), Term:0, Index:0}
064790 INFO S2: (term 1) follower 收到 [1] AppendEntries [], prevIndex 0, prevTerm 0
064790 INFO S0: (term 1) follower 收到 [1] AppendEntries [], prevIndex 0, prevTerm 0
064790 LEAD S1: 2 append success next 1 match 0
064790 LEAD S1: 0 append success next 1 match 0
065292 LEAD S1: prevLog &raft.Entry{Command:interface {}(nil), Term:0, Index:0}
065292 LEAD S1: prevLog &raft.Entry{Command:interface {}(nil), Term:0, Index:0}
065293 INFO S2: (term 1) follower 收到 [1] AppendEntries [], prevIndex 0, prevTerm 0
065293 LEAD S1: 2 append success next 1 match 0
065293 INFO S0: (term 1) follower 收到 [1] AppendEntries [], prevIndex 0, prevTerm 0
065294 LEAD S1: 0 append success next 1 match 0
065794 LEAD S1: prevLog &raft.Entry{Command:interface {}(nil), Term:0, Index:0}
065794 LEAD S1: prevLog &raft.Entry{Command:interface {}(nil), Term:0, Index:0}
065795 INFO S0: (term 1) follower 收到 [1] AppendEntries [], prevIndex 0, prevTerm 0
065795 INFO S2: (term 1) follower 收到 [1] AppendEntries [], prevIndex 0, prevTerm 0
065795 LEAD S1: 0 append success next 1 match 0
065795 LEAD S1: 2 append success next 1 match 0
066296 LEAD S1: prevLog &raft.Entry{Command:interface {}(nil), Term:0, Index:0}
066296 LEAD S1: prevLog &raft.Entry{Command:interface {}(nil), Term:0, Index:0}
066297 INFO S2: (term 1) follower 收到 [1] AppendEntries [], prevIndex 0, prevTerm 0
066297 LEAD S1: 2 append success next 1 match 0
066298 INFO S0: (term 1) follower 收到 [1] AppendEntries [], prevIndex 0, prevTerm 0
066298 LEAD S1: 0 append success next 1 match 0
066798 LEAD S1: prevLog &raft.Entry{Command:interface {}(nil), Term:0, Index:0}
066798 LEAD S1: prevLog &raft.Entry{Command:interface {}(nil), Term:0, Index:0}
066799 INFO S2: (term 1) follower 收到 [1] AppendEntries [], prevIndex 0, prevTerm 0
066799 INFO S0: (term 1) follower 收到 [1] AppendEntries [], prevIndex 0, prevTerm 0
066800 LEAD S1: 2 append success next 1 match 0
066800 LEAD S1: 0 append success next 1 match 0
067300 LEAD S1: prevLog &raft.Entry{Command:interface {}(nil), Term:0, Index:0}
067300 LEAD S1: prevLog &raft.Entry{Command:interface {}(nil), Term:0, Index:0}
067301 INFO S2: (term 1) follower 收到 [1] AppendEntries [], prevIndex 0, prevTerm 0
067301 INFO S0: (term 1) follower 收到 [1] AppendEntries [], prevIndex 0, prevTerm 0
067301 LEAD S1: 0 append success next 1 match 0
067301 LEAD S1: 2 append success next 1 match 0
067802 LEAD S1: prevLog &raft.Entry{Command:interface {}(nil), Term:0, Index:0}
067803 LEAD S1: prevLog &raft.Entry{Command:interface {}(nil), Term:0, Index:0}
067803 INFO S2: (term 1) follower 收到 [1] AppendEntries [], prevIndex 0, prevTerm 0
067804 LEAD S1: 2 append success next 1 match 0
067804 INFO S0: (term 1) follower 收到 [1] AppendEntries [], prevIndex 0, prevTerm 0
067804 LEAD S1: 0 append success next 1 match 0
068305 LEAD S1: prevLog &raft.Entry{Command:interface {}(nil), Term:0, Index:0}
068305 LEAD S1: prevLog &raft.Entry{Command:interface {}(nil), Term:0, Index:0}
068305 INFO S2: (term 1) follower 收到 [1] AppendEntries [], prevIndex 0, prevTerm 0
068306 LEAD S1: 2 append success next 1 match 0
068306 INFO S0: (term 1) follower 收到 [1] AppendEntries [], prevIndex 0, prevTerm 0
068306 LEAD S1: 0 append success next 1 match 0
068807 LEAD S1: prevLog &raft.Entry{Command:interface {}(nil), Term:0, Index:0}
068807 LEAD S1: prevLog &raft.Entry{Command:interface {}(nil), Term:0, Index:0}
068808 INFO S2: (term 1) follower 收到 [1] AppendEntries [], prevIndex 0, prevTerm 0
068808 LEAD S1: 2 append success next 1 match 0
068809 INFO S0: (term 1) follower 收到 [1] AppendEntries [], prevIndex 0, prevTerm 0
068810 LEAD S1: 0 append success next 1 match 0
069309 LEAD S1: prevLog &raft.Entry{Command:interface {}(nil), Term:0, Index:0}
069310 LEAD S1: prevLog &raft.Entry{Command:interface {}(nil), Term:0, Index:0}
069310 INFO S2: (term 1) follower 收到 [1] AppendEntries [], prevIndex 0, prevTerm 0
069311 LEAD S1: 2 append success next 1 match 0
069311 INFO S0: (term 1) follower 收到 [1] AppendEntries [], prevIndex 0, prevTerm 0
069311 LEAD S1: 0 append success next 1 match 0
069812 LEAD S1: prevLog &raft.Entry{Command:interface {}(nil), Term:0, Index:0}
069812 LEAD S1: prevLog &raft.Entry{Command:interface {}(nil), Term:0, Index:0}
069813 INFO S2: (term 1) follower 收到 [1] AppendEntries [], prevIndex 0, prevTerm 0
069813 LEAD S1: 2 append success next 1 match 0
069813 INFO S0: (term 1) follower 收到 [1] AppendEntries [], prevIndex 0, prevTerm 0
069813 LEAD S1: 0 append success next 1 match 0
070314 LEAD S1: prevLog &raft.Entry{Command:interface {}(nil), Term:0, Index:0}
070314 LEAD S1: prevLog &raft.Entry{Command:interface {}(nil), Term:0, Index:0}
070315 INFO S2: (term 1) follower 收到 [1] AppendEntries [], prevIndex 0, prevTerm 0
070315 LEAD S1: 2 append success next 1 match 0
070316 INFO S0: (term 1) follower 收到 [1] AppendEntries [], prevIndex 0, prevTerm 0
070316 LEAD S1: 0 append success next 1 match 0
070817 LEAD S1: prevLog &raft.Entry{Command:interface {}(nil), Term:0, Index:0}
070817 LEAD S1: prevLog &raft.Entry{Command:interface {}(nil), Term:0, Index:0}
070818 INFO S2: (term 1) follower 收到 [1] AppendEntries [], prevIndex 0, prevTerm 0
070818 LEAD S1: 2 append success next 1 match 0
070818 INFO S0: (term 1) follower 收到 [1] AppendEntries [], prevIndex 0, prevTerm 0
070818 LEAD S1: 0 append success next 1 match 0
071319 LEAD S1: prevLog &raft.Entry{Command:interface {}(nil), Term:0, Index:0}
071319 LEAD S1: prevLog &raft.Entry{Command:interface {}(nil), Term:0, Index:0}
071320 INFO S2: (term 1) follower 收到 [1] AppendEntries [], prevIndex 0, prevTerm 0
071320 INFO S0: (term 1) follower 收到 [1] AppendEntries [], prevIndex 0, prevTerm 0
071320 LEAD S1: 2 append success next 1 match 0
071320 LEAD S1: 0 append success next 1 match 0
071821 LEAD S1: prevLog &raft.Entry{Command:interface {}(nil), Term:0, Index:0}
071822 LEAD S1: prevLog &raft.Entry{Command:interface {}(nil), Term:0, Index:0}
071822 INFO S2: (term 1) follower 收到 [1] AppendEntries [], prevIndex 0, prevTerm 0
071823 INFO S0: (term 1) follower 收到 [1] AppendEntries [], prevIndex 0, prevTerm 0
071824 LEAD S1: 2 append success next 1 match 0
071825 LEAD S1: 0 append success next 1 match 0
072322 LEAD S1: prevLog &raft.Entry{Command:interface {}(nil), Term:0, Index:0}
072323 LEAD S1: prevLog &raft.Entry{Command:interface {}(nil), Term:0, Index:0}
072324 INFO S2: (term 1) follower 收到 [1] AppendEntries [], prevIndex 0, prevTerm 0
072325 LEAD S1: 2 append success next 1 match 0
072325 INFO S0: (term 1) follower 收到 [1] AppendEntries [], prevIndex 0, prevTerm 0
072326 LEAD S1: 0 append success next 1 match 0
072825 LEAD S1: prevLog &raft.Entry{Command:interface {}(nil), Term:0, Index:0}
072825 LEAD S1: prevLog &raft.Entry{Command:interface {}(nil), Term:0, Index:0}
072826 INFO S2: (term 1) follower 收到 [1] AppendEntries [], prevIndex 0, prevTerm 0
072827 LEAD S1: 2 append success next 1 match 0
072827 INFO S0: (term 1) follower 收到 [1] AppendEntries [], prevIndex 0, prevTerm 0
072827 LEAD S1: 0 append success next 1 match 0
073328 LEAD S1: prevLog &raft.Entry{Command:interface {}(nil), Term:0, Index:0}
073328 LEAD S1: prevLog &raft.Entry{Command:interface {}(nil), Term:0, Index:0}
073329 INFO S2: (term 1) follower 收到 [1] AppendEntries [], prevIndex 0, prevTerm 0
073329 LEAD S1: 2 append success next 1 match 0
073329 INFO S0: (term 1) follower 收到 [1] AppendEntries [], prevIndex 0, prevTerm 0
073330 LEAD S1: 0 append success next 1 match 0
073830 LEAD S1: prevLog &raft.Entry{Command:interface {}(nil), Term:0, Index:0}
073830 LEAD S1: prevLog &raft.Entry{Command:interface {}(nil), Term:0, Index:0}
073831 INFO S2: (term 1) follower 收到 [1] AppendEntries [], prevIndex 0, prevTerm 0
073831 LEAD S1: 2 append success next 1 match 0
073831 INFO S0: (term 1) follower 收到 [1] AppendEntries [], prevIndex 0, prevTerm 0
073832 LEAD S1: 0 append success next 1 match 0
074333 LEAD S1: prevLog &raft.Entry{Command:interface {}(nil), Term:0, Index:0}
074333 LEAD S1: prevLog &raft.Entry{Command:interface {}(nil), Term:0, Index:0}
074334 INFO S2: (term 1) follower 收到 [1] AppendEntries [], prevIndex 0, prevTerm 0
074334 LEAD S1: 2 append success next 1 match 0
074334 INFO S0: (term 1) follower 收到 [1] AppendEntries [], prevIndex 0, prevTerm 0
074335 LEAD S1: 0 append success next 1 match 0
074835 LEAD S1: prevLog &raft.Entry{Command:interface {}(nil), Term:0, Index:0}
074836 LEAD S1: prevLog &raft.Entry{Command:interface {}(nil), Term:0, Index:0}
074836 INFO S2: (term 1) follower 收到 [1] AppendEntries [], prevIndex 0, prevTerm 0
074837 INFO S0: (term 1) follower 收到 [1] AppendEntries [], prevIndex 0, prevTerm 0
074837 LEAD S1: 2 append success next 1 match 0
074837 LEAD S1: 0 append success next 1 match 0
075338 LEAD S1: prevLog &raft.Entry{Command:interface {}(nil), Term:0, Index:0}
075338 LEAD S1: prevLog &raft.Entry{Command:interface {}(nil), Term:0, Index:0}
075339 INFO S2: (term 1) follower 收到 [1] AppendEntries [], prevIndex 0, prevTerm 0
075339 LEAD S1: 2 append success next 1 match 0
075339 INFO S0: (term 1) follower 收到 [1] AppendEntries [], prevIndex 0, prevTerm 0
075340 LEAD S1: 0 append success next 1 match 0
075839 LEAD S1: prevLog &raft.Entry{Command:interface {}(nil), Term:0, Index:0}
075840 LEAD S1: prevLog &raft.Entry{Command:interface {}(nil), Term:0, Index:0}
075840 INFO S2: (term 1) follower 收到 [1] AppendEntries [], prevIndex 0, prevTerm 0
075841 LEAD S1: 2 append success next 1 match 0
075841 INFO S0: (term 1) follower 收到 [1] AppendEntries [], prevIndex 0, prevTerm 0
075841 LEAD S1: 0 append success next 1 match 0
076342 LEAD S1: prevLog &raft.Entry{Command:interface {}(nil), Term:0, Index:0}
076342 LEAD S1: prevLog &raft.Entry{Command:interface {}(nil), Term:0, Index:0}
076343 INFO S2: (term 1) follower 收到 [1] AppendEntries [], prevIndex 0, prevTerm 0
076343 LEAD S1: 2 append success next 1 match 0
076343 INFO S0: (term 1) follower 收到 [1] AppendEntries [], prevIndex 0, prevTerm 0
076344 LEAD S1: 0 append success next 1 match 0
076844 LEAD S1: prevLog &raft.Entry{Command:interface {}(nil), Term:0, Index:0}
076844 LEAD S1: prevLog &raft.Entry{Command:interface {}(nil), Term:0, Index:0}
076845 INFO S2: (term 1) follower 收到 [1] AppendEntries [], prevIndex 0, prevTerm 0
076845 LEAD S1: 2 append success next 1 match 0
076845 INFO S0: (term 1) follower 收到 [1] AppendEntries [], prevIndex 0, prevTerm 0
076846 LEAD S1: 0 append success next 1 match 0
077346 LEAD S1: prevLog &raft.Entry{Command:interface {}(nil), Term:0, Index:0}
077347 LEAD S1: prevLog &raft.Entry{Command:interface {}(nil), Term:0, Index:0}
077347 INFO S2: (term 1) follower 收到 [1] AppendEntries [], prevIndex 0, prevTerm 0
077348 LEAD S1: 2 append success next 1 match 0
077348 INFO S0: (term 1) follower 收到 [1] AppendEntries [], prevIndex 0, prevTerm 0
077348 LEAD S1: 0 append success next 1 match 0
077849 LEAD S1: prevLog &raft.Entry{Command:interface {}(nil), Term:0, Index:0}
077849 LEAD S1: prevLog &raft.Entry{Command:interface {}(nil), Term:0, Index:0}
077850 INFO S2: (term 1) follower 收到 [1] AppendEntries [], prevIndex 0, prevTerm 0
077850 LEAD S1: 2 append success next 1 match 0
077850 INFO S0: (term 1) follower 收到 [1] AppendEntries [], prevIndex 0, prevTerm 0
077851 LEAD S1: 0 append success next 1 match 0
078350 LEAD S1: prevLog &raft.Entry{Command:interface {}(nil), Term:0, Index:0}
078351 LEAD S1: prevLog &raft.Entry{Command:interface {}(nil), Term:0, Index:0}
078351 INFO S2: (term 1) follower 收到 [1] AppendEntries [], prevIndex 0, prevTerm 0
078352 LEAD S1: 2 append success next 1 match 0
078352 INFO S0: (term 1) follower 收到 [1] AppendEntries [], prevIndex 0, prevTerm 0
078352 LEAD S1: 0 append success next 1 match 0
078853 LEAD S1: prevLog &raft.Entry{Command:interface {}(nil), Term:0, Index:0}
078853 LEAD S1: prevLog &raft.Entry{Command:interface {}(nil), Term:0, Index:0}
078854 INFO S2: (term 1) follower 收到 [1] AppendEntries [], prevIndex 0, prevTerm 0
078854 LEAD S1: 2 append success next 1 match 0
078855 INFO S0: (term 1) follower 收到 [1] AppendEntries [], prevIndex 0, prevTerm 0
078855 LEAD S1: 0 append success next 1 match 0
079355 LEAD S1: prevLog &raft.Entry{Command:interface {}(nil), Term:0, Index:0}
079356 LEAD S1: prevLog &raft.Entry{Command:interface {}(nil), Term:0, Index:0}
079356 INFO S2: (term 1) follower 收到 [1] AppendEntries [], prevIndex 0, prevTerm 0
079357 LEAD S1: 2 append success next 1 match 0
079357 INFO S0: (term 1) follower 收到 [1] AppendEntries [], prevIndex 0, prevTerm 0
079357 LEAD S1: 0 append success next 1 match 0
079858 LEAD S1: prevLog &raft.Entry{Command:interface {}(nil), Term:0, Index:0}
079858 LEAD S1: prevLog &raft.Entry{Command:interface {}(nil), Term:0, Index:0}
079859 INFO S2: (term 1) follower 收到 [1] AppendEntries [], prevIndex 0, prevTerm 0
079859 LEAD S1: 2 append success next 1 match 0
079859 INFO S0: (term 1) follower 收到 [1] AppendEntries [], prevIndex 0, prevTerm 0
079860 LEAD S1: 0 append success next 1 match 0
080360 LEAD S1: prevLog &raft.Entry{Command:interface {}(nil), Term:0, Index:0}
080360 LEAD S1: prevLog &raft.Entry{Command:interface {}(nil), Term:0, Index:0}
080361 INFO S0: (term 1) follower 收到 [1] AppendEntries [], prevIndex 0, prevTerm 0
080361 INFO S2: (term 1) follower 收到 [1] AppendEntries [], prevIndex 0, prevTerm 0
080361 LEAD S1: 0 append success next 1 match 0
080361 LEAD S1: 2 append success next 1 match 0
080862 LEAD S1: prevLog &raft.Entry{Command:interface {}(nil), Term:0, Index:0}
080862 LEAD S1: prevLog &raft.Entry{Command:interface {}(nil), Term:0, Index:0}
080863 INFO S2: (term 1) follower 收到 [1] AppendEntries [], prevIndex 0, prevTerm 0
080863 LEAD S1: 2 append success next 1 match 0
080863 INFO S0: (term 1) follower 收到 [1] AppendEntries [], prevIndex 0, prevTerm 0
080864 LEAD S1: 0 append success next 1 match 0
081364 LEAD S1: prevLog &raft.Entry{Command:interface {}(nil), Term:0, Index:0}
081364 LEAD S1: prevLog &raft.Entry{Command:interface {}(nil), Term:0, Index:0}
081364 INFO S2: (term 1) follower 收到 [1] AppendEntries [], prevIndex 0, prevTerm 0
081365 LEAD S1: 2 append success next 1 match 0
081365 INFO S0: (term 1) follower 收到 [1] AppendEntries [], prevIndex 0, prevTerm 0
081365 LEAD S1: 0 append success next 1 match 0
081866 LEAD S1: prevLog &raft.Entry{Command:interface {}(nil), Term:0, Index:0}
081866 LEAD S1: prevLog &raft.Entry{Command:interface {}(nil), Term:0, Index:0}
081867 INFO S2: (term 1) follower 收到 [1] AppendEntries [], prevIndex 0, prevTerm 0
081867 INFO S0: (term 1) follower 收到 [1] AppendEntries [], prevIndex 0, prevTerm 0
081867 LEAD S1: 0 append success next 1 match 0
081868 LEAD S1: 2 append success next 1 match 0
082370 LEAD S1: prevLog &raft.Entry{Command:interface {}(nil), Term:0, Index:0}
082370 LEAD S1: prevLog &raft.Entry{Command:interface {}(nil), Term:0, Index:0}
082371 INFO S2: (term 1) follower 收到 [1] AppendEntries [], prevIndex 0, prevTerm 0
082371 LEAD S1: 2 append success next 1 match 0
082371 INFO S0: (term 1) follower 收到 [1] AppendEntries [], prevIndex 0, prevTerm 0
082372 LEAD S1: 0 append success next 1 match 0
082872 LEAD S1: prevLog &raft.Entry{Command:interface {}(nil), Term:0, Index:0}
082873 LEAD S1: prevLog &raft.Entry{Command:interface {}(nil), Term:0, Index:0}
082873 INFO S2: (term 1) follower 收到 [1] AppendEntries [], prevIndex 0, prevTerm 0
082874 LEAD S1: 2 append success next 1 match 0
082874 INFO S0: (term 1) follower 收到 [1] AppendEntries [], prevIndex 0, prevTerm 0
082874 LEAD S1: 0 append success next 1 match 0
083375 LEAD S1: prevLog &raft.Entry{Command:interface {}(nil), Term:0, Index:0}
083375 LEAD S1: prevLog &raft.Entry{Command:interface {}(nil), Term:0, Index:0}
083376 INFO S2: (term 1) follower 收到 [1] AppendEntries [], prevIndex 0, prevTerm 0
083376 LEAD S1: 2 append success next 1 match 0
083376 INFO S0: (term 1) follower 收到 [1] AppendEntries [], prevIndex 0, prevTerm 0
083377 LEAD S1: 0 append success next 1 match 0
083877 LEAD S1: prevLog &raft.Entry{Command:interface {}(nil), Term:0, Index:0}
083877 LEAD S1: prevLog &raft.Entry{Command:interface {}(nil), Term:0, Index:0}
083878 INFO S2: (term 1) follower 收到 [1] AppendEntries [], prevIndex 0, prevTerm 0
083878 LEAD S1: 2 append success next 1 match 0
083878 INFO S0: (term 1) follower 收到 [1] AppendEntries [], prevIndex 0, prevTerm 0
083879 LEAD S1: 0 append success next 1 match 0
084379 LEAD S1: prevLog &raft.Entry{Command:interface {}(nil), Term:0, Index:0}
084379 LEAD S1: prevLog &raft.Entry{Command:interface {}(nil), Term:0, Index:0}
084380 INFO S2: (term 1) follower 收到 [1] AppendEntries [], prevIndex 0, prevTerm 0
084380 LEAD S1: 2 append success next 1 match 0
084381 INFO S0: (term 1) follower 收到 [1] AppendEntries [], prevIndex 0, prevTerm 0
084381 LEAD S1: 0 append success next 1 match 0
084881 LEAD S1: prevLog &raft.Entry{Command:interface {}(nil), Term:0, Index:0}
084882 LEAD S1: prevLog &raft.Entry{Command:interface {}(nil), Term:0, Index:0}
084882 INFO S2: (term 1) follower 收到 [1] AppendEntries [], prevIndex 0, prevTerm 0
084883 LEAD S1: 2 append success next 1 match 0
084883 INFO S0: (term 1) follower 收到 [1] AppendEntries [], prevIndex 0, prevTerm 0
084883 LEAD S1: 0 append success next 1 match 0
085384 LEAD S1: prevLog &raft.Entry{Command:interface {}(nil), Term:0, Index:0}
085384 LEAD S1: prevLog &raft.Entry{Command:interface {}(nil), Term:0, Index:0}
085385 INFO S2: (term 1) follower 收到 [1] AppendEntries [], prevIndex 0, prevTerm 0
085385 LEAD S1: 2 append success next 1 match 0
085385 INFO S0: (term 1) follower 收到 [1] AppendEntries [], prevIndex 0, prevTerm 0
085386 LEAD S1: 0 append success next 1 match 0
085886 LEAD S1: prevLog &raft.Entry{Command:interface {}(nil), Term:0, Index:0}
085887 LEAD S1: prevLog &raft.Entry{Command:interface {}(nil), Term:0, Index:0}
085887 INFO S2: (term 1) follower 收到 [1] AppendEntries [], prevIndex 0, prevTerm 0
085888 LEAD S1: 2 append success next 1 match 0
085888 INFO S0: (term 1) follower 收到 [1] AppendEntries [], prevIndex 0, prevTerm 0
085889 LEAD S1: 0 append success next 1 match 0
086389 LEAD S1: prevLog &raft.Entry{Command:interface {}(nil), Term:0, Index:0}
086389 LEAD S1: prevLog &raft.Entry{Command:interface {}(nil), Term:0, Index:0}
086389 INFO S2: (term 1) follower 收到 [1] AppendEntries [], prevIndex 0, prevTerm 0
086389 INFO S0: (term 1) follower 收到 [1] AppendEntries [], prevIndex 0, prevTerm 0
086390 LEAD S1: 0 append success next 1 match 0
086390 LEAD S1: 2 append success next 1 match 0
086891 LEAD S1: prevLog &raft.Entry{Command:interface {}(nil), Term:0, Index:0}
086891 LEAD S1: prevLog &raft.Entry{Command:interface {}(nil), Term:0, Index:0}
086892 INFO S2: (term 1) follower 收到 [1] AppendEntries [], prevIndex 0, prevTerm 0
086892 LEAD S1: 2 append success next 1 match 0
086892 INFO S0: (term 1) follower 收到 [1] AppendEntries [], prevIndex 0, prevTerm 0
086893 LEAD S1: 0 append success next 1 match 0
087393 LEAD S1: prevLog &raft.Entry{Command:interface {}(nil), Term:0, Index:0}
087393 LEAD S1: prevLog &raft.Entry{Command:interface {}(nil), Term:0, Index:0}
087394 INFO S2: (term 1) follower 收到 [1] AppendEntries [], prevIndex 0, prevTerm 0
087394 LEAD S1: 2 append success next 1 match 0
087394 INFO S0: (term 1) follower 收到 [1] AppendEntries [], prevIndex 0, prevTerm 0
087395 LEAD S1: 0 append success next 1 match 0
087895 LEAD S1: prevLog &raft.Entry{Command:interface {}(nil), Term:0, Index:0}
087895 LEAD S1: prevLog &raft.Entry{Command:interface {}(nil), Term:0, Index:0}
087896 INFO S2: (term 1) follower 收到 [1] AppendEntries [], prevIndex 0, prevTerm 0
087896 LEAD S1: 2 append success next 1 match 0
087897 INFO S0: (term 1) follower 收到 [1] AppendEntries [], prevIndex 0, prevTerm 0
087897 LEAD S1: 0 append success next 1 match 0
088397 LEAD S1: prevLog &raft.Entry{Command:interface {}(nil), Term:0, Index:0}
088398 LEAD S1: prevLog &raft.Entry{Command:interface {}(nil), Term:0, Index:0}
088398 INFO S2: (term 1) follower 收到 [1] AppendEntries [], prevIndex 0, prevTerm 0
088398 LEAD S1: 2 append success next 1 match 0
088399 INFO S0: (term 1) follower 收到 [1] AppendEntries [], prevIndex 0, prevTerm 0
088399 LEAD S1: 0 append success next 1 match 0
088899 LEAD S1: prevLog &raft.Entry{Command:interface {}(nil), Term:0, Index:0}
088899 LEAD S1: prevLog &raft.Entry{Command:interface {}(nil), Term:0, Index:0}
088900 INFO S2: (term 1) follower 收到 [1] AppendEntries [], prevIndex 0, prevTerm 0
088900 LEAD S1: 2 append success next 1 match 0
088900 INFO S0: (term 1) follower 收到 [1] AppendEntries [], prevIndex 0, prevTerm 0
088901 LEAD S1: 0 append success next 1 match 0
089400 LEAD S1: prevLog &raft.Entry{Command:interface {}(nil), Term:0, Index:0}
089401 LEAD S1: prevLog &raft.Entry{Command:interface {}(nil), Term:0, Index:0}
089401 INFO S2: (term 1) follower 收到 [1] AppendEntries [], prevIndex 0, prevTerm 0
089402 LEAD S1: 2 append success next 1 match 0
089402 INFO S0: (term 1) follower 收到 [1] AppendEntries [], prevIndex 0, prevTerm 0
089402 LEAD S1: 0 append success next 1 match 0
089903 LEAD S1: prevLog &raft.Entry{Command:interface {}(nil), Term:0, Index:0}
089903 LEAD S1: prevLog &raft.Entry{Command:interface {}(nil), Term:0, Index:0}
089903 INFO S2: (term 1) follower 收到 [1] AppendEntries [], prevIndex 0, prevTerm 0
089904 LEAD S1: 2 append success next 1 match 0
089904 INFO S0: (term 1) follower 收到 [1] AppendEntries [], prevIndex 0, prevTerm 0
089905 LEAD S1: 0 append success next 1 match 0
090405 LEAD S1: prevLog &raft.Entry{Command:interface {}(nil), Term:0, Index:0}
090405 LEAD S1: prevLog &raft.Entry{Command:interface {}(nil), Term:0, Index:0}
090406 INFO S2: (term 1) follower 收到 [1] AppendEntries [], prevIndex 0, prevTerm 0
090406 LEAD S1: 2 append success next 1 match 0
090407 INFO S0: (term 1) follower 收到 [1] AppendEntries [], prevIndex 0, prevTerm 0
090407 LEAD S1: 0 append success next 1 match 0
090907 LEAD S1: prevLog &raft.Entry{Command:interface {}(nil), Term:0, Index:0}
090907 LEAD S1: prevLog &raft.Entry{Command:interface {}(nil), Term:0, Index:0}
090908 INFO S0: (term 1) follower 收到 [1] AppendEntries [], prevIndex 0, prevTerm 0
090908 INFO S2: (term 1) follower 收到 [1] AppendEntries [], prevIndex 0, prevTerm 0
090908 LEAD S1: 0 append success next 1 match 0
090908 LEAD S1: 2 append success next 1 match 0
091409 LEAD S1: prevLog &raft.Entry{Command:interface {}(nil), Term:0, Index:0}
091409 LEAD S1: prevLog &raft.Entry{Command:interface {}(nil), Term:0, Index:0}
091410 INFO S2: (term 1) follower 收到 [1] AppendEntries [], prevIndex 0, prevTerm 0
091410 INFO S0: (term 1) follower 收到 [1] AppendEntries [], prevIndex 0, prevTerm 0
091410 LEAD S1: 2 append success next 1 match 0
091411 LEAD S1: 0 append success next 1 match 0
091911 LEAD S1: prevLog &raft.Entry{Command:interface {}(nil), Term:0, Index:0}
091911 LEAD S1: prevLog &raft.Entry{Command:interface {}(nil), Term:0, Index:0}
091912 INFO S2: (term 1) follower 收到 [1] AppendEntries [], prevIndex 0, prevTerm 0
091912 LEAD S1: 2 append success next 1 match 0
091913 INFO S0: (term 1) follower 收到 [1] AppendEntries [], prevIndex 0, prevTerm 0
091913 LEAD S1: 0 append success next 1 match 0
092413 LEAD S1: prevLog &raft.Entry{Command:interface {}(nil), Term:0, Index:0}
092413 LEAD S1: prevLog &raft.Entry{Command:interface {}(nil), Term:0, Index:0}
092414 INFO S2: (term 1) follower 收到 [1] AppendEntries [], prevIndex 0, prevTerm 0
092414 LEAD S1: 2 append success next 1 match 0
092415 INFO S0: (term 1) follower 收到 [1] AppendEntries [], prevIndex 0, prevTerm 0
092415 LEAD S1: 0 append success next 1 match 0
092916 LEAD S1: prevLog &raft.Entry{Command:interface {}(nil), Term:0, Index:0}
092916 LEAD S1: prevLog &raft.Entry{Command:interface {}(nil), Term:0, Index:0}
092917 INFO S2: (term 1) follower 收到 [1] AppendEntries [], prevIndex 0, prevTerm 0
092917 LEAD S1: 2 append success next 1 match 0
092917 INFO S0: (term 1) follower 收到 [1] AppendEntries [], prevIndex 0, prevTerm 0
092918 LEAD S1: 0 append success next 1 match 0
093418 LEAD S1: prevLog &raft.Entry{Command:interface {}(nil), Term:0, Index:0}
093418 LEAD S1: prevLog &raft.Entry{Command:interface {}(nil), Term:0, Index:0}
093419 INFO S2: (term 1) follower 收到 [1] AppendEntries [], prevIndex 0, prevTerm 0
093420 LEAD S1: 2 append success next 1 match 0
093420 INFO S0: (term 1) follower 收到 [1] AppendEntries [], prevIndex 0, prevTerm 0
093420 LEAD S1: 0 append success next 1 match 0
093920 LEAD S1: prevLog &raft.Entry{Command:interface {}(nil), Term:0, Index:0}
093920 LEAD S1: prevLog &raft.Entry{Command:interface {}(nil), Term:0, Index:0}
093921 INFO S2: (term 1) follower 收到 [1] AppendEntries [], prevIndex 0, prevTerm 0
093921 LEAD S1: 2 append success next 1 match 0
093922 INFO S0: (term 1) follower 收到 [1] AppendEntries [], prevIndex 0, prevTerm 0
093923 LEAD S1: 0 append success next 1 match 0
094422 LEAD S1: prevLog &raft.Entry{Command:interface {}(nil), Term:0, Index:0}
094422 LEAD S1: prevLog &raft.Entry{Command:interface {}(nil), Term:0, Index:0}
094423 INFO S2: (term 1) follower 收到 [1] AppendEntries [], prevIndex 0, prevTerm 0
094423 LEAD S1: 2 append success next 1 match 0
094424 INFO S0: (term 1) follower 收到 [1] AppendEntries [], prevIndex 0, prevTerm 0
094424 LEAD S1: 0 append success next 1 match 0
094925 LEAD S1: prevLog &raft.Entry{Command:interface {}(nil), Term:0, Index:0}
094925 LEAD S1: prevLog &raft.Entry{Command:interface {}(nil), Term:0, Index:0}
094926 INFO S2: (term 1) follower 收到 [1] AppendEntries [], prevIndex 0, prevTerm 0
094926 LEAD S1: 2 append success next 1 match 0
094926 INFO S0: (term 1) follower 收到 [1] AppendEntries [], prevIndex 0, prevTerm 0
094926 LEAD S1: 0 append success next 1 match 0
095427 LEAD S1: prevLog &raft.Entry{Command:interface {}(nil), Term:0, Index:0}
095427 LEAD S1: prevLog &raft.Entry{Command:interface {}(nil), Term:0, Index:0}
095428 INFO S2: (term 1) follower 收到 [1] AppendEntries [], prevIndex 0, prevTerm 0
095428 LEAD S1: 2 append success next 1 match 0
095428 INFO S0: (term 1) follower 收到 [1] AppendEntries [], prevIndex 0, prevTerm 0
095429 LEAD S1: 0 append success next 1 match 0
095929 LEAD S1: prevLog &raft.Entry{Command:interface {}(nil), Term:0, Index:0}
095929 LEAD S1: prevLog &raft.Entry{Command:interface {}(nil), Term:0, Index:0}
095930 INFO S2: (term 1) follower 收到 [1] AppendEntries [], prevIndex 0, prevTerm 0
095930 LEAD S1: 2 append success next 1 match 0
095931 INFO S0: (term 1) follower 收到 [1] AppendEntries [], prevIndex 0, prevTerm 0
095931 LEAD S1: 0 append success next 1 match 0
096431 LEAD S1: prevLog &raft.Entry{Command:interface {}(nil), Term:0, Index:0}
096432 LEAD S1: prevLog &raft.Entry{Command:interface {}(nil), Term:0, Index:0}
096432 INFO S2: (term 1) follower 收到 [1] AppendEntries [], prevIndex 0, prevTerm 0
096433 LEAD S1: 2 append success next 1 match 0
096433 INFO S0: (term 1) follower 收到 [1] AppendEntries [], prevIndex 0, prevTerm 0
096433 LEAD S1: 0 append success next 1 match 0
096934 LEAD S1: prevLog &raft.Entry{Command:interface {}(nil), Term:0, Index:0}
096934 LEAD S1: prevLog &raft.Entry{Command:interface {}(nil), Term:0, Index:0}
096935 INFO S2: (term 1) follower 收到 [1] AppendEntries [], prevIndex 0, prevTerm 0
096935 LEAD S1: 2 append success next 1 match 0
096935 INFO S0: (term 1) follower 收到 [1] AppendEntries [], prevIndex 0, prevTerm 0
096936 LEAD S1: 0 append success next 1 match 0
097436 LEAD S1: prevLog &raft.Entry{Command:interface {}(nil), Term:0, Index:0}
097436 LEAD S1: prevLog &raft.Entry{Command:interface {}(nil), Term:0, Index:0}
097437 INFO S2: (term 1) follower 收到 [1] AppendEntries [], prevIndex 0, prevTerm 0
097437 LEAD S1: 2 append success next 1 match 0
097437 INFO S0: (term 1) follower 收到 [1] AppendEntries [], prevIndex 0, prevTerm 0
097438 LEAD S1: 0 append success next 1 match 0
097938 LEAD S1: prevLog &raft.Entry{Command:interface {}(nil), Term:0, Index:0}
097939 LEAD S1: prevLog &raft.Entry{Command:interface {}(nil), Term:0, Index:0}
097939 INFO S2: (term 1) follower 收到 [1] AppendEntries [], prevIndex 0, prevTerm 0
097940 LEAD S1: 2 append success next 1 match 0
097940 INFO S0: (term 1) follower 收到 [1] AppendEntries [], prevIndex 0, prevTerm 0
097940 LEAD S1: 0 append success next 1 match 0
098441 LEAD S1: prevLog &raft.Entry{Command:interface {}(nil), Term:0, Index:0}
098441 LEAD S1: prevLog &raft.Entry{Command:interface {}(nil), Term:0, Index:0}
098441 INFO S2: (term 1) follower 收到 [1] AppendEntries [], prevIndex 0, prevTerm 0
098442 LEAD S1: 2 append success next 1 match 0
098442 INFO S0: (term 1) follower 收到 [1] AppendEntries [], prevIndex 0, prevTerm 0
098442 LEAD S1: 0 append success next 1 match 0
098944 LEAD S1: prevLog &raft.Entry{Command:interface {}(nil), Term:0, Index:0}
098944 LEAD S1: prevLog &raft.Entry{Command:interface {}(nil), Term:0, Index:0}
098945 INFO S2: (term 1) follower 收到 [1] AppendEntries [], prevIndex 0, prevTerm 0
098945 LEAD S1: 2 append success next 1 match 0
098945 INFO S0: (term 1) follower 收到 [1] AppendEntries [], prevIndex 0, prevTerm 0
098946 LEAD S1: 0 append success next 1 match 0
099446 LEAD S1: prevLog &raft.Entry{Command:interface {}(nil), Term:0, Index:0}
099446 LEAD S1: prevLog &raft.Entry{Command:interface {}(nil), Term:0, Index:0}
099447 INFO S2: (term 1) follower 收到 [1] AppendEntries [], prevIndex 0, prevTerm 0
099448 LEAD S1: 2 append success next 1 match 0
099448 INFO S0: (term 1) follower 收到 [1] AppendEntries [], prevIndex 0, prevTerm 0
099448 LEAD S1: 0 append success next 1 match 0
099949 LEAD S1: prevLog &raft.Entry{Command:interface {}(nil), Term:0, Index:0}
099949 LEAD S1: prevLog &raft.Entry{Command:interface {}(nil), Term:0, Index:0}
099949 INFO S2: (term 1) follower 收到 [1] AppendEntries [], prevIndex 0, prevTerm 0
099950 LEAD S1: 2 append success next 1 match 0
099950 INFO S0: (term 1) follower 收到 [1] AppendEntries [], prevIndex 0, prevTerm 0
099950 LEAD S1: 0 append success next 1 match 0
100451 LEAD S1: prevLog &raft.Entry{Command:interface {}(nil), Term:0, Index:0}
100451 LEAD S1: prevLog &raft.Entry{Command:interface {}(nil), Term:0, Index:0}
--- FAIL: TestPersist12C (10.05s)
    config.go:609: one(11) failed to reach agreement
FAIL
exit status 1
FAIL	6.824/raft	10.046s
