Test (2C): basic persistence ...
002008 INFO S2: start leader election, term 1
002008 VOTE S2: term 1 send vote request to 1
002009 VOTE S2: term 1 send vote request to 0
002009 TERM S1: set new term 1
002009 VOTE S1: term 1 vote 2
002010 VOTE S2: reply from 1, term一致，且投给2
002010 LEAD S2: come to power, start to send heartbeat
002010 LEAD S2: prevLog &raft.Entry{Command:interface {}(nil), Term:0, Index:0}
002010 LEAD S2: prevLog &raft.Entry{Command:interface {}(nil), Term:0, Index:0}
002010 TERM S0: set new term 1
002010 VOTE S0: term 1 vote 2
002011 VOTE S2: reply from 0, term一致，且投给2
002011 INFO S0: (term 1) follower 收到 [2] AppendEntries [], prevIndex 0, prevTerm 0
002011 INFO S1: (term 1) follower 收到 [2] AppendEntries [], prevIndex 0, prevTerm 0
002011 LEAD S2: 0 append success next 1 match 0
002011 LEAD S2: 1 append success next 1 match 0
002510 LEAD S2: prevLog &raft.Entry{Command:interface {}(nil), Term:0, Index:0}
002510 LEAD S2: prevLog &raft.Entry{Command:interface {}(nil), Term:0, Index:0}
002511 INFO S0: (term 1) follower 收到 [2] AppendEntries [], prevIndex 0, prevTerm 0
002511 INFO S1: (term 1) follower 收到 [2] AppendEntries [], prevIndex 0, prevTerm 0
002511 LEAD S2: 0 append success next 1 match 0
002511 LEAD S2: 1 append success next 1 match 0
003011 LEAD S2: prevLog &raft.Entry{Command:interface {}(nil), Term:0, Index:0}
003012 LEAD S2: prevLog &raft.Entry{Command:interface {}(nil), Term:0, Index:0}
003013 INFO S0: (term 1) follower 收到 [2] AppendEntries [], prevIndex 0, prevTerm 0
003013 INFO S1: (term 1) follower 收到 [2] AppendEntries [], prevIndex 0, prevTerm 0
003013 LEAD S2: 1 append success next 1 match 0
003013 LEAD S2: 0 append success next 1 match 0
003513 LEAD S2: prevLog &raft.Entry{Command:interface {}(nil), Term:0, Index:0}
003513 LEAD S2: prevLog &raft.Entry{Command:interface {}(nil), Term:0, Index:0}
003514 INFO S1: (term 1) follower 收到 [2] AppendEntries [], prevIndex 0, prevTerm 0
003514 INFO S0: (term 1) follower 收到 [2] AppendEntries [], prevIndex 0, prevTerm 0
003514 LEAD S2: 0 append success next 1 match 0
003514 LEAD S2: 1 append success next 1 match 0
004015 LEAD S2: prevLog &raft.Entry{Command:interface {}(nil), Term:0, Index:0}
004015 LEAD S2: prevLog &raft.Entry{Command:interface {}(nil), Term:0, Index:0}
004016 INFO S0: (term 1) follower 收到 [2] AppendEntries [], prevIndex 0, prevTerm 0
004016 INFO S1: (term 1) follower 收到 [2] AppendEntries [], prevIndex 0, prevTerm 0
004016 LEAD S2: 1 append success next 1 match 0
004016 LEAD S2: 0 append success next 1 match 0
004518 LEAD S2: prevLog &raft.Entry{Command:interface {}(nil), Term:0, Index:0}
004518 LEAD S2: prevLog &raft.Entry{Command:interface {}(nil), Term:0, Index:0}
004519 INFO S1: (term 1) follower 收到 [2] AppendEntries [], prevIndex 0, prevTerm 0
004519 INFO S0: (term 1) follower 收到 [2] AppendEntries [], prevIndex 0, prevTerm 0
004519 LEAD S2: 1 append success next 1 match 0
004519 LEAD S2: 0 append success next 1 match 0
005020 LEAD S2: prevLog &raft.Entry{Command:interface {}(nil), Term:0, Index:0}
005020 LEAD S2: prevLog &raft.Entry{Command:interface {}(nil), Term:0, Index:0}
005021 INFO S0: (term 1) follower 收到 [2] AppendEntries [], prevIndex 0, prevTerm 0
005021 INFO S1: (term 1) follower 收到 [2] AppendEntries [], prevIndex 0, prevTerm 0
005022 LEAD S2: 0 append success next 1 match 0
005022 LEAD S2: 1 append success next 1 match 0
005522 LEAD S2: prevLog &raft.Entry{Command:interface {}(nil), Term:0, Index:0}
005522 LEAD S2: prevLog &raft.Entry{Command:interface {}(nil), Term:0, Index:0}
005523 INFO S0: (term 1) follower 收到 [2] AppendEntries [], prevIndex 0, prevTerm 0
005523 INFO S1: (term 1) follower 收到 [2] AppendEntries [], prevIndex 0, prevTerm 0
005523 LEAD S2: 0 append success next 1 match 0
005523 LEAD S2: 1 append success next 1 match 0
006024 LEAD S2: prevLog &raft.Entry{Command:interface {}(nil), Term:0, Index:0}
006025 LEAD S2: prevLog &raft.Entry{Command:interface {}(nil), Term:0, Index:0}
006026 INFO S1: (term 1) follower 收到 [2] AppendEntries [], prevIndex 0, prevTerm 0
006026 LEAD S2: 1 append success next 1 match 0
006026 INFO S0: (term 1) follower 收到 [2] AppendEntries [], prevIndex 0, prevTerm 0
006026 LEAD S2: 0 append success next 1 match 0
006526 LEAD S2: prevLog &raft.Entry{Command:interface {}(nil), Term:0, Index:0}
006526 LEAD S2: prevLog &raft.Entry{Command:interface {}(nil), Term:0, Index:0}
006527 INFO S1: (term 1) follower 收到 [2] AppendEntries [], prevIndex 0, prevTerm 0
006527 INFO S0: (term 1) follower 收到 [2] AppendEntries [], prevIndex 0, prevTerm 0
006527 LEAD S2: 0 append success next 1 match 0
006527 LEAD S2: 1 append success next 1 match 0
007028 LEAD S2: prevLog &raft.Entry{Command:interface {}(nil), Term:0, Index:0}
007029 LEAD S2: prevLog &raft.Entry{Command:interface {}(nil), Term:0, Index:0}
007029 INFO S0: (term 1) follower 收到 [2] AppendEntries [], prevIndex 0, prevTerm 0
007030 INFO S1: (term 1) follower 收到 [2] AppendEntries [], prevIndex 0, prevTerm 0
007030 LEAD S2: 0 append success next 1 match 0
007030 LEAD S2: 1 append success next 1 match 0
007530 LEAD S2: prevLog &raft.Entry{Command:interface {}(nil), Term:0, Index:0}
007530 LEAD S2: prevLog &raft.Entry{Command:interface {}(nil), Term:0, Index:0}
007531 INFO S1: (term 1) follower 收到 [2] AppendEntries [], prevIndex 0, prevTerm 0
007531 INFO S0: (term 1) follower 收到 [2] AppendEntries [], prevIndex 0, prevTerm 0
007531 LEAD S2: 0 append success next 1 match 0
007531 LEAD S2: 1 append success next 1 match 0
008032 LEAD S2: prevLog &raft.Entry{Command:interface {}(nil), Term:0, Index:0}
008032 LEAD S2: prevLog &raft.Entry{Command:interface {}(nil), Term:0, Index:0}
008033 INFO S1: (term 1) follower 收到 [2] AppendEntries [], prevIndex 0, prevTerm 0
008033 LEAD S2: 1 append success next 1 match 0
008033 INFO S0: (term 1) follower 收到 [2] AppendEntries [], prevIndex 0, prevTerm 0
008033 LEAD S2: 0 append success next 1 match 0
008534 LEAD S2: prevLog &raft.Entry{Command:interface {}(nil), Term:0, Index:0}
008534 LEAD S2: prevLog &raft.Entry{Command:interface {}(nil), Term:0, Index:0}
008534 INFO S0: (term 1) follower 收到 [2] AppendEntries [], prevIndex 0, prevTerm 0
008534 INFO S1: (term 1) follower 收到 [2] AppendEntries [], prevIndex 0, prevTerm 0
008535 LEAD S2: 0 append success next 1 match 0
008535 LEAD S2: 1 append success next 1 match 0
009036 LEAD S2: prevLog &raft.Entry{Command:interface {}(nil), Term:0, Index:0}
009036 LEAD S2: prevLog &raft.Entry{Command:interface {}(nil), Term:0, Index:0}
009037 INFO S1: (term 1) follower 收到 [2] AppendEntries [], prevIndex 0, prevTerm 0
009038 INFO S0: (term 1) follower 收到 [2] AppendEntries [], prevIndex 0, prevTerm 0
009038 LEAD S2: 1 append success next 1 match 0
009038 LEAD S2: 0 append success next 1 match 0
009537 LEAD S2: prevLog &raft.Entry{Command:interface {}(nil), Term:0, Index:0}
009537 LEAD S2: prevLog &raft.Entry{Command:interface {}(nil), Term:0, Index:0}
009538 INFO S0: (term 1) follower 收到 [2] AppendEntries [], prevIndex 0, prevTerm 0
009538 LEAD S2: 0 append success next 1 match 0
009538 INFO S1: (term 1) follower 收到 [2] AppendEntries [], prevIndex 0, prevTerm 0
009539 LEAD S2: 1 append success next 1 match 0
010040 LEAD S2: prevLog &raft.Entry{Command:interface {}(nil), Term:0, Index:0}
010040 LEAD S2: prevLog &raft.Entry{Command:interface {}(nil), Term:0, Index:0}
010041 INFO S1: (term 1) follower 收到 [2] AppendEntries [], prevIndex 0, prevTerm 0
010041 INFO S0: (term 1) follower 收到 [2] AppendEntries [], prevIndex 0, prevTerm 0
010041 LEAD S2: 0 append success next 1 match 0
010041 LEAD S2: 1 append success next 1 match 0
010541 LEAD S2: prevLog &raft.Entry{Command:interface {}(nil), Term:0, Index:0}
010541 LEAD S2: prevLog &raft.Entry{Command:interface {}(nil), Term:0, Index:0}
010542 INFO S1: (term 1) follower 收到 [2] AppendEntries [], prevIndex 0, prevTerm 0
010543 LEAD S2: 1 append success next 1 match 0
010543 INFO S0: (term 1) follower 收到 [2] AppendEntries [], prevIndex 0, prevTerm 0
010543 LEAD S2: 0 append success next 1 match 0
011044 LEAD S2: prevLog &raft.Entry{Command:interface {}(nil), Term:0, Index:0}
011044 LEAD S2: prevLog &raft.Entry{Command:interface {}(nil), Term:0, Index:0}
011045 INFO S0: (term 1) follower 收到 [2] AppendEntries [], prevIndex 0, prevTerm 0
011045 INFO S1: (term 1) follower 收到 [2] AppendEntries [], prevIndex 0, prevTerm 0
011046 LEAD S2: 1 append success next 1 match 0
011046 LEAD S2: 0 append success next 1 match 0
011546 LEAD S2: prevLog &raft.Entry{Command:interface {}(nil), Term:0, Index:0}
011546 LEAD S2: prevLog &raft.Entry{Command:interface {}(nil), Term:0, Index:0}
011547 INFO S1: (term 1) follower 收到 [2] AppendEntries [], prevIndex 0, prevTerm 0
011547 INFO S0: (term 1) follower 收到 [2] AppendEntries [], prevIndex 0, prevTerm 0
011547 LEAD S2: 1 append success next 1 match 0
011547 LEAD S2: 0 append success next 1 match 0
012048 LEAD S2: prevLog &raft.Entry{Command:interface {}(nil), Term:0, Index:0}
012048 LEAD S2: prevLog &raft.Entry{Command:interface {}(nil), Term:0, Index:0}
012049 INFO S1: (term 1) follower 收到 [2] AppendEntries [], prevIndex 0, prevTerm 0
012049 LEAD S2: 1 append success next 1 match 0
012049 INFO S0: (term 1) follower 收到 [2] AppendEntries [], prevIndex 0, prevTerm 0
012050 LEAD S2: 0 append success next 1 match 0
012551 LEAD S2: prevLog &raft.Entry{Command:interface {}(nil), Term:0, Index:0}
012551 LEAD S2: prevLog &raft.Entry{Command:interface {}(nil), Term:0, Index:0}
012551 INFO S1: (term 1) follower 收到 [2] AppendEntries [], prevIndex 0, prevTerm 0
012551 INFO S0: (term 1) follower 收到 [2] AppendEntries [], prevIndex 0, prevTerm 0
012552 LEAD S2: 0 append success next 1 match 0
012552 LEAD S2: 1 append success next 1 match 0
013053 LEAD S2: prevLog &raft.Entry{Command:interface {}(nil), Term:0, Index:0}
013053 LEAD S2: prevLog &raft.Entry{Command:interface {}(nil), Term:0, Index:0}
013054 INFO S0: (term 1) follower 收到 [2] AppendEntries [], prevIndex 0, prevTerm 0
013054 INFO S1: (term 1) follower 收到 [2] AppendEntries [], prevIndex 0, prevTerm 0
013054 LEAD S2: 0 append success next 1 match 0
013054 LEAD S2: 1 append success next 1 match 0
013555 LEAD S2: prevLog &raft.Entry{Command:interface {}(nil), Term:0, Index:0}
013555 LEAD S2: prevLog &raft.Entry{Command:interface {}(nil), Term:0, Index:0}
013556 INFO S0: (term 1) follower 收到 [2] AppendEntries [], prevIndex 0, prevTerm 0
013556 INFO S1: (term 1) follower 收到 [2] AppendEntries [], prevIndex 0, prevTerm 0
013556 LEAD S2: 0 append success next 1 match 0
013556 LEAD S2: 1 append success next 1 match 0
014057 LEAD S2: prevLog &raft.Entry{Command:interface {}(nil), Term:0, Index:0}
014057 LEAD S2: prevLog &raft.Entry{Command:interface {}(nil), Term:0, Index:0}
014058 INFO S1: (term 1) follower 收到 [2] AppendEntries [], prevIndex 0, prevTerm 0
014058 INFO S0: (term 1) follower 收到 [2] AppendEntries [], prevIndex 0, prevTerm 0
014059 LEAD S2: 1 append success next 1 match 0
014059 LEAD S2: 0 append success next 1 match 0
014559 LEAD S2: prevLog &raft.Entry{Command:interface {}(nil), Term:0, Index:0}
014559 LEAD S2: prevLog &raft.Entry{Command:interface {}(nil), Term:0, Index:0}
014560 INFO S1: (term 1) follower 收到 [2] AppendEntries [], prevIndex 0, prevTerm 0
014560 INFO S0: (term 1) follower 收到 [2] AppendEntries [], prevIndex 0, prevTerm 0
014560 LEAD S2: 1 append success next 1 match 0
014560 LEAD S2: 0 append success next 1 match 0
015061 LEAD S2: prevLog &raft.Entry{Command:interface {}(nil), Term:0, Index:0}
015061 LEAD S2: prevLog &raft.Entry{Command:interface {}(nil), Term:0, Index:0}
015062 INFO S0: (term 1) follower 收到 [2] AppendEntries [], prevIndex 0, prevTerm 0
015062 LEAD S2: 0 append success next 1 match 0
015062 INFO S1: (term 1) follower 收到 [2] AppendEntries [], prevIndex 0, prevTerm 0
015062 LEAD S2: 1 append success next 1 match 0
015562 LEAD S2: prevLog &raft.Entry{Command:interface {}(nil), Term:0, Index:0}
015562 LEAD S2: prevLog &raft.Entry{Command:interface {}(nil), Term:0, Index:0}
015563 INFO S0: (term 1) follower 收到 [2] AppendEntries [], prevIndex 0, prevTerm 0
015563 INFO S1: (term 1) follower 收到 [2] AppendEntries [], prevIndex 0, prevTerm 0
015563 LEAD S2: 0 append success next 1 match 0
015564 LEAD S2: 1 append success next 1 match 0
016065 LEAD S2: prevLog &raft.Entry{Command:interface {}(nil), Term:0, Index:0}
016065 LEAD S2: prevLog &raft.Entry{Command:interface {}(nil), Term:0, Index:0}
016066 INFO S1: (term 1) follower 收到 [2] AppendEntries [], prevIndex 0, prevTerm 0
016066 LEAD S2: 1 append success next 1 match 0
016066 INFO S0: (term 1) follower 收到 [2] AppendEntries [], prevIndex 0, prevTerm 0
016067 LEAD S2: 0 append success next 1 match 0
016567 LEAD S2: prevLog &raft.Entry{Command:interface {}(nil), Term:0, Index:0}
016567 LEAD S2: prevLog &raft.Entry{Command:interface {}(nil), Term:0, Index:0}
016568 INFO S1: (term 1) follower 收到 [2] AppendEntries [], prevIndex 0, prevTerm 0
016568 INFO S0: (term 1) follower 收到 [2] AppendEntries [], prevIndex 0, prevTerm 0
016568 LEAD S2: 1 append success next 1 match 0
016569 LEAD S2: 0 append success next 1 match 0
017070 LEAD S2: prevLog &raft.Entry{Command:interface {}(nil), Term:0, Index:0}
017070 LEAD S2: prevLog &raft.Entry{Command:interface {}(nil), Term:0, Index:0}
017071 INFO S0: (term 1) follower 收到 [2] AppendEntries [], prevIndex 0, prevTerm 0
017071 INFO S1: (term 1) follower 收到 [2] AppendEntries [], prevIndex 0, prevTerm 0
017071 LEAD S2: 0 append success next 1 match 0
017071 LEAD S2: 1 append success next 1 match 0
017571 LEAD S2: prevLog &raft.Entry{Command:interface {}(nil), Term:0, Index:0}
017572 LEAD S2: prevLog &raft.Entry{Command:interface {}(nil), Term:0, Index:0}
017573 INFO S0: (term 1) follower 收到 [2] AppendEntries [], prevIndex 0, prevTerm 0
017573 LEAD S2: 0 append success next 1 match 0
017573 INFO S1: (term 1) follower 收到 [2] AppendEntries [], prevIndex 0, prevTerm 0
017574 LEAD S2: 1 append success next 1 match 0
018073 LEAD S2: prevLog &raft.Entry{Command:interface {}(nil), Term:0, Index:0}
018073 LEAD S2: prevLog &raft.Entry{Command:interface {}(nil), Term:0, Index:0}
018074 INFO S0: (term 1) follower 收到 [2] AppendEntries [], prevIndex 0, prevTerm 0
018074 INFO S1: (term 1) follower 收到 [2] AppendEntries [], prevIndex 0, prevTerm 0
018075 LEAD S2: 0 append success next 1 match 0
018075 LEAD S2: 1 append success next 1 match 0
018575 LEAD S2: prevLog &raft.Entry{Command:interface {}(nil), Term:0, Index:0}
018576 LEAD S2: prevLog &raft.Entry{Command:interface {}(nil), Term:0, Index:0}
018576 INFO S0: (term 1) follower 收到 [2] AppendEntries [], prevIndex 0, prevTerm 0
018577 LEAD S2: 0 append success next 1 match 0
018578 INFO S1: (term 1) follower 收到 [2] AppendEntries [], prevIndex 0, prevTerm 0
018578 LEAD S2: 1 append success next 1 match 0
019088 LEAD S2: prevLog &raft.Entry{Command:interface {}(nil), Term:0, Index:0}
019088 LEAD S2: prevLog &raft.Entry{Command:interface {}(nil), Term:0, Index:0}
019089 INFO S1: (term 1) follower 收到 [2] AppendEntries [], prevIndex 0, prevTerm 0
019089 LEAD S2: 1 append success next 1 match 0
019089 INFO S0: (term 1) follower 收到 [2] AppendEntries [], prevIndex 0, prevTerm 0
019089 LEAD S2: 0 append success next 1 match 0
019590 LEAD S2: prevLog &raft.Entry{Command:interface {}(nil), Term:0, Index:0}
019590 LEAD S2: prevLog &raft.Entry{Command:interface {}(nil), Term:0, Index:0}
019591 INFO S0: (term 1) follower 收到 [2] AppendEntries [], prevIndex 0, prevTerm 0
019591 INFO S1: (term 1) follower 收到 [2] AppendEntries [], prevIndex 0, prevTerm 0
019591 LEAD S2: 0 append success next 1 match 0
019591 LEAD S2: 1 append success next 1 match 0
020092 LEAD S2: prevLog &raft.Entry{Command:interface {}(nil), Term:0, Index:0}
020092 LEAD S2: prevLog &raft.Entry{Command:interface {}(nil), Term:0, Index:0}
020093 INFO S1: (term 1) follower 收到 [2] AppendEntries [], prevIndex 0, prevTerm 0
020093 INFO S0: (term 1) follower 收到 [2] AppendEntries [], prevIndex 0, prevTerm 0
020094 LEAD S2: 1 append success next 1 match 0
020094 LEAD S2: 0 append success next 1 match 0
020594 LEAD S2: prevLog &raft.Entry{Command:interface {}(nil), Term:0, Index:0}
020595 LEAD S2: prevLog &raft.Entry{Command:interface {}(nil), Term:0, Index:0}
020595 INFO S0: (term 1) follower 收到 [2] AppendEntries [], prevIndex 0, prevTerm 0
020595 INFO S1: (term 1) follower 收到 [2] AppendEntries [], prevIndex 0, prevTerm 0
020596 LEAD S2: 0 append success next 1 match 0
020596 LEAD S2: 1 append success next 1 match 0
021097 LEAD S2: prevLog &raft.Entry{Command:interface {}(nil), Term:0, Index:0}
021097 LEAD S2: prevLog &raft.Entry{Command:interface {}(nil), Term:0, Index:0}
021098 INFO S1: (term 1) follower 收到 [2] AppendEntries [], prevIndex 0, prevTerm 0
021098 INFO S0: (term 1) follower 收到 [2] AppendEntries [], prevIndex 0, prevTerm 0
021098 LEAD S2: 1 append success next 1 match 0
021098 LEAD S2: 0 append success next 1 match 0
021599 LEAD S2: prevLog &raft.Entry{Command:interface {}(nil), Term:0, Index:0}
021599 LEAD S2: prevLog &raft.Entry{Command:interface {}(nil), Term:0, Index:0}
021600 INFO S0: (term 1) follower 收到 [2] AppendEntries [], prevIndex 0, prevTerm 0
021600 INFO S1: (term 1) follower 收到 [2] AppendEntries [], prevIndex 0, prevTerm 0
021600 LEAD S2: 0 append success next 1 match 0
021600 LEAD S2: 1 append success next 1 match 0
022101 LEAD S2: prevLog &raft.Entry{Command:interface {}(nil), Term:0, Index:0}
022101 LEAD S2: prevLog &raft.Entry{Command:interface {}(nil), Term:0, Index:0}
022102 INFO S1: (term 1) follower 收到 [2] AppendEntries [], prevIndex 0, prevTerm 0
022102 INFO S0: (term 1) follower 收到 [2] AppendEntries [], prevIndex 0, prevTerm 0
022103 LEAD S2: 1 append success next 1 match 0
022103 LEAD S2: 0 append success next 1 match 0
022603 LEAD S2: prevLog &raft.Entry{Command:interface {}(nil), Term:0, Index:0}
022604 LEAD S2: prevLog &raft.Entry{Command:interface {}(nil), Term:0, Index:0}
022604 INFO S0: (term 1) follower 收到 [2] AppendEntries [], prevIndex 0, prevTerm 0
022605 LEAD S2: 0 append success next 1 match 0
022605 INFO S1: (term 1) follower 收到 [2] AppendEntries [], prevIndex 0, prevTerm 0
022605 LEAD S2: 1 append success next 1 match 0
023106 LEAD S2: prevLog &raft.Entry{Command:interface {}(nil), Term:0, Index:0}
023106 LEAD S2: prevLog &raft.Entry{Command:interface {}(nil), Term:0, Index:0}
023107 INFO S0: (term 1) follower 收到 [2] AppendEntries [], prevIndex 0, prevTerm 0
023107 INFO S1: (term 1) follower 收到 [2] AppendEntries [], prevIndex 0, prevTerm 0
023107 LEAD S2: 0 append success next 1 match 0
023108 LEAD S2: 1 append success next 1 match 0
023609 LEAD S2: prevLog &raft.Entry{Command:interface {}(nil), Term:0, Index:0}
023609 LEAD S2: prevLog &raft.Entry{Command:interface {}(nil), Term:0, Index:0}
023610 INFO S0: (term 1) follower 收到 [2] AppendEntries [], prevIndex 0, prevTerm 0
023610 INFO S1: (term 1) follower 收到 [2] AppendEntries [], prevIndex 0, prevTerm 0
023610 LEAD S2: 0 append success next 1 match 0
023610 LEAD S2: 1 append success next 1 match 0
024111 LEAD S2: prevLog &raft.Entry{Command:interface {}(nil), Term:0, Index:0}
024111 LEAD S2: prevLog &raft.Entry{Command:interface {}(nil), Term:0, Index:0}
024112 INFO S0: (term 1) follower 收到 [2] AppendEntries [], prevIndex 0, prevTerm 0
024112 INFO S1: (term 1) follower 收到 [2] AppendEntries [], prevIndex 0, prevTerm 0
024112 LEAD S2: 1 append success next 1 match 0
024112 LEAD S2: 0 append success next 1 match 0
024613 LEAD S2: prevLog &raft.Entry{Command:interface {}(nil), Term:0, Index:0}
024613 LEAD S2: prevLog &raft.Entry{Command:interface {}(nil), Term:0, Index:0}
024614 INFO S0: (term 1) follower 收到 [2] AppendEntries [], prevIndex 0, prevTerm 0
024614 INFO S1: (term 1) follower 收到 [2] AppendEntries [], prevIndex 0, prevTerm 0
024614 LEAD S2: 0 append success next 1 match 0
024615 LEAD S2: 1 append success next 1 match 0
025115 LEAD S2: prevLog &raft.Entry{Command:interface {}(nil), Term:0, Index:0}
025116 LEAD S2: prevLog &raft.Entry{Command:interface {}(nil), Term:0, Index:0}
025117 INFO S1: (term 1) follower 收到 [2] AppendEntries [], prevIndex 0, prevTerm 0
025117 LEAD S2: 1 append success next 1 match 0
025117 INFO S0: (term 1) follower 收到 [2] AppendEntries [], prevIndex 0, prevTerm 0
025118 LEAD S2: 0 append success next 1 match 0
025618 LEAD S2: prevLog &raft.Entry{Command:interface {}(nil), Term:0, Index:0}
025618 LEAD S2: prevLog &raft.Entry{Command:interface {}(nil), Term:0, Index:0}
025619 INFO S0: (term 1) follower 收到 [2] AppendEntries [], prevIndex 0, prevTerm 0
025619 INFO S1: (term 1) follower 收到 [2] AppendEntries [], prevIndex 0, prevTerm 0
025619 LEAD S2: 0 append success next 1 match 0
025619 LEAD S2: 1 append success next 1 match 0
026120 LEAD S2: prevLog &raft.Entry{Command:interface {}(nil), Term:0, Index:0}
026120 LEAD S2: prevLog &raft.Entry{Command:interface {}(nil), Term:0, Index:0}
026121 INFO S0: (term 1) follower 收到 [2] AppendEntries [], prevIndex 0, prevTerm 0
026121 INFO S1: (term 1) follower 收到 [2] AppendEntries [], prevIndex 0, prevTerm 0
026121 LEAD S2: 0 append success next 1 match 0
026122 LEAD S2: 1 append success next 1 match 0
026622 LEAD S2: prevLog &raft.Entry{Command:interface {}(nil), Term:0, Index:0}
026622 LEAD S2: prevLog &raft.Entry{Command:interface {}(nil), Term:0, Index:0}
026623 INFO S1: (term 1) follower 收到 [2] AppendEntries [], prevIndex 0, prevTerm 0
026623 INFO S0: (term 1) follower 收到 [2] AppendEntries [], prevIndex 0, prevTerm 0
026624 LEAD S2: 1 append success next 1 match 0
026624 LEAD S2: 0 append success next 1 match 0
027124 LEAD S2: prevLog &raft.Entry{Command:interface {}(nil), Term:0, Index:0}
027125 LEAD S2: prevLog &raft.Entry{Command:interface {}(nil), Term:0, Index:0}
027125 INFO S1: (term 1) follower 收到 [2] AppendEntries [], prevIndex 0, prevTerm 0
027126 LEAD S2: 1 append success next 1 match 0
027125 INFO S0: (term 1) follower 收到 [2] AppendEntries [], prevIndex 0, prevTerm 0
027126 LEAD S2: 0 append success next 1 match 0
027626 LEAD S2: prevLog &raft.Entry{Command:interface {}(nil), Term:0, Index:0}
027627 LEAD S2: prevLog &raft.Entry{Command:interface {}(nil), Term:0, Index:0}
027627 INFO S1: (term 1) follower 收到 [2] AppendEntries [], prevIndex 0, prevTerm 0
027628 INFO S0: (term 1) follower 收到 [2] AppendEntries [], prevIndex 0, prevTerm 0
027628 LEAD S2: 1 append success next 1 match 0
027628 LEAD S2: 0 append success next 1 match 0
028129 LEAD S2: prevLog &raft.Entry{Command:interface {}(nil), Term:0, Index:0}
028129 LEAD S2: prevLog &raft.Entry{Command:interface {}(nil), Term:0, Index:0}
028130 INFO S1: (term 1) follower 收到 [2] AppendEntries [], prevIndex 0, prevTerm 0
028130 LEAD S2: 1 append success next 1 match 0
028130 INFO S0: (term 1) follower 收到 [2] AppendEntries [], prevIndex 0, prevTerm 0
028130 LEAD S2: 0 append success next 1 match 0
028631 LEAD S2: prevLog &raft.Entry{Command:interface {}(nil), Term:0, Index:0}
028631 LEAD S2: prevLog &raft.Entry{Command:interface {}(nil), Term:0, Index:0}
028632 INFO S0: (term 1) follower 收到 [2] AppendEntries [], prevIndex 0, prevTerm 0
028632 INFO S1: (term 1) follower 收到 [2] AppendEntries [], prevIndex 0, prevTerm 0
028632 LEAD S2: 0 append success next 1 match 0
028632 LEAD S2: 1 append success next 1 match 0
029133 LEAD S2: prevLog &raft.Entry{Command:interface {}(nil), Term:0, Index:0}
029133 LEAD S2: prevLog &raft.Entry{Command:interface {}(nil), Term:0, Index:0}
029134 INFO S1: (term 1) follower 收到 [2] AppendEntries [], prevIndex 0, prevTerm 0
029134 INFO S0: (term 1) follower 收到 [2] AppendEntries [], prevIndex 0, prevTerm 0
029135 LEAD S2: 1 append success next 1 match 0
029135 LEAD S2: 0 append success next 1 match 0
029635 LEAD S2: prevLog &raft.Entry{Command:interface {}(nil), Term:0, Index:0}
029636 LEAD S2: prevLog &raft.Entry{Command:interface {}(nil), Term:0, Index:0}
029636 INFO S1: (term 1) follower 收到 [2] AppendEntries [], prevIndex 0, prevTerm 0
029637 INFO S0: (term 1) follower 收到 [2] AppendEntries [], prevIndex 0, prevTerm 0
029637 LEAD S2: 1 append success next 1 match 0
029637 LEAD S2: 0 append success next 1 match 0
030138 LEAD S2: prevLog &raft.Entry{Command:interface {}(nil), Term:0, Index:0}
030138 LEAD S2: prevLog &raft.Entry{Command:interface {}(nil), Term:0, Index:0}
030139 INFO S1: (term 1) follower 收到 [2] AppendEntries [], prevIndex 0, prevTerm 0
030139 LEAD S2: 1 append success next 1 match 0
030139 INFO S0: (term 1) follower 收到 [2] AppendEntries [], prevIndex 0, prevTerm 0
030139 LEAD S2: 0 append success next 1 match 0
030640 LEAD S2: prevLog &raft.Entry{Command:interface {}(nil), Term:0, Index:0}
030640 LEAD S2: prevLog &raft.Entry{Command:interface {}(nil), Term:0, Index:0}
030641 INFO S1: (term 1) follower 收到 [2] AppendEntries [], prevIndex 0, prevTerm 0
030641 INFO S0: (term 1) follower 收到 [2] AppendEntries [], prevIndex 0, prevTerm 0
030641 LEAD S2: 1 append success next 1 match 0
030641 LEAD S2: 0 append success next 1 match 0
031142 LEAD S2: prevLog &raft.Entry{Command:interface {}(nil), Term:0, Index:0}
031142 LEAD S2: prevLog &raft.Entry{Command:interface {}(nil), Term:0, Index:0}
031143 INFO S1: (term 1) follower 收到 [2] AppendEntries [], prevIndex 0, prevTerm 0
031143 INFO S0: (term 1) follower 收到 [2] AppendEntries [], prevIndex 0, prevTerm 0
031143 LEAD S2: 1 append success next 1 match 0
031143 LEAD S2: 0 append success next 1 match 0
031644 LEAD S2: prevLog &raft.Entry{Command:interface {}(nil), Term:0, Index:0}
031644 LEAD S2: prevLog &raft.Entry{Command:interface {}(nil), Term:0, Index:0}
031645 INFO S0: (term 1) follower 收到 [2] AppendEntries [], prevIndex 0, prevTerm 0
031645 INFO S1: (term 1) follower 收到 [2] AppendEntries [], prevIndex 0, prevTerm 0
031645 LEAD S2: 0 append success next 1 match 0
031646 LEAD S2: 1 append success next 1 match 0
032147 LEAD S2: prevLog &raft.Entry{Command:interface {}(nil), Term:0, Index:0}
032147 LEAD S2: prevLog &raft.Entry{Command:interface {}(nil), Term:0, Index:0}
032148 INFO S1: (term 1) follower 收到 [2] AppendEntries [], prevIndex 0, prevTerm 0
032148 LEAD S2: 1 append success next 1 match 0
032149 INFO S0: (term 1) follower 收到 [2] AppendEntries [], prevIndex 0, prevTerm 0
032149 LEAD S2: 0 append success next 1 match 0
032650 LEAD S2: prevLog &raft.Entry{Command:interface {}(nil), Term:0, Index:0}
032650 LEAD S2: prevLog &raft.Entry{Command:interface {}(nil), Term:0, Index:0}
032651 INFO S1: (term 1) follower 收到 [2] AppendEntries [], prevIndex 0, prevTerm 0
032651 INFO S0: (term 1) follower 收到 [2] AppendEntries [], prevIndex 0, prevTerm 0
032651 LEAD S2: 1 append success next 1 match 0
032652 LEAD S2: 0 append success next 1 match 0
033152 LEAD S2: prevLog &raft.Entry{Command:interface {}(nil), Term:0, Index:0}
033152 LEAD S2: prevLog &raft.Entry{Command:interface {}(nil), Term:0, Index:0}
033153 INFO S1: (term 1) follower 收到 [2] AppendEntries [], prevIndex 0, prevTerm 0
033153 INFO S0: (term 1) follower 收到 [2] AppendEntries [], prevIndex 0, prevTerm 0
033154 LEAD S2: 1 append success next 1 match 0
033154 LEAD S2: 0 append success next 1 match 0
033654 LEAD S2: prevLog &raft.Entry{Command:interface {}(nil), Term:0, Index:0}
033655 LEAD S2: prevLog &raft.Entry{Command:interface {}(nil), Term:0, Index:0}
033655 INFO S0: (term 1) follower 收到 [2] AppendEntries [], prevIndex 0, prevTerm 0
033656 INFO S1: (term 1) follower 收到 [2] AppendEntries [], prevIndex 0, prevTerm 0
033656 LEAD S2: 0 append success next 1 match 0
033656 LEAD S2: 1 append success next 1 match 0
034157 LEAD S2: prevLog &raft.Entry{Command:interface {}(nil), Term:0, Index:0}
034157 LEAD S2: prevLog &raft.Entry{Command:interface {}(nil), Term:0, Index:0}
034158 INFO S0: (term 1) follower 收到 [2] AppendEntries [], prevIndex 0, prevTerm 0
034158 INFO S1: (term 1) follower 收到 [2] AppendEntries [], prevIndex 0, prevTerm 0
034158 LEAD S2: 1 append success next 1 match 0
034158 LEAD S2: 0 append success next 1 match 0
034659 LEAD S2: prevLog &raft.Entry{Command:interface {}(nil), Term:0, Index:0}
034659 LEAD S2: prevLog &raft.Entry{Command:interface {}(nil), Term:0, Index:0}
034660 INFO S1: (term 1) follower 收到 [2] AppendEntries [], prevIndex 0, prevTerm 0
034660 LEAD S2: 1 append success next 1 match 0
034663 INFO S0: (term 1) follower 收到 [2] AppendEntries [], prevIndex 0, prevTerm 0
034665 LEAD S2: 0 append success next 1 match 0
035161 LEAD S2: prevLog &raft.Entry{Command:interface {}(nil), Term:0, Index:0}
035161 LEAD S2: prevLog &raft.Entry{Command:interface {}(nil), Term:0, Index:0}
035163 INFO S1: (term 1) follower 收到 [2] AppendEntries [], prevIndex 0, prevTerm 0
035163 INFO S0: (term 1) follower 收到 [2] AppendEntries [], prevIndex 0, prevTerm 0
035163 LEAD S2: 1 append success next 1 match 0
035163 LEAD S2: 0 append success next 1 match 0
035664 LEAD S2: prevLog &raft.Entry{Command:interface {}(nil), Term:0, Index:0}
035664 LEAD S2: prevLog &raft.Entry{Command:interface {}(nil), Term:0, Index:0}
035665 INFO S1: (term 1) follower 收到 [2] AppendEntries [], prevIndex 0, prevTerm 0
035665 INFO S0: (term 1) follower 收到 [2] AppendEntries [], prevIndex 0, prevTerm 0
035665 LEAD S2: 1 append success next 1 match 0
035665 LEAD S2: 0 append success next 1 match 0
036166 LEAD S2: prevLog &raft.Entry{Command:interface {}(nil), Term:0, Index:0}
036166 LEAD S2: prevLog &raft.Entry{Command:interface {}(nil), Term:0, Index:0}
036167 INFO S1: (term 1) follower 收到 [2] AppendEntries [], prevIndex 0, prevTerm 0
036167 INFO S0: (term 1) follower 收到 [2] AppendEntries [], prevIndex 0, prevTerm 0
036167 LEAD S2: 1 append success next 1 match 0
036167 LEAD S2: 0 append success next 1 match 0
036668 LEAD S2: prevLog &raft.Entry{Command:interface {}(nil), Term:0, Index:0}
036669 LEAD S2: prevLog &raft.Entry{Command:interface {}(nil), Term:0, Index:0}
036669 INFO S0: (term 1) follower 收到 [2] AppendEntries [], prevIndex 0, prevTerm 0
036670 INFO S1: (term 1) follower 收到 [2] AppendEntries [], prevIndex 0, prevTerm 0
036670 LEAD S2: 1 append success next 1 match 0
036670 LEAD S2: 0 append success next 1 match 0
037171 LEAD S2: prevLog &raft.Entry{Command:interface {}(nil), Term:0, Index:0}
037171 LEAD S2: prevLog &raft.Entry{Command:interface {}(nil), Term:0, Index:0}
037172 INFO S0: (term 1) follower 收到 [2] AppendEntries [], prevIndex 0, prevTerm 0
037172 INFO S1: (term 1) follower 收到 [2] AppendEntries [], prevIndex 0, prevTerm 0
037172 LEAD S2: 0 append success next 1 match 0
037173 LEAD S2: 1 append success next 1 match 0
037674 LEAD S2: prevLog &raft.Entry{Command:interface {}(nil), Term:0, Index:0}
037674 LEAD S2: prevLog &raft.Entry{Command:interface {}(nil), Term:0, Index:0}
037675 INFO S1: (term 1) follower 收到 [2] AppendEntries [], prevIndex 0, prevTerm 0
037676 LEAD S2: 1 append success next 1 match 0
037676 INFO S0: (term 1) follower 收到 [2] AppendEntries [], prevIndex 0, prevTerm 0
037677 LEAD S2: 0 append success next 1 match 0
038177 LEAD S2: prevLog &raft.Entry{Command:interface {}(nil), Term:0, Index:0}
038178 LEAD S2: prevLog &raft.Entry{Command:interface {}(nil), Term:0, Index:0}
038178 INFO S1: (term 1) follower 收到 [2] AppendEntries [], prevIndex 0, prevTerm 0
038179 INFO S0: (term 1) follower 收到 [2] AppendEntries [], prevIndex 0, prevTerm 0
038179 LEAD S2: 1 append success next 1 match 0
038179 LEAD S2: 0 append success next 1 match 0
038680 LEAD S2: prevLog &raft.Entry{Command:interface {}(nil), Term:0, Index:0}
038680 LEAD S2: prevLog &raft.Entry{Command:interface {}(nil), Term:0, Index:0}
038681 INFO S0: (term 1) follower 收到 [2] AppendEntries [], prevIndex 0, prevTerm 0
038681 INFO S1: (term 1) follower 收到 [2] AppendEntries [], prevIndex 0, prevTerm 0
038682 LEAD S2: 1 append success next 1 match 0
038682 LEAD S2: 0 append success next 1 match 0
039182 LEAD S2: prevLog &raft.Entry{Command:interface {}(nil), Term:0, Index:0}
039182 LEAD S2: prevLog &raft.Entry{Command:interface {}(nil), Term:0, Index:0}
039183 INFO S0: (term 1) follower 收到 [2] AppendEntries [], prevIndex 0, prevTerm 0
039183 INFO S1: (term 1) follower 收到 [2] AppendEntries [], prevIndex 0, prevTerm 0
039184 LEAD S2: 0 append success next 1 match 0
039184 LEAD S2: 1 append success next 1 match 0
039685 LEAD S2: prevLog &raft.Entry{Command:interface {}(nil), Term:0, Index:0}
039685 LEAD S2: prevLog &raft.Entry{Command:interface {}(nil), Term:0, Index:0}
039686 INFO S1: (term 1) follower 收到 [2] AppendEntries [], prevIndex 0, prevTerm 0
039686 INFO S0: (term 1) follower 收到 [2] AppendEntries [], prevIndex 0, prevTerm 0
039686 LEAD S2: 1 append success next 1 match 0
039686 LEAD S2: 0 append success next 1 match 0
040187 LEAD S2: prevLog &raft.Entry{Command:interface {}(nil), Term:0, Index:0}
040187 LEAD S2: prevLog &raft.Entry{Command:interface {}(nil), Term:0, Index:0}
040188 INFO S0: (term 1) follower 收到 [2] AppendEntries [], prevIndex 0, prevTerm 0
040188 INFO S1: (term 1) follower 收到 [2] AppendEntries [], prevIndex 0, prevTerm 0
040189 LEAD S2: 1 append success next 1 match 0
040189 LEAD S2: 0 append success next 1 match 0
040689 LEAD S2: prevLog &raft.Entry{Command:interface {}(nil), Term:0, Index:0}
040690 LEAD S2: prevLog &raft.Entry{Command:interface {}(nil), Term:0, Index:0}
040691 INFO S0: (term 1) follower 收到 [2] AppendEntries [], prevIndex 0, prevTerm 0
040691 INFO S1: (term 1) follower 收到 [2] AppendEntries [], prevIndex 0, prevTerm 0
040691 LEAD S2: 0 append success next 1 match 0
040691 LEAD S2: 1 append success next 1 match 0
041192 LEAD S2: prevLog &raft.Entry{Command:interface {}(nil), Term:0, Index:0}
041192 LEAD S2: prevLog &raft.Entry{Command:interface {}(nil), Term:0, Index:0}
041193 INFO S0: (term 1) follower 收到 [2] AppendEntries [], prevIndex 0, prevTerm 0
041193 INFO S1: (term 1) follower 收到 [2] AppendEntries [], prevIndex 0, prevTerm 0
041193 LEAD S2: 0 append success next 1 match 0
041193 LEAD S2: 1 append success next 1 match 0
041694 LEAD S2: prevLog &raft.Entry{Command:interface {}(nil), Term:0, Index:0}
041694 LEAD S2: prevLog &raft.Entry{Command:interface {}(nil), Term:0, Index:0}
041695 INFO S0: (term 1) follower 收到 [2] AppendEntries [], prevIndex 0, prevTerm 0
041695 INFO S1: (term 1) follower 收到 [2] AppendEntries [], prevIndex 0, prevTerm 0
041696 LEAD S2: 1 append success next 1 match 0
041696 LEAD S2: 0 append success next 1 match 0
042196 LEAD S2: prevLog &raft.Entry{Command:interface {}(nil), Term:0, Index:0}
042196 LEAD S2: prevLog &raft.Entry{Command:interface {}(nil), Term:0, Index:0}
042197 INFO S0: (term 1) follower 收到 [2] AppendEntries [], prevIndex 0, prevTerm 0
042197 LEAD S2: 0 append success next 1 match 0
042197 INFO S1: (term 1) follower 收到 [2] AppendEntries [], prevIndex 0, prevTerm 0
042198 LEAD S2: 1 append success next 1 match 0
042698 LEAD S2: prevLog &raft.Entry{Command:interface {}(nil), Term:0, Index:0}
042699 LEAD S2: prevLog &raft.Entry{Command:interface {}(nil), Term:0, Index:0}
042699 INFO S1: (term 1) follower 收到 [2] AppendEntries [], prevIndex 0, prevTerm 0
042699 INFO S0: (term 1) follower 收到 [2] AppendEntries [], prevIndex 0, prevTerm 0
042700 LEAD S2: 0 append success next 1 match 0
042700 LEAD S2: 1 append success next 1 match 0
043201 LEAD S2: prevLog &raft.Entry{Command:interface {}(nil), Term:0, Index:0}
043201 LEAD S2: prevLog &raft.Entry{Command:interface {}(nil), Term:0, Index:0}
043202 INFO S0: (term 1) follower 收到 [2] AppendEntries [], prevIndex 0, prevTerm 0
043202 INFO S1: (term 1) follower 收到 [2] AppendEntries [], prevIndex 0, prevTerm 0
043202 LEAD S2: 1 append success next 1 match 0
043203 LEAD S2: 0 append success next 1 match 0
043703 LEAD S2: prevLog &raft.Entry{Command:interface {}(nil), Term:0, Index:0}
043703 LEAD S2: prevLog &raft.Entry{Command:interface {}(nil), Term:0, Index:0}
043704 INFO S1: (term 1) follower 收到 [2] AppendEntries [], prevIndex 0, prevTerm 0
043704 INFO S0: (term 1) follower 收到 [2] AppendEntries [], prevIndex 0, prevTerm 0
043705 LEAD S2: 1 append success next 1 match 0
043705 LEAD S2: 0 append success next 1 match 0
044205 LEAD S2: prevLog &raft.Entry{Command:interface {}(nil), Term:0, Index:0}
044206 LEAD S2: prevLog &raft.Entry{Command:interface {}(nil), Term:0, Index:0}
044206 INFO S0: (term 1) follower 收到 [2] AppendEntries [], prevIndex 0, prevTerm 0
044206 INFO S1: (term 1) follower 收到 [2] AppendEntries [], prevIndex 0, prevTerm 0
044207 LEAD S2: 1 append success next 1 match 0
044207 LEAD S2: 0 append success next 1 match 0
044708 LEAD S2: prevLog &raft.Entry{Command:interface {}(nil), Term:0, Index:0}
044708 LEAD S2: prevLog &raft.Entry{Command:interface {}(nil), Term:0, Index:0}
044709 INFO S1: (term 1) follower 收到 [2] AppendEntries [], prevIndex 0, prevTerm 0
044709 INFO S0: (term 1) follower 收到 [2] AppendEntries [], prevIndex 0, prevTerm 0
044709 LEAD S2: 1 append success next 1 match 0
044709 LEAD S2: 0 append success next 1 match 0
045211 LEAD S2: prevLog &raft.Entry{Command:interface {}(nil), Term:0, Index:0}
045211 LEAD S2: prevLog &raft.Entry{Command:interface {}(nil), Term:0, Index:0}
045212 INFO S0: (term 1) follower 收到 [2] AppendEntries [], prevIndex 0, prevTerm 0
045212 INFO S1: (term 1) follower 收到 [2] AppendEntries [], prevIndex 0, prevTerm 0
045212 LEAD S2: 0 append success next 1 match 0
045212 LEAD S2: 1 append success next 1 match 0
045714 LEAD S2: prevLog &raft.Entry{Command:interface {}(nil), Term:0, Index:0}
045714 LEAD S2: prevLog &raft.Entry{Command:interface {}(nil), Term:0, Index:0}
045715 INFO S0: (term 1) follower 收到 [2] AppendEntries [], prevIndex 0, prevTerm 0
045715 INFO S1: (term 1) follower 收到 [2] AppendEntries [], prevIndex 0, prevTerm 0
045715 LEAD S2: 0 append success next 1 match 0
045715 LEAD S2: 1 append success next 1 match 0
046216 LEAD S2: prevLog &raft.Entry{Command:interface {}(nil), Term:0, Index:0}
046216 LEAD S2: prevLog &raft.Entry{Command:interface {}(nil), Term:0, Index:0}
046217 INFO S1: (term 1) follower 收到 [2] AppendEntries [], prevIndex 0, prevTerm 0
046217 INFO S0: (term 1) follower 收到 [2] AppendEntries [], prevIndex 0, prevTerm 0
046218 LEAD S2: 0 append success next 1 match 0
046218 LEAD S2: 1 append success next 1 match 0
046718 LEAD S2: prevLog &raft.Entry{Command:interface {}(nil), Term:0, Index:0}
046719 LEAD S2: prevLog &raft.Entry{Command:interface {}(nil), Term:0, Index:0}
046720 INFO S0: (term 1) follower 收到 [2] AppendEntries [], prevIndex 0, prevTerm 0
046720 INFO S1: (term 1) follower 收到 [2] AppendEntries [], prevIndex 0, prevTerm 0
046720 LEAD S2: 0 append success next 1 match 0
046720 LEAD S2: 1 append success next 1 match 0
047221 LEAD S2: prevLog &raft.Entry{Command:interface {}(nil), Term:0, Index:0}
047221 LEAD S2: prevLog &raft.Entry{Command:interface {}(nil), Term:0, Index:0}
047222 INFO S1: (term 1) follower 收到 [2] AppendEntries [], prevIndex 0, prevTerm 0
047222 LEAD S2: 1 append success next 1 match 0
047222 INFO S0: (term 1) follower 收到 [2] AppendEntries [], prevIndex 0, prevTerm 0
047223 LEAD S2: 0 append success next 1 match 0
047723 LEAD S2: prevLog &raft.Entry{Command:interface {}(nil), Term:0, Index:0}
047723 LEAD S2: prevLog &raft.Entry{Command:interface {}(nil), Term:0, Index:0}
047724 INFO S1: (term 1) follower 收到 [2] AppendEntries [], prevIndex 0, prevTerm 0
047724 INFO S0: (term 1) follower 收到 [2] AppendEntries [], prevIndex 0, prevTerm 0
047725 LEAD S2: 1 append success next 1 match 0
047725 LEAD S2: 0 append success next 1 match 0
048226 LEAD S2: prevLog &raft.Entry{Command:interface {}(nil), Term:0, Index:0}
048226 LEAD S2: prevLog &raft.Entry{Command:interface {}(nil), Term:0, Index:0}
048227 INFO S0: (term 1) follower 收到 [2] AppendEntries [], prevIndex 0, prevTerm 0
048227 INFO S1: (term 1) follower 收到 [2] AppendEntries [], prevIndex 0, prevTerm 0
048227 LEAD S2: 1 append success next 1 match 0
048228 LEAD S2: 0 append success next 1 match 0
048728 LEAD S2: prevLog &raft.Entry{Command:interface {}(nil), Term:0, Index:0}
048728 LEAD S2: prevLog &raft.Entry{Command:interface {}(nil), Term:0, Index:0}
048729 INFO S1: (term 1) follower 收到 [2] AppendEntries [], prevIndex 0, prevTerm 0
048729 INFO S0: (term 1) follower 收到 [2] AppendEntries [], prevIndex 0, prevTerm 0
048729 LEAD S2: 1 append success next 1 match 0
048729 LEAD S2: 0 append success next 1 match 0
049230 LEAD S2: prevLog &raft.Entry{Command:interface {}(nil), Term:0, Index:0}
049231 LEAD S2: prevLog &raft.Entry{Command:interface {}(nil), Term:0, Index:0}
049232 INFO S0: (term 1) follower 收到 [2] AppendEntries [], prevIndex 0, prevTerm 0
049232 INFO S1: (term 1) follower 收到 [2] AppendEntries [], prevIndex 0, prevTerm 0
049232 LEAD S2: 0 append success next 1 match 0
049232 LEAD S2: 1 append success next 1 match 0
049733 LEAD S2: prevLog &raft.Entry{Command:interface {}(nil), Term:0, Index:0}
049733 LEAD S2: prevLog &raft.Entry{Command:interface {}(nil), Term:0, Index:0}
049734 INFO S0: (term 1) follower 收到 [2] AppendEntries [], prevIndex 0, prevTerm 0
049734 INFO S1: (term 1) follower 收到 [2] AppendEntries [], prevIndex 0, prevTerm 0
049735 LEAD S2: 0 append success next 1 match 0
049735 LEAD S2: 1 append success next 1 match 0
050236 LEAD S2: prevLog &raft.Entry{Command:interface {}(nil), Term:0, Index:0}
050236 LEAD S2: prevLog &raft.Entry{Command:interface {}(nil), Term:0, Index:0}
050237 INFO S0: (term 1) follower 收到 [2] AppendEntries [], prevIndex 0, prevTerm 0
050237 INFO S1: (term 1) follower 收到 [2] AppendEntries [], prevIndex 0, prevTerm 0
050237 LEAD S2: 0 append success next 1 match 0
050238 LEAD S2: 1 append success next 1 match 0
050738 LEAD S2: prevLog &raft.Entry{Command:interface {}(nil), Term:0, Index:0}
050739 LEAD S2: prevLog &raft.Entry{Command:interface {}(nil), Term:0, Index:0}
050740 INFO S0: (term 1) follower 收到 [2] AppendEntries [], prevIndex 0, prevTerm 0
050740 INFO S1: (term 1) follower 收到 [2] AppendEntries [], prevIndex 0, prevTerm 0
050740 LEAD S2: 0 append success next 1 match 0
050740 LEAD S2: 1 append success next 1 match 0
051240 LEAD S2: prevLog &raft.Entry{Command:interface {}(nil), Term:0, Index:0}
051241 LEAD S2: prevLog &raft.Entry{Command:interface {}(nil), Term:0, Index:0}
051241 INFO S0: (term 1) follower 收到 [2] AppendEntries [], prevIndex 0, prevTerm 0
051242 INFO S1: (term 1) follower 收到 [2] AppendEntries [], prevIndex 0, prevTerm 0
051242 LEAD S2: 0 append success next 1 match 0
051242 LEAD S2: 1 append success next 1 match 0
051743 LEAD S2: prevLog &raft.Entry{Command:interface {}(nil), Term:0, Index:0}
051743 LEAD S2: prevLog &raft.Entry{Command:interface {}(nil), Term:0, Index:0}
051744 INFO S1: (term 1) follower 收到 [2] AppendEntries [], prevIndex 0, prevTerm 0
051745 INFO S0: (term 1) follower 收到 [2] AppendEntries [], prevIndex 0, prevTerm 0
051745 LEAD S2: 1 append success next 1 match 0
051745 LEAD S2: 0 append success next 1 match 0
052246 LEAD S2: prevLog &raft.Entry{Command:interface {}(nil), Term:0, Index:0}
052246 LEAD S2: prevLog &raft.Entry{Command:interface {}(nil), Term:0, Index:0}
052247 INFO S0: (term 1) follower 收到 [2] AppendEntries [], prevIndex 0, prevTerm 0
052247 INFO S1: (term 1) follower 收到 [2] AppendEntries [], prevIndex 0, prevTerm 0
052247 LEAD S2: 0 append success next 1 match 0
052247 LEAD S2: 1 append success next 1 match 0
052748 LEAD S2: prevLog &raft.Entry{Command:interface {}(nil), Term:0, Index:0}
052748 LEAD S2: prevLog &raft.Entry{Command:interface {}(nil), Term:0, Index:0}
052749 INFO S1: (term 1) follower 收到 [2] AppendEntries [], prevIndex 0, prevTerm 0
052749 INFO S0: (term 1) follower 收到 [2] AppendEntries [], prevIndex 0, prevTerm 0
052750 LEAD S2: 0 append success next 1 match 0
052750 LEAD S2: 1 append success next 1 match 0
053250 LEAD S2: prevLog &raft.Entry{Command:interface {}(nil), Term:0, Index:0}
053250 LEAD S2: prevLog &raft.Entry{Command:interface {}(nil), Term:0, Index:0}
053251 INFO S0: (term 1) follower 收到 [2] AppendEntries [], prevIndex 0, prevTerm 0
053251 INFO S1: (term 1) follower 收到 [2] AppendEntries [], prevIndex 0, prevTerm 0
053251 LEAD S2: 0 append success next 1 match 0
053251 LEAD S2: 1 append success next 1 match 0
053752 LEAD S2: prevLog &raft.Entry{Command:interface {}(nil), Term:0, Index:0}
053753 LEAD S2: prevLog &raft.Entry{Command:interface {}(nil), Term:0, Index:0}
053754 INFO S1: (term 1) follower 收到 [2] AppendEntries [], prevIndex 0, prevTerm 0
053754 LEAD S2: 1 append success next 1 match 0
053754 INFO S0: (term 1) follower 收到 [2] AppendEntries [], prevIndex 0, prevTerm 0
053755 LEAD S2: 0 append success next 1 match 0
054255 LEAD S2: prevLog &raft.Entry{Command:interface {}(nil), Term:0, Index:0}
054255 LEAD S2: prevLog &raft.Entry{Command:interface {}(nil), Term:0, Index:0}
054256 INFO S0: (term 1) follower 收到 [2] AppendEntries [], prevIndex 0, prevTerm 0
054256 LEAD S2: 0 append success next 1 match 0
054256 INFO S1: (term 1) follower 收到 [2] AppendEntries [], prevIndex 0, prevTerm 0
054257 LEAD S2: 1 append success next 1 match 0
054757 LEAD S2: prevLog &raft.Entry{Command:interface {}(nil), Term:0, Index:0}
054757 LEAD S2: prevLog &raft.Entry{Command:interface {}(nil), Term:0, Index:0}
054758 INFO S1: (term 1) follower 收到 [2] AppendEntries [], prevIndex 0, prevTerm 0
054758 INFO S0: (term 1) follower 收到 [2] AppendEntries [], prevIndex 0, prevTerm 0
054759 LEAD S2: 1 append success next 1 match 0
054759 LEAD S2: 0 append success next 1 match 0
055260 LEAD S2: prevLog &raft.Entry{Command:interface {}(nil), Term:0, Index:0}
055260 LEAD S2: prevLog &raft.Entry{Command:interface {}(nil), Term:0, Index:0}
055261 INFO S1: (term 1) follower 收到 [2] AppendEntries [], prevIndex 0, prevTerm 0
055261 INFO S0: (term 1) follower 收到 [2] AppendEntries [], prevIndex 0, prevTerm 0
055261 LEAD S2: 1 append success next 1 match 0
055262 LEAD S2: 0 append success next 1 match 0
055762 LEAD S2: prevLog &raft.Entry{Command:interface {}(nil), Term:0, Index:0}
055762 LEAD S2: prevLog &raft.Entry{Command:interface {}(nil), Term:0, Index:0}
055763 INFO S0: (term 1) follower 收到 [2] AppendEntries [], prevIndex 0, prevTerm 0
055763 INFO S1: (term 1) follower 收到 [2] AppendEntries [], prevIndex 0, prevTerm 0
055764 LEAD S2: 0 append success next 1 match 0
055764 LEAD S2: 1 append success next 1 match 0
056265 LEAD S2: prevLog &raft.Entry{Command:interface {}(nil), Term:0, Index:0}
056265 LEAD S2: prevLog &raft.Entry{Command:interface {}(nil), Term:0, Index:0}
056266 INFO S0: (term 1) follower 收到 [2] AppendEntries [], prevIndex 0, prevTerm 0
056266 INFO S1: (term 1) follower 收到 [2] AppendEntries [], prevIndex 0, prevTerm 0
056266 LEAD S2: 0 append success next 1 match 0
056267 LEAD S2: 1 append success next 1 match 0
056768 LEAD S2: prevLog &raft.Entry{Command:interface {}(nil), Term:0, Index:0}
056768 LEAD S2: prevLog &raft.Entry{Command:interface {}(nil), Term:0, Index:0}
056769 INFO S1: (term 1) follower 收到 [2] AppendEntries [], prevIndex 0, prevTerm 0
056770 LEAD S2: 1 append success next 1 match 0
056770 INFO S0: (term 1) follower 收到 [2] AppendEntries [], prevIndex 0, prevTerm 0
056770 LEAD S2: 0 append success next 1 match 0
057271 LEAD S2: prevLog &raft.Entry{Command:interface {}(nil), Term:0, Index:0}
057271 LEAD S2: prevLog &raft.Entry{Command:interface {}(nil), Term:0, Index:0}
057272 INFO S1: (term 1) follower 收到 [2] AppendEntries [], prevIndex 0, prevTerm 0
057273 LEAD S2: 1 append success next 1 match 0
057272 INFO S0: (term 1) follower 收到 [2] AppendEntries [], prevIndex 0, prevTerm 0
057273 LEAD S2: 0 append success next 1 match 0
057773 LEAD S2: prevLog &raft.Entry{Command:interface {}(nil), Term:0, Index:0}
057774 LEAD S2: prevLog &raft.Entry{Command:interface {}(nil), Term:0, Index:0}
057774 INFO S0: (term 1) follower 收到 [2] AppendEntries [], prevIndex 0, prevTerm 0
057775 INFO S1: (term 1) follower 收到 [2] AppendEntries [], prevIndex 0, prevTerm 0
057775 LEAD S2: 0 append success next 1 match 0
057775 LEAD S2: 1 append success next 1 match 0
058276 LEAD S2: prevLog &raft.Entry{Command:interface {}(nil), Term:0, Index:0}
058276 LEAD S2: prevLog &raft.Entry{Command:interface {}(nil), Term:0, Index:0}
058277 INFO S0: (term 1) follower 收到 [2] AppendEntries [], prevIndex 0, prevTerm 0
058277 INFO S1: (term 1) follower 收到 [2] AppendEntries [], prevIndex 0, prevTerm 0
058278 LEAD S2: 0 append success next 1 match 0
058278 LEAD S2: 1 append success next 1 match 0
058779 LEAD S2: prevLog &raft.Entry{Command:interface {}(nil), Term:0, Index:0}
058779 LEAD S2: prevLog &raft.Entry{Command:interface {}(nil), Term:0, Index:0}
058780 INFO S1: (term 1) follower 收到 [2] AppendEntries [], prevIndex 0, prevTerm 0
058781 LEAD S2: 1 append success next 1 match 0
058780 INFO S0: (term 1) follower 收到 [2] AppendEntries [], prevIndex 0, prevTerm 0
058781 LEAD S2: 0 append success next 1 match 0
059282 LEAD S2: prevLog &raft.Entry{Command:interface {}(nil), Term:0, Index:0}
059282 LEAD S2: prevLog &raft.Entry{Command:interface {}(nil), Term:0, Index:0}
059283 INFO S1: (term 1) follower 收到 [2] AppendEntries [], prevIndex 0, prevTerm 0
059283 LEAD S2: 1 append success next 1 match 0
059283 INFO S0: (term 1) follower 收到 [2] AppendEntries [], prevIndex 0, prevTerm 0
059284 LEAD S2: 0 append success next 1 match 0
059784 LEAD S2: prevLog &raft.Entry{Command:interface {}(nil), Term:0, Index:0}
059785 LEAD S2: prevLog &raft.Entry{Command:interface {}(nil), Term:0, Index:0}
059786 INFO S0: (term 1) follower 收到 [2] AppendEntries [], prevIndex 0, prevTerm 0
059786 INFO S1: (term 1) follower 收到 [2] AppendEntries [], prevIndex 0, prevTerm 0
059786 LEAD S2: 0 append success next 1 match 0
059786 LEAD S2: 1 append success next 1 match 0
060287 LEAD S2: prevLog &raft.Entry{Command:interface {}(nil), Term:0, Index:0}
060287 LEAD S2: prevLog &raft.Entry{Command:interface {}(nil), Term:0, Index:0}
060288 INFO S1: (term 1) follower 收到 [2] AppendEntries [], prevIndex 0, prevTerm 0
060288 INFO S0: (term 1) follower 收到 [2] AppendEntries [], prevIndex 0, prevTerm 0
060288 LEAD S2: 1 append success next 1 match 0
060289 LEAD S2: 0 append success next 1 match 0
060789 LEAD S2: prevLog &raft.Entry{Command:interface {}(nil), Term:0, Index:0}
060789 LEAD S2: prevLog &raft.Entry{Command:interface {}(nil), Term:0, Index:0}
060790 INFO S0: (term 1) follower 收到 [2] AppendEntries [], prevIndex 0, prevTerm 0
060790 INFO S1: (term 1) follower 收到 [2] AppendEntries [], prevIndex 0, prevTerm 0
060791 LEAD S2: 0 append success next 1 match 0
060791 LEAD S2: 1 append success next 1 match 0
061292 LEAD S2: prevLog &raft.Entry{Command:interface {}(nil), Term:0, Index:0}
061292 LEAD S2: prevLog &raft.Entry{Command:interface {}(nil), Term:0, Index:0}
061293 INFO S1: (term 1) follower 收到 [2] AppendEntries [], prevIndex 0, prevTerm 0
061293 INFO S0: (term 1) follower 收到 [2] AppendEntries [], prevIndex 0, prevTerm 0
061293 LEAD S2: 0 append success next 1 match 0
061293 LEAD S2: 1 append success next 1 match 0
061794 LEAD S2: prevLog &raft.Entry{Command:interface {}(nil), Term:0, Index:0}
061794 LEAD S2: prevLog &raft.Entry{Command:interface {}(nil), Term:0, Index:0}
061795 INFO S1: (term 1) follower 收到 [2] AppendEntries [], prevIndex 0, prevTerm 0
061795 LEAD S2: 1 append success next 1 match 0
061796 INFO S0: (term 1) follower 收到 [2] AppendEntries [], prevIndex 0, prevTerm 0
061797 LEAD S2: 0 append success next 1 match 0
062297 LEAD S2: prevLog &raft.Entry{Command:interface {}(nil), Term:0, Index:0}
062297 LEAD S2: prevLog &raft.Entry{Command:interface {}(nil), Term:0, Index:0}
062298 INFO S0: (term 1) follower 收到 [2] AppendEntries [], prevIndex 0, prevTerm 0
062298 INFO S1: (term 1) follower 收到 [2] AppendEntries [], prevIndex 0, prevTerm 0
062298 LEAD S2: 1 append success next 1 match 0
062298 LEAD S2: 0 append success next 1 match 0
062799 LEAD S2: prevLog &raft.Entry{Command:interface {}(nil), Term:0, Index:0}
062799 LEAD S2: prevLog &raft.Entry{Command:interface {}(nil), Term:0, Index:0}
062800 INFO S0: (term 1) follower 收到 [2] AppendEntries [], prevIndex 0, prevTerm 0
062800 INFO S1: (term 1) follower 收到 [2] AppendEntries [], prevIndex 0, prevTerm 0
062800 LEAD S2: 0 append success next 1 match 0
062801 LEAD S2: 1 append success next 1 match 0
063301 LEAD S2: prevLog &raft.Entry{Command:interface {}(nil), Term:0, Index:0}
063301 LEAD S2: prevLog &raft.Entry{Command:interface {}(nil), Term:0, Index:0}
063302 INFO S1: (term 1) follower 收到 [2] AppendEntries [], prevIndex 0, prevTerm 0
063302 INFO S0: (term 1) follower 收到 [2] AppendEntries [], prevIndex 0, prevTerm 0
063303 LEAD S2: 1 append success next 1 match 0
063303 LEAD S2: 0 append success next 1 match 0
063804 LEAD S2: prevLog &raft.Entry{Command:interface {}(nil), Term:0, Index:0}
063804 LEAD S2: prevLog &raft.Entry{Command:interface {}(nil), Term:0, Index:0}
063805 INFO S0: (term 1) follower 收到 [2] AppendEntries [], prevIndex 0, prevTerm 0
063805 INFO S1: (term 1) follower 收到 [2] AppendEntries [], prevIndex 0, prevTerm 0
063805 LEAD S2: 0 append success next 1 match 0
063805 LEAD S2: 1 append success next 1 match 0
064307 LEAD S2: prevLog &raft.Entry{Command:interface {}(nil), Term:0, Index:0}
064307 LEAD S2: prevLog &raft.Entry{Command:interface {}(nil), Term:0, Index:0}
064308 INFO S0: (term 1) follower 收到 [2] AppendEntries [], prevIndex 0, prevTerm 0
064308 INFO S1: (term 1) follower 收到 [2] AppendEntries [], prevIndex 0, prevTerm 0
064308 LEAD S2: 0 append success next 1 match 0
064308 LEAD S2: 1 append success next 1 match 0
064809 LEAD S2: prevLog &raft.Entry{Command:interface {}(nil), Term:0, Index:0}
064809 LEAD S2: prevLog &raft.Entry{Command:interface {}(nil), Term:0, Index:0}
064810 INFO S1: (term 1) follower 收到 [2] AppendEntries [], prevIndex 0, prevTerm 0
064810 INFO S0: (term 1) follower 收到 [2] AppendEntries [], prevIndex 0, prevTerm 0
064811 LEAD S2: 0 append success next 1 match 0
064811 LEAD S2: 1 append success next 1 match 0
065311 LEAD S2: prevLog &raft.Entry{Command:interface {}(nil), Term:0, Index:0}
065311 LEAD S2: prevLog &raft.Entry{Command:interface {}(nil), Term:0, Index:0}
065312 INFO S1: (term 1) follower 收到 [2] AppendEntries [], prevIndex 0, prevTerm 0
065312 INFO S0: (term 1) follower 收到 [2] AppendEntries [], prevIndex 0, prevTerm 0
065313 LEAD S2: 1 append success next 1 match 0
065313 LEAD S2: 0 append success next 1 match 0
065814 LEAD S2: prevLog &raft.Entry{Command:interface {}(nil), Term:0, Index:0}
065814 LEAD S2: prevLog &raft.Entry{Command:interface {}(nil), Term:0, Index:0}
065815 INFO S0: (term 1) follower 收到 [2] AppendEntries [], prevIndex 0, prevTerm 0
065815 LEAD S2: 0 append success next 1 match 0
065815 INFO S1: (term 1) follower 收到 [2] AppendEntries [], prevIndex 0, prevTerm 0
065816 LEAD S2: 1 append success next 1 match 0
066316 LEAD S2: prevLog &raft.Entry{Command:interface {}(nil), Term:0, Index:0}
066316 LEAD S2: prevLog &raft.Entry{Command:interface {}(nil), Term:0, Index:0}
066317 INFO S0: (term 1) follower 收到 [2] AppendEntries [], prevIndex 0, prevTerm 0
066317 INFO S1: (term 1) follower 收到 [2] AppendEntries [], prevIndex 0, prevTerm 0
066317 LEAD S2: 0 append success next 1 match 0
066318 LEAD S2: 1 append success next 1 match 0
066819 LEAD S2: prevLog &raft.Entry{Command:interface {}(nil), Term:0, Index:0}
066819 LEAD S2: prevLog &raft.Entry{Command:interface {}(nil), Term:0, Index:0}
066820 INFO S0: (term 1) follower 收到 [2] AppendEntries [], prevIndex 0, prevTerm 0
066820 INFO S1: (term 1) follower 收到 [2] AppendEntries [], prevIndex 0, prevTerm 0
066820 LEAD S2: 0 append success next 1 match 0
066820 LEAD S2: 1 append success next 1 match 0
067321 LEAD S2: prevLog &raft.Entry{Command:interface {}(nil), Term:0, Index:0}
067321 LEAD S2: prevLog &raft.Entry{Command:interface {}(nil), Term:0, Index:0}
067322 INFO S0: (term 1) follower 收到 [2] AppendEntries [], prevIndex 0, prevTerm 0
067323 LEAD S2: 0 append success next 1 match 0
067322 INFO S1: (term 1) follower 收到 [2] AppendEntries [], prevIndex 0, prevTerm 0
067323 LEAD S2: 1 append success next 1 match 0
067824 LEAD S2: prevLog &raft.Entry{Command:interface {}(nil), Term:0, Index:0}
067824 LEAD S2: prevLog &raft.Entry{Command:interface {}(nil), Term:0, Index:0}
067825 INFO S1: (term 1) follower 收到 [2] AppendEntries [], prevIndex 0, prevTerm 0
067825 INFO S0: (term 1) follower 收到 [2] AppendEntries [], prevIndex 0, prevTerm 0
067825 LEAD S2: 1 append success next 1 match 0
067825 LEAD S2: 0 append success next 1 match 0
068326 LEAD S2: prevLog &raft.Entry{Command:interface {}(nil), Term:0, Index:0}
068326 LEAD S2: prevLog &raft.Entry{Command:interface {}(nil), Term:0, Index:0}
068327 INFO S0: (term 1) follower 收到 [2] AppendEntries [], prevIndex 0, prevTerm 0
068328 LEAD S2: 0 append success next 1 match 0
068327 INFO S1: (term 1) follower 收到 [2] AppendEntries [], prevIndex 0, prevTerm 0
068328 LEAD S2: 1 append success next 1 match 0
068829 LEAD S2: prevLog &raft.Entry{Command:interface {}(nil), Term:0, Index:0}
068829 LEAD S2: prevLog &raft.Entry{Command:interface {}(nil), Term:0, Index:0}
068830 INFO S0: (term 1) follower 收到 [2] AppendEntries [], prevIndex 0, prevTerm 0
068830 INFO S1: (term 1) follower 收到 [2] AppendEntries [], prevIndex 0, prevTerm 0
068830 LEAD S2: 0 append success next 1 match 0
068830 LEAD S2: 1 append success next 1 match 0
069331 LEAD S2: prevLog &raft.Entry{Command:interface {}(nil), Term:0, Index:0}
069331 LEAD S2: prevLog &raft.Entry{Command:interface {}(nil), Term:0, Index:0}
069332 INFO S0: (term 1) follower 收到 [2] AppendEntries [], prevIndex 0, prevTerm 0
069332 INFO S1: (term 1) follower 收到 [2] AppendEntries [], prevIndex 0, prevTerm 0
069333 LEAD S2: 1 append success next 1 match 0
069333 LEAD S2: 0 append success next 1 match 0
069833 LEAD S2: prevLog &raft.Entry{Command:interface {}(nil), Term:0, Index:0}
069833 LEAD S2: prevLog &raft.Entry{Command:interface {}(nil), Term:0, Index:0}
069834 INFO S0: (term 1) follower 收到 [2] AppendEntries [], prevIndex 0, prevTerm 0
069834 INFO S1: (term 1) follower 收到 [2] AppendEntries [], prevIndex 0, prevTerm 0
069835 LEAD S2: 0 append success next 1 match 0
069835 LEAD S2: 1 append success next 1 match 0
070336 LEAD S2: prevLog &raft.Entry{Command:interface {}(nil), Term:0, Index:0}
070336 LEAD S2: prevLog &raft.Entry{Command:interface {}(nil), Term:0, Index:0}
070337 INFO S0: (term 1) follower 收到 [2] AppendEntries [], prevIndex 0, prevTerm 0
070337 INFO S1: (term 1) follower 收到 [2] AppendEntries [], prevIndex 0, prevTerm 0
070337 LEAD S2: 0 append success next 1 match 0
070337 LEAD S2: 1 append success next 1 match 0
070838 LEAD S2: prevLog &raft.Entry{Command:interface {}(nil), Term:0, Index:0}
070839 LEAD S2: prevLog &raft.Entry{Command:interface {}(nil), Term:0, Index:0}
070839 INFO S0: (term 1) follower 收到 [2] AppendEntries [], prevIndex 0, prevTerm 0
070839 INFO S1: (term 1) follower 收到 [2] AppendEntries [], prevIndex 0, prevTerm 0
070840 LEAD S2: 0 append success next 1 match 0
070840 LEAD S2: 1 append success next 1 match 0
071341 LEAD S2: prevLog &raft.Entry{Command:interface {}(nil), Term:0, Index:0}
071341 LEAD S2: prevLog &raft.Entry{Command:interface {}(nil), Term:0, Index:0}
071342 INFO S0: (term 1) follower 收到 [2] AppendEntries [], prevIndex 0, prevTerm 0
071342 INFO S1: (term 1) follower 收到 [2] AppendEntries [], prevIndex 0, prevTerm 0
071342 LEAD S2: 0 append success next 1 match 0
071342 LEAD S2: 1 append success next 1 match 0
071843 LEAD S2: prevLog &raft.Entry{Command:interface {}(nil), Term:0, Index:0}
071844 LEAD S2: prevLog &raft.Entry{Command:interface {}(nil), Term:0, Index:0}
071844 INFO S1: (term 1) follower 收到 [2] AppendEntries [], prevIndex 0, prevTerm 0
071844 INFO S0: (term 1) follower 收到 [2] AppendEntries [], prevIndex 0, prevTerm 0
071846 LEAD S2: 1 append success next 1 match 0
071847 LEAD S2: 0 append success next 1 match 0
072345 LEAD S2: prevLog &raft.Entry{Command:interface {}(nil), Term:0, Index:0}
072346 LEAD S2: prevLog &raft.Entry{Command:interface {}(nil), Term:0, Index:0}
072347 INFO S0: (term 1) follower 收到 [2] AppendEntries [], prevIndex 0, prevTerm 0
072347 INFO S1: (term 1) follower 收到 [2] AppendEntries [], prevIndex 0, prevTerm 0
072347 LEAD S2: 0 append success next 1 match 0
072347 LEAD S2: 1 append success next 1 match 0
072848 LEAD S2: prevLog &raft.Entry{Command:interface {}(nil), Term:0, Index:0}
072848 LEAD S2: prevLog &raft.Entry{Command:interface {}(nil), Term:0, Index:0}
072849 INFO S0: (term 1) follower 收到 [2] AppendEntries [], prevIndex 0, prevTerm 0
072849 INFO S1: (term 1) follower 收到 [2] AppendEntries [], prevIndex 0, prevTerm 0
072849 LEAD S2: 0 append success next 1 match 0
072849 LEAD S2: 1 append success next 1 match 0
073350 LEAD S2: prevLog &raft.Entry{Command:interface {}(nil), Term:0, Index:0}
073350 LEAD S2: prevLog &raft.Entry{Command:interface {}(nil), Term:0, Index:0}
073351 INFO S0: (term 1) follower 收到 [2] AppendEntries [], prevIndex 0, prevTerm 0
073351 INFO S1: (term 1) follower 收到 [2] AppendEntries [], prevIndex 0, prevTerm 0
073351 LEAD S2: 0 append success next 1 match 0
073351 LEAD S2: 1 append success next 1 match 0
073854 LEAD S2: prevLog &raft.Entry{Command:interface {}(nil), Term:0, Index:0}
073854 LEAD S2: prevLog &raft.Entry{Command:interface {}(nil), Term:0, Index:0}
073855 INFO S0: (term 1) follower 收到 [2] AppendEntries [], prevIndex 0, prevTerm 0
073855 INFO S1: (term 1) follower 收到 [2] AppendEntries [], prevIndex 0, prevTerm 0
073855 LEAD S2: 0 append success next 1 match 0
073855 LEAD S2: 1 append success next 1 match 0
074356 LEAD S2: prevLog &raft.Entry{Command:interface {}(nil), Term:0, Index:0}
074357 LEAD S2: prevLog &raft.Entry{Command:interface {}(nil), Term:0, Index:0}
074357 INFO S0: (term 1) follower 收到 [2] AppendEntries [], prevIndex 0, prevTerm 0
074357 INFO S1: (term 1) follower 收到 [2] AppendEntries [], prevIndex 0, prevTerm 0
074358 LEAD S2: 1 append success next 1 match 0
074358 LEAD S2: 0 append success next 1 match 0
074859 LEAD S2: prevLog &raft.Entry{Command:interface {}(nil), Term:0, Index:0}
074859 LEAD S2: prevLog &raft.Entry{Command:interface {}(nil), Term:0, Index:0}
074860 INFO S0: (term 1) follower 收到 [2] AppendEntries [], prevIndex 0, prevTerm 0
074860 LEAD S2: 0 append success next 1 match 0
074860 INFO S1: (term 1) follower 收到 [2] AppendEntries [], prevIndex 0, prevTerm 0
074860 LEAD S2: 1 append success next 1 match 0
075361 LEAD S2: prevLog &raft.Entry{Command:interface {}(nil), Term:0, Index:0}
075361 LEAD S2: prevLog &raft.Entry{Command:interface {}(nil), Term:0, Index:0}
075362 INFO S0: (term 1) follower 收到 [2] AppendEntries [], prevIndex 0, prevTerm 0
075362 INFO S1: (term 1) follower 收到 [2] AppendEntries [], prevIndex 0, prevTerm 0
075362 LEAD S2: 0 append success next 1 match 0
075362 LEAD S2: 1 append success next 1 match 0
075863 LEAD S2: prevLog &raft.Entry{Command:interface {}(nil), Term:0, Index:0}
075864 LEAD S2: prevLog &raft.Entry{Command:interface {}(nil), Term:0, Index:0}
075864 INFO S0: (term 1) follower 收到 [2] AppendEntries [], prevIndex 0, prevTerm 0
075864 INFO S1: (term 1) follower 收到 [2] AppendEntries [], prevIndex 0, prevTerm 0
075865 LEAD S2: 0 append success next 1 match 0
075865 LEAD S2: 1 append success next 1 match 0
076366 LEAD S2: prevLog &raft.Entry{Command:interface {}(nil), Term:0, Index:0}
076366 LEAD S2: prevLog &raft.Entry{Command:interface {}(nil), Term:0, Index:0}
076367 INFO S1: (term 1) follower 收到 [2] AppendEntries [], prevIndex 0, prevTerm 0
076367 INFO S0: (term 1) follower 收到 [2] AppendEntries [], prevIndex 0, prevTerm 0
076367 LEAD S2: 1 append success next 1 match 0
076367 LEAD S2: 0 append success next 1 match 0
076868 LEAD S2: prevLog &raft.Entry{Command:interface {}(nil), Term:0, Index:0}
076868 LEAD S2: prevLog &raft.Entry{Command:interface {}(nil), Term:0, Index:0}
076869 INFO S0: (term 1) follower 收到 [2] AppendEntries [], prevIndex 0, prevTerm 0
076870 LEAD S2: 0 append success next 1 match 0
076869 INFO S1: (term 1) follower 收到 [2] AppendEntries [], prevIndex 0, prevTerm 0
076870 LEAD S2: 1 append success next 1 match 0
077371 LEAD S2: prevLog &raft.Entry{Command:interface {}(nil), Term:0, Index:0}
077371 LEAD S2: prevLog &raft.Entry{Command:interface {}(nil), Term:0, Index:0}
077372 INFO S0: (term 1) follower 收到 [2] AppendEntries [], prevIndex 0, prevTerm 0
077372 INFO S1: (term 1) follower 收到 [2] AppendEntries [], prevIndex 0, prevTerm 0
077372 LEAD S2: 1 append success next 1 match 0
077372 LEAD S2: 0 append success next 1 match 0
077874 LEAD S2: prevLog &raft.Entry{Command:interface {}(nil), Term:0, Index:0}
077874 LEAD S2: prevLog &raft.Entry{Command:interface {}(nil), Term:0, Index:0}
077875 INFO S1: (term 1) follower 收到 [2] AppendEntries [], prevIndex 0, prevTerm 0
077875 LEAD S2: 1 append success next 1 match 0
077875 INFO S0: (term 1) follower 收到 [2] AppendEntries [], prevIndex 0, prevTerm 0
077876 LEAD S2: 0 append success next 1 match 0
078376 LEAD S2: prevLog &raft.Entry{Command:interface {}(nil), Term:0, Index:0}
078377 LEAD S2: prevLog &raft.Entry{Command:interface {}(nil), Term:0, Index:0}
078377 INFO S0: (term 1) follower 收到 [2] AppendEntries [], prevIndex 0, prevTerm 0
078377 INFO S1: (term 1) follower 收到 [2] AppendEntries [], prevIndex 0, prevTerm 0
078378 LEAD S2: 0 append success next 1 match 0
078378 LEAD S2: 1 append success next 1 match 0
078879 LEAD S2: prevLog &raft.Entry{Command:interface {}(nil), Term:0, Index:0}
078879 LEAD S2: prevLog &raft.Entry{Command:interface {}(nil), Term:0, Index:0}
078880 INFO S1: (term 1) follower 收到 [2] AppendEntries [], prevIndex 0, prevTerm 0
078880 LEAD S2: 1 append success next 1 match 0
078880 INFO S0: (term 1) follower 收到 [2] AppendEntries [], prevIndex 0, prevTerm 0
078880 LEAD S2: 0 append success next 1 match 0
079382 LEAD S2: prevLog &raft.Entry{Command:interface {}(nil), Term:0, Index:0}
079382 LEAD S2: prevLog &raft.Entry{Command:interface {}(nil), Term:0, Index:0}
079383 INFO S0: (term 1) follower 收到 [2] AppendEntries [], prevIndex 0, prevTerm 0
079383 INFO S1: (term 1) follower 收到 [2] AppendEntries [], prevIndex 0, prevTerm 0
079383 LEAD S2: 0 append success next 1 match 0
079383 LEAD S2: 1 append success next 1 match 0
079884 LEAD S2: prevLog &raft.Entry{Command:interface {}(nil), Term:0, Index:0}
079885 LEAD S2: prevLog &raft.Entry{Command:interface {}(nil), Term:0, Index:0}
079885 INFO S0: (term 1) follower 收到 [2] AppendEntries [], prevIndex 0, prevTerm 0
079885 INFO S1: (term 1) follower 收到 [2] AppendEntries [], prevIndex 0, prevTerm 0
079886 LEAD S2: 0 append success next 1 match 0
079886 LEAD S2: 1 append success next 1 match 0
080387 LEAD S2: prevLog &raft.Entry{Command:interface {}(nil), Term:0, Index:0}
080387 LEAD S2: prevLog &raft.Entry{Command:interface {}(nil), Term:0, Index:0}
080388 INFO S1: (term 1) follower 收到 [2] AppendEntries [], prevIndex 0, prevTerm 0
080388 INFO S0: (term 1) follower 收到 [2] AppendEntries [], prevIndex 0, prevTerm 0
080388 LEAD S2: 1 append success next 1 match 0
080388 LEAD S2: 0 append success next 1 match 0
080889 LEAD S2: prevLog &raft.Entry{Command:interface {}(nil), Term:0, Index:0}
080889 LEAD S2: prevLog &raft.Entry{Command:interface {}(nil), Term:0, Index:0}
080890 INFO S0: (term 1) follower 收到 [2] AppendEntries [], prevIndex 0, prevTerm 0
080890 INFO S1: (term 1) follower 收到 [2] AppendEntries [], prevIndex 0, prevTerm 0
080890 LEAD S2: 0 append success next 1 match 0
080890 LEAD S2: 1 append success next 1 match 0
081392 LEAD S2: prevLog &raft.Entry{Command:interface {}(nil), Term:0, Index:0}
081392 LEAD S2: prevLog &raft.Entry{Command:interface {}(nil), Term:0, Index:0}
081393 INFO S0: (term 1) follower 收到 [2] AppendEntries [], prevIndex 0, prevTerm 0
081393 LEAD S2: 0 append success next 1 match 0
081393 INFO S1: (term 1) follower 收到 [2] AppendEntries [], prevIndex 0, prevTerm 0
081393 LEAD S2: 1 append success next 1 match 0
081894 LEAD S2: prevLog &raft.Entry{Command:interface {}(nil), Term:0, Index:0}
081894 LEAD S2: prevLog &raft.Entry{Command:interface {}(nil), Term:0, Index:0}
081895 INFO S0: (term 1) follower 收到 [2] AppendEntries [], prevIndex 0, prevTerm 0
081895 INFO S1: (term 1) follower 收到 [2] AppendEntries [], prevIndex 0, prevTerm 0
081895 LEAD S2: 0 append success next 1 match 0
081895 LEAD S2: 1 append success next 1 match 0
082397 LEAD S2: prevLog &raft.Entry{Command:interface {}(nil), Term:0, Index:0}
082397 LEAD S2: prevLog &raft.Entry{Command:interface {}(nil), Term:0, Index:0}
082398 INFO S0: (term 1) follower 收到 [2] AppendEntries [], prevIndex 0, prevTerm 0
082398 INFO S1: (term 1) follower 收到 [2] AppendEntries [], prevIndex 0, prevTerm 0
082398 LEAD S2: 0 append success next 1 match 0
082399 LEAD S2: 1 append success next 1 match 0
082900 LEAD S2: prevLog &raft.Entry{Command:interface {}(nil), Term:0, Index:0}
082900 LEAD S2: prevLog &raft.Entry{Command:interface {}(nil), Term:0, Index:0}
082901 INFO S0: (term 1) follower 收到 [2] AppendEntries [], prevIndex 0, prevTerm 0
082901 INFO S1: (term 1) follower 收到 [2] AppendEntries [], prevIndex 0, prevTerm 0
082901 LEAD S2: 0 append success next 1 match 0
082901 LEAD S2: 1 append success next 1 match 0
083402 LEAD S2: prevLog &raft.Entry{Command:interface {}(nil), Term:0, Index:0}
083402 LEAD S2: prevLog &raft.Entry{Command:interface {}(nil), Term:0, Index:0}
083403 INFO S0: (term 1) follower 收到 [2] AppendEntries [], prevIndex 0, prevTerm 0
083403 INFO S1: (term 1) follower 收到 [2] AppendEntries [], prevIndex 0, prevTerm 0
083403 LEAD S2: 0 append success next 1 match 0
083403 LEAD S2: 1 append success next 1 match 0
083905 LEAD S2: prevLog &raft.Entry{Command:interface {}(nil), Term:0, Index:0}
083905 LEAD S2: prevLog &raft.Entry{Command:interface {}(nil), Term:0, Index:0}
083906 INFO S1: (term 1) follower 收到 [2] AppendEntries [], prevIndex 0, prevTerm 0
083906 LEAD S2: 1 append success next 1 match 0
083906 INFO S0: (term 1) follower 收到 [2] AppendEntries [], prevIndex 0, prevTerm 0
083907 LEAD S2: 0 append success next 1 match 0
084407 LEAD S2: prevLog &raft.Entry{Command:interface {}(nil), Term:0, Index:0}
084407 LEAD S2: prevLog &raft.Entry{Command:interface {}(nil), Term:0, Index:0}
084408 INFO S0: (term 1) follower 收到 [2] AppendEntries [], prevIndex 0, prevTerm 0
084408 INFO S1: (term 1) follower 收到 [2] AppendEntries [], prevIndex 0, prevTerm 0
084409 LEAD S2: 0 append success next 1 match 0
084409 LEAD S2: 1 append success next 1 match 0
084910 LEAD S2: prevLog &raft.Entry{Command:interface {}(nil), Term:0, Index:0}
084910 LEAD S2: prevLog &raft.Entry{Command:interface {}(nil), Term:0, Index:0}
084911 INFO S0: (term 1) follower 收到 [2] AppendEntries [], prevIndex 0, prevTerm 0
084911 INFO S1: (term 1) follower 收到 [2] AppendEntries [], prevIndex 0, prevTerm 0
084911 LEAD S2: 0 append success next 1 match 0
084911 LEAD S2: 1 append success next 1 match 0
085412 LEAD S2: prevLog &raft.Entry{Command:interface {}(nil), Term:0, Index:0}
085413 LEAD S2: prevLog &raft.Entry{Command:interface {}(nil), Term:0, Index:0}
085413 INFO S1: (term 1) follower 收到 [2] AppendEntries [], prevIndex 0, prevTerm 0
085413 INFO S0: (term 1) follower 收到 [2] AppendEntries [], prevIndex 0, prevTerm 0
085414 LEAD S2: 1 append success next 1 match 0
085414 LEAD S2: 0 append success next 1 match 0
085916 LEAD S2: prevLog &raft.Entry{Command:interface {}(nil), Term:0, Index:0}
085916 LEAD S2: prevLog &raft.Entry{Command:interface {}(nil), Term:0, Index:0}
085917 INFO S0: (term 1) follower 收到 [2] AppendEntries [], prevIndex 0, prevTerm 0
085917 INFO S1: (term 1) follower 收到 [2] AppendEntries [], prevIndex 0, prevTerm 0
085918 LEAD S2: 0 append success next 1 match 0
085918 LEAD S2: 1 append success next 1 match 0
086418 LEAD S2: prevLog &raft.Entry{Command:interface {}(nil), Term:0, Index:0}
086418 LEAD S2: prevLog &raft.Entry{Command:interface {}(nil), Term:0, Index:0}
086419 INFO S0: (term 1) follower 收到 [2] AppendEntries [], prevIndex 0, prevTerm 0
086419 INFO S1: (term 1) follower 收到 [2] AppendEntries [], prevIndex 0, prevTerm 0
086420 LEAD S2: 0 append success next 1 match 0
086420 LEAD S2: 1 append success next 1 match 0
086921 LEAD S2: prevLog &raft.Entry{Command:interface {}(nil), Term:0, Index:0}
086921 LEAD S2: prevLog &raft.Entry{Command:interface {}(nil), Term:0, Index:0}
086922 INFO S1: (term 1) follower 收到 [2] AppendEntries [], prevIndex 0, prevTerm 0
086922 LEAD S2: 1 append success next 1 match 0
086922 INFO S0: (term 1) follower 收到 [2] AppendEntries [], prevIndex 0, prevTerm 0
086923 LEAD S2: 0 append success next 1 match 0
087423 LEAD S2: prevLog &raft.Entry{Command:interface {}(nil), Term:0, Index:0}
087423 LEAD S2: prevLog &raft.Entry{Command:interface {}(nil), Term:0, Index:0}
087424 INFO S0: (term 1) follower 收到 [2] AppendEntries [], prevIndex 0, prevTerm 0
087424 INFO S1: (term 1) follower 收到 [2] AppendEntries [], prevIndex 0, prevTerm 0
087424 LEAD S2: 1 append success next 1 match 0
087424 LEAD S2: 0 append success next 1 match 0
087925 LEAD S2: prevLog &raft.Entry{Command:interface {}(nil), Term:0, Index:0}
087925 LEAD S2: prevLog &raft.Entry{Command:interface {}(nil), Term:0, Index:0}
087926 INFO S1: (term 1) follower 收到 [2] AppendEntries [], prevIndex 0, prevTerm 0
087926 LEAD S2: 1 append success next 1 match 0
087926 INFO S0: (term 1) follower 收到 [2] AppendEntries [], prevIndex 0, prevTerm 0
087927 LEAD S2: 0 append success next 1 match 0
088428 LEAD S2: prevLog &raft.Entry{Command:interface {}(nil), Term:0, Index:0}
088429 LEAD S2: prevLog &raft.Entry{Command:interface {}(nil), Term:0, Index:0}
088429 INFO S1: (term 1) follower 收到 [2] AppendEntries [], prevIndex 0, prevTerm 0
088429 INFO S0: (term 1) follower 收到 [2] AppendEntries [], prevIndex 0, prevTerm 0
088430 LEAD S2: 1 append success next 1 match 0
088430 LEAD S2: 0 append success next 1 match 0
088930 LEAD S2: prevLog &raft.Entry{Command:interface {}(nil), Term:0, Index:0}
088931 LEAD S2: prevLog &raft.Entry{Command:interface {}(nil), Term:0, Index:0}
088931 INFO S0: (term 1) follower 收到 [2] AppendEntries [], prevIndex 0, prevTerm 0
088931 INFO S1: (term 1) follower 收到 [2] AppendEntries [], prevIndex 0, prevTerm 0
088932 LEAD S2: 0 append success next 1 match 0
088932 LEAD S2: 1 append success next 1 match 0
089433 LEAD S2: prevLog &raft.Entry{Command:interface {}(nil), Term:0, Index:0}
089433 LEAD S2: prevLog &raft.Entry{Command:interface {}(nil), Term:0, Index:0}
089434 INFO S0: (term 1) follower 收到 [2] AppendEntries [], prevIndex 0, prevTerm 0
089434 INFO S1: (term 1) follower 收到 [2] AppendEntries [], prevIndex 0, prevTerm 0
089434 LEAD S2: 0 append success next 1 match 0
089435 LEAD S2: 1 append success next 1 match 0
089935 LEAD S2: prevLog &raft.Entry{Command:interface {}(nil), Term:0, Index:0}
089936 LEAD S2: prevLog &raft.Entry{Command:interface {}(nil), Term:0, Index:0}
089936 INFO S1: (term 1) follower 收到 [2] AppendEntries [], prevIndex 0, prevTerm 0
089937 INFO S0: (term 1) follower 收到 [2] AppendEntries [], prevIndex 0, prevTerm 0
089937 LEAD S2: 1 append success next 1 match 0
089937 LEAD S2: 0 append success next 1 match 0
090438 LEAD S2: prevLog &raft.Entry{Command:interface {}(nil), Term:0, Index:0}
090438 LEAD S2: prevLog &raft.Entry{Command:interface {}(nil), Term:0, Index:0}
090439 INFO S0: (term 1) follower 收到 [2] AppendEntries [], prevIndex 0, prevTerm 0
090439 INFO S1: (term 1) follower 收到 [2] AppendEntries [], prevIndex 0, prevTerm 0
090439 LEAD S2: 0 append success next 1 match 0
090439 LEAD S2: 1 append success next 1 match 0
090941 LEAD S2: prevLog &raft.Entry{Command:interface {}(nil), Term:0, Index:0}
090941 LEAD S2: prevLog &raft.Entry{Command:interface {}(nil), Term:0, Index:0}
090942 INFO S1: (term 1) follower 收到 [2] AppendEntries [], prevIndex 0, prevTerm 0
090943 INFO S0: (term 1) follower 收到 [2] AppendEntries [], prevIndex 0, prevTerm 0
090943 LEAD S2: 1 append success next 1 match 0
090943 LEAD S2: 0 append success next 1 match 0
091443 LEAD S2: prevLog &raft.Entry{Command:interface {}(nil), Term:0, Index:0}
091443 LEAD S2: prevLog &raft.Entry{Command:interface {}(nil), Term:0, Index:0}
091444 INFO S0: (term 1) follower 收到 [2] AppendEntries [], prevIndex 0, prevTerm 0
091444 INFO S1: (term 1) follower 收到 [2] AppendEntries [], prevIndex 0, prevTerm 0
091444 LEAD S2: 0 append success next 1 match 0
091444 LEAD S2: 1 append success next 1 match 0
091945 LEAD S2: prevLog &raft.Entry{Command:interface {}(nil), Term:0, Index:0}
091945 LEAD S2: prevLog &raft.Entry{Command:interface {}(nil), Term:0, Index:0}
091946 INFO S1: (term 1) follower 收到 [2] AppendEntries [], prevIndex 0, prevTerm 0
091946 INFO S0: (term 1) follower 收到 [2] AppendEntries [], prevIndex 0, prevTerm 0
091947 LEAD S2: 0 append success next 1 match 0
091947 LEAD S2: 1 append success next 1 match 0
092447 LEAD S2: prevLog &raft.Entry{Command:interface {}(nil), Term:0, Index:0}
092447 LEAD S2: prevLog &raft.Entry{Command:interface {}(nil), Term:0, Index:0}
092448 INFO S0: (term 1) follower 收到 [2] AppendEntries [], prevIndex 0, prevTerm 0
092448 LEAD S2: 0 append success next 1 match 0
092449 INFO S1: (term 1) follower 收到 [2] AppendEntries [], prevIndex 0, prevTerm 0
092449 LEAD S2: 1 append success next 1 match 0
092950 LEAD S2: prevLog &raft.Entry{Command:interface {}(nil), Term:0, Index:0}
092950 LEAD S2: prevLog &raft.Entry{Command:interface {}(nil), Term:0, Index:0}
092951 INFO S1: (term 1) follower 收到 [2] AppendEntries [], prevIndex 0, prevTerm 0
092951 INFO S0: (term 1) follower 收到 [2] AppendEntries [], prevIndex 0, prevTerm 0
092951 LEAD S2: 1 append success next 1 match 0
092951 LEAD S2: 0 append success next 1 match 0
093453 LEAD S2: prevLog &raft.Entry{Command:interface {}(nil), Term:0, Index:0}
093453 LEAD S2: prevLog &raft.Entry{Command:interface {}(nil), Term:0, Index:0}
093454 INFO S1: (term 1) follower 收到 [2] AppendEntries [], prevIndex 0, prevTerm 0
093454 INFO S0: (term 1) follower 收到 [2] AppendEntries [], prevIndex 0, prevTerm 0
093454 LEAD S2: 1 append success next 1 match 0
093454 LEAD S2: 0 append success next 1 match 0
093957 LEAD S2: prevLog &raft.Entry{Command:interface {}(nil), Term:0, Index:0}
093957 LEAD S2: prevLog &raft.Entry{Command:interface {}(nil), Term:0, Index:0}
093958 INFO S1: (term 1) follower 收到 [2] AppendEntries [], prevIndex 0, prevTerm 0
093958 INFO S0: (term 1) follower 收到 [2] AppendEntries [], prevIndex 0, prevTerm 0
093958 LEAD S2: 1 append success next 1 match 0
093958 LEAD S2: 0 append success next 1 match 0
094459 LEAD S2: prevLog &raft.Entry{Command:interface {}(nil), Term:0, Index:0}
094460 LEAD S2: prevLog &raft.Entry{Command:interface {}(nil), Term:0, Index:0}
094461 INFO S1: (term 1) follower 收到 [2] AppendEntries [], prevIndex 0, prevTerm 0
094461 INFO S0: (term 1) follower 收到 [2] AppendEntries [], prevIndex 0, prevTerm 0
094461 LEAD S2: 1 append success next 1 match 0
094461 LEAD S2: 0 append success next 1 match 0
094962 LEAD S2: prevLog &raft.Entry{Command:interface {}(nil), Term:0, Index:0}
094962 LEAD S2: prevLog &raft.Entry{Command:interface {}(nil), Term:0, Index:0}
094963 INFO S0: (term 1) follower 收到 [2] AppendEntries [], prevIndex 0, prevTerm 0
094963 INFO S1: (term 1) follower 收到 [2] AppendEntries [], prevIndex 0, prevTerm 0
094963 LEAD S2: 0 append success next 1 match 0
094964 LEAD S2: 1 append success next 1 match 0
095465 LEAD S2: prevLog &raft.Entry{Command:interface {}(nil), Term:0, Index:0}
095465 LEAD S2: prevLog &raft.Entry{Command:interface {}(nil), Term:0, Index:0}
095466 INFO S0: (term 1) follower 收到 [2] AppendEntries [], prevIndex 0, prevTerm 0
095466 INFO S1: (term 1) follower 收到 [2] AppendEntries [], prevIndex 0, prevTerm 0
095466 LEAD S2: 0 append success next 1 match 0
095466 LEAD S2: 1 append success next 1 match 0
095967 LEAD S2: prevLog &raft.Entry{Command:interface {}(nil), Term:0, Index:0}
095967 LEAD S2: prevLog &raft.Entry{Command:interface {}(nil), Term:0, Index:0}
095968 INFO S0: (term 1) follower 收到 [2] AppendEntries [], prevIndex 0, prevTerm 0
095968 INFO S1: (term 1) follower 收到 [2] AppendEntries [], prevIndex 0, prevTerm 0
095968 LEAD S2: 0 append success next 1 match 0
095969 LEAD S2: 1 append success next 1 match 0
096470 LEAD S2: prevLog &raft.Entry{Command:interface {}(nil), Term:0, Index:0}
096470 LEAD S2: prevLog &raft.Entry{Command:interface {}(nil), Term:0, Index:0}
096471 INFO S0: (term 1) follower 收到 [2] AppendEntries [], prevIndex 0, prevTerm 0
096471 INFO S1: (term 1) follower 收到 [2] AppendEntries [], prevIndex 0, prevTerm 0
096471 LEAD S2: 0 append success next 1 match 0
096471 LEAD S2: 1 append success next 1 match 0
096973 LEAD S2: prevLog &raft.Entry{Command:interface {}(nil), Term:0, Index:0}
096973 LEAD S2: prevLog &raft.Entry{Command:interface {}(nil), Term:0, Index:0}
096974 INFO S0: (term 1) follower 收到 [2] AppendEntries [], prevIndex 0, prevTerm 0
096974 INFO S1: (term 1) follower 收到 [2] AppendEntries [], prevIndex 0, prevTerm 0
096974 LEAD S2: 0 append success next 1 match 0
096974 LEAD S2: 1 append success next 1 match 0
097475 LEAD S2: prevLog &raft.Entry{Command:interface {}(nil), Term:0, Index:0}
097475 LEAD S2: prevLog &raft.Entry{Command:interface {}(nil), Term:0, Index:0}
097476 INFO S0: (term 1) follower 收到 [2] AppendEntries [], prevIndex 0, prevTerm 0
097476 INFO S1: (term 1) follower 收到 [2] AppendEntries [], prevIndex 0, prevTerm 0
097476 LEAD S2: 0 append success next 1 match 0
097476 LEAD S2: 1 append success next 1 match 0
097977 LEAD S2: prevLog &raft.Entry{Command:interface {}(nil), Term:0, Index:0}
097977 LEAD S2: prevLog &raft.Entry{Command:interface {}(nil), Term:0, Index:0}
097978 INFO S1: (term 1) follower 收到 [2] AppendEntries [], prevIndex 0, prevTerm 0
097978 INFO S0: (term 1) follower 收到 [2] AppendEntries [], prevIndex 0, prevTerm 0
097978 LEAD S2: 1 append success next 1 match 0
097979 LEAD S2: 0 append success next 1 match 0
098479 LEAD S2: prevLog &raft.Entry{Command:interface {}(nil), Term:0, Index:0}
098480 LEAD S2: prevLog &raft.Entry{Command:interface {}(nil), Term:0, Index:0}
098480 INFO S0: (term 1) follower 收到 [2] AppendEntries [], prevIndex 0, prevTerm 0
098480 INFO S1: (term 1) follower 收到 [2] AppendEntries [], prevIndex 0, prevTerm 0
098481 LEAD S2: 0 append success next 1 match 0
098481 LEAD S2: 1 append success next 1 match 0
098982 LEAD S2: prevLog &raft.Entry{Command:interface {}(nil), Term:0, Index:0}
098982 LEAD S2: prevLog &raft.Entry{Command:interface {}(nil), Term:0, Index:0}
098983 INFO S1: (term 1) follower 收到 [2] AppendEntries [], prevIndex 0, prevTerm 0
098983 INFO S0: (term 1) follower 收到 [2] AppendEntries [], prevIndex 0, prevTerm 0
098983 LEAD S2: 1 append success next 1 match 0
098983 LEAD S2: 0 append success next 1 match 0
099484 LEAD S2: prevLog &raft.Entry{Command:interface {}(nil), Term:0, Index:0}
099484 LEAD S2: prevLog &raft.Entry{Command:interface {}(nil), Term:0, Index:0}
099485 INFO S1: (term 1) follower 收到 [2] AppendEntries [], prevIndex 0, prevTerm 0
099486 LEAD S2: 1 append success next 1 match 0
099486 INFO S0: (term 1) follower 收到 [2] AppendEntries [], prevIndex 0, prevTerm 0
099486 LEAD S2: 0 append success next 1 match 0
099987 LEAD S2: prevLog &raft.Entry{Command:interface {}(nil), Term:0, Index:0}
099988 LEAD S2: prevLog &raft.Entry{Command:interface {}(nil), Term:0, Index:0}
099988 INFO S0: (term 1) follower 收到 [2] AppendEntries [], prevIndex 0, prevTerm 0
099988 INFO S1: (term 1) follower 收到 [2] AppendEntries [], prevIndex 0, prevTerm 0
099989 LEAD S2: 0 append success next 1 match 0
099989 LEAD S2: 1 append success next 1 match 0
--- FAIL: TestPersist12C (10.05s)
    config.go:609: one(11) failed to reach agreement
FAIL
exit status 1
FAIL	6.824/raft	10.049s
