Test (2C): basic persistence ...
002009 INFO S2: start leader election, term 1
002009 VOTE S2: term 1 send vote request to 1
002009 VOTE S2: term 1 send vote request to 0
002010 TERM S0: set new term 1
002010 VOTE S0: term 1 vote 2
002010 TERM S1: set new term 1
002010 VOTE S1: term 1 vote 2
002010 VOTE S2: reply from 0, term一致，且投给2
002010 LEAD S2: come to power, start to send heartbeat
002010 LEAD S2: prevLog &raft.Entry{Command:interface {}(nil), Term:0, Index:0}
002010 LEAD S2: prevLog &raft.Entry{Command:interface {}(nil), Term:0, Index:0}
002010 VOTE S2: reply from 1, term一致，且投给2
002011 INFO S0: (term 1) follower 收到 [2] AppendEntries [], prevIndex 0, prevTerm 0
002011 INFO S1: (term 1) follower 收到 [2] AppendEntries [], prevIndex 0, prevTerm 0
002011 LEAD S2: 0 append success next 1 match 0
002012 LEAD S2: 1 append success next 1 match 0
002510 LEAD S2: prevLog &raft.Entry{Command:interface {}(nil), Term:0, Index:0}
002510 LEAD S2: prevLog &raft.Entry{Command:interface {}(nil), Term:0, Index:0}
002511 INFO S1: (term 1) follower 收到 [2] AppendEntries [], prevIndex 0, prevTerm 0
002511 INFO S0: (term 1) follower 收到 [2] AppendEntries [], prevIndex 0, prevTerm 0
002512 LEAD S2: 1 append success next 1 match 0
002512 LEAD S2: 0 append success next 1 match 0
003012 LEAD S2: prevLog &raft.Entry{Command:interface {}(nil), Term:0, Index:0}
003012 LEAD S2: prevLog &raft.Entry{Command:interface {}(nil), Term:0, Index:0}
003013 INFO S1: (term 1) follower 收到 [2] AppendEntries [], prevIndex 0, prevTerm 0
003013 INFO S0: (term 1) follower 收到 [2] AppendEntries [], prevIndex 0, prevTerm 0
003013 LEAD S2: 1 append success next 1 match 0
003013 LEAD S2: 0 append success next 1 match 0
003514 LEAD S2: prevLog &raft.Entry{Command:interface {}(nil), Term:0, Index:0}
003515 LEAD S2: prevLog &raft.Entry{Command:interface {}(nil), Term:0, Index:0}
003516 INFO S0: (term 1) follower 收到 [2] AppendEntries [], prevIndex 0, prevTerm 0
003516 INFO S1: (term 1) follower 收到 [2] AppendEntries [], prevIndex 0, prevTerm 0
003516 LEAD S2: 0 append success next 1 match 0
003516 LEAD S2: 1 append success next 1 match 0
004016 LEAD S2: prevLog &raft.Entry{Command:interface {}(nil), Term:0, Index:0}
004016 LEAD S2: prevLog &raft.Entry{Command:interface {}(nil), Term:0, Index:0}
004017 INFO S0: (term 1) follower 收到 [2] AppendEntries [], prevIndex 0, prevTerm 0
004017 INFO S1: (term 1) follower 收到 [2] AppendEntries [], prevIndex 0, prevTerm 0
004017 LEAD S2: 0 append success next 1 match 0
004017 LEAD S2: 1 append success next 1 match 0
004518 LEAD S2: prevLog &raft.Entry{Command:interface {}(nil), Term:0, Index:0}
004518 LEAD S2: prevLog &raft.Entry{Command:interface {}(nil), Term:0, Index:0}
004519 INFO S1: (term 1) follower 收到 [2] AppendEntries [], prevIndex 0, prevTerm 0
004519 INFO S0: (term 1) follower 收到 [2] AppendEntries [], prevIndex 0, prevTerm 0
004519 LEAD S2: 1 append success next 1 match 0
004520 LEAD S2: 0 append success next 1 match 0
005020 LEAD S2: prevLog &raft.Entry{Command:interface {}(nil), Term:0, Index:0}
005020 LEAD S2: prevLog &raft.Entry{Command:interface {}(nil), Term:0, Index:0}
005021 INFO S1: (term 1) follower 收到 [2] AppendEntries [], prevIndex 0, prevTerm 0
005021 INFO S0: (term 1) follower 收到 [2] AppendEntries [], prevIndex 0, prevTerm 0
005021 LEAD S2: 0 append success next 1 match 0
005021 LEAD S2: 1 append success next 1 match 0
005522 LEAD S2: prevLog &raft.Entry{Command:interface {}(nil), Term:0, Index:0}
005522 LEAD S2: prevLog &raft.Entry{Command:interface {}(nil), Term:0, Index:0}
005523 INFO S1: (term 1) follower 收到 [2] AppendEntries [], prevIndex 0, prevTerm 0
005523 INFO S0: (term 1) follower 收到 [2] AppendEntries [], prevIndex 0, prevTerm 0
005523 LEAD S2: 1 append success next 1 match 0
005524 LEAD S2: 0 append success next 1 match 0
006023 LEAD S2: prevLog &raft.Entry{Command:interface {}(nil), Term:0, Index:0}
006023 LEAD S2: prevLog &raft.Entry{Command:interface {}(nil), Term:0, Index:0}
006024 INFO S1: (term 1) follower 收到 [2] AppendEntries [], prevIndex 0, prevTerm 0
006024 INFO S0: (term 1) follower 收到 [2] AppendEntries [], prevIndex 0, prevTerm 0
006025 LEAD S2: 1 append success next 1 match 0
006025 LEAD S2: 0 append success next 1 match 0
006525 LEAD S2: prevLog &raft.Entry{Command:interface {}(nil), Term:0, Index:0}
006525 LEAD S2: prevLog &raft.Entry{Command:interface {}(nil), Term:0, Index:0}
006526 INFO S1: (term 1) follower 收到 [2] AppendEntries [], prevIndex 0, prevTerm 0
006526 INFO S0: (term 1) follower 收到 [2] AppendEntries [], prevIndex 0, prevTerm 0
006527 LEAD S2: 1 append success next 1 match 0
006527 LEAD S2: 0 append success next 1 match 0
007027 LEAD S2: prevLog &raft.Entry{Command:interface {}(nil), Term:0, Index:0}
007027 LEAD S2: prevLog &raft.Entry{Command:interface {}(nil), Term:0, Index:0}
007028 INFO S0: (term 1) follower 收到 [2] AppendEntries [], prevIndex 0, prevTerm 0
007028 LEAD S2: 0 append success next 1 match 0
007028 INFO S1: (term 1) follower 收到 [2] AppendEntries [], prevIndex 0, prevTerm 0
007028 LEAD S2: 1 append success next 1 match 0
007529 LEAD S2: prevLog &raft.Entry{Command:interface {}(nil), Term:0, Index:0}
007529 LEAD S2: prevLog &raft.Entry{Command:interface {}(nil), Term:0, Index:0}
007530 INFO S1: (term 1) follower 收到 [2] AppendEntries [], prevIndex 0, prevTerm 0
007530 INFO S0: (term 1) follower 收到 [2] AppendEntries [], prevIndex 0, prevTerm 0
007530 LEAD S2: 1 append success next 1 match 0
007530 LEAD S2: 0 append success next 1 match 0
008031 LEAD S2: prevLog &raft.Entry{Command:interface {}(nil), Term:0, Index:0}
008031 LEAD S2: prevLog &raft.Entry{Command:interface {}(nil), Term:0, Index:0}
008032 INFO S0: (term 1) follower 收到 [2] AppendEntries [], prevIndex 0, prevTerm 0
008032 LEAD S2: 0 append success next 1 match 0
008032 INFO S1: (term 1) follower 收到 [2] AppendEntries [], prevIndex 0, prevTerm 0
008032 LEAD S2: 1 append success next 1 match 0
008534 LEAD S2: prevLog &raft.Entry{Command:interface {}(nil), Term:0, Index:0}
008534 LEAD S2: prevLog &raft.Entry{Command:interface {}(nil), Term:0, Index:0}
008534 INFO S1: (term 1) follower 收到 [2] AppendEntries [], prevIndex 0, prevTerm 0
008535 LEAD S2: 1 append success next 1 match 0
008535 INFO S0: (term 1) follower 收到 [2] AppendEntries [], prevIndex 0, prevTerm 0
008535 LEAD S2: 0 append success next 1 match 0
009035 LEAD S2: prevLog &raft.Entry{Command:interface {}(nil), Term:0, Index:0}
009035 LEAD S2: prevLog &raft.Entry{Command:interface {}(nil), Term:0, Index:0}
009036 INFO S1: (term 1) follower 收到 [2] AppendEntries [], prevIndex 0, prevTerm 0
009036 INFO S0: (term 1) follower 收到 [2] AppendEntries [], prevIndex 0, prevTerm 0
009036 LEAD S2: 1 append success next 1 match 0
009037 LEAD S2: 0 append success next 1 match 0
009537 LEAD S2: prevLog &raft.Entry{Command:interface {}(nil), Term:0, Index:0}
009537 LEAD S2: prevLog &raft.Entry{Command:interface {}(nil), Term:0, Index:0}
009538 INFO S0: (term 1) follower 收到 [2] AppendEntries [], prevIndex 0, prevTerm 0
009538 INFO S1: (term 1) follower 收到 [2] AppendEntries [], prevIndex 0, prevTerm 0
009538 LEAD S2: 0 append success next 1 match 0
009538 LEAD S2: 1 append success next 1 match 0
010039 LEAD S2: prevLog &raft.Entry{Command:interface {}(nil), Term:0, Index:0}
010039 LEAD S2: prevLog &raft.Entry{Command:interface {}(nil), Term:0, Index:0}
010040 INFO S0: (term 1) follower 收到 [2] AppendEntries [], prevIndex 0, prevTerm 0
010040 INFO S1: (term 1) follower 收到 [2] AppendEntries [], prevIndex 0, prevTerm 0
010040 LEAD S2: 0 append success next 1 match 0
010040 LEAD S2: 1 append success next 1 match 0
010541 LEAD S2: prevLog &raft.Entry{Command:interface {}(nil), Term:0, Index:0}
010541 LEAD S2: prevLog &raft.Entry{Command:interface {}(nil), Term:0, Index:0}
010542 INFO S0: (term 1) follower 收到 [2] AppendEntries [], prevIndex 0, prevTerm 0
010542 INFO S1: (term 1) follower 收到 [2] AppendEntries [], prevIndex 0, prevTerm 0
010542 LEAD S2: 0 append success next 1 match 0
010543 LEAD S2: 1 append success next 1 match 0
011043 LEAD S2: prevLog &raft.Entry{Command:interface {}(nil), Term:0, Index:0}
011043 LEAD S2: prevLog &raft.Entry{Command:interface {}(nil), Term:0, Index:0}
011044 INFO S0: (term 1) follower 收到 [2] AppendEntries [], prevIndex 0, prevTerm 0
011044 LEAD S2: 0 append success next 1 match 0
011044 INFO S1: (term 1) follower 收到 [2] AppendEntries [], prevIndex 0, prevTerm 0
011045 LEAD S2: 1 append success next 1 match 0
011546 LEAD S2: prevLog &raft.Entry{Command:interface {}(nil), Term:0, Index:0}
011546 LEAD S2: prevLog &raft.Entry{Command:interface {}(nil), Term:0, Index:0}
011547 INFO S0: (term 1) follower 收到 [2] AppendEntries [], prevIndex 0, prevTerm 0
011547 LEAD S2: 0 append success next 1 match 0
011547 INFO S1: (term 1) follower 收到 [2] AppendEntries [], prevIndex 0, prevTerm 0
011547 LEAD S2: 1 append success next 1 match 0
012049 LEAD S2: prevLog &raft.Entry{Command:interface {}(nil), Term:0, Index:0}
012049 LEAD S2: prevLog &raft.Entry{Command:interface {}(nil), Term:0, Index:0}
012049 INFO S1: (term 1) follower 收到 [2] AppendEntries [], prevIndex 0, prevTerm 0
012050 INFO S0: (term 1) follower 收到 [2] AppendEntries [], prevIndex 0, prevTerm 0
012050 LEAD S2: 1 append success next 1 match 0
012050 LEAD S2: 0 append success next 1 match 0
012551 LEAD S2: prevLog &raft.Entry{Command:interface {}(nil), Term:0, Index:0}
012551 LEAD S2: prevLog &raft.Entry{Command:interface {}(nil), Term:0, Index:0}
012552 INFO S0: (term 1) follower 收到 [2] AppendEntries [], prevIndex 0, prevTerm 0
012552 LEAD S2: 0 append success next 1 match 0
012552 INFO S1: (term 1) follower 收到 [2] AppendEntries [], prevIndex 0, prevTerm 0
012553 LEAD S2: 1 append success next 1 match 0
013053 LEAD S2: prevLog &raft.Entry{Command:interface {}(nil), Term:0, Index:0}
013067 LEAD S2: prevLog &raft.Entry{Command:interface {}(nil), Term:0, Index:0}
013069 INFO S0: (term 1) follower 收到 [2] AppendEntries [], prevIndex 0, prevTerm 0
013069 INFO S1: (term 1) follower 收到 [2] AppendEntries [], prevIndex 0, prevTerm 0
013069 LEAD S2: 0 append success next 1 match 0
013069 LEAD S2: 1 append success next 1 match 0
013576 LEAD S2: prevLog &raft.Entry{Command:interface {}(nil), Term:0, Index:0}
013576 LEAD S2: prevLog &raft.Entry{Command:interface {}(nil), Term:0, Index:0}
013577 INFO S1: (term 1) follower 收到 [2] AppendEntries [], prevIndex 0, prevTerm 0
013577 INFO S0: (term 1) follower 收到 [2] AppendEntries [], prevIndex 0, prevTerm 0
013577 LEAD S2: 1 append success next 1 match 0
013577 LEAD S2: 0 append success next 1 match 0
014079 LEAD S2: prevLog &raft.Entry{Command:interface {}(nil), Term:0, Index:0}
014079 LEAD S2: prevLog &raft.Entry{Command:interface {}(nil), Term:0, Index:0}
014080 INFO S1: (term 1) follower 收到 [2] AppendEntries [], prevIndex 0, prevTerm 0
014080 INFO S0: (term 1) follower 收到 [2] AppendEntries [], prevIndex 0, prevTerm 0
014080 LEAD S2: 1 append success next 1 match 0
014080 LEAD S2: 0 append success next 1 match 0
014582 LEAD S2: prevLog &raft.Entry{Command:interface {}(nil), Term:0, Index:0}
014582 LEAD S2: prevLog &raft.Entry{Command:interface {}(nil), Term:0, Index:0}
014583 INFO S1: (term 1) follower 收到 [2] AppendEntries [], prevIndex 0, prevTerm 0
014583 INFO S0: (term 1) follower 收到 [2] AppendEntries [], prevIndex 0, prevTerm 0
014583 LEAD S2: 0 append success next 1 match 0
014583 LEAD S2: 1 append success next 1 match 0
015085 LEAD S2: prevLog &raft.Entry{Command:interface {}(nil), Term:0, Index:0}
015085 LEAD S2: prevLog &raft.Entry{Command:interface {}(nil), Term:0, Index:0}
015086 INFO S0: (term 1) follower 收到 [2] AppendEntries [], prevIndex 0, prevTerm 0
015086 INFO S1: (term 1) follower 收到 [2] AppendEntries [], prevIndex 0, prevTerm 0
015086 LEAD S2: 0 append success next 1 match 0
015087 LEAD S2: 1 append success next 1 match 0
015588 LEAD S2: prevLog &raft.Entry{Command:interface {}(nil), Term:0, Index:0}
015588 LEAD S2: prevLog &raft.Entry{Command:interface {}(nil), Term:0, Index:0}
015589 INFO S1: (term 1) follower 收到 [2] AppendEntries [], prevIndex 0, prevTerm 0
015589 INFO S0: (term 1) follower 收到 [2] AppendEntries [], prevIndex 0, prevTerm 0
015589 LEAD S2: 1 append success next 1 match 0
015590 LEAD S2: 0 append success next 1 match 0
016091 LEAD S2: prevLog &raft.Entry{Command:interface {}(nil), Term:0, Index:0}
016091 LEAD S2: prevLog &raft.Entry{Command:interface {}(nil), Term:0, Index:0}
016092 INFO S0: (term 1) follower 收到 [2] AppendEntries [], prevIndex 0, prevTerm 0
016092 INFO S1: (term 1) follower 收到 [2] AppendEntries [], prevIndex 0, prevTerm 0
016092 LEAD S2: 1 append success next 1 match 0
016092 LEAD S2: 0 append success next 1 match 0
016594 LEAD S2: prevLog &raft.Entry{Command:interface {}(nil), Term:0, Index:0}
016594 LEAD S2: prevLog &raft.Entry{Command:interface {}(nil), Term:0, Index:0}
016595 INFO S0: (term 1) follower 收到 [2] AppendEntries [], prevIndex 0, prevTerm 0
016595 INFO S1: (term 1) follower 收到 [2] AppendEntries [], prevIndex 0, prevTerm 0
016595 LEAD S2: 0 append success next 1 match 0
016595 LEAD S2: 1 append success next 1 match 0
017097 LEAD S2: prevLog &raft.Entry{Command:interface {}(nil), Term:0, Index:0}
017097 LEAD S2: prevLog &raft.Entry{Command:interface {}(nil), Term:0, Index:0}
017098 INFO S0: (term 1) follower 收到 [2] AppendEntries [], prevIndex 0, prevTerm 0
017098 INFO S1: (term 1) follower 收到 [2] AppendEntries [], prevIndex 0, prevTerm 0
017098 LEAD S2: 1 append success next 1 match 0
017098 LEAD S2: 0 append success next 1 match 0
017599 LEAD S2: prevLog &raft.Entry{Command:interface {}(nil), Term:0, Index:0}
017600 LEAD S2: prevLog &raft.Entry{Command:interface {}(nil), Term:0, Index:0}
017600 INFO S1: (term 1) follower 收到 [2] AppendEntries [], prevIndex 0, prevTerm 0
017600 INFO S0: (term 1) follower 收到 [2] AppendEntries [], prevIndex 0, prevTerm 0
017601 LEAD S2: 0 append success next 1 match 0
017601 LEAD S2: 1 append success next 1 match 0
018102 LEAD S2: prevLog &raft.Entry{Command:interface {}(nil), Term:0, Index:0}
018103 LEAD S2: prevLog &raft.Entry{Command:interface {}(nil), Term:0, Index:0}
018104 INFO S0: (term 1) follower 收到 [2] AppendEntries [], prevIndex 0, prevTerm 0
018104 INFO S1: (term 1) follower 收到 [2] AppendEntries [], prevIndex 0, prevTerm 0
018104 LEAD S2: 0 append success next 1 match 0
018104 LEAD S2: 1 append success next 1 match 0
018606 LEAD S2: prevLog &raft.Entry{Command:interface {}(nil), Term:0, Index:0}
018606 LEAD S2: prevLog &raft.Entry{Command:interface {}(nil), Term:0, Index:0}
018607 INFO S1: (term 1) follower 收到 [2] AppendEntries [], prevIndex 0, prevTerm 0
018607 INFO S0: (term 1) follower 收到 [2] AppendEntries [], prevIndex 0, prevTerm 0
018608 LEAD S2: 0 append success next 1 match 0
018608 LEAD S2: 1 append success next 1 match 0
019110 LEAD S2: prevLog &raft.Entry{Command:interface {}(nil), Term:0, Index:0}
019110 LEAD S2: prevLog &raft.Entry{Command:interface {}(nil), Term:0, Index:0}
019111 INFO S0: (term 1) follower 收到 [2] AppendEntries [], prevIndex 0, prevTerm 0
019111 INFO S1: (term 1) follower 收到 [2] AppendEntries [], prevIndex 0, prevTerm 0
019111 LEAD S2: 0 append success next 1 match 0
019111 LEAD S2: 1 append success next 1 match 0
019613 LEAD S2: prevLog &raft.Entry{Command:interface {}(nil), Term:0, Index:0}
019613 LEAD S2: prevLog &raft.Entry{Command:interface {}(nil), Term:0, Index:0}
019614 INFO S0: (term 1) follower 收到 [2] AppendEntries [], prevIndex 0, prevTerm 0
019614 INFO S1: (term 1) follower 收到 [2] AppendEntries [], prevIndex 0, prevTerm 0
019615 LEAD S2: 0 append success next 1 match 0
019615 LEAD S2: 1 append success next 1 match 0
020116 LEAD S2: prevLog &raft.Entry{Command:interface {}(nil), Term:0, Index:0}
020116 LEAD S2: prevLog &raft.Entry{Command:interface {}(nil), Term:0, Index:0}
020117 INFO S1: (term 1) follower 收到 [2] AppendEntries [], prevIndex 0, prevTerm 0
020117 LEAD S2: 1 append success next 1 match 0
020118 INFO S0: (term 1) follower 收到 [2] AppendEntries [], prevIndex 0, prevTerm 0
020119 LEAD S2: 0 append success next 1 match 0
020619 LEAD S2: prevLog &raft.Entry{Command:interface {}(nil), Term:0, Index:0}
020619 LEAD S2: prevLog &raft.Entry{Command:interface {}(nil), Term:0, Index:0}
020620 INFO S0: (term 1) follower 收到 [2] AppendEntries [], prevIndex 0, prevTerm 0
020620 INFO S1: (term 1) follower 收到 [2] AppendEntries [], prevIndex 0, prevTerm 0
020620 LEAD S2: 1 append success next 1 match 0
020621 LEAD S2: 0 append success next 1 match 0
021122 LEAD S2: prevLog &raft.Entry{Command:interface {}(nil), Term:0, Index:0}
021122 LEAD S2: prevLog &raft.Entry{Command:interface {}(nil), Term:0, Index:0}
021123 INFO S0: (term 1) follower 收到 [2] AppendEntries [], prevIndex 0, prevTerm 0
021123 INFO S1: (term 1) follower 收到 [2] AppendEntries [], prevIndex 0, prevTerm 0
021123 LEAD S2: 0 append success next 1 match 0
021123 LEAD S2: 1 append success next 1 match 0
021625 LEAD S2: prevLog &raft.Entry{Command:interface {}(nil), Term:0, Index:0}
021625 LEAD S2: prevLog &raft.Entry{Command:interface {}(nil), Term:0, Index:0}
021626 INFO S0: (term 1) follower 收到 [2] AppendEntries [], prevIndex 0, prevTerm 0
021626 INFO S1: (term 1) follower 收到 [2] AppendEntries [], prevIndex 0, prevTerm 0
021626 LEAD S2: 0 append success next 1 match 0
021626 LEAD S2: 1 append success next 1 match 0
022128 LEAD S2: prevLog &raft.Entry{Command:interface {}(nil), Term:0, Index:0}
022128 LEAD S2: prevLog &raft.Entry{Command:interface {}(nil), Term:0, Index:0}
022128 INFO S1: (term 1) follower 收到 [2] AppendEntries [], prevIndex 0, prevTerm 0
022129 INFO S0: (term 1) follower 收到 [2] AppendEntries [], prevIndex 0, prevTerm 0
022129 LEAD S2: 1 append success next 1 match 0
022129 LEAD S2: 0 append success next 1 match 0
022630 LEAD S2: prevLog &raft.Entry{Command:interface {}(nil), Term:0, Index:0}
022630 LEAD S2: prevLog &raft.Entry{Command:interface {}(nil), Term:0, Index:0}
022631 INFO S0: (term 1) follower 收到 [2] AppendEntries [], prevIndex 0, prevTerm 0
022631 INFO S1: (term 1) follower 收到 [2] AppendEntries [], prevIndex 0, prevTerm 0
022631 LEAD S2: 0 append success next 1 match 0
022632 LEAD S2: 1 append success next 1 match 0
023133 LEAD S2: prevLog &raft.Entry{Command:interface {}(nil), Term:0, Index:0}
023133 LEAD S2: prevLog &raft.Entry{Command:interface {}(nil), Term:0, Index:0}
023134 INFO S1: (term 1) follower 收到 [2] AppendEntries [], prevIndex 0, prevTerm 0
023134 LEAD S2: 1 append success next 1 match 0
023135 INFO S0: (term 1) follower 收到 [2] AppendEntries [], prevIndex 0, prevTerm 0
023136 LEAD S2: 0 append success next 1 match 0
023636 LEAD S2: prevLog &raft.Entry{Command:interface {}(nil), Term:0, Index:0}
023636 LEAD S2: prevLog &raft.Entry{Command:interface {}(nil), Term:0, Index:0}
023637 INFO S0: (term 1) follower 收到 [2] AppendEntries [], prevIndex 0, prevTerm 0
023637 INFO S1: (term 1) follower 收到 [2] AppendEntries [], prevIndex 0, prevTerm 0
023637 LEAD S2: 0 append success next 1 match 0
023638 LEAD S2: 1 append success next 1 match 0
024138 LEAD S2: prevLog &raft.Entry{Command:interface {}(nil), Term:0, Index:0}
024138 LEAD S2: prevLog &raft.Entry{Command:interface {}(nil), Term:0, Index:0}
024139 INFO S1: (term 1) follower 收到 [2] AppendEntries [], prevIndex 0, prevTerm 0
024139 INFO S0: (term 1) follower 收到 [2] AppendEntries [], prevIndex 0, prevTerm 0
024140 LEAD S2: 0 append success next 1 match 0
024140 LEAD S2: 1 append success next 1 match 0
024642 LEAD S2: prevLog &raft.Entry{Command:interface {}(nil), Term:0, Index:0}
024642 LEAD S2: prevLog &raft.Entry{Command:interface {}(nil), Term:0, Index:0}
024643 INFO S0: (term 1) follower 收到 [2] AppendEntries [], prevIndex 0, prevTerm 0
024643 INFO S1: (term 1) follower 收到 [2] AppendEntries [], prevIndex 0, prevTerm 0
024644 LEAD S2: 0 append success next 1 match 0
024644 LEAD S2: 1 append success next 1 match 0
025145 LEAD S2: prevLog &raft.Entry{Command:interface {}(nil), Term:0, Index:0}
025146 LEAD S2: prevLog &raft.Entry{Command:interface {}(nil), Term:0, Index:0}
025146 INFO S0: (term 1) follower 收到 [2] AppendEntries [], prevIndex 0, prevTerm 0
025147 INFO S1: (term 1) follower 收到 [2] AppendEntries [], prevIndex 0, prevTerm 0
025147 LEAD S2: 0 append success next 1 match 0
025147 LEAD S2: 1 append success next 1 match 0
025648 LEAD S2: prevLog &raft.Entry{Command:interface {}(nil), Term:0, Index:0}
025648 LEAD S2: prevLog &raft.Entry{Command:interface {}(nil), Term:0, Index:0}
025649 INFO S0: (term 1) follower 收到 [2] AppendEntries [], prevIndex 0, prevTerm 0
025649 INFO S1: (term 1) follower 收到 [2] AppendEntries [], prevIndex 0, prevTerm 0
025650 LEAD S2: 0 append success next 1 match 0
025650 LEAD S2: 1 append success next 1 match 0
026152 LEAD S2: prevLog &raft.Entry{Command:interface {}(nil), Term:0, Index:0}
026152 LEAD S2: prevLog &raft.Entry{Command:interface {}(nil), Term:0, Index:0}
026153 INFO S1: (term 1) follower 收到 [2] AppendEntries [], prevIndex 0, prevTerm 0
026153 INFO S0: (term 1) follower 收到 [2] AppendEntries [], prevIndex 0, prevTerm 0
026153 LEAD S2: 1 append success next 1 match 0
026153 LEAD S2: 0 append success next 1 match 0
026655 LEAD S2: prevLog &raft.Entry{Command:interface {}(nil), Term:0, Index:0}
026655 LEAD S2: prevLog &raft.Entry{Command:interface {}(nil), Term:0, Index:0}
026656 INFO S0: (term 1) follower 收到 [2] AppendEntries [], prevIndex 0, prevTerm 0
026656 INFO S1: (term 1) follower 收到 [2] AppendEntries [], prevIndex 0, prevTerm 0
026656 LEAD S2: 0 append success next 1 match 0
026657 LEAD S2: 1 append success next 1 match 0
027158 LEAD S2: prevLog &raft.Entry{Command:interface {}(nil), Term:0, Index:0}
027159 LEAD S2: prevLog &raft.Entry{Command:interface {}(nil), Term:0, Index:0}
027159 INFO S0: (term 1) follower 收到 [2] AppendEntries [], prevIndex 0, prevTerm 0
027160 INFO S1: (term 1) follower 收到 [2] AppendEntries [], prevIndex 0, prevTerm 0
027160 LEAD S2: 0 append success next 1 match 0
027160 LEAD S2: 1 append success next 1 match 0
027661 LEAD S2: prevLog &raft.Entry{Command:interface {}(nil), Term:0, Index:0}
027661 LEAD S2: prevLog &raft.Entry{Command:interface {}(nil), Term:0, Index:0}
027662 INFO S0: (term 1) follower 收到 [2] AppendEntries [], prevIndex 0, prevTerm 0
027662 INFO S1: (term 1) follower 收到 [2] AppendEntries [], prevIndex 0, prevTerm 0
027662 LEAD S2: 0 append success next 1 match 0
027662 LEAD S2: 1 append success next 1 match 0
028164 LEAD S2: prevLog &raft.Entry{Command:interface {}(nil), Term:0, Index:0}
028164 LEAD S2: prevLog &raft.Entry{Command:interface {}(nil), Term:0, Index:0}
028165 INFO S1: (term 1) follower 收到 [2] AppendEntries [], prevIndex 0, prevTerm 0
028165 INFO S0: (term 1) follower 收到 [2] AppendEntries [], prevIndex 0, prevTerm 0
028166 LEAD S2: 1 append success next 1 match 0
028166 LEAD S2: 0 append success next 1 match 0
028667 LEAD S2: prevLog &raft.Entry{Command:interface {}(nil), Term:0, Index:0}
028668 LEAD S2: prevLog &raft.Entry{Command:interface {}(nil), Term:0, Index:0}
028668 INFO S1: (term 1) follower 收到 [2] AppendEntries [], prevIndex 0, prevTerm 0
028668 INFO S0: (term 1) follower 收到 [2] AppendEntries [], prevIndex 0, prevTerm 0
028669 LEAD S2: 1 append success next 1 match 0
028669 LEAD S2: 0 append success next 1 match 0
029170 LEAD S2: prevLog &raft.Entry{Command:interface {}(nil), Term:0, Index:0}
029171 LEAD S2: prevLog &raft.Entry{Command:interface {}(nil), Term:0, Index:0}
029171 INFO S1: (term 1) follower 收到 [2] AppendEntries [], prevIndex 0, prevTerm 0
029172 INFO S0: (term 1) follower 收到 [2] AppendEntries [], prevIndex 0, prevTerm 0
029172 LEAD S2: 0 append success next 1 match 0
029172 LEAD S2: 1 append success next 1 match 0
029673 LEAD S2: prevLog &raft.Entry{Command:interface {}(nil), Term:0, Index:0}
029673 LEAD S2: prevLog &raft.Entry{Command:interface {}(nil), Term:0, Index:0}
029674 INFO S0: (term 1) follower 收到 [2] AppendEntries [], prevIndex 0, prevTerm 0
029674 INFO S1: (term 1) follower 收到 [2] AppendEntries [], prevIndex 0, prevTerm 0
029675 LEAD S2: 0 append success next 1 match 0
029675 LEAD S2: 1 append success next 1 match 0
030177 LEAD S2: prevLog &raft.Entry{Command:interface {}(nil), Term:0, Index:0}
030177 LEAD S2: prevLog &raft.Entry{Command:interface {}(nil), Term:0, Index:0}
030178 INFO S0: (term 1) follower 收到 [2] AppendEntries [], prevIndex 0, prevTerm 0
030178 INFO S1: (term 1) follower 收到 [2] AppendEntries [], prevIndex 0, prevTerm 0
030178 LEAD S2: 0 append success next 1 match 0
030178 LEAD S2: 1 append success next 1 match 0
030680 LEAD S2: prevLog &raft.Entry{Command:interface {}(nil), Term:0, Index:0}
030680 LEAD S2: prevLog &raft.Entry{Command:interface {}(nil), Term:0, Index:0}
030681 INFO S0: (term 1) follower 收到 [2] AppendEntries [], prevIndex 0, prevTerm 0
030681 INFO S1: (term 1) follower 收到 [2] AppendEntries [], prevIndex 0, prevTerm 0
030681 LEAD S2: 0 append success next 1 match 0
030681 LEAD S2: 1 append success next 1 match 0
031183 LEAD S2: prevLog &raft.Entry{Command:interface {}(nil), Term:0, Index:0}
031183 LEAD S2: prevLog &raft.Entry{Command:interface {}(nil), Term:0, Index:0}
031184 INFO S1: (term 1) follower 收到 [2] AppendEntries [], prevIndex 0, prevTerm 0
031184 INFO S0: (term 1) follower 收到 [2] AppendEntries [], prevIndex 0, prevTerm 0
031184 LEAD S2: 1 append success next 1 match 0
031184 LEAD S2: 0 append success next 1 match 0
031686 LEAD S2: prevLog &raft.Entry{Command:interface {}(nil), Term:0, Index:0}
031686 LEAD S2: prevLog &raft.Entry{Command:interface {}(nil), Term:0, Index:0}
031687 INFO S0: (term 1) follower 收到 [2] AppendEntries [], prevIndex 0, prevTerm 0
031687 INFO S1: (term 1) follower 收到 [2] AppendEntries [], prevIndex 0, prevTerm 0
031687 LEAD S2: 0 append success next 1 match 0
031688 LEAD S2: 1 append success next 1 match 0
032189 LEAD S2: prevLog &raft.Entry{Command:interface {}(nil), Term:0, Index:0}
032189 LEAD S2: prevLog &raft.Entry{Command:interface {}(nil), Term:0, Index:0}
032190 INFO S1: (term 1) follower 收到 [2] AppendEntries [], prevIndex 0, prevTerm 0
032190 INFO S0: (term 1) follower 收到 [2] AppendEntries [], prevIndex 0, prevTerm 0
032190 LEAD S2: 0 append success next 1 match 0
032190 LEAD S2: 1 append success next 1 match 0
032691 LEAD S2: prevLog &raft.Entry{Command:interface {}(nil), Term:0, Index:0}
032692 LEAD S2: prevLog &raft.Entry{Command:interface {}(nil), Term:0, Index:0}
032693 INFO S0: (term 1) follower 收到 [2] AppendEntries [], prevIndex 0, prevTerm 0
032693 INFO S1: (term 1) follower 收到 [2] AppendEntries [], prevIndex 0, prevTerm 0
032693 LEAD S2: 0 append success next 1 match 0
032693 LEAD S2: 1 append success next 1 match 0
033194 LEAD S2: prevLog &raft.Entry{Command:interface {}(nil), Term:0, Index:0}
033195 LEAD S2: prevLog &raft.Entry{Command:interface {}(nil), Term:0, Index:0}
033195 INFO S1: (term 1) follower 收到 [2] AppendEntries [], prevIndex 0, prevTerm 0
033195 INFO S0: (term 1) follower 收到 [2] AppendEntries [], prevIndex 0, prevTerm 0
033196 LEAD S2: 1 append success next 1 match 0
033196 LEAD S2: 0 append success next 1 match 0
033697 LEAD S2: prevLog &raft.Entry{Command:interface {}(nil), Term:0, Index:0}
033698 LEAD S2: prevLog &raft.Entry{Command:interface {}(nil), Term:0, Index:0}
033698 INFO S0: (term 1) follower 收到 [2] AppendEntries [], prevIndex 0, prevTerm 0
033698 INFO S1: (term 1) follower 收到 [2] AppendEntries [], prevIndex 0, prevTerm 0
033699 LEAD S2: 0 append success next 1 match 0
033699 LEAD S2: 1 append success next 1 match 0
034200 LEAD S2: prevLog &raft.Entry{Command:interface {}(nil), Term:0, Index:0}
034201 LEAD S2: prevLog &raft.Entry{Command:interface {}(nil), Term:0, Index:0}
034201 INFO S0: (term 1) follower 收到 [2] AppendEntries [], prevIndex 0, prevTerm 0
034202 INFO S1: (term 1) follower 收到 [2] AppendEntries [], prevIndex 0, prevTerm 0
034202 LEAD S2: 0 append success next 1 match 0
034202 LEAD S2: 1 append success next 1 match 0
034703 LEAD S2: prevLog &raft.Entry{Command:interface {}(nil), Term:0, Index:0}
034703 LEAD S2: prevLog &raft.Entry{Command:interface {}(nil), Term:0, Index:0}
034706 INFO S1: (term 1) follower 收到 [2] AppendEntries [], prevIndex 0, prevTerm 0
034706 INFO S0: (term 1) follower 收到 [2] AppendEntries [], prevIndex 0, prevTerm 0
034707 LEAD S2: 1 append success next 1 match 0
034709 LEAD S2: 0 append success next 1 match 0
035206 LEAD S2: prevLog &raft.Entry{Command:interface {}(nil), Term:0, Index:0}
035206 LEAD S2: prevLog &raft.Entry{Command:interface {}(nil), Term:0, Index:0}
035207 INFO S0: (term 1) follower 收到 [2] AppendEntries [], prevIndex 0, prevTerm 0
035207 INFO S1: (term 1) follower 收到 [2] AppendEntries [], prevIndex 0, prevTerm 0
035208 LEAD S2: 0 append success next 1 match 0
035208 LEAD S2: 1 append success next 1 match 0
035709 LEAD S2: prevLog &raft.Entry{Command:interface {}(nil), Term:0, Index:0}
035710 LEAD S2: prevLog &raft.Entry{Command:interface {}(nil), Term:0, Index:0}
035710 INFO S1: (term 1) follower 收到 [2] AppendEntries [], prevIndex 0, prevTerm 0
035711 LEAD S2: 1 append success next 1 match 0
035710 INFO S0: (term 1) follower 收到 [2] AppendEntries [], prevIndex 0, prevTerm 0
035711 LEAD S2: 0 append success next 1 match 0
036212 LEAD S2: prevLog &raft.Entry{Command:interface {}(nil), Term:0, Index:0}
036212 LEAD S2: prevLog &raft.Entry{Command:interface {}(nil), Term:0, Index:0}
036213 INFO S1: (term 1) follower 收到 [2] AppendEntries [], prevIndex 0, prevTerm 0
036213 INFO S0: (term 1) follower 收到 [2] AppendEntries [], prevIndex 0, prevTerm 0
036213 LEAD S2: 1 append success next 1 match 0
036214 LEAD S2: 0 append success next 1 match 0
036715 LEAD S2: prevLog &raft.Entry{Command:interface {}(nil), Term:0, Index:0}
036715 LEAD S2: prevLog &raft.Entry{Command:interface {}(nil), Term:0, Index:0}
036716 INFO S0: (term 1) follower 收到 [2] AppendEntries [], prevIndex 0, prevTerm 0
036716 INFO S1: (term 1) follower 收到 [2] AppendEntries [], prevIndex 0, prevTerm 0
036716 LEAD S2: 0 append success next 1 match 0
036716 LEAD S2: 1 append success next 1 match 0
037218 LEAD S2: prevLog &raft.Entry{Command:interface {}(nil), Term:0, Index:0}
037218 LEAD S2: prevLog &raft.Entry{Command:interface {}(nil), Term:0, Index:0}
037219 INFO S0: (term 1) follower 收到 [2] AppendEntries [], prevIndex 0, prevTerm 0
037219 INFO S1: (term 1) follower 收到 [2] AppendEntries [], prevIndex 0, prevTerm 0
037219 LEAD S2: 0 append success next 1 match 0
037220 LEAD S2: 1 append success next 1 match 0
037721 LEAD S2: prevLog &raft.Entry{Command:interface {}(nil), Term:0, Index:0}
037721 LEAD S2: prevLog &raft.Entry{Command:interface {}(nil), Term:0, Index:0}
037722 INFO S1: (term 1) follower 收到 [2] AppendEntries [], prevIndex 0, prevTerm 0
037722 INFO S0: (term 1) follower 收到 [2] AppendEntries [], prevIndex 0, prevTerm 0
037722 LEAD S2: 1 append success next 1 match 0
037722 LEAD S2: 0 append success next 1 match 0
038224 LEAD S2: prevLog &raft.Entry{Command:interface {}(nil), Term:0, Index:0}
038224 LEAD S2: prevLog &raft.Entry{Command:interface {}(nil), Term:0, Index:0}
038225 INFO S0: (term 1) follower 收到 [2] AppendEntries [], prevIndex 0, prevTerm 0
038225 INFO S1: (term 1) follower 收到 [2] AppendEntries [], prevIndex 0, prevTerm 0
038225 LEAD S2: 0 append success next 1 match 0
038226 LEAD S2: 1 append success next 1 match 0
038727 LEAD S2: prevLog &raft.Entry{Command:interface {}(nil), Term:0, Index:0}
038727 LEAD S2: prevLog &raft.Entry{Command:interface {}(nil), Term:0, Index:0}
038728 INFO S1: (term 1) follower 收到 [2] AppendEntries [], prevIndex 0, prevTerm 0
038728 INFO S0: (term 1) follower 收到 [2] AppendEntries [], prevIndex 0, prevTerm 0
038728 LEAD S2: 1 append success next 1 match 0
038728 LEAD S2: 0 append success next 1 match 0
039230 LEAD S2: prevLog &raft.Entry{Command:interface {}(nil), Term:0, Index:0}
039230 LEAD S2: prevLog &raft.Entry{Command:interface {}(nil), Term:0, Index:0}
039231 INFO S0: (term 1) follower 收到 [2] AppendEntries [], prevIndex 0, prevTerm 0
039231 INFO S1: (term 1) follower 收到 [2] AppendEntries [], prevIndex 0, prevTerm 0
039231 LEAD S2: 0 append success next 1 match 0
039231 LEAD S2: 1 append success next 1 match 0
039733 LEAD S2: prevLog &raft.Entry{Command:interface {}(nil), Term:0, Index:0}
039733 LEAD S2: prevLog &raft.Entry{Command:interface {}(nil), Term:0, Index:0}
039734 INFO S0: (term 1) follower 收到 [2] AppendEntries [], prevIndex 0, prevTerm 0
039735 LEAD S2: 0 append success next 1 match 0
039735 INFO S1: (term 1) follower 收到 [2] AppendEntries [], prevIndex 0, prevTerm 0
039735 LEAD S2: 1 append success next 1 match 0
040236 LEAD S2: prevLog &raft.Entry{Command:interface {}(nil), Term:0, Index:0}
040236 LEAD S2: prevLog &raft.Entry{Command:interface {}(nil), Term:0, Index:0}
040237 INFO S0: (term 1) follower 收到 [2] AppendEntries [], prevIndex 0, prevTerm 0
040237 INFO S1: (term 1) follower 收到 [2] AppendEntries [], prevIndex 0, prevTerm 0
040237 LEAD S2: 0 append success next 1 match 0
040237 LEAD S2: 1 append success next 1 match 0
040739 LEAD S2: prevLog &raft.Entry{Command:interface {}(nil), Term:0, Index:0}
040739 LEAD S2: prevLog &raft.Entry{Command:interface {}(nil), Term:0, Index:0}
040740 INFO S1: (term 1) follower 收到 [2] AppendEntries [], prevIndex 0, prevTerm 0
040740 INFO S0: (term 1) follower 收到 [2] AppendEntries [], prevIndex 0, prevTerm 0
040740 LEAD S2: 1 append success next 1 match 0
040740 LEAD S2: 0 append success next 1 match 0
041242 LEAD S2: prevLog &raft.Entry{Command:interface {}(nil), Term:0, Index:0}
041242 LEAD S2: prevLog &raft.Entry{Command:interface {}(nil), Term:0, Index:0}
041243 INFO S1: (term 1) follower 收到 [2] AppendEntries [], prevIndex 0, prevTerm 0
041244 LEAD S2: 1 append success next 1 match 0
041244 INFO S0: (term 1) follower 收到 [2] AppendEntries [], prevIndex 0, prevTerm 0
041244 LEAD S2: 0 append success next 1 match 0
041746 LEAD S2: prevLog &raft.Entry{Command:interface {}(nil), Term:0, Index:0}
041746 LEAD S2: prevLog &raft.Entry{Command:interface {}(nil), Term:0, Index:0}
041747 INFO S0: (term 1) follower 收到 [2] AppendEntries [], prevIndex 0, prevTerm 0
041747 INFO S1: (term 1) follower 收到 [2] AppendEntries [], prevIndex 0, prevTerm 0
041747 LEAD S2: 0 append success next 1 match 0
041747 LEAD S2: 1 append success next 1 match 0
042249 LEAD S2: prevLog &raft.Entry{Command:interface {}(nil), Term:0, Index:0}
042249 LEAD S2: prevLog &raft.Entry{Command:interface {}(nil), Term:0, Index:0}
042250 INFO S0: (term 1) follower 收到 [2] AppendEntries [], prevIndex 0, prevTerm 0
042250 INFO S1: (term 1) follower 收到 [2] AppendEntries [], prevIndex 0, prevTerm 0
042250 LEAD S2: 0 append success next 1 match 0
042251 LEAD S2: 1 append success next 1 match 0
042751 LEAD S2: prevLog &raft.Entry{Command:interface {}(nil), Term:0, Index:0}
042752 LEAD S2: prevLog &raft.Entry{Command:interface {}(nil), Term:0, Index:0}
042752 INFO S0: (term 1) follower 收到 [2] AppendEntries [], prevIndex 0, prevTerm 0
042753 INFO S1: (term 1) follower 收到 [2] AppendEntries [], prevIndex 0, prevTerm 0
042753 LEAD S2: 0 append success next 1 match 0
042753 LEAD S2: 1 append success next 1 match 0
043254 LEAD S2: prevLog &raft.Entry{Command:interface {}(nil), Term:0, Index:0}
043254 LEAD S2: prevLog &raft.Entry{Command:interface {}(nil), Term:0, Index:0}
043255 INFO S1: (term 1) follower 收到 [2] AppendEntries [], prevIndex 0, prevTerm 0
043255 INFO S0: (term 1) follower 收到 [2] AppendEntries [], prevIndex 0, prevTerm 0
043256 LEAD S2: 1 append success next 1 match 0
043256 LEAD S2: 0 append success next 1 match 0
043757 LEAD S2: prevLog &raft.Entry{Command:interface {}(nil), Term:0, Index:0}
043758 LEAD S2: prevLog &raft.Entry{Command:interface {}(nil), Term:0, Index:0}
043758 INFO S0: (term 1) follower 收到 [2] AppendEntries [], prevIndex 0, prevTerm 0
043758 INFO S1: (term 1) follower 收到 [2] AppendEntries [], prevIndex 0, prevTerm 0
043759 LEAD S2: 0 append success next 1 match 0
043759 LEAD S2: 1 append success next 1 match 0
044260 LEAD S2: prevLog &raft.Entry{Command:interface {}(nil), Term:0, Index:0}
044260 LEAD S2: prevLog &raft.Entry{Command:interface {}(nil), Term:0, Index:0}
044261 INFO S0: (term 1) follower 收到 [2] AppendEntries [], prevIndex 0, prevTerm 0
044261 INFO S1: (term 1) follower 收到 [2] AppendEntries [], prevIndex 0, prevTerm 0
044261 LEAD S2: 0 append success next 1 match 0
044262 LEAD S2: 1 append success next 1 match 0
044763 LEAD S2: prevLog &raft.Entry{Command:interface {}(nil), Term:0, Index:0}
044763 LEAD S2: prevLog &raft.Entry{Command:interface {}(nil), Term:0, Index:0}
044764 INFO S0: (term 1) follower 收到 [2] AppendEntries [], prevIndex 0, prevTerm 0
044764 INFO S1: (term 1) follower 收到 [2] AppendEntries [], prevIndex 0, prevTerm 0
044765 LEAD S2: 0 append success next 1 match 0
044765 LEAD S2: 1 append success next 1 match 0
045266 LEAD S2: prevLog &raft.Entry{Command:interface {}(nil), Term:0, Index:0}
045266 LEAD S2: prevLog &raft.Entry{Command:interface {}(nil), Term:0, Index:0}
045267 INFO S0: (term 1) follower 收到 [2] AppendEntries [], prevIndex 0, prevTerm 0
045267 INFO S1: (term 1) follower 收到 [2] AppendEntries [], prevIndex 0, prevTerm 0
045267 LEAD S2: 0 append success next 1 match 0
045267 LEAD S2: 1 append success next 1 match 0
045769 LEAD S2: prevLog &raft.Entry{Command:interface {}(nil), Term:0, Index:0}
045769 LEAD S2: prevLog &raft.Entry{Command:interface {}(nil), Term:0, Index:0}
045770 INFO S0: (term 1) follower 收到 [2] AppendEntries [], prevIndex 0, prevTerm 0
045770 INFO S1: (term 1) follower 收到 [2] AppendEntries [], prevIndex 0, prevTerm 0
045770 LEAD S2: 0 append success next 1 match 0
045770 LEAD S2: 1 append success next 1 match 0
046272 LEAD S2: prevLog &raft.Entry{Command:interface {}(nil), Term:0, Index:0}
046272 LEAD S2: prevLog &raft.Entry{Command:interface {}(nil), Term:0, Index:0}
046273 INFO S0: (term 1) follower 收到 [2] AppendEntries [], prevIndex 0, prevTerm 0
046273 INFO S1: (term 1) follower 收到 [2] AppendEntries [], prevIndex 0, prevTerm 0
046273 LEAD S2: 0 append success next 1 match 0
046273 LEAD S2: 1 append success next 1 match 0
046775 LEAD S2: prevLog &raft.Entry{Command:interface {}(nil), Term:0, Index:0}
046775 LEAD S2: prevLog &raft.Entry{Command:interface {}(nil), Term:0, Index:0}
046776 INFO S0: (term 1) follower 收到 [2] AppendEntries [], prevIndex 0, prevTerm 0
046776 INFO S1: (term 1) follower 收到 [2] AppendEntries [], prevIndex 0, prevTerm 0
046776 LEAD S2: 0 append success next 1 match 0
046776 LEAD S2: 1 append success next 1 match 0
047278 LEAD S2: prevLog &raft.Entry{Command:interface {}(nil), Term:0, Index:0}
047278 LEAD S2: prevLog &raft.Entry{Command:interface {}(nil), Term:0, Index:0}
047279 INFO S1: (term 1) follower 收到 [2] AppendEntries [], prevIndex 0, prevTerm 0
047279 INFO S0: (term 1) follower 收到 [2] AppendEntries [], prevIndex 0, prevTerm 0
047279 LEAD S2: 1 append success next 1 match 0
047279 LEAD S2: 0 append success next 1 match 0
047781 LEAD S2: prevLog &raft.Entry{Command:interface {}(nil), Term:0, Index:0}
047781 LEAD S2: prevLog &raft.Entry{Command:interface {}(nil), Term:0, Index:0}
047782 INFO S1: (term 1) follower 收到 [2] AppendEntries [], prevIndex 0, prevTerm 0
047782 INFO S0: (term 1) follower 收到 [2] AppendEntries [], prevIndex 0, prevTerm 0
047782 LEAD S2: 1 append success next 1 match 0
047782 LEAD S2: 0 append success next 1 match 0
048284 LEAD S2: prevLog &raft.Entry{Command:interface {}(nil), Term:0, Index:0}
048284 LEAD S2: prevLog &raft.Entry{Command:interface {}(nil), Term:0, Index:0}
048285 INFO S0: (term 1) follower 收到 [2] AppendEntries [], prevIndex 0, prevTerm 0
048285 INFO S1: (term 1) follower 收到 [2] AppendEntries [], prevIndex 0, prevTerm 0
048285 LEAD S2: 0 append success next 1 match 0
048286 LEAD S2: 1 append success next 1 match 0
048787 LEAD S2: prevLog &raft.Entry{Command:interface {}(nil), Term:0, Index:0}
048787 LEAD S2: prevLog &raft.Entry{Command:interface {}(nil), Term:0, Index:0}
048788 INFO S1: (term 1) follower 收到 [2] AppendEntries [], prevIndex 0, prevTerm 0
048788 INFO S0: (term 1) follower 收到 [2] AppendEntries [], prevIndex 0, prevTerm 0
048789 LEAD S2: 0 append success next 1 match 0
048789 LEAD S2: 1 append success next 1 match 0
049290 LEAD S2: prevLog &raft.Entry{Command:interface {}(nil), Term:0, Index:0}
049290 LEAD S2: prevLog &raft.Entry{Command:interface {}(nil), Term:0, Index:0}
049291 INFO S1: (term 1) follower 收到 [2] AppendEntries [], prevIndex 0, prevTerm 0
049291 INFO S0: (term 1) follower 收到 [2] AppendEntries [], prevIndex 0, prevTerm 0
049291 LEAD S2: 0 append success next 1 match 0
049291 LEAD S2: 1 append success next 1 match 0
049793 LEAD S2: prevLog &raft.Entry{Command:interface {}(nil), Term:0, Index:0}
049793 LEAD S2: prevLog &raft.Entry{Command:interface {}(nil), Term:0, Index:0}
049794 INFO S0: (term 1) follower 收到 [2] AppendEntries [], prevIndex 0, prevTerm 0
049794 INFO S1: (term 1) follower 收到 [2] AppendEntries [], prevIndex 0, prevTerm 0
049794 LEAD S2: 0 append success next 1 match 0
049794 LEAD S2: 1 append success next 1 match 0
050296 LEAD S2: prevLog &raft.Entry{Command:interface {}(nil), Term:0, Index:0}
050296 LEAD S2: prevLog &raft.Entry{Command:interface {}(nil), Term:0, Index:0}
050297 INFO S1: (term 1) follower 收到 [2] AppendEntries [], prevIndex 0, prevTerm 0
050297 INFO S0: (term 1) follower 收到 [2] AppendEntries [], prevIndex 0, prevTerm 0
050297 LEAD S2: 1 append success next 1 match 0
050297 LEAD S2: 0 append success next 1 match 0
050799 LEAD S2: prevLog &raft.Entry{Command:interface {}(nil), Term:0, Index:0}
050799 LEAD S2: prevLog &raft.Entry{Command:interface {}(nil), Term:0, Index:0}
050800 INFO S1: (term 1) follower 收到 [2] AppendEntries [], prevIndex 0, prevTerm 0
050800 INFO S0: (term 1) follower 收到 [2] AppendEntries [], prevIndex 0, prevTerm 0
050800 LEAD S2: 1 append success next 1 match 0
050800 LEAD S2: 0 append success next 1 match 0
051302 LEAD S2: prevLog &raft.Entry{Command:interface {}(nil), Term:0, Index:0}
051302 LEAD S2: prevLog &raft.Entry{Command:interface {}(nil), Term:0, Index:0}
051302 INFO S0: (term 1) follower 收到 [2] AppendEntries [], prevIndex 0, prevTerm 0
051303 INFO S1: (term 1) follower 收到 [2] AppendEntries [], prevIndex 0, prevTerm 0
051303 LEAD S2: 0 append success next 1 match 0
051303 LEAD S2: 1 append success next 1 match 0
051804 LEAD S2: prevLog &raft.Entry{Command:interface {}(nil), Term:0, Index:0}
051805 LEAD S2: prevLog &raft.Entry{Command:interface {}(nil), Term:0, Index:0}
051806 INFO S0: (term 1) follower 收到 [2] AppendEntries [], prevIndex 0, prevTerm 0
051806 INFO S1: (term 1) follower 收到 [2] AppendEntries [], prevIndex 0, prevTerm 0
051806 LEAD S2: 0 append success next 1 match 0
051806 LEAD S2: 1 append success next 1 match 0
052307 LEAD S2: prevLog &raft.Entry{Command:interface {}(nil), Term:0, Index:0}
052308 LEAD S2: prevLog &raft.Entry{Command:interface {}(nil), Term:0, Index:0}
052308 INFO S1: (term 1) follower 收到 [2] AppendEntries [], prevIndex 0, prevTerm 0
052309 LEAD S2: 1 append success next 1 match 0
052309 INFO S0: (term 1) follower 收到 [2] AppendEntries [], prevIndex 0, prevTerm 0
052309 LEAD S2: 0 append success next 1 match 0
052810 LEAD S2: prevLog &raft.Entry{Command:interface {}(nil), Term:0, Index:0}
052810 LEAD S2: prevLog &raft.Entry{Command:interface {}(nil), Term:0, Index:0}
052811 INFO S0: (term 1) follower 收到 [2] AppendEntries [], prevIndex 0, prevTerm 0
052811 INFO S1: (term 1) follower 收到 [2] AppendEntries [], prevIndex 0, prevTerm 0
052811 LEAD S2: 0 append success next 1 match 0
052811 LEAD S2: 1 append success next 1 match 0
053313 LEAD S2: prevLog &raft.Entry{Command:interface {}(nil), Term:0, Index:0}
053313 LEAD S2: prevLog &raft.Entry{Command:interface {}(nil), Term:0, Index:0}
053314 INFO S0: (term 1) follower 收到 [2] AppendEntries [], prevIndex 0, prevTerm 0
053314 INFO S1: (term 1) follower 收到 [2] AppendEntries [], prevIndex 0, prevTerm 0
053315 LEAD S2: 0 append success next 1 match 0
053315 LEAD S2: 1 append success next 1 match 0
053816 LEAD S2: prevLog &raft.Entry{Command:interface {}(nil), Term:0, Index:0}
053817 LEAD S2: prevLog &raft.Entry{Command:interface {}(nil), Term:0, Index:0}
053817 INFO S0: (term 1) follower 收到 [2] AppendEntries [], prevIndex 0, prevTerm 0
053817 INFO S1: (term 1) follower 收到 [2] AppendEntries [], prevIndex 0, prevTerm 0
053818 LEAD S2: 0 append success next 1 match 0
053818 LEAD S2: 1 append success next 1 match 0
054319 LEAD S2: prevLog &raft.Entry{Command:interface {}(nil), Term:0, Index:0}
054319 LEAD S2: prevLog &raft.Entry{Command:interface {}(nil), Term:0, Index:0}
054320 INFO S0: (term 1) follower 收到 [2] AppendEntries [], prevIndex 0, prevTerm 0
054320 INFO S1: (term 1) follower 收到 [2] AppendEntries [], prevIndex 0, prevTerm 0
054320 LEAD S2: 0 append success next 1 match 0
054321 LEAD S2: 1 append success next 1 match 0
054822 LEAD S2: prevLog &raft.Entry{Command:interface {}(nil), Term:0, Index:0}
054822 LEAD S2: prevLog &raft.Entry{Command:interface {}(nil), Term:0, Index:0}
054823 INFO S0: (term 1) follower 收到 [2] AppendEntries [], prevIndex 0, prevTerm 0
054823 INFO S1: (term 1) follower 收到 [2] AppendEntries [], prevIndex 0, prevTerm 0
054823 LEAD S2: 0 append success next 1 match 0
054824 LEAD S2: 1 append success next 1 match 0
055325 LEAD S2: prevLog &raft.Entry{Command:interface {}(nil), Term:0, Index:0}
055325 LEAD S2: prevLog &raft.Entry{Command:interface {}(nil), Term:0, Index:0}
055326 INFO S0: (term 1) follower 收到 [2] AppendEntries [], prevIndex 0, prevTerm 0
055326 INFO S1: (term 1) follower 收到 [2] AppendEntries [], prevIndex 0, prevTerm 0
055326 LEAD S2: 0 append success next 1 match 0
055326 LEAD S2: 1 append success next 1 match 0
055828 LEAD S2: prevLog &raft.Entry{Command:interface {}(nil), Term:0, Index:0}
055828 LEAD S2: prevLog &raft.Entry{Command:interface {}(nil), Term:0, Index:0}
055829 INFO S1: (term 1) follower 收到 [2] AppendEntries [], prevIndex 0, prevTerm 0
055829 INFO S0: (term 1) follower 收到 [2] AppendEntries [], prevIndex 0, prevTerm 0
055830 LEAD S2: 0 append success next 1 match 0
055830 LEAD S2: 1 append success next 1 match 0
056331 LEAD S2: prevLog &raft.Entry{Command:interface {}(nil), Term:0, Index:0}
056331 LEAD S2: prevLog &raft.Entry{Command:interface {}(nil), Term:0, Index:0}
056332 INFO S0: (term 1) follower 收到 [2] AppendEntries [], prevIndex 0, prevTerm 0
056332 INFO S1: (term 1) follower 收到 [2] AppendEntries [], prevIndex 0, prevTerm 0
056332 LEAD S2: 1 append success next 1 match 0
056333 LEAD S2: 0 append success next 1 match 0
056834 LEAD S2: prevLog &raft.Entry{Command:interface {}(nil), Term:0, Index:0}
056834 LEAD S2: prevLog &raft.Entry{Command:interface {}(nil), Term:0, Index:0}
056835 INFO S0: (term 1) follower 收到 [2] AppendEntries [], prevIndex 0, prevTerm 0
056835 INFO S1: (term 1) follower 收到 [2] AppendEntries [], prevIndex 0, prevTerm 0
056835 LEAD S2: 0 append success next 1 match 0
056835 LEAD S2: 1 append success next 1 match 0
057337 LEAD S2: prevLog &raft.Entry{Command:interface {}(nil), Term:0, Index:0}
057337 LEAD S2: prevLog &raft.Entry{Command:interface {}(nil), Term:0, Index:0}
057338 INFO S0: (term 1) follower 收到 [2] AppendEntries [], prevIndex 0, prevTerm 0
057338 INFO S1: (term 1) follower 收到 [2] AppendEntries [], prevIndex 0, prevTerm 0
057339 LEAD S2: 1 append success next 1 match 0
057339 LEAD S2: 0 append success next 1 match 0
057840 LEAD S2: prevLog &raft.Entry{Command:interface {}(nil), Term:0, Index:0}
057840 LEAD S2: prevLog &raft.Entry{Command:interface {}(nil), Term:0, Index:0}
057841 INFO S0: (term 1) follower 收到 [2] AppendEntries [], prevIndex 0, prevTerm 0
057841 INFO S1: (term 1) follower 收到 [2] AppendEntries [], prevIndex 0, prevTerm 0
057842 LEAD S2: 1 append success next 1 match 0
057842 LEAD S2: 0 append success next 1 match 0
058343 LEAD S2: prevLog &raft.Entry{Command:interface {}(nil), Term:0, Index:0}
058344 LEAD S2: prevLog &raft.Entry{Command:interface {}(nil), Term:0, Index:0}
058344 INFO S0: (term 1) follower 收到 [2] AppendEntries [], prevIndex 0, prevTerm 0
058345 INFO S1: (term 1) follower 收到 [2] AppendEntries [], prevIndex 0, prevTerm 0
058345 LEAD S2: 0 append success next 1 match 0
058345 LEAD S2: 1 append success next 1 match 0
058846 LEAD S2: prevLog &raft.Entry{Command:interface {}(nil), Term:0, Index:0}
058847 LEAD S2: prevLog &raft.Entry{Command:interface {}(nil), Term:0, Index:0}
058847 INFO S1: (term 1) follower 收到 [2] AppendEntries [], prevIndex 0, prevTerm 0
058847 INFO S0: (term 1) follower 收到 [2] AppendEntries [], prevIndex 0, prevTerm 0
058848 LEAD S2: 0 append success next 1 match 0
058848 LEAD S2: 1 append success next 1 match 0
059349 LEAD S2: prevLog &raft.Entry{Command:interface {}(nil), Term:0, Index:0}
059350 LEAD S2: prevLog &raft.Entry{Command:interface {}(nil), Term:0, Index:0}
059350 INFO S0: (term 1) follower 收到 [2] AppendEntries [], prevIndex 0, prevTerm 0
059351 INFO S1: (term 1) follower 收到 [2] AppendEntries [], prevIndex 0, prevTerm 0
059351 LEAD S2: 0 append success next 1 match 0
059351 LEAD S2: 1 append success next 1 match 0
059852 LEAD S2: prevLog &raft.Entry{Command:interface {}(nil), Term:0, Index:0}
059853 LEAD S2: prevLog &raft.Entry{Command:interface {}(nil), Term:0, Index:0}
059854 INFO S0: (term 1) follower 收到 [2] AppendEntries [], prevIndex 0, prevTerm 0
059854 INFO S1: (term 1) follower 收到 [2] AppendEntries [], prevIndex 0, prevTerm 0
059854 LEAD S2: 0 append success next 1 match 0
059854 LEAD S2: 1 append success next 1 match 0
060355 LEAD S2: prevLog &raft.Entry{Command:interface {}(nil), Term:0, Index:0}
060356 LEAD S2: prevLog &raft.Entry{Command:interface {}(nil), Term:0, Index:0}
060356 INFO S0: (term 1) follower 收到 [2] AppendEntries [], prevIndex 0, prevTerm 0
060357 INFO S1: (term 1) follower 收到 [2] AppendEntries [], prevIndex 0, prevTerm 0
060357 LEAD S2: 0 append success next 1 match 0
060357 LEAD S2: 1 append success next 1 match 0
060859 LEAD S2: prevLog &raft.Entry{Command:interface {}(nil), Term:0, Index:0}
060859 LEAD S2: prevLog &raft.Entry{Command:interface {}(nil), Term:0, Index:0}
060860 INFO S0: (term 1) follower 收到 [2] AppendEntries [], prevIndex 0, prevTerm 0
060860 INFO S1: (term 1) follower 收到 [2] AppendEntries [], prevIndex 0, prevTerm 0
060860 LEAD S2: 0 append success next 1 match 0
060860 LEAD S2: 1 append success next 1 match 0
061362 LEAD S2: prevLog &raft.Entry{Command:interface {}(nil), Term:0, Index:0}
061362 LEAD S2: prevLog &raft.Entry{Command:interface {}(nil), Term:0, Index:0}
061363 INFO S0: (term 1) follower 收到 [2] AppendEntries [], prevIndex 0, prevTerm 0
061363 INFO S1: (term 1) follower 收到 [2] AppendEntries [], prevIndex 0, prevTerm 0
061363 LEAD S2: 0 append success next 1 match 0
061363 LEAD S2: 1 append success next 1 match 0
061894 LEAD S2: prevLog &raft.Entry{Command:interface {}(nil), Term:0, Index:0}
061894 LEAD S2: prevLog &raft.Entry{Command:interface {}(nil), Term:0, Index:0}
061895 INFO S0: (term 1) follower 收到 [2] AppendEntries [], prevIndex 0, prevTerm 0
061895 INFO S1: (term 1) follower 收到 [2] AppendEntries [], prevIndex 0, prevTerm 0
061896 LEAD S2: 0 append success next 1 match 0
061896 LEAD S2: 1 append success next 1 match 0
062399 LEAD S2: prevLog &raft.Entry{Command:interface {}(nil), Term:0, Index:0}
062399 LEAD S2: prevLog &raft.Entry{Command:interface {}(nil), Term:0, Index:0}
062400 INFO S0: (term 1) follower 收到 [2] AppendEntries [], prevIndex 0, prevTerm 0
062401 LEAD S2: 0 append success next 1 match 0
062400 INFO S1: (term 1) follower 收到 [2] AppendEntries [], prevIndex 0, prevTerm 0
062401 LEAD S2: 1 append success next 1 match 0
062904 LEAD S2: prevLog &raft.Entry{Command:interface {}(nil), Term:0, Index:0}
062904 LEAD S2: prevLog &raft.Entry{Command:interface {}(nil), Term:0, Index:0}
062905 INFO S0: (term 1) follower 收到 [2] AppendEntries [], prevIndex 0, prevTerm 0
062905 INFO S1: (term 1) follower 收到 [2] AppendEntries [], prevIndex 0, prevTerm 0
062906 LEAD S2: 0 append success next 1 match 0
062906 LEAD S2: 1 append success next 1 match 0
063408 LEAD S2: prevLog &raft.Entry{Command:interface {}(nil), Term:0, Index:0}
063408 LEAD S2: prevLog &raft.Entry{Command:interface {}(nil), Term:0, Index:0}
063409 INFO S1: (term 1) follower 收到 [2] AppendEntries [], prevIndex 0, prevTerm 0
063409 INFO S0: (term 1) follower 收到 [2] AppendEntries [], prevIndex 0, prevTerm 0
063409 LEAD S2: 0 append success next 1 match 0
063409 LEAD S2: 1 append success next 1 match 0
063911 LEAD S2: prevLog &raft.Entry{Command:interface {}(nil), Term:0, Index:0}
063911 LEAD S2: prevLog &raft.Entry{Command:interface {}(nil), Term:0, Index:0}
063912 INFO S0: (term 1) follower 收到 [2] AppendEntries [], prevIndex 0, prevTerm 0
063912 INFO S1: (term 1) follower 收到 [2] AppendEntries [], prevIndex 0, prevTerm 0
063912 LEAD S2: 0 append success next 1 match 0
063912 LEAD S2: 1 append success next 1 match 0
064416 LEAD S2: prevLog &raft.Entry{Command:interface {}(nil), Term:0, Index:0}
064416 LEAD S2: prevLog &raft.Entry{Command:interface {}(nil), Term:0, Index:0}
064417 INFO S0: (term 1) follower 收到 [2] AppendEntries [], prevIndex 0, prevTerm 0
064417 INFO S1: (term 1) follower 收到 [2] AppendEntries [], prevIndex 0, prevTerm 0
064417 LEAD S2: 0 append success next 1 match 0
064417 LEAD S2: 1 append success next 1 match 0
064919 LEAD S2: prevLog &raft.Entry{Command:interface {}(nil), Term:0, Index:0}
064920 LEAD S2: prevLog &raft.Entry{Command:interface {}(nil), Term:0, Index:0}
064920 INFO S0: (term 1) follower 收到 [2] AppendEntries [], prevIndex 0, prevTerm 0
064920 INFO S1: (term 1) follower 收到 [2] AppendEntries [], prevIndex 0, prevTerm 0
064921 LEAD S2: 0 append success next 1 match 0
064921 LEAD S2: 1 append success next 1 match 0
065422 LEAD S2: prevLog &raft.Entry{Command:interface {}(nil), Term:0, Index:0}
065423 LEAD S2: prevLog &raft.Entry{Command:interface {}(nil), Term:0, Index:0}
065423 INFO S0: (term 1) follower 收到 [2] AppendEntries [], prevIndex 0, prevTerm 0
065424 INFO S1: (term 1) follower 收到 [2] AppendEntries [], prevIndex 0, prevTerm 0
065424 LEAD S2: 0 append success next 1 match 0
065424 LEAD S2: 1 append success next 1 match 0
065925 LEAD S2: prevLog &raft.Entry{Command:interface {}(nil), Term:0, Index:0}
065926 LEAD S2: prevLog &raft.Entry{Command:interface {}(nil), Term:0, Index:0}
065926 INFO S0: (term 1) follower 收到 [2] AppendEntries [], prevIndex 0, prevTerm 0
065926 INFO S1: (term 1) follower 收到 [2] AppendEntries [], prevIndex 0, prevTerm 0
065927 LEAD S2: 0 append success next 1 match 0
065927 LEAD S2: 1 append success next 1 match 0
066428 LEAD S2: prevLog &raft.Entry{Command:interface {}(nil), Term:0, Index:0}
066429 LEAD S2: prevLog &raft.Entry{Command:interface {}(nil), Term:0, Index:0}
066429 INFO S0: (term 1) follower 收到 [2] AppendEntries [], prevIndex 0, prevTerm 0
066429 INFO S1: (term 1) follower 收到 [2] AppendEntries [], prevIndex 0, prevTerm 0
066430 LEAD S2: 0 append success next 1 match 0
066430 LEAD S2: 1 append success next 1 match 0
066932 LEAD S2: prevLog &raft.Entry{Command:interface {}(nil), Term:0, Index:0}
066932 LEAD S2: prevLog &raft.Entry{Command:interface {}(nil), Term:0, Index:0}
066933 INFO S1: (term 1) follower 收到 [2] AppendEntries [], prevIndex 0, prevTerm 0
066933 LEAD S2: 1 append success next 1 match 0
066933 INFO S0: (term 1) follower 收到 [2] AppendEntries [], prevIndex 0, prevTerm 0
066933 LEAD S2: 0 append success next 1 match 0
067435 LEAD S2: prevLog &raft.Entry{Command:interface {}(nil), Term:0, Index:0}
067435 LEAD S2: prevLog &raft.Entry{Command:interface {}(nil), Term:0, Index:0}
067436 INFO S0: (term 1) follower 收到 [2] AppendEntries [], prevIndex 0, prevTerm 0
067436 INFO S1: (term 1) follower 收到 [2] AppendEntries [], prevIndex 0, prevTerm 0
067436 LEAD S2: 0 append success next 1 match 0
067436 LEAD S2: 1 append success next 1 match 0
067938 LEAD S2: prevLog &raft.Entry{Command:interface {}(nil), Term:0, Index:0}
067938 LEAD S2: prevLog &raft.Entry{Command:interface {}(nil), Term:0, Index:0}
067939 INFO S0: (term 1) follower 收到 [2] AppendEntries [], prevIndex 0, prevTerm 0
067939 INFO S1: (term 1) follower 收到 [2] AppendEntries [], prevIndex 0, prevTerm 0
067939 LEAD S2: 0 append success next 1 match 0
067939 LEAD S2: 1 append success next 1 match 0
068441 LEAD S2: prevLog &raft.Entry{Command:interface {}(nil), Term:0, Index:0}
068441 LEAD S2: prevLog &raft.Entry{Command:interface {}(nil), Term:0, Index:0}
068442 INFO S0: (term 1) follower 收到 [2] AppendEntries [], prevIndex 0, prevTerm 0
068442 INFO S1: (term 1) follower 收到 [2] AppendEntries [], prevIndex 0, prevTerm 0
068442 LEAD S2: 0 append success next 1 match 0
068443 LEAD S2: 1 append success next 1 match 0
068944 LEAD S2: prevLog &raft.Entry{Command:interface {}(nil), Term:0, Index:0}
068945 LEAD S2: prevLog &raft.Entry{Command:interface {}(nil), Term:0, Index:0}
068945 INFO S1: (term 1) follower 收到 [2] AppendEntries [], prevIndex 0, prevTerm 0
068945 INFO S0: (term 1) follower 收到 [2] AppendEntries [], prevIndex 0, prevTerm 0
068946 LEAD S2: 1 append success next 1 match 0
068946 LEAD S2: 0 append success next 1 match 0
069447 LEAD S2: prevLog &raft.Entry{Command:interface {}(nil), Term:0, Index:0}
069448 LEAD S2: prevLog &raft.Entry{Command:interface {}(nil), Term:0, Index:0}
069448 INFO S1: (term 1) follower 收到 [2] AppendEntries [], prevIndex 0, prevTerm 0
069449 LEAD S2: 1 append success next 1 match 0
069448 INFO S0: (term 1) follower 收到 [2] AppendEntries [], prevIndex 0, prevTerm 0
069449 LEAD S2: 0 append success next 1 match 0
069950 LEAD S2: prevLog &raft.Entry{Command:interface {}(nil), Term:0, Index:0}
069951 LEAD S2: prevLog &raft.Entry{Command:interface {}(nil), Term:0, Index:0}
069951 INFO S1: (term 1) follower 收到 [2] AppendEntries [], prevIndex 0, prevTerm 0
069951 INFO S0: (term 1) follower 收到 [2] AppendEntries [], prevIndex 0, prevTerm 0
069952 LEAD S2: 1 append success next 1 match 0
069952 LEAD S2: 0 append success next 1 match 0
070454 LEAD S2: prevLog &raft.Entry{Command:interface {}(nil), Term:0, Index:0}
070454 LEAD S2: prevLog &raft.Entry{Command:interface {}(nil), Term:0, Index:0}
070455 INFO S1: (term 1) follower 收到 [2] AppendEntries [], prevIndex 0, prevTerm 0
070455 INFO S0: (term 1) follower 收到 [2] AppendEntries [], prevIndex 0, prevTerm 0
070455 LEAD S2: 1 append success next 1 match 0
070455 LEAD S2: 0 append success next 1 match 0
070957 LEAD S2: prevLog &raft.Entry{Command:interface {}(nil), Term:0, Index:0}
070957 LEAD S2: prevLog &raft.Entry{Command:interface {}(nil), Term:0, Index:0}
070958 INFO S1: (term 1) follower 收到 [2] AppendEntries [], prevIndex 0, prevTerm 0
070958 INFO S0: (term 1) follower 收到 [2] AppendEntries [], prevIndex 0, prevTerm 0
070958 LEAD S2: 1 append success next 1 match 0
070959 LEAD S2: 0 append success next 1 match 0
071460 LEAD S2: prevLog &raft.Entry{Command:interface {}(nil), Term:0, Index:0}
071460 LEAD S2: prevLog &raft.Entry{Command:interface {}(nil), Term:0, Index:0}
071461 INFO S0: (term 1) follower 收到 [2] AppendEntries [], prevIndex 0, prevTerm 0
071461 INFO S1: (term 1) follower 收到 [2] AppendEntries [], prevIndex 0, prevTerm 0
071462 LEAD S2: 0 append success next 1 match 0
071462 LEAD S2: 1 append success next 1 match 0
071963 LEAD S2: prevLog &raft.Entry{Command:interface {}(nil), Term:0, Index:0}
071964 LEAD S2: prevLog &raft.Entry{Command:interface {}(nil), Term:0, Index:0}
071964 INFO S1: (term 1) follower 收到 [2] AppendEntries [], prevIndex 0, prevTerm 0
071964 INFO S0: (term 1) follower 收到 [2] AppendEntries [], prevIndex 0, prevTerm 0
071965 LEAD S2: 1 append success next 1 match 0
071967 LEAD S2: 0 append success next 1 match 0
072466 LEAD S2: prevLog &raft.Entry{Command:interface {}(nil), Term:0, Index:0}
072466 LEAD S2: prevLog &raft.Entry{Command:interface {}(nil), Term:0, Index:0}
072467 INFO S0: (term 1) follower 收到 [2] AppendEntries [], prevIndex 0, prevTerm 0
072467 INFO S1: (term 1) follower 收到 [2] AppendEntries [], prevIndex 0, prevTerm 0
072468 LEAD S2: 0 append success next 1 match 0
072468 LEAD S2: 1 append success next 1 match 0
072969 LEAD S2: prevLog &raft.Entry{Command:interface {}(nil), Term:0, Index:0}
072969 LEAD S2: prevLog &raft.Entry{Command:interface {}(nil), Term:0, Index:0}
072970 INFO S1: (term 1) follower 收到 [2] AppendEntries [], prevIndex 0, prevTerm 0
072970 INFO S0: (term 1) follower 收到 [2] AppendEntries [], prevIndex 0, prevTerm 0
072970 LEAD S2: 1 append success next 1 match 0
072970 LEAD S2: 0 append success next 1 match 0
073472 LEAD S2: prevLog &raft.Entry{Command:interface {}(nil), Term:0, Index:0}
073472 LEAD S2: prevLog &raft.Entry{Command:interface {}(nil), Term:0, Index:0}
073473 INFO S1: (term 1) follower 收到 [2] AppendEntries [], prevIndex 0, prevTerm 0
073473 LEAD S2: 1 append success next 1 match 0
073474 INFO S0: (term 1) follower 收到 [2] AppendEntries [], prevIndex 0, prevTerm 0
073475 LEAD S2: 0 append success next 1 match 0
073975 LEAD S2: prevLog &raft.Entry{Command:interface {}(nil), Term:0, Index:0}
073976 LEAD S2: prevLog &raft.Entry{Command:interface {}(nil), Term:0, Index:0}
073976 INFO S1: (term 1) follower 收到 [2] AppendEntries [], prevIndex 0, prevTerm 0
073976 INFO S0: (term 1) follower 收到 [2] AppendEntries [], prevIndex 0, prevTerm 0
073977 LEAD S2: 1 append success next 1 match 0
073977 LEAD S2: 0 append success next 1 match 0
074478 LEAD S2: prevLog &raft.Entry{Command:interface {}(nil), Term:0, Index:0}
074479 LEAD S2: prevLog &raft.Entry{Command:interface {}(nil), Term:0, Index:0}
074479 INFO S0: (term 1) follower 收到 [2] AppendEntries [], prevIndex 0, prevTerm 0
074479 INFO S1: (term 1) follower 收到 [2] AppendEntries [], prevIndex 0, prevTerm 0
074480 LEAD S2: 0 append success next 1 match 0
074480 LEAD S2: 1 append success next 1 match 0
074981 LEAD S2: prevLog &raft.Entry{Command:interface {}(nil), Term:0, Index:0}
074982 LEAD S2: prevLog &raft.Entry{Command:interface {}(nil), Term:0, Index:0}
074982 INFO S0: (term 1) follower 收到 [2] AppendEntries [], prevIndex 0, prevTerm 0
074982 INFO S1: (term 1) follower 收到 [2] AppendEntries [], prevIndex 0, prevTerm 0
074983 LEAD S2: 0 append success next 1 match 0
074983 LEAD S2: 1 append success next 1 match 0
075484 LEAD S2: prevLog &raft.Entry{Command:interface {}(nil), Term:0, Index:0}
075485 LEAD S2: prevLog &raft.Entry{Command:interface {}(nil), Term:0, Index:0}
075486 INFO S0: (term 1) follower 收到 [2] AppendEntries [], prevIndex 0, prevTerm 0
075486 INFO S1: (term 1) follower 收到 [2] AppendEntries [], prevIndex 0, prevTerm 0
075486 LEAD S2: 0 append success next 1 match 0
075486 LEAD S2: 1 append success next 1 match 0
075987 LEAD S2: prevLog &raft.Entry{Command:interface {}(nil), Term:0, Index:0}
075988 LEAD S2: prevLog &raft.Entry{Command:interface {}(nil), Term:0, Index:0}
075989 INFO S0: (term 1) follower 收到 [2] AppendEntries [], prevIndex 0, prevTerm 0
075989 INFO S1: (term 1) follower 收到 [2] AppendEntries [], prevIndex 0, prevTerm 0
075989 LEAD S2: 1 append success next 1 match 0
075989 LEAD S2: 0 append success next 1 match 0
076491 LEAD S2: prevLog &raft.Entry{Command:interface {}(nil), Term:0, Index:0}
076491 LEAD S2: prevLog &raft.Entry{Command:interface {}(nil), Term:0, Index:0}
076492 INFO S0: (term 1) follower 收到 [2] AppendEntries [], prevIndex 0, prevTerm 0
076492 INFO S1: (term 1) follower 收到 [2] AppendEntries [], prevIndex 0, prevTerm 0
076492 LEAD S2: 0 append success next 1 match 0
076492 LEAD S2: 1 append success next 1 match 0
076994 LEAD S2: prevLog &raft.Entry{Command:interface {}(nil), Term:0, Index:0}
076994 LEAD S2: prevLog &raft.Entry{Command:interface {}(nil), Term:0, Index:0}
076995 INFO S0: (term 1) follower 收到 [2] AppendEntries [], prevIndex 0, prevTerm 0
076995 INFO S1: (term 1) follower 收到 [2] AppendEntries [], prevIndex 0, prevTerm 0
076995 LEAD S2: 0 append success next 1 match 0
076995 LEAD S2: 1 append success next 1 match 0
077497 LEAD S2: prevLog &raft.Entry{Command:interface {}(nil), Term:0, Index:0}
077498 LEAD S2: prevLog &raft.Entry{Command:interface {}(nil), Term:0, Index:0}
077499 INFO S0: (term 1) follower 收到 [2] AppendEntries [], prevIndex 0, prevTerm 0
077499 INFO S1: (term 1) follower 收到 [2] AppendEntries [], prevIndex 0, prevTerm 0
077499 LEAD S2: 0 append success next 1 match 0
077499 LEAD S2: 1 append success next 1 match 0
078001 LEAD S2: prevLog &raft.Entry{Command:interface {}(nil), Term:0, Index:0}
078001 LEAD S2: prevLog &raft.Entry{Command:interface {}(nil), Term:0, Index:0}
078002 INFO S0: (term 1) follower 收到 [2] AppendEntries [], prevIndex 0, prevTerm 0
078002 INFO S1: (term 1) follower 收到 [2] AppendEntries [], prevIndex 0, prevTerm 0
078002 LEAD S2: 0 append success next 1 match 0
078002 LEAD S2: 1 append success next 1 match 0
078504 LEAD S2: prevLog &raft.Entry{Command:interface {}(nil), Term:0, Index:0}
078504 LEAD S2: prevLog &raft.Entry{Command:interface {}(nil), Term:0, Index:0}
078505 INFO S1: (term 1) follower 收到 [2] AppendEntries [], prevIndex 0, prevTerm 0
078505 INFO S0: (term 1) follower 收到 [2] AppendEntries [], prevIndex 0, prevTerm 0
078505 LEAD S2: 0 append success next 1 match 0
078505 LEAD S2: 1 append success next 1 match 0
079007 LEAD S2: prevLog &raft.Entry{Command:interface {}(nil), Term:0, Index:0}
079007 LEAD S2: prevLog &raft.Entry{Command:interface {}(nil), Term:0, Index:0}
079008 INFO S0: (term 1) follower 收到 [2] AppendEntries [], prevIndex 0, prevTerm 0
079008 INFO S1: (term 1) follower 收到 [2] AppendEntries [], prevIndex 0, prevTerm 0
079009 LEAD S2: 0 append success next 1 match 0
079009 LEAD S2: 1 append success next 1 match 0
079511 LEAD S2: prevLog &raft.Entry{Command:interface {}(nil), Term:0, Index:0}
079511 LEAD S2: prevLog &raft.Entry{Command:interface {}(nil), Term:0, Index:0}
079512 INFO S1: (term 1) follower 收到 [2] AppendEntries [], prevIndex 0, prevTerm 0
079512 INFO S0: (term 1) follower 收到 [2] AppendEntries [], prevIndex 0, prevTerm 0
079512 LEAD S2: 0 append success next 1 match 0
079512 LEAD S2: 1 append success next 1 match 0
080014 LEAD S2: prevLog &raft.Entry{Command:interface {}(nil), Term:0, Index:0}
080014 LEAD S2: prevLog &raft.Entry{Command:interface {}(nil), Term:0, Index:0}
080015 INFO S0: (term 1) follower 收到 [2] AppendEntries [], prevIndex 0, prevTerm 0
080015 INFO S1: (term 1) follower 收到 [2] AppendEntries [], prevIndex 0, prevTerm 0
080015 LEAD S2: 0 append success next 1 match 0
080016 LEAD S2: 1 append success next 1 match 0
080517 LEAD S2: prevLog &raft.Entry{Command:interface {}(nil), Term:0, Index:0}
080517 LEAD S2: prevLog &raft.Entry{Command:interface {}(nil), Term:0, Index:0}
080518 INFO S0: (term 1) follower 收到 [2] AppendEntries [], prevIndex 0, prevTerm 0
080518 INFO S1: (term 1) follower 收到 [2] AppendEntries [], prevIndex 0, prevTerm 0
080519 LEAD S2: 0 append success next 1 match 0
080519 LEAD S2: 1 append success next 1 match 0
081020 LEAD S2: prevLog &raft.Entry{Command:interface {}(nil), Term:0, Index:0}
081020 LEAD S2: prevLog &raft.Entry{Command:interface {}(nil), Term:0, Index:0}
081021 INFO S0: (term 1) follower 收到 [2] AppendEntries [], prevIndex 0, prevTerm 0
081021 INFO S1: (term 1) follower 收到 [2] AppendEntries [], prevIndex 0, prevTerm 0
081022 LEAD S2: 0 append success next 1 match 0
081022 LEAD S2: 1 append success next 1 match 0
081523 LEAD S2: prevLog &raft.Entry{Command:interface {}(nil), Term:0, Index:0}
081524 LEAD S2: prevLog &raft.Entry{Command:interface {}(nil), Term:0, Index:0}
081524 INFO S0: (term 1) follower 收到 [2] AppendEntries [], prevIndex 0, prevTerm 0
081524 INFO S1: (term 1) follower 收到 [2] AppendEntries [], prevIndex 0, prevTerm 0
081525 LEAD S2: 1 append success next 1 match 0
081525 LEAD S2: 0 append success next 1 match 0
082027 LEAD S2: prevLog &raft.Entry{Command:interface {}(nil), Term:0, Index:0}
082027 LEAD S2: prevLog &raft.Entry{Command:interface {}(nil), Term:0, Index:0}
082028 INFO S0: (term 1) follower 收到 [2] AppendEntries [], prevIndex 0, prevTerm 0
082028 INFO S1: (term 1) follower 收到 [2] AppendEntries [], prevIndex 0, prevTerm 0
082028 LEAD S2: 0 append success next 1 match 0
082028 LEAD S2: 1 append success next 1 match 0
082531 LEAD S2: prevLog &raft.Entry{Command:interface {}(nil), Term:0, Index:0}
082532 LEAD S2: prevLog &raft.Entry{Command:interface {}(nil), Term:0, Index:0}
082533 INFO S0: (term 1) follower 收到 [2] AppendEntries [], prevIndex 0, prevTerm 0
082533 INFO S1: (term 1) follower 收到 [2] AppendEntries [], prevIndex 0, prevTerm 0
082533 LEAD S2: 0 append success next 1 match 0
082533 LEAD S2: 1 append success next 1 match 0
083036 LEAD S2: prevLog &raft.Entry{Command:interface {}(nil), Term:0, Index:0}
083036 LEAD S2: prevLog &raft.Entry{Command:interface {}(nil), Term:0, Index:0}
083037 INFO S1: (term 1) follower 收到 [2] AppendEntries [], prevIndex 0, prevTerm 0
083037 LEAD S2: 1 append success next 1 match 0
083037 INFO S0: (term 1) follower 收到 [2] AppendEntries [], prevIndex 0, prevTerm 0
083038 LEAD S2: 0 append success next 1 match 0
083540 LEAD S2: prevLog &raft.Entry{Command:interface {}(nil), Term:0, Index:0}
083541 LEAD S2: prevLog &raft.Entry{Command:interface {}(nil), Term:0, Index:0}
083542 INFO S0: (term 1) follower 收到 [2] AppendEntries [], prevIndex 0, prevTerm 0
083542 INFO S1: (term 1) follower 收到 [2] AppendEntries [], prevIndex 0, prevTerm 0
083542 LEAD S2: 0 append success next 1 match 0
083542 LEAD S2: 1 append success next 1 match 0
084046 LEAD S2: prevLog &raft.Entry{Command:interface {}(nil), Term:0, Index:0}
084046 LEAD S2: prevLog &raft.Entry{Command:interface {}(nil), Term:0, Index:0}
084048 INFO S1: (term 1) follower 收到 [2] AppendEntries [], prevIndex 0, prevTerm 0
084048 LEAD S2: 1 append success next 1 match 0
084048 INFO S0: (term 1) follower 收到 [2] AppendEntries [], prevIndex 0, prevTerm 0
084049 LEAD S2: 0 append success next 1 match 0
084550 LEAD S2: prevLog &raft.Entry{Command:interface {}(nil), Term:0, Index:0}
084550 LEAD S2: prevLog &raft.Entry{Command:interface {}(nil), Term:0, Index:0}
084551 INFO S0: (term 1) follower 收到 [2] AppendEntries [], prevIndex 0, prevTerm 0
084551 INFO S1: (term 1) follower 收到 [2] AppendEntries [], prevIndex 0, prevTerm 0
084551 LEAD S2: 0 append success next 1 match 0
084551 LEAD S2: 1 append success next 1 match 0
085053 LEAD S2: prevLog &raft.Entry{Command:interface {}(nil), Term:0, Index:0}
085053 LEAD S2: prevLog &raft.Entry{Command:interface {}(nil), Term:0, Index:0}
085054 INFO S0: (term 1) follower 收到 [2] AppendEntries [], prevIndex 0, prevTerm 0
085054 INFO S1: (term 1) follower 收到 [2] AppendEntries [], prevIndex 0, prevTerm 0
085054 LEAD S2: 0 append success next 1 match 0
085054 LEAD S2: 1 append success next 1 match 0
085556 LEAD S2: prevLog &raft.Entry{Command:interface {}(nil), Term:0, Index:0}
085556 LEAD S2: prevLog &raft.Entry{Command:interface {}(nil), Term:0, Index:0}
085557 INFO S0: (term 1) follower 收到 [2] AppendEntries [], prevIndex 0, prevTerm 0
085557 INFO S1: (term 1) follower 收到 [2] AppendEntries [], prevIndex 0, prevTerm 0
085557 LEAD S2: 0 append success next 1 match 0
085558 LEAD S2: 1 append success next 1 match 0
086059 LEAD S2: prevLog &raft.Entry{Command:interface {}(nil), Term:0, Index:0}
086059 LEAD S2: prevLog &raft.Entry{Command:interface {}(nil), Term:0, Index:0}
086060 INFO S1: (term 1) follower 收到 [2] AppendEntries [], prevIndex 0, prevTerm 0
086060 INFO S0: (term 1) follower 收到 [2] AppendEntries [], prevIndex 0, prevTerm 0
086061 LEAD S2: 1 append success next 1 match 0
086061 LEAD S2: 0 append success next 1 match 0
086562 LEAD S2: prevLog &raft.Entry{Command:interface {}(nil), Term:0, Index:0}
086563 LEAD S2: prevLog &raft.Entry{Command:interface {}(nil), Term:0, Index:0}
086563 INFO S1: (term 1) follower 收到 [2] AppendEntries [], prevIndex 0, prevTerm 0
086563 INFO S0: (term 1) follower 收到 [2] AppendEntries [], prevIndex 0, prevTerm 0
086564 LEAD S2: 0 append success next 1 match 0
086564 LEAD S2: 1 append success next 1 match 0
087065 LEAD S2: prevLog &raft.Entry{Command:interface {}(nil), Term:0, Index:0}
087065 LEAD S2: prevLog &raft.Entry{Command:interface {}(nil), Term:0, Index:0}
087066 INFO S1: (term 1) follower 收到 [2] AppendEntries [], prevIndex 0, prevTerm 0
087067 LEAD S2: 1 append success next 1 match 0
087066 INFO S0: (term 1) follower 收到 [2] AppendEntries [], prevIndex 0, prevTerm 0
087067 LEAD S2: 0 append success next 1 match 0
087568 LEAD S2: prevLog &raft.Entry{Command:interface {}(nil), Term:0, Index:0}
087569 LEAD S2: prevLog &raft.Entry{Command:interface {}(nil), Term:0, Index:0}
087569 INFO S0: (term 1) follower 收到 [2] AppendEntries [], prevIndex 0, prevTerm 0
087569 INFO S1: (term 1) follower 收到 [2] AppendEntries [], prevIndex 0, prevTerm 0
087570 LEAD S2: 1 append success next 1 match 0
087570 LEAD S2: 0 append success next 1 match 0
088071 LEAD S2: prevLog &raft.Entry{Command:interface {}(nil), Term:0, Index:0}
088072 LEAD S2: prevLog &raft.Entry{Command:interface {}(nil), Term:0, Index:0}
088072 INFO S1: (term 1) follower 收到 [2] AppendEntries [], prevIndex 0, prevTerm 0
088073 LEAD S2: 1 append success next 1 match 0
088073 INFO S0: (term 1) follower 收到 [2] AppendEntries [], prevIndex 0, prevTerm 0
088074 LEAD S2: 0 append success next 1 match 0
088574 LEAD S2: prevLog &raft.Entry{Command:interface {}(nil), Term:0, Index:0}
088575 LEAD S2: prevLog &raft.Entry{Command:interface {}(nil), Term:0, Index:0}
088576 INFO S0: (term 1) follower 收到 [2] AppendEntries [], prevIndex 0, prevTerm 0
088576 INFO S1: (term 1) follower 收到 [2] AppendEntries [], prevIndex 0, prevTerm 0
088576 LEAD S2: 1 append success next 1 match 0
088576 LEAD S2: 0 append success next 1 match 0
089077 LEAD S2: prevLog &raft.Entry{Command:interface {}(nil), Term:0, Index:0}
089078 LEAD S2: prevLog &raft.Entry{Command:interface {}(nil), Term:0, Index:0}
089079 INFO S0: (term 1) follower 收到 [2] AppendEntries [], prevIndex 0, prevTerm 0
089079 INFO S1: (term 1) follower 收到 [2] AppendEntries [], prevIndex 0, prevTerm 0
089079 LEAD S2: 0 append success next 1 match 0
089079 LEAD S2: 1 append success next 1 match 0
089581 LEAD S2: prevLog &raft.Entry{Command:interface {}(nil), Term:0, Index:0}
089581 LEAD S2: prevLog &raft.Entry{Command:interface {}(nil), Term:0, Index:0}
089582 INFO S0: (term 1) follower 收到 [2] AppendEntries [], prevIndex 0, prevTerm 0
089582 INFO S1: (term 1) follower 收到 [2] AppendEntries [], prevIndex 0, prevTerm 0
089582 LEAD S2: 0 append success next 1 match 0
089583 LEAD S2: 1 append success next 1 match 0
090085 LEAD S2: prevLog &raft.Entry{Command:interface {}(nil), Term:0, Index:0}
090085 LEAD S2: prevLog &raft.Entry{Command:interface {}(nil), Term:0, Index:0}
090086 INFO S0: (term 1) follower 收到 [2] AppendEntries [], prevIndex 0, prevTerm 0
090087 LEAD S2: 0 append success next 1 match 0
090087 INFO S1: (term 1) follower 收到 [2] AppendEntries [], prevIndex 0, prevTerm 0
090087 LEAD S2: 1 append success next 1 match 0
090588 LEAD S2: prevLog &raft.Entry{Command:interface {}(nil), Term:0, Index:0}
090588 LEAD S2: prevLog &raft.Entry{Command:interface {}(nil), Term:0, Index:0}
090589 INFO S0: (term 1) follower 收到 [2] AppendEntries [], prevIndex 0, prevTerm 0
090589 INFO S1: (term 1) follower 收到 [2] AppendEntries [], prevIndex 0, prevTerm 0
090590 LEAD S2: 0 append success next 1 match 0
090590 LEAD S2: 1 append success next 1 match 0
091091 LEAD S2: prevLog &raft.Entry{Command:interface {}(nil), Term:0, Index:0}
091091 LEAD S2: prevLog &raft.Entry{Command:interface {}(nil), Term:0, Index:0}
091092 INFO S0: (term 1) follower 收到 [2] AppendEntries [], prevIndex 0, prevTerm 0
091092 INFO S1: (term 1) follower 收到 [2] AppendEntries [], prevIndex 0, prevTerm 0
091093 LEAD S2: 1 append success next 1 match 0
091093 LEAD S2: 0 append success next 1 match 0
091595 LEAD S2: prevLog &raft.Entry{Command:interface {}(nil), Term:0, Index:0}
091595 LEAD S2: prevLog &raft.Entry{Command:interface {}(nil), Term:0, Index:0}
091597 INFO S1: (term 1) follower 收到 [2] AppendEntries [], prevIndex 0, prevTerm 0
091597 LEAD S2: 1 append success next 1 match 0
091597 INFO S0: (term 1) follower 收到 [2] AppendEntries [], prevIndex 0, prevTerm 0
091598 LEAD S2: 0 append success next 1 match 0
092098 LEAD S2: prevLog &raft.Entry{Command:interface {}(nil), Term:0, Index:0}
092098 LEAD S2: prevLog &raft.Entry{Command:interface {}(nil), Term:0, Index:0}
092099 INFO S0: (term 1) follower 收到 [2] AppendEntries [], prevIndex 0, prevTerm 0
092099 INFO S1: (term 1) follower 收到 [2] AppendEntries [], prevIndex 0, prevTerm 0
092099 LEAD S2: 0 append success next 1 match 0
092100 LEAD S2: 1 append success next 1 match 0
092601 LEAD S2: prevLog &raft.Entry{Command:interface {}(nil), Term:0, Index:0}
092602 LEAD S2: prevLog &raft.Entry{Command:interface {}(nil), Term:0, Index:0}
092602 INFO S0: (term 1) follower 收到 [2] AppendEntries [], prevIndex 0, prevTerm 0
092602 INFO S1: (term 1) follower 收到 [2] AppendEntries [], prevIndex 0, prevTerm 0
092603 LEAD S2: 0 append success next 1 match 0
092603 LEAD S2: 1 append success next 1 match 0
093105 LEAD S2: prevLog &raft.Entry{Command:interface {}(nil), Term:0, Index:0}
093105 LEAD S2: prevLog &raft.Entry{Command:interface {}(nil), Term:0, Index:0}
093106 INFO S0: (term 1) follower 收到 [2] AppendEntries [], prevIndex 0, prevTerm 0
093106 INFO S1: (term 1) follower 收到 [2] AppendEntries [], prevIndex 0, prevTerm 0
093106 LEAD S2: 0 append success next 1 match 0
093106 LEAD S2: 1 append success next 1 match 0
093608 LEAD S2: prevLog &raft.Entry{Command:interface {}(nil), Term:0, Index:0}
093608 LEAD S2: prevLog &raft.Entry{Command:interface {}(nil), Term:0, Index:0}
093609 INFO S0: (term 1) follower 收到 [2] AppendEntries [], prevIndex 0, prevTerm 0
093609 INFO S1: (term 1) follower 收到 [2] AppendEntries [], prevIndex 0, prevTerm 0
093610 LEAD S2: 0 append success next 1 match 0
093610 LEAD S2: 1 append success next 1 match 0
094111 LEAD S2: prevLog &raft.Entry{Command:interface {}(nil), Term:0, Index:0}
094112 LEAD S2: prevLog &raft.Entry{Command:interface {}(nil), Term:0, Index:0}
094113 INFO S1: (term 1) follower 收到 [2] AppendEntries [], prevIndex 0, prevTerm 0
094113 INFO S0: (term 1) follower 收到 [2] AppendEntries [], prevIndex 0, prevTerm 0
094113 LEAD S2: 0 append success next 1 match 0
094113 LEAD S2: 1 append success next 1 match 0
094614 LEAD S2: prevLog &raft.Entry{Command:interface {}(nil), Term:0, Index:0}
094615 LEAD S2: prevLog &raft.Entry{Command:interface {}(nil), Term:0, Index:0}
094616 INFO S1: (term 1) follower 收到 [2] AppendEntries [], prevIndex 0, prevTerm 0
094616 INFO S0: (term 1) follower 收到 [2] AppendEntries [], prevIndex 0, prevTerm 0
094616 LEAD S2: 1 append success next 1 match 0
094616 LEAD S2: 0 append success next 1 match 0
095117 LEAD S2: prevLog &raft.Entry{Command:interface {}(nil), Term:0, Index:0}
095117 LEAD S2: prevLog &raft.Entry{Command:interface {}(nil), Term:0, Index:0}
095118 INFO S1: (term 1) follower 收到 [2] AppendEntries [], prevIndex 0, prevTerm 0
095119 LEAD S2: 1 append success next 1 match 0
095119 INFO S0: (term 1) follower 收到 [2] AppendEntries [], prevIndex 0, prevTerm 0
095119 LEAD S2: 0 append success next 1 match 0
095620 LEAD S2: prevLog &raft.Entry{Command:interface {}(nil), Term:0, Index:0}
095620 LEAD S2: prevLog &raft.Entry{Command:interface {}(nil), Term:0, Index:0}
095621 INFO S0: (term 1) follower 收到 [2] AppendEntries [], prevIndex 0, prevTerm 0
095621 INFO S1: (term 1) follower 收到 [2] AppendEntries [], prevIndex 0, prevTerm 0
095621 LEAD S2: 0 append success next 1 match 0
095622 LEAD S2: 1 append success next 1 match 0
096123 LEAD S2: prevLog &raft.Entry{Command:interface {}(nil), Term:0, Index:0}
096123 LEAD S2: prevLog &raft.Entry{Command:interface {}(nil), Term:0, Index:0}
096124 INFO S1: (term 1) follower 收到 [2] AppendEntries [], prevIndex 0, prevTerm 0
096124 INFO S0: (term 1) follower 收到 [2] AppendEntries [], prevIndex 0, prevTerm 0
096124 LEAD S2: 1 append success next 1 match 0
096124 LEAD S2: 0 append success next 1 match 0
096626 LEAD S2: prevLog &raft.Entry{Command:interface {}(nil), Term:0, Index:0}
096626 LEAD S2: prevLog &raft.Entry{Command:interface {}(nil), Term:0, Index:0}
096627 INFO S0: (term 1) follower 收到 [2] AppendEntries [], prevIndex 0, prevTerm 0
096627 INFO S1: (term 1) follower 收到 [2] AppendEntries [], prevIndex 0, prevTerm 0
096627 LEAD S2: 0 append success next 1 match 0
096627 LEAD S2: 1 append success next 1 match 0
097129 LEAD S2: prevLog &raft.Entry{Command:interface {}(nil), Term:0, Index:0}
097129 LEAD S2: prevLog &raft.Entry{Command:interface {}(nil), Term:0, Index:0}
097130 INFO S0: (term 1) follower 收到 [2] AppendEntries [], prevIndex 0, prevTerm 0
097130 INFO S1: (term 1) follower 收到 [2] AppendEntries [], prevIndex 0, prevTerm 0
097130 LEAD S2: 0 append success next 1 match 0
097130 LEAD S2: 1 append success next 1 match 0
097633 LEAD S2: prevLog &raft.Entry{Command:interface {}(nil), Term:0, Index:0}
097634 LEAD S2: prevLog &raft.Entry{Command:interface {}(nil), Term:0, Index:0}
097636 INFO S0: (term 1) follower 收到 [2] AppendEntries [], prevIndex 0, prevTerm 0
097637 INFO S1: (term 1) follower 收到 [2] AppendEntries [], prevIndex 0, prevTerm 0
097637 LEAD S2: 0 append success next 1 match 0
097638 LEAD S2: 1 append success next 1 match 0
098137 LEAD S2: prevLog &raft.Entry{Command:interface {}(nil), Term:0, Index:0}
098137 LEAD S2: prevLog &raft.Entry{Command:interface {}(nil), Term:0, Index:0}
098138 INFO S0: (term 1) follower 收到 [2] AppendEntries [], prevIndex 0, prevTerm 0
098138 INFO S1: (term 1) follower 收到 [2] AppendEntries [], prevIndex 0, prevTerm 0
098138 LEAD S2: 0 append success next 1 match 0
098138 LEAD S2: 1 append success next 1 match 0
098639 LEAD S2: prevLog &raft.Entry{Command:interface {}(nil), Term:0, Index:0}
098639 LEAD S2: prevLog &raft.Entry{Command:interface {}(nil), Term:0, Index:0}
098641 INFO S1: (term 1) follower 收到 [2] AppendEntries [], prevIndex 0, prevTerm 0
098641 INFO S0: (term 1) follower 收到 [2] AppendEntries [], prevIndex 0, prevTerm 0
098643 LEAD S2: 0 append success next 1 match 0
098643 LEAD S2: 1 append success next 1 match 0
099142 LEAD S2: prevLog &raft.Entry{Command:interface {}(nil), Term:0, Index:0}
099142 LEAD S2: prevLog &raft.Entry{Command:interface {}(nil), Term:0, Index:0}
099143 INFO S1: (term 1) follower 收到 [2] AppendEntries [], prevIndex 0, prevTerm 0
099143 LEAD S2: 1 append success next 1 match 0
099144 INFO S0: (term 1) follower 收到 [2] AppendEntries [], prevIndex 0, prevTerm 0
099145 LEAD S2: 0 append success next 1 match 0
099646 LEAD S2: prevLog &raft.Entry{Command:interface {}(nil), Term:0, Index:0}
099646 LEAD S2: prevLog &raft.Entry{Command:interface {}(nil), Term:0, Index:0}
099647 INFO S1: (term 1) follower 收到 [2] AppendEntries [], prevIndex 0, prevTerm 0
099647 INFO S0: (term 1) follower 收到 [2] AppendEntries [], prevIndex 0, prevTerm 0
099647 LEAD S2: 1 append success next 1 match 0
099647 LEAD S2: 0 append success next 1 match 0
--- FAIL: TestPersist12C (10.01s)
    config.go:609: one(11) failed to reach agreement
FAIL
exit status 1
FAIL	6.824/raft	10.011s
