Test (2C): basic persistence ...
002009 INFO S1: start leader election, term 1
002009 VOTE S1: term 1 send vote request to 2
002009 VOTE S1: term 1 send vote request to 0
002010 TERM S2: set new term 1
002010 VOTE S2: term 1 vote 1
002011 VOTE S1: reply from 2, term一致，且投给1
002011 LEAD S1: come to power, start to send heartbeat
002011 LEAD S1: prevLog &raft.Entry{Command:interface {}(nil), Term:0, Index:0}
002011 LEAD S1: prevLog &raft.Entry{Command:interface {}(nil), Term:0, Index:0}
002011 TERM S0: set new term 1
002011 VOTE S0: term 1 vote 1
002011 VOTE S1: reply from 0, term一致，且投给1
002011 INFO S2: (term 1) follower 收到 [1] AppendEntries [], prevIndex 0, prevTerm 0
002012 LEAD S1: 2 append success next 1 match 0
002012 INFO S0: (term 1) follower 收到 [1] AppendEntries [], prevIndex 0, prevTerm 0
002012 LEAD S1: 0 append success next 1 match 0
002511 LEAD S1: prevLog &raft.Entry{Command:interface {}(nil), Term:0, Index:0}
002512 LEAD S1: prevLog &raft.Entry{Command:interface {}(nil), Term:0, Index:0}
002513 INFO S2: (term 1) follower 收到 [1] AppendEntries [], prevIndex 0, prevTerm 0
002514 INFO S0: (term 1) follower 收到 [1] AppendEntries [], prevIndex 0, prevTerm 0
002514 LEAD S1: 2 append success next 1 match 0
002515 LEAD S1: 0 append success next 1 match 0
003014 LEAD S1: prevLog &raft.Entry{Command:interface {}(nil), Term:0, Index:0}
003014 LEAD S1: prevLog &raft.Entry{Command:interface {}(nil), Term:0, Index:0}
003015 INFO S0: (term 1) follower 收到 [1] AppendEntries [], prevIndex 0, prevTerm 0
003015 INFO S2: (term 1) follower 收到 [1] AppendEntries [], prevIndex 0, prevTerm 0
003015 LEAD S1: 0 append success next 1 match 0
003016 LEAD S1: 2 append success next 1 match 0
003516 LEAD S1: prevLog &raft.Entry{Command:interface {}(nil), Term:0, Index:0}
003516 LEAD S1: prevLog &raft.Entry{Command:interface {}(nil), Term:0, Index:0}
003517 INFO S0: (term 1) follower 收到 [1] AppendEntries [], prevIndex 0, prevTerm 0
003518 LEAD S1: 0 append success next 1 match 0
003518 INFO S2: (term 1) follower 收到 [1] AppendEntries [], prevIndex 0, prevTerm 0
003518 LEAD S1: 2 append success next 1 match 0
004018 LEAD S1: prevLog &raft.Entry{Command:interface {}(nil), Term:0, Index:0}
004018 LEAD S1: prevLog &raft.Entry{Command:interface {}(nil), Term:0, Index:0}
004019 INFO S2: (term 1) follower 收到 [1] AppendEntries [], prevIndex 0, prevTerm 0
004019 LEAD S1: 2 append success next 1 match 0
004020 INFO S0: (term 1) follower 收到 [1] AppendEntries [], prevIndex 0, prevTerm 0
004020 LEAD S1: 0 append success next 1 match 0
004519 LEAD S1: prevLog &raft.Entry{Command:interface {}(nil), Term:0, Index:0}
004520 LEAD S1: prevLog &raft.Entry{Command:interface {}(nil), Term:0, Index:0}
004520 INFO S2: (term 1) follower 收到 [1] AppendEntries [], prevIndex 0, prevTerm 0
004521 LEAD S1: 2 append success next 1 match 0
004521 INFO S0: (term 1) follower 收到 [1] AppendEntries [], prevIndex 0, prevTerm 0
004521 LEAD S1: 0 append success next 1 match 0
005022 LEAD S1: prevLog &raft.Entry{Command:interface {}(nil), Term:0, Index:0}
005022 LEAD S1: prevLog &raft.Entry{Command:interface {}(nil), Term:0, Index:0}
005023 INFO S2: (term 1) follower 收到 [1] AppendEntries [], prevIndex 0, prevTerm 0
005023 INFO S0: (term 1) follower 收到 [1] AppendEntries [], prevIndex 0, prevTerm 0
005023 LEAD S1: 2 append success next 1 match 0
005023 LEAD S1: 0 append success next 1 match 0
005524 LEAD S1: prevLog &raft.Entry{Command:interface {}(nil), Term:0, Index:0}
005524 LEAD S1: prevLog &raft.Entry{Command:interface {}(nil), Term:0, Index:0}
005525 INFO S2: (term 1) follower 收到 [1] AppendEntries [], prevIndex 0, prevTerm 0
005525 LEAD S1: 2 append success next 1 match 0
005525 INFO S0: (term 1) follower 收到 [1] AppendEntries [], prevIndex 0, prevTerm 0
005526 LEAD S1: 0 append success next 1 match 0
006026 LEAD S1: prevLog &raft.Entry{Command:interface {}(nil), Term:0, Index:0}
006026 LEAD S1: prevLog &raft.Entry{Command:interface {}(nil), Term:0, Index:0}
006027 INFO S2: (term 1) follower 收到 [1] AppendEntries [], prevIndex 0, prevTerm 0
006027 LEAD S1: 2 append success next 1 match 0
006028 INFO S0: (term 1) follower 收到 [1] AppendEntries [], prevIndex 0, prevTerm 0
006028 LEAD S1: 0 append success next 1 match 0
006529 LEAD S1: prevLog &raft.Entry{Command:interface {}(nil), Term:0, Index:0}
006529 LEAD S1: prevLog &raft.Entry{Command:interface {}(nil), Term:0, Index:0}
006530 INFO S2: (term 1) follower 收到 [1] AppendEntries [], prevIndex 0, prevTerm 0
006530 LEAD S1: 2 append success next 1 match 0
006531 INFO S0: (term 1) follower 收到 [1] AppendEntries [], prevIndex 0, prevTerm 0
006531 LEAD S1: 0 append success next 1 match 0
007031 LEAD S1: prevLog &raft.Entry{Command:interface {}(nil), Term:0, Index:0}
007032 LEAD S1: prevLog &raft.Entry{Command:interface {}(nil), Term:0, Index:0}
007033 INFO S2: (term 1) follower 收到 [1] AppendEntries [], prevIndex 0, prevTerm 0
007033 LEAD S1: 2 append success next 1 match 0
007033 INFO S0: (term 1) follower 收到 [1] AppendEntries [], prevIndex 0, prevTerm 0
007033 LEAD S1: 0 append success next 1 match 0
007534 LEAD S1: prevLog &raft.Entry{Command:interface {}(nil), Term:0, Index:0}
007534 LEAD S1: prevLog &raft.Entry{Command:interface {}(nil), Term:0, Index:0}
007535 INFO S2: (term 1) follower 收到 [1] AppendEntries [], prevIndex 0, prevTerm 0
007535 LEAD S1: 2 append success next 1 match 0
007535 INFO S0: (term 1) follower 收到 [1] AppendEntries [], prevIndex 0, prevTerm 0
007536 LEAD S1: 0 append success next 1 match 0
008036 LEAD S1: prevLog &raft.Entry{Command:interface {}(nil), Term:0, Index:0}
008037 LEAD S1: prevLog &raft.Entry{Command:interface {}(nil), Term:0, Index:0}
008037 INFO S2: (term 1) follower 收到 [1] AppendEntries [], prevIndex 0, prevTerm 0
008037 LEAD S1: 2 append success next 1 match 0
008038 INFO S0: (term 1) follower 收到 [1] AppendEntries [], prevIndex 0, prevTerm 0
008038 LEAD S1: 0 append success next 1 match 0
008538 LEAD S1: prevLog &raft.Entry{Command:interface {}(nil), Term:0, Index:0}
008539 LEAD S1: prevLog &raft.Entry{Command:interface {}(nil), Term:0, Index:0}
008539 INFO S2: (term 1) follower 收到 [1] AppendEntries [], prevIndex 0, prevTerm 0
008540 INFO S0: (term 1) follower 收到 [1] AppendEntries [], prevIndex 0, prevTerm 0
008540 LEAD S1: 2 append success next 1 match 0
008541 LEAD S1: 0 append success next 1 match 0
009041 LEAD S1: prevLog &raft.Entry{Command:interface {}(nil), Term:0, Index:0}
009041 LEAD S1: prevLog &raft.Entry{Command:interface {}(nil), Term:0, Index:0}
009042 INFO S2: (term 1) follower 收到 [1] AppendEntries [], prevIndex 0, prevTerm 0
009042 LEAD S1: 2 append success next 1 match 0
009042 INFO S0: (term 1) follower 收到 [1] AppendEntries [], prevIndex 0, prevTerm 0
009042 LEAD S1: 0 append success next 1 match 0
009543 LEAD S1: prevLog &raft.Entry{Command:interface {}(nil), Term:0, Index:0}
009543 LEAD S1: prevLog &raft.Entry{Command:interface {}(nil), Term:0, Index:0}
009544 INFO S2: (term 1) follower 收到 [1] AppendEntries [], prevIndex 0, prevTerm 0
009544 LEAD S1: 2 append success next 1 match 0
009545 INFO S0: (term 1) follower 收到 [1] AppendEntries [], prevIndex 0, prevTerm 0
009545 LEAD S1: 0 append success next 1 match 0
010045 LEAD S1: prevLog &raft.Entry{Command:interface {}(nil), Term:0, Index:0}
010045 LEAD S1: prevLog &raft.Entry{Command:interface {}(nil), Term:0, Index:0}
010046 INFO S2: (term 1) follower 收到 [1] AppendEntries [], prevIndex 0, prevTerm 0
010046 LEAD S1: 2 append success next 1 match 0
010046 INFO S0: (term 1) follower 收到 [1] AppendEntries [], prevIndex 0, prevTerm 0
010047 LEAD S1: 0 append success next 1 match 0
010547 LEAD S1: prevLog &raft.Entry{Command:interface {}(nil), Term:0, Index:0}
010547 LEAD S1: prevLog &raft.Entry{Command:interface {}(nil), Term:0, Index:0}
010548 INFO S2: (term 1) follower 收到 [1] AppendEntries [], prevIndex 0, prevTerm 0
010549 INFO S0: (term 1) follower 收到 [1] AppendEntries [], prevIndex 0, prevTerm 0
010549 LEAD S1: 2 append success next 1 match 0
010549 LEAD S1: 0 append success next 1 match 0
011050 LEAD S1: prevLog &raft.Entry{Command:interface {}(nil), Term:0, Index:0}
011050 LEAD S1: prevLog &raft.Entry{Command:interface {}(nil), Term:0, Index:0}
011051 INFO S2: (term 1) follower 收到 [1] AppendEntries [], prevIndex 0, prevTerm 0
011051 LEAD S1: 2 append success next 1 match 0
011051 INFO S0: (term 1) follower 收到 [1] AppendEntries [], prevIndex 0, prevTerm 0
011052 LEAD S1: 0 append success next 1 match 0
011552 LEAD S1: prevLog &raft.Entry{Command:interface {}(nil), Term:0, Index:0}
011552 LEAD S1: prevLog &raft.Entry{Command:interface {}(nil), Term:0, Index:0}
011553 INFO S2: (term 1) follower 收到 [1] AppendEntries [], prevIndex 0, prevTerm 0
011553 LEAD S1: 2 append success next 1 match 0
011553 INFO S0: (term 1) follower 收到 [1] AppendEntries [], prevIndex 0, prevTerm 0
011554 LEAD S1: 0 append success next 1 match 0
012055 LEAD S1: prevLog &raft.Entry{Command:interface {}(nil), Term:0, Index:0}
012055 LEAD S1: prevLog &raft.Entry{Command:interface {}(nil), Term:0, Index:0}
012056 INFO S2: (term 1) follower 收到 [1] AppendEntries [], prevIndex 0, prevTerm 0
012056 LEAD S1: 2 append success next 1 match 0
012056 INFO S0: (term 1) follower 收到 [1] AppendEntries [], prevIndex 0, prevTerm 0
012057 LEAD S1: 0 append success next 1 match 0
012557 LEAD S1: prevLog &raft.Entry{Command:interface {}(nil), Term:0, Index:0}
012557 LEAD S1: prevLog &raft.Entry{Command:interface {}(nil), Term:0, Index:0}
012558 INFO S2: (term 1) follower 收到 [1] AppendEntries [], prevIndex 0, prevTerm 0
012558 LEAD S1: 2 append success next 1 match 0
012559 INFO S0: (term 1) follower 收到 [1] AppendEntries [], prevIndex 0, prevTerm 0
012559 LEAD S1: 0 append success next 1 match 0
013059 LEAD S1: prevLog &raft.Entry{Command:interface {}(nil), Term:0, Index:0}
013059 LEAD S1: prevLog &raft.Entry{Command:interface {}(nil), Term:0, Index:0}
013060 INFO S2: (term 1) follower 收到 [1] AppendEntries [], prevIndex 0, prevTerm 0
013060 LEAD S1: 2 append success next 1 match 0
013060 INFO S0: (term 1) follower 收到 [1] AppendEntries [], prevIndex 0, prevTerm 0
013061 LEAD S1: 0 append success next 1 match 0
013561 LEAD S1: prevLog &raft.Entry{Command:interface {}(nil), Term:0, Index:0}
013561 LEAD S1: prevLog &raft.Entry{Command:interface {}(nil), Term:0, Index:0}
013562 INFO S2: (term 1) follower 收到 [1] AppendEntries [], prevIndex 0, prevTerm 0
013562 LEAD S1: 2 append success next 1 match 0
013563 INFO S0: (term 1) follower 收到 [1] AppendEntries [], prevIndex 0, prevTerm 0
013563 LEAD S1: 0 append success next 1 match 0
014063 LEAD S1: prevLog &raft.Entry{Command:interface {}(nil), Term:0, Index:0}
014064 LEAD S1: prevLog &raft.Entry{Command:interface {}(nil), Term:0, Index:0}
014064 INFO S2: (term 1) follower 收到 [1] AppendEntries [], prevIndex 0, prevTerm 0
014065 LEAD S1: 2 append success next 1 match 0
014065 INFO S0: (term 1) follower 收到 [1] AppendEntries [], prevIndex 0, prevTerm 0
014065 LEAD S1: 0 append success next 1 match 0
014566 LEAD S1: prevLog &raft.Entry{Command:interface {}(nil), Term:0, Index:0}
014566 LEAD S1: prevLog &raft.Entry{Command:interface {}(nil), Term:0, Index:0}
014567 INFO S2: (term 1) follower 收到 [1] AppendEntries [], prevIndex 0, prevTerm 0
014567 LEAD S1: 2 append success next 1 match 0
014567 INFO S0: (term 1) follower 收到 [1] AppendEntries [], prevIndex 0, prevTerm 0
014567 LEAD S1: 0 append success next 1 match 0
015068 LEAD S1: prevLog &raft.Entry{Command:interface {}(nil), Term:0, Index:0}
015068 LEAD S1: prevLog &raft.Entry{Command:interface {}(nil), Term:0, Index:0}
015069 INFO S2: (term 1) follower 收到 [1] AppendEntries [], prevIndex 0, prevTerm 0
015069 LEAD S1: 2 append success next 1 match 0
015070 INFO S0: (term 1) follower 收到 [1] AppendEntries [], prevIndex 0, prevTerm 0
015070 LEAD S1: 0 append success next 1 match 0
015571 LEAD S1: prevLog &raft.Entry{Command:interface {}(nil), Term:0, Index:0}
015571 LEAD S1: prevLog &raft.Entry{Command:interface {}(nil), Term:0, Index:0}
015572 INFO S0: (term 1) follower 收到 [1] AppendEntries [], prevIndex 0, prevTerm 0
015572 LEAD S1: 0 append success next 1 match 0
015572 INFO S2: (term 1) follower 收到 [1] AppendEntries [], prevIndex 0, prevTerm 0
015572 LEAD S1: 2 append success next 1 match 0
016073 LEAD S1: prevLog &raft.Entry{Command:interface {}(nil), Term:0, Index:0}
016073 LEAD S1: prevLog &raft.Entry{Command:interface {}(nil), Term:0, Index:0}
016074 INFO S2: (term 1) follower 收到 [1] AppendEntries [], prevIndex 0, prevTerm 0
016075 LEAD S1: 2 append success next 1 match 0
016075 INFO S0: (term 1) follower 收到 [1] AppendEntries [], prevIndex 0, prevTerm 0
016075 LEAD S1: 0 append success next 1 match 0
016575 LEAD S1: prevLog &raft.Entry{Command:interface {}(nil), Term:0, Index:0}
016575 LEAD S1: prevLog &raft.Entry{Command:interface {}(nil), Term:0, Index:0}
016575 INFO S0: (term 1) follower 收到 [1] AppendEntries [], prevIndex 0, prevTerm 0
016575 INFO S2: (term 1) follower 收到 [1] AppendEntries [], prevIndex 0, prevTerm 0
016576 LEAD S1: 0 append success next 1 match 0
016576 LEAD S1: 2 append success next 1 match 0
017076 LEAD S1: prevLog &raft.Entry{Command:interface {}(nil), Term:0, Index:0}
017077 LEAD S1: prevLog &raft.Entry{Command:interface {}(nil), Term:0, Index:0}
017077 INFO S2: (term 1) follower 收到 [1] AppendEntries [], prevIndex 0, prevTerm 0
017078 INFO S0: (term 1) follower 收到 [1] AppendEntries [], prevIndex 0, prevTerm 0
017078 LEAD S1: 2 append success next 1 match 0
017078 LEAD S1: 0 append success next 1 match 0
017579 LEAD S1: prevLog &raft.Entry{Command:interface {}(nil), Term:0, Index:0}
017579 LEAD S1: prevLog &raft.Entry{Command:interface {}(nil), Term:0, Index:0}
017579 INFO S0: (term 1) follower 收到 [1] AppendEntries [], prevIndex 0, prevTerm 0
017579 LEAD S1: 0 append success next 1 match 0
017580 INFO S2: (term 1) follower 收到 [1] AppendEntries [], prevIndex 0, prevTerm 0
017580 LEAD S1: 2 append success next 1 match 0
018081 LEAD S1: prevLog &raft.Entry{Command:interface {}(nil), Term:0, Index:0}
018081 LEAD S1: prevLog &raft.Entry{Command:interface {}(nil), Term:0, Index:0}
018082 INFO S2: (term 1) follower 收到 [1] AppendEntries [], prevIndex 0, prevTerm 0
018082 LEAD S1: 2 append success next 1 match 0
018082 INFO S0: (term 1) follower 收到 [1] AppendEntries [], prevIndex 0, prevTerm 0
018083 LEAD S1: 0 append success next 1 match 0
018583 LEAD S1: prevLog &raft.Entry{Command:interface {}(nil), Term:0, Index:0}
018584 LEAD S1: prevLog &raft.Entry{Command:interface {}(nil), Term:0, Index:0}
018584 INFO S2: (term 1) follower 收到 [1] AppendEntries [], prevIndex 0, prevTerm 0
018585 LEAD S1: 2 append success next 1 match 0
018585 INFO S0: (term 1) follower 收到 [1] AppendEntries [], prevIndex 0, prevTerm 0
018585 LEAD S1: 0 append success next 1 match 0
019086 LEAD S1: prevLog &raft.Entry{Command:interface {}(nil), Term:0, Index:0}
019086 LEAD S1: prevLog &raft.Entry{Command:interface {}(nil), Term:0, Index:0}
019086 INFO S2: (term 1) follower 收到 [1] AppendEntries [], prevIndex 0, prevTerm 0
019087 INFO S0: (term 1) follower 收到 [1] AppendEntries [], prevIndex 0, prevTerm 0
019087 LEAD S1: 2 append success next 1 match 0
019088 LEAD S1: 0 append success next 1 match 0
019588 LEAD S1: prevLog &raft.Entry{Command:interface {}(nil), Term:0, Index:0}
019588 LEAD S1: prevLog &raft.Entry{Command:interface {}(nil), Term:0, Index:0}
019589 INFO S0: (term 1) follower 收到 [1] AppendEntries [], prevIndex 0, prevTerm 0
019590 LEAD S1: 0 append success next 1 match 0
019589 INFO S2: (term 1) follower 收到 [1] AppendEntries [], prevIndex 0, prevTerm 0
019591 LEAD S1: 2 append success next 1 match 0
020091 LEAD S1: prevLog &raft.Entry{Command:interface {}(nil), Term:0, Index:0}
020091 LEAD S1: prevLog &raft.Entry{Command:interface {}(nil), Term:0, Index:0}
020093 INFO S0: (term 1) follower 收到 [1] AppendEntries [], prevIndex 0, prevTerm 0
020093 INFO S2: (term 1) follower 收到 [1] AppendEntries [], prevIndex 0, prevTerm 0
020094 LEAD S1: 0 append success next 1 match 0
020095 LEAD S1: 2 append success next 1 match 0
020593 LEAD S1: prevLog &raft.Entry{Command:interface {}(nil), Term:0, Index:0}
020594 LEAD S1: prevLog &raft.Entry{Command:interface {}(nil), Term:0, Index:0}
020595 INFO S0: (term 1) follower 收到 [1] AppendEntries [], prevIndex 0, prevTerm 0
020595 INFO S2: (term 1) follower 收到 [1] AppendEntries [], prevIndex 0, prevTerm 0
020595 LEAD S1: 0 append success next 1 match 0
020596 LEAD S1: 2 append success next 1 match 0
021096 LEAD S1: prevLog &raft.Entry{Command:interface {}(nil), Term:0, Index:0}
021096 LEAD S1: prevLog &raft.Entry{Command:interface {}(nil), Term:0, Index:0}
021097 INFO S2: (term 1) follower 收到 [1] AppendEntries [], prevIndex 0, prevTerm 0
021097 LEAD S1: 2 append success next 1 match 0
021097 INFO S0: (term 1) follower 收到 [1] AppendEntries [], prevIndex 0, prevTerm 0
021097 LEAD S1: 0 append success next 1 match 0
021598 LEAD S1: prevLog &raft.Entry{Command:interface {}(nil), Term:0, Index:0}
021598 LEAD S1: prevLog &raft.Entry{Command:interface {}(nil), Term:0, Index:0}
021599 INFO S2: (term 1) follower 收到 [1] AppendEntries [], prevIndex 0, prevTerm 0
021600 LEAD S1: 2 append success next 1 match 0
021600 INFO S0: (term 1) follower 收到 [1] AppendEntries [], prevIndex 0, prevTerm 0
021602 LEAD S1: 0 append success next 1 match 0
022100 LEAD S1: prevLog &raft.Entry{Command:interface {}(nil), Term:0, Index:0}
022100 LEAD S1: prevLog &raft.Entry{Command:interface {}(nil), Term:0, Index:0}
022101 INFO S2: (term 1) follower 收到 [1] AppendEntries [], prevIndex 0, prevTerm 0
022101 LEAD S1: 2 append success next 1 match 0
022101 INFO S0: (term 1) follower 收到 [1] AppendEntries [], prevIndex 0, prevTerm 0
022102 LEAD S1: 0 append success next 1 match 0
022602 LEAD S1: prevLog &raft.Entry{Command:interface {}(nil), Term:0, Index:0}
022603 LEAD S1: prevLog &raft.Entry{Command:interface {}(nil), Term:0, Index:0}
022603 INFO S2: (term 1) follower 收到 [1] AppendEntries [], prevIndex 0, prevTerm 0
022604 LEAD S1: 2 append success next 1 match 0
022604 INFO S0: (term 1) follower 收到 [1] AppendEntries [], prevIndex 0, prevTerm 0
022604 LEAD S1: 0 append success next 1 match 0
023105 LEAD S1: prevLog &raft.Entry{Command:interface {}(nil), Term:0, Index:0}
023105 LEAD S1: prevLog &raft.Entry{Command:interface {}(nil), Term:0, Index:0}
023107 INFO S2: (term 1) follower 收到 [1] AppendEntries [], prevIndex 0, prevTerm 0
023107 INFO S0: (term 1) follower 收到 [1] AppendEntries [], prevIndex 0, prevTerm 0
023108 LEAD S1: 2 append success next 1 match 0
023108 LEAD S1: 0 append success next 1 match 0
023608 LEAD S1: prevLog &raft.Entry{Command:interface {}(nil), Term:0, Index:0}
023609 LEAD S1: prevLog &raft.Entry{Command:interface {}(nil), Term:0, Index:0}
023611 INFO S2: (term 1) follower 收到 [1] AppendEntries [], prevIndex 0, prevTerm 0
023612 INFO S0: (term 1) follower 收到 [1] AppendEntries [], prevIndex 0, prevTerm 0
023613 LEAD S1: 2 append success next 1 match 0
023614 LEAD S1: 0 append success next 1 match 0
024116 LEAD S1: prevLog &raft.Entry{Command:interface {}(nil), Term:0, Index:0}
024117 LEAD S1: prevLog &raft.Entry{Command:interface {}(nil), Term:0, Index:0}
024120 INFO S2: (term 1) follower 收到 [1] AppendEntries [], prevIndex 0, prevTerm 0
024121 INFO S0: (term 1) follower 收到 [1] AppendEntries [], prevIndex 0, prevTerm 0
024122 LEAD S1: 2 append success next 1 match 0
024123 LEAD S1: 0 append success next 1 match 0
024620 LEAD S1: prevLog &raft.Entry{Command:interface {}(nil), Term:0, Index:0}
024620 LEAD S1: prevLog &raft.Entry{Command:interface {}(nil), Term:0, Index:0}
024621 INFO S2: (term 1) follower 收到 [1] AppendEntries [], prevIndex 0, prevTerm 0
024621 INFO S0: (term 1) follower 收到 [1] AppendEntries [], prevIndex 0, prevTerm 0
024621 LEAD S1: 2 append success next 1 match 0
024621 LEAD S1: 0 append success next 1 match 0
025122 LEAD S1: prevLog &raft.Entry{Command:interface {}(nil), Term:0, Index:0}
025122 LEAD S1: prevLog &raft.Entry{Command:interface {}(nil), Term:0, Index:0}
025123 INFO S2: (term 1) follower 收到 [1] AppendEntries [], prevIndex 0, prevTerm 0
025123 LEAD S1: 2 append success next 1 match 0
025123 INFO S0: (term 1) follower 收到 [1] AppendEntries [], prevIndex 0, prevTerm 0
025123 LEAD S1: 0 append success next 1 match 0
025625 LEAD S1: prevLog &raft.Entry{Command:interface {}(nil), Term:0, Index:0}
025625 LEAD S1: prevLog &raft.Entry{Command:interface {}(nil), Term:0, Index:0}
025626 INFO S2: (term 1) follower 收到 [1] AppendEntries [], prevIndex 0, prevTerm 0
025627 LEAD S1: 2 append success next 1 match 0
025627 INFO S0: (term 1) follower 收到 [1] AppendEntries [], prevIndex 0, prevTerm 0
025628 LEAD S1: 0 append success next 1 match 0
026127 LEAD S1: prevLog &raft.Entry{Command:interface {}(nil), Term:0, Index:0}
026127 LEAD S1: prevLog &raft.Entry{Command:interface {}(nil), Term:0, Index:0}
026129 INFO S2: (term 1) follower 收到 [1] AppendEntries [], prevIndex 0, prevTerm 0
026129 LEAD S1: 2 append success next 1 match 0
026129 INFO S0: (term 1) follower 收到 [1] AppendEntries [], prevIndex 0, prevTerm 0
026130 LEAD S1: 0 append success next 1 match 0
026630 LEAD S1: prevLog &raft.Entry{Command:interface {}(nil), Term:0, Index:0}
026630 LEAD S1: prevLog &raft.Entry{Command:interface {}(nil), Term:0, Index:0}
026631 INFO S2: (term 1) follower 收到 [1] AppendEntries [], prevIndex 0, prevTerm 0
026631 LEAD S1: 2 append success next 1 match 0
026631 INFO S0: (term 1) follower 收到 [1] AppendEntries [], prevIndex 0, prevTerm 0
026632 LEAD S1: 0 append success next 1 match 0
027132 LEAD S1: prevLog &raft.Entry{Command:interface {}(nil), Term:0, Index:0}
027132 LEAD S1: prevLog &raft.Entry{Command:interface {}(nil), Term:0, Index:0}
027133 INFO S2: (term 1) follower 收到 [1] AppendEntries [], prevIndex 0, prevTerm 0
027133 LEAD S1: 2 append success next 1 match 0
027133 INFO S0: (term 1) follower 收到 [1] AppendEntries [], prevIndex 0, prevTerm 0
027134 LEAD S1: 0 append success next 1 match 0
027634 LEAD S1: prevLog &raft.Entry{Command:interface {}(nil), Term:0, Index:0}
027634 LEAD S1: prevLog &raft.Entry{Command:interface {}(nil), Term:0, Index:0}
027635 INFO S2: (term 1) follower 收到 [1] AppendEntries [], prevIndex 0, prevTerm 0
027635 LEAD S1: 2 append success next 1 match 0
027636 INFO S0: (term 1) follower 收到 [1] AppendEntries [], prevIndex 0, prevTerm 0
027636 LEAD S1: 0 append success next 1 match 0
028137 LEAD S1: prevLog &raft.Entry{Command:interface {}(nil), Term:0, Index:0}
028138 LEAD S1: prevLog &raft.Entry{Command:interface {}(nil), Term:0, Index:0}
028138 INFO S2: (term 1) follower 收到 [1] AppendEntries [], prevIndex 0, prevTerm 0
028139 LEAD S1: 2 append success next 1 match 0
028139 INFO S0: (term 1) follower 收到 [1] AppendEntries [], prevIndex 0, prevTerm 0
028139 LEAD S1: 0 append success next 1 match 0
028640 LEAD S1: prevLog &raft.Entry{Command:interface {}(nil), Term:0, Index:0}
028640 LEAD S1: prevLog &raft.Entry{Command:interface {}(nil), Term:0, Index:0}
028641 INFO S2: (term 1) follower 收到 [1] AppendEntries [], prevIndex 0, prevTerm 0
028641 LEAD S1: 2 append success next 1 match 0
028641 INFO S0: (term 1) follower 收到 [1] AppendEntries [], prevIndex 0, prevTerm 0
028642 LEAD S1: 0 append success next 1 match 0
029142 LEAD S1: prevLog &raft.Entry{Command:interface {}(nil), Term:0, Index:0}
029142 LEAD S1: prevLog &raft.Entry{Command:interface {}(nil), Term:0, Index:0}
029143 INFO S2: (term 1) follower 收到 [1] AppendEntries [], prevIndex 0, prevTerm 0
029143 INFO S0: (term 1) follower 收到 [1] AppendEntries [], prevIndex 0, prevTerm 0
029143 LEAD S1: 2 append success next 1 match 0
029144 LEAD S1: 0 append success next 1 match 0
029645 LEAD S1: prevLog &raft.Entry{Command:interface {}(nil), Term:0, Index:0}
029645 LEAD S1: prevLog &raft.Entry{Command:interface {}(nil), Term:0, Index:0}
029646 INFO S2: (term 1) follower 收到 [1] AppendEntries [], prevIndex 0, prevTerm 0
029647 LEAD S1: 2 append success next 1 match 0
029647 INFO S0: (term 1) follower 收到 [1] AppendEntries [], prevIndex 0, prevTerm 0
029647 LEAD S1: 0 append success next 1 match 0
030148 LEAD S1: prevLog &raft.Entry{Command:interface {}(nil), Term:0, Index:0}
030148 LEAD S1: prevLog &raft.Entry{Command:interface {}(nil), Term:0, Index:0}
030149 INFO S2: (term 1) follower 收到 [1] AppendEntries [], prevIndex 0, prevTerm 0
030149 LEAD S1: 2 append success next 1 match 0
030149 INFO S0: (term 1) follower 收到 [1] AppendEntries [], prevIndex 0, prevTerm 0
030150 LEAD S1: 0 append success next 1 match 0
030651 LEAD S1: prevLog &raft.Entry{Command:interface {}(nil), Term:0, Index:0}
030652 LEAD S1: prevLog &raft.Entry{Command:interface {}(nil), Term:0, Index:0}
030654 INFO S2: (term 1) follower 收到 [1] AppendEntries [], prevIndex 0, prevTerm 0
030654 INFO S0: (term 1) follower 收到 [1] AppendEntries [], prevIndex 0, prevTerm 0
030655 LEAD S1: 2 append success next 1 match 0
030655 LEAD S1: 0 append success next 1 match 0
031156 LEAD S1: prevLog &raft.Entry{Command:interface {}(nil), Term:0, Index:0}
031156 LEAD S1: prevLog &raft.Entry{Command:interface {}(nil), Term:0, Index:0}
031159 INFO S2: (term 1) follower 收到 [1] AppendEntries [], prevIndex 0, prevTerm 0
031159 INFO S0: (term 1) follower 收到 [1] AppendEntries [], prevIndex 0, prevTerm 0
031160 LEAD S1: 2 append success next 1 match 0
031161 LEAD S1: 0 append success next 1 match 0
031660 LEAD S1: prevLog &raft.Entry{Command:interface {}(nil), Term:0, Index:0}
031660 LEAD S1: prevLog &raft.Entry{Command:interface {}(nil), Term:0, Index:0}
031662 INFO S2: (term 1) follower 收到 [1] AppendEntries [], prevIndex 0, prevTerm 0
031662 INFO S0: (term 1) follower 收到 [1] AppendEntries [], prevIndex 0, prevTerm 0
031663 LEAD S1: 0 append success next 1 match 0
031663 LEAD S1: 2 append success next 1 match 0
032163 LEAD S1: prevLog &raft.Entry{Command:interface {}(nil), Term:0, Index:0}
032163 LEAD S1: prevLog &raft.Entry{Command:interface {}(nil), Term:0, Index:0}
032164 INFO S2: (term 1) follower 收到 [1] AppendEntries [], prevIndex 0, prevTerm 0
032165 LEAD S1: 2 append success next 1 match 0
032165 INFO S0: (term 1) follower 收到 [1] AppendEntries [], prevIndex 0, prevTerm 0
032166 LEAD S1: 0 append success next 1 match 0
032667 LEAD S1: prevLog &raft.Entry{Command:interface {}(nil), Term:0, Index:0}
032668 LEAD S1: prevLog &raft.Entry{Command:interface {}(nil), Term:0, Index:0}
032669 INFO S2: (term 1) follower 收到 [1] AppendEntries [], prevIndex 0, prevTerm 0
032670 INFO S0: (term 1) follower 收到 [1] AppendEntries [], prevIndex 0, prevTerm 0
032670 LEAD S1: 2 append success next 1 match 0
032671 LEAD S1: 0 append success next 1 match 0
033170 LEAD S1: prevLog &raft.Entry{Command:interface {}(nil), Term:0, Index:0}
033171 LEAD S1: prevLog &raft.Entry{Command:interface {}(nil), Term:0, Index:0}
033172 INFO S2: (term 1) follower 收到 [1] AppendEntries [], prevIndex 0, prevTerm 0
033172 INFO S0: (term 1) follower 收到 [1] AppendEntries [], prevIndex 0, prevTerm 0
033173 LEAD S1: 0 append success next 1 match 0
033173 LEAD S1: 2 append success next 1 match 0
033673 LEAD S1: prevLog &raft.Entry{Command:interface {}(nil), Term:0, Index:0}
033673 LEAD S1: prevLog &raft.Entry{Command:interface {}(nil), Term:0, Index:0}
033674 INFO S2: (term 1) follower 收到 [1] AppendEntries [], prevIndex 0, prevTerm 0
033674 LEAD S1: 2 append success next 1 match 0
033674 INFO S0: (term 1) follower 收到 [1] AppendEntries [], prevIndex 0, prevTerm 0
033675 LEAD S1: 0 append success next 1 match 0
034175 LEAD S1: prevLog &raft.Entry{Command:interface {}(nil), Term:0, Index:0}
034176 LEAD S1: prevLog &raft.Entry{Command:interface {}(nil), Term:0, Index:0}
034176 INFO S2: (term 1) follower 收到 [1] AppendEntries [], prevIndex 0, prevTerm 0
034177 LEAD S1: 2 append success next 1 match 0
034177 INFO S0: (term 1) follower 收到 [1] AppendEntries [], prevIndex 0, prevTerm 0
034177 LEAD S1: 0 append success next 1 match 0
034678 LEAD S1: prevLog &raft.Entry{Command:interface {}(nil), Term:0, Index:0}
034678 LEAD S1: prevLog &raft.Entry{Command:interface {}(nil), Term:0, Index:0}
034679 INFO S2: (term 1) follower 收到 [1] AppendEntries [], prevIndex 0, prevTerm 0
034679 LEAD S1: 2 append success next 1 match 0
034679 INFO S0: (term 1) follower 收到 [1] AppendEntries [], prevIndex 0, prevTerm 0
034679 LEAD S1: 0 append success next 1 match 0
035180 LEAD S1: prevLog &raft.Entry{Command:interface {}(nil), Term:0, Index:0}
035180 LEAD S1: prevLog &raft.Entry{Command:interface {}(nil), Term:0, Index:0}
035181 INFO S2: (term 1) follower 收到 [1] AppendEntries [], prevIndex 0, prevTerm 0
035183 INFO S0: (term 1) follower 收到 [1] AppendEntries [], prevIndex 0, prevTerm 0
035183 LEAD S1: 2 append success next 1 match 0
035184 LEAD S1: 0 append success next 1 match 0
035680 LEAD S1: prevLog &raft.Entry{Command:interface {}(nil), Term:0, Index:0}
035681 LEAD S1: prevLog &raft.Entry{Command:interface {}(nil), Term:0, Index:0}
035683 INFO S2: (term 1) follower 收到 [1] AppendEntries [], prevIndex 0, prevTerm 0
035683 INFO S0: (term 1) follower 收到 [1] AppendEntries [], prevIndex 0, prevTerm 0
035683 LEAD S1: 0 append success next 1 match 0
035684 LEAD S1: 2 append success next 1 match 0
036185 LEAD S1: prevLog &raft.Entry{Command:interface {}(nil), Term:0, Index:0}
036185 LEAD S1: prevLog &raft.Entry{Command:interface {}(nil), Term:0, Index:0}
036186 INFO S2: (term 1) follower 收到 [1] AppendEntries [], prevIndex 0, prevTerm 0
036187 LEAD S1: 2 append success next 1 match 0
036187 INFO S0: (term 1) follower 收到 [1] AppendEntries [], prevIndex 0, prevTerm 0
036188 LEAD S1: 0 append success next 1 match 0
036689 LEAD S1: prevLog &raft.Entry{Command:interface {}(nil), Term:0, Index:0}
036689 LEAD S1: prevLog &raft.Entry{Command:interface {}(nil), Term:0, Index:0}
036689 INFO S2: (term 1) follower 收到 [1] AppendEntries [], prevIndex 0, prevTerm 0
036690 LEAD S1: 2 append success next 1 match 0
036690 INFO S0: (term 1) follower 收到 [1] AppendEntries [], prevIndex 0, prevTerm 0
036690 LEAD S1: 0 append success next 1 match 0
037191 LEAD S1: prevLog &raft.Entry{Command:interface {}(nil), Term:0, Index:0}
037191 LEAD S1: prevLog &raft.Entry{Command:interface {}(nil), Term:0, Index:0}
037191 INFO S2: (term 1) follower 收到 [1] AppendEntries [], prevIndex 0, prevTerm 0
037192 LEAD S1: 2 append success next 1 match 0
037192 INFO S0: (term 1) follower 收到 [1] AppendEntries [], prevIndex 0, prevTerm 0
037192 LEAD S1: 0 append success next 1 match 0
037693 LEAD S1: prevLog &raft.Entry{Command:interface {}(nil), Term:0, Index:0}
037693 LEAD S1: prevLog &raft.Entry{Command:interface {}(nil), Term:0, Index:0}
037694 INFO S2: (term 1) follower 收到 [1] AppendEntries [], prevIndex 0, prevTerm 0
037694 LEAD S1: 2 append success next 1 match 0
037694 INFO S0: (term 1) follower 收到 [1] AppendEntries [], prevIndex 0, prevTerm 0
037694 LEAD S1: 0 append success next 1 match 0
038195 LEAD S1: prevLog &raft.Entry{Command:interface {}(nil), Term:0, Index:0}
038195 LEAD S1: prevLog &raft.Entry{Command:interface {}(nil), Term:0, Index:0}
038196 INFO S2: (term 1) follower 收到 [1] AppendEntries [], prevIndex 0, prevTerm 0
038196 LEAD S1: 2 append success next 1 match 0
038196 INFO S0: (term 1) follower 收到 [1] AppendEntries [], prevIndex 0, prevTerm 0
038197 LEAD S1: 0 append success next 1 match 0
038697 LEAD S1: prevLog &raft.Entry{Command:interface {}(nil), Term:0, Index:0}
038697 LEAD S1: prevLog &raft.Entry{Command:interface {}(nil), Term:0, Index:0}
038698 INFO S2: (term 1) follower 收到 [1] AppendEntries [], prevIndex 0, prevTerm 0
038698 LEAD S1: 2 append success next 1 match 0
038698 INFO S0: (term 1) follower 收到 [1] AppendEntries [], prevIndex 0, prevTerm 0
038699 LEAD S1: 0 append success next 1 match 0
039199 LEAD S1: prevLog &raft.Entry{Command:interface {}(nil), Term:0, Index:0}
039199 LEAD S1: prevLog &raft.Entry{Command:interface {}(nil), Term:0, Index:0}
039200 INFO S0: (term 1) follower 收到 [1] AppendEntries [], prevIndex 0, prevTerm 0
039200 INFO S2: (term 1) follower 收到 [1] AppendEntries [], prevIndex 0, prevTerm 0
039200 LEAD S1: 0 append success next 1 match 0
039201 LEAD S1: 2 append success next 1 match 0
039703 LEAD S1: prevLog &raft.Entry{Command:interface {}(nil), Term:0, Index:0}
039704 LEAD S1: prevLog &raft.Entry{Command:interface {}(nil), Term:0, Index:0}
039705 INFO S2: (term 1) follower 收到 [1] AppendEntries [], prevIndex 0, prevTerm 0
039706 INFO S0: (term 1) follower 收到 [1] AppendEntries [], prevIndex 0, prevTerm 0
039706 LEAD S1: 2 append success next 1 match 0
039707 LEAD S1: 0 append success next 1 match 0
040207 LEAD S1: prevLog &raft.Entry{Command:interface {}(nil), Term:0, Index:0}
040208 LEAD S1: prevLog &raft.Entry{Command:interface {}(nil), Term:0, Index:0}
040209 INFO S2: (term 1) follower 收到 [1] AppendEntries [], prevIndex 0, prevTerm 0
040209 LEAD S1: 2 append success next 1 match 0
040209 INFO S0: (term 1) follower 收到 [1] AppendEntries [], prevIndex 0, prevTerm 0
040210 LEAD S1: 0 append success next 1 match 0
040710 LEAD S1: prevLog &raft.Entry{Command:interface {}(nil), Term:0, Index:0}
040710 LEAD S1: prevLog &raft.Entry{Command:interface {}(nil), Term:0, Index:0}
040711 INFO S2: (term 1) follower 收到 [1] AppendEntries [], prevIndex 0, prevTerm 0
040711 LEAD S1: 2 append success next 1 match 0
040711 INFO S0: (term 1) follower 收到 [1] AppendEntries [], prevIndex 0, prevTerm 0
040712 LEAD S1: 0 append success next 1 match 0
041213 LEAD S1: prevLog &raft.Entry{Command:interface {}(nil), Term:0, Index:0}
041213 LEAD S1: prevLog &raft.Entry{Command:interface {}(nil), Term:0, Index:0}
041214 INFO S2: (term 1) follower 收到 [1] AppendEntries [], prevIndex 0, prevTerm 0
041215 LEAD S1: 2 append success next 1 match 0
041215 INFO S0: (term 1) follower 收到 [1] AppendEntries [], prevIndex 0, prevTerm 0
041216 LEAD S1: 0 append success next 1 match 0
041716 LEAD S1: prevLog &raft.Entry{Command:interface {}(nil), Term:0, Index:0}
041716 LEAD S1: prevLog &raft.Entry{Command:interface {}(nil), Term:0, Index:0}
041717 INFO S2: (term 1) follower 收到 [1] AppendEntries [], prevIndex 0, prevTerm 0
041717 LEAD S1: 2 append success next 1 match 0
041717 INFO S0: (term 1) follower 收到 [1] AppendEntries [], prevIndex 0, prevTerm 0
041717 LEAD S1: 0 append success next 1 match 0
042218 LEAD S1: prevLog &raft.Entry{Command:interface {}(nil), Term:0, Index:0}
042218 LEAD S1: prevLog &raft.Entry{Command:interface {}(nil), Term:0, Index:0}
042219 INFO S2: (term 1) follower 收到 [1] AppendEntries [], prevIndex 0, prevTerm 0
042219 LEAD S1: 2 append success next 1 match 0
042219 INFO S0: (term 1) follower 收到 [1] AppendEntries [], prevIndex 0, prevTerm 0
042220 LEAD S1: 0 append success next 1 match 0
042720 LEAD S1: prevLog &raft.Entry{Command:interface {}(nil), Term:0, Index:0}
042720 LEAD S1: prevLog &raft.Entry{Command:interface {}(nil), Term:0, Index:0}
042721 INFO S2: (term 1) follower 收到 [1] AppendEntries [], prevIndex 0, prevTerm 0
042721 LEAD S1: 2 append success next 1 match 0
042721 INFO S0: (term 1) follower 收到 [1] AppendEntries [], prevIndex 0, prevTerm 0
042722 LEAD S1: 0 append success next 1 match 0
043222 LEAD S1: prevLog &raft.Entry{Command:interface {}(nil), Term:0, Index:0}
043222 LEAD S1: prevLog &raft.Entry{Command:interface {}(nil), Term:0, Index:0}
043223 INFO S0: (term 1) follower 收到 [1] AppendEntries [], prevIndex 0, prevTerm 0
043223 INFO S2: (term 1) follower 收到 [1] AppendEntries [], prevIndex 0, prevTerm 0
043223 LEAD S1: 0 append success next 1 match 0
043223 LEAD S1: 2 append success next 1 match 0
043724 LEAD S1: prevLog &raft.Entry{Command:interface {}(nil), Term:0, Index:0}
043724 LEAD S1: prevLog &raft.Entry{Command:interface {}(nil), Term:0, Index:0}
043725 INFO S2: (term 1) follower 收到 [1] AppendEntries [], prevIndex 0, prevTerm 0
043725 INFO S0: (term 1) follower 收到 [1] AppendEntries [], prevIndex 0, prevTerm 0
043726 LEAD S1: 2 append success next 1 match 0
043726 LEAD S1: 0 append success next 1 match 0
044226 LEAD S1: prevLog &raft.Entry{Command:interface {}(nil), Term:0, Index:0}
044227 LEAD S1: prevLog &raft.Entry{Command:interface {}(nil), Term:0, Index:0}
044228 INFO S2: (term 1) follower 收到 [1] AppendEntries [], prevIndex 0, prevTerm 0
044228 INFO S0: (term 1) follower 收到 [1] AppendEntries [], prevIndex 0, prevTerm 0
044228 LEAD S1: 2 append success next 1 match 0
044229 LEAD S1: 0 append success next 1 match 0
044730 LEAD S1: prevLog &raft.Entry{Command:interface {}(nil), Term:0, Index:0}
044730 LEAD S1: prevLog &raft.Entry{Command:interface {}(nil), Term:0, Index:0}
044732 INFO S2: (term 1) follower 收到 [1] AppendEntries [], prevIndex 0, prevTerm 0
044733 LEAD S1: 2 append success next 1 match 0
044733 INFO S0: (term 1) follower 收到 [1] AppendEntries [], prevIndex 0, prevTerm 0
044734 LEAD S1: 0 append success next 1 match 0
045241 LEAD S1: prevLog &raft.Entry{Command:interface {}(nil), Term:0, Index:0}
045241 LEAD S1: prevLog &raft.Entry{Command:interface {}(nil), Term:0, Index:0}
045242 INFO S2: (term 1) follower 收到 [1] AppendEntries [], prevIndex 0, prevTerm 0
045242 LEAD S1: 2 append success next 1 match 0
045242 INFO S0: (term 1) follower 收到 [1] AppendEntries [], prevIndex 0, prevTerm 0
045243 LEAD S1: 0 append success next 1 match 0
045744 LEAD S1: prevLog &raft.Entry{Command:interface {}(nil), Term:0, Index:0}
045744 LEAD S1: prevLog &raft.Entry{Command:interface {}(nil), Term:0, Index:0}
045745 INFO S2: (term 1) follower 收到 [1] AppendEntries [], prevIndex 0, prevTerm 0
045746 LEAD S1: 2 append success next 1 match 0
045746 INFO S0: (term 1) follower 收到 [1] AppendEntries [], prevIndex 0, prevTerm 0
045747 LEAD S1: 0 append success next 1 match 0
046246 LEAD S1: prevLog &raft.Entry{Command:interface {}(nil), Term:0, Index:0}
046246 LEAD S1: prevLog &raft.Entry{Command:interface {}(nil), Term:0, Index:0}
046247 INFO S2: (term 1) follower 收到 [1] AppendEntries [], prevIndex 0, prevTerm 0
046247 LEAD S1: 2 append success next 1 match 0
046247 INFO S0: (term 1) follower 收到 [1] AppendEntries [], prevIndex 0, prevTerm 0
046247 LEAD S1: 0 append success next 1 match 0
046748 LEAD S1: prevLog &raft.Entry{Command:interface {}(nil), Term:0, Index:0}
046748 LEAD S1: prevLog &raft.Entry{Command:interface {}(nil), Term:0, Index:0}
046749 INFO S2: (term 1) follower 收到 [1] AppendEntries [], prevIndex 0, prevTerm 0
046749 LEAD S1: 2 append success next 1 match 0
046749 INFO S0: (term 1) follower 收到 [1] AppendEntries [], prevIndex 0, prevTerm 0
046750 LEAD S1: 0 append success next 1 match 0
047250 LEAD S1: prevLog &raft.Entry{Command:interface {}(nil), Term:0, Index:0}
047250 LEAD S1: prevLog &raft.Entry{Command:interface {}(nil), Term:0, Index:0}
047251 INFO S2: (term 1) follower 收到 [1] AppendEntries [], prevIndex 0, prevTerm 0
047251 LEAD S1: 2 append success next 1 match 0
047251 INFO S0: (term 1) follower 收到 [1] AppendEntries [], prevIndex 0, prevTerm 0
047252 LEAD S1: 0 append success next 1 match 0
047752 LEAD S1: prevLog &raft.Entry{Command:interface {}(nil), Term:0, Index:0}
047753 LEAD S1: prevLog &raft.Entry{Command:interface {}(nil), Term:0, Index:0}
047753 INFO S2: (term 1) follower 收到 [1] AppendEntries [], prevIndex 0, prevTerm 0
047753 LEAD S1: 2 append success next 1 match 0
047754 INFO S0: (term 1) follower 收到 [1] AppendEntries [], prevIndex 0, prevTerm 0
047754 LEAD S1: 0 append success next 1 match 0
048254 LEAD S1: prevLog &raft.Entry{Command:interface {}(nil), Term:0, Index:0}
048255 LEAD S1: prevLog &raft.Entry{Command:interface {}(nil), Term:0, Index:0}
048255 INFO S2: (term 1) follower 收到 [1] AppendEntries [], prevIndex 0, prevTerm 0
048256 LEAD S1: 2 append success next 1 match 0
048256 INFO S0: (term 1) follower 收到 [1] AppendEntries [], prevIndex 0, prevTerm 0
048256 LEAD S1: 0 append success next 1 match 0
048757 LEAD S1: prevLog &raft.Entry{Command:interface {}(nil), Term:0, Index:0}
048757 LEAD S1: prevLog &raft.Entry{Command:interface {}(nil), Term:0, Index:0}
048758 INFO S2: (term 1) follower 收到 [1] AppendEntries [], prevIndex 0, prevTerm 0
048758 LEAD S1: 2 append success next 1 match 0
048759 INFO S0: (term 1) follower 收到 [1] AppendEntries [], prevIndex 0, prevTerm 0
048759 LEAD S1: 0 append success next 1 match 0
049259 LEAD S1: prevLog &raft.Entry{Command:interface {}(nil), Term:0, Index:0}
049259 LEAD S1: prevLog &raft.Entry{Command:interface {}(nil), Term:0, Index:0}
049260 INFO S2: (term 1) follower 收到 [1] AppendEntries [], prevIndex 0, prevTerm 0
049260 LEAD S1: 2 append success next 1 match 0
049260 INFO S0: (term 1) follower 收到 [1] AppendEntries [], prevIndex 0, prevTerm 0
049261 LEAD S1: 0 append success next 1 match 0
049762 LEAD S1: prevLog &raft.Entry{Command:interface {}(nil), Term:0, Index:0}
049762 LEAD S1: prevLog &raft.Entry{Command:interface {}(nil), Term:0, Index:0}
049763 INFO S2: (term 1) follower 收到 [1] AppendEntries [], prevIndex 0, prevTerm 0
049764 LEAD S1: 2 append success next 1 match 0
049764 INFO S0: (term 1) follower 收到 [1] AppendEntries [], prevIndex 0, prevTerm 0
049764 LEAD S1: 0 append success next 1 match 0
050265 LEAD S1: prevLog &raft.Entry{Command:interface {}(nil), Term:0, Index:0}
050265 LEAD S1: prevLog &raft.Entry{Command:interface {}(nil), Term:0, Index:0}
050266 INFO S2: (term 1) follower 收到 [1] AppendEntries [], prevIndex 0, prevTerm 0
050267 LEAD S1: 2 append success next 1 match 0
050267 INFO S0: (term 1) follower 收到 [1] AppendEntries [], prevIndex 0, prevTerm 0
050268 LEAD S1: 0 append success next 1 match 0
050770 LEAD S1: prevLog &raft.Entry{Command:interface {}(nil), Term:0, Index:0}
050770 LEAD S1: prevLog &raft.Entry{Command:interface {}(nil), Term:0, Index:0}
050771 INFO S2: (term 1) follower 收到 [1] AppendEntries [], prevIndex 0, prevTerm 0
050772 LEAD S1: 2 append success next 1 match 0
050772 INFO S0: (term 1) follower 收到 [1] AppendEntries [], prevIndex 0, prevTerm 0
050773 LEAD S1: 0 append success next 1 match 0
051275 LEAD S1: prevLog &raft.Entry{Command:interface {}(nil), Term:0, Index:0}
051276 LEAD S1: prevLog &raft.Entry{Command:interface {}(nil), Term:0, Index:0}
051277 INFO S2: (term 1) follower 收到 [1] AppendEntries [], prevIndex 0, prevTerm 0
051278 INFO S0: (term 1) follower 收到 [1] AppendEntries [], prevIndex 0, prevTerm 0
051278 LEAD S1: 2 append success next 1 match 0
051279 LEAD S1: 0 append success next 1 match 0
051781 LEAD S1: prevLog &raft.Entry{Command:interface {}(nil), Term:0, Index:0}
051782 LEAD S1: prevLog &raft.Entry{Command:interface {}(nil), Term:0, Index:0}
051783 INFO S2: (term 1) follower 收到 [1] AppendEntries [], prevIndex 0, prevTerm 0
051783 LEAD S1: 2 append success next 1 match 0
051783 INFO S0: (term 1) follower 收到 [1] AppendEntries [], prevIndex 0, prevTerm 0
051784 LEAD S1: 0 append success next 1 match 0
052286 LEAD S1: prevLog &raft.Entry{Command:interface {}(nil), Term:0, Index:0}
052286 LEAD S1: prevLog &raft.Entry{Command:interface {}(nil), Term:0, Index:0}
052288 INFO S2: (term 1) follower 收到 [1] AppendEntries [], prevIndex 0, prevTerm 0
052288 LEAD S1: 2 append success next 1 match 0
052289 INFO S0: (term 1) follower 收到 [1] AppendEntries [], prevIndex 0, prevTerm 0
052290 LEAD S1: 0 append success next 1 match 0
052788 LEAD S1: prevLog &raft.Entry{Command:interface {}(nil), Term:0, Index:0}
052789 LEAD S1: prevLog &raft.Entry{Command:interface {}(nil), Term:0, Index:0}
052789 INFO S2: (term 1) follower 收到 [1] AppendEntries [], prevIndex 0, prevTerm 0
052789 LEAD S1: 2 append success next 1 match 0
052790 INFO S0: (term 1) follower 收到 [1] AppendEntries [], prevIndex 0, prevTerm 0
052790 LEAD S1: 0 append success next 1 match 0
053291 LEAD S1: prevLog &raft.Entry{Command:interface {}(nil), Term:0, Index:0}
053291 LEAD S1: prevLog &raft.Entry{Command:interface {}(nil), Term:0, Index:0}
053292 INFO S2: (term 1) follower 收到 [1] AppendEntries [], prevIndex 0, prevTerm 0
053292 LEAD S1: 2 append success next 1 match 0
053292 INFO S0: (term 1) follower 收到 [1] AppendEntries [], prevIndex 0, prevTerm 0
053293 LEAD S1: 0 append success next 1 match 0
053793 LEAD S1: prevLog &raft.Entry{Command:interface {}(nil), Term:0, Index:0}
053794 LEAD S1: prevLog &raft.Entry{Command:interface {}(nil), Term:0, Index:0}
053794 INFO S2: (term 1) follower 收到 [1] AppendEntries [], prevIndex 0, prevTerm 0
053795 LEAD S1: 2 append success next 1 match 0
053795 INFO S0: (term 1) follower 收到 [1] AppendEntries [], prevIndex 0, prevTerm 0
053795 LEAD S1: 0 append success next 1 match 0
054295 LEAD S1: prevLog &raft.Entry{Command:interface {}(nil), Term:0, Index:0}
054296 LEAD S1: prevLog &raft.Entry{Command:interface {}(nil), Term:0, Index:0}
054296 INFO S2: (term 1) follower 收到 [1] AppendEntries [], prevIndex 0, prevTerm 0
054297 LEAD S1: 2 append success next 1 match 0
054297 INFO S0: (term 1) follower 收到 [1] AppendEntries [], prevIndex 0, prevTerm 0
054297 LEAD S1: 0 append success next 1 match 0
054797 LEAD S1: prevLog &raft.Entry{Command:interface {}(nil), Term:0, Index:0}
054798 LEAD S1: prevLog &raft.Entry{Command:interface {}(nil), Term:0, Index:0}
054798 INFO S2: (term 1) follower 收到 [1] AppendEntries [], prevIndex 0, prevTerm 0
054799 LEAD S1: 2 append success next 1 match 0
054799 INFO S0: (term 1) follower 收到 [1] AppendEntries [], prevIndex 0, prevTerm 0
054799 LEAD S1: 0 append success next 1 match 0
055300 LEAD S1: prevLog &raft.Entry{Command:interface {}(nil), Term:0, Index:0}
055300 LEAD S1: prevLog &raft.Entry{Command:interface {}(nil), Term:0, Index:0}
055301 INFO S2: (term 1) follower 收到 [1] AppendEntries [], prevIndex 0, prevTerm 0
055301 LEAD S1: 2 append success next 1 match 0
055301 INFO S0: (term 1) follower 收到 [1] AppendEntries [], prevIndex 0, prevTerm 0
055302 LEAD S1: 0 append success next 1 match 0
055802 LEAD S1: prevLog &raft.Entry{Command:interface {}(nil), Term:0, Index:0}
055802 LEAD S1: prevLog &raft.Entry{Command:interface {}(nil), Term:0, Index:0}
055803 INFO S2: (term 1) follower 收到 [1] AppendEntries [], prevIndex 0, prevTerm 0
055803 LEAD S1: 2 append success next 1 match 0
055804 INFO S0: (term 1) follower 收到 [1] AppendEntries [], prevIndex 0, prevTerm 0
055804 LEAD S1: 0 append success next 1 match 0
056305 LEAD S1: prevLog &raft.Entry{Command:interface {}(nil), Term:0, Index:0}
056305 LEAD S1: prevLog &raft.Entry{Command:interface {}(nil), Term:0, Index:0}
056306 INFO S2: (term 1) follower 收到 [1] AppendEntries [], prevIndex 0, prevTerm 0
056307 LEAD S1: 2 append success next 1 match 0
056307 INFO S0: (term 1) follower 收到 [1] AppendEntries [], prevIndex 0, prevTerm 0
056308 LEAD S1: 0 append success next 1 match 0
056807 LEAD S1: prevLog &raft.Entry{Command:interface {}(nil), Term:0, Index:0}
056807 LEAD S1: prevLog &raft.Entry{Command:interface {}(nil), Term:0, Index:0}
056808 INFO S2: (term 1) follower 收到 [1] AppendEntries [], prevIndex 0, prevTerm 0
056808 LEAD S1: 2 append success next 1 match 0
056809 INFO S0: (term 1) follower 收到 [1] AppendEntries [], prevIndex 0, prevTerm 0
056809 LEAD S1: 0 append success next 1 match 0
057310 LEAD S1: prevLog &raft.Entry{Command:interface {}(nil), Term:0, Index:0}
057310 LEAD S1: prevLog &raft.Entry{Command:interface {}(nil), Term:0, Index:0}
057311 INFO S2: (term 1) follower 收到 [1] AppendEntries [], prevIndex 0, prevTerm 0
057311 LEAD S1: 2 append success next 1 match 0
057311 INFO S0: (term 1) follower 收到 [1] AppendEntries [], prevIndex 0, prevTerm 0
057312 LEAD S1: 0 append success next 1 match 0
057812 LEAD S1: prevLog &raft.Entry{Command:interface {}(nil), Term:0, Index:0}
057812 LEAD S1: prevLog &raft.Entry{Command:interface {}(nil), Term:0, Index:0}
057812 INFO S2: (term 1) follower 收到 [1] AppendEntries [], prevIndex 0, prevTerm 0
057813 LEAD S1: 2 append success next 1 match 0
057813 INFO S0: (term 1) follower 收到 [1] AppendEntries [], prevIndex 0, prevTerm 0
057813 LEAD S1: 0 append success next 1 match 0
058316 LEAD S1: prevLog &raft.Entry{Command:interface {}(nil), Term:0, Index:0}
058316 LEAD S1: prevLog &raft.Entry{Command:interface {}(nil), Term:0, Index:0}
058317 INFO S2: (term 1) follower 收到 [1] AppendEntries [], prevIndex 0, prevTerm 0
058317 LEAD S1: 2 append success next 1 match 0
058318 INFO S0: (term 1) follower 收到 [1] AppendEntries [], prevIndex 0, prevTerm 0
058318 LEAD S1: 0 append success next 1 match 0
058818 LEAD S1: prevLog &raft.Entry{Command:interface {}(nil), Term:0, Index:0}
058819 LEAD S1: prevLog &raft.Entry{Command:interface {}(nil), Term:0, Index:0}
058819 INFO S2: (term 1) follower 收到 [1] AppendEntries [], prevIndex 0, prevTerm 0
058820 LEAD S1: 2 append success next 1 match 0
058820 INFO S0: (term 1) follower 收到 [1] AppendEntries [], prevIndex 0, prevTerm 0
058820 LEAD S1: 0 append success next 1 match 0
059321 LEAD S1: prevLog &raft.Entry{Command:interface {}(nil), Term:0, Index:0}
059321 LEAD S1: prevLog &raft.Entry{Command:interface {}(nil), Term:0, Index:0}
059321 INFO S2: (term 1) follower 收到 [1] AppendEntries [], prevIndex 0, prevTerm 0
059322 LEAD S1: 2 append success next 1 match 0
059322 INFO S0: (term 1) follower 收到 [1] AppendEntries [], prevIndex 0, prevTerm 0
059322 LEAD S1: 0 append success next 1 match 0
059824 LEAD S1: prevLog &raft.Entry{Command:interface {}(nil), Term:0, Index:0}
059824 LEAD S1: prevLog &raft.Entry{Command:interface {}(nil), Term:0, Index:0}
059824 INFO S2: (term 1) follower 收到 [1] AppendEntries [], prevIndex 0, prevTerm 0
059825 LEAD S1: 2 append success next 1 match 0
059825 INFO S0: (term 1) follower 收到 [1] AppendEntries [], prevIndex 0, prevTerm 0
059825 LEAD S1: 0 append success next 1 match 0
060326 LEAD S1: prevLog &raft.Entry{Command:interface {}(nil), Term:0, Index:0}
060326 LEAD S1: prevLog &raft.Entry{Command:interface {}(nil), Term:0, Index:0}
060327 INFO S2: (term 1) follower 收到 [1] AppendEntries [], prevIndex 0, prevTerm 0
060327 LEAD S1: 2 append success next 1 match 0
060327 INFO S0: (term 1) follower 收到 [1] AppendEntries [], prevIndex 0, prevTerm 0
060328 LEAD S1: 0 append success next 1 match 0
060828 LEAD S1: prevLog &raft.Entry{Command:interface {}(nil), Term:0, Index:0}
060829 LEAD S1: prevLog &raft.Entry{Command:interface {}(nil), Term:0, Index:0}
060829 INFO S2: (term 1) follower 收到 [1] AppendEntries [], prevIndex 0, prevTerm 0
060829 LEAD S1: 2 append success next 1 match 0
060830 INFO S0: (term 1) follower 收到 [1] AppendEntries [], prevIndex 0, prevTerm 0
060830 LEAD S1: 0 append success next 1 match 0
061331 LEAD S1: prevLog &raft.Entry{Command:interface {}(nil), Term:0, Index:0}
061331 LEAD S1: prevLog &raft.Entry{Command:interface {}(nil), Term:0, Index:0}
061332 INFO S2: (term 1) follower 收到 [1] AppendEntries [], prevIndex 0, prevTerm 0
061332 LEAD S1: 2 append success next 1 match 0
061333 INFO S0: (term 1) follower 收到 [1] AppendEntries [], prevIndex 0, prevTerm 0
061333 LEAD S1: 0 append success next 1 match 0
061834 LEAD S1: prevLog &raft.Entry{Command:interface {}(nil), Term:0, Index:0}
061834 LEAD S1: prevLog &raft.Entry{Command:interface {}(nil), Term:0, Index:0}
061835 INFO S2: (term 1) follower 收到 [1] AppendEntries [], prevIndex 0, prevTerm 0
061835 LEAD S1: 2 append success next 1 match 0
061835 INFO S0: (term 1) follower 收到 [1] AppendEntries [], prevIndex 0, prevTerm 0
061836 LEAD S1: 0 append success next 1 match 0
062336 LEAD S1: prevLog &raft.Entry{Command:interface {}(nil), Term:0, Index:0}
062336 LEAD S1: prevLog &raft.Entry{Command:interface {}(nil), Term:0, Index:0}
062337 INFO S2: (term 1) follower 收到 [1] AppendEntries [], prevIndex 0, prevTerm 0
062337 LEAD S1: 2 append success next 1 match 0
062338 INFO S0: (term 1) follower 收到 [1] AppendEntries [], prevIndex 0, prevTerm 0
062338 LEAD S1: 0 append success next 1 match 0
062839 LEAD S1: prevLog &raft.Entry{Command:interface {}(nil), Term:0, Index:0}
062839 LEAD S1: prevLog &raft.Entry{Command:interface {}(nil), Term:0, Index:0}
062839 INFO S2: (term 1) follower 收到 [1] AppendEntries [], prevIndex 0, prevTerm 0
062840 LEAD S1: 2 append success next 1 match 0
062840 INFO S0: (term 1) follower 收到 [1] AppendEntries [], prevIndex 0, prevTerm 0
062840 LEAD S1: 0 append success next 1 match 0
063341 LEAD S1: prevLog &raft.Entry{Command:interface {}(nil), Term:0, Index:0}
063341 LEAD S1: prevLog &raft.Entry{Command:interface {}(nil), Term:0, Index:0}
063342 INFO S2: (term 1) follower 收到 [1] AppendEntries [], prevIndex 0, prevTerm 0
063342 INFO S0: (term 1) follower 收到 [1] AppendEntries [], prevIndex 0, prevTerm 0
063342 LEAD S1: 2 append success next 1 match 0
063343 LEAD S1: 0 append success next 1 match 0
063844 LEAD S1: prevLog &raft.Entry{Command:interface {}(nil), Term:0, Index:0}
063845 LEAD S1: prevLog &raft.Entry{Command:interface {}(nil), Term:0, Index:0}
063846 INFO S2: (term 1) follower 收到 [1] AppendEntries [], prevIndex 0, prevTerm 0
063847 LEAD S1: 2 append success next 1 match 0
063847 INFO S0: (term 1) follower 收到 [1] AppendEntries [], prevIndex 0, prevTerm 0
063848 LEAD S1: 0 append success next 1 match 0
064346 LEAD S1: prevLog &raft.Entry{Command:interface {}(nil), Term:0, Index:0}
064347 LEAD S1: prevLog &raft.Entry{Command:interface {}(nil), Term:0, Index:0}
064347 INFO S2: (term 1) follower 收到 [1] AppendEntries [], prevIndex 0, prevTerm 0
064347 LEAD S1: 2 append success next 1 match 0
064348 INFO S0: (term 1) follower 收到 [1] AppendEntries [], prevIndex 0, prevTerm 0
064348 LEAD S1: 0 append success next 1 match 0
064849 LEAD S1: prevLog &raft.Entry{Command:interface {}(nil), Term:0, Index:0}
064849 LEAD S1: prevLog &raft.Entry{Command:interface {}(nil), Term:0, Index:0}
064850 INFO S2: (term 1) follower 收到 [1] AppendEntries [], prevIndex 0, prevTerm 0
064850 LEAD S1: 2 append success next 1 match 0
064850 INFO S0: (term 1) follower 收到 [1] AppendEntries [], prevIndex 0, prevTerm 0
064850 LEAD S1: 0 append success next 1 match 0
065351 LEAD S1: prevLog &raft.Entry{Command:interface {}(nil), Term:0, Index:0}
065352 LEAD S1: prevLog &raft.Entry{Command:interface {}(nil), Term:0, Index:0}
065352 INFO S0: (term 1) follower 收到 [1] AppendEntries [], prevIndex 0, prevTerm 0
065352 INFO S2: (term 1) follower 收到 [1] AppendEntries [], prevIndex 0, prevTerm 0
065352 LEAD S1: 0 append success next 1 match 0
065353 LEAD S1: 2 append success next 1 match 0
065853 LEAD S1: prevLog &raft.Entry{Command:interface {}(nil), Term:0, Index:0}
065854 LEAD S1: prevLog &raft.Entry{Command:interface {}(nil), Term:0, Index:0}
065854 INFO S2: (term 1) follower 收到 [1] AppendEntries [], prevIndex 0, prevTerm 0
065854 LEAD S1: 2 append success next 1 match 0
065855 INFO S0: (term 1) follower 收到 [1] AppendEntries [], prevIndex 0, prevTerm 0
065855 LEAD S1: 0 append success next 1 match 0
066355 LEAD S1: prevLog &raft.Entry{Command:interface {}(nil), Term:0, Index:0}
066356 LEAD S1: prevLog &raft.Entry{Command:interface {}(nil), Term:0, Index:0}
066356 INFO S2: (term 1) follower 收到 [1] AppendEntries [], prevIndex 0, prevTerm 0
066356 INFO S0: (term 1) follower 收到 [1] AppendEntries [], prevIndex 0, prevTerm 0
066357 LEAD S1: 2 append success next 1 match 0
066357 LEAD S1: 0 append success next 1 match 0
066858 LEAD S1: prevLog &raft.Entry{Command:interface {}(nil), Term:0, Index:0}
066858 LEAD S1: prevLog &raft.Entry{Command:interface {}(nil), Term:0, Index:0}
066859 INFO S2: (term 1) follower 收到 [1] AppendEntries [], prevIndex 0, prevTerm 0
066859 LEAD S1: 2 append success next 1 match 0
066859 INFO S0: (term 1) follower 收到 [1] AppendEntries [], prevIndex 0, prevTerm 0
066859 LEAD S1: 0 append success next 1 match 0
067360 LEAD S1: prevLog &raft.Entry{Command:interface {}(nil), Term:0, Index:0}
067361 LEAD S1: prevLog &raft.Entry{Command:interface {}(nil), Term:0, Index:0}
067362 INFO S2: (term 1) follower 收到 [1] AppendEntries [], prevIndex 0, prevTerm 0
067362 LEAD S1: 2 append success next 1 match 0
067363 INFO S0: (term 1) follower 收到 [1] AppendEntries [], prevIndex 0, prevTerm 0
067363 LEAD S1: 0 append success next 1 match 0
067863 LEAD S1: prevLog &raft.Entry{Command:interface {}(nil), Term:0, Index:0}
067863 LEAD S1: prevLog &raft.Entry{Command:interface {}(nil), Term:0, Index:0}
067864 INFO S2: (term 1) follower 收到 [1] AppendEntries [], prevIndex 0, prevTerm 0
067864 LEAD S1: 2 append success next 1 match 0
067864 INFO S0: (term 1) follower 收到 [1] AppendEntries [], prevIndex 0, prevTerm 0
067865 LEAD S1: 0 append success next 1 match 0
068365 LEAD S1: prevLog &raft.Entry{Command:interface {}(nil), Term:0, Index:0}
068365 LEAD S1: prevLog &raft.Entry{Command:interface {}(nil), Term:0, Index:0}
068366 INFO S2: (term 1) follower 收到 [1] AppendEntries [], prevIndex 0, prevTerm 0
068366 LEAD S1: 2 append success next 1 match 0
068367 INFO S0: (term 1) follower 收到 [1] AppendEntries [], prevIndex 0, prevTerm 0
068367 LEAD S1: 0 append success next 1 match 0
068867 LEAD S1: prevLog &raft.Entry{Command:interface {}(nil), Term:0, Index:0}
068868 LEAD S1: prevLog &raft.Entry{Command:interface {}(nil), Term:0, Index:0}
068868 INFO S2: (term 1) follower 收到 [1] AppendEntries [], prevIndex 0, prevTerm 0
068869 LEAD S1: 2 append success next 1 match 0
068869 INFO S0: (term 1) follower 收到 [1] AppendEntries [], prevIndex 0, prevTerm 0
068869 LEAD S1: 0 append success next 1 match 0
069370 LEAD S1: prevLog &raft.Entry{Command:interface {}(nil), Term:0, Index:0}
069370 LEAD S1: prevLog &raft.Entry{Command:interface {}(nil), Term:0, Index:0}
069371 INFO S2: (term 1) follower 收到 [1] AppendEntries [], prevIndex 0, prevTerm 0
069371 LEAD S1: 2 append success next 1 match 0
069372 INFO S0: (term 1) follower 收到 [1] AppendEntries [], prevIndex 0, prevTerm 0
069372 LEAD S1: 0 append success next 1 match 0
069872 LEAD S1: prevLog &raft.Entry{Command:interface {}(nil), Term:0, Index:0}
069873 LEAD S1: prevLog &raft.Entry{Command:interface {}(nil), Term:0, Index:0}
069873 INFO S2: (term 1) follower 收到 [1] AppendEntries [], prevIndex 0, prevTerm 0
069874 LEAD S1: 2 append success next 1 match 0
069874 INFO S0: (term 1) follower 收到 [1] AppendEntries [], prevIndex 0, prevTerm 0
069874 LEAD S1: 0 append success next 1 match 0
070375 LEAD S1: prevLog &raft.Entry{Command:interface {}(nil), Term:0, Index:0}
070375 LEAD S1: prevLog &raft.Entry{Command:interface {}(nil), Term:0, Index:0}
070375 INFO S2: (term 1) follower 收到 [1] AppendEntries [], prevIndex 0, prevTerm 0
070376 LEAD S1: 2 append success next 1 match 0
070376 INFO S0: (term 1) follower 收到 [1] AppendEntries [], prevIndex 0, prevTerm 0
070376 LEAD S1: 0 append success next 1 match 0
070878 LEAD S1: prevLog &raft.Entry{Command:interface {}(nil), Term:0, Index:0}
070879 LEAD S1: prevLog &raft.Entry{Command:interface {}(nil), Term:0, Index:0}
070880 INFO S2: (term 1) follower 收到 [1] AppendEntries [], prevIndex 0, prevTerm 0
070882 LEAD S1: 2 append success next 1 match 0
070882 INFO S0: (term 1) follower 收到 [1] AppendEntries [], prevIndex 0, prevTerm 0
070884 LEAD S1: 0 append success next 1 match 0
071380 LEAD S1: prevLog &raft.Entry{Command:interface {}(nil), Term:0, Index:0}
071380 LEAD S1: prevLog &raft.Entry{Command:interface {}(nil), Term:0, Index:0}
071381 INFO S2: (term 1) follower 收到 [1] AppendEntries [], prevIndex 0, prevTerm 0
071381 LEAD S1: 2 append success next 1 match 0
071382 INFO S0: (term 1) follower 收到 [1] AppendEntries [], prevIndex 0, prevTerm 0
071382 LEAD S1: 0 append success next 1 match 0
071882 LEAD S1: prevLog &raft.Entry{Command:interface {}(nil), Term:0, Index:0}
071883 LEAD S1: prevLog &raft.Entry{Command:interface {}(nil), Term:0, Index:0}
071883 INFO S2: (term 1) follower 收到 [1] AppendEntries [], prevIndex 0, prevTerm 0
071883 LEAD S1: 2 append success next 1 match 0
071883 INFO S0: (term 1) follower 收到 [1] AppendEntries [], prevIndex 0, prevTerm 0
071884 LEAD S1: 0 append success next 1 match 0
072385 LEAD S1: prevLog &raft.Entry{Command:interface {}(nil), Term:0, Index:0}
072385 LEAD S1: prevLog &raft.Entry{Command:interface {}(nil), Term:0, Index:0}
072386 INFO S2: (term 1) follower 收到 [1] AppendEntries [], prevIndex 0, prevTerm 0
072386 LEAD S1: 2 append success next 1 match 0
072386 INFO S0: (term 1) follower 收到 [1] AppendEntries [], prevIndex 0, prevTerm 0
072388 LEAD S1: 0 append success next 1 match 0
072888 LEAD S1: prevLog &raft.Entry{Command:interface {}(nil), Term:0, Index:0}
072888 LEAD S1: prevLog &raft.Entry{Command:interface {}(nil), Term:0, Index:0}
072890 INFO S2: (term 1) follower 收到 [1] AppendEntries [], prevIndex 0, prevTerm 0
072890 LEAD S1: 2 append success next 1 match 0
072891 INFO S0: (term 1) follower 收到 [1] AppendEntries [], prevIndex 0, prevTerm 0
072892 LEAD S1: 0 append success next 1 match 0
073391 LEAD S1: prevLog &raft.Entry{Command:interface {}(nil), Term:0, Index:0}
073392 LEAD S1: prevLog &raft.Entry{Command:interface {}(nil), Term:0, Index:0}
073393 INFO S2: (term 1) follower 收到 [1] AppendEntries [], prevIndex 0, prevTerm 0
073394 LEAD S1: 2 append success next 1 match 0
073395 INFO S0: (term 1) follower 收到 [1] AppendEntries [], prevIndex 0, prevTerm 0
073396 LEAD S1: 0 append success next 1 match 0
073893 LEAD S1: prevLog &raft.Entry{Command:interface {}(nil), Term:0, Index:0}
073894 LEAD S1: prevLog &raft.Entry{Command:interface {}(nil), Term:0, Index:0}
073894 INFO S2: (term 1) follower 收到 [1] AppendEntries [], prevIndex 0, prevTerm 0
073895 LEAD S1: 2 append success next 1 match 0
073895 INFO S0: (term 1) follower 收到 [1] AppendEntries [], prevIndex 0, prevTerm 0
073895 LEAD S1: 0 append success next 1 match 0
074396 LEAD S1: prevLog &raft.Entry{Command:interface {}(nil), Term:0, Index:0}
074397 LEAD S1: prevLog &raft.Entry{Command:interface {}(nil), Term:0, Index:0}
074397 INFO S2: (term 1) follower 收到 [1] AppendEntries [], prevIndex 0, prevTerm 0
074397 LEAD S1: 2 append success next 1 match 0
074398 INFO S0: (term 1) follower 收到 [1] AppendEntries [], prevIndex 0, prevTerm 0
074398 LEAD S1: 0 append success next 1 match 0
074904 LEAD S1: prevLog &raft.Entry{Command:interface {}(nil), Term:0, Index:0}
074905 LEAD S1: prevLog &raft.Entry{Command:interface {}(nil), Term:0, Index:0}
074908 INFO S2: (term 1) follower 收到 [1] AppendEntries [], prevIndex 0, prevTerm 0
074908 INFO S0: (term 1) follower 收到 [1] AppendEntries [], prevIndex 0, prevTerm 0
074910 LEAD S1: 2 append success next 1 match 0
074910 LEAD S1: 0 append success next 1 match 0
075409 LEAD S1: prevLog &raft.Entry{Command:interface {}(nil), Term:0, Index:0}
075409 LEAD S1: prevLog &raft.Entry{Command:interface {}(nil), Term:0, Index:0}
075410 INFO S2: (term 1) follower 收到 [1] AppendEntries [], prevIndex 0, prevTerm 0
075410 LEAD S1: 2 append success next 1 match 0
075410 INFO S0: (term 1) follower 收到 [1] AppendEntries [], prevIndex 0, prevTerm 0
075411 LEAD S1: 0 append success next 1 match 0
075913 LEAD S1: prevLog &raft.Entry{Command:interface {}(nil), Term:0, Index:0}
075913 LEAD S1: prevLog &raft.Entry{Command:interface {}(nil), Term:0, Index:0}
075914 INFO S2: (term 1) follower 收到 [1] AppendEntries [], prevIndex 0, prevTerm 0
075915 LEAD S1: 2 append success next 1 match 0
075915 INFO S0: (term 1) follower 收到 [1] AppendEntries [], prevIndex 0, prevTerm 0
075916 LEAD S1: 0 append success next 1 match 0
076416 LEAD S1: prevLog &raft.Entry{Command:interface {}(nil), Term:0, Index:0}
076416 LEAD S1: prevLog &raft.Entry{Command:interface {}(nil), Term:0, Index:0}
076417 INFO S2: (term 1) follower 收到 [1] AppendEntries [], prevIndex 0, prevTerm 0
076417 LEAD S1: 2 append success next 1 match 0
076418 INFO S0: (term 1) follower 收到 [1] AppendEntries [], prevIndex 0, prevTerm 0
076418 LEAD S1: 0 append success next 1 match 0
076921 LEAD S1: prevLog &raft.Entry{Command:interface {}(nil), Term:0, Index:0}
076922 LEAD S1: prevLog &raft.Entry{Command:interface {}(nil), Term:0, Index:0}
076923 INFO S2: (term 1) follower 收到 [1] AppendEntries [], prevIndex 0, prevTerm 0
076924 LEAD S1: 2 append success next 1 match 0
076926 INFO S0: (term 1) follower 收到 [1] AppendEntries [], prevIndex 0, prevTerm 0
076928 LEAD S1: 0 append success next 1 match 0
077423 LEAD S1: prevLog &raft.Entry{Command:interface {}(nil), Term:0, Index:0}
077423 LEAD S1: prevLog &raft.Entry{Command:interface {}(nil), Term:0, Index:0}
077424 INFO S2: (term 1) follower 收到 [1] AppendEntries [], prevIndex 0, prevTerm 0
077424 LEAD S1: 2 append success next 1 match 0
077425 INFO S0: (term 1) follower 收到 [1] AppendEntries [], prevIndex 0, prevTerm 0
077425 LEAD S1: 0 append success next 1 match 0
077926 LEAD S1: prevLog &raft.Entry{Command:interface {}(nil), Term:0, Index:0}
077926 LEAD S1: prevLog &raft.Entry{Command:interface {}(nil), Term:0, Index:0}
077927 INFO S2: (term 1) follower 收到 [1] AppendEntries [], prevIndex 0, prevTerm 0
077927 LEAD S1: 2 append success next 1 match 0
077927 INFO S0: (term 1) follower 收到 [1] AppendEntries [], prevIndex 0, prevTerm 0
077927 LEAD S1: 0 append success next 1 match 0
078428 LEAD S1: prevLog &raft.Entry{Command:interface {}(nil), Term:0, Index:0}
078428 LEAD S1: prevLog &raft.Entry{Command:interface {}(nil), Term:0, Index:0}
078428 INFO S2: (term 1) follower 收到 [1] AppendEntries [], prevIndex 0, prevTerm 0
078429 LEAD S1: 2 append success next 1 match 0
078429 INFO S0: (term 1) follower 收到 [1] AppendEntries [], prevIndex 0, prevTerm 0
078429 LEAD S1: 0 append success next 1 match 0
078930 LEAD S1: prevLog &raft.Entry{Command:interface {}(nil), Term:0, Index:0}
078930 LEAD S1: prevLog &raft.Entry{Command:interface {}(nil), Term:0, Index:0}
078931 INFO S2: (term 1) follower 收到 [1] AppendEntries [], prevIndex 0, prevTerm 0
078931 LEAD S1: 2 append success next 1 match 0
078931 INFO S0: (term 1) follower 收到 [1] AppendEntries [], prevIndex 0, prevTerm 0
078932 LEAD S1: 0 append success next 1 match 0
079433 LEAD S1: prevLog &raft.Entry{Command:interface {}(nil), Term:0, Index:0}
079434 LEAD S1: prevLog &raft.Entry{Command:interface {}(nil), Term:0, Index:0}
079435 INFO S2: (term 1) follower 收到 [1] AppendEntries [], prevIndex 0, prevTerm 0
079436 LEAD S1: 2 append success next 1 match 0
079436 INFO S0: (term 1) follower 收到 [1] AppendEntries [], prevIndex 0, prevTerm 0
079437 LEAD S1: 0 append success next 1 match 0
079937 LEAD S1: prevLog &raft.Entry{Command:interface {}(nil), Term:0, Index:0}
079938 LEAD S1: prevLog &raft.Entry{Command:interface {}(nil), Term:0, Index:0}
079940 INFO S2: (term 1) follower 收到 [1] AppendEntries [], prevIndex 0, prevTerm 0
079942 LEAD S1: 2 append success next 1 match 0
079942 INFO S0: (term 1) follower 收到 [1] AppendEntries [], prevIndex 0, prevTerm 0
079944 LEAD S1: 0 append success next 1 match 0
080440 LEAD S1: prevLog &raft.Entry{Command:interface {}(nil), Term:0, Index:0}
080440 LEAD S1: prevLog &raft.Entry{Command:interface {}(nil), Term:0, Index:0}
080441 INFO S2: (term 1) follower 收到 [1] AppendEntries [], prevIndex 0, prevTerm 0
080441 LEAD S1: 2 append success next 1 match 0
080442 INFO S0: (term 1) follower 收到 [1] AppendEntries [], prevIndex 0, prevTerm 0
080442 LEAD S1: 0 append success next 1 match 0
080943 LEAD S1: prevLog &raft.Entry{Command:interface {}(nil), Term:0, Index:0}
080944 LEAD S1: prevLog &raft.Entry{Command:interface {}(nil), Term:0, Index:0}
080944 INFO S2: (term 1) follower 收到 [1] AppendEntries [], prevIndex 0, prevTerm 0
080944 LEAD S1: 2 append success next 1 match 0
080945 INFO S0: (term 1) follower 收到 [1] AppendEntries [], prevIndex 0, prevTerm 0
080945 LEAD S1: 0 append success next 1 match 0
081446 LEAD S1: prevLog &raft.Entry{Command:interface {}(nil), Term:0, Index:0}
081446 LEAD S1: prevLog &raft.Entry{Command:interface {}(nil), Term:0, Index:0}
081447 INFO S2: (term 1) follower 收到 [1] AppendEntries [], prevIndex 0, prevTerm 0
081447 LEAD S1: 2 append success next 1 match 0
081447 INFO S0: (term 1) follower 收到 [1] AppendEntries [], prevIndex 0, prevTerm 0
081447 LEAD S1: 0 append success next 1 match 0
081948 LEAD S1: prevLog &raft.Entry{Command:interface {}(nil), Term:0, Index:0}
081948 LEAD S1: prevLog &raft.Entry{Command:interface {}(nil), Term:0, Index:0}
081948 INFO S2: (term 1) follower 收到 [1] AppendEntries [], prevIndex 0, prevTerm 0
081949 LEAD S1: 2 append success next 1 match 0
081949 INFO S0: (term 1) follower 收到 [1] AppendEntries [], prevIndex 0, prevTerm 0
081949 LEAD S1: 0 append success next 1 match 0
082451 LEAD S1: prevLog &raft.Entry{Command:interface {}(nil), Term:0, Index:0}
082451 LEAD S1: prevLog &raft.Entry{Command:interface {}(nil), Term:0, Index:0}
082452 INFO S2: (term 1) follower 收到 [1] AppendEntries [], prevIndex 0, prevTerm 0
082452 LEAD S1: 2 append success next 1 match 0
082452 INFO S0: (term 1) follower 收到 [1] AppendEntries [], prevIndex 0, prevTerm 0
082453 LEAD S1: 0 append success next 1 match 0
082955 LEAD S1: prevLog &raft.Entry{Command:interface {}(nil), Term:0, Index:0}
082955 LEAD S1: prevLog &raft.Entry{Command:interface {}(nil), Term:0, Index:0}
082956 INFO S2: (term 1) follower 收到 [1] AppendEntries [], prevIndex 0, prevTerm 0
082956 LEAD S1: 2 append success next 1 match 0
082957 INFO S0: (term 1) follower 收到 [1] AppendEntries [], prevIndex 0, prevTerm 0
082957 LEAD S1: 0 append success next 1 match 0
083457 LEAD S1: prevLog &raft.Entry{Command:interface {}(nil), Term:0, Index:0}
083457 LEAD S1: prevLog &raft.Entry{Command:interface {}(nil), Term:0, Index:0}
083458 INFO S2: (term 1) follower 收到 [1] AppendEntries [], prevIndex 0, prevTerm 0
083458 LEAD S1: 2 append success next 1 match 0
083459 INFO S0: (term 1) follower 收到 [1] AppendEntries [], prevIndex 0, prevTerm 0
083459 LEAD S1: 0 append success next 1 match 0
083960 LEAD S1: prevLog &raft.Entry{Command:interface {}(nil), Term:0, Index:0}
083960 LEAD S1: prevLog &raft.Entry{Command:interface {}(nil), Term:0, Index:0}
083961 INFO S2: (term 1) follower 收到 [1] AppendEntries [], prevIndex 0, prevTerm 0
083961 LEAD S1: 2 append success next 1 match 0
083961 INFO S0: (term 1) follower 收到 [1] AppendEntries [], prevIndex 0, prevTerm 0
083962 LEAD S1: 0 append success next 1 match 0
084463 LEAD S1: prevLog &raft.Entry{Command:interface {}(nil), Term:0, Index:0}
084464 LEAD S1: prevLog &raft.Entry{Command:interface {}(nil), Term:0, Index:0}
084465 INFO S2: (term 1) follower 收到 [1] AppendEntries [], prevIndex 0, prevTerm 0
084467 LEAD S1: 2 append success next 1 match 0
084467 INFO S0: (term 1) follower 收到 [1] AppendEntries [], prevIndex 0, prevTerm 0
084468 LEAD S1: 0 append success next 1 match 0
084965 LEAD S1: prevLog &raft.Entry{Command:interface {}(nil), Term:0, Index:0}
084966 LEAD S1: prevLog &raft.Entry{Command:interface {}(nil), Term:0, Index:0}
084966 INFO S2: (term 1) follower 收到 [1] AppendEntries [], prevIndex 0, prevTerm 0
084966 LEAD S1: 2 append success next 1 match 0
084967 INFO S0: (term 1) follower 收到 [1] AppendEntries [], prevIndex 0, prevTerm 0
084967 LEAD S1: 0 append success next 1 match 0
085468 LEAD S1: prevLog &raft.Entry{Command:interface {}(nil), Term:0, Index:0}
085468 LEAD S1: prevLog &raft.Entry{Command:interface {}(nil), Term:0, Index:0}
085469 INFO S2: (term 1) follower 收到 [1] AppendEntries [], prevIndex 0, prevTerm 0
085469 LEAD S1: 2 append success next 1 match 0
085470 INFO S0: (term 1) follower 收到 [1] AppendEntries [], prevIndex 0, prevTerm 0
085470 LEAD S1: 0 append success next 1 match 0
085971 LEAD S1: prevLog &raft.Entry{Command:interface {}(nil), Term:0, Index:0}
085971 LEAD S1: prevLog &raft.Entry{Command:interface {}(nil), Term:0, Index:0}
085972 INFO S2: (term 1) follower 收到 [1] AppendEntries [], prevIndex 0, prevTerm 0
085973 LEAD S1: 2 append success next 1 match 0
085973 INFO S0: (term 1) follower 收到 [1] AppendEntries [], prevIndex 0, prevTerm 0
085973 LEAD S1: 0 append success next 1 match 0
086473 LEAD S1: prevLog &raft.Entry{Command:interface {}(nil), Term:0, Index:0}
086473 LEAD S1: prevLog &raft.Entry{Command:interface {}(nil), Term:0, Index:0}
086473 INFO S2: (term 1) follower 收到 [1] AppendEntries [], prevIndex 0, prevTerm 0
086474 LEAD S1: 2 append success next 1 match 0
086474 INFO S0: (term 1) follower 收到 [1] AppendEntries [], prevIndex 0, prevTerm 0
086474 LEAD S1: 0 append success next 1 match 0
086976 LEAD S1: prevLog &raft.Entry{Command:interface {}(nil), Term:0, Index:0}
086977 LEAD S1: prevLog &raft.Entry{Command:interface {}(nil), Term:0, Index:0}
086978 INFO S2: (term 1) follower 收到 [1] AppendEntries [], prevIndex 0, prevTerm 0
086979 LEAD S1: 2 append success next 1 match 0
086980 INFO S0: (term 1) follower 收到 [1] AppendEntries [], prevIndex 0, prevTerm 0
086981 LEAD S1: 0 append success next 1 match 0
087479 LEAD S1: prevLog &raft.Entry{Command:interface {}(nil), Term:0, Index:0}
087480 LEAD S1: prevLog &raft.Entry{Command:interface {}(nil), Term:0, Index:0}
087480 INFO S2: (term 1) follower 收到 [1] AppendEntries [], prevIndex 0, prevTerm 0
087481 LEAD S1: 2 append success next 1 match 0
087481 INFO S0: (term 1) follower 收到 [1] AppendEntries [], prevIndex 0, prevTerm 0
087481 LEAD S1: 0 append success next 1 match 0
087982 LEAD S1: prevLog &raft.Entry{Command:interface {}(nil), Term:0, Index:0}
087982 LEAD S1: prevLog &raft.Entry{Command:interface {}(nil), Term:0, Index:0}
087983 INFO S2: (term 1) follower 收到 [1] AppendEntries [], prevIndex 0, prevTerm 0
087983 LEAD S1: 2 append success next 1 match 0
087983 INFO S0: (term 1) follower 收到 [1] AppendEntries [], prevIndex 0, prevTerm 0
087984 LEAD S1: 0 append success next 1 match 0
088484 LEAD S1: prevLog &raft.Entry{Command:interface {}(nil), Term:0, Index:0}
088485 LEAD S1: prevLog &raft.Entry{Command:interface {}(nil), Term:0, Index:0}
088485 INFO S2: (term 1) follower 收到 [1] AppendEntries [], prevIndex 0, prevTerm 0
088485 LEAD S1: 2 append success next 1 match 0
088486 INFO S0: (term 1) follower 收到 [1] AppendEntries [], prevIndex 0, prevTerm 0
088486 LEAD S1: 0 append success next 1 match 0
088987 LEAD S1: prevLog &raft.Entry{Command:interface {}(nil), Term:0, Index:0}
088987 LEAD S1: prevLog &raft.Entry{Command:interface {}(nil), Term:0, Index:0}
088988 INFO S2: (term 1) follower 收到 [1] AppendEntries [], prevIndex 0, prevTerm 0
088989 INFO S0: (term 1) follower 收到 [1] AppendEntries [], prevIndex 0, prevTerm 0
088989 LEAD S1: 2 append success next 1 match 0
088989 LEAD S1: 0 append success next 1 match 0
089490 LEAD S1: prevLog &raft.Entry{Command:interface {}(nil), Term:0, Index:0}
089491 LEAD S1: prevLog &raft.Entry{Command:interface {}(nil), Term:0, Index:0}
089492 INFO S2: (term 1) follower 收到 [1] AppendEntries [], prevIndex 0, prevTerm 0
089493 INFO S0: (term 1) follower 收到 [1] AppendEntries [], prevIndex 0, prevTerm 0
089493 LEAD S1: 2 append success next 1 match 0
089494 LEAD S1: 0 append success next 1 match 0
089995 LEAD S1: prevLog &raft.Entry{Command:interface {}(nil), Term:0, Index:0}
089996 LEAD S1: prevLog &raft.Entry{Command:interface {}(nil), Term:0, Index:0}
089999 INFO S2: (term 1) follower 收到 [1] AppendEntries [], prevIndex 0, prevTerm 0
089999 INFO S0: (term 1) follower 收到 [1] AppendEntries [], prevIndex 0, prevTerm 0
090000 LEAD S1: 2 append success next 1 match 0
090000 LEAD S1: 0 append success next 1 match 0
090498 LEAD S1: prevLog &raft.Entry{Command:interface {}(nil), Term:0, Index:0}
090498 LEAD S1: prevLog &raft.Entry{Command:interface {}(nil), Term:0, Index:0}
090499 INFO S2: (term 1) follower 收到 [1] AppendEntries [], prevIndex 0, prevTerm 0
090499 LEAD S1: 2 append success next 1 match 0
090499 INFO S0: (term 1) follower 收到 [1] AppendEntries [], prevIndex 0, prevTerm 0
090500 LEAD S1: 0 append success next 1 match 0
091001 LEAD S1: prevLog &raft.Entry{Command:interface {}(nil), Term:0, Index:0}
091001 LEAD S1: prevLog &raft.Entry{Command:interface {}(nil), Term:0, Index:0}
091002 INFO S2: (term 1) follower 收到 [1] AppendEntries [], prevIndex 0, prevTerm 0
091003 LEAD S1: 2 append success next 1 match 0
091003 INFO S0: (term 1) follower 收到 [1] AppendEntries [], prevIndex 0, prevTerm 0
091004 LEAD S1: 0 append success next 1 match 0
091503 LEAD S1: prevLog &raft.Entry{Command:interface {}(nil), Term:0, Index:0}
091504 LEAD S1: prevLog &raft.Entry{Command:interface {}(nil), Term:0, Index:0}
091504 INFO S2: (term 1) follower 收到 [1] AppendEntries [], prevIndex 0, prevTerm 0
091504 LEAD S1: 2 append success next 1 match 0
091505 INFO S0: (term 1) follower 收到 [1] AppendEntries [], prevIndex 0, prevTerm 0
091505 LEAD S1: 0 append success next 1 match 0
092005 LEAD S1: prevLog &raft.Entry{Command:interface {}(nil), Term:0, Index:0}
092006 LEAD S1: prevLog &raft.Entry{Command:interface {}(nil), Term:0, Index:0}
092006 INFO S2: (term 1) follower 收到 [1] AppendEntries [], prevIndex 0, prevTerm 0
092006 LEAD S1: 2 append success next 1 match 0
092007 INFO S0: (term 1) follower 收到 [1] AppendEntries [], prevIndex 0, prevTerm 0
092007 LEAD S1: 0 append success next 1 match 0
092508 LEAD S1: prevLog &raft.Entry{Command:interface {}(nil), Term:0, Index:0}
092508 LEAD S1: prevLog &raft.Entry{Command:interface {}(nil), Term:0, Index:0}
092508 INFO S2: (term 1) follower 收到 [1] AppendEntries [], prevIndex 0, prevTerm 0
092509 LEAD S1: 2 append success next 1 match 0
092509 INFO S0: (term 1) follower 收到 [1] AppendEntries [], prevIndex 0, prevTerm 0
092509 LEAD S1: 0 append success next 1 match 0
093010 LEAD S1: prevLog &raft.Entry{Command:interface {}(nil), Term:0, Index:0}
093011 LEAD S1: prevLog &raft.Entry{Command:interface {}(nil), Term:0, Index:0}
093011 INFO S2: (term 1) follower 收到 [1] AppendEntries [], prevIndex 0, prevTerm 0
093012 LEAD S1: 2 append success next 1 match 0
093012 INFO S0: (term 1) follower 收到 [1] AppendEntries [], prevIndex 0, prevTerm 0
093012 LEAD S1: 0 append success next 1 match 0
093513 LEAD S1: prevLog &raft.Entry{Command:interface {}(nil), Term:0, Index:0}
093514 LEAD S1: prevLog &raft.Entry{Command:interface {}(nil), Term:0, Index:0}
093514 INFO S2: (term 1) follower 收到 [1] AppendEntries [], prevIndex 0, prevTerm 0
093515 LEAD S1: 2 append success next 1 match 0
093515 INFO S0: (term 1) follower 收到 [1] AppendEntries [], prevIndex 0, prevTerm 0
093515 LEAD S1: 0 append success next 1 match 0
094016 LEAD S1: prevLog &raft.Entry{Command:interface {}(nil), Term:0, Index:0}
094017 LEAD S1: prevLog &raft.Entry{Command:interface {}(nil), Term:0, Index:0}
094018 INFO S2: (term 1) follower 收到 [1] AppendEntries [], prevIndex 0, prevTerm 0
094020 INFO S0: (term 1) follower 收到 [1] AppendEntries [], prevIndex 0, prevTerm 0
094020 LEAD S1: 2 append success next 1 match 0
094021 LEAD S1: 0 append success next 1 match 0
094519 LEAD S1: prevLog &raft.Entry{Command:interface {}(nil), Term:0, Index:0}
094519 LEAD S1: prevLog &raft.Entry{Command:interface {}(nil), Term:0, Index:0}
094520 INFO S2: (term 1) follower 收到 [1] AppendEntries [], prevIndex 0, prevTerm 0
094520 LEAD S1: 2 append success next 1 match 0
094520 INFO S0: (term 1) follower 收到 [1] AppendEntries [], prevIndex 0, prevTerm 0
094521 LEAD S1: 0 append success next 1 match 0
095021 LEAD S1: prevLog &raft.Entry{Command:interface {}(nil), Term:0, Index:0}
095022 LEAD S1: prevLog &raft.Entry{Command:interface {}(nil), Term:0, Index:0}
095022 INFO S2: (term 1) follower 收到 [1] AppendEntries [], prevIndex 0, prevTerm 0
095023 LEAD S1: 2 append success next 1 match 0
095023 INFO S0: (term 1) follower 收到 [1] AppendEntries [], prevIndex 0, prevTerm 0
095024 LEAD S1: 0 append success next 1 match 0
095525 LEAD S1: prevLog &raft.Entry{Command:interface {}(nil), Term:0, Index:0}
095525 LEAD S1: prevLog &raft.Entry{Command:interface {}(nil), Term:0, Index:0}
095526 INFO S2: (term 1) follower 收到 [1] AppendEntries [], prevIndex 0, prevTerm 0
095526 INFO S0: (term 1) follower 收到 [1] AppendEntries [], prevIndex 0, prevTerm 0
095526 LEAD S1: 2 append success next 1 match 0
095526 LEAD S1: 0 append success next 1 match 0
096027 LEAD S1: prevLog &raft.Entry{Command:interface {}(nil), Term:0, Index:0}
096027 LEAD S1: prevLog &raft.Entry{Command:interface {}(nil), Term:0, Index:0}
096027 INFO S2: (term 1) follower 收到 [1] AppendEntries [], prevIndex 0, prevTerm 0
096028 LEAD S1: 2 append success next 1 match 0
096028 INFO S0: (term 1) follower 收到 [1] AppendEntries [], prevIndex 0, prevTerm 0
096028 LEAD S1: 0 append success next 1 match 0
096532 LEAD S1: prevLog &raft.Entry{Command:interface {}(nil), Term:0, Index:0}
096533 LEAD S1: prevLog &raft.Entry{Command:interface {}(nil), Term:0, Index:0}
096535 INFO S2: (term 1) follower 收到 [1] AppendEntries [], prevIndex 0, prevTerm 0
096535 INFO S0: (term 1) follower 收到 [1] AppendEntries [], prevIndex 0, prevTerm 0
096536 LEAD S1: 2 append success next 1 match 0
096537 LEAD S1: 0 append success next 1 match 0
097035 LEAD S1: prevLog &raft.Entry{Command:interface {}(nil), Term:0, Index:0}
097035 LEAD S1: prevLog &raft.Entry{Command:interface {}(nil), Term:0, Index:0}
097036 INFO S2: (term 1) follower 收到 [1] AppendEntries [], prevIndex 0, prevTerm 0
097036 LEAD S1: 2 append success next 1 match 0
097036 INFO S0: (term 1) follower 收到 [1] AppendEntries [], prevIndex 0, prevTerm 0
097037 LEAD S1: 0 append success next 1 match 0
097538 LEAD S1: prevLog &raft.Entry{Command:interface {}(nil), Term:0, Index:0}
097539 LEAD S1: prevLog &raft.Entry{Command:interface {}(nil), Term:0, Index:0}
097540 INFO S2: (term 1) follower 收到 [1] AppendEntries [], prevIndex 0, prevTerm 0
097540 LEAD S1: 2 append success next 1 match 0
097542 INFO S0: (term 1) follower 收到 [1] AppendEntries [], prevIndex 0, prevTerm 0
097542 LEAD S1: 0 append success next 1 match 0
098041 LEAD S1: prevLog &raft.Entry{Command:interface {}(nil), Term:0, Index:0}
098041 LEAD S1: prevLog &raft.Entry{Command:interface {}(nil), Term:0, Index:0}
098042 INFO S2: (term 1) follower 收到 [1] AppendEntries [], prevIndex 0, prevTerm 0
098042 LEAD S1: 2 append success next 1 match 0
098043 INFO S0: (term 1) follower 收到 [1] AppendEntries [], prevIndex 0, prevTerm 0
098043 LEAD S1: 0 append success next 1 match 0
098544 LEAD S1: prevLog &raft.Entry{Command:interface {}(nil), Term:0, Index:0}
098544 LEAD S1: prevLog &raft.Entry{Command:interface {}(nil), Term:0, Index:0}
098545 INFO S2: (term 1) follower 收到 [1] AppendEntries [], prevIndex 0, prevTerm 0
098545 LEAD S1: 2 append success next 1 match 0
098545 INFO S0: (term 1) follower 收到 [1] AppendEntries [], prevIndex 0, prevTerm 0
098546 LEAD S1: 0 append success next 1 match 0
099046 LEAD S1: prevLog &raft.Entry{Command:interface {}(nil), Term:0, Index:0}
099046 LEAD S1: prevLog &raft.Entry{Command:interface {}(nil), Term:0, Index:0}
099047 INFO S2: (term 1) follower 收到 [1] AppendEntries [], prevIndex 0, prevTerm 0
099047 LEAD S1: 2 append success next 1 match 0
099047 INFO S0: (term 1) follower 收到 [1] AppendEntries [], prevIndex 0, prevTerm 0
099048 LEAD S1: 0 append success next 1 match 0
099549 LEAD S1: prevLog &raft.Entry{Command:interface {}(nil), Term:0, Index:0}
099550 LEAD S1: prevLog &raft.Entry{Command:interface {}(nil), Term:0, Index:0}
099550 INFO S2: (term 1) follower 收到 [1] AppendEntries [], prevIndex 0, prevTerm 0
099550 LEAD S1: 2 append success next 1 match 0
099551 INFO S0: (term 1) follower 收到 [1] AppendEntries [], prevIndex 0, prevTerm 0
099551 LEAD S1: 0 append success next 1 match 0
--- FAIL: TestPersist12C (10.00s)
    config.go:609: one(11) failed to reach agreement
FAIL
exit status 1
FAIL	6.824/raft	10.005s
