Test (2C): basic persistence ...
002009 INFO S0: start leader election, term 1
002009 VOTE S0: term 1 send vote request to 2
002009 VOTE S0: term 1 send vote request to 1
002010 TERM S2: set new term 1
002010 VOTE S2: term 1 vote 0
002010 VOTE S0: reply from 2, term一致，且投给0
002010 LEAD S0: come to power, start to send heartbeat
002010 LEAD S0: prevLog &raft.Entry{Command:interface {}(nil), Term:0, Index:0}
002010 LEAD S0: prevLog &raft.Entry{Command:interface {}(nil), Term:0, Index:0}
002011 TERM S1: set new term 1
002011 VOTE S1: term 1 vote 0
002011 INFO S2: (term 1) follower 收到 [0] AppendEntries [], prevIndex 0, prevTerm 0
002011 VOTE S0: reply from 1, term一致，且投给0
002011 LEAD S0: 2 append success next 1 match 0
002011 INFO S1: (term 1) follower 收到 [0] AppendEntries [], prevIndex 0, prevTerm 0
002012 LEAD S0: 1 append success next 1 match 0
002510 LEAD S0: prevLog &raft.Entry{Command:interface {}(nil), Term:0, Index:0}
002511 LEAD S0: prevLog &raft.Entry{Command:interface {}(nil), Term:0, Index:0}
002512 INFO S2: (term 1) follower 收到 [0] AppendEntries [], prevIndex 0, prevTerm 0
002512 INFO S1: (term 1) follower 收到 [0] AppendEntries [], prevIndex 0, prevTerm 0
002513 LEAD S0: 1 append success next 1 match 0
002513 LEAD S0: 2 append success next 1 match 0
003012 LEAD S0: prevLog &raft.Entry{Command:interface {}(nil), Term:0, Index:0}
003012 LEAD S0: prevLog &raft.Entry{Command:interface {}(nil), Term:0, Index:0}
003013 INFO S1: (term 1) follower 收到 [0] AppendEntries [], prevIndex 0, prevTerm 0
003013 INFO S2: (term 1) follower 收到 [0] AppendEntries [], prevIndex 0, prevTerm 0
003013 LEAD S0: 1 append success next 1 match 0
003013 LEAD S0: 2 append success next 1 match 0
003513 LEAD S0: prevLog &raft.Entry{Command:interface {}(nil), Term:0, Index:0}
003513 LEAD S0: prevLog &raft.Entry{Command:interface {}(nil), Term:0, Index:0}
003514 INFO S2: (term 1) follower 收到 [0] AppendEntries [], prevIndex 0, prevTerm 0
003514 INFO S1: (term 1) follower 收到 [0] AppendEntries [], prevIndex 0, prevTerm 0
003514 LEAD S0: 2 append success next 1 match 0
003514 LEAD S0: 1 append success next 1 match 0
004015 LEAD S0: prevLog &raft.Entry{Command:interface {}(nil), Term:0, Index:0}
004015 LEAD S0: prevLog &raft.Entry{Command:interface {}(nil), Term:0, Index:0}
004016 INFO S1: (term 1) follower 收到 [0] AppendEntries [], prevIndex 0, prevTerm 0
004016 INFO S2: (term 1) follower 收到 [0] AppendEntries [], prevIndex 0, prevTerm 0
004016 LEAD S0: 1 append success next 1 match 0
004016 LEAD S0: 2 append success next 1 match 0
004516 LEAD S0: prevLog &raft.Entry{Command:interface {}(nil), Term:0, Index:0}
004517 INFO S1: (term 1) follower 收到 [0] AppendEntries [], prevIndex 0, prevTerm 0
004517 LEAD S0: prevLog &raft.Entry{Command:interface {}(nil), Term:0, Index:0}
004518 LEAD S0: 1 append success next 1 match 0
004518 INFO S2: (term 1) follower 收到 [0] AppendEntries [], prevIndex 0, prevTerm 0
004518 LEAD S0: 2 append success next 1 match 0
005018 LEAD S0: prevLog &raft.Entry{Command:interface {}(nil), Term:0, Index:0}
005018 LEAD S0: prevLog &raft.Entry{Command:interface {}(nil), Term:0, Index:0}
005019 INFO S1: (term 1) follower 收到 [0] AppendEntries [], prevIndex 0, prevTerm 0
005019 INFO S2: (term 1) follower 收到 [0] AppendEntries [], prevIndex 0, prevTerm 0
005019 LEAD S0: 1 append success next 1 match 0
005019 LEAD S0: 2 append success next 1 match 0
005519 LEAD S0: prevLog &raft.Entry{Command:interface {}(nil), Term:0, Index:0}
005520 LEAD S0: prevLog &raft.Entry{Command:interface {}(nil), Term:0, Index:0}
005520 INFO S2: (term 1) follower 收到 [0] AppendEntries [], prevIndex 0, prevTerm 0
005521 LEAD S0: 2 append success next 1 match 0
005521 INFO S1: (term 1) follower 收到 [0] AppendEntries [], prevIndex 0, prevTerm 0
005522 LEAD S0: 1 append success next 1 match 0
006021 LEAD S0: prevLog &raft.Entry{Command:interface {}(nil), Term:0, Index:0}
006021 LEAD S0: prevLog &raft.Entry{Command:interface {}(nil), Term:0, Index:0}
006022 INFO S1: (term 1) follower 收到 [0] AppendEntries [], prevIndex 0, prevTerm 0
006022 LEAD S0: 1 append success next 1 match 0
006022 INFO S2: (term 1) follower 收到 [0] AppendEntries [], prevIndex 0, prevTerm 0
006023 LEAD S0: 2 append success next 1 match 0
006524 LEAD S0: prevLog &raft.Entry{Command:interface {}(nil), Term:0, Index:0}
006524 LEAD S0: prevLog &raft.Entry{Command:interface {}(nil), Term:0, Index:0}
006525 INFO S2: (term 1) follower 收到 [0] AppendEntries [], prevIndex 0, prevTerm 0
006525 LEAD S0: 2 append success next 1 match 0
006525 INFO S1: (term 1) follower 收到 [0] AppendEntries [], prevIndex 0, prevTerm 0
006526 LEAD S0: 1 append success next 1 match 0
007025 LEAD S0: prevLog &raft.Entry{Command:interface {}(nil), Term:0, Index:0}
007026 LEAD S0: prevLog &raft.Entry{Command:interface {}(nil), Term:0, Index:0}
007026 INFO S2: (term 1) follower 收到 [0] AppendEntries [], prevIndex 0, prevTerm 0
007026 INFO S1: (term 1) follower 收到 [0] AppendEntries [], prevIndex 0, prevTerm 0
007027 LEAD S0: 2 append success next 1 match 0
007027 LEAD S0: 1 append success next 1 match 0
007527 LEAD S0: prevLog &raft.Entry{Command:interface {}(nil), Term:0, Index:0}
007527 LEAD S0: prevLog &raft.Entry{Command:interface {}(nil), Term:0, Index:0}
007528 INFO S1: (term 1) follower 收到 [0] AppendEntries [], prevIndex 0, prevTerm 0
007528 INFO S2: (term 1) follower 收到 [0] AppendEntries [], prevIndex 0, prevTerm 0
007528 LEAD S0: 1 append success next 1 match 0
007528 LEAD S0: 2 append success next 1 match 0
008029 LEAD S0: prevLog &raft.Entry{Command:interface {}(nil), Term:0, Index:0}
008029 LEAD S0: prevLog &raft.Entry{Command:interface {}(nil), Term:0, Index:0}
008030 INFO S1: (term 1) follower 收到 [0] AppendEntries [], prevIndex 0, prevTerm 0
008030 INFO S2: (term 1) follower 收到 [0] AppendEntries [], prevIndex 0, prevTerm 0
008030 LEAD S0: 1 append success next 1 match 0
008030 LEAD S0: 2 append success next 1 match 0
008530 LEAD S0: prevLog &raft.Entry{Command:interface {}(nil), Term:0, Index:0}
008530 LEAD S0: prevLog &raft.Entry{Command:interface {}(nil), Term:0, Index:0}
008531 INFO S2: (term 1) follower 收到 [0] AppendEntries [], prevIndex 0, prevTerm 0
008531 INFO S1: (term 1) follower 收到 [0] AppendEntries [], prevIndex 0, prevTerm 0
008531 LEAD S0: 1 append success next 1 match 0
008531 LEAD S0: 2 append success next 1 match 0
009033 LEAD S0: prevLog &raft.Entry{Command:interface {}(nil), Term:0, Index:0}
009033 LEAD S0: prevLog &raft.Entry{Command:interface {}(nil), Term:0, Index:0}
009033 INFO S1: (term 1) follower 收到 [0] AppendEntries [], prevIndex 0, prevTerm 0
009034 INFO S2: (term 1) follower 收到 [0] AppendEntries [], prevIndex 0, prevTerm 0
009034 LEAD S0: 1 append success next 1 match 0
009034 LEAD S0: 2 append success next 1 match 0
009534 LEAD S0: prevLog &raft.Entry{Command:interface {}(nil), Term:0, Index:0}
009535 LEAD S0: prevLog &raft.Entry{Command:interface {}(nil), Term:0, Index:0}
009535 INFO S1: (term 1) follower 收到 [0] AppendEntries [], prevIndex 0, prevTerm 0
009535 INFO S2: (term 1) follower 收到 [0] AppendEntries [], prevIndex 0, prevTerm 0
009536 LEAD S0: 1 append success next 1 match 0
009536 LEAD S0: 2 append success next 1 match 0
010036 LEAD S0: prevLog &raft.Entry{Command:interface {}(nil), Term:0, Index:0}
010036 LEAD S0: prevLog &raft.Entry{Command:interface {}(nil), Term:0, Index:0}
010037 INFO S2: (term 1) follower 收到 [0] AppendEntries [], prevIndex 0, prevTerm 0
010037 INFO S1: (term 1) follower 收到 [0] AppendEntries [], prevIndex 0, prevTerm 0
010037 LEAD S0: 2 append success next 1 match 0
010038 LEAD S0: 1 append success next 1 match 0
010538 LEAD S0: prevLog &raft.Entry{Command:interface {}(nil), Term:0, Index:0}
010538 LEAD S0: prevLog &raft.Entry{Command:interface {}(nil), Term:0, Index:0}
010539 INFO S2: (term 1) follower 收到 [0] AppendEntries [], prevIndex 0, prevTerm 0
010539 INFO S1: (term 1) follower 收到 [0] AppendEntries [], prevIndex 0, prevTerm 0
010539 LEAD S0: 2 append success next 1 match 0
010539 LEAD S0: 1 append success next 1 match 0
011039 LEAD S0: prevLog &raft.Entry{Command:interface {}(nil), Term:0, Index:0}
011039 LEAD S0: prevLog &raft.Entry{Command:interface {}(nil), Term:0, Index:0}
011040 INFO S1: (term 1) follower 收到 [0] AppendEntries [], prevIndex 0, prevTerm 0
011040 INFO S2: (term 1) follower 收到 [0] AppendEntries [], prevIndex 0, prevTerm 0
011040 LEAD S0: 1 append success next 1 match 0
011041 LEAD S0: 2 append success next 1 match 0
011541 LEAD S0: prevLog &raft.Entry{Command:interface {}(nil), Term:0, Index:0}
011541 LEAD S0: prevLog &raft.Entry{Command:interface {}(nil), Term:0, Index:0}
011542 INFO S1: (term 1) follower 收到 [0] AppendEntries [], prevIndex 0, prevTerm 0
011542 INFO S2: (term 1) follower 收到 [0] AppendEntries [], prevIndex 0, prevTerm 0
011542 LEAD S0: 1 append success next 1 match 0
011543 LEAD S0: 2 append success next 1 match 0
012043 LEAD S0: prevLog &raft.Entry{Command:interface {}(nil), Term:0, Index:0}
012043 LEAD S0: prevLog &raft.Entry{Command:interface {}(nil), Term:0, Index:0}
012044 INFO S2: (term 1) follower 收到 [0] AppendEntries [], prevIndex 0, prevTerm 0
012044 INFO S1: (term 1) follower 收到 [0] AppendEntries [], prevIndex 0, prevTerm 0
012044 LEAD S0: 2 append success next 1 match 0
012044 LEAD S0: 1 append success next 1 match 0
012545 LEAD S0: prevLog &raft.Entry{Command:interface {}(nil), Term:0, Index:0}
012545 LEAD S0: prevLog &raft.Entry{Command:interface {}(nil), Term:0, Index:0}
012546 INFO S1: (term 1) follower 收到 [0] AppendEntries [], prevIndex 0, prevTerm 0
012546 INFO S2: (term 1) follower 收到 [0] AppendEntries [], prevIndex 0, prevTerm 0
012546 LEAD S0: 2 append success next 1 match 0
012546 LEAD S0: 1 append success next 1 match 0
013046 LEAD S0: prevLog &raft.Entry{Command:interface {}(nil), Term:0, Index:0}
013046 LEAD S0: prevLog &raft.Entry{Command:interface {}(nil), Term:0, Index:0}
013047 INFO S2: (term 1) follower 收到 [0] AppendEntries [], prevIndex 0, prevTerm 0
013047 LEAD S0: 2 append success next 1 match 0
013048 INFO S1: (term 1) follower 收到 [0] AppendEntries [], prevIndex 0, prevTerm 0
013048 LEAD S0: 1 append success next 1 match 0
013548 LEAD S0: prevLog &raft.Entry{Command:interface {}(nil), Term:0, Index:0}
013548 LEAD S0: prevLog &raft.Entry{Command:interface {}(nil), Term:0, Index:0}
013549 INFO S1: (term 1) follower 收到 [0] AppendEntries [], prevIndex 0, prevTerm 0
013549 INFO S2: (term 1) follower 收到 [0] AppendEntries [], prevIndex 0, prevTerm 0
013549 LEAD S0: 1 append success next 1 match 0
013549 LEAD S0: 2 append success next 1 match 0
014050 LEAD S0: prevLog &raft.Entry{Command:interface {}(nil), Term:0, Index:0}
014050 LEAD S0: prevLog &raft.Entry{Command:interface {}(nil), Term:0, Index:0}
014050 INFO S2: (term 1) follower 收到 [0] AppendEntries [], prevIndex 0, prevTerm 0
014051 INFO S1: (term 1) follower 收到 [0] AppendEntries [], prevIndex 0, prevTerm 0
014051 LEAD S0: 2 append success next 1 match 0
014051 LEAD S0: 1 append success next 1 match 0
014551 LEAD S0: prevLog &raft.Entry{Command:interface {}(nil), Term:0, Index:0}
014552 LEAD S0: prevLog &raft.Entry{Command:interface {}(nil), Term:0, Index:0}
014552 INFO S1: (term 1) follower 收到 [0] AppendEntries [], prevIndex 0, prevTerm 0
014553 LEAD S0: 1 append success next 1 match 0
014553 INFO S2: (term 1) follower 收到 [0] AppendEntries [], prevIndex 0, prevTerm 0
014553 LEAD S0: 2 append success next 1 match 0
015054 LEAD S0: prevLog &raft.Entry{Command:interface {}(nil), Term:0, Index:0}
015054 LEAD S0: prevLog &raft.Entry{Command:interface {}(nil), Term:0, Index:0}
015055 INFO S1: (term 1) follower 收到 [0] AppendEntries [], prevIndex 0, prevTerm 0
015055 INFO S2: (term 1) follower 收到 [0] AppendEntries [], prevIndex 0, prevTerm 0
015055 LEAD S0: 1 append success next 1 match 0
015055 LEAD S0: 2 append success next 1 match 0
015556 LEAD S0: prevLog &raft.Entry{Command:interface {}(nil), Term:0, Index:0}
015556 LEAD S0: prevLog &raft.Entry{Command:interface {}(nil), Term:0, Index:0}
015556 INFO S2: (term 1) follower 收到 [0] AppendEntries [], prevIndex 0, prevTerm 0
015556 INFO S1: (term 1) follower 收到 [0] AppendEntries [], prevIndex 0, prevTerm 0
015557 LEAD S0: 2 append success next 1 match 0
015557 LEAD S0: 1 append success next 1 match 0
016059 LEAD S0: prevLog &raft.Entry{Command:interface {}(nil), Term:0, Index:0}
016059 LEAD S0: prevLog &raft.Entry{Command:interface {}(nil), Term:0, Index:0}
016060 INFO S1: (term 1) follower 收到 [0] AppendEntries [], prevIndex 0, prevTerm 0
016060 INFO S2: (term 1) follower 收到 [0] AppendEntries [], prevIndex 0, prevTerm 0
016060 LEAD S0: 1 append success next 1 match 0
016060 LEAD S0: 2 append success next 1 match 0
016561 LEAD S0: prevLog &raft.Entry{Command:interface {}(nil), Term:0, Index:0}
016561 LEAD S0: prevLog &raft.Entry{Command:interface {}(nil), Term:0, Index:0}
016562 INFO S2: (term 1) follower 收到 [0] AppendEntries [], prevIndex 0, prevTerm 0
016562 LEAD S0: 2 append success next 1 match 0
016563 INFO S1: (term 1) follower 收到 [0] AppendEntries [], prevIndex 0, prevTerm 0
016563 LEAD S0: 1 append success next 1 match 0
017063 LEAD S0: prevLog &raft.Entry{Command:interface {}(nil), Term:0, Index:0}
017063 LEAD S0: prevLog &raft.Entry{Command:interface {}(nil), Term:0, Index:0}
017064 INFO S2: (term 1) follower 收到 [0] AppendEntries [], prevIndex 0, prevTerm 0
017064 LEAD S0: 2 append success next 1 match 0
017065 INFO S1: (term 1) follower 收到 [0] AppendEntries [], prevIndex 0, prevTerm 0
017065 LEAD S0: 1 append success next 1 match 0
017565 LEAD S0: prevLog &raft.Entry{Command:interface {}(nil), Term:0, Index:0}
017566 LEAD S0: prevLog &raft.Entry{Command:interface {}(nil), Term:0, Index:0}
017566 INFO S2: (term 1) follower 收到 [0] AppendEntries [], prevIndex 0, prevTerm 0
017566 INFO S1: (term 1) follower 收到 [0] AppendEntries [], prevIndex 0, prevTerm 0
017567 LEAD S0: 2 append success next 1 match 0
017567 LEAD S0: 1 append success next 1 match 0
018067 LEAD S0: prevLog &raft.Entry{Command:interface {}(nil), Term:0, Index:0}
018067 LEAD S0: prevLog &raft.Entry{Command:interface {}(nil), Term:0, Index:0}
018068 INFO S1: (term 1) follower 收到 [0] AppendEntries [], prevIndex 0, prevTerm 0
018068 INFO S2: (term 1) follower 收到 [0] AppendEntries [], prevIndex 0, prevTerm 0
018068 LEAD S0: 1 append success next 1 match 0
018068 LEAD S0: 2 append success next 1 match 0
018569 LEAD S0: prevLog &raft.Entry{Command:interface {}(nil), Term:0, Index:0}
018569 LEAD S0: prevLog &raft.Entry{Command:interface {}(nil), Term:0, Index:0}
018570 INFO S1: (term 1) follower 收到 [0] AppendEntries [], prevIndex 0, prevTerm 0
018570 INFO S2: (term 1) follower 收到 [0] AppendEntries [], prevIndex 0, prevTerm 0
018570 LEAD S0: 1 append success next 1 match 0
018570 LEAD S0: 2 append success next 1 match 0
019071 LEAD S0: prevLog &raft.Entry{Command:interface {}(nil), Term:0, Index:0}
019071 LEAD S0: prevLog &raft.Entry{Command:interface {}(nil), Term:0, Index:0}
019072 INFO S2: (term 1) follower 收到 [0] AppendEntries [], prevIndex 0, prevTerm 0
019072 INFO S1: (term 1) follower 收到 [0] AppendEntries [], prevIndex 0, prevTerm 0
019072 LEAD S0: 2 append success next 1 match 0
019072 LEAD S0: 1 append success next 1 match 0
019572 LEAD S0: prevLog &raft.Entry{Command:interface {}(nil), Term:0, Index:0}
019573 LEAD S0: prevLog &raft.Entry{Command:interface {}(nil), Term:0, Index:0}
019573 INFO S2: (term 1) follower 收到 [0] AppendEntries [], prevIndex 0, prevTerm 0
019573 INFO S1: (term 1) follower 收到 [0] AppendEntries [], prevIndex 0, prevTerm 0
019574 LEAD S0: 2 append success next 1 match 0
019574 LEAD S0: 1 append success next 1 match 0
020074 LEAD S0: prevLog &raft.Entry{Command:interface {}(nil), Term:0, Index:0}
020074 LEAD S0: prevLog &raft.Entry{Command:interface {}(nil), Term:0, Index:0}
020075 INFO S1: (term 1) follower 收到 [0] AppendEntries [], prevIndex 0, prevTerm 0
020075 INFO S2: (term 1) follower 收到 [0] AppendEntries [], prevIndex 0, prevTerm 0
020075 LEAD S0: 2 append success next 1 match 0
020075 LEAD S0: 1 append success next 1 match 0
020576 LEAD S0: prevLog &raft.Entry{Command:interface {}(nil), Term:0, Index:0}
020576 LEAD S0: prevLog &raft.Entry{Command:interface {}(nil), Term:0, Index:0}
020577 INFO S2: (term 1) follower 收到 [0] AppendEntries [], prevIndex 0, prevTerm 0
020577 LEAD S0: 2 append success next 1 match 0
020577 INFO S1: (term 1) follower 收到 [0] AppendEntries [], prevIndex 0, prevTerm 0
020578 LEAD S0: 1 append success next 1 match 0
021077 LEAD S0: prevLog &raft.Entry{Command:interface {}(nil), Term:0, Index:0}
021077 LEAD S0: prevLog &raft.Entry{Command:interface {}(nil), Term:0, Index:0}
021078 INFO S1: (term 1) follower 收到 [0] AppendEntries [], prevIndex 0, prevTerm 0
021078 INFO S2: (term 1) follower 收到 [0] AppendEntries [], prevIndex 0, prevTerm 0
021079 LEAD S0: 2 append success next 1 match 0
021079 LEAD S0: 1 append success next 1 match 0
021580 LEAD S0: prevLog &raft.Entry{Command:interface {}(nil), Term:0, Index:0}
021580 LEAD S0: prevLog &raft.Entry{Command:interface {}(nil), Term:0, Index:0}
021581 INFO S1: (term 1) follower 收到 [0] AppendEntries [], prevIndex 0, prevTerm 0
021581 INFO S2: (term 1) follower 收到 [0] AppendEntries [], prevIndex 0, prevTerm 0
021581 LEAD S0: 1 append success next 1 match 0
021581 LEAD S0: 2 append success next 1 match 0
022081 LEAD S0: prevLog &raft.Entry{Command:interface {}(nil), Term:0, Index:0}
022081 LEAD S0: prevLog &raft.Entry{Command:interface {}(nil), Term:0, Index:0}
022082 INFO S2: (term 1) follower 收到 [0] AppendEntries [], prevIndex 0, prevTerm 0
022082 LEAD S0: 2 append success next 1 match 0
022083 INFO S1: (term 1) follower 收到 [0] AppendEntries [], prevIndex 0, prevTerm 0
022083 LEAD S0: 1 append success next 1 match 0
022584 LEAD S0: prevLog &raft.Entry{Command:interface {}(nil), Term:0, Index:0}
022584 LEAD S0: prevLog &raft.Entry{Command:interface {}(nil), Term:0, Index:0}
022584 INFO S1: (term 1) follower 收到 [0] AppendEntries [], prevIndex 0, prevTerm 0
022585 INFO S2: (term 1) follower 收到 [0] AppendEntries [], prevIndex 0, prevTerm 0
022585 LEAD S0: 1 append success next 1 match 0
022585 LEAD S0: 2 append success next 1 match 0
023085 LEAD S0: prevLog &raft.Entry{Command:interface {}(nil), Term:0, Index:0}
023085 LEAD S0: prevLog &raft.Entry{Command:interface {}(nil), Term:0, Index:0}
023086 INFO S1: (term 1) follower 收到 [0] AppendEntries [], prevIndex 0, prevTerm 0
023086 INFO S2: (term 1) follower 收到 [0] AppendEntries [], prevIndex 0, prevTerm 0
023087 LEAD S0: 1 append success next 1 match 0
023087 LEAD S0: 2 append success next 1 match 0
023587 LEAD S0: prevLog &raft.Entry{Command:interface {}(nil), Term:0, Index:0}
023587 LEAD S0: prevLog &raft.Entry{Command:interface {}(nil), Term:0, Index:0}
023588 INFO S2: (term 1) follower 收到 [0] AppendEntries [], prevIndex 0, prevTerm 0
023588 INFO S1: (term 1) follower 收到 [0] AppendEntries [], prevIndex 0, prevTerm 0
023588 LEAD S0: 2 append success next 1 match 0
023589 LEAD S0: 1 append success next 1 match 0
024089 LEAD S0: prevLog &raft.Entry{Command:interface {}(nil), Term:0, Index:0}
024089 LEAD S0: prevLog &raft.Entry{Command:interface {}(nil), Term:0, Index:0}
024089 INFO S2: (term 1) follower 收到 [0] AppendEntries [], prevIndex 0, prevTerm 0
024089 INFO S1: (term 1) follower 收到 [0] AppendEntries [], prevIndex 0, prevTerm 0
024090 LEAD S0: 1 append success next 1 match 0
024090 LEAD S0: 2 append success next 1 match 0
024591 LEAD S0: prevLog &raft.Entry{Command:interface {}(nil), Term:0, Index:0}
024591 LEAD S0: prevLog &raft.Entry{Command:interface {}(nil), Term:0, Index:0}
024592 INFO S2: (term 1) follower 收到 [0] AppendEntries [], prevIndex 0, prevTerm 0
024592 INFO S1: (term 1) follower 收到 [0] AppendEntries [], prevIndex 0, prevTerm 0
024593 LEAD S0: 1 append success next 1 match 0
024593 LEAD S0: 2 append success next 1 match 0
025093 LEAD S0: prevLog &raft.Entry{Command:interface {}(nil), Term:0, Index:0}
025093 LEAD S0: prevLog &raft.Entry{Command:interface {}(nil), Term:0, Index:0}
025094 INFO S1: (term 1) follower 收到 [0] AppendEntries [], prevIndex 0, prevTerm 0
025094 INFO S2: (term 1) follower 收到 [0] AppendEntries [], prevIndex 0, prevTerm 0
025094 LEAD S0: 2 append success next 1 match 0
025094 LEAD S0: 1 append success next 1 match 0
025594 LEAD S0: prevLog &raft.Entry{Command:interface {}(nil), Term:0, Index:0}
025594 LEAD S0: prevLog &raft.Entry{Command:interface {}(nil), Term:0, Index:0}
025595 INFO S1: (term 1) follower 收到 [0] AppendEntries [], prevIndex 0, prevTerm 0
025595 INFO S2: (term 1) follower 收到 [0] AppendEntries [], prevIndex 0, prevTerm 0
025595 LEAD S0: 2 append success next 1 match 0
025596 LEAD S0: 1 append success next 1 match 0
026096 LEAD S0: prevLog &raft.Entry{Command:interface {}(nil), Term:0, Index:0}
026096 LEAD S0: prevLog &raft.Entry{Command:interface {}(nil), Term:0, Index:0}
026097 INFO S2: (term 1) follower 收到 [0] AppendEntries [], prevIndex 0, prevTerm 0
026097 INFO S1: (term 1) follower 收到 [0] AppendEntries [], prevIndex 0, prevTerm 0
026098 LEAD S0: 2 append success next 1 match 0
026098 LEAD S0: 1 append success next 1 match 0
026597 LEAD S0: prevLog &raft.Entry{Command:interface {}(nil), Term:0, Index:0}
026597 LEAD S0: prevLog &raft.Entry{Command:interface {}(nil), Term:0, Index:0}
026598 INFO S1: (term 1) follower 收到 [0] AppendEntries [], prevIndex 0, prevTerm 0
026598 INFO S2: (term 1) follower 收到 [0] AppendEntries [], prevIndex 0, prevTerm 0
026598 LEAD S0: 1 append success next 1 match 0
026599 LEAD S0: 2 append success next 1 match 0
027099 LEAD S0: prevLog &raft.Entry{Command:interface {}(nil), Term:0, Index:0}
027099 LEAD S0: prevLog &raft.Entry{Command:interface {}(nil), Term:0, Index:0}
027100 INFO S1: (term 1) follower 收到 [0] AppendEntries [], prevIndex 0, prevTerm 0
027100 INFO S2: (term 1) follower 收到 [0] AppendEntries [], prevIndex 0, prevTerm 0
027100 LEAD S0: 1 append success next 1 match 0
027100 LEAD S0: 2 append success next 1 match 0
027600 LEAD S0: prevLog &raft.Entry{Command:interface {}(nil), Term:0, Index:0}
027601 LEAD S0: prevLog &raft.Entry{Command:interface {}(nil), Term:0, Index:0}
027601 INFO S1: (term 1) follower 收到 [0] AppendEntries [], prevIndex 0, prevTerm 0
027601 INFO S2: (term 1) follower 收到 [0] AppendEntries [], prevIndex 0, prevTerm 0
027602 LEAD S0: 1 append success next 1 match 0
027602 LEAD S0: 2 append success next 1 match 0
028102 LEAD S0: prevLog &raft.Entry{Command:interface {}(nil), Term:0, Index:0}
028102 LEAD S0: prevLog &raft.Entry{Command:interface {}(nil), Term:0, Index:0}
028103 INFO S2: (term 1) follower 收到 [0] AppendEntries [], prevIndex 0, prevTerm 0
028103 LEAD S0: 2 append success next 1 match 0
028103 INFO S1: (term 1) follower 收到 [0] AppendEntries [], prevIndex 0, prevTerm 0
028104 LEAD S0: 1 append success next 1 match 0
028604 LEAD S0: prevLog &raft.Entry{Command:interface {}(nil), Term:0, Index:0}
028604 LEAD S0: prevLog &raft.Entry{Command:interface {}(nil), Term:0, Index:0}
028605 INFO S1: (term 1) follower 收到 [0] AppendEntries [], prevIndex 0, prevTerm 0
028605 INFO S2: (term 1) follower 收到 [0] AppendEntries [], prevIndex 0, prevTerm 0
028605 LEAD S0: 1 append success next 1 match 0
028605 LEAD S0: 2 append success next 1 match 0
029106 LEAD S0: prevLog &raft.Entry{Command:interface {}(nil), Term:0, Index:0}
029106 LEAD S0: prevLog &raft.Entry{Command:interface {}(nil), Term:0, Index:0}
029107 INFO S1: (term 1) follower 收到 [0] AppendEntries [], prevIndex 0, prevTerm 0
029107 INFO S2: (term 1) follower 收到 [0] AppendEntries [], prevIndex 0, prevTerm 0
029107 LEAD S0: 1 append success next 1 match 0
029107 LEAD S0: 2 append success next 1 match 0
029608 LEAD S0: prevLog &raft.Entry{Command:interface {}(nil), Term:0, Index:0}
029608 LEAD S0: prevLog &raft.Entry{Command:interface {}(nil), Term:0, Index:0}
029609 INFO S1: (term 1) follower 收到 [0] AppendEntries [], prevIndex 0, prevTerm 0
029609 LEAD S0: 1 append success next 1 match 0
029609 INFO S2: (term 1) follower 收到 [0] AppendEntries [], prevIndex 0, prevTerm 0
029609 LEAD S0: 2 append success next 1 match 0
030109 LEAD S0: prevLog &raft.Entry{Command:interface {}(nil), Term:0, Index:0}
030110 LEAD S0: prevLog &raft.Entry{Command:interface {}(nil), Term:0, Index:0}
030110 INFO S2: (term 1) follower 收到 [0] AppendEntries [], prevIndex 0, prevTerm 0
030110 INFO S1: (term 1) follower 收到 [0] AppendEntries [], prevIndex 0, prevTerm 0
030111 LEAD S0: 2 append success next 1 match 0
030111 LEAD S0: 1 append success next 1 match 0
030612 LEAD S0: prevLog &raft.Entry{Command:interface {}(nil), Term:0, Index:0}
030612 LEAD S0: prevLog &raft.Entry{Command:interface {}(nil), Term:0, Index:0}
030612 INFO S1: (term 1) follower 收到 [0] AppendEntries [], prevIndex 0, prevTerm 0
030613 INFO S2: (term 1) follower 收到 [0] AppendEntries [], prevIndex 0, prevTerm 0
030613 LEAD S0: 1 append success next 1 match 0
030613 LEAD S0: 2 append success next 1 match 0
031113 LEAD S0: prevLog &raft.Entry{Command:interface {}(nil), Term:0, Index:0}
031114 LEAD S0: prevLog &raft.Entry{Command:interface {}(nil), Term:0, Index:0}
031114 INFO S1: (term 1) follower 收到 [0] AppendEntries [], prevIndex 0, prevTerm 0
031114 INFO S2: (term 1) follower 收到 [0] AppendEntries [], prevIndex 0, prevTerm 0
031115 LEAD S0: 1 append success next 1 match 0
031115 LEAD S0: 2 append success next 1 match 0
031615 LEAD S0: prevLog &raft.Entry{Command:interface {}(nil), Term:0, Index:0}
031615 LEAD S0: prevLog &raft.Entry{Command:interface {}(nil), Term:0, Index:0}
031616 INFO S2: (term 1) follower 收到 [0] AppendEntries [], prevIndex 0, prevTerm 0
031616 INFO S1: (term 1) follower 收到 [0] AppendEntries [], prevIndex 0, prevTerm 0
031616 LEAD S0: 2 append success next 1 match 0
031616 LEAD S0: 1 append success next 1 match 0
032116 LEAD S0: prevLog &raft.Entry{Command:interface {}(nil), Term:0, Index:0}
032116 LEAD S0: prevLog &raft.Entry{Command:interface {}(nil), Term:0, Index:0}
032117 INFO S2: (term 1) follower 收到 [0] AppendEntries [], prevIndex 0, prevTerm 0
032118 INFO S1: (term 1) follower 收到 [0] AppendEntries [], prevIndex 0, prevTerm 0
032118 LEAD S0: 2 append success next 1 match 0
032118 LEAD S0: 1 append success next 1 match 0
032618 LEAD S0: prevLog &raft.Entry{Command:interface {}(nil), Term:0, Index:0}
032618 LEAD S0: prevLog &raft.Entry{Command:interface {}(nil), Term:0, Index:0}
032619 INFO S2: (term 1) follower 收到 [0] AppendEntries [], prevIndex 0, prevTerm 0
032619 INFO S1: (term 1) follower 收到 [0] AppendEntries [], prevIndex 0, prevTerm 0
032619 LEAD S0: 2 append success next 1 match 0
032619 LEAD S0: 1 append success next 1 match 0
033120 LEAD S0: prevLog &raft.Entry{Command:interface {}(nil), Term:0, Index:0}
033120 LEAD S0: prevLog &raft.Entry{Command:interface {}(nil), Term:0, Index:0}
033121 INFO S1: (term 1) follower 收到 [0] AppendEntries [], prevIndex 0, prevTerm 0
033121 INFO S2: (term 1) follower 收到 [0] AppendEntries [], prevIndex 0, prevTerm 0
033121 LEAD S0: 1 append success next 1 match 0
033121 LEAD S0: 2 append success next 1 match 0
033621 LEAD S0: prevLog &raft.Entry{Command:interface {}(nil), Term:0, Index:0}
033621 LEAD S0: prevLog &raft.Entry{Command:interface {}(nil), Term:0, Index:0}
033622 INFO S2: (term 1) follower 收到 [0] AppendEntries [], prevIndex 0, prevTerm 0
033622 INFO S1: (term 1) follower 收到 [0] AppendEntries [], prevIndex 0, prevTerm 0
033623 LEAD S0: 2 append success next 1 match 0
033623 LEAD S0: 1 append success next 1 match 0
034123 LEAD S0: prevLog &raft.Entry{Command:interface {}(nil), Term:0, Index:0}
034123 LEAD S0: prevLog &raft.Entry{Command:interface {}(nil), Term:0, Index:0}
034124 INFO S1: (term 1) follower 收到 [0] AppendEntries [], prevIndex 0, prevTerm 0
034124 INFO S2: (term 1) follower 收到 [0] AppendEntries [], prevIndex 0, prevTerm 0
034124 LEAD S0: 2 append success next 1 match 0
034124 LEAD S0: 1 append success next 1 match 0
034624 LEAD S0: prevLog &raft.Entry{Command:interface {}(nil), Term:0, Index:0}
034625 LEAD S0: prevLog &raft.Entry{Command:interface {}(nil), Term:0, Index:0}
034625 INFO S2: (term 1) follower 收到 [0] AppendEntries [], prevIndex 0, prevTerm 0
034628 INFO S1: (term 1) follower 收到 [0] AppendEntries [], prevIndex 0, prevTerm 0
034628 LEAD S0: 2 append success next 1 match 0
034630 LEAD S0: 1 append success next 1 match 0
035127 LEAD S0: prevLog &raft.Entry{Command:interface {}(nil), Term:0, Index:0}
035127 LEAD S0: prevLog &raft.Entry{Command:interface {}(nil), Term:0, Index:0}
035128 INFO S2: (term 1) follower 收到 [0] AppendEntries [], prevIndex 0, prevTerm 0
035128 LEAD S0: 2 append success next 1 match 0
035128 INFO S1: (term 1) follower 收到 [0] AppendEntries [], prevIndex 0, prevTerm 0
035129 LEAD S0: 1 append success next 1 match 0
035629 LEAD S0: prevLog &raft.Entry{Command:interface {}(nil), Term:0, Index:0}
035629 LEAD S0: prevLog &raft.Entry{Command:interface {}(nil), Term:0, Index:0}
035629 INFO S1: (term 1) follower 收到 [0] AppendEntries [], prevIndex 0, prevTerm 0
035630 INFO S2: (term 1) follower 收到 [0] AppendEntries [], prevIndex 0, prevTerm 0
035630 LEAD S0: 1 append success next 1 match 0
035630 LEAD S0: 2 append success next 1 match 0
036130 LEAD S0: prevLog &raft.Entry{Command:interface {}(nil), Term:0, Index:0}
036130 LEAD S0: prevLog &raft.Entry{Command:interface {}(nil), Term:0, Index:0}
036131 INFO S2: (term 1) follower 收到 [0] AppendEntries [], prevIndex 0, prevTerm 0
036131 INFO S1: (term 1) follower 收到 [0] AppendEntries [], prevIndex 0, prevTerm 0
036132 LEAD S0: 2 append success next 1 match 0
036132 LEAD S0: 1 append success next 1 match 0
036632 LEAD S0: prevLog &raft.Entry{Command:interface {}(nil), Term:0, Index:0}
036632 LEAD S0: prevLog &raft.Entry{Command:interface {}(nil), Term:0, Index:0}
036632 INFO S1: (term 1) follower 收到 [0] AppendEntries [], prevIndex 0, prevTerm 0
036632 INFO S2: (term 1) follower 收到 [0] AppendEntries [], prevIndex 0, prevTerm 0
036633 LEAD S0: 2 append success next 1 match 0
036633 LEAD S0: 1 append success next 1 match 0
037133 LEAD S0: prevLog &raft.Entry{Command:interface {}(nil), Term:0, Index:0}
037133 LEAD S0: prevLog &raft.Entry{Command:interface {}(nil), Term:0, Index:0}
037134 INFO S2: (term 1) follower 收到 [0] AppendEntries [], prevIndex 0, prevTerm 0
037134 INFO S1: (term 1) follower 收到 [0] AppendEntries [], prevIndex 0, prevTerm 0
037135 LEAD S0: 1 append success next 1 match 0
037135 LEAD S0: 2 append success next 1 match 0
037635 LEAD S0: prevLog &raft.Entry{Command:interface {}(nil), Term:0, Index:0}
037635 LEAD S0: prevLog &raft.Entry{Command:interface {}(nil), Term:0, Index:0}
037636 INFO S2: (term 1) follower 收到 [0] AppendEntries [], prevIndex 0, prevTerm 0
037636 LEAD S0: 2 append success next 1 match 0
037636 INFO S1: (term 1) follower 收到 [0] AppendEntries [], prevIndex 0, prevTerm 0
037637 LEAD S0: 1 append success next 1 match 0
038136 LEAD S0: prevLog &raft.Entry{Command:interface {}(nil), Term:0, Index:0}
038136 LEAD S0: prevLog &raft.Entry{Command:interface {}(nil), Term:0, Index:0}
038137 INFO S1: (term 1) follower 收到 [0] AppendEntries [], prevIndex 0, prevTerm 0
038137 INFO S2: (term 1) follower 收到 [0] AppendEntries [], prevIndex 0, prevTerm 0
038137 LEAD S0: 1 append success next 1 match 0
038138 LEAD S0: 2 append success next 1 match 0
038638 LEAD S0: prevLog &raft.Entry{Command:interface {}(nil), Term:0, Index:0}
038638 LEAD S0: prevLog &raft.Entry{Command:interface {}(nil), Term:0, Index:0}
038639 INFO S1: (term 1) follower 收到 [0] AppendEntries [], prevIndex 0, prevTerm 0
038639 INFO S2: (term 1) follower 收到 [0] AppendEntries [], prevIndex 0, prevTerm 0
038639 LEAD S0: 1 append success next 1 match 0
038639 LEAD S0: 2 append success next 1 match 0
039140 LEAD S0: prevLog &raft.Entry{Command:interface {}(nil), Term:0, Index:0}
039140 LEAD S0: prevLog &raft.Entry{Command:interface {}(nil), Term:0, Index:0}
039141 INFO S1: (term 1) follower 收到 [0] AppendEntries [], prevIndex 0, prevTerm 0
039141 LEAD S0: 1 append success next 1 match 0
039141 INFO S2: (term 1) follower 收到 [0] AppendEntries [], prevIndex 0, prevTerm 0
039141 LEAD S0: 2 append success next 1 match 0
039643 LEAD S0: prevLog &raft.Entry{Command:interface {}(nil), Term:0, Index:0}
039643 LEAD S0: prevLog &raft.Entry{Command:interface {}(nil), Term:0, Index:0}
039644 INFO S1: (term 1) follower 收到 [0] AppendEntries [], prevIndex 0, prevTerm 0
039644 INFO S2: (term 1) follower 收到 [0] AppendEntries [], prevIndex 0, prevTerm 0
039644 LEAD S0: 1 append success next 1 match 0
039644 LEAD S0: 2 append success next 1 match 0
040144 LEAD S0: prevLog &raft.Entry{Command:interface {}(nil), Term:0, Index:0}
040144 LEAD S0: prevLog &raft.Entry{Command:interface {}(nil), Term:0, Index:0}
040145 INFO S2: (term 1) follower 收到 [0] AppendEntries [], prevIndex 0, prevTerm 0
040145 INFO S1: (term 1) follower 收到 [0] AppendEntries [], prevIndex 0, prevTerm 0
040146 LEAD S0: 1 append success next 1 match 0
040146 LEAD S0: 2 append success next 1 match 0
040646 LEAD S0: prevLog &raft.Entry{Command:interface {}(nil), Term:0, Index:0}
040646 LEAD S0: prevLog &raft.Entry{Command:interface {}(nil), Term:0, Index:0}
040647 INFO S2: (term 1) follower 收到 [0] AppendEntries [], prevIndex 0, prevTerm 0
040647 INFO S1: (term 1) follower 收到 [0] AppendEntries [], prevIndex 0, prevTerm 0
040648 LEAD S0: 2 append success next 1 match 0
040648 LEAD S0: 1 append success next 1 match 0
041148 LEAD S0: prevLog &raft.Entry{Command:interface {}(nil), Term:0, Index:0}
041148 LEAD S0: prevLog &raft.Entry{Command:interface {}(nil), Term:0, Index:0}
041149 INFO S1: (term 1) follower 收到 [0] AppendEntries [], prevIndex 0, prevTerm 0
041149 INFO S2: (term 1) follower 收到 [0] AppendEntries [], prevIndex 0, prevTerm 0
041149 LEAD S0: 1 append success next 1 match 0
041150 LEAD S0: 2 append success next 1 match 0
041650 LEAD S0: prevLog &raft.Entry{Command:interface {}(nil), Term:0, Index:0}
041650 LEAD S0: prevLog &raft.Entry{Command:interface {}(nil), Term:0, Index:0}
041651 INFO S2: (term 1) follower 收到 [0] AppendEntries [], prevIndex 0, prevTerm 0
041651 INFO S1: (term 1) follower 收到 [0] AppendEntries [], prevIndex 0, prevTerm 0
041651 LEAD S0: 2 append success next 1 match 0
041651 LEAD S0: 1 append success next 1 match 0
042152 LEAD S0: prevLog &raft.Entry{Command:interface {}(nil), Term:0, Index:0}
042152 LEAD S0: prevLog &raft.Entry{Command:interface {}(nil), Term:0, Index:0}
042154 INFO S2: (term 1) follower 收到 [0] AppendEntries [], prevIndex 0, prevTerm 0
042154 LEAD S0: 2 append success next 1 match 0
042155 INFO S1: (term 1) follower 收到 [0] AppendEntries [], prevIndex 0, prevTerm 0
042155 LEAD S0: 1 append success next 1 match 0
042654 LEAD S0: prevLog &raft.Entry{Command:interface {}(nil), Term:0, Index:0}
042654 LEAD S0: prevLog &raft.Entry{Command:interface {}(nil), Term:0, Index:0}
042654 INFO S2: (term 1) follower 收到 [0] AppendEntries [], prevIndex 0, prevTerm 0
042655 LEAD S0: 2 append success next 1 match 0
042655 INFO S1: (term 1) follower 收到 [0] AppendEntries [], prevIndex 0, prevTerm 0
042656 LEAD S0: 1 append success next 1 match 0
043156 LEAD S0: prevLog &raft.Entry{Command:interface {}(nil), Term:0, Index:0}
043156 LEAD S0: prevLog &raft.Entry{Command:interface {}(nil), Term:0, Index:0}
043157 INFO S1: (term 1) follower 收到 [0] AppendEntries [], prevIndex 0, prevTerm 0
043157 INFO S2: (term 1) follower 收到 [0] AppendEntries [], prevIndex 0, prevTerm 0
043157 LEAD S0: 1 append success next 1 match 0
043158 LEAD S0: 2 append success next 1 match 0
043658 LEAD S0: prevLog &raft.Entry{Command:interface {}(nil), Term:0, Index:0}
043658 LEAD S0: prevLog &raft.Entry{Command:interface {}(nil), Term:0, Index:0}
043659 INFO S1: (term 1) follower 收到 [0] AppendEntries [], prevIndex 0, prevTerm 0
043659 INFO S2: (term 1) follower 收到 [0] AppendEntries [], prevIndex 0, prevTerm 0
043659 LEAD S0: 1 append success next 1 match 0
043659 LEAD S0: 2 append success next 1 match 0
044159 LEAD S0: prevLog &raft.Entry{Command:interface {}(nil), Term:0, Index:0}
044160 LEAD S0: prevLog &raft.Entry{Command:interface {}(nil), Term:0, Index:0}
044160 INFO S1: (term 1) follower 收到 [0] AppendEntries [], prevIndex 0, prevTerm 0
044160 INFO S2: (term 1) follower 收到 [0] AppendEntries [], prevIndex 0, prevTerm 0
044161 LEAD S0: 1 append success next 1 match 0
044161 LEAD S0: 2 append success next 1 match 0
044661 LEAD S0: prevLog &raft.Entry{Command:interface {}(nil), Term:0, Index:0}
044661 LEAD S0: prevLog &raft.Entry{Command:interface {}(nil), Term:0, Index:0}
044662 INFO S2: (term 1) follower 收到 [0] AppendEntries [], prevIndex 0, prevTerm 0
044662 LEAD S0: 2 append success next 1 match 0
044662 INFO S1: (term 1) follower 收到 [0] AppendEntries [], prevIndex 0, prevTerm 0
044663 LEAD S0: 1 append success next 1 match 0
045163 LEAD S0: prevLog &raft.Entry{Command:interface {}(nil), Term:0, Index:0}
045163 LEAD S0: prevLog &raft.Entry{Command:interface {}(nil), Term:0, Index:0}
045164 INFO S1: (term 1) follower 收到 [0] AppendEntries [], prevIndex 0, prevTerm 0
045164 INFO S2: (term 1) follower 收到 [0] AppendEntries [], prevIndex 0, prevTerm 0
045164 LEAD S0: 1 append success next 1 match 0
045164 LEAD S0: 2 append success next 1 match 0
045665 LEAD S0: prevLog &raft.Entry{Command:interface {}(nil), Term:0, Index:0}
045665 LEAD S0: prevLog &raft.Entry{Command:interface {}(nil), Term:0, Index:0}
045666 INFO S2: (term 1) follower 收到 [0] AppendEntries [], prevIndex 0, prevTerm 0
045666 INFO S1: (term 1) follower 收到 [0] AppendEntries [], prevIndex 0, prevTerm 0
045666 LEAD S0: 2 append success next 1 match 0
045666 LEAD S0: 1 append success next 1 match 0
046166 LEAD S0: prevLog &raft.Entry{Command:interface {}(nil), Term:0, Index:0}
046167 LEAD S0: prevLog &raft.Entry{Command:interface {}(nil), Term:0, Index:0}
046167 INFO S2: (term 1) follower 收到 [0] AppendEntries [], prevIndex 0, prevTerm 0
046168 LEAD S0: 2 append success next 1 match 0
046168 INFO S1: (term 1) follower 收到 [0] AppendEntries [], prevIndex 0, prevTerm 0
046168 LEAD S0: 1 append success next 1 match 0
046668 LEAD S0: prevLog &raft.Entry{Command:interface {}(nil), Term:0, Index:0}
046668 LEAD S0: prevLog &raft.Entry{Command:interface {}(nil), Term:0, Index:0}
046669 INFO S2: (term 1) follower 收到 [0] AppendEntries [], prevIndex 0, prevTerm 0
046669 LEAD S0: 2 append success next 1 match 0
046669 INFO S1: (term 1) follower 收到 [0] AppendEntries [], prevIndex 0, prevTerm 0
046670 LEAD S0: 1 append success next 1 match 0
047169 LEAD S0: prevLog &raft.Entry{Command:interface {}(nil), Term:0, Index:0}
047170 LEAD S0: prevLog &raft.Entry{Command:interface {}(nil), Term:0, Index:0}
047171 INFO S2: (term 1) follower 收到 [0] AppendEntries [], prevIndex 0, prevTerm 0
047171 INFO S1: (term 1) follower 收到 [0] AppendEntries [], prevIndex 0, prevTerm 0
047171 LEAD S0: 2 append success next 1 match 0
047171 LEAD S0: 1 append success next 1 match 0
047671 LEAD S0: prevLog &raft.Entry{Command:interface {}(nil), Term:0, Index:0}
047671 LEAD S0: prevLog &raft.Entry{Command:interface {}(nil), Term:0, Index:0}
047672 INFO S1: (term 1) follower 收到 [0] AppendEntries [], prevIndex 0, prevTerm 0
047672 INFO S2: (term 1) follower 收到 [0] AppendEntries [], prevIndex 0, prevTerm 0
047673 LEAD S0: 2 append success next 1 match 0
047673 LEAD S0: 1 append success next 1 match 0
048173 LEAD S0: prevLog &raft.Entry{Command:interface {}(nil), Term:0, Index:0}
048173 LEAD S0: prevLog &raft.Entry{Command:interface {}(nil), Term:0, Index:0}
048174 INFO S1: (term 1) follower 收到 [0] AppendEntries [], prevIndex 0, prevTerm 0
048174 INFO S2: (term 1) follower 收到 [0] AppendEntries [], prevIndex 0, prevTerm 0
048174 LEAD S0: 1 append success next 1 match 0
048174 LEAD S0: 2 append success next 1 match 0
048675 LEAD S0: prevLog &raft.Entry{Command:interface {}(nil), Term:0, Index:0}
048675 LEAD S0: prevLog &raft.Entry{Command:interface {}(nil), Term:0, Index:0}
048676 INFO S1: (term 1) follower 收到 [0] AppendEntries [], prevIndex 0, prevTerm 0
048676 INFO S2: (term 1) follower 收到 [0] AppendEntries [], prevIndex 0, prevTerm 0
048676 LEAD S0: 1 append success next 1 match 0
048676 LEAD S0: 2 append success next 1 match 0
049177 LEAD S0: prevLog &raft.Entry{Command:interface {}(nil), Term:0, Index:0}
049177 LEAD S0: prevLog &raft.Entry{Command:interface {}(nil), Term:0, Index:0}
049178 INFO S2: (term 1) follower 收到 [0] AppendEntries [], prevIndex 0, prevTerm 0
049178 LEAD S0: 2 append success next 1 match 0
049178 INFO S1: (term 1) follower 收到 [0] AppendEntries [], prevIndex 0, prevTerm 0
049178 LEAD S0: 1 append success next 1 match 0
049678 LEAD S0: prevLog &raft.Entry{Command:interface {}(nil), Term:0, Index:0}
049678 LEAD S0: prevLog &raft.Entry{Command:interface {}(nil), Term:0, Index:0}
049679 INFO S2: (term 1) follower 收到 [0] AppendEntries [], prevIndex 0, prevTerm 0
049679 LEAD S0: 2 append success next 1 match 0
049680 INFO S1: (term 1) follower 收到 [0] AppendEntries [], prevIndex 0, prevTerm 0
049680 LEAD S0: 1 append success next 1 match 0
050180 LEAD S0: prevLog &raft.Entry{Command:interface {}(nil), Term:0, Index:0}
050180 LEAD S0: prevLog &raft.Entry{Command:interface {}(nil), Term:0, Index:0}
050181 INFO S2: (term 1) follower 收到 [0] AppendEntries [], prevIndex 0, prevTerm 0
050181 INFO S1: (term 1) follower 收到 [0] AppendEntries [], prevIndex 0, prevTerm 0
050181 LEAD S0: 2 append success next 1 match 0
050181 LEAD S0: 1 append success next 1 match 0
050682 LEAD S0: prevLog &raft.Entry{Command:interface {}(nil), Term:0, Index:0}
050682 LEAD S0: prevLog &raft.Entry{Command:interface {}(nil), Term:0, Index:0}
050683 INFO S1: (term 1) follower 收到 [0] AppendEntries [], prevIndex 0, prevTerm 0
050683 INFO S2: (term 1) follower 收到 [0] AppendEntries [], prevIndex 0, prevTerm 0
050683 LEAD S0: 2 append success next 1 match 0
050683 LEAD S0: 1 append success next 1 match 0
051183 LEAD S0: prevLog &raft.Entry{Command:interface {}(nil), Term:0, Index:0}
051183 LEAD S0: prevLog &raft.Entry{Command:interface {}(nil), Term:0, Index:0}
051184 INFO S2: (term 1) follower 收到 [0] AppendEntries [], prevIndex 0, prevTerm 0
051184 INFO S1: (term 1) follower 收到 [0] AppendEntries [], prevIndex 0, prevTerm 0
051185 LEAD S0: 2 append success next 1 match 0
051185 LEAD S0: 1 append success next 1 match 0
051685 LEAD S0: prevLog &raft.Entry{Command:interface {}(nil), Term:0, Index:0}
051686 LEAD S0: prevLog &raft.Entry{Command:interface {}(nil), Term:0, Index:0}
051687 INFO S2: (term 1) follower 收到 [0] AppendEntries [], prevIndex 0, prevTerm 0
051687 INFO S1: (term 1) follower 收到 [0] AppendEntries [], prevIndex 0, prevTerm 0
051688 LEAD S0: 1 append success next 1 match 0
051688 LEAD S0: 2 append success next 1 match 0
052188 LEAD S0: prevLog &raft.Entry{Command:interface {}(nil), Term:0, Index:0}
052188 LEAD S0: prevLog &raft.Entry{Command:interface {}(nil), Term:0, Index:0}
052189 INFO S2: (term 1) follower 收到 [0] AppendEntries [], prevIndex 0, prevTerm 0
052189 LEAD S0: 2 append success next 1 match 0
052189 INFO S1: (term 1) follower 收到 [0] AppendEntries [], prevIndex 0, prevTerm 0
052190 LEAD S0: 1 append success next 1 match 0
052690 LEAD S0: prevLog &raft.Entry{Command:interface {}(nil), Term:0, Index:0}
052690 LEAD S0: prevLog &raft.Entry{Command:interface {}(nil), Term:0, Index:0}
052691 INFO S1: (term 1) follower 收到 [0] AppendEntries [], prevIndex 0, prevTerm 0
052691 INFO S2: (term 1) follower 收到 [0] AppendEntries [], prevIndex 0, prevTerm 0
052691 LEAD S0: 1 append success next 1 match 0
052691 LEAD S0: 2 append success next 1 match 0
053191 LEAD S0: prevLog &raft.Entry{Command:interface {}(nil), Term:0, Index:0}
053192 LEAD S0: prevLog &raft.Entry{Command:interface {}(nil), Term:0, Index:0}
053192 INFO S1: (term 1) follower 收到 [0] AppendEntries [], prevIndex 0, prevTerm 0
053192 INFO S2: (term 1) follower 收到 [0] AppendEntries [], prevIndex 0, prevTerm 0
053193 LEAD S0: 1 append success next 1 match 0
053193 LEAD S0: 2 append success next 1 match 0
053693 LEAD S0: prevLog &raft.Entry{Command:interface {}(nil), Term:0, Index:0}
053693 LEAD S0: prevLog &raft.Entry{Command:interface {}(nil), Term:0, Index:0}
053694 INFO S2: (term 1) follower 收到 [0] AppendEntries [], prevIndex 0, prevTerm 0
053694 INFO S1: (term 1) follower 收到 [0] AppendEntries [], prevIndex 0, prevTerm 0
053694 LEAD S0: 2 append success next 1 match 0
053695 LEAD S0: 1 append success next 1 match 0
054195 LEAD S0: prevLog &raft.Entry{Command:interface {}(nil), Term:0, Index:0}
054195 LEAD S0: prevLog &raft.Entry{Command:interface {}(nil), Term:0, Index:0}
054196 INFO S2: (term 1) follower 收到 [0] AppendEntries [], prevIndex 0, prevTerm 0
054197 LEAD S0: 2 append success next 1 match 0
054197 INFO S1: (term 1) follower 收到 [0] AppendEntries [], prevIndex 0, prevTerm 0
054197 LEAD S0: 1 append success next 1 match 0
054697 LEAD S0: prevLog &raft.Entry{Command:interface {}(nil), Term:0, Index:0}
054697 LEAD S0: prevLog &raft.Entry{Command:interface {}(nil), Term:0, Index:0}
054698 INFO S2: (term 1) follower 收到 [0] AppendEntries [], prevIndex 0, prevTerm 0
054698 INFO S1: (term 1) follower 收到 [0] AppendEntries [], prevIndex 0, prevTerm 0
054698 LEAD S0: 2 append success next 1 match 0
054699 LEAD S0: 1 append success next 1 match 0
055199 LEAD S0: prevLog &raft.Entry{Command:interface {}(nil), Term:0, Index:0}
055200 LEAD S0: prevLog &raft.Entry{Command:interface {}(nil), Term:0, Index:0}
055200 INFO S2: (term 1) follower 收到 [0] AppendEntries [], prevIndex 0, prevTerm 0
055201 LEAD S0: 2 append success next 1 match 0
055201 INFO S1: (term 1) follower 收到 [0] AppendEntries [], prevIndex 0, prevTerm 0
055202 LEAD S0: 1 append success next 1 match 0
055701 LEAD S0: prevLog &raft.Entry{Command:interface {}(nil), Term:0, Index:0}
055701 LEAD S0: prevLog &raft.Entry{Command:interface {}(nil), Term:0, Index:0}
055702 INFO S1: (term 1) follower 收到 [0] AppendEntries [], prevIndex 0, prevTerm 0
055702 INFO S2: (term 1) follower 收到 [0] AppendEntries [], prevIndex 0, prevTerm 0
055702 LEAD S0: 1 append success next 1 match 0
055703 LEAD S0: 2 append success next 1 match 0
056203 LEAD S0: prevLog &raft.Entry{Command:interface {}(nil), Term:0, Index:0}
056203 LEAD S0: prevLog &raft.Entry{Command:interface {}(nil), Term:0, Index:0}
056204 INFO S1: (term 1) follower 收到 [0] AppendEntries [], prevIndex 0, prevTerm 0
056204 LEAD S0: 1 append success next 1 match 0
056204 INFO S2: (term 1) follower 收到 [0] AppendEntries [], prevIndex 0, prevTerm 0
056205 LEAD S0: 2 append success next 1 match 0
056705 LEAD S0: prevLog &raft.Entry{Command:interface {}(nil), Term:0, Index:0}
056705 LEAD S0: prevLog &raft.Entry{Command:interface {}(nil), Term:0, Index:0}
056706 INFO S2: (term 1) follower 收到 [0] AppendEntries [], prevIndex 0, prevTerm 0
056706 LEAD S0: 2 append success next 1 match 0
056706 INFO S1: (term 1) follower 收到 [0] AppendEntries [], prevIndex 0, prevTerm 0
056707 LEAD S0: 1 append success next 1 match 0
057207 LEAD S0: prevLog &raft.Entry{Command:interface {}(nil), Term:0, Index:0}
057207 LEAD S0: prevLog &raft.Entry{Command:interface {}(nil), Term:0, Index:0}
057207 INFO S2: (term 1) follower 收到 [0] AppendEntries [], prevIndex 0, prevTerm 0
057207 INFO S1: (term 1) follower 收到 [0] AppendEntries [], prevIndex 0, prevTerm 0
057208 LEAD S0: 2 append success next 1 match 0
057208 LEAD S0: 1 append success next 1 match 0
057709 LEAD S0: prevLog &raft.Entry{Command:interface {}(nil), Term:0, Index:0}
057709 LEAD S0: prevLog &raft.Entry{Command:interface {}(nil), Term:0, Index:0}
057710 INFO S1: (term 1) follower 收到 [0] AppendEntries [], prevIndex 0, prevTerm 0
057710 INFO S2: (term 1) follower 收到 [0] AppendEntries [], prevIndex 0, prevTerm 0
057710 LEAD S0: 1 append success next 1 match 0
057710 LEAD S0: 2 append success next 1 match 0
058211 LEAD S0: prevLog &raft.Entry{Command:interface {}(nil), Term:0, Index:0}
058211 LEAD S0: prevLog &raft.Entry{Command:interface {}(nil), Term:0, Index:0}
058212 INFO S1: (term 1) follower 收到 [0] AppendEntries [], prevIndex 0, prevTerm 0
058212 INFO S2: (term 1) follower 收到 [0] AppendEntries [], prevIndex 0, prevTerm 0
058212 LEAD S0: 1 append success next 1 match 0
058212 LEAD S0: 2 append success next 1 match 0
058713 LEAD S0: prevLog &raft.Entry{Command:interface {}(nil), Term:0, Index:0}
058713 LEAD S0: prevLog &raft.Entry{Command:interface {}(nil), Term:0, Index:0}
058713 INFO S2: (term 1) follower 收到 [0] AppendEntries [], prevIndex 0, prevTerm 0
058713 INFO S1: (term 1) follower 收到 [0] AppendEntries [], prevIndex 0, prevTerm 0
058714 LEAD S0: 2 append success next 1 match 0
058714 LEAD S0: 1 append success next 1 match 0
059214 LEAD S0: prevLog &raft.Entry{Command:interface {}(nil), Term:0, Index:0}
059214 LEAD S0: prevLog &raft.Entry{Command:interface {}(nil), Term:0, Index:0}
059215 INFO S2: (term 1) follower 收到 [0] AppendEntries [], prevIndex 0, prevTerm 0
059215 INFO S1: (term 1) follower 收到 [0] AppendEntries [], prevIndex 0, prevTerm 0
059215 LEAD S0: 2 append success next 1 match 0
059216 LEAD S0: 1 append success next 1 match 0
059717 LEAD S0: prevLog &raft.Entry{Command:interface {}(nil), Term:0, Index:0}
059717 LEAD S0: prevLog &raft.Entry{Command:interface {}(nil), Term:0, Index:0}
059717 INFO S2: (term 1) follower 收到 [0] AppendEntries [], prevIndex 0, prevTerm 0
059718 INFO S1: (term 1) follower 收到 [0] AppendEntries [], prevIndex 0, prevTerm 0
059718 LEAD S0: 2 append success next 1 match 0
059718 LEAD S0: 1 append success next 1 match 0
060219 LEAD S0: prevLog &raft.Entry{Command:interface {}(nil), Term:0, Index:0}
060219 LEAD S0: prevLog &raft.Entry{Command:interface {}(nil), Term:0, Index:0}
060220 INFO S2: (term 1) follower 收到 [0] AppendEntries [], prevIndex 0, prevTerm 0
060220 INFO S1: (term 1) follower 收到 [0] AppendEntries [], prevIndex 0, prevTerm 0
060220 LEAD S0: 1 append success next 1 match 0
060220 LEAD S0: 2 append success next 1 match 0
060720 LEAD S0: prevLog &raft.Entry{Command:interface {}(nil), Term:0, Index:0}
060721 LEAD S0: prevLog &raft.Entry{Command:interface {}(nil), Term:0, Index:0}
060721 INFO S2: (term 1) follower 收到 [0] AppendEntries [], prevIndex 0, prevTerm 0
060721 LEAD S0: 2 append success next 1 match 0
060722 INFO S1: (term 1) follower 收到 [0] AppendEntries [], prevIndex 0, prevTerm 0
060722 LEAD S0: 1 append success next 1 match 0
061222 LEAD S0: prevLog &raft.Entry{Command:interface {}(nil), Term:0, Index:0}
061222 LEAD S0: prevLog &raft.Entry{Command:interface {}(nil), Term:0, Index:0}
061223 INFO S1: (term 1) follower 收到 [0] AppendEntries [], prevIndex 0, prevTerm 0
061223 LEAD S0: 1 append success next 1 match 0
061223 INFO S2: (term 1) follower 收到 [0] AppendEntries [], prevIndex 0, prevTerm 0
061223 LEAD S0: 2 append success next 1 match 0
061725 LEAD S0: prevLog &raft.Entry{Command:interface {}(nil), Term:0, Index:0}
061726 LEAD S0: prevLog &raft.Entry{Command:interface {}(nil), Term:0, Index:0}
061727 INFO S2: (term 1) follower 收到 [0] AppendEntries [], prevIndex 0, prevTerm 0
061727 INFO S1: (term 1) follower 收到 [0] AppendEntries [], prevIndex 0, prevTerm 0
061727 LEAD S0: 2 append success next 1 match 0
061728 LEAD S0: 1 append success next 1 match 0
062227 LEAD S0: prevLog &raft.Entry{Command:interface {}(nil), Term:0, Index:0}
062227 LEAD S0: prevLog &raft.Entry{Command:interface {}(nil), Term:0, Index:0}
062228 INFO S2: (term 1) follower 收到 [0] AppendEntries [], prevIndex 0, prevTerm 0
062228 INFO S1: (term 1) follower 收到 [0] AppendEntries [], prevIndex 0, prevTerm 0
062228 LEAD S0: 2 append success next 1 match 0
062228 LEAD S0: 1 append success next 1 match 0
062730 LEAD S0: prevLog &raft.Entry{Command:interface {}(nil), Term:0, Index:0}
062730 LEAD S0: prevLog &raft.Entry{Command:interface {}(nil), Term:0, Index:0}
062730 INFO S2: (term 1) follower 收到 [0] AppendEntries [], prevIndex 0, prevTerm 0
062731 LEAD S0: 2 append success next 1 match 0
062731 INFO S1: (term 1) follower 收到 [0] AppendEntries [], prevIndex 0, prevTerm 0
062731 LEAD S0: 1 append success next 1 match 0
063231 LEAD S0: prevLog &raft.Entry{Command:interface {}(nil), Term:0, Index:0}
063232 LEAD S0: prevLog &raft.Entry{Command:interface {}(nil), Term:0, Index:0}
063232 INFO S1: (term 1) follower 收到 [0] AppendEntries [], prevIndex 0, prevTerm 0
063232 INFO S2: (term 1) follower 收到 [0] AppendEntries [], prevIndex 0, prevTerm 0
063233 LEAD S0: 1 append success next 1 match 0
063233 LEAD S0: 2 append success next 1 match 0
063733 LEAD S0: prevLog &raft.Entry{Command:interface {}(nil), Term:0, Index:0}
063733 LEAD S0: prevLog &raft.Entry{Command:interface {}(nil), Term:0, Index:0}
063734 INFO S1: (term 1) follower 收到 [0] AppendEntries [], prevIndex 0, prevTerm 0
063734 LEAD S0: 1 append success next 1 match 0
063734 INFO S2: (term 1) follower 收到 [0] AppendEntries [], prevIndex 0, prevTerm 0
063734 LEAD S0: 2 append success next 1 match 0
064236 LEAD S0: prevLog &raft.Entry{Command:interface {}(nil), Term:0, Index:0}
064236 LEAD S0: prevLog &raft.Entry{Command:interface {}(nil), Term:0, Index:0}
064236 INFO S1: (term 1) follower 收到 [0] AppendEntries [], prevIndex 0, prevTerm 0
064236 INFO S2: (term 1) follower 收到 [0] AppendEntries [], prevIndex 0, prevTerm 0
064237 LEAD S0: 1 append success next 1 match 0
064237 LEAD S0: 2 append success next 1 match 0
064737 LEAD S0: prevLog &raft.Entry{Command:interface {}(nil), Term:0, Index:0}
064737 LEAD S0: prevLog &raft.Entry{Command:interface {}(nil), Term:0, Index:0}
064738 INFO S1: (term 1) follower 收到 [0] AppendEntries [], prevIndex 0, prevTerm 0
064738 LEAD S0: 1 append success next 1 match 0
064738 INFO S2: (term 1) follower 收到 [0] AppendEntries [], prevIndex 0, prevTerm 0
064739 LEAD S0: 2 append success next 1 match 0
065239 LEAD S0: prevLog &raft.Entry{Command:interface {}(nil), Term:0, Index:0}
065239 LEAD S0: prevLog &raft.Entry{Command:interface {}(nil), Term:0, Index:0}
065240 INFO S2: (term 1) follower 收到 [0] AppendEntries [], prevIndex 0, prevTerm 0
065240 LEAD S0: 2 append success next 1 match 0
065241 INFO S1: (term 1) follower 收到 [0] AppendEntries [], prevIndex 0, prevTerm 0
065241 LEAD S0: 1 append success next 1 match 0
065741 LEAD S0: prevLog &raft.Entry{Command:interface {}(nil), Term:0, Index:0}
065741 LEAD S0: prevLog &raft.Entry{Command:interface {}(nil), Term:0, Index:0}
065742 INFO S1: (term 1) follower 收到 [0] AppendEntries [], prevIndex 0, prevTerm 0
065742 INFO S2: (term 1) follower 收到 [0] AppendEntries [], prevIndex 0, prevTerm 0
065742 LEAD S0: 1 append success next 1 match 0
065742 LEAD S0: 2 append success next 1 match 0
066242 LEAD S0: prevLog &raft.Entry{Command:interface {}(nil), Term:0, Index:0}
066243 LEAD S0: prevLog &raft.Entry{Command:interface {}(nil), Term:0, Index:0}
066243 INFO S1: (term 1) follower 收到 [0] AppendEntries [], prevIndex 0, prevTerm 0
066243 LEAD S0: 1 append success next 1 match 0
066244 INFO S2: (term 1) follower 收到 [0] AppendEntries [], prevIndex 0, prevTerm 0
066244 LEAD S0: 2 append success next 1 match 0
066745 LEAD S0: prevLog &raft.Entry{Command:interface {}(nil), Term:0, Index:0}
066745 LEAD S0: prevLog &raft.Entry{Command:interface {}(nil), Term:0, Index:0}
066746 INFO S1: (term 1) follower 收到 [0] AppendEntries [], prevIndex 0, prevTerm 0
066746 INFO S2: (term 1) follower 收到 [0] AppendEntries [], prevIndex 0, prevTerm 0
066746 LEAD S0: 1 append success next 1 match 0
066746 LEAD S0: 2 append success next 1 match 0
067247 LEAD S0: prevLog &raft.Entry{Command:interface {}(nil), Term:0, Index:0}
067247 LEAD S0: prevLog &raft.Entry{Command:interface {}(nil), Term:0, Index:0}
067247 INFO S2: (term 1) follower 收到 [0] AppendEntries [], prevIndex 0, prevTerm 0
067248 LEAD S0: 2 append success next 1 match 0
067248 INFO S1: (term 1) follower 收到 [0] AppendEntries [], prevIndex 0, prevTerm 0
067249 LEAD S0: 1 append success next 1 match 0
067748 LEAD S0: prevLog &raft.Entry{Command:interface {}(nil), Term:0, Index:0}
067748 LEAD S0: prevLog &raft.Entry{Command:interface {}(nil), Term:0, Index:0}
067749 INFO S1: (term 1) follower 收到 [0] AppendEntries [], prevIndex 0, prevTerm 0
067749 INFO S2: (term 1) follower 收到 [0] AppendEntries [], prevIndex 0, prevTerm 0
067749 LEAD S0: 1 append success next 1 match 0
067749 LEAD S0: 2 append success next 1 match 0
068250 LEAD S0: prevLog &raft.Entry{Command:interface {}(nil), Term:0, Index:0}
068250 LEAD S0: prevLog &raft.Entry{Command:interface {}(nil), Term:0, Index:0}
068251 INFO S2: (term 1) follower 收到 [0] AppendEntries [], prevIndex 0, prevTerm 0
068251 INFO S1: (term 1) follower 收到 [0] AppendEntries [], prevIndex 0, prevTerm 0
068251 LEAD S0: 2 append success next 1 match 0
068251 LEAD S0: 1 append success next 1 match 0
068751 LEAD S0: prevLog &raft.Entry{Command:interface {}(nil), Term:0, Index:0}
068751 LEAD S0: prevLog &raft.Entry{Command:interface {}(nil), Term:0, Index:0}
068752 INFO S1: (term 1) follower 收到 [0] AppendEntries [], prevIndex 0, prevTerm 0
068752 INFO S2: (term 1) follower 收到 [0] AppendEntries [], prevIndex 0, prevTerm 0
068752 LEAD S0: 1 append success next 1 match 0
068753 LEAD S0: 2 append success next 1 match 0
069254 LEAD S0: prevLog &raft.Entry{Command:interface {}(nil), Term:0, Index:0}
069254 LEAD S0: prevLog &raft.Entry{Command:interface {}(nil), Term:0, Index:0}
069255 INFO S2: (term 1) follower 收到 [0] AppendEntries [], prevIndex 0, prevTerm 0
069255 INFO S1: (term 1) follower 收到 [0] AppendEntries [], prevIndex 0, prevTerm 0
069255 LEAD S0: 1 append success next 1 match 0
069255 LEAD S0: 2 append success next 1 match 0
069757 LEAD S0: prevLog &raft.Entry{Command:interface {}(nil), Term:0, Index:0}
069757 LEAD S0: prevLog &raft.Entry{Command:interface {}(nil), Term:0, Index:0}
069758 INFO S2: (term 1) follower 收到 [0] AppendEntries [], prevIndex 0, prevTerm 0
069758 INFO S1: (term 1) follower 收到 [0] AppendEntries [], prevIndex 0, prevTerm 0
069758 LEAD S0: 2 append success next 1 match 0
069759 LEAD S0: 1 append success next 1 match 0
070260 LEAD S0: prevLog &raft.Entry{Command:interface {}(nil), Term:0, Index:0}
070260 LEAD S0: prevLog &raft.Entry{Command:interface {}(nil), Term:0, Index:0}
070261 INFO S2: (term 1) follower 收到 [0] AppendEntries [], prevIndex 0, prevTerm 0
070261 LEAD S0: 2 append success next 1 match 0
070261 INFO S1: (term 1) follower 收到 [0] AppendEntries [], prevIndex 0, prevTerm 0
070262 LEAD S0: 1 append success next 1 match 0
070762 LEAD S0: prevLog &raft.Entry{Command:interface {}(nil), Term:0, Index:0}
070762 LEAD S0: prevLog &raft.Entry{Command:interface {}(nil), Term:0, Index:0}
070762 INFO S2: (term 1) follower 收到 [0] AppendEntries [], prevIndex 0, prevTerm 0
070763 LEAD S0: 2 append success next 1 match 0
070763 INFO S1: (term 1) follower 收到 [0] AppendEntries [], prevIndex 0, prevTerm 0
070764 LEAD S0: 1 append success next 1 match 0
071263 LEAD S0: prevLog &raft.Entry{Command:interface {}(nil), Term:0, Index:0}
071264 LEAD S0: prevLog &raft.Entry{Command:interface {}(nil), Term:0, Index:0}
071264 INFO S1: (term 1) follower 收到 [0] AppendEntries [], prevIndex 0, prevTerm 0
071264 INFO S2: (term 1) follower 收到 [0] AppendEntries [], prevIndex 0, prevTerm 0
071265 LEAD S0: 1 append success next 1 match 0
071265 LEAD S0: 2 append success next 1 match 0
071765 LEAD S0: prevLog &raft.Entry{Command:interface {}(nil), Term:0, Index:0}
071765 LEAD S0: prevLog &raft.Entry{Command:interface {}(nil), Term:0, Index:0}
071766 INFO S2: (term 1) follower 收到 [0] AppendEntries [], prevIndex 0, prevTerm 0
071766 INFO S1: (term 1) follower 收到 [0] AppendEntries [], prevIndex 0, prevTerm 0
071766 LEAD S0: 1 append success next 1 match 0
071767 LEAD S0: 2 append success next 1 match 0
072267 LEAD S0: prevLog &raft.Entry{Command:interface {}(nil), Term:0, Index:0}
072267 LEAD S0: prevLog &raft.Entry{Command:interface {}(nil), Term:0, Index:0}
072268 INFO S1: (term 1) follower 收到 [0] AppendEntries [], prevIndex 0, prevTerm 0
072268 LEAD S0: 1 append success next 1 match 0
072268 INFO S2: (term 1) follower 收到 [0] AppendEntries [], prevIndex 0, prevTerm 0
072271 LEAD S0: 2 append success next 1 match 0
072767 LEAD S0: prevLog &raft.Entry{Command:interface {}(nil), Term:0, Index:0}
072768 LEAD S0: prevLog &raft.Entry{Command:interface {}(nil), Term:0, Index:0}
072768 INFO S1: (term 1) follower 收到 [0] AppendEntries [], prevIndex 0, prevTerm 0
072769 INFO S2: (term 1) follower 收到 [0] AppendEntries [], prevIndex 0, prevTerm 0
072769 LEAD S0: 1 append success next 1 match 0
072769 LEAD S0: 2 append success next 1 match 0
073271 LEAD S0: prevLog &raft.Entry{Command:interface {}(nil), Term:0, Index:0}
073271 LEAD S0: prevLog &raft.Entry{Command:interface {}(nil), Term:0, Index:0}
073272 INFO S2: (term 1) follower 收到 [0] AppendEntries [], prevIndex 0, prevTerm 0
073272 INFO S1: (term 1) follower 收到 [0] AppendEntries [], prevIndex 0, prevTerm 0
073272 LEAD S0: 2 append success next 1 match 0
073272 LEAD S0: 1 append success next 1 match 0
073772 LEAD S0: prevLog &raft.Entry{Command:interface {}(nil), Term:0, Index:0}
073772 LEAD S0: prevLog &raft.Entry{Command:interface {}(nil), Term:0, Index:0}
073773 INFO S1: (term 1) follower 收到 [0] AppendEntries [], prevIndex 0, prevTerm 0
073773 LEAD S0: 1 append success next 1 match 0
073773 INFO S2: (term 1) follower 收到 [0] AppendEntries [], prevIndex 0, prevTerm 0
073774 LEAD S0: 2 append success next 1 match 0
074275 LEAD S0: prevLog &raft.Entry{Command:interface {}(nil), Term:0, Index:0}
074275 LEAD S0: prevLog &raft.Entry{Command:interface {}(nil), Term:0, Index:0}
074276 INFO S2: (term 1) follower 收到 [0] AppendEntries [], prevIndex 0, prevTerm 0
074276 INFO S1: (term 1) follower 收到 [0] AppendEntries [], prevIndex 0, prevTerm 0
074276 LEAD S0: 2 append success next 1 match 0
074277 LEAD S0: 1 append success next 1 match 0
074777 LEAD S0: prevLog &raft.Entry{Command:interface {}(nil), Term:0, Index:0}
074777 LEAD S0: prevLog &raft.Entry{Command:interface {}(nil), Term:0, Index:0}
074778 INFO S2: (term 1) follower 收到 [0] AppendEntries [], prevIndex 0, prevTerm 0
074778 INFO S1: (term 1) follower 收到 [0] AppendEntries [], prevIndex 0, prevTerm 0
074778 LEAD S0: 1 append success next 1 match 0
074778 LEAD S0: 2 append success next 1 match 0
075278 LEAD S0: prevLog &raft.Entry{Command:interface {}(nil), Term:0, Index:0}
075278 LEAD S0: prevLog &raft.Entry{Command:interface {}(nil), Term:0, Index:0}
075279 INFO S2: (term 1) follower 收到 [0] AppendEntries [], prevIndex 0, prevTerm 0
075279 INFO S1: (term 1) follower 收到 [0] AppendEntries [], prevIndex 0, prevTerm 0
075279 LEAD S0: 2 append success next 1 match 0
075279 LEAD S0: 1 append success next 1 match 0
075780 LEAD S0: prevLog &raft.Entry{Command:interface {}(nil), Term:0, Index:0}
075780 LEAD S0: prevLog &raft.Entry{Command:interface {}(nil), Term:0, Index:0}
075781 INFO S1: (term 1) follower 收到 [0] AppendEntries [], prevIndex 0, prevTerm 0
075781 INFO S2: (term 1) follower 收到 [0] AppendEntries [], prevIndex 0, prevTerm 0
075781 LEAD S0: 1 append success next 1 match 0
075781 LEAD S0: 2 append success next 1 match 0
076281 LEAD S0: prevLog &raft.Entry{Command:interface {}(nil), Term:0, Index:0}
076282 LEAD S0: prevLog &raft.Entry{Command:interface {}(nil), Term:0, Index:0}
076282 INFO S2: (term 1) follower 收到 [0] AppendEntries [], prevIndex 0, prevTerm 0
076282 INFO S1: (term 1) follower 收到 [0] AppendEntries [], prevIndex 0, prevTerm 0
076283 LEAD S0: 2 append success next 1 match 0
076283 LEAD S0: 1 append success next 1 match 0
076783 LEAD S0: prevLog &raft.Entry{Command:interface {}(nil), Term:0, Index:0}
076783 LEAD S0: prevLog &raft.Entry{Command:interface {}(nil), Term:0, Index:0}
076784 INFO S2: (term 1) follower 收到 [0] AppendEntries [], prevIndex 0, prevTerm 0
076784 INFO S1: (term 1) follower 收到 [0] AppendEntries [], prevIndex 0, prevTerm 0
076785 LEAD S0: 2 append success next 1 match 0
076785 LEAD S0: 1 append success next 1 match 0
077285 LEAD S0: prevLog &raft.Entry{Command:interface {}(nil), Term:0, Index:0}
077285 LEAD S0: prevLog &raft.Entry{Command:interface {}(nil), Term:0, Index:0}
077286 INFO S2: (term 1) follower 收到 [0] AppendEntries [], prevIndex 0, prevTerm 0
077286 INFO S1: (term 1) follower 收到 [0] AppendEntries [], prevIndex 0, prevTerm 0
077286 LEAD S0: 1 append success next 1 match 0
077286 LEAD S0: 2 append success next 1 match 0
077786 LEAD S0: prevLog &raft.Entry{Command:interface {}(nil), Term:0, Index:0}
077786 LEAD S0: prevLog &raft.Entry{Command:interface {}(nil), Term:0, Index:0}
077787 INFO S1: (term 1) follower 收到 [0] AppendEntries [], prevIndex 0, prevTerm 0
077787 INFO S2: (term 1) follower 收到 [0] AppendEntries [], prevIndex 0, prevTerm 0
077787 LEAD S0: 1 append success next 1 match 0
077788 LEAD S0: 2 append success next 1 match 0
078288 LEAD S0: prevLog &raft.Entry{Command:interface {}(nil), Term:0, Index:0}
078288 LEAD S0: prevLog &raft.Entry{Command:interface {}(nil), Term:0, Index:0}
078289 INFO S1: (term 1) follower 收到 [0] AppendEntries [], prevIndex 0, prevTerm 0
078289 INFO S2: (term 1) follower 收到 [0] AppendEntries [], prevIndex 0, prevTerm 0
078289 LEAD S0: 1 append success next 1 match 0
078289 LEAD S0: 2 append success next 1 match 0
078789 LEAD S0: prevLog &raft.Entry{Command:interface {}(nil), Term:0, Index:0}
078790 LEAD S0: prevLog &raft.Entry{Command:interface {}(nil), Term:0, Index:0}
078790 INFO S2: (term 1) follower 收到 [0] AppendEntries [], prevIndex 0, prevTerm 0
078790 INFO S1: (term 1) follower 收到 [0] AppendEntries [], prevIndex 0, prevTerm 0
078791 LEAD S0: 1 append success next 1 match 0
078791 LEAD S0: 2 append success next 1 match 0
079292 LEAD S0: prevLog &raft.Entry{Command:interface {}(nil), Term:0, Index:0}
079292 LEAD S0: prevLog &raft.Entry{Command:interface {}(nil), Term:0, Index:0}
079293 INFO S1: (term 1) follower 收到 [0] AppendEntries [], prevIndex 0, prevTerm 0
079293 INFO S2: (term 1) follower 收到 [0] AppendEntries [], prevIndex 0, prevTerm 0
079293 LEAD S0: 2 append success next 1 match 0
079293 LEAD S0: 1 append success next 1 match 0
079793 LEAD S0: prevLog &raft.Entry{Command:interface {}(nil), Term:0, Index:0}
079794 LEAD S0: prevLog &raft.Entry{Command:interface {}(nil), Term:0, Index:0}
079794 INFO S1: (term 1) follower 收到 [0] AppendEntries [], prevIndex 0, prevTerm 0
079795 INFO S2: (term 1) follower 收到 [0] AppendEntries [], prevIndex 0, prevTerm 0
079795 LEAD S0: 1 append success next 1 match 0
079795 LEAD S0: 2 append success next 1 match 0
080295 LEAD S0: prevLog &raft.Entry{Command:interface {}(nil), Term:0, Index:0}
080295 LEAD S0: prevLog &raft.Entry{Command:interface {}(nil), Term:0, Index:0}
080296 INFO S1: (term 1) follower 收到 [0] AppendEntries [], prevIndex 0, prevTerm 0
080296 INFO S2: (term 1) follower 收到 [0] AppendEntries [], prevIndex 0, prevTerm 0
080296 LEAD S0: 1 append success next 1 match 0
080296 LEAD S0: 2 append success next 1 match 0
080797 LEAD S0: prevLog &raft.Entry{Command:interface {}(nil), Term:0, Index:0}
080797 LEAD S0: prevLog &raft.Entry{Command:interface {}(nil), Term:0, Index:0}
080797 INFO S2: (term 1) follower 收到 [0] AppendEntries [], prevIndex 0, prevTerm 0
080797 INFO S1: (term 1) follower 收到 [0] AppendEntries [], prevIndex 0, prevTerm 0
080798 LEAD S0: 1 append success next 1 match 0
080798 LEAD S0: 2 append success next 1 match 0
081299 LEAD S0: prevLog &raft.Entry{Command:interface {}(nil), Term:0, Index:0}
081299 LEAD S0: prevLog &raft.Entry{Command:interface {}(nil), Term:0, Index:0}
081300 INFO S2: (term 1) follower 收到 [0] AppendEntries [], prevIndex 0, prevTerm 0
081300 LEAD S0: 2 append success next 1 match 0
081300 INFO S1: (term 1) follower 收到 [0] AppendEntries [], prevIndex 0, prevTerm 0
081301 LEAD S0: 1 append success next 1 match 0
081801 LEAD S0: prevLog &raft.Entry{Command:interface {}(nil), Term:0, Index:0}
081801 LEAD S0: prevLog &raft.Entry{Command:interface {}(nil), Term:0, Index:0}
081802 INFO S1: (term 1) follower 收到 [0] AppendEntries [], prevIndex 0, prevTerm 0
081802 INFO S2: (term 1) follower 收到 [0] AppendEntries [], prevIndex 0, prevTerm 0
081802 LEAD S0: 2 append success next 1 match 0
081802 LEAD S0: 1 append success next 1 match 0
082304 LEAD S0: prevLog &raft.Entry{Command:interface {}(nil), Term:0, Index:0}
082304 LEAD S0: prevLog &raft.Entry{Command:interface {}(nil), Term:0, Index:0}
082305 INFO S2: (term 1) follower 收到 [0] AppendEntries [], prevIndex 0, prevTerm 0
082305 LEAD S0: 2 append success next 1 match 0
082306 INFO S1: (term 1) follower 收到 [0] AppendEntries [], prevIndex 0, prevTerm 0
082306 LEAD S0: 1 append success next 1 match 0
082807 LEAD S0: prevLog &raft.Entry{Command:interface {}(nil), Term:0, Index:0}
082808 LEAD S0: prevLog &raft.Entry{Command:interface {}(nil), Term:0, Index:0}
082809 INFO S2: (term 1) follower 收到 [0] AppendEntries [], prevIndex 0, prevTerm 0
082809 LEAD S0: 2 append success next 1 match 0
082809 INFO S1: (term 1) follower 收到 [0] AppendEntries [], prevIndex 0, prevTerm 0
082810 LEAD S0: 1 append success next 1 match 0
083309 LEAD S0: prevLog &raft.Entry{Command:interface {}(nil), Term:0, Index:0}
083309 LEAD S0: prevLog &raft.Entry{Command:interface {}(nil), Term:0, Index:0}
083310 INFO S1: (term 1) follower 收到 [0] AppendEntries [], prevIndex 0, prevTerm 0
083310 INFO S2: (term 1) follower 收到 [0] AppendEntries [], prevIndex 0, prevTerm 0
083310 LEAD S0: 1 append success next 1 match 0
083311 LEAD S0: 2 append success next 1 match 0
083811 LEAD S0: prevLog &raft.Entry{Command:interface {}(nil), Term:0, Index:0}
083811 LEAD S0: prevLog &raft.Entry{Command:interface {}(nil), Term:0, Index:0}
083812 INFO S1: (term 1) follower 收到 [0] AppendEntries [], prevIndex 0, prevTerm 0
083812 INFO S2: (term 1) follower 收到 [0] AppendEntries [], prevIndex 0, prevTerm 0
083812 LEAD S0: 1 append success next 1 match 0
083812 LEAD S0: 2 append success next 1 match 0
084313 LEAD S0: prevLog &raft.Entry{Command:interface {}(nil), Term:0, Index:0}
084313 LEAD S0: prevLog &raft.Entry{Command:interface {}(nil), Term:0, Index:0}
084314 INFO S1: (term 1) follower 收到 [0] AppendEntries [], prevIndex 0, prevTerm 0
084314 INFO S2: (term 1) follower 收到 [0] AppendEntries [], prevIndex 0, prevTerm 0
084314 LEAD S0: 1 append success next 1 match 0
084314 LEAD S0: 2 append success next 1 match 0
084814 LEAD S0: prevLog &raft.Entry{Command:interface {}(nil), Term:0, Index:0}
084815 LEAD S0: prevLog &raft.Entry{Command:interface {}(nil), Term:0, Index:0}
084815 INFO S2: (term 1) follower 收到 [0] AppendEntries [], prevIndex 0, prevTerm 0
084816 LEAD S0: 2 append success next 1 match 0
084816 INFO S1: (term 1) follower 收到 [0] AppendEntries [], prevIndex 0, prevTerm 0
084816 LEAD S0: 1 append success next 1 match 0
085316 LEAD S0: prevLog &raft.Entry{Command:interface {}(nil), Term:0, Index:0}
085316 LEAD S0: prevLog &raft.Entry{Command:interface {}(nil), Term:0, Index:0}
085317 INFO S2: (term 1) follower 收到 [0] AppendEntries [], prevIndex 0, prevTerm 0
085317 INFO S1: (term 1) follower 收到 [0] AppendEntries [], prevIndex 0, prevTerm 0
085318 LEAD S0: 2 append success next 1 match 0
085318 LEAD S0: 1 append success next 1 match 0
085818 LEAD S0: prevLog &raft.Entry{Command:interface {}(nil), Term:0, Index:0}
085818 LEAD S0: prevLog &raft.Entry{Command:interface {}(nil), Term:0, Index:0}
085819 INFO S2: (term 1) follower 收到 [0] AppendEntries [], prevIndex 0, prevTerm 0
085819 INFO S1: (term 1) follower 收到 [0] AppendEntries [], prevIndex 0, prevTerm 0
085819 LEAD S0: 2 append success next 1 match 0
085820 LEAD S0: 1 append success next 1 match 0
086321 LEAD S0: prevLog &raft.Entry{Command:interface {}(nil), Term:0, Index:0}
086321 LEAD S0: prevLog &raft.Entry{Command:interface {}(nil), Term:0, Index:0}
086322 INFO S2: (term 1) follower 收到 [0] AppendEntries [], prevIndex 0, prevTerm 0
086322 INFO S1: (term 1) follower 收到 [0] AppendEntries [], prevIndex 0, prevTerm 0
086322 LEAD S0: 2 append success next 1 match 0
086322 LEAD S0: 1 append success next 1 match 0
086823 LEAD S0: prevLog &raft.Entry{Command:interface {}(nil), Term:0, Index:0}
086823 LEAD S0: prevLog &raft.Entry{Command:interface {}(nil), Term:0, Index:0}
086823 INFO S2: (term 1) follower 收到 [0] AppendEntries [], prevIndex 0, prevTerm 0
086823 INFO S1: (term 1) follower 收到 [0] AppendEntries [], prevIndex 0, prevTerm 0
086824 LEAD S0: 2 append success next 1 match 0
086824 LEAD S0: 1 append success next 1 match 0
087325 LEAD S0: prevLog &raft.Entry{Command:interface {}(nil), Term:0, Index:0}
087326 LEAD S0: prevLog &raft.Entry{Command:interface {}(nil), Term:0, Index:0}
087326 INFO S2: (term 1) follower 收到 [0] AppendEntries [], prevIndex 0, prevTerm 0
087327 LEAD S0: 2 append success next 1 match 0
087327 INFO S1: (term 1) follower 收到 [0] AppendEntries [], prevIndex 0, prevTerm 0
087327 LEAD S0: 1 append success next 1 match 0
087828 LEAD S0: prevLog &raft.Entry{Command:interface {}(nil), Term:0, Index:0}
087828 LEAD S0: prevLog &raft.Entry{Command:interface {}(nil), Term:0, Index:0}
087829 INFO S2: (term 1) follower 收到 [0] AppendEntries [], prevIndex 0, prevTerm 0
087829 LEAD S0: 2 append success next 1 match 0
087830 INFO S1: (term 1) follower 收到 [0] AppendEntries [], prevIndex 0, prevTerm 0
087830 LEAD S0: 1 append success next 1 match 0
088331 LEAD S0: prevLog &raft.Entry{Command:interface {}(nil), Term:0, Index:0}
088331 LEAD S0: prevLog &raft.Entry{Command:interface {}(nil), Term:0, Index:0}
088332 INFO S2: (term 1) follower 收到 [0] AppendEntries [], prevIndex 0, prevTerm 0
088332 INFO S1: (term 1) follower 收到 [0] AppendEntries [], prevIndex 0, prevTerm 0
088332 LEAD S0: 1 append success next 1 match 0
088332 LEAD S0: 2 append success next 1 match 0
088833 LEAD S0: prevLog &raft.Entry{Command:interface {}(nil), Term:0, Index:0}
088833 LEAD S0: prevLog &raft.Entry{Command:interface {}(nil), Term:0, Index:0}
088834 INFO S1: (term 1) follower 收到 [0] AppendEntries [], prevIndex 0, prevTerm 0
088834 LEAD S0: 1 append success next 1 match 0
088834 INFO S2: (term 1) follower 收到 [0] AppendEntries [], prevIndex 0, prevTerm 0
088835 LEAD S0: 2 append success next 1 match 0
089335 LEAD S0: prevLog &raft.Entry{Command:interface {}(nil), Term:0, Index:0}
089335 LEAD S0: prevLog &raft.Entry{Command:interface {}(nil), Term:0, Index:0}
089336 INFO S1: (term 1) follower 收到 [0] AppendEntries [], prevIndex 0, prevTerm 0
089336 INFO S2: (term 1) follower 收到 [0] AppendEntries [], prevIndex 0, prevTerm 0
089336 LEAD S0: 1 append success next 1 match 0
089336 LEAD S0: 2 append success next 1 match 0
089836 LEAD S0: prevLog &raft.Entry{Command:interface {}(nil), Term:0, Index:0}
089837 LEAD S0: prevLog &raft.Entry{Command:interface {}(nil), Term:0, Index:0}
089837 INFO S1: (term 1) follower 收到 [0] AppendEntries [], prevIndex 0, prevTerm 0
089838 LEAD S0: 1 append success next 1 match 0
089838 INFO S2: (term 1) follower 收到 [0] AppendEntries [], prevIndex 0, prevTerm 0
089839 LEAD S0: 2 append success next 1 match 0
090338 LEAD S0: prevLog &raft.Entry{Command:interface {}(nil), Term:0, Index:0}
090338 LEAD S0: prevLog &raft.Entry{Command:interface {}(nil), Term:0, Index:0}
090339 INFO S2: (term 1) follower 收到 [0] AppendEntries [], prevIndex 0, prevTerm 0
090339 INFO S1: (term 1) follower 收到 [0] AppendEntries [], prevIndex 0, prevTerm 0
090339 LEAD S0: 2 append success next 1 match 0
090339 LEAD S0: 1 append success next 1 match 0
090840 LEAD S0: prevLog &raft.Entry{Command:interface {}(nil), Term:0, Index:0}
090840 LEAD S0: prevLog &raft.Entry{Command:interface {}(nil), Term:0, Index:0}
090841 INFO S1: (term 1) follower 收到 [0] AppendEntries [], prevIndex 0, prevTerm 0
090841 INFO S2: (term 1) follower 收到 [0] AppendEntries [], prevIndex 0, prevTerm 0
090841 LEAD S0: 1 append success next 1 match 0
090841 LEAD S0: 2 append success next 1 match 0
091342 LEAD S0: prevLog &raft.Entry{Command:interface {}(nil), Term:0, Index:0}
091342 LEAD S0: prevLog &raft.Entry{Command:interface {}(nil), Term:0, Index:0}
091343 INFO S1: (term 1) follower 收到 [0] AppendEntries [], prevIndex 0, prevTerm 0
091343 INFO S2: (term 1) follower 收到 [0] AppendEntries [], prevIndex 0, prevTerm 0
091343 LEAD S0: 1 append success next 1 match 0
091343 LEAD S0: 2 append success next 1 match 0
091844 LEAD S0: prevLog &raft.Entry{Command:interface {}(nil), Term:0, Index:0}
091844 LEAD S0: prevLog &raft.Entry{Command:interface {}(nil), Term:0, Index:0}
091845 INFO S1: (term 1) follower 收到 [0] AppendEntries [], prevIndex 0, prevTerm 0
091845 INFO S2: (term 1) follower 收到 [0] AppendEntries [], prevIndex 0, prevTerm 0
091845 LEAD S0: 1 append success next 1 match 0
091845 LEAD S0: 2 append success next 1 match 0
092345 LEAD S0: prevLog &raft.Entry{Command:interface {}(nil), Term:0, Index:0}
092346 LEAD S0: prevLog &raft.Entry{Command:interface {}(nil), Term:0, Index:0}
092346 INFO S2: (term 1) follower 收到 [0] AppendEntries [], prevIndex 0, prevTerm 0
092347 LEAD S0: 2 append success next 1 match 0
092347 INFO S1: (term 1) follower 收到 [0] AppendEntries [], prevIndex 0, prevTerm 0
092347 LEAD S0: 1 append success next 1 match 0
092847 LEAD S0: prevLog &raft.Entry{Command:interface {}(nil), Term:0, Index:0}
092847 LEAD S0: prevLog &raft.Entry{Command:interface {}(nil), Term:0, Index:0}
092848 INFO S2: (term 1) follower 收到 [0] AppendEntries [], prevIndex 0, prevTerm 0
092848 INFO S1: (term 1) follower 收到 [0] AppendEntries [], prevIndex 0, prevTerm 0
092849 LEAD S0: 2 append success next 1 match 0
092849 LEAD S0: 1 append success next 1 match 0
093349 LEAD S0: prevLog &raft.Entry{Command:interface {}(nil), Term:0, Index:0}
093349 LEAD S0: prevLog &raft.Entry{Command:interface {}(nil), Term:0, Index:0}
093350 INFO S1: (term 1) follower 收到 [0] AppendEntries [], prevIndex 0, prevTerm 0
093350 INFO S2: (term 1) follower 收到 [0] AppendEntries [], prevIndex 0, prevTerm 0
093350 LEAD S0: 1 append success next 1 match 0
093350 LEAD S0: 2 append success next 1 match 0
093851 LEAD S0: prevLog &raft.Entry{Command:interface {}(nil), Term:0, Index:0}
093851 LEAD S0: prevLog &raft.Entry{Command:interface {}(nil), Term:0, Index:0}
093852 INFO S1: (term 1) follower 收到 [0] AppendEntries [], prevIndex 0, prevTerm 0
093852 INFO S2: (term 1) follower 收到 [0] AppendEntries [], prevIndex 0, prevTerm 0
093852 LEAD S0: 1 append success next 1 match 0
093852 LEAD S0: 2 append success next 1 match 0
094353 LEAD S0: prevLog &raft.Entry{Command:interface {}(nil), Term:0, Index:0}
094353 LEAD S0: prevLog &raft.Entry{Command:interface {}(nil), Term:0, Index:0}
094353 INFO S2: (term 1) follower 收到 [0] AppendEntries [], prevIndex 0, prevTerm 0
094354 LEAD S0: 2 append success next 1 match 0
094354 INFO S1: (term 1) follower 收到 [0] AppendEntries [], prevIndex 0, prevTerm 0
094354 LEAD S0: 1 append success next 1 match 0
094855 LEAD S0: prevLog &raft.Entry{Command:interface {}(nil), Term:0, Index:0}
094855 LEAD S0: prevLog &raft.Entry{Command:interface {}(nil), Term:0, Index:0}
094856 INFO S1: (term 1) follower 收到 [0] AppendEntries [], prevIndex 0, prevTerm 0
094856 INFO S2: (term 1) follower 收到 [0] AppendEntries [], prevIndex 0, prevTerm 0
094856 LEAD S0: 1 append success next 1 match 0
094856 LEAD S0: 2 append success next 1 match 0
095357 LEAD S0: prevLog &raft.Entry{Command:interface {}(nil), Term:0, Index:0}
095357 LEAD S0: prevLog &raft.Entry{Command:interface {}(nil), Term:0, Index:0}
095358 INFO S1: (term 1) follower 收到 [0] AppendEntries [], prevIndex 0, prevTerm 0
095358 INFO S2: (term 1) follower 收到 [0] AppendEntries [], prevIndex 0, prevTerm 0
095358 LEAD S0: 1 append success next 1 match 0
095358 LEAD S0: 2 append success next 1 match 0
095859 LEAD S0: prevLog &raft.Entry{Command:interface {}(nil), Term:0, Index:0}
095859 LEAD S0: prevLog &raft.Entry{Command:interface {}(nil), Term:0, Index:0}
095860 INFO S1: (term 1) follower 收到 [0] AppendEntries [], prevIndex 0, prevTerm 0
095860 INFO S2: (term 1) follower 收到 [0] AppendEntries [], prevIndex 0, prevTerm 0
095860 LEAD S0: 1 append success next 1 match 0
095860 LEAD S0: 2 append success next 1 match 0
096361 LEAD S0: prevLog &raft.Entry{Command:interface {}(nil), Term:0, Index:0}
096361 LEAD S0: prevLog &raft.Entry{Command:interface {}(nil), Term:0, Index:0}
096362 INFO S2: (term 1) follower 收到 [0] AppendEntries [], prevIndex 0, prevTerm 0
096363 LEAD S0: 2 append success next 1 match 0
096362 INFO S1: (term 1) follower 收到 [0] AppendEntries [], prevIndex 0, prevTerm 0
096363 LEAD S0: 1 append success next 1 match 0
096863 LEAD S0: prevLog &raft.Entry{Command:interface {}(nil), Term:0, Index:0}
096863 LEAD S0: prevLog &raft.Entry{Command:interface {}(nil), Term:0, Index:0}
096864 INFO S2: (term 1) follower 收到 [0] AppendEntries [], prevIndex 0, prevTerm 0
096864 LEAD S0: 2 append success next 1 match 0
096864 INFO S1: (term 1) follower 收到 [0] AppendEntries [], prevIndex 0, prevTerm 0
096864 LEAD S0: 1 append success next 1 match 0
097365 LEAD S0: prevLog &raft.Entry{Command:interface {}(nil), Term:0, Index:0}
097365 LEAD S0: prevLog &raft.Entry{Command:interface {}(nil), Term:0, Index:0}
097365 INFO S2: (term 1) follower 收到 [0] AppendEntries [], prevIndex 0, prevTerm 0
097366 LEAD S0: 2 append success next 1 match 0
097366 INFO S1: (term 1) follower 收到 [0] AppendEntries [], prevIndex 0, prevTerm 0
097366 LEAD S0: 1 append success next 1 match 0
097866 LEAD S0: prevLog &raft.Entry{Command:interface {}(nil), Term:0, Index:0}
097866 LEAD S0: prevLog &raft.Entry{Command:interface {}(nil), Term:0, Index:0}
097867 INFO S2: (term 1) follower 收到 [0] AppendEntries [], prevIndex 0, prevTerm 0
097867 INFO S1: (term 1) follower 收到 [0] AppendEntries [], prevIndex 0, prevTerm 0
097867 LEAD S0: 2 append success next 1 match 0
097868 LEAD S0: 1 append success next 1 match 0
098367 LEAD S0: prevLog &raft.Entry{Command:interface {}(nil), Term:0, Index:0}
098368 LEAD S0: prevLog &raft.Entry{Command:interface {}(nil), Term:0, Index:0}
098368 INFO S2: (term 1) follower 收到 [0] AppendEntries [], prevIndex 0, prevTerm 0
098369 LEAD S0: 2 append success next 1 match 0
098369 INFO S1: (term 1) follower 收到 [0] AppendEntries [], prevIndex 0, prevTerm 0
098369 LEAD S0: 1 append success next 1 match 0
098869 LEAD S0: prevLog &raft.Entry{Command:interface {}(nil), Term:0, Index:0}
098869 LEAD S0: prevLog &raft.Entry{Command:interface {}(nil), Term:0, Index:0}
098870 INFO S1: (term 1) follower 收到 [0] AppendEntries [], prevIndex 0, prevTerm 0
098870 INFO S2: (term 1) follower 收到 [0] AppendEntries [], prevIndex 0, prevTerm 0
098872 LEAD S0: 1 append success next 1 match 0
098872 LEAD S0: 2 append success next 1 match 0
099370 LEAD S0: prevLog &raft.Entry{Command:interface {}(nil), Term:0, Index:0}
099370 LEAD S0: prevLog &raft.Entry{Command:interface {}(nil), Term:0, Index:0}
099371 INFO S2: (term 1) follower 收到 [0] AppendEntries [], prevIndex 0, prevTerm 0
099371 INFO S1: (term 1) follower 收到 [0] AppendEntries [], prevIndex 0, prevTerm 0
099371 LEAD S0: 2 append success next 1 match 0
099372 LEAD S0: 1 append success next 1 match 0
099872 LEAD S0: prevLog &raft.Entry{Command:interface {}(nil), Term:0, Index:0}
099873 LEAD S0: prevLog &raft.Entry{Command:interface {}(nil), Term:0, Index:0}
099874 INFO S1: (term 1) follower 收到 [0] AppendEntries [], prevIndex 0, prevTerm 0
099874 INFO S2: (term 1) follower 收到 [0] AppendEntries [], prevIndex 0, prevTerm 0
099874 LEAD S0: 1 append success next 1 match 0
099874 LEAD S0: 2 append success next 1 match 0
--- FAIL: TestPersist12C (10.04s)
    config.go:609: one(11) failed to reach agreement
100374 LEAD S0: prevLog &raft.Entry{Command:interface {}(nil), Term:0, Index:0}
100374 LEAD S0: prevLog &raft.Entry{Command:interface {}(nil), Term:0, Index:0}
FAIL
exit status 1
FAIL	6.824/raft	10.038s
