Test (2C): basic persistence ...
002511 INFO S1: start leader election, term 1
002511 VOTE S1: term 1 send vote request to 2
002511 VOTE S1: term 1 send vote request to 0
002512 TERM S2: set new term 1
002512 VOTE S2: term 1 vote 1
002512 VOTE S1: reply from 2, term一致，且投给1
002512 LEAD S1: come to power, start to send heartbeat
002513 LEAD S1: prevLog &raft.Entry{Command:interface {}(nil), Term:0, Index:0}
002513 LEAD S1: prevLog &raft.Entry{Command:interface {}(nil), Term:0, Index:0}
002513 TERM S0: set new term 1
002513 VOTE S0: term 1 vote 1
002513 VOTE S1: reply from 0, term一致，且投给1
002513 INFO S2: (term 1) follower 收到 [1] AppendEntries [], prevIndex 0, prevTerm 0
002513 INFO S0: (term 1) follower 收到 [1] AppendEntries [], prevIndex 0, prevTerm 0
002514 LEAD S1: 2 append success next 1 match 0
002514 LEAD S1: 0 append success next 1 match 0
003012 LEAD S1: prevLog &raft.Entry{Command:interface {}(nil), Term:0, Index:0}
003012 LEAD S1: prevLog &raft.Entry{Command:interface {}(nil), Term:0, Index:0}
003013 INFO S2: (term 1) follower 收到 [1] AppendEntries [], prevIndex 0, prevTerm 0
003013 INFO S0: (term 1) follower 收到 [1] AppendEntries [], prevIndex 0, prevTerm 0
003014 LEAD S1: 2 append success next 1 match 0
003014 LEAD S1: 0 append success next 1 match 0
003515 LEAD S1: prevLog &raft.Entry{Command:interface {}(nil), Term:0, Index:0}
003515 LEAD S1: prevLog &raft.Entry{Command:interface {}(nil), Term:0, Index:0}
003516 INFO S2: (term 1) follower 收到 [1] AppendEntries [], prevIndex 0, prevTerm 0
003516 LEAD S1: 2 append success next 1 match 0
003516 INFO S0: (term 1) follower 收到 [1] AppendEntries [], prevIndex 0, prevTerm 0
003516 LEAD S1: 0 append success next 1 match 0
004017 LEAD S1: prevLog &raft.Entry{Command:interface {}(nil), Term:0, Index:0}
004018 LEAD S1: prevLog &raft.Entry{Command:interface {}(nil), Term:0, Index:0}
004018 INFO S2: (term 1) follower 收到 [1] AppendEntries [], prevIndex 0, prevTerm 0
004019 LEAD S1: 2 append success next 1 match 0
004019 INFO S0: (term 1) follower 收到 [1] AppendEntries [], prevIndex 0, prevTerm 0
004019 LEAD S1: 0 append success next 1 match 0
004520 LEAD S1: prevLog &raft.Entry{Command:interface {}(nil), Term:0, Index:0}
004520 LEAD S1: prevLog &raft.Entry{Command:interface {}(nil), Term:0, Index:0}
004521 INFO S0: (term 1) follower 收到 [1] AppendEntries [], prevIndex 0, prevTerm 0
004521 LEAD S1: 0 append success next 1 match 0
004521 INFO S2: (term 1) follower 收到 [1] AppendEntries [], prevIndex 0, prevTerm 0
004521 LEAD S1: 2 append success next 1 match 0
005023 LEAD S1: prevLog &raft.Entry{Command:interface {}(nil), Term:0, Index:0}
005023 LEAD S1: prevLog &raft.Entry{Command:interface {}(nil), Term:0, Index:0}
005024 INFO S2: (term 1) follower 收到 [1] AppendEntries [], prevIndex 0, prevTerm 0
005024 LEAD S1: 2 append success next 1 match 0
005024 INFO S0: (term 1) follower 收到 [1] AppendEntries [], prevIndex 0, prevTerm 0
005025 LEAD S1: 0 append success next 1 match 0
005525 LEAD S1: prevLog &raft.Entry{Command:interface {}(nil), Term:0, Index:0}
005526 LEAD S1: prevLog &raft.Entry{Command:interface {}(nil), Term:0, Index:0}
005526 INFO S0: (term 1) follower 收到 [1] AppendEntries [], prevIndex 0, prevTerm 0
005527 INFO S2: (term 1) follower 收到 [1] AppendEntries [], prevIndex 0, prevTerm 0
005527 LEAD S1: 0 append success next 1 match 0
005527 LEAD S1: 2 append success next 1 match 0
006028 LEAD S1: prevLog &raft.Entry{Command:interface {}(nil), Term:0, Index:0}
006028 LEAD S1: prevLog &raft.Entry{Command:interface {}(nil), Term:0, Index:0}
006029 INFO S0: (term 1) follower 收到 [1] AppendEntries [], prevIndex 0, prevTerm 0
006029 LEAD S1: 0 append success next 1 match 0
006029 INFO S2: (term 1) follower 收到 [1] AppendEntries [], prevIndex 0, prevTerm 0
006030 LEAD S1: 2 append success next 1 match 0
006531 LEAD S1: prevLog &raft.Entry{Command:interface {}(nil), Term:0, Index:0}
006531 LEAD S1: prevLog &raft.Entry{Command:interface {}(nil), Term:0, Index:0}
006532 INFO S0: (term 1) follower 收到 [1] AppendEntries [], prevIndex 0, prevTerm 0
006532 LEAD S1: 0 append success next 1 match 0
006532 INFO S2: (term 1) follower 收到 [1] AppendEntries [], prevIndex 0, prevTerm 0
006532 LEAD S1: 2 append success next 1 match 0
007033 LEAD S1: prevLog &raft.Entry{Command:interface {}(nil), Term:0, Index:0}
007034 LEAD S1: prevLog &raft.Entry{Command:interface {}(nil), Term:0, Index:0}
007034 INFO S2: (term 1) follower 收到 [1] AppendEntries [], prevIndex 0, prevTerm 0
007034 LEAD S1: 2 append success next 1 match 0
007035 INFO S0: (term 1) follower 收到 [1] AppendEntries [], prevIndex 0, prevTerm 0
007035 LEAD S1: 0 append success next 1 match 0
007536 LEAD S1: prevLog &raft.Entry{Command:interface {}(nil), Term:0, Index:0}
007536 LEAD S1: prevLog &raft.Entry{Command:interface {}(nil), Term:0, Index:0}
007537 INFO S2: (term 1) follower 收到 [1] AppendEntries [], prevIndex 0, prevTerm 0
007537 LEAD S1: 2 append success next 1 match 0
007537 INFO S0: (term 1) follower 收到 [1] AppendEntries [], prevIndex 0, prevTerm 0
007538 LEAD S1: 0 append success next 1 match 0
008038 LEAD S1: prevLog &raft.Entry{Command:interface {}(nil), Term:0, Index:0}
008038 LEAD S1: prevLog &raft.Entry{Command:interface {}(nil), Term:0, Index:0}
008039 INFO S2: (term 1) follower 收到 [1] AppendEntries [], prevIndex 0, prevTerm 0
008039 LEAD S1: 2 append success next 1 match 0
008039 INFO S0: (term 1) follower 收到 [1] AppendEntries [], prevIndex 0, prevTerm 0
008040 LEAD S1: 0 append success next 1 match 0
008540 LEAD S1: prevLog &raft.Entry{Command:interface {}(nil), Term:0, Index:0}
008541 LEAD S1: prevLog &raft.Entry{Command:interface {}(nil), Term:0, Index:0}
008541 INFO S2: (term 1) follower 收到 [1] AppendEntries [], prevIndex 0, prevTerm 0
008542 LEAD S1: 2 append success next 1 match 0
008542 INFO S0: (term 1) follower 收到 [1] AppendEntries [], prevIndex 0, prevTerm 0
008543 LEAD S1: 0 append success next 1 match 0
009042 LEAD S1: prevLog &raft.Entry{Command:interface {}(nil), Term:0, Index:0}
009043 LEAD S1: prevLog &raft.Entry{Command:interface {}(nil), Term:0, Index:0}
009043 INFO S2: (term 1) follower 收到 [1] AppendEntries [], prevIndex 0, prevTerm 0
009044 INFO S0: (term 1) follower 收到 [1] AppendEntries [], prevIndex 0, prevTerm 0
009044 LEAD S1: 2 append success next 1 match 0
009044 LEAD S1: 0 append success next 1 match 0
009545 LEAD S1: prevLog &raft.Entry{Command:interface {}(nil), Term:0, Index:0}
009545 LEAD S1: prevLog &raft.Entry{Command:interface {}(nil), Term:0, Index:0}
009545 INFO S2: (term 1) follower 收到 [1] AppendEntries [], prevIndex 0, prevTerm 0
009546 LEAD S1: 2 append success next 1 match 0
009546 INFO S0: (term 1) follower 收到 [1] AppendEntries [], prevIndex 0, prevTerm 0
009546 LEAD S1: 0 append success next 1 match 0
010047 LEAD S1: prevLog &raft.Entry{Command:interface {}(nil), Term:0, Index:0}
010047 LEAD S1: prevLog &raft.Entry{Command:interface {}(nil), Term:0, Index:0}
010048 INFO S2: (term 1) follower 收到 [1] AppendEntries [], prevIndex 0, prevTerm 0
010048 LEAD S1: 2 append success next 1 match 0
010048 INFO S0: (term 1) follower 收到 [1] AppendEntries [], prevIndex 0, prevTerm 0
010049 LEAD S1: 0 append success next 1 match 0
010549 LEAD S1: prevLog &raft.Entry{Command:interface {}(nil), Term:0, Index:0}
010550 LEAD S1: prevLog &raft.Entry{Command:interface {}(nil), Term:0, Index:0}
010550 INFO S2: (term 1) follower 收到 [1] AppendEntries [], prevIndex 0, prevTerm 0
010551 INFO S0: (term 1) follower 收到 [1] AppendEntries [], prevIndex 0, prevTerm 0
010551 LEAD S1: 2 append success next 1 match 0
010551 LEAD S1: 0 append success next 1 match 0
011052 LEAD S1: prevLog &raft.Entry{Command:interface {}(nil), Term:0, Index:0}
011052 LEAD S1: prevLog &raft.Entry{Command:interface {}(nil), Term:0, Index:0}
011053 INFO S2: (term 1) follower 收到 [1] AppendEntries [], prevIndex 0, prevTerm 0
011053 LEAD S1: 2 append success next 1 match 0
011053 INFO S0: (term 1) follower 收到 [1] AppendEntries [], prevIndex 0, prevTerm 0
011054 LEAD S1: 0 append success next 1 match 0
011553 LEAD S1: prevLog &raft.Entry{Command:interface {}(nil), Term:0, Index:0}
011554 LEAD S1: prevLog &raft.Entry{Command:interface {}(nil), Term:0, Index:0}
011554 INFO S2: (term 1) follower 收到 [1] AppendEntries [], prevIndex 0, prevTerm 0
011555 LEAD S1: 2 append success next 1 match 0
011555 INFO S0: (term 1) follower 收到 [1] AppendEntries [], prevIndex 0, prevTerm 0
011555 LEAD S1: 0 append success next 1 match 0
012056 LEAD S1: prevLog &raft.Entry{Command:interface {}(nil), Term:0, Index:0}
012056 LEAD S1: prevLog &raft.Entry{Command:interface {}(nil), Term:0, Index:0}
012057 INFO S2: (term 1) follower 收到 [1] AppendEntries [], prevIndex 0, prevTerm 0
012057 INFO S0: (term 1) follower 收到 [1] AppendEntries [], prevIndex 0, prevTerm 0
012057 LEAD S1: 2 append success next 1 match 0
012058 LEAD S1: 0 append success next 1 match 0
012558 LEAD S1: prevLog &raft.Entry{Command:interface {}(nil), Term:0, Index:0}
012558 LEAD S1: prevLog &raft.Entry{Command:interface {}(nil), Term:0, Index:0}
012559 INFO S2: (term 1) follower 收到 [1] AppendEntries [], prevIndex 0, prevTerm 0
012559 INFO S0: (term 1) follower 收到 [1] AppendEntries [], prevIndex 0, prevTerm 0
012559 LEAD S1: 0 append success next 1 match 0
012559 LEAD S1: 2 append success next 1 match 0
013060 LEAD S1: prevLog &raft.Entry{Command:interface {}(nil), Term:0, Index:0}
013060 LEAD S1: prevLog &raft.Entry{Command:interface {}(nil), Term:0, Index:0}
013061 INFO S2: (term 1) follower 收到 [1] AppendEntries [], prevIndex 0, prevTerm 0
013061 LEAD S1: 2 append success next 1 match 0
013061 INFO S0: (term 1) follower 收到 [1] AppendEntries [], prevIndex 0, prevTerm 0
013062 LEAD S1: 0 append success next 1 match 0
013563 LEAD S1: prevLog &raft.Entry{Command:interface {}(nil), Term:0, Index:0}
013563 LEAD S1: prevLog &raft.Entry{Command:interface {}(nil), Term:0, Index:0}
013564 INFO S2: (term 1) follower 收到 [1] AppendEntries [], prevIndex 0, prevTerm 0
013564 LEAD S1: 2 append success next 1 match 0
013564 INFO S0: (term 1) follower 收到 [1] AppendEntries [], prevIndex 0, prevTerm 0
013564 LEAD S1: 0 append success next 1 match 0
014065 LEAD S1: prevLog &raft.Entry{Command:interface {}(nil), Term:0, Index:0}
014065 LEAD S1: prevLog &raft.Entry{Command:interface {}(nil), Term:0, Index:0}
014066 INFO S2: (term 1) follower 收到 [1] AppendEntries [], prevIndex 0, prevTerm 0
014066 LEAD S1: 2 append success next 1 match 0
014066 INFO S0: (term 1) follower 收到 [1] AppendEntries [], prevIndex 0, prevTerm 0
014067 LEAD S1: 0 append success next 1 match 0
014568 LEAD S1: prevLog &raft.Entry{Command:interface {}(nil), Term:0, Index:0}
014568 LEAD S1: prevLog &raft.Entry{Command:interface {}(nil), Term:0, Index:0}
014568 INFO S2: (term 1) follower 收到 [1] AppendEntries [], prevIndex 0, prevTerm 0
014569 LEAD S1: 2 append success next 1 match 0
014569 INFO S0: (term 1) follower 收到 [1] AppendEntries [], prevIndex 0, prevTerm 0
014569 LEAD S1: 0 append success next 1 match 0
015070 LEAD S1: prevLog &raft.Entry{Command:interface {}(nil), Term:0, Index:0}
015070 LEAD S1: prevLog &raft.Entry{Command:interface {}(nil), Term:0, Index:0}
015071 INFO S2: (term 1) follower 收到 [1] AppendEntries [], prevIndex 0, prevTerm 0
015071 LEAD S1: 2 append success next 1 match 0
015071 INFO S0: (term 1) follower 收到 [1] AppendEntries [], prevIndex 0, prevTerm 0
015072 LEAD S1: 0 append success next 1 match 0
015573 LEAD S1: prevLog &raft.Entry{Command:interface {}(nil), Term:0, Index:0}
015573 LEAD S1: prevLog &raft.Entry{Command:interface {}(nil), Term:0, Index:0}
015574 INFO S2: (term 1) follower 收到 [1] AppendEntries [], prevIndex 0, prevTerm 0
015574 LEAD S1: 2 append success next 1 match 0
015574 INFO S0: (term 1) follower 收到 [1] AppendEntries [], prevIndex 0, prevTerm 0
015575 LEAD S1: 0 append success next 1 match 0
016075 LEAD S1: prevLog &raft.Entry{Command:interface {}(nil), Term:0, Index:0}
016076 LEAD S1: prevLog &raft.Entry{Command:interface {}(nil), Term:0, Index:0}
016076 INFO S2: (term 1) follower 收到 [1] AppendEntries [], prevIndex 0, prevTerm 0
016077 LEAD S1: 2 append success next 1 match 0
016077 INFO S0: (term 1) follower 收到 [1] AppendEntries [], prevIndex 0, prevTerm 0
016077 LEAD S1: 0 append success next 1 match 0
016578 LEAD S1: prevLog &raft.Entry{Command:interface {}(nil), Term:0, Index:0}
016578 LEAD S1: prevLog &raft.Entry{Command:interface {}(nil), Term:0, Index:0}
016579 INFO S2: (term 1) follower 收到 [1] AppendEntries [], prevIndex 0, prevTerm 0
016579 INFO S0: (term 1) follower 收到 [1] AppendEntries [], prevIndex 0, prevTerm 0
016579 LEAD S1: 0 append success next 1 match 0
016579 LEAD S1: 2 append success next 1 match 0
017080 LEAD S1: prevLog &raft.Entry{Command:interface {}(nil), Term:0, Index:0}
017080 LEAD S1: prevLog &raft.Entry{Command:interface {}(nil), Term:0, Index:0}
017081 INFO S2: (term 1) follower 收到 [1] AppendEntries [], prevIndex 0, prevTerm 0
017081 INFO S0: (term 1) follower 收到 [1] AppendEntries [], prevIndex 0, prevTerm 0
017081 LEAD S1: 0 append success next 1 match 0
017081 LEAD S1: 2 append success next 1 match 0
017582 LEAD S1: prevLog &raft.Entry{Command:interface {}(nil), Term:0, Index:0}
017582 LEAD S1: prevLog &raft.Entry{Command:interface {}(nil), Term:0, Index:0}
017583 INFO S0: (term 1) follower 收到 [1] AppendEntries [], prevIndex 0, prevTerm 0
017583 INFO S2: (term 1) follower 收到 [1] AppendEntries [], prevIndex 0, prevTerm 0
017583 LEAD S1: 0 append success next 1 match 0
017585 LEAD S1: 2 append success next 1 match 0
018084 LEAD S1: prevLog &raft.Entry{Command:interface {}(nil), Term:0, Index:0}
018084 LEAD S1: prevLog &raft.Entry{Command:interface {}(nil), Term:0, Index:0}
018085 INFO S2: (term 1) follower 收到 [1] AppendEntries [], prevIndex 0, prevTerm 0
018085 LEAD S1: 2 append success next 1 match 0
018085 INFO S0: (term 1) follower 收到 [1] AppendEntries [], prevIndex 0, prevTerm 0
018086 LEAD S1: 0 append success next 1 match 0
018586 LEAD S1: prevLog &raft.Entry{Command:interface {}(nil), Term:0, Index:0}
018587 LEAD S1: prevLog &raft.Entry{Command:interface {}(nil), Term:0, Index:0}
018587 INFO S2: (term 1) follower 收到 [1] AppendEntries [], prevIndex 0, prevTerm 0
018588 LEAD S1: 2 append success next 1 match 0
018588 INFO S0: (term 1) follower 收到 [1] AppendEntries [], prevIndex 0, prevTerm 0
018588 LEAD S1: 0 append success next 1 match 0
019089 LEAD S1: prevLog &raft.Entry{Command:interface {}(nil), Term:0, Index:0}
019089 LEAD S1: prevLog &raft.Entry{Command:interface {}(nil), Term:0, Index:0}
019090 INFO S2: (term 1) follower 收到 [1] AppendEntries [], prevIndex 0, prevTerm 0
019090 LEAD S1: 2 append success next 1 match 0
019090 INFO S0: (term 1) follower 收到 [1] AppendEntries [], prevIndex 0, prevTerm 0
019091 LEAD S1: 0 append success next 1 match 0
019591 LEAD S1: prevLog &raft.Entry{Command:interface {}(nil), Term:0, Index:0}
019591 LEAD S1: prevLog &raft.Entry{Command:interface {}(nil), Term:0, Index:0}
019592 INFO S0: (term 1) follower 收到 [1] AppendEntries [], prevIndex 0, prevTerm 0
019592 INFO S2: (term 1) follower 收到 [1] AppendEntries [], prevIndex 0, prevTerm 0
019592 LEAD S1: 0 append success next 1 match 0
019593 LEAD S1: 2 append success next 1 match 0
020093 LEAD S1: prevLog &raft.Entry{Command:interface {}(nil), Term:0, Index:0}
020093 LEAD S1: prevLog &raft.Entry{Command:interface {}(nil), Term:0, Index:0}
020094 INFO S2: (term 1) follower 收到 [1] AppendEntries [], prevIndex 0, prevTerm 0
020094 LEAD S1: 2 append success next 1 match 0
020095 INFO S0: (term 1) follower 收到 [1] AppendEntries [], prevIndex 0, prevTerm 0
020095 LEAD S1: 0 append success next 1 match 0
020596 LEAD S1: prevLog &raft.Entry{Command:interface {}(nil), Term:0, Index:0}
020596 LEAD S1: prevLog &raft.Entry{Command:interface {}(nil), Term:0, Index:0}
020597 INFO S2: (term 1) follower 收到 [1] AppendEntries [], prevIndex 0, prevTerm 0
020597 LEAD S1: 2 append success next 1 match 0
020598 INFO S0: (term 1) follower 收到 [1] AppendEntries [], prevIndex 0, prevTerm 0
020598 LEAD S1: 0 append success next 1 match 0
021098 LEAD S1: prevLog &raft.Entry{Command:interface {}(nil), Term:0, Index:0}
021098 LEAD S1: prevLog &raft.Entry{Command:interface {}(nil), Term:0, Index:0}
021099 INFO S2: (term 1) follower 收到 [1] AppendEntries [], prevIndex 0, prevTerm 0
021099 LEAD S1: 2 append success next 1 match 0
021100 INFO S0: (term 1) follower 收到 [1] AppendEntries [], prevIndex 0, prevTerm 0
021100 LEAD S1: 0 append success next 1 match 0
021600 LEAD S1: prevLog &raft.Entry{Command:interface {}(nil), Term:0, Index:0}
021600 LEAD S1: prevLog &raft.Entry{Command:interface {}(nil), Term:0, Index:0}
021600 INFO S2: (term 1) follower 收到 [1] AppendEntries [], prevIndex 0, prevTerm 0
021600 INFO S0: (term 1) follower 收到 [1] AppendEntries [], prevIndex 0, prevTerm 0
021601 LEAD S1: 0 append success next 1 match 0
021601 LEAD S1: 2 append success next 1 match 0
022102 LEAD S1: prevLog &raft.Entry{Command:interface {}(nil), Term:0, Index:0}
022102 LEAD S1: prevLog &raft.Entry{Command:interface {}(nil), Term:0, Index:0}
022103 INFO S2: (term 1) follower 收到 [1] AppendEntries [], prevIndex 0, prevTerm 0
022103 INFO S0: (term 1) follower 收到 [1] AppendEntries [], prevIndex 0, prevTerm 0
022103 LEAD S1: 2 append success next 1 match 0
022103 LEAD S1: 0 append success next 1 match 0
022604 LEAD S1: prevLog &raft.Entry{Command:interface {}(nil), Term:0, Index:0}
022605 LEAD S1: prevLog &raft.Entry{Command:interface {}(nil), Term:0, Index:0}
022605 INFO S2: (term 1) follower 收到 [1] AppendEntries [], prevIndex 0, prevTerm 0
022606 LEAD S1: 2 append success next 1 match 0
022606 INFO S0: (term 1) follower 收到 [1] AppendEntries [], prevIndex 0, prevTerm 0
022606 LEAD S1: 0 append success next 1 match 0
023107 LEAD S1: prevLog &raft.Entry{Command:interface {}(nil), Term:0, Index:0}
023107 LEAD S1: prevLog &raft.Entry{Command:interface {}(nil), Term:0, Index:0}
023107 INFO S2: (term 1) follower 收到 [1] AppendEntries [], prevIndex 0, prevTerm 0
023107 INFO S0: (term 1) follower 收到 [1] AppendEntries [], prevIndex 0, prevTerm 0
023108 LEAD S1: 2 append success next 1 match 0
023108 LEAD S1: 0 append success next 1 match 0
023609 LEAD S1: prevLog &raft.Entry{Command:interface {}(nil), Term:0, Index:0}
023609 LEAD S1: prevLog &raft.Entry{Command:interface {}(nil), Term:0, Index:0}
023610 INFO S2: (term 1) follower 收到 [1] AppendEntries [], prevIndex 0, prevTerm 0
023610 LEAD S1: 2 append success next 1 match 0
023610 INFO S0: (term 1) follower 收到 [1] AppendEntries [], prevIndex 0, prevTerm 0
023610 LEAD S1: 0 append success next 1 match 0
024111 LEAD S1: prevLog &raft.Entry{Command:interface {}(nil), Term:0, Index:0}
024112 LEAD S1: prevLog &raft.Entry{Command:interface {}(nil), Term:0, Index:0}
024112 INFO S2: (term 1) follower 收到 [1] AppendEntries [], prevIndex 0, prevTerm 0
024113 LEAD S1: 2 append success next 1 match 0
024113 INFO S0: (term 1) follower 收到 [1] AppendEntries [], prevIndex 0, prevTerm 0
024113 LEAD S1: 0 append success next 1 match 0
024614 LEAD S1: prevLog &raft.Entry{Command:interface {}(nil), Term:0, Index:0}
024614 LEAD S1: prevLog &raft.Entry{Command:interface {}(nil), Term:0, Index:0}
024615 INFO S2: (term 1) follower 收到 [1] AppendEntries [], prevIndex 0, prevTerm 0
024615 LEAD S1: 2 append success next 1 match 0
024615 INFO S0: (term 1) follower 收到 [1] AppendEntries [], prevIndex 0, prevTerm 0
024616 LEAD S1: 0 append success next 1 match 0
025116 LEAD S1: prevLog &raft.Entry{Command:interface {}(nil), Term:0, Index:0}
025117 LEAD S1: prevLog &raft.Entry{Command:interface {}(nil), Term:0, Index:0}
025117 INFO S2: (term 1) follower 收到 [1] AppendEntries [], prevIndex 0, prevTerm 0
025118 LEAD S1: 2 append success next 1 match 0
025118 INFO S0: (term 1) follower 收到 [1] AppendEntries [], prevIndex 0, prevTerm 0
025118 LEAD S1: 0 append success next 1 match 0
025618 LEAD S1: prevLog &raft.Entry{Command:interface {}(nil), Term:0, Index:0}
025618 LEAD S1: prevLog &raft.Entry{Command:interface {}(nil), Term:0, Index:0}
025619 INFO S2: (term 1) follower 收到 [1] AppendEntries [], prevIndex 0, prevTerm 0
025619 LEAD S1: 2 append success next 1 match 0
025619 INFO S0: (term 1) follower 收到 [1] AppendEntries [], prevIndex 0, prevTerm 0
025620 LEAD S1: 0 append success next 1 match 0
026119 LEAD S1: prevLog &raft.Entry{Command:interface {}(nil), Term:0, Index:0}
026120 LEAD S1: prevLog &raft.Entry{Command:interface {}(nil), Term:0, Index:0}
026120 INFO S2: (term 1) follower 收到 [1] AppendEntries [], prevIndex 0, prevTerm 0
026121 LEAD S1: 2 append success next 1 match 0
026121 INFO S0: (term 1) follower 收到 [1] AppendEntries [], prevIndex 0, prevTerm 0
026121 LEAD S1: 0 append success next 1 match 0
026622 LEAD S1: prevLog &raft.Entry{Command:interface {}(nil), Term:0, Index:0}
026622 LEAD S1: prevLog &raft.Entry{Command:interface {}(nil), Term:0, Index:0}
026623 INFO S2: (term 1) follower 收到 [1] AppendEntries [], prevIndex 0, prevTerm 0
026623 LEAD S1: 2 append success next 1 match 0
026623 INFO S0: (term 1) follower 收到 [1] AppendEntries [], prevIndex 0, prevTerm 0
026624 LEAD S1: 0 append success next 1 match 0
027124 LEAD S1: prevLog &raft.Entry{Command:interface {}(nil), Term:0, Index:0}
027124 LEAD S1: prevLog &raft.Entry{Command:interface {}(nil), Term:0, Index:0}
027125 INFO S2: (term 1) follower 收到 [1] AppendEntries [], prevIndex 0, prevTerm 0
027125 LEAD S1: 2 append success next 1 match 0
027125 INFO S0: (term 1) follower 收到 [1] AppendEntries [], prevIndex 0, prevTerm 0
027126 LEAD S1: 0 append success next 1 match 0
027626 LEAD S1: prevLog &raft.Entry{Command:interface {}(nil), Term:0, Index:0}
027627 LEAD S1: prevLog &raft.Entry{Command:interface {}(nil), Term:0, Index:0}
027627 INFO S2: (term 1) follower 收到 [1] AppendEntries [], prevIndex 0, prevTerm 0
027628 LEAD S1: 2 append success next 1 match 0
027628 INFO S0: (term 1) follower 收到 [1] AppendEntries [], prevIndex 0, prevTerm 0
027628 LEAD S1: 0 append success next 1 match 0
028129 LEAD S1: prevLog &raft.Entry{Command:interface {}(nil), Term:0, Index:0}
028129 LEAD S1: prevLog &raft.Entry{Command:interface {}(nil), Term:0, Index:0}
028130 INFO S0: (term 1) follower 收到 [1] AppendEntries [], prevIndex 0, prevTerm 0
028130 INFO S2: (term 1) follower 收到 [1] AppendEntries [], prevIndex 0, prevTerm 0
028130 LEAD S1: 0 append success next 1 match 0
028130 LEAD S1: 2 append success next 1 match 0
028630 LEAD S1: prevLog &raft.Entry{Command:interface {}(nil), Term:0, Index:0}
028631 LEAD S1: prevLog &raft.Entry{Command:interface {}(nil), Term:0, Index:0}
028631 INFO S2: (term 1) follower 收到 [1] AppendEntries [], prevIndex 0, prevTerm 0
028632 LEAD S1: 2 append success next 1 match 0
028632 INFO S0: (term 1) follower 收到 [1] AppendEntries [], prevIndex 0, prevTerm 0
028632 LEAD S1: 0 append success next 1 match 0
029133 LEAD S1: prevLog &raft.Entry{Command:interface {}(nil), Term:0, Index:0}
029133 LEAD S1: prevLog &raft.Entry{Command:interface {}(nil), Term:0, Index:0}
029134 INFO S2: (term 1) follower 收到 [1] AppendEntries [], prevIndex 0, prevTerm 0
029134 LEAD S1: 2 append success next 1 match 0
029135 INFO S0: (term 1) follower 收到 [1] AppendEntries [], prevIndex 0, prevTerm 0
029135 LEAD S1: 0 append success next 1 match 0
029636 LEAD S1: prevLog &raft.Entry{Command:interface {}(nil), Term:0, Index:0}
029636 LEAD S1: prevLog &raft.Entry{Command:interface {}(nil), Term:0, Index:0}
029637 INFO S2: (term 1) follower 收到 [1] AppendEntries [], prevIndex 0, prevTerm 0
029637 LEAD S1: 2 append success next 1 match 0
029637 INFO S0: (term 1) follower 收到 [1] AppendEntries [], prevIndex 0, prevTerm 0
029638 LEAD S1: 0 append success next 1 match 0
030138 LEAD S1: prevLog &raft.Entry{Command:interface {}(nil), Term:0, Index:0}
030138 LEAD S1: prevLog &raft.Entry{Command:interface {}(nil), Term:0, Index:0}
030139 INFO S2: (term 1) follower 收到 [1] AppendEntries [], prevIndex 0, prevTerm 0
030139 LEAD S1: 2 append success next 1 match 0
030139 INFO S0: (term 1) follower 收到 [1] AppendEntries [], prevIndex 0, prevTerm 0
030140 LEAD S1: 0 append success next 1 match 0
030639 LEAD S1: prevLog &raft.Entry{Command:interface {}(nil), Term:0, Index:0}
030640 LEAD S1: prevLog &raft.Entry{Command:interface {}(nil), Term:0, Index:0}
030641 INFO S0: (term 1) follower 收到 [1] AppendEntries [], prevIndex 0, prevTerm 0
030641 INFO S2: (term 1) follower 收到 [1] AppendEntries [], prevIndex 0, prevTerm 0
030641 LEAD S1: 0 append success next 1 match 0
030641 LEAD S1: 2 append success next 1 match 0
031141 LEAD S1: prevLog &raft.Entry{Command:interface {}(nil), Term:0, Index:0}
031142 LEAD S1: prevLog &raft.Entry{Command:interface {}(nil), Term:0, Index:0}
031143 INFO S0: (term 1) follower 收到 [1] AppendEntries [], prevIndex 0, prevTerm 0
031143 INFO S2: (term 1) follower 收到 [1] AppendEntries [], prevIndex 0, prevTerm 0
031143 LEAD S1: 0 append success next 1 match 0
031143 LEAD S1: 2 append success next 1 match 0
031644 LEAD S1: prevLog &raft.Entry{Command:interface {}(nil), Term:0, Index:0}
031644 LEAD S1: prevLog &raft.Entry{Command:interface {}(nil), Term:0, Index:0}
031645 INFO S2: (term 1) follower 收到 [1] AppendEntries [], prevIndex 0, prevTerm 0
031645 LEAD S1: 2 append success next 1 match 0
031645 INFO S0: (term 1) follower 收到 [1] AppendEntries [], prevIndex 0, prevTerm 0
031646 LEAD S1: 0 append success next 1 match 0
032147 LEAD S1: prevLog &raft.Entry{Command:interface {}(nil), Term:0, Index:0}
032147 LEAD S1: prevLog &raft.Entry{Command:interface {}(nil), Term:0, Index:0}
032147 INFO S2: (term 1) follower 收到 [1] AppendEntries [], prevIndex 0, prevTerm 0
032148 LEAD S1: 2 append success next 1 match 0
032148 INFO S0: (term 1) follower 收到 [1] AppendEntries [], prevIndex 0, prevTerm 0
032149 LEAD S1: 0 append success next 1 match 0
032649 LEAD S1: prevLog &raft.Entry{Command:interface {}(nil), Term:0, Index:0}
032649 LEAD S1: prevLog &raft.Entry{Command:interface {}(nil), Term:0, Index:0}
032650 INFO S2: (term 1) follower 收到 [1] AppendEntries [], prevIndex 0, prevTerm 0
032650 LEAD S1: 2 append success next 1 match 0
032650 INFO S0: (term 1) follower 收到 [1] AppendEntries [], prevIndex 0, prevTerm 0
032651 LEAD S1: 0 append success next 1 match 0
033151 LEAD S1: prevLog &raft.Entry{Command:interface {}(nil), Term:0, Index:0}
033152 LEAD S1: prevLog &raft.Entry{Command:interface {}(nil), Term:0, Index:0}
033152 INFO S2: (term 1) follower 收到 [1] AppendEntries [], prevIndex 0, prevTerm 0
033153 LEAD S1: 2 append success next 1 match 0
033153 INFO S0: (term 1) follower 收到 [1] AppendEntries [], prevIndex 0, prevTerm 0
033153 LEAD S1: 0 append success next 1 match 0
033654 LEAD S1: prevLog &raft.Entry{Command:interface {}(nil), Term:0, Index:0}
033654 LEAD S1: prevLog &raft.Entry{Command:interface {}(nil), Term:0, Index:0}
033655 INFO S2: (term 1) follower 收到 [1] AppendEntries [], prevIndex 0, prevTerm 0
033655 LEAD S1: 2 append success next 1 match 0
033655 INFO S0: (term 1) follower 收到 [1] AppendEntries [], prevIndex 0, prevTerm 0
033655 LEAD S1: 0 append success next 1 match 0
034156 LEAD S1: prevLog &raft.Entry{Command:interface {}(nil), Term:0, Index:0}
034156 LEAD S1: prevLog &raft.Entry{Command:interface {}(nil), Term:0, Index:0}
034157 INFO S2: (term 1) follower 收到 [1] AppendEntries [], prevIndex 0, prevTerm 0
034157 LEAD S1: 2 append success next 1 match 0
034157 INFO S0: (term 1) follower 收到 [1] AppendEntries [], prevIndex 0, prevTerm 0
034158 LEAD S1: 0 append success next 1 match 0
034658 LEAD S1: prevLog &raft.Entry{Command:interface {}(nil), Term:0, Index:0}
034659 LEAD S1: prevLog &raft.Entry{Command:interface {}(nil), Term:0, Index:0}
034659 INFO S2: (term 1) follower 收到 [1] AppendEntries [], prevIndex 0, prevTerm 0
034660 LEAD S1: 2 append success next 1 match 0
034660 INFO S0: (term 1) follower 收到 [1] AppendEntries [], prevIndex 0, prevTerm 0
034660 LEAD S1: 0 append success next 1 match 0
035161 LEAD S1: prevLog &raft.Entry{Command:interface {}(nil), Term:0, Index:0}
035161 LEAD S1: prevLog &raft.Entry{Command:interface {}(nil), Term:0, Index:0}
035162 INFO S2: (term 1) follower 收到 [1] AppendEntries [], prevIndex 0, prevTerm 0
035162 LEAD S1: 2 append success next 1 match 0
035162 INFO S0: (term 1) follower 收到 [1] AppendEntries [], prevIndex 0, prevTerm 0
035165 LEAD S1: 0 append success next 1 match 0
035663 LEAD S1: prevLog &raft.Entry{Command:interface {}(nil), Term:0, Index:0}
035664 LEAD S1: prevLog &raft.Entry{Command:interface {}(nil), Term:0, Index:0}
035664 INFO S2: (term 1) follower 收到 [1] AppendEntries [], prevIndex 0, prevTerm 0
035665 LEAD S1: 2 append success next 1 match 0
035665 INFO S0: (term 1) follower 收到 [1] AppendEntries [], prevIndex 0, prevTerm 0
035665 LEAD S1: 0 append success next 1 match 0
036165 LEAD S1: prevLog &raft.Entry{Command:interface {}(nil), Term:0, Index:0}
036165 LEAD S1: prevLog &raft.Entry{Command:interface {}(nil), Term:0, Index:0}
036166 INFO S2: (term 1) follower 收到 [1] AppendEntries [], prevIndex 0, prevTerm 0
036166 LEAD S1: 2 append success next 1 match 0
036166 INFO S0: (term 1) follower 收到 [1] AppendEntries [], prevIndex 0, prevTerm 0
036167 LEAD S1: 0 append success next 1 match 0
036668 LEAD S1: prevLog &raft.Entry{Command:interface {}(nil), Term:0, Index:0}
036668 LEAD S1: prevLog &raft.Entry{Command:interface {}(nil), Term:0, Index:0}
036669 INFO S2: (term 1) follower 收到 [1] AppendEntries [], prevIndex 0, prevTerm 0
036669 LEAD S1: 2 append success next 1 match 0
036669 INFO S0: (term 1) follower 收到 [1] AppendEntries [], prevIndex 0, prevTerm 0
036669 LEAD S1: 0 append success next 1 match 0
037170 LEAD S1: prevLog &raft.Entry{Command:interface {}(nil), Term:0, Index:0}
037170 LEAD S1: prevLog &raft.Entry{Command:interface {}(nil), Term:0, Index:0}
037171 INFO S2: (term 1) follower 收到 [1] AppendEntries [], prevIndex 0, prevTerm 0
037171 LEAD S1: 2 append success next 1 match 0
037171 INFO S0: (term 1) follower 收到 [1] AppendEntries [], prevIndex 0, prevTerm 0
037172 LEAD S1: 0 append success next 1 match 0
037672 LEAD S1: prevLog &raft.Entry{Command:interface {}(nil), Term:0, Index:0}
037672 LEAD S1: prevLog &raft.Entry{Command:interface {}(nil), Term:0, Index:0}
037673 INFO S2: (term 1) follower 收到 [1] AppendEntries [], prevIndex 0, prevTerm 0
037673 LEAD S1: 2 append success next 1 match 0
037674 INFO S0: (term 1) follower 收到 [1] AppendEntries [], prevIndex 0, prevTerm 0
037674 LEAD S1: 0 append success next 1 match 0
038175 LEAD S1: prevLog &raft.Entry{Command:interface {}(nil), Term:0, Index:0}
038175 LEAD S1: prevLog &raft.Entry{Command:interface {}(nil), Term:0, Index:0}
038176 INFO S2: (term 1) follower 收到 [1] AppendEntries [], prevIndex 0, prevTerm 0
038176 LEAD S1: 2 append success next 1 match 0
038176 INFO S0: (term 1) follower 收到 [1] AppendEntries [], prevIndex 0, prevTerm 0
038177 LEAD S1: 0 append success next 1 match 0
038677 LEAD S1: prevLog &raft.Entry{Command:interface {}(nil), Term:0, Index:0}
038678 LEAD S1: prevLog &raft.Entry{Command:interface {}(nil), Term:0, Index:0}
038678 INFO S2: (term 1) follower 收到 [1] AppendEntries [], prevIndex 0, prevTerm 0
038679 LEAD S1: 2 append success next 1 match 0
038679 INFO S0: (term 1) follower 收到 [1] AppendEntries [], prevIndex 0, prevTerm 0
038679 LEAD S1: 0 append success next 1 match 0
039180 LEAD S1: prevLog &raft.Entry{Command:interface {}(nil), Term:0, Index:0}
039180 LEAD S1: prevLog &raft.Entry{Command:interface {}(nil), Term:0, Index:0}
039181 INFO S2: (term 1) follower 收到 [1] AppendEntries [], prevIndex 0, prevTerm 0
039181 LEAD S1: 2 append success next 1 match 0
039182 INFO S0: (term 1) follower 收到 [1] AppendEntries [], prevIndex 0, prevTerm 0
039183 LEAD S1: 0 append success next 1 match 0
039683 LEAD S1: prevLog &raft.Entry{Command:interface {}(nil), Term:0, Index:0}
039683 LEAD S1: prevLog &raft.Entry{Command:interface {}(nil), Term:0, Index:0}
039683 INFO S2: (term 1) follower 收到 [1] AppendEntries [], prevIndex 0, prevTerm 0
039684 INFO S0: (term 1) follower 收到 [1] AppendEntries [], prevIndex 0, prevTerm 0
039684 LEAD S1: 2 append success next 1 match 0
039684 LEAD S1: 0 append success next 1 match 0
040184 LEAD S1: prevLog &raft.Entry{Command:interface {}(nil), Term:0, Index:0}
040185 LEAD S1: prevLog &raft.Entry{Command:interface {}(nil), Term:0, Index:0}
040185 INFO S2: (term 1) follower 收到 [1] AppendEntries [], prevIndex 0, prevTerm 0
040186 LEAD S1: 2 append success next 1 match 0
040186 INFO S0: (term 1) follower 收到 [1] AppendEntries [], prevIndex 0, prevTerm 0
040186 LEAD S1: 0 append success next 1 match 0
040686 LEAD S1: prevLog &raft.Entry{Command:interface {}(nil), Term:0, Index:0}
040687 LEAD S1: prevLog &raft.Entry{Command:interface {}(nil), Term:0, Index:0}
040687 INFO S2: (term 1) follower 收到 [1] AppendEntries [], prevIndex 0, prevTerm 0
040688 LEAD S1: 2 append success next 1 match 0
040688 INFO S0: (term 1) follower 收到 [1] AppendEntries [], prevIndex 0, prevTerm 0
040688 LEAD S1: 0 append success next 1 match 0
041190 LEAD S1: prevLog &raft.Entry{Command:interface {}(nil), Term:0, Index:0}
041190 LEAD S1: prevLog &raft.Entry{Command:interface {}(nil), Term:0, Index:0}
041192 INFO S2: (term 1) follower 收到 [1] AppendEntries [], prevIndex 0, prevTerm 0
041192 INFO S0: (term 1) follower 收到 [1] AppendEntries [], prevIndex 0, prevTerm 0
041192 LEAD S1: 2 append success next 1 match 0
041193 LEAD S1: 0 append success next 1 match 0
041693 LEAD S1: prevLog &raft.Entry{Command:interface {}(nil), Term:0, Index:0}
041693 LEAD S1: prevLog &raft.Entry{Command:interface {}(nil), Term:0, Index:0}
041693 INFO S2: (term 1) follower 收到 [1] AppendEntries [], prevIndex 0, prevTerm 0
041694 LEAD S1: 2 append success next 1 match 0
041694 INFO S0: (term 1) follower 收到 [1] AppendEntries [], prevIndex 0, prevTerm 0
041695 LEAD S1: 0 append success next 1 match 0
042195 LEAD S1: prevLog &raft.Entry{Command:interface {}(nil), Term:0, Index:0}
042195 LEAD S1: prevLog &raft.Entry{Command:interface {}(nil), Term:0, Index:0}
042196 INFO S2: (term 1) follower 收到 [1] AppendEntries [], prevIndex 0, prevTerm 0
042196 INFO S0: (term 1) follower 收到 [1] AppendEntries [], prevIndex 0, prevTerm 0
042196 LEAD S1: 2 append success next 1 match 0
042197 LEAD S1: 0 append success next 1 match 0
042699 LEAD S1: prevLog &raft.Entry{Command:interface {}(nil), Term:0, Index:0}
042699 LEAD S1: prevLog &raft.Entry{Command:interface {}(nil), Term:0, Index:0}
042700 INFO S2: (term 1) follower 收到 [1] AppendEntries [], prevIndex 0, prevTerm 0
042700 LEAD S1: 2 append success next 1 match 0
042700 INFO S0: (term 1) follower 收到 [1] AppendEntries [], prevIndex 0, prevTerm 0
042701 LEAD S1: 0 append success next 1 match 0
043201 LEAD S1: prevLog &raft.Entry{Command:interface {}(nil), Term:0, Index:0}
043201 LEAD S1: prevLog &raft.Entry{Command:interface {}(nil), Term:0, Index:0}
043202 INFO S2: (term 1) follower 收到 [1] AppendEntries [], prevIndex 0, prevTerm 0
043202 LEAD S1: 2 append success next 1 match 0
043202 INFO S0: (term 1) follower 收到 [1] AppendEntries [], prevIndex 0, prevTerm 0
043203 LEAD S1: 0 append success next 1 match 0
043704 LEAD S1: prevLog &raft.Entry{Command:interface {}(nil), Term:0, Index:0}
043704 LEAD S1: prevLog &raft.Entry{Command:interface {}(nil), Term:0, Index:0}
043705 INFO S0: (term 1) follower 收到 [1] AppendEntries [], prevIndex 0, prevTerm 0
043705 INFO S2: (term 1) follower 收到 [1] AppendEntries [], prevIndex 0, prevTerm 0
043705 LEAD S1: 0 append success next 1 match 0
043706 LEAD S1: 2 append success next 1 match 0
044208 LEAD S1: prevLog &raft.Entry{Command:interface {}(nil), Term:0, Index:0}
044208 LEAD S1: prevLog &raft.Entry{Command:interface {}(nil), Term:0, Index:0}
044209 INFO S2: (term 1) follower 收到 [1] AppendEntries [], prevIndex 0, prevTerm 0
044209 LEAD S1: 2 append success next 1 match 0
044210 INFO S0: (term 1) follower 收到 [1] AppendEntries [], prevIndex 0, prevTerm 0
044210 LEAD S1: 0 append success next 1 match 0
044710 LEAD S1: prevLog &raft.Entry{Command:interface {}(nil), Term:0, Index:0}
044710 LEAD S1: prevLog &raft.Entry{Command:interface {}(nil), Term:0, Index:0}
044711 INFO S2: (term 1) follower 收到 [1] AppendEntries [], prevIndex 0, prevTerm 0
044711 INFO S0: (term 1) follower 收到 [1] AppendEntries [], prevIndex 0, prevTerm 0
044711 LEAD S1: 0 append success next 1 match 0
044712 LEAD S1: 2 append success next 1 match 0
045212 LEAD S1: prevLog &raft.Entry{Command:interface {}(nil), Term:0, Index:0}
045213 LEAD S1: prevLog &raft.Entry{Command:interface {}(nil), Term:0, Index:0}
045213 INFO S0: (term 1) follower 收到 [1] AppendEntries [], prevIndex 0, prevTerm 0
045214 INFO S2: (term 1) follower 收到 [1] AppendEntries [], prevIndex 0, prevTerm 0
045214 LEAD S1: 0 append success next 1 match 0
045214 LEAD S1: 2 append success next 1 match 0
045715 LEAD S1: prevLog &raft.Entry{Command:interface {}(nil), Term:0, Index:0}
045715 LEAD S1: prevLog &raft.Entry{Command:interface {}(nil), Term:0, Index:0}
045716 INFO S2: (term 1) follower 收到 [1] AppendEntries [], prevIndex 0, prevTerm 0
045716 LEAD S1: 2 append success next 1 match 0
045716 INFO S0: (term 1) follower 收到 [1] AppendEntries [], prevIndex 0, prevTerm 0
045717 LEAD S1: 0 append success next 1 match 0
046217 LEAD S1: prevLog &raft.Entry{Command:interface {}(nil), Term:0, Index:0}
046217 LEAD S1: prevLog &raft.Entry{Command:interface {}(nil), Term:0, Index:0}
046218 INFO S2: (term 1) follower 收到 [1] AppendEntries [], prevIndex 0, prevTerm 0
046218 LEAD S1: 2 append success next 1 match 0
046218 INFO S0: (term 1) follower 收到 [1] AppendEntries [], prevIndex 0, prevTerm 0
046219 LEAD S1: 0 append success next 1 match 0
046720 LEAD S1: prevLog &raft.Entry{Command:interface {}(nil), Term:0, Index:0}
046720 LEAD S1: prevLog &raft.Entry{Command:interface {}(nil), Term:0, Index:0}
046721 INFO S2: (term 1) follower 收到 [1] AppendEntries [], prevIndex 0, prevTerm 0
046721 LEAD S1: 2 append success next 1 match 0
046721 INFO S0: (term 1) follower 收到 [1] AppendEntries [], prevIndex 0, prevTerm 0
046721 LEAD S1: 0 append success next 1 match 0
047222 LEAD S1: prevLog &raft.Entry{Command:interface {}(nil), Term:0, Index:0}
047222 LEAD S1: prevLog &raft.Entry{Command:interface {}(nil), Term:0, Index:0}
047223 INFO S2: (term 1) follower 收到 [1] AppendEntries [], prevIndex 0, prevTerm 0
047223 LEAD S1: 2 append success next 1 match 0
047223 INFO S0: (term 1) follower 收到 [1] AppendEntries [], prevIndex 0, prevTerm 0
047224 LEAD S1: 0 append success next 1 match 0
047725 LEAD S1: prevLog &raft.Entry{Command:interface {}(nil), Term:0, Index:0}
047725 LEAD S1: prevLog &raft.Entry{Command:interface {}(nil), Term:0, Index:0}
047727 INFO S2: (term 1) follower 收到 [1] AppendEntries [], prevIndex 0, prevTerm 0
047727 INFO S0: (term 1) follower 收到 [1] AppendEntries [], prevIndex 0, prevTerm 0
047727 LEAD S1: 2 append success next 1 match 0
047727 LEAD S1: 0 append success next 1 match 0
048226 LEAD S1: prevLog &raft.Entry{Command:interface {}(nil), Term:0, Index:0}
048227 LEAD S1: prevLog &raft.Entry{Command:interface {}(nil), Term:0, Index:0}
048227 INFO S2: (term 1) follower 收到 [1] AppendEntries [], prevIndex 0, prevTerm 0
048228 LEAD S1: 2 append success next 1 match 0
048228 INFO S0: (term 1) follower 收到 [1] AppendEntries [], prevIndex 0, prevTerm 0
048228 LEAD S1: 0 append success next 1 match 0
048729 LEAD S1: prevLog &raft.Entry{Command:interface {}(nil), Term:0, Index:0}
048730 LEAD S1: prevLog &raft.Entry{Command:interface {}(nil), Term:0, Index:0}
048731 INFO S2: (term 1) follower 收到 [1] AppendEntries [], prevIndex 0, prevTerm 0
048732 LEAD S1: 2 append success next 1 match 0
048732 INFO S0: (term 1) follower 收到 [1] AppendEntries [], prevIndex 0, prevTerm 0
048732 LEAD S1: 0 append success next 1 match 0
049232 LEAD S1: prevLog &raft.Entry{Command:interface {}(nil), Term:0, Index:0}
049232 LEAD S1: prevLog &raft.Entry{Command:interface {}(nil), Term:0, Index:0}
049233 INFO S2: (term 1) follower 收到 [1] AppendEntries [], prevIndex 0, prevTerm 0
049234 LEAD S1: 2 append success next 1 match 0
049234 INFO S0: (term 1) follower 收到 [1] AppendEntries [], prevIndex 0, prevTerm 0
049235 LEAD S1: 0 append success next 1 match 0
049735 LEAD S1: prevLog &raft.Entry{Command:interface {}(nil), Term:0, Index:0}
049735 LEAD S1: prevLog &raft.Entry{Command:interface {}(nil), Term:0, Index:0}
049736 INFO S2: (term 1) follower 收到 [1] AppendEntries [], prevIndex 0, prevTerm 0
049736 LEAD S1: 2 append success next 1 match 0
049736 INFO S0: (term 1) follower 收到 [1] AppendEntries [], prevIndex 0, prevTerm 0
049737 LEAD S1: 0 append success next 1 match 0
050236 LEAD S1: prevLog &raft.Entry{Command:interface {}(nil), Term:0, Index:0}
050237 LEAD S1: prevLog &raft.Entry{Command:interface {}(nil), Term:0, Index:0}
050237 INFO S2: (term 1) follower 收到 [1] AppendEntries [], prevIndex 0, prevTerm 0
050238 LEAD S1: 2 append success next 1 match 0
050238 INFO S0: (term 1) follower 收到 [1] AppendEntries [], prevIndex 0, prevTerm 0
050238 LEAD S1: 0 append success next 1 match 0
050739 LEAD S1: prevLog &raft.Entry{Command:interface {}(nil), Term:0, Index:0}
050740 LEAD S1: prevLog &raft.Entry{Command:interface {}(nil), Term:0, Index:0}
050740 INFO S2: (term 1) follower 收到 [1] AppendEntries [], prevIndex 0, prevTerm 0
050741 LEAD S1: 2 append success next 1 match 0
050741 INFO S0: (term 1) follower 收到 [1] AppendEntries [], prevIndex 0, prevTerm 0
050741 LEAD S1: 0 append success next 1 match 0
051242 LEAD S1: prevLog &raft.Entry{Command:interface {}(nil), Term:0, Index:0}
051242 LEAD S1: prevLog &raft.Entry{Command:interface {}(nil), Term:0, Index:0}
051243 INFO S2: (term 1) follower 收到 [1] AppendEntries [], prevIndex 0, prevTerm 0
051243 LEAD S1: 2 append success next 1 match 0
051243 INFO S0: (term 1) follower 收到 [1] AppendEntries [], prevIndex 0, prevTerm 0
051244 LEAD S1: 0 append success next 1 match 0
051744 LEAD S1: prevLog &raft.Entry{Command:interface {}(nil), Term:0, Index:0}
051744 LEAD S1: prevLog &raft.Entry{Command:interface {}(nil), Term:0, Index:0}
051744 INFO S2: (term 1) follower 收到 [1] AppendEntries [], prevIndex 0, prevTerm 0
051745 LEAD S1: 2 append success next 1 match 0
051745 INFO S0: (term 1) follower 收到 [1] AppendEntries [], prevIndex 0, prevTerm 0
051745 LEAD S1: 0 append success next 1 match 0
052246 LEAD S1: prevLog &raft.Entry{Command:interface {}(nil), Term:0, Index:0}
052246 LEAD S1: prevLog &raft.Entry{Command:interface {}(nil), Term:0, Index:0}
052247 INFO S2: (term 1) follower 收到 [1] AppendEntries [], prevIndex 0, prevTerm 0
052247 LEAD S1: 2 append success next 1 match 0
052247 INFO S0: (term 1) follower 收到 [1] AppendEntries [], prevIndex 0, prevTerm 0
052248 LEAD S1: 0 append success next 1 match 0
052748 LEAD S1: prevLog &raft.Entry{Command:interface {}(nil), Term:0, Index:0}
052748 LEAD S1: prevLog &raft.Entry{Command:interface {}(nil), Term:0, Index:0}
052749 INFO S2: (term 1) follower 收到 [1] AppendEntries [], prevIndex 0, prevTerm 0
052749 INFO S0: (term 1) follower 收到 [1] AppendEntries [], prevIndex 0, prevTerm 0
052749 LEAD S1: 2 append success next 1 match 0
052749 LEAD S1: 0 append success next 1 match 0
053250 LEAD S1: prevLog &raft.Entry{Command:interface {}(nil), Term:0, Index:0}
053251 LEAD S1: prevLog &raft.Entry{Command:interface {}(nil), Term:0, Index:0}
053251 INFO S2: (term 1) follower 收到 [1] AppendEntries [], prevIndex 0, prevTerm 0
053252 LEAD S1: 2 append success next 1 match 0
053252 INFO S0: (term 1) follower 收到 [1] AppendEntries [], prevIndex 0, prevTerm 0
053252 LEAD S1: 0 append success next 1 match 0
053753 LEAD S1: prevLog &raft.Entry{Command:interface {}(nil), Term:0, Index:0}
053753 LEAD S1: prevLog &raft.Entry{Command:interface {}(nil), Term:0, Index:0}
053754 INFO S0: (term 1) follower 收到 [1] AppendEntries [], prevIndex 0, prevTerm 0
053754 INFO S2: (term 1) follower 收到 [1] AppendEntries [], prevIndex 0, prevTerm 0
053754 LEAD S1: 0 append success next 1 match 0
053754 LEAD S1: 2 append success next 1 match 0
054254 LEAD S1: prevLog &raft.Entry{Command:interface {}(nil), Term:0, Index:0}
054255 LEAD S1: prevLog &raft.Entry{Command:interface {}(nil), Term:0, Index:0}
054255 INFO S2: (term 1) follower 收到 [1] AppendEntries [], prevIndex 0, prevTerm 0
054256 LEAD S1: 2 append success next 1 match 0
054256 INFO S0: (term 1) follower 收到 [1] AppendEntries [], prevIndex 0, prevTerm 0
054256 LEAD S1: 0 append success next 1 match 0
054757 LEAD S1: prevLog &raft.Entry{Command:interface {}(nil), Term:0, Index:0}
054757 LEAD S1: prevLog &raft.Entry{Command:interface {}(nil), Term:0, Index:0}
054758 INFO S2: (term 1) follower 收到 [1] AppendEntries [], prevIndex 0, prevTerm 0
054758 LEAD S1: 2 append success next 1 match 0
054758 INFO S0: (term 1) follower 收到 [1] AppendEntries [], prevIndex 0, prevTerm 0
054759 LEAD S1: 0 append success next 1 match 0
055259 LEAD S1: prevLog &raft.Entry{Command:interface {}(nil), Term:0, Index:0}
055259 LEAD S1: prevLog &raft.Entry{Command:interface {}(nil), Term:0, Index:0}
055260 INFO S0: (term 1) follower 收到 [1] AppendEntries [], prevIndex 0, prevTerm 0
055260 LEAD S1: 0 append success next 1 match 0
055260 INFO S2: (term 1) follower 收到 [1] AppendEntries [], prevIndex 0, prevTerm 0
055260 LEAD S1: 2 append success next 1 match 0
055762 LEAD S1: prevLog &raft.Entry{Command:interface {}(nil), Term:0, Index:0}
055762 LEAD S1: prevLog &raft.Entry{Command:interface {}(nil), Term:0, Index:0}
055763 INFO S2: (term 1) follower 收到 [1] AppendEntries [], prevIndex 0, prevTerm 0
055763 INFO S0: (term 1) follower 收到 [1] AppendEntries [], prevIndex 0, prevTerm 0
055763 LEAD S1: 2 append success next 1 match 0
055764 LEAD S1: 0 append success next 1 match 0
056263 LEAD S1: prevLog &raft.Entry{Command:interface {}(nil), Term:0, Index:0}
056264 LEAD S1: prevLog &raft.Entry{Command:interface {}(nil), Term:0, Index:0}
056264 INFO S2: (term 1) follower 收到 [1] AppendEntries [], prevIndex 0, prevTerm 0
056265 LEAD S1: 2 append success next 1 match 0
056265 INFO S0: (term 1) follower 收到 [1] AppendEntries [], prevIndex 0, prevTerm 0
056265 LEAD S1: 0 append success next 1 match 0
056766 LEAD S1: prevLog &raft.Entry{Command:interface {}(nil), Term:0, Index:0}
056766 LEAD S1: prevLog &raft.Entry{Command:interface {}(nil), Term:0, Index:0}
056767 INFO S2: (term 1) follower 收到 [1] AppendEntries [], prevIndex 0, prevTerm 0
056767 LEAD S1: 2 append success next 1 match 0
056767 INFO S0: (term 1) follower 收到 [1] AppendEntries [], prevIndex 0, prevTerm 0
056768 LEAD S1: 0 append success next 1 match 0
057268 LEAD S1: prevLog &raft.Entry{Command:interface {}(nil), Term:0, Index:0}
057269 LEAD S1: prevLog &raft.Entry{Command:interface {}(nil), Term:0, Index:0}
057269 INFO S2: (term 1) follower 收到 [1] AppendEntries [], prevIndex 0, prevTerm 0
057270 LEAD S1: 2 append success next 1 match 0
057270 INFO S0: (term 1) follower 收到 [1] AppendEntries [], prevIndex 0, prevTerm 0
057270 LEAD S1: 0 append success next 1 match 0
057770 LEAD S1: prevLog &raft.Entry{Command:interface {}(nil), Term:0, Index:0}
057771 LEAD S1: prevLog &raft.Entry{Command:interface {}(nil), Term:0, Index:0}
057771 INFO S2: (term 1) follower 收到 [1] AppendEntries [], prevIndex 0, prevTerm 0
057772 LEAD S1: 2 append success next 1 match 0
057772 INFO S0: (term 1) follower 收到 [1] AppendEntries [], prevIndex 0, prevTerm 0
057772 LEAD S1: 0 append success next 1 match 0
058273 LEAD S1: prevLog &raft.Entry{Command:interface {}(nil), Term:0, Index:0}
058273 LEAD S1: prevLog &raft.Entry{Command:interface {}(nil), Term:0, Index:0}
058274 INFO S2: (term 1) follower 收到 [1] AppendEntries [], prevIndex 0, prevTerm 0
058274 LEAD S1: 2 append success next 1 match 0
058275 INFO S0: (term 1) follower 收到 [1] AppendEntries [], prevIndex 0, prevTerm 0
058275 LEAD S1: 0 append success next 1 match 0
058776 LEAD S1: prevLog &raft.Entry{Command:interface {}(nil), Term:0, Index:0}
058776 LEAD S1: prevLog &raft.Entry{Command:interface {}(nil), Term:0, Index:0}
058776 INFO S2: (term 1) follower 收到 [1] AppendEntries [], prevIndex 0, prevTerm 0
058777 LEAD S1: 2 append success next 1 match 0
058777 INFO S0: (term 1) follower 收到 [1] AppendEntries [], prevIndex 0, prevTerm 0
058777 LEAD S1: 0 append success next 1 match 0
059278 LEAD S1: prevLog &raft.Entry{Command:interface {}(nil), Term:0, Index:0}
059278 LEAD S1: prevLog &raft.Entry{Command:interface {}(nil), Term:0, Index:0}
059279 INFO S2: (term 1) follower 收到 [1] AppendEntries [], prevIndex 0, prevTerm 0
059279 INFO S0: (term 1) follower 收到 [1] AppendEntries [], prevIndex 0, prevTerm 0
059279 LEAD S1: 2 append success next 1 match 0
059280 LEAD S1: 0 append success next 1 match 0
059780 LEAD S1: prevLog &raft.Entry{Command:interface {}(nil), Term:0, Index:0}
059781 LEAD S1: prevLog &raft.Entry{Command:interface {}(nil), Term:0, Index:0}
059781 INFO S2: (term 1) follower 收到 [1] AppendEntries [], prevIndex 0, prevTerm 0
059782 LEAD S1: 2 append success next 1 match 0
059782 INFO S0: (term 1) follower 收到 [1] AppendEntries [], prevIndex 0, prevTerm 0
059782 LEAD S1: 0 append success next 1 match 0
060283 LEAD S1: prevLog &raft.Entry{Command:interface {}(nil), Term:0, Index:0}
060283 LEAD S1: prevLog &raft.Entry{Command:interface {}(nil), Term:0, Index:0}
060284 INFO S2: (term 1) follower 收到 [1] AppendEntries [], prevIndex 0, prevTerm 0
060284 LEAD S1: 2 append success next 1 match 0
060284 INFO S0: (term 1) follower 收到 [1] AppendEntries [], prevIndex 0, prevTerm 0
060285 LEAD S1: 0 append success next 1 match 0
060785 LEAD S1: prevLog &raft.Entry{Command:interface {}(nil), Term:0, Index:0}
060785 LEAD S1: prevLog &raft.Entry{Command:interface {}(nil), Term:0, Index:0}
060786 INFO S2: (term 1) follower 收到 [1] AppendEntries [], prevIndex 0, prevTerm 0
060786 LEAD S1: 2 append success next 1 match 0
060786 INFO S0: (term 1) follower 收到 [1] AppendEntries [], prevIndex 0, prevTerm 0
060787 LEAD S1: 0 append success next 1 match 0
061288 LEAD S1: prevLog &raft.Entry{Command:interface {}(nil), Term:0, Index:0}
061288 LEAD S1: prevLog &raft.Entry{Command:interface {}(nil), Term:0, Index:0}
061288 INFO S2: (term 1) follower 收到 [1] AppendEntries [], prevIndex 0, prevTerm 0
061289 LEAD S1: 2 append success next 1 match 0
061289 INFO S0: (term 1) follower 收到 [1] AppendEntries [], prevIndex 0, prevTerm 0
061289 LEAD S1: 0 append success next 1 match 0
061790 LEAD S1: prevLog &raft.Entry{Command:interface {}(nil), Term:0, Index:0}
061790 LEAD S1: prevLog &raft.Entry{Command:interface {}(nil), Term:0, Index:0}
061791 INFO S2: (term 1) follower 收到 [1] AppendEntries [], prevIndex 0, prevTerm 0
061791 INFO S0: (term 1) follower 收到 [1] AppendEntries [], prevIndex 0, prevTerm 0
061791 LEAD S1: 2 append success next 1 match 0
061791 LEAD S1: 0 append success next 1 match 0
062292 LEAD S1: prevLog &raft.Entry{Command:interface {}(nil), Term:0, Index:0}
062293 LEAD S1: prevLog &raft.Entry{Command:interface {}(nil), Term:0, Index:0}
062293 INFO S2: (term 1) follower 收到 [1] AppendEntries [], prevIndex 0, prevTerm 0
062294 LEAD S1: 2 append success next 1 match 0
062294 INFO S0: (term 1) follower 收到 [1] AppendEntries [], prevIndex 0, prevTerm 0
062294 LEAD S1: 0 append success next 1 match 0
062795 LEAD S1: prevLog &raft.Entry{Command:interface {}(nil), Term:0, Index:0}
062795 LEAD S1: prevLog &raft.Entry{Command:interface {}(nil), Term:0, Index:0}
062796 INFO S2: (term 1) follower 收到 [1] AppendEntries [], prevIndex 0, prevTerm 0
062796 LEAD S1: 2 append success next 1 match 0
062796 INFO S0: (term 1) follower 收到 [1] AppendEntries [], prevIndex 0, prevTerm 0
062797 LEAD S1: 0 append success next 1 match 0
063297 LEAD S1: prevLog &raft.Entry{Command:interface {}(nil), Term:0, Index:0}
063297 LEAD S1: prevLog &raft.Entry{Command:interface {}(nil), Term:0, Index:0}
063298 INFO S2: (term 1) follower 收到 [1] AppendEntries [], prevIndex 0, prevTerm 0
063298 LEAD S1: 2 append success next 1 match 0
063298 INFO S0: (term 1) follower 收到 [1] AppendEntries [], prevIndex 0, prevTerm 0
063299 LEAD S1: 0 append success next 1 match 0
063799 LEAD S1: prevLog &raft.Entry{Command:interface {}(nil), Term:0, Index:0}
063800 LEAD S1: prevLog &raft.Entry{Command:interface {}(nil), Term:0, Index:0}
063800 INFO S2: (term 1) follower 收到 [1] AppendEntries [], prevIndex 0, prevTerm 0
063801 LEAD S1: 2 append success next 1 match 0
063801 INFO S0: (term 1) follower 收到 [1] AppendEntries [], prevIndex 0, prevTerm 0
063801 LEAD S1: 0 append success next 1 match 0
064301 LEAD S1: prevLog &raft.Entry{Command:interface {}(nil), Term:0, Index:0}
064301 LEAD S1: prevLog &raft.Entry{Command:interface {}(nil), Term:0, Index:0}
064302 INFO S2: (term 1) follower 收到 [1] AppendEntries [], prevIndex 0, prevTerm 0
064302 LEAD S1: 2 append success next 1 match 0
064302 INFO S0: (term 1) follower 收到 [1] AppendEntries [], prevIndex 0, prevTerm 0
064303 LEAD S1: 0 append success next 1 match 0
064803 LEAD S1: prevLog &raft.Entry{Command:interface {}(nil), Term:0, Index:0}
064803 LEAD S1: prevLog &raft.Entry{Command:interface {}(nil), Term:0, Index:0}
064803 INFO S2: (term 1) follower 收到 [1] AppendEntries [], prevIndex 0, prevTerm 0
064804 LEAD S1: 2 append success next 1 match 0
064804 INFO S0: (term 1) follower 收到 [1] AppendEntries [], prevIndex 0, prevTerm 0
064805 LEAD S1: 0 append success next 1 match 0
065304 LEAD S1: prevLog &raft.Entry{Command:interface {}(nil), Term:0, Index:0}
065304 LEAD S1: prevLog &raft.Entry{Command:interface {}(nil), Term:0, Index:0}
065305 INFO S2: (term 1) follower 收到 [1] AppendEntries [], prevIndex 0, prevTerm 0
065305 LEAD S1: 2 append success next 1 match 0
065305 INFO S0: (term 1) follower 收到 [1] AppendEntries [], prevIndex 0, prevTerm 0
065306 LEAD S1: 0 append success next 1 match 0
065806 LEAD S1: prevLog &raft.Entry{Command:interface {}(nil), Term:0, Index:0}
065806 LEAD S1: prevLog &raft.Entry{Command:interface {}(nil), Term:0, Index:0}
065807 INFO S2: (term 1) follower 收到 [1] AppendEntries [], prevIndex 0, prevTerm 0
065807 LEAD S1: 2 append success next 1 match 0
065808 INFO S0: (term 1) follower 收到 [1] AppendEntries [], prevIndex 0, prevTerm 0
065808 LEAD S1: 0 append success next 1 match 0
066309 LEAD S1: prevLog &raft.Entry{Command:interface {}(nil), Term:0, Index:0}
066309 LEAD S1: prevLog &raft.Entry{Command:interface {}(nil), Term:0, Index:0}
066310 INFO S2: (term 1) follower 收到 [1] AppendEntries [], prevIndex 0, prevTerm 0
066310 LEAD S1: 2 append success next 1 match 0
066310 INFO S0: (term 1) follower 收到 [1] AppendEntries [], prevIndex 0, prevTerm 0
066310 LEAD S1: 0 append success next 1 match 0
066811 LEAD S1: prevLog &raft.Entry{Command:interface {}(nil), Term:0, Index:0}
066811 LEAD S1: prevLog &raft.Entry{Command:interface {}(nil), Term:0, Index:0}
066812 INFO S2: (term 1) follower 收到 [1] AppendEntries [], prevIndex 0, prevTerm 0
066812 LEAD S1: 2 append success next 1 match 0
066812 INFO S0: (term 1) follower 收到 [1] AppendEntries [], prevIndex 0, prevTerm 0
066813 LEAD S1: 0 append success next 1 match 0
067313 LEAD S1: prevLog &raft.Entry{Command:interface {}(nil), Term:0, Index:0}
067313 LEAD S1: prevLog &raft.Entry{Command:interface {}(nil), Term:0, Index:0}
067314 INFO S2: (term 1) follower 收到 [1] AppendEntries [], prevIndex 0, prevTerm 0
067315 LEAD S1: 2 append success next 1 match 0
067315 INFO S0: (term 1) follower 收到 [1] AppendEntries [], prevIndex 0, prevTerm 0
067315 LEAD S1: 0 append success next 1 match 0
067815 LEAD S1: prevLog &raft.Entry{Command:interface {}(nil), Term:0, Index:0}
067816 LEAD S1: prevLog &raft.Entry{Command:interface {}(nil), Term:0, Index:0}
067816 INFO S2: (term 1) follower 收到 [1] AppendEntries [], prevIndex 0, prevTerm 0
067817 INFO S0: (term 1) follower 收到 [1] AppendEntries [], prevIndex 0, prevTerm 0
067817 LEAD S1: 2 append success next 1 match 0
067817 LEAD S1: 0 append success next 1 match 0
068317 LEAD S1: prevLog &raft.Entry{Command:interface {}(nil), Term:0, Index:0}
068318 LEAD S1: prevLog &raft.Entry{Command:interface {}(nil), Term:0, Index:0}
068318 INFO S2: (term 1) follower 收到 [1] AppendEntries [], prevIndex 0, prevTerm 0
068319 LEAD S1: 2 append success next 1 match 0
068319 INFO S0: (term 1) follower 收到 [1] AppendEntries [], prevIndex 0, prevTerm 0
068319 LEAD S1: 0 append success next 1 match 0
068819 LEAD S1: prevLog &raft.Entry{Command:interface {}(nil), Term:0, Index:0}
068819 LEAD S1: prevLog &raft.Entry{Command:interface {}(nil), Term:0, Index:0}
068820 INFO S2: (term 1) follower 收到 [1] AppendEntries [], prevIndex 0, prevTerm 0
068820 INFO S0: (term 1) follower 收到 [1] AppendEntries [], prevIndex 0, prevTerm 0
068820 LEAD S1: 2 append success next 1 match 0
068820 LEAD S1: 0 append success next 1 match 0
069321 LEAD S1: prevLog &raft.Entry{Command:interface {}(nil), Term:0, Index:0}
069321 LEAD S1: prevLog &raft.Entry{Command:interface {}(nil), Term:0, Index:0}
069322 INFO S2: (term 1) follower 收到 [1] AppendEntries [], prevIndex 0, prevTerm 0
069322 INFO S0: (term 1) follower 收到 [1] AppendEntries [], prevIndex 0, prevTerm 0
069322 LEAD S1: 2 append success next 1 match 0
069323 LEAD S1: 0 append success next 1 match 0
069824 LEAD S1: prevLog &raft.Entry{Command:interface {}(nil), Term:0, Index:0}
069824 LEAD S1: prevLog &raft.Entry{Command:interface {}(nil), Term:0, Index:0}
069825 INFO S2: (term 1) follower 收到 [1] AppendEntries [], prevIndex 0, prevTerm 0
069825 LEAD S1: 2 append success next 1 match 0
069825 INFO S0: (term 1) follower 收到 [1] AppendEntries [], prevIndex 0, prevTerm 0
069826 LEAD S1: 0 append success next 1 match 0
070326 LEAD S1: prevLog &raft.Entry{Command:interface {}(nil), Term:0, Index:0}
070326 LEAD S1: prevLog &raft.Entry{Command:interface {}(nil), Term:0, Index:0}
070327 INFO S2: (term 1) follower 收到 [1] AppendEntries [], prevIndex 0, prevTerm 0
070327 LEAD S1: 2 append success next 1 match 0
070328 INFO S0: (term 1) follower 收到 [1] AppendEntries [], prevIndex 0, prevTerm 0
070328 LEAD S1: 0 append success next 1 match 0
070829 LEAD S1: prevLog &raft.Entry{Command:interface {}(nil), Term:0, Index:0}
070829 LEAD S1: prevLog &raft.Entry{Command:interface {}(nil), Term:0, Index:0}
070830 INFO S2: (term 1) follower 收到 [1] AppendEntries [], prevIndex 0, prevTerm 0
070830 LEAD S1: 2 append success next 1 match 0
070830 INFO S0: (term 1) follower 收到 [1] AppendEntries [], prevIndex 0, prevTerm 0
070831 LEAD S1: 0 append success next 1 match 0
071331 LEAD S1: prevLog &raft.Entry{Command:interface {}(nil), Term:0, Index:0}
071331 LEAD S1: prevLog &raft.Entry{Command:interface {}(nil), Term:0, Index:0}
071332 INFO S2: (term 1) follower 收到 [1] AppendEntries [], prevIndex 0, prevTerm 0
071332 LEAD S1: 2 append success next 1 match 0
071333 INFO S0: (term 1) follower 收到 [1] AppendEntries [], prevIndex 0, prevTerm 0
071333 LEAD S1: 0 append success next 1 match 0
071833 LEAD S1: prevLog &raft.Entry{Command:interface {}(nil), Term:0, Index:0}
071834 LEAD S1: prevLog &raft.Entry{Command:interface {}(nil), Term:0, Index:0}
071834 INFO S0: (term 1) follower 收到 [1] AppendEntries [], prevIndex 0, prevTerm 0
071834 INFO S2: (term 1) follower 收到 [1] AppendEntries [], prevIndex 0, prevTerm 0
071835 LEAD S1: 0 append success next 1 match 0
071835 LEAD S1: 2 append success next 1 match 0
072335 LEAD S1: prevLog &raft.Entry{Command:interface {}(nil), Term:0, Index:0}
072335 LEAD S1: prevLog &raft.Entry{Command:interface {}(nil), Term:0, Index:0}
072336 INFO S2: (term 1) follower 收到 [1] AppendEntries [], prevIndex 0, prevTerm 0
072337 LEAD S1: 2 append success next 1 match 0
072337 INFO S0: (term 1) follower 收到 [1] AppendEntries [], prevIndex 0, prevTerm 0
072337 LEAD S1: 0 append success next 1 match 0
072837 LEAD S1: prevLog &raft.Entry{Command:interface {}(nil), Term:0, Index:0}
072837 LEAD S1: prevLog &raft.Entry{Command:interface {}(nil), Term:0, Index:0}
072838 INFO S2: (term 1) follower 收到 [1] AppendEntries [], prevIndex 0, prevTerm 0
072838 INFO S0: (term 1) follower 收到 [1] AppendEntries [], prevIndex 0, prevTerm 0
072838 LEAD S1: 2 append success next 1 match 0
072838 LEAD S1: 0 append success next 1 match 0
073339 LEAD S1: prevLog &raft.Entry{Command:interface {}(nil), Term:0, Index:0}
073339 LEAD S1: prevLog &raft.Entry{Command:interface {}(nil), Term:0, Index:0}
073341 INFO S0: (term 1) follower 收到 [1] AppendEntries [], prevIndex 0, prevTerm 0
073342 INFO S2: (term 1) follower 收到 [1] AppendEntries [], prevIndex 0, prevTerm 0
073343 LEAD S1: 0 append success next 1 match 0
073343 LEAD S1: 2 append success next 1 match 0
073843 LEAD S1: prevLog &raft.Entry{Command:interface {}(nil), Term:0, Index:0}
073843 LEAD S1: prevLog &raft.Entry{Command:interface {}(nil), Term:0, Index:0}
073844 INFO S2: (term 1) follower 收到 [1] AppendEntries [], prevIndex 0, prevTerm 0
073845 INFO S0: (term 1) follower 收到 [1] AppendEntries [], prevIndex 0, prevTerm 0
073845 LEAD S1: 0 append success next 1 match 0
073845 LEAD S1: 2 append success next 1 match 0
074344 LEAD S1: prevLog &raft.Entry{Command:interface {}(nil), Term:0, Index:0}
074345 LEAD S1: prevLog &raft.Entry{Command:interface {}(nil), Term:0, Index:0}
074345 INFO S2: (term 1) follower 收到 [1] AppendEntries [], prevIndex 0, prevTerm 0
074346 LEAD S1: 2 append success next 1 match 0
074346 INFO S0: (term 1) follower 收到 [1] AppendEntries [], prevIndex 0, prevTerm 0
074346 LEAD S1: 0 append success next 1 match 0
074846 LEAD S1: prevLog &raft.Entry{Command:interface {}(nil), Term:0, Index:0}
074847 LEAD S1: prevLog &raft.Entry{Command:interface {}(nil), Term:0, Index:0}
074848 INFO S2: (term 1) follower 收到 [1] AppendEntries [], prevIndex 0, prevTerm 0
074848 LEAD S1: 2 append success next 1 match 0
074848 INFO S0: (term 1) follower 收到 [1] AppendEntries [], prevIndex 0, prevTerm 0
074849 LEAD S1: 0 append success next 1 match 0
075349 LEAD S1: prevLog &raft.Entry{Command:interface {}(nil), Term:0, Index:0}
075349 LEAD S1: prevLog &raft.Entry{Command:interface {}(nil), Term:0, Index:0}
075350 INFO S2: (term 1) follower 收到 [1] AppendEntries [], prevIndex 0, prevTerm 0
075350 LEAD S1: 2 append success next 1 match 0
075350 INFO S0: (term 1) follower 收到 [1] AppendEntries [], prevIndex 0, prevTerm 0
075351 LEAD S1: 0 append success next 1 match 0
075851 LEAD S1: prevLog &raft.Entry{Command:interface {}(nil), Term:0, Index:0}
075851 LEAD S1: prevLog &raft.Entry{Command:interface {}(nil), Term:0, Index:0}
075852 INFO S2: (term 1) follower 收到 [1] AppendEntries [], prevIndex 0, prevTerm 0
075852 LEAD S1: 2 append success next 1 match 0
075853 INFO S0: (term 1) follower 收到 [1] AppendEntries [], prevIndex 0, prevTerm 0
075853 LEAD S1: 0 append success next 1 match 0
076353 LEAD S1: prevLog &raft.Entry{Command:interface {}(nil), Term:0, Index:0}
076354 LEAD S1: prevLog &raft.Entry{Command:interface {}(nil), Term:0, Index:0}
076354 INFO S2: (term 1) follower 收到 [1] AppendEntries [], prevIndex 0, prevTerm 0
076355 LEAD S1: 2 append success next 1 match 0
076355 INFO S0: (term 1) follower 收到 [1] AppendEntries [], prevIndex 0, prevTerm 0
076355 LEAD S1: 0 append success next 1 match 0
076856 LEAD S1: prevLog &raft.Entry{Command:interface {}(nil), Term:0, Index:0}
076856 LEAD S1: prevLog &raft.Entry{Command:interface {}(nil), Term:0, Index:0}
076857 INFO S2: (term 1) follower 收到 [1] AppendEntries [], prevIndex 0, prevTerm 0
076857 LEAD S1: 2 append success next 1 match 0
076857 INFO S0: (term 1) follower 收到 [1] AppendEntries [], prevIndex 0, prevTerm 0
076857 LEAD S1: 0 append success next 1 match 0
077358 LEAD S1: prevLog &raft.Entry{Command:interface {}(nil), Term:0, Index:0}
077358 LEAD S1: prevLog &raft.Entry{Command:interface {}(nil), Term:0, Index:0}
077359 INFO S2: (term 1) follower 收到 [1] AppendEntries [], prevIndex 0, prevTerm 0
077359 LEAD S1: 2 append success next 1 match 0
077359 INFO S0: (term 1) follower 收到 [1] AppendEntries [], prevIndex 0, prevTerm 0
077360 LEAD S1: 0 append success next 1 match 0
077860 LEAD S1: prevLog &raft.Entry{Command:interface {}(nil), Term:0, Index:0}
077860 LEAD S1: prevLog &raft.Entry{Command:interface {}(nil), Term:0, Index:0}
077861 INFO S2: (term 1) follower 收到 [1] AppendEntries [], prevIndex 0, prevTerm 0
077861 LEAD S1: 2 append success next 1 match 0
077861 INFO S0: (term 1) follower 收到 [1] AppendEntries [], prevIndex 0, prevTerm 0
077862 LEAD S1: 0 append success next 1 match 0
078362 LEAD S1: prevLog &raft.Entry{Command:interface {}(nil), Term:0, Index:0}
078362 LEAD S1: prevLog &raft.Entry{Command:interface {}(nil), Term:0, Index:0}
078363 INFO S0: (term 1) follower 收到 [1] AppendEntries [], prevIndex 0, prevTerm 0
078363 LEAD S1: 0 append success next 1 match 0
078363 INFO S2: (term 1) follower 收到 [1] AppendEntries [], prevIndex 0, prevTerm 0
078364 LEAD S1: 2 append success next 1 match 0
078864 LEAD S1: prevLog &raft.Entry{Command:interface {}(nil), Term:0, Index:0}
078864 LEAD S1: prevLog &raft.Entry{Command:interface {}(nil), Term:0, Index:0}
078865 INFO S2: (term 1) follower 收到 [1] AppendEntries [], prevIndex 0, prevTerm 0
078865 LEAD S1: 2 append success next 1 match 0
078866 INFO S0: (term 1) follower 收到 [1] AppendEntries [], prevIndex 0, prevTerm 0
078866 LEAD S1: 0 append success next 1 match 0
079367 LEAD S1: prevLog &raft.Entry{Command:interface {}(nil), Term:0, Index:0}
079367 LEAD S1: prevLog &raft.Entry{Command:interface {}(nil), Term:0, Index:0}
079368 INFO S2: (term 1) follower 收到 [1] AppendEntries [], prevIndex 0, prevTerm 0
079368 LEAD S1: 2 append success next 1 match 0
079368 INFO S0: (term 1) follower 收到 [1] AppendEntries [], prevIndex 0, prevTerm 0
079369 LEAD S1: 0 append success next 1 match 0
079869 LEAD S1: prevLog &raft.Entry{Command:interface {}(nil), Term:0, Index:0}
079869 LEAD S1: prevLog &raft.Entry{Command:interface {}(nil), Term:0, Index:0}
079870 INFO S2: (term 1) follower 收到 [1] AppendEntries [], prevIndex 0, prevTerm 0
079870 INFO S0: (term 1) follower 收到 [1] AppendEntries [], prevIndex 0, prevTerm 0
079870 LEAD S1: 2 append success next 1 match 0
079871 LEAD S1: 0 append success next 1 match 0
080372 LEAD S1: prevLog &raft.Entry{Command:interface {}(nil), Term:0, Index:0}
080372 LEAD S1: prevLog &raft.Entry{Command:interface {}(nil), Term:0, Index:0}
080373 INFO S2: (term 1) follower 收到 [1] AppendEntries [], prevIndex 0, prevTerm 0
080373 LEAD S1: 2 append success next 1 match 0
080373 INFO S0: (term 1) follower 收到 [1] AppendEntries [], prevIndex 0, prevTerm 0
080374 LEAD S1: 0 append success next 1 match 0
080875 LEAD S1: prevLog &raft.Entry{Command:interface {}(nil), Term:0, Index:0}
080875 LEAD S1: prevLog &raft.Entry{Command:interface {}(nil), Term:0, Index:0}
080876 INFO S2: (term 1) follower 收到 [1] AppendEntries [], prevIndex 0, prevTerm 0
080876 LEAD S1: 2 append success next 1 match 0
080876 INFO S0: (term 1) follower 收到 [1] AppendEntries [], prevIndex 0, prevTerm 0
080877 LEAD S1: 0 append success next 1 match 0
081377 LEAD S1: prevLog &raft.Entry{Command:interface {}(nil), Term:0, Index:0}
081377 LEAD S1: prevLog &raft.Entry{Command:interface {}(nil), Term:0, Index:0}
081378 INFO S2: (term 1) follower 收到 [1] AppendEntries [], prevIndex 0, prevTerm 0
081378 LEAD S1: 2 append success next 1 match 0
081378 INFO S0: (term 1) follower 收到 [1] AppendEntries [], prevIndex 0, prevTerm 0
081379 LEAD S1: 0 append success next 1 match 0
081880 LEAD S1: prevLog &raft.Entry{Command:interface {}(nil), Term:0, Index:0}
081880 LEAD S1: prevLog &raft.Entry{Command:interface {}(nil), Term:0, Index:0}
081881 INFO S2: (term 1) follower 收到 [1] AppendEntries [], prevIndex 0, prevTerm 0
081881 LEAD S1: 2 append success next 1 match 0
081882 INFO S0: (term 1) follower 收到 [1] AppendEntries [], prevIndex 0, prevTerm 0
081882 LEAD S1: 0 append success next 1 match 0
082382 LEAD S1: prevLog &raft.Entry{Command:interface {}(nil), Term:0, Index:0}
082382 LEAD S1: prevLog &raft.Entry{Command:interface {}(nil), Term:0, Index:0}
082383 INFO S2: (term 1) follower 收到 [1] AppendEntries [], prevIndex 0, prevTerm 0
082383 LEAD S1: 2 append success next 1 match 0
082383 INFO S0: (term 1) follower 收到 [1] AppendEntries [], prevIndex 0, prevTerm 0
082384 LEAD S1: 0 append success next 1 match 0
082884 LEAD S1: prevLog &raft.Entry{Command:interface {}(nil), Term:0, Index:0}
082884 LEAD S1: prevLog &raft.Entry{Command:interface {}(nil), Term:0, Index:0}
082885 INFO S2: (term 1) follower 收到 [1] AppendEntries [], prevIndex 0, prevTerm 0
082885 LEAD S1: 2 append success next 1 match 0
082885 INFO S0: (term 1) follower 收到 [1] AppendEntries [], prevIndex 0, prevTerm 0
082886 LEAD S1: 0 append success next 1 match 0
083386 LEAD S1: prevLog &raft.Entry{Command:interface {}(nil), Term:0, Index:0}
083387 LEAD S1: prevLog &raft.Entry{Command:interface {}(nil), Term:0, Index:0}
083387 INFO S2: (term 1) follower 收到 [1] AppendEntries [], prevIndex 0, prevTerm 0
083388 LEAD S1: 2 append success next 1 match 0
083388 INFO S0: (term 1) follower 收到 [1] AppendEntries [], prevIndex 0, prevTerm 0
083388 LEAD S1: 0 append success next 1 match 0
083889 LEAD S1: prevLog &raft.Entry{Command:interface {}(nil), Term:0, Index:0}
083889 LEAD S1: prevLog &raft.Entry{Command:interface {}(nil), Term:0, Index:0}
083890 INFO S2: (term 1) follower 收到 [1] AppendEntries [], prevIndex 0, prevTerm 0
083890 LEAD S1: 2 append success next 1 match 0
083890 INFO S0: (term 1) follower 收到 [1] AppendEntries [], prevIndex 0, prevTerm 0
083891 LEAD S1: 0 append success next 1 match 0
084391 LEAD S1: prevLog &raft.Entry{Command:interface {}(nil), Term:0, Index:0}
084392 LEAD S1: prevLog &raft.Entry{Command:interface {}(nil), Term:0, Index:0}
084392 INFO S2: (term 1) follower 收到 [1] AppendEntries [], prevIndex 0, prevTerm 0
084393 LEAD S1: 2 append success next 1 match 0
084393 INFO S0: (term 1) follower 收到 [1] AppendEntries [], prevIndex 0, prevTerm 0
084393 LEAD S1: 0 append success next 1 match 0
084893 LEAD S1: prevLog &raft.Entry{Command:interface {}(nil), Term:0, Index:0}
084893 LEAD S1: prevLog &raft.Entry{Command:interface {}(nil), Term:0, Index:0}
084894 INFO S2: (term 1) follower 收到 [1] AppendEntries [], prevIndex 0, prevTerm 0
084894 LEAD S1: 2 append success next 1 match 0
084894 INFO S0: (term 1) follower 收到 [1] AppendEntries [], prevIndex 0, prevTerm 0
084895 LEAD S1: 0 append success next 1 match 0
085395 LEAD S1: prevLog &raft.Entry{Command:interface {}(nil), Term:0, Index:0}
085396 LEAD S1: prevLog &raft.Entry{Command:interface {}(nil), Term:0, Index:0}
085396 INFO S2: (term 1) follower 收到 [1] AppendEntries [], prevIndex 0, prevTerm 0
085397 LEAD S1: 2 append success next 1 match 0
085397 INFO S0: (term 1) follower 收到 [1] AppendEntries [], prevIndex 0, prevTerm 0
085397 LEAD S1: 0 append success next 1 match 0
085898 LEAD S1: prevLog &raft.Entry{Command:interface {}(nil), Term:0, Index:0}
085898 LEAD S1: prevLog &raft.Entry{Command:interface {}(nil), Term:0, Index:0}
085899 INFO S2: (term 1) follower 收到 [1] AppendEntries [], prevIndex 0, prevTerm 0
085899 LEAD S1: 2 append success next 1 match 0
085899 INFO S0: (term 1) follower 收到 [1] AppendEntries [], prevIndex 0, prevTerm 0
085900 LEAD S1: 0 append success next 1 match 0
086400 LEAD S1: prevLog &raft.Entry{Command:interface {}(nil), Term:0, Index:0}
086401 LEAD S1: prevLog &raft.Entry{Command:interface {}(nil), Term:0, Index:0}
086401 INFO S2: (term 1) follower 收到 [1] AppendEntries [], prevIndex 0, prevTerm 0
086402 LEAD S1: 2 append success next 1 match 0
086402 INFO S0: (term 1) follower 收到 [1] AppendEntries [], prevIndex 0, prevTerm 0
086402 LEAD S1: 0 append success next 1 match 0
086902 LEAD S1: prevLog &raft.Entry{Command:interface {}(nil), Term:0, Index:0}
086902 LEAD S1: prevLog &raft.Entry{Command:interface {}(nil), Term:0, Index:0}
086903 INFO S2: (term 1) follower 收到 [1] AppendEntries [], prevIndex 0, prevTerm 0
086903 LEAD S1: 2 append success next 1 match 0
086904 INFO S0: (term 1) follower 收到 [1] AppendEntries [], prevIndex 0, prevTerm 0
086904 LEAD S1: 0 append success next 1 match 0
087405 LEAD S1: prevLog &raft.Entry{Command:interface {}(nil), Term:0, Index:0}
087405 LEAD S1: prevLog &raft.Entry{Command:interface {}(nil), Term:0, Index:0}
087406 INFO S2: (term 1) follower 收到 [1] AppendEntries [], prevIndex 0, prevTerm 0
087406 INFO S0: (term 1) follower 收到 [1] AppendEntries [], prevIndex 0, prevTerm 0
087406 LEAD S1: 2 append success next 1 match 0
087406 LEAD S1: 0 append success next 1 match 0
087907 LEAD S1: prevLog &raft.Entry{Command:interface {}(nil), Term:0, Index:0}
087907 LEAD S1: prevLog &raft.Entry{Command:interface {}(nil), Term:0, Index:0}
087908 INFO S2: (term 1) follower 收到 [1] AppendEntries [], prevIndex 0, prevTerm 0
087908 LEAD S1: 2 append success next 1 match 0
087909 INFO S0: (term 1) follower 收到 [1] AppendEntries [], prevIndex 0, prevTerm 0
087909 LEAD S1: 0 append success next 1 match 0
088409 LEAD S1: prevLog &raft.Entry{Command:interface {}(nil), Term:0, Index:0}
088409 LEAD S1: prevLog &raft.Entry{Command:interface {}(nil), Term:0, Index:0}
088410 INFO S2: (term 1) follower 收到 [1] AppendEntries [], prevIndex 0, prevTerm 0
088410 LEAD S1: 2 append success next 1 match 0
088410 INFO S0: (term 1) follower 收到 [1] AppendEntries [], prevIndex 0, prevTerm 0
088411 LEAD S1: 0 append success next 1 match 0
088911 LEAD S1: prevLog &raft.Entry{Command:interface {}(nil), Term:0, Index:0}
088911 LEAD S1: prevLog &raft.Entry{Command:interface {}(nil), Term:0, Index:0}
088912 INFO S0: (term 1) follower 收到 [1] AppendEntries [], prevIndex 0, prevTerm 0
088912 INFO S2: (term 1) follower 收到 [1] AppendEntries [], prevIndex 0, prevTerm 0
088912 LEAD S1: 0 append success next 1 match 0
088913 LEAD S1: 2 append success next 1 match 0
089413 LEAD S1: prevLog &raft.Entry{Command:interface {}(nil), Term:0, Index:0}
089413 LEAD S1: prevLog &raft.Entry{Command:interface {}(nil), Term:0, Index:0}
089414 INFO S2: (term 1) follower 收到 [1] AppendEntries [], prevIndex 0, prevTerm 0
089414 LEAD S1: 2 append success next 1 match 0
089414 INFO S0: (term 1) follower 收到 [1] AppendEntries [], prevIndex 0, prevTerm 0
089415 LEAD S1: 0 append success next 1 match 0
089915 LEAD S1: prevLog &raft.Entry{Command:interface {}(nil), Term:0, Index:0}
089915 LEAD S1: prevLog &raft.Entry{Command:interface {}(nil), Term:0, Index:0}
089916 INFO S2: (term 1) follower 收到 [1] AppendEntries [], prevIndex 0, prevTerm 0
089916 INFO S0: (term 1) follower 收到 [1] AppendEntries [], prevIndex 0, prevTerm 0
089916 LEAD S1: 2 append success next 1 match 0
089917 LEAD S1: 0 append success next 1 match 0
090418 LEAD S1: prevLog &raft.Entry{Command:interface {}(nil), Term:0, Index:0}
090418 LEAD S1: prevLog &raft.Entry{Command:interface {}(nil), Term:0, Index:0}
090419 INFO S2: (term 1) follower 收到 [1] AppendEntries [], prevIndex 0, prevTerm 0
090419 LEAD S1: 2 append success next 1 match 0
090419 INFO S0: (term 1) follower 收到 [1] AppendEntries [], prevIndex 0, prevTerm 0
090420 LEAD S1: 0 append success next 1 match 0
090920 LEAD S1: prevLog &raft.Entry{Command:interface {}(nil), Term:0, Index:0}
090920 LEAD S1: prevLog &raft.Entry{Command:interface {}(nil), Term:0, Index:0}
090921 INFO S2: (term 1) follower 收到 [1] AppendEntries [], prevIndex 0, prevTerm 0
090921 LEAD S1: 2 append success next 1 match 0
090921 INFO S0: (term 1) follower 收到 [1] AppendEntries [], prevIndex 0, prevTerm 0
090921 LEAD S1: 0 append success next 1 match 0
091422 LEAD S1: prevLog &raft.Entry{Command:interface {}(nil), Term:0, Index:0}
091423 LEAD S1: prevLog &raft.Entry{Command:interface {}(nil), Term:0, Index:0}
091423 INFO S2: (term 1) follower 收到 [1] AppendEntries [], prevIndex 0, prevTerm 0
091423 INFO S0: (term 1) follower 收到 [1] AppendEntries [], prevIndex 0, prevTerm 0
091424 LEAD S1: 0 append success next 1 match 0
091424 LEAD S1: 2 append success next 1 match 0
091924 LEAD S1: prevLog &raft.Entry{Command:interface {}(nil), Term:0, Index:0}
091925 LEAD S1: prevLog &raft.Entry{Command:interface {}(nil), Term:0, Index:0}
091925 INFO S2: (term 1) follower 收到 [1] AppendEntries [], prevIndex 0, prevTerm 0
091926 LEAD S1: 2 append success next 1 match 0
091926 INFO S0: (term 1) follower 收到 [1] AppendEntries [], prevIndex 0, prevTerm 0
091926 LEAD S1: 0 append success next 1 match 0
092427 LEAD S1: prevLog &raft.Entry{Command:interface {}(nil), Term:0, Index:0}
092427 LEAD S1: prevLog &raft.Entry{Command:interface {}(nil), Term:0, Index:0}
092428 INFO S2: (term 1) follower 收到 [1] AppendEntries [], prevIndex 0, prevTerm 0
092428 LEAD S1: 2 append success next 1 match 0
092428 INFO S0: (term 1) follower 收到 [1] AppendEntries [], prevIndex 0, prevTerm 0
092429 LEAD S1: 0 append success next 1 match 0
092929 LEAD S1: prevLog &raft.Entry{Command:interface {}(nil), Term:0, Index:0}
092930 LEAD S1: prevLog &raft.Entry{Command:interface {}(nil), Term:0, Index:0}
092930 INFO S2: (term 1) follower 收到 [1] AppendEntries [], prevIndex 0, prevTerm 0
092931 LEAD S1: 2 append success next 1 match 0
092931 INFO S0: (term 1) follower 收到 [1] AppendEntries [], prevIndex 0, prevTerm 0
092931 LEAD S1: 0 append success next 1 match 0
093431 LEAD S1: prevLog &raft.Entry{Command:interface {}(nil), Term:0, Index:0}
093432 LEAD S1: prevLog &raft.Entry{Command:interface {}(nil), Term:0, Index:0}
093432 INFO S0: (term 1) follower 收到 [1] AppendEntries [], prevIndex 0, prevTerm 0
093433 LEAD S1: 0 append success next 1 match 0
093433 INFO S2: (term 1) follower 收到 [1] AppendEntries [], prevIndex 0, prevTerm 0
093433 LEAD S1: 2 append success next 1 match 0
093934 LEAD S1: prevLog &raft.Entry{Command:interface {}(nil), Term:0, Index:0}
093934 LEAD S1: prevLog &raft.Entry{Command:interface {}(nil), Term:0, Index:0}
093935 INFO S2: (term 1) follower 收到 [1] AppendEntries [], prevIndex 0, prevTerm 0
093935 LEAD S1: 2 append success next 1 match 0
093935 INFO S0: (term 1) follower 收到 [1] AppendEntries [], prevIndex 0, prevTerm 0
093936 LEAD S1: 0 append success next 1 match 0
094436 LEAD S1: prevLog &raft.Entry{Command:interface {}(nil), Term:0, Index:0}
094437 LEAD S1: prevLog &raft.Entry{Command:interface {}(nil), Term:0, Index:0}
094437 INFO S2: (term 1) follower 收到 [1] AppendEntries [], prevIndex 0, prevTerm 0
094438 LEAD S1: 2 append success next 1 match 0
094438 INFO S0: (term 1) follower 收到 [1] AppendEntries [], prevIndex 0, prevTerm 0
094438 LEAD S1: 0 append success next 1 match 0
094939 LEAD S1: prevLog &raft.Entry{Command:interface {}(nil), Term:0, Index:0}
094939 LEAD S1: prevLog &raft.Entry{Command:interface {}(nil), Term:0, Index:0}
094940 INFO S0: (term 1) follower 收到 [1] AppendEntries [], prevIndex 0, prevTerm 0
094940 LEAD S1: 0 append success next 1 match 0
094940 INFO S2: (term 1) follower 收到 [1] AppendEntries [], prevIndex 0, prevTerm 0
094940 LEAD S1: 2 append success next 1 match 0
095441 LEAD S1: prevLog &raft.Entry{Command:interface {}(nil), Term:0, Index:0}
095441 LEAD S1: prevLog &raft.Entry{Command:interface {}(nil), Term:0, Index:0}
095442 INFO S2: (term 1) follower 收到 [1] AppendEntries [], prevIndex 0, prevTerm 0
095442 LEAD S1: 2 append success next 1 match 0
095442 INFO S0: (term 1) follower 收到 [1] AppendEntries [], prevIndex 0, prevTerm 0
095443 LEAD S1: 0 append success next 1 match 0
095944 LEAD S1: prevLog &raft.Entry{Command:interface {}(nil), Term:0, Index:0}
095944 LEAD S1: prevLog &raft.Entry{Command:interface {}(nil), Term:0, Index:0}
095945 INFO S2: (term 1) follower 收到 [1] AppendEntries [], prevIndex 0, prevTerm 0
095945 LEAD S1: 2 append success next 1 match 0
095945 INFO S0: (term 1) follower 收到 [1] AppendEntries [], prevIndex 0, prevTerm 0
095945 LEAD S1: 0 append success next 1 match 0
096446 LEAD S1: prevLog &raft.Entry{Command:interface {}(nil), Term:0, Index:0}
096446 LEAD S1: prevLog &raft.Entry{Command:interface {}(nil), Term:0, Index:0}
096447 INFO S2: (term 1) follower 收到 [1] AppendEntries [], prevIndex 0, prevTerm 0
096447 LEAD S1: 2 append success next 1 match 0
096448 INFO S0: (term 1) follower 收到 [1] AppendEntries [], prevIndex 0, prevTerm 0
096448 LEAD S1: 0 append success next 1 match 0
096948 LEAD S1: prevLog &raft.Entry{Command:interface {}(nil), Term:0, Index:0}
096949 LEAD S1: prevLog &raft.Entry{Command:interface {}(nil), Term:0, Index:0}
096949 INFO S2: (term 1) follower 收到 [1] AppendEntries [], prevIndex 0, prevTerm 0
096950 LEAD S1: 2 append success next 1 match 0
096950 INFO S0: (term 1) follower 收到 [1] AppendEntries [], prevIndex 0, prevTerm 0
096950 LEAD S1: 0 append success next 1 match 0
097451 LEAD S1: prevLog &raft.Entry{Command:interface {}(nil), Term:0, Index:0}
097451 LEAD S1: prevLog &raft.Entry{Command:interface {}(nil), Term:0, Index:0}
097451 INFO S2: (term 1) follower 收到 [1] AppendEntries [], prevIndex 0, prevTerm 0
097452 LEAD S1: 2 append success next 1 match 0
097452 INFO S0: (term 1) follower 收到 [1] AppendEntries [], prevIndex 0, prevTerm 0
097452 LEAD S1: 0 append success next 1 match 0
097953 LEAD S1: prevLog &raft.Entry{Command:interface {}(nil), Term:0, Index:0}
097953 LEAD S1: prevLog &raft.Entry{Command:interface {}(nil), Term:0, Index:0}
097954 INFO S2: (term 1) follower 收到 [1] AppendEntries [], prevIndex 0, prevTerm 0
097954 LEAD S1: 2 append success next 1 match 0
097954 INFO S0: (term 1) follower 收到 [1] AppendEntries [], prevIndex 0, prevTerm 0
097955 LEAD S1: 0 append success next 1 match 0
098456 LEAD S1: prevLog &raft.Entry{Command:interface {}(nil), Term:0, Index:0}
098456 LEAD S1: prevLog &raft.Entry{Command:interface {}(nil), Term:0, Index:0}
098457 INFO S2: (term 1) follower 收到 [1] AppendEntries [], prevIndex 0, prevTerm 0
098457 LEAD S1: 2 append success next 1 match 0
098457 INFO S0: (term 1) follower 收到 [1] AppendEntries [], prevIndex 0, prevTerm 0
098457 LEAD S1: 0 append success next 1 match 0
098958 LEAD S1: prevLog &raft.Entry{Command:interface {}(nil), Term:0, Index:0}
098958 LEAD S1: prevLog &raft.Entry{Command:interface {}(nil), Term:0, Index:0}
098959 INFO S2: (term 1) follower 收到 [1] AppendEntries [], prevIndex 0, prevTerm 0
098959 LEAD S1: 2 append success next 1 match 0
098959 INFO S0: (term 1) follower 收到 [1] AppendEntries [], prevIndex 0, prevTerm 0
098960 LEAD S1: 0 append success next 1 match 0
099461 LEAD S1: prevLog &raft.Entry{Command:interface {}(nil), Term:0, Index:0}
099461 LEAD S1: prevLog &raft.Entry{Command:interface {}(nil), Term:0, Index:0}
099462 INFO S2: (term 1) follower 收到 [1] AppendEntries [], prevIndex 0, prevTerm 0
099462 LEAD S1: 2 append success next 1 match 0
099462 INFO S0: (term 1) follower 收到 [1] AppendEntries [], prevIndex 0, prevTerm 0
099463 LEAD S1: 0 append success next 1 match 0
099963 LEAD S1: prevLog &raft.Entry{Command:interface {}(nil), Term:0, Index:0}
099963 LEAD S1: prevLog &raft.Entry{Command:interface {}(nil), Term:0, Index:0}
099964 INFO S2: (term 1) follower 收到 [1] AppendEntries [], prevIndex 0, prevTerm 0
099964 LEAD S1: 2 append success next 1 match 0
099965 INFO S0: (term 1) follower 收到 [1] AppendEntries [], prevIndex 0, prevTerm 0
099965 LEAD S1: 0 append success next 1 match 0
100465 LEAD S1: prevLog &raft.Entry{Command:interface {}(nil), Term:0, Index:0}
100465 LEAD S1: prevLog &raft.Entry{Command:interface {}(nil), Term:0, Index:0}
--- FAIL: TestPersist12C (10.05s)
    config.go:609: one(11) failed to reach agreement
FAIL
exit status 1
FAIL	6.824/raft	10.048s
