Test (2C): basic persistence ...
002008 INFO S2: start leader election, term 1
002008 VOTE S2: term 1 send vote request to 1
002008 INFO S1: start leader election, term 1
002008 VOTE S2: term 1 send vote request to 0
002008 VOTE S1: term 1 send vote request to 2
002008 VOTE S1: term 1 send vote request to 0
002010 VOTE S2: 1 没有投给me，结束
002010 TERM S0: set new term 1
002010 VOTE S0: term 1 vote 2
002010 VOTE S2: reply from 0, term一致，且投给2
002010 LEAD S2: come to power, start to send heartbeat
002010 LEAD S2: prevLog &raft.Entry{Command:interface {}(nil), Term:0, Index:0}
002010 LEAD S2: prevLog &raft.Entry{Command:interface {}(nil), Term:0, Index:0}
002011 VOTE S1: 0 没有投给me，结束
002011 INFO S1: (term 1) follower 收到 [2] AppendEntries [], prevIndex 0, prevTerm 0
002011 LEAD S2: 1 append success next 1 match 0
002012 INFO S0: (term 1) follower 收到 [2] AppendEntries [], prevIndex 0, prevTerm 0
002012 LEAD S2: 0 append success next 1 match 0
002012 VOTE S1: 2 没有投给me，结束
002509 LEAD S2: prevLog &raft.Entry{Command:interface {}(nil), Term:0, Index:0}
002509 LEAD S2: prevLog &raft.Entry{Command:interface {}(nil), Term:0, Index:0}
002510 INFO S0: (term 1) follower 收到 [2] AppendEntries [], prevIndex 0, prevTerm 0
002510 INFO S1: (term 1) follower 收到 [2] AppendEntries [], prevIndex 0, prevTerm 0
002510 LEAD S2: 0 append success next 1 match 0
002510 LEAD S2: 1 append success next 1 match 0
003011 LEAD S2: prevLog &raft.Entry{Command:interface {}(nil), Term:0, Index:0}
003012 LEAD S2: prevLog &raft.Entry{Command:interface {}(nil), Term:0, Index:0}
003012 INFO S1: (term 1) follower 收到 [2] AppendEntries [], prevIndex 0, prevTerm 0
003012 INFO S0: (term 1) follower 收到 [2] AppendEntries [], prevIndex 0, prevTerm 0
003013 LEAD S2: 1 append success next 1 match 0
003013 LEAD S2: 0 append success next 1 match 0
003514 LEAD S2: prevLog &raft.Entry{Command:interface {}(nil), Term:0, Index:0}
003514 LEAD S2: prevLog &raft.Entry{Command:interface {}(nil), Term:0, Index:0}
003514 INFO S1: (term 1) follower 收到 [2] AppendEntries [], prevIndex 0, prevTerm 0
003515 LEAD S2: 1 append success next 1 match 0
003515 INFO S0: (term 1) follower 收到 [2] AppendEntries [], prevIndex 0, prevTerm 0
003515 LEAD S2: 0 append success next 1 match 0
004016 LEAD S2: prevLog &raft.Entry{Command:interface {}(nil), Term:0, Index:0}
004016 LEAD S2: prevLog &raft.Entry{Command:interface {}(nil), Term:0, Index:0}
004017 INFO S0: (term 1) follower 收到 [2] AppendEntries [], prevIndex 0, prevTerm 0
004017 INFO S1: (term 1) follower 收到 [2] AppendEntries [], prevIndex 0, prevTerm 0
004018 LEAD S2: 0 append success next 1 match 0
004018 LEAD S2: 1 append success next 1 match 0
004518 LEAD S2: prevLog &raft.Entry{Command:interface {}(nil), Term:0, Index:0}
004518 LEAD S2: prevLog &raft.Entry{Command:interface {}(nil), Term:0, Index:0}
004519 INFO S1: (term 1) follower 收到 [2] AppendEntries [], prevIndex 0, prevTerm 0
004519 LEAD S2: 1 append success next 1 match 0
004519 INFO S0: (term 1) follower 收到 [2] AppendEntries [], prevIndex 0, prevTerm 0
004520 LEAD S2: 0 append success next 1 match 0
005020 LEAD S2: prevLog &raft.Entry{Command:interface {}(nil), Term:0, Index:0}
005020 LEAD S2: prevLog &raft.Entry{Command:interface {}(nil), Term:0, Index:0}
005021 INFO S0: (term 1) follower 收到 [2] AppendEntries [], prevIndex 0, prevTerm 0
005021 LEAD S2: 0 append success next 1 match 0
005022 INFO S1: (term 1) follower 收到 [2] AppendEntries [], prevIndex 0, prevTerm 0
005023 LEAD S2: 1 append success next 1 match 0
005522 LEAD S2: prevLog &raft.Entry{Command:interface {}(nil), Term:0, Index:0}
005522 LEAD S2: prevLog &raft.Entry{Command:interface {}(nil), Term:0, Index:0}
005523 INFO S0: (term 1) follower 收到 [2] AppendEntries [], prevIndex 0, prevTerm 0
005524 LEAD S2: 0 append success next 1 match 0
005523 INFO S1: (term 1) follower 收到 [2] AppendEntries [], prevIndex 0, prevTerm 0
005525 LEAD S2: 1 append success next 1 match 0
006024 LEAD S2: prevLog &raft.Entry{Command:interface {}(nil), Term:0, Index:0}
006025 LEAD S2: prevLog &raft.Entry{Command:interface {}(nil), Term:0, Index:0}
006026 INFO S1: (term 1) follower 收到 [2] AppendEntries [], prevIndex 0, prevTerm 0
006026 INFO S0: (term 1) follower 收到 [2] AppendEntries [], prevIndex 0, prevTerm 0
006026 LEAD S2: 0 append success next 1 match 0
006026 LEAD S2: 1 append success next 1 match 0
006526 LEAD S2: prevLog &raft.Entry{Command:interface {}(nil), Term:0, Index:0}
006526 LEAD S2: prevLog &raft.Entry{Command:interface {}(nil), Term:0, Index:0}
006527 INFO S1: (term 1) follower 收到 [2] AppendEntries [], prevIndex 0, prevTerm 0
006527 INFO S0: (term 1) follower 收到 [2] AppendEntries [], prevIndex 0, prevTerm 0
006527 LEAD S2: 1 append success next 1 match 0
006527 LEAD S2: 0 append success next 1 match 0
007028 LEAD S2: prevLog &raft.Entry{Command:interface {}(nil), Term:0, Index:0}
007028 LEAD S2: prevLog &raft.Entry{Command:interface {}(nil), Term:0, Index:0}
007029 INFO S0: (term 1) follower 收到 [2] AppendEntries [], prevIndex 0, prevTerm 0
007029 INFO S1: (term 1) follower 收到 [2] AppendEntries [], prevIndex 0, prevTerm 0
007029 LEAD S2: 1 append success next 1 match 0
007029 LEAD S2: 0 append success next 1 match 0
007529 LEAD S2: prevLog &raft.Entry{Command:interface {}(nil), Term:0, Index:0}
007529 LEAD S2: prevLog &raft.Entry{Command:interface {}(nil), Term:0, Index:0}
007530 INFO S0: (term 1) follower 收到 [2] AppendEntries [], prevIndex 0, prevTerm 0
007530 INFO S1: (term 1) follower 收到 [2] AppendEntries [], prevIndex 0, prevTerm 0
007531 LEAD S2: 0 append success next 1 match 0
007531 LEAD S2: 1 append success next 1 match 0
008031 LEAD S2: prevLog &raft.Entry{Command:interface {}(nil), Term:0, Index:0}
008031 LEAD S2: prevLog &raft.Entry{Command:interface {}(nil), Term:0, Index:0}
008032 INFO S0: (term 1) follower 收到 [2] AppendEntries [], prevIndex 0, prevTerm 0
008032 INFO S1: (term 1) follower 收到 [2] AppendEntries [], prevIndex 0, prevTerm 0
008032 LEAD S2: 0 append success next 1 match 0
008032 LEAD S2: 1 append success next 1 match 0
008533 LEAD S2: prevLog &raft.Entry{Command:interface {}(nil), Term:0, Index:0}
008533 LEAD S2: prevLog &raft.Entry{Command:interface {}(nil), Term:0, Index:0}
008534 INFO S1: (term 1) follower 收到 [2] AppendEntries [], prevIndex 0, prevTerm 0
008534 INFO S0: (term 1) follower 收到 [2] AppendEntries [], prevIndex 0, prevTerm 0
008534 LEAD S2: 1 append success next 1 match 0
008534 LEAD S2: 0 append success next 1 match 0
009035 LEAD S2: prevLog &raft.Entry{Command:interface {}(nil), Term:0, Index:0}
009036 LEAD S2: prevLog &raft.Entry{Command:interface {}(nil), Term:0, Index:0}
009036 INFO S1: (term 1) follower 收到 [2] AppendEntries [], prevIndex 0, prevTerm 0
009036 INFO S0: (term 1) follower 收到 [2] AppendEntries [], prevIndex 0, prevTerm 0
009036 LEAD S2: 1 append success next 1 match 0
009037 LEAD S2: 0 append success next 1 match 0
009538 LEAD S2: prevLog &raft.Entry{Command:interface {}(nil), Term:0, Index:0}
009538 LEAD S2: prevLog &raft.Entry{Command:interface {}(nil), Term:0, Index:0}
009538 INFO S1: (term 1) follower 收到 [2] AppendEntries [], prevIndex 0, prevTerm 0
009538 INFO S0: (term 1) follower 收到 [2] AppendEntries [], prevIndex 0, prevTerm 0
009539 LEAD S2: 1 append success next 1 match 0
009539 LEAD S2: 0 append success next 1 match 0
010041 LEAD S2: prevLog &raft.Entry{Command:interface {}(nil), Term:0, Index:0}
010041 LEAD S2: prevLog &raft.Entry{Command:interface {}(nil), Term:0, Index:0}
010043 INFO S1: (term 1) follower 收到 [2] AppendEntries [], prevIndex 0, prevTerm 0
010044 LEAD S2: 1 append success next 1 match 0
010046 INFO S0: (term 1) follower 收到 [2] AppendEntries [], prevIndex 0, prevTerm 0
010047 LEAD S2: 0 append success next 1 match 0
010545 LEAD S2: prevLog &raft.Entry{Command:interface {}(nil), Term:0, Index:0}
010545 LEAD S2: prevLog &raft.Entry{Command:interface {}(nil), Term:0, Index:0}
010547 INFO S1: (term 1) follower 收到 [2] AppendEntries [], prevIndex 0, prevTerm 0
010547 INFO S0: (term 1) follower 收到 [2] AppendEntries [], prevIndex 0, prevTerm 0
010548 LEAD S2: 1 append success next 1 match 0
010548 LEAD S2: 0 append success next 1 match 0
011048 LEAD S2: prevLog &raft.Entry{Command:interface {}(nil), Term:0, Index:0}
011048 LEAD S2: prevLog &raft.Entry{Command:interface {}(nil), Term:0, Index:0}
011049 INFO S0: (term 1) follower 收到 [2] AppendEntries [], prevIndex 0, prevTerm 0
011049 INFO S1: (term 1) follower 收到 [2] AppendEntries [], prevIndex 0, prevTerm 0
011049 LEAD S2: 1 append success next 1 match 0
011049 LEAD S2: 0 append success next 1 match 0
011550 LEAD S2: prevLog &raft.Entry{Command:interface {}(nil), Term:0, Index:0}
011550 LEAD S2: prevLog &raft.Entry{Command:interface {}(nil), Term:0, Index:0}
011551 INFO S1: (term 1) follower 收到 [2] AppendEntries [], prevIndex 0, prevTerm 0
011551 INFO S0: (term 1) follower 收到 [2] AppendEntries [], prevIndex 0, prevTerm 0
011551 LEAD S2: 1 append success next 1 match 0
011551 LEAD S2: 0 append success next 1 match 0
012052 LEAD S2: prevLog &raft.Entry{Command:interface {}(nil), Term:0, Index:0}
012052 LEAD S2: prevLog &raft.Entry{Command:interface {}(nil), Term:0, Index:0}
012053 INFO S0: (term 1) follower 收到 [2] AppendEntries [], prevIndex 0, prevTerm 0
012053 INFO S1: (term 1) follower 收到 [2] AppendEntries [], prevIndex 0, prevTerm 0
012053 LEAD S2: 0 append success next 1 match 0
012053 LEAD S2: 1 append success next 1 match 0
012554 LEAD S2: prevLog &raft.Entry{Command:interface {}(nil), Term:0, Index:0}
012555 LEAD S2: prevLog &raft.Entry{Command:interface {}(nil), Term:0, Index:0}
012555 INFO S1: (term 1) follower 收到 [2] AppendEntries [], prevIndex 0, prevTerm 0
012555 INFO S0: (term 1) follower 收到 [2] AppendEntries [], prevIndex 0, prevTerm 0
012556 LEAD S2: 1 append success next 1 match 0
012556 LEAD S2: 0 append success next 1 match 0
013055 LEAD S2: prevLog &raft.Entry{Command:interface {}(nil), Term:0, Index:0}
013056 LEAD S2: prevLog &raft.Entry{Command:interface {}(nil), Term:0, Index:0}
013056 INFO S0: (term 1) follower 收到 [2] AppendEntries [], prevIndex 0, prevTerm 0
013056 INFO S1: (term 1) follower 收到 [2] AppendEntries [], prevIndex 0, prevTerm 0
013057 LEAD S2: 0 append success next 1 match 0
013057 LEAD S2: 1 append success next 1 match 0
013558 LEAD S2: prevLog &raft.Entry{Command:interface {}(nil), Term:0, Index:0}
013558 LEAD S2: prevLog &raft.Entry{Command:interface {}(nil), Term:0, Index:0}
013559 INFO S0: (term 1) follower 收到 [2] AppendEntries [], prevIndex 0, prevTerm 0
013559 INFO S1: (term 1) follower 收到 [2] AppendEntries [], prevIndex 0, prevTerm 0
013559 LEAD S2: 0 append success next 1 match 0
013559 LEAD S2: 1 append success next 1 match 0
014059 LEAD S2: prevLog &raft.Entry{Command:interface {}(nil), Term:0, Index:0}
014060 LEAD S2: prevLog &raft.Entry{Command:interface {}(nil), Term:0, Index:0}
014060 INFO S0: (term 1) follower 收到 [2] AppendEntries [], prevIndex 0, prevTerm 0
014060 INFO S1: (term 1) follower 收到 [2] AppendEntries [], prevIndex 0, prevTerm 0
014061 LEAD S2: 0 append success next 1 match 0
014061 LEAD S2: 1 append success next 1 match 0
014561 LEAD S2: prevLog &raft.Entry{Command:interface {}(nil), Term:0, Index:0}
014562 LEAD S2: prevLog &raft.Entry{Command:interface {}(nil), Term:0, Index:0}
014562 INFO S1: (term 1) follower 收到 [2] AppendEntries [], prevIndex 0, prevTerm 0
014562 INFO S0: (term 1) follower 收到 [2] AppendEntries [], prevIndex 0, prevTerm 0
014563 LEAD S2: 1 append success next 1 match 0
014563 LEAD S2: 0 append success next 1 match 0
015063 LEAD S2: prevLog &raft.Entry{Command:interface {}(nil), Term:0, Index:0}
015063 LEAD S2: prevLog &raft.Entry{Command:interface {}(nil), Term:0, Index:0}
015064 INFO S0: (term 1) follower 收到 [2] AppendEntries [], prevIndex 0, prevTerm 0
015064 LEAD S2: 0 append success next 1 match 0
015064 INFO S1: (term 1) follower 收到 [2] AppendEntries [], prevIndex 0, prevTerm 0
015065 LEAD S2: 1 append success next 1 match 0
015565 LEAD S2: prevLog &raft.Entry{Command:interface {}(nil), Term:0, Index:0}
015565 LEAD S2: prevLog &raft.Entry{Command:interface {}(nil), Term:0, Index:0}
015566 INFO S1: (term 1) follower 收到 [2] AppendEntries [], prevIndex 0, prevTerm 0
015566 INFO S0: (term 1) follower 收到 [2] AppendEntries [], prevIndex 0, prevTerm 0
015566 LEAD S2: 0 append success next 1 match 0
015566 LEAD S2: 1 append success next 1 match 0
016067 LEAD S2: prevLog &raft.Entry{Command:interface {}(nil), Term:0, Index:0}
016067 LEAD S2: prevLog &raft.Entry{Command:interface {}(nil), Term:0, Index:0}
016068 INFO S0: (term 1) follower 收到 [2] AppendEntries [], prevIndex 0, prevTerm 0
016068 INFO S1: (term 1) follower 收到 [2] AppendEntries [], prevIndex 0, prevTerm 0
016068 LEAD S2: 1 append success next 1 match 0
016069 LEAD S2: 0 append success next 1 match 0
016569 LEAD S2: prevLog &raft.Entry{Command:interface {}(nil), Term:0, Index:0}
016569 LEAD S2: prevLog &raft.Entry{Command:interface {}(nil), Term:0, Index:0}
016570 INFO S1: (term 1) follower 收到 [2] AppendEntries [], prevIndex 0, prevTerm 0
016571 INFO S0: (term 1) follower 收到 [2] AppendEntries [], prevIndex 0, prevTerm 0
016571 LEAD S2: 1 append success next 1 match 0
016571 LEAD S2: 0 append success next 1 match 0
017071 LEAD S2: prevLog &raft.Entry{Command:interface {}(nil), Term:0, Index:0}
017071 LEAD S2: prevLog &raft.Entry{Command:interface {}(nil), Term:0, Index:0}
017072 INFO S0: (term 1) follower 收到 [2] AppendEntries [], prevIndex 0, prevTerm 0
017072 INFO S1: (term 1) follower 收到 [2] AppendEntries [], prevIndex 0, prevTerm 0
017072 LEAD S2: 0 append success next 1 match 0
017072 LEAD S2: 1 append success next 1 match 0
017574 LEAD S2: prevLog &raft.Entry{Command:interface {}(nil), Term:0, Index:0}
017574 LEAD S2: prevLog &raft.Entry{Command:interface {}(nil), Term:0, Index:0}
017575 INFO S0: (term 1) follower 收到 [2] AppendEntries [], prevIndex 0, prevTerm 0
017575 INFO S1: (term 1) follower 收到 [2] AppendEntries [], prevIndex 0, prevTerm 0
017575 LEAD S2: 0 append success next 1 match 0
017575 LEAD S2: 1 append success next 1 match 0
018075 LEAD S2: prevLog &raft.Entry{Command:interface {}(nil), Term:0, Index:0}
018075 LEAD S2: prevLog &raft.Entry{Command:interface {}(nil), Term:0, Index:0}
018076 INFO S0: (term 1) follower 收到 [2] AppendEntries [], prevIndex 0, prevTerm 0
018076 LEAD S2: 0 append success next 1 match 0
018077 INFO S1: (term 1) follower 收到 [2] AppendEntries [], prevIndex 0, prevTerm 0
018077 LEAD S2: 1 append success next 1 match 0
018578 LEAD S2: prevLog &raft.Entry{Command:interface {}(nil), Term:0, Index:0}
018578 LEAD S2: prevLog &raft.Entry{Command:interface {}(nil), Term:0, Index:0}
018579 INFO S0: (term 1) follower 收到 [2] AppendEntries [], prevIndex 0, prevTerm 0
018579 LEAD S2: 0 append success next 1 match 0
018579 INFO S1: (term 1) follower 收到 [2] AppendEntries [], prevIndex 0, prevTerm 0
018579 LEAD S2: 1 append success next 1 match 0
019080 LEAD S2: prevLog &raft.Entry{Command:interface {}(nil), Term:0, Index:0}
019080 LEAD S2: prevLog &raft.Entry{Command:interface {}(nil), Term:0, Index:0}
019081 INFO S1: (term 1) follower 收到 [2] AppendEntries [], prevIndex 0, prevTerm 0
019081 LEAD S2: 1 append success next 1 match 0
019081 INFO S0: (term 1) follower 收到 [2] AppendEntries [], prevIndex 0, prevTerm 0
019082 LEAD S2: 0 append success next 1 match 0
019583 LEAD S2: prevLog &raft.Entry{Command:interface {}(nil), Term:0, Index:0}
019583 LEAD S2: prevLog &raft.Entry{Command:interface {}(nil), Term:0, Index:0}
019585 INFO S0: (term 1) follower 收到 [2] AppendEntries [], prevIndex 0, prevTerm 0
019585 INFO S1: (term 1) follower 收到 [2] AppendEntries [], prevIndex 0, prevTerm 0
019585 LEAD S2: 0 append success next 1 match 0
019585 LEAD S2: 1 append success next 1 match 0
020085 LEAD S2: prevLog &raft.Entry{Command:interface {}(nil), Term:0, Index:0}
020085 LEAD S2: prevLog &raft.Entry{Command:interface {}(nil), Term:0, Index:0}
020086 INFO S0: (term 1) follower 收到 [2] AppendEntries [], prevIndex 0, prevTerm 0
020086 LEAD S2: 0 append success next 1 match 0
020086 INFO S1: (term 1) follower 收到 [2] AppendEntries [], prevIndex 0, prevTerm 0
020087 LEAD S2: 1 append success next 1 match 0
020586 LEAD S2: prevLog &raft.Entry{Command:interface {}(nil), Term:0, Index:0}
020587 LEAD S2: prevLog &raft.Entry{Command:interface {}(nil), Term:0, Index:0}
020587 INFO S1: (term 1) follower 收到 [2] AppendEntries [], prevIndex 0, prevTerm 0
020588 INFO S0: (term 1) follower 收到 [2] AppendEntries [], prevIndex 0, prevTerm 0
020588 LEAD S2: 1 append success next 1 match 0
020588 LEAD S2: 0 append success next 1 match 0
021088 LEAD S2: prevLog &raft.Entry{Command:interface {}(nil), Term:0, Index:0}
021089 LEAD S2: prevLog &raft.Entry{Command:interface {}(nil), Term:0, Index:0}
021089 INFO S1: (term 1) follower 收到 [2] AppendEntries [], prevIndex 0, prevTerm 0
021089 INFO S0: (term 1) follower 收到 [2] AppendEntries [], prevIndex 0, prevTerm 0
021090 LEAD S2: 0 append success next 1 match 0
021090 LEAD S2: 1 append success next 1 match 0
021590 LEAD S2: prevLog &raft.Entry{Command:interface {}(nil), Term:0, Index:0}
021590 LEAD S2: prevLog &raft.Entry{Command:interface {}(nil), Term:0, Index:0}
021591 INFO S0: (term 1) follower 收到 [2] AppendEntries [], prevIndex 0, prevTerm 0
021591 LEAD S2: 0 append success next 1 match 0
021591 INFO S1: (term 1) follower 收到 [2] AppendEntries [], prevIndex 0, prevTerm 0
021591 LEAD S2: 1 append success next 1 match 0
022091 LEAD S2: prevLog &raft.Entry{Command:interface {}(nil), Term:0, Index:0}
022092 LEAD S2: prevLog &raft.Entry{Command:interface {}(nil), Term:0, Index:0}
022092 INFO S1: (term 1) follower 收到 [2] AppendEntries [], prevIndex 0, prevTerm 0
022093 LEAD S2: 1 append success next 1 match 0
022093 INFO S0: (term 1) follower 收到 [2] AppendEntries [], prevIndex 0, prevTerm 0
022093 LEAD S2: 0 append success next 1 match 0
022594 LEAD S2: prevLog &raft.Entry{Command:interface {}(nil), Term:0, Index:0}
022594 LEAD S2: prevLog &raft.Entry{Command:interface {}(nil), Term:0, Index:0}
022595 INFO S0: (term 1) follower 收到 [2] AppendEntries [], prevIndex 0, prevTerm 0
022595 INFO S1: (term 1) follower 收到 [2] AppendEntries [], prevIndex 0, prevTerm 0
022596 LEAD S2: 0 append success next 1 match 0
022596 LEAD S2: 1 append success next 1 match 0
023097 LEAD S2: prevLog &raft.Entry{Command:interface {}(nil), Term:0, Index:0}
023097 LEAD S2: prevLog &raft.Entry{Command:interface {}(nil), Term:0, Index:0}
023098 INFO S1: (term 1) follower 收到 [2] AppendEntries [], prevIndex 0, prevTerm 0
023098 INFO S0: (term 1) follower 收到 [2] AppendEntries [], prevIndex 0, prevTerm 0
023098 LEAD S2: 1 append success next 1 match 0
023098 LEAD S2: 0 append success next 1 match 0
023599 LEAD S2: prevLog &raft.Entry{Command:interface {}(nil), Term:0, Index:0}
023599 LEAD S2: prevLog &raft.Entry{Command:interface {}(nil), Term:0, Index:0}
023600 INFO S1: (term 1) follower 收到 [2] AppendEntries [], prevIndex 0, prevTerm 0
023600 LEAD S2: 1 append success next 1 match 0
023600 INFO S0: (term 1) follower 收到 [2] AppendEntries [], prevIndex 0, prevTerm 0
023601 LEAD S2: 0 append success next 1 match 0
024101 LEAD S2: prevLog &raft.Entry{Command:interface {}(nil), Term:0, Index:0}
024102 LEAD S2: prevLog &raft.Entry{Command:interface {}(nil), Term:0, Index:0}
024103 INFO S0: (term 1) follower 收到 [2] AppendEntries [], prevIndex 0, prevTerm 0
024103 INFO S1: (term 1) follower 收到 [2] AppendEntries [], prevIndex 0, prevTerm 0
024103 LEAD S2: 0 append success next 1 match 0
024103 LEAD S2: 1 append success next 1 match 0
024604 LEAD S2: prevLog &raft.Entry{Command:interface {}(nil), Term:0, Index:0}
024604 LEAD S2: prevLog &raft.Entry{Command:interface {}(nil), Term:0, Index:0}
024606 INFO S0: (term 1) follower 收到 [2] AppendEntries [], prevIndex 0, prevTerm 0
024606 INFO S1: (term 1) follower 收到 [2] AppendEntries [], prevIndex 0, prevTerm 0
024607 LEAD S2: 0 append success next 1 match 0
024607 LEAD S2: 1 append success next 1 match 0
025107 LEAD S2: prevLog &raft.Entry{Command:interface {}(nil), Term:0, Index:0}
025107 LEAD S2: prevLog &raft.Entry{Command:interface {}(nil), Term:0, Index:0}
025108 INFO S0: (term 1) follower 收到 [2] AppendEntries [], prevIndex 0, prevTerm 0
025109 LEAD S2: 0 append success next 1 match 0
025109 INFO S1: (term 1) follower 收到 [2] AppendEntries [], prevIndex 0, prevTerm 0
025109 LEAD S2: 1 append success next 1 match 0
025609 LEAD S2: prevLog &raft.Entry{Command:interface {}(nil), Term:0, Index:0}
025609 LEAD S2: prevLog &raft.Entry{Command:interface {}(nil), Term:0, Index:0}
025610 INFO S1: (term 1) follower 收到 [2] AppendEntries [], prevIndex 0, prevTerm 0
025610 LEAD S2: 1 append success next 1 match 0
025610 INFO S0: (term 1) follower 收到 [2] AppendEntries [], prevIndex 0, prevTerm 0
025610 LEAD S2: 0 append success next 1 match 0
026111 LEAD S2: prevLog &raft.Entry{Command:interface {}(nil), Term:0, Index:0}
026111 LEAD S2: prevLog &raft.Entry{Command:interface {}(nil), Term:0, Index:0}
026112 INFO S0: (term 1) follower 收到 [2] AppendEntries [], prevIndex 0, prevTerm 0
026112 INFO S1: (term 1) follower 收到 [2] AppendEntries [], prevIndex 0, prevTerm 0
026112 LEAD S2: 0 append success next 1 match 0
026112 LEAD S2: 1 append success next 1 match 0
026613 LEAD S2: prevLog &raft.Entry{Command:interface {}(nil), Term:0, Index:0}
026613 LEAD S2: prevLog &raft.Entry{Command:interface {}(nil), Term:0, Index:0}
026614 INFO S1: (term 1) follower 收到 [2] AppendEntries [], prevIndex 0, prevTerm 0
026614 INFO S0: (term 1) follower 收到 [2] AppendEntries [], prevIndex 0, prevTerm 0
026614 LEAD S2: 1 append success next 1 match 0
026615 LEAD S2: 0 append success next 1 match 0
027115 LEAD S2: prevLog &raft.Entry{Command:interface {}(nil), Term:0, Index:0}
027115 LEAD S2: prevLog &raft.Entry{Command:interface {}(nil), Term:0, Index:0}
027116 INFO S0: (term 1) follower 收到 [2] AppendEntries [], prevIndex 0, prevTerm 0
027116 LEAD S2: 0 append success next 1 match 0
027117 INFO S1: (term 1) follower 收到 [2] AppendEntries [], prevIndex 0, prevTerm 0
027117 LEAD S2: 1 append success next 1 match 0
027620 LEAD S2: prevLog &raft.Entry{Command:interface {}(nil), Term:0, Index:0}
027621 LEAD S2: prevLog &raft.Entry{Command:interface {}(nil), Term:0, Index:0}
027623 INFO S0: (term 1) follower 收到 [2] AppendEntries [], prevIndex 0, prevTerm 0
027624 LEAD S2: 0 append success next 1 match 0
027624 INFO S1: (term 1) follower 收到 [2] AppendEntries [], prevIndex 0, prevTerm 0
027626 LEAD S2: 1 append success next 1 match 0
028123 LEAD S2: prevLog &raft.Entry{Command:interface {}(nil), Term:0, Index:0}
028124 LEAD S2: prevLog &raft.Entry{Command:interface {}(nil), Term:0, Index:0}
028125 INFO S0: (term 1) follower 收到 [2] AppendEntries [], prevIndex 0, prevTerm 0
028125 INFO S1: (term 1) follower 收到 [2] AppendEntries [], prevIndex 0, prevTerm 0
028126 LEAD S2: 0 append success next 1 match 0
028126 LEAD S2: 1 append success next 1 match 0
028627 LEAD S2: prevLog &raft.Entry{Command:interface {}(nil), Term:0, Index:0}
028627 LEAD S2: prevLog &raft.Entry{Command:interface {}(nil), Term:0, Index:0}
028629 INFO S0: (term 1) follower 收到 [2] AppendEntries [], prevIndex 0, prevTerm 0
028629 INFO S1: (term 1) follower 收到 [2] AppendEntries [], prevIndex 0, prevTerm 0
028629 LEAD S2: 0 append success next 1 match 0
028629 LEAD S2: 1 append success next 1 match 0
029129 LEAD S2: prevLog &raft.Entry{Command:interface {}(nil), Term:0, Index:0}
029129 LEAD S2: prevLog &raft.Entry{Command:interface {}(nil), Term:0, Index:0}
029130 INFO S1: (term 1) follower 收到 [2] AppendEntries [], prevIndex 0, prevTerm 0
029130 INFO S0: (term 1) follower 收到 [2] AppendEntries [], prevIndex 0, prevTerm 0
029131 LEAD S2: 1 append success next 1 match 0
029131 LEAD S2: 0 append success next 1 match 0
029633 LEAD S2: prevLog &raft.Entry{Command:interface {}(nil), Term:0, Index:0}
029633 LEAD S2: prevLog &raft.Entry{Command:interface {}(nil), Term:0, Index:0}
029635 INFO S0: (term 1) follower 收到 [2] AppendEntries [], prevIndex 0, prevTerm 0
029636 INFO S1: (term 1) follower 收到 [2] AppendEntries [], prevIndex 0, prevTerm 0
029637 LEAD S2: 0 append success next 1 match 0
029638 LEAD S2: 1 append success next 1 match 0
030137 LEAD S2: prevLog &raft.Entry{Command:interface {}(nil), Term:0, Index:0}
030137 LEAD S2: prevLog &raft.Entry{Command:interface {}(nil), Term:0, Index:0}
030138 INFO S0: (term 1) follower 收到 [2] AppendEntries [], prevIndex 0, prevTerm 0
030139 INFO S1: (term 1) follower 收到 [2] AppendEntries [], prevIndex 0, prevTerm 0
030139 LEAD S2: 0 append success next 1 match 0
030139 LEAD S2: 1 append success next 1 match 0
030640 LEAD S2: prevLog &raft.Entry{Command:interface {}(nil), Term:0, Index:0}
030641 LEAD S2: prevLog &raft.Entry{Command:interface {}(nil), Term:0, Index:0}
030642 INFO S1: (term 1) follower 收到 [2] AppendEntries [], prevIndex 0, prevTerm 0
030642 INFO S0: (term 1) follower 收到 [2] AppendEntries [], prevIndex 0, prevTerm 0
030643 LEAD S2: 1 append success next 1 match 0
030643 LEAD S2: 0 append success next 1 match 0
031143 LEAD S2: prevLog &raft.Entry{Command:interface {}(nil), Term:0, Index:0}
031143 LEAD S2: prevLog &raft.Entry{Command:interface {}(nil), Term:0, Index:0}
031145 INFO S0: (term 1) follower 收到 [2] AppendEntries [], prevIndex 0, prevTerm 0
031145 INFO S1: (term 1) follower 收到 [2] AppendEntries [], prevIndex 0, prevTerm 0
031145 LEAD S2: 1 append success next 1 match 0
031145 LEAD S2: 0 append success next 1 match 0
031646 LEAD S2: prevLog &raft.Entry{Command:interface {}(nil), Term:0, Index:0}
031646 LEAD S2: prevLog &raft.Entry{Command:interface {}(nil), Term:0, Index:0}
031647 INFO S0: (term 1) follower 收到 [2] AppendEntries [], prevIndex 0, prevTerm 0
031647 INFO S1: (term 1) follower 收到 [2] AppendEntries [], prevIndex 0, prevTerm 0
031647 LEAD S2: 0 append success next 1 match 0
031647 LEAD S2: 1 append success next 1 match 0
032147 LEAD S2: prevLog &raft.Entry{Command:interface {}(nil), Term:0, Index:0}
032147 LEAD S2: prevLog &raft.Entry{Command:interface {}(nil), Term:0, Index:0}
032148 INFO S1: (term 1) follower 收到 [2] AppendEntries [], prevIndex 0, prevTerm 0
032148 INFO S0: (term 1) follower 收到 [2] AppendEntries [], prevIndex 0, prevTerm 0
032149 LEAD S2: 1 append success next 1 match 0
032149 LEAD S2: 0 append success next 1 match 0
032649 LEAD S2: prevLog &raft.Entry{Command:interface {}(nil), Term:0, Index:0}
032649 LEAD S2: prevLog &raft.Entry{Command:interface {}(nil), Term:0, Index:0}
032650 INFO S0: (term 1) follower 收到 [2] AppendEntries [], prevIndex 0, prevTerm 0
032650 INFO S1: (term 1) follower 收到 [2] AppendEntries [], prevIndex 0, prevTerm 0
032650 LEAD S2: 1 append success next 1 match 0
032650 LEAD S2: 0 append success next 1 match 0
033150 LEAD S2: prevLog &raft.Entry{Command:interface {}(nil), Term:0, Index:0}
033151 LEAD S2: prevLog &raft.Entry{Command:interface {}(nil), Term:0, Index:0}
033151 INFO S0: (term 1) follower 收到 [2] AppendEntries [], prevIndex 0, prevTerm 0
033151 LEAD S2: 0 append success next 1 match 0
033152 INFO S1: (term 1) follower 收到 [2] AppendEntries [], prevIndex 0, prevTerm 0
033152 LEAD S2: 1 append success next 1 match 0
033653 LEAD S2: prevLog &raft.Entry{Command:interface {}(nil), Term:0, Index:0}
033653 LEAD S2: prevLog &raft.Entry{Command:interface {}(nil), Term:0, Index:0}
033654 INFO S1: (term 1) follower 收到 [2] AppendEntries [], prevIndex 0, prevTerm 0
033655 LEAD S2: 1 append success next 1 match 0
033654 INFO S0: (term 1) follower 收到 [2] AppendEntries [], prevIndex 0, prevTerm 0
033655 LEAD S2: 0 append success next 1 match 0
034155 LEAD S2: prevLog &raft.Entry{Command:interface {}(nil), Term:0, Index:0}
034155 LEAD S2: prevLog &raft.Entry{Command:interface {}(nil), Term:0, Index:0}
034158 INFO S0: (term 1) follower 收到 [2] AppendEntries [], prevIndex 0, prevTerm 0
034158 INFO S1: (term 1) follower 收到 [2] AppendEntries [], prevIndex 0, prevTerm 0
034160 LEAD S2: 0 append success next 1 match 0
034161 LEAD S2: 1 append success next 1 match 0
034657 LEAD S2: prevLog &raft.Entry{Command:interface {}(nil), Term:0, Index:0}
034658 LEAD S2: prevLog &raft.Entry{Command:interface {}(nil), Term:0, Index:0}
034659 INFO S1: (term 1) follower 收到 [2] AppendEntries [], prevIndex 0, prevTerm 0
034659 LEAD S2: 1 append success next 1 match 0
034659 INFO S0: (term 1) follower 收到 [2] AppendEntries [], prevIndex 0, prevTerm 0
034660 LEAD S2: 0 append success next 1 match 0
035159 LEAD S2: prevLog &raft.Entry{Command:interface {}(nil), Term:0, Index:0}
035159 LEAD S2: prevLog &raft.Entry{Command:interface {}(nil), Term:0, Index:0}
035160 INFO S0: (term 1) follower 收到 [2] AppendEntries [], prevIndex 0, prevTerm 0
035160 INFO S1: (term 1) follower 收到 [2] AppendEntries [], prevIndex 0, prevTerm 0
035160 LEAD S2: 1 append success next 1 match 0
035160 LEAD S2: 0 append success next 1 match 0
035662 LEAD S2: prevLog &raft.Entry{Command:interface {}(nil), Term:0, Index:0}
035662 LEAD S2: prevLog &raft.Entry{Command:interface {}(nil), Term:0, Index:0}
035663 INFO S0: (term 1) follower 收到 [2] AppendEntries [], prevIndex 0, prevTerm 0
035663 INFO S1: (term 1) follower 收到 [2] AppendEntries [], prevIndex 0, prevTerm 0
035663 LEAD S2: 0 append success next 1 match 0
035663 LEAD S2: 1 append success next 1 match 0
036163 LEAD S2: prevLog &raft.Entry{Command:interface {}(nil), Term:0, Index:0}
036163 LEAD S2: prevLog &raft.Entry{Command:interface {}(nil), Term:0, Index:0}
036164 INFO S1: (term 1) follower 收到 [2] AppendEntries [], prevIndex 0, prevTerm 0
036164 LEAD S2: 1 append success next 1 match 0
036165 INFO S0: (term 1) follower 收到 [2] AppendEntries [], prevIndex 0, prevTerm 0
036165 LEAD S2: 0 append success next 1 match 0
036665 LEAD S2: prevLog &raft.Entry{Command:interface {}(nil), Term:0, Index:0}
036665 LEAD S2: prevLog &raft.Entry{Command:interface {}(nil), Term:0, Index:0}
036666 INFO S1: (term 1) follower 收到 [2] AppendEntries [], prevIndex 0, prevTerm 0
036666 LEAD S2: 1 append success next 1 match 0
036666 INFO S0: (term 1) follower 收到 [2] AppendEntries [], prevIndex 0, prevTerm 0
036666 LEAD S2: 0 append success next 1 match 0
037167 LEAD S2: prevLog &raft.Entry{Command:interface {}(nil), Term:0, Index:0}
037168 LEAD S2: prevLog &raft.Entry{Command:interface {}(nil), Term:0, Index:0}
037168 INFO S0: (term 1) follower 收到 [2] AppendEntries [], prevIndex 0, prevTerm 0
037169 LEAD S2: 0 append success next 1 match 0
037169 INFO S1: (term 1) follower 收到 [2] AppendEntries [], prevIndex 0, prevTerm 0
037169 LEAD S2: 1 append success next 1 match 0
037670 LEAD S2: prevLog &raft.Entry{Command:interface {}(nil), Term:0, Index:0}
037670 LEAD S2: prevLog &raft.Entry{Command:interface {}(nil), Term:0, Index:0}
037671 INFO S1: (term 1) follower 收到 [2] AppendEntries [], prevIndex 0, prevTerm 0
037671 INFO S0: (term 1) follower 收到 [2] AppendEntries [], prevIndex 0, prevTerm 0
037671 LEAD S2: 1 append success next 1 match 0
037672 LEAD S2: 0 append success next 1 match 0
038172 LEAD S2: prevLog &raft.Entry{Command:interface {}(nil), Term:0, Index:0}
038172 LEAD S2: prevLog &raft.Entry{Command:interface {}(nil), Term:0, Index:0}
038173 INFO S0: (term 1) follower 收到 [2] AppendEntries [], prevIndex 0, prevTerm 0
038173 LEAD S2: 0 append success next 1 match 0
038173 INFO S1: (term 1) follower 收到 [2] AppendEntries [], prevIndex 0, prevTerm 0
038174 LEAD S2: 1 append success next 1 match 0
038675 LEAD S2: prevLog &raft.Entry{Command:interface {}(nil), Term:0, Index:0}
038675 LEAD S2: prevLog &raft.Entry{Command:interface {}(nil), Term:0, Index:0}
038675 INFO S0: (term 1) follower 收到 [2] AppendEntries [], prevIndex 0, prevTerm 0
038676 LEAD S2: 0 append success next 1 match 0
038676 INFO S1: (term 1) follower 收到 [2] AppendEntries [], prevIndex 0, prevTerm 0
038676 LEAD S2: 1 append success next 1 match 0
039177 LEAD S2: prevLog &raft.Entry{Command:interface {}(nil), Term:0, Index:0}
039177 LEAD S2: prevLog &raft.Entry{Command:interface {}(nil), Term:0, Index:0}
039178 INFO S1: (term 1) follower 收到 [2] AppendEntries [], prevIndex 0, prevTerm 0
039178 LEAD S2: 1 append success next 1 match 0
039178 INFO S0: (term 1) follower 收到 [2] AppendEntries [], prevIndex 0, prevTerm 0
039179 LEAD S2: 0 append success next 1 match 0
039679 LEAD S2: prevLog &raft.Entry{Command:interface {}(nil), Term:0, Index:0}
039679 LEAD S2: prevLog &raft.Entry{Command:interface {}(nil), Term:0, Index:0}
039680 INFO S0: (term 1) follower 收到 [2] AppendEntries [], prevIndex 0, prevTerm 0
039680 INFO S1: (term 1) follower 收到 [2] AppendEntries [], prevIndex 0, prevTerm 0
039681 LEAD S2: 0 append success next 1 match 0
039681 LEAD S2: 1 append success next 1 match 0
040181 LEAD S2: prevLog &raft.Entry{Command:interface {}(nil), Term:0, Index:0}
040182 LEAD S2: prevLog &raft.Entry{Command:interface {}(nil), Term:0, Index:0}
040182 INFO S1: (term 1) follower 收到 [2] AppendEntries [], prevIndex 0, prevTerm 0
040183 INFO S0: (term 1) follower 收到 [2] AppendEntries [], prevIndex 0, prevTerm 0
040183 LEAD S2: 1 append success next 1 match 0
040183 LEAD S2: 0 append success next 1 match 0
040683 LEAD S2: prevLog &raft.Entry{Command:interface {}(nil), Term:0, Index:0}
040684 LEAD S2: prevLog &raft.Entry{Command:interface {}(nil), Term:0, Index:0}
040684 INFO S0: (term 1) follower 收到 [2] AppendEntries [], prevIndex 0, prevTerm 0
040684 INFO S1: (term 1) follower 收到 [2] AppendEntries [], prevIndex 0, prevTerm 0
040685 LEAD S2: 0 append success next 1 match 0
040685 LEAD S2: 1 append success next 1 match 0
041185 LEAD S2: prevLog &raft.Entry{Command:interface {}(nil), Term:0, Index:0}
041185 LEAD S2: prevLog &raft.Entry{Command:interface {}(nil), Term:0, Index:0}
041186 INFO S0: (term 1) follower 收到 [2] AppendEntries [], prevIndex 0, prevTerm 0
041186 INFO S1: (term 1) follower 收到 [2] AppendEntries [], prevIndex 0, prevTerm 0
041186 LEAD S2: 0 append success next 1 match 0
041186 LEAD S2: 1 append success next 1 match 0
041686 LEAD S2: prevLog &raft.Entry{Command:interface {}(nil), Term:0, Index:0}
041686 LEAD S2: prevLog &raft.Entry{Command:interface {}(nil), Term:0, Index:0}
041687 INFO S1: (term 1) follower 收到 [2] AppendEntries [], prevIndex 0, prevTerm 0
041687 INFO S0: (term 1) follower 收到 [2] AppendEntries [], prevIndex 0, prevTerm 0
041687 LEAD S2: 1 append success next 1 match 0
041688 LEAD S2: 0 append success next 1 match 0
042188 LEAD S2: prevLog &raft.Entry{Command:interface {}(nil), Term:0, Index:0}
042189 LEAD S2: prevLog &raft.Entry{Command:interface {}(nil), Term:0, Index:0}
042189 INFO S1: (term 1) follower 收到 [2] AppendEntries [], prevIndex 0, prevTerm 0
042189 INFO S0: (term 1) follower 收到 [2] AppendEntries [], prevIndex 0, prevTerm 0
042189 LEAD S2: 0 append success next 1 match 0
042190 LEAD S2: 1 append success next 1 match 0
042690 LEAD S2: prevLog &raft.Entry{Command:interface {}(nil), Term:0, Index:0}
042691 LEAD S2: prevLog &raft.Entry{Command:interface {}(nil), Term:0, Index:0}
042691 INFO S1: (term 1) follower 收到 [2] AppendEntries [], prevIndex 0, prevTerm 0
042692 LEAD S2: 1 append success next 1 match 0
042692 INFO S0: (term 1) follower 收到 [2] AppendEntries [], prevIndex 0, prevTerm 0
042692 LEAD S2: 0 append success next 1 match 0
043193 LEAD S2: prevLog &raft.Entry{Command:interface {}(nil), Term:0, Index:0}
043194 LEAD S2: prevLog &raft.Entry{Command:interface {}(nil), Term:0, Index:0}
043194 INFO S1: (term 1) follower 收到 [2] AppendEntries [], prevIndex 0, prevTerm 0
043194 INFO S0: (term 1) follower 收到 [2] AppendEntries [], prevIndex 0, prevTerm 0
043195 LEAD S2: 1 append success next 1 match 0
043195 LEAD S2: 0 append success next 1 match 0
043696 LEAD S2: prevLog &raft.Entry{Command:interface {}(nil), Term:0, Index:0}
043696 LEAD S2: prevLog &raft.Entry{Command:interface {}(nil), Term:0, Index:0}
043697 INFO S0: (term 1) follower 收到 [2] AppendEntries [], prevIndex 0, prevTerm 0
043697 INFO S1: (term 1) follower 收到 [2] AppendEntries [], prevIndex 0, prevTerm 0
043697 LEAD S2: 0 append success next 1 match 0
043697 LEAD S2: 1 append success next 1 match 0
044197 LEAD S2: prevLog &raft.Entry{Command:interface {}(nil), Term:0, Index:0}
044197 LEAD S2: prevLog &raft.Entry{Command:interface {}(nil), Term:0, Index:0}
044198 INFO S0: (term 1) follower 收到 [2] AppendEntries [], prevIndex 0, prevTerm 0
044198 INFO S1: (term 1) follower 收到 [2] AppendEntries [], prevIndex 0, prevTerm 0
044199 LEAD S2: 0 append success next 1 match 0
044199 LEAD S2: 1 append success next 1 match 0
044699 LEAD S2: prevLog &raft.Entry{Command:interface {}(nil), Term:0, Index:0}
044699 LEAD S2: prevLog &raft.Entry{Command:interface {}(nil), Term:0, Index:0}
044700 INFO S1: (term 1) follower 收到 [2] AppendEntries [], prevIndex 0, prevTerm 0
044700 INFO S0: (term 1) follower 收到 [2] AppendEntries [], prevIndex 0, prevTerm 0
044700 LEAD S2: 1 append success next 1 match 0
044700 LEAD S2: 0 append success next 1 match 0
045202 LEAD S2: prevLog &raft.Entry{Command:interface {}(nil), Term:0, Index:0}
045202 LEAD S2: prevLog &raft.Entry{Command:interface {}(nil), Term:0, Index:0}
045203 INFO S1: (term 1) follower 收到 [2] AppendEntries [], prevIndex 0, prevTerm 0
045203 LEAD S2: 1 append success next 1 match 0
045203 INFO S0: (term 1) follower 收到 [2] AppendEntries [], prevIndex 0, prevTerm 0
045204 LEAD S2: 0 append success next 1 match 0
045703 LEAD S2: prevLog &raft.Entry{Command:interface {}(nil), Term:0, Index:0}
045703 LEAD S2: prevLog &raft.Entry{Command:interface {}(nil), Term:0, Index:0}
045704 INFO S0: (term 1) follower 收到 [2] AppendEntries [], prevIndex 0, prevTerm 0
045704 LEAD S2: 0 append success next 1 match 0
045704 INFO S1: (term 1) follower 收到 [2] AppendEntries [], prevIndex 0, prevTerm 0
045705 LEAD S2: 1 append success next 1 match 0
046206 LEAD S2: prevLog &raft.Entry{Command:interface {}(nil), Term:0, Index:0}
046206 LEAD S2: prevLog &raft.Entry{Command:interface {}(nil), Term:0, Index:0}
046207 INFO S1: (term 1) follower 收到 [2] AppendEntries [], prevIndex 0, prevTerm 0
046207 INFO S0: (term 1) follower 收到 [2] AppendEntries [], prevIndex 0, prevTerm 0
046207 LEAD S2: 1 append success next 1 match 0
046207 LEAD S2: 0 append success next 1 match 0
046708 LEAD S2: prevLog &raft.Entry{Command:interface {}(nil), Term:0, Index:0}
046709 LEAD S2: prevLog &raft.Entry{Command:interface {}(nil), Term:0, Index:0}
046709 INFO S1: (term 1) follower 收到 [2] AppendEntries [], prevIndex 0, prevTerm 0
046709 LEAD S2: 1 append success next 1 match 0
046710 INFO S0: (term 1) follower 收到 [2] AppendEntries [], prevIndex 0, prevTerm 0
046710 LEAD S2: 0 append success next 1 match 0
047211 LEAD S2: prevLog &raft.Entry{Command:interface {}(nil), Term:0, Index:0}
047211 LEAD S2: prevLog &raft.Entry{Command:interface {}(nil), Term:0, Index:0}
047212 INFO S1: (term 1) follower 收到 [2] AppendEntries [], prevIndex 0, prevTerm 0
047212 INFO S0: (term 1) follower 收到 [2] AppendEntries [], prevIndex 0, prevTerm 0
047212 LEAD S2: 1 append success next 1 match 0
047212 LEAD S2: 0 append success next 1 match 0
047713 LEAD S2: prevLog &raft.Entry{Command:interface {}(nil), Term:0, Index:0}
047713 LEAD S2: prevLog &raft.Entry{Command:interface {}(nil), Term:0, Index:0}
047714 INFO S0: (term 1) follower 收到 [2] AppendEntries [], prevIndex 0, prevTerm 0
047714 INFO S1: (term 1) follower 收到 [2] AppendEntries [], prevIndex 0, prevTerm 0
047714 LEAD S2: 0 append success next 1 match 0
047714 LEAD S2: 1 append success next 1 match 0
048214 LEAD S2: prevLog &raft.Entry{Command:interface {}(nil), Term:0, Index:0}
048215 LEAD S2: prevLog &raft.Entry{Command:interface {}(nil), Term:0, Index:0}
048215 INFO S1: (term 1) follower 收到 [2] AppendEntries [], prevIndex 0, prevTerm 0
048215 INFO S0: (term 1) follower 收到 [2] AppendEntries [], prevIndex 0, prevTerm 0
048216 LEAD S2: 1 append success next 1 match 0
048216 LEAD S2: 0 append success next 1 match 0
048716 LEAD S2: prevLog &raft.Entry{Command:interface {}(nil), Term:0, Index:0}
048716 LEAD S2: prevLog &raft.Entry{Command:interface {}(nil), Term:0, Index:0}
048716 INFO S1: (term 1) follower 收到 [2] AppendEntries [], prevIndex 0, prevTerm 0
048717 LEAD S2: 1 append success next 1 match 0
048717 INFO S0: (term 1) follower 收到 [2] AppendEntries [], prevIndex 0, prevTerm 0
048717 LEAD S2: 0 append success next 1 match 0
049218 LEAD S2: prevLog &raft.Entry{Command:interface {}(nil), Term:0, Index:0}
049218 LEAD S2: prevLog &raft.Entry{Command:interface {}(nil), Term:0, Index:0}
049219 INFO S1: (term 1) follower 收到 [2] AppendEntries [], prevIndex 0, prevTerm 0
049219 INFO S0: (term 1) follower 收到 [2] AppendEntries [], prevIndex 0, prevTerm 0
049219 LEAD S2: 1 append success next 1 match 0
049219 LEAD S2: 0 append success next 1 match 0
049719 LEAD S2: prevLog &raft.Entry{Command:interface {}(nil), Term:0, Index:0}
049720 LEAD S2: prevLog &raft.Entry{Command:interface {}(nil), Term:0, Index:0}
049720 INFO S0: (term 1) follower 收到 [2] AppendEntries [], prevIndex 0, prevTerm 0
049720 INFO S1: (term 1) follower 收到 [2] AppendEntries [], prevIndex 0, prevTerm 0
049721 LEAD S2: 0 append success next 1 match 0
049721 LEAD S2: 1 append success next 1 match 0
050223 LEAD S2: prevLog &raft.Entry{Command:interface {}(nil), Term:0, Index:0}
050223 LEAD S2: prevLog &raft.Entry{Command:interface {}(nil), Term:0, Index:0}
050223 INFO S0: (term 1) follower 收到 [2] AppendEntries [], prevIndex 0, prevTerm 0
050224 INFO S1: (term 1) follower 收到 [2] AppendEntries [], prevIndex 0, prevTerm 0
050224 LEAD S2: 0 append success next 1 match 0
050224 LEAD S2: 1 append success next 1 match 0
050724 LEAD S2: prevLog &raft.Entry{Command:interface {}(nil), Term:0, Index:0}
050725 LEAD S2: prevLog &raft.Entry{Command:interface {}(nil), Term:0, Index:0}
050725 INFO S1: (term 1) follower 收到 [2] AppendEntries [], prevIndex 0, prevTerm 0
050726 LEAD S2: 1 append success next 1 match 0
050726 INFO S0: (term 1) follower 收到 [2] AppendEntries [], prevIndex 0, prevTerm 0
050726 LEAD S2: 0 append success next 1 match 0
051226 LEAD S2: prevLog &raft.Entry{Command:interface {}(nil), Term:0, Index:0}
051227 LEAD S2: prevLog &raft.Entry{Command:interface {}(nil), Term:0, Index:0}
051227 INFO S1: (term 1) follower 收到 [2] AppendEntries [], prevIndex 0, prevTerm 0
051227 INFO S0: (term 1) follower 收到 [2] AppendEntries [], prevIndex 0, prevTerm 0
051228 LEAD S2: 0 append success next 1 match 0
051228 LEAD S2: 1 append success next 1 match 0
051729 LEAD S2: prevLog &raft.Entry{Command:interface {}(nil), Term:0, Index:0}
051729 LEAD S2: prevLog &raft.Entry{Command:interface {}(nil), Term:0, Index:0}
051730 INFO S0: (term 1) follower 收到 [2] AppendEntries [], prevIndex 0, prevTerm 0
051730 INFO S1: (term 1) follower 收到 [2] AppendEntries [], prevIndex 0, prevTerm 0
051730 LEAD S2: 0 append success next 1 match 0
051730 LEAD S2: 1 append success next 1 match 0
052230 LEAD S2: prevLog &raft.Entry{Command:interface {}(nil), Term:0, Index:0}
052231 LEAD S2: prevLog &raft.Entry{Command:interface {}(nil), Term:0, Index:0}
052231 INFO S1: (term 1) follower 收到 [2] AppendEntries [], prevIndex 0, prevTerm 0
052231 INFO S0: (term 1) follower 收到 [2] AppendEntries [], prevIndex 0, prevTerm 0
052231 LEAD S2: 1 append success next 1 match 0
052232 LEAD S2: 0 append success next 1 match 0
052733 LEAD S2: prevLog &raft.Entry{Command:interface {}(nil), Term:0, Index:0}
052733 LEAD S2: prevLog &raft.Entry{Command:interface {}(nil), Term:0, Index:0}
052734 INFO S1: (term 1) follower 收到 [2] AppendEntries [], prevIndex 0, prevTerm 0
052734 INFO S0: (term 1) follower 收到 [2] AppendEntries [], prevIndex 0, prevTerm 0
052734 LEAD S2: 0 append success next 1 match 0
052734 LEAD S2: 1 append success next 1 match 0
053235 LEAD S2: prevLog &raft.Entry{Command:interface {}(nil), Term:0, Index:0}
053235 LEAD S2: prevLog &raft.Entry{Command:interface {}(nil), Term:0, Index:0}
053235 INFO S1: (term 1) follower 收到 [2] AppendEntries [], prevIndex 0, prevTerm 0
053236 LEAD S2: 1 append success next 1 match 0
053236 INFO S0: (term 1) follower 收到 [2] AppendEntries [], prevIndex 0, prevTerm 0
053236 LEAD S2: 0 append success next 1 match 0
053736 LEAD S2: prevLog &raft.Entry{Command:interface {}(nil), Term:0, Index:0}
053737 LEAD S2: prevLog &raft.Entry{Command:interface {}(nil), Term:0, Index:0}
053737 INFO S1: (term 1) follower 收到 [2] AppendEntries [], prevIndex 0, prevTerm 0
053738 INFO S0: (term 1) follower 收到 [2] AppendEntries [], prevIndex 0, prevTerm 0
053738 LEAD S2: 1 append success next 1 match 0
053738 LEAD S2: 0 append success next 1 match 0
054239 LEAD S2: prevLog &raft.Entry{Command:interface {}(nil), Term:0, Index:0}
054239 LEAD S2: prevLog &raft.Entry{Command:interface {}(nil), Term:0, Index:0}
054240 INFO S1: (term 1) follower 收到 [2] AppendEntries [], prevIndex 0, prevTerm 0
054240 LEAD S2: 1 append success next 1 match 0
054240 INFO S0: (term 1) follower 收到 [2] AppendEntries [], prevIndex 0, prevTerm 0
054241 LEAD S2: 0 append success next 1 match 0
054740 LEAD S2: prevLog &raft.Entry{Command:interface {}(nil), Term:0, Index:0}
054741 LEAD S2: prevLog &raft.Entry{Command:interface {}(nil), Term:0, Index:0}
054741 INFO S1: (term 1) follower 收到 [2] AppendEntries [], prevIndex 0, prevTerm 0
054741 INFO S0: (term 1) follower 收到 [2] AppendEntries [], prevIndex 0, prevTerm 0
054741 LEAD S2: 1 append success next 1 match 0
054742 LEAD S2: 0 append success next 1 match 0
055243 LEAD S2: prevLog &raft.Entry{Command:interface {}(nil), Term:0, Index:0}
055243 LEAD S2: prevLog &raft.Entry{Command:interface {}(nil), Term:0, Index:0}
055245 INFO S1: (term 1) follower 收到 [2] AppendEntries [], prevIndex 0, prevTerm 0
055245 INFO S0: (term 1) follower 收到 [2] AppendEntries [], prevIndex 0, prevTerm 0
055246 LEAD S2: 0 append success next 1 match 0
055246 LEAD S2: 1 append success next 1 match 0
055749 LEAD S2: prevLog &raft.Entry{Command:interface {}(nil), Term:0, Index:0}
055749 LEAD S2: prevLog &raft.Entry{Command:interface {}(nil), Term:0, Index:0}
055749 INFO S1: (term 1) follower 收到 [2] AppendEntries [], prevIndex 0, prevTerm 0
055749 INFO S0: (term 1) follower 收到 [2] AppendEntries [], prevIndex 0, prevTerm 0
055750 LEAD S2: 1 append success next 1 match 0
055750 LEAD S2: 0 append success next 1 match 0
056252 LEAD S2: prevLog &raft.Entry{Command:interface {}(nil), Term:0, Index:0}
056252 LEAD S2: prevLog &raft.Entry{Command:interface {}(nil), Term:0, Index:0}
056253 INFO S0: (term 1) follower 收到 [2] AppendEntries [], prevIndex 0, prevTerm 0
056253 INFO S1: (term 1) follower 收到 [2] AppendEntries [], prevIndex 0, prevTerm 0
056253 LEAD S2: 0 append success next 1 match 0
056253 LEAD S2: 1 append success next 1 match 0
056753 LEAD S2: prevLog &raft.Entry{Command:interface {}(nil), Term:0, Index:0}
056753 LEAD S2: prevLog &raft.Entry{Command:interface {}(nil), Term:0, Index:0}
056754 INFO S0: (term 1) follower 收到 [2] AppendEntries [], prevIndex 0, prevTerm 0
056754 LEAD S2: 0 append success next 1 match 0
056754 INFO S1: (term 1) follower 收到 [2] AppendEntries [], prevIndex 0, prevTerm 0
056755 LEAD S2: 1 append success next 1 match 0
057256 LEAD S2: prevLog &raft.Entry{Command:interface {}(nil), Term:0, Index:0}
057256 LEAD S2: prevLog &raft.Entry{Command:interface {}(nil), Term:0, Index:0}
057257 INFO S0: (term 1) follower 收到 [2] AppendEntries [], prevIndex 0, prevTerm 0
057257 LEAD S2: 0 append success next 1 match 0
057257 INFO S1: (term 1) follower 收到 [2] AppendEntries [], prevIndex 0, prevTerm 0
057257 LEAD S2: 1 append success next 1 match 0
057758 LEAD S2: prevLog &raft.Entry{Command:interface {}(nil), Term:0, Index:0}
057758 LEAD S2: prevLog &raft.Entry{Command:interface {}(nil), Term:0, Index:0}
057758 INFO S0: (term 1) follower 收到 [2] AppendEntries [], prevIndex 0, prevTerm 0
057759 INFO S1: (term 1) follower 收到 [2] AppendEntries [], prevIndex 0, prevTerm 0
057759 LEAD S2: 1 append success next 1 match 0
057759 LEAD S2: 0 append success next 1 match 0
058260 LEAD S2: prevLog &raft.Entry{Command:interface {}(nil), Term:0, Index:0}
058260 LEAD S2: prevLog &raft.Entry{Command:interface {}(nil), Term:0, Index:0}
058261 INFO S0: (term 1) follower 收到 [2] AppendEntries [], prevIndex 0, prevTerm 0
058261 INFO S1: (term 1) follower 收到 [2] AppendEntries [], prevIndex 0, prevTerm 0
058261 LEAD S2: 0 append success next 1 match 0
058261 LEAD S2: 1 append success next 1 match 0
058761 LEAD S2: prevLog &raft.Entry{Command:interface {}(nil), Term:0, Index:0}
058762 LEAD S2: prevLog &raft.Entry{Command:interface {}(nil), Term:0, Index:0}
058762 INFO S0: (term 1) follower 收到 [2] AppendEntries [], prevIndex 0, prevTerm 0
058763 INFO S1: (term 1) follower 收到 [2] AppendEntries [], prevIndex 0, prevTerm 0
058763 LEAD S2: 0 append success next 1 match 0
058763 LEAD S2: 1 append success next 1 match 0
059263 LEAD S2: prevLog &raft.Entry{Command:interface {}(nil), Term:0, Index:0}
059263 LEAD S2: prevLog &raft.Entry{Command:interface {}(nil), Term:0, Index:0}
059264 INFO S0: (term 1) follower 收到 [2] AppendEntries [], prevIndex 0, prevTerm 0
059264 INFO S1: (term 1) follower 收到 [2] AppendEntries [], prevIndex 0, prevTerm 0
059264 LEAD S2: 0 append success next 1 match 0
059264 LEAD S2: 1 append success next 1 match 0
059764 LEAD S2: prevLog &raft.Entry{Command:interface {}(nil), Term:0, Index:0}
059765 LEAD S2: prevLog &raft.Entry{Command:interface {}(nil), Term:0, Index:0}
059765 INFO S1: (term 1) follower 收到 [2] AppendEntries [], prevIndex 0, prevTerm 0
059765 INFO S0: (term 1) follower 收到 [2] AppendEntries [], prevIndex 0, prevTerm 0
059766 LEAD S2: 0 append success next 1 match 0
059766 LEAD S2: 1 append success next 1 match 0
060267 LEAD S2: prevLog &raft.Entry{Command:interface {}(nil), Term:0, Index:0}
060267 LEAD S2: prevLog &raft.Entry{Command:interface {}(nil), Term:0, Index:0}
060268 INFO S1: (term 1) follower 收到 [2] AppendEntries [], prevIndex 0, prevTerm 0
060268 INFO S0: (term 1) follower 收到 [2] AppendEntries [], prevIndex 0, prevTerm 0
060268 LEAD S2: 0 append success next 1 match 0
060268 LEAD S2: 1 append success next 1 match 0
060769 LEAD S2: prevLog &raft.Entry{Command:interface {}(nil), Term:0, Index:0}
060769 LEAD S2: prevLog &raft.Entry{Command:interface {}(nil), Term:0, Index:0}
060770 INFO S1: (term 1) follower 收到 [2] AppendEntries [], prevIndex 0, prevTerm 0
060770 INFO S0: (term 1) follower 收到 [2] AppendEntries [], prevIndex 0, prevTerm 0
060770 LEAD S2: 1 append success next 1 match 0
060771 LEAD S2: 0 append success next 1 match 0
061271 LEAD S2: prevLog &raft.Entry{Command:interface {}(nil), Term:0, Index:0}
061271 LEAD S2: prevLog &raft.Entry{Command:interface {}(nil), Term:0, Index:0}
061272 INFO S1: (term 1) follower 收到 [2] AppendEntries [], prevIndex 0, prevTerm 0
061272 LEAD S2: 1 append success next 1 match 0
061273 INFO S0: (term 1) follower 收到 [2] AppendEntries [], prevIndex 0, prevTerm 0
061273 LEAD S2: 0 append success next 1 match 0
061773 LEAD S2: prevLog &raft.Entry{Command:interface {}(nil), Term:0, Index:0}
061774 LEAD S2: prevLog &raft.Entry{Command:interface {}(nil), Term:0, Index:0}
061774 INFO S0: (term 1) follower 收到 [2] AppendEntries [], prevIndex 0, prevTerm 0
061774 LEAD S2: 0 append success next 1 match 0
061775 INFO S1: (term 1) follower 收到 [2] AppendEntries [], prevIndex 0, prevTerm 0
061775 LEAD S2: 1 append success next 1 match 0
062276 LEAD S2: prevLog &raft.Entry{Command:interface {}(nil), Term:0, Index:0}
062277 LEAD S2: prevLog &raft.Entry{Command:interface {}(nil), Term:0, Index:0}
062277 INFO S1: (term 1) follower 收到 [2] AppendEntries [], prevIndex 0, prevTerm 0
062277 INFO S0: (term 1) follower 收到 [2] AppendEntries [], prevIndex 0, prevTerm 0
062278 LEAD S2: 0 append success next 1 match 0
062278 LEAD S2: 1 append success next 1 match 0
062779 LEAD S2: prevLog &raft.Entry{Command:interface {}(nil), Term:0, Index:0}
062779 LEAD S2: prevLog &raft.Entry{Command:interface {}(nil), Term:0, Index:0}
062780 INFO S0: (term 1) follower 收到 [2] AppendEntries [], prevIndex 0, prevTerm 0
062780 LEAD S2: 0 append success next 1 match 0
062780 INFO S1: (term 1) follower 收到 [2] AppendEntries [], prevIndex 0, prevTerm 0
062780 LEAD S2: 1 append success next 1 match 0
063281 LEAD S2: prevLog &raft.Entry{Command:interface {}(nil), Term:0, Index:0}
063281 LEAD S2: prevLog &raft.Entry{Command:interface {}(nil), Term:0, Index:0}
063281 INFO S1: (term 1) follower 收到 [2] AppendEntries [], prevIndex 0, prevTerm 0
063282 INFO S0: (term 1) follower 收到 [2] AppendEntries [], prevIndex 0, prevTerm 0
063282 LEAD S2: 0 append success next 1 match 0
063282 LEAD S2: 1 append success next 1 match 0
063783 LEAD S2: prevLog &raft.Entry{Command:interface {}(nil), Term:0, Index:0}
063784 LEAD S2: prevLog &raft.Entry{Command:interface {}(nil), Term:0, Index:0}
063784 INFO S0: (term 1) follower 收到 [2] AppendEntries [], prevIndex 0, prevTerm 0
063784 INFO S1: (term 1) follower 收到 [2] AppendEntries [], prevIndex 0, prevTerm 0
063785 LEAD S2: 0 append success next 1 match 0
063785 LEAD S2: 1 append success next 1 match 0
064285 LEAD S2: prevLog &raft.Entry{Command:interface {}(nil), Term:0, Index:0}
064285 LEAD S2: prevLog &raft.Entry{Command:interface {}(nil), Term:0, Index:0}
064286 INFO S1: (term 1) follower 收到 [2] AppendEntries [], prevIndex 0, prevTerm 0
064287 LEAD S2: 1 append success next 1 match 0
064287 INFO S0: (term 1) follower 收到 [2] AppendEntries [], prevIndex 0, prevTerm 0
064287 LEAD S2: 0 append success next 1 match 0
064788 LEAD S2: prevLog &raft.Entry{Command:interface {}(nil), Term:0, Index:0}
064788 LEAD S2: prevLog &raft.Entry{Command:interface {}(nil), Term:0, Index:0}
064789 INFO S1: (term 1) follower 收到 [2] AppendEntries [], prevIndex 0, prevTerm 0
064789 INFO S0: (term 1) follower 收到 [2] AppendEntries [], prevIndex 0, prevTerm 0
064789 LEAD S2: 1 append success next 1 match 0
064789 LEAD S2: 0 append success next 1 match 0
065291 LEAD S2: prevLog &raft.Entry{Command:interface {}(nil), Term:0, Index:0}
065291 LEAD S2: prevLog &raft.Entry{Command:interface {}(nil), Term:0, Index:0}
065292 INFO S1: (term 1) follower 收到 [2] AppendEntries [], prevIndex 0, prevTerm 0
065292 LEAD S2: 1 append success next 1 match 0
065292 INFO S0: (term 1) follower 收到 [2] AppendEntries [], prevIndex 0, prevTerm 0
065292 LEAD S2: 0 append success next 1 match 0
065793 LEAD S2: prevLog &raft.Entry{Command:interface {}(nil), Term:0, Index:0}
065793 LEAD S2: prevLog &raft.Entry{Command:interface {}(nil), Term:0, Index:0}
065794 INFO S0: (term 1) follower 收到 [2] AppendEntries [], prevIndex 0, prevTerm 0
065794 LEAD S2: 0 append success next 1 match 0
065794 INFO S1: (term 1) follower 收到 [2] AppendEntries [], prevIndex 0, prevTerm 0
065794 LEAD S2: 1 append success next 1 match 0
066296 LEAD S2: prevLog &raft.Entry{Command:interface {}(nil), Term:0, Index:0}
066296 LEAD S2: prevLog &raft.Entry{Command:interface {}(nil), Term:0, Index:0}
066297 INFO S1: (term 1) follower 收到 [2] AppendEntries [], prevIndex 0, prevTerm 0
066297 LEAD S2: 1 append success next 1 match 0
066297 INFO S0: (term 1) follower 收到 [2] AppendEntries [], prevIndex 0, prevTerm 0
066297 LEAD S2: 0 append success next 1 match 0
066797 LEAD S2: prevLog &raft.Entry{Command:interface {}(nil), Term:0, Index:0}
066797 LEAD S2: prevLog &raft.Entry{Command:interface {}(nil), Term:0, Index:0}
066798 INFO S1: (term 1) follower 收到 [2] AppendEntries [], prevIndex 0, prevTerm 0
066798 INFO S0: (term 1) follower 收到 [2] AppendEntries [], prevIndex 0, prevTerm 0
066798 LEAD S2: 1 append success next 1 match 0
066798 LEAD S2: 0 append success next 1 match 0
067299 LEAD S2: prevLog &raft.Entry{Command:interface {}(nil), Term:0, Index:0}
067300 LEAD S2: prevLog &raft.Entry{Command:interface {}(nil), Term:0, Index:0}
067300 INFO S1: (term 1) follower 收到 [2] AppendEntries [], prevIndex 0, prevTerm 0
067301 LEAD S2: 1 append success next 1 match 0
067300 INFO S0: (term 1) follower 收到 [2] AppendEntries [], prevIndex 0, prevTerm 0
067301 LEAD S2: 0 append success next 1 match 0
067801 LEAD S2: prevLog &raft.Entry{Command:interface {}(nil), Term:0, Index:0}
067801 LEAD S2: prevLog &raft.Entry{Command:interface {}(nil), Term:0, Index:0}
067802 INFO S0: (term 1) follower 收到 [2] AppendEntries [], prevIndex 0, prevTerm 0
067802 INFO S1: (term 1) follower 收到 [2] AppendEntries [], prevIndex 0, prevTerm 0
067802 LEAD S2: 0 append success next 1 match 0
067802 LEAD S2: 1 append success next 1 match 0
068302 LEAD S2: prevLog &raft.Entry{Command:interface {}(nil), Term:0, Index:0}
068302 LEAD S2: prevLog &raft.Entry{Command:interface {}(nil), Term:0, Index:0}
068303 INFO S1: (term 1) follower 收到 [2] AppendEntries [], prevIndex 0, prevTerm 0
068303 INFO S0: (term 1) follower 收到 [2] AppendEntries [], prevIndex 0, prevTerm 0
068303 LEAD S2: 0 append success next 1 match 0
068303 LEAD S2: 1 append success next 1 match 0
068804 LEAD S2: prevLog &raft.Entry{Command:interface {}(nil), Term:0, Index:0}
068804 LEAD S2: prevLog &raft.Entry{Command:interface {}(nil), Term:0, Index:0}
068805 INFO S1: (term 1) follower 收到 [2] AppendEntries [], prevIndex 0, prevTerm 0
068805 INFO S0: (term 1) follower 收到 [2] AppendEntries [], prevIndex 0, prevTerm 0
068805 LEAD S2: 0 append success next 1 match 0
068806 LEAD S2: 1 append success next 1 match 0
069307 LEAD S2: prevLog &raft.Entry{Command:interface {}(nil), Term:0, Index:0}
069307 LEAD S2: prevLog &raft.Entry{Command:interface {}(nil), Term:0, Index:0}
069307 INFO S0: (term 1) follower 收到 [2] AppendEntries [], prevIndex 0, prevTerm 0
069307 INFO S1: (term 1) follower 收到 [2] AppendEntries [], prevIndex 0, prevTerm 0
069308 LEAD S2: 0 append success next 1 match 0
069308 LEAD S2: 1 append success next 1 match 0
069809 LEAD S2: prevLog &raft.Entry{Command:interface {}(nil), Term:0, Index:0}
069809 LEAD S2: prevLog &raft.Entry{Command:interface {}(nil), Term:0, Index:0}
069810 INFO S0: (term 1) follower 收到 [2] AppendEntries [], prevIndex 0, prevTerm 0
069810 LEAD S2: 0 append success next 1 match 0
069810 INFO S1: (term 1) follower 收到 [2] AppendEntries [], prevIndex 0, prevTerm 0
069811 LEAD S2: 1 append success next 1 match 0
070311 LEAD S2: prevLog &raft.Entry{Command:interface {}(nil), Term:0, Index:0}
070312 LEAD S2: prevLog &raft.Entry{Command:interface {}(nil), Term:0, Index:0}
070312 INFO S0: (term 1) follower 收到 [2] AppendEntries [], prevIndex 0, prevTerm 0
070313 INFO S1: (term 1) follower 收到 [2] AppendEntries [], prevIndex 0, prevTerm 0
070313 LEAD S2: 0 append success next 1 match 0
070313 LEAD S2: 1 append success next 1 match 0
070814 LEAD S2: prevLog &raft.Entry{Command:interface {}(nil), Term:0, Index:0}
070815 LEAD S2: prevLog &raft.Entry{Command:interface {}(nil), Term:0, Index:0}
070815 INFO S1: (term 1) follower 收到 [2] AppendEntries [], prevIndex 0, prevTerm 0
070815 INFO S0: (term 1) follower 收到 [2] AppendEntries [], prevIndex 0, prevTerm 0
070816 LEAD S2: 1 append success next 1 match 0
070816 LEAD S2: 0 append success next 1 match 0
071317 LEAD S2: prevLog &raft.Entry{Command:interface {}(nil), Term:0, Index:0}
071317 LEAD S2: prevLog &raft.Entry{Command:interface {}(nil), Term:0, Index:0}
071318 INFO S0: (term 1) follower 收到 [2] AppendEntries [], prevIndex 0, prevTerm 0
071318 INFO S1: (term 1) follower 收到 [2] AppendEntries [], prevIndex 0, prevTerm 0
071318 LEAD S2: 0 append success next 1 match 0
071318 LEAD S2: 1 append success next 1 match 0
071819 LEAD S2: prevLog &raft.Entry{Command:interface {}(nil), Term:0, Index:0}
071819 LEAD S2: prevLog &raft.Entry{Command:interface {}(nil), Term:0, Index:0}
071820 INFO S1: (term 1) follower 收到 [2] AppendEntries [], prevIndex 0, prevTerm 0
071822 INFO S0: (term 1) follower 收到 [2] AppendEntries [], prevIndex 0, prevTerm 0
071823 LEAD S2: 1 append success next 1 match 0
071823 LEAD S2: 0 append success next 1 match 0
072321 LEAD S2: prevLog &raft.Entry{Command:interface {}(nil), Term:0, Index:0}
072321 LEAD S2: prevLog &raft.Entry{Command:interface {}(nil), Term:0, Index:0}
072322 INFO S0: (term 1) follower 收到 [2] AppendEntries [], prevIndex 0, prevTerm 0
072322 INFO S1: (term 1) follower 收到 [2] AppendEntries [], prevIndex 0, prevTerm 0
072322 LEAD S2: 0 append success next 1 match 0
072322 LEAD S2: 1 append success next 1 match 0
072823 LEAD S2: prevLog &raft.Entry{Command:interface {}(nil), Term:0, Index:0}
072823 LEAD S2: prevLog &raft.Entry{Command:interface {}(nil), Term:0, Index:0}
072823 INFO S1: (term 1) follower 收到 [2] AppendEntries [], prevIndex 0, prevTerm 0
072824 INFO S0: (term 1) follower 收到 [2] AppendEntries [], prevIndex 0, prevTerm 0
072824 LEAD S2: 1 append success next 1 match 0
072824 LEAD S2: 0 append success next 1 match 0
073325 LEAD S2: prevLog &raft.Entry{Command:interface {}(nil), Term:0, Index:0}
073325 LEAD S2: prevLog &raft.Entry{Command:interface {}(nil), Term:0, Index:0}
073326 INFO S0: (term 1) follower 收到 [2] AppendEntries [], prevIndex 0, prevTerm 0
073326 INFO S1: (term 1) follower 收到 [2] AppendEntries [], prevIndex 0, prevTerm 0
073326 LEAD S2: 0 append success next 1 match 0
073326 LEAD S2: 1 append success next 1 match 0
073827 LEAD S2: prevLog &raft.Entry{Command:interface {}(nil), Term:0, Index:0}
073827 LEAD S2: prevLog &raft.Entry{Command:interface {}(nil), Term:0, Index:0}
073828 INFO S0: (term 1) follower 收到 [2] AppendEntries [], prevIndex 0, prevTerm 0
073828 LEAD S2: 0 append success next 1 match 0
073828 INFO S1: (term 1) follower 收到 [2] AppendEntries [], prevIndex 0, prevTerm 0
073829 LEAD S2: 1 append success next 1 match 0
074329 LEAD S2: prevLog &raft.Entry{Command:interface {}(nil), Term:0, Index:0}
074330 LEAD S2: prevLog &raft.Entry{Command:interface {}(nil), Term:0, Index:0}
074330 INFO S0: (term 1) follower 收到 [2] AppendEntries [], prevIndex 0, prevTerm 0
074331 LEAD S2: 0 append success next 1 match 0
074331 INFO S1: (term 1) follower 收到 [2] AppendEntries [], prevIndex 0, prevTerm 0
074331 LEAD S2: 1 append success next 1 match 0
074831 LEAD S2: prevLog &raft.Entry{Command:interface {}(nil), Term:0, Index:0}
074832 LEAD S2: prevLog &raft.Entry{Command:interface {}(nil), Term:0, Index:0}
074832 INFO S1: (term 1) follower 收到 [2] AppendEntries [], prevIndex 0, prevTerm 0
074832 INFO S0: (term 1) follower 收到 [2] AppendEntries [], prevIndex 0, prevTerm 0
074833 LEAD S2: 0 append success next 1 match 0
074833 LEAD S2: 1 append success next 1 match 0
075334 LEAD S2: prevLog &raft.Entry{Command:interface {}(nil), Term:0, Index:0}
075334 LEAD S2: prevLog &raft.Entry{Command:interface {}(nil), Term:0, Index:0}
075335 INFO S0: (term 1) follower 收到 [2] AppendEntries [], prevIndex 0, prevTerm 0
075335 INFO S1: (term 1) follower 收到 [2] AppendEntries [], prevIndex 0, prevTerm 0
075335 LEAD S2: 0 append success next 1 match 0
075335 LEAD S2: 1 append success next 1 match 0
075835 LEAD S2: prevLog &raft.Entry{Command:interface {}(nil), Term:0, Index:0}
075835 LEAD S2: prevLog &raft.Entry{Command:interface {}(nil), Term:0, Index:0}
075836 INFO S1: (term 1) follower 收到 [2] AppendEntries [], prevIndex 0, prevTerm 0
075836 LEAD S2: 1 append success next 1 match 0
075836 INFO S0: (term 1) follower 收到 [2] AppendEntries [], prevIndex 0, prevTerm 0
075837 LEAD S2: 0 append success next 1 match 0
076337 LEAD S2: prevLog &raft.Entry{Command:interface {}(nil), Term:0, Index:0}
076337 LEAD S2: prevLog &raft.Entry{Command:interface {}(nil), Term:0, Index:0}
076338 INFO S1: (term 1) follower 收到 [2] AppendEntries [], prevIndex 0, prevTerm 0
076338 INFO S0: (term 1) follower 收到 [2] AppendEntries [], prevIndex 0, prevTerm 0
076338 LEAD S2: 1 append success next 1 match 0
076338 LEAD S2: 0 append success next 1 match 0
076838 LEAD S2: prevLog &raft.Entry{Command:interface {}(nil), Term:0, Index:0}
076838 LEAD S2: prevLog &raft.Entry{Command:interface {}(nil), Term:0, Index:0}
076839 INFO S1: (term 1) follower 收到 [2] AppendEntries [], prevIndex 0, prevTerm 0
076839 INFO S0: (term 1) follower 收到 [2] AppendEntries [], prevIndex 0, prevTerm 0
076840 LEAD S2: 0 append success next 1 match 0
076840 LEAD S2: 1 append success next 1 match 0
077340 LEAD S2: prevLog &raft.Entry{Command:interface {}(nil), Term:0, Index:0}
077340 LEAD S2: prevLog &raft.Entry{Command:interface {}(nil), Term:0, Index:0}
077341 INFO S1: (term 1) follower 收到 [2] AppendEntries [], prevIndex 0, prevTerm 0
077341 INFO S0: (term 1) follower 收到 [2] AppendEntries [], prevIndex 0, prevTerm 0
077341 LEAD S2: 0 append success next 1 match 0
077341 LEAD S2: 1 append success next 1 match 0
077842 LEAD S2: prevLog &raft.Entry{Command:interface {}(nil), Term:0, Index:0}
077842 LEAD S2: prevLog &raft.Entry{Command:interface {}(nil), Term:0, Index:0}
077842 INFO S1: (term 1) follower 收到 [2] AppendEntries [], prevIndex 0, prevTerm 0
077843 LEAD S2: 1 append success next 1 match 0
077843 INFO S0: (term 1) follower 收到 [2] AppendEntries [], prevIndex 0, prevTerm 0
077844 LEAD S2: 0 append success next 1 match 0
078343 LEAD S2: prevLog &raft.Entry{Command:interface {}(nil), Term:0, Index:0}
078343 LEAD S2: prevLog &raft.Entry{Command:interface {}(nil), Term:0, Index:0}
078344 INFO S1: (term 1) follower 收到 [2] AppendEntries [], prevIndex 0, prevTerm 0
078344 INFO S0: (term 1) follower 收到 [2] AppendEntries [], prevIndex 0, prevTerm 0
078344 LEAD S2: 1 append success next 1 match 0
078345 LEAD S2: 0 append success next 1 match 0
078845 LEAD S2: prevLog &raft.Entry{Command:interface {}(nil), Term:0, Index:0}
078845 LEAD S2: prevLog &raft.Entry{Command:interface {}(nil), Term:0, Index:0}
078846 INFO S0: (term 1) follower 收到 [2] AppendEntries [], prevIndex 0, prevTerm 0
078846 INFO S1: (term 1) follower 收到 [2] AppendEntries [], prevIndex 0, prevTerm 0
078846 LEAD S2: 0 append success next 1 match 0
078847 LEAD S2: 1 append success next 1 match 0
079348 LEAD S2: prevLog &raft.Entry{Command:interface {}(nil), Term:0, Index:0}
079348 LEAD S2: prevLog &raft.Entry{Command:interface {}(nil), Term:0, Index:0}
079348 INFO S1: (term 1) follower 收到 [2] AppendEntries [], prevIndex 0, prevTerm 0
079349 INFO S0: (term 1) follower 收到 [2] AppendEntries [], prevIndex 0, prevTerm 0
079349 LEAD S2: 1 append success next 1 match 0
079349 LEAD S2: 0 append success next 1 match 0
079850 LEAD S2: prevLog &raft.Entry{Command:interface {}(nil), Term:0, Index:0}
079850 LEAD S2: prevLog &raft.Entry{Command:interface {}(nil), Term:0, Index:0}
079851 INFO S1: (term 1) follower 收到 [2] AppendEntries [], prevIndex 0, prevTerm 0
079851 INFO S0: (term 1) follower 收到 [2] AppendEntries [], prevIndex 0, prevTerm 0
079851 LEAD S2: 1 append success next 1 match 0
079852 LEAD S2: 0 append success next 1 match 0
080351 LEAD S2: prevLog &raft.Entry{Command:interface {}(nil), Term:0, Index:0}
080352 LEAD S2: prevLog &raft.Entry{Command:interface {}(nil), Term:0, Index:0}
080352 INFO S1: (term 1) follower 收到 [2] AppendEntries [], prevIndex 0, prevTerm 0
080352 INFO S0: (term 1) follower 收到 [2] AppendEntries [], prevIndex 0, prevTerm 0
080353 LEAD S2: 0 append success next 1 match 0
080353 LEAD S2: 1 append success next 1 match 0
080854 LEAD S2: prevLog &raft.Entry{Command:interface {}(nil), Term:0, Index:0}
080854 LEAD S2: prevLog &raft.Entry{Command:interface {}(nil), Term:0, Index:0}
080854 INFO S1: (term 1) follower 收到 [2] AppendEntries [], prevIndex 0, prevTerm 0
080855 INFO S0: (term 1) follower 收到 [2] AppendEntries [], prevIndex 0, prevTerm 0
080855 LEAD S2: 1 append success next 1 match 0
080855 LEAD S2: 0 append success next 1 match 0
081356 LEAD S2: prevLog &raft.Entry{Command:interface {}(nil), Term:0, Index:0}
081356 LEAD S2: prevLog &raft.Entry{Command:interface {}(nil), Term:0, Index:0}
081357 INFO S1: (term 1) follower 收到 [2] AppendEntries [], prevIndex 0, prevTerm 0
081357 INFO S0: (term 1) follower 收到 [2] AppendEntries [], prevIndex 0, prevTerm 0
081357 LEAD S2: 0 append success next 1 match 0
081357 LEAD S2: 1 append success next 1 match 0
081858 LEAD S2: prevLog &raft.Entry{Command:interface {}(nil), Term:0, Index:0}
081858 LEAD S2: prevLog &raft.Entry{Command:interface {}(nil), Term:0, Index:0}
081858 INFO S1: (term 1) follower 收到 [2] AppendEntries [], prevIndex 0, prevTerm 0
081858 INFO S0: (term 1) follower 收到 [2] AppendEntries [], prevIndex 0, prevTerm 0
081859 LEAD S2: 1 append success next 1 match 0
081859 LEAD S2: 0 append success next 1 match 0
082360 LEAD S2: prevLog &raft.Entry{Command:interface {}(nil), Term:0, Index:0}
082360 LEAD S2: prevLog &raft.Entry{Command:interface {}(nil), Term:0, Index:0}
082361 INFO S1: (term 1) follower 收到 [2] AppendEntries [], prevIndex 0, prevTerm 0
082361 INFO S0: (term 1) follower 收到 [2] AppendEntries [], prevIndex 0, prevTerm 0
082362 LEAD S2: 1 append success next 1 match 0
082362 LEAD S2: 0 append success next 1 match 0
082862 LEAD S2: prevLog &raft.Entry{Command:interface {}(nil), Term:0, Index:0}
082863 LEAD S2: prevLog &raft.Entry{Command:interface {}(nil), Term:0, Index:0}
082864 INFO S0: (term 1) follower 收到 [2] AppendEntries [], prevIndex 0, prevTerm 0
082864 INFO S1: (term 1) follower 收到 [2] AppendEntries [], prevIndex 0, prevTerm 0
082864 LEAD S2: 0 append success next 1 match 0
082864 LEAD S2: 1 append success next 1 match 0
083364 LEAD S2: prevLog &raft.Entry{Command:interface {}(nil), Term:0, Index:0}
083364 LEAD S2: prevLog &raft.Entry{Command:interface {}(nil), Term:0, Index:0}
083365 INFO S1: (term 1) follower 收到 [2] AppendEntries [], prevIndex 0, prevTerm 0
083365 LEAD S2: 1 append success next 1 match 0
083365 INFO S0: (term 1) follower 收到 [2] AppendEntries [], prevIndex 0, prevTerm 0
083366 LEAD S2: 0 append success next 1 match 0
083866 LEAD S2: prevLog &raft.Entry{Command:interface {}(nil), Term:0, Index:0}
083867 LEAD S2: prevLog &raft.Entry{Command:interface {}(nil), Term:0, Index:0}
083867 INFO S1: (term 1) follower 收到 [2] AppendEntries [], prevIndex 0, prevTerm 0
083867 INFO S0: (term 1) follower 收到 [2] AppendEntries [], prevIndex 0, prevTerm 0
083868 LEAD S2: 0 append success next 1 match 0
083868 LEAD S2: 1 append success next 1 match 0
084369 LEAD S2: prevLog &raft.Entry{Command:interface {}(nil), Term:0, Index:0}
084369 LEAD S2: prevLog &raft.Entry{Command:interface {}(nil), Term:0, Index:0}
084369 INFO S0: (term 1) follower 收到 [2] AppendEntries [], prevIndex 0, prevTerm 0
084370 INFO S1: (term 1) follower 收到 [2] AppendEntries [], prevIndex 0, prevTerm 0
084370 LEAD S2: 0 append success next 1 match 0
084370 LEAD S2: 1 append success next 1 match 0
084870 LEAD S2: prevLog &raft.Entry{Command:interface {}(nil), Term:0, Index:0}
084871 LEAD S2: prevLog &raft.Entry{Command:interface {}(nil), Term:0, Index:0}
084871 INFO S1: (term 1) follower 收到 [2] AppendEntries [], prevIndex 0, prevTerm 0
084872 LEAD S2: 1 append success next 1 match 0
084872 INFO S0: (term 1) follower 收到 [2] AppendEntries [], prevIndex 0, prevTerm 0
084873 LEAD S2: 0 append success next 1 match 0
085373 LEAD S2: prevLog &raft.Entry{Command:interface {}(nil), Term:0, Index:0}
085373 LEAD S2: prevLog &raft.Entry{Command:interface {}(nil), Term:0, Index:0}
085374 INFO S1: (term 1) follower 收到 [2] AppendEntries [], prevIndex 0, prevTerm 0
085374 INFO S0: (term 1) follower 收到 [2] AppendEntries [], prevIndex 0, prevTerm 0
085374 LEAD S2: 1 append success next 1 match 0
085375 LEAD S2: 0 append success next 1 match 0
085875 LEAD S2: prevLog &raft.Entry{Command:interface {}(nil), Term:0, Index:0}
085876 LEAD S2: prevLog &raft.Entry{Command:interface {}(nil), Term:0, Index:0}
085876 INFO S1: (term 1) follower 收到 [2] AppendEntries [], prevIndex 0, prevTerm 0
085877 LEAD S2: 1 append success next 1 match 0
085876 INFO S0: (term 1) follower 收到 [2] AppendEntries [], prevIndex 0, prevTerm 0
085877 LEAD S2: 0 append success next 1 match 0
086377 LEAD S2: prevLog &raft.Entry{Command:interface {}(nil), Term:0, Index:0}
086377 LEAD S2: prevLog &raft.Entry{Command:interface {}(nil), Term:0, Index:0}
086378 INFO S0: (term 1) follower 收到 [2] AppendEntries [], prevIndex 0, prevTerm 0
086378 LEAD S2: 0 append success next 1 match 0
086378 INFO S1: (term 1) follower 收到 [2] AppendEntries [], prevIndex 0, prevTerm 0
086378 LEAD S2: 1 append success next 1 match 0
086880 LEAD S2: prevLog &raft.Entry{Command:interface {}(nil), Term:0, Index:0}
086880 LEAD S2: prevLog &raft.Entry{Command:interface {}(nil), Term:0, Index:0}
086881 INFO S1: (term 1) follower 收到 [2] AppendEntries [], prevIndex 0, prevTerm 0
086881 INFO S0: (term 1) follower 收到 [2] AppendEntries [], prevIndex 0, prevTerm 0
086881 LEAD S2: 1 append success next 1 match 0
086881 LEAD S2: 0 append success next 1 match 0
087382 LEAD S2: prevLog &raft.Entry{Command:interface {}(nil), Term:0, Index:0}
087383 LEAD S2: prevLog &raft.Entry{Command:interface {}(nil), Term:0, Index:0}
087383 INFO S0: (term 1) follower 收到 [2] AppendEntries [], prevIndex 0, prevTerm 0
087383 INFO S1: (term 1) follower 收到 [2] AppendEntries [], prevIndex 0, prevTerm 0
087384 LEAD S2: 0 append success next 1 match 0
087384 LEAD S2: 1 append success next 1 match 0
087884 LEAD S2: prevLog &raft.Entry{Command:interface {}(nil), Term:0, Index:0}
087884 LEAD S2: prevLog &raft.Entry{Command:interface {}(nil), Term:0, Index:0}
087885 INFO S0: (term 1) follower 收到 [2] AppendEntries [], prevIndex 0, prevTerm 0
087885 INFO S1: (term 1) follower 收到 [2] AppendEntries [], prevIndex 0, prevTerm 0
087885 LEAD S2: 1 append success next 1 match 0
087885 LEAD S2: 0 append success next 1 match 0
088386 LEAD S2: prevLog &raft.Entry{Command:interface {}(nil), Term:0, Index:0}
088386 LEAD S2: prevLog &raft.Entry{Command:interface {}(nil), Term:0, Index:0}
088386 INFO S1: (term 1) follower 收到 [2] AppendEntries [], prevIndex 0, prevTerm 0
088387 LEAD S2: 1 append success next 1 match 0
088387 INFO S0: (term 1) follower 收到 [2] AppendEntries [], prevIndex 0, prevTerm 0
088387 LEAD S2: 0 append success next 1 match 0
088888 LEAD S2: prevLog &raft.Entry{Command:interface {}(nil), Term:0, Index:0}
088888 LEAD S2: prevLog &raft.Entry{Command:interface {}(nil), Term:0, Index:0}
088889 INFO S0: (term 1) follower 收到 [2] AppendEntries [], prevIndex 0, prevTerm 0
088889 INFO S1: (term 1) follower 收到 [2] AppendEntries [], prevIndex 0, prevTerm 0
088889 LEAD S2: 0 append success next 1 match 0
088889 LEAD S2: 1 append success next 1 match 0
089390 LEAD S2: prevLog &raft.Entry{Command:interface {}(nil), Term:0, Index:0}
089390 LEAD S2: prevLog &raft.Entry{Command:interface {}(nil), Term:0, Index:0}
089391 INFO S0: (term 1) follower 收到 [2] AppendEntries [], prevIndex 0, prevTerm 0
089391 INFO S1: (term 1) follower 收到 [2] AppendEntries [], prevIndex 0, prevTerm 0
089392 LEAD S2: 1 append success next 1 match 0
089392 LEAD S2: 0 append success next 1 match 0
089892 LEAD S2: prevLog &raft.Entry{Command:interface {}(nil), Term:0, Index:0}
089892 LEAD S2: prevLog &raft.Entry{Command:interface {}(nil), Term:0, Index:0}
089893 INFO S0: (term 1) follower 收到 [2] AppendEntries [], prevIndex 0, prevTerm 0
089893 INFO S1: (term 1) follower 收到 [2] AppendEntries [], prevIndex 0, prevTerm 0
089893 LEAD S2: 0 append success next 1 match 0
089893 LEAD S2: 1 append success next 1 match 0
090394 LEAD S2: prevLog &raft.Entry{Command:interface {}(nil), Term:0, Index:0}
090394 LEAD S2: prevLog &raft.Entry{Command:interface {}(nil), Term:0, Index:0}
090395 INFO S1: (term 1) follower 收到 [2] AppendEntries [], prevIndex 0, prevTerm 0
090395 INFO S0: (term 1) follower 收到 [2] AppendEntries [], prevIndex 0, prevTerm 0
090395 LEAD S2: 1 append success next 1 match 0
090395 LEAD S2: 0 append success next 1 match 0
090897 LEAD S2: prevLog &raft.Entry{Command:interface {}(nil), Term:0, Index:0}
090897 LEAD S2: prevLog &raft.Entry{Command:interface {}(nil), Term:0, Index:0}
090898 INFO S1: (term 1) follower 收到 [2] AppendEntries [], prevIndex 0, prevTerm 0
090898 INFO S0: (term 1) follower 收到 [2] AppendEntries [], prevIndex 0, prevTerm 0
090898 LEAD S2: 1 append success next 1 match 0
090899 LEAD S2: 0 append success next 1 match 0
091399 LEAD S2: prevLog &raft.Entry{Command:interface {}(nil), Term:0, Index:0}
091399 LEAD S2: prevLog &raft.Entry{Command:interface {}(nil), Term:0, Index:0}
091400 INFO S1: (term 1) follower 收到 [2] AppendEntries [], prevIndex 0, prevTerm 0
091400 INFO S0: (term 1) follower 收到 [2] AppendEntries [], prevIndex 0, prevTerm 0
091400 LEAD S2: 1 append success next 1 match 0
091400 LEAD S2: 0 append success next 1 match 0
091901 LEAD S2: prevLog &raft.Entry{Command:interface {}(nil), Term:0, Index:0}
091901 LEAD S2: prevLog &raft.Entry{Command:interface {}(nil), Term:0, Index:0}
091902 INFO S1: (term 1) follower 收到 [2] AppendEntries [], prevIndex 0, prevTerm 0
091902 INFO S0: (term 1) follower 收到 [2] AppendEntries [], prevIndex 0, prevTerm 0
091902 LEAD S2: 0 append success next 1 match 0
091902 LEAD S2: 1 append success next 1 match 0
092403 LEAD S2: prevLog &raft.Entry{Command:interface {}(nil), Term:0, Index:0}
092403 LEAD S2: prevLog &raft.Entry{Command:interface {}(nil), Term:0, Index:0}
092404 INFO S0: (term 1) follower 收到 [2] AppendEntries [], prevIndex 0, prevTerm 0
092404 INFO S1: (term 1) follower 收到 [2] AppendEntries [], prevIndex 0, prevTerm 0
092404 LEAD S2: 1 append success next 1 match 0
092404 LEAD S2: 0 append success next 1 match 0
092905 LEAD S2: prevLog &raft.Entry{Command:interface {}(nil), Term:0, Index:0}
092906 LEAD S2: prevLog &raft.Entry{Command:interface {}(nil), Term:0, Index:0}
092906 INFO S0: (term 1) follower 收到 [2] AppendEntries [], prevIndex 0, prevTerm 0
092906 INFO S1: (term 1) follower 收到 [2] AppendEntries [], prevIndex 0, prevTerm 0
092907 LEAD S2: 0 append success next 1 match 0
092907 LEAD S2: 1 append success next 1 match 0
093407 LEAD S2: prevLog &raft.Entry{Command:interface {}(nil), Term:0, Index:0}
093408 LEAD S2: prevLog &raft.Entry{Command:interface {}(nil), Term:0, Index:0}
093409 INFO S1: (term 1) follower 收到 [2] AppendEntries [], prevIndex 0, prevTerm 0
093410 LEAD S2: 1 append success next 1 match 0
093410 INFO S0: (term 1) follower 收到 [2] AppendEntries [], prevIndex 0, prevTerm 0
093410 LEAD S2: 0 append success next 1 match 0
093909 LEAD S2: prevLog &raft.Entry{Command:interface {}(nil), Term:0, Index:0}
093909 LEAD S2: prevLog &raft.Entry{Command:interface {}(nil), Term:0, Index:0}
093910 INFO S0: (term 1) follower 收到 [2] AppendEntries [], prevIndex 0, prevTerm 0
093910 LEAD S2: 0 append success next 1 match 0
093910 INFO S1: (term 1) follower 收到 [2] AppendEntries [], prevIndex 0, prevTerm 0
093911 LEAD S2: 1 append success next 1 match 0
094412 LEAD S2: prevLog &raft.Entry{Command:interface {}(nil), Term:0, Index:0}
094412 LEAD S2: prevLog &raft.Entry{Command:interface {}(nil), Term:0, Index:0}
094413 INFO S1: (term 1) follower 收到 [2] AppendEntries [], prevIndex 0, prevTerm 0
094413 INFO S0: (term 1) follower 收到 [2] AppendEntries [], prevIndex 0, prevTerm 0
094413 LEAD S2: 0 append success next 1 match 0
094413 LEAD S2: 1 append success next 1 match 0
094914 LEAD S2: prevLog &raft.Entry{Command:interface {}(nil), Term:0, Index:0}
094914 LEAD S2: prevLog &raft.Entry{Command:interface {}(nil), Term:0, Index:0}
094915 INFO S1: (term 1) follower 收到 [2] AppendEntries [], prevIndex 0, prevTerm 0
094915 INFO S0: (term 1) follower 收到 [2] AppendEntries [], prevIndex 0, prevTerm 0
094916 LEAD S2: 1 append success next 1 match 0
094916 LEAD S2: 0 append success next 1 match 0
095416 LEAD S2: prevLog &raft.Entry{Command:interface {}(nil), Term:0, Index:0}
095416 LEAD S2: prevLog &raft.Entry{Command:interface {}(nil), Term:0, Index:0}
095417 INFO S1: (term 1) follower 收到 [2] AppendEntries [], prevIndex 0, prevTerm 0
095418 LEAD S2: 1 append success next 1 match 0
095418 INFO S0: (term 1) follower 收到 [2] AppendEntries [], prevIndex 0, prevTerm 0
095418 LEAD S2: 0 append success next 1 match 0
095919 LEAD S2: prevLog &raft.Entry{Command:interface {}(nil), Term:0, Index:0}
095919 LEAD S2: prevLog &raft.Entry{Command:interface {}(nil), Term:0, Index:0}
095920 INFO S1: (term 1) follower 收到 [2] AppendEntries [], prevIndex 0, prevTerm 0
095920 INFO S0: (term 1) follower 收到 [2] AppendEntries [], prevIndex 0, prevTerm 0
095920 LEAD S2: 0 append success next 1 match 0
095920 LEAD S2: 1 append success next 1 match 0
096421 LEAD S2: prevLog &raft.Entry{Command:interface {}(nil), Term:0, Index:0}
096421 LEAD S2: prevLog &raft.Entry{Command:interface {}(nil), Term:0, Index:0}
096422 INFO S0: (term 1) follower 收到 [2] AppendEntries [], prevIndex 0, prevTerm 0
096422 INFO S1: (term 1) follower 收到 [2] AppendEntries [], prevIndex 0, prevTerm 0
096422 LEAD S2: 0 append success next 1 match 0
096422 LEAD S2: 1 append success next 1 match 0
096923 LEAD S2: prevLog &raft.Entry{Command:interface {}(nil), Term:0, Index:0}
096923 LEAD S2: prevLog &raft.Entry{Command:interface {}(nil), Term:0, Index:0}
096924 INFO S1: (term 1) follower 收到 [2] AppendEntries [], prevIndex 0, prevTerm 0
096924 INFO S0: (term 1) follower 收到 [2] AppendEntries [], prevIndex 0, prevTerm 0
096924 LEAD S2: 1 append success next 1 match 0
096924 LEAD S2: 0 append success next 1 match 0
097425 LEAD S2: prevLog &raft.Entry{Command:interface {}(nil), Term:0, Index:0}
097425 LEAD S2: prevLog &raft.Entry{Command:interface {}(nil), Term:0, Index:0}
097425 INFO S0: (term 1) follower 收到 [2] AppendEntries [], prevIndex 0, prevTerm 0
097425 INFO S1: (term 1) follower 收到 [2] AppendEntries [], prevIndex 0, prevTerm 0
097426 LEAD S2: 0 append success next 1 match 0
097426 LEAD S2: 1 append success next 1 match 0
097927 LEAD S2: prevLog &raft.Entry{Command:interface {}(nil), Term:0, Index:0}
097927 LEAD S2: prevLog &raft.Entry{Command:interface {}(nil), Term:0, Index:0}
097928 INFO S0: (term 1) follower 收到 [2] AppendEntries [], prevIndex 0, prevTerm 0
097928 INFO S1: (term 1) follower 收到 [2] AppendEntries [], prevIndex 0, prevTerm 0
097928 LEAD S2: 0 append success next 1 match 0
097929 LEAD S2: 1 append success next 1 match 0
098429 LEAD S2: prevLog &raft.Entry{Command:interface {}(nil), Term:0, Index:0}
098429 LEAD S2: prevLog &raft.Entry{Command:interface {}(nil), Term:0, Index:0}
098430 INFO S1: (term 1) follower 收到 [2] AppendEntries [], prevIndex 0, prevTerm 0
098430 LEAD S2: 1 append success next 1 match 0
098431 INFO S0: (term 1) follower 收到 [2] AppendEntries [], prevIndex 0, prevTerm 0
098431 LEAD S2: 0 append success next 1 match 0
098932 LEAD S2: prevLog &raft.Entry{Command:interface {}(nil), Term:0, Index:0}
098932 LEAD S2: prevLog &raft.Entry{Command:interface {}(nil), Term:0, Index:0}
098933 INFO S1: (term 1) follower 收到 [2] AppendEntries [], prevIndex 0, prevTerm 0
098933 INFO S0: (term 1) follower 收到 [2] AppendEntries [], prevIndex 0, prevTerm 0
098933 LEAD S2: 0 append success next 1 match 0
098933 LEAD S2: 1 append success next 1 match 0
099434 LEAD S2: prevLog &raft.Entry{Command:interface {}(nil), Term:0, Index:0}
099435 LEAD S2: prevLog &raft.Entry{Command:interface {}(nil), Term:0, Index:0}
099435 INFO S0: (term 1) follower 收到 [2] AppendEntries [], prevIndex 0, prevTerm 0
099435 INFO S1: (term 1) follower 收到 [2] AppendEntries [], prevIndex 0, prevTerm 0
099436 LEAD S2: 0 append success next 1 match 0
099436 LEAD S2: 1 append success next 1 match 0
099936 LEAD S2: prevLog &raft.Entry{Command:interface {}(nil), Term:0, Index:0}
099936 LEAD S2: prevLog &raft.Entry{Command:interface {}(nil), Term:0, Index:0}
099937 INFO S1: (term 1) follower 收到 [2] AppendEntries [], prevIndex 0, prevTerm 0
099937 INFO S0: (term 1) follower 收到 [2] AppendEntries [], prevIndex 0, prevTerm 0
099937 LEAD S2: 0 append success next 1 match 0
099937 LEAD S2: 1 append success next 1 match 0
100438 LEAD S2: prevLog &raft.Entry{Command:interface {}(nil), Term:0, Index:0}
100438 LEAD S2: prevLog &raft.Entry{Command:interface {}(nil), Term:0, Index:0}
--- FAIL: TestPersist12C (10.04s)
    config.go:609: one(11) failed to reach agreement
FAIL
exit status 1
FAIL	6.824/raft	10.045s
