Test (2C): basic persistence ...
002509 INFO S2: start leader election, term 1
002509 VOTE S2: term 1 send vote request to 1
002509 INFO S1: start leader election, term 1
002510 VOTE S2: term 1 send vote request to 0
002510 VOTE S1: term 1 send vote request to 0
002510 VOTE S1: term 1 send vote request to 2
002511 VOTE S2: 1 没有投给me，结束
002511 TERM S0: set new term 1
002511 VOTE S0: term 1 vote 2
002512 VOTE S2: reply from 0, term一致，且投给2
002512 LEAD S2: come to power, start to send heartbeat
002512 LEAD S2: prevLog &raft.Entry{Command:interface {}(nil), Term:0, Index:0}
002512 LEAD S2: prevLog &raft.Entry{Command:interface {}(nil), Term:0, Index:0}
002512 VOTE S1: 0 没有投给me，结束
002513 INFO S1: (term 1) follower 收到 [2] AppendEntries [], prevIndex 0, prevTerm 0
002513 VOTE S1: 2 没有投给me，结束
002513 INFO S0: (term 1) follower 收到 [2] AppendEntries [], prevIndex 0, prevTerm 0
002513 LEAD S2: 1 append success next 1 match 0
002513 LEAD S2: 0 append success next 1 match 0
003011 LEAD S2: prevLog &raft.Entry{Command:interface {}(nil), Term:0, Index:0}
003011 LEAD S2: prevLog &raft.Entry{Command:interface {}(nil), Term:0, Index:0}
003011 INFO S1: (term 1) follower 收到 [2] AppendEntries [], prevIndex 0, prevTerm 0
003012 INFO S0: (term 1) follower 收到 [2] AppendEntries [], prevIndex 0, prevTerm 0
003012 LEAD S2: 1 append success next 1 match 0
003012 LEAD S2: 0 append success next 1 match 0
003514 LEAD S2: prevLog &raft.Entry{Command:interface {}(nil), Term:0, Index:0}
003514 LEAD S2: prevLog &raft.Entry{Command:interface {}(nil), Term:0, Index:0}
003514 INFO S1: (term 1) follower 收到 [2] AppendEntries [], prevIndex 0, prevTerm 0
003515 LEAD S2: 1 append success next 1 match 0
003515 INFO S0: (term 1) follower 收到 [2] AppendEntries [], prevIndex 0, prevTerm 0
003515 LEAD S2: 0 append success next 1 match 0
004016 LEAD S2: prevLog &raft.Entry{Command:interface {}(nil), Term:0, Index:0}
004016 LEAD S2: prevLog &raft.Entry{Command:interface {}(nil), Term:0, Index:0}
004017 INFO S1: (term 1) follower 收到 [2] AppendEntries [], prevIndex 0, prevTerm 0
004017 LEAD S2: 1 append success next 1 match 0
004017 INFO S0: (term 1) follower 收到 [2] AppendEntries [], prevIndex 0, prevTerm 0
004017 LEAD S2: 0 append success next 1 match 0
004519 LEAD S2: prevLog &raft.Entry{Command:interface {}(nil), Term:0, Index:0}
004519 LEAD S2: prevLog &raft.Entry{Command:interface {}(nil), Term:0, Index:0}
004521 INFO S1: (term 1) follower 收到 [2] AppendEntries [], prevIndex 0, prevTerm 0
004521 INFO S0: (term 1) follower 收到 [2] AppendEntries [], prevIndex 0, prevTerm 0
004521 LEAD S2: 1 append success next 1 match 0
004522 LEAD S2: 0 append success next 1 match 0
005024 LEAD S2: prevLog &raft.Entry{Command:interface {}(nil), Term:0, Index:0}
005025 LEAD S2: prevLog &raft.Entry{Command:interface {}(nil), Term:0, Index:0}
005025 INFO S1: (term 1) follower 收到 [2] AppendEntries [], prevIndex 0, prevTerm 0
005026 LEAD S2: 1 append success next 1 match 0
005026 INFO S0: (term 1) follower 收到 [2] AppendEntries [], prevIndex 0, prevTerm 0
005026 LEAD S2: 0 append success next 1 match 0
005526 LEAD S2: prevLog &raft.Entry{Command:interface {}(nil), Term:0, Index:0}
005526 LEAD S2: prevLog &raft.Entry{Command:interface {}(nil), Term:0, Index:0}
005527 INFO S0: (term 1) follower 收到 [2] AppendEntries [], prevIndex 0, prevTerm 0
005527 INFO S1: (term 1) follower 收到 [2] AppendEntries [], prevIndex 0, prevTerm 0
005527 LEAD S2: 0 append success next 1 match 0
005527 LEAD S2: 1 append success next 1 match 0
006028 LEAD S2: prevLog &raft.Entry{Command:interface {}(nil), Term:0, Index:0}
006029 LEAD S2: prevLog &raft.Entry{Command:interface {}(nil), Term:0, Index:0}
006029 INFO S1: (term 1) follower 收到 [2] AppendEntries [], prevIndex 0, prevTerm 0
006030 LEAD S2: 1 append success next 1 match 0
006030 INFO S0: (term 1) follower 收到 [2] AppendEntries [], prevIndex 0, prevTerm 0
006030 LEAD S2: 0 append success next 1 match 0
006531 LEAD S2: prevLog &raft.Entry{Command:interface {}(nil), Term:0, Index:0}
006531 LEAD S2: prevLog &raft.Entry{Command:interface {}(nil), Term:0, Index:0}
006532 INFO S1: (term 1) follower 收到 [2] AppendEntries [], prevIndex 0, prevTerm 0
006532 INFO S0: (term 1) follower 收到 [2] AppendEntries [], prevIndex 0, prevTerm 0
006532 LEAD S2: 1 append success next 1 match 0
006532 LEAD S2: 0 append success next 1 match 0
007033 LEAD S2: prevLog &raft.Entry{Command:interface {}(nil), Term:0, Index:0}
007033 LEAD S2: prevLog &raft.Entry{Command:interface {}(nil), Term:0, Index:0}
007034 INFO S1: (term 1) follower 收到 [2] AppendEntries [], prevIndex 0, prevTerm 0
007034 INFO S0: (term 1) follower 收到 [2] AppendEntries [], prevIndex 0, prevTerm 0
007034 LEAD S2: 0 append success next 1 match 0
007034 LEAD S2: 1 append success next 1 match 0
007534 LEAD S2: prevLog &raft.Entry{Command:interface {}(nil), Term:0, Index:0}
007534 LEAD S2: prevLog &raft.Entry{Command:interface {}(nil), Term:0, Index:0}
007535 INFO S0: (term 1) follower 收到 [2] AppendEntries [], prevIndex 0, prevTerm 0
007535 INFO S1: (term 1) follower 收到 [2] AppendEntries [], prevIndex 0, prevTerm 0
007535 LEAD S2: 0 append success next 1 match 0
007536 LEAD S2: 1 append success next 1 match 0
008036 LEAD S2: prevLog &raft.Entry{Command:interface {}(nil), Term:0, Index:0}
008036 LEAD S2: prevLog &raft.Entry{Command:interface {}(nil), Term:0, Index:0}
008037 INFO S0: (term 1) follower 收到 [2] AppendEntries [], prevIndex 0, prevTerm 0
008037 INFO S1: (term 1) follower 收到 [2] AppendEntries [], prevIndex 0, prevTerm 0
008037 LEAD S2: 1 append success next 1 match 0
008037 LEAD S2: 0 append success next 1 match 0
008538 LEAD S2: prevLog &raft.Entry{Command:interface {}(nil), Term:0, Index:0}
008538 LEAD S2: prevLog &raft.Entry{Command:interface {}(nil), Term:0, Index:0}
008539 INFO S1: (term 1) follower 收到 [2] AppendEntries [], prevIndex 0, prevTerm 0
008539 LEAD S2: 1 append success next 1 match 0
008539 INFO S0: (term 1) follower 收到 [2] AppendEntries [], prevIndex 0, prevTerm 0
008540 LEAD S2: 0 append success next 1 match 0
009041 LEAD S2: prevLog &raft.Entry{Command:interface {}(nil), Term:0, Index:0}
009041 LEAD S2: prevLog &raft.Entry{Command:interface {}(nil), Term:0, Index:0}
009041 INFO S1: (term 1) follower 收到 [2] AppendEntries [], prevIndex 0, prevTerm 0
009041 INFO S0: (term 1) follower 收到 [2] AppendEntries [], prevIndex 0, prevTerm 0
009042 LEAD S2: 0 append success next 1 match 0
009042 LEAD S2: 1 append success next 1 match 0
009543 LEAD S2: prevLog &raft.Entry{Command:interface {}(nil), Term:0, Index:0}
009543 LEAD S2: prevLog &raft.Entry{Command:interface {}(nil), Term:0, Index:0}
009544 INFO S0: (term 1) follower 收到 [2] AppendEntries [], prevIndex 0, prevTerm 0
009544 INFO S1: (term 1) follower 收到 [2] AppendEntries [], prevIndex 0, prevTerm 0
009544 LEAD S2: 0 append success next 1 match 0
009544 LEAD S2: 1 append success next 1 match 0
010045 LEAD S2: prevLog &raft.Entry{Command:interface {}(nil), Term:0, Index:0}
010045 LEAD S2: prevLog &raft.Entry{Command:interface {}(nil), Term:0, Index:0}
010046 INFO S1: (term 1) follower 收到 [2] AppendEntries [], prevIndex 0, prevTerm 0
010046 INFO S0: (term 1) follower 收到 [2] AppendEntries [], prevIndex 0, prevTerm 0
010046 LEAD S2: 1 append success next 1 match 0
010046 LEAD S2: 0 append success next 1 match 0
010547 LEAD S2: prevLog &raft.Entry{Command:interface {}(nil), Term:0, Index:0}
010547 LEAD S2: prevLog &raft.Entry{Command:interface {}(nil), Term:0, Index:0}
010548 INFO S1: (term 1) follower 收到 [2] AppendEntries [], prevIndex 0, prevTerm 0
010548 INFO S0: (term 1) follower 收到 [2] AppendEntries [], prevIndex 0, prevTerm 0
010548 LEAD S2: 1 append success next 1 match 0
010548 LEAD S2: 0 append success next 1 match 0
011048 LEAD S2: prevLog &raft.Entry{Command:interface {}(nil), Term:0, Index:0}
011048 LEAD S2: prevLog &raft.Entry{Command:interface {}(nil), Term:0, Index:0}
011049 INFO S1: (term 1) follower 收到 [2] AppendEntries [], prevIndex 0, prevTerm 0
011049 INFO S0: (term 1) follower 收到 [2] AppendEntries [], prevIndex 0, prevTerm 0
011049 LEAD S2: 1 append success next 1 match 0
011049 LEAD S2: 0 append success next 1 match 0
011550 LEAD S2: prevLog &raft.Entry{Command:interface {}(nil), Term:0, Index:0}
011550 LEAD S2: prevLog &raft.Entry{Command:interface {}(nil), Term:0, Index:0}
011550 INFO S0: (term 1) follower 收到 [2] AppendEntries [], prevIndex 0, prevTerm 0
011550 INFO S1: (term 1) follower 收到 [2] AppendEntries [], prevIndex 0, prevTerm 0
011551 LEAD S2: 0 append success next 1 match 0
011551 LEAD S2: 1 append success next 1 match 0
012052 LEAD S2: prevLog &raft.Entry{Command:interface {}(nil), Term:0, Index:0}
012052 LEAD S2: prevLog &raft.Entry{Command:interface {}(nil), Term:0, Index:0}
012053 INFO S1: (term 1) follower 收到 [2] AppendEntries [], prevIndex 0, prevTerm 0
012053 LEAD S2: 1 append success next 1 match 0
012053 INFO S0: (term 1) follower 收到 [2] AppendEntries [], prevIndex 0, prevTerm 0
012054 LEAD S2: 0 append success next 1 match 0
012555 LEAD S2: prevLog &raft.Entry{Command:interface {}(nil), Term:0, Index:0}
012555 LEAD S2: prevLog &raft.Entry{Command:interface {}(nil), Term:0, Index:0}
012556 INFO S1: (term 1) follower 收到 [2] AppendEntries [], prevIndex 0, prevTerm 0
012556 INFO S0: (term 1) follower 收到 [2] AppendEntries [], prevIndex 0, prevTerm 0
012556 LEAD S2: 0 append success next 1 match 0
012556 LEAD S2: 1 append success next 1 match 0
013057 LEAD S2: prevLog &raft.Entry{Command:interface {}(nil), Term:0, Index:0}
013057 LEAD S2: prevLog &raft.Entry{Command:interface {}(nil), Term:0, Index:0}
013058 INFO S1: (term 1) follower 收到 [2] AppendEntries [], prevIndex 0, prevTerm 0
013058 LEAD S2: 1 append success next 1 match 0
013058 INFO S0: (term 1) follower 收到 [2] AppendEntries [], prevIndex 0, prevTerm 0
013059 LEAD S2: 0 append success next 1 match 0
013559 LEAD S2: prevLog &raft.Entry{Command:interface {}(nil), Term:0, Index:0}
013559 LEAD S2: prevLog &raft.Entry{Command:interface {}(nil), Term:0, Index:0}
013560 INFO S0: (term 1) follower 收到 [2] AppendEntries [], prevIndex 0, prevTerm 0
013560 LEAD S2: 0 append success next 1 match 0
013560 INFO S1: (term 1) follower 收到 [2] AppendEntries [], prevIndex 0, prevTerm 0
013561 LEAD S2: 1 append success next 1 match 0
014061 LEAD S2: prevLog &raft.Entry{Command:interface {}(nil), Term:0, Index:0}
014061 LEAD S2: prevLog &raft.Entry{Command:interface {}(nil), Term:0, Index:0}
014062 INFO S0: (term 1) follower 收到 [2] AppendEntries [], prevIndex 0, prevTerm 0
014062 LEAD S2: 0 append success next 1 match 0
014062 INFO S1: (term 1) follower 收到 [2] AppendEntries [], prevIndex 0, prevTerm 0
014063 LEAD S2: 1 append success next 1 match 0
014564 LEAD S2: prevLog &raft.Entry{Command:interface {}(nil), Term:0, Index:0}
014564 LEAD S2: prevLog &raft.Entry{Command:interface {}(nil), Term:0, Index:0}
014565 INFO S1: (term 1) follower 收到 [2] AppendEntries [], prevIndex 0, prevTerm 0
014565 INFO S0: (term 1) follower 收到 [2] AppendEntries [], prevIndex 0, prevTerm 0
014565 LEAD S2: 0 append success next 1 match 0
014565 LEAD S2: 1 append success next 1 match 0
015067 LEAD S2: prevLog &raft.Entry{Command:interface {}(nil), Term:0, Index:0}
015067 LEAD S2: prevLog &raft.Entry{Command:interface {}(nil), Term:0, Index:0}
015068 INFO S0: (term 1) follower 收到 [2] AppendEntries [], prevIndex 0, prevTerm 0
015068 INFO S1: (term 1) follower 收到 [2] AppendEntries [], prevIndex 0, prevTerm 0
015068 LEAD S2: 0 append success next 1 match 0
015068 LEAD S2: 1 append success next 1 match 0
015568 LEAD S2: prevLog &raft.Entry{Command:interface {}(nil), Term:0, Index:0}
015569 LEAD S2: prevLog &raft.Entry{Command:interface {}(nil), Term:0, Index:0}
015569 INFO S1: (term 1) follower 收到 [2] AppendEntries [], prevIndex 0, prevTerm 0
015569 INFO S0: (term 1) follower 收到 [2] AppendEntries [], prevIndex 0, prevTerm 0
015570 LEAD S2: 0 append success next 1 match 0
015570 LEAD S2: 1 append success next 1 match 0
016071 LEAD S2: prevLog &raft.Entry{Command:interface {}(nil), Term:0, Index:0}
016071 LEAD S2: prevLog &raft.Entry{Command:interface {}(nil), Term:0, Index:0}
016072 INFO S1: (term 1) follower 收到 [2] AppendEntries [], prevIndex 0, prevTerm 0
016072 INFO S0: (term 1) follower 收到 [2] AppendEntries [], prevIndex 0, prevTerm 0
016072 LEAD S2: 1 append success next 1 match 0
016072 LEAD S2: 0 append success next 1 match 0
016572 LEAD S2: prevLog &raft.Entry{Command:interface {}(nil), Term:0, Index:0}
016572 LEAD S2: prevLog &raft.Entry{Command:interface {}(nil), Term:0, Index:0}
016573 INFO S1: (term 1) follower 收到 [2] AppendEntries [], prevIndex 0, prevTerm 0
016573 INFO S0: (term 1) follower 收到 [2] AppendEntries [], prevIndex 0, prevTerm 0
016573 LEAD S2: 1 append success next 1 match 0
016573 LEAD S2: 0 append success next 1 match 0
017073 LEAD S2: prevLog &raft.Entry{Command:interface {}(nil), Term:0, Index:0}
017073 LEAD S2: prevLog &raft.Entry{Command:interface {}(nil), Term:0, Index:0}
017074 INFO S1: (term 1) follower 收到 [2] AppendEntries [], prevIndex 0, prevTerm 0
017074 LEAD S2: 1 append success next 1 match 0
017075 INFO S0: (term 1) follower 收到 [2] AppendEntries [], prevIndex 0, prevTerm 0
017075 LEAD S2: 0 append success next 1 match 0
017576 LEAD S2: prevLog &raft.Entry{Command:interface {}(nil), Term:0, Index:0}
017576 LEAD S2: prevLog &raft.Entry{Command:interface {}(nil), Term:0, Index:0}
017577 INFO S1: (term 1) follower 收到 [2] AppendEntries [], prevIndex 0, prevTerm 0
017577 LEAD S2: 1 append success next 1 match 0
017577 INFO S0: (term 1) follower 收到 [2] AppendEntries [], prevIndex 0, prevTerm 0
017577 LEAD S2: 0 append success next 1 match 0
018078 LEAD S2: prevLog &raft.Entry{Command:interface {}(nil), Term:0, Index:0}
018078 LEAD S2: prevLog &raft.Entry{Command:interface {}(nil), Term:0, Index:0}
018079 INFO S1: (term 1) follower 收到 [2] AppendEntries [], prevIndex 0, prevTerm 0
018079 INFO S0: (term 1) follower 收到 [2] AppendEntries [], prevIndex 0, prevTerm 0
018079 LEAD S2: 1 append success next 1 match 0
018080 LEAD S2: 0 append success next 1 match 0
018581 LEAD S2: prevLog &raft.Entry{Command:interface {}(nil), Term:0, Index:0}
018581 LEAD S2: prevLog &raft.Entry{Command:interface {}(nil), Term:0, Index:0}
018582 INFO S0: (term 1) follower 收到 [2] AppendEntries [], prevIndex 0, prevTerm 0
018582 LEAD S2: 0 append success next 1 match 0
018582 INFO S1: (term 1) follower 收到 [2] AppendEntries [], prevIndex 0, prevTerm 0
018582 LEAD S2: 1 append success next 1 match 0
019083 LEAD S2: prevLog &raft.Entry{Command:interface {}(nil), Term:0, Index:0}
019084 LEAD S2: prevLog &raft.Entry{Command:interface {}(nil), Term:0, Index:0}
019084 INFO S1: (term 1) follower 收到 [2] AppendEntries [], prevIndex 0, prevTerm 0
019085 LEAD S2: 1 append success next 1 match 0
019085 INFO S0: (term 1) follower 收到 [2] AppendEntries [], prevIndex 0, prevTerm 0
019086 LEAD S2: 0 append success next 1 match 0
019586 LEAD S2: prevLog &raft.Entry{Command:interface {}(nil), Term:0, Index:0}
019586 LEAD S2: prevLog &raft.Entry{Command:interface {}(nil), Term:0, Index:0}
019587 INFO S1: (term 1) follower 收到 [2] AppendEntries [], prevIndex 0, prevTerm 0
019587 LEAD S2: 1 append success next 1 match 0
019587 INFO S0: (term 1) follower 收到 [2] AppendEntries [], prevIndex 0, prevTerm 0
019587 LEAD S2: 0 append success next 1 match 0
020088 LEAD S2: prevLog &raft.Entry{Command:interface {}(nil), Term:0, Index:0}
020089 LEAD S2: prevLog &raft.Entry{Command:interface {}(nil), Term:0, Index:0}
020089 INFO S1: (term 1) follower 收到 [2] AppendEntries [], prevIndex 0, prevTerm 0
020090 LEAD S2: 1 append success next 1 match 0
020090 INFO S0: (term 1) follower 收到 [2] AppendEntries [], prevIndex 0, prevTerm 0
020090 LEAD S2: 0 append success next 1 match 0
020591 LEAD S2: prevLog &raft.Entry{Command:interface {}(nil), Term:0, Index:0}
020591 LEAD S2: prevLog &raft.Entry{Command:interface {}(nil), Term:0, Index:0}
020592 INFO S1: (term 1) follower 收到 [2] AppendEntries [], prevIndex 0, prevTerm 0
020592 INFO S0: (term 1) follower 收到 [2] AppendEntries [], prevIndex 0, prevTerm 0
020592 LEAD S2: 1 append success next 1 match 0
020592 LEAD S2: 0 append success next 1 match 0
021093 LEAD S2: prevLog &raft.Entry{Command:interface {}(nil), Term:0, Index:0}
021094 LEAD S2: prevLog &raft.Entry{Command:interface {}(nil), Term:0, Index:0}
021094 INFO S0: (term 1) follower 收到 [2] AppendEntries [], prevIndex 0, prevTerm 0
021095 INFO S1: (term 1) follower 收到 [2] AppendEntries [], prevIndex 0, prevTerm 0
021095 LEAD S2: 0 append success next 1 match 0
021095 LEAD S2: 1 append success next 1 match 0
021596 LEAD S2: prevLog &raft.Entry{Command:interface {}(nil), Term:0, Index:0}
021596 LEAD S2: prevLog &raft.Entry{Command:interface {}(nil), Term:0, Index:0}
021597 INFO S0: (term 1) follower 收到 [2] AppendEntries [], prevIndex 0, prevTerm 0
021597 INFO S1: (term 1) follower 收到 [2] AppendEntries [], prevIndex 0, prevTerm 0
021597 LEAD S2: 0 append success next 1 match 0
021597 LEAD S2: 1 append success next 1 match 0
022098 LEAD S2: prevLog &raft.Entry{Command:interface {}(nil), Term:0, Index:0}
022098 LEAD S2: prevLog &raft.Entry{Command:interface {}(nil), Term:0, Index:0}
022099 INFO S1: (term 1) follower 收到 [2] AppendEntries [], prevIndex 0, prevTerm 0
022099 INFO S0: (term 1) follower 收到 [2] AppendEntries [], prevIndex 0, prevTerm 0
022099 LEAD S2: 1 append success next 1 match 0
022099 LEAD S2: 0 append success next 1 match 0
022600 LEAD S2: prevLog &raft.Entry{Command:interface {}(nil), Term:0, Index:0}
022600 LEAD S2: prevLog &raft.Entry{Command:interface {}(nil), Term:0, Index:0}
022601 INFO S1: (term 1) follower 收到 [2] AppendEntries [], prevIndex 0, prevTerm 0
022601 INFO S0: (term 1) follower 收到 [2] AppendEntries [], prevIndex 0, prevTerm 0
022601 LEAD S2: 1 append success next 1 match 0
022601 LEAD S2: 0 append success next 1 match 0
023102 LEAD S2: prevLog &raft.Entry{Command:interface {}(nil), Term:0, Index:0}
023102 LEAD S2: prevLog &raft.Entry{Command:interface {}(nil), Term:0, Index:0}
023103 INFO S0: (term 1) follower 收到 [2] AppendEntries [], prevIndex 0, prevTerm 0
023103 INFO S1: (term 1) follower 收到 [2] AppendEntries [], prevIndex 0, prevTerm 0
023104 LEAD S2: 1 append success next 1 match 0
023104 LEAD S2: 0 append success next 1 match 0
023605 LEAD S2: prevLog &raft.Entry{Command:interface {}(nil), Term:0, Index:0}
023605 LEAD S2: prevLog &raft.Entry{Command:interface {}(nil), Term:0, Index:0}
023606 INFO S0: (term 1) follower 收到 [2] AppendEntries [], prevIndex 0, prevTerm 0
023606 INFO S1: (term 1) follower 收到 [2] AppendEntries [], prevIndex 0, prevTerm 0
023606 LEAD S2: 0 append success next 1 match 0
023606 LEAD S2: 1 append success next 1 match 0
024108 LEAD S2: prevLog &raft.Entry{Command:interface {}(nil), Term:0, Index:0}
024108 LEAD S2: prevLog &raft.Entry{Command:interface {}(nil), Term:0, Index:0}
024110 INFO S1: (term 1) follower 收到 [2] AppendEntries [], prevIndex 0, prevTerm 0
024110 INFO S0: (term 1) follower 收到 [2] AppendEntries [], prevIndex 0, prevTerm 0
024111 LEAD S2: 1 append success next 1 match 0
024112 LEAD S2: 0 append success next 1 match 0
024612 LEAD S2: prevLog &raft.Entry{Command:interface {}(nil), Term:0, Index:0}
024612 LEAD S2: prevLog &raft.Entry{Command:interface {}(nil), Term:0, Index:0}
024614 INFO S1: (term 1) follower 收到 [2] AppendEntries [], prevIndex 0, prevTerm 0
024614 INFO S0: (term 1) follower 收到 [2] AppendEntries [], prevIndex 0, prevTerm 0
024615 LEAD S2: 0 append success next 1 match 0
024616 LEAD S2: 1 append success next 1 match 0
025113 LEAD S2: prevLog &raft.Entry{Command:interface {}(nil), Term:0, Index:0}
025113 LEAD S2: prevLog &raft.Entry{Command:interface {}(nil), Term:0, Index:0}
025115 INFO S0: (term 1) follower 收到 [2] AppendEntries [], prevIndex 0, prevTerm 0
025115 INFO S1: (term 1) follower 收到 [2] AppendEntries [], prevIndex 0, prevTerm 0
025115 LEAD S2: 0 append success next 1 match 0
025116 LEAD S2: 1 append success next 1 match 0
025614 LEAD S2: prevLog &raft.Entry{Command:interface {}(nil), Term:0, Index:0}
025614 LEAD S2: prevLog &raft.Entry{Command:interface {}(nil), Term:0, Index:0}
025615 INFO S0: (term 1) follower 收到 [2] AppendEntries [], prevIndex 0, prevTerm 0
025615 LEAD S2: 0 append success next 1 match 0
025615 INFO S1: (term 1) follower 收到 [2] AppendEntries [], prevIndex 0, prevTerm 0
025616 LEAD S2: 1 append success next 1 match 0
026115 LEAD S2: prevLog &raft.Entry{Command:interface {}(nil), Term:0, Index:0}
026116 LEAD S2: prevLog &raft.Entry{Command:interface {}(nil), Term:0, Index:0}
026117 INFO S1: (term 1) follower 收到 [2] AppendEntries [], prevIndex 0, prevTerm 0
026117 INFO S0: (term 1) follower 收到 [2] AppendEntries [], prevIndex 0, prevTerm 0
026117 LEAD S2: 1 append success next 1 match 0
026118 LEAD S2: 0 append success next 1 match 0
026618 LEAD S2: prevLog &raft.Entry{Command:interface {}(nil), Term:0, Index:0}
026618 LEAD S2: prevLog &raft.Entry{Command:interface {}(nil), Term:0, Index:0}
026619 INFO S1: (term 1) follower 收到 [2] AppendEntries [], prevIndex 0, prevTerm 0
026619 INFO S0: (term 1) follower 收到 [2] AppendEntries [], prevIndex 0, prevTerm 0
026620 LEAD S2: 1 append success next 1 match 0
026620 LEAD S2: 0 append success next 1 match 0
027121 LEAD S2: prevLog &raft.Entry{Command:interface {}(nil), Term:0, Index:0}
027121 LEAD S2: prevLog &raft.Entry{Command:interface {}(nil), Term:0, Index:0}
027122 INFO S0: (term 1) follower 收到 [2] AppendEntries [], prevIndex 0, prevTerm 0
027122 INFO S1: (term 1) follower 收到 [2] AppendEntries [], prevIndex 0, prevTerm 0
027122 LEAD S2: 1 append success next 1 match 0
027122 LEAD S2: 0 append success next 1 match 0
027623 LEAD S2: prevLog &raft.Entry{Command:interface {}(nil), Term:0, Index:0}
027623 LEAD S2: prevLog &raft.Entry{Command:interface {}(nil), Term:0, Index:0}
027624 INFO S0: (term 1) follower 收到 [2] AppendEntries [], prevIndex 0, prevTerm 0
027624 LEAD S2: 0 append success next 1 match 0
027624 INFO S1: (term 1) follower 收到 [2] AppendEntries [], prevIndex 0, prevTerm 0
027625 LEAD S2: 1 append success next 1 match 0
028124 LEAD S2: prevLog &raft.Entry{Command:interface {}(nil), Term:0, Index:0}
028125 LEAD S2: prevLog &raft.Entry{Command:interface {}(nil), Term:0, Index:0}
028125 INFO S1: (term 1) follower 收到 [2] AppendEntries [], prevIndex 0, prevTerm 0
028126 LEAD S2: 1 append success next 1 match 0
028126 INFO S0: (term 1) follower 收到 [2] AppendEntries [], prevIndex 0, prevTerm 0
028126 LEAD S2: 0 append success next 1 match 0
028627 LEAD S2: prevLog &raft.Entry{Command:interface {}(nil), Term:0, Index:0}
028627 LEAD S2: prevLog &raft.Entry{Command:interface {}(nil), Term:0, Index:0}
028628 INFO S0: (term 1) follower 收到 [2] AppendEntries [], prevIndex 0, prevTerm 0
028628 LEAD S2: 0 append success next 1 match 0
028628 INFO S1: (term 1) follower 收到 [2] AppendEntries [], prevIndex 0, prevTerm 0
028629 LEAD S2: 1 append success next 1 match 0
029152 LEAD S2: prevLog &raft.Entry{Command:interface {}(nil), Term:0, Index:0}
029152 LEAD S2: prevLog &raft.Entry{Command:interface {}(nil), Term:0, Index:0}
029153 INFO S0: (term 1) follower 收到 [2] AppendEntries [], prevIndex 0, prevTerm 0
029153 INFO S1: (term 1) follower 收到 [2] AppendEntries [], prevIndex 0, prevTerm 0
029153 LEAD S2: 0 append success next 1 match 0
029153 LEAD S2: 1 append success next 1 match 0
029655 LEAD S2: prevLog &raft.Entry{Command:interface {}(nil), Term:0, Index:0}
029655 LEAD S2: prevLog &raft.Entry{Command:interface {}(nil), Term:0, Index:0}
029657 INFO S1: (term 1) follower 收到 [2] AppendEntries [], prevIndex 0, prevTerm 0
029657 INFO S0: (term 1) follower 收到 [2] AppendEntries [], prevIndex 0, prevTerm 0
029657 LEAD S2: 1 append success next 1 match 0
029658 LEAD S2: 0 append success next 1 match 0
030158 LEAD S2: prevLog &raft.Entry{Command:interface {}(nil), Term:0, Index:0}
030158 LEAD S2: prevLog &raft.Entry{Command:interface {}(nil), Term:0, Index:0}
030158 INFO S0: (term 1) follower 收到 [2] AppendEntries [], prevIndex 0, prevTerm 0
030159 LEAD S2: 0 append success next 1 match 0
030158 INFO S1: (term 1) follower 收到 [2] AppendEntries [], prevIndex 0, prevTerm 0
030159 LEAD S2: 1 append success next 1 match 0
030659 LEAD S2: prevLog &raft.Entry{Command:interface {}(nil), Term:0, Index:0}
030659 LEAD S2: prevLog &raft.Entry{Command:interface {}(nil), Term:0, Index:0}
030660 INFO S1: (term 1) follower 收到 [2] AppendEntries [], prevIndex 0, prevTerm 0
030661 LEAD S2: 1 append success next 1 match 0
030660 INFO S0: (term 1) follower 收到 [2] AppendEntries [], prevIndex 0, prevTerm 0
030661 LEAD S2: 0 append success next 1 match 0
031161 LEAD S2: prevLog &raft.Entry{Command:interface {}(nil), Term:0, Index:0}
031162 LEAD S2: prevLog &raft.Entry{Command:interface {}(nil), Term:0, Index:0}
031162 INFO S0: (term 1) follower 收到 [2] AppendEntries [], prevIndex 0, prevTerm 0
031162 INFO S1: (term 1) follower 收到 [2] AppendEntries [], prevIndex 0, prevTerm 0
031163 LEAD S2: 0 append success next 1 match 0
031163 LEAD S2: 1 append success next 1 match 0
031663 LEAD S2: prevLog &raft.Entry{Command:interface {}(nil), Term:0, Index:0}
031663 LEAD S2: prevLog &raft.Entry{Command:interface {}(nil), Term:0, Index:0}
031664 INFO S1: (term 1) follower 收到 [2] AppendEntries [], prevIndex 0, prevTerm 0
031664 INFO S0: (term 1) follower 收到 [2] AppendEntries [], prevIndex 0, prevTerm 0
031664 LEAD S2: 1 append success next 1 match 0
031664 LEAD S2: 0 append success next 1 match 0
032165 LEAD S2: prevLog &raft.Entry{Command:interface {}(nil), Term:0, Index:0}
032166 LEAD S2: prevLog &raft.Entry{Command:interface {}(nil), Term:0, Index:0}
032166 INFO S0: (term 1) follower 收到 [2] AppendEntries [], prevIndex 0, prevTerm 0
032166 INFO S1: (term 1) follower 收到 [2] AppendEntries [], prevIndex 0, prevTerm 0
032167 LEAD S2: 1 append success next 1 match 0
032167 LEAD S2: 0 append success next 1 match 0
032667 LEAD S2: prevLog &raft.Entry{Command:interface {}(nil), Term:0, Index:0}
032667 LEAD S2: prevLog &raft.Entry{Command:interface {}(nil), Term:0, Index:0}
032668 INFO S1: (term 1) follower 收到 [2] AppendEntries [], prevIndex 0, prevTerm 0
032668 LEAD S2: 1 append success next 1 match 0
032668 INFO S0: (term 1) follower 收到 [2] AppendEntries [], prevIndex 0, prevTerm 0
032668 LEAD S2: 0 append success next 1 match 0
033169 LEAD S2: prevLog &raft.Entry{Command:interface {}(nil), Term:0, Index:0}
033169 LEAD S2: prevLog &raft.Entry{Command:interface {}(nil), Term:0, Index:0}
033170 INFO S0: (term 1) follower 收到 [2] AppendEntries [], prevIndex 0, prevTerm 0
033171 LEAD S2: 0 append success next 1 match 0
033171 INFO S1: (term 1) follower 收到 [2] AppendEntries [], prevIndex 0, prevTerm 0
033171 LEAD S2: 1 append success next 1 match 0
033672 LEAD S2: prevLog &raft.Entry{Command:interface {}(nil), Term:0, Index:0}
033673 LEAD S2: prevLog &raft.Entry{Command:interface {}(nil), Term:0, Index:0}
033673 INFO S0: (term 1) follower 收到 [2] AppendEntries [], prevIndex 0, prevTerm 0
033674 LEAD S2: 0 append success next 1 match 0
033674 INFO S1: (term 1) follower 收到 [2] AppendEntries [], prevIndex 0, prevTerm 0
033674 LEAD S2: 1 append success next 1 match 0
034175 LEAD S2: prevLog &raft.Entry{Command:interface {}(nil), Term:0, Index:0}
034175 LEAD S2: prevLog &raft.Entry{Command:interface {}(nil), Term:0, Index:0}
034176 INFO S0: (term 1) follower 收到 [2] AppendEntries [], prevIndex 0, prevTerm 0
034176 INFO S1: (term 1) follower 收到 [2] AppendEntries [], prevIndex 0, prevTerm 0
034177 LEAD S2: 1 append success next 1 match 0
034181 LEAD S2: 0 append success next 1 match 0
034677 LEAD S2: prevLog &raft.Entry{Command:interface {}(nil), Term:0, Index:0}
034677 LEAD S2: prevLog &raft.Entry{Command:interface {}(nil), Term:0, Index:0}
034679 INFO S1: (term 1) follower 收到 [2] AppendEntries [], prevIndex 0, prevTerm 0
034679 INFO S0: (term 1) follower 收到 [2] AppendEntries [], prevIndex 0, prevTerm 0
034679 LEAD S2: 1 append success next 1 match 0
034679 LEAD S2: 0 append success next 1 match 0
035179 LEAD S2: prevLog &raft.Entry{Command:interface {}(nil), Term:0, Index:0}
035179 LEAD S2: prevLog &raft.Entry{Command:interface {}(nil), Term:0, Index:0}
035180 INFO S0: (term 1) follower 收到 [2] AppendEntries [], prevIndex 0, prevTerm 0
035180 INFO S1: (term 1) follower 收到 [2] AppendEntries [], prevIndex 0, prevTerm 0
035180 LEAD S2: 1 append success next 1 match 0
035180 LEAD S2: 0 append success next 1 match 0
035680 LEAD S2: prevLog &raft.Entry{Command:interface {}(nil), Term:0, Index:0}
035680 LEAD S2: prevLog &raft.Entry{Command:interface {}(nil), Term:0, Index:0}
035681 INFO S1: (term 1) follower 收到 [2] AppendEntries [], prevIndex 0, prevTerm 0
035681 INFO S0: (term 1) follower 收到 [2] AppendEntries [], prevIndex 0, prevTerm 0
035682 LEAD S2: 0 append success next 1 match 0
035682 LEAD S2: 1 append success next 1 match 0
036183 LEAD S2: prevLog &raft.Entry{Command:interface {}(nil), Term:0, Index:0}
036183 LEAD S2: prevLog &raft.Entry{Command:interface {}(nil), Term:0, Index:0}
036184 INFO S1: (term 1) follower 收到 [2] AppendEntries [], prevIndex 0, prevTerm 0
036184 LEAD S2: 1 append success next 1 match 0
036184 INFO S0: (term 1) follower 收到 [2] AppendEntries [], prevIndex 0, prevTerm 0
036185 LEAD S2: 0 append success next 1 match 0
036684 LEAD S2: prevLog &raft.Entry{Command:interface {}(nil), Term:0, Index:0}
036685 LEAD S2: prevLog &raft.Entry{Command:interface {}(nil), Term:0, Index:0}
036685 INFO S1: (term 1) follower 收到 [2] AppendEntries [], prevIndex 0, prevTerm 0
036685 INFO S0: (term 1) follower 收到 [2] AppendEntries [], prevIndex 0, prevTerm 0
036686 LEAD S2: 1 append success next 1 match 0
036686 LEAD S2: 0 append success next 1 match 0
037186 LEAD S2: prevLog &raft.Entry{Command:interface {}(nil), Term:0, Index:0}
037186 LEAD S2: prevLog &raft.Entry{Command:interface {}(nil), Term:0, Index:0}
037187 INFO S0: (term 1) follower 收到 [2] AppendEntries [], prevIndex 0, prevTerm 0
037187 INFO S1: (term 1) follower 收到 [2] AppendEntries [], prevIndex 0, prevTerm 0
037188 LEAD S2: 1 append success next 1 match 0
037188 LEAD S2: 0 append success next 1 match 0
037689 LEAD S2: prevLog &raft.Entry{Command:interface {}(nil), Term:0, Index:0}
037689 LEAD S2: prevLog &raft.Entry{Command:interface {}(nil), Term:0, Index:0}
037690 INFO S1: (term 1) follower 收到 [2] AppendEntries [], prevIndex 0, prevTerm 0
037690 LEAD S2: 1 append success next 1 match 0
037690 INFO S0: (term 1) follower 收到 [2] AppendEntries [], prevIndex 0, prevTerm 0
037691 LEAD S2: 0 append success next 1 match 0
038190 LEAD S2: prevLog &raft.Entry{Command:interface {}(nil), Term:0, Index:0}
038190 LEAD S2: prevLog &raft.Entry{Command:interface {}(nil), Term:0, Index:0}
038191 INFO S1: (term 1) follower 收到 [2] AppendEntries [], prevIndex 0, prevTerm 0
038192 LEAD S2: 1 append success next 1 match 0
038192 INFO S0: (term 1) follower 收到 [2] AppendEntries [], prevIndex 0, prevTerm 0
038192 LEAD S2: 0 append success next 1 match 0
038692 LEAD S2: prevLog &raft.Entry{Command:interface {}(nil), Term:0, Index:0}
038692 LEAD S2: prevLog &raft.Entry{Command:interface {}(nil), Term:0, Index:0}
038693 INFO S1: (term 1) follower 收到 [2] AppendEntries [], prevIndex 0, prevTerm 0
038693 INFO S0: (term 1) follower 收到 [2] AppendEntries [], prevIndex 0, prevTerm 0
038693 LEAD S2: 1 append success next 1 match 0
038693 LEAD S2: 0 append success next 1 match 0
039194 LEAD S2: prevLog &raft.Entry{Command:interface {}(nil), Term:0, Index:0}
039194 LEAD S2: prevLog &raft.Entry{Command:interface {}(nil), Term:0, Index:0}
039195 INFO S1: (term 1) follower 收到 [2] AppendEntries [], prevIndex 0, prevTerm 0
039195 INFO S0: (term 1) follower 收到 [2] AppendEntries [], prevIndex 0, prevTerm 0
039195 LEAD S2: 0 append success next 1 match 0
039195 LEAD S2: 1 append success next 1 match 0
039696 LEAD S2: prevLog &raft.Entry{Command:interface {}(nil), Term:0, Index:0}
039697 LEAD S2: prevLog &raft.Entry{Command:interface {}(nil), Term:0, Index:0}
039698 INFO S1: (term 1) follower 收到 [2] AppendEntries [], prevIndex 0, prevTerm 0
039698 LEAD S2: 1 append success next 1 match 0
039698 INFO S0: (term 1) follower 收到 [2] AppendEntries [], prevIndex 0, prevTerm 0
039698 LEAD S2: 0 append success next 1 match 0
040198 LEAD S2: prevLog &raft.Entry{Command:interface {}(nil), Term:0, Index:0}
040198 LEAD S2: prevLog &raft.Entry{Command:interface {}(nil), Term:0, Index:0}
040199 INFO S1: (term 1) follower 收到 [2] AppendEntries [], prevIndex 0, prevTerm 0
040199 INFO S0: (term 1) follower 收到 [2] AppendEntries [], prevIndex 0, prevTerm 0
040199 LEAD S2: 1 append success next 1 match 0
040199 LEAD S2: 0 append success next 1 match 0
040699 LEAD S2: prevLog &raft.Entry{Command:interface {}(nil), Term:0, Index:0}
040700 LEAD S2: prevLog &raft.Entry{Command:interface {}(nil), Term:0, Index:0}
040700 INFO S0: (term 1) follower 收到 [2] AppendEntries [], prevIndex 0, prevTerm 0
040701 LEAD S2: 0 append success next 1 match 0
040701 INFO S1: (term 1) follower 收到 [2] AppendEntries [], prevIndex 0, prevTerm 0
040701 LEAD S2: 1 append success next 1 match 0
041202 LEAD S2: prevLog &raft.Entry{Command:interface {}(nil), Term:0, Index:0}
041202 LEAD S2: prevLog &raft.Entry{Command:interface {}(nil), Term:0, Index:0}
041203 INFO S0: (term 1) follower 收到 [2] AppendEntries [], prevIndex 0, prevTerm 0
041203 INFO S1: (term 1) follower 收到 [2] AppendEntries [], prevIndex 0, prevTerm 0
041203 LEAD S2: 0 append success next 1 match 0
041204 LEAD S2: 1 append success next 1 match 0
041704 LEAD S2: prevLog &raft.Entry{Command:interface {}(nil), Term:0, Index:0}
041704 LEAD S2: prevLog &raft.Entry{Command:interface {}(nil), Term:0, Index:0}
041705 INFO S1: (term 1) follower 收到 [2] AppendEntries [], prevIndex 0, prevTerm 0
041705 INFO S0: (term 1) follower 收到 [2] AppendEntries [], prevIndex 0, prevTerm 0
041706 LEAD S2: 1 append success next 1 match 0
041706 LEAD S2: 0 append success next 1 match 0
042206 LEAD S2: prevLog &raft.Entry{Command:interface {}(nil), Term:0, Index:0}
042206 LEAD S2: prevLog &raft.Entry{Command:interface {}(nil), Term:0, Index:0}
042207 INFO S0: (term 1) follower 收到 [2] AppendEntries [], prevIndex 0, prevTerm 0
042207 INFO S1: (term 1) follower 收到 [2] AppendEntries [], prevIndex 0, prevTerm 0
042207 LEAD S2: 0 append success next 1 match 0
042208 LEAD S2: 1 append success next 1 match 0
042707 LEAD S2: prevLog &raft.Entry{Command:interface {}(nil), Term:0, Index:0}
042708 LEAD S2: prevLog &raft.Entry{Command:interface {}(nil), Term:0, Index:0}
042709 INFO S1: (term 1) follower 收到 [2] AppendEntries [], prevIndex 0, prevTerm 0
042709 INFO S0: (term 1) follower 收到 [2] AppendEntries [], prevIndex 0, prevTerm 0
042709 LEAD S2: 1 append success next 1 match 0
042709 LEAD S2: 0 append success next 1 match 0
043210 LEAD S2: prevLog &raft.Entry{Command:interface {}(nil), Term:0, Index:0}
043211 LEAD S2: prevLog &raft.Entry{Command:interface {}(nil), Term:0, Index:0}
043211 INFO S1: (term 1) follower 收到 [2] AppendEntries [], prevIndex 0, prevTerm 0
043211 INFO S0: (term 1) follower 收到 [2] AppendEntries [], prevIndex 0, prevTerm 0
043212 LEAD S2: 0 append success next 1 match 0
043212 LEAD S2: 1 append success next 1 match 0
043712 LEAD S2: prevLog &raft.Entry{Command:interface {}(nil), Term:0, Index:0}
043712 LEAD S2: prevLog &raft.Entry{Command:interface {}(nil), Term:0, Index:0}
043713 INFO S0: (term 1) follower 收到 [2] AppendEntries [], prevIndex 0, prevTerm 0
043713 INFO S1: (term 1) follower 收到 [2] AppendEntries [], prevIndex 0, prevTerm 0
043714 LEAD S2: 1 append success next 1 match 0
043714 LEAD S2: 0 append success next 1 match 0
044215 LEAD S2: prevLog &raft.Entry{Command:interface {}(nil), Term:0, Index:0}
044215 LEAD S2: prevLog &raft.Entry{Command:interface {}(nil), Term:0, Index:0}
044216 INFO S0: (term 1) follower 收到 [2] AppendEntries [], prevIndex 0, prevTerm 0
044216 INFO S1: (term 1) follower 收到 [2] AppendEntries [], prevIndex 0, prevTerm 0
044216 LEAD S2: 0 append success next 1 match 0
044216 LEAD S2: 1 append success next 1 match 0
044716 LEAD S2: prevLog &raft.Entry{Command:interface {}(nil), Term:0, Index:0}
044717 LEAD S2: prevLog &raft.Entry{Command:interface {}(nil), Term:0, Index:0}
044717 INFO S1: (term 1) follower 收到 [2] AppendEntries [], prevIndex 0, prevTerm 0
044717 INFO S0: (term 1) follower 收到 [2] AppendEntries [], prevIndex 0, prevTerm 0
044718 LEAD S2: 0 append success next 1 match 0
044718 LEAD S2: 1 append success next 1 match 0
045219 LEAD S2: prevLog &raft.Entry{Command:interface {}(nil), Term:0, Index:0}
045219 LEAD S2: prevLog &raft.Entry{Command:interface {}(nil), Term:0, Index:0}
045220 INFO S0: (term 1) follower 收到 [2] AppendEntries [], prevIndex 0, prevTerm 0
045220 INFO S1: (term 1) follower 收到 [2] AppendEntries [], prevIndex 0, prevTerm 0
045221 LEAD S2: 0 append success next 1 match 0
045221 LEAD S2: 1 append success next 1 match 0
045721 LEAD S2: prevLog &raft.Entry{Command:interface {}(nil), Term:0, Index:0}
045721 LEAD S2: prevLog &raft.Entry{Command:interface {}(nil), Term:0, Index:0}
045722 INFO S0: (term 1) follower 收到 [2] AppendEntries [], prevIndex 0, prevTerm 0
045723 LEAD S2: 0 append success next 1 match 0
045722 INFO S1: (term 1) follower 收到 [2] AppendEntries [], prevIndex 0, prevTerm 0
045723 LEAD S2: 1 append success next 1 match 0
046223 LEAD S2: prevLog &raft.Entry{Command:interface {}(nil), Term:0, Index:0}
046223 LEAD S2: prevLog &raft.Entry{Command:interface {}(nil), Term:0, Index:0}
046224 INFO S0: (term 1) follower 收到 [2] AppendEntries [], prevIndex 0, prevTerm 0
046224 INFO S1: (term 1) follower 收到 [2] AppendEntries [], prevIndex 0, prevTerm 0
046224 LEAD S2: 1 append success next 1 match 0
046224 LEAD S2: 0 append success next 1 match 0
046725 LEAD S2: prevLog &raft.Entry{Command:interface {}(nil), Term:0, Index:0}
046726 LEAD S2: prevLog &raft.Entry{Command:interface {}(nil), Term:0, Index:0}
046726 INFO S0: (term 1) follower 收到 [2] AppendEntries [], prevIndex 0, prevTerm 0
046726 INFO S1: (term 1) follower 收到 [2] AppendEntries [], prevIndex 0, prevTerm 0
046727 LEAD S2: 0 append success next 1 match 0
046727 LEAD S2: 1 append success next 1 match 0
047227 LEAD S2: prevLog &raft.Entry{Command:interface {}(nil), Term:0, Index:0}
047227 LEAD S2: prevLog &raft.Entry{Command:interface {}(nil), Term:0, Index:0}
047228 INFO S0: (term 1) follower 收到 [2] AppendEntries [], prevIndex 0, prevTerm 0
047228 LEAD S2: 0 append success next 1 match 0
047228 INFO S1: (term 1) follower 收到 [2] AppendEntries [], prevIndex 0, prevTerm 0
047228 LEAD S2: 1 append success next 1 match 0
047729 LEAD S2: prevLog &raft.Entry{Command:interface {}(nil), Term:0, Index:0}
047730 LEAD S2: prevLog &raft.Entry{Command:interface {}(nil), Term:0, Index:0}
047730 INFO S0: (term 1) follower 收到 [2] AppendEntries [], prevIndex 0, prevTerm 0
047730 INFO S1: (term 1) follower 收到 [2] AppendEntries [], prevIndex 0, prevTerm 0
047731 LEAD S2: 0 append success next 1 match 0
047731 LEAD S2: 1 append success next 1 match 0
048232 LEAD S2: prevLog &raft.Entry{Command:interface {}(nil), Term:0, Index:0}
048232 LEAD S2: prevLog &raft.Entry{Command:interface {}(nil), Term:0, Index:0}
048232 INFO S0: (term 1) follower 收到 [2] AppendEntries [], prevIndex 0, prevTerm 0
048233 INFO S1: (term 1) follower 收到 [2] AppendEntries [], prevIndex 0, prevTerm 0
048233 LEAD S2: 1 append success next 1 match 0
048233 LEAD S2: 0 append success next 1 match 0
048734 LEAD S2: prevLog &raft.Entry{Command:interface {}(nil), Term:0, Index:0}
048734 LEAD S2: prevLog &raft.Entry{Command:interface {}(nil), Term:0, Index:0}
048735 INFO S1: (term 1) follower 收到 [2] AppendEntries [], prevIndex 0, prevTerm 0
048735 INFO S0: (term 1) follower 收到 [2] AppendEntries [], prevIndex 0, prevTerm 0
048735 LEAD S2: 1 append success next 1 match 0
048736 LEAD S2: 0 append success next 1 match 0
049235 LEAD S2: prevLog &raft.Entry{Command:interface {}(nil), Term:0, Index:0}
049235 LEAD S2: prevLog &raft.Entry{Command:interface {}(nil), Term:0, Index:0}
049236 INFO S1: (term 1) follower 收到 [2] AppendEntries [], prevIndex 0, prevTerm 0
049236 INFO S0: (term 1) follower 收到 [2] AppendEntries [], prevIndex 0, prevTerm 0
049237 LEAD S2: 1 append success next 1 match 0
049237 LEAD S2: 0 append success next 1 match 0
049737 LEAD S2: prevLog &raft.Entry{Command:interface {}(nil), Term:0, Index:0}
049737 LEAD S2: prevLog &raft.Entry{Command:interface {}(nil), Term:0, Index:0}
049738 INFO S0: (term 1) follower 收到 [2] AppendEntries [], prevIndex 0, prevTerm 0
049738 INFO S1: (term 1) follower 收到 [2] AppendEntries [], prevIndex 0, prevTerm 0
049738 LEAD S2: 0 append success next 1 match 0
049739 LEAD S2: 1 append success next 1 match 0
050240 LEAD S2: prevLog &raft.Entry{Command:interface {}(nil), Term:0, Index:0}
050240 LEAD S2: prevLog &raft.Entry{Command:interface {}(nil), Term:0, Index:0}
050241 INFO S0: (term 1) follower 收到 [2] AppendEntries [], prevIndex 0, prevTerm 0
050241 INFO S1: (term 1) follower 收到 [2] AppendEntries [], prevIndex 0, prevTerm 0
050241 LEAD S2: 0 append success next 1 match 0
050241 LEAD S2: 1 append success next 1 match 0
050741 LEAD S2: prevLog &raft.Entry{Command:interface {}(nil), Term:0, Index:0}
050741 LEAD S2: prevLog &raft.Entry{Command:interface {}(nil), Term:0, Index:0}
050742 INFO S0: (term 1) follower 收到 [2] AppendEntries [], prevIndex 0, prevTerm 0
050742 INFO S1: (term 1) follower 收到 [2] AppendEntries [], prevIndex 0, prevTerm 0
050742 LEAD S2: 1 append success next 1 match 0
050742 LEAD S2: 0 append success next 1 match 0
051243 LEAD S2: prevLog &raft.Entry{Command:interface {}(nil), Term:0, Index:0}
051243 LEAD S2: prevLog &raft.Entry{Command:interface {}(nil), Term:0, Index:0}
051244 INFO S1: (term 1) follower 收到 [2] AppendEntries [], prevIndex 0, prevTerm 0
051244 LEAD S2: 1 append success next 1 match 0
051244 INFO S0: (term 1) follower 收到 [2] AppendEntries [], prevIndex 0, prevTerm 0
051244 LEAD S2: 0 append success next 1 match 0
051745 LEAD S2: prevLog &raft.Entry{Command:interface {}(nil), Term:0, Index:0}
051746 LEAD S2: prevLog &raft.Entry{Command:interface {}(nil), Term:0, Index:0}
051746 INFO S1: (term 1) follower 收到 [2] AppendEntries [], prevIndex 0, prevTerm 0
051747 LEAD S2: 1 append success next 1 match 0
051747 INFO S0: (term 1) follower 收到 [2] AppendEntries [], prevIndex 0, prevTerm 0
051747 LEAD S2: 0 append success next 1 match 0
052248 LEAD S2: prevLog &raft.Entry{Command:interface {}(nil), Term:0, Index:0}
052248 LEAD S2: prevLog &raft.Entry{Command:interface {}(nil), Term:0, Index:0}
052249 INFO S1: (term 1) follower 收到 [2] AppendEntries [], prevIndex 0, prevTerm 0
052249 INFO S0: (term 1) follower 收到 [2] AppendEntries [], prevIndex 0, prevTerm 0
052250 LEAD S2: 1 append success next 1 match 0
052250 LEAD S2: 0 append success next 1 match 0
052751 LEAD S2: prevLog &raft.Entry{Command:interface {}(nil), Term:0, Index:0}
052751 LEAD S2: prevLog &raft.Entry{Command:interface {}(nil), Term:0, Index:0}
052752 INFO S0: (term 1) follower 收到 [2] AppendEntries [], prevIndex 0, prevTerm 0
052752 INFO S1: (term 1) follower 收到 [2] AppendEntries [], prevIndex 0, prevTerm 0
052752 LEAD S2: 1 append success next 1 match 0
052752 LEAD S2: 0 append success next 1 match 0
053253 LEAD S2: prevLog &raft.Entry{Command:interface {}(nil), Term:0, Index:0}
053253 LEAD S2: prevLog &raft.Entry{Command:interface {}(nil), Term:0, Index:0}
053254 INFO S1: (term 1) follower 收到 [2] AppendEntries [], prevIndex 0, prevTerm 0
053254 INFO S0: (term 1) follower 收到 [2] AppendEntries [], prevIndex 0, prevTerm 0
053255 LEAD S2: 1 append success next 1 match 0
053255 LEAD S2: 0 append success next 1 match 0
053754 LEAD S2: prevLog &raft.Entry{Command:interface {}(nil), Term:0, Index:0}
053755 LEAD S2: prevLog &raft.Entry{Command:interface {}(nil), Term:0, Index:0}
053755 INFO S1: (term 1) follower 收到 [2] AppendEntries [], prevIndex 0, prevTerm 0
053755 INFO S0: (term 1) follower 收到 [2] AppendEntries [], prevIndex 0, prevTerm 0
053756 LEAD S2: 1 append success next 1 match 0
053756 LEAD S2: 0 append success next 1 match 0
054256 LEAD S2: prevLog &raft.Entry{Command:interface {}(nil), Term:0, Index:0}
054256 LEAD S2: prevLog &raft.Entry{Command:interface {}(nil), Term:0, Index:0}
054256 INFO S0: (term 1) follower 收到 [2] AppendEntries [], prevIndex 0, prevTerm 0
054257 INFO S1: (term 1) follower 收到 [2] AppendEntries [], prevIndex 0, prevTerm 0
054257 LEAD S2: 0 append success next 1 match 0
054257 LEAD S2: 1 append success next 1 match 0
054758 LEAD S2: prevLog &raft.Entry{Command:interface {}(nil), Term:0, Index:0}
054759 LEAD S2: prevLog &raft.Entry{Command:interface {}(nil), Term:0, Index:0}
054760 INFO S0: (term 1) follower 收到 [2] AppendEntries [], prevIndex 0, prevTerm 0
054760 INFO S1: (term 1) follower 收到 [2] AppendEntries [], prevIndex 0, prevTerm 0
054760 LEAD S2: 0 append success next 1 match 0
054760 LEAD S2: 1 append success next 1 match 0
055260 LEAD S2: prevLog &raft.Entry{Command:interface {}(nil), Term:0, Index:0}
055261 LEAD S2: prevLog &raft.Entry{Command:interface {}(nil), Term:0, Index:0}
055261 INFO S0: (term 1) follower 收到 [2] AppendEntries [], prevIndex 0, prevTerm 0
055261 INFO S1: (term 1) follower 收到 [2] AppendEntries [], prevIndex 0, prevTerm 0
055262 LEAD S2: 0 append success next 1 match 0
055262 LEAD S2: 1 append success next 1 match 0
055763 LEAD S2: prevLog &raft.Entry{Command:interface {}(nil), Term:0, Index:0}
055763 LEAD S2: prevLog &raft.Entry{Command:interface {}(nil), Term:0, Index:0}
055764 INFO S1: (term 1) follower 收到 [2] AppendEntries [], prevIndex 0, prevTerm 0
055764 INFO S0: (term 1) follower 收到 [2] AppendEntries [], prevIndex 0, prevTerm 0
055764 LEAD S2: 0 append success next 1 match 0
055764 LEAD S2: 1 append success next 1 match 0
056264 LEAD S2: prevLog &raft.Entry{Command:interface {}(nil), Term:0, Index:0}
056264 LEAD S2: prevLog &raft.Entry{Command:interface {}(nil), Term:0, Index:0}
056265 INFO S0: (term 1) follower 收到 [2] AppendEntries [], prevIndex 0, prevTerm 0
056265 INFO S1: (term 1) follower 收到 [2] AppendEntries [], prevIndex 0, prevTerm 0
056266 LEAD S2: 0 append success next 1 match 0
056266 LEAD S2: 1 append success next 1 match 0
056767 LEAD S2: prevLog &raft.Entry{Command:interface {}(nil), Term:0, Index:0}
056767 LEAD S2: prevLog &raft.Entry{Command:interface {}(nil), Term:0, Index:0}
056768 INFO S0: (term 1) follower 收到 [2] AppendEntries [], prevIndex 0, prevTerm 0
056768 INFO S1: (term 1) follower 收到 [2] AppendEntries [], prevIndex 0, prevTerm 0
056768 LEAD S2: 0 append success next 1 match 0
056768 LEAD S2: 1 append success next 1 match 0
057269 LEAD S2: prevLog &raft.Entry{Command:interface {}(nil), Term:0, Index:0}
057269 LEAD S2: prevLog &raft.Entry{Command:interface {}(nil), Term:0, Index:0}
057270 INFO S1: (term 1) follower 收到 [2] AppendEntries [], prevIndex 0, prevTerm 0
057270 INFO S0: (term 1) follower 收到 [2] AppendEntries [], prevIndex 0, prevTerm 0
057270 LEAD S2: 0 append success next 1 match 0
057270 LEAD S2: 1 append success next 1 match 0
057771 LEAD S2: prevLog &raft.Entry{Command:interface {}(nil), Term:0, Index:0}
057771 LEAD S2: prevLog &raft.Entry{Command:interface {}(nil), Term:0, Index:0}
057772 INFO S0: (term 1) follower 收到 [2] AppendEntries [], prevIndex 0, prevTerm 0
057772 INFO S1: (term 1) follower 收到 [2] AppendEntries [], prevIndex 0, prevTerm 0
057772 LEAD S2: 0 append success next 1 match 0
057773 LEAD S2: 1 append success next 1 match 0
058273 LEAD S2: prevLog &raft.Entry{Command:interface {}(nil), Term:0, Index:0}
058273 LEAD S2: prevLog &raft.Entry{Command:interface {}(nil), Term:0, Index:0}
058274 INFO S1: (term 1) follower 收到 [2] AppendEntries [], prevIndex 0, prevTerm 0
058274 INFO S0: (term 1) follower 收到 [2] AppendEntries [], prevIndex 0, prevTerm 0
058275 LEAD S2: 1 append success next 1 match 0
058275 LEAD S2: 0 append success next 1 match 0
058776 LEAD S2: prevLog &raft.Entry{Command:interface {}(nil), Term:0, Index:0}
058777 LEAD S2: prevLog &raft.Entry{Command:interface {}(nil), Term:0, Index:0}
058777 INFO S1: (term 1) follower 收到 [2] AppendEntries [], prevIndex 0, prevTerm 0
058778 INFO S0: (term 1) follower 收到 [2] AppendEntries [], prevIndex 0, prevTerm 0
058778 LEAD S2: 1 append success next 1 match 0
058779 LEAD S2: 0 append success next 1 match 0
059278 LEAD S2: prevLog &raft.Entry{Command:interface {}(nil), Term:0, Index:0}
059278 LEAD S2: prevLog &raft.Entry{Command:interface {}(nil), Term:0, Index:0}
059279 INFO S0: (term 1) follower 收到 [2] AppendEntries [], prevIndex 0, prevTerm 0
059279 INFO S1: (term 1) follower 收到 [2] AppendEntries [], prevIndex 0, prevTerm 0
059279 LEAD S2: 0 append success next 1 match 0
059280 LEAD S2: 1 append success next 1 match 0
059780 LEAD S2: prevLog &raft.Entry{Command:interface {}(nil), Term:0, Index:0}
059780 LEAD S2: prevLog &raft.Entry{Command:interface {}(nil), Term:0, Index:0}
059781 INFO S0: (term 1) follower 收到 [2] AppendEntries [], prevIndex 0, prevTerm 0
059781 INFO S1: (term 1) follower 收到 [2] AppendEntries [], prevIndex 0, prevTerm 0
059781 LEAD S2: 1 append success next 1 match 0
059781 LEAD S2: 0 append success next 1 match 0
060282 LEAD S2: prevLog &raft.Entry{Command:interface {}(nil), Term:0, Index:0}
060282 LEAD S2: prevLog &raft.Entry{Command:interface {}(nil), Term:0, Index:0}
060283 INFO S0: (term 1) follower 收到 [2] AppendEntries [], prevIndex 0, prevTerm 0
060283 INFO S1: (term 1) follower 收到 [2] AppendEntries [], prevIndex 0, prevTerm 0
060283 LEAD S2: 1 append success next 1 match 0
060283 LEAD S2: 0 append success next 1 match 0
060784 LEAD S2: prevLog &raft.Entry{Command:interface {}(nil), Term:0, Index:0}
060784 LEAD S2: prevLog &raft.Entry{Command:interface {}(nil), Term:0, Index:0}
060785 INFO S0: (term 1) follower 收到 [2] AppendEntries [], prevIndex 0, prevTerm 0
060785 LEAD S2: 0 append success next 1 match 0
060785 INFO S1: (term 1) follower 收到 [2] AppendEntries [], prevIndex 0, prevTerm 0
060786 LEAD S2: 1 append success next 1 match 0
061286 LEAD S2: prevLog &raft.Entry{Command:interface {}(nil), Term:0, Index:0}
061287 LEAD S2: prevLog &raft.Entry{Command:interface {}(nil), Term:0, Index:0}
061288 INFO S1: (term 1) follower 收到 [2] AppendEntries [], prevIndex 0, prevTerm 0
061288 INFO S0: (term 1) follower 收到 [2] AppendEntries [], prevIndex 0, prevTerm 0
061288 LEAD S2: 1 append success next 1 match 0
061288 LEAD S2: 0 append success next 1 match 0
061789 LEAD S2: prevLog &raft.Entry{Command:interface {}(nil), Term:0, Index:0}
061789 LEAD S2: prevLog &raft.Entry{Command:interface {}(nil), Term:0, Index:0}
061790 INFO S0: (term 1) follower 收到 [2] AppendEntries [], prevIndex 0, prevTerm 0
061790 LEAD S2: 0 append success next 1 match 0
061790 INFO S1: (term 1) follower 收到 [2] AppendEntries [], prevIndex 0, prevTerm 0
061790 LEAD S2: 1 append success next 1 match 0
062291 LEAD S2: prevLog &raft.Entry{Command:interface {}(nil), Term:0, Index:0}
062291 LEAD S2: prevLog &raft.Entry{Command:interface {}(nil), Term:0, Index:0}
062291 INFO S1: (term 1) follower 收到 [2] AppendEntries [], prevIndex 0, prevTerm 0
062292 INFO S0: (term 1) follower 收到 [2] AppendEntries [], prevIndex 0, prevTerm 0
062292 LEAD S2: 1 append success next 1 match 0
062293 LEAD S2: 0 append success next 1 match 0
062793 LEAD S2: prevLog &raft.Entry{Command:interface {}(nil), Term:0, Index:0}
062793 LEAD S2: prevLog &raft.Entry{Command:interface {}(nil), Term:0, Index:0}
062794 INFO S0: (term 1) follower 收到 [2] AppendEntries [], prevIndex 0, prevTerm 0
062794 INFO S1: (term 1) follower 收到 [2] AppendEntries [], prevIndex 0, prevTerm 0
062794 LEAD S2: 1 append success next 1 match 0
062794 LEAD S2: 0 append success next 1 match 0
063295 LEAD S2: prevLog &raft.Entry{Command:interface {}(nil), Term:0, Index:0}
063295 LEAD S2: prevLog &raft.Entry{Command:interface {}(nil), Term:0, Index:0}
063296 INFO S0: (term 1) follower 收到 [2] AppendEntries [], prevIndex 0, prevTerm 0
063296 INFO S1: (term 1) follower 收到 [2] AppendEntries [], prevIndex 0, prevTerm 0
063297 LEAD S2: 0 append success next 1 match 0
063297 LEAD S2: 1 append success next 1 match 0
063797 LEAD S2: prevLog &raft.Entry{Command:interface {}(nil), Term:0, Index:0}
063797 LEAD S2: prevLog &raft.Entry{Command:interface {}(nil), Term:0, Index:0}
063797 INFO S0: (term 1) follower 收到 [2] AppendEntries [], prevIndex 0, prevTerm 0
063797 INFO S1: (term 1) follower 收到 [2] AppendEntries [], prevIndex 0, prevTerm 0
063798 LEAD S2: 0 append success next 1 match 0
063798 LEAD S2: 1 append success next 1 match 0
064299 LEAD S2: prevLog &raft.Entry{Command:interface {}(nil), Term:0, Index:0}
064299 LEAD S2: prevLog &raft.Entry{Command:interface {}(nil), Term:0, Index:0}
064300 INFO S1: (term 1) follower 收到 [2] AppendEntries [], prevIndex 0, prevTerm 0
064301 LEAD S2: 1 append success next 1 match 0
064300 INFO S0: (term 1) follower 收到 [2] AppendEntries [], prevIndex 0, prevTerm 0
064301 LEAD S2: 0 append success next 1 match 0
064801 LEAD S2: prevLog &raft.Entry{Command:interface {}(nil), Term:0, Index:0}
064801 LEAD S2: prevLog &raft.Entry{Command:interface {}(nil), Term:0, Index:0}
064802 INFO S0: (term 1) follower 收到 [2] AppendEntries [], prevIndex 0, prevTerm 0
064802 INFO S1: (term 1) follower 收到 [2] AppendEntries [], prevIndex 0, prevTerm 0
064802 LEAD S2: 0 append success next 1 match 0
064802 LEAD S2: 1 append success next 1 match 0
065304 LEAD S2: prevLog &raft.Entry{Command:interface {}(nil), Term:0, Index:0}
065304 LEAD S2: prevLog &raft.Entry{Command:interface {}(nil), Term:0, Index:0}
065305 INFO S0: (term 1) follower 收到 [2] AppendEntries [], prevIndex 0, prevTerm 0
065305 INFO S1: (term 1) follower 收到 [2] AppendEntries [], prevIndex 0, prevTerm 0
065306 LEAD S2: 1 append success next 1 match 0
065306 LEAD S2: 0 append success next 1 match 0
065806 LEAD S2: prevLog &raft.Entry{Command:interface {}(nil), Term:0, Index:0}
065806 LEAD S2: prevLog &raft.Entry{Command:interface {}(nil), Term:0, Index:0}
065806 INFO S1: (term 1) follower 收到 [2] AppendEntries [], prevIndex 0, prevTerm 0
065807 LEAD S2: 1 append success next 1 match 0
065807 INFO S0: (term 1) follower 收到 [2] AppendEntries [], prevIndex 0, prevTerm 0
065807 LEAD S2: 0 append success next 1 match 0
066309 LEAD S2: prevLog &raft.Entry{Command:interface {}(nil), Term:0, Index:0}
066309 LEAD S2: prevLog &raft.Entry{Command:interface {}(nil), Term:0, Index:0}
066309 INFO S1: (term 1) follower 收到 [2] AppendEntries [], prevIndex 0, prevTerm 0
066310 LEAD S2: 1 append success next 1 match 0
066310 INFO S0: (term 1) follower 收到 [2] AppendEntries [], prevIndex 0, prevTerm 0
066310 LEAD S2: 0 append success next 1 match 0
066811 LEAD S2: prevLog &raft.Entry{Command:interface {}(nil), Term:0, Index:0}
066811 LEAD S2: prevLog &raft.Entry{Command:interface {}(nil), Term:0, Index:0}
066812 INFO S1: (term 1) follower 收到 [2] AppendEntries [], prevIndex 0, prevTerm 0
066812 INFO S0: (term 1) follower 收到 [2] AppendEntries [], prevIndex 0, prevTerm 0
066812 LEAD S2: 1 append success next 1 match 0
066813 LEAD S2: 0 append success next 1 match 0
067315 LEAD S2: prevLog &raft.Entry{Command:interface {}(nil), Term:0, Index:0}
067316 LEAD S2: prevLog &raft.Entry{Command:interface {}(nil), Term:0, Index:0}
067317 INFO S1: (term 1) follower 收到 [2] AppendEntries [], prevIndex 0, prevTerm 0
067317 LEAD S2: 1 append success next 1 match 0
067317 INFO S0: (term 1) follower 收到 [2] AppendEntries [], prevIndex 0, prevTerm 0
067317 LEAD S2: 0 append success next 1 match 0
067817 LEAD S2: prevLog &raft.Entry{Command:interface {}(nil), Term:0, Index:0}
067818 LEAD S2: prevLog &raft.Entry{Command:interface {}(nil), Term:0, Index:0}
067818 INFO S1: (term 1) follower 收到 [2] AppendEntries [], prevIndex 0, prevTerm 0
067818 INFO S0: (term 1) follower 收到 [2] AppendEntries [], prevIndex 0, prevTerm 0
067819 LEAD S2: 1 append success next 1 match 0
067819 LEAD S2: 0 append success next 1 match 0
068319 LEAD S2: prevLog &raft.Entry{Command:interface {}(nil), Term:0, Index:0}
068319 LEAD S2: prevLog &raft.Entry{Command:interface {}(nil), Term:0, Index:0}
068320 INFO S0: (term 1) follower 收到 [2] AppendEntries [], prevIndex 0, prevTerm 0
068320 LEAD S2: 0 append success next 1 match 0
068321 INFO S1: (term 1) follower 收到 [2] AppendEntries [], prevIndex 0, prevTerm 0
068321 LEAD S2: 1 append success next 1 match 0
068821 LEAD S2: prevLog &raft.Entry{Command:interface {}(nil), Term:0, Index:0}
068821 LEAD S2: prevLog &raft.Entry{Command:interface {}(nil), Term:0, Index:0}
068822 INFO S1: (term 1) follower 收到 [2] AppendEntries [], prevIndex 0, prevTerm 0
068822 INFO S0: (term 1) follower 收到 [2] AppendEntries [], prevIndex 0, prevTerm 0
068822 LEAD S2: 0 append success next 1 match 0
068822 LEAD S2: 1 append success next 1 match 0
069323 LEAD S2: prevLog &raft.Entry{Command:interface {}(nil), Term:0, Index:0}
069323 LEAD S2: prevLog &raft.Entry{Command:interface {}(nil), Term:0, Index:0}
069324 INFO S0: (term 1) follower 收到 [2] AppendEntries [], prevIndex 0, prevTerm 0
069324 LEAD S2: 0 append success next 1 match 0
069325 INFO S1: (term 1) follower 收到 [2] AppendEntries [], prevIndex 0, prevTerm 0
069325 LEAD S2: 1 append success next 1 match 0
069826 LEAD S2: prevLog &raft.Entry{Command:interface {}(nil), Term:0, Index:0}
069826 LEAD S2: prevLog &raft.Entry{Command:interface {}(nil), Term:0, Index:0}
069827 INFO S1: (term 1) follower 收到 [2] AppendEntries [], prevIndex 0, prevTerm 0
069827 INFO S0: (term 1) follower 收到 [2] AppendEntries [], prevIndex 0, prevTerm 0
069827 LEAD S2: 0 append success next 1 match 0
069827 LEAD S2: 1 append success next 1 match 0
070328 LEAD S2: prevLog &raft.Entry{Command:interface {}(nil), Term:0, Index:0}
070328 LEAD S2: prevLog &raft.Entry{Command:interface {}(nil), Term:0, Index:0}
070329 INFO S0: (term 1) follower 收到 [2] AppendEntries [], prevIndex 0, prevTerm 0
070329 INFO S1: (term 1) follower 收到 [2] AppendEntries [], prevIndex 0, prevTerm 0
070329 LEAD S2: 0 append success next 1 match 0
070330 LEAD S2: 1 append success next 1 match 0
070830 LEAD S2: prevLog &raft.Entry{Command:interface {}(nil), Term:0, Index:0}
070831 LEAD S2: prevLog &raft.Entry{Command:interface {}(nil), Term:0, Index:0}
070831 INFO S0: (term 1) follower 收到 [2] AppendEntries [], prevIndex 0, prevTerm 0
070831 INFO S1: (term 1) follower 收到 [2] AppendEntries [], prevIndex 0, prevTerm 0
070832 LEAD S2: 0 append success next 1 match 0
070832 LEAD S2: 1 append success next 1 match 0
071332 LEAD S2: prevLog &raft.Entry{Command:interface {}(nil), Term:0, Index:0}
071332 LEAD S2: prevLog &raft.Entry{Command:interface {}(nil), Term:0, Index:0}
071333 INFO S1: (term 1) follower 收到 [2] AppendEntries [], prevIndex 0, prevTerm 0
071333 LEAD S2: 1 append success next 1 match 0
071333 INFO S0: (term 1) follower 收到 [2] AppendEntries [], prevIndex 0, prevTerm 0
071334 LEAD S2: 0 append success next 1 match 0
071835 LEAD S2: prevLog &raft.Entry{Command:interface {}(nil), Term:0, Index:0}
071835 LEAD S2: prevLog &raft.Entry{Command:interface {}(nil), Term:0, Index:0}
071835 INFO S1: (term 1) follower 收到 [2] AppendEntries [], prevIndex 0, prevTerm 0
071837 LEAD S2: 1 append success next 1 match 0
071837 INFO S0: (term 1) follower 收到 [2] AppendEntries [], prevIndex 0, prevTerm 0
071839 LEAD S2: 0 append success next 1 match 0
072339 LEAD S2: prevLog &raft.Entry{Command:interface {}(nil), Term:0, Index:0}
072339 LEAD S2: prevLog &raft.Entry{Command:interface {}(nil), Term:0, Index:0}
072340 INFO S0: (term 1) follower 收到 [2] AppendEntries [], prevIndex 0, prevTerm 0
072340 INFO S1: (term 1) follower 收到 [2] AppendEntries [], prevIndex 0, prevTerm 0
072340 LEAD S2: 0 append success next 1 match 0
072340 LEAD S2: 1 append success next 1 match 0
072841 LEAD S2: prevLog &raft.Entry{Command:interface {}(nil), Term:0, Index:0}
072841 LEAD S2: prevLog &raft.Entry{Command:interface {}(nil), Term:0, Index:0}
072842 INFO S1: (term 1) follower 收到 [2] AppendEntries [], prevIndex 0, prevTerm 0
072843 LEAD S2: 1 append success next 1 match 0
072843 INFO S0: (term 1) follower 收到 [2] AppendEntries [], prevIndex 0, prevTerm 0
072843 LEAD S2: 0 append success next 1 match 0
073343 LEAD S2: prevLog &raft.Entry{Command:interface {}(nil), Term:0, Index:0}
073343 LEAD S2: prevLog &raft.Entry{Command:interface {}(nil), Term:0, Index:0}
073344 INFO S1: (term 1) follower 收到 [2] AppendEntries [], prevIndex 0, prevTerm 0
073344 INFO S0: (term 1) follower 收到 [2] AppendEntries [], prevIndex 0, prevTerm 0
073344 LEAD S2: 1 append success next 1 match 0
073344 LEAD S2: 0 append success next 1 match 0
073844 LEAD S2: prevLog &raft.Entry{Command:interface {}(nil), Term:0, Index:0}
073845 LEAD S2: prevLog &raft.Entry{Command:interface {}(nil), Term:0, Index:0}
073846 INFO S1: (term 1) follower 收到 [2] AppendEntries [], prevIndex 0, prevTerm 0
073846 INFO S0: (term 1) follower 收到 [2] AppendEntries [], prevIndex 0, prevTerm 0
073847 LEAD S2: 0 append success next 1 match 0
073847 LEAD S2: 1 append success next 1 match 0
074346 LEAD S2: prevLog &raft.Entry{Command:interface {}(nil), Term:0, Index:0}
074346 LEAD S2: prevLog &raft.Entry{Command:interface {}(nil), Term:0, Index:0}
074347 INFO S1: (term 1) follower 收到 [2] AppendEntries [], prevIndex 0, prevTerm 0
074347 INFO S0: (term 1) follower 收到 [2] AppendEntries [], prevIndex 0, prevTerm 0
074347 LEAD S2: 0 append success next 1 match 0
074347 LEAD S2: 1 append success next 1 match 0
074849 LEAD S2: prevLog &raft.Entry{Command:interface {}(nil), Term:0, Index:0}
074849 LEAD S2: prevLog &raft.Entry{Command:interface {}(nil), Term:0, Index:0}
074849 INFO S0: (term 1) follower 收到 [2] AppendEntries [], prevIndex 0, prevTerm 0
074849 INFO S1: (term 1) follower 收到 [2] AppendEntries [], prevIndex 0, prevTerm 0
074850 LEAD S2: 1 append success next 1 match 0
074850 LEAD S2: 0 append success next 1 match 0
075351 LEAD S2: prevLog &raft.Entry{Command:interface {}(nil), Term:0, Index:0}
075351 LEAD S2: prevLog &raft.Entry{Command:interface {}(nil), Term:0, Index:0}
075352 INFO S0: (term 1) follower 收到 [2] AppendEntries [], prevIndex 0, prevTerm 0
075352 INFO S1: (term 1) follower 收到 [2] AppendEntries [], prevIndex 0, prevTerm 0
075352 LEAD S2: 0 append success next 1 match 0
075352 LEAD S2: 1 append success next 1 match 0
075852 LEAD S2: prevLog &raft.Entry{Command:interface {}(nil), Term:0, Index:0}
075852 LEAD S2: prevLog &raft.Entry{Command:interface {}(nil), Term:0, Index:0}
075853 INFO S0: (term 1) follower 收到 [2] AppendEntries [], prevIndex 0, prevTerm 0
075853 INFO S1: (term 1) follower 收到 [2] AppendEntries [], prevIndex 0, prevTerm 0
075853 LEAD S2: 0 append success next 1 match 0
075853 LEAD S2: 1 append success next 1 match 0
076354 LEAD S2: prevLog &raft.Entry{Command:interface {}(nil), Term:0, Index:0}
076354 LEAD S2: prevLog &raft.Entry{Command:interface {}(nil), Term:0, Index:0}
076355 INFO S1: (term 1) follower 收到 [2] AppendEntries [], prevIndex 0, prevTerm 0
076355 INFO S0: (term 1) follower 收到 [2] AppendEntries [], prevIndex 0, prevTerm 0
076355 LEAD S2: 1 append success next 1 match 0
076355 LEAD S2: 0 append success next 1 match 0
076857 LEAD S2: prevLog &raft.Entry{Command:interface {}(nil), Term:0, Index:0}
076857 LEAD S2: prevLog &raft.Entry{Command:interface {}(nil), Term:0, Index:0}
076858 INFO S1: (term 1) follower 收到 [2] AppendEntries [], prevIndex 0, prevTerm 0
076858 INFO S0: (term 1) follower 收到 [2] AppendEntries [], prevIndex 0, prevTerm 0
076858 LEAD S2: 1 append success next 1 match 0
076858 LEAD S2: 0 append success next 1 match 0
077359 LEAD S2: prevLog &raft.Entry{Command:interface {}(nil), Term:0, Index:0}
077360 LEAD S2: prevLog &raft.Entry{Command:interface {}(nil), Term:0, Index:0}
077360 INFO S0: (term 1) follower 收到 [2] AppendEntries [], prevIndex 0, prevTerm 0
077361 INFO S1: (term 1) follower 收到 [2] AppendEntries [], prevIndex 0, prevTerm 0
077361 LEAD S2: 0 append success next 1 match 0
077361 LEAD S2: 1 append success next 1 match 0
077861 LEAD S2: prevLog &raft.Entry{Command:interface {}(nil), Term:0, Index:0}
077861 LEAD S2: prevLog &raft.Entry{Command:interface {}(nil), Term:0, Index:0}
077862 INFO S1: (term 1) follower 收到 [2] AppendEntries [], prevIndex 0, prevTerm 0
077862 INFO S0: (term 1) follower 收到 [2] AppendEntries [], prevIndex 0, prevTerm 0
077862 LEAD S2: 1 append success next 1 match 0
077863 LEAD S2: 0 append success next 1 match 0
078363 LEAD S2: prevLog &raft.Entry{Command:interface {}(nil), Term:0, Index:0}
078363 LEAD S2: prevLog &raft.Entry{Command:interface {}(nil), Term:0, Index:0}
078364 INFO S0: (term 1) follower 收到 [2] AppendEntries [], prevIndex 0, prevTerm 0
078364 LEAD S2: 0 append success next 1 match 0
078364 INFO S1: (term 1) follower 收到 [2] AppendEntries [], prevIndex 0, prevTerm 0
078365 LEAD S2: 1 append success next 1 match 0
078866 LEAD S2: prevLog &raft.Entry{Command:interface {}(nil), Term:0, Index:0}
078866 LEAD S2: prevLog &raft.Entry{Command:interface {}(nil), Term:0, Index:0}
078867 INFO S1: (term 1) follower 收到 [2] AppendEntries [], prevIndex 0, prevTerm 0
078867 INFO S0: (term 1) follower 收到 [2] AppendEntries [], prevIndex 0, prevTerm 0
078867 LEAD S2: 0 append success next 1 match 0
078867 LEAD S2: 1 append success next 1 match 0
079368 LEAD S2: prevLog &raft.Entry{Command:interface {}(nil), Term:0, Index:0}
079368 LEAD S2: prevLog &raft.Entry{Command:interface {}(nil), Term:0, Index:0}
079369 INFO S1: (term 1) follower 收到 [2] AppendEntries [], prevIndex 0, prevTerm 0
079369 INFO S0: (term 1) follower 收到 [2] AppendEntries [], prevIndex 0, prevTerm 0
079370 LEAD S2: 1 append success next 1 match 0
079370 LEAD S2: 0 append success next 1 match 0
079870 LEAD S2: prevLog &raft.Entry{Command:interface {}(nil), Term:0, Index:0}
079870 LEAD S2: prevLog &raft.Entry{Command:interface {}(nil), Term:0, Index:0}
079871 INFO S1: (term 1) follower 收到 [2] AppendEntries [], prevIndex 0, prevTerm 0
079871 LEAD S2: 1 append success next 1 match 0
079871 INFO S0: (term 1) follower 收到 [2] AppendEntries [], prevIndex 0, prevTerm 0
079872 LEAD S2: 0 append success next 1 match 0
080373 LEAD S2: prevLog &raft.Entry{Command:interface {}(nil), Term:0, Index:0}
080373 LEAD S2: prevLog &raft.Entry{Command:interface {}(nil), Term:0, Index:0}
080373 INFO S0: (term 1) follower 收到 [2] AppendEntries [], prevIndex 0, prevTerm 0
080374 INFO S1: (term 1) follower 收到 [2] AppendEntries [], prevIndex 0, prevTerm 0
080374 LEAD S2: 0 append success next 1 match 0
080374 LEAD S2: 1 append success next 1 match 0
080874 LEAD S2: prevLog &raft.Entry{Command:interface {}(nil), Term:0, Index:0}
080874 LEAD S2: prevLog &raft.Entry{Command:interface {}(nil), Term:0, Index:0}
080875 INFO S1: (term 1) follower 收到 [2] AppendEntries [], prevIndex 0, prevTerm 0
080875 INFO S0: (term 1) follower 收到 [2] AppendEntries [], prevIndex 0, prevTerm 0
080876 LEAD S2: 0 append success next 1 match 0
080876 LEAD S2: 1 append success next 1 match 0
081376 LEAD S2: prevLog &raft.Entry{Command:interface {}(nil), Term:0, Index:0}
081376 LEAD S2: prevLog &raft.Entry{Command:interface {}(nil), Term:0, Index:0}
081377 INFO S1: (term 1) follower 收到 [2] AppendEntries [], prevIndex 0, prevTerm 0
081377 INFO S0: (term 1) follower 收到 [2] AppendEntries [], prevIndex 0, prevTerm 0
081377 LEAD S2: 1 append success next 1 match 0
081377 LEAD S2: 0 append success next 1 match 0
081878 LEAD S2: prevLog &raft.Entry{Command:interface {}(nil), Term:0, Index:0}
081879 LEAD S2: prevLog &raft.Entry{Command:interface {}(nil), Term:0, Index:0}
081880 INFO S0: (term 1) follower 收到 [2] AppendEntries [], prevIndex 0, prevTerm 0
081880 INFO S1: (term 1) follower 收到 [2] AppendEntries [], prevIndex 0, prevTerm 0
081881 LEAD S2: 0 append success next 1 match 0
081881 LEAD S2: 1 append success next 1 match 0
082384 LEAD S2: prevLog &raft.Entry{Command:interface {}(nil), Term:0, Index:0}
082384 LEAD S2: prevLog &raft.Entry{Command:interface {}(nil), Term:0, Index:0}
082386 INFO S0: (term 1) follower 收到 [2] AppendEntries [], prevIndex 0, prevTerm 0
082386 INFO S1: (term 1) follower 收到 [2] AppendEntries [], prevIndex 0, prevTerm 0
082386 LEAD S2: 0 append success next 1 match 0
082387 LEAD S2: 1 append success next 1 match 0
082886 LEAD S2: prevLog &raft.Entry{Command:interface {}(nil), Term:0, Index:0}
082886 LEAD S2: prevLog &raft.Entry{Command:interface {}(nil), Term:0, Index:0}
082887 INFO S0: (term 1) follower 收到 [2] AppendEntries [], prevIndex 0, prevTerm 0
082887 LEAD S2: 0 append success next 1 match 0
082887 INFO S1: (term 1) follower 收到 [2] AppendEntries [], prevIndex 0, prevTerm 0
082888 LEAD S2: 1 append success next 1 match 0
083388 LEAD S2: prevLog &raft.Entry{Command:interface {}(nil), Term:0, Index:0}
083389 LEAD S2: prevLog &raft.Entry{Command:interface {}(nil), Term:0, Index:0}
083389 INFO S1: (term 1) follower 收到 [2] AppendEntries [], prevIndex 0, prevTerm 0
083389 INFO S0: (term 1) follower 收到 [2] AppendEntries [], prevIndex 0, prevTerm 0
083390 LEAD S2: 1 append success next 1 match 0
083390 LEAD S2: 0 append success next 1 match 0
083890 LEAD S2: prevLog &raft.Entry{Command:interface {}(nil), Term:0, Index:0}
083890 LEAD S2: prevLog &raft.Entry{Command:interface {}(nil), Term:0, Index:0}
083891 INFO S1: (term 1) follower 收到 [2] AppendEntries [], prevIndex 0, prevTerm 0
083891 INFO S0: (term 1) follower 收到 [2] AppendEntries [], prevIndex 0, prevTerm 0
083891 LEAD S2: 1 append success next 1 match 0
083891 LEAD S2: 0 append success next 1 match 0
084392 LEAD S2: prevLog &raft.Entry{Command:interface {}(nil), Term:0, Index:0}
084393 LEAD S2: prevLog &raft.Entry{Command:interface {}(nil), Term:0, Index:0}
084393 INFO S0: (term 1) follower 收到 [2] AppendEntries [], prevIndex 0, prevTerm 0
084393 INFO S1: (term 1) follower 收到 [2] AppendEntries [], prevIndex 0, prevTerm 0
084394 LEAD S2: 0 append success next 1 match 0
084394 LEAD S2: 1 append success next 1 match 0
084894 LEAD S2: prevLog &raft.Entry{Command:interface {}(nil), Term:0, Index:0}
084894 LEAD S2: prevLog &raft.Entry{Command:interface {}(nil), Term:0, Index:0}
084895 INFO S1: (term 1) follower 收到 [2] AppendEntries [], prevIndex 0, prevTerm 0
084895 INFO S0: (term 1) follower 收到 [2] AppendEntries [], prevIndex 0, prevTerm 0
084895 LEAD S2: 0 append success next 1 match 0
084895 LEAD S2: 1 append success next 1 match 0
085396 LEAD S2: prevLog &raft.Entry{Command:interface {}(nil), Term:0, Index:0}
085396 LEAD S2: prevLog &raft.Entry{Command:interface {}(nil), Term:0, Index:0}
085397 INFO S0: (term 1) follower 收到 [2] AppendEntries [], prevIndex 0, prevTerm 0
085397 INFO S1: (term 1) follower 收到 [2] AppendEntries [], prevIndex 0, prevTerm 0
085397 LEAD S2: 0 append success next 1 match 0
085397 LEAD S2: 1 append success next 1 match 0
085898 LEAD S2: prevLog &raft.Entry{Command:interface {}(nil), Term:0, Index:0}
085898 LEAD S2: prevLog &raft.Entry{Command:interface {}(nil), Term:0, Index:0}
085899 INFO S0: (term 1) follower 收到 [2] AppendEntries [], prevIndex 0, prevTerm 0
085899 INFO S1: (term 1) follower 收到 [2] AppendEntries [], prevIndex 0, prevTerm 0
085899 LEAD S2: 0 append success next 1 match 0
085899 LEAD S2: 1 append success next 1 match 0
086400 LEAD S2: prevLog &raft.Entry{Command:interface {}(nil), Term:0, Index:0}
086400 LEAD S2: prevLog &raft.Entry{Command:interface {}(nil), Term:0, Index:0}
086401 INFO S1: (term 1) follower 收到 [2] AppendEntries [], prevIndex 0, prevTerm 0
086401 INFO S0: (term 1) follower 收到 [2] AppendEntries [], prevIndex 0, prevTerm 0
086401 LEAD S2: 0 append success next 1 match 0
086401 LEAD S2: 1 append success next 1 match 0
086901 LEAD S2: prevLog &raft.Entry{Command:interface {}(nil), Term:0, Index:0}
086901 LEAD S2: prevLog &raft.Entry{Command:interface {}(nil), Term:0, Index:0}
086902 INFO S0: (term 1) follower 收到 [2] AppendEntries [], prevIndex 0, prevTerm 0
086902 INFO S1: (term 1) follower 收到 [2] AppendEntries [], prevIndex 0, prevTerm 0
086903 LEAD S2: 0 append success next 1 match 0
086903 LEAD S2: 1 append success next 1 match 0
087404 LEAD S2: prevLog &raft.Entry{Command:interface {}(nil), Term:0, Index:0}
087404 LEAD S2: prevLog &raft.Entry{Command:interface {}(nil), Term:0, Index:0}
087404 INFO S0: (term 1) follower 收到 [2] AppendEntries [], prevIndex 0, prevTerm 0
087404 INFO S1: (term 1) follower 收到 [2] AppendEntries [], prevIndex 0, prevTerm 0
087405 LEAD S2: 1 append success next 1 match 0
087405 LEAD S2: 0 append success next 1 match 0
087906 LEAD S2: prevLog &raft.Entry{Command:interface {}(nil), Term:0, Index:0}
087906 LEAD S2: prevLog &raft.Entry{Command:interface {}(nil), Term:0, Index:0}
087907 INFO S0: (term 1) follower 收到 [2] AppendEntries [], prevIndex 0, prevTerm 0
087907 INFO S1: (term 1) follower 收到 [2] AppendEntries [], prevIndex 0, prevTerm 0
087907 LEAD S2: 0 append success next 1 match 0
087907 LEAD S2: 1 append success next 1 match 0
088407 LEAD S2: prevLog &raft.Entry{Command:interface {}(nil), Term:0, Index:0}
088407 LEAD S2: prevLog &raft.Entry{Command:interface {}(nil), Term:0, Index:0}
088408 INFO S0: (term 1) follower 收到 [2] AppendEntries [], prevIndex 0, prevTerm 0
088408 INFO S1: (term 1) follower 收到 [2] AppendEntries [], prevIndex 0, prevTerm 0
088408 LEAD S2: 0 append success next 1 match 0
088409 LEAD S2: 1 append success next 1 match 0
088909 LEAD S2: prevLog &raft.Entry{Command:interface {}(nil), Term:0, Index:0}
088909 LEAD S2: prevLog &raft.Entry{Command:interface {}(nil), Term:0, Index:0}
088910 INFO S0: (term 1) follower 收到 [2] AppendEntries [], prevIndex 0, prevTerm 0
088910 INFO S1: (term 1) follower 收到 [2] AppendEntries [], prevIndex 0, prevTerm 0
088910 LEAD S2: 0 append success next 1 match 0
088910 LEAD S2: 1 append success next 1 match 0
089411 LEAD S2: prevLog &raft.Entry{Command:interface {}(nil), Term:0, Index:0}
089411 LEAD S2: prevLog &raft.Entry{Command:interface {}(nil), Term:0, Index:0}
089412 INFO S1: (term 1) follower 收到 [2] AppendEntries [], prevIndex 0, prevTerm 0
089412 LEAD S2: 1 append success next 1 match 0
089412 INFO S0: (term 1) follower 收到 [2] AppendEntries [], prevIndex 0, prevTerm 0
089413 LEAD S2: 0 append success next 1 match 0
089913 LEAD S2: prevLog &raft.Entry{Command:interface {}(nil), Term:0, Index:0}
089914 LEAD S2: prevLog &raft.Entry{Command:interface {}(nil), Term:0, Index:0}
089914 INFO S0: (term 1) follower 收到 [2] AppendEntries [], prevIndex 0, prevTerm 0
089914 INFO S1: (term 1) follower 收到 [2] AppendEntries [], prevIndex 0, prevTerm 0
089915 LEAD S2: 0 append success next 1 match 0
089915 LEAD S2: 1 append success next 1 match 0
090416 LEAD S2: prevLog &raft.Entry{Command:interface {}(nil), Term:0, Index:0}
090416 LEAD S2: prevLog &raft.Entry{Command:interface {}(nil), Term:0, Index:0}
090417 INFO S1: (term 1) follower 收到 [2] AppendEntries [], prevIndex 0, prevTerm 0
090417 LEAD S2: 1 append success next 1 match 0
090417 INFO S0: (term 1) follower 收到 [2] AppendEntries [], prevIndex 0, prevTerm 0
090417 LEAD S2: 0 append success next 1 match 0
090918 LEAD S2: prevLog &raft.Entry{Command:interface {}(nil), Term:0, Index:0}
090918 LEAD S2: prevLog &raft.Entry{Command:interface {}(nil), Term:0, Index:0}
090918 INFO S0: (term 1) follower 收到 [2] AppendEntries [], prevIndex 0, prevTerm 0
090919 INFO S1: (term 1) follower 收到 [2] AppendEntries [], prevIndex 0, prevTerm 0
090919 LEAD S2: 0 append success next 1 match 0
090919 LEAD S2: 1 append success next 1 match 0
091420 LEAD S2: prevLog &raft.Entry{Command:interface {}(nil), Term:0, Index:0}
091420 LEAD S2: prevLog &raft.Entry{Command:interface {}(nil), Term:0, Index:0}
091421 INFO S1: (term 1) follower 收到 [2] AppendEntries [], prevIndex 0, prevTerm 0
091421 LEAD S2: 1 append success next 1 match 0
091421 INFO S0: (term 1) follower 收到 [2] AppendEntries [], prevIndex 0, prevTerm 0
091422 LEAD S2: 0 append success next 1 match 0
091922 LEAD S2: prevLog &raft.Entry{Command:interface {}(nil), Term:0, Index:0}
091922 LEAD S2: prevLog &raft.Entry{Command:interface {}(nil), Term:0, Index:0}
091923 INFO S0: (term 1) follower 收到 [2] AppendEntries [], prevIndex 0, prevTerm 0
091923 LEAD S2: 0 append success next 1 match 0
091923 INFO S1: (term 1) follower 收到 [2] AppendEntries [], prevIndex 0, prevTerm 0
091923 LEAD S2: 1 append success next 1 match 0
092424 LEAD S2: prevLog &raft.Entry{Command:interface {}(nil), Term:0, Index:0}
092424 LEAD S2: prevLog &raft.Entry{Command:interface {}(nil), Term:0, Index:0}
092425 INFO S1: (term 1) follower 收到 [2] AppendEntries [], prevIndex 0, prevTerm 0
092425 INFO S0: (term 1) follower 收到 [2] AppendEntries [], prevIndex 0, prevTerm 0
092425 LEAD S2: 1 append success next 1 match 0
092425 LEAD S2: 0 append success next 1 match 0
092926 LEAD S2: prevLog &raft.Entry{Command:interface {}(nil), Term:0, Index:0}
092926 LEAD S2: prevLog &raft.Entry{Command:interface {}(nil), Term:0, Index:0}
092927 INFO S0: (term 1) follower 收到 [2] AppendEntries [], prevIndex 0, prevTerm 0
092927 LEAD S2: 0 append success next 1 match 0
092927 INFO S1: (term 1) follower 收到 [2] AppendEntries [], prevIndex 0, prevTerm 0
092928 LEAD S2: 1 append success next 1 match 0
093429 LEAD S2: prevLog &raft.Entry{Command:interface {}(nil), Term:0, Index:0}
093429 LEAD S2: prevLog &raft.Entry{Command:interface {}(nil), Term:0, Index:0}
093430 INFO S0: (term 1) follower 收到 [2] AppendEntries [], prevIndex 0, prevTerm 0
093430 INFO S1: (term 1) follower 收到 [2] AppendEntries [], prevIndex 0, prevTerm 0
093430 LEAD S2: 1 append success next 1 match 0
093430 LEAD S2: 0 append success next 1 match 0
093932 LEAD S2: prevLog &raft.Entry{Command:interface {}(nil), Term:0, Index:0}
093932 LEAD S2: prevLog &raft.Entry{Command:interface {}(nil), Term:0, Index:0}
093933 INFO S1: (term 1) follower 收到 [2] AppendEntries [], prevIndex 0, prevTerm 0
093933 LEAD S2: 1 append success next 1 match 0
093933 INFO S0: (term 1) follower 收到 [2] AppendEntries [], prevIndex 0, prevTerm 0
093934 LEAD S2: 0 append success next 1 match 0
094433 LEAD S2: prevLog &raft.Entry{Command:interface {}(nil), Term:0, Index:0}
094433 LEAD S2: prevLog &raft.Entry{Command:interface {}(nil), Term:0, Index:0}
094434 INFO S1: (term 1) follower 收到 [2] AppendEntries [], prevIndex 0, prevTerm 0
094434 LEAD S2: 1 append success next 1 match 0
094434 INFO S0: (term 1) follower 收到 [2] AppendEntries [], prevIndex 0, prevTerm 0
094435 LEAD S2: 0 append success next 1 match 0
094935 LEAD S2: prevLog &raft.Entry{Command:interface {}(nil), Term:0, Index:0}
094935 LEAD S2: prevLog &raft.Entry{Command:interface {}(nil), Term:0, Index:0}
094936 INFO S1: (term 1) follower 收到 [2] AppendEntries [], prevIndex 0, prevTerm 0
094936 LEAD S2: 1 append success next 1 match 0
094937 INFO S0: (term 1) follower 收到 [2] AppendEntries [], prevIndex 0, prevTerm 0
094938 LEAD S2: 0 append success next 1 match 0
095437 LEAD S2: prevLog &raft.Entry{Command:interface {}(nil), Term:0, Index:0}
095438 LEAD S2: prevLog &raft.Entry{Command:interface {}(nil), Term:0, Index:0}
095439 INFO S1: (term 1) follower 收到 [2] AppendEntries [], prevIndex 0, prevTerm 0
095439 INFO S0: (term 1) follower 收到 [2] AppendEntries [], prevIndex 0, prevTerm 0
095439 LEAD S2: 0 append success next 1 match 0
095439 LEAD S2: 1 append success next 1 match 0
095939 LEAD S2: prevLog &raft.Entry{Command:interface {}(nil), Term:0, Index:0}
095940 LEAD S2: prevLog &raft.Entry{Command:interface {}(nil), Term:0, Index:0}
095940 INFO S0: (term 1) follower 收到 [2] AppendEntries [], prevIndex 0, prevTerm 0
095941 INFO S1: (term 1) follower 收到 [2] AppendEntries [], prevIndex 0, prevTerm 0
095941 LEAD S2: 0 append success next 1 match 0
095941 LEAD S2: 1 append success next 1 match 0
096442 LEAD S2: prevLog &raft.Entry{Command:interface {}(nil), Term:0, Index:0}
096442 LEAD S2: prevLog &raft.Entry{Command:interface {}(nil), Term:0, Index:0}
096443 INFO S1: (term 1) follower 收到 [2] AppendEntries [], prevIndex 0, prevTerm 0
096443 INFO S0: (term 1) follower 收到 [2] AppendEntries [], prevIndex 0, prevTerm 0
096443 LEAD S2: 1 append success next 1 match 0
096443 LEAD S2: 0 append success next 1 match 0
096944 LEAD S2: prevLog &raft.Entry{Command:interface {}(nil), Term:0, Index:0}
096944 LEAD S2: prevLog &raft.Entry{Command:interface {}(nil), Term:0, Index:0}
096945 INFO S0: (term 1) follower 收到 [2] AppendEntries [], prevIndex 0, prevTerm 0
096945 INFO S1: (term 1) follower 收到 [2] AppendEntries [], prevIndex 0, prevTerm 0
096946 LEAD S2: 0 append success next 1 match 0
096946 LEAD S2: 1 append success next 1 match 0
097446 LEAD S2: prevLog &raft.Entry{Command:interface {}(nil), Term:0, Index:0}
097446 LEAD S2: prevLog &raft.Entry{Command:interface {}(nil), Term:0, Index:0}
097446 INFO S1: (term 1) follower 收到 [2] AppendEntries [], prevIndex 0, prevTerm 0
097447 LEAD S2: 1 append success next 1 match 0
097447 INFO S0: (term 1) follower 收到 [2] AppendEntries [], prevIndex 0, prevTerm 0
097447 LEAD S2: 0 append success next 1 match 0
097948 LEAD S2: prevLog &raft.Entry{Command:interface {}(nil), Term:0, Index:0}
097948 LEAD S2: prevLog &raft.Entry{Command:interface {}(nil), Term:0, Index:0}
097949 INFO S0: (term 1) follower 收到 [2] AppendEntries [], prevIndex 0, prevTerm 0
097949 INFO S1: (term 1) follower 收到 [2] AppendEntries [], prevIndex 0, prevTerm 0
097949 LEAD S2: 0 append success next 1 match 0
097950 LEAD S2: 1 append success next 1 match 0
098449 LEAD S2: prevLog &raft.Entry{Command:interface {}(nil), Term:0, Index:0}
098449 LEAD S2: prevLog &raft.Entry{Command:interface {}(nil), Term:0, Index:0}
098450 INFO S0: (term 1) follower 收到 [2] AppendEntries [], prevIndex 0, prevTerm 0
098450 LEAD S2: 0 append success next 1 match 0
098450 INFO S1: (term 1) follower 收到 [2] AppendEntries [], prevIndex 0, prevTerm 0
098451 LEAD S2: 1 append success next 1 match 0
098952 LEAD S2: prevLog &raft.Entry{Command:interface {}(nil), Term:0, Index:0}
098952 LEAD S2: prevLog &raft.Entry{Command:interface {}(nil), Term:0, Index:0}
098953 INFO S1: (term 1) follower 收到 [2] AppendEntries [], prevIndex 0, prevTerm 0
098953 LEAD S2: 1 append success next 1 match 0
098953 INFO S0: (term 1) follower 收到 [2] AppendEntries [], prevIndex 0, prevTerm 0
098954 LEAD S2: 0 append success next 1 match 0
099455 LEAD S2: prevLog &raft.Entry{Command:interface {}(nil), Term:0, Index:0}
099455 LEAD S2: prevLog &raft.Entry{Command:interface {}(nil), Term:0, Index:0}
099456 INFO S0: (term 1) follower 收到 [2] AppendEntries [], prevIndex 0, prevTerm 0
099456 INFO S1: (term 1) follower 收到 [2] AppendEntries [], prevIndex 0, prevTerm 0
099456 LEAD S2: 0 append success next 1 match 0
099456 LEAD S2: 1 append success next 1 match 0
099957 LEAD S2: prevLog &raft.Entry{Command:interface {}(nil), Term:0, Index:0}
099957 LEAD S2: prevLog &raft.Entry{Command:interface {}(nil), Term:0, Index:0}
099957 INFO S1: (term 1) follower 收到 [2] AppendEntries [], prevIndex 0, prevTerm 0
099957 INFO S0: (term 1) follower 收到 [2] AppendEntries [], prevIndex 0, prevTerm 0
099958 LEAD S2: 0 append success next 1 match 0
099958 LEAD S2: 1 append success next 1 match 0
100459 LEAD S2: prevLog &raft.Entry{Command:interface {}(nil), Term:0, Index:0}
100459 LEAD S2: prevLog &raft.Entry{Command:interface {}(nil), Term:0, Index:0}
--- FAIL: TestPersist12C (10.05s)
    config.go:609: one(11) failed to reach agreement
FAIL
exit status 1
FAIL	6.824/raft	10.047s
