Test (2C): basic persistence ...
002009 INFO S2: start leader election, term 1
002009 INFO S1: start leader election, term 1
002010 VOTE S2: term 1 send vote request to 1
002010 VOTE S1: term 1 send vote request to 2
002010 VOTE S1: term 1 send vote request to 0
002010 VOTE S2: term 1 send vote request to 0
002011 TERM S0: set new term 1
002011 VOTE S0: term 1 vote 2
002011 VOTE S2: 1 没有投给me，结束
002011 VOTE S1: 2 没有投给me，结束
002011 VOTE S2: reply from 0, term一致，且投给2
002011 LEAD S2: come to power, start to send heartbeat
002011 LEAD S2: prevLog &raft.Entry{Command:interface {}(nil), Term:0, Index:0}
002011 LEAD S2: prevLog &raft.Entry{Command:interface {}(nil), Term:0, Index:0}
002011 VOTE S1: 0 没有投给me，结束
002012 INFO S1: (term 1) follower 收到 [2] AppendEntries [], prevIndex 0, prevTerm 0
002012 LEAD S2: 1 append success next 1 match 0
002013 INFO S0: (term 1) follower 收到 [2] AppendEntries [], prevIndex 0, prevTerm 0
002013 LEAD S2: 0 append success next 1 match 0
002511 LEAD S2: prevLog &raft.Entry{Command:interface {}(nil), Term:0, Index:0}
002512 LEAD S2: prevLog &raft.Entry{Command:interface {}(nil), Term:0, Index:0}
002512 INFO S1: (term 1) follower 收到 [2] AppendEntries [], prevIndex 0, prevTerm 0
002513 LEAD S2: 1 append success next 1 match 0
002513 INFO S0: (term 1) follower 收到 [2] AppendEntries [], prevIndex 0, prevTerm 0
002513 LEAD S2: 0 append success next 1 match 0
003014 LEAD S2: prevLog &raft.Entry{Command:interface {}(nil), Term:0, Index:0}
003014 LEAD S2: prevLog &raft.Entry{Command:interface {}(nil), Term:0, Index:0}
003015 INFO S0: (term 1) follower 收到 [2] AppendEntries [], prevIndex 0, prevTerm 0
003015 INFO S1: (term 1) follower 收到 [2] AppendEntries [], prevIndex 0, prevTerm 0
003016 LEAD S2: 1 append success next 1 match 0
003016 LEAD S2: 0 append success next 1 match 0
003518 LEAD S2: prevLog &raft.Entry{Command:interface {}(nil), Term:0, Index:0}
003519 LEAD S2: prevLog &raft.Entry{Command:interface {}(nil), Term:0, Index:0}
003520 INFO S0: (term 1) follower 收到 [2] AppendEntries [], prevIndex 0, prevTerm 0
003521 INFO S1: (term 1) follower 收到 [2] AppendEntries [], prevIndex 0, prevTerm 0
003522 LEAD S2: 0 append success next 1 match 0
003523 LEAD S2: 1 append success next 1 match 0
004022 LEAD S2: prevLog &raft.Entry{Command:interface {}(nil), Term:0, Index:0}
004022 LEAD S2: prevLog &raft.Entry{Command:interface {}(nil), Term:0, Index:0}
004023 INFO S1: (term 1) follower 收到 [2] AppendEntries [], prevIndex 0, prevTerm 0
004023 INFO S0: (term 1) follower 收到 [2] AppendEntries [], prevIndex 0, prevTerm 0
004023 LEAD S2: 0 append success next 1 match 0
004023 LEAD S2: 1 append success next 1 match 0
004524 LEAD S2: prevLog &raft.Entry{Command:interface {}(nil), Term:0, Index:0}
004524 LEAD S2: prevLog &raft.Entry{Command:interface {}(nil), Term:0, Index:0}
004525 INFO S1: (term 1) follower 收到 [2] AppendEntries [], prevIndex 0, prevTerm 0
004525 INFO S0: (term 1) follower 收到 [2] AppendEntries [], prevIndex 0, prevTerm 0
004525 LEAD S2: 0 append success next 1 match 0
004525 LEAD S2: 1 append success next 1 match 0
005026 LEAD S2: prevLog &raft.Entry{Command:interface {}(nil), Term:0, Index:0}
005026 LEAD S2: prevLog &raft.Entry{Command:interface {}(nil), Term:0, Index:0}
005027 INFO S1: (term 1) follower 收到 [2] AppendEntries [], prevIndex 0, prevTerm 0
005027 INFO S0: (term 1) follower 收到 [2] AppendEntries [], prevIndex 0, prevTerm 0
005027 LEAD S2: 1 append success next 1 match 0
005027 LEAD S2: 0 append success next 1 match 0
005528 LEAD S2: prevLog &raft.Entry{Command:interface {}(nil), Term:0, Index:0}
005529 LEAD S2: prevLog &raft.Entry{Command:interface {}(nil), Term:0, Index:0}
005529 INFO S1: (term 1) follower 收到 [2] AppendEntries [], prevIndex 0, prevTerm 0
005529 INFO S0: (term 1) follower 收到 [2] AppendEntries [], prevIndex 0, prevTerm 0
005530 LEAD S2: 0 append success next 1 match 0
005530 LEAD S2: 1 append success next 1 match 0
006031 LEAD S2: prevLog &raft.Entry{Command:interface {}(nil), Term:0, Index:0}
006031 LEAD S2: prevLog &raft.Entry{Command:interface {}(nil), Term:0, Index:0}
006031 INFO S1: (term 1) follower 收到 [2] AppendEntries [], prevIndex 0, prevTerm 0
006032 LEAD S2: 1 append success next 1 match 0
006032 INFO S0: (term 1) follower 收到 [2] AppendEntries [], prevIndex 0, prevTerm 0
006032 LEAD S2: 0 append success next 1 match 0
006533 LEAD S2: prevLog &raft.Entry{Command:interface {}(nil), Term:0, Index:0}
006533 LEAD S2: prevLog &raft.Entry{Command:interface {}(nil), Term:0, Index:0}
006534 INFO S0: (term 1) follower 收到 [2] AppendEntries [], prevIndex 0, prevTerm 0
006534 INFO S1: (term 1) follower 收到 [2] AppendEntries [], prevIndex 0, prevTerm 0
006534 LEAD S2: 1 append success next 1 match 0
006534 LEAD S2: 0 append success next 1 match 0
007035 LEAD S2: prevLog &raft.Entry{Command:interface {}(nil), Term:0, Index:0}
007035 LEAD S2: prevLog &raft.Entry{Command:interface {}(nil), Term:0, Index:0}
007036 INFO S0: (term 1) follower 收到 [2] AppendEntries [], prevIndex 0, prevTerm 0
007036 INFO S1: (term 1) follower 收到 [2] AppendEntries [], prevIndex 0, prevTerm 0
007036 LEAD S2: 0 append success next 1 match 0
007036 LEAD S2: 1 append success next 1 match 0
007537 LEAD S2: prevLog &raft.Entry{Command:interface {}(nil), Term:0, Index:0}
007537 LEAD S2: prevLog &raft.Entry{Command:interface {}(nil), Term:0, Index:0}
007538 INFO S1: (term 1) follower 收到 [2] AppendEntries [], prevIndex 0, prevTerm 0
007538 INFO S0: (term 1) follower 收到 [2] AppendEntries [], prevIndex 0, prevTerm 0
007538 LEAD S2: 1 append success next 1 match 0
007538 LEAD S2: 0 append success next 1 match 0
008039 LEAD S2: prevLog &raft.Entry{Command:interface {}(nil), Term:0, Index:0}
008039 LEAD S2: prevLog &raft.Entry{Command:interface {}(nil), Term:0, Index:0}
008040 INFO S0: (term 1) follower 收到 [2] AppendEntries [], prevIndex 0, prevTerm 0
008040 INFO S1: (term 1) follower 收到 [2] AppendEntries [], prevIndex 0, prevTerm 0
008040 LEAD S2: 1 append success next 1 match 0
008041 LEAD S2: 0 append success next 1 match 0
008541 LEAD S2: prevLog &raft.Entry{Command:interface {}(nil), Term:0, Index:0}
008542 LEAD S2: prevLog &raft.Entry{Command:interface {}(nil), Term:0, Index:0}
008542 INFO S0: (term 1) follower 收到 [2] AppendEntries [], prevIndex 0, prevTerm 0
008542 INFO S1: (term 1) follower 收到 [2] AppendEntries [], prevIndex 0, prevTerm 0
008542 LEAD S2: 0 append success next 1 match 0
008543 LEAD S2: 1 append success next 1 match 0
009043 LEAD S2: prevLog &raft.Entry{Command:interface {}(nil), Term:0, Index:0}
009043 LEAD S2: prevLog &raft.Entry{Command:interface {}(nil), Term:0, Index:0}
009044 INFO S0: (term 1) follower 收到 [2] AppendEntries [], prevIndex 0, prevTerm 0
009044 LEAD S2: 0 append success next 1 match 0
009044 INFO S1: (term 1) follower 收到 [2] AppendEntries [], prevIndex 0, prevTerm 0
009044 LEAD S2: 1 append success next 1 match 0
009546 LEAD S2: prevLog &raft.Entry{Command:interface {}(nil), Term:0, Index:0}
009546 LEAD S2: prevLog &raft.Entry{Command:interface {}(nil), Term:0, Index:0}
009547 INFO S0: (term 1) follower 收到 [2] AppendEntries [], prevIndex 0, prevTerm 0
009547 LEAD S2: 0 append success next 1 match 0
009547 INFO S1: (term 1) follower 收到 [2] AppendEntries [], prevIndex 0, prevTerm 0
009547 LEAD S2: 1 append success next 1 match 0
010047 LEAD S2: prevLog &raft.Entry{Command:interface {}(nil), Term:0, Index:0}
010048 LEAD S2: prevLog &raft.Entry{Command:interface {}(nil), Term:0, Index:0}
010048 INFO S1: (term 1) follower 收到 [2] AppendEntries [], prevIndex 0, prevTerm 0
010049 LEAD S2: 1 append success next 1 match 0
010049 INFO S0: (term 1) follower 收到 [2] AppendEntries [], prevIndex 0, prevTerm 0
010049 LEAD S2: 0 append success next 1 match 0
010550 LEAD S2: prevLog &raft.Entry{Command:interface {}(nil), Term:0, Index:0}
010550 LEAD S2: prevLog &raft.Entry{Command:interface {}(nil), Term:0, Index:0}
010551 INFO S0: (term 1) follower 收到 [2] AppendEntries [], prevIndex 0, prevTerm 0
010551 INFO S1: (term 1) follower 收到 [2] AppendEntries [], prevIndex 0, prevTerm 0
010551 LEAD S2: 0 append success next 1 match 0
010551 LEAD S2: 1 append success next 1 match 0
011052 LEAD S2: prevLog &raft.Entry{Command:interface {}(nil), Term:0, Index:0}
011052 LEAD S2: prevLog &raft.Entry{Command:interface {}(nil), Term:0, Index:0}
011053 INFO S1: (term 1) follower 收到 [2] AppendEntries [], prevIndex 0, prevTerm 0
011053 INFO S0: (term 1) follower 收到 [2] AppendEntries [], prevIndex 0, prevTerm 0
011053 LEAD S2: 0 append success next 1 match 0
011053 LEAD S2: 1 append success next 1 match 0
011554 LEAD S2: prevLog &raft.Entry{Command:interface {}(nil), Term:0, Index:0}
011554 LEAD S2: prevLog &raft.Entry{Command:interface {}(nil), Term:0, Index:0}
011555 INFO S0: (term 1) follower 收到 [2] AppendEntries [], prevIndex 0, prevTerm 0
011555 INFO S1: (term 1) follower 收到 [2] AppendEntries [], prevIndex 0, prevTerm 0
011555 LEAD S2: 0 append success next 1 match 0
011555 LEAD S2: 1 append success next 1 match 0
012057 LEAD S2: prevLog &raft.Entry{Command:interface {}(nil), Term:0, Index:0}
012057 LEAD S2: prevLog &raft.Entry{Command:interface {}(nil), Term:0, Index:0}
012058 INFO S0: (term 1) follower 收到 [2] AppendEntries [], prevIndex 0, prevTerm 0
012058 INFO S1: (term 1) follower 收到 [2] AppendEntries [], prevIndex 0, prevTerm 0
012058 LEAD S2: 0 append success next 1 match 0
012058 LEAD S2: 1 append success next 1 match 0
012559 LEAD S2: prevLog &raft.Entry{Command:interface {}(nil), Term:0, Index:0}
012559 LEAD S2: prevLog &raft.Entry{Command:interface {}(nil), Term:0, Index:0}
012560 INFO S1: (term 1) follower 收到 [2] AppendEntries [], prevIndex 0, prevTerm 0
012560 INFO S0: (term 1) follower 收到 [2] AppendEntries [], prevIndex 0, prevTerm 0
012560 LEAD S2: 0 append success next 1 match 0
012560 LEAD S2: 1 append success next 1 match 0
013061 LEAD S2: prevLog &raft.Entry{Command:interface {}(nil), Term:0, Index:0}
013061 LEAD S2: prevLog &raft.Entry{Command:interface {}(nil), Term:0, Index:0}
013062 INFO S0: (term 1) follower 收到 [2] AppendEntries [], prevIndex 0, prevTerm 0
013062 INFO S1: (term 1) follower 收到 [2] AppendEntries [], prevIndex 0, prevTerm 0
013062 LEAD S2: 1 append success next 1 match 0
013063 LEAD S2: 0 append success next 1 match 0
013564 LEAD S2: prevLog &raft.Entry{Command:interface {}(nil), Term:0, Index:0}
013564 LEAD S2: prevLog &raft.Entry{Command:interface {}(nil), Term:0, Index:0}
013565 INFO S1: (term 1) follower 收到 [2] AppendEntries [], prevIndex 0, prevTerm 0
013565 LEAD S2: 1 append success next 1 match 0
013565 INFO S0: (term 1) follower 收到 [2] AppendEntries [], prevIndex 0, prevTerm 0
013566 LEAD S2: 0 append success next 1 match 0
014065 LEAD S2: prevLog &raft.Entry{Command:interface {}(nil), Term:0, Index:0}
014065 LEAD S2: prevLog &raft.Entry{Command:interface {}(nil), Term:0, Index:0}
014066 INFO S0: (term 1) follower 收到 [2] AppendEntries [], prevIndex 0, prevTerm 0
014066 LEAD S2: 0 append success next 1 match 0
014066 INFO S1: (term 1) follower 收到 [2] AppendEntries [], prevIndex 0, prevTerm 0
014066 LEAD S2: 1 append success next 1 match 0
014567 LEAD S2: prevLog &raft.Entry{Command:interface {}(nil), Term:0, Index:0}
014568 LEAD S2: prevLog &raft.Entry{Command:interface {}(nil), Term:0, Index:0}
014569 INFO S1: (term 1) follower 收到 [2] AppendEntries [], prevIndex 0, prevTerm 0
014569 INFO S0: (term 1) follower 收到 [2] AppendEntries [], prevIndex 0, prevTerm 0
014569 LEAD S2: 1 append success next 1 match 0
014570 LEAD S2: 0 append success next 1 match 0
015069 LEAD S2: prevLog &raft.Entry{Command:interface {}(nil), Term:0, Index:0}
015069 LEAD S2: prevLog &raft.Entry{Command:interface {}(nil), Term:0, Index:0}
015070 INFO S1: (term 1) follower 收到 [2] AppendEntries [], prevIndex 0, prevTerm 0
015070 INFO S0: (term 1) follower 收到 [2] AppendEntries [], prevIndex 0, prevTerm 0
015070 LEAD S2: 0 append success next 1 match 0
015070 LEAD S2: 1 append success next 1 match 0
015570 LEAD S2: prevLog &raft.Entry{Command:interface {}(nil), Term:0, Index:0}
015570 LEAD S2: prevLog &raft.Entry{Command:interface {}(nil), Term:0, Index:0}
015571 INFO S1: (term 1) follower 收到 [2] AppendEntries [], prevIndex 0, prevTerm 0
015571 LEAD S2: 1 append success next 1 match 0
015572 INFO S0: (term 1) follower 收到 [2] AppendEntries [], prevIndex 0, prevTerm 0
015572 LEAD S2: 0 append success next 1 match 0
016073 LEAD S2: prevLog &raft.Entry{Command:interface {}(nil), Term:0, Index:0}
016073 LEAD S2: prevLog &raft.Entry{Command:interface {}(nil), Term:0, Index:0}
016074 INFO S0: (term 1) follower 收到 [2] AppendEntries [], prevIndex 0, prevTerm 0
016074 INFO S1: (term 1) follower 收到 [2] AppendEntries [], prevIndex 0, prevTerm 0
016074 LEAD S2: 0 append success next 1 match 0
016074 LEAD S2: 1 append success next 1 match 0
016575 LEAD S2: prevLog &raft.Entry{Command:interface {}(nil), Term:0, Index:0}
016575 LEAD S2: prevLog &raft.Entry{Command:interface {}(nil), Term:0, Index:0}
016576 INFO S1: (term 1) follower 收到 [2] AppendEntries [], prevIndex 0, prevTerm 0
016576 INFO S0: (term 1) follower 收到 [2] AppendEntries [], prevIndex 0, prevTerm 0
016576 LEAD S2: 1 append success next 1 match 0
016576 LEAD S2: 0 append success next 1 match 0
017077 LEAD S2: prevLog &raft.Entry{Command:interface {}(nil), Term:0, Index:0}
017077 LEAD S2: prevLog &raft.Entry{Command:interface {}(nil), Term:0, Index:0}
017078 INFO S1: (term 1) follower 收到 [2] AppendEntries [], prevIndex 0, prevTerm 0
017078 INFO S0: (term 1) follower 收到 [2] AppendEntries [], prevIndex 0, prevTerm 0
017078 LEAD S2: 1 append success next 1 match 0
017078 LEAD S2: 0 append success next 1 match 0
017579 LEAD S2: prevLog &raft.Entry{Command:interface {}(nil), Term:0, Index:0}
017579 LEAD S2: prevLog &raft.Entry{Command:interface {}(nil), Term:0, Index:0}
017580 INFO S1: (term 1) follower 收到 [2] AppendEntries [], prevIndex 0, prevTerm 0
017580 INFO S0: (term 1) follower 收到 [2] AppendEntries [], prevIndex 0, prevTerm 0
017580 LEAD S2: 0 append success next 1 match 0
017580 LEAD S2: 1 append success next 1 match 0
018081 LEAD S2: prevLog &raft.Entry{Command:interface {}(nil), Term:0, Index:0}
018081 LEAD S2: prevLog &raft.Entry{Command:interface {}(nil), Term:0, Index:0}
018082 INFO S1: (term 1) follower 收到 [2] AppendEntries [], prevIndex 0, prevTerm 0
018082 LEAD S2: 1 append success next 1 match 0
018082 INFO S0: (term 1) follower 收到 [2] AppendEntries [], prevIndex 0, prevTerm 0
018082 LEAD S2: 0 append success next 1 match 0
018583 LEAD S2: prevLog &raft.Entry{Command:interface {}(nil), Term:0, Index:0}
018584 LEAD S2: prevLog &raft.Entry{Command:interface {}(nil), Term:0, Index:0}
018584 INFO S0: (term 1) follower 收到 [2] AppendEntries [], prevIndex 0, prevTerm 0
018585 INFO S1: (term 1) follower 收到 [2] AppendEntries [], prevIndex 0, prevTerm 0
018585 LEAD S2: 0 append success next 1 match 0
018585 LEAD S2: 1 append success next 1 match 0
019085 LEAD S2: prevLog &raft.Entry{Command:interface {}(nil), Term:0, Index:0}
019085 LEAD S2: prevLog &raft.Entry{Command:interface {}(nil), Term:0, Index:0}
019086 INFO S1: (term 1) follower 收到 [2] AppendEntries [], prevIndex 0, prevTerm 0
019087 LEAD S2: 1 append success next 1 match 0
019087 INFO S0: (term 1) follower 收到 [2] AppendEntries [], prevIndex 0, prevTerm 0
019087 LEAD S2: 0 append success next 1 match 0
019588 LEAD S2: prevLog &raft.Entry{Command:interface {}(nil), Term:0, Index:0}
019588 LEAD S2: prevLog &raft.Entry{Command:interface {}(nil), Term:0, Index:0}
019589 INFO S0: (term 1) follower 收到 [2] AppendEntries [], prevIndex 0, prevTerm 0
019590 LEAD S2: 0 append success next 1 match 0
019591 INFO S1: (term 1) follower 收到 [2] AppendEntries [], prevIndex 0, prevTerm 0
019591 LEAD S2: 1 append success next 1 match 0
020090 LEAD S2: prevLog &raft.Entry{Command:interface {}(nil), Term:0, Index:0}
020090 LEAD S2: prevLog &raft.Entry{Command:interface {}(nil), Term:0, Index:0}
020091 INFO S1: (term 1) follower 收到 [2] AppendEntries [], prevIndex 0, prevTerm 0
020091 INFO S0: (term 1) follower 收到 [2] AppendEntries [], prevIndex 0, prevTerm 0
020091 LEAD S2: 1 append success next 1 match 0
020092 LEAD S2: 0 append success next 1 match 0
020591 LEAD S2: prevLog &raft.Entry{Command:interface {}(nil), Term:0, Index:0}
020592 LEAD S2: prevLog &raft.Entry{Command:interface {}(nil), Term:0, Index:0}
020592 INFO S1: (term 1) follower 收到 [2] AppendEntries [], prevIndex 0, prevTerm 0
020592 INFO S0: (term 1) follower 收到 [2] AppendEntries [], prevIndex 0, prevTerm 0
020593 LEAD S2: 1 append success next 1 match 0
020593 LEAD S2: 0 append success next 1 match 0
021093 LEAD S2: prevLog &raft.Entry{Command:interface {}(nil), Term:0, Index:0}
021093 LEAD S2: prevLog &raft.Entry{Command:interface {}(nil), Term:0, Index:0}
021094 INFO S0: (term 1) follower 收到 [2] AppendEntries [], prevIndex 0, prevTerm 0
021094 INFO S1: (term 1) follower 收到 [2] AppendEntries [], prevIndex 0, prevTerm 0
021094 LEAD S2: 0 append success next 1 match 0
021094 LEAD S2: 1 append success next 1 match 0
021594 LEAD S2: prevLog &raft.Entry{Command:interface {}(nil), Term:0, Index:0}
021595 LEAD S2: prevLog &raft.Entry{Command:interface {}(nil), Term:0, Index:0}
021595 INFO S0: (term 1) follower 收到 [2] AppendEntries [], prevIndex 0, prevTerm 0
021595 INFO S1: (term 1) follower 收到 [2] AppendEntries [], prevIndex 0, prevTerm 0
021595 LEAD S2: 0 append success next 1 match 0
021596 LEAD S2: 1 append success next 1 match 0
022097 LEAD S2: prevLog &raft.Entry{Command:interface {}(nil), Term:0, Index:0}
022097 LEAD S2: prevLog &raft.Entry{Command:interface {}(nil), Term:0, Index:0}
022098 INFO S0: (term 1) follower 收到 [2] AppendEntries [], prevIndex 0, prevTerm 0
022099 LEAD S2: 0 append success next 1 match 0
022099 INFO S1: (term 1) follower 收到 [2] AppendEntries [], prevIndex 0, prevTerm 0
022099 LEAD S2: 1 append success next 1 match 0
022600 LEAD S2: prevLog &raft.Entry{Command:interface {}(nil), Term:0, Index:0}
022600 LEAD S2: prevLog &raft.Entry{Command:interface {}(nil), Term:0, Index:0}
022601 INFO S0: (term 1) follower 收到 [2] AppendEntries [], prevIndex 0, prevTerm 0
022601 INFO S1: (term 1) follower 收到 [2] AppendEntries [], prevIndex 0, prevTerm 0
022601 LEAD S2: 0 append success next 1 match 0
022601 LEAD S2: 1 append success next 1 match 0
023102 LEAD S2: prevLog &raft.Entry{Command:interface {}(nil), Term:0, Index:0}
023102 LEAD S2: prevLog &raft.Entry{Command:interface {}(nil), Term:0, Index:0}
023102 INFO S0: (term 1) follower 收到 [2] AppendEntries [], prevIndex 0, prevTerm 0
023103 LEAD S2: 0 append success next 1 match 0
023103 INFO S1: (term 1) follower 收到 [2] AppendEntries [], prevIndex 0, prevTerm 0
023103 LEAD S2: 1 append success next 1 match 0
023604 LEAD S2: prevLog &raft.Entry{Command:interface {}(nil), Term:0, Index:0}
023604 LEAD S2: prevLog &raft.Entry{Command:interface {}(nil), Term:0, Index:0}
023605 INFO S1: (term 1) follower 收到 [2] AppendEntries [], prevIndex 0, prevTerm 0
023605 INFO S0: (term 1) follower 收到 [2] AppendEntries [], prevIndex 0, prevTerm 0
023605 LEAD S2: 0 append success next 1 match 0
023605 LEAD S2: 1 append success next 1 match 0
024106 LEAD S2: prevLog &raft.Entry{Command:interface {}(nil), Term:0, Index:0}
024106 LEAD S2: prevLog &raft.Entry{Command:interface {}(nil), Term:0, Index:0}
024107 INFO S1: (term 1) follower 收到 [2] AppendEntries [], prevIndex 0, prevTerm 0
024108 LEAD S2: 1 append success next 1 match 0
024108 INFO S0: (term 1) follower 收到 [2] AppendEntries [], prevIndex 0, prevTerm 0
024109 LEAD S2: 0 append success next 1 match 0
024609 LEAD S2: prevLog &raft.Entry{Command:interface {}(nil), Term:0, Index:0}
024609 LEAD S2: prevLog &raft.Entry{Command:interface {}(nil), Term:0, Index:0}
024610 INFO S1: (term 1) follower 收到 [2] AppendEntries [], prevIndex 0, prevTerm 0
024610 LEAD S2: 1 append success next 1 match 0
024610 INFO S0: (term 1) follower 收到 [2] AppendEntries [], prevIndex 0, prevTerm 0
024611 LEAD S2: 0 append success next 1 match 0
025111 LEAD S2: prevLog &raft.Entry{Command:interface {}(nil), Term:0, Index:0}
025111 LEAD S2: prevLog &raft.Entry{Command:interface {}(nil), Term:0, Index:0}
025112 INFO S1: (term 1) follower 收到 [2] AppendEntries [], prevIndex 0, prevTerm 0
025112 INFO S0: (term 1) follower 收到 [2] AppendEntries [], prevIndex 0, prevTerm 0
025112 LEAD S2: 1 append success next 1 match 0
025112 LEAD S2: 0 append success next 1 match 0
025612 LEAD S2: prevLog &raft.Entry{Command:interface {}(nil), Term:0, Index:0}
025612 LEAD S2: prevLog &raft.Entry{Command:interface {}(nil), Term:0, Index:0}
025613 INFO S1: (term 1) follower 收到 [2] AppendEntries [], prevIndex 0, prevTerm 0
025613 INFO S0: (term 1) follower 收到 [2] AppendEntries [], prevIndex 0, prevTerm 0
025613 LEAD S2: 1 append success next 1 match 0
025614 LEAD S2: 0 append success next 1 match 0
026114 LEAD S2: prevLog &raft.Entry{Command:interface {}(nil), Term:0, Index:0}
026114 LEAD S2: prevLog &raft.Entry{Command:interface {}(nil), Term:0, Index:0}
026114 INFO S0: (term 1) follower 收到 [2] AppendEntries [], prevIndex 0, prevTerm 0
026115 INFO S1: (term 1) follower 收到 [2] AppendEntries [], prevIndex 0, prevTerm 0
026115 LEAD S2: 0 append success next 1 match 0
026115 LEAD S2: 1 append success next 1 match 0
026617 LEAD S2: prevLog &raft.Entry{Command:interface {}(nil), Term:0, Index:0}
026617 LEAD S2: prevLog &raft.Entry{Command:interface {}(nil), Term:0, Index:0}
026618 INFO S1: (term 1) follower 收到 [2] AppendEntries [], prevIndex 0, prevTerm 0
026618 INFO S0: (term 1) follower 收到 [2] AppendEntries [], prevIndex 0, prevTerm 0
026618 LEAD S2: 1 append success next 1 match 0
026618 LEAD S2: 0 append success next 1 match 0
027119 LEAD S2: prevLog &raft.Entry{Command:interface {}(nil), Term:0, Index:0}
027119 LEAD S2: prevLog &raft.Entry{Command:interface {}(nil), Term:0, Index:0}
027120 INFO S1: (term 1) follower 收到 [2] AppendEntries [], prevIndex 0, prevTerm 0
027120 INFO S0: (term 1) follower 收到 [2] AppendEntries [], prevIndex 0, prevTerm 0
027120 LEAD S2: 1 append success next 1 match 0
027121 LEAD S2: 0 append success next 1 match 0
027622 LEAD S2: prevLog &raft.Entry{Command:interface {}(nil), Term:0, Index:0}
027622 LEAD S2: prevLog &raft.Entry{Command:interface {}(nil), Term:0, Index:0}
027623 INFO S1: (term 1) follower 收到 [2] AppendEntries [], prevIndex 0, prevTerm 0
027623 INFO S0: (term 1) follower 收到 [2] AppendEntries [], prevIndex 0, prevTerm 0
027623 LEAD S2: 0 append success next 1 match 0
027623 LEAD S2: 1 append success next 1 match 0
028123 LEAD S2: prevLog &raft.Entry{Command:interface {}(nil), Term:0, Index:0}
028123 LEAD S2: prevLog &raft.Entry{Command:interface {}(nil), Term:0, Index:0}
028124 INFO S1: (term 1) follower 收到 [2] AppendEntries [], prevIndex 0, prevTerm 0
028124 INFO S0: (term 1) follower 收到 [2] AppendEntries [], prevIndex 0, prevTerm 0
028124 LEAD S2: 1 append success next 1 match 0
028125 LEAD S2: 0 append success next 1 match 0
028625 LEAD S2: prevLog &raft.Entry{Command:interface {}(nil), Term:0, Index:0}
028625 LEAD S2: prevLog &raft.Entry{Command:interface {}(nil), Term:0, Index:0}
028626 INFO S1: (term 1) follower 收到 [2] AppendEntries [], prevIndex 0, prevTerm 0
028626 LEAD S2: 1 append success next 1 match 0
028627 INFO S0: (term 1) follower 收到 [2] AppendEntries [], prevIndex 0, prevTerm 0
028627 LEAD S2: 0 append success next 1 match 0
029127 LEAD S2: prevLog &raft.Entry{Command:interface {}(nil), Term:0, Index:0}
029127 LEAD S2: prevLog &raft.Entry{Command:interface {}(nil), Term:0, Index:0}
029128 INFO S0: (term 1) follower 收到 [2] AppendEntries [], prevIndex 0, prevTerm 0
029128 INFO S1: (term 1) follower 收到 [2] AppendEntries [], prevIndex 0, prevTerm 0
029128 LEAD S2: 0 append success next 1 match 0
029129 LEAD S2: 1 append success next 1 match 0
029630 LEAD S2: prevLog &raft.Entry{Command:interface {}(nil), Term:0, Index:0}
029630 LEAD S2: prevLog &raft.Entry{Command:interface {}(nil), Term:0, Index:0}
029631 INFO S1: (term 1) follower 收到 [2] AppendEntries [], prevIndex 0, prevTerm 0
029631 LEAD S2: 1 append success next 1 match 0
029631 INFO S0: (term 1) follower 收到 [2] AppendEntries [], prevIndex 0, prevTerm 0
029632 LEAD S2: 0 append success next 1 match 0
030133 LEAD S2: prevLog &raft.Entry{Command:interface {}(nil), Term:0, Index:0}
030133 LEAD S2: prevLog &raft.Entry{Command:interface {}(nil), Term:0, Index:0}
030133 INFO S1: (term 1) follower 收到 [2] AppendEntries [], prevIndex 0, prevTerm 0
030134 LEAD S2: 1 append success next 1 match 0
030134 INFO S0: (term 1) follower 收到 [2] AppendEntries [], prevIndex 0, prevTerm 0
030134 LEAD S2: 0 append success next 1 match 0
030635 LEAD S2: prevLog &raft.Entry{Command:interface {}(nil), Term:0, Index:0}
030635 LEAD S2: prevLog &raft.Entry{Command:interface {}(nil), Term:0, Index:0}
030636 INFO S1: (term 1) follower 收到 [2] AppendEntries [], prevIndex 0, prevTerm 0
030636 INFO S0: (term 1) follower 收到 [2] AppendEntries [], prevIndex 0, prevTerm 0
030636 LEAD S2: 1 append success next 1 match 0
030636 LEAD S2: 0 append success next 1 match 0
031137 LEAD S2: prevLog &raft.Entry{Command:interface {}(nil), Term:0, Index:0}
031138 LEAD S2: prevLog &raft.Entry{Command:interface {}(nil), Term:0, Index:0}
031138 INFO S1: (term 1) follower 收到 [2] AppendEntries [], prevIndex 0, prevTerm 0
031138 LEAD S2: 1 append success next 1 match 0
031139 INFO S0: (term 1) follower 收到 [2] AppendEntries [], prevIndex 0, prevTerm 0
031139 LEAD S2: 0 append success next 1 match 0
031639 LEAD S2: prevLog &raft.Entry{Command:interface {}(nil), Term:0, Index:0}
031639 LEAD S2: prevLog &raft.Entry{Command:interface {}(nil), Term:0, Index:0}
031640 INFO S1: (term 1) follower 收到 [2] AppendEntries [], prevIndex 0, prevTerm 0
031640 INFO S0: (term 1) follower 收到 [2] AppendEntries [], prevIndex 0, prevTerm 0
031640 LEAD S2: 0 append success next 1 match 0
031640 LEAD S2: 1 append success next 1 match 0
032141 LEAD S2: prevLog &raft.Entry{Command:interface {}(nil), Term:0, Index:0}
032141 LEAD S2: prevLog &raft.Entry{Command:interface {}(nil), Term:0, Index:0}
032142 INFO S1: (term 1) follower 收到 [2] AppendEntries [], prevIndex 0, prevTerm 0
032142 INFO S0: (term 1) follower 收到 [2] AppendEntries [], prevIndex 0, prevTerm 0
032143 LEAD S2: 0 append success next 1 match 0
032143 LEAD S2: 1 append success next 1 match 0
032644 LEAD S2: prevLog &raft.Entry{Command:interface {}(nil), Term:0, Index:0}
032644 LEAD S2: prevLog &raft.Entry{Command:interface {}(nil), Term:0, Index:0}
032645 INFO S1: (term 1) follower 收到 [2] AppendEntries [], prevIndex 0, prevTerm 0
032645 INFO S0: (term 1) follower 收到 [2] AppendEntries [], prevIndex 0, prevTerm 0
032645 LEAD S2: 1 append success next 1 match 0
032645 LEAD S2: 0 append success next 1 match 0
033145 LEAD S2: prevLog &raft.Entry{Command:interface {}(nil), Term:0, Index:0}
033145 LEAD S2: prevLog &raft.Entry{Command:interface {}(nil), Term:0, Index:0}
033146 INFO S1: (term 1) follower 收到 [2] AppendEntries [], prevIndex 0, prevTerm 0
033146 INFO S0: (term 1) follower 收到 [2] AppendEntries [], prevIndex 0, prevTerm 0
033146 LEAD S2: 0 append success next 1 match 0
033146 LEAD S2: 1 append success next 1 match 0
033648 LEAD S2: prevLog &raft.Entry{Command:interface {}(nil), Term:0, Index:0}
033648 LEAD S2: prevLog &raft.Entry{Command:interface {}(nil), Term:0, Index:0}
033649 INFO S1: (term 1) follower 收到 [2] AppendEntries [], prevIndex 0, prevTerm 0
033649 INFO S0: (term 1) follower 收到 [2] AppendEntries [], prevIndex 0, prevTerm 0
033651 LEAD S2: 1 append success next 1 match 0
033652 LEAD S2: 0 append success next 1 match 0
034150 LEAD S2: prevLog &raft.Entry{Command:interface {}(nil), Term:0, Index:0}
034151 LEAD S2: prevLog &raft.Entry{Command:interface {}(nil), Term:0, Index:0}
034151 INFO S0: (term 1) follower 收到 [2] AppendEntries [], prevIndex 0, prevTerm 0
034151 INFO S1: (term 1) follower 收到 [2] AppendEntries [], prevIndex 0, prevTerm 0
034152 LEAD S2: 0 append success next 1 match 0
034152 LEAD S2: 1 append success next 1 match 0
034652 LEAD S2: prevLog &raft.Entry{Command:interface {}(nil), Term:0, Index:0}
034652 LEAD S2: prevLog &raft.Entry{Command:interface {}(nil), Term:0, Index:0}
034653 INFO S1: (term 1) follower 收到 [2] AppendEntries [], prevIndex 0, prevTerm 0
034653 LEAD S2: 1 append success next 1 match 0
034653 INFO S0: (term 1) follower 收到 [2] AppendEntries [], prevIndex 0, prevTerm 0
034654 LEAD S2: 0 append success next 1 match 0
035154 LEAD S2: prevLog &raft.Entry{Command:interface {}(nil), Term:0, Index:0}
035154 LEAD S2: prevLog &raft.Entry{Command:interface {}(nil), Term:0, Index:0}
035155 INFO S0: (term 1) follower 收到 [2] AppendEntries [], prevIndex 0, prevTerm 0
035155 INFO S1: (term 1) follower 收到 [2] AppendEntries [], prevIndex 0, prevTerm 0
035155 LEAD S2: 0 append success next 1 match 0
035155 LEAD S2: 1 append success next 1 match 0
035656 LEAD S2: prevLog &raft.Entry{Command:interface {}(nil), Term:0, Index:0}
035656 LEAD S2: prevLog &raft.Entry{Command:interface {}(nil), Term:0, Index:0}
035657 INFO S1: (term 1) follower 收到 [2] AppendEntries [], prevIndex 0, prevTerm 0
035657 INFO S0: (term 1) follower 收到 [2] AppendEntries [], prevIndex 0, prevTerm 0
035657 LEAD S2: 0 append success next 1 match 0
035657 LEAD S2: 1 append success next 1 match 0
036158 LEAD S2: prevLog &raft.Entry{Command:interface {}(nil), Term:0, Index:0}
036158 LEAD S2: prevLog &raft.Entry{Command:interface {}(nil), Term:0, Index:0}
036158 INFO S1: (term 1) follower 收到 [2] AppendEntries [], prevIndex 0, prevTerm 0
036158 INFO S0: (term 1) follower 收到 [2] AppendEntries [], prevIndex 0, prevTerm 0
036159 LEAD S2: 0 append success next 1 match 0
036159 LEAD S2: 1 append success next 1 match 0
036660 LEAD S2: prevLog &raft.Entry{Command:interface {}(nil), Term:0, Index:0}
036660 LEAD S2: prevLog &raft.Entry{Command:interface {}(nil), Term:0, Index:0}
036661 INFO S0: (term 1) follower 收到 [2] AppendEntries [], prevIndex 0, prevTerm 0
036661 LEAD S2: 0 append success next 1 match 0
036661 INFO S1: (term 1) follower 收到 [2] AppendEntries [], prevIndex 0, prevTerm 0
036662 LEAD S2: 1 append success next 1 match 0
037163 LEAD S2: prevLog &raft.Entry{Command:interface {}(nil), Term:0, Index:0}
037163 LEAD S2: prevLog &raft.Entry{Command:interface {}(nil), Term:0, Index:0}
037164 INFO S1: (term 1) follower 收到 [2] AppendEntries [], prevIndex 0, prevTerm 0
037164 INFO S0: (term 1) follower 收到 [2] AppendEntries [], prevIndex 0, prevTerm 0
037165 LEAD S2: 1 append success next 1 match 0
037165 LEAD S2: 0 append success next 1 match 0
037665 LEAD S2: prevLog &raft.Entry{Command:interface {}(nil), Term:0, Index:0}
037665 LEAD S2: prevLog &raft.Entry{Command:interface {}(nil), Term:0, Index:0}
037666 INFO S0: (term 1) follower 收到 [2] AppendEntries [], prevIndex 0, prevTerm 0
037666 LEAD S2: 0 append success next 1 match 0
037666 INFO S1: (term 1) follower 收到 [2] AppendEntries [], prevIndex 0, prevTerm 0
037667 LEAD S2: 1 append success next 1 match 0
038167 LEAD S2: prevLog &raft.Entry{Command:interface {}(nil), Term:0, Index:0}
038168 LEAD S2: prevLog &raft.Entry{Command:interface {}(nil), Term:0, Index:0}
038168 INFO S0: (term 1) follower 收到 [2] AppendEntries [], prevIndex 0, prevTerm 0
038168 INFO S1: (term 1) follower 收到 [2] AppendEntries [], prevIndex 0, prevTerm 0
038169 LEAD S2: 0 append success next 1 match 0
038169 LEAD S2: 1 append success next 1 match 0
038670 LEAD S2: prevLog &raft.Entry{Command:interface {}(nil), Term:0, Index:0}
038670 LEAD S2: prevLog &raft.Entry{Command:interface {}(nil), Term:0, Index:0}
038671 INFO S1: (term 1) follower 收到 [2] AppendEntries [], prevIndex 0, prevTerm 0
038671 INFO S0: (term 1) follower 收到 [2] AppendEntries [], prevIndex 0, prevTerm 0
038671 LEAD S2: 0 append success next 1 match 0
038671 LEAD S2: 1 append success next 1 match 0
039172 LEAD S2: prevLog &raft.Entry{Command:interface {}(nil), Term:0, Index:0}
039172 LEAD S2: prevLog &raft.Entry{Command:interface {}(nil), Term:0, Index:0}
039173 INFO S1: (term 1) follower 收到 [2] AppendEntries [], prevIndex 0, prevTerm 0
039173 INFO S0: (term 1) follower 收到 [2] AppendEntries [], prevIndex 0, prevTerm 0
039173 LEAD S2: 0 append success next 1 match 0
039173 LEAD S2: 1 append success next 1 match 0
039674 LEAD S2: prevLog &raft.Entry{Command:interface {}(nil), Term:0, Index:0}
039674 LEAD S2: prevLog &raft.Entry{Command:interface {}(nil), Term:0, Index:0}
039675 INFO S1: (term 1) follower 收到 [2] AppendEntries [], prevIndex 0, prevTerm 0
039675 LEAD S2: 1 append success next 1 match 0
039676 INFO S0: (term 1) follower 收到 [2] AppendEntries [], prevIndex 0, prevTerm 0
039676 LEAD S2: 0 append success next 1 match 0
040177 LEAD S2: prevLog &raft.Entry{Command:interface {}(nil), Term:0, Index:0}
040177 LEAD S2: prevLog &raft.Entry{Command:interface {}(nil), Term:0, Index:0}
040178 INFO S1: (term 1) follower 收到 [2] AppendEntries [], prevIndex 0, prevTerm 0
040178 LEAD S2: 1 append success next 1 match 0
040178 INFO S0: (term 1) follower 收到 [2] AppendEntries [], prevIndex 0, prevTerm 0
040179 LEAD S2: 0 append success next 1 match 0
040680 LEAD S2: prevLog &raft.Entry{Command:interface {}(nil), Term:0, Index:0}
040680 LEAD S2: prevLog &raft.Entry{Command:interface {}(nil), Term:0, Index:0}
040681 INFO S0: (term 1) follower 收到 [2] AppendEntries [], prevIndex 0, prevTerm 0
040681 INFO S1: (term 1) follower 收到 [2] AppendEntries [], prevIndex 0, prevTerm 0
040681 LEAD S2: 0 append success next 1 match 0
040681 LEAD S2: 1 append success next 1 match 0
041181 LEAD S2: prevLog &raft.Entry{Command:interface {}(nil), Term:0, Index:0}
041181 LEAD S2: prevLog &raft.Entry{Command:interface {}(nil), Term:0, Index:0}
041182 INFO S0: (term 1) follower 收到 [2] AppendEntries [], prevIndex 0, prevTerm 0
041182 LEAD S2: 0 append success next 1 match 0
041182 INFO S1: (term 1) follower 收到 [2] AppendEntries [], prevIndex 0, prevTerm 0
041183 LEAD S2: 1 append success next 1 match 0
041683 LEAD S2: prevLog &raft.Entry{Command:interface {}(nil), Term:0, Index:0}
041683 LEAD S2: prevLog &raft.Entry{Command:interface {}(nil), Term:0, Index:0}
041684 INFO S0: (term 1) follower 收到 [2] AppendEntries [], prevIndex 0, prevTerm 0
041684 INFO S1: (term 1) follower 收到 [2] AppendEntries [], prevIndex 0, prevTerm 0
041684 LEAD S2: 0 append success next 1 match 0
041684 LEAD S2: 1 append success next 1 match 0
042185 LEAD S2: prevLog &raft.Entry{Command:interface {}(nil), Term:0, Index:0}
042185 LEAD S2: prevLog &raft.Entry{Command:interface {}(nil), Term:0, Index:0}
042186 INFO S1: (term 1) follower 收到 [2] AppendEntries [], prevIndex 0, prevTerm 0
042186 INFO S0: (term 1) follower 收到 [2] AppendEntries [], prevIndex 0, prevTerm 0
042186 LEAD S2: 1 append success next 1 match 0
042187 LEAD S2: 0 append success next 1 match 0
042688 LEAD S2: prevLog &raft.Entry{Command:interface {}(nil), Term:0, Index:0}
042688 LEAD S2: prevLog &raft.Entry{Command:interface {}(nil), Term:0, Index:0}
042689 INFO S0: (term 1) follower 收到 [2] AppendEntries [], prevIndex 0, prevTerm 0
042689 LEAD S2: 0 append success next 1 match 0
042689 INFO S1: (term 1) follower 收到 [2] AppendEntries [], prevIndex 0, prevTerm 0
042689 LEAD S2: 1 append success next 1 match 0
043190 LEAD S2: prevLog &raft.Entry{Command:interface {}(nil), Term:0, Index:0}
043191 LEAD S2: prevLog &raft.Entry{Command:interface {}(nil), Term:0, Index:0}
043191 INFO S0: (term 1) follower 收到 [2] AppendEntries [], prevIndex 0, prevTerm 0
043192 INFO S1: (term 1) follower 收到 [2] AppendEntries [], prevIndex 0, prevTerm 0
043192 LEAD S2: 0 append success next 1 match 0
043192 LEAD S2: 1 append success next 1 match 0
043692 LEAD S2: prevLog &raft.Entry{Command:interface {}(nil), Term:0, Index:0}
043692 LEAD S2: prevLog &raft.Entry{Command:interface {}(nil), Term:0, Index:0}
043693 INFO S1: (term 1) follower 收到 [2] AppendEntries [], prevIndex 0, prevTerm 0
043693 INFO S0: (term 1) follower 收到 [2] AppendEntries [], prevIndex 0, prevTerm 0
043694 LEAD S2: 1 append success next 1 match 0
043694 LEAD S2: 0 append success next 1 match 0
044195 LEAD S2: prevLog &raft.Entry{Command:interface {}(nil), Term:0, Index:0}
044195 LEAD S2: prevLog &raft.Entry{Command:interface {}(nil), Term:0, Index:0}
044196 INFO S0: (term 1) follower 收到 [2] AppendEntries [], prevIndex 0, prevTerm 0
044196 INFO S1: (term 1) follower 收到 [2] AppendEntries [], prevIndex 0, prevTerm 0
044197 LEAD S2: 1 append success next 1 match 0
044197 LEAD S2: 0 append success next 1 match 0
044697 LEAD S2: prevLog &raft.Entry{Command:interface {}(nil), Term:0, Index:0}
044697 LEAD S2: prevLog &raft.Entry{Command:interface {}(nil), Term:0, Index:0}
044698 INFO S1: (term 1) follower 收到 [2] AppendEntries [], prevIndex 0, prevTerm 0
044698 INFO S0: (term 1) follower 收到 [2] AppendEntries [], prevIndex 0, prevTerm 0
044698 LEAD S2: 1 append success next 1 match 0
044698 LEAD S2: 0 append success next 1 match 0
045200 LEAD S2: prevLog &raft.Entry{Command:interface {}(nil), Term:0, Index:0}
045200 LEAD S2: prevLog &raft.Entry{Command:interface {}(nil), Term:0, Index:0}
045201 INFO S1: (term 1) follower 收到 [2] AppendEntries [], prevIndex 0, prevTerm 0
045201 LEAD S2: 1 append success next 1 match 0
045201 INFO S0: (term 1) follower 收到 [2] AppendEntries [], prevIndex 0, prevTerm 0
045202 LEAD S2: 0 append success next 1 match 0
045702 LEAD S2: prevLog &raft.Entry{Command:interface {}(nil), Term:0, Index:0}
045702 LEAD S2: prevLog &raft.Entry{Command:interface {}(nil), Term:0, Index:0}
045703 INFO S0: (term 1) follower 收到 [2] AppendEntries [], prevIndex 0, prevTerm 0
045703 LEAD S2: 0 append success next 1 match 0
045703 INFO S1: (term 1) follower 收到 [2] AppendEntries [], prevIndex 0, prevTerm 0
045704 LEAD S2: 1 append success next 1 match 0
046205 LEAD S2: prevLog &raft.Entry{Command:interface {}(nil), Term:0, Index:0}
046205 LEAD S2: prevLog &raft.Entry{Command:interface {}(nil), Term:0, Index:0}
046205 INFO S1: (term 1) follower 收到 [2] AppendEntries [], prevIndex 0, prevTerm 0
046205 INFO S0: (term 1) follower 收到 [2] AppendEntries [], prevIndex 0, prevTerm 0
046206 LEAD S2: 1 append success next 1 match 0
046206 LEAD S2: 0 append success next 1 match 0
046706 LEAD S2: prevLog &raft.Entry{Command:interface {}(nil), Term:0, Index:0}
046706 LEAD S2: prevLog &raft.Entry{Command:interface {}(nil), Term:0, Index:0}
046707 INFO S1: (term 1) follower 收到 [2] AppendEntries [], prevIndex 0, prevTerm 0
046707 INFO S0: (term 1) follower 收到 [2] AppendEntries [], prevIndex 0, prevTerm 0
046707 LEAD S2: 1 append success next 1 match 0
046708 LEAD S2: 0 append success next 1 match 0
047208 LEAD S2: prevLog &raft.Entry{Command:interface {}(nil), Term:0, Index:0}
047209 LEAD S2: prevLog &raft.Entry{Command:interface {}(nil), Term:0, Index:0}
047209 INFO S0: (term 1) follower 收到 [2] AppendEntries [], prevIndex 0, prevTerm 0
047209 INFO S1: (term 1) follower 收到 [2] AppendEntries [], prevIndex 0, prevTerm 0
047210 LEAD S2: 0 append success next 1 match 0
047210 LEAD S2: 1 append success next 1 match 0
047710 LEAD S2: prevLog &raft.Entry{Command:interface {}(nil), Term:0, Index:0}
047710 LEAD S2: prevLog &raft.Entry{Command:interface {}(nil), Term:0, Index:0}
047711 INFO S0: (term 1) follower 收到 [2] AppendEntries [], prevIndex 0, prevTerm 0
047711 INFO S1: (term 1) follower 收到 [2] AppendEntries [], prevIndex 0, prevTerm 0
047711 LEAD S2: 0 append success next 1 match 0
047712 LEAD S2: 1 append success next 1 match 0
048213 LEAD S2: prevLog &raft.Entry{Command:interface {}(nil), Term:0, Index:0}
048213 LEAD S2: prevLog &raft.Entry{Command:interface {}(nil), Term:0, Index:0}
048214 INFO S0: (term 1) follower 收到 [2] AppendEntries [], prevIndex 0, prevTerm 0
048214 LEAD S2: 0 append success next 1 match 0
048214 INFO S1: (term 1) follower 收到 [2] AppendEntries [], prevIndex 0, prevTerm 0
048215 LEAD S2: 1 append success next 1 match 0
048716 LEAD S2: prevLog &raft.Entry{Command:interface {}(nil), Term:0, Index:0}
048716 LEAD S2: prevLog &raft.Entry{Command:interface {}(nil), Term:0, Index:0}
048717 INFO S0: (term 1) follower 收到 [2] AppendEntries [], prevIndex 0, prevTerm 0
048717 LEAD S2: 0 append success next 1 match 0
048717 INFO S1: (term 1) follower 收到 [2] AppendEntries [], prevIndex 0, prevTerm 0
048718 LEAD S2: 1 append success next 1 match 0
049219 LEAD S2: prevLog &raft.Entry{Command:interface {}(nil), Term:0, Index:0}
049219 LEAD S2: prevLog &raft.Entry{Command:interface {}(nil), Term:0, Index:0}
049220 INFO S1: (term 1) follower 收到 [2] AppendEntries [], prevIndex 0, prevTerm 0
049220 INFO S0: (term 1) follower 收到 [2] AppendEntries [], prevIndex 0, prevTerm 0
049220 LEAD S2: 1 append success next 1 match 0
049220 LEAD S2: 0 append success next 1 match 0
049721 LEAD S2: prevLog &raft.Entry{Command:interface {}(nil), Term:0, Index:0}
049721 LEAD S2: prevLog &raft.Entry{Command:interface {}(nil), Term:0, Index:0}
049722 INFO S1: (term 1) follower 收到 [2] AppendEntries [], prevIndex 0, prevTerm 0
049722 INFO S0: (term 1) follower 收到 [2] AppendEntries [], prevIndex 0, prevTerm 0
049722 LEAD S2: 1 append success next 1 match 0
049722 LEAD S2: 0 append success next 1 match 0
050223 LEAD S2: prevLog &raft.Entry{Command:interface {}(nil), Term:0, Index:0}
050223 LEAD S2: prevLog &raft.Entry{Command:interface {}(nil), Term:0, Index:0}
050224 INFO S1: (term 1) follower 收到 [2] AppendEntries [], prevIndex 0, prevTerm 0
050224 LEAD S2: 1 append success next 1 match 0
050224 INFO S0: (term 1) follower 收到 [2] AppendEntries [], prevIndex 0, prevTerm 0
050224 LEAD S2: 0 append success next 1 match 0
050724 LEAD S2: prevLog &raft.Entry{Command:interface {}(nil), Term:0, Index:0}
050725 LEAD S2: prevLog &raft.Entry{Command:interface {}(nil), Term:0, Index:0}
050725 INFO S0: (term 1) follower 收到 [2] AppendEntries [], prevIndex 0, prevTerm 0
050725 INFO S1: (term 1) follower 收到 [2] AppendEntries [], prevIndex 0, prevTerm 0
050726 LEAD S2: 0 append success next 1 match 0
050726 LEAD S2: 1 append success next 1 match 0
051226 LEAD S2: prevLog &raft.Entry{Command:interface {}(nil), Term:0, Index:0}
051226 LEAD S2: prevLog &raft.Entry{Command:interface {}(nil), Term:0, Index:0}
051227 INFO S1: (term 1) follower 收到 [2] AppendEntries [], prevIndex 0, prevTerm 0
051227 INFO S0: (term 1) follower 收到 [2] AppendEntries [], prevIndex 0, prevTerm 0
051227 LEAD S2: 0 append success next 1 match 0
051227 LEAD S2: 1 append success next 1 match 0
051728 LEAD S2: prevLog &raft.Entry{Command:interface {}(nil), Term:0, Index:0}
051728 LEAD S2: prevLog &raft.Entry{Command:interface {}(nil), Term:0, Index:0}
051729 INFO S0: (term 1) follower 收到 [2] AppendEntries [], prevIndex 0, prevTerm 0
051729 INFO S1: (term 1) follower 收到 [2] AppendEntries [], prevIndex 0, prevTerm 0
051729 LEAD S2: 0 append success next 1 match 0
051730 LEAD S2: 1 append success next 1 match 0
052230 LEAD S2: prevLog &raft.Entry{Command:interface {}(nil), Term:0, Index:0}
052230 LEAD S2: prevLog &raft.Entry{Command:interface {}(nil), Term:0, Index:0}
052231 INFO S0: (term 1) follower 收到 [2] AppendEntries [], prevIndex 0, prevTerm 0
052231 INFO S1: (term 1) follower 收到 [2] AppendEntries [], prevIndex 0, prevTerm 0
052231 LEAD S2: 0 append success next 1 match 0
052231 LEAD S2: 1 append success next 1 match 0
052732 LEAD S2: prevLog &raft.Entry{Command:interface {}(nil), Term:0, Index:0}
052732 LEAD S2: prevLog &raft.Entry{Command:interface {}(nil), Term:0, Index:0}
052732 INFO S0: (term 1) follower 收到 [2] AppendEntries [], prevIndex 0, prevTerm 0
052733 INFO S1: (term 1) follower 收到 [2] AppendEntries [], prevIndex 0, prevTerm 0
052733 LEAD S2: 0 append success next 1 match 0
052733 LEAD S2: 1 append success next 1 match 0
053235 LEAD S2: prevLog &raft.Entry{Command:interface {}(nil), Term:0, Index:0}
053235 LEAD S2: prevLog &raft.Entry{Command:interface {}(nil), Term:0, Index:0}
053237 INFO S0: (term 1) follower 收到 [2] AppendEntries [], prevIndex 0, prevTerm 0
053237 INFO S1: (term 1) follower 收到 [2] AppendEntries [], prevIndex 0, prevTerm 0
053238 LEAD S2: 1 append success next 1 match 0
053238 LEAD S2: 0 append success next 1 match 0
053738 LEAD S2: prevLog &raft.Entry{Command:interface {}(nil), Term:0, Index:0}
053739 LEAD S2: prevLog &raft.Entry{Command:interface {}(nil), Term:0, Index:0}
053740 INFO S0: (term 1) follower 收到 [2] AppendEntries [], prevIndex 0, prevTerm 0
053741 LEAD S2: 0 append success next 1 match 0
053740 INFO S1: (term 1) follower 收到 [2] AppendEntries [], prevIndex 0, prevTerm 0
053742 LEAD S2: 1 append success next 1 match 0
054239 LEAD S2: prevLog &raft.Entry{Command:interface {}(nil), Term:0, Index:0}
054239 LEAD S2: prevLog &raft.Entry{Command:interface {}(nil), Term:0, Index:0}
054240 INFO S0: (term 1) follower 收到 [2] AppendEntries [], prevIndex 0, prevTerm 0
054240 INFO S1: (term 1) follower 收到 [2] AppendEntries [], prevIndex 0, prevTerm 0
054240 LEAD S2: 0 append success next 1 match 0
054241 LEAD S2: 1 append success next 1 match 0
054741 LEAD S2: prevLog &raft.Entry{Command:interface {}(nil), Term:0, Index:0}
054741 LEAD S2: prevLog &raft.Entry{Command:interface {}(nil), Term:0, Index:0}
054742 INFO S1: (term 1) follower 收到 [2] AppendEntries [], prevIndex 0, prevTerm 0
054742 INFO S0: (term 1) follower 收到 [2] AppendEntries [], prevIndex 0, prevTerm 0
054742 LEAD S2: 0 append success next 1 match 0
054742 LEAD S2: 1 append success next 1 match 0
055243 LEAD S2: prevLog &raft.Entry{Command:interface {}(nil), Term:0, Index:0}
055243 LEAD S2: prevLog &raft.Entry{Command:interface {}(nil), Term:0, Index:0}
055244 INFO S0: (term 1) follower 收到 [2] AppendEntries [], prevIndex 0, prevTerm 0
055244 LEAD S2: 0 append success next 1 match 0
055244 INFO S1: (term 1) follower 收到 [2] AppendEntries [], prevIndex 0, prevTerm 0
055245 LEAD S2: 1 append success next 1 match 0
055746 LEAD S2: prevLog &raft.Entry{Command:interface {}(nil), Term:0, Index:0}
055746 LEAD S2: prevLog &raft.Entry{Command:interface {}(nil), Term:0, Index:0}
055747 INFO S1: (term 1) follower 收到 [2] AppendEntries [], prevIndex 0, prevTerm 0
055747 LEAD S2: 1 append success next 1 match 0
055747 INFO S0: (term 1) follower 收到 [2] AppendEntries [], prevIndex 0, prevTerm 0
055748 LEAD S2: 0 append success next 1 match 0
056248 LEAD S2: prevLog &raft.Entry{Command:interface {}(nil), Term:0, Index:0}
056248 LEAD S2: prevLog &raft.Entry{Command:interface {}(nil), Term:0, Index:0}
056249 INFO S1: (term 1) follower 收到 [2] AppendEntries [], prevIndex 0, prevTerm 0
056249 LEAD S2: 1 append success next 1 match 0
056249 INFO S0: (term 1) follower 收到 [2] AppendEntries [], prevIndex 0, prevTerm 0
056249 LEAD S2: 0 append success next 1 match 0
056750 LEAD S2: prevLog &raft.Entry{Command:interface {}(nil), Term:0, Index:0}
056750 LEAD S2: prevLog &raft.Entry{Command:interface {}(nil), Term:0, Index:0}
056751 INFO S0: (term 1) follower 收到 [2] AppendEntries [], prevIndex 0, prevTerm 0
056751 INFO S1: (term 1) follower 收到 [2] AppendEntries [], prevIndex 0, prevTerm 0
056751 LEAD S2: 0 append success next 1 match 0
056752 LEAD S2: 1 append success next 1 match 0
057253 LEAD S2: prevLog &raft.Entry{Command:interface {}(nil), Term:0, Index:0}
057253 LEAD S2: prevLog &raft.Entry{Command:interface {}(nil), Term:0, Index:0}
057254 INFO S1: (term 1) follower 收到 [2] AppendEntries [], prevIndex 0, prevTerm 0
057254 INFO S0: (term 1) follower 收到 [2] AppendEntries [], prevIndex 0, prevTerm 0
057254 LEAD S2: 1 append success next 1 match 0
057254 LEAD S2: 0 append success next 1 match 0
057755 LEAD S2: prevLog &raft.Entry{Command:interface {}(nil), Term:0, Index:0}
057756 LEAD S2: prevLog &raft.Entry{Command:interface {}(nil), Term:0, Index:0}
057756 INFO S1: (term 1) follower 收到 [2] AppendEntries [], prevIndex 0, prevTerm 0
057757 LEAD S2: 1 append success next 1 match 0
057757 INFO S0: (term 1) follower 收到 [2] AppendEntries [], prevIndex 0, prevTerm 0
057757 LEAD S2: 0 append success next 1 match 0
058257 LEAD S2: prevLog &raft.Entry{Command:interface {}(nil), Term:0, Index:0}
058257 LEAD S2: prevLog &raft.Entry{Command:interface {}(nil), Term:0, Index:0}
058258 INFO S0: (term 1) follower 收到 [2] AppendEntries [], prevIndex 0, prevTerm 0
058258 INFO S1: (term 1) follower 收到 [2] AppendEntries [], prevIndex 0, prevTerm 0
058258 LEAD S2: 0 append success next 1 match 0
058258 LEAD S2: 1 append success next 1 match 0
058759 LEAD S2: prevLog &raft.Entry{Command:interface {}(nil), Term:0, Index:0}
058759 LEAD S2: prevLog &raft.Entry{Command:interface {}(nil), Term:0, Index:0}
058759 INFO S0: (term 1) follower 收到 [2] AppendEntries [], prevIndex 0, prevTerm 0
058759 INFO S1: (term 1) follower 收到 [2] AppendEntries [], prevIndex 0, prevTerm 0
058760 LEAD S2: 1 append success next 1 match 0
058760 LEAD S2: 0 append success next 1 match 0
059261 LEAD S2: prevLog &raft.Entry{Command:interface {}(nil), Term:0, Index:0}
059261 LEAD S2: prevLog &raft.Entry{Command:interface {}(nil), Term:0, Index:0}
059262 INFO S0: (term 1) follower 收到 [2] AppendEntries [], prevIndex 0, prevTerm 0
059262 INFO S1: (term 1) follower 收到 [2] AppendEntries [], prevIndex 0, prevTerm 0
059262 LEAD S2: 0 append success next 1 match 0
059262 LEAD S2: 1 append success next 1 match 0
059763 LEAD S2: prevLog &raft.Entry{Command:interface {}(nil), Term:0, Index:0}
059763 LEAD S2: prevLog &raft.Entry{Command:interface {}(nil), Term:0, Index:0}
059764 INFO S1: (term 1) follower 收到 [2] AppendEntries [], prevIndex 0, prevTerm 0
059764 INFO S0: (term 1) follower 收到 [2] AppendEntries [], prevIndex 0, prevTerm 0
059764 LEAD S2: 0 append success next 1 match 0
059764 LEAD S2: 1 append success next 1 match 0
060265 LEAD S2: prevLog &raft.Entry{Command:interface {}(nil), Term:0, Index:0}
060265 LEAD S2: prevLog &raft.Entry{Command:interface {}(nil), Term:0, Index:0}
060266 INFO S0: (term 1) follower 收到 [2] AppendEntries [], prevIndex 0, prevTerm 0
060266 INFO S1: (term 1) follower 收到 [2] AppendEntries [], prevIndex 0, prevTerm 0
060266 LEAD S2: 0 append success next 1 match 0
060266 LEAD S2: 1 append success next 1 match 0
060767 LEAD S2: prevLog &raft.Entry{Command:interface {}(nil), Term:0, Index:0}
060767 LEAD S2: prevLog &raft.Entry{Command:interface {}(nil), Term:0, Index:0}
060768 INFO S1: (term 1) follower 收到 [2] AppendEntries [], prevIndex 0, prevTerm 0
060768 INFO S0: (term 1) follower 收到 [2] AppendEntries [], prevIndex 0, prevTerm 0
060768 LEAD S2: 0 append success next 1 match 0
060768 LEAD S2: 1 append success next 1 match 0
061270 LEAD S2: prevLog &raft.Entry{Command:interface {}(nil), Term:0, Index:0}
061270 LEAD S2: prevLog &raft.Entry{Command:interface {}(nil), Term:0, Index:0}
061271 INFO S1: (term 1) follower 收到 [2] AppendEntries [], prevIndex 0, prevTerm 0
061271 INFO S0: (term 1) follower 收到 [2] AppendEntries [], prevIndex 0, prevTerm 0
061271 LEAD S2: 0 append success next 1 match 0
061271 LEAD S2: 1 append success next 1 match 0
061771 LEAD S2: prevLog &raft.Entry{Command:interface {}(nil), Term:0, Index:0}
061771 LEAD S2: prevLog &raft.Entry{Command:interface {}(nil), Term:0, Index:0}
061772 INFO S1: (term 1) follower 收到 [2] AppendEntries [], prevIndex 0, prevTerm 0
061773 LEAD S2: 1 append success next 1 match 0
061773 INFO S0: (term 1) follower 收到 [2] AppendEntries [], prevIndex 0, prevTerm 0
061773 LEAD S2: 0 append success next 1 match 0
062275 LEAD S2: prevLog &raft.Entry{Command:interface {}(nil), Term:0, Index:0}
062275 LEAD S2: prevLog &raft.Entry{Command:interface {}(nil), Term:0, Index:0}
062275 INFO S1: (term 1) follower 收到 [2] AppendEntries [], prevIndex 0, prevTerm 0
062275 INFO S0: (term 1) follower 收到 [2] AppendEntries [], prevIndex 0, prevTerm 0
062276 LEAD S2: 0 append success next 1 match 0
062276 LEAD S2: 1 append success next 1 match 0
062777 LEAD S2: prevLog &raft.Entry{Command:interface {}(nil), Term:0, Index:0}
062777 LEAD S2: prevLog &raft.Entry{Command:interface {}(nil), Term:0, Index:0}
062778 INFO S0: (term 1) follower 收到 [2] AppendEntries [], prevIndex 0, prevTerm 0
062778 INFO S1: (term 1) follower 收到 [2] AppendEntries [], prevIndex 0, prevTerm 0
062778 LEAD S2: 0 append success next 1 match 0
062779 LEAD S2: 1 append success next 1 match 0
063278 LEAD S2: prevLog &raft.Entry{Command:interface {}(nil), Term:0, Index:0}
063279 LEAD S2: prevLog &raft.Entry{Command:interface {}(nil), Term:0, Index:0}
063279 INFO S0: (term 1) follower 收到 [2] AppendEntries [], prevIndex 0, prevTerm 0
063280 INFO S1: (term 1) follower 收到 [2] AppendEntries [], prevIndex 0, prevTerm 0
063280 LEAD S2: 0 append success next 1 match 0
063280 LEAD S2: 1 append success next 1 match 0
063781 LEAD S2: prevLog &raft.Entry{Command:interface {}(nil), Term:0, Index:0}
063781 LEAD S2: prevLog &raft.Entry{Command:interface {}(nil), Term:0, Index:0}
063782 INFO S1: (term 1) follower 收到 [2] AppendEntries [], prevIndex 0, prevTerm 0
063782 INFO S0: (term 1) follower 收到 [2] AppendEntries [], prevIndex 0, prevTerm 0
063782 LEAD S2: 1 append success next 1 match 0
063782 LEAD S2: 0 append success next 1 match 0
064282 LEAD S2: prevLog &raft.Entry{Command:interface {}(nil), Term:0, Index:0}
064282 LEAD S2: prevLog &raft.Entry{Command:interface {}(nil), Term:0, Index:0}
064283 INFO S0: (term 1) follower 收到 [2] AppendEntries [], prevIndex 0, prevTerm 0
064283 LEAD S2: 0 append success next 1 match 0
064283 INFO S1: (term 1) follower 收到 [2] AppendEntries [], prevIndex 0, prevTerm 0
064284 LEAD S2: 1 append success next 1 match 0
064786 LEAD S2: prevLog &raft.Entry{Command:interface {}(nil), Term:0, Index:0}
064786 LEAD S2: prevLog &raft.Entry{Command:interface {}(nil), Term:0, Index:0}
064787 INFO S1: (term 1) follower 收到 [2] AppendEntries [], prevIndex 0, prevTerm 0
064788 INFO S0: (term 1) follower 收到 [2] AppendEntries [], prevIndex 0, prevTerm 0
064788 LEAD S2: 1 append success next 1 match 0
064788 LEAD S2: 0 append success next 1 match 0
065288 LEAD S2: prevLog &raft.Entry{Command:interface {}(nil), Term:0, Index:0}
065288 LEAD S2: prevLog &raft.Entry{Command:interface {}(nil), Term:0, Index:0}
065289 INFO S1: (term 1) follower 收到 [2] AppendEntries [], prevIndex 0, prevTerm 0
065289 INFO S0: (term 1) follower 收到 [2] AppendEntries [], prevIndex 0, prevTerm 0
065289 LEAD S2: 0 append success next 1 match 0
065289 LEAD S2: 1 append success next 1 match 0
065790 LEAD S2: prevLog &raft.Entry{Command:interface {}(nil), Term:0, Index:0}
065790 LEAD S2: prevLog &raft.Entry{Command:interface {}(nil), Term:0, Index:0}
065791 INFO S1: (term 1) follower 收到 [2] AppendEntries [], prevIndex 0, prevTerm 0
065791 INFO S0: (term 1) follower 收到 [2] AppendEntries [], prevIndex 0, prevTerm 0
065791 LEAD S2: 1 append success next 1 match 0
065791 LEAD S2: 0 append success next 1 match 0
066292 LEAD S2: prevLog &raft.Entry{Command:interface {}(nil), Term:0, Index:0}
066292 LEAD S2: prevLog &raft.Entry{Command:interface {}(nil), Term:0, Index:0}
066293 INFO S0: (term 1) follower 收到 [2] AppendEntries [], prevIndex 0, prevTerm 0
066293 INFO S1: (term 1) follower 收到 [2] AppendEntries [], prevIndex 0, prevTerm 0
066293 LEAD S2: 0 append success next 1 match 0
066293 LEAD S2: 1 append success next 1 match 0
066794 LEAD S2: prevLog &raft.Entry{Command:interface {}(nil), Term:0, Index:0}
066794 LEAD S2: prevLog &raft.Entry{Command:interface {}(nil), Term:0, Index:0}
066795 INFO S1: (term 1) follower 收到 [2] AppendEntries [], prevIndex 0, prevTerm 0
066795 INFO S0: (term 1) follower 收到 [2] AppendEntries [], prevIndex 0, prevTerm 0
066795 LEAD S2: 1 append success next 1 match 0
066795 LEAD S2: 0 append success next 1 match 0
067296 LEAD S2: prevLog &raft.Entry{Command:interface {}(nil), Term:0, Index:0}
067296 LEAD S2: prevLog &raft.Entry{Command:interface {}(nil), Term:0, Index:0}
067297 INFO S1: (term 1) follower 收到 [2] AppendEntries [], prevIndex 0, prevTerm 0
067297 INFO S0: (term 1) follower 收到 [2] AppendEntries [], prevIndex 0, prevTerm 0
067297 LEAD S2: 1 append success next 1 match 0
067297 LEAD S2: 0 append success next 1 match 0
067797 LEAD S2: prevLog &raft.Entry{Command:interface {}(nil), Term:0, Index:0}
067797 LEAD S2: prevLog &raft.Entry{Command:interface {}(nil), Term:0, Index:0}
067798 INFO S1: (term 1) follower 收到 [2] AppendEntries [], prevIndex 0, prevTerm 0
067798 LEAD S2: 1 append success next 1 match 0
067798 INFO S0: (term 1) follower 收到 [2] AppendEntries [], prevIndex 0, prevTerm 0
067799 LEAD S2: 0 append success next 1 match 0
068299 LEAD S2: prevLog &raft.Entry{Command:interface {}(nil), Term:0, Index:0}
068300 LEAD S2: prevLog &raft.Entry{Command:interface {}(nil), Term:0, Index:0}
068300 INFO S1: (term 1) follower 收到 [2] AppendEntries [], prevIndex 0, prevTerm 0
068300 INFO S0: (term 1) follower 收到 [2] AppendEntries [], prevIndex 0, prevTerm 0
068300 LEAD S2: 1 append success next 1 match 0
068301 LEAD S2: 0 append success next 1 match 0
068802 LEAD S2: prevLog &raft.Entry{Command:interface {}(nil), Term:0, Index:0}
068802 LEAD S2: prevLog &raft.Entry{Command:interface {}(nil), Term:0, Index:0}
068802 INFO S1: (term 1) follower 收到 [2] AppendEntries [], prevIndex 0, prevTerm 0
068803 INFO S0: (term 1) follower 收到 [2] AppendEntries [], prevIndex 0, prevTerm 0
068803 LEAD S2: 1 append success next 1 match 0
068803 LEAD S2: 0 append success next 1 match 0
069304 LEAD S2: prevLog &raft.Entry{Command:interface {}(nil), Term:0, Index:0}
069304 LEAD S2: prevLog &raft.Entry{Command:interface {}(nil), Term:0, Index:0}
069305 INFO S1: (term 1) follower 收到 [2] AppendEntries [], prevIndex 0, prevTerm 0
069305 LEAD S2: 1 append success next 1 match 0
069305 INFO S0: (term 1) follower 收到 [2] AppendEntries [], prevIndex 0, prevTerm 0
069305 LEAD S2: 0 append success next 1 match 0
069806 LEAD S2: prevLog &raft.Entry{Command:interface {}(nil), Term:0, Index:0}
069806 LEAD S2: prevLog &raft.Entry{Command:interface {}(nil), Term:0, Index:0}
069807 INFO S0: (term 1) follower 收到 [2] AppendEntries [], prevIndex 0, prevTerm 0
069807 LEAD S2: 0 append success next 1 match 0
069807 INFO S1: (term 1) follower 收到 [2] AppendEntries [], prevIndex 0, prevTerm 0
069807 LEAD S2: 1 append success next 1 match 0
070309 LEAD S2: prevLog &raft.Entry{Command:interface {}(nil), Term:0, Index:0}
070309 LEAD S2: prevLog &raft.Entry{Command:interface {}(nil), Term:0, Index:0}
070309 INFO S1: (term 1) follower 收到 [2] AppendEntries [], prevIndex 0, prevTerm 0
070309 INFO S0: (term 1) follower 收到 [2] AppendEntries [], prevIndex 0, prevTerm 0
070310 LEAD S2: 0 append success next 1 match 0
070310 LEAD S2: 1 append success next 1 match 0
070811 LEAD S2: prevLog &raft.Entry{Command:interface {}(nil), Term:0, Index:0}
070811 LEAD S2: prevLog &raft.Entry{Command:interface {}(nil), Term:0, Index:0}
070812 INFO S1: (term 1) follower 收到 [2] AppendEntries [], prevIndex 0, prevTerm 0
070812 INFO S0: (term 1) follower 收到 [2] AppendEntries [], prevIndex 0, prevTerm 0
070812 LEAD S2: 0 append success next 1 match 0
070812 LEAD S2: 1 append success next 1 match 0
071313 LEAD S2: prevLog &raft.Entry{Command:interface {}(nil), Term:0, Index:0}
071313 LEAD S2: prevLog &raft.Entry{Command:interface {}(nil), Term:0, Index:0}
071315 INFO S0: (term 1) follower 收到 [2] AppendEntries [], prevIndex 0, prevTerm 0
071315 INFO S1: (term 1) follower 收到 [2] AppendEntries [], prevIndex 0, prevTerm 0
071315 LEAD S2: 0 append success next 1 match 0
071316 LEAD S2: 1 append success next 1 match 0
071817 LEAD S2: prevLog &raft.Entry{Command:interface {}(nil), Term:0, Index:0}
071817 LEAD S2: prevLog &raft.Entry{Command:interface {}(nil), Term:0, Index:0}
071818 INFO S1: (term 1) follower 收到 [2] AppendEntries [], prevIndex 0, prevTerm 0
071818 INFO S0: (term 1) follower 收到 [2] AppendEntries [], prevIndex 0, prevTerm 0
071818 LEAD S2: 1 append success next 1 match 0
071818 LEAD S2: 0 append success next 1 match 0
072318 LEAD S2: prevLog &raft.Entry{Command:interface {}(nil), Term:0, Index:0}
072318 LEAD S2: prevLog &raft.Entry{Command:interface {}(nil), Term:0, Index:0}
072319 INFO S1: (term 1) follower 收到 [2] AppendEntries [], prevIndex 0, prevTerm 0
072319 INFO S0: (term 1) follower 收到 [2] AppendEntries [], prevIndex 0, prevTerm 0
072319 LEAD S2: 1 append success next 1 match 0
072319 LEAD S2: 0 append success next 1 match 0
072819 LEAD S2: prevLog &raft.Entry{Command:interface {}(nil), Term:0, Index:0}
072820 LEAD S2: prevLog &raft.Entry{Command:interface {}(nil), Term:0, Index:0}
072820 INFO S0: (term 1) follower 收到 [2] AppendEntries [], prevIndex 0, prevTerm 0
072821 LEAD S2: 0 append success next 1 match 0
072820 INFO S1: (term 1) follower 收到 [2] AppendEntries [], prevIndex 0, prevTerm 0
072821 LEAD S2: 1 append success next 1 match 0
073321 LEAD S2: prevLog &raft.Entry{Command:interface {}(nil), Term:0, Index:0}
073321 LEAD S2: prevLog &raft.Entry{Command:interface {}(nil), Term:0, Index:0}
073322 INFO S0: (term 1) follower 收到 [2] AppendEntries [], prevIndex 0, prevTerm 0
073322 INFO S1: (term 1) follower 收到 [2] AppendEntries [], prevIndex 0, prevTerm 0
073322 LEAD S2: 0 append success next 1 match 0
073322 LEAD S2: 1 append success next 1 match 0
073823 LEAD S2: prevLog &raft.Entry{Command:interface {}(nil), Term:0, Index:0}
073823 LEAD S2: prevLog &raft.Entry{Command:interface {}(nil), Term:0, Index:0}
073824 INFO S1: (term 1) follower 收到 [2] AppendEntries [], prevIndex 0, prevTerm 0
073824 INFO S0: (term 1) follower 收到 [2] AppendEntries [], prevIndex 0, prevTerm 0
073824 LEAD S2: 1 append success next 1 match 0
073824 LEAD S2: 0 append success next 1 match 0
074325 LEAD S2: prevLog &raft.Entry{Command:interface {}(nil), Term:0, Index:0}
074325 LEAD S2: prevLog &raft.Entry{Command:interface {}(nil), Term:0, Index:0}
074326 INFO S1: (term 1) follower 收到 [2] AppendEntries [], prevIndex 0, prevTerm 0
074326 INFO S0: (term 1) follower 收到 [2] AppendEntries [], prevIndex 0, prevTerm 0
074327 LEAD S2: 0 append success next 1 match 0
074327 LEAD S2: 1 append success next 1 match 0
074827 LEAD S2: prevLog &raft.Entry{Command:interface {}(nil), Term:0, Index:0}
074828 LEAD S2: prevLog &raft.Entry{Command:interface {}(nil), Term:0, Index:0}
074829 INFO S1: (term 1) follower 收到 [2] AppendEntries [], prevIndex 0, prevTerm 0
074829 INFO S0: (term 1) follower 收到 [2] AppendEntries [], prevIndex 0, prevTerm 0
074829 LEAD S2: 1 append success next 1 match 0
074829 LEAD S2: 0 append success next 1 match 0
075329 LEAD S2: prevLog &raft.Entry{Command:interface {}(nil), Term:0, Index:0}
075329 LEAD S2: prevLog &raft.Entry{Command:interface {}(nil), Term:0, Index:0}
075330 INFO S0: (term 1) follower 收到 [2] AppendEntries [], prevIndex 0, prevTerm 0
075331 LEAD S2: 0 append success next 1 match 0
075330 INFO S1: (term 1) follower 收到 [2] AppendEntries [], prevIndex 0, prevTerm 0
075331 LEAD S2: 1 append success next 1 match 0
075831 LEAD S2: prevLog &raft.Entry{Command:interface {}(nil), Term:0, Index:0}
075831 LEAD S2: prevLog &raft.Entry{Command:interface {}(nil), Term:0, Index:0}
075832 INFO S1: (term 1) follower 收到 [2] AppendEntries [], prevIndex 0, prevTerm 0
075832 INFO S0: (term 1) follower 收到 [2] AppendEntries [], prevIndex 0, prevTerm 0
075832 LEAD S2: 0 append success next 1 match 0
075832 LEAD S2: 1 append success next 1 match 0
076333 LEAD S2: prevLog &raft.Entry{Command:interface {}(nil), Term:0, Index:0}
076333 LEAD S2: prevLog &raft.Entry{Command:interface {}(nil), Term:0, Index:0}
076334 INFO S1: (term 1) follower 收到 [2] AppendEntries [], prevIndex 0, prevTerm 0
076334 INFO S0: (term 1) follower 收到 [2] AppendEntries [], prevIndex 0, prevTerm 0
076334 LEAD S2: 0 append success next 1 match 0
076334 LEAD S2: 1 append success next 1 match 0
076835 LEAD S2: prevLog &raft.Entry{Command:interface {}(nil), Term:0, Index:0}
076836 LEAD S2: prevLog &raft.Entry{Command:interface {}(nil), Term:0, Index:0}
076836 INFO S1: (term 1) follower 收到 [2] AppendEntries [], prevIndex 0, prevTerm 0
076837 INFO S0: (term 1) follower 收到 [2] AppendEntries [], prevIndex 0, prevTerm 0
076837 LEAD S2: 1 append success next 1 match 0
076837 LEAD S2: 0 append success next 1 match 0
077337 LEAD S2: prevLog &raft.Entry{Command:interface {}(nil), Term:0, Index:0}
077337 LEAD S2: prevLog &raft.Entry{Command:interface {}(nil), Term:0, Index:0}
077338 INFO S1: (term 1) follower 收到 [2] AppendEntries [], prevIndex 0, prevTerm 0
077338 INFO S0: (term 1) follower 收到 [2] AppendEntries [], prevIndex 0, prevTerm 0
077338 LEAD S2: 1 append success next 1 match 0
077338 LEAD S2: 0 append success next 1 match 0
077839 LEAD S2: prevLog &raft.Entry{Command:interface {}(nil), Term:0, Index:0}
077839 LEAD S2: prevLog &raft.Entry{Command:interface {}(nil), Term:0, Index:0}
077840 INFO S0: (term 1) follower 收到 [2] AppendEntries [], prevIndex 0, prevTerm 0
077840 INFO S1: (term 1) follower 收到 [2] AppendEntries [], prevIndex 0, prevTerm 0
077840 LEAD S2: 0 append success next 1 match 0
077840 LEAD S2: 1 append success next 1 match 0
078341 LEAD S2: prevLog &raft.Entry{Command:interface {}(nil), Term:0, Index:0}
078341 LEAD S2: prevLog &raft.Entry{Command:interface {}(nil), Term:0, Index:0}
078342 INFO S1: (term 1) follower 收到 [2] AppendEntries [], prevIndex 0, prevTerm 0
078342 LEAD S2: 1 append success next 1 match 0
078342 INFO S0: (term 1) follower 收到 [2] AppendEntries [], prevIndex 0, prevTerm 0
078343 LEAD S2: 0 append success next 1 match 0
078844 LEAD S2: prevLog &raft.Entry{Command:interface {}(nil), Term:0, Index:0}
078844 LEAD S2: prevLog &raft.Entry{Command:interface {}(nil), Term:0, Index:0}
078845 INFO S1: (term 1) follower 收到 [2] AppendEntries [], prevIndex 0, prevTerm 0
078845 INFO S0: (term 1) follower 收到 [2] AppendEntries [], prevIndex 0, prevTerm 0
078845 LEAD S2: 0 append success next 1 match 0
078845 LEAD S2: 1 append success next 1 match 0
079346 LEAD S2: prevLog &raft.Entry{Command:interface {}(nil), Term:0, Index:0}
079346 LEAD S2: prevLog &raft.Entry{Command:interface {}(nil), Term:0, Index:0}
079347 INFO S0: (term 1) follower 收到 [2] AppendEntries [], prevIndex 0, prevTerm 0
079347 INFO S1: (term 1) follower 收到 [2] AppendEntries [], prevIndex 0, prevTerm 0
079347 LEAD S2: 0 append success next 1 match 0
079347 LEAD S2: 1 append success next 1 match 0
079848 LEAD S2: prevLog &raft.Entry{Command:interface {}(nil), Term:0, Index:0}
079848 LEAD S2: prevLog &raft.Entry{Command:interface {}(nil), Term:0, Index:0}
079848 INFO S0: (term 1) follower 收到 [2] AppendEntries [], prevIndex 0, prevTerm 0
079848 LEAD S2: 0 append success next 1 match 0
079849 INFO S1: (term 1) follower 收到 [2] AppendEntries [], prevIndex 0, prevTerm 0
079849 LEAD S2: 1 append success next 1 match 0
080350 LEAD S2: prevLog &raft.Entry{Command:interface {}(nil), Term:0, Index:0}
080350 LEAD S2: prevLog &raft.Entry{Command:interface {}(nil), Term:0, Index:0}
080351 INFO S1: (term 1) follower 收到 [2] AppendEntries [], prevIndex 0, prevTerm 0
080351 INFO S0: (term 1) follower 收到 [2] AppendEntries [], prevIndex 0, prevTerm 0
080351 LEAD S2: 1 append success next 1 match 0
080352 LEAD S2: 0 append success next 1 match 0
080853 LEAD S2: prevLog &raft.Entry{Command:interface {}(nil), Term:0, Index:0}
080853 LEAD S2: prevLog &raft.Entry{Command:interface {}(nil), Term:0, Index:0}
080854 INFO S0: (term 1) follower 收到 [2] AppendEntries [], prevIndex 0, prevTerm 0
080854 LEAD S2: 0 append success next 1 match 0
080854 INFO S1: (term 1) follower 收到 [2] AppendEntries [], prevIndex 0, prevTerm 0
080854 LEAD S2: 1 append success next 1 match 0
081356 LEAD S2: prevLog &raft.Entry{Command:interface {}(nil), Term:0, Index:0}
081356 LEAD S2: prevLog &raft.Entry{Command:interface {}(nil), Term:0, Index:0}
081357 INFO S0: (term 1) follower 收到 [2] AppendEntries [], prevIndex 0, prevTerm 0
081357 INFO S1: (term 1) follower 收到 [2] AppendEntries [], prevIndex 0, prevTerm 0
081357 LEAD S2: 0 append success next 1 match 0
081358 LEAD S2: 1 append success next 1 match 0
081858 LEAD S2: prevLog &raft.Entry{Command:interface {}(nil), Term:0, Index:0}
081858 LEAD S2: prevLog &raft.Entry{Command:interface {}(nil), Term:0, Index:0}
081859 INFO S1: (term 1) follower 收到 [2] AppendEntries [], prevIndex 0, prevTerm 0
081859 INFO S0: (term 1) follower 收到 [2] AppendEntries [], prevIndex 0, prevTerm 0
081859 LEAD S2: 1 append success next 1 match 0
081859 LEAD S2: 0 append success next 1 match 0
082359 LEAD S2: prevLog &raft.Entry{Command:interface {}(nil), Term:0, Index:0}
082359 LEAD S2: prevLog &raft.Entry{Command:interface {}(nil), Term:0, Index:0}
082360 INFO S0: (term 1) follower 收到 [2] AppendEntries [], prevIndex 0, prevTerm 0
082361 LEAD S2: 0 append success next 1 match 0
082360 INFO S1: (term 1) follower 收到 [2] AppendEntries [], prevIndex 0, prevTerm 0
082361 LEAD S2: 1 append success next 1 match 0
082861 LEAD S2: prevLog &raft.Entry{Command:interface {}(nil), Term:0, Index:0}
082861 LEAD S2: prevLog &raft.Entry{Command:interface {}(nil), Term:0, Index:0}
082862 INFO S1: (term 1) follower 收到 [2] AppendEntries [], prevIndex 0, prevTerm 0
082862 INFO S0: (term 1) follower 收到 [2] AppendEntries [], prevIndex 0, prevTerm 0
082862 LEAD S2: 0 append success next 1 match 0
082862 LEAD S2: 1 append success next 1 match 0
083363 LEAD S2: prevLog &raft.Entry{Command:interface {}(nil), Term:0, Index:0}
083363 LEAD S2: prevLog &raft.Entry{Command:interface {}(nil), Term:0, Index:0}
083364 INFO S1: (term 1) follower 收到 [2] AppendEntries [], prevIndex 0, prevTerm 0
083364 INFO S0: (term 1) follower 收到 [2] AppendEntries [], prevIndex 0, prevTerm 0
083364 LEAD S2: 1 append success next 1 match 0
083364 LEAD S2: 0 append success next 1 match 0
083865 LEAD S2: prevLog &raft.Entry{Command:interface {}(nil), Term:0, Index:0}
083865 LEAD S2: prevLog &raft.Entry{Command:interface {}(nil), Term:0, Index:0}
083865 INFO S1: (term 1) follower 收到 [2] AppendEntries [], prevIndex 0, prevTerm 0
083866 LEAD S2: 1 append success next 1 match 0
083866 INFO S0: (term 1) follower 收到 [2] AppendEntries [], prevIndex 0, prevTerm 0
083866 LEAD S2: 0 append success next 1 match 0
084366 LEAD S2: prevLog &raft.Entry{Command:interface {}(nil), Term:0, Index:0}
084367 LEAD S2: prevLog &raft.Entry{Command:interface {}(nil), Term:0, Index:0}
084367 INFO S0: (term 1) follower 收到 [2] AppendEntries [], prevIndex 0, prevTerm 0
084367 LEAD S2: 0 append success next 1 match 0
084368 INFO S1: (term 1) follower 收到 [2] AppendEntries [], prevIndex 0, prevTerm 0
084368 LEAD S2: 1 append success next 1 match 0
084869 LEAD S2: prevLog &raft.Entry{Command:interface {}(nil), Term:0, Index:0}
084869 LEAD S2: prevLog &raft.Entry{Command:interface {}(nil), Term:0, Index:0}
084870 INFO S0: (term 1) follower 收到 [2] AppendEntries [], prevIndex 0, prevTerm 0
084870 LEAD S2: 0 append success next 1 match 0
084870 INFO S1: (term 1) follower 收到 [2] AppendEntries [], prevIndex 0, prevTerm 0
084870 LEAD S2: 1 append success next 1 match 0
085372 LEAD S2: prevLog &raft.Entry{Command:interface {}(nil), Term:0, Index:0}
085372 LEAD S2: prevLog &raft.Entry{Command:interface {}(nil), Term:0, Index:0}
085373 INFO S1: (term 1) follower 收到 [2] AppendEntries [], prevIndex 0, prevTerm 0
085373 INFO S0: (term 1) follower 收到 [2] AppendEntries [], prevIndex 0, prevTerm 0
085373 LEAD S2: 0 append success next 1 match 0
085373 LEAD S2: 1 append success next 1 match 0
085874 LEAD S2: prevLog &raft.Entry{Command:interface {}(nil), Term:0, Index:0}
085874 LEAD S2: prevLog &raft.Entry{Command:interface {}(nil), Term:0, Index:0}
085875 INFO S1: (term 1) follower 收到 [2] AppendEntries [], prevIndex 0, prevTerm 0
085875 LEAD S2: 1 append success next 1 match 0
085875 INFO S0: (term 1) follower 收到 [2] AppendEntries [], prevIndex 0, prevTerm 0
085876 LEAD S2: 0 append success next 1 match 0
086376 LEAD S2: prevLog &raft.Entry{Command:interface {}(nil), Term:0, Index:0}
086377 LEAD S2: prevLog &raft.Entry{Command:interface {}(nil), Term:0, Index:0}
086377 INFO S0: (term 1) follower 收到 [2] AppendEntries [], prevIndex 0, prevTerm 0
086377 INFO S1: (term 1) follower 收到 [2] AppendEntries [], prevIndex 0, prevTerm 0
086378 LEAD S2: 0 append success next 1 match 0
086378 LEAD S2: 1 append success next 1 match 0
086878 LEAD S2: prevLog &raft.Entry{Command:interface {}(nil), Term:0, Index:0}
086879 LEAD S2: prevLog &raft.Entry{Command:interface {}(nil), Term:0, Index:0}
086879 INFO S1: (term 1) follower 收到 [2] AppendEntries [], prevIndex 0, prevTerm 0
086879 INFO S0: (term 1) follower 收到 [2] AppendEntries [], prevIndex 0, prevTerm 0
086880 LEAD S2: 1 append success next 1 match 0
086880 LEAD S2: 0 append success next 1 match 0
087381 LEAD S2: prevLog &raft.Entry{Command:interface {}(nil), Term:0, Index:0}
087381 LEAD S2: prevLog &raft.Entry{Command:interface {}(nil), Term:0, Index:0}
087382 INFO S1: (term 1) follower 收到 [2] AppendEntries [], prevIndex 0, prevTerm 0
087382 INFO S0: (term 1) follower 收到 [2] AppendEntries [], prevIndex 0, prevTerm 0
087382 LEAD S2: 0 append success next 1 match 0
087382 LEAD S2: 1 append success next 1 match 0
087883 LEAD S2: prevLog &raft.Entry{Command:interface {}(nil), Term:0, Index:0}
087883 LEAD S2: prevLog &raft.Entry{Command:interface {}(nil), Term:0, Index:0}
087884 INFO S1: (term 1) follower 收到 [2] AppendEntries [], prevIndex 0, prevTerm 0
087884 LEAD S2: 1 append success next 1 match 0
087884 INFO S0: (term 1) follower 收到 [2] AppendEntries [], prevIndex 0, prevTerm 0
087885 LEAD S2: 0 append success next 1 match 0
088385 LEAD S2: prevLog &raft.Entry{Command:interface {}(nil), Term:0, Index:0}
088385 LEAD S2: prevLog &raft.Entry{Command:interface {}(nil), Term:0, Index:0}
088385 INFO S0: (term 1) follower 收到 [2] AppendEntries [], prevIndex 0, prevTerm 0
088385 INFO S1: (term 1) follower 收到 [2] AppendEntries [], prevIndex 0, prevTerm 0
088386 LEAD S2: 0 append success next 1 match 0
088386 LEAD S2: 1 append success next 1 match 0
088887 LEAD S2: prevLog &raft.Entry{Command:interface {}(nil), Term:0, Index:0}
088887 LEAD S2: prevLog &raft.Entry{Command:interface {}(nil), Term:0, Index:0}
088888 INFO S0: (term 1) follower 收到 [2] AppendEntries [], prevIndex 0, prevTerm 0
088888 INFO S1: (term 1) follower 收到 [2] AppendEntries [], prevIndex 0, prevTerm 0
088888 LEAD S2: 1 append success next 1 match 0
088888 LEAD S2: 0 append success next 1 match 0
089389 LEAD S2: prevLog &raft.Entry{Command:interface {}(nil), Term:0, Index:0}
089389 LEAD S2: prevLog &raft.Entry{Command:interface {}(nil), Term:0, Index:0}
089390 INFO S1: (term 1) follower 收到 [2] AppendEntries [], prevIndex 0, prevTerm 0
089390 INFO S0: (term 1) follower 收到 [2] AppendEntries [], prevIndex 0, prevTerm 0
089390 LEAD S2: 0 append success next 1 match 0
089390 LEAD S2: 1 append success next 1 match 0
089891 LEAD S2: prevLog &raft.Entry{Command:interface {}(nil), Term:0, Index:0}
089892 LEAD S2: prevLog &raft.Entry{Command:interface {}(nil), Term:0, Index:0}
089892 INFO S1: (term 1) follower 收到 [2] AppendEntries [], prevIndex 0, prevTerm 0
089893 LEAD S2: 1 append success next 1 match 0
089893 INFO S0: (term 1) follower 收到 [2] AppendEntries [], prevIndex 0, prevTerm 0
089893 LEAD S2: 0 append success next 1 match 0
090394 LEAD S2: prevLog &raft.Entry{Command:interface {}(nil), Term:0, Index:0}
090394 LEAD S2: prevLog &raft.Entry{Command:interface {}(nil), Term:0, Index:0}
090395 INFO S1: (term 1) follower 收到 [2] AppendEntries [], prevIndex 0, prevTerm 0
090395 INFO S0: (term 1) follower 收到 [2] AppendEntries [], prevIndex 0, prevTerm 0
090396 LEAD S2: 1 append success next 1 match 0
090396 LEAD S2: 0 append success next 1 match 0
090896 LEAD S2: prevLog &raft.Entry{Command:interface {}(nil), Term:0, Index:0}
090896 LEAD S2: prevLog &raft.Entry{Command:interface {}(nil), Term:0, Index:0}
090896 INFO S1: (term 1) follower 收到 [2] AppendEntries [], prevIndex 0, prevTerm 0
090896 INFO S0: (term 1) follower 收到 [2] AppendEntries [], prevIndex 0, prevTerm 0
090897 LEAD S2: 0 append success next 1 match 0
090897 LEAD S2: 1 append success next 1 match 0
091398 LEAD S2: prevLog &raft.Entry{Command:interface {}(nil), Term:0, Index:0}
091398 LEAD S2: prevLog &raft.Entry{Command:interface {}(nil), Term:0, Index:0}
091399 INFO S1: (term 1) follower 收到 [2] AppendEntries [], prevIndex 0, prevTerm 0
091399 INFO S0: (term 1) follower 收到 [2] AppendEntries [], prevIndex 0, prevTerm 0
091399 LEAD S2: 1 append success next 1 match 0
091399 LEAD S2: 0 append success next 1 match 0
091899 LEAD S2: prevLog &raft.Entry{Command:interface {}(nil), Term:0, Index:0}
091899 LEAD S2: prevLog &raft.Entry{Command:interface {}(nil), Term:0, Index:0}
091900 INFO S1: (term 1) follower 收到 [2] AppendEntries [], prevIndex 0, prevTerm 0
091900 INFO S0: (term 1) follower 收到 [2] AppendEntries [], prevIndex 0, prevTerm 0
091900 LEAD S2: 1 append success next 1 match 0
091901 LEAD S2: 0 append success next 1 match 0
092402 LEAD S2: prevLog &raft.Entry{Command:interface {}(nil), Term:0, Index:0}
092402 LEAD S2: prevLog &raft.Entry{Command:interface {}(nil), Term:0, Index:0}
092403 INFO S0: (term 1) follower 收到 [2] AppendEntries [], prevIndex 0, prevTerm 0
092403 INFO S1: (term 1) follower 收到 [2] AppendEntries [], prevIndex 0, prevTerm 0
092403 LEAD S2: 0 append success next 1 match 0
092403 LEAD S2: 1 append success next 1 match 0
092903 LEAD S2: prevLog &raft.Entry{Command:interface {}(nil), Term:0, Index:0}
092903 LEAD S2: prevLog &raft.Entry{Command:interface {}(nil), Term:0, Index:0}
092904 INFO S0: (term 1) follower 收到 [2] AppendEntries [], prevIndex 0, prevTerm 0
092904 INFO S1: (term 1) follower 收到 [2] AppendEntries [], prevIndex 0, prevTerm 0
092904 LEAD S2: 1 append success next 1 match 0
092904 LEAD S2: 0 append success next 1 match 0
093405 LEAD S2: prevLog &raft.Entry{Command:interface {}(nil), Term:0, Index:0}
093405 LEAD S2: prevLog &raft.Entry{Command:interface {}(nil), Term:0, Index:0}
093406 INFO S1: (term 1) follower 收到 [2] AppendEntries [], prevIndex 0, prevTerm 0
093406 INFO S0: (term 1) follower 收到 [2] AppendEntries [], prevIndex 0, prevTerm 0
093407 LEAD S2: 1 append success next 1 match 0
093407 LEAD S2: 0 append success next 1 match 0
093907 LEAD S2: prevLog &raft.Entry{Command:interface {}(nil), Term:0, Index:0}
093907 LEAD S2: prevLog &raft.Entry{Command:interface {}(nil), Term:0, Index:0}
093907 INFO S1: (term 1) follower 收到 [2] AppendEntries [], prevIndex 0, prevTerm 0
093908 INFO S0: (term 1) follower 收到 [2] AppendEntries [], prevIndex 0, prevTerm 0
093908 LEAD S2: 1 append success next 1 match 0
093908 LEAD S2: 0 append success next 1 match 0
094408 LEAD S2: prevLog &raft.Entry{Command:interface {}(nil), Term:0, Index:0}
094409 LEAD S2: prevLog &raft.Entry{Command:interface {}(nil), Term:0, Index:0}
094409 INFO S1: (term 1) follower 收到 [2] AppendEntries [], prevIndex 0, prevTerm 0
094409 INFO S0: (term 1) follower 收到 [2] AppendEntries [], prevIndex 0, prevTerm 0
094409 LEAD S2: 1 append success next 1 match 0
094410 LEAD S2: 0 append success next 1 match 0
094911 LEAD S2: prevLog &raft.Entry{Command:interface {}(nil), Term:0, Index:0}
094912 LEAD S2: prevLog &raft.Entry{Command:interface {}(nil), Term:0, Index:0}
094912 INFO S0: (term 1) follower 收到 [2] AppendEntries [], prevIndex 0, prevTerm 0
094912 INFO S1: (term 1) follower 收到 [2] AppendEntries [], prevIndex 0, prevTerm 0
094913 LEAD S2: 0 append success next 1 match 0
094913 LEAD S2: 1 append success next 1 match 0
095412 LEAD S2: prevLog &raft.Entry{Command:interface {}(nil), Term:0, Index:0}
095412 LEAD S2: prevLog &raft.Entry{Command:interface {}(nil), Term:0, Index:0}
095413 INFO S1: (term 1) follower 收到 [2] AppendEntries [], prevIndex 0, prevTerm 0
095413 INFO S0: (term 1) follower 收到 [2] AppendEntries [], prevIndex 0, prevTerm 0
095413 LEAD S2: 1 append success next 1 match 0
095413 LEAD S2: 0 append success next 1 match 0
095915 LEAD S2: prevLog &raft.Entry{Command:interface {}(nil), Term:0, Index:0}
095915 LEAD S2: prevLog &raft.Entry{Command:interface {}(nil), Term:0, Index:0}
095915 INFO S1: (term 1) follower 收到 [2] AppendEntries [], prevIndex 0, prevTerm 0
095916 LEAD S2: 1 append success next 1 match 0
095916 INFO S0: (term 1) follower 收到 [2] AppendEntries [], prevIndex 0, prevTerm 0
095916 LEAD S2: 0 append success next 1 match 0
096417 LEAD S2: prevLog &raft.Entry{Command:interface {}(nil), Term:0, Index:0}
096417 LEAD S2: prevLog &raft.Entry{Command:interface {}(nil), Term:0, Index:0}
096418 INFO S0: (term 1) follower 收到 [2] AppendEntries [], prevIndex 0, prevTerm 0
096418 INFO S1: (term 1) follower 收到 [2] AppendEntries [], prevIndex 0, prevTerm 0
096419 LEAD S2: 0 append success next 1 match 0
096419 LEAD S2: 1 append success next 1 match 0
096919 LEAD S2: prevLog &raft.Entry{Command:interface {}(nil), Term:0, Index:0}
096919 LEAD S2: prevLog &raft.Entry{Command:interface {}(nil), Term:0, Index:0}
096920 INFO S1: (term 1) follower 收到 [2] AppendEntries [], prevIndex 0, prevTerm 0
096920 LEAD S2: 1 append success next 1 match 0
096920 INFO S0: (term 1) follower 收到 [2] AppendEntries [], prevIndex 0, prevTerm 0
096920 LEAD S2: 0 append success next 1 match 0
097420 LEAD S2: prevLog &raft.Entry{Command:interface {}(nil), Term:0, Index:0}
097420 LEAD S2: prevLog &raft.Entry{Command:interface {}(nil), Term:0, Index:0}
097421 INFO S1: (term 1) follower 收到 [2] AppendEntries [], prevIndex 0, prevTerm 0
097421 INFO S0: (term 1) follower 收到 [2] AppendEntries [], prevIndex 0, prevTerm 0
097421 LEAD S2: 1 append success next 1 match 0
097422 LEAD S2: 0 append success next 1 match 0
097922 LEAD S2: prevLog &raft.Entry{Command:interface {}(nil), Term:0, Index:0}
097922 LEAD S2: prevLog &raft.Entry{Command:interface {}(nil), Term:0, Index:0}
097923 INFO S1: (term 1) follower 收到 [2] AppendEntries [], prevIndex 0, prevTerm 0
097923 LEAD S2: 1 append success next 1 match 0
097923 INFO S0: (term 1) follower 收到 [2] AppendEntries [], prevIndex 0, prevTerm 0
097924 LEAD S2: 0 append success next 1 match 0
098424 LEAD S2: prevLog &raft.Entry{Command:interface {}(nil), Term:0, Index:0}
098424 LEAD S2: prevLog &raft.Entry{Command:interface {}(nil), Term:0, Index:0}
098425 INFO S0: (term 1) follower 收到 [2] AppendEntries [], prevIndex 0, prevTerm 0
098425 INFO S1: (term 1) follower 收到 [2] AppendEntries [], prevIndex 0, prevTerm 0
098425 LEAD S2: 0 append success next 1 match 0
098425 LEAD S2: 1 append success next 1 match 0
098926 LEAD S2: prevLog &raft.Entry{Command:interface {}(nil), Term:0, Index:0}
098926 LEAD S2: prevLog &raft.Entry{Command:interface {}(nil), Term:0, Index:0}
098927 INFO S0: (term 1) follower 收到 [2] AppendEntries [], prevIndex 0, prevTerm 0
098927 INFO S1: (term 1) follower 收到 [2] AppendEntries [], prevIndex 0, prevTerm 0
098927 LEAD S2: 0 append success next 1 match 0
098927 LEAD S2: 1 append success next 1 match 0
099428 LEAD S2: prevLog &raft.Entry{Command:interface {}(nil), Term:0, Index:0}
099428 LEAD S2: prevLog &raft.Entry{Command:interface {}(nil), Term:0, Index:0}
099428 INFO S1: (term 1) follower 收到 [2] AppendEntries [], prevIndex 0, prevTerm 0
099429 LEAD S2: 1 append success next 1 match 0
099429 INFO S0: (term 1) follower 收到 [2] AppendEntries [], prevIndex 0, prevTerm 0
099430 LEAD S2: 0 append success next 1 match 0
099932 LEAD S2: prevLog &raft.Entry{Command:interface {}(nil), Term:0, Index:0}
099932 LEAD S2: prevLog &raft.Entry{Command:interface {}(nil), Term:0, Index:0}
099933 INFO S1: (term 1) follower 收到 [2] AppendEntries [], prevIndex 0, prevTerm 0
099934 INFO S0: (term 1) follower 收到 [2] AppendEntries [], prevIndex 0, prevTerm 0
099934 LEAD S2: 1 append success next 1 match 0
099935 LEAD S2: 0 append success next 1 match 0
100433 LEAD S2: prevLog &raft.Entry{Command:interface {}(nil), Term:0, Index:0}
100433 LEAD S2: prevLog &raft.Entry{Command:interface {}(nil), Term:0, Index:0}
--- FAIL: TestPersist12C (10.04s)
    config.go:609: one(11) failed to reach agreement
FAIL
exit status 1
FAIL	6.824/raft	10.044s
