Test (2C): basic persistence ...
002008 INFO S2: start leader election, term 1
002008 VOTE S2: term 1 send vote request to 1
002008 INFO S0: start leader election, term 1
002008 VOTE S0: term 1 send vote request to 2
002008 VOTE S0: term 1 send vote request to 1
002008 VOTE S2: term 1 send vote request to 0
002009 TERM S1: set new term 1
002009 VOTE S1: term 1 vote 2
002009 VOTE S2: reply from 1, term一致，且投给2
002009 LEAD S2: come to power, start to send heartbeat
002009 LEAD S2: prevLog &raft.Entry{Command:interface {}(nil), Term:0, Index:0}
002009 LEAD S2: prevLog &raft.Entry{Command:interface {}(nil), Term:0, Index:0}
002009 VOTE S2: 0 没有投给me，结束
002010 INFO S0: (term 1) follower 收到 [2] AppendEntries [], prevIndex 0, prevTerm 0
002010 VOTE S0: 2 没有投给me，结束
002010 LEAD S2: 0 append success next 1 match 0
002010 INFO S1: (term 1) follower 收到 [2] AppendEntries [], prevIndex 0, prevTerm 0
002011 LEAD S2: 1 append success next 1 match 0
002011 VOTE S0: 1 没有投给me，结束
002510 LEAD S2: prevLog &raft.Entry{Command:interface {}(nil), Term:0, Index:0}
002510 LEAD S2: prevLog &raft.Entry{Command:interface {}(nil), Term:0, Index:0}
002510 INFO S0: (term 1) follower 收到 [2] AppendEntries [], prevIndex 0, prevTerm 0
002511 LEAD S2: 0 append success next 1 match 0
002511 INFO S1: (term 1) follower 收到 [2] AppendEntries [], prevIndex 0, prevTerm 0
002511 LEAD S2: 1 append success next 1 match 0
003011 LEAD S2: prevLog &raft.Entry{Command:interface {}(nil), Term:0, Index:0}
003011 LEAD S2: prevLog &raft.Entry{Command:interface {}(nil), Term:0, Index:0}
003012 INFO S0: (term 1) follower 收到 [2] AppendEntries [], prevIndex 0, prevTerm 0
003013 LEAD S2: 0 append success next 1 match 0
003012 INFO S1: (term 1) follower 收到 [2] AppendEntries [], prevIndex 0, prevTerm 0
003013 LEAD S2: 1 append success next 1 match 0
003513 LEAD S2: prevLog &raft.Entry{Command:interface {}(nil), Term:0, Index:0}
003513 LEAD S2: prevLog &raft.Entry{Command:interface {}(nil), Term:0, Index:0}
003514 INFO S0: (term 1) follower 收到 [2] AppendEntries [], prevIndex 0, prevTerm 0
003514 LEAD S2: 0 append success next 1 match 0
003514 INFO S1: (term 1) follower 收到 [2] AppendEntries [], prevIndex 0, prevTerm 0
003515 LEAD S2: 1 append success next 1 match 0
004014 LEAD S2: prevLog &raft.Entry{Command:interface {}(nil), Term:0, Index:0}
004015 LEAD S2: prevLog &raft.Entry{Command:interface {}(nil), Term:0, Index:0}
004015 INFO S0: (term 1) follower 收到 [2] AppendEntries [], prevIndex 0, prevTerm 0
004015 LEAD S2: 0 append success next 1 match 0
004016 INFO S1: (term 1) follower 收到 [2] AppendEntries [], prevIndex 0, prevTerm 0
004016 LEAD S2: 1 append success next 1 match 0
004517 LEAD S2: prevLog &raft.Entry{Command:interface {}(nil), Term:0, Index:0}
004517 LEAD S2: prevLog &raft.Entry{Command:interface {}(nil), Term:0, Index:0}
004518 INFO S0: (term 1) follower 收到 [2] AppendEntries [], prevIndex 0, prevTerm 0
004518 INFO S1: (term 1) follower 收到 [2] AppendEntries [], prevIndex 0, prevTerm 0
004519 LEAD S2: 1 append success next 1 match 0
004519 LEAD S2: 0 append success next 1 match 0
005020 LEAD S2: prevLog &raft.Entry{Command:interface {}(nil), Term:0, Index:0}
005020 LEAD S2: prevLog &raft.Entry{Command:interface {}(nil), Term:0, Index:0}
005020 INFO S0: (term 1) follower 收到 [2] AppendEntries [], prevIndex 0, prevTerm 0
005021 INFO S1: (term 1) follower 收到 [2] AppendEntries [], prevIndex 0, prevTerm 0
005021 LEAD S2: 1 append success next 1 match 0
005021 LEAD S2: 0 append success next 1 match 0
005522 LEAD S2: prevLog &raft.Entry{Command:interface {}(nil), Term:0, Index:0}
005522 LEAD S2: prevLog &raft.Entry{Command:interface {}(nil), Term:0, Index:0}
005523 INFO S1: (term 1) follower 收到 [2] AppendEntries [], prevIndex 0, prevTerm 0
005523 INFO S0: (term 1) follower 收到 [2] AppendEntries [], prevIndex 0, prevTerm 0
005523 LEAD S2: 1 append success next 1 match 0
005523 LEAD S2: 0 append success next 1 match 0
006023 LEAD S2: prevLog &raft.Entry{Command:interface {}(nil), Term:0, Index:0}
006024 LEAD S2: prevLog &raft.Entry{Command:interface {}(nil), Term:0, Index:0}
006024 INFO S1: (term 1) follower 收到 [2] AppendEntries [], prevIndex 0, prevTerm 0
006024 INFO S0: (term 1) follower 收到 [2] AppendEntries [], prevIndex 0, prevTerm 0
006025 LEAD S2: 1 append success next 1 match 0
006025 LEAD S2: 0 append success next 1 match 0
006525 LEAD S2: prevLog &raft.Entry{Command:interface {}(nil), Term:0, Index:0}
006525 LEAD S2: prevLog &raft.Entry{Command:interface {}(nil), Term:0, Index:0}
006526 INFO S1: (term 1) follower 收到 [2] AppendEntries [], prevIndex 0, prevTerm 0
006526 INFO S0: (term 1) follower 收到 [2] AppendEntries [], prevIndex 0, prevTerm 0
006526 LEAD S2: 0 append success next 1 match 0
006526 LEAD S2: 1 append success next 1 match 0
007027 LEAD S2: prevLog &raft.Entry{Command:interface {}(nil), Term:0, Index:0}
007028 LEAD S2: prevLog &raft.Entry{Command:interface {}(nil), Term:0, Index:0}
007029 INFO S1: (term 1) follower 收到 [2] AppendEntries [], prevIndex 0, prevTerm 0
007029 INFO S0: (term 1) follower 收到 [2] AppendEntries [], prevIndex 0, prevTerm 0
007029 LEAD S2: 1 append success next 1 match 0
007030 LEAD S2: 0 append success next 1 match 0
007529 LEAD S2: prevLog &raft.Entry{Command:interface {}(nil), Term:0, Index:0}
007529 LEAD S2: prevLog &raft.Entry{Command:interface {}(nil), Term:0, Index:0}
007529 INFO S1: (term 1) follower 收到 [2] AppendEntries [], prevIndex 0, prevTerm 0
007530 LEAD S2: 1 append success next 1 match 0
007530 INFO S0: (term 1) follower 收到 [2] AppendEntries [], prevIndex 0, prevTerm 0
007530 LEAD S2: 0 append success next 1 match 0
008031 LEAD S2: prevLog &raft.Entry{Command:interface {}(nil), Term:0, Index:0}
008031 LEAD S2: prevLog &raft.Entry{Command:interface {}(nil), Term:0, Index:0}
008032 INFO S1: (term 1) follower 收到 [2] AppendEntries [], prevIndex 0, prevTerm 0
008032 LEAD S2: 1 append success next 1 match 0
008033 INFO S0: (term 1) follower 收到 [2] AppendEntries [], prevIndex 0, prevTerm 0
008033 LEAD S2: 0 append success next 1 match 0
008533 LEAD S2: prevLog &raft.Entry{Command:interface {}(nil), Term:0, Index:0}
008533 LEAD S2: prevLog &raft.Entry{Command:interface {}(nil), Term:0, Index:0}
008534 INFO S1: (term 1) follower 收到 [2] AppendEntries [], prevIndex 0, prevTerm 0
008534 INFO S0: (term 1) follower 收到 [2] AppendEntries [], prevIndex 0, prevTerm 0
008534 LEAD S2: 1 append success next 1 match 0
008535 LEAD S2: 0 append success next 1 match 0
009035 LEAD S2: prevLog &raft.Entry{Command:interface {}(nil), Term:0, Index:0}
009036 LEAD S2: prevLog &raft.Entry{Command:interface {}(nil), Term:0, Index:0}
009036 INFO S1: (term 1) follower 收到 [2] AppendEntries [], prevIndex 0, prevTerm 0
009037 LEAD S2: 1 append success next 1 match 0
009037 INFO S0: (term 1) follower 收到 [2] AppendEntries [], prevIndex 0, prevTerm 0
009037 LEAD S2: 0 append success next 1 match 0
009538 LEAD S2: prevLog &raft.Entry{Command:interface {}(nil), Term:0, Index:0}
009538 LEAD S2: prevLog &raft.Entry{Command:interface {}(nil), Term:0, Index:0}
009539 INFO S0: (term 1) follower 收到 [2] AppendEntries [], prevIndex 0, prevTerm 0
009539 LEAD S2: 0 append success next 1 match 0
009539 INFO S1: (term 1) follower 收到 [2] AppendEntries [], prevIndex 0, prevTerm 0
009540 LEAD S2: 1 append success next 1 match 0
010040 LEAD S2: prevLog &raft.Entry{Command:interface {}(nil), Term:0, Index:0}
010040 LEAD S2: prevLog &raft.Entry{Command:interface {}(nil), Term:0, Index:0}
010041 INFO S1: (term 1) follower 收到 [2] AppendEntries [], prevIndex 0, prevTerm 0
010041 LEAD S2: 1 append success next 1 match 0
010041 INFO S0: (term 1) follower 收到 [2] AppendEntries [], prevIndex 0, prevTerm 0
010042 LEAD S2: 0 append success next 1 match 0
010543 LEAD S2: prevLog &raft.Entry{Command:interface {}(nil), Term:0, Index:0}
010543 LEAD S2: prevLog &raft.Entry{Command:interface {}(nil), Term:0, Index:0}
010544 INFO S0: (term 1) follower 收到 [2] AppendEntries [], prevIndex 0, prevTerm 0
010544 LEAD S2: 0 append success next 1 match 0
010544 INFO S1: (term 1) follower 收到 [2] AppendEntries [], prevIndex 0, prevTerm 0
010545 LEAD S2: 1 append success next 1 match 0
011045 LEAD S2: prevLog &raft.Entry{Command:interface {}(nil), Term:0, Index:0}
011045 LEAD S2: prevLog &raft.Entry{Command:interface {}(nil), Term:0, Index:0}
011046 INFO S0: (term 1) follower 收到 [2] AppendEntries [], prevIndex 0, prevTerm 0
011046 INFO S1: (term 1) follower 收到 [2] AppendEntries [], prevIndex 0, prevTerm 0
011046 LEAD S2: 0 append success next 1 match 0
011046 LEAD S2: 1 append success next 1 match 0
011547 LEAD S2: prevLog &raft.Entry{Command:interface {}(nil), Term:0, Index:0}
011547 LEAD S2: prevLog &raft.Entry{Command:interface {}(nil), Term:0, Index:0}
011548 INFO S0: (term 1) follower 收到 [2] AppendEntries [], prevIndex 0, prevTerm 0
011548 LEAD S2: 0 append success next 1 match 0
011548 INFO S1: (term 1) follower 收到 [2] AppendEntries [], prevIndex 0, prevTerm 0
011549 LEAD S2: 1 append success next 1 match 0
012050 LEAD S2: prevLog &raft.Entry{Command:interface {}(nil), Term:0, Index:0}
012050 LEAD S2: prevLog &raft.Entry{Command:interface {}(nil), Term:0, Index:0}
012051 INFO S1: (term 1) follower 收到 [2] AppendEntries [], prevIndex 0, prevTerm 0
012051 INFO S0: (term 1) follower 收到 [2] AppendEntries [], prevIndex 0, prevTerm 0
012051 LEAD S2: 1 append success next 1 match 0
012051 LEAD S2: 0 append success next 1 match 0
012552 LEAD S2: prevLog &raft.Entry{Command:interface {}(nil), Term:0, Index:0}
012552 LEAD S2: prevLog &raft.Entry{Command:interface {}(nil), Term:0, Index:0}
012553 INFO S1: (term 1) follower 收到 [2] AppendEntries [], prevIndex 0, prevTerm 0
012553 INFO S0: (term 1) follower 收到 [2] AppendEntries [], prevIndex 0, prevTerm 0
012553 LEAD S2: 0 append success next 1 match 0
012553 LEAD S2: 1 append success next 1 match 0
013055 LEAD S2: prevLog &raft.Entry{Command:interface {}(nil), Term:0, Index:0}
013055 LEAD S2: prevLog &raft.Entry{Command:interface {}(nil), Term:0, Index:0}
013056 INFO S1: (term 1) follower 收到 [2] AppendEntries [], prevIndex 0, prevTerm 0
013057 LEAD S2: 1 append success next 1 match 0
013057 INFO S0: (term 1) follower 收到 [2] AppendEntries [], prevIndex 0, prevTerm 0
013057 LEAD S2: 0 append success next 1 match 0
013557 LEAD S2: prevLog &raft.Entry{Command:interface {}(nil), Term:0, Index:0}
013557 LEAD S2: prevLog &raft.Entry{Command:interface {}(nil), Term:0, Index:0}
013558 INFO S1: (term 1) follower 收到 [2] AppendEntries [], prevIndex 0, prevTerm 0
013558 INFO S0: (term 1) follower 收到 [2] AppendEntries [], prevIndex 0, prevTerm 0
013558 LEAD S2: 1 append success next 1 match 0
013558 LEAD S2: 0 append success next 1 match 0
014059 LEAD S2: prevLog &raft.Entry{Command:interface {}(nil), Term:0, Index:0}
014059 LEAD S2: prevLog &raft.Entry{Command:interface {}(nil), Term:0, Index:0}
014060 INFO S1: (term 1) follower 收到 [2] AppendEntries [], prevIndex 0, prevTerm 0
014060 INFO S0: (term 1) follower 收到 [2] AppendEntries [], prevIndex 0, prevTerm 0
014060 LEAD S2: 1 append success next 1 match 0
014061 LEAD S2: 0 append success next 1 match 0
014561 LEAD S2: prevLog &raft.Entry{Command:interface {}(nil), Term:0, Index:0}
014561 LEAD S2: prevLog &raft.Entry{Command:interface {}(nil), Term:0, Index:0}
014562 INFO S1: (term 1) follower 收到 [2] AppendEntries [], prevIndex 0, prevTerm 0
014562 INFO S0: (term 1) follower 收到 [2] AppendEntries [], prevIndex 0, prevTerm 0
014562 LEAD S2: 1 append success next 1 match 0
014563 LEAD S2: 0 append success next 1 match 0
015064 LEAD S2: prevLog &raft.Entry{Command:interface {}(nil), Term:0, Index:0}
015064 LEAD S2: prevLog &raft.Entry{Command:interface {}(nil), Term:0, Index:0}
015065 INFO S1: (term 1) follower 收到 [2] AppendEntries [], prevIndex 0, prevTerm 0
015065 INFO S0: (term 1) follower 收到 [2] AppendEntries [], prevIndex 0, prevTerm 0
015065 LEAD S2: 0 append success next 1 match 0
015065 LEAD S2: 1 append success next 1 match 0
015566 LEAD S2: prevLog &raft.Entry{Command:interface {}(nil), Term:0, Index:0}
015566 LEAD S2: prevLog &raft.Entry{Command:interface {}(nil), Term:0, Index:0}
015567 INFO S0: (term 1) follower 收到 [2] AppendEntries [], prevIndex 0, prevTerm 0
015567 INFO S1: (term 1) follower 收到 [2] AppendEntries [], prevIndex 0, prevTerm 0
015567 LEAD S2: 0 append success next 1 match 0
015567 LEAD S2: 1 append success next 1 match 0
016068 LEAD S2: prevLog &raft.Entry{Command:interface {}(nil), Term:0, Index:0}
016068 LEAD S2: prevLog &raft.Entry{Command:interface {}(nil), Term:0, Index:0}
016069 INFO S1: (term 1) follower 收到 [2] AppendEntries [], prevIndex 0, prevTerm 0
016069 INFO S0: (term 1) follower 收到 [2] AppendEntries [], prevIndex 0, prevTerm 0
016069 LEAD S2: 1 append success next 1 match 0
016069 LEAD S2: 0 append success next 1 match 0
016570 LEAD S2: prevLog &raft.Entry{Command:interface {}(nil), Term:0, Index:0}
016571 LEAD S2: prevLog &raft.Entry{Command:interface {}(nil), Term:0, Index:0}
016571 INFO S0: (term 1) follower 收到 [2] AppendEntries [], prevIndex 0, prevTerm 0
016572 LEAD S2: 0 append success next 1 match 0
016572 INFO S1: (term 1) follower 收到 [2] AppendEntries [], prevIndex 0, prevTerm 0
016572 LEAD S2: 1 append success next 1 match 0
017073 LEAD S2: prevLog &raft.Entry{Command:interface {}(nil), Term:0, Index:0}
017073 LEAD S2: prevLog &raft.Entry{Command:interface {}(nil), Term:0, Index:0}
017074 INFO S1: (term 1) follower 收到 [2] AppendEntries [], prevIndex 0, prevTerm 0
017074 LEAD S2: 1 append success next 1 match 0
017075 INFO S0: (term 1) follower 收到 [2] AppendEntries [], prevIndex 0, prevTerm 0
017075 LEAD S2: 0 append success next 1 match 0
017576 LEAD S2: prevLog &raft.Entry{Command:interface {}(nil), Term:0, Index:0}
017576 LEAD S2: prevLog &raft.Entry{Command:interface {}(nil), Term:0, Index:0}
017577 INFO S1: (term 1) follower 收到 [2] AppendEntries [], prevIndex 0, prevTerm 0
017577 INFO S0: (term 1) follower 收到 [2] AppendEntries [], prevIndex 0, prevTerm 0
017577 LEAD S2: 0 append success next 1 match 0
017580 LEAD S2: 1 append success next 1 match 0
018078 LEAD S2: prevLog &raft.Entry{Command:interface {}(nil), Term:0, Index:0}
018078 LEAD S2: prevLog &raft.Entry{Command:interface {}(nil), Term:0, Index:0}
018079 INFO S0: (term 1) follower 收到 [2] AppendEntries [], prevIndex 0, prevTerm 0
018079 LEAD S2: 0 append success next 1 match 0
018079 INFO S1: (term 1) follower 收到 [2] AppendEntries [], prevIndex 0, prevTerm 0
018079 LEAD S2: 1 append success next 1 match 0
018581 LEAD S2: prevLog &raft.Entry{Command:interface {}(nil), Term:0, Index:0}
018581 LEAD S2: prevLog &raft.Entry{Command:interface {}(nil), Term:0, Index:0}
018582 INFO S1: (term 1) follower 收到 [2] AppendEntries [], prevIndex 0, prevTerm 0
018582 INFO S0: (term 1) follower 收到 [2] AppendEntries [], prevIndex 0, prevTerm 0
018582 LEAD S2: 1 append success next 1 match 0
018582 LEAD S2: 0 append success next 1 match 0
019083 LEAD S2: prevLog &raft.Entry{Command:interface {}(nil), Term:0, Index:0}
019083 LEAD S2: prevLog &raft.Entry{Command:interface {}(nil), Term:0, Index:0}
019084 INFO S1: (term 1) follower 收到 [2] AppendEntries [], prevIndex 0, prevTerm 0
019084 INFO S0: (term 1) follower 收到 [2] AppendEntries [], prevIndex 0, prevTerm 0
019084 LEAD S2: 1 append success next 1 match 0
019085 LEAD S2: 0 append success next 1 match 0
019585 LEAD S2: prevLog &raft.Entry{Command:interface {}(nil), Term:0, Index:0}
019585 LEAD S2: prevLog &raft.Entry{Command:interface {}(nil), Term:0, Index:0}
019586 INFO S0: (term 1) follower 收到 [2] AppendEntries [], prevIndex 0, prevTerm 0
019586 INFO S1: (term 1) follower 收到 [2] AppendEntries [], prevIndex 0, prevTerm 0
019586 LEAD S2: 0 append success next 1 match 0
019587 LEAD S2: 1 append success next 1 match 0
020087 LEAD S2: prevLog &raft.Entry{Command:interface {}(nil), Term:0, Index:0}
020087 LEAD S2: prevLog &raft.Entry{Command:interface {}(nil), Term:0, Index:0}
020088 INFO S1: (term 1) follower 收到 [2] AppendEntries [], prevIndex 0, prevTerm 0
020088 INFO S0: (term 1) follower 收到 [2] AppendEntries [], prevIndex 0, prevTerm 0
020089 LEAD S2: 1 append success next 1 match 0
020089 LEAD S2: 0 append success next 1 match 0
020589 LEAD S2: prevLog &raft.Entry{Command:interface {}(nil), Term:0, Index:0}
020589 LEAD S2: prevLog &raft.Entry{Command:interface {}(nil), Term:0, Index:0}
020590 INFO S1: (term 1) follower 收到 [2] AppendEntries [], prevIndex 0, prevTerm 0
020590 INFO S0: (term 1) follower 收到 [2] AppendEntries [], prevIndex 0, prevTerm 0
020590 LEAD S2: 0 append success next 1 match 0
020590 LEAD S2: 1 append success next 1 match 0
021091 LEAD S2: prevLog &raft.Entry{Command:interface {}(nil), Term:0, Index:0}
021091 LEAD S2: prevLog &raft.Entry{Command:interface {}(nil), Term:0, Index:0}
021092 INFO S1: (term 1) follower 收到 [2] AppendEntries [], prevIndex 0, prevTerm 0
021092 INFO S0: (term 1) follower 收到 [2] AppendEntries [], prevIndex 0, prevTerm 0
021092 LEAD S2: 1 append success next 1 match 0
021093 LEAD S2: 0 append success next 1 match 0
021593 LEAD S2: prevLog &raft.Entry{Command:interface {}(nil), Term:0, Index:0}
021594 LEAD S2: prevLog &raft.Entry{Command:interface {}(nil), Term:0, Index:0}
021594 INFO S1: (term 1) follower 收到 [2] AppendEntries [], prevIndex 0, prevTerm 0
021595 LEAD S2: 1 append success next 1 match 0
021595 INFO S0: (term 1) follower 收到 [2] AppendEntries [], prevIndex 0, prevTerm 0
021595 LEAD S2: 0 append success next 1 match 0
022096 LEAD S2: prevLog &raft.Entry{Command:interface {}(nil), Term:0, Index:0}
022096 LEAD S2: prevLog &raft.Entry{Command:interface {}(nil), Term:0, Index:0}
022097 INFO S0: (term 1) follower 收到 [2] AppendEntries [], prevIndex 0, prevTerm 0
022097 LEAD S2: 0 append success next 1 match 0
022097 INFO S1: (term 1) follower 收到 [2] AppendEntries [], prevIndex 0, prevTerm 0
022098 LEAD S2: 1 append success next 1 match 0
022599 LEAD S2: prevLog &raft.Entry{Command:interface {}(nil), Term:0, Index:0}
022599 LEAD S2: prevLog &raft.Entry{Command:interface {}(nil), Term:0, Index:0}
022599 INFO S1: (term 1) follower 收到 [2] AppendEntries [], prevIndex 0, prevTerm 0
022600 LEAD S2: 1 append success next 1 match 0
022600 INFO S0: (term 1) follower 收到 [2] AppendEntries [], prevIndex 0, prevTerm 0
022600 LEAD S2: 0 append success next 1 match 0
023101 LEAD S2: prevLog &raft.Entry{Command:interface {}(nil), Term:0, Index:0}
023101 LEAD S2: prevLog &raft.Entry{Command:interface {}(nil), Term:0, Index:0}
023102 INFO S0: (term 1) follower 收到 [2] AppendEntries [], prevIndex 0, prevTerm 0
023102 LEAD S2: 0 append success next 1 match 0
023102 INFO S1: (term 1) follower 收到 [2] AppendEntries [], prevIndex 0, prevTerm 0
023102 LEAD S2: 1 append success next 1 match 0
023603 LEAD S2: prevLog &raft.Entry{Command:interface {}(nil), Term:0, Index:0}
023603 LEAD S2: prevLog &raft.Entry{Command:interface {}(nil), Term:0, Index:0}
023604 INFO S1: (term 1) follower 收到 [2] AppendEntries [], prevIndex 0, prevTerm 0
023604 LEAD S2: 1 append success next 1 match 0
023604 INFO S0: (term 1) follower 收到 [2] AppendEntries [], prevIndex 0, prevTerm 0
023605 LEAD S2: 0 append success next 1 match 0
024105 LEAD S2: prevLog &raft.Entry{Command:interface {}(nil), Term:0, Index:0}
024105 LEAD S2: prevLog &raft.Entry{Command:interface {}(nil), Term:0, Index:0}
024106 INFO S0: (term 1) follower 收到 [2] AppendEntries [], prevIndex 0, prevTerm 0
024106 INFO S1: (term 1) follower 收到 [2] AppendEntries [], prevIndex 0, prevTerm 0
024106 LEAD S2: 0 append success next 1 match 0
024107 LEAD S2: 1 append success next 1 match 0
024606 LEAD S2: prevLog &raft.Entry{Command:interface {}(nil), Term:0, Index:0}
024606 LEAD S2: prevLog &raft.Entry{Command:interface {}(nil), Term:0, Index:0}
024607 INFO S1: (term 1) follower 收到 [2] AppendEntries [], prevIndex 0, prevTerm 0
024607 INFO S0: (term 1) follower 收到 [2] AppendEntries [], prevIndex 0, prevTerm 0
024607 LEAD S2: 0 append success next 1 match 0
024607 LEAD S2: 1 append success next 1 match 0
025109 LEAD S2: prevLog &raft.Entry{Command:interface {}(nil), Term:0, Index:0}
025109 LEAD S2: prevLog &raft.Entry{Command:interface {}(nil), Term:0, Index:0}
025110 INFO S1: (term 1) follower 收到 [2] AppendEntries [], prevIndex 0, prevTerm 0
025111 LEAD S2: 1 append success next 1 match 0
025111 INFO S0: (term 1) follower 收到 [2] AppendEntries [], prevIndex 0, prevTerm 0
025111 LEAD S2: 0 append success next 1 match 0
025611 LEAD S2: prevLog &raft.Entry{Command:interface {}(nil), Term:0, Index:0}
025611 LEAD S2: prevLog &raft.Entry{Command:interface {}(nil), Term:0, Index:0}
025612 INFO S1: (term 1) follower 收到 [2] AppendEntries [], prevIndex 0, prevTerm 0
025612 INFO S0: (term 1) follower 收到 [2] AppendEntries [], prevIndex 0, prevTerm 0
025612 LEAD S2: 0 append success next 1 match 0
025612 LEAD S2: 1 append success next 1 match 0
026113 LEAD S2: prevLog &raft.Entry{Command:interface {}(nil), Term:0, Index:0}
026113 LEAD S2: prevLog &raft.Entry{Command:interface {}(nil), Term:0, Index:0}
026114 INFO S0: (term 1) follower 收到 [2] AppendEntries [], prevIndex 0, prevTerm 0
026114 INFO S1: (term 1) follower 收到 [2] AppendEntries [], prevIndex 0, prevTerm 0
026114 LEAD S2: 0 append success next 1 match 0
026114 LEAD S2: 1 append success next 1 match 0
026615 LEAD S2: prevLog &raft.Entry{Command:interface {}(nil), Term:0, Index:0}
026615 LEAD S2: prevLog &raft.Entry{Command:interface {}(nil), Term:0, Index:0}
026616 INFO S0: (term 1) follower 收到 [2] AppendEntries [], prevIndex 0, prevTerm 0
026616 INFO S1: (term 1) follower 收到 [2] AppendEntries [], prevIndex 0, prevTerm 0
026616 LEAD S2: 0 append success next 1 match 0
026616 LEAD S2: 1 append success next 1 match 0
027117 LEAD S2: prevLog &raft.Entry{Command:interface {}(nil), Term:0, Index:0}
027118 LEAD S2: prevLog &raft.Entry{Command:interface {}(nil), Term:0, Index:0}
027119 INFO S1: (term 1) follower 收到 [2] AppendEntries [], prevIndex 0, prevTerm 0
027119 INFO S0: (term 1) follower 收到 [2] AppendEntries [], prevIndex 0, prevTerm 0
027119 LEAD S2: 1 append success next 1 match 0
027119 LEAD S2: 0 append success next 1 match 0
027620 LEAD S2: prevLog &raft.Entry{Command:interface {}(nil), Term:0, Index:0}
027620 LEAD S2: prevLog &raft.Entry{Command:interface {}(nil), Term:0, Index:0}
027620 INFO S1: (term 1) follower 收到 [2] AppendEntries [], prevIndex 0, prevTerm 0
027621 LEAD S2: 1 append success next 1 match 0
027621 INFO S0: (term 1) follower 收到 [2] AppendEntries [], prevIndex 0, prevTerm 0
027621 LEAD S2: 0 append success next 1 match 0
028122 LEAD S2: prevLog &raft.Entry{Command:interface {}(nil), Term:0, Index:0}
028122 LEAD S2: prevLog &raft.Entry{Command:interface {}(nil), Term:0, Index:0}
028123 INFO S0: (term 1) follower 收到 [2] AppendEntries [], prevIndex 0, prevTerm 0
028123 INFO S1: (term 1) follower 收到 [2] AppendEntries [], prevIndex 0, prevTerm 0
028123 LEAD S2: 0 append success next 1 match 0
028123 LEAD S2: 1 append success next 1 match 0
028624 LEAD S2: prevLog &raft.Entry{Command:interface {}(nil), Term:0, Index:0}
028624 LEAD S2: prevLog &raft.Entry{Command:interface {}(nil), Term:0, Index:0}
028625 INFO S0: (term 1) follower 收到 [2] AppendEntries [], prevIndex 0, prevTerm 0
028625 LEAD S2: 0 append success next 1 match 0
028625 INFO S1: (term 1) follower 收到 [2] AppendEntries [], prevIndex 0, prevTerm 0
028625 LEAD S2: 1 append success next 1 match 0
029126 LEAD S2: prevLog &raft.Entry{Command:interface {}(nil), Term:0, Index:0}
029127 LEAD S2: prevLog &raft.Entry{Command:interface {}(nil), Term:0, Index:0}
029127 INFO S1: (term 1) follower 收到 [2] AppendEntries [], prevIndex 0, prevTerm 0
029128 LEAD S2: 1 append success next 1 match 0
029128 INFO S0: (term 1) follower 收到 [2] AppendEntries [], prevIndex 0, prevTerm 0
029128 LEAD S2: 0 append success next 1 match 0
029629 LEAD S2: prevLog &raft.Entry{Command:interface {}(nil), Term:0, Index:0}
029629 LEAD S2: prevLog &raft.Entry{Command:interface {}(nil), Term:0, Index:0}
029630 INFO S1: (term 1) follower 收到 [2] AppendEntries [], prevIndex 0, prevTerm 0
029630 INFO S0: (term 1) follower 收到 [2] AppendEntries [], prevIndex 0, prevTerm 0
029630 LEAD S2: 0 append success next 1 match 0
029630 LEAD S2: 1 append success next 1 match 0
030132 LEAD S2: prevLog &raft.Entry{Command:interface {}(nil), Term:0, Index:0}
030132 LEAD S2: prevLog &raft.Entry{Command:interface {}(nil), Term:0, Index:0}
030134 INFO S1: (term 1) follower 收到 [2] AppendEntries [], prevIndex 0, prevTerm 0
030134 INFO S0: (term 1) follower 收到 [2] AppendEntries [], prevIndex 0, prevTerm 0
030134 LEAD S2: 1 append success next 1 match 0
030134 LEAD S2: 0 append success next 1 match 0
030634 LEAD S2: prevLog &raft.Entry{Command:interface {}(nil), Term:0, Index:0}
030634 LEAD S2: prevLog &raft.Entry{Command:interface {}(nil), Term:0, Index:0}
030635 INFO S0: (term 1) follower 收到 [2] AppendEntries [], prevIndex 0, prevTerm 0
030635 INFO S1: (term 1) follower 收到 [2] AppendEntries [], prevIndex 0, prevTerm 0
030635 LEAD S2: 0 append success next 1 match 0
030635 LEAD S2: 1 append success next 1 match 0
031136 LEAD S2: prevLog &raft.Entry{Command:interface {}(nil), Term:0, Index:0}
031136 LEAD S2: prevLog &raft.Entry{Command:interface {}(nil), Term:0, Index:0}
031137 INFO S1: (term 1) follower 收到 [2] AppendEntries [], prevIndex 0, prevTerm 0
031137 LEAD S2: 1 append success next 1 match 0
031137 INFO S0: (term 1) follower 收到 [2] AppendEntries [], prevIndex 0, prevTerm 0
031138 LEAD S2: 0 append success next 1 match 0
031638 LEAD S2: prevLog &raft.Entry{Command:interface {}(nil), Term:0, Index:0}
031638 LEAD S2: prevLog &raft.Entry{Command:interface {}(nil), Term:0, Index:0}
031639 INFO S0: (term 1) follower 收到 [2] AppendEntries [], prevIndex 0, prevTerm 0
031639 INFO S1: (term 1) follower 收到 [2] AppendEntries [], prevIndex 0, prevTerm 0
031639 LEAD S2: 0 append success next 1 match 0
031639 LEAD S2: 1 append success next 1 match 0
032139 LEAD S2: prevLog &raft.Entry{Command:interface {}(nil), Term:0, Index:0}
032140 LEAD S2: prevLog &raft.Entry{Command:interface {}(nil), Term:0, Index:0}
032140 INFO S1: (term 1) follower 收到 [2] AppendEntries [], prevIndex 0, prevTerm 0
032141 INFO S0: (term 1) follower 收到 [2] AppendEntries [], prevIndex 0, prevTerm 0
032141 LEAD S2: 1 append success next 1 match 0
032141 LEAD S2: 0 append success next 1 match 0
032642 LEAD S2: prevLog &raft.Entry{Command:interface {}(nil), Term:0, Index:0}
032642 LEAD S2: prevLog &raft.Entry{Command:interface {}(nil), Term:0, Index:0}
032643 INFO S1: (term 1) follower 收到 [2] AppendEntries [], prevIndex 0, prevTerm 0
032643 INFO S0: (term 1) follower 收到 [2] AppendEntries [], prevIndex 0, prevTerm 0
032644 LEAD S2: 1 append success next 1 match 0
032644 LEAD S2: 0 append success next 1 match 0
033144 LEAD S2: prevLog &raft.Entry{Command:interface {}(nil), Term:0, Index:0}
033144 LEAD S2: prevLog &raft.Entry{Command:interface {}(nil), Term:0, Index:0}
033145 INFO S1: (term 1) follower 收到 [2] AppendEntries [], prevIndex 0, prevTerm 0
033145 LEAD S2: 1 append success next 1 match 0
033145 INFO S0: (term 1) follower 收到 [2] AppendEntries [], prevIndex 0, prevTerm 0
033146 LEAD S2: 0 append success next 1 match 0
033646 LEAD S2: prevLog &raft.Entry{Command:interface {}(nil), Term:0, Index:0}
033646 LEAD S2: prevLog &raft.Entry{Command:interface {}(nil), Term:0, Index:0}
033647 INFO S1: (term 1) follower 收到 [2] AppendEntries [], prevIndex 0, prevTerm 0
033647 INFO S0: (term 1) follower 收到 [2] AppendEntries [], prevIndex 0, prevTerm 0
033647 LEAD S2: 0 append success next 1 match 0
033647 LEAD S2: 1 append success next 1 match 0
034148 LEAD S2: prevLog &raft.Entry{Command:interface {}(nil), Term:0, Index:0}
034149 LEAD S2: prevLog &raft.Entry{Command:interface {}(nil), Term:0, Index:0}
034149 INFO S1: (term 1) follower 收到 [2] AppendEntries [], prevIndex 0, prevTerm 0
034150 LEAD S2: 1 append success next 1 match 0
034151 INFO S0: (term 1) follower 收到 [2] AppendEntries [], prevIndex 0, prevTerm 0
034154 LEAD S2: 0 append success next 1 match 0
034651 LEAD S2: prevLog &raft.Entry{Command:interface {}(nil), Term:0, Index:0}
034651 LEAD S2: prevLog &raft.Entry{Command:interface {}(nil), Term:0, Index:0}
034652 INFO S0: (term 1) follower 收到 [2] AppendEntries [], prevIndex 0, prevTerm 0
034652 LEAD S2: 0 append success next 1 match 0
034653 INFO S1: (term 1) follower 收到 [2] AppendEntries [], prevIndex 0, prevTerm 0
034653 LEAD S2: 1 append success next 1 match 0
035152 LEAD S2: prevLog &raft.Entry{Command:interface {}(nil), Term:0, Index:0}
035152 LEAD S2: prevLog &raft.Entry{Command:interface {}(nil), Term:0, Index:0}
035153 INFO S1: (term 1) follower 收到 [2] AppendEntries [], prevIndex 0, prevTerm 0
035153 INFO S0: (term 1) follower 收到 [2] AppendEntries [], prevIndex 0, prevTerm 0
035154 LEAD S2: 1 append success next 1 match 0
035154 LEAD S2: 0 append success next 1 match 0
035655 LEAD S2: prevLog &raft.Entry{Command:interface {}(nil), Term:0, Index:0}
035655 LEAD S2: prevLog &raft.Entry{Command:interface {}(nil), Term:0, Index:0}
035656 INFO S1: (term 1) follower 收到 [2] AppendEntries [], prevIndex 0, prevTerm 0
035656 LEAD S2: 1 append success next 1 match 0
035656 INFO S0: (term 1) follower 收到 [2] AppendEntries [], prevIndex 0, prevTerm 0
035657 LEAD S2: 0 append success next 1 match 0
036157 LEAD S2: prevLog &raft.Entry{Command:interface {}(nil), Term:0, Index:0}
036158 LEAD S2: prevLog &raft.Entry{Command:interface {}(nil), Term:0, Index:0}
036158 INFO S1: (term 1) follower 收到 [2] AppendEntries [], prevIndex 0, prevTerm 0
036158 INFO S0: (term 1) follower 收到 [2] AppendEntries [], prevIndex 0, prevTerm 0
036158 LEAD S2: 1 append success next 1 match 0
036159 LEAD S2: 0 append success next 1 match 0
036659 LEAD S2: prevLog &raft.Entry{Command:interface {}(nil), Term:0, Index:0}
036660 LEAD S2: prevLog &raft.Entry{Command:interface {}(nil), Term:0, Index:0}
036660 INFO S0: (term 1) follower 收到 [2] AppendEntries [], prevIndex 0, prevTerm 0
036660 INFO S1: (term 1) follower 收到 [2] AppendEntries [], prevIndex 0, prevTerm 0
036660 LEAD S2: 1 append success next 1 match 0
036660 LEAD S2: 0 append success next 1 match 0
037162 LEAD S2: prevLog &raft.Entry{Command:interface {}(nil), Term:0, Index:0}
037162 LEAD S2: prevLog &raft.Entry{Command:interface {}(nil), Term:0, Index:0}
037164 INFO S1: (term 1) follower 收到 [2] AppendEntries [], prevIndex 0, prevTerm 0
037164 INFO S0: (term 1) follower 收到 [2] AppendEntries [], prevIndex 0, prevTerm 0
037164 LEAD S2: 1 append success next 1 match 0
037165 LEAD S2: 0 append success next 1 match 0
037664 LEAD S2: prevLog &raft.Entry{Command:interface {}(nil), Term:0, Index:0}
037664 LEAD S2: prevLog &raft.Entry{Command:interface {}(nil), Term:0, Index:0}
037665 INFO S1: (term 1) follower 收到 [2] AppendEntries [], prevIndex 0, prevTerm 0
037666 LEAD S2: 1 append success next 1 match 0
037666 INFO S0: (term 1) follower 收到 [2] AppendEntries [], prevIndex 0, prevTerm 0
037666 LEAD S2: 0 append success next 1 match 0
038166 LEAD S2: prevLog &raft.Entry{Command:interface {}(nil), Term:0, Index:0}
038166 LEAD S2: prevLog &raft.Entry{Command:interface {}(nil), Term:0, Index:0}
038167 INFO S0: (term 1) follower 收到 [2] AppendEntries [], prevIndex 0, prevTerm 0
038167 INFO S1: (term 1) follower 收到 [2] AppendEntries [], prevIndex 0, prevTerm 0
038167 LEAD S2: 0 append success next 1 match 0
038168 LEAD S2: 1 append success next 1 match 0
038669 LEAD S2: prevLog &raft.Entry{Command:interface {}(nil), Term:0, Index:0}
038669 LEAD S2: prevLog &raft.Entry{Command:interface {}(nil), Term:0, Index:0}
038670 INFO S0: (term 1) follower 收到 [2] AppendEntries [], prevIndex 0, prevTerm 0
038670 INFO S1: (term 1) follower 收到 [2] AppendEntries [], prevIndex 0, prevTerm 0
038670 LEAD S2: 0 append success next 1 match 0
038670 LEAD S2: 1 append success next 1 match 0
039171 LEAD S2: prevLog &raft.Entry{Command:interface {}(nil), Term:0, Index:0}
039172 LEAD S2: prevLog &raft.Entry{Command:interface {}(nil), Term:0, Index:0}
039172 INFO S1: (term 1) follower 收到 [2] AppendEntries [], prevIndex 0, prevTerm 0
039173 LEAD S2: 1 append success next 1 match 0
039173 INFO S0: (term 1) follower 收到 [2] AppendEntries [], prevIndex 0, prevTerm 0
039173 LEAD S2: 0 append success next 1 match 0
039674 LEAD S2: prevLog &raft.Entry{Command:interface {}(nil), Term:0, Index:0}
039674 LEAD S2: prevLog &raft.Entry{Command:interface {}(nil), Term:0, Index:0}
039674 INFO S1: (term 1) follower 收到 [2] AppendEntries [], prevIndex 0, prevTerm 0
039675 LEAD S2: 1 append success next 1 match 0
039675 INFO S0: (term 1) follower 收到 [2] AppendEntries [], prevIndex 0, prevTerm 0
039675 LEAD S2: 0 append success next 1 match 0
040176 LEAD S2: prevLog &raft.Entry{Command:interface {}(nil), Term:0, Index:0}
040176 LEAD S2: prevLog &raft.Entry{Command:interface {}(nil), Term:0, Index:0}
040176 INFO S1: (term 1) follower 收到 [2] AppendEntries [], prevIndex 0, prevTerm 0
040177 INFO S0: (term 1) follower 收到 [2] AppendEntries [], prevIndex 0, prevTerm 0
040177 LEAD S2: 1 append success next 1 match 0
040177 LEAD S2: 0 append success next 1 match 0
040678 LEAD S2: prevLog &raft.Entry{Command:interface {}(nil), Term:0, Index:0}
040678 LEAD S2: prevLog &raft.Entry{Command:interface {}(nil), Term:0, Index:0}
040679 INFO S0: (term 1) follower 收到 [2] AppendEntries [], prevIndex 0, prevTerm 0
040679 INFO S1: (term 1) follower 收到 [2] AppendEntries [], prevIndex 0, prevTerm 0
040679 LEAD S2: 0 append success next 1 match 0
040679 LEAD S2: 1 append success next 1 match 0
041179 LEAD S2: prevLog &raft.Entry{Command:interface {}(nil), Term:0, Index:0}
041180 LEAD S2: prevLog &raft.Entry{Command:interface {}(nil), Term:0, Index:0}
041180 INFO S0: (term 1) follower 收到 [2] AppendEntries [], prevIndex 0, prevTerm 0
041180 INFO S1: (term 1) follower 收到 [2] AppendEntries [], prevIndex 0, prevTerm 0
041181 LEAD S2: 0 append success next 1 match 0
041181 LEAD S2: 1 append success next 1 match 0
041681 LEAD S2: prevLog &raft.Entry{Command:interface {}(nil), Term:0, Index:0}
041681 LEAD S2: prevLog &raft.Entry{Command:interface {}(nil), Term:0, Index:0}
041682 INFO S1: (term 1) follower 收到 [2] AppendEntries [], prevIndex 0, prevTerm 0
041682 INFO S0: (term 1) follower 收到 [2] AppendEntries [], prevIndex 0, prevTerm 0
041682 LEAD S2: 1 append success next 1 match 0
041682 LEAD S2: 0 append success next 1 match 0
042184 LEAD S2: prevLog &raft.Entry{Command:interface {}(nil), Term:0, Index:0}
042184 LEAD S2: prevLog &raft.Entry{Command:interface {}(nil), Term:0, Index:0}
042184 INFO S0: (term 1) follower 收到 [2] AppendEntries [], prevIndex 0, prevTerm 0
042185 INFO S1: (term 1) follower 收到 [2] AppendEntries [], prevIndex 0, prevTerm 0
042185 LEAD S2: 0 append success next 1 match 0
042185 LEAD S2: 1 append success next 1 match 0
042685 LEAD S2: prevLog &raft.Entry{Command:interface {}(nil), Term:0, Index:0}
042686 LEAD S2: prevLog &raft.Entry{Command:interface {}(nil), Term:0, Index:0}
042686 INFO S0: (term 1) follower 收到 [2] AppendEntries [], prevIndex 0, prevTerm 0
042687 INFO S1: (term 1) follower 收到 [2] AppendEntries [], prevIndex 0, prevTerm 0
042687 LEAD S2: 0 append success next 1 match 0
042687 LEAD S2: 1 append success next 1 match 0
043188 LEAD S2: prevLog &raft.Entry{Command:interface {}(nil), Term:0, Index:0}
043189 LEAD S2: prevLog &raft.Entry{Command:interface {}(nil), Term:0, Index:0}
043189 INFO S1: (term 1) follower 收到 [2] AppendEntries [], prevIndex 0, prevTerm 0
043189 INFO S0: (term 1) follower 收到 [2] AppendEntries [], prevIndex 0, prevTerm 0
043190 LEAD S2: 0 append success next 1 match 0
043190 LEAD S2: 1 append success next 1 match 0
043691 LEAD S2: prevLog &raft.Entry{Command:interface {}(nil), Term:0, Index:0}
043691 LEAD S2: prevLog &raft.Entry{Command:interface {}(nil), Term:0, Index:0}
043692 INFO S1: (term 1) follower 收到 [2] AppendEntries [], prevIndex 0, prevTerm 0
043692 INFO S0: (term 1) follower 收到 [2] AppendEntries [], prevIndex 0, prevTerm 0
043692 LEAD S2: 1 append success next 1 match 0
043692 LEAD S2: 0 append success next 1 match 0
044192 LEAD S2: prevLog &raft.Entry{Command:interface {}(nil), Term:0, Index:0}
044193 LEAD S2: prevLog &raft.Entry{Command:interface {}(nil), Term:0, Index:0}
044193 INFO S0: (term 1) follower 收到 [2] AppendEntries [], prevIndex 0, prevTerm 0
044194 INFO S1: (term 1) follower 收到 [2] AppendEntries [], prevIndex 0, prevTerm 0
044194 LEAD S2: 1 append success next 1 match 0
044194 LEAD S2: 0 append success next 1 match 0
044695 LEAD S2: prevLog &raft.Entry{Command:interface {}(nil), Term:0, Index:0}
044695 LEAD S2: prevLog &raft.Entry{Command:interface {}(nil), Term:0, Index:0}
044696 INFO S0: (term 1) follower 收到 [2] AppendEntries [], prevIndex 0, prevTerm 0
044696 LEAD S2: 0 append success next 1 match 0
044696 INFO S1: (term 1) follower 收到 [2] AppendEntries [], prevIndex 0, prevTerm 0
044696 LEAD S2: 1 append success next 1 match 0
045198 LEAD S2: prevLog &raft.Entry{Command:interface {}(nil), Term:0, Index:0}
045198 LEAD S2: prevLog &raft.Entry{Command:interface {}(nil), Term:0, Index:0}
045199 INFO S0: (term 1) follower 收到 [2] AppendEntries [], prevIndex 0, prevTerm 0
045199 INFO S1: (term 1) follower 收到 [2] AppendEntries [], prevIndex 0, prevTerm 0
045199 LEAD S2: 0 append success next 1 match 0
045199 LEAD S2: 1 append success next 1 match 0
045699 LEAD S2: prevLog &raft.Entry{Command:interface {}(nil), Term:0, Index:0}
045700 LEAD S2: prevLog &raft.Entry{Command:interface {}(nil), Term:0, Index:0}
045701 INFO S1: (term 1) follower 收到 [2] AppendEntries [], prevIndex 0, prevTerm 0
045701 INFO S0: (term 1) follower 收到 [2] AppendEntries [], prevIndex 0, prevTerm 0
045701 LEAD S2: 1 append success next 1 match 0
045701 LEAD S2: 0 append success next 1 match 0
046202 LEAD S2: prevLog &raft.Entry{Command:interface {}(nil), Term:0, Index:0}
046202 LEAD S2: prevLog &raft.Entry{Command:interface {}(nil), Term:0, Index:0}
046203 INFO S1: (term 1) follower 收到 [2] AppendEntries [], prevIndex 0, prevTerm 0
046203 INFO S0: (term 1) follower 收到 [2] AppendEntries [], prevIndex 0, prevTerm 0
046203 LEAD S2: 1 append success next 1 match 0
046203 LEAD S2: 0 append success next 1 match 0
046704 LEAD S2: prevLog &raft.Entry{Command:interface {}(nil), Term:0, Index:0}
046705 LEAD S2: prevLog &raft.Entry{Command:interface {}(nil), Term:0, Index:0}
046705 INFO S1: (term 1) follower 收到 [2] AppendEntries [], prevIndex 0, prevTerm 0
046706 LEAD S2: 1 append success next 1 match 0
046706 INFO S0: (term 1) follower 收到 [2] AppendEntries [], prevIndex 0, prevTerm 0
046706 LEAD S2: 0 append success next 1 match 0
047206 LEAD S2: prevLog &raft.Entry{Command:interface {}(nil), Term:0, Index:0}
047206 LEAD S2: prevLog &raft.Entry{Command:interface {}(nil), Term:0, Index:0}
047207 INFO S1: (term 1) follower 收到 [2] AppendEntries [], prevIndex 0, prevTerm 0
047207 INFO S0: (term 1) follower 收到 [2] AppendEntries [], prevIndex 0, prevTerm 0
047208 LEAD S2: 1 append success next 1 match 0
047208 LEAD S2: 0 append success next 1 match 0
047708 LEAD S2: prevLog &raft.Entry{Command:interface {}(nil), Term:0, Index:0}
047708 LEAD S2: prevLog &raft.Entry{Command:interface {}(nil), Term:0, Index:0}
047709 INFO S0: (term 1) follower 收到 [2] AppendEntries [], prevIndex 0, prevTerm 0
047709 LEAD S2: 0 append success next 1 match 0
047709 INFO S1: (term 1) follower 收到 [2] AppendEntries [], prevIndex 0, prevTerm 0
047710 LEAD S2: 1 append success next 1 match 0
048209 LEAD S2: prevLog &raft.Entry{Command:interface {}(nil), Term:0, Index:0}
048210 LEAD S2: prevLog &raft.Entry{Command:interface {}(nil), Term:0, Index:0}
048211 INFO S1: (term 1) follower 收到 [2] AppendEntries [], prevIndex 0, prevTerm 0
048211 LEAD S2: 1 append success next 1 match 0
048211 INFO S0: (term 1) follower 收到 [2] AppendEntries [], prevIndex 0, prevTerm 0
048212 LEAD S2: 0 append success next 1 match 0
048713 LEAD S2: prevLog &raft.Entry{Command:interface {}(nil), Term:0, Index:0}
048713 LEAD S2: prevLog &raft.Entry{Command:interface {}(nil), Term:0, Index:0}
048714 INFO S0: (term 1) follower 收到 [2] AppendEntries [], prevIndex 0, prevTerm 0
048714 INFO S1: (term 1) follower 收到 [2] AppendEntries [], prevIndex 0, prevTerm 0
048714 LEAD S2: 0 append success next 1 match 0
048714 LEAD S2: 1 append success next 1 match 0
049215 LEAD S2: prevLog &raft.Entry{Command:interface {}(nil), Term:0, Index:0}
049215 LEAD S2: prevLog &raft.Entry{Command:interface {}(nil), Term:0, Index:0}
049216 INFO S0: (term 1) follower 收到 [2] AppendEntries [], prevIndex 0, prevTerm 0
049216 INFO S1: (term 1) follower 收到 [2] AppendEntries [], prevIndex 0, prevTerm 0
049216 LEAD S2: 0 append success next 1 match 0
049216 LEAD S2: 1 append success next 1 match 0
049717 LEAD S2: prevLog &raft.Entry{Command:interface {}(nil), Term:0, Index:0}
049717 LEAD S2: prevLog &raft.Entry{Command:interface {}(nil), Term:0, Index:0}
049717 INFO S0: (term 1) follower 收到 [2] AppendEntries [], prevIndex 0, prevTerm 0
049718 INFO S1: (term 1) follower 收到 [2] AppendEntries [], prevIndex 0, prevTerm 0
049718 LEAD S2: 0 append success next 1 match 0
049718 LEAD S2: 1 append success next 1 match 0
050219 LEAD S2: prevLog &raft.Entry{Command:interface {}(nil), Term:0, Index:0}
050219 LEAD S2: prevLog &raft.Entry{Command:interface {}(nil), Term:0, Index:0}
050220 INFO S1: (term 1) follower 收到 [2] AppendEntries [], prevIndex 0, prevTerm 0
050220 LEAD S2: 1 append success next 1 match 0
050220 INFO S0: (term 1) follower 收到 [2] AppendEntries [], prevIndex 0, prevTerm 0
050221 LEAD S2: 0 append success next 1 match 0
050721 LEAD S2: prevLog &raft.Entry{Command:interface {}(nil), Term:0, Index:0}
050721 LEAD S2: prevLog &raft.Entry{Command:interface {}(nil), Term:0, Index:0}
050722 INFO S0: (term 1) follower 收到 [2] AppendEntries [], prevIndex 0, prevTerm 0
050722 INFO S1: (term 1) follower 收到 [2] AppendEntries [], prevIndex 0, prevTerm 0
050722 LEAD S2: 0 append success next 1 match 0
050722 LEAD S2: 1 append success next 1 match 0
051223 LEAD S2: prevLog &raft.Entry{Command:interface {}(nil), Term:0, Index:0}
051223 LEAD S2: prevLog &raft.Entry{Command:interface {}(nil), Term:0, Index:0}
051224 INFO S0: (term 1) follower 收到 [2] AppendEntries [], prevIndex 0, prevTerm 0
051224 LEAD S2: 0 append success next 1 match 0
051224 INFO S1: (term 1) follower 收到 [2] AppendEntries [], prevIndex 0, prevTerm 0
051224 LEAD S2: 1 append success next 1 match 0
051725 LEAD S2: prevLog &raft.Entry{Command:interface {}(nil), Term:0, Index:0}
051725 LEAD S2: prevLog &raft.Entry{Command:interface {}(nil), Term:0, Index:0}
051725 INFO S0: (term 1) follower 收到 [2] AppendEntries [], prevIndex 0, prevTerm 0
051725 INFO S1: (term 1) follower 收到 [2] AppendEntries [], prevIndex 0, prevTerm 0
051726 LEAD S2: 0 append success next 1 match 0
051726 LEAD S2: 1 append success next 1 match 0
052227 LEAD S2: prevLog &raft.Entry{Command:interface {}(nil), Term:0, Index:0}
052227 LEAD S2: prevLog &raft.Entry{Command:interface {}(nil), Term:0, Index:0}
052228 INFO S0: (term 1) follower 收到 [2] AppendEntries [], prevIndex 0, prevTerm 0
052228 INFO S1: (term 1) follower 收到 [2] AppendEntries [], prevIndex 0, prevTerm 0
052228 LEAD S2: 0 append success next 1 match 0
052228 LEAD S2: 1 append success next 1 match 0
052728 LEAD S2: prevLog &raft.Entry{Command:interface {}(nil), Term:0, Index:0}
052729 LEAD S2: prevLog &raft.Entry{Command:interface {}(nil), Term:0, Index:0}
052729 INFO S0: (term 1) follower 收到 [2] AppendEntries [], prevIndex 0, prevTerm 0
052730 LEAD S2: 0 append success next 1 match 0
052730 INFO S1: (term 1) follower 收到 [2] AppendEntries [], prevIndex 0, prevTerm 0
052730 LEAD S2: 1 append success next 1 match 0
053231 LEAD S2: prevLog &raft.Entry{Command:interface {}(nil), Term:0, Index:0}
053231 LEAD S2: prevLog &raft.Entry{Command:interface {}(nil), Term:0, Index:0}
053232 INFO S1: (term 1) follower 收到 [2] AppendEntries [], prevIndex 0, prevTerm 0
053232 LEAD S2: 1 append success next 1 match 0
053232 INFO S0: (term 1) follower 收到 [2] AppendEntries [], prevIndex 0, prevTerm 0
053233 LEAD S2: 0 append success next 1 match 0
053734 LEAD S2: prevLog &raft.Entry{Command:interface {}(nil), Term:0, Index:0}
053735 LEAD S2: prevLog &raft.Entry{Command:interface {}(nil), Term:0, Index:0}
053736 INFO S1: (term 1) follower 收到 [2] AppendEntries [], prevIndex 0, prevTerm 0
053736 LEAD S2: 1 append success next 1 match 0
053736 INFO S0: (term 1) follower 收到 [2] AppendEntries [], prevIndex 0, prevTerm 0
053737 LEAD S2: 0 append success next 1 match 0
054237 LEAD S2: prevLog &raft.Entry{Command:interface {}(nil), Term:0, Index:0}
054237 LEAD S2: prevLog &raft.Entry{Command:interface {}(nil), Term:0, Index:0}
054238 INFO S1: (term 1) follower 收到 [2] AppendEntries [], prevIndex 0, prevTerm 0
054238 LEAD S2: 1 append success next 1 match 0
054238 INFO S0: (term 1) follower 收到 [2] AppendEntries [], prevIndex 0, prevTerm 0
054238 LEAD S2: 0 append success next 1 match 0
054739 LEAD S2: prevLog &raft.Entry{Command:interface {}(nil), Term:0, Index:0}
054739 LEAD S2: prevLog &raft.Entry{Command:interface {}(nil), Term:0, Index:0}
054740 INFO S0: (term 1) follower 收到 [2] AppendEntries [], prevIndex 0, prevTerm 0
054740 INFO S1: (term 1) follower 收到 [2] AppendEntries [], prevIndex 0, prevTerm 0
054740 LEAD S2: 0 append success next 1 match 0
054741 LEAD S2: 1 append success next 1 match 0
055241 LEAD S2: prevLog &raft.Entry{Command:interface {}(nil), Term:0, Index:0}
055241 LEAD S2: prevLog &raft.Entry{Command:interface {}(nil), Term:0, Index:0}
055241 INFO S1: (term 1) follower 收到 [2] AppendEntries [], prevIndex 0, prevTerm 0
055242 LEAD S2: 1 append success next 1 match 0
055242 INFO S0: (term 1) follower 收到 [2] AppendEntries [], prevIndex 0, prevTerm 0
055242 LEAD S2: 0 append success next 1 match 0
055743 LEAD S2: prevLog &raft.Entry{Command:interface {}(nil), Term:0, Index:0}
055743 LEAD S2: prevLog &raft.Entry{Command:interface {}(nil), Term:0, Index:0}
055744 INFO S1: (term 1) follower 收到 [2] AppendEntries [], prevIndex 0, prevTerm 0
055744 INFO S0: (term 1) follower 收到 [2] AppendEntries [], prevIndex 0, prevTerm 0
055744 LEAD S2: 0 append success next 1 match 0
055744 LEAD S2: 1 append success next 1 match 0
056245 LEAD S2: prevLog &raft.Entry{Command:interface {}(nil), Term:0, Index:0}
056245 LEAD S2: prevLog &raft.Entry{Command:interface {}(nil), Term:0, Index:0}
056246 INFO S1: (term 1) follower 收到 [2] AppendEntries [], prevIndex 0, prevTerm 0
056247 LEAD S2: 1 append success next 1 match 0
056247 INFO S0: (term 1) follower 收到 [2] AppendEntries [], prevIndex 0, prevTerm 0
056247 LEAD S2: 0 append success next 1 match 0
056747 LEAD S2: prevLog &raft.Entry{Command:interface {}(nil), Term:0, Index:0}
056747 LEAD S2: prevLog &raft.Entry{Command:interface {}(nil), Term:0, Index:0}
056748 INFO S1: (term 1) follower 收到 [2] AppendEntries [], prevIndex 0, prevTerm 0
056748 INFO S0: (term 1) follower 收到 [2] AppendEntries [], prevIndex 0, prevTerm 0
056748 LEAD S2: 0 append success next 1 match 0
056748 LEAD S2: 1 append success next 1 match 0
057249 LEAD S2: prevLog &raft.Entry{Command:interface {}(nil), Term:0, Index:0}
057249 LEAD S2: prevLog &raft.Entry{Command:interface {}(nil), Term:0, Index:0}
057250 INFO S1: (term 1) follower 收到 [2] AppendEntries [], prevIndex 0, prevTerm 0
057250 INFO S0: (term 1) follower 收到 [2] AppendEntries [], prevIndex 0, prevTerm 0
057250 LEAD S2: 1 append success next 1 match 0
057251 LEAD S2: 0 append success next 1 match 0
057751 LEAD S2: prevLog &raft.Entry{Command:interface {}(nil), Term:0, Index:0}
057751 LEAD S2: prevLog &raft.Entry{Command:interface {}(nil), Term:0, Index:0}
057751 INFO S1: (term 1) follower 收到 [2] AppendEntries [], prevIndex 0, prevTerm 0
057751 INFO S0: (term 1) follower 收到 [2] AppendEntries [], prevIndex 0, prevTerm 0
057752 LEAD S2: 1 append success next 1 match 0
057752 LEAD S2: 0 append success next 1 match 0
058253 LEAD S2: prevLog &raft.Entry{Command:interface {}(nil), Term:0, Index:0}
058253 LEAD S2: prevLog &raft.Entry{Command:interface {}(nil), Term:0, Index:0}
058254 INFO S1: (term 1) follower 收到 [2] AppendEntries [], prevIndex 0, prevTerm 0
058254 INFO S0: (term 1) follower 收到 [2] AppendEntries [], prevIndex 0, prevTerm 0
058254 LEAD S2: 1 append success next 1 match 0
058254 LEAD S2: 0 append success next 1 match 0
058754 LEAD S2: prevLog &raft.Entry{Command:interface {}(nil), Term:0, Index:0}
058754 LEAD S2: prevLog &raft.Entry{Command:interface {}(nil), Term:0, Index:0}
058755 INFO S0: (term 1) follower 收到 [2] AppendEntries [], prevIndex 0, prevTerm 0
058755 LEAD S2: 0 append success next 1 match 0
058756 INFO S1: (term 1) follower 收到 [2] AppendEntries [], prevIndex 0, prevTerm 0
058756 LEAD S2: 1 append success next 1 match 0
059256 LEAD S2: prevLog &raft.Entry{Command:interface {}(nil), Term:0, Index:0}
059256 LEAD S2: prevLog &raft.Entry{Command:interface {}(nil), Term:0, Index:0}
059257 INFO S0: (term 1) follower 收到 [2] AppendEntries [], prevIndex 0, prevTerm 0
059257 INFO S1: (term 1) follower 收到 [2] AppendEntries [], prevIndex 0, prevTerm 0
059258 LEAD S2: 0 append success next 1 match 0
059258 LEAD S2: 1 append success next 1 match 0
059760 LEAD S2: prevLog &raft.Entry{Command:interface {}(nil), Term:0, Index:0}
059760 LEAD S2: prevLog &raft.Entry{Command:interface {}(nil), Term:0, Index:0}
059761 INFO S1: (term 1) follower 收到 [2] AppendEntries [], prevIndex 0, prevTerm 0
059761 INFO S0: (term 1) follower 收到 [2] AppendEntries [], prevIndex 0, prevTerm 0
059761 LEAD S2: 1 append success next 1 match 0
059761 LEAD S2: 0 append success next 1 match 0
060262 LEAD S2: prevLog &raft.Entry{Command:interface {}(nil), Term:0, Index:0}
060263 LEAD S2: prevLog &raft.Entry{Command:interface {}(nil), Term:0, Index:0}
060263 INFO S1: (term 1) follower 收到 [2] AppendEntries [], prevIndex 0, prevTerm 0
060264 LEAD S2: 1 append success next 1 match 0
060264 INFO S0: (term 1) follower 收到 [2] AppendEntries [], prevIndex 0, prevTerm 0
060264 LEAD S2: 0 append success next 1 match 0
060765 LEAD S2: prevLog &raft.Entry{Command:interface {}(nil), Term:0, Index:0}
060765 LEAD S2: prevLog &raft.Entry{Command:interface {}(nil), Term:0, Index:0}
060766 INFO S0: (term 1) follower 收到 [2] AppendEntries [], prevIndex 0, prevTerm 0
060766 LEAD S2: 0 append success next 1 match 0
060766 INFO S1: (term 1) follower 收到 [2] AppendEntries [], prevIndex 0, prevTerm 0
060767 LEAD S2: 1 append success next 1 match 0
061268 LEAD S2: prevLog &raft.Entry{Command:interface {}(nil), Term:0, Index:0}
061268 LEAD S2: prevLog &raft.Entry{Command:interface {}(nil), Term:0, Index:0}
061269 INFO S0: (term 1) follower 收到 [2] AppendEntries [], prevIndex 0, prevTerm 0
061269 LEAD S2: 0 append success next 1 match 0
061269 INFO S1: (term 1) follower 收到 [2] AppendEntries [], prevIndex 0, prevTerm 0
061269 LEAD S2: 1 append success next 1 match 0
061770 LEAD S2: prevLog &raft.Entry{Command:interface {}(nil), Term:0, Index:0}
061771 LEAD S2: prevLog &raft.Entry{Command:interface {}(nil), Term:0, Index:0}
061771 INFO S1: (term 1) follower 收到 [2] AppendEntries [], prevIndex 0, prevTerm 0
061772 LEAD S2: 1 append success next 1 match 0
061772 INFO S0: (term 1) follower 收到 [2] AppendEntries [], prevIndex 0, prevTerm 0
061772 LEAD S2: 0 append success next 1 match 0
062272 LEAD S2: prevLog &raft.Entry{Command:interface {}(nil), Term:0, Index:0}
062272 LEAD S2: prevLog &raft.Entry{Command:interface {}(nil), Term:0, Index:0}
062273 INFO S1: (term 1) follower 收到 [2] AppendEntries [], prevIndex 0, prevTerm 0
062273 LEAD S2: 1 append success next 1 match 0
062274 INFO S0: (term 1) follower 收到 [2] AppendEntries [], prevIndex 0, prevTerm 0
062274 LEAD S2: 0 append success next 1 match 0
062774 LEAD S2: prevLog &raft.Entry{Command:interface {}(nil), Term:0, Index:0}
062774 LEAD S2: prevLog &raft.Entry{Command:interface {}(nil), Term:0, Index:0}
062775 INFO S1: (term 1) follower 收到 [2] AppendEntries [], prevIndex 0, prevTerm 0
062775 INFO S0: (term 1) follower 收到 [2] AppendEntries [], prevIndex 0, prevTerm 0
062776 LEAD S2: 1 append success next 1 match 0
062776 LEAD S2: 0 append success next 1 match 0
063277 LEAD S2: prevLog &raft.Entry{Command:interface {}(nil), Term:0, Index:0}
063277 LEAD S2: prevLog &raft.Entry{Command:interface {}(nil), Term:0, Index:0}
063278 INFO S0: (term 1) follower 收到 [2] AppendEntries [], prevIndex 0, prevTerm 0
063278 INFO S1: (term 1) follower 收到 [2] AppendEntries [], prevIndex 0, prevTerm 0
063278 LEAD S2: 1 append success next 1 match 0
063278 LEAD S2: 0 append success next 1 match 0
063778 LEAD S2: prevLog &raft.Entry{Command:interface {}(nil), Term:0, Index:0}
063778 LEAD S2: prevLog &raft.Entry{Command:interface {}(nil), Term:0, Index:0}
063779 INFO S1: (term 1) follower 收到 [2] AppendEntries [], prevIndex 0, prevTerm 0
063779 LEAD S2: 1 append success next 1 match 0
063779 INFO S0: (term 1) follower 收到 [2] AppendEntries [], prevIndex 0, prevTerm 0
063780 LEAD S2: 0 append success next 1 match 0
064280 LEAD S2: prevLog &raft.Entry{Command:interface {}(nil), Term:0, Index:0}
064281 LEAD S2: prevLog &raft.Entry{Command:interface {}(nil), Term:0, Index:0}
064281 INFO S1: (term 1) follower 收到 [2] AppendEntries [], prevIndex 0, prevTerm 0
064281 INFO S0: (term 1) follower 收到 [2] AppendEntries [], prevIndex 0, prevTerm 0
064281 LEAD S2: 0 append success next 1 match 0
064281 LEAD S2: 1 append success next 1 match 0
064783 LEAD S2: prevLog &raft.Entry{Command:interface {}(nil), Term:0, Index:0}
064783 LEAD S2: prevLog &raft.Entry{Command:interface {}(nil), Term:0, Index:0}
064784 INFO S1: (term 1) follower 收到 [2] AppendEntries [], prevIndex 0, prevTerm 0
064784 INFO S0: (term 1) follower 收到 [2] AppendEntries [], prevIndex 0, prevTerm 0
064784 LEAD S2: 0 append success next 1 match 0
064785 LEAD S2: 1 append success next 1 match 0
065285 LEAD S2: prevLog &raft.Entry{Command:interface {}(nil), Term:0, Index:0}
065285 LEAD S2: prevLog &raft.Entry{Command:interface {}(nil), Term:0, Index:0}
065286 INFO S1: (term 1) follower 收到 [2] AppendEntries [], prevIndex 0, prevTerm 0
065286 LEAD S2: 1 append success next 1 match 0
065287 INFO S0: (term 1) follower 收到 [2] AppendEntries [], prevIndex 0, prevTerm 0
065287 LEAD S2: 0 append success next 1 match 0
065786 LEAD S2: prevLog &raft.Entry{Command:interface {}(nil), Term:0, Index:0}
065787 LEAD S2: prevLog &raft.Entry{Command:interface {}(nil), Term:0, Index:0}
065787 INFO S0: (term 1) follower 收到 [2] AppendEntries [], prevIndex 0, prevTerm 0
065787 INFO S1: (term 1) follower 收到 [2] AppendEntries [], prevIndex 0, prevTerm 0
065788 LEAD S2: 0 append success next 1 match 0
065788 LEAD S2: 1 append success next 1 match 0
066289 LEAD S2: prevLog &raft.Entry{Command:interface {}(nil), Term:0, Index:0}
066289 LEAD S2: prevLog &raft.Entry{Command:interface {}(nil), Term:0, Index:0}
066290 INFO S1: (term 1) follower 收到 [2] AppendEntries [], prevIndex 0, prevTerm 0
066290 INFO S0: (term 1) follower 收到 [2] AppendEntries [], prevIndex 0, prevTerm 0
066290 LEAD S2: 1 append success next 1 match 0
066290 LEAD S2: 0 append success next 1 match 0
066791 LEAD S2: prevLog &raft.Entry{Command:interface {}(nil), Term:0, Index:0}
066791 LEAD S2: prevLog &raft.Entry{Command:interface {}(nil), Term:0, Index:0}
066792 INFO S1: (term 1) follower 收到 [2] AppendEntries [], prevIndex 0, prevTerm 0
066792 INFO S0: (term 1) follower 收到 [2] AppendEntries [], prevIndex 0, prevTerm 0
066792 LEAD S2: 0 append success next 1 match 0
066792 LEAD S2: 1 append success next 1 match 0
067293 LEAD S2: prevLog &raft.Entry{Command:interface {}(nil), Term:0, Index:0}
067293 LEAD S2: prevLog &raft.Entry{Command:interface {}(nil), Term:0, Index:0}
067294 INFO S0: (term 1) follower 收到 [2] AppendEntries [], prevIndex 0, prevTerm 0
067294 LEAD S2: 0 append success next 1 match 0
067294 INFO S1: (term 1) follower 收到 [2] AppendEntries [], prevIndex 0, prevTerm 0
067294 LEAD S2: 1 append success next 1 match 0
067795 LEAD S2: prevLog &raft.Entry{Command:interface {}(nil), Term:0, Index:0}
067796 LEAD S2: prevLog &raft.Entry{Command:interface {}(nil), Term:0, Index:0}
067796 INFO S1: (term 1) follower 收到 [2] AppendEntries [], prevIndex 0, prevTerm 0
067797 LEAD S2: 1 append success next 1 match 0
067797 INFO S0: (term 1) follower 收到 [2] AppendEntries [], prevIndex 0, prevTerm 0
067797 LEAD S2: 0 append success next 1 match 0
068298 LEAD S2: prevLog &raft.Entry{Command:interface {}(nil), Term:0, Index:0}
068298 LEAD S2: prevLog &raft.Entry{Command:interface {}(nil), Term:0, Index:0}
068299 INFO S0: (term 1) follower 收到 [2] AppendEntries [], prevIndex 0, prevTerm 0
068299 INFO S1: (term 1) follower 收到 [2] AppendEntries [], prevIndex 0, prevTerm 0
068299 LEAD S2: 0 append success next 1 match 0
068299 LEAD S2: 1 append success next 1 match 0
068800 LEAD S2: prevLog &raft.Entry{Command:interface {}(nil), Term:0, Index:0}
068800 LEAD S2: prevLog &raft.Entry{Command:interface {}(nil), Term:0, Index:0}
068801 INFO S1: (term 1) follower 收到 [2] AppendEntries [], prevIndex 0, prevTerm 0
068801 LEAD S2: 1 append success next 1 match 0
068802 INFO S0: (term 1) follower 收到 [2] AppendEntries [], prevIndex 0, prevTerm 0
068802 LEAD S2: 0 append success next 1 match 0
069303 LEAD S2: prevLog &raft.Entry{Command:interface {}(nil), Term:0, Index:0}
069303 LEAD S2: prevLog &raft.Entry{Command:interface {}(nil), Term:0, Index:0}
069304 INFO S1: (term 1) follower 收到 [2] AppendEntries [], prevIndex 0, prevTerm 0
069304 INFO S0: (term 1) follower 收到 [2] AppendEntries [], prevIndex 0, prevTerm 0
069304 LEAD S2: 0 append success next 1 match 0
069304 LEAD S2: 1 append success next 1 match 0
069805 LEAD S2: prevLog &raft.Entry{Command:interface {}(nil), Term:0, Index:0}
069805 LEAD S2: prevLog &raft.Entry{Command:interface {}(nil), Term:0, Index:0}
069806 INFO S0: (term 1) follower 收到 [2] AppendEntries [], prevIndex 0, prevTerm 0
069806 INFO S1: (term 1) follower 收到 [2] AppendEntries [], prevIndex 0, prevTerm 0
069806 LEAD S2: 0 append success next 1 match 0
069806 LEAD S2: 1 append success next 1 match 0
070307 LEAD S2: prevLog &raft.Entry{Command:interface {}(nil), Term:0, Index:0}
070307 LEAD S2: prevLog &raft.Entry{Command:interface {}(nil), Term:0, Index:0}
070307 INFO S1: (term 1) follower 收到 [2] AppendEntries [], prevIndex 0, prevTerm 0
070308 LEAD S2: 1 append success next 1 match 0
070308 INFO S0: (term 1) follower 收到 [2] AppendEntries [], prevIndex 0, prevTerm 0
070308 LEAD S2: 0 append success next 1 match 0
070809 LEAD S2: prevLog &raft.Entry{Command:interface {}(nil), Term:0, Index:0}
070809 LEAD S2: prevLog &raft.Entry{Command:interface {}(nil), Term:0, Index:0}
070810 INFO S0: (term 1) follower 收到 [2] AppendEntries [], prevIndex 0, prevTerm 0
070810 INFO S1: (term 1) follower 收到 [2] AppendEntries [], prevIndex 0, prevTerm 0
070810 LEAD S2: 0 append success next 1 match 0
070810 LEAD S2: 1 append success next 1 match 0
071311 LEAD S2: prevLog &raft.Entry{Command:interface {}(nil), Term:0, Index:0}
071311 LEAD S2: prevLog &raft.Entry{Command:interface {}(nil), Term:0, Index:0}
071311 INFO S0: (term 1) follower 收到 [2] AppendEntries [], prevIndex 0, prevTerm 0
071311 INFO S1: (term 1) follower 收到 [2] AppendEntries [], prevIndex 0, prevTerm 0
071312 LEAD S2: 0 append success next 1 match 0
071312 LEAD S2: 1 append success next 1 match 0
071813 LEAD S2: prevLog &raft.Entry{Command:interface {}(nil), Term:0, Index:0}
071813 LEAD S2: prevLog &raft.Entry{Command:interface {}(nil), Term:0, Index:0}
071816 INFO S0: (term 1) follower 收到 [2] AppendEntries [], prevIndex 0, prevTerm 0
071815 INFO S1: (term 1) follower 收到 [2] AppendEntries [], prevIndex 0, prevTerm 0
071816 LEAD S2: 0 append success next 1 match 0
071818 LEAD S2: 1 append success next 1 match 0
072318 LEAD S2: prevLog &raft.Entry{Command:interface {}(nil), Term:0, Index:0}
072318 LEAD S2: prevLog &raft.Entry{Command:interface {}(nil), Term:0, Index:0}
072319 INFO S1: (term 1) follower 收到 [2] AppendEntries [], prevIndex 0, prevTerm 0
072319 INFO S0: (term 1) follower 收到 [2] AppendEntries [], prevIndex 0, prevTerm 0
072319 LEAD S2: 0 append success next 1 match 0
072319 LEAD S2: 1 append success next 1 match 0
072819 LEAD S2: prevLog &raft.Entry{Command:interface {}(nil), Term:0, Index:0}
072819 LEAD S2: prevLog &raft.Entry{Command:interface {}(nil), Term:0, Index:0}
072820 INFO S0: (term 1) follower 收到 [2] AppendEntries [], prevIndex 0, prevTerm 0
072820 INFO S1: (term 1) follower 收到 [2] AppendEntries [], prevIndex 0, prevTerm 0
072821 LEAD S2: 1 append success next 1 match 0
072821 LEAD S2: 0 append success next 1 match 0
073322 LEAD S2: prevLog &raft.Entry{Command:interface {}(nil), Term:0, Index:0}
073322 LEAD S2: prevLog &raft.Entry{Command:interface {}(nil), Term:0, Index:0}
073323 INFO S0: (term 1) follower 收到 [2] AppendEntries [], prevIndex 0, prevTerm 0
073323 INFO S1: (term 1) follower 收到 [2] AppendEntries [], prevIndex 0, prevTerm 0
073323 LEAD S2: 0 append success next 1 match 0
073323 LEAD S2: 1 append success next 1 match 0
073823 LEAD S2: prevLog &raft.Entry{Command:interface {}(nil), Term:0, Index:0}
073823 LEAD S2: prevLog &raft.Entry{Command:interface {}(nil), Term:0, Index:0}
073824 INFO S1: (term 1) follower 收到 [2] AppendEntries [], prevIndex 0, prevTerm 0
073824 INFO S0: (term 1) follower 收到 [2] AppendEntries [], prevIndex 0, prevTerm 0
073825 LEAD S2: 1 append success next 1 match 0
073825 LEAD S2: 0 append success next 1 match 0
074325 LEAD S2: prevLog &raft.Entry{Command:interface {}(nil), Term:0, Index:0}
074325 LEAD S2: prevLog &raft.Entry{Command:interface {}(nil), Term:0, Index:0}
074326 INFO S1: (term 1) follower 收到 [2] AppendEntries [], prevIndex 0, prevTerm 0
074326 INFO S0: (term 1) follower 收到 [2] AppendEntries [], prevIndex 0, prevTerm 0
074326 LEAD S2: 0 append success next 1 match 0
074326 LEAD S2: 1 append success next 1 match 0
074828 LEAD S2: prevLog &raft.Entry{Command:interface {}(nil), Term:0, Index:0}
074828 LEAD S2: prevLog &raft.Entry{Command:interface {}(nil), Term:0, Index:0}
074829 INFO S0: (term 1) follower 收到 [2] AppendEntries [], prevIndex 0, prevTerm 0
074829 INFO S1: (term 1) follower 收到 [2] AppendEntries [], prevIndex 0, prevTerm 0
074829 LEAD S2: 0 append success next 1 match 0
074829 LEAD S2: 1 append success next 1 match 0
075330 LEAD S2: prevLog &raft.Entry{Command:interface {}(nil), Term:0, Index:0}
075330 LEAD S2: prevLog &raft.Entry{Command:interface {}(nil), Term:0, Index:0}
075331 INFO S0: (term 1) follower 收到 [2] AppendEntries [], prevIndex 0, prevTerm 0
075331 INFO S1: (term 1) follower 收到 [2] AppendEntries [], prevIndex 0, prevTerm 0
075331 LEAD S2: 0 append success next 1 match 0
075331 LEAD S2: 1 append success next 1 match 0
075832 LEAD S2: prevLog &raft.Entry{Command:interface {}(nil), Term:0, Index:0}
075832 LEAD S2: prevLog &raft.Entry{Command:interface {}(nil), Term:0, Index:0}
075833 INFO S0: (term 1) follower 收到 [2] AppendEntries [], prevIndex 0, prevTerm 0
075833 INFO S1: (term 1) follower 收到 [2] AppendEntries [], prevIndex 0, prevTerm 0
075833 LEAD S2: 1 append success next 1 match 0
075833 LEAD S2: 0 append success next 1 match 0
076333 LEAD S2: prevLog &raft.Entry{Command:interface {}(nil), Term:0, Index:0}
076334 LEAD S2: prevLog &raft.Entry{Command:interface {}(nil), Term:0, Index:0}
076334 INFO S1: (term 1) follower 收到 [2] AppendEntries [], prevIndex 0, prevTerm 0
076334 INFO S0: (term 1) follower 收到 [2] AppendEntries [], prevIndex 0, prevTerm 0
076335 LEAD S2: 0 append success next 1 match 0
076335 LEAD S2: 1 append success next 1 match 0
076836 LEAD S2: prevLog &raft.Entry{Command:interface {}(nil), Term:0, Index:0}
076836 LEAD S2: prevLog &raft.Entry{Command:interface {}(nil), Term:0, Index:0}
076837 INFO S0: (term 1) follower 收到 [2] AppendEntries [], prevIndex 0, prevTerm 0
076837 INFO S1: (term 1) follower 收到 [2] AppendEntries [], prevIndex 0, prevTerm 0
076837 LEAD S2: 1 append success next 1 match 0
076837 LEAD S2: 0 append success next 1 match 0
077337 LEAD S2: prevLog &raft.Entry{Command:interface {}(nil), Term:0, Index:0}
077338 LEAD S2: prevLog &raft.Entry{Command:interface {}(nil), Term:0, Index:0}
077338 INFO S1: (term 1) follower 收到 [2] AppendEntries [], prevIndex 0, prevTerm 0
077338 INFO S0: (term 1) follower 收到 [2] AppendEntries [], prevIndex 0, prevTerm 0
077339 LEAD S2: 0 append success next 1 match 0
077339 LEAD S2: 1 append success next 1 match 0
077839 LEAD S2: prevLog &raft.Entry{Command:interface {}(nil), Term:0, Index:0}
077840 LEAD S2: prevLog &raft.Entry{Command:interface {}(nil), Term:0, Index:0}
077840 INFO S1: (term 1) follower 收到 [2] AppendEntries [], prevIndex 0, prevTerm 0
077841 LEAD S2: 1 append success next 1 match 0
077841 INFO S0: (term 1) follower 收到 [2] AppendEntries [], prevIndex 0, prevTerm 0
077841 LEAD S2: 0 append success next 1 match 0
078342 LEAD S2: prevLog &raft.Entry{Command:interface {}(nil), Term:0, Index:0}
078342 LEAD S2: prevLog &raft.Entry{Command:interface {}(nil), Term:0, Index:0}
078343 INFO S1: (term 1) follower 收到 [2] AppendEntries [], prevIndex 0, prevTerm 0
078343 INFO S0: (term 1) follower 收到 [2] AppendEntries [], prevIndex 0, prevTerm 0
078343 LEAD S2: 1 append success next 1 match 0
078343 LEAD S2: 0 append success next 1 match 0
078844 LEAD S2: prevLog &raft.Entry{Command:interface {}(nil), Term:0, Index:0}
078844 LEAD S2: prevLog &raft.Entry{Command:interface {}(nil), Term:0, Index:0}
078845 INFO S0: (term 1) follower 收到 [2] AppendEntries [], prevIndex 0, prevTerm 0
078845 LEAD S2: 0 append success next 1 match 0
078845 INFO S1: (term 1) follower 收到 [2] AppendEntries [], prevIndex 0, prevTerm 0
078846 LEAD S2: 1 append success next 1 match 0
079347 LEAD S2: prevLog &raft.Entry{Command:interface {}(nil), Term:0, Index:0}
079347 LEAD S2: prevLog &raft.Entry{Command:interface {}(nil), Term:0, Index:0}
079347 INFO S0: (term 1) follower 收到 [2] AppendEntries [], prevIndex 0, prevTerm 0
079348 INFO S1: (term 1) follower 收到 [2] AppendEntries [], prevIndex 0, prevTerm 0
079348 LEAD S2: 0 append success next 1 match 0
079348 LEAD S2: 1 append success next 1 match 0
079848 LEAD S2: prevLog &raft.Entry{Command:interface {}(nil), Term:0, Index:0}
079849 LEAD S2: prevLog &raft.Entry{Command:interface {}(nil), Term:0, Index:0}
079849 INFO S0: (term 1) follower 收到 [2] AppendEntries [], prevIndex 0, prevTerm 0
079850 INFO S1: (term 1) follower 收到 [2] AppendEntries [], prevIndex 0, prevTerm 0
079850 LEAD S2: 0 append success next 1 match 0
079850 LEAD S2: 1 append success next 1 match 0
080352 LEAD S2: prevLog &raft.Entry{Command:interface {}(nil), Term:0, Index:0}
080352 LEAD S2: prevLog &raft.Entry{Command:interface {}(nil), Term:0, Index:0}
080353 INFO S1: (term 1) follower 收到 [2] AppendEntries [], prevIndex 0, prevTerm 0
080353 INFO S0: (term 1) follower 收到 [2] AppendEntries [], prevIndex 0, prevTerm 0
080353 LEAD S2: 0 append success next 1 match 0
080353 LEAD S2: 1 append success next 1 match 0
080854 LEAD S2: prevLog &raft.Entry{Command:interface {}(nil), Term:0, Index:0}
080854 LEAD S2: prevLog &raft.Entry{Command:interface {}(nil), Term:0, Index:0}
080855 INFO S1: (term 1) follower 收到 [2] AppendEntries [], prevIndex 0, prevTerm 0
080855 INFO S0: (term 1) follower 收到 [2] AppendEntries [], prevIndex 0, prevTerm 0
080855 LEAD S2: 0 append success next 1 match 0
080855 LEAD S2: 1 append success next 1 match 0
081356 LEAD S2: prevLog &raft.Entry{Command:interface {}(nil), Term:0, Index:0}
081356 LEAD S2: prevLog &raft.Entry{Command:interface {}(nil), Term:0, Index:0}
081357 INFO S1: (term 1) follower 收到 [2] AppendEntries [], prevIndex 0, prevTerm 0
081357 LEAD S2: 1 append success next 1 match 0
081357 INFO S0: (term 1) follower 收到 [2] AppendEntries [], prevIndex 0, prevTerm 0
081358 LEAD S2: 0 append success next 1 match 0
081859 LEAD S2: prevLog &raft.Entry{Command:interface {}(nil), Term:0, Index:0}
081859 LEAD S2: prevLog &raft.Entry{Command:interface {}(nil), Term:0, Index:0}
081860 INFO S1: (term 1) follower 收到 [2] AppendEntries [], prevIndex 0, prevTerm 0
081860 LEAD S2: 1 append success next 1 match 0
081860 INFO S0: (term 1) follower 收到 [2] AppendEntries [], prevIndex 0, prevTerm 0
081860 LEAD S2: 0 append success next 1 match 0
082363 LEAD S2: prevLog &raft.Entry{Command:interface {}(nil), Term:0, Index:0}
082364 LEAD S2: prevLog &raft.Entry{Command:interface {}(nil), Term:0, Index:0}
082365 INFO S1: (term 1) follower 收到 [2] AppendEntries [], prevIndex 0, prevTerm 0
082365 INFO S0: (term 1) follower 收到 [2] AppendEntries [], prevIndex 0, prevTerm 0
082366 LEAD S2: 1 append success next 1 match 0
082366 LEAD S2: 0 append success next 1 match 0
082865 LEAD S2: prevLog &raft.Entry{Command:interface {}(nil), Term:0, Index:0}
082865 LEAD S2: prevLog &raft.Entry{Command:interface {}(nil), Term:0, Index:0}
082866 INFO S1: (term 1) follower 收到 [2] AppendEntries [], prevIndex 0, prevTerm 0
082866 INFO S0: (term 1) follower 收到 [2] AppendEntries [], prevIndex 0, prevTerm 0
082866 LEAD S2: 0 append success next 1 match 0
082866 LEAD S2: 1 append success next 1 match 0
083366 LEAD S2: prevLog &raft.Entry{Command:interface {}(nil), Term:0, Index:0}
083366 LEAD S2: prevLog &raft.Entry{Command:interface {}(nil), Term:0, Index:0}
083367 INFO S0: (term 1) follower 收到 [2] AppendEntries [], prevIndex 0, prevTerm 0
083367 INFO S1: (term 1) follower 收到 [2] AppendEntries [], prevIndex 0, prevTerm 0
083367 LEAD S2: 0 append success next 1 match 0
083368 LEAD S2: 1 append success next 1 match 0
083868 LEAD S2: prevLog &raft.Entry{Command:interface {}(nil), Term:0, Index:0}
083868 LEAD S2: prevLog &raft.Entry{Command:interface {}(nil), Term:0, Index:0}
083869 INFO S1: (term 1) follower 收到 [2] AppendEntries [], prevIndex 0, prevTerm 0
083869 INFO S0: (term 1) follower 收到 [2] AppendEntries [], prevIndex 0, prevTerm 0
083869 LEAD S2: 0 append success next 1 match 0
083869 LEAD S2: 1 append success next 1 match 0
084370 LEAD S2: prevLog &raft.Entry{Command:interface {}(nil), Term:0, Index:0}
084370 LEAD S2: prevLog &raft.Entry{Command:interface {}(nil), Term:0, Index:0}
084371 INFO S0: (term 1) follower 收到 [2] AppendEntries [], prevIndex 0, prevTerm 0
084371 INFO S1: (term 1) follower 收到 [2] AppendEntries [], prevIndex 0, prevTerm 0
084371 LEAD S2: 0 append success next 1 match 0
084372 LEAD S2: 1 append success next 1 match 0
084872 LEAD S2: prevLog &raft.Entry{Command:interface {}(nil), Term:0, Index:0}
084872 LEAD S2: prevLog &raft.Entry{Command:interface {}(nil), Term:0, Index:0}
084873 INFO S0: (term 1) follower 收到 [2] AppendEntries [], prevIndex 0, prevTerm 0
084873 LEAD S2: 0 append success next 1 match 0
084873 INFO S1: (term 1) follower 收到 [2] AppendEntries [], prevIndex 0, prevTerm 0
084874 LEAD S2: 1 append success next 1 match 0
085374 LEAD S2: prevLog &raft.Entry{Command:interface {}(nil), Term:0, Index:0}
085374 LEAD S2: prevLog &raft.Entry{Command:interface {}(nil), Term:0, Index:0}
085375 INFO S1: (term 1) follower 收到 [2] AppendEntries [], prevIndex 0, prevTerm 0
085375 INFO S0: (term 1) follower 收到 [2] AppendEntries [], prevIndex 0, prevTerm 0
085375 LEAD S2: 0 append success next 1 match 0
085375 LEAD S2: 1 append success next 1 match 0
085876 LEAD S2: prevLog &raft.Entry{Command:interface {}(nil), Term:0, Index:0}
085876 LEAD S2: prevLog &raft.Entry{Command:interface {}(nil), Term:0, Index:0}
085877 INFO S1: (term 1) follower 收到 [2] AppendEntries [], prevIndex 0, prevTerm 0
085877 INFO S0: (term 1) follower 收到 [2] AppendEntries [], prevIndex 0, prevTerm 0
085877 LEAD S2: 1 append success next 1 match 0
085878 LEAD S2: 0 append success next 1 match 0
086379 LEAD S2: prevLog &raft.Entry{Command:interface {}(nil), Term:0, Index:0}
086379 LEAD S2: prevLog &raft.Entry{Command:interface {}(nil), Term:0, Index:0}
086380 INFO S0: (term 1) follower 收到 [2] AppendEntries [], prevIndex 0, prevTerm 0
086380 INFO S1: (term 1) follower 收到 [2] AppendEntries [], prevIndex 0, prevTerm 0
086380 LEAD S2: 0 append success next 1 match 0
086380 LEAD S2: 1 append success next 1 match 0
086881 LEAD S2: prevLog &raft.Entry{Command:interface {}(nil), Term:0, Index:0}
086881 LEAD S2: prevLog &raft.Entry{Command:interface {}(nil), Term:0, Index:0}
086882 INFO S0: (term 1) follower 收到 [2] AppendEntries [], prevIndex 0, prevTerm 0
086883 LEAD S2: 0 append success next 1 match 0
086883 INFO S1: (term 1) follower 收到 [2] AppendEntries [], prevIndex 0, prevTerm 0
086883 LEAD S2: 1 append success next 1 match 0
087384 LEAD S2: prevLog &raft.Entry{Command:interface {}(nil), Term:0, Index:0}
087384 LEAD S2: prevLog &raft.Entry{Command:interface {}(nil), Term:0, Index:0}
087384 INFO S0: (term 1) follower 收到 [2] AppendEntries [], prevIndex 0, prevTerm 0
087385 LEAD S2: 0 append success next 1 match 0
087385 INFO S1: (term 1) follower 收到 [2] AppendEntries [], prevIndex 0, prevTerm 0
087385 LEAD S2: 1 append success next 1 match 0
087885 LEAD S2: prevLog &raft.Entry{Command:interface {}(nil), Term:0, Index:0}
087886 LEAD S2: prevLog &raft.Entry{Command:interface {}(nil), Term:0, Index:0}
087886 INFO S1: (term 1) follower 收到 [2] AppendEntries [], prevIndex 0, prevTerm 0
087886 INFO S0: (term 1) follower 收到 [2] AppendEntries [], prevIndex 0, prevTerm 0
087887 LEAD S2: 1 append success next 1 match 0
087887 LEAD S2: 0 append success next 1 match 0
088388 LEAD S2: prevLog &raft.Entry{Command:interface {}(nil), Term:0, Index:0}
088388 LEAD S2: prevLog &raft.Entry{Command:interface {}(nil), Term:0, Index:0}
088389 INFO S1: (term 1) follower 收到 [2] AppendEntries [], prevIndex 0, prevTerm 0
088389 LEAD S2: 1 append success next 1 match 0
088390 INFO S0: (term 1) follower 收到 [2] AppendEntries [], prevIndex 0, prevTerm 0
088391 LEAD S2: 0 append success next 1 match 0
088891 LEAD S2: prevLog &raft.Entry{Command:interface {}(nil), Term:0, Index:0}
088891 LEAD S2: prevLog &raft.Entry{Command:interface {}(nil), Term:0, Index:0}
088892 INFO S0: (term 1) follower 收到 [2] AppendEntries [], prevIndex 0, prevTerm 0
088892 INFO S1: (term 1) follower 收到 [2] AppendEntries [], prevIndex 0, prevTerm 0
088892 LEAD S2: 0 append success next 1 match 0
088892 LEAD S2: 1 append success next 1 match 0
089392 LEAD S2: prevLog &raft.Entry{Command:interface {}(nil), Term:0, Index:0}
089393 LEAD S2: prevLog &raft.Entry{Command:interface {}(nil), Term:0, Index:0}
089393 INFO S1: (term 1) follower 收到 [2] AppendEntries [], prevIndex 0, prevTerm 0
089394 INFO S0: (term 1) follower 收到 [2] AppendEntries [], prevIndex 0, prevTerm 0
089394 LEAD S2: 1 append success next 1 match 0
089394 LEAD S2: 0 append success next 1 match 0
089895 LEAD S2: prevLog &raft.Entry{Command:interface {}(nil), Term:0, Index:0}
089895 LEAD S2: prevLog &raft.Entry{Command:interface {}(nil), Term:0, Index:0}
089896 INFO S1: (term 1) follower 收到 [2] AppendEntries [], prevIndex 0, prevTerm 0
089896 LEAD S2: 1 append success next 1 match 0
089896 INFO S0: (term 1) follower 收到 [2] AppendEntries [], prevIndex 0, prevTerm 0
089897 LEAD S2: 0 append success next 1 match 0
090397 LEAD S2: prevLog &raft.Entry{Command:interface {}(nil), Term:0, Index:0}
090397 LEAD S2: prevLog &raft.Entry{Command:interface {}(nil), Term:0, Index:0}
090398 INFO S1: (term 1) follower 收到 [2] AppendEntries [], prevIndex 0, prevTerm 0
090398 INFO S0: (term 1) follower 收到 [2] AppendEntries [], prevIndex 0, prevTerm 0
090398 LEAD S2: 0 append success next 1 match 0
090398 LEAD S2: 1 append success next 1 match 0
090899 LEAD S2: prevLog &raft.Entry{Command:interface {}(nil), Term:0, Index:0}
090900 LEAD S2: prevLog &raft.Entry{Command:interface {}(nil), Term:0, Index:0}
090900 INFO S0: (term 1) follower 收到 [2] AppendEntries [], prevIndex 0, prevTerm 0
090900 INFO S1: (term 1) follower 收到 [2] AppendEntries [], prevIndex 0, prevTerm 0
090901 LEAD S2: 1 append success next 1 match 0
090901 LEAD S2: 0 append success next 1 match 0
091401 LEAD S2: prevLog &raft.Entry{Command:interface {}(nil), Term:0, Index:0}
091402 LEAD S2: prevLog &raft.Entry{Command:interface {}(nil), Term:0, Index:0}
091402 INFO S0: (term 1) follower 收到 [2] AppendEntries [], prevIndex 0, prevTerm 0
091403 INFO S1: (term 1) follower 收到 [2] AppendEntries [], prevIndex 0, prevTerm 0
091403 LEAD S2: 0 append success next 1 match 0
091403 LEAD S2: 1 append success next 1 match 0
091903 LEAD S2: prevLog &raft.Entry{Command:interface {}(nil), Term:0, Index:0}
091903 LEAD S2: prevLog &raft.Entry{Command:interface {}(nil), Term:0, Index:0}
091904 INFO S1: (term 1) follower 收到 [2] AppendEntries [], prevIndex 0, prevTerm 0
091904 LEAD S2: 1 append success next 1 match 0
091904 INFO S0: (term 1) follower 收到 [2] AppendEntries [], prevIndex 0, prevTerm 0
091905 LEAD S2: 0 append success next 1 match 0
092405 LEAD S2: prevLog &raft.Entry{Command:interface {}(nil), Term:0, Index:0}
092405 LEAD S2: prevLog &raft.Entry{Command:interface {}(nil), Term:0, Index:0}
092406 INFO S0: (term 1) follower 收到 [2] AppendEntries [], prevIndex 0, prevTerm 0
092406 LEAD S2: 0 append success next 1 match 0
092406 INFO S1: (term 1) follower 收到 [2] AppendEntries [], prevIndex 0, prevTerm 0
092406 LEAD S2: 1 append success next 1 match 0
092907 LEAD S2: prevLog &raft.Entry{Command:interface {}(nil), Term:0, Index:0}
092907 LEAD S2: prevLog &raft.Entry{Command:interface {}(nil), Term:0, Index:0}
092908 INFO S0: (term 1) follower 收到 [2] AppendEntries [], prevIndex 0, prevTerm 0
092908 INFO S1: (term 1) follower 收到 [2] AppendEntries [], prevIndex 0, prevTerm 0
092908 LEAD S2: 0 append success next 1 match 0
092908 LEAD S2: 1 append success next 1 match 0
093408 LEAD S2: prevLog &raft.Entry{Command:interface {}(nil), Term:0, Index:0}
093408 LEAD S2: prevLog &raft.Entry{Command:interface {}(nil), Term:0, Index:0}
093409 INFO S0: (term 1) follower 收到 [2] AppendEntries [], prevIndex 0, prevTerm 0
093409 INFO S1: (term 1) follower 收到 [2] AppendEntries [], prevIndex 0, prevTerm 0
093410 LEAD S2: 0 append success next 1 match 0
093410 LEAD S2: 1 append success next 1 match 0
093910 LEAD S2: prevLog &raft.Entry{Command:interface {}(nil), Term:0, Index:0}
093910 LEAD S2: prevLog &raft.Entry{Command:interface {}(nil), Term:0, Index:0}
093911 INFO S0: (term 1) follower 收到 [2] AppendEntries [], prevIndex 0, prevTerm 0
093911 LEAD S2: 0 append success next 1 match 0
093911 INFO S1: (term 1) follower 收到 [2] AppendEntries [], prevIndex 0, prevTerm 0
093911 LEAD S2: 1 append success next 1 match 0
094413 LEAD S2: prevLog &raft.Entry{Command:interface {}(nil), Term:0, Index:0}
094413 LEAD S2: prevLog &raft.Entry{Command:interface {}(nil), Term:0, Index:0}
094414 INFO S1: (term 1) follower 收到 [2] AppendEntries [], prevIndex 0, prevTerm 0
094414 INFO S0: (term 1) follower 收到 [2] AppendEntries [], prevIndex 0, prevTerm 0
094414 LEAD S2: 1 append success next 1 match 0
094414 LEAD S2: 0 append success next 1 match 0
094915 LEAD S2: prevLog &raft.Entry{Command:interface {}(nil), Term:0, Index:0}
094915 LEAD S2: prevLog &raft.Entry{Command:interface {}(nil), Term:0, Index:0}
094916 INFO S0: (term 1) follower 收到 [2] AppendEntries [], prevIndex 0, prevTerm 0
094916 INFO S1: (term 1) follower 收到 [2] AppendEntries [], prevIndex 0, prevTerm 0
094916 LEAD S2: 0 append success next 1 match 0
094917 LEAD S2: 1 append success next 1 match 0
095418 LEAD S2: prevLog &raft.Entry{Command:interface {}(nil), Term:0, Index:0}
095418 LEAD S2: prevLog &raft.Entry{Command:interface {}(nil), Term:0, Index:0}
095419 INFO S0: (term 1) follower 收到 [2] AppendEntries [], prevIndex 0, prevTerm 0
095419 INFO S1: (term 1) follower 收到 [2] AppendEntries [], prevIndex 0, prevTerm 0
095419 LEAD S2: 0 append success next 1 match 0
095419 LEAD S2: 1 append success next 1 match 0
095920 LEAD S2: prevLog &raft.Entry{Command:interface {}(nil), Term:0, Index:0}
095920 LEAD S2: prevLog &raft.Entry{Command:interface {}(nil), Term:0, Index:0}
095921 INFO S0: (term 1) follower 收到 [2] AppendEntries [], prevIndex 0, prevTerm 0
095921 INFO S1: (term 1) follower 收到 [2] AppendEntries [], prevIndex 0, prevTerm 0
095921 LEAD S2: 0 append success next 1 match 0
095922 LEAD S2: 1 append success next 1 match 0
096421 LEAD S2: prevLog &raft.Entry{Command:interface {}(nil), Term:0, Index:0}
096421 LEAD S2: prevLog &raft.Entry{Command:interface {}(nil), Term:0, Index:0}
096422 INFO S0: (term 1) follower 收到 [2] AppendEntries [], prevIndex 0, prevTerm 0
096422 LEAD S2: 0 append success next 1 match 0
096423 INFO S1: (term 1) follower 收到 [2] AppendEntries [], prevIndex 0, prevTerm 0
096423 LEAD S2: 1 append success next 1 match 0
096924 LEAD S2: prevLog &raft.Entry{Command:interface {}(nil), Term:0, Index:0}
096924 LEAD S2: prevLog &raft.Entry{Command:interface {}(nil), Term:0, Index:0}
096925 INFO S0: (term 1) follower 收到 [2] AppendEntries [], prevIndex 0, prevTerm 0
096925 INFO S1: (term 1) follower 收到 [2] AppendEntries [], prevIndex 0, prevTerm 0
096925 LEAD S2: 0 append success next 1 match 0
096926 LEAD S2: 1 append success next 1 match 0
097426 LEAD S2: prevLog &raft.Entry{Command:interface {}(nil), Term:0, Index:0}
097426 LEAD S2: prevLog &raft.Entry{Command:interface {}(nil), Term:0, Index:0}
097426 INFO S0: (term 1) follower 收到 [2] AppendEntries [], prevIndex 0, prevTerm 0
097426 INFO S1: (term 1) follower 收到 [2] AppendEntries [], prevIndex 0, prevTerm 0
097427 LEAD S2: 1 append success next 1 match 0
097427 LEAD S2: 0 append success next 1 match 0
097928 LEAD S2: prevLog &raft.Entry{Command:interface {}(nil), Term:0, Index:0}
097928 LEAD S2: prevLog &raft.Entry{Command:interface {}(nil), Term:0, Index:0}
097929 INFO S0: (term 1) follower 收到 [2] AppendEntries [], prevIndex 0, prevTerm 0
097929 LEAD S2: 0 append success next 1 match 0
097929 INFO S1: (term 1) follower 收到 [2] AppendEntries [], prevIndex 0, prevTerm 0
097930 LEAD S2: 1 append success next 1 match 0
098430 LEAD S2: prevLog &raft.Entry{Command:interface {}(nil), Term:0, Index:0}
098430 LEAD S2: prevLog &raft.Entry{Command:interface {}(nil), Term:0, Index:0}
098431 INFO S1: (term 1) follower 收到 [2] AppendEntries [], prevIndex 0, prevTerm 0
098432 LEAD S2: 1 append success next 1 match 0
098432 INFO S0: (term 1) follower 收到 [2] AppendEntries [], prevIndex 0, prevTerm 0
098432 LEAD S2: 0 append success next 1 match 0
098932 LEAD S2: prevLog &raft.Entry{Command:interface {}(nil), Term:0, Index:0}
098932 LEAD S2: prevLog &raft.Entry{Command:interface {}(nil), Term:0, Index:0}
098933 INFO S1: (term 1) follower 收到 [2] AppendEntries [], prevIndex 0, prevTerm 0
098933 INFO S0: (term 1) follower 收到 [2] AppendEntries [], prevIndex 0, prevTerm 0
098933 LEAD S2: 0 append success next 1 match 0
098933 LEAD S2: 1 append success next 1 match 0
099433 LEAD S2: prevLog &raft.Entry{Command:interface {}(nil), Term:0, Index:0}
099434 LEAD S2: prevLog &raft.Entry{Command:interface {}(nil), Term:0, Index:0}
099434 INFO S1: (term 1) follower 收到 [2] AppendEntries [], prevIndex 0, prevTerm 0
099434 INFO S0: (term 1) follower 收到 [2] AppendEntries [], prevIndex 0, prevTerm 0
099435 LEAD S2: 1 append success next 1 match 0
099435 LEAD S2: 0 append success next 1 match 0
099935 LEAD S2: prevLog &raft.Entry{Command:interface {}(nil), Term:0, Index:0}
099935 LEAD S2: prevLog &raft.Entry{Command:interface {}(nil), Term:0, Index:0}
099936 INFO S1: (term 1) follower 收到 [2] AppendEntries [], prevIndex 0, prevTerm 0
099936 INFO S0: (term 1) follower 收到 [2] AppendEntries [], prevIndex 0, prevTerm 0
099936 LEAD S2: 1 append success next 1 match 0
099937 LEAD S2: 0 append success next 1 match 0
100437 LEAD S2: prevLog &raft.Entry{Command:interface {}(nil), Term:0, Index:0}
100437 LEAD S2: prevLog &raft.Entry{Command:interface {}(nil), Term:0, Index:0}
--- FAIL: TestPersist12C (10.04s)
    config.go:609: one(11) failed to reach agreement
FAIL
exit status 1
FAIL	6.824/raft	10.045s
