Test (2C): basic persistence ...
002009 INFO S0: start leader election, term 1
002010 VOTE S0: term 1 send vote request to 2
002010 VOTE S0: term 1 send vote request to 1
002011 TERM S1: set new term 1
002011 VOTE S1: term 1 vote 0
002011 TERM S2: set new term 1
002011 VOTE S2: term 1 vote 0
002011 VOTE S0: reply from 1, term一致，且投给0
002011 LEAD S0: come to power, start to send heartbeat
002011 LEAD S0: prevLog &raft.Entry{Command:interface {}(nil), Term:0, Index:0}
002011 LEAD S0: prevLog &raft.Entry{Command:interface {}(nil), Term:0, Index:0}
002012 VOTE S0: reply from 2, term一致，且投给0
002012 INFO S1: (term 1) follower 收到 [0] AppendEntries [], prevIndex 0, prevTerm 0
002012 LEAD S0: 1 append success next 1 match 0
002013 INFO S2: (term 1) follower 收到 [0] AppendEntries [], prevIndex 0, prevTerm 0
002013 LEAD S0: 2 append success next 1 match 0
002511 LEAD S0: prevLog &raft.Entry{Command:interface {}(nil), Term:0, Index:0}
002511 LEAD S0: prevLog &raft.Entry{Command:interface {}(nil), Term:0, Index:0}
002512 INFO S1: (term 1) follower 收到 [0] AppendEntries [], prevIndex 0, prevTerm 0
002512 INFO S2: (term 1) follower 收到 [0] AppendEntries [], prevIndex 0, prevTerm 0
002512 LEAD S0: 2 append success next 1 match 0
002512 LEAD S0: 1 append success next 1 match 0
003012 LEAD S0: prevLog &raft.Entry{Command:interface {}(nil), Term:0, Index:0}
003013 LEAD S0: prevLog &raft.Entry{Command:interface {}(nil), Term:0, Index:0}
003013 INFO S2: (term 1) follower 收到 [0] AppendEntries [], prevIndex 0, prevTerm 0
003013 INFO S1: (term 1) follower 收到 [0] AppendEntries [], prevIndex 0, prevTerm 0
003013 LEAD S0: 1 append success next 1 match 0
003014 LEAD S0: 2 append success next 1 match 0
003515 LEAD S0: prevLog &raft.Entry{Command:interface {}(nil), Term:0, Index:0}
003515 LEAD S0: prevLog &raft.Entry{Command:interface {}(nil), Term:0, Index:0}
003516 INFO S2: (term 1) follower 收到 [0] AppendEntries [], prevIndex 0, prevTerm 0
003516 INFO S1: (term 1) follower 收到 [0] AppendEntries [], prevIndex 0, prevTerm 0
003516 LEAD S0: 1 append success next 1 match 0
003516 LEAD S0: 2 append success next 1 match 0
004017 LEAD S0: prevLog &raft.Entry{Command:interface {}(nil), Term:0, Index:0}
004017 LEAD S0: prevLog &raft.Entry{Command:interface {}(nil), Term:0, Index:0}
004018 INFO S1: (term 1) follower 收到 [0] AppendEntries [], prevIndex 0, prevTerm 0
004018 INFO S2: (term 1) follower 收到 [0] AppendEntries [], prevIndex 0, prevTerm 0
004018 LEAD S0: 1 append success next 1 match 0
004018 LEAD S0: 2 append success next 1 match 0
004518 LEAD S0: prevLog &raft.Entry{Command:interface {}(nil), Term:0, Index:0}
004519 LEAD S0: prevLog &raft.Entry{Command:interface {}(nil), Term:0, Index:0}
004520 INFO S2: (term 1) follower 收到 [0] AppendEntries [], prevIndex 0, prevTerm 0
004520 LEAD S0: 2 append success next 1 match 0
004520 INFO S1: (term 1) follower 收到 [0] AppendEntries [], prevIndex 0, prevTerm 0
004520 LEAD S0: 1 append success next 1 match 0
005020 LEAD S0: prevLog &raft.Entry{Command:interface {}(nil), Term:0, Index:0}
005021 LEAD S0: prevLog &raft.Entry{Command:interface {}(nil), Term:0, Index:0}
005021 INFO S2: (term 1) follower 收到 [0] AppendEntries [], prevIndex 0, prevTerm 0
005021 LEAD S0: 2 append success next 1 match 0
005022 INFO S1: (term 1) follower 收到 [0] AppendEntries [], prevIndex 0, prevTerm 0
005022 LEAD S0: 1 append success next 1 match 0
005523 LEAD S0: prevLog &raft.Entry{Command:interface {}(nil), Term:0, Index:0}
005524 LEAD S0: prevLog &raft.Entry{Command:interface {}(nil), Term:0, Index:0}
005524 INFO S2: (term 1) follower 收到 [0] AppendEntries [], prevIndex 0, prevTerm 0
005525 INFO S1: (term 1) follower 收到 [0] AppendEntries [], prevIndex 0, prevTerm 0
005525 LEAD S0: 2 append success next 1 match 0
005525 LEAD S0: 1 append success next 1 match 0
006025 LEAD S0: prevLog &raft.Entry{Command:interface {}(nil), Term:0, Index:0}
006025 LEAD S0: prevLog &raft.Entry{Command:interface {}(nil), Term:0, Index:0}
006026 INFO S2: (term 1) follower 收到 [0] AppendEntries [], prevIndex 0, prevTerm 0
006026 INFO S1: (term 1) follower 收到 [0] AppendEntries [], prevIndex 0, prevTerm 0
006026 LEAD S0: 2 append success next 1 match 0
006026 LEAD S0: 1 append success next 1 match 0
006527 LEAD S0: prevLog &raft.Entry{Command:interface {}(nil), Term:0, Index:0}
006527 LEAD S0: prevLog &raft.Entry{Command:interface {}(nil), Term:0, Index:0}
006528 INFO S2: (term 1) follower 收到 [0] AppendEntries [], prevIndex 0, prevTerm 0
006528 INFO S1: (term 1) follower 收到 [0] AppendEntries [], prevIndex 0, prevTerm 0
006528 LEAD S0: 1 append success next 1 match 0
006528 LEAD S0: 2 append success next 1 match 0
007029 LEAD S0: prevLog &raft.Entry{Command:interface {}(nil), Term:0, Index:0}
007029 LEAD S0: prevLog &raft.Entry{Command:interface {}(nil), Term:0, Index:0}
007030 INFO S1: (term 1) follower 收到 [0] AppendEntries [], prevIndex 0, prevTerm 0
007030 LEAD S0: 1 append success next 1 match 0
007030 INFO S2: (term 1) follower 收到 [0] AppendEntries [], prevIndex 0, prevTerm 0
007031 LEAD S0: 2 append success next 1 match 0
007531 LEAD S0: prevLog &raft.Entry{Command:interface {}(nil), Term:0, Index:0}
007531 LEAD S0: prevLog &raft.Entry{Command:interface {}(nil), Term:0, Index:0}
007532 INFO S1: (term 1) follower 收到 [0] AppendEntries [], prevIndex 0, prevTerm 0
007532 INFO S2: (term 1) follower 收到 [0] AppendEntries [], prevIndex 0, prevTerm 0
007532 LEAD S0: 2 append success next 1 match 0
007532 LEAD S0: 1 append success next 1 match 0
008032 LEAD S0: prevLog &raft.Entry{Command:interface {}(nil), Term:0, Index:0}
008033 LEAD S0: prevLog &raft.Entry{Command:interface {}(nil), Term:0, Index:0}
008033 INFO S1: (term 1) follower 收到 [0] AppendEntries [], prevIndex 0, prevTerm 0
008033 INFO S2: (term 1) follower 收到 [0] AppendEntries [], prevIndex 0, prevTerm 0
008034 LEAD S0: 1 append success next 1 match 0
008034 LEAD S0: 2 append success next 1 match 0
008534 LEAD S0: prevLog &raft.Entry{Command:interface {}(nil), Term:0, Index:0}
008534 LEAD S0: prevLog &raft.Entry{Command:interface {}(nil), Term:0, Index:0}
008535 INFO S1: (term 1) follower 收到 [0] AppendEntries [], prevIndex 0, prevTerm 0
008535 INFO S2: (term 1) follower 收到 [0] AppendEntries [], prevIndex 0, prevTerm 0
008535 LEAD S0: 1 append success next 1 match 0
008536 LEAD S0: 2 append success next 1 match 0
009036 LEAD S0: prevLog &raft.Entry{Command:interface {}(nil), Term:0, Index:0}
009036 LEAD S0: prevLog &raft.Entry{Command:interface {}(nil), Term:0, Index:0}
009036 INFO S2: (term 1) follower 收到 [0] AppendEntries [], prevIndex 0, prevTerm 0
009037 LEAD S0: 2 append success next 1 match 0
009037 INFO S1: (term 1) follower 收到 [0] AppendEntries [], prevIndex 0, prevTerm 0
009038 LEAD S0: 1 append success next 1 match 0
009537 LEAD S0: prevLog &raft.Entry{Command:interface {}(nil), Term:0, Index:0}
009537 LEAD S0: prevLog &raft.Entry{Command:interface {}(nil), Term:0, Index:0}
009538 INFO S2: (term 1) follower 收到 [0] AppendEntries [], prevIndex 0, prevTerm 0
009538 INFO S1: (term 1) follower 收到 [0] AppendEntries [], prevIndex 0, prevTerm 0
009538 LEAD S0: 2 append success next 1 match 0
009538 LEAD S0: 1 append success next 1 match 0
010040 LEAD S0: prevLog &raft.Entry{Command:interface {}(nil), Term:0, Index:0}
010040 LEAD S0: prevLog &raft.Entry{Command:interface {}(nil), Term:0, Index:0}
010041 INFO S1: (term 1) follower 收到 [0] AppendEntries [], prevIndex 0, prevTerm 0
010041 INFO S2: (term 1) follower 收到 [0] AppendEntries [], prevIndex 0, prevTerm 0
010041 LEAD S0: 1 append success next 1 match 0
010041 LEAD S0: 2 append success next 1 match 0
010541 LEAD S0: prevLog &raft.Entry{Command:interface {}(nil), Term:0, Index:0}
010551 LEAD S0: prevLog &raft.Entry{Command:interface {}(nil), Term:0, Index:0}
010551 INFO S2: (term 1) follower 收到 [0] AppendEntries [], prevIndex 0, prevTerm 0
010552 LEAD S0: 2 append success next 1 match 0
010552 INFO S1: (term 1) follower 收到 [0] AppendEntries [], prevIndex 0, prevTerm 0
010552 LEAD S0: 1 append success next 1 match 0
011053 LEAD S0: prevLog &raft.Entry{Command:interface {}(nil), Term:0, Index:0}
011054 LEAD S0: prevLog &raft.Entry{Command:interface {}(nil), Term:0, Index:0}
011054 INFO S2: (term 1) follower 收到 [0] AppendEntries [], prevIndex 0, prevTerm 0
011054 INFO S1: (term 1) follower 收到 [0] AppendEntries [], prevIndex 0, prevTerm 0
011055 LEAD S0: 2 append success next 1 match 0
011055 LEAD S0: 1 append success next 1 match 0
011556 LEAD S0: prevLog &raft.Entry{Command:interface {}(nil), Term:0, Index:0}
011556 LEAD S0: prevLog &raft.Entry{Command:interface {}(nil), Term:0, Index:0}
011557 INFO S1: (term 1) follower 收到 [0] AppendEntries [], prevIndex 0, prevTerm 0
011557 INFO S2: (term 1) follower 收到 [0] AppendEntries [], prevIndex 0, prevTerm 0
011557 LEAD S0: 1 append success next 1 match 0
011557 LEAD S0: 2 append success next 1 match 0
012058 LEAD S0: prevLog &raft.Entry{Command:interface {}(nil), Term:0, Index:0}
012058 LEAD S0: prevLog &raft.Entry{Command:interface {}(nil), Term:0, Index:0}
012059 INFO S1: (term 1) follower 收到 [0] AppendEntries [], prevIndex 0, prevTerm 0
012059 INFO S2: (term 1) follower 收到 [0] AppendEntries [], prevIndex 0, prevTerm 0
012059 LEAD S0: 1 append success next 1 match 0
012059 LEAD S0: 2 append success next 1 match 0
012560 LEAD S0: prevLog &raft.Entry{Command:interface {}(nil), Term:0, Index:0}
012561 LEAD S0: prevLog &raft.Entry{Command:interface {}(nil), Term:0, Index:0}
012561 INFO S2: (term 1) follower 收到 [0] AppendEntries [], prevIndex 0, prevTerm 0
012561 INFO S1: (term 1) follower 收到 [0] AppendEntries [], prevIndex 0, prevTerm 0
012562 LEAD S0: 2 append success next 1 match 0
012562 LEAD S0: 1 append success next 1 match 0
013063 LEAD S0: prevLog &raft.Entry{Command:interface {}(nil), Term:0, Index:0}
013063 LEAD S0: prevLog &raft.Entry{Command:interface {}(nil), Term:0, Index:0}
013064 INFO S2: (term 1) follower 收到 [0] AppendEntries [], prevIndex 0, prevTerm 0
013064 INFO S1: (term 1) follower 收到 [0] AppendEntries [], prevIndex 0, prevTerm 0
013064 LEAD S0: 1 append success next 1 match 0
013064 LEAD S0: 2 append success next 1 match 0
013565 LEAD S0: prevLog &raft.Entry{Command:interface {}(nil), Term:0, Index:0}
013565 LEAD S0: prevLog &raft.Entry{Command:interface {}(nil), Term:0, Index:0}
013566 INFO S1: (term 1) follower 收到 [0] AppendEntries [], prevIndex 0, prevTerm 0
013566 INFO S2: (term 1) follower 收到 [0] AppendEntries [], prevIndex 0, prevTerm 0
013567 LEAD S0: 1 append success next 1 match 0
013567 LEAD S0: 2 append success next 1 match 0
014067 LEAD S0: prevLog &raft.Entry{Command:interface {}(nil), Term:0, Index:0}
014068 LEAD S0: prevLog &raft.Entry{Command:interface {}(nil), Term:0, Index:0}
014068 INFO S1: (term 1) follower 收到 [0] AppendEntries [], prevIndex 0, prevTerm 0
014068 INFO S2: (term 1) follower 收到 [0] AppendEntries [], prevIndex 0, prevTerm 0
014069 LEAD S0: 1 append success next 1 match 0
014069 LEAD S0: 2 append success next 1 match 0
014570 LEAD S0: prevLog &raft.Entry{Command:interface {}(nil), Term:0, Index:0}
014570 LEAD S0: prevLog &raft.Entry{Command:interface {}(nil), Term:0, Index:0}
014571 INFO S2: (term 1) follower 收到 [0] AppendEntries [], prevIndex 0, prevTerm 0
014571 INFO S1: (term 1) follower 收到 [0] AppendEntries [], prevIndex 0, prevTerm 0
014571 LEAD S0: 2 append success next 1 match 0
014571 LEAD S0: 1 append success next 1 match 0
015072 LEAD S0: prevLog &raft.Entry{Command:interface {}(nil), Term:0, Index:0}
015072 LEAD S0: prevLog &raft.Entry{Command:interface {}(nil), Term:0, Index:0}
015073 INFO S2: (term 1) follower 收到 [0] AppendEntries [], prevIndex 0, prevTerm 0
015073 INFO S1: (term 1) follower 收到 [0] AppendEntries [], prevIndex 0, prevTerm 0
015073 LEAD S0: 2 append success next 1 match 0
015073 LEAD S0: 1 append success next 1 match 0
015574 LEAD S0: prevLog &raft.Entry{Command:interface {}(nil), Term:0, Index:0}
015574 LEAD S0: prevLog &raft.Entry{Command:interface {}(nil), Term:0, Index:0}
015575 INFO S2: (term 1) follower 收到 [0] AppendEntries [], prevIndex 0, prevTerm 0
015575 LEAD S0: 2 append success next 1 match 0
015576 INFO S1: (term 1) follower 收到 [0] AppendEntries [], prevIndex 0, prevTerm 0
015576 LEAD S0: 1 append success next 1 match 0
016076 LEAD S0: prevLog &raft.Entry{Command:interface {}(nil), Term:0, Index:0}
016077 LEAD S0: prevLog &raft.Entry{Command:interface {}(nil), Term:0, Index:0}
016077 INFO S1: (term 1) follower 收到 [0] AppendEntries [], prevIndex 0, prevTerm 0
016078 INFO S2: (term 1) follower 收到 [0] AppendEntries [], prevIndex 0, prevTerm 0
016078 LEAD S0: 2 append success next 1 match 0
016078 LEAD S0: 1 append success next 1 match 0
016579 LEAD S0: prevLog &raft.Entry{Command:interface {}(nil), Term:0, Index:0}
016579 LEAD S0: prevLog &raft.Entry{Command:interface {}(nil), Term:0, Index:0}
016580 INFO S2: (term 1) follower 收到 [0] AppendEntries [], prevIndex 0, prevTerm 0
016580 INFO S1: (term 1) follower 收到 [0] AppendEntries [], prevIndex 0, prevTerm 0
016580 LEAD S0: 2 append success next 1 match 0
016580 LEAD S0: 1 append success next 1 match 0
017081 LEAD S0: prevLog &raft.Entry{Command:interface {}(nil), Term:0, Index:0}
017081 LEAD S0: prevLog &raft.Entry{Command:interface {}(nil), Term:0, Index:0}
017082 INFO S1: (term 1) follower 收到 [0] AppendEntries [], prevIndex 0, prevTerm 0
017082 INFO S2: (term 1) follower 收到 [0] AppendEntries [], prevIndex 0, prevTerm 0
017082 LEAD S0: 1 append success next 1 match 0
017082 LEAD S0: 2 append success next 1 match 0
017583 LEAD S0: prevLog &raft.Entry{Command:interface {}(nil), Term:0, Index:0}
017583 LEAD S0: prevLog &raft.Entry{Command:interface {}(nil), Term:0, Index:0}
017584 INFO S2: (term 1) follower 收到 [0] AppendEntries [], prevIndex 0, prevTerm 0
017584 LEAD S0: 2 append success next 1 match 0
017584 INFO S1: (term 1) follower 收到 [0] AppendEntries [], prevIndex 0, prevTerm 0
017585 LEAD S0: 1 append success next 1 match 0
018085 LEAD S0: prevLog &raft.Entry{Command:interface {}(nil), Term:0, Index:0}
018085 LEAD S0: prevLog &raft.Entry{Command:interface {}(nil), Term:0, Index:0}
018086 INFO S1: (term 1) follower 收到 [0] AppendEntries [], prevIndex 0, prevTerm 0
018086 LEAD S0: 1 append success next 1 match 0
018089 INFO S2: (term 1) follower 收到 [0] AppendEntries [], prevIndex 0, prevTerm 0
018090 LEAD S0: 2 append success next 1 match 0
018587 LEAD S0: prevLog &raft.Entry{Command:interface {}(nil), Term:0, Index:0}
018588 LEAD S0: prevLog &raft.Entry{Command:interface {}(nil), Term:0, Index:0}
018588 INFO S1: (term 1) follower 收到 [0] AppendEntries [], prevIndex 0, prevTerm 0
018588 INFO S2: (term 1) follower 收到 [0] AppendEntries [], prevIndex 0, prevTerm 0
018589 LEAD S0: 1 append success next 1 match 0
018589 LEAD S0: 2 append success next 1 match 0
019090 LEAD S0: prevLog &raft.Entry{Command:interface {}(nil), Term:0, Index:0}
019090 LEAD S0: prevLog &raft.Entry{Command:interface {}(nil), Term:0, Index:0}
019091 INFO S1: (term 1) follower 收到 [0] AppendEntries [], prevIndex 0, prevTerm 0
019091 LEAD S0: 1 append success next 1 match 0
019091 INFO S2: (term 1) follower 收到 [0] AppendEntries [], prevIndex 0, prevTerm 0
019092 LEAD S0: 2 append success next 1 match 0
019592 LEAD S0: prevLog &raft.Entry{Command:interface {}(nil), Term:0, Index:0}
019592 LEAD S0: prevLog &raft.Entry{Command:interface {}(nil), Term:0, Index:0}
019593 INFO S2: (term 1) follower 收到 [0] AppendEntries [], prevIndex 0, prevTerm 0
019593 INFO S1: (term 1) follower 收到 [0] AppendEntries [], prevIndex 0, prevTerm 0
019593 LEAD S0: 2 append success next 1 match 0
019593 LEAD S0: 1 append success next 1 match 0
020094 LEAD S0: prevLog &raft.Entry{Command:interface {}(nil), Term:0, Index:0}
020094 LEAD S0: prevLog &raft.Entry{Command:interface {}(nil), Term:0, Index:0}
020095 INFO S2: (term 1) follower 收到 [0] AppendEntries [], prevIndex 0, prevTerm 0
020095 INFO S1: (term 1) follower 收到 [0] AppendEntries [], prevIndex 0, prevTerm 0
020095 LEAD S0: 2 append success next 1 match 0
020095 LEAD S0: 1 append success next 1 match 0
020596 LEAD S0: prevLog &raft.Entry{Command:interface {}(nil), Term:0, Index:0}
020596 LEAD S0: prevLog &raft.Entry{Command:interface {}(nil), Term:0, Index:0}
020597 INFO S1: (term 1) follower 收到 [0] AppendEntries [], prevIndex 0, prevTerm 0
020597 INFO S2: (term 1) follower 收到 [0] AppendEntries [], prevIndex 0, prevTerm 0
020597 LEAD S0: 1 append success next 1 match 0
020597 LEAD S0: 2 append success next 1 match 0
021099 LEAD S0: prevLog &raft.Entry{Command:interface {}(nil), Term:0, Index:0}
021099 LEAD S0: prevLog &raft.Entry{Command:interface {}(nil), Term:0, Index:0}
021100 INFO S2: (term 1) follower 收到 [0] AppendEntries [], prevIndex 0, prevTerm 0
021100 LEAD S0: 2 append success next 1 match 0
021100 INFO S1: (term 1) follower 收到 [0] AppendEntries [], prevIndex 0, prevTerm 0
021101 LEAD S0: 1 append success next 1 match 0
021601 LEAD S0: prevLog &raft.Entry{Command:interface {}(nil), Term:0, Index:0}
021602 LEAD S0: prevLog &raft.Entry{Command:interface {}(nil), Term:0, Index:0}
021602 INFO S1: (term 1) follower 收到 [0] AppendEntries [], prevIndex 0, prevTerm 0
021602 INFO S2: (term 1) follower 收到 [0] AppendEntries [], prevIndex 0, prevTerm 0
021603 LEAD S0: 1 append success next 1 match 0
021603 LEAD S0: 2 append success next 1 match 0
022104 LEAD S0: prevLog &raft.Entry{Command:interface {}(nil), Term:0, Index:0}
022104 LEAD S0: prevLog &raft.Entry{Command:interface {}(nil), Term:0, Index:0}
022104 INFO S2: (term 1) follower 收到 [0] AppendEntries [], prevIndex 0, prevTerm 0
022105 LEAD S0: 2 append success next 1 match 0
022105 INFO S1: (term 1) follower 收到 [0] AppendEntries [], prevIndex 0, prevTerm 0
022105 LEAD S0: 1 append success next 1 match 0
022606 LEAD S0: prevLog &raft.Entry{Command:interface {}(nil), Term:0, Index:0}
022606 LEAD S0: prevLog &raft.Entry{Command:interface {}(nil), Term:0, Index:0}
022607 INFO S1: (term 1) follower 收到 [0] AppendEntries [], prevIndex 0, prevTerm 0
022607 INFO S2: (term 1) follower 收到 [0] AppendEntries [], prevIndex 0, prevTerm 0
022607 LEAD S0: 1 append success next 1 match 0
022607 LEAD S0: 2 append success next 1 match 0
023108 LEAD S0: prevLog &raft.Entry{Command:interface {}(nil), Term:0, Index:0}
023108 LEAD S0: prevLog &raft.Entry{Command:interface {}(nil), Term:0, Index:0}
023109 INFO S1: (term 1) follower 收到 [0] AppendEntries [], prevIndex 0, prevTerm 0
023109 INFO S2: (term 1) follower 收到 [0] AppendEntries [], prevIndex 0, prevTerm 0
023109 LEAD S0: 1 append success next 1 match 0
023109 LEAD S0: 2 append success next 1 match 0
023610 LEAD S0: prevLog &raft.Entry{Command:interface {}(nil), Term:0, Index:0}
023610 LEAD S0: prevLog &raft.Entry{Command:interface {}(nil), Term:0, Index:0}
023611 INFO S1: (term 1) follower 收到 [0] AppendEntries [], prevIndex 0, prevTerm 0
023611 INFO S2: (term 1) follower 收到 [0] AppendEntries [], prevIndex 0, prevTerm 0
023611 LEAD S0: 2 append success next 1 match 0
023612 LEAD S0: 1 append success next 1 match 0
024112 LEAD S0: prevLog &raft.Entry{Command:interface {}(nil), Term:0, Index:0}
024112 LEAD S0: prevLog &raft.Entry{Command:interface {}(nil), Term:0, Index:0}
024113 INFO S1: (term 1) follower 收到 [0] AppendEntries [], prevIndex 0, prevTerm 0
024113 INFO S2: (term 1) follower 收到 [0] AppendEntries [], prevIndex 0, prevTerm 0
024113 LEAD S0: 1 append success next 1 match 0
024113 LEAD S0: 2 append success next 1 match 0
024614 LEAD S0: prevLog &raft.Entry{Command:interface {}(nil), Term:0, Index:0}
024615 LEAD S0: prevLog &raft.Entry{Command:interface {}(nil), Term:0, Index:0}
024615 INFO S1: (term 1) follower 收到 [0] AppendEntries [], prevIndex 0, prevTerm 0
024615 INFO S2: (term 1) follower 收到 [0] AppendEntries [], prevIndex 0, prevTerm 0
024615 LEAD S0: 1 append success next 1 match 0
024615 LEAD S0: 2 append success next 1 match 0
025117 LEAD S0: prevLog &raft.Entry{Command:interface {}(nil), Term:0, Index:0}
025117 LEAD S0: prevLog &raft.Entry{Command:interface {}(nil), Term:0, Index:0}
025117 INFO S2: (term 1) follower 收到 [0] AppendEntries [], prevIndex 0, prevTerm 0
025118 INFO S1: (term 1) follower 收到 [0] AppendEntries [], prevIndex 0, prevTerm 0
025118 LEAD S0: 1 append success next 1 match 0
025118 LEAD S0: 2 append success next 1 match 0
025619 LEAD S0: prevLog &raft.Entry{Command:interface {}(nil), Term:0, Index:0}
025619 LEAD S0: prevLog &raft.Entry{Command:interface {}(nil), Term:0, Index:0}
025620 INFO S2: (term 1) follower 收到 [0] AppendEntries [], prevIndex 0, prevTerm 0
025620 INFO S1: (term 1) follower 收到 [0] AppendEntries [], prevIndex 0, prevTerm 0
025620 LEAD S0: 2 append success next 1 match 0
025620 LEAD S0: 1 append success next 1 match 0
026121 LEAD S0: prevLog &raft.Entry{Command:interface {}(nil), Term:0, Index:0}
026121 LEAD S0: prevLog &raft.Entry{Command:interface {}(nil), Term:0, Index:0}
026122 INFO S2: (term 1) follower 收到 [0] AppendEntries [], prevIndex 0, prevTerm 0
026122 INFO S1: (term 1) follower 收到 [0] AppendEntries [], prevIndex 0, prevTerm 0
026122 LEAD S0: 2 append success next 1 match 0
026122 LEAD S0: 1 append success next 1 match 0
026624 LEAD S0: prevLog &raft.Entry{Command:interface {}(nil), Term:0, Index:0}
026624 LEAD S0: prevLog &raft.Entry{Command:interface {}(nil), Term:0, Index:0}
026625 INFO S1: (term 1) follower 收到 [0] AppendEntries [], prevIndex 0, prevTerm 0
026625 INFO S2: (term 1) follower 收到 [0] AppendEntries [], prevIndex 0, prevTerm 0
026625 LEAD S0: 1 append success next 1 match 0
026625 LEAD S0: 2 append success next 1 match 0
027126 LEAD S0: prevLog &raft.Entry{Command:interface {}(nil), Term:0, Index:0}
027126 LEAD S0: prevLog &raft.Entry{Command:interface {}(nil), Term:0, Index:0}
027127 INFO S1: (term 1) follower 收到 [0] AppendEntries [], prevIndex 0, prevTerm 0
027127 INFO S2: (term 1) follower 收到 [0] AppendEntries [], prevIndex 0, prevTerm 0
027127 LEAD S0: 1 append success next 1 match 0
027128 LEAD S0: 2 append success next 1 match 0
027629 LEAD S0: prevLog &raft.Entry{Command:interface {}(nil), Term:0, Index:0}
027629 LEAD S0: prevLog &raft.Entry{Command:interface {}(nil), Term:0, Index:0}
027630 INFO S2: (term 1) follower 收到 [0] AppendEntries [], prevIndex 0, prevTerm 0
027630 INFO S1: (term 1) follower 收到 [0] AppendEntries [], prevIndex 0, prevTerm 0
027630 LEAD S0: 1 append success next 1 match 0
027630 LEAD S0: 2 append success next 1 match 0
028132 LEAD S0: prevLog &raft.Entry{Command:interface {}(nil), Term:0, Index:0}
028132 LEAD S0: prevLog &raft.Entry{Command:interface {}(nil), Term:0, Index:0}
028133 INFO S2: (term 1) follower 收到 [0] AppendEntries [], prevIndex 0, prevTerm 0
028133 INFO S1: (term 1) follower 收到 [0] AppendEntries [], prevIndex 0, prevTerm 0
028133 LEAD S0: 2 append success next 1 match 0
028133 LEAD S0: 1 append success next 1 match 0
028636 LEAD S0: prevLog &raft.Entry{Command:interface {}(nil), Term:0, Index:0}
028636 LEAD S0: prevLog &raft.Entry{Command:interface {}(nil), Term:0, Index:0}
028637 INFO S2: (term 1) follower 收到 [0] AppendEntries [], prevIndex 0, prevTerm 0
028637 INFO S1: (term 1) follower 收到 [0] AppendEntries [], prevIndex 0, prevTerm 0
028638 LEAD S0: 1 append success next 1 match 0
028638 LEAD S0: 2 append success next 1 match 0
029139 LEAD S0: prevLog &raft.Entry{Command:interface {}(nil), Term:0, Index:0}
029139 LEAD S0: prevLog &raft.Entry{Command:interface {}(nil), Term:0, Index:0}
029139 INFO S2: (term 1) follower 收到 [0] AppendEntries [], prevIndex 0, prevTerm 0
029140 INFO S1: (term 1) follower 收到 [0] AppendEntries [], prevIndex 0, prevTerm 0
029140 LEAD S0: 2 append success next 1 match 0
029140 LEAD S0: 1 append success next 1 match 0
029641 LEAD S0: prevLog &raft.Entry{Command:interface {}(nil), Term:0, Index:0}
029641 LEAD S0: prevLog &raft.Entry{Command:interface {}(nil), Term:0, Index:0}
029642 INFO S2: (term 1) follower 收到 [0] AppendEntries [], prevIndex 0, prevTerm 0
029642 INFO S1: (term 1) follower 收到 [0] AppendEntries [], prevIndex 0, prevTerm 0
029642 LEAD S0: 2 append success next 1 match 0
029642 LEAD S0: 1 append success next 1 match 0
030143 LEAD S0: prevLog &raft.Entry{Command:interface {}(nil), Term:0, Index:0}
030144 LEAD S0: prevLog &raft.Entry{Command:interface {}(nil), Term:0, Index:0}
030145 INFO S2: (term 1) follower 收到 [0] AppendEntries [], prevIndex 0, prevTerm 0
030145 INFO S1: (term 1) follower 收到 [0] AppendEntries [], prevIndex 0, prevTerm 0
030146 LEAD S0: 2 append success next 1 match 0
030146 LEAD S0: 1 append success next 1 match 0
030648 LEAD S0: prevLog &raft.Entry{Command:interface {}(nil), Term:0, Index:0}
030648 LEAD S0: prevLog &raft.Entry{Command:interface {}(nil), Term:0, Index:0}
030650 INFO S2: (term 1) follower 收到 [0] AppendEntries [], prevIndex 0, prevTerm 0
030650 INFO S1: (term 1) follower 收到 [0] AppendEntries [], prevIndex 0, prevTerm 0
030651 LEAD S0: 2 append success next 1 match 0
030651 LEAD S0: 1 append success next 1 match 0
031150 LEAD S0: prevLog &raft.Entry{Command:interface {}(nil), Term:0, Index:0}
031150 LEAD S0: prevLog &raft.Entry{Command:interface {}(nil), Term:0, Index:0}
031151 INFO S2: (term 1) follower 收到 [0] AppendEntries [], prevIndex 0, prevTerm 0
031151 INFO S1: (term 1) follower 收到 [0] AppendEntries [], prevIndex 0, prevTerm 0
031151 LEAD S0: 2 append success next 1 match 0
031151 LEAD S0: 1 append success next 1 match 0
031652 LEAD S0: prevLog &raft.Entry{Command:interface {}(nil), Term:0, Index:0}
031652 LEAD S0: prevLog &raft.Entry{Command:interface {}(nil), Term:0, Index:0}
031653 INFO S2: (term 1) follower 收到 [0] AppendEntries [], prevIndex 0, prevTerm 0
031653 LEAD S0: 2 append success next 1 match 0
031653 INFO S1: (term 1) follower 收到 [0] AppendEntries [], prevIndex 0, prevTerm 0
031654 LEAD S0: 1 append success next 1 match 0
032156 LEAD S0: prevLog &raft.Entry{Command:interface {}(nil), Term:0, Index:0}
032156 LEAD S0: prevLog &raft.Entry{Command:interface {}(nil), Term:0, Index:0}
032157 INFO S2: (term 1) follower 收到 [0] AppendEntries [], prevIndex 0, prevTerm 0
032157 INFO S1: (term 1) follower 收到 [0] AppendEntries [], prevIndex 0, prevTerm 0
032157 LEAD S0: 2 append success next 1 match 0
032157 LEAD S0: 1 append success next 1 match 0
032659 LEAD S0: prevLog &raft.Entry{Command:interface {}(nil), Term:0, Index:0}
032659 LEAD S0: prevLog &raft.Entry{Command:interface {}(nil), Term:0, Index:0}
032660 INFO S1: (term 1) follower 收到 [0] AppendEntries [], prevIndex 0, prevTerm 0
032660 INFO S2: (term 1) follower 收到 [0] AppendEntries [], prevIndex 0, prevTerm 0
032661 LEAD S0: 1 append success next 1 match 0
032661 LEAD S0: 2 append success next 1 match 0
033162 LEAD S0: prevLog &raft.Entry{Command:interface {}(nil), Term:0, Index:0}
033162 LEAD S0: prevLog &raft.Entry{Command:interface {}(nil), Term:0, Index:0}
033163 INFO S1: (term 1) follower 收到 [0] AppendEntries [], prevIndex 0, prevTerm 0
033163 INFO S2: (term 1) follower 收到 [0] AppendEntries [], prevIndex 0, prevTerm 0
033163 LEAD S0: 1 append success next 1 match 0
033163 LEAD S0: 2 append success next 1 match 0
033664 LEAD S0: prevLog &raft.Entry{Command:interface {}(nil), Term:0, Index:0}
033664 LEAD S0: prevLog &raft.Entry{Command:interface {}(nil), Term:0, Index:0}
033665 INFO S1: (term 1) follower 收到 [0] AppendEntries [], prevIndex 0, prevTerm 0
033665 INFO S2: (term 1) follower 收到 [0] AppendEntries [], prevIndex 0, prevTerm 0
033665 LEAD S0: 1 append success next 1 match 0
033665 LEAD S0: 2 append success next 1 match 0
034165 LEAD S0: prevLog &raft.Entry{Command:interface {}(nil), Term:0, Index:0}
034166 LEAD S0: prevLog &raft.Entry{Command:interface {}(nil), Term:0, Index:0}
034166 INFO S2: (term 1) follower 收到 [0] AppendEntries [], prevIndex 0, prevTerm 0
034167 LEAD S0: 2 append success next 1 match 0
034167 INFO S1: (term 1) follower 收到 [0] AppendEntries [], prevIndex 0, prevTerm 0
034167 LEAD S0: 1 append success next 1 match 0
034669 LEAD S0: prevLog &raft.Entry{Command:interface {}(nil), Term:0, Index:0}
034670 LEAD S0: prevLog &raft.Entry{Command:interface {}(nil), Term:0, Index:0}
034673 INFO S1: (term 1) follower 收到 [0] AppendEntries [], prevIndex 0, prevTerm 0
034674 INFO S2: (term 1) follower 收到 [0] AppendEntries [], prevIndex 0, prevTerm 0
034675 LEAD S0: 2 append success next 1 match 0
034675 LEAD S0: 1 append success next 1 match 0
035172 LEAD S0: prevLog &raft.Entry{Command:interface {}(nil), Term:0, Index:0}
035173 LEAD S0: prevLog &raft.Entry{Command:interface {}(nil), Term:0, Index:0}
035173 INFO S2: (term 1) follower 收到 [0] AppendEntries [], prevIndex 0, prevTerm 0
035173 INFO S1: (term 1) follower 收到 [0] AppendEntries [], prevIndex 0, prevTerm 0
035174 LEAD S0: 1 append success next 1 match 0
035174 LEAD S0: 2 append success next 1 match 0
035677 LEAD S0: prevLog &raft.Entry{Command:interface {}(nil), Term:0, Index:0}
035677 LEAD S0: prevLog &raft.Entry{Command:interface {}(nil), Term:0, Index:0}
035679 INFO S2: (term 1) follower 收到 [0] AppendEntries [], prevIndex 0, prevTerm 0
035679 INFO S1: (term 1) follower 收到 [0] AppendEntries [], prevIndex 0, prevTerm 0
035680 LEAD S0: 2 append success next 1 match 0
035680 LEAD S0: 1 append success next 1 match 0
036179 LEAD S0: prevLog &raft.Entry{Command:interface {}(nil), Term:0, Index:0}
036179 LEAD S0: prevLog &raft.Entry{Command:interface {}(nil), Term:0, Index:0}
036180 INFO S1: (term 1) follower 收到 [0] AppendEntries [], prevIndex 0, prevTerm 0
036180 INFO S2: (term 1) follower 收到 [0] AppendEntries [], prevIndex 0, prevTerm 0
036180 LEAD S0: 1 append success next 1 match 0
036181 LEAD S0: 2 append success next 1 match 0
036682 LEAD S0: prevLog &raft.Entry{Command:interface {}(nil), Term:0, Index:0}
036682 LEAD S0: prevLog &raft.Entry{Command:interface {}(nil), Term:0, Index:0}
036682 INFO S2: (term 1) follower 收到 [0] AppendEntries [], prevIndex 0, prevTerm 0
036683 INFO S1: (term 1) follower 收到 [0] AppendEntries [], prevIndex 0, prevTerm 0
036683 LEAD S0: 2 append success next 1 match 0
036683 LEAD S0: 1 append success next 1 match 0
037185 LEAD S0: prevLog &raft.Entry{Command:interface {}(nil), Term:0, Index:0}
037185 LEAD S0: prevLog &raft.Entry{Command:interface {}(nil), Term:0, Index:0}
037186 INFO S2: (term 1) follower 收到 [0] AppendEntries [], prevIndex 0, prevTerm 0
037186 INFO S1: (term 1) follower 收到 [0] AppendEntries [], prevIndex 0, prevTerm 0
037187 LEAD S0: 1 append success next 1 match 0
037187 LEAD S0: 2 append success next 1 match 0
037687 LEAD S0: prevLog &raft.Entry{Command:interface {}(nil), Term:0, Index:0}
037687 LEAD S0: prevLog &raft.Entry{Command:interface {}(nil), Term:0, Index:0}
037687 INFO S1: (term 1) follower 收到 [0] AppendEntries [], prevIndex 0, prevTerm 0
037687 INFO S2: (term 1) follower 收到 [0] AppendEntries [], prevIndex 0, prevTerm 0
037688 LEAD S0: 1 append success next 1 match 0
037688 LEAD S0: 2 append success next 1 match 0
038189 LEAD S0: prevLog &raft.Entry{Command:interface {}(nil), Term:0, Index:0}
038190 LEAD S0: prevLog &raft.Entry{Command:interface {}(nil), Term:0, Index:0}
038190 INFO S2: (term 1) follower 收到 [0] AppendEntries [], prevIndex 0, prevTerm 0
038191 INFO S1: (term 1) follower 收到 [0] AppendEntries [], prevIndex 0, prevTerm 0
038191 LEAD S0: 2 append success next 1 match 0
038191 LEAD S0: 1 append success next 1 match 0
038693 LEAD S0: prevLog &raft.Entry{Command:interface {}(nil), Term:0, Index:0}
038693 LEAD S0: prevLog &raft.Entry{Command:interface {}(nil), Term:0, Index:0}
038694 INFO S2: (term 1) follower 收到 [0] AppendEntries [], prevIndex 0, prevTerm 0
038694 INFO S1: (term 1) follower 收到 [0] AppendEntries [], prevIndex 0, prevTerm 0
038694 LEAD S0: 2 append success next 1 match 0
038694 LEAD S0: 1 append success next 1 match 0
039195 LEAD S0: prevLog &raft.Entry{Command:interface {}(nil), Term:0, Index:0}
039196 LEAD S0: prevLog &raft.Entry{Command:interface {}(nil), Term:0, Index:0}
039197 INFO S1: (term 1) follower 收到 [0] AppendEntries [], prevIndex 0, prevTerm 0
039197 INFO S2: (term 1) follower 收到 [0] AppendEntries [], prevIndex 0, prevTerm 0
039197 LEAD S0: 1 append success next 1 match 0
039197 LEAD S0: 2 append success next 1 match 0
039698 LEAD S0: prevLog &raft.Entry{Command:interface {}(nil), Term:0, Index:0}
039698 LEAD S0: prevLog &raft.Entry{Command:interface {}(nil), Term:0, Index:0}
039698 INFO S1: (term 1) follower 收到 [0] AppendEntries [], prevIndex 0, prevTerm 0
039699 INFO S2: (term 1) follower 收到 [0] AppendEntries [], prevIndex 0, prevTerm 0
039699 LEAD S0: 1 append success next 1 match 0
039699 LEAD S0: 2 append success next 1 match 0
040200 LEAD S0: prevLog &raft.Entry{Command:interface {}(nil), Term:0, Index:0}
040200 LEAD S0: prevLog &raft.Entry{Command:interface {}(nil), Term:0, Index:0}
040201 INFO S1: (term 1) follower 收到 [0] AppendEntries [], prevIndex 0, prevTerm 0
040201 INFO S2: (term 1) follower 收到 [0] AppendEntries [], prevIndex 0, prevTerm 0
040201 LEAD S0: 1 append success next 1 match 0
040201 LEAD S0: 2 append success next 1 match 0
040702 LEAD S0: prevLog &raft.Entry{Command:interface {}(nil), Term:0, Index:0}
040703 LEAD S0: prevLog &raft.Entry{Command:interface {}(nil), Term:0, Index:0}
040703 INFO S1: (term 1) follower 收到 [0] AppendEntries [], prevIndex 0, prevTerm 0
040703 INFO S2: (term 1) follower 收到 [0] AppendEntries [], prevIndex 0, prevTerm 0
040704 LEAD S0: 1 append success next 1 match 0
040704 LEAD S0: 2 append success next 1 match 0
041205 LEAD S0: prevLog &raft.Entry{Command:interface {}(nil), Term:0, Index:0}
041205 LEAD S0: prevLog &raft.Entry{Command:interface {}(nil), Term:0, Index:0}
041206 INFO S2: (term 1) follower 收到 [0] AppendEntries [], prevIndex 0, prevTerm 0
041206 INFO S1: (term 1) follower 收到 [0] AppendEntries [], prevIndex 0, prevTerm 0
041206 LEAD S0: 1 append success next 1 match 0
041206 LEAD S0: 2 append success next 1 match 0
041707 LEAD S0: prevLog &raft.Entry{Command:interface {}(nil), Term:0, Index:0}
041707 LEAD S0: prevLog &raft.Entry{Command:interface {}(nil), Term:0, Index:0}
041708 INFO S1: (term 1) follower 收到 [0] AppendEntries [], prevIndex 0, prevTerm 0
041708 INFO S2: (term 1) follower 收到 [0] AppendEntries [], prevIndex 0, prevTerm 0
041708 LEAD S0: 1 append success next 1 match 0
041708 LEAD S0: 2 append success next 1 match 0
042209 LEAD S0: prevLog &raft.Entry{Command:interface {}(nil), Term:0, Index:0}
042210 LEAD S0: prevLog &raft.Entry{Command:interface {}(nil), Term:0, Index:0}
042210 INFO S2: (term 1) follower 收到 [0] AppendEntries [], prevIndex 0, prevTerm 0
042210 INFO S1: (term 1) follower 收到 [0] AppendEntries [], prevIndex 0, prevTerm 0
042210 LEAD S0: 2 append success next 1 match 0
042211 LEAD S0: 1 append success next 1 match 0
042712 LEAD S0: prevLog &raft.Entry{Command:interface {}(nil), Term:0, Index:0}
042712 LEAD S0: prevLog &raft.Entry{Command:interface {}(nil), Term:0, Index:0}
042713 INFO S1: (term 1) follower 收到 [0] AppendEntries [], prevIndex 0, prevTerm 0
042713 INFO S2: (term 1) follower 收到 [0] AppendEntries [], prevIndex 0, prevTerm 0
042713 LEAD S0: 1 append success next 1 match 0
042714 LEAD S0: 2 append success next 1 match 0
043214 LEAD S0: prevLog &raft.Entry{Command:interface {}(nil), Term:0, Index:0}
043215 LEAD S0: prevLog &raft.Entry{Command:interface {}(nil), Term:0, Index:0}
043215 INFO S1: (term 1) follower 收到 [0] AppendEntries [], prevIndex 0, prevTerm 0
043215 INFO S2: (term 1) follower 收到 [0] AppendEntries [], prevIndex 0, prevTerm 0
043216 LEAD S0: 1 append success next 1 match 0
043216 LEAD S0: 2 append success next 1 match 0
043717 LEAD S0: prevLog &raft.Entry{Command:interface {}(nil), Term:0, Index:0}
043718 LEAD S0: prevLog &raft.Entry{Command:interface {}(nil), Term:0, Index:0}
043719 INFO S2: (term 1) follower 收到 [0] AppendEntries [], prevIndex 0, prevTerm 0
043719 INFO S1: (term 1) follower 收到 [0] AppendEntries [], prevIndex 0, prevTerm 0
043719 LEAD S0: 2 append success next 1 match 0
043719 LEAD S0: 1 append success next 1 match 0
044219 LEAD S0: prevLog &raft.Entry{Command:interface {}(nil), Term:0, Index:0}
044219 LEAD S0: prevLog &raft.Entry{Command:interface {}(nil), Term:0, Index:0}
044220 INFO S1: (term 1) follower 收到 [0] AppendEntries [], prevIndex 0, prevTerm 0
044220 INFO S2: (term 1) follower 收到 [0] AppendEntries [], prevIndex 0, prevTerm 0
044220 LEAD S0: 1 append success next 1 match 0
044221 LEAD S0: 2 append success next 1 match 0
044721 LEAD S0: prevLog &raft.Entry{Command:interface {}(nil), Term:0, Index:0}
044721 LEAD S0: prevLog &raft.Entry{Command:interface {}(nil), Term:0, Index:0}
044722 INFO S2: (term 1) follower 收到 [0] AppendEntries [], prevIndex 0, prevTerm 0
044722 LEAD S0: 2 append success next 1 match 0
044723 INFO S1: (term 1) follower 收到 [0] AppendEntries [], prevIndex 0, prevTerm 0
044723 LEAD S0: 1 append success next 1 match 0
045225 LEAD S0: prevLog &raft.Entry{Command:interface {}(nil), Term:0, Index:0}
045225 LEAD S0: prevLog &raft.Entry{Command:interface {}(nil), Term:0, Index:0}
045226 INFO S2: (term 1) follower 收到 [0] AppendEntries [], prevIndex 0, prevTerm 0
045226 INFO S1: (term 1) follower 收到 [0] AppendEntries [], prevIndex 0, prevTerm 0
045226 LEAD S0: 2 append success next 1 match 0
045226 LEAD S0: 1 append success next 1 match 0
045729 LEAD S0: prevLog &raft.Entry{Command:interface {}(nil), Term:0, Index:0}
045729 LEAD S0: prevLog &raft.Entry{Command:interface {}(nil), Term:0, Index:0}
045730 INFO S2: (term 1) follower 收到 [0] AppendEntries [], prevIndex 0, prevTerm 0
045730 INFO S1: (term 1) follower 收到 [0] AppendEntries [], prevIndex 0, prevTerm 0
045731 LEAD S0: 1 append success next 1 match 0
045731 LEAD S0: 2 append success next 1 match 0
046232 LEAD S0: prevLog &raft.Entry{Command:interface {}(nil), Term:0, Index:0}
046233 LEAD S0: prevLog &raft.Entry{Command:interface {}(nil), Term:0, Index:0}
046234 INFO S2: (term 1) follower 收到 [0] AppendEntries [], prevIndex 0, prevTerm 0
046235 INFO S1: (term 1) follower 收到 [0] AppendEntries [], prevIndex 0, prevTerm 0
046236 LEAD S0: 2 append success next 1 match 0
046236 LEAD S0: 1 append success next 1 match 0
046736 LEAD S0: prevLog &raft.Entry{Command:interface {}(nil), Term:0, Index:0}
046736 LEAD S0: prevLog &raft.Entry{Command:interface {}(nil), Term:0, Index:0}
046737 INFO S2: (term 1) follower 收到 [0] AppendEntries [], prevIndex 0, prevTerm 0
046737 LEAD S0: 2 append success next 1 match 0
046738 INFO S1: (term 1) follower 收到 [0] AppendEntries [], prevIndex 0, prevTerm 0
046738 LEAD S0: 1 append success next 1 match 0
047240 LEAD S0: prevLog &raft.Entry{Command:interface {}(nil), Term:0, Index:0}
047240 LEAD S0: prevLog &raft.Entry{Command:interface {}(nil), Term:0, Index:0}
047241 INFO S1: (term 1) follower 收到 [0] AppendEntries [], prevIndex 0, prevTerm 0
047241 INFO S2: (term 1) follower 收到 [0] AppendEntries [], prevIndex 0, prevTerm 0
047241 LEAD S0: 1 append success next 1 match 0
047241 LEAD S0: 2 append success next 1 match 0
047742 LEAD S0: prevLog &raft.Entry{Command:interface {}(nil), Term:0, Index:0}
047742 LEAD S0: prevLog &raft.Entry{Command:interface {}(nil), Term:0, Index:0}
047743 INFO S1: (term 1) follower 收到 [0] AppendEntries [], prevIndex 0, prevTerm 0
047743 INFO S2: (term 1) follower 收到 [0] AppendEntries [], prevIndex 0, prevTerm 0
047743 LEAD S0: 1 append success next 1 match 0
047743 LEAD S0: 2 append success next 1 match 0
048244 LEAD S0: prevLog &raft.Entry{Command:interface {}(nil), Term:0, Index:0}
048244 LEAD S0: prevLog &raft.Entry{Command:interface {}(nil), Term:0, Index:0}
048245 INFO S2: (term 1) follower 收到 [0] AppendEntries [], prevIndex 0, prevTerm 0
048245 INFO S1: (term 1) follower 收到 [0] AppendEntries [], prevIndex 0, prevTerm 0
048245 LEAD S0: 1 append success next 1 match 0
048245 LEAD S0: 2 append success next 1 match 0
048746 LEAD S0: prevLog &raft.Entry{Command:interface {}(nil), Term:0, Index:0}
048747 LEAD S0: prevLog &raft.Entry{Command:interface {}(nil), Term:0, Index:0}
048747 INFO S1: (term 1) follower 收到 [0] AppendEntries [], prevIndex 0, prevTerm 0
048747 INFO S2: (term 1) follower 收到 [0] AppendEntries [], prevIndex 0, prevTerm 0
048748 LEAD S0: 2 append success next 1 match 0
048748 LEAD S0: 1 append success next 1 match 0
049249 LEAD S0: prevLog &raft.Entry{Command:interface {}(nil), Term:0, Index:0}
049249 LEAD S0: prevLog &raft.Entry{Command:interface {}(nil), Term:0, Index:0}
049250 INFO S1: (term 1) follower 收到 [0] AppendEntries [], prevIndex 0, prevTerm 0
049250 INFO S2: (term 1) follower 收到 [0] AppendEntries [], prevIndex 0, prevTerm 0
049250 LEAD S0: 2 append success next 1 match 0
049250 LEAD S0: 1 append success next 1 match 0
049751 LEAD S0: prevLog &raft.Entry{Command:interface {}(nil), Term:0, Index:0}
049752 LEAD S0: prevLog &raft.Entry{Command:interface {}(nil), Term:0, Index:0}
049752 INFO S1: (term 1) follower 收到 [0] AppendEntries [], prevIndex 0, prevTerm 0
049752 INFO S2: (term 1) follower 收到 [0] AppendEntries [], prevIndex 0, prevTerm 0
049753 LEAD S0: 1 append success next 1 match 0
049753 LEAD S0: 2 append success next 1 match 0
050254 LEAD S0: prevLog &raft.Entry{Command:interface {}(nil), Term:0, Index:0}
050255 LEAD S0: prevLog &raft.Entry{Command:interface {}(nil), Term:0, Index:0}
050256 INFO S2: (term 1) follower 收到 [0] AppendEntries [], prevIndex 0, prevTerm 0
050257 LEAD S0: 2 append success next 1 match 0
050257 INFO S1: (term 1) follower 收到 [0] AppendEntries [], prevIndex 0, prevTerm 0
050258 LEAD S0: 1 append success next 1 match 0
050757 LEAD S0: prevLog &raft.Entry{Command:interface {}(nil), Term:0, Index:0}
050757 LEAD S0: prevLog &raft.Entry{Command:interface {}(nil), Term:0, Index:0}
050758 INFO S2: (term 1) follower 收到 [0] AppendEntries [], prevIndex 0, prevTerm 0
050758 INFO S1: (term 1) follower 收到 [0] AppendEntries [], prevIndex 0, prevTerm 0
050758 LEAD S0: 2 append success next 1 match 0
050758 LEAD S0: 1 append success next 1 match 0
051259 LEAD S0: prevLog &raft.Entry{Command:interface {}(nil), Term:0, Index:0}
051260 LEAD S0: prevLog &raft.Entry{Command:interface {}(nil), Term:0, Index:0}
051261 INFO S2: (term 1) follower 收到 [0] AppendEntries [], prevIndex 0, prevTerm 0
051261 INFO S1: (term 1) follower 收到 [0] AppendEntries [], prevIndex 0, prevTerm 0
051261 LEAD S0: 2 append success next 1 match 0
051262 LEAD S0: 1 append success next 1 match 0
051762 LEAD S0: prevLog &raft.Entry{Command:interface {}(nil), Term:0, Index:0}
051762 LEAD S0: prevLog &raft.Entry{Command:interface {}(nil), Term:0, Index:0}
051763 INFO S2: (term 1) follower 收到 [0] AppendEntries [], prevIndex 0, prevTerm 0
051763 LEAD S0: 2 append success next 1 match 0
051764 INFO S1: (term 1) follower 收到 [0] AppendEntries [], prevIndex 0, prevTerm 0
051765 LEAD S0: 1 append success next 1 match 0
052264 LEAD S0: prevLog &raft.Entry{Command:interface {}(nil), Term:0, Index:0}
052264 LEAD S0: prevLog &raft.Entry{Command:interface {}(nil), Term:0, Index:0}
052265 INFO S1: (term 1) follower 收到 [0] AppendEntries [], prevIndex 0, prevTerm 0
052265 INFO S2: (term 1) follower 收到 [0] AppendEntries [], prevIndex 0, prevTerm 0
052265 LEAD S0: 1 append success next 1 match 0
052265 LEAD S0: 2 append success next 1 match 0
052766 LEAD S0: prevLog &raft.Entry{Command:interface {}(nil), Term:0, Index:0}
052766 LEAD S0: prevLog &raft.Entry{Command:interface {}(nil), Term:0, Index:0}
052767 INFO S2: (term 1) follower 收到 [0] AppendEntries [], prevIndex 0, prevTerm 0
052767 INFO S1: (term 1) follower 收到 [0] AppendEntries [], prevIndex 0, prevTerm 0
052767 LEAD S0: 1 append success next 1 match 0
052767 LEAD S0: 2 append success next 1 match 0
053268 LEAD S0: prevLog &raft.Entry{Command:interface {}(nil), Term:0, Index:0}
053269 LEAD S0: prevLog &raft.Entry{Command:interface {}(nil), Term:0, Index:0}
053269 INFO S2: (term 1) follower 收到 [0] AppendEntries [], prevIndex 0, prevTerm 0
053270 LEAD S0: 2 append success next 1 match 0
053270 INFO S1: (term 1) follower 收到 [0] AppendEntries [], prevIndex 0, prevTerm 0
053271 LEAD S0: 1 append success next 1 match 0
053773 LEAD S0: prevLog &raft.Entry{Command:interface {}(nil), Term:0, Index:0}
053774 LEAD S0: prevLog &raft.Entry{Command:interface {}(nil), Term:0, Index:0}
053775 INFO S2: (term 1) follower 收到 [0] AppendEntries [], prevIndex 0, prevTerm 0
053776 INFO S1: (term 1) follower 收到 [0] AppendEntries [], prevIndex 0, prevTerm 0
053777 LEAD S0: 2 append success next 1 match 0
053777 LEAD S0: 1 append success next 1 match 0
054277 LEAD S0: prevLog &raft.Entry{Command:interface {}(nil), Term:0, Index:0}
054277 LEAD S0: prevLog &raft.Entry{Command:interface {}(nil), Term:0, Index:0}
054278 INFO S2: (term 1) follower 收到 [0] AppendEntries [], prevIndex 0, prevTerm 0
054279 LEAD S0: 2 append success next 1 match 0
054280 INFO S1: (term 1) follower 收到 [0] AppendEntries [], prevIndex 0, prevTerm 0
054281 LEAD S0: 1 append success next 1 match 0
054780 LEAD S0: prevLog &raft.Entry{Command:interface {}(nil), Term:0, Index:0}
054780 LEAD S0: prevLog &raft.Entry{Command:interface {}(nil), Term:0, Index:0}
054781 INFO S1: (term 1) follower 收到 [0] AppendEntries [], prevIndex 0, prevTerm 0
054781 INFO S2: (term 1) follower 收到 [0] AppendEntries [], prevIndex 0, prevTerm 0
054781 LEAD S0: 1 append success next 1 match 0
054781 LEAD S0: 2 append success next 1 match 0
055282 LEAD S0: prevLog &raft.Entry{Command:interface {}(nil), Term:0, Index:0}
055282 LEAD S0: prevLog &raft.Entry{Command:interface {}(nil), Term:0, Index:0}
055283 INFO S2: (term 1) follower 收到 [0] AppendEntries [], prevIndex 0, prevTerm 0
055283 INFO S1: (term 1) follower 收到 [0] AppendEntries [], prevIndex 0, prevTerm 0
055283 LEAD S0: 2 append success next 1 match 0
055283 LEAD S0: 1 append success next 1 match 0
055784 LEAD S0: prevLog &raft.Entry{Command:interface {}(nil), Term:0, Index:0}
055785 LEAD S0: prevLog &raft.Entry{Command:interface {}(nil), Term:0, Index:0}
055785 INFO S1: (term 1) follower 收到 [0] AppendEntries [], prevIndex 0, prevTerm 0
055785 INFO S2: (term 1) follower 收到 [0] AppendEntries [], prevIndex 0, prevTerm 0
055786 LEAD S0: 1 append success next 1 match 0
055786 LEAD S0: 2 append success next 1 match 0
056287 LEAD S0: prevLog &raft.Entry{Command:interface {}(nil), Term:0, Index:0}
056287 LEAD S0: prevLog &raft.Entry{Command:interface {}(nil), Term:0, Index:0}
056288 INFO S1: (term 1) follower 收到 [0] AppendEntries [], prevIndex 0, prevTerm 0
056288 INFO S2: (term 1) follower 收到 [0] AppendEntries [], prevIndex 0, prevTerm 0
056288 LEAD S0: 1 append success next 1 match 0
056288 LEAD S0: 2 append success next 1 match 0
056789 LEAD S0: prevLog &raft.Entry{Command:interface {}(nil), Term:0, Index:0}
056790 LEAD S0: prevLog &raft.Entry{Command:interface {}(nil), Term:0, Index:0}
056790 INFO S1: (term 1) follower 收到 [0] AppendEntries [], prevIndex 0, prevTerm 0
056790 INFO S2: (term 1) follower 收到 [0] AppendEntries [], prevIndex 0, prevTerm 0
056791 LEAD S0: 1 append success next 1 match 0
056791 LEAD S0: 2 append success next 1 match 0
057291 LEAD S0: prevLog &raft.Entry{Command:interface {}(nil), Term:0, Index:0}
057292 LEAD S0: prevLog &raft.Entry{Command:interface {}(nil), Term:0, Index:0}
057292 INFO S1: (term 1) follower 收到 [0] AppendEntries [], prevIndex 0, prevTerm 0
057292 INFO S2: (term 1) follower 收到 [0] AppendEntries [], prevIndex 0, prevTerm 0
057293 LEAD S0: 2 append success next 1 match 0
057293 LEAD S0: 1 append success next 1 match 0
057794 LEAD S0: prevLog &raft.Entry{Command:interface {}(nil), Term:0, Index:0}
057794 LEAD S0: prevLog &raft.Entry{Command:interface {}(nil), Term:0, Index:0}
057794 INFO S1: (term 1) follower 收到 [0] AppendEntries [], prevIndex 0, prevTerm 0
057795 INFO S2: (term 1) follower 收到 [0] AppendEntries [], prevIndex 0, prevTerm 0
057795 LEAD S0: 1 append success next 1 match 0
057795 LEAD S0: 2 append success next 1 match 0
058296 LEAD S0: prevLog &raft.Entry{Command:interface {}(nil), Term:0, Index:0}
058296 LEAD S0: prevLog &raft.Entry{Command:interface {}(nil), Term:0, Index:0}
058297 INFO S2: (term 1) follower 收到 [0] AppendEntries [], prevIndex 0, prevTerm 0
058297 LEAD S0: 2 append success next 1 match 0
058297 INFO S1: (term 1) follower 收到 [0] AppendEntries [], prevIndex 0, prevTerm 0
058298 LEAD S0: 1 append success next 1 match 0
058798 LEAD S0: prevLog &raft.Entry{Command:interface {}(nil), Term:0, Index:0}
058798 LEAD S0: prevLog &raft.Entry{Command:interface {}(nil), Term:0, Index:0}
058799 INFO S2: (term 1) follower 收到 [0] AppendEntries [], prevIndex 0, prevTerm 0
058799 INFO S1: (term 1) follower 收到 [0] AppendEntries [], prevIndex 0, prevTerm 0
058799 LEAD S0: 2 append success next 1 match 0
058799 LEAD S0: 1 append success next 1 match 0
059305 LEAD S0: prevLog &raft.Entry{Command:interface {}(nil), Term:0, Index:0}
059305 LEAD S0: prevLog &raft.Entry{Command:interface {}(nil), Term:0, Index:0}
059307 INFO S2: (term 1) follower 收到 [0] AppendEntries [], prevIndex 0, prevTerm 0
059308 LEAD S0: 2 append success next 1 match 0
059309 INFO S1: (term 1) follower 收到 [0] AppendEntries [], prevIndex 0, prevTerm 0
059312 LEAD S0: 1 append success next 1 match 0
059808 LEAD S0: prevLog &raft.Entry{Command:interface {}(nil), Term:0, Index:0}
059809 LEAD S0: prevLog &raft.Entry{Command:interface {}(nil), Term:0, Index:0}
059809 INFO S1: (term 1) follower 收到 [0] AppendEntries [], prevIndex 0, prevTerm 0
059810 INFO S2: (term 1) follower 收到 [0] AppendEntries [], prevIndex 0, prevTerm 0
059810 LEAD S0: 1 append success next 1 match 0
059810 LEAD S0: 2 append success next 1 match 0
060311 LEAD S0: prevLog &raft.Entry{Command:interface {}(nil), Term:0, Index:0}
060311 LEAD S0: prevLog &raft.Entry{Command:interface {}(nil), Term:0, Index:0}
060312 INFO S2: (term 1) follower 收到 [0] AppendEntries [], prevIndex 0, prevTerm 0
060312 INFO S1: (term 1) follower 收到 [0] AppendEntries [], prevIndex 0, prevTerm 0
060312 LEAD S0: 2 append success next 1 match 0
060312 LEAD S0: 1 append success next 1 match 0
060813 LEAD S0: prevLog &raft.Entry{Command:interface {}(nil), Term:0, Index:0}
060813 LEAD S0: prevLog &raft.Entry{Command:interface {}(nil), Term:0, Index:0}
060814 INFO S2: (term 1) follower 收到 [0] AppendEntries [], prevIndex 0, prevTerm 0
060814 INFO S1: (term 1) follower 收到 [0] AppendEntries [], prevIndex 0, prevTerm 0
060815 LEAD S0: 1 append success next 1 match 0
060815 LEAD S0: 2 append success next 1 match 0
061315 LEAD S0: prevLog &raft.Entry{Command:interface {}(nil), Term:0, Index:0}
061316 LEAD S0: prevLog &raft.Entry{Command:interface {}(nil), Term:0, Index:0}
061316 INFO S2: (term 1) follower 收到 [0] AppendEntries [], prevIndex 0, prevTerm 0
061316 INFO S1: (term 1) follower 收到 [0] AppendEntries [], prevIndex 0, prevTerm 0
061317 LEAD S0: 2 append success next 1 match 0
061317 LEAD S0: 1 append success next 1 match 0
061818 LEAD S0: prevLog &raft.Entry{Command:interface {}(nil), Term:0, Index:0}
061818 LEAD S0: prevLog &raft.Entry{Command:interface {}(nil), Term:0, Index:0}
061819 INFO S2: (term 1) follower 收到 [0] AppendEntries [], prevIndex 0, prevTerm 0
061819 INFO S1: (term 1) follower 收到 [0] AppendEntries [], prevIndex 0, prevTerm 0
061819 LEAD S0: 2 append success next 1 match 0
061819 LEAD S0: 1 append success next 1 match 0
062320 LEAD S0: prevLog &raft.Entry{Command:interface {}(nil), Term:0, Index:0}
062320 LEAD S0: prevLog &raft.Entry{Command:interface {}(nil), Term:0, Index:0}
062321 INFO S1: (term 1) follower 收到 [0] AppendEntries [], prevIndex 0, prevTerm 0
062321 INFO S2: (term 1) follower 收到 [0] AppendEntries [], prevIndex 0, prevTerm 0
062321 LEAD S0: 2 append success next 1 match 0
062321 LEAD S0: 1 append success next 1 match 0
062823 LEAD S0: prevLog &raft.Entry{Command:interface {}(nil), Term:0, Index:0}
062823 LEAD S0: prevLog &raft.Entry{Command:interface {}(nil), Term:0, Index:0}
062824 INFO S2: (term 1) follower 收到 [0] AppendEntries [], prevIndex 0, prevTerm 0
062824 INFO S1: (term 1) follower 收到 [0] AppendEntries [], prevIndex 0, prevTerm 0
062824 LEAD S0: 2 append success next 1 match 0
062825 LEAD S0: 1 append success next 1 match 0
063327 LEAD S0: prevLog &raft.Entry{Command:interface {}(nil), Term:0, Index:0}
063327 LEAD S0: prevLog &raft.Entry{Command:interface {}(nil), Term:0, Index:0}
063329 INFO S2: (term 1) follower 收到 [0] AppendEntries [], prevIndex 0, prevTerm 0
063330 LEAD S0: 2 append success next 1 match 0
063330 INFO S1: (term 1) follower 收到 [0] AppendEntries [], prevIndex 0, prevTerm 0
063332 LEAD S0: 1 append success next 1 match 0
063831 LEAD S0: prevLog &raft.Entry{Command:interface {}(nil), Term:0, Index:0}
063831 LEAD S0: prevLog &raft.Entry{Command:interface {}(nil), Term:0, Index:0}
063832 INFO S2: (term 1) follower 收到 [0] AppendEntries [], prevIndex 0, prevTerm 0
063832 LEAD S0: 2 append success next 1 match 0
063833 INFO S1: (term 1) follower 收到 [0] AppendEntries [], prevIndex 0, prevTerm 0
063833 LEAD S0: 1 append success next 1 match 0
064335 LEAD S0: prevLog &raft.Entry{Command:interface {}(nil), Term:0, Index:0}
064336 LEAD S0: prevLog &raft.Entry{Command:interface {}(nil), Term:0, Index:0}
064338 INFO S2: (term 1) follower 收到 [0] AppendEntries [], prevIndex 0, prevTerm 0
064339 INFO S1: (term 1) follower 收到 [0] AppendEntries [], prevIndex 0, prevTerm 0
064340 LEAD S0: 2 append success next 1 match 0
064340 LEAD S0: 1 append success next 1 match 0
064838 LEAD S0: prevLog &raft.Entry{Command:interface {}(nil), Term:0, Index:0}
064838 LEAD S0: prevLog &raft.Entry{Command:interface {}(nil), Term:0, Index:0}
064839 INFO S1: (term 1) follower 收到 [0] AppendEntries [], prevIndex 0, prevTerm 0
064839 INFO S2: (term 1) follower 收到 [0] AppendEntries [], prevIndex 0, prevTerm 0
064840 LEAD S0: 1 append success next 1 match 0
064840 LEAD S0: 2 append success next 1 match 0
065340 LEAD S0: prevLog &raft.Entry{Command:interface {}(nil), Term:0, Index:0}
065340 LEAD S0: prevLog &raft.Entry{Command:interface {}(nil), Term:0, Index:0}
065341 INFO S2: (term 1) follower 收到 [0] AppendEntries [], prevIndex 0, prevTerm 0
065341 INFO S1: (term 1) follower 收到 [0] AppendEntries [], prevIndex 0, prevTerm 0
065341 LEAD S0: 2 append success next 1 match 0
065341 LEAD S0: 1 append success next 1 match 0
065842 LEAD S0: prevLog &raft.Entry{Command:interface {}(nil), Term:0, Index:0}
065843 LEAD S0: prevLog &raft.Entry{Command:interface {}(nil), Term:0, Index:0}
065844 INFO S2: (term 1) follower 收到 [0] AppendEntries [], prevIndex 0, prevTerm 0
065844 LEAD S0: 2 append success next 1 match 0
065845 INFO S1: (term 1) follower 收到 [0] AppendEntries [], prevIndex 0, prevTerm 0
065845 LEAD S0: 1 append success next 1 match 0
066347 LEAD S0: prevLog &raft.Entry{Command:interface {}(nil), Term:0, Index:0}
066347 LEAD S0: prevLog &raft.Entry{Command:interface {}(nil), Term:0, Index:0}
066348 INFO S1: (term 1) follower 收到 [0] AppendEntries [], prevIndex 0, prevTerm 0
066348 INFO S2: (term 1) follower 收到 [0] AppendEntries [], prevIndex 0, prevTerm 0
066348 LEAD S0: 1 append success next 1 match 0
066348 LEAD S0: 2 append success next 1 match 0
066849 LEAD S0: prevLog &raft.Entry{Command:interface {}(nil), Term:0, Index:0}
066850 LEAD S0: prevLog &raft.Entry{Command:interface {}(nil), Term:0, Index:0}
066850 INFO S2: (term 1) follower 收到 [0] AppendEntries [], prevIndex 0, prevTerm 0
066850 INFO S1: (term 1) follower 收到 [0] AppendEntries [], prevIndex 0, prevTerm 0
066851 LEAD S0: 1 append success next 1 match 0
066851 LEAD S0: 2 append success next 1 match 0
067351 LEAD S0: prevLog &raft.Entry{Command:interface {}(nil), Term:0, Index:0}
067352 LEAD S0: prevLog &raft.Entry{Command:interface {}(nil), Term:0, Index:0}
067352 INFO S2: (term 1) follower 收到 [0] AppendEntries [], prevIndex 0, prevTerm 0
067352 INFO S1: (term 1) follower 收到 [0] AppendEntries [], prevIndex 0, prevTerm 0
067353 LEAD S0: 2 append success next 1 match 0
067353 LEAD S0: 1 append success next 1 match 0
067854 LEAD S0: prevLog &raft.Entry{Command:interface {}(nil), Term:0, Index:0}
067854 LEAD S0: prevLog &raft.Entry{Command:interface {}(nil), Term:0, Index:0}
067855 INFO S1: (term 1) follower 收到 [0] AppendEntries [], prevIndex 0, prevTerm 0
067855 INFO S2: (term 1) follower 收到 [0] AppendEntries [], prevIndex 0, prevTerm 0
067855 LEAD S0: 1 append success next 1 match 0
067856 LEAD S0: 2 append success next 1 match 0
068357 LEAD S0: prevLog &raft.Entry{Command:interface {}(nil), Term:0, Index:0}
068358 LEAD S0: prevLog &raft.Entry{Command:interface {}(nil), Term:0, Index:0}
068359 INFO S2: (term 1) follower 收到 [0] AppendEntries [], prevIndex 0, prevTerm 0
068359 LEAD S0: 2 append success next 1 match 0
068359 INFO S1: (term 1) follower 收到 [0] AppendEntries [], prevIndex 0, prevTerm 0
068360 LEAD S0: 1 append success next 1 match 0
068861 LEAD S0: prevLog &raft.Entry{Command:interface {}(nil), Term:0, Index:0}
068861 LEAD S0: prevLog &raft.Entry{Command:interface {}(nil), Term:0, Index:0}
068862 INFO S1: (term 1) follower 收到 [0] AppendEntries [], prevIndex 0, prevTerm 0
068862 INFO S2: (term 1) follower 收到 [0] AppendEntries [], prevIndex 0, prevTerm 0
068862 LEAD S0: 2 append success next 1 match 0
068862 LEAD S0: 1 append success next 1 match 0
069363 LEAD S0: prevLog &raft.Entry{Command:interface {}(nil), Term:0, Index:0}
069363 LEAD S0: prevLog &raft.Entry{Command:interface {}(nil), Term:0, Index:0}
069364 INFO S1: (term 1) follower 收到 [0] AppendEntries [], prevIndex 0, prevTerm 0
069364 INFO S2: (term 1) follower 收到 [0] AppendEntries [], prevIndex 0, prevTerm 0
069364 LEAD S0: 1 append success next 1 match 0
069364 LEAD S0: 2 append success next 1 match 0
069865 LEAD S0: prevLog &raft.Entry{Command:interface {}(nil), Term:0, Index:0}
069866 LEAD S0: prevLog &raft.Entry{Command:interface {}(nil), Term:0, Index:0}
069866 INFO S1: (term 1) follower 收到 [0] AppendEntries [], prevIndex 0, prevTerm 0
069866 INFO S2: (term 1) follower 收到 [0] AppendEntries [], prevIndex 0, prevTerm 0
069867 LEAD S0: 2 append success next 1 match 0
069867 LEAD S0: 1 append success next 1 match 0
070368 LEAD S0: prevLog &raft.Entry{Command:interface {}(nil), Term:0, Index:0}
070368 LEAD S0: prevLog &raft.Entry{Command:interface {}(nil), Term:0, Index:0}
070369 INFO S2: (term 1) follower 收到 [0] AppendEntries [], prevIndex 0, prevTerm 0
070369 INFO S1: (term 1) follower 收到 [0] AppendEntries [], prevIndex 0, prevTerm 0
070369 LEAD S0: 1 append success next 1 match 0
070369 LEAD S0: 2 append success next 1 match 0
070870 LEAD S0: prevLog &raft.Entry{Command:interface {}(nil), Term:0, Index:0}
070871 LEAD S0: prevLog &raft.Entry{Command:interface {}(nil), Term:0, Index:0}
070872 INFO S1: (term 1) follower 收到 [0] AppendEntries [], prevIndex 0, prevTerm 0
070872 INFO S2: (term 1) follower 收到 [0] AppendEntries [], prevIndex 0, prevTerm 0
070872 LEAD S0: 1 append success next 1 match 0
070872 LEAD S0: 2 append success next 1 match 0
071373 LEAD S0: prevLog &raft.Entry{Command:interface {}(nil), Term:0, Index:0}
071373 LEAD S0: prevLog &raft.Entry{Command:interface {}(nil), Term:0, Index:0}
071374 INFO S1: (term 1) follower 收到 [0] AppendEntries [], prevIndex 0, prevTerm 0
071374 INFO S2: (term 1) follower 收到 [0] AppendEntries [], prevIndex 0, prevTerm 0
071374 LEAD S0: 1 append success next 1 match 0
071375 LEAD S0: 2 append success next 1 match 0
071875 LEAD S0: prevLog &raft.Entry{Command:interface {}(nil), Term:0, Index:0}
071875 LEAD S0: prevLog &raft.Entry{Command:interface {}(nil), Term:0, Index:0}
071876 INFO S1: (term 1) follower 收到 [0] AppendEntries [], prevIndex 0, prevTerm 0
071876 INFO S2: (term 1) follower 收到 [0] AppendEntries [], prevIndex 0, prevTerm 0
071876 LEAD S0: 1 append success next 1 match 0
071877 LEAD S0: 2 append success next 1 match 0
072377 LEAD S0: prevLog &raft.Entry{Command:interface {}(nil), Term:0, Index:0}
072378 LEAD S0: prevLog &raft.Entry{Command:interface {}(nil), Term:0, Index:0}
072380 INFO S1: (term 1) follower 收到 [0] AppendEntries [], prevIndex 0, prevTerm 0
072380 INFO S2: (term 1) follower 收到 [0] AppendEntries [], prevIndex 0, prevTerm 0
072381 LEAD S0: 2 append success next 1 match 0
072381 LEAD S0: 1 append success next 1 match 0
072879 LEAD S0: prevLog &raft.Entry{Command:interface {}(nil), Term:0, Index:0}
072880 LEAD S0: prevLog &raft.Entry{Command:interface {}(nil), Term:0, Index:0}
072880 INFO S2: (term 1) follower 收到 [0] AppendEntries [], prevIndex 0, prevTerm 0
072880 INFO S1: (term 1) follower 收到 [0] AppendEntries [], prevIndex 0, prevTerm 0
072881 LEAD S0: 2 append success next 1 match 0
072881 LEAD S0: 1 append success next 1 match 0
073382 LEAD S0: prevLog &raft.Entry{Command:interface {}(nil), Term:0, Index:0}
073382 LEAD S0: prevLog &raft.Entry{Command:interface {}(nil), Term:0, Index:0}
073383 INFO S2: (term 1) follower 收到 [0] AppendEntries [], prevIndex 0, prevTerm 0
073383 INFO S1: (term 1) follower 收到 [0] AppendEntries [], prevIndex 0, prevTerm 0
073383 LEAD S0: 2 append success next 1 match 0
073383 LEAD S0: 1 append success next 1 match 0
073885 LEAD S0: prevLog &raft.Entry{Command:interface {}(nil), Term:0, Index:0}
073885 LEAD S0: prevLog &raft.Entry{Command:interface {}(nil), Term:0, Index:0}
073886 INFO S2: (term 1) follower 收到 [0] AppendEntries [], prevIndex 0, prevTerm 0
073886 INFO S1: (term 1) follower 收到 [0] AppendEntries [], prevIndex 0, prevTerm 0
073886 LEAD S0: 2 append success next 1 match 0
073887 LEAD S0: 1 append success next 1 match 0
074388 LEAD S0: prevLog &raft.Entry{Command:interface {}(nil), Term:0, Index:0}
074388 LEAD S0: prevLog &raft.Entry{Command:interface {}(nil), Term:0, Index:0}
074388 INFO S2: (term 1) follower 收到 [0] AppendEntries [], prevIndex 0, prevTerm 0
074388 INFO S1: (term 1) follower 收到 [0] AppendEntries [], prevIndex 0, prevTerm 0
074389 LEAD S0: 2 append success next 1 match 0
074389 LEAD S0: 1 append success next 1 match 0
074890 LEAD S0: prevLog &raft.Entry{Command:interface {}(nil), Term:0, Index:0}
074891 LEAD S0: prevLog &raft.Entry{Command:interface {}(nil), Term:0, Index:0}
074891 INFO S1: (term 1) follower 收到 [0] AppendEntries [], prevIndex 0, prevTerm 0
074891 INFO S2: (term 1) follower 收到 [0] AppendEntries [], prevIndex 0, prevTerm 0
074891 LEAD S0: 1 append success next 1 match 0
074892 LEAD S0: 2 append success next 1 match 0
075394 LEAD S0: prevLog &raft.Entry{Command:interface {}(nil), Term:0, Index:0}
075394 LEAD S0: prevLog &raft.Entry{Command:interface {}(nil), Term:0, Index:0}
075394 INFO S2: (term 1) follower 收到 [0] AppendEntries [], prevIndex 0, prevTerm 0
075395 INFO S1: (term 1) follower 收到 [0] AppendEntries [], prevIndex 0, prevTerm 0
075395 LEAD S0: 2 append success next 1 match 0
075395 LEAD S0: 1 append success next 1 match 0
075897 LEAD S0: prevLog &raft.Entry{Command:interface {}(nil), Term:0, Index:0}
075897 LEAD S0: prevLog &raft.Entry{Command:interface {}(nil), Term:0, Index:0}
075898 INFO S2: (term 1) follower 收到 [0] AppendEntries [], prevIndex 0, prevTerm 0
075898 INFO S1: (term 1) follower 收到 [0] AppendEntries [], prevIndex 0, prevTerm 0
075898 LEAD S0: 2 append success next 1 match 0
075898 LEAD S0: 1 append success next 1 match 0
076399 LEAD S0: prevLog &raft.Entry{Command:interface {}(nil), Term:0, Index:0}
076399 LEAD S0: prevLog &raft.Entry{Command:interface {}(nil), Term:0, Index:0}
076400 INFO S2: (term 1) follower 收到 [0] AppendEntries [], prevIndex 0, prevTerm 0
076400 INFO S1: (term 1) follower 收到 [0] AppendEntries [], prevIndex 0, prevTerm 0
076400 LEAD S0: 2 append success next 1 match 0
076400 LEAD S0: 1 append success next 1 match 0
076902 LEAD S0: prevLog &raft.Entry{Command:interface {}(nil), Term:0, Index:0}
076902 LEAD S0: prevLog &raft.Entry{Command:interface {}(nil), Term:0, Index:0}
076903 INFO S1: (term 1) follower 收到 [0] AppendEntries [], prevIndex 0, prevTerm 0
076903 INFO S2: (term 1) follower 收到 [0] AppendEntries [], prevIndex 0, prevTerm 0
076903 LEAD S0: 1 append success next 1 match 0
076903 LEAD S0: 2 append success next 1 match 0
077404 LEAD S0: prevLog &raft.Entry{Command:interface {}(nil), Term:0, Index:0}
077404 LEAD S0: prevLog &raft.Entry{Command:interface {}(nil), Term:0, Index:0}
077405 INFO S1: (term 1) follower 收到 [0] AppendEntries [], prevIndex 0, prevTerm 0
077405 INFO S2: (term 1) follower 收到 [0] AppendEntries [], prevIndex 0, prevTerm 0
077405 LEAD S0: 1 append success next 1 match 0
077405 LEAD S0: 2 append success next 1 match 0
077907 LEAD S0: prevLog &raft.Entry{Command:interface {}(nil), Term:0, Index:0}
077907 LEAD S0: prevLog &raft.Entry{Command:interface {}(nil), Term:0, Index:0}
077908 INFO S2: (term 1) follower 收到 [0] AppendEntries [], prevIndex 0, prevTerm 0
077908 INFO S1: (term 1) follower 收到 [0] AppendEntries [], prevIndex 0, prevTerm 0
077909 LEAD S0: 2 append success next 1 match 0
077909 LEAD S0: 1 append success next 1 match 0
078411 LEAD S0: prevLog &raft.Entry{Command:interface {}(nil), Term:0, Index:0}
078412 LEAD S0: prevLog &raft.Entry{Command:interface {}(nil), Term:0, Index:0}
078412 INFO S2: (term 1) follower 收到 [0] AppendEntries [], prevIndex 0, prevTerm 0
078413 INFO S1: (term 1) follower 收到 [0] AppendEntries [], prevIndex 0, prevTerm 0
078413 LEAD S0: 2 append success next 1 match 0
078413 LEAD S0: 1 append success next 1 match 0
078915 LEAD S0: prevLog &raft.Entry{Command:interface {}(nil), Term:0, Index:0}
078915 LEAD S0: prevLog &raft.Entry{Command:interface {}(nil), Term:0, Index:0}
078915 INFO S2: (term 1) follower 收到 [0] AppendEntries [], prevIndex 0, prevTerm 0
078916 INFO S1: (term 1) follower 收到 [0] AppendEntries [], prevIndex 0, prevTerm 0
078916 LEAD S0: 2 append success next 1 match 0
078916 LEAD S0: 1 append success next 1 match 0
079417 LEAD S0: prevLog &raft.Entry{Command:interface {}(nil), Term:0, Index:0}
079417 LEAD S0: prevLog &raft.Entry{Command:interface {}(nil), Term:0, Index:0}
079418 INFO S1: (term 1) follower 收到 [0] AppendEntries [], prevIndex 0, prevTerm 0
079418 INFO S2: (term 1) follower 收到 [0] AppendEntries [], prevIndex 0, prevTerm 0
079418 LEAD S0: 1 append success next 1 match 0
079418 LEAD S0: 2 append success next 1 match 0
079920 LEAD S0: prevLog &raft.Entry{Command:interface {}(nil), Term:0, Index:0}
079920 LEAD S0: prevLog &raft.Entry{Command:interface {}(nil), Term:0, Index:0}
079920 INFO S2: (term 1) follower 收到 [0] AppendEntries [], prevIndex 0, prevTerm 0
079920 INFO S1: (term 1) follower 收到 [0] AppendEntries [], prevIndex 0, prevTerm 0
079921 LEAD S0: 2 append success next 1 match 0
079921 LEAD S0: 1 append success next 1 match 0
080422 LEAD S0: prevLog &raft.Entry{Command:interface {}(nil), Term:0, Index:0}
080422 LEAD S0: prevLog &raft.Entry{Command:interface {}(nil), Term:0, Index:0}
080423 INFO S2: (term 1) follower 收到 [0] AppendEntries [], prevIndex 0, prevTerm 0
080423 INFO S1: (term 1) follower 收到 [0] AppendEntries [], prevIndex 0, prevTerm 0
080423 LEAD S0: 2 append success next 1 match 0
080423 LEAD S0: 1 append success next 1 match 0
080924 LEAD S0: prevLog &raft.Entry{Command:interface {}(nil), Term:0, Index:0}
080924 LEAD S0: prevLog &raft.Entry{Command:interface {}(nil), Term:0, Index:0}
080925 INFO S1: (term 1) follower 收到 [0] AppendEntries [], prevIndex 0, prevTerm 0
080925 INFO S2: (term 1) follower 收到 [0] AppendEntries [], prevIndex 0, prevTerm 0
080925 LEAD S0: 1 append success next 1 match 0
080925 LEAD S0: 2 append success next 1 match 0
081427 LEAD S0: prevLog &raft.Entry{Command:interface {}(nil), Term:0, Index:0}
081427 LEAD S0: prevLog &raft.Entry{Command:interface {}(nil), Term:0, Index:0}
081427 INFO S2: (term 1) follower 收到 [0] AppendEntries [], prevIndex 0, prevTerm 0
081428 LEAD S0: 2 append success next 1 match 0
081427 INFO S1: (term 1) follower 收到 [0] AppendEntries [], prevIndex 0, prevTerm 0
081428 LEAD S0: 1 append success next 1 match 0
081929 LEAD S0: prevLog &raft.Entry{Command:interface {}(nil), Term:0, Index:0}
081929 LEAD S0: prevLog &raft.Entry{Command:interface {}(nil), Term:0, Index:0}
081930 INFO S2: (term 1) follower 收到 [0] AppendEntries [], prevIndex 0, prevTerm 0
081930 INFO S1: (term 1) follower 收到 [0] AppendEntries [], prevIndex 0, prevTerm 0
081930 LEAD S0: 2 append success next 1 match 0
081930 LEAD S0: 1 append success next 1 match 0
082431 LEAD S0: prevLog &raft.Entry{Command:interface {}(nil), Term:0, Index:0}
082432 LEAD S0: prevLog &raft.Entry{Command:interface {}(nil), Term:0, Index:0}
082432 INFO S2: (term 1) follower 收到 [0] AppendEntries [], prevIndex 0, prevTerm 0
082433 LEAD S0: 2 append success next 1 match 0
082433 INFO S1: (term 1) follower 收到 [0] AppendEntries [], prevIndex 0, prevTerm 0
082433 LEAD S0: 1 append success next 1 match 0
082933 LEAD S0: prevLog &raft.Entry{Command:interface {}(nil), Term:0, Index:0}
082933 LEAD S0: prevLog &raft.Entry{Command:interface {}(nil), Term:0, Index:0}
082934 INFO S1: (term 1) follower 收到 [0] AppendEntries [], prevIndex 0, prevTerm 0
082934 INFO S2: (term 1) follower 收到 [0] AppendEntries [], prevIndex 0, prevTerm 0
082934 LEAD S0: 1 append success next 1 match 0
082934 LEAD S0: 2 append success next 1 match 0
083435 LEAD S0: prevLog &raft.Entry{Command:interface {}(nil), Term:0, Index:0}
083436 LEAD S0: prevLog &raft.Entry{Command:interface {}(nil), Term:0, Index:0}
083436 INFO S2: (term 1) follower 收到 [0] AppendEntries [], prevIndex 0, prevTerm 0
083436 INFO S1: (term 1) follower 收到 [0] AppendEntries [], prevIndex 0, prevTerm 0
083437 LEAD S0: 1 append success next 1 match 0
083437 LEAD S0: 2 append success next 1 match 0
083938 LEAD S0: prevLog &raft.Entry{Command:interface {}(nil), Term:0, Index:0}
083939 LEAD S0: prevLog &raft.Entry{Command:interface {}(nil), Term:0, Index:0}
083940 INFO S2: (term 1) follower 收到 [0] AppendEntries [], prevIndex 0, prevTerm 0
083941 LEAD S0: 2 append success next 1 match 0
083941 INFO S1: (term 1) follower 收到 [0] AppendEntries [], prevIndex 0, prevTerm 0
083943 LEAD S0: 1 append success next 1 match 0
084442 LEAD S0: prevLog &raft.Entry{Command:interface {}(nil), Term:0, Index:0}
084443 LEAD S0: prevLog &raft.Entry{Command:interface {}(nil), Term:0, Index:0}
084445 INFO S2: (term 1) follower 收到 [0] AppendEntries [], prevIndex 0, prevTerm 0
084445 INFO S1: (term 1) follower 收到 [0] AppendEntries [], prevIndex 0, prevTerm 0
084446 LEAD S0: 2 append success next 1 match 0
084446 LEAD S0: 1 append success next 1 match 0
084945 LEAD S0: prevLog &raft.Entry{Command:interface {}(nil), Term:0, Index:0}
084945 LEAD S0: prevLog &raft.Entry{Command:interface {}(nil), Term:0, Index:0}
084945 INFO S2: (term 1) follower 收到 [0] AppendEntries [], prevIndex 0, prevTerm 0
084945 INFO S1: (term 1) follower 收到 [0] AppendEntries [], prevIndex 0, prevTerm 0
084946 LEAD S0: 2 append success next 1 match 0
084946 LEAD S0: 1 append success next 1 match 0
085448 LEAD S0: prevLog &raft.Entry{Command:interface {}(nil), Term:0, Index:0}
085448 LEAD S0: prevLog &raft.Entry{Command:interface {}(nil), Term:0, Index:0}
085448 INFO S2: (term 1) follower 收到 [0] AppendEntries [], prevIndex 0, prevTerm 0
085448 INFO S1: (term 1) follower 收到 [0] AppendEntries [], prevIndex 0, prevTerm 0
085449 LEAD S0: 2 append success next 1 match 0
085449 LEAD S0: 1 append success next 1 match 0
085952 LEAD S0: prevLog &raft.Entry{Command:interface {}(nil), Term:0, Index:0}
085952 LEAD S0: prevLog &raft.Entry{Command:interface {}(nil), Term:0, Index:0}
085953 INFO S1: (term 1) follower 收到 [0] AppendEntries [], prevIndex 0, prevTerm 0
085953 INFO S2: (term 1) follower 收到 [0] AppendEntries [], prevIndex 0, prevTerm 0
085953 LEAD S0: 1 append success next 1 match 0
085953 LEAD S0: 2 append success next 1 match 0
086455 LEAD S0: prevLog &raft.Entry{Command:interface {}(nil), Term:0, Index:0}
086455 LEAD S0: prevLog &raft.Entry{Command:interface {}(nil), Term:0, Index:0}
086456 INFO S2: (term 1) follower 收到 [0] AppendEntries [], prevIndex 0, prevTerm 0
086456 INFO S1: (term 1) follower 收到 [0] AppendEntries [], prevIndex 0, prevTerm 0
086456 LEAD S0: 1 append success next 1 match 0
086456 LEAD S0: 2 append success next 1 match 0
086958 LEAD S0: prevLog &raft.Entry{Command:interface {}(nil), Term:0, Index:0}
086958 LEAD S0: prevLog &raft.Entry{Command:interface {}(nil), Term:0, Index:0}
086960 INFO S1: (term 1) follower 收到 [0] AppendEntries [], prevIndex 0, prevTerm 0
086960 INFO S2: (term 1) follower 收到 [0] AppendEntries [], prevIndex 0, prevTerm 0
086960 LEAD S0: 2 append success next 1 match 0
086961 LEAD S0: 1 append success next 1 match 0
087460 LEAD S0: prevLog &raft.Entry{Command:interface {}(nil), Term:0, Index:0}
087461 LEAD S0: prevLog &raft.Entry{Command:interface {}(nil), Term:0, Index:0}
087461 INFO S1: (term 1) follower 收到 [0] AppendEntries [], prevIndex 0, prevTerm 0
087462 INFO S2: (term 1) follower 收到 [0] AppendEntries [], prevIndex 0, prevTerm 0
087462 LEAD S0: 1 append success next 1 match 0
087462 LEAD S0: 2 append success next 1 match 0
087963 LEAD S0: prevLog &raft.Entry{Command:interface {}(nil), Term:0, Index:0}
087963 LEAD S0: prevLog &raft.Entry{Command:interface {}(nil), Term:0, Index:0}
087964 INFO S2: (term 1) follower 收到 [0] AppendEntries [], prevIndex 0, prevTerm 0
087964 INFO S1: (term 1) follower 收到 [0] AppendEntries [], prevIndex 0, prevTerm 0
087964 LEAD S0: 1 append success next 1 match 0
087964 LEAD S0: 2 append success next 1 match 0
088465 LEAD S0: prevLog &raft.Entry{Command:interface {}(nil), Term:0, Index:0}
088465 LEAD S0: prevLog &raft.Entry{Command:interface {}(nil), Term:0, Index:0}
088466 INFO S2: (term 1) follower 收到 [0] AppendEntries [], prevIndex 0, prevTerm 0
088466 INFO S1: (term 1) follower 收到 [0] AppendEntries [], prevIndex 0, prevTerm 0
088466 LEAD S0: 2 append success next 1 match 0
088466 LEAD S0: 1 append success next 1 match 0
088968 LEAD S0: prevLog &raft.Entry{Command:interface {}(nil), Term:0, Index:0}
088968 LEAD S0: prevLog &raft.Entry{Command:interface {}(nil), Term:0, Index:0}
088969 INFO S2: (term 1) follower 收到 [0] AppendEntries [], prevIndex 0, prevTerm 0
088969 INFO S1: (term 1) follower 收到 [0] AppendEntries [], prevIndex 0, prevTerm 0
088969 LEAD S0: 1 append success next 1 match 0
088969 LEAD S0: 2 append success next 1 match 0
089473 LEAD S0: prevLog &raft.Entry{Command:interface {}(nil), Term:0, Index:0}
089473 LEAD S0: prevLog &raft.Entry{Command:interface {}(nil), Term:0, Index:0}
089476 INFO S2: (term 1) follower 收到 [0] AppendEntries [], prevIndex 0, prevTerm 0
089476 INFO S1: (term 1) follower 收到 [0] AppendEntries [], prevIndex 0, prevTerm 0
089477 LEAD S0: 2 append success next 1 match 0
089478 LEAD S0: 1 append success next 1 match 0
089975 LEAD S0: prevLog &raft.Entry{Command:interface {}(nil), Term:0, Index:0}
089975 LEAD S0: prevLog &raft.Entry{Command:interface {}(nil), Term:0, Index:0}
089976 INFO S2: (term 1) follower 收到 [0] AppendEntries [], prevIndex 0, prevTerm 0
089976 INFO S1: (term 1) follower 收到 [0] AppendEntries [], prevIndex 0, prevTerm 0
089976 LEAD S0: 2 append success next 1 match 0
089976 LEAD S0: 1 append success next 1 match 0
090477 LEAD S0: prevLog &raft.Entry{Command:interface {}(nil), Term:0, Index:0}
090477 LEAD S0: prevLog &raft.Entry{Command:interface {}(nil), Term:0, Index:0}
090478 INFO S1: (term 1) follower 收到 [0] AppendEntries [], prevIndex 0, prevTerm 0
090478 INFO S2: (term 1) follower 收到 [0] AppendEntries [], prevIndex 0, prevTerm 0
090478 LEAD S0: 1 append success next 1 match 0
090478 LEAD S0: 2 append success next 1 match 0
090983 LEAD S0: prevLog &raft.Entry{Command:interface {}(nil), Term:0, Index:0}
090984 LEAD S0: prevLog &raft.Entry{Command:interface {}(nil), Term:0, Index:0}
090986 INFO S2: (term 1) follower 收到 [0] AppendEntries [], prevIndex 0, prevTerm 0
090986 INFO S1: (term 1) follower 收到 [0] AppendEntries [], prevIndex 0, prevTerm 0
090988 LEAD S0: 2 append success next 1 match 0
090988 LEAD S0: 1 append success next 1 match 0
091485 LEAD S0: prevLog &raft.Entry{Command:interface {}(nil), Term:0, Index:0}
091485 LEAD S0: prevLog &raft.Entry{Command:interface {}(nil), Term:0, Index:0}
091486 INFO S1: (term 1) follower 收到 [0] AppendEntries [], prevIndex 0, prevTerm 0
091486 INFO S2: (term 1) follower 收到 [0] AppendEntries [], prevIndex 0, prevTerm 0
091486 LEAD S0: 1 append success next 1 match 0
091486 LEAD S0: 2 append success next 1 match 0
091988 LEAD S0: prevLog &raft.Entry{Command:interface {}(nil), Term:0, Index:0}
091989 LEAD S0: prevLog &raft.Entry{Command:interface {}(nil), Term:0, Index:0}
091989 INFO S1: (term 1) follower 收到 [0] AppendEntries [], prevIndex 0, prevTerm 0
091989 INFO S2: (term 1) follower 收到 [0] AppendEntries [], prevIndex 0, prevTerm 0
091990 LEAD S0: 1 append success next 1 match 0
091990 LEAD S0: 2 append success next 1 match 0
092490 LEAD S0: prevLog &raft.Entry{Command:interface {}(nil), Term:0, Index:0}
092491 LEAD S0: prevLog &raft.Entry{Command:interface {}(nil), Term:0, Index:0}
092491 INFO S1: (term 1) follower 收到 [0] AppendEntries [], prevIndex 0, prevTerm 0
092491 INFO S2: (term 1) follower 收到 [0] AppendEntries [], prevIndex 0, prevTerm 0
092492 LEAD S0: 1 append success next 1 match 0
092492 LEAD S0: 2 append success next 1 match 0
092993 LEAD S0: prevLog &raft.Entry{Command:interface {}(nil), Term:0, Index:0}
092993 LEAD S0: prevLog &raft.Entry{Command:interface {}(nil), Term:0, Index:0}
092994 INFO S2: (term 1) follower 收到 [0] AppendEntries [], prevIndex 0, prevTerm 0
092994 INFO S1: (term 1) follower 收到 [0] AppendEntries [], prevIndex 0, prevTerm 0
092994 LEAD S0: 2 append success next 1 match 0
092994 LEAD S0: 1 append success next 1 match 0
093495 LEAD S0: prevLog &raft.Entry{Command:interface {}(nil), Term:0, Index:0}
093495 LEAD S0: prevLog &raft.Entry{Command:interface {}(nil), Term:0, Index:0}
093496 INFO S2: (term 1) follower 收到 [0] AppendEntries [], prevIndex 0, prevTerm 0
093496 LEAD S0: 2 append success next 1 match 0
093497 INFO S1: (term 1) follower 收到 [0] AppendEntries [], prevIndex 0, prevTerm 0
093497 LEAD S0: 1 append success next 1 match 0
093998 LEAD S0: prevLog &raft.Entry{Command:interface {}(nil), Term:0, Index:0}
093998 LEAD S0: prevLog &raft.Entry{Command:interface {}(nil), Term:0, Index:0}
093999 INFO S1: (term 1) follower 收到 [0] AppendEntries [], prevIndex 0, prevTerm 0
093999 INFO S2: (term 1) follower 收到 [0] AppendEntries [], prevIndex 0, prevTerm 0
093999 LEAD S0: 1 append success next 1 match 0
093999 LEAD S0: 2 append success next 1 match 0
094500 LEAD S0: prevLog &raft.Entry{Command:interface {}(nil), Term:0, Index:0}
094500 LEAD S0: prevLog &raft.Entry{Command:interface {}(nil), Term:0, Index:0}
094501 INFO S1: (term 1) follower 收到 [0] AppendEntries [], prevIndex 0, prevTerm 0
094501 INFO S2: (term 1) follower 收到 [0] AppendEntries [], prevIndex 0, prevTerm 0
094501 LEAD S0: 2 append success next 1 match 0
094501 LEAD S0: 1 append success next 1 match 0
095003 LEAD S0: prevLog &raft.Entry{Command:interface {}(nil), Term:0, Index:0}
095003 LEAD S0: prevLog &raft.Entry{Command:interface {}(nil), Term:0, Index:0}
095004 INFO S2: (term 1) follower 收到 [0] AppendEntries [], prevIndex 0, prevTerm 0
095004 INFO S1: (term 1) follower 收到 [0] AppendEntries [], prevIndex 0, prevTerm 0
095004 LEAD S0: 2 append success next 1 match 0
095004 LEAD S0: 1 append success next 1 match 0
095505 LEAD S0: prevLog &raft.Entry{Command:interface {}(nil), Term:0, Index:0}
095506 LEAD S0: prevLog &raft.Entry{Command:interface {}(nil), Term:0, Index:0}
095506 INFO S1: (term 1) follower 收到 [0] AppendEntries [], prevIndex 0, prevTerm 0
095506 INFO S2: (term 1) follower 收到 [0] AppendEntries [], prevIndex 0, prevTerm 0
095507 LEAD S0: 2 append success next 1 match 0
095507 LEAD S0: 1 append success next 1 match 0
096008 LEAD S0: prevLog &raft.Entry{Command:interface {}(nil), Term:0, Index:0}
096008 LEAD S0: prevLog &raft.Entry{Command:interface {}(nil), Term:0, Index:0}
096009 INFO S1: (term 1) follower 收到 [0] AppendEntries [], prevIndex 0, prevTerm 0
096009 INFO S2: (term 1) follower 收到 [0] AppendEntries [], prevIndex 0, prevTerm 0
096009 LEAD S0: 1 append success next 1 match 0
096009 LEAD S0: 2 append success next 1 match 0
096510 LEAD S0: prevLog &raft.Entry{Command:interface {}(nil), Term:0, Index:0}
096510 LEAD S0: prevLog &raft.Entry{Command:interface {}(nil), Term:0, Index:0}
096511 INFO S1: (term 1) follower 收到 [0] AppendEntries [], prevIndex 0, prevTerm 0
096511 INFO S2: (term 1) follower 收到 [0] AppendEntries [], prevIndex 0, prevTerm 0
096511 LEAD S0: 1 append success next 1 match 0
096511 LEAD S0: 2 append success next 1 match 0
097013 LEAD S0: prevLog &raft.Entry{Command:interface {}(nil), Term:0, Index:0}
097014 LEAD S0: prevLog &raft.Entry{Command:interface {}(nil), Term:0, Index:0}
097014 INFO S2: (term 1) follower 收到 [0] AppendEntries [], prevIndex 0, prevTerm 0
097014 INFO S1: (term 1) follower 收到 [0] AppendEntries [], prevIndex 0, prevTerm 0
097015 LEAD S0: 1 append success next 1 match 0
097015 LEAD S0: 2 append success next 1 match 0
097516 LEAD S0: prevLog &raft.Entry{Command:interface {}(nil), Term:0, Index:0}
097516 LEAD S0: prevLog &raft.Entry{Command:interface {}(nil), Term:0, Index:0}
097517 INFO S2: (term 1) follower 收到 [0] AppendEntries [], prevIndex 0, prevTerm 0
097517 INFO S1: (term 1) follower 收到 [0] AppendEntries [], prevIndex 0, prevTerm 0
097517 LEAD S0: 2 append success next 1 match 0
097517 LEAD S0: 1 append success next 1 match 0
098018 LEAD S0: prevLog &raft.Entry{Command:interface {}(nil), Term:0, Index:0}
098018 LEAD S0: prevLog &raft.Entry{Command:interface {}(nil), Term:0, Index:0}
098019 INFO S1: (term 1) follower 收到 [0] AppendEntries [], prevIndex 0, prevTerm 0
098019 INFO S2: (term 1) follower 收到 [0] AppendEntries [], prevIndex 0, prevTerm 0
098019 LEAD S0: 1 append success next 1 match 0
098019 LEAD S0: 2 append success next 1 match 0
098520 LEAD S0: prevLog &raft.Entry{Command:interface {}(nil), Term:0, Index:0}
098520 LEAD S0: prevLog &raft.Entry{Command:interface {}(nil), Term:0, Index:0}
098521 INFO S2: (term 1) follower 收到 [0] AppendEntries [], prevIndex 0, prevTerm 0
098521 INFO S1: (term 1) follower 收到 [0] AppendEntries [], prevIndex 0, prevTerm 0
098521 LEAD S0: 2 append success next 1 match 0
098521 LEAD S0: 1 append success next 1 match 0
099023 LEAD S0: prevLog &raft.Entry{Command:interface {}(nil), Term:0, Index:0}
099023 LEAD S0: prevLog &raft.Entry{Command:interface {}(nil), Term:0, Index:0}
099023 INFO S1: (term 1) follower 收到 [0] AppendEntries [], prevIndex 0, prevTerm 0
099023 INFO S2: (term 1) follower 收到 [0] AppendEntries [], prevIndex 0, prevTerm 0
099024 LEAD S0: 2 append success next 1 match 0
099024 LEAD S0: 1 append success next 1 match 0
099528 LEAD S0: prevLog &raft.Entry{Command:interface {}(nil), Term:0, Index:0}
099529 LEAD S0: prevLog &raft.Entry{Command:interface {}(nil), Term:0, Index:0}
099531 INFO S2: (term 1) follower 收到 [0] AppendEntries [], prevIndex 0, prevTerm 0
099531 INFO S1: (term 1) follower 收到 [0] AppendEntries [], prevIndex 0, prevTerm 0
099532 LEAD S0: 2 append success next 1 match 0
099533 LEAD S0: 1 append success next 1 match 0
--- FAIL: TestPersist12C (10.00s)
    config.go:609: one(11) failed to reach agreement
FAIL
exit status 1
FAIL	6.824/raft	10.003s
