Test (2C): basic persistence ...
002009 INFO S0: start leader election, term 1
002009 VOTE S0: term 1 send vote request to 2
002009 VOTE S0: term 1 send vote request to 1
002010 TERM S2: set new term 1
002010 VOTE S2: term 1 vote 0
002011 VOTE S0: reply from 2, term一致，且投给0
002011 LEAD S0: come to power, start to send heartbeat
002011 LEAD S0: prevLog &raft.Entry{Command:interface {}(nil), Term:0, Index:0}
002011 LEAD S0: prevLog &raft.Entry{Command:interface {}(nil), Term:0, Index:0}
002011 TERM S1: set new term 1
002011 VOTE S1: term 1 vote 0
002011 INFO S2: (term 1) follower 收到 [0] AppendEntries [], prevIndex 0, prevTerm 0
002011 VOTE S0: reply from 1, term一致，且投给0
002011 INFO S1: (term 1) follower 收到 [0] AppendEntries [], prevIndex 0, prevTerm 0
002012 LEAD S0: 2 append success next 1 match 0
002012 LEAD S0: 1 append success next 1 match 0
002510 LEAD S0: prevLog &raft.Entry{Command:interface {}(nil), Term:0, Index:0}
002510 LEAD S0: prevLog &raft.Entry{Command:interface {}(nil), Term:0, Index:0}
002511 INFO S1: (term 1) follower 收到 [0] AppendEntries [], prevIndex 0, prevTerm 0
002511 INFO S2: (term 1) follower 收到 [0] AppendEntries [], prevIndex 0, prevTerm 0
002511 LEAD S0: 1 append success next 1 match 0
002511 LEAD S0: 2 append success next 1 match 0
003013 LEAD S0: prevLog &raft.Entry{Command:interface {}(nil), Term:0, Index:0}
003013 LEAD S0: prevLog &raft.Entry{Command:interface {}(nil), Term:0, Index:0}
003014 INFO S2: (term 1) follower 收到 [0] AppendEntries [], prevIndex 0, prevTerm 0
003014 INFO S1: (term 1) follower 收到 [0] AppendEntries [], prevIndex 0, prevTerm 0
003014 LEAD S0: 1 append success next 1 match 0
003014 LEAD S0: 2 append success next 1 match 0
003516 LEAD S0: prevLog &raft.Entry{Command:interface {}(nil), Term:0, Index:0}
003516 LEAD S0: prevLog &raft.Entry{Command:interface {}(nil), Term:0, Index:0}
003517 INFO S2: (term 1) follower 收到 [0] AppendEntries [], prevIndex 0, prevTerm 0
003517 INFO S1: (term 1) follower 收到 [0] AppendEntries [], prevIndex 0, prevTerm 0
003518 LEAD S0: 2 append success next 1 match 0
003518 LEAD S0: 1 append success next 1 match 0
004017 LEAD S0: prevLog &raft.Entry{Command:interface {}(nil), Term:0, Index:0}
004018 LEAD S0: prevLog &raft.Entry{Command:interface {}(nil), Term:0, Index:0}
004018 INFO S1: (term 1) follower 收到 [0] AppendEntries [], prevIndex 0, prevTerm 0
004018 LEAD S0: 1 append success next 1 match 0
004019 INFO S2: (term 1) follower 收到 [0] AppendEntries [], prevIndex 0, prevTerm 0
004019 LEAD S0: 2 append success next 1 match 0
004521 LEAD S0: prevLog &raft.Entry{Command:interface {}(nil), Term:0, Index:0}
004521 LEAD S0: prevLog &raft.Entry{Command:interface {}(nil), Term:0, Index:0}
004522 INFO S1: (term 1) follower 收到 [0] AppendEntries [], prevIndex 0, prevTerm 0
004522 INFO S2: (term 1) follower 收到 [0] AppendEntries [], prevIndex 0, prevTerm 0
004522 LEAD S0: 1 append success next 1 match 0
004522 LEAD S0: 2 append success next 1 match 0
005022 LEAD S0: prevLog &raft.Entry{Command:interface {}(nil), Term:0, Index:0}
005022 LEAD S0: prevLog &raft.Entry{Command:interface {}(nil), Term:0, Index:0}
005023 INFO S1: (term 1) follower 收到 [0] AppendEntries [], prevIndex 0, prevTerm 0
005023 INFO S2: (term 1) follower 收到 [0] AppendEntries [], prevIndex 0, prevTerm 0
005023 LEAD S0: 1 append success next 1 match 0
005023 LEAD S0: 2 append success next 1 match 0
005525 LEAD S0: prevLog &raft.Entry{Command:interface {}(nil), Term:0, Index:0}
005525 LEAD S0: prevLog &raft.Entry{Command:interface {}(nil), Term:0, Index:0}
005526 INFO S2: (term 1) follower 收到 [0] AppendEntries [], prevIndex 0, prevTerm 0
005526 LEAD S0: 2 append success next 1 match 0
005526 INFO S1: (term 1) follower 收到 [0] AppendEntries [], prevIndex 0, prevTerm 0
005527 LEAD S0: 1 append success next 1 match 0
006027 LEAD S0: prevLog &raft.Entry{Command:interface {}(nil), Term:0, Index:0}
006027 LEAD S0: prevLog &raft.Entry{Command:interface {}(nil), Term:0, Index:0}
006028 INFO S1: (term 1) follower 收到 [0] AppendEntries [], prevIndex 0, prevTerm 0
006028 LEAD S0: 1 append success next 1 match 0
006028 INFO S2: (term 1) follower 收到 [0] AppendEntries [], prevIndex 0, prevTerm 0
006029 LEAD S0: 2 append success next 1 match 0
006529 LEAD S0: prevLog &raft.Entry{Command:interface {}(nil), Term:0, Index:0}
006530 LEAD S0: prevLog &raft.Entry{Command:interface {}(nil), Term:0, Index:0}
006530 INFO S1: (term 1) follower 收到 [0] AppendEntries [], prevIndex 0, prevTerm 0
006530 INFO S2: (term 1) follower 收到 [0] AppendEntries [], prevIndex 0, prevTerm 0
006531 LEAD S0: 1 append success next 1 match 0
006531 LEAD S0: 2 append success next 1 match 0
007031 LEAD S0: prevLog &raft.Entry{Command:interface {}(nil), Term:0, Index:0}
007031 LEAD S0: prevLog &raft.Entry{Command:interface {}(nil), Term:0, Index:0}
007032 INFO S2: (term 1) follower 收到 [0] AppendEntries [], prevIndex 0, prevTerm 0
007033 LEAD S0: 2 append success next 1 match 0
007033 INFO S1: (term 1) follower 收到 [0] AppendEntries [], prevIndex 0, prevTerm 0
007034 LEAD S0: 1 append success next 1 match 0
007533 LEAD S0: prevLog &raft.Entry{Command:interface {}(nil), Term:0, Index:0}
007533 LEAD S0: prevLog &raft.Entry{Command:interface {}(nil), Term:0, Index:0}
007533 INFO S2: (term 1) follower 收到 [0] AppendEntries [], prevIndex 0, prevTerm 0
007534 LEAD S0: 2 append success next 1 match 0
007534 INFO S1: (term 1) follower 收到 [0] AppendEntries [], prevIndex 0, prevTerm 0
007534 LEAD S0: 1 append success next 1 match 0
008035 LEAD S0: prevLog &raft.Entry{Command:interface {}(nil), Term:0, Index:0}
008035 LEAD S0: prevLog &raft.Entry{Command:interface {}(nil), Term:0, Index:0}
008036 INFO S1: (term 1) follower 收到 [0] AppendEntries [], prevIndex 0, prevTerm 0
008036 INFO S2: (term 1) follower 收到 [0] AppendEntries [], prevIndex 0, prevTerm 0
008037 LEAD S0: 1 append success next 1 match 0
008037 LEAD S0: 2 append success next 1 match 0
008537 LEAD S0: prevLog &raft.Entry{Command:interface {}(nil), Term:0, Index:0}
008537 LEAD S0: prevLog &raft.Entry{Command:interface {}(nil), Term:0, Index:0}
008537 INFO S2: (term 1) follower 收到 [0] AppendEntries [], prevIndex 0, prevTerm 0
008538 LEAD S0: 2 append success next 1 match 0
008538 INFO S1: (term 1) follower 收到 [0] AppendEntries [], prevIndex 0, prevTerm 0
008538 LEAD S0: 1 append success next 1 match 0
009039 LEAD S0: prevLog &raft.Entry{Command:interface {}(nil), Term:0, Index:0}
009040 LEAD S0: prevLog &raft.Entry{Command:interface {}(nil), Term:0, Index:0}
009040 INFO S1: (term 1) follower 收到 [0] AppendEntries [], prevIndex 0, prevTerm 0
009040 INFO S2: (term 1) follower 收到 [0] AppendEntries [], prevIndex 0, prevTerm 0
009040 LEAD S0: 1 append success next 1 match 0
009041 LEAD S0: 2 append success next 1 match 0
009541 LEAD S0: prevLog &raft.Entry{Command:interface {}(nil), Term:0, Index:0}
009541 LEAD S0: prevLog &raft.Entry{Command:interface {}(nil), Term:0, Index:0}
009542 INFO S2: (term 1) follower 收到 [0] AppendEntries [], prevIndex 0, prevTerm 0
009542 INFO S1: (term 1) follower 收到 [0] AppendEntries [], prevIndex 0, prevTerm 0
009542 LEAD S0: 2 append success next 1 match 0
009542 LEAD S0: 1 append success next 1 match 0
010043 LEAD S0: prevLog &raft.Entry{Command:interface {}(nil), Term:0, Index:0}
010043 LEAD S0: prevLog &raft.Entry{Command:interface {}(nil), Term:0, Index:0}
010044 INFO S1: (term 1) follower 收到 [0] AppendEntries [], prevIndex 0, prevTerm 0
010044 LEAD S0: 1 append success next 1 match 0
010044 INFO S2: (term 1) follower 收到 [0] AppendEntries [], prevIndex 0, prevTerm 0
010044 LEAD S0: 2 append success next 1 match 0
010547 LEAD S0: prevLog &raft.Entry{Command:interface {}(nil), Term:0, Index:0}
010548 LEAD S0: prevLog &raft.Entry{Command:interface {}(nil), Term:0, Index:0}
010549 INFO S1: (term 1) follower 收到 [0] AppendEntries [], prevIndex 0, prevTerm 0
010549 INFO S2: (term 1) follower 收到 [0] AppendEntries [], prevIndex 0, prevTerm 0
010550 LEAD S0: 1 append success next 1 match 0
010550 LEAD S0: 2 append success next 1 match 0
011049 LEAD S0: prevLog &raft.Entry{Command:interface {}(nil), Term:0, Index:0}
011049 LEAD S0: prevLog &raft.Entry{Command:interface {}(nil), Term:0, Index:0}
011049 INFO S2: (term 1) follower 收到 [0] AppendEntries [], prevIndex 0, prevTerm 0
011050 LEAD S0: 2 append success next 1 match 0
011050 INFO S1: (term 1) follower 收到 [0] AppendEntries [], prevIndex 0, prevTerm 0
011050 LEAD S0: 1 append success next 1 match 0
011551 LEAD S0: prevLog &raft.Entry{Command:interface {}(nil), Term:0, Index:0}
011552 LEAD S0: prevLog &raft.Entry{Command:interface {}(nil), Term:0, Index:0}
011553 INFO S2: (term 1) follower 收到 [0] AppendEntries [], prevIndex 0, prevTerm 0
011553 INFO S1: (term 1) follower 收到 [0] AppendEntries [], prevIndex 0, prevTerm 0
011554 LEAD S0: 1 append success next 1 match 0
011554 LEAD S0: 2 append success next 1 match 0
012054 LEAD S0: prevLog &raft.Entry{Command:interface {}(nil), Term:0, Index:0}
012054 LEAD S0: prevLog &raft.Entry{Command:interface {}(nil), Term:0, Index:0}
012055 INFO S1: (term 1) follower 收到 [0] AppendEntries [], prevIndex 0, prevTerm 0
012055 LEAD S0: 1 append success next 1 match 0
012055 INFO S2: (term 1) follower 收到 [0] AppendEntries [], prevIndex 0, prevTerm 0
012055 LEAD S0: 2 append success next 1 match 0
012556 LEAD S0: prevLog &raft.Entry{Command:interface {}(nil), Term:0, Index:0}
012557 LEAD S0: prevLog &raft.Entry{Command:interface {}(nil), Term:0, Index:0}
012557 INFO S1: (term 1) follower 收到 [0] AppendEntries [], prevIndex 0, prevTerm 0
012557 INFO S2: (term 1) follower 收到 [0] AppendEntries [], prevIndex 0, prevTerm 0
012557 LEAD S0: 1 append success next 1 match 0
012557 LEAD S0: 2 append success next 1 match 0
013058 LEAD S0: prevLog &raft.Entry{Command:interface {}(nil), Term:0, Index:0}
013059 LEAD S0: prevLog &raft.Entry{Command:interface {}(nil), Term:0, Index:0}
013059 INFO S2: (term 1) follower 收到 [0] AppendEntries [], prevIndex 0, prevTerm 0
013059 INFO S1: (term 1) follower 收到 [0] AppendEntries [], prevIndex 0, prevTerm 0
013060 LEAD S0: 1 append success next 1 match 0
013060 LEAD S0: 2 append success next 1 match 0
013560 LEAD S0: prevLog &raft.Entry{Command:interface {}(nil), Term:0, Index:0}
013561 LEAD S0: prevLog &raft.Entry{Command:interface {}(nil), Term:0, Index:0}
013561 INFO S2: (term 1) follower 收到 [0] AppendEntries [], prevIndex 0, prevTerm 0
013562 LEAD S0: 2 append success next 1 match 0
013562 INFO S1: (term 1) follower 收到 [0] AppendEntries [], prevIndex 0, prevTerm 0
013562 LEAD S0: 1 append success next 1 match 0
014062 LEAD S0: prevLog &raft.Entry{Command:interface {}(nil), Term:0, Index:0}
014062 LEAD S0: prevLog &raft.Entry{Command:interface {}(nil), Term:0, Index:0}
014063 INFO S1: (term 1) follower 收到 [0] AppendEntries [], prevIndex 0, prevTerm 0
014063 LEAD S0: 1 append success next 1 match 0
014063 INFO S2: (term 1) follower 收到 [0] AppendEntries [], prevIndex 0, prevTerm 0
014064 LEAD S0: 2 append success next 1 match 0
014565 LEAD S0: prevLog &raft.Entry{Command:interface {}(nil), Term:0, Index:0}
014565 LEAD S0: prevLog &raft.Entry{Command:interface {}(nil), Term:0, Index:0}
014566 INFO S1: (term 1) follower 收到 [0] AppendEntries [], prevIndex 0, prevTerm 0
014566 INFO S2: (term 1) follower 收到 [0] AppendEntries [], prevIndex 0, prevTerm 0
014566 LEAD S0: 1 append success next 1 match 0
014566 LEAD S0: 2 append success next 1 match 0
015067 LEAD S0: prevLog &raft.Entry{Command:interface {}(nil), Term:0, Index:0}
015068 LEAD S0: prevLog &raft.Entry{Command:interface {}(nil), Term:0, Index:0}
015068 INFO S1: (term 1) follower 收到 [0] AppendEntries [], prevIndex 0, prevTerm 0
015068 INFO S2: (term 1) follower 收到 [0] AppendEntries [], prevIndex 0, prevTerm 0
015069 LEAD S0: 2 append success next 1 match 0
015069 LEAD S0: 1 append success next 1 match 0
015571 LEAD S0: prevLog &raft.Entry{Command:interface {}(nil), Term:0, Index:0}
015571 LEAD S0: prevLog &raft.Entry{Command:interface {}(nil), Term:0, Index:0}
015572 INFO S2: (term 1) follower 收到 [0] AppendEntries [], prevIndex 0, prevTerm 0
015572 LEAD S0: 2 append success next 1 match 0
015572 INFO S1: (term 1) follower 收到 [0] AppendEntries [], prevIndex 0, prevTerm 0
015572 LEAD S0: 1 append success next 1 match 0
016073 LEAD S0: prevLog &raft.Entry{Command:interface {}(nil), Term:0, Index:0}
016074 LEAD S0: prevLog &raft.Entry{Command:interface {}(nil), Term:0, Index:0}
016074 INFO S1: (term 1) follower 收到 [0] AppendEntries [], prevIndex 0, prevTerm 0
016074 INFO S2: (term 1) follower 收到 [0] AppendEntries [], prevIndex 0, prevTerm 0
016075 LEAD S0: 1 append success next 1 match 0
016075 LEAD S0: 2 append success next 1 match 0
016576 LEAD S0: prevLog &raft.Entry{Command:interface {}(nil), Term:0, Index:0}
016576 LEAD S0: prevLog &raft.Entry{Command:interface {}(nil), Term:0, Index:0}
016577 INFO S1: (term 1) follower 收到 [0] AppendEntries [], prevIndex 0, prevTerm 0
016577 INFO S2: (term 1) follower 收到 [0] AppendEntries [], prevIndex 0, prevTerm 0
016578 LEAD S0: 2 append success next 1 match 0
016578 LEAD S0: 1 append success next 1 match 0
017080 LEAD S0: prevLog &raft.Entry{Command:interface {}(nil), Term:0, Index:0}
017080 LEAD S0: prevLog &raft.Entry{Command:interface {}(nil), Term:0, Index:0}
017082 INFO S1: (term 1) follower 收到 [0] AppendEntries [], prevIndex 0, prevTerm 0
017083 INFO S2: (term 1) follower 收到 [0] AppendEntries [], prevIndex 0, prevTerm 0
017084 LEAD S0: 1 append success next 1 match 0
017084 LEAD S0: 2 append success next 1 match 0
017583 LEAD S0: prevLog &raft.Entry{Command:interface {}(nil), Term:0, Index:0}
017584 LEAD S0: prevLog &raft.Entry{Command:interface {}(nil), Term:0, Index:0}
017585 INFO S2: (term 1) follower 收到 [0] AppendEntries [], prevIndex 0, prevTerm 0
017585 INFO S1: (term 1) follower 收到 [0] AppendEntries [], prevIndex 0, prevTerm 0
017586 LEAD S0: 2 append success next 1 match 0
017586 LEAD S0: 1 append success next 1 match 0
018086 LEAD S0: prevLog &raft.Entry{Command:interface {}(nil), Term:0, Index:0}
018086 LEAD S0: prevLog &raft.Entry{Command:interface {}(nil), Term:0, Index:0}
018087 INFO S2: (term 1) follower 收到 [0] AppendEntries [], prevIndex 0, prevTerm 0
018087 INFO S1: (term 1) follower 收到 [0] AppendEntries [], prevIndex 0, prevTerm 0
018087 LEAD S0: 1 append success next 1 match 0
018087 LEAD S0: 2 append success next 1 match 0
018588 LEAD S0: prevLog &raft.Entry{Command:interface {}(nil), Term:0, Index:0}
018588 LEAD S0: prevLog &raft.Entry{Command:interface {}(nil), Term:0, Index:0}
018588 INFO S2: (term 1) follower 收到 [0] AppendEntries [], prevIndex 0, prevTerm 0
018589 INFO S1: (term 1) follower 收到 [0] AppendEntries [], prevIndex 0, prevTerm 0
018589 LEAD S0: 1 append success next 1 match 0
018589 LEAD S0: 2 append success next 1 match 0
019090 LEAD S0: prevLog &raft.Entry{Command:interface {}(nil), Term:0, Index:0}
019090 LEAD S0: prevLog &raft.Entry{Command:interface {}(nil), Term:0, Index:0}
019091 INFO S1: (term 1) follower 收到 [0] AppendEntries [], prevIndex 0, prevTerm 0
019091 INFO S2: (term 1) follower 收到 [0] AppendEntries [], prevIndex 0, prevTerm 0
019091 LEAD S0: 1 append success next 1 match 0
019091 LEAD S0: 2 append success next 1 match 0
019594 LEAD S0: prevLog &raft.Entry{Command:interface {}(nil), Term:0, Index:0}
019594 LEAD S0: prevLog &raft.Entry{Command:interface {}(nil), Term:0, Index:0}
019596 INFO S2: (term 1) follower 收到 [0] AppendEntries [], prevIndex 0, prevTerm 0
019596 LEAD S0: 2 append success next 1 match 0
019597 INFO S1: (term 1) follower 收到 [0] AppendEntries [], prevIndex 0, prevTerm 0
019598 LEAD S0: 1 append success next 1 match 0
020096 LEAD S0: prevLog &raft.Entry{Command:interface {}(nil), Term:0, Index:0}
020097 LEAD S0: prevLog &raft.Entry{Command:interface {}(nil), Term:0, Index:0}
020097 INFO S2: (term 1) follower 收到 [0] AppendEntries [], prevIndex 0, prevTerm 0
020097 INFO S1: (term 1) follower 收到 [0] AppendEntries [], prevIndex 0, prevTerm 0
020097 LEAD S0: 2 append success next 1 match 0
020097 LEAD S0: 1 append success next 1 match 0
020599 LEAD S0: prevLog &raft.Entry{Command:interface {}(nil), Term:0, Index:0}
020599 LEAD S0: prevLog &raft.Entry{Command:interface {}(nil), Term:0, Index:0}
020600 INFO S1: (term 1) follower 收到 [0] AppendEntries [], prevIndex 0, prevTerm 0
020600 INFO S2: (term 1) follower 收到 [0] AppendEntries [], prevIndex 0, prevTerm 0
020600 LEAD S0: 1 append success next 1 match 0
020600 LEAD S0: 2 append success next 1 match 0
021101 LEAD S0: prevLog &raft.Entry{Command:interface {}(nil), Term:0, Index:0}
021101 LEAD S0: prevLog &raft.Entry{Command:interface {}(nil), Term:0, Index:0}
021102 INFO S2: (term 1) follower 收到 [0] AppendEntries [], prevIndex 0, prevTerm 0
021102 INFO S1: (term 1) follower 收到 [0] AppendEntries [], prevIndex 0, prevTerm 0
021102 LEAD S0: 2 append success next 1 match 0
021102 LEAD S0: 1 append success next 1 match 0
021605 LEAD S0: prevLog &raft.Entry{Command:interface {}(nil), Term:0, Index:0}
021606 LEAD S0: prevLog &raft.Entry{Command:interface {}(nil), Term:0, Index:0}
021606 INFO S2: (term 1) follower 收到 [0] AppendEntries [], prevIndex 0, prevTerm 0
021607 LEAD S0: 2 append success next 1 match 0
021607 INFO S1: (term 1) follower 收到 [0] AppendEntries [], prevIndex 0, prevTerm 0
021607 LEAD S0: 1 append success next 1 match 0
022109 LEAD S0: prevLog &raft.Entry{Command:interface {}(nil), Term:0, Index:0}
022109 LEAD S0: prevLog &raft.Entry{Command:interface {}(nil), Term:0, Index:0}
022110 INFO S2: (term 1) follower 收到 [0] AppendEntries [], prevIndex 0, prevTerm 0
022110 LEAD S0: 2 append success next 1 match 0
022110 INFO S1: (term 1) follower 收到 [0] AppendEntries [], prevIndex 0, prevTerm 0
022111 LEAD S0: 1 append success next 1 match 0
022613 LEAD S0: prevLog &raft.Entry{Command:interface {}(nil), Term:0, Index:0}
022613 LEAD S0: prevLog &raft.Entry{Command:interface {}(nil), Term:0, Index:0}
022614 INFO S2: (term 1) follower 收到 [0] AppendEntries [], prevIndex 0, prevTerm 0
022615 INFO S1: (term 1) follower 收到 [0] AppendEntries [], prevIndex 0, prevTerm 0
022615 LEAD S0: 2 append success next 1 match 0
022615 LEAD S0: 1 append success next 1 match 0
023115 LEAD S0: prevLog &raft.Entry{Command:interface {}(nil), Term:0, Index:0}
023115 LEAD S0: prevLog &raft.Entry{Command:interface {}(nil), Term:0, Index:0}
023116 INFO S2: (term 1) follower 收到 [0] AppendEntries [], prevIndex 0, prevTerm 0
023116 LEAD S0: 2 append success next 1 match 0
023116 INFO S1: (term 1) follower 收到 [0] AppendEntries [], prevIndex 0, prevTerm 0
023117 LEAD S0: 1 append success next 1 match 0
023618 LEAD S0: prevLog &raft.Entry{Command:interface {}(nil), Term:0, Index:0}
023618 LEAD S0: prevLog &raft.Entry{Command:interface {}(nil), Term:0, Index:0}
023619 INFO S2: (term 1) follower 收到 [0] AppendEntries [], prevIndex 0, prevTerm 0
023619 INFO S1: (term 1) follower 收到 [0] AppendEntries [], prevIndex 0, prevTerm 0
023619 LEAD S0: 2 append success next 1 match 0
023619 LEAD S0: 1 append success next 1 match 0
024119 LEAD S0: prevLog &raft.Entry{Command:interface {}(nil), Term:0, Index:0}
024119 LEAD S0: prevLog &raft.Entry{Command:interface {}(nil), Term:0, Index:0}
024120 INFO S2: (term 1) follower 收到 [0] AppendEntries [], prevIndex 0, prevTerm 0
024120 LEAD S0: 2 append success next 1 match 0
024121 INFO S1: (term 1) follower 收到 [0] AppendEntries [], prevIndex 0, prevTerm 0
024121 LEAD S0: 1 append success next 1 match 0
024622 LEAD S0: prevLog &raft.Entry{Command:interface {}(nil), Term:0, Index:0}
024622 LEAD S0: prevLog &raft.Entry{Command:interface {}(nil), Term:0, Index:0}
024622 INFO S2: (term 1) follower 收到 [0] AppendEntries [], prevIndex 0, prevTerm 0
024623 INFO S1: (term 1) follower 收到 [0] AppendEntries [], prevIndex 0, prevTerm 0
024623 LEAD S0: 2 append success next 1 match 0
024623 LEAD S0: 1 append success next 1 match 0
025124 LEAD S0: prevLog &raft.Entry{Command:interface {}(nil), Term:0, Index:0}
025124 LEAD S0: prevLog &raft.Entry{Command:interface {}(nil), Term:0, Index:0}
025124 INFO S2: (term 1) follower 收到 [0] AppendEntries [], prevIndex 0, prevTerm 0
025125 LEAD S0: 2 append success next 1 match 0
025125 INFO S1: (term 1) follower 收到 [0] AppendEntries [], prevIndex 0, prevTerm 0
025125 LEAD S0: 1 append success next 1 match 0
025625 LEAD S0: prevLog &raft.Entry{Command:interface {}(nil), Term:0, Index:0}
025625 LEAD S0: prevLog &raft.Entry{Command:interface {}(nil), Term:0, Index:0}
025626 INFO S2: (term 1) follower 收到 [0] AppendEntries [], prevIndex 0, prevTerm 0
025626 LEAD S0: 2 append success next 1 match 0
025627 INFO S1: (term 1) follower 收到 [0] AppendEntries [], prevIndex 0, prevTerm 0
025627 LEAD S0: 1 append success next 1 match 0
026127 LEAD S0: prevLog &raft.Entry{Command:interface {}(nil), Term:0, Index:0}
026128 LEAD S0: prevLog &raft.Entry{Command:interface {}(nil), Term:0, Index:0}
026128 INFO S1: (term 1) follower 收到 [0] AppendEntries [], prevIndex 0, prevTerm 0
026128 LEAD S0: 1 append success next 1 match 0
026129 INFO S2: (term 1) follower 收到 [0] AppendEntries [], prevIndex 0, prevTerm 0
026129 LEAD S0: 2 append success next 1 match 0
026629 LEAD S0: prevLog &raft.Entry{Command:interface {}(nil), Term:0, Index:0}
026629 LEAD S0: prevLog &raft.Entry{Command:interface {}(nil), Term:0, Index:0}
026630 INFO S2: (term 1) follower 收到 [0] AppendEntries [], prevIndex 0, prevTerm 0
026631 LEAD S0: 2 append success next 1 match 0
026631 INFO S1: (term 1) follower 收到 [0] AppendEntries [], prevIndex 0, prevTerm 0
026631 LEAD S0: 1 append success next 1 match 0
027131 LEAD S0: prevLog &raft.Entry{Command:interface {}(nil), Term:0, Index:0}
027131 LEAD S0: prevLog &raft.Entry{Command:interface {}(nil), Term:0, Index:0}
027131 INFO S2: (term 1) follower 收到 [0] AppendEntries [], prevIndex 0, prevTerm 0
027131 LEAD S0: 2 append success next 1 match 0
027132 INFO S1: (term 1) follower 收到 [0] AppendEntries [], prevIndex 0, prevTerm 0
027132 LEAD S0: 1 append success next 1 match 0
027633 LEAD S0: prevLog &raft.Entry{Command:interface {}(nil), Term:0, Index:0}
027633 LEAD S0: prevLog &raft.Entry{Command:interface {}(nil), Term:0, Index:0}
027634 INFO S2: (term 1) follower 收到 [0] AppendEntries [], prevIndex 0, prevTerm 0
027634 LEAD S0: 2 append success next 1 match 0
027634 INFO S1: (term 1) follower 收到 [0] AppendEntries [], prevIndex 0, prevTerm 0
027635 LEAD S0: 1 append success next 1 match 0
028134 LEAD S0: prevLog &raft.Entry{Command:interface {}(nil), Term:0, Index:0}
028135 LEAD S0: prevLog &raft.Entry{Command:interface {}(nil), Term:0, Index:0}
028135 INFO S1: (term 1) follower 收到 [0] AppendEntries [], prevIndex 0, prevTerm 0
028135 INFO S2: (term 1) follower 收到 [0] AppendEntries [], prevIndex 0, prevTerm 0
028135 LEAD S0: 1 append success next 1 match 0
028136 LEAD S0: 2 append success next 1 match 0
028636 LEAD S0: prevLog &raft.Entry{Command:interface {}(nil), Term:0, Index:0}
028636 LEAD S0: prevLog &raft.Entry{Command:interface {}(nil), Term:0, Index:0}
028637 INFO S1: (term 1) follower 收到 [0] AppendEntries [], prevIndex 0, prevTerm 0
028637 INFO S2: (term 1) follower 收到 [0] AppendEntries [], prevIndex 0, prevTerm 0
028637 LEAD S0: 1 append success next 1 match 0
028638 LEAD S0: 2 append success next 1 match 0
029138 LEAD S0: prevLog &raft.Entry{Command:interface {}(nil), Term:0, Index:0}
029138 LEAD S0: prevLog &raft.Entry{Command:interface {}(nil), Term:0, Index:0}
029138 INFO S2: (term 1) follower 收到 [0] AppendEntries [], prevIndex 0, prevTerm 0
029138 INFO S1: (term 1) follower 收到 [0] AppendEntries [], prevIndex 0, prevTerm 0
029139 LEAD S0: 2 append success next 1 match 0
029139 LEAD S0: 1 append success next 1 match 0
029640 LEAD S0: prevLog &raft.Entry{Command:interface {}(nil), Term:0, Index:0}
029641 LEAD S0: prevLog &raft.Entry{Command:interface {}(nil), Term:0, Index:0}
029642 INFO S2: (term 1) follower 收到 [0] AppendEntries [], prevIndex 0, prevTerm 0
029642 INFO S1: (term 1) follower 收到 [0] AppendEntries [], prevIndex 0, prevTerm 0
029643 LEAD S0: 1 append success next 1 match 0
029643 LEAD S0: 2 append success next 1 match 0
030143 LEAD S0: prevLog &raft.Entry{Command:interface {}(nil), Term:0, Index:0}
030143 LEAD S0: prevLog &raft.Entry{Command:interface {}(nil), Term:0, Index:0}
030144 INFO S2: (term 1) follower 收到 [0] AppendEntries [], prevIndex 0, prevTerm 0
030144 INFO S1: (term 1) follower 收到 [0] AppendEntries [], prevIndex 0, prevTerm 0
030144 LEAD S0: 2 append success next 1 match 0
030144 LEAD S0: 1 append success next 1 match 0
030647 LEAD S0: prevLog &raft.Entry{Command:interface {}(nil), Term:0, Index:0}
030648 LEAD S0: prevLog &raft.Entry{Command:interface {}(nil), Term:0, Index:0}
030650 INFO S2: (term 1) follower 收到 [0] AppendEntries [], prevIndex 0, prevTerm 0
030650 INFO S1: (term 1) follower 收到 [0] AppendEntries [], prevIndex 0, prevTerm 0
030651 LEAD S0: 2 append success next 1 match 0
030651 LEAD S0: 1 append success next 1 match 0
031150 LEAD S0: prevLog &raft.Entry{Command:interface {}(nil), Term:0, Index:0}
031150 LEAD S0: prevLog &raft.Entry{Command:interface {}(nil), Term:0, Index:0}
031151 INFO S2: (term 1) follower 收到 [0] AppendEntries [], prevIndex 0, prevTerm 0
031151 LEAD S0: 2 append success next 1 match 0
031151 INFO S1: (term 1) follower 收到 [0] AppendEntries [], prevIndex 0, prevTerm 0
031152 LEAD S0: 1 append success next 1 match 0
031652 LEAD S0: prevLog &raft.Entry{Command:interface {}(nil), Term:0, Index:0}
031652 LEAD S0: prevLog &raft.Entry{Command:interface {}(nil), Term:0, Index:0}
031653 INFO S1: (term 1) follower 收到 [0] AppendEntries [], prevIndex 0, prevTerm 0
031653 LEAD S0: 1 append success next 1 match 0
031653 INFO S2: (term 1) follower 收到 [0] AppendEntries [], prevIndex 0, prevTerm 0
031654 LEAD S0: 2 append success next 1 match 0
032153 LEAD S0: prevLog &raft.Entry{Command:interface {}(nil), Term:0, Index:0}
032153 LEAD S0: prevLog &raft.Entry{Command:interface {}(nil), Term:0, Index:0}
032154 INFO S1: (term 1) follower 收到 [0] AppendEntries [], prevIndex 0, prevTerm 0
032154 LEAD S0: 1 append success next 1 match 0
032154 INFO S2: (term 1) follower 收到 [0] AppendEntries [], prevIndex 0, prevTerm 0
032155 LEAD S0: 2 append success next 1 match 0
032659 LEAD S0: prevLog &raft.Entry{Command:interface {}(nil), Term:0, Index:0}
032659 LEAD S0: prevLog &raft.Entry{Command:interface {}(nil), Term:0, Index:0}
032661 INFO S2: (term 1) follower 收到 [0] AppendEntries [], prevIndex 0, prevTerm 0
032661 INFO S1: (term 1) follower 收到 [0] AppendEntries [], prevIndex 0, prevTerm 0
032661 LEAD S0: 1 append success next 1 match 0
032661 LEAD S0: 2 append success next 1 match 0
033164 LEAD S0: prevLog &raft.Entry{Command:interface {}(nil), Term:0, Index:0}
033164 LEAD S0: prevLog &raft.Entry{Command:interface {}(nil), Term:0, Index:0}
033166 INFO S2: (term 1) follower 收到 [0] AppendEntries [], prevIndex 0, prevTerm 0
033167 LEAD S0: 2 append success next 1 match 0
033168 INFO S1: (term 1) follower 收到 [0] AppendEntries [], prevIndex 0, prevTerm 0
033169 LEAD S0: 1 append success next 1 match 0
033666 LEAD S0: prevLog &raft.Entry{Command:interface {}(nil), Term:0, Index:0}
033666 LEAD S0: prevLog &raft.Entry{Command:interface {}(nil), Term:0, Index:0}
033666 INFO S1: (term 1) follower 收到 [0] AppendEntries [], prevIndex 0, prevTerm 0
033667 INFO S2: (term 1) follower 收到 [0] AppendEntries [], prevIndex 0, prevTerm 0
033667 LEAD S0: 2 append success next 1 match 0
033667 LEAD S0: 1 append success next 1 match 0
034168 LEAD S0: prevLog &raft.Entry{Command:interface {}(nil), Term:0, Index:0}
034168 LEAD S0: prevLog &raft.Entry{Command:interface {}(nil), Term:0, Index:0}
034169 INFO S2: (term 1) follower 收到 [0] AppendEntries [], prevIndex 0, prevTerm 0
034170 INFO S1: (term 1) follower 收到 [0] AppendEntries [], prevIndex 0, prevTerm 0
034170 LEAD S0: 2 append success next 1 match 0
034170 LEAD S0: 1 append success next 1 match 0
034669 LEAD S0: prevLog &raft.Entry{Command:interface {}(nil), Term:0, Index:0}
034670 LEAD S0: prevLog &raft.Entry{Command:interface {}(nil), Term:0, Index:0}
034670 INFO S2: (term 1) follower 收到 [0] AppendEntries [], prevIndex 0, prevTerm 0
034671 LEAD S0: 2 append success next 1 match 0
034672 INFO S1: (term 1) follower 收到 [0] AppendEntries [], prevIndex 0, prevTerm 0
034675 LEAD S0: 1 append success next 1 match 0
035171 LEAD S0: prevLog &raft.Entry{Command:interface {}(nil), Term:0, Index:0}
035171 LEAD S0: prevLog &raft.Entry{Command:interface {}(nil), Term:0, Index:0}
035172 INFO S1: (term 1) follower 收到 [0] AppendEntries [], prevIndex 0, prevTerm 0
035172 INFO S2: (term 1) follower 收到 [0] AppendEntries [], prevIndex 0, prevTerm 0
035172 LEAD S0: 1 append success next 1 match 0
035173 LEAD S0: 2 append success next 1 match 0
035673 LEAD S0: prevLog &raft.Entry{Command:interface {}(nil), Term:0, Index:0}
035673 LEAD S0: prevLog &raft.Entry{Command:interface {}(nil), Term:0, Index:0}
035674 INFO S1: (term 1) follower 收到 [0] AppendEntries [], prevIndex 0, prevTerm 0
035674 LEAD S0: 1 append success next 1 match 0
035674 INFO S2: (term 1) follower 收到 [0] AppendEntries [], prevIndex 0, prevTerm 0
035675 LEAD S0: 2 append success next 1 match 0
036176 LEAD S0: prevLog &raft.Entry{Command:interface {}(nil), Term:0, Index:0}
036176 LEAD S0: prevLog &raft.Entry{Command:interface {}(nil), Term:0, Index:0}
036176 INFO S1: (term 1) follower 收到 [0] AppendEntries [], prevIndex 0, prevTerm 0
036177 LEAD S0: 1 append success next 1 match 0
036177 INFO S2: (term 1) follower 收到 [0] AppendEntries [], prevIndex 0, prevTerm 0
036177 LEAD S0: 2 append success next 1 match 0
036678 LEAD S0: prevLog &raft.Entry{Command:interface {}(nil), Term:0, Index:0}
036678 LEAD S0: prevLog &raft.Entry{Command:interface {}(nil), Term:0, Index:0}
036679 INFO S1: (term 1) follower 收到 [0] AppendEntries [], prevIndex 0, prevTerm 0
036679 INFO S2: (term 1) follower 收到 [0] AppendEntries [], prevIndex 0, prevTerm 0
036679 LEAD S0: 1 append success next 1 match 0
036679 LEAD S0: 2 append success next 1 match 0
037180 LEAD S0: prevLog &raft.Entry{Command:interface {}(nil), Term:0, Index:0}
037180 LEAD S0: prevLog &raft.Entry{Command:interface {}(nil), Term:0, Index:0}
037181 INFO S2: (term 1) follower 收到 [0] AppendEntries [], prevIndex 0, prevTerm 0
037181 INFO S1: (term 1) follower 收到 [0] AppendEntries [], prevIndex 0, prevTerm 0
037181 LEAD S0: 2 append success next 1 match 0
037181 LEAD S0: 1 append success next 1 match 0
037685 LEAD S0: prevLog &raft.Entry{Command:interface {}(nil), Term:0, Index:0}
037685 LEAD S0: prevLog &raft.Entry{Command:interface {}(nil), Term:0, Index:0}
037686 INFO S1: (term 1) follower 收到 [0] AppendEntries [], prevIndex 0, prevTerm 0
037687 INFO S2: (term 1) follower 收到 [0] AppendEntries [], prevIndex 0, prevTerm 0
037687 LEAD S0: 1 append success next 1 match 0
037687 LEAD S0: 2 append success next 1 match 0
038189 LEAD S0: prevLog &raft.Entry{Command:interface {}(nil), Term:0, Index:0}
038189 LEAD S0: prevLog &raft.Entry{Command:interface {}(nil), Term:0, Index:0}
038191 INFO S2: (term 1) follower 收到 [0] AppendEntries [], prevIndex 0, prevTerm 0
038191 INFO S1: (term 1) follower 收到 [0] AppendEntries [], prevIndex 0, prevTerm 0
038192 LEAD S0: 2 append success next 1 match 0
038193 LEAD S0: 1 append success next 1 match 0
038692 LEAD S0: prevLog &raft.Entry{Command:interface {}(nil), Term:0, Index:0}
038692 LEAD S0: prevLog &raft.Entry{Command:interface {}(nil), Term:0, Index:0}
038692 INFO S1: (term 1) follower 收到 [0] AppendEntries [], prevIndex 0, prevTerm 0
038692 INFO S2: (term 1) follower 收到 [0] AppendEntries [], prevIndex 0, prevTerm 0
038693 LEAD S0: 1 append success next 1 match 0
038693 LEAD S0: 2 append success next 1 match 0
039194 LEAD S0: prevLog &raft.Entry{Command:interface {}(nil), Term:0, Index:0}
039194 LEAD S0: prevLog &raft.Entry{Command:interface {}(nil), Term:0, Index:0}
039195 INFO S2: (term 1) follower 收到 [0] AppendEntries [], prevIndex 0, prevTerm 0
039195 LEAD S0: 2 append success next 1 match 0
039195 INFO S1: (term 1) follower 收到 [0] AppendEntries [], prevIndex 0, prevTerm 0
039196 LEAD S0: 1 append success next 1 match 0
039695 LEAD S0: prevLog &raft.Entry{Command:interface {}(nil), Term:0, Index:0}
039696 LEAD S0: prevLog &raft.Entry{Command:interface {}(nil), Term:0, Index:0}
039696 INFO S1: (term 1) follower 收到 [0] AppendEntries [], prevIndex 0, prevTerm 0
039697 INFO S2: (term 1) follower 收到 [0] AppendEntries [], prevIndex 0, prevTerm 0
039697 LEAD S0: 1 append success next 1 match 0
039697 LEAD S0: 2 append success next 1 match 0
040197 LEAD S0: prevLog &raft.Entry{Command:interface {}(nil), Term:0, Index:0}
040197 LEAD S0: prevLog &raft.Entry{Command:interface {}(nil), Term:0, Index:0}
040198 INFO S2: (term 1) follower 收到 [0] AppendEntries [], prevIndex 0, prevTerm 0
040198 INFO S1: (term 1) follower 收到 [0] AppendEntries [], prevIndex 0, prevTerm 0
040199 LEAD S0: 2 append success next 1 match 0
040199 LEAD S0: 1 append success next 1 match 0
040699 LEAD S0: prevLog &raft.Entry{Command:interface {}(nil), Term:0, Index:0}
040699 LEAD S0: prevLog &raft.Entry{Command:interface {}(nil), Term:0, Index:0}
040700 INFO S2: (term 1) follower 收到 [0] AppendEntries [], prevIndex 0, prevTerm 0
040700 LEAD S0: 2 append success next 1 match 0
040700 INFO S1: (term 1) follower 收到 [0] AppendEntries [], prevIndex 0, prevTerm 0
040700 LEAD S0: 1 append success next 1 match 0
041201 LEAD S0: prevLog &raft.Entry{Command:interface {}(nil), Term:0, Index:0}
041201 LEAD S0: prevLog &raft.Entry{Command:interface {}(nil), Term:0, Index:0}
041202 INFO S2: (term 1) follower 收到 [0] AppendEntries [], prevIndex 0, prevTerm 0
041202 INFO S1: (term 1) follower 收到 [0] AppendEntries [], prevIndex 0, prevTerm 0
041202 LEAD S0: 2 append success next 1 match 0
041203 LEAD S0: 1 append success next 1 match 0
041703 LEAD S0: prevLog &raft.Entry{Command:interface {}(nil), Term:0, Index:0}
041703 LEAD S0: prevLog &raft.Entry{Command:interface {}(nil), Term:0, Index:0}
041703 INFO S2: (term 1) follower 收到 [0] AppendEntries [], prevIndex 0, prevTerm 0
041704 LEAD S0: 2 append success next 1 match 0
041704 INFO S1: (term 1) follower 收到 [0] AppendEntries [], prevIndex 0, prevTerm 0
041705 LEAD S0: 1 append success next 1 match 0
042205 LEAD S0: prevLog &raft.Entry{Command:interface {}(nil), Term:0, Index:0}
042205 LEAD S0: prevLog &raft.Entry{Command:interface {}(nil), Term:0, Index:0}
042206 INFO S2: (term 1) follower 收到 [0] AppendEntries [], prevIndex 0, prevTerm 0
042206 LEAD S0: 2 append success next 1 match 0
042207 INFO S1: (term 1) follower 收到 [0] AppendEntries [], prevIndex 0, prevTerm 0
042207 LEAD S0: 1 append success next 1 match 0
042708 LEAD S0: prevLog &raft.Entry{Command:interface {}(nil), Term:0, Index:0}
042709 LEAD S0: prevLog &raft.Entry{Command:interface {}(nil), Term:0, Index:0}
042711 INFO S2: (term 1) follower 收到 [0] AppendEntries [], prevIndex 0, prevTerm 0
042713 LEAD S0: 2 append success next 1 match 0
042713 INFO S1: (term 1) follower 收到 [0] AppendEntries [], prevIndex 0, prevTerm 0
042715 LEAD S0: 1 append success next 1 match 0
043211 LEAD S0: prevLog &raft.Entry{Command:interface {}(nil), Term:0, Index:0}
043211 LEAD S0: prevLog &raft.Entry{Command:interface {}(nil), Term:0, Index:0}
043212 INFO S2: (term 1) follower 收到 [0] AppendEntries [], prevIndex 0, prevTerm 0
043213 LEAD S0: 2 append success next 1 match 0
043213 INFO S1: (term 1) follower 收到 [0] AppendEntries [], prevIndex 0, prevTerm 0
043214 LEAD S0: 1 append success next 1 match 0
043712 LEAD S0: prevLog &raft.Entry{Command:interface {}(nil), Term:0, Index:0}
043712 LEAD S0: prevLog &raft.Entry{Command:interface {}(nil), Term:0, Index:0}
043713 INFO S1: (term 1) follower 收到 [0] AppendEntries [], prevIndex 0, prevTerm 0
043713 LEAD S0: 1 append success next 1 match 0
043713 INFO S2: (term 1) follower 收到 [0] AppendEntries [], prevIndex 0, prevTerm 0
043714 LEAD S0: 2 append success next 1 match 0
044216 LEAD S0: prevLog &raft.Entry{Command:interface {}(nil), Term:0, Index:0}
044216 LEAD S0: prevLog &raft.Entry{Command:interface {}(nil), Term:0, Index:0}
044217 INFO S2: (term 1) follower 收到 [0] AppendEntries [], prevIndex 0, prevTerm 0
044217 LEAD S0: 2 append success next 1 match 0
044218 INFO S1: (term 1) follower 收到 [0] AppendEntries [], prevIndex 0, prevTerm 0
044219 LEAD S0: 1 append success next 1 match 0
044720 LEAD S0: prevLog &raft.Entry{Command:interface {}(nil), Term:0, Index:0}
044721 LEAD S0: prevLog &raft.Entry{Command:interface {}(nil), Term:0, Index:0}
044724 INFO S1: (term 1) follower 收到 [0] AppendEntries [], prevIndex 0, prevTerm 0
044725 INFO S2: (term 1) follower 收到 [0] AppendEntries [], prevIndex 0, prevTerm 0
044726 LEAD S0: 1 append success next 1 match 0
044727 LEAD S0: 2 append success next 1 match 0
045222 LEAD S0: prevLog &raft.Entry{Command:interface {}(nil), Term:0, Index:0}
045222 LEAD S0: prevLog &raft.Entry{Command:interface {}(nil), Term:0, Index:0}
045223 INFO S2: (term 1) follower 收到 [0] AppendEntries [], prevIndex 0, prevTerm 0
045223 INFO S1: (term 1) follower 收到 [0] AppendEntries [], prevIndex 0, prevTerm 0
045223 LEAD S0: 1 append success next 1 match 0
045224 LEAD S0: 2 append success next 1 match 0
045723 LEAD S0: prevLog &raft.Entry{Command:interface {}(nil), Term:0, Index:0}
045724 LEAD S0: prevLog &raft.Entry{Command:interface {}(nil), Term:0, Index:0}
045725 INFO S1: (term 1) follower 收到 [0] AppendEntries [], prevIndex 0, prevTerm 0
045725 INFO S2: (term 1) follower 收到 [0] AppendEntries [], prevIndex 0, prevTerm 0
045725 LEAD S0: 1 append success next 1 match 0
045726 LEAD S0: 2 append success next 1 match 0
046226 LEAD S0: prevLog &raft.Entry{Command:interface {}(nil), Term:0, Index:0}
046226 LEAD S0: prevLog &raft.Entry{Command:interface {}(nil), Term:0, Index:0}
046227 INFO S1: (term 1) follower 收到 [0] AppendEntries [], prevIndex 0, prevTerm 0
046227 INFO S2: (term 1) follower 收到 [0] AppendEntries [], prevIndex 0, prevTerm 0
046227 LEAD S0: 1 append success next 1 match 0
046227 LEAD S0: 2 append success next 1 match 0
046727 LEAD S0: prevLog &raft.Entry{Command:interface {}(nil), Term:0, Index:0}
046728 LEAD S0: prevLog &raft.Entry{Command:interface {}(nil), Term:0, Index:0}
046728 INFO S1: (term 1) follower 收到 [0] AppendEntries [], prevIndex 0, prevTerm 0
046728 LEAD S0: 1 append success next 1 match 0
046729 INFO S2: (term 1) follower 收到 [0] AppendEntries [], prevIndex 0, prevTerm 0
046729 LEAD S0: 2 append success next 1 match 0
047230 LEAD S0: prevLog &raft.Entry{Command:interface {}(nil), Term:0, Index:0}
047230 LEAD S0: prevLog &raft.Entry{Command:interface {}(nil), Term:0, Index:0}
047231 INFO S2: (term 1) follower 收到 [0] AppendEntries [], prevIndex 0, prevTerm 0
047231 INFO S1: (term 1) follower 收到 [0] AppendEntries [], prevIndex 0, prevTerm 0
047231 LEAD S0: 2 append success next 1 match 0
047231 LEAD S0: 1 append success next 1 match 0
047734 LEAD S0: prevLog &raft.Entry{Command:interface {}(nil), Term:0, Index:0}
047734 LEAD S0: prevLog &raft.Entry{Command:interface {}(nil), Term:0, Index:0}
047735 INFO S2: (term 1) follower 收到 [0] AppendEntries [], prevIndex 0, prevTerm 0
047736 LEAD S0: 2 append success next 1 match 0
047736 INFO S1: (term 1) follower 收到 [0] AppendEntries [], prevIndex 0, prevTerm 0
047736 LEAD S0: 1 append success next 1 match 0
048236 LEAD S0: prevLog &raft.Entry{Command:interface {}(nil), Term:0, Index:0}
048237 LEAD S0: prevLog &raft.Entry{Command:interface {}(nil), Term:0, Index:0}
048238 INFO S2: (term 1) follower 收到 [0] AppendEntries [], prevIndex 0, prevTerm 0
048239 LEAD S0: 2 append success next 1 match 0
048239 INFO S1: (term 1) follower 收到 [0] AppendEntries [], prevIndex 0, prevTerm 0
048239 LEAD S0: 1 append success next 1 match 0
048738 LEAD S0: prevLog &raft.Entry{Command:interface {}(nil), Term:0, Index:0}
048738 LEAD S0: prevLog &raft.Entry{Command:interface {}(nil), Term:0, Index:0}
048739 INFO S1: (term 1) follower 收到 [0] AppendEntries [], prevIndex 0, prevTerm 0
048739 INFO S2: (term 1) follower 收到 [0] AppendEntries [], prevIndex 0, prevTerm 0
048739 LEAD S0: 1 append success next 1 match 0
048740 LEAD S0: 2 append success next 1 match 0
049240 LEAD S0: prevLog &raft.Entry{Command:interface {}(nil), Term:0, Index:0}
049240 LEAD S0: prevLog &raft.Entry{Command:interface {}(nil), Term:0, Index:0}
049241 INFO S1: (term 1) follower 收到 [0] AppendEntries [], prevIndex 0, prevTerm 0
049241 INFO S2: (term 1) follower 收到 [0] AppendEntries [], prevIndex 0, prevTerm 0
049241 LEAD S0: 1 append success next 1 match 0
049241 LEAD S0: 2 append success next 1 match 0
049741 LEAD S0: prevLog &raft.Entry{Command:interface {}(nil), Term:0, Index:0}
049741 LEAD S0: prevLog &raft.Entry{Command:interface {}(nil), Term:0, Index:0}
049742 INFO S2: (term 1) follower 收到 [0] AppendEntries [], prevIndex 0, prevTerm 0
049743 LEAD S0: 2 append success next 1 match 0
049743 INFO S1: (term 1) follower 收到 [0] AppendEntries [], prevIndex 0, prevTerm 0
049744 LEAD S0: 1 append success next 1 match 0
050243 LEAD S0: prevLog &raft.Entry{Command:interface {}(nil), Term:0, Index:0}
050243 LEAD S0: prevLog &raft.Entry{Command:interface {}(nil), Term:0, Index:0}
050244 INFO S1: (term 1) follower 收到 [0] AppendEntries [], prevIndex 0, prevTerm 0
050244 LEAD S0: 1 append success next 1 match 0
050244 INFO S2: (term 1) follower 收到 [0] AppendEntries [], prevIndex 0, prevTerm 0
050244 LEAD S0: 2 append success next 1 match 0
050745 LEAD S0: prevLog &raft.Entry{Command:interface {}(nil), Term:0, Index:0}
050745 LEAD S0: prevLog &raft.Entry{Command:interface {}(nil), Term:0, Index:0}
050745 INFO S2: (term 1) follower 收到 [0] AppendEntries [], prevIndex 0, prevTerm 0
050746 INFO S1: (term 1) follower 收到 [0] AppendEntries [], prevIndex 0, prevTerm 0
050746 LEAD S0: 2 append success next 1 match 0
050746 LEAD S0: 1 append success next 1 match 0
051247 LEAD S0: prevLog &raft.Entry{Command:interface {}(nil), Term:0, Index:0}
051247 LEAD S0: prevLog &raft.Entry{Command:interface {}(nil), Term:0, Index:0}
051248 INFO S2: (term 1) follower 收到 [0] AppendEntries [], prevIndex 0, prevTerm 0
051248 LEAD S0: 2 append success next 1 match 0
051249 INFO S1: (term 1) follower 收到 [0] AppendEntries [], prevIndex 0, prevTerm 0
051249 LEAD S0: 1 append success next 1 match 0
051751 LEAD S0: prevLog &raft.Entry{Command:interface {}(nil), Term:0, Index:0}
051751 LEAD S0: prevLog &raft.Entry{Command:interface {}(nil), Term:0, Index:0}
051752 INFO S2: (term 1) follower 收到 [0] AppendEntries [], prevIndex 0, prevTerm 0
051753 LEAD S0: 2 append success next 1 match 0
051753 INFO S1: (term 1) follower 收到 [0] AppendEntries [], prevIndex 0, prevTerm 0
051755 LEAD S0: 1 append success next 1 match 0
052255 LEAD S0: prevLog &raft.Entry{Command:interface {}(nil), Term:0, Index:0}
052255 LEAD S0: prevLog &raft.Entry{Command:interface {}(nil), Term:0, Index:0}
052256 INFO S2: (term 1) follower 收到 [0] AppendEntries [], prevIndex 0, prevTerm 0
052256 INFO S1: (term 1) follower 收到 [0] AppendEntries [], prevIndex 0, prevTerm 0
052256 LEAD S0: 1 append success next 1 match 0
052256 LEAD S0: 2 append success next 1 match 0
052758 LEAD S0: prevLog &raft.Entry{Command:interface {}(nil), Term:0, Index:0}
052759 LEAD S0: prevLog &raft.Entry{Command:interface {}(nil), Term:0, Index:0}
052760 INFO S2: (term 1) follower 收到 [0] AppendEntries [], prevIndex 0, prevTerm 0
052760 LEAD S0: 2 append success next 1 match 0
052760 INFO S1: (term 1) follower 收到 [0] AppendEntries [], prevIndex 0, prevTerm 0
052761 LEAD S0: 1 append success next 1 match 0
053261 LEAD S0: prevLog &raft.Entry{Command:interface {}(nil), Term:0, Index:0}
053261 LEAD S0: prevLog &raft.Entry{Command:interface {}(nil), Term:0, Index:0}
053262 INFO S2: (term 1) follower 收到 [0] AppendEntries [], prevIndex 0, prevTerm 0
053262 LEAD S0: 2 append success next 1 match 0
053262 INFO S1: (term 1) follower 收到 [0] AppendEntries [], prevIndex 0, prevTerm 0
053262 LEAD S0: 1 append success next 1 match 0
053763 LEAD S0: prevLog &raft.Entry{Command:interface {}(nil), Term:0, Index:0}
053763 LEAD S0: prevLog &raft.Entry{Command:interface {}(nil), Term:0, Index:0}
053764 INFO S1: (term 1) follower 收到 [0] AppendEntries [], prevIndex 0, prevTerm 0
053764 INFO S2: (term 1) follower 收到 [0] AppendEntries [], prevIndex 0, prevTerm 0
053764 LEAD S0: 2 append success next 1 match 0
053764 LEAD S0: 1 append success next 1 match 0
054264 LEAD S0: prevLog &raft.Entry{Command:interface {}(nil), Term:0, Index:0}
054264 LEAD S0: prevLog &raft.Entry{Command:interface {}(nil), Term:0, Index:0}
054265 INFO S1: (term 1) follower 收到 [0] AppendEntries [], prevIndex 0, prevTerm 0
054265 LEAD S0: 1 append success next 1 match 0
054265 INFO S2: (term 1) follower 收到 [0] AppendEntries [], prevIndex 0, prevTerm 0
054266 LEAD S0: 2 append success next 1 match 0
054767 LEAD S0: prevLog &raft.Entry{Command:interface {}(nil), Term:0, Index:0}
054768 LEAD S0: prevLog &raft.Entry{Command:interface {}(nil), Term:0, Index:0}
054768 INFO S1: (term 1) follower 收到 [0] AppendEntries [], prevIndex 0, prevTerm 0
054769 INFO S2: (term 1) follower 收到 [0] AppendEntries [], prevIndex 0, prevTerm 0
054769 LEAD S0: 1 append success next 1 match 0
054769 LEAD S0: 2 append success next 1 match 0
055270 LEAD S0: prevLog &raft.Entry{Command:interface {}(nil), Term:0, Index:0}
055270 LEAD S0: prevLog &raft.Entry{Command:interface {}(nil), Term:0, Index:0}
055271 INFO S1: (term 1) follower 收到 [0] AppendEntries [], prevIndex 0, prevTerm 0
055272 INFO S2: (term 1) follower 收到 [0] AppendEntries [], prevIndex 0, prevTerm 0
055272 LEAD S0: 1 append success next 1 match 0
055273 LEAD S0: 2 append success next 1 match 0
055772 LEAD S0: prevLog &raft.Entry{Command:interface {}(nil), Term:0, Index:0}
055772 LEAD S0: prevLog &raft.Entry{Command:interface {}(nil), Term:0, Index:0}
055773 INFO S1: (term 1) follower 收到 [0] AppendEntries [], prevIndex 0, prevTerm 0
055773 INFO S2: (term 1) follower 收到 [0] AppendEntries [], prevIndex 0, prevTerm 0
055774 LEAD S0: 1 append success next 1 match 0
055774 LEAD S0: 2 append success next 1 match 0
056274 LEAD S0: prevLog &raft.Entry{Command:interface {}(nil), Term:0, Index:0}
056274 LEAD S0: prevLog &raft.Entry{Command:interface {}(nil), Term:0, Index:0}
056275 INFO S1: (term 1) follower 收到 [0] AppendEntries [], prevIndex 0, prevTerm 0
056275 INFO S2: (term 1) follower 收到 [0] AppendEntries [], prevIndex 0, prevTerm 0
056275 LEAD S0: 2 append success next 1 match 0
056275 LEAD S0: 1 append success next 1 match 0
056775 LEAD S0: prevLog &raft.Entry{Command:interface {}(nil), Term:0, Index:0}
056776 LEAD S0: prevLog &raft.Entry{Command:interface {}(nil), Term:0, Index:0}
056776 INFO S2: (term 1) follower 收到 [0] AppendEntries [], prevIndex 0, prevTerm 0
056776 INFO S1: (term 1) follower 收到 [0] AppendEntries [], prevIndex 0, prevTerm 0
056777 LEAD S0: 2 append success next 1 match 0
056777 LEAD S0: 1 append success next 1 match 0
057277 LEAD S0: prevLog &raft.Entry{Command:interface {}(nil), Term:0, Index:0}
057277 LEAD S0: prevLog &raft.Entry{Command:interface {}(nil), Term:0, Index:0}
057278 INFO S1: (term 1) follower 收到 [0] AppendEntries [], prevIndex 0, prevTerm 0
057278 INFO S2: (term 1) follower 收到 [0] AppendEntries [], prevIndex 0, prevTerm 0
057278 LEAD S0: 1 append success next 1 match 0
057278 LEAD S0: 2 append success next 1 match 0
057780 LEAD S0: prevLog &raft.Entry{Command:interface {}(nil), Term:0, Index:0}
057780 LEAD S0: prevLog &raft.Entry{Command:interface {}(nil), Term:0, Index:0}
057780 INFO S2: (term 1) follower 收到 [0] AppendEntries [], prevIndex 0, prevTerm 0
057780 INFO S1: (term 1) follower 收到 [0] AppendEntries [], prevIndex 0, prevTerm 0
057781 LEAD S0: 2 append success next 1 match 0
057781 LEAD S0: 1 append success next 1 match 0
058281 LEAD S0: prevLog &raft.Entry{Command:interface {}(nil), Term:0, Index:0}
058281 LEAD S0: prevLog &raft.Entry{Command:interface {}(nil), Term:0, Index:0}
058281 INFO S2: (term 1) follower 收到 [0] AppendEntries [], prevIndex 0, prevTerm 0
058282 INFO S1: (term 1) follower 收到 [0] AppendEntries [], prevIndex 0, prevTerm 0
058282 LEAD S0: 2 append success next 1 match 0
058282 LEAD S0: 1 append success next 1 match 0
058783 LEAD S0: prevLog &raft.Entry{Command:interface {}(nil), Term:0, Index:0}
058783 LEAD S0: prevLog &raft.Entry{Command:interface {}(nil), Term:0, Index:0}
058784 INFO S1: (term 1) follower 收到 [0] AppendEntries [], prevIndex 0, prevTerm 0
058784 INFO S2: (term 1) follower 收到 [0] AppendEntries [], prevIndex 0, prevTerm 0
058784 LEAD S0: 1 append success next 1 match 0
058785 LEAD S0: 2 append success next 1 match 0
059285 LEAD S0: prevLog &raft.Entry{Command:interface {}(nil), Term:0, Index:0}
059285 LEAD S0: prevLog &raft.Entry{Command:interface {}(nil), Term:0, Index:0}
059286 INFO S1: (term 1) follower 收到 [0] AppendEntries [], prevIndex 0, prevTerm 0
059286 INFO S2: (term 1) follower 收到 [0] AppendEntries [], prevIndex 0, prevTerm 0
059286 LEAD S0: 1 append success next 1 match 0
059286 LEAD S0: 2 append success next 1 match 0
059787 LEAD S0: prevLog &raft.Entry{Command:interface {}(nil), Term:0, Index:0}
059787 LEAD S0: prevLog &raft.Entry{Command:interface {}(nil), Term:0, Index:0}
059788 INFO S1: (term 1) follower 收到 [0] AppendEntries [], prevIndex 0, prevTerm 0
059788 INFO S2: (term 1) follower 收到 [0] AppendEntries [], prevIndex 0, prevTerm 0
059788 LEAD S0: 1 append success next 1 match 0
059788 LEAD S0: 2 append success next 1 match 0
060289 LEAD S0: prevLog &raft.Entry{Command:interface {}(nil), Term:0, Index:0}
060289 LEAD S0: prevLog &raft.Entry{Command:interface {}(nil), Term:0, Index:0}
060290 INFO S2: (term 1) follower 收到 [0] AppendEntries [], prevIndex 0, prevTerm 0
060290 LEAD S0: 2 append success next 1 match 0
060291 INFO S1: (term 1) follower 收到 [0] AppendEntries [], prevIndex 0, prevTerm 0
060291 LEAD S0: 1 append success next 1 match 0
060790 LEAD S0: prevLog &raft.Entry{Command:interface {}(nil), Term:0, Index:0}
060791 LEAD S0: prevLog &raft.Entry{Command:interface {}(nil), Term:0, Index:0}
060791 INFO S2: (term 1) follower 收到 [0] AppendEntries [], prevIndex 0, prevTerm 0
060792 LEAD S0: 2 append success next 1 match 0
060792 INFO S1: (term 1) follower 收到 [0] AppendEntries [], prevIndex 0, prevTerm 0
060792 LEAD S0: 1 append success next 1 match 0
061292 LEAD S0: prevLog &raft.Entry{Command:interface {}(nil), Term:0, Index:0}
061292 LEAD S0: prevLog &raft.Entry{Command:interface {}(nil), Term:0, Index:0}
061293 INFO S1: (term 1) follower 收到 [0] AppendEntries [], prevIndex 0, prevTerm 0
061293 INFO S2: (term 1) follower 收到 [0] AppendEntries [], prevIndex 0, prevTerm 0
061293 LEAD S0: 1 append success next 1 match 0
061293 LEAD S0: 2 append success next 1 match 0
061793 LEAD S0: prevLog &raft.Entry{Command:interface {}(nil), Term:0, Index:0}
061794 LEAD S0: prevLog &raft.Entry{Command:interface {}(nil), Term:0, Index:0}
061794 INFO S1: (term 1) follower 收到 [0] AppendEntries [], prevIndex 0, prevTerm 0
061794 INFO S2: (term 1) follower 收到 [0] AppendEntries [], prevIndex 0, prevTerm 0
061795 LEAD S0: 1 append success next 1 match 0
061795 LEAD S0: 2 append success next 1 match 0
062295 LEAD S0: prevLog &raft.Entry{Command:interface {}(nil), Term:0, Index:0}
062296 LEAD S0: prevLog &raft.Entry{Command:interface {}(nil), Term:0, Index:0}
062297 INFO S2: (term 1) follower 收到 [0] AppendEntries [], prevIndex 0, prevTerm 0
062297 LEAD S0: 2 append success next 1 match 0
062298 INFO S1: (term 1) follower 收到 [0] AppendEntries [], prevIndex 0, prevTerm 0
062299 LEAD S0: 1 append success next 1 match 0
062797 LEAD S0: prevLog &raft.Entry{Command:interface {}(nil), Term:0, Index:0}
062797 LEAD S0: prevLog &raft.Entry{Command:interface {}(nil), Term:0, Index:0}
062798 INFO S2: (term 1) follower 收到 [0] AppendEntries [], prevIndex 0, prevTerm 0
062798 INFO S1: (term 1) follower 收到 [0] AppendEntries [], prevIndex 0, prevTerm 0
062798 LEAD S0: 2 append success next 1 match 0
062799 LEAD S0: 1 append success next 1 match 0
063300 LEAD S0: prevLog &raft.Entry{Command:interface {}(nil), Term:0, Index:0}
063300 LEAD S0: prevLog &raft.Entry{Command:interface {}(nil), Term:0, Index:0}
063300 INFO S2: (term 1) follower 收到 [0] AppendEntries [], prevIndex 0, prevTerm 0
063301 LEAD S0: 2 append success next 1 match 0
063301 INFO S1: (term 1) follower 收到 [0] AppendEntries [], prevIndex 0, prevTerm 0
063301 LEAD S0: 1 append success next 1 match 0
063802 LEAD S0: prevLog &raft.Entry{Command:interface {}(nil), Term:0, Index:0}
063802 LEAD S0: prevLog &raft.Entry{Command:interface {}(nil), Term:0, Index:0}
063803 INFO S1: (term 1) follower 收到 [0] AppendEntries [], prevIndex 0, prevTerm 0
063803 INFO S2: (term 1) follower 收到 [0] AppendEntries [], prevIndex 0, prevTerm 0
063804 LEAD S0: 2 append success next 1 match 0
063804 LEAD S0: 1 append success next 1 match 0
064305 LEAD S0: prevLog &raft.Entry{Command:interface {}(nil), Term:0, Index:0}
064306 LEAD S0: prevLog &raft.Entry{Command:interface {}(nil), Term:0, Index:0}
064307 INFO S2: (term 1) follower 收到 [0] AppendEntries [], prevIndex 0, prevTerm 0
064307 INFO S1: (term 1) follower 收到 [0] AppendEntries [], prevIndex 0, prevTerm 0
064308 LEAD S0: 1 append success next 1 match 0
064309 LEAD S0: 2 append success next 1 match 0
064809 LEAD S0: prevLog &raft.Entry{Command:interface {}(nil), Term:0, Index:0}
064809 LEAD S0: prevLog &raft.Entry{Command:interface {}(nil), Term:0, Index:0}
064809 INFO S2: (term 1) follower 收到 [0] AppendEntries [], prevIndex 0, prevTerm 0
064809 INFO S1: (term 1) follower 收到 [0] AppendEntries [], prevIndex 0, prevTerm 0
064810 LEAD S0: 2 append success next 1 match 0
064810 LEAD S0: 1 append success next 1 match 0
065310 LEAD S0: prevLog &raft.Entry{Command:interface {}(nil), Term:0, Index:0}
065310 LEAD S0: prevLog &raft.Entry{Command:interface {}(nil), Term:0, Index:0}
065311 INFO S2: (term 1) follower 收到 [0] AppendEntries [], prevIndex 0, prevTerm 0
065311 INFO S1: (term 1) follower 收到 [0] AppendEntries [], prevIndex 0, prevTerm 0
065311 LEAD S0: 1 append success next 1 match 0
065311 LEAD S0: 2 append success next 1 match 0
065812 LEAD S0: prevLog &raft.Entry{Command:interface {}(nil), Term:0, Index:0}
065812 LEAD S0: prevLog &raft.Entry{Command:interface {}(nil), Term:0, Index:0}
065813 INFO S2: (term 1) follower 收到 [0] AppendEntries [], prevIndex 0, prevTerm 0
065813 LEAD S0: 2 append success next 1 match 0
065814 INFO S1: (term 1) follower 收到 [0] AppendEntries [], prevIndex 0, prevTerm 0
065814 LEAD S0: 1 append success next 1 match 0
066314 LEAD S0: prevLog &raft.Entry{Command:interface {}(nil), Term:0, Index:0}
066314 LEAD S0: prevLog &raft.Entry{Command:interface {}(nil), Term:0, Index:0}
066315 INFO S1: (term 1) follower 收到 [0] AppendEntries [], prevIndex 0, prevTerm 0
066315 INFO S2: (term 1) follower 收到 [0] AppendEntries [], prevIndex 0, prevTerm 0
066316 LEAD S0: 2 append success next 1 match 0
066316 LEAD S0: 1 append success next 1 match 0
066816 LEAD S0: prevLog &raft.Entry{Command:interface {}(nil), Term:0, Index:0}
066816 LEAD S0: prevLog &raft.Entry{Command:interface {}(nil), Term:0, Index:0}
066817 INFO S2: (term 1) follower 收到 [0] AppendEntries [], prevIndex 0, prevTerm 0
066817 LEAD S0: 2 append success next 1 match 0
066817 INFO S1: (term 1) follower 收到 [0] AppendEntries [], prevIndex 0, prevTerm 0
066818 LEAD S0: 1 append success next 1 match 0
067318 LEAD S0: prevLog &raft.Entry{Command:interface {}(nil), Term:0, Index:0}
067318 LEAD S0: prevLog &raft.Entry{Command:interface {}(nil), Term:0, Index:0}
067319 INFO S1: (term 1) follower 收到 [0] AppendEntries [], prevIndex 0, prevTerm 0
067319 INFO S2: (term 1) follower 收到 [0] AppendEntries [], prevIndex 0, prevTerm 0
067319 LEAD S0: 1 append success next 1 match 0
067320 LEAD S0: 2 append success next 1 match 0
067820 LEAD S0: prevLog &raft.Entry{Command:interface {}(nil), Term:0, Index:0}
067820 LEAD S0: prevLog &raft.Entry{Command:interface {}(nil), Term:0, Index:0}
067821 INFO S1: (term 1) follower 收到 [0] AppendEntries [], prevIndex 0, prevTerm 0
067821 LEAD S0: 1 append success next 1 match 0
067821 INFO S2: (term 1) follower 收到 [0] AppendEntries [], prevIndex 0, prevTerm 0
067821 LEAD S0: 2 append success next 1 match 0
068322 LEAD S0: prevLog &raft.Entry{Command:interface {}(nil), Term:0, Index:0}
068323 LEAD S0: prevLog &raft.Entry{Command:interface {}(nil), Term:0, Index:0}
068323 INFO S2: (term 1) follower 收到 [0] AppendEntries [], prevIndex 0, prevTerm 0
068323 INFO S1: (term 1) follower 收到 [0] AppendEntries [], prevIndex 0, prevTerm 0
068324 LEAD S0: 2 append success next 1 match 0
068324 LEAD S0: 1 append success next 1 match 0
068825 LEAD S0: prevLog &raft.Entry{Command:interface {}(nil), Term:0, Index:0}
068825 LEAD S0: prevLog &raft.Entry{Command:interface {}(nil), Term:0, Index:0}
068826 INFO S1: (term 1) follower 收到 [0] AppendEntries [], prevIndex 0, prevTerm 0
068826 INFO S2: (term 1) follower 收到 [0] AppendEntries [], prevIndex 0, prevTerm 0
068827 LEAD S0: 1 append success next 1 match 0
068827 LEAD S0: 2 append success next 1 match 0
069327 LEAD S0: prevLog &raft.Entry{Command:interface {}(nil), Term:0, Index:0}
069327 LEAD S0: prevLog &raft.Entry{Command:interface {}(nil), Term:0, Index:0}
069327 INFO S2: (term 1) follower 收到 [0] AppendEntries [], prevIndex 0, prevTerm 0
069328 LEAD S0: 2 append success next 1 match 0
069328 INFO S1: (term 1) follower 收到 [0] AppendEntries [], prevIndex 0, prevTerm 0
069328 LEAD S0: 1 append success next 1 match 0
069829 LEAD S0: prevLog &raft.Entry{Command:interface {}(nil), Term:0, Index:0}
069830 LEAD S0: prevLog &raft.Entry{Command:interface {}(nil), Term:0, Index:0}
069831 INFO S2: (term 1) follower 收到 [0] AppendEntries [], prevIndex 0, prevTerm 0
069831 INFO S1: (term 1) follower 收到 [0] AppendEntries [], prevIndex 0, prevTerm 0
069832 LEAD S0: 1 append success next 1 match 0
069833 LEAD S0: 2 append success next 1 match 0
070334 LEAD S0: prevLog &raft.Entry{Command:interface {}(nil), Term:0, Index:0}
070334 LEAD S0: prevLog &raft.Entry{Command:interface {}(nil), Term:0, Index:0}
070336 INFO S2: (term 1) follower 收到 [0] AppendEntries [], prevIndex 0, prevTerm 0
070337 INFO S1: (term 1) follower 收到 [0] AppendEntries [], prevIndex 0, prevTerm 0
070338 LEAD S0: 1 append success next 1 match 0
070338 LEAD S0: 2 append success next 1 match 0
070837 LEAD S0: prevLog &raft.Entry{Command:interface {}(nil), Term:0, Index:0}
070837 LEAD S0: prevLog &raft.Entry{Command:interface {}(nil), Term:0, Index:0}
070838 INFO S2: (term 1) follower 收到 [0] AppendEntries [], prevIndex 0, prevTerm 0
070839 LEAD S0: 2 append success next 1 match 0
070839 INFO S1: (term 1) follower 收到 [0] AppendEntries [], prevIndex 0, prevTerm 0
070840 LEAD S0: 1 append success next 1 match 0
071340 LEAD S0: prevLog &raft.Entry{Command:interface {}(nil), Term:0, Index:0}
071340 LEAD S0: prevLog &raft.Entry{Command:interface {}(nil), Term:0, Index:0}
071341 INFO S2: (term 1) follower 收到 [0] AppendEntries [], prevIndex 0, prevTerm 0
071341 INFO S1: (term 1) follower 收到 [0] AppendEntries [], prevIndex 0, prevTerm 0
071341 LEAD S0: 2 append success next 1 match 0
071341 LEAD S0: 1 append success next 1 match 0
071842 LEAD S0: prevLog &raft.Entry{Command:interface {}(nil), Term:0, Index:0}
071842 LEAD S0: prevLog &raft.Entry{Command:interface {}(nil), Term:0, Index:0}
071843 INFO S1: (term 1) follower 收到 [0] AppendEntries [], prevIndex 0, prevTerm 0
071843 INFO S2: (term 1) follower 收到 [0] AppendEntries [], prevIndex 0, prevTerm 0
071843 LEAD S0: 1 append success next 1 match 0
071843 LEAD S0: 2 append success next 1 match 0
072348 LEAD S0: prevLog &raft.Entry{Command:interface {}(nil), Term:0, Index:0}
072349 LEAD S0: prevLog &raft.Entry{Command:interface {}(nil), Term:0, Index:0}
072351 INFO S2: (term 1) follower 收到 [0] AppendEntries [], prevIndex 0, prevTerm 0
072354 INFO S1: (term 1) follower 收到 [0] AppendEntries [], prevIndex 0, prevTerm 0
072356 LEAD S0: 2 append success next 1 match 0
072358 LEAD S0: 1 append success next 1 match 0
072850 LEAD S0: prevLog &raft.Entry{Command:interface {}(nil), Term:0, Index:0}
072850 LEAD S0: prevLog &raft.Entry{Command:interface {}(nil), Term:0, Index:0}
072851 INFO S1: (term 1) follower 收到 [0] AppendEntries [], prevIndex 0, prevTerm 0
072851 LEAD S0: 1 append success next 1 match 0
072851 INFO S2: (term 1) follower 收到 [0] AppendEntries [], prevIndex 0, prevTerm 0
072852 LEAD S0: 2 append success next 1 match 0
073352 LEAD S0: prevLog &raft.Entry{Command:interface {}(nil), Term:0, Index:0}
073352 LEAD S0: prevLog &raft.Entry{Command:interface {}(nil), Term:0, Index:0}
073353 INFO S2: (term 1) follower 收到 [0] AppendEntries [], prevIndex 0, prevTerm 0
073353 INFO S1: (term 1) follower 收到 [0] AppendEntries [], prevIndex 0, prevTerm 0
073353 LEAD S0: 2 append success next 1 match 0
073353 LEAD S0: 1 append success next 1 match 0
073855 LEAD S0: prevLog &raft.Entry{Command:interface {}(nil), Term:0, Index:0}
073855 LEAD S0: prevLog &raft.Entry{Command:interface {}(nil), Term:0, Index:0}
073856 INFO S2: (term 1) follower 收到 [0] AppendEntries [], prevIndex 0, prevTerm 0
073856 INFO S1: (term 1) follower 收到 [0] AppendEntries [], prevIndex 0, prevTerm 0
073857 LEAD S0: 2 append success next 1 match 0
073857 LEAD S0: 1 append success next 1 match 0
074357 LEAD S0: prevLog &raft.Entry{Command:interface {}(nil), Term:0, Index:0}
074357 LEAD S0: prevLog &raft.Entry{Command:interface {}(nil), Term:0, Index:0}
074358 INFO S1: (term 1) follower 收到 [0] AppendEntries [], prevIndex 0, prevTerm 0
074358 LEAD S0: 1 append success next 1 match 0
074358 INFO S2: (term 1) follower 收到 [0] AppendEntries [], prevIndex 0, prevTerm 0
074359 LEAD S0: 2 append success next 1 match 0
074860 LEAD S0: prevLog &raft.Entry{Command:interface {}(nil), Term:0, Index:0}
074860 LEAD S0: prevLog &raft.Entry{Command:interface {}(nil), Term:0, Index:0}
074860 INFO S2: (term 1) follower 收到 [0] AppendEntries [], prevIndex 0, prevTerm 0
074860 INFO S1: (term 1) follower 收到 [0] AppendEntries [], prevIndex 0, prevTerm 0
074861 LEAD S0: 2 append success next 1 match 0
074861 LEAD S0: 1 append success next 1 match 0
075362 LEAD S0: prevLog &raft.Entry{Command:interface {}(nil), Term:0, Index:0}
075362 LEAD S0: prevLog &raft.Entry{Command:interface {}(nil), Term:0, Index:0}
075362 INFO S1: (term 1) follower 收到 [0] AppendEntries [], prevIndex 0, prevTerm 0
075362 INFO S2: (term 1) follower 收到 [0] AppendEntries [], prevIndex 0, prevTerm 0
075363 LEAD S0: 2 append success next 1 match 0
075363 LEAD S0: 1 append success next 1 match 0
075864 LEAD S0: prevLog &raft.Entry{Command:interface {}(nil), Term:0, Index:0}
075864 LEAD S0: prevLog &raft.Entry{Command:interface {}(nil), Term:0, Index:0}
075865 INFO S2: (term 1) follower 收到 [0] AppendEntries [], prevIndex 0, prevTerm 0
075865 INFO S1: (term 1) follower 收到 [0] AppendEntries [], prevIndex 0, prevTerm 0
075865 LEAD S0: 1 append success next 1 match 0
075865 LEAD S0: 2 append success next 1 match 0
076368 LEAD S0: prevLog &raft.Entry{Command:interface {}(nil), Term:0, Index:0}
076368 LEAD S0: prevLog &raft.Entry{Command:interface {}(nil), Term:0, Index:0}
076369 INFO S1: (term 1) follower 收到 [0] AppendEntries [], prevIndex 0, prevTerm 0
076369 INFO S2: (term 1) follower 收到 [0] AppendEntries [], prevIndex 0, prevTerm 0
076369 LEAD S0: 1 append success next 1 match 0
076369 LEAD S0: 2 append success next 1 match 0
076871 LEAD S0: prevLog &raft.Entry{Command:interface {}(nil), Term:0, Index:0}
076871 LEAD S0: prevLog &raft.Entry{Command:interface {}(nil), Term:0, Index:0}
076871 INFO S1: (term 1) follower 收到 [0] AppendEntries [], prevIndex 0, prevTerm 0
076872 LEAD S0: 1 append success next 1 match 0
076872 INFO S2: (term 1) follower 收到 [0] AppendEntries [], prevIndex 0, prevTerm 0
076872 LEAD S0: 2 append success next 1 match 0
077373 LEAD S0: prevLog &raft.Entry{Command:interface {}(nil), Term:0, Index:0}
077373 LEAD S0: prevLog &raft.Entry{Command:interface {}(nil), Term:0, Index:0}
077374 INFO S2: (term 1) follower 收到 [0] AppendEntries [], prevIndex 0, prevTerm 0
077374 INFO S1: (term 1) follower 收到 [0] AppendEntries [], prevIndex 0, prevTerm 0
077375 LEAD S0: 2 append success next 1 match 0
077375 LEAD S0: 1 append success next 1 match 0
077876 LEAD S0: prevLog &raft.Entry{Command:interface {}(nil), Term:0, Index:0}
077876 LEAD S0: prevLog &raft.Entry{Command:interface {}(nil), Term:0, Index:0}
077877 INFO S2: (term 1) follower 收到 [0] AppendEntries [], prevIndex 0, prevTerm 0
077878 INFO S1: (term 1) follower 收到 [0] AppendEntries [], prevIndex 0, prevTerm 0
077878 LEAD S0: 2 append success next 1 match 0
077878 LEAD S0: 1 append success next 1 match 0
078381 LEAD S0: prevLog &raft.Entry{Command:interface {}(nil), Term:0, Index:0}
078381 LEAD S0: prevLog &raft.Entry{Command:interface {}(nil), Term:0, Index:0}
078382 INFO S2: (term 1) follower 收到 [0] AppendEntries [], prevIndex 0, prevTerm 0
078383 LEAD S0: 2 append success next 1 match 0
078384 INFO S1: (term 1) follower 收到 [0] AppendEntries [], prevIndex 0, prevTerm 0
078386 LEAD S0: 1 append success next 1 match 0
078883 LEAD S0: prevLog &raft.Entry{Command:interface {}(nil), Term:0, Index:0}
078883 LEAD S0: prevLog &raft.Entry{Command:interface {}(nil), Term:0, Index:0}
078884 INFO S2: (term 1) follower 收到 [0] AppendEntries [], prevIndex 0, prevTerm 0
078884 LEAD S0: 2 append success next 1 match 0
078884 INFO S1: (term 1) follower 收到 [0] AppendEntries [], prevIndex 0, prevTerm 0
078885 LEAD S0: 1 append success next 1 match 0
079385 LEAD S0: prevLog &raft.Entry{Command:interface {}(nil), Term:0, Index:0}
079385 LEAD S0: prevLog &raft.Entry{Command:interface {}(nil), Term:0, Index:0}
079386 INFO S1: (term 1) follower 收到 [0] AppendEntries [], prevIndex 0, prevTerm 0
079386 INFO S2: (term 1) follower 收到 [0] AppendEntries [], prevIndex 0, prevTerm 0
079387 LEAD S0: 1 append success next 1 match 0
079387 LEAD S0: 2 append success next 1 match 0
079888 LEAD S0: prevLog &raft.Entry{Command:interface {}(nil), Term:0, Index:0}
079888 LEAD S0: prevLog &raft.Entry{Command:interface {}(nil), Term:0, Index:0}
079889 INFO S2: (term 1) follower 收到 [0] AppendEntries [], prevIndex 0, prevTerm 0
079889 INFO S1: (term 1) follower 收到 [0] AppendEntries [], prevIndex 0, prevTerm 0
079889 LEAD S0: 1 append success next 1 match 0
079889 LEAD S0: 2 append success next 1 match 0
080391 LEAD S0: prevLog &raft.Entry{Command:interface {}(nil), Term:0, Index:0}
080391 LEAD S0: prevLog &raft.Entry{Command:interface {}(nil), Term:0, Index:0}
080392 INFO S1: (term 1) follower 收到 [0] AppendEntries [], prevIndex 0, prevTerm 0
080392 INFO S2: (term 1) follower 收到 [0] AppendEntries [], prevIndex 0, prevTerm 0
080392 LEAD S0: 1 append success next 1 match 0
080392 LEAD S0: 2 append success next 1 match 0
080893 LEAD S0: prevLog &raft.Entry{Command:interface {}(nil), Term:0, Index:0}
080893 LEAD S0: prevLog &raft.Entry{Command:interface {}(nil), Term:0, Index:0}
080894 INFO S1: (term 1) follower 收到 [0] AppendEntries [], prevIndex 0, prevTerm 0
080894 INFO S2: (term 1) follower 收到 [0] AppendEntries [], prevIndex 0, prevTerm 0
080894 LEAD S0: 1 append success next 1 match 0
080894 LEAD S0: 2 append success next 1 match 0
081394 LEAD S0: prevLog &raft.Entry{Command:interface {}(nil), Term:0, Index:0}
081395 LEAD S0: prevLog &raft.Entry{Command:interface {}(nil), Term:0, Index:0}
081395 INFO S1: (term 1) follower 收到 [0] AppendEntries [], prevIndex 0, prevTerm 0
081396 INFO S2: (term 1) follower 收到 [0] AppendEntries [], prevIndex 0, prevTerm 0
081396 LEAD S0: 1 append success next 1 match 0
081396 LEAD S0: 2 append success next 1 match 0
081896 LEAD S0: prevLog &raft.Entry{Command:interface {}(nil), Term:0, Index:0}
081896 LEAD S0: prevLog &raft.Entry{Command:interface {}(nil), Term:0, Index:0}
081897 INFO S1: (term 1) follower 收到 [0] AppendEntries [], prevIndex 0, prevTerm 0
081897 INFO S2: (term 1) follower 收到 [0] AppendEntries [], prevIndex 0, prevTerm 0
081897 LEAD S0: 1 append success next 1 match 0
081897 LEAD S0: 2 append success next 1 match 0
082398 LEAD S0: prevLog &raft.Entry{Command:interface {}(nil), Term:0, Index:0}
082398 LEAD S0: prevLog &raft.Entry{Command:interface {}(nil), Term:0, Index:0}
082398 INFO S2: (term 1) follower 收到 [0] AppendEntries [], prevIndex 0, prevTerm 0
082398 INFO S1: (term 1) follower 收到 [0] AppendEntries [], prevIndex 0, prevTerm 0
082399 LEAD S0: 1 append success next 1 match 0
082399 LEAD S0: 2 append success next 1 match 0
082901 LEAD S0: prevLog &raft.Entry{Command:interface {}(nil), Term:0, Index:0}
082902 LEAD S0: prevLog &raft.Entry{Command:interface {}(nil), Term:0, Index:0}
082902 INFO S1: (term 1) follower 收到 [0] AppendEntries [], prevIndex 0, prevTerm 0
082902 INFO S2: (term 1) follower 收到 [0] AppendEntries [], prevIndex 0, prevTerm 0
082902 LEAD S0: 1 append success next 1 match 0
082903 LEAD S0: 2 append success next 1 match 0
083404 LEAD S0: prevLog &raft.Entry{Command:interface {}(nil), Term:0, Index:0}
083404 LEAD S0: prevLog &raft.Entry{Command:interface {}(nil), Term:0, Index:0}
083405 INFO S1: (term 1) follower 收到 [0] AppendEntries [], prevIndex 0, prevTerm 0
083406 INFO S2: (term 1) follower 收到 [0] AppendEntries [], prevIndex 0, prevTerm 0
083406 LEAD S0: 1 append success next 1 match 0
083407 LEAD S0: 2 append success next 1 match 0
083905 LEAD S0: prevLog &raft.Entry{Command:interface {}(nil), Term:0, Index:0}
083905 LEAD S0: prevLog &raft.Entry{Command:interface {}(nil), Term:0, Index:0}
083906 INFO S2: (term 1) follower 收到 [0] AppendEntries [], prevIndex 0, prevTerm 0
083906 LEAD S0: 2 append success next 1 match 0
083907 INFO S1: (term 1) follower 收到 [0] AppendEntries [], prevIndex 0, prevTerm 0
083907 LEAD S0: 1 append success next 1 match 0
084408 LEAD S0: prevLog &raft.Entry{Command:interface {}(nil), Term:0, Index:0}
084408 LEAD S0: prevLog &raft.Entry{Command:interface {}(nil), Term:0, Index:0}
084409 INFO S2: (term 1) follower 收到 [0] AppendEntries [], prevIndex 0, prevTerm 0
084409 INFO S1: (term 1) follower 收到 [0] AppendEntries [], prevIndex 0, prevTerm 0
084409 LEAD S0: 2 append success next 1 match 0
084409 LEAD S0: 1 append success next 1 match 0
084910 LEAD S0: prevLog &raft.Entry{Command:interface {}(nil), Term:0, Index:0}
084911 LEAD S0: prevLog &raft.Entry{Command:interface {}(nil), Term:0, Index:0}
084911 INFO S2: (term 1) follower 收到 [0] AppendEntries [], prevIndex 0, prevTerm 0
084911 INFO S1: (term 1) follower 收到 [0] AppendEntries [], prevIndex 0, prevTerm 0
084911 LEAD S0: 1 append success next 1 match 0
084911 LEAD S0: 2 append success next 1 match 0
085415 LEAD S0: prevLog &raft.Entry{Command:interface {}(nil), Term:0, Index:0}
085415 LEAD S0: prevLog &raft.Entry{Command:interface {}(nil), Term:0, Index:0}
085418 INFO S2: (term 1) follower 收到 [0] AppendEntries [], prevIndex 0, prevTerm 0
085419 INFO S1: (term 1) follower 收到 [0] AppendEntries [], prevIndex 0, prevTerm 0
085419 LEAD S0: 2 append success next 1 match 0
085420 LEAD S0: 1 append success next 1 match 0
085917 LEAD S0: prevLog &raft.Entry{Command:interface {}(nil), Term:0, Index:0}
085917 LEAD S0: prevLog &raft.Entry{Command:interface {}(nil), Term:0, Index:0}
085918 INFO S1: (term 1) follower 收到 [0] AppendEntries [], prevIndex 0, prevTerm 0
085918 INFO S2: (term 1) follower 收到 [0] AppendEntries [], prevIndex 0, prevTerm 0
085918 LEAD S0: 1 append success next 1 match 0
085918 LEAD S0: 2 append success next 1 match 0
086420 LEAD S0: prevLog &raft.Entry{Command:interface {}(nil), Term:0, Index:0}
086420 LEAD S0: prevLog &raft.Entry{Command:interface {}(nil), Term:0, Index:0}
086421 INFO S2: (term 1) follower 收到 [0] AppendEntries [], prevIndex 0, prevTerm 0
086421 INFO S1: (term 1) follower 收到 [0] AppendEntries [], prevIndex 0, prevTerm 0
086422 LEAD S0: 2 append success next 1 match 0
086422 LEAD S0: 1 append success next 1 match 0
086922 LEAD S0: prevLog &raft.Entry{Command:interface {}(nil), Term:0, Index:0}
086922 LEAD S0: prevLog &raft.Entry{Command:interface {}(nil), Term:0, Index:0}
086922 INFO S1: (term 1) follower 收到 [0] AppendEntries [], prevIndex 0, prevTerm 0
086923 INFO S2: (term 1) follower 收到 [0] AppendEntries [], prevIndex 0, prevTerm 0
086923 LEAD S0: 1 append success next 1 match 0
086923 LEAD S0: 2 append success next 1 match 0
087423 LEAD S0: prevLog &raft.Entry{Command:interface {}(nil), Term:0, Index:0}
087424 LEAD S0: prevLog &raft.Entry{Command:interface {}(nil), Term:0, Index:0}
087424 INFO S1: (term 1) follower 收到 [0] AppendEntries [], prevIndex 0, prevTerm 0
087424 INFO S2: (term 1) follower 收到 [0] AppendEntries [], prevIndex 0, prevTerm 0
087425 LEAD S0: 2 append success next 1 match 0
087425 LEAD S0: 1 append success next 1 match 0
087925 LEAD S0: prevLog &raft.Entry{Command:interface {}(nil), Term:0, Index:0}
087925 LEAD S0: prevLog &raft.Entry{Command:interface {}(nil), Term:0, Index:0}
087926 INFO S2: (term 1) follower 收到 [0] AppendEntries [], prevIndex 0, prevTerm 0
087926 INFO S1: (term 1) follower 收到 [0] AppendEntries [], prevIndex 0, prevTerm 0
087926 LEAD S0: 2 append success next 1 match 0
087926 LEAD S0: 1 append success next 1 match 0
088427 LEAD S0: prevLog &raft.Entry{Command:interface {}(nil), Term:0, Index:0}
088427 LEAD S0: prevLog &raft.Entry{Command:interface {}(nil), Term:0, Index:0}
088428 INFO S2: (term 1) follower 收到 [0] AppendEntries [], prevIndex 0, prevTerm 0
088428 LEAD S0: 2 append success next 1 match 0
088428 INFO S1: (term 1) follower 收到 [0] AppendEntries [], prevIndex 0, prevTerm 0
088428 LEAD S0: 1 append success next 1 match 0
088930 LEAD S0: prevLog &raft.Entry{Command:interface {}(nil), Term:0, Index:0}
088930 LEAD S0: prevLog &raft.Entry{Command:interface {}(nil), Term:0, Index:0}
088931 INFO S2: (term 1) follower 收到 [0] AppendEntries [], prevIndex 0, prevTerm 0
088931 INFO S1: (term 1) follower 收到 [0] AppendEntries [], prevIndex 0, prevTerm 0
088931 LEAD S0: 2 append success next 1 match 0
088931 LEAD S0: 1 append success next 1 match 0
089431 LEAD S0: prevLog &raft.Entry{Command:interface {}(nil), Term:0, Index:0}
089432 LEAD S0: prevLog &raft.Entry{Command:interface {}(nil), Term:0, Index:0}
089432 INFO S1: (term 1) follower 收到 [0] AppendEntries [], prevIndex 0, prevTerm 0
089432 INFO S2: (term 1) follower 收到 [0] AppendEntries [], prevIndex 0, prevTerm 0
089433 LEAD S0: 2 append success next 1 match 0
089433 LEAD S0: 1 append success next 1 match 0
089933 LEAD S0: prevLog &raft.Entry{Command:interface {}(nil), Term:0, Index:0}
089933 LEAD S0: prevLog &raft.Entry{Command:interface {}(nil), Term:0, Index:0}
089934 INFO S1: (term 1) follower 收到 [0] AppendEntries [], prevIndex 0, prevTerm 0
089934 INFO S2: (term 1) follower 收到 [0] AppendEntries [], prevIndex 0, prevTerm 0
089934 LEAD S0: 1 append success next 1 match 0
089934 LEAD S0: 2 append success next 1 match 0
090435 LEAD S0: prevLog &raft.Entry{Command:interface {}(nil), Term:0, Index:0}
090435 LEAD S0: prevLog &raft.Entry{Command:interface {}(nil), Term:0, Index:0}
090436 INFO S2: (term 1) follower 收到 [0] AppendEntries [], prevIndex 0, prevTerm 0
090437 INFO S1: (term 1) follower 收到 [0] AppendEntries [], prevIndex 0, prevTerm 0
090437 LEAD S0: 2 append success next 1 match 0
090437 LEAD S0: 1 append success next 1 match 0
090937 LEAD S0: prevLog &raft.Entry{Command:interface {}(nil), Term:0, Index:0}
090937 LEAD S0: prevLog &raft.Entry{Command:interface {}(nil), Term:0, Index:0}
090938 INFO S1: (term 1) follower 收到 [0] AppendEntries [], prevIndex 0, prevTerm 0
090938 LEAD S0: 1 append success next 1 match 0
090938 INFO S2: (term 1) follower 收到 [0] AppendEntries [], prevIndex 0, prevTerm 0
090939 LEAD S0: 2 append success next 1 match 0
091439 LEAD S0: prevLog &raft.Entry{Command:interface {}(nil), Term:0, Index:0}
091439 LEAD S0: prevLog &raft.Entry{Command:interface {}(nil), Term:0, Index:0}
091439 INFO S1: (term 1) follower 收到 [0] AppendEntries [], prevIndex 0, prevTerm 0
091440 LEAD S0: 1 append success next 1 match 0
091440 INFO S2: (term 1) follower 收到 [0] AppendEntries [], prevIndex 0, prevTerm 0
091440 LEAD S0: 2 append success next 1 match 0
091940 LEAD S0: prevLog &raft.Entry{Command:interface {}(nil), Term:0, Index:0}
091941 LEAD S0: prevLog &raft.Entry{Command:interface {}(nil), Term:0, Index:0}
091941 INFO S1: (term 1) follower 收到 [0] AppendEntries [], prevIndex 0, prevTerm 0
091942 INFO S2: (term 1) follower 收到 [0] AppendEntries [], prevIndex 0, prevTerm 0
091942 LEAD S0: 1 append success next 1 match 0
091942 LEAD S0: 2 append success next 1 match 0
092442 LEAD S0: prevLog &raft.Entry{Command:interface {}(nil), Term:0, Index:0}
092442 LEAD S0: prevLog &raft.Entry{Command:interface {}(nil), Term:0, Index:0}
092443 INFO S2: (term 1) follower 收到 [0] AppendEntries [], prevIndex 0, prevTerm 0
092443 INFO S1: (term 1) follower 收到 [0] AppendEntries [], prevIndex 0, prevTerm 0
092443 LEAD S0: 1 append success next 1 match 0
092443 LEAD S0: 2 append success next 1 match 0
092945 LEAD S0: prevLog &raft.Entry{Command:interface {}(nil), Term:0, Index:0}
092945 LEAD S0: prevLog &raft.Entry{Command:interface {}(nil), Term:0, Index:0}
092946 INFO S2: (term 1) follower 收到 [0] AppendEntries [], prevIndex 0, prevTerm 0
092946 LEAD S0: 2 append success next 1 match 0
092946 INFO S1: (term 1) follower 收到 [0] AppendEntries [], prevIndex 0, prevTerm 0
092946 LEAD S0: 1 append success next 1 match 0
093446 LEAD S0: prevLog &raft.Entry{Command:interface {}(nil), Term:0, Index:0}
093447 LEAD S0: prevLog &raft.Entry{Command:interface {}(nil), Term:0, Index:0}
093447 INFO S1: (term 1) follower 收到 [0] AppendEntries [], prevIndex 0, prevTerm 0
093447 INFO S2: (term 1) follower 收到 [0] AppendEntries [], prevIndex 0, prevTerm 0
093448 LEAD S0: 1 append success next 1 match 0
093448 LEAD S0: 2 append success next 1 match 0
093948 LEAD S0: prevLog &raft.Entry{Command:interface {}(nil), Term:0, Index:0}
093948 LEAD S0: prevLog &raft.Entry{Command:interface {}(nil), Term:0, Index:0}
093949 INFO S1: (term 1) follower 收到 [0] AppendEntries [], prevIndex 0, prevTerm 0
093949 INFO S2: (term 1) follower 收到 [0] AppendEntries [], prevIndex 0, prevTerm 0
093949 LEAD S0: 2 append success next 1 match 0
093950 LEAD S0: 1 append success next 1 match 0
094450 LEAD S0: prevLog &raft.Entry{Command:interface {}(nil), Term:0, Index:0}
094450 LEAD S0: prevLog &raft.Entry{Command:interface {}(nil), Term:0, Index:0}
094451 INFO S2: (term 1) follower 收到 [0] AppendEntries [], prevIndex 0, prevTerm 0
094451 INFO S1: (term 1) follower 收到 [0] AppendEntries [], prevIndex 0, prevTerm 0
094451 LEAD S0: 2 append success next 1 match 0
094451 LEAD S0: 1 append success next 1 match 0
094952 LEAD S0: prevLog &raft.Entry{Command:interface {}(nil), Term:0, Index:0}
094952 LEAD S0: prevLog &raft.Entry{Command:interface {}(nil), Term:0, Index:0}
094953 INFO S2: (term 1) follower 收到 [0] AppendEntries [], prevIndex 0, prevTerm 0
094953 INFO S1: (term 1) follower 收到 [0] AppendEntries [], prevIndex 0, prevTerm 0
094953 LEAD S0: 1 append success next 1 match 0
094953 LEAD S0: 2 append success next 1 match 0
095454 LEAD S0: prevLog &raft.Entry{Command:interface {}(nil), Term:0, Index:0}
095454 LEAD S0: prevLog &raft.Entry{Command:interface {}(nil), Term:0, Index:0}
095455 INFO S2: (term 1) follower 收到 [0] AppendEntries [], prevIndex 0, prevTerm 0
095455 LEAD S0: 2 append success next 1 match 0
095455 INFO S1: (term 1) follower 收到 [0] AppendEntries [], prevIndex 0, prevTerm 0
095456 LEAD S0: 1 append success next 1 match 0
095955 LEAD S0: prevLog &raft.Entry{Command:interface {}(nil), Term:0, Index:0}
095955 LEAD S0: prevLog &raft.Entry{Command:interface {}(nil), Term:0, Index:0}
095956 INFO S2: (term 1) follower 收到 [0] AppendEntries [], prevIndex 0, prevTerm 0
095956 LEAD S0: 2 append success next 1 match 0
095957 INFO S1: (term 1) follower 收到 [0] AppendEntries [], prevIndex 0, prevTerm 0
095957 LEAD S0: 1 append success next 1 match 0
096457 LEAD S0: prevLog &raft.Entry{Command:interface {}(nil), Term:0, Index:0}
096457 LEAD S0: prevLog &raft.Entry{Command:interface {}(nil), Term:0, Index:0}
096458 INFO S1: (term 1) follower 收到 [0] AppendEntries [], prevIndex 0, prevTerm 0
096458 INFO S2: (term 1) follower 收到 [0] AppendEntries [], prevIndex 0, prevTerm 0
096458 LEAD S0: 1 append success next 1 match 0
096458 LEAD S0: 2 append success next 1 match 0
096959 LEAD S0: prevLog &raft.Entry{Command:interface {}(nil), Term:0, Index:0}
096959 LEAD S0: prevLog &raft.Entry{Command:interface {}(nil), Term:0, Index:0}
096961 INFO S2: (term 1) follower 收到 [0] AppendEntries [], prevIndex 0, prevTerm 0
096961 INFO S1: (term 1) follower 收到 [0] AppendEntries [], prevIndex 0, prevTerm 0
096961 LEAD S0: 2 append success next 1 match 0
096962 LEAD S0: 1 append success next 1 match 0
097461 LEAD S0: prevLog &raft.Entry{Command:interface {}(nil), Term:0, Index:0}
097461 LEAD S0: prevLog &raft.Entry{Command:interface {}(nil), Term:0, Index:0}
097462 INFO S1: (term 1) follower 收到 [0] AppendEntries [], prevIndex 0, prevTerm 0
097462 INFO S2: (term 1) follower 收到 [0] AppendEntries [], prevIndex 0, prevTerm 0
097462 LEAD S0: 1 append success next 1 match 0
097462 LEAD S0: 2 append success next 1 match 0
097963 LEAD S0: prevLog &raft.Entry{Command:interface {}(nil), Term:0, Index:0}
097963 LEAD S0: prevLog &raft.Entry{Command:interface {}(nil), Term:0, Index:0}
097963 INFO S1: (term 1) follower 收到 [0] AppendEntries [], prevIndex 0, prevTerm 0
097963 INFO S2: (term 1) follower 收到 [0] AppendEntries [], prevIndex 0, prevTerm 0
097964 LEAD S0: 1 append success next 1 match 0
097964 LEAD S0: 2 append success next 1 match 0
098465 LEAD S0: prevLog &raft.Entry{Command:interface {}(nil), Term:0, Index:0}
098465 LEAD S0: prevLog &raft.Entry{Command:interface {}(nil), Term:0, Index:0}
098466 INFO S1: (term 1) follower 收到 [0] AppendEntries [], prevIndex 0, prevTerm 0
098466 INFO S2: (term 1) follower 收到 [0] AppendEntries [], prevIndex 0, prevTerm 0
098466 LEAD S0: 1 append success next 1 match 0
098467 LEAD S0: 2 append success next 1 match 0
098967 LEAD S0: prevLog &raft.Entry{Command:interface {}(nil), Term:0, Index:0}
098967 LEAD S0: prevLog &raft.Entry{Command:interface {}(nil), Term:0, Index:0}
098968 INFO S1: (term 1) follower 收到 [0] AppendEntries [], prevIndex 0, prevTerm 0
098968 INFO S2: (term 1) follower 收到 [0] AppendEntries [], prevIndex 0, prevTerm 0
098968 LEAD S0: 1 append success next 1 match 0
098968 LEAD S0: 2 append success next 1 match 0
099468 LEAD S0: prevLog &raft.Entry{Command:interface {}(nil), Term:0, Index:0}
099469 LEAD S0: prevLog &raft.Entry{Command:interface {}(nil), Term:0, Index:0}
099470 INFO S1: (term 1) follower 收到 [0] AppendEntries [], prevIndex 0, prevTerm 0
099470 INFO S2: (term 1) follower 收到 [0] AppendEntries [], prevIndex 0, prevTerm 0
099470 LEAD S0: 1 append success next 1 match 0
099470 LEAD S0: 2 append success next 1 match 0
099970 LEAD S0: prevLog &raft.Entry{Command:interface {}(nil), Term:0, Index:0}
099970 LEAD S0: prevLog &raft.Entry{Command:interface {}(nil), Term:0, Index:0}
099971 INFO S2: (term 1) follower 收到 [0] AppendEntries [], prevIndex 0, prevTerm 0
099971 INFO S1: (term 1) follower 收到 [0] AppendEntries [], prevIndex 0, prevTerm 0
099971 LEAD S0: 2 append success next 1 match 0
099971 LEAD S0: 1 append success next 1 match 0
100473 LEAD S0: prevLog &raft.Entry{Command:interface {}(nil), Term:0, Index:0}
100473 LEAD S0: prevLog &raft.Entry{Command:interface {}(nil), Term:0, Index:0}
--- FAIL: TestPersist12C (10.05s)
    config.go:609: one(11) failed to reach agreement
FAIL
exit status 1
FAIL	6.824/raft	10.048s
