Test (2C): basic persistence ...
002511 INFO S2: start leader election, term 1
002512 INFO S1: start leader election, term 1
002512 VOTE S2: term 1 send vote request to 1
002512 VOTE S1: term 1 send vote request to 2
002512 VOTE S2: term 1 send vote request to 0
002512 INFO S0: start leader election, term 1
002512 VOTE S0: term 1 send vote request to 2
002512 VOTE S1: term 1 send vote request to 0
002513 VOTE S0: term 1 send vote request to 1
002514 VOTE S1: 0 没有投给me，结束
002514 VOTE S1: 2 没有投给me，结束
002514 VOTE S0: 2 没有投给me，结束
002514 VOTE S0: 1 没有投给me，结束
002515 VOTE S2: 1 没有投给me，结束
002515 VOTE S2: 0 没有投给me，结束
005023 INFO S1: start leader election, term 2
005023 VOTE S1: term 2 send vote request to 0
005023 INFO S2: start leader election, term 2
005023 VOTE S2: term 2 send vote request to 1
005024 TERM S0: set new term 2
005023 VOTE S1: term 2 send vote request to 2
005024 VOTE S0: term 2 vote 1
005024 VOTE S2: term 2 send vote request to 0
005024 VOTE S2: 1 没有投给me，结束
005024 VOTE S1: reply from 0, term一致，且投给1
005024 LEAD S1: come to power, start to send heartbeat
005024 LEAD S1: prevLog &raft.Entry{Command:interface {}(nil), Term:0, Index:0}
005024 LEAD S1: prevLog &raft.Entry{Command:interface {}(nil), Term:0, Index:0}
005025 VOTE S2: 0 没有投给me，结束
005025 VOTE S1: 2 没有投给me，结束
005025 INFO S2: (term 2) follower 收到 [1] AppendEntries [], prevIndex 0, prevTerm 0
005025 INFO S0: (term 2) follower 收到 [1] AppendEntries [], prevIndex 0, prevTerm 0
005025 LEAD S1: 2 append success next 1 match 0
005025 LEAD S1: 0 append success next 1 match 0
005526 LEAD S1: prevLog &raft.Entry{Command:interface {}(nil), Term:0, Index:0}
005527 LEAD S1: prevLog &raft.Entry{Command:interface {}(nil), Term:0, Index:0}
005527 INFO S2: (term 2) follower 收到 [1] AppendEntries [], prevIndex 0, prevTerm 0
005527 INFO S0: (term 2) follower 收到 [1] AppendEntries [], prevIndex 0, prevTerm 0
005528 LEAD S1: 2 append success next 1 match 0
005528 LEAD S1: 0 append success next 1 match 0
006029 LEAD S1: prevLog &raft.Entry{Command:interface {}(nil), Term:0, Index:0}
006029 LEAD S1: prevLog &raft.Entry{Command:interface {}(nil), Term:0, Index:0}
006030 INFO S0: (term 2) follower 收到 [1] AppendEntries [], prevIndex 0, prevTerm 0
006031 INFO S2: (term 2) follower 收到 [1] AppendEntries [], prevIndex 0, prevTerm 0
006031 LEAD S1: 0 append success next 1 match 0
006032 LEAD S1: 2 append success next 1 match 0
006531 LEAD S1: prevLog &raft.Entry{Command:interface {}(nil), Term:0, Index:0}
006531 LEAD S1: prevLog &raft.Entry{Command:interface {}(nil), Term:0, Index:0}
006532 INFO S2: (term 2) follower 收到 [1] AppendEntries [], prevIndex 0, prevTerm 0
006532 LEAD S1: 2 append success next 1 match 0
006532 INFO S0: (term 2) follower 收到 [1] AppendEntries [], prevIndex 0, prevTerm 0
006532 LEAD S1: 0 append success next 1 match 0
007034 LEAD S1: prevLog &raft.Entry{Command:interface {}(nil), Term:0, Index:0}
007034 LEAD S1: prevLog &raft.Entry{Command:interface {}(nil), Term:0, Index:0}
007035 INFO S2: (term 2) follower 收到 [1] AppendEntries [], prevIndex 0, prevTerm 0
007035 INFO S0: (term 2) follower 收到 [1] AppendEntries [], prevIndex 0, prevTerm 0
007035 LEAD S1: 2 append success next 1 match 0
007036 LEAD S1: 0 append success next 1 match 0
007536 LEAD S1: prevLog &raft.Entry{Command:interface {}(nil), Term:0, Index:0}
007536 LEAD S1: prevLog &raft.Entry{Command:interface {}(nil), Term:0, Index:0}
007537 INFO S2: (term 2) follower 收到 [1] AppendEntries [], prevIndex 0, prevTerm 0
007537 LEAD S1: 2 append success next 1 match 0
007537 INFO S0: (term 2) follower 收到 [1] AppendEntries [], prevIndex 0, prevTerm 0
007537 LEAD S1: 0 append success next 1 match 0
008039 LEAD S1: prevLog &raft.Entry{Command:interface {}(nil), Term:0, Index:0}
008039 LEAD S1: prevLog &raft.Entry{Command:interface {}(nil), Term:0, Index:0}
008040 INFO S2: (term 2) follower 收到 [1] AppendEntries [], prevIndex 0, prevTerm 0
008040 LEAD S1: 2 append success next 1 match 0
008040 INFO S0: (term 2) follower 收到 [1] AppendEntries [], prevIndex 0, prevTerm 0
008041 LEAD S1: 0 append success next 1 match 0
008541 LEAD S1: prevLog &raft.Entry{Command:interface {}(nil), Term:0, Index:0}
008542 LEAD S1: prevLog &raft.Entry{Command:interface {}(nil), Term:0, Index:0}
008542 INFO S2: (term 2) follower 收到 [1] AppendEntries [], prevIndex 0, prevTerm 0
008543 LEAD S1: 2 append success next 1 match 0
008543 INFO S0: (term 2) follower 收到 [1] AppendEntries [], prevIndex 0, prevTerm 0
008543 LEAD S1: 0 append success next 1 match 0
009044 LEAD S1: prevLog &raft.Entry{Command:interface {}(nil), Term:0, Index:0}
009044 LEAD S1: prevLog &raft.Entry{Command:interface {}(nil), Term:0, Index:0}
009045 INFO S2: (term 2) follower 收到 [1] AppendEntries [], prevIndex 0, prevTerm 0
009045 INFO S0: (term 2) follower 收到 [1] AppendEntries [], prevIndex 0, prevTerm 0
009045 LEAD S1: 2 append success next 1 match 0
009045 LEAD S1: 0 append success next 1 match 0
009546 LEAD S1: prevLog &raft.Entry{Command:interface {}(nil), Term:0, Index:0}
009546 LEAD S1: prevLog &raft.Entry{Command:interface {}(nil), Term:0, Index:0}
009547 INFO S2: (term 2) follower 收到 [1] AppendEntries [], prevIndex 0, prevTerm 0
009547 LEAD S1: 2 append success next 1 match 0
009547 INFO S0: (term 2) follower 收到 [1] AppendEntries [], prevIndex 0, prevTerm 0
009548 LEAD S1: 0 append success next 1 match 0
010047 LEAD S1: prevLog &raft.Entry{Command:interface {}(nil), Term:0, Index:0}
010048 LEAD S1: prevLog &raft.Entry{Command:interface {}(nil), Term:0, Index:0}
010048 INFO S2: (term 2) follower 收到 [1] AppendEntries [], prevIndex 0, prevTerm 0
010049 LEAD S1: 2 append success next 1 match 0
010049 INFO S0: (term 2) follower 收到 [1] AppendEntries [], prevIndex 0, prevTerm 0
010050 LEAD S1: 0 append success next 1 match 0
010550 LEAD S1: prevLog &raft.Entry{Command:interface {}(nil), Term:0, Index:0}
010550 LEAD S1: prevLog &raft.Entry{Command:interface {}(nil), Term:0, Index:0}
010551 INFO S2: (term 2) follower 收到 [1] AppendEntries [], prevIndex 0, prevTerm 0
010551 LEAD S1: 2 append success next 1 match 0
010551 INFO S0: (term 2) follower 收到 [1] AppendEntries [], prevIndex 0, prevTerm 0
010552 LEAD S1: 0 append success next 1 match 0
011053 LEAD S1: prevLog &raft.Entry{Command:interface {}(nil), Term:0, Index:0}
011053 LEAD S1: prevLog &raft.Entry{Command:interface {}(nil), Term:0, Index:0}
011054 INFO S2: (term 2) follower 收到 [1] AppendEntries [], prevIndex 0, prevTerm 0
011054 LEAD S1: 2 append success next 1 match 0
011055 INFO S0: (term 2) follower 收到 [1] AppendEntries [], prevIndex 0, prevTerm 0
011055 LEAD S1: 0 append success next 1 match 0
011556 LEAD S1: prevLog &raft.Entry{Command:interface {}(nil), Term:0, Index:0}
011556 LEAD S1: prevLog &raft.Entry{Command:interface {}(nil), Term:0, Index:0}
011557 INFO S2: (term 2) follower 收到 [1] AppendEntries [], prevIndex 0, prevTerm 0
011557 INFO S0: (term 2) follower 收到 [1] AppendEntries [], prevIndex 0, prevTerm 0
011557 LEAD S1: 2 append success next 1 match 0
011558 LEAD S1: 0 append success next 1 match 0
012058 LEAD S1: prevLog &raft.Entry{Command:interface {}(nil), Term:0, Index:0}
012059 LEAD S1: prevLog &raft.Entry{Command:interface {}(nil), Term:0, Index:0}
012059 INFO S2: (term 2) follower 收到 [1] AppendEntries [], prevIndex 0, prevTerm 0
012059 INFO S0: (term 2) follower 收到 [1] AppendEntries [], prevIndex 0, prevTerm 0
012060 LEAD S1: 2 append success next 1 match 0
012060 LEAD S1: 0 append success next 1 match 0
012562 LEAD S1: prevLog &raft.Entry{Command:interface {}(nil), Term:0, Index:0}
012562 LEAD S1: prevLog &raft.Entry{Command:interface {}(nil), Term:0, Index:0}
012564 INFO S2: (term 2) follower 收到 [1] AppendEntries [], prevIndex 0, prevTerm 0
012564 INFO S0: (term 2) follower 收到 [1] AppendEntries [], prevIndex 0, prevTerm 0
012564 LEAD S1: 2 append success next 1 match 0
012565 LEAD S1: 0 append success next 1 match 0
013065 LEAD S1: prevLog &raft.Entry{Command:interface {}(nil), Term:0, Index:0}
013066 LEAD S1: prevLog &raft.Entry{Command:interface {}(nil), Term:0, Index:0}
013067 INFO S2: (term 2) follower 收到 [1] AppendEntries [], prevIndex 0, prevTerm 0
013068 INFO S0: (term 2) follower 收到 [1] AppendEntries [], prevIndex 0, prevTerm 0
013068 LEAD S1: 2 append success next 1 match 0
013069 LEAD S1: 0 append success next 1 match 0
013569 LEAD S1: prevLog &raft.Entry{Command:interface {}(nil), Term:0, Index:0}
013569 LEAD S1: prevLog &raft.Entry{Command:interface {}(nil), Term:0, Index:0}
013570 INFO S0: (term 2) follower 收到 [1] AppendEntries [], prevIndex 0, prevTerm 0
013570 LEAD S1: 0 append success next 1 match 0
013570 INFO S2: (term 2) follower 收到 [1] AppendEntries [], prevIndex 0, prevTerm 0
013571 LEAD S1: 2 append success next 1 match 0
014071 LEAD S1: prevLog &raft.Entry{Command:interface {}(nil), Term:0, Index:0}
014072 LEAD S1: prevLog &raft.Entry{Command:interface {}(nil), Term:0, Index:0}
014073 INFO S2: (term 2) follower 收到 [1] AppendEntries [], prevIndex 0, prevTerm 0
014073 INFO S0: (term 2) follower 收到 [1] AppendEntries [], prevIndex 0, prevTerm 0
014073 LEAD S1: 2 append success next 1 match 0
014074 LEAD S1: 0 append success next 1 match 0
014575 LEAD S1: prevLog &raft.Entry{Command:interface {}(nil), Term:0, Index:0}
014575 LEAD S1: prevLog &raft.Entry{Command:interface {}(nil), Term:0, Index:0}
014577 INFO S2: (term 2) follower 收到 [1] AppendEntries [], prevIndex 0, prevTerm 0
014578 INFO S0: (term 2) follower 收到 [1] AppendEntries [], prevIndex 0, prevTerm 0
014578 LEAD S1: 2 append success next 1 match 0
014579 LEAD S1: 0 append success next 1 match 0
015078 LEAD S1: prevLog &raft.Entry{Command:interface {}(nil), Term:0, Index:0}
015078 LEAD S1: prevLog &raft.Entry{Command:interface {}(nil), Term:0, Index:0}
015079 INFO S0: (term 2) follower 收到 [1] AppendEntries [], prevIndex 0, prevTerm 0
015079 INFO S2: (term 2) follower 收到 [1] AppendEntries [], prevIndex 0, prevTerm 0
015079 LEAD S1: 0 append success next 1 match 0
015079 LEAD S1: 2 append success next 1 match 0
015580 LEAD S1: prevLog &raft.Entry{Command:interface {}(nil), Term:0, Index:0}
015580 LEAD S1: prevLog &raft.Entry{Command:interface {}(nil), Term:0, Index:0}
015581 INFO S2: (term 2) follower 收到 [1] AppendEntries [], prevIndex 0, prevTerm 0
015581 LEAD S1: 2 append success next 1 match 0
015581 INFO S0: (term 2) follower 收到 [1] AppendEntries [], prevIndex 0, prevTerm 0
015582 LEAD S1: 0 append success next 1 match 0
016082 LEAD S1: prevLog &raft.Entry{Command:interface {}(nil), Term:0, Index:0}
016082 LEAD S1: prevLog &raft.Entry{Command:interface {}(nil), Term:0, Index:0}
016083 INFO S2: (term 2) follower 收到 [1] AppendEntries [], prevIndex 0, prevTerm 0
016083 LEAD S1: 2 append success next 1 match 0
016084 INFO S0: (term 2) follower 收到 [1] AppendEntries [], prevIndex 0, prevTerm 0
016084 LEAD S1: 0 append success next 1 match 0
016585 LEAD S1: prevLog &raft.Entry{Command:interface {}(nil), Term:0, Index:0}
016585 LEAD S1: prevLog &raft.Entry{Command:interface {}(nil), Term:0, Index:0}
016586 INFO S2: (term 2) follower 收到 [1] AppendEntries [], prevIndex 0, prevTerm 0
016586 LEAD S1: 2 append success next 1 match 0
016587 INFO S0: (term 2) follower 收到 [1] AppendEntries [], prevIndex 0, prevTerm 0
016587 LEAD S1: 0 append success next 1 match 0
017088 LEAD S1: prevLog &raft.Entry{Command:interface {}(nil), Term:0, Index:0}
017088 LEAD S1: prevLog &raft.Entry{Command:interface {}(nil), Term:0, Index:0}
017089 INFO S2: (term 2) follower 收到 [1] AppendEntries [], prevIndex 0, prevTerm 0
017089 LEAD S1: 2 append success next 1 match 0
017089 INFO S0: (term 2) follower 收到 [1] AppendEntries [], prevIndex 0, prevTerm 0
017090 LEAD S1: 0 append success next 1 match 0
017590 LEAD S1: prevLog &raft.Entry{Command:interface {}(nil), Term:0, Index:0}
017591 LEAD S1: prevLog &raft.Entry{Command:interface {}(nil), Term:0, Index:0}
017591 INFO S2: (term 2) follower 收到 [1] AppendEntries [], prevIndex 0, prevTerm 0
017592 LEAD S1: 2 append success next 1 match 0
017592 INFO S0: (term 2) follower 收到 [1] AppendEntries [], prevIndex 0, prevTerm 0
017592 LEAD S1: 0 append success next 1 match 0
018092 LEAD S1: prevLog &raft.Entry{Command:interface {}(nil), Term:0, Index:0}
018092 LEAD S1: prevLog &raft.Entry{Command:interface {}(nil), Term:0, Index:0}
018093 INFO S2: (term 2) follower 收到 [1] AppendEntries [], prevIndex 0, prevTerm 0
018093 LEAD S1: 2 append success next 1 match 0
018094 INFO S0: (term 2) follower 收到 [1] AppendEntries [], prevIndex 0, prevTerm 0
018094 LEAD S1: 0 append success next 1 match 0
018594 LEAD S1: prevLog &raft.Entry{Command:interface {}(nil), Term:0, Index:0}
018594 LEAD S1: prevLog &raft.Entry{Command:interface {}(nil), Term:0, Index:0}
018595 INFO S0: (term 2) follower 收到 [1] AppendEntries [], prevIndex 0, prevTerm 0
018595 LEAD S1: 0 append success next 1 match 0
018595 INFO S2: (term 2) follower 收到 [1] AppendEntries [], prevIndex 0, prevTerm 0
018596 LEAD S1: 2 append success next 1 match 0
019097 LEAD S1: prevLog &raft.Entry{Command:interface {}(nil), Term:0, Index:0}
019097 LEAD S1: prevLog &raft.Entry{Command:interface {}(nil), Term:0, Index:0}
019097 INFO S2: (term 2) follower 收到 [1] AppendEntries [], prevIndex 0, prevTerm 0
019098 LEAD S1: 2 append success next 1 match 0
019098 INFO S0: (term 2) follower 收到 [1] AppendEntries [], prevIndex 0, prevTerm 0
019099 LEAD S1: 0 append success next 1 match 0
019601 LEAD S1: prevLog &raft.Entry{Command:interface {}(nil), Term:0, Index:0}
019602 LEAD S1: prevLog &raft.Entry{Command:interface {}(nil), Term:0, Index:0}
019604 INFO S2: (term 2) follower 收到 [1] AppendEntries [], prevIndex 0, prevTerm 0
019605 INFO S0: (term 2) follower 收到 [1] AppendEntries [], prevIndex 0, prevTerm 0
019605 LEAD S1: 2 append success next 1 match 0
019606 LEAD S1: 0 append success next 1 match 0
020105 LEAD S1: prevLog &raft.Entry{Command:interface {}(nil), Term:0, Index:0}
020106 LEAD S1: prevLog &raft.Entry{Command:interface {}(nil), Term:0, Index:0}
020108 INFO S2: (term 2) follower 收到 [1] AppendEntries [], prevIndex 0, prevTerm 0
020109 INFO S0: (term 2) follower 收到 [1] AppendEntries [], prevIndex 0, prevTerm 0
020109 LEAD S1: 2 append success next 1 match 0
020111 LEAD S1: 0 append success next 1 match 0
020608 LEAD S1: prevLog &raft.Entry{Command:interface {}(nil), Term:0, Index:0}
020608 LEAD S1: prevLog &raft.Entry{Command:interface {}(nil), Term:0, Index:0}
020609 INFO S2: (term 2) follower 收到 [1] AppendEntries [], prevIndex 0, prevTerm 0
020609 LEAD S1: 2 append success next 1 match 0
020609 INFO S0: (term 2) follower 收到 [1] AppendEntries [], prevIndex 0, prevTerm 0
020609 LEAD S1: 0 append success next 1 match 0
021113 LEAD S1: prevLog &raft.Entry{Command:interface {}(nil), Term:0, Index:0}
021114 LEAD S1: prevLog &raft.Entry{Command:interface {}(nil), Term:0, Index:0}
021116 INFO S2: (term 2) follower 收到 [1] AppendEntries [], prevIndex 0, prevTerm 0
021116 LEAD S1: 2 append success next 1 match 0
021117 INFO S0: (term 2) follower 收到 [1] AppendEntries [], prevIndex 0, prevTerm 0
021118 LEAD S1: 0 append success next 1 match 0
021616 LEAD S1: prevLog &raft.Entry{Command:interface {}(nil), Term:0, Index:0}
021616 LEAD S1: prevLog &raft.Entry{Command:interface {}(nil), Term:0, Index:0}
021617 INFO S2: (term 2) follower 收到 [1] AppendEntries [], prevIndex 0, prevTerm 0
021617 LEAD S1: 2 append success next 1 match 0
021618 INFO S0: (term 2) follower 收到 [1] AppendEntries [], prevIndex 0, prevTerm 0
021618 LEAD S1: 0 append success next 1 match 0
022118 LEAD S1: prevLog &raft.Entry{Command:interface {}(nil), Term:0, Index:0}
022119 LEAD S1: prevLog &raft.Entry{Command:interface {}(nil), Term:0, Index:0}
022119 INFO S2: (term 2) follower 收到 [1] AppendEntries [], prevIndex 0, prevTerm 0
022120 LEAD S1: 2 append success next 1 match 0
022120 INFO S0: (term 2) follower 收到 [1] AppendEntries [], prevIndex 0, prevTerm 0
022121 LEAD S1: 0 append success next 1 match 0
022621 LEAD S1: prevLog &raft.Entry{Command:interface {}(nil), Term:0, Index:0}
022621 LEAD S1: prevLog &raft.Entry{Command:interface {}(nil), Term:0, Index:0}
022622 INFO S2: (term 2) follower 收到 [1] AppendEntries [], prevIndex 0, prevTerm 0
022622 LEAD S1: 2 append success next 1 match 0
022623 INFO S0: (term 2) follower 收到 [1] AppendEntries [], prevIndex 0, prevTerm 0
022623 LEAD S1: 0 append success next 1 match 0
023123 LEAD S1: prevLog &raft.Entry{Command:interface {}(nil), Term:0, Index:0}
023123 LEAD S1: prevLog &raft.Entry{Command:interface {}(nil), Term:0, Index:0}
023124 INFO S2: (term 2) follower 收到 [1] AppendEntries [], prevIndex 0, prevTerm 0
023124 LEAD S1: 2 append success next 1 match 0
023124 INFO S0: (term 2) follower 收到 [1] AppendEntries [], prevIndex 0, prevTerm 0
023124 LEAD S1: 0 append success next 1 match 0
023625 LEAD S1: prevLog &raft.Entry{Command:interface {}(nil), Term:0, Index:0}
023626 LEAD S1: prevLog &raft.Entry{Command:interface {}(nil), Term:0, Index:0}
023626 INFO S2: (term 2) follower 收到 [1] AppendEntries [], prevIndex 0, prevTerm 0
023627 LEAD S1: 2 append success next 1 match 0
023627 INFO S0: (term 2) follower 收到 [1] AppendEntries [], prevIndex 0, prevTerm 0
023627 LEAD S1: 0 append success next 1 match 0
024127 LEAD S1: prevLog &raft.Entry{Command:interface {}(nil), Term:0, Index:0}
024127 LEAD S1: prevLog &raft.Entry{Command:interface {}(nil), Term:0, Index:0}
024128 INFO S2: (term 2) follower 收到 [1] AppendEntries [], prevIndex 0, prevTerm 0
024128 LEAD S1: 2 append success next 1 match 0
024129 INFO S0: (term 2) follower 收到 [1] AppendEntries [], prevIndex 0, prevTerm 0
024129 LEAD S1: 0 append success next 1 match 0
024629 LEAD S1: prevLog &raft.Entry{Command:interface {}(nil), Term:0, Index:0}
024630 LEAD S1: prevLog &raft.Entry{Command:interface {}(nil), Term:0, Index:0}
024630 INFO S2: (term 2) follower 收到 [1] AppendEntries [], prevIndex 0, prevTerm 0
024631 LEAD S1: 2 append success next 1 match 0
024631 INFO S0: (term 2) follower 收到 [1] AppendEntries [], prevIndex 0, prevTerm 0
024631 LEAD S1: 0 append success next 1 match 0
025132 LEAD S1: prevLog &raft.Entry{Command:interface {}(nil), Term:0, Index:0}
025132 LEAD S1: prevLog &raft.Entry{Command:interface {}(nil), Term:0, Index:0}
025132 INFO S2: (term 2) follower 收到 [1] AppendEntries [], prevIndex 0, prevTerm 0
025133 LEAD S1: 2 append success next 1 match 0
025134 INFO S0: (term 2) follower 收到 [1] AppendEntries [], prevIndex 0, prevTerm 0
025134 LEAD S1: 0 append success next 1 match 0
025634 LEAD S1: prevLog &raft.Entry{Command:interface {}(nil), Term:0, Index:0}
025634 LEAD S1: prevLog &raft.Entry{Command:interface {}(nil), Term:0, Index:0}
025635 INFO S2: (term 2) follower 收到 [1] AppendEntries [], prevIndex 0, prevTerm 0
025635 LEAD S1: 2 append success next 1 match 0
025635 INFO S0: (term 2) follower 收到 [1] AppendEntries [], prevIndex 0, prevTerm 0
025636 LEAD S1: 0 append success next 1 match 0
026136 LEAD S1: prevLog &raft.Entry{Command:interface {}(nil), Term:0, Index:0}
026137 LEAD S1: prevLog &raft.Entry{Command:interface {}(nil), Term:0, Index:0}
026137 INFO S2: (term 2) follower 收到 [1] AppendEntries [], prevIndex 0, prevTerm 0
026137 INFO S0: (term 2) follower 收到 [1] AppendEntries [], prevIndex 0, prevTerm 0
026138 LEAD S1: 2 append success next 1 match 0
026138 LEAD S1: 0 append success next 1 match 0
026639 LEAD S1: prevLog &raft.Entry{Command:interface {}(nil), Term:0, Index:0}
026639 LEAD S1: prevLog &raft.Entry{Command:interface {}(nil), Term:0, Index:0}
026640 INFO S2: (term 2) follower 收到 [1] AppendEntries [], prevIndex 0, prevTerm 0
026640 LEAD S1: 2 append success next 1 match 0
026641 INFO S0: (term 2) follower 收到 [1] AppendEntries [], prevIndex 0, prevTerm 0
026641 LEAD S1: 0 append success next 1 match 0
027141 LEAD S1: prevLog &raft.Entry{Command:interface {}(nil), Term:0, Index:0}
027141 LEAD S1: prevLog &raft.Entry{Command:interface {}(nil), Term:0, Index:0}
027142 INFO S2: (term 2) follower 收到 [1] AppendEntries [], prevIndex 0, prevTerm 0
027142 LEAD S1: 2 append success next 1 match 0
027143 INFO S0: (term 2) follower 收到 [1] AppendEntries [], prevIndex 0, prevTerm 0
027143 LEAD S1: 0 append success next 1 match 0
027643 LEAD S1: prevLog &raft.Entry{Command:interface {}(nil), Term:0, Index:0}
027644 LEAD S1: prevLog &raft.Entry{Command:interface {}(nil), Term:0, Index:0}
027644 INFO S2: (term 2) follower 收到 [1] AppendEntries [], prevIndex 0, prevTerm 0
027645 LEAD S1: 2 append success next 1 match 0
027645 INFO S0: (term 2) follower 收到 [1] AppendEntries [], prevIndex 0, prevTerm 0
027645 LEAD S1: 0 append success next 1 match 0
028146 LEAD S1: prevLog &raft.Entry{Command:interface {}(nil), Term:0, Index:0}
028146 LEAD S1: prevLog &raft.Entry{Command:interface {}(nil), Term:0, Index:0}
028147 INFO S2: (term 2) follower 收到 [1] AppendEntries [], prevIndex 0, prevTerm 0
028147 LEAD S1: 2 append success next 1 match 0
028147 INFO S0: (term 2) follower 收到 [1] AppendEntries [], prevIndex 0, prevTerm 0
028148 LEAD S1: 0 append success next 1 match 0
028648 LEAD S1: prevLog &raft.Entry{Command:interface {}(nil), Term:0, Index:0}
028656 LEAD S1: prevLog &raft.Entry{Command:interface {}(nil), Term:0, Index:0}
028656 INFO S2: (term 2) follower 收到 [1] AppendEntries [], prevIndex 0, prevTerm 0
028657 LEAD S1: 2 append success next 1 match 0
028657 INFO S0: (term 2) follower 收到 [1] AppendEntries [], prevIndex 0, prevTerm 0
028657 LEAD S1: 0 append success next 1 match 0
029161 LEAD S1: prevLog &raft.Entry{Command:interface {}(nil), Term:0, Index:0}
029162 LEAD S1: prevLog &raft.Entry{Command:interface {}(nil), Term:0, Index:0}
029162 INFO S2: (term 2) follower 收到 [1] AppendEntries [], prevIndex 0, prevTerm 0
029163 LEAD S1: 2 append success next 1 match 0
029163 INFO S0: (term 2) follower 收到 [1] AppendEntries [], prevIndex 0, prevTerm 0
029164 LEAD S1: 0 append success next 1 match 0
029665 LEAD S1: prevLog &raft.Entry{Command:interface {}(nil), Term:0, Index:0}
029666 LEAD S1: prevLog &raft.Entry{Command:interface {}(nil), Term:0, Index:0}
029668 INFO S2: (term 2) follower 收到 [1] AppendEntries [], prevIndex 0, prevTerm 0
029669 INFO S0: (term 2) follower 收到 [1] AppendEntries [], prevIndex 0, prevTerm 0
029669 LEAD S1: 2 append success next 1 match 0
029670 LEAD S1: 0 append success next 1 match 0
030168 LEAD S1: prevLog &raft.Entry{Command:interface {}(nil), Term:0, Index:0}
030168 LEAD S1: prevLog &raft.Entry{Command:interface {}(nil), Term:0, Index:0}
030169 INFO S2: (term 2) follower 收到 [1] AppendEntries [], prevIndex 0, prevTerm 0
030169 LEAD S1: 2 append success next 1 match 0
030169 INFO S0: (term 2) follower 收到 [1] AppendEntries [], prevIndex 0, prevTerm 0
030170 LEAD S1: 0 append success next 1 match 0
030670 LEAD S1: prevLog &raft.Entry{Command:interface {}(nil), Term:0, Index:0}
030670 LEAD S1: prevLog &raft.Entry{Command:interface {}(nil), Term:0, Index:0}
030671 INFO S2: (term 2) follower 收到 [1] AppendEntries [], prevIndex 0, prevTerm 0
030671 LEAD S1: 2 append success next 1 match 0
030671 INFO S0: (term 2) follower 收到 [1] AppendEntries [], prevIndex 0, prevTerm 0
030671 LEAD S1: 0 append success next 1 match 0
031172 LEAD S1: prevLog &raft.Entry{Command:interface {}(nil), Term:0, Index:0}
031172 LEAD S1: prevLog &raft.Entry{Command:interface {}(nil), Term:0, Index:0}
031173 INFO S2: (term 2) follower 收到 [1] AppendEntries [], prevIndex 0, prevTerm 0
031173 LEAD S1: 2 append success next 1 match 0
031174 INFO S0: (term 2) follower 收到 [1] AppendEntries [], prevIndex 0, prevTerm 0
031174 LEAD S1: 0 append success next 1 match 0
031675 LEAD S1: prevLog &raft.Entry{Command:interface {}(nil), Term:0, Index:0}
031675 LEAD S1: prevLog &raft.Entry{Command:interface {}(nil), Term:0, Index:0}
031676 INFO S2: (term 2) follower 收到 [1] AppendEntries [], prevIndex 0, prevTerm 0
031676 LEAD S1: 2 append success next 1 match 0
031676 INFO S0: (term 2) follower 收到 [1] AppendEntries [], prevIndex 0, prevTerm 0
031677 LEAD S1: 0 append success next 1 match 0
032177 LEAD S1: prevLog &raft.Entry{Command:interface {}(nil), Term:0, Index:0}
032177 LEAD S1: prevLog &raft.Entry{Command:interface {}(nil), Term:0, Index:0}
032178 INFO S2: (term 2) follower 收到 [1] AppendEntries [], prevIndex 0, prevTerm 0
032178 LEAD S1: 2 append success next 1 match 0
032178 INFO S0: (term 2) follower 收到 [1] AppendEntries [], prevIndex 0, prevTerm 0
032179 LEAD S1: 0 append success next 1 match 0
032681 LEAD S1: prevLog &raft.Entry{Command:interface {}(nil), Term:0, Index:0}
032682 LEAD S1: prevLog &raft.Entry{Command:interface {}(nil), Term:0, Index:0}
032684 INFO S2: (term 2) follower 收到 [1] AppendEntries [], prevIndex 0, prevTerm 0
032685 INFO S0: (term 2) follower 收到 [1] AppendEntries [], prevIndex 0, prevTerm 0
032686 LEAD S1: 2 append success next 1 match 0
032686 LEAD S1: 0 append success next 1 match 0
033185 LEAD S1: prevLog &raft.Entry{Command:interface {}(nil), Term:0, Index:0}
033186 LEAD S1: prevLog &raft.Entry{Command:interface {}(nil), Term:0, Index:0}
033187 INFO S2: (term 2) follower 收到 [1] AppendEntries [], prevIndex 0, prevTerm 0
033188 LEAD S1: 2 append success next 1 match 0
033188 INFO S0: (term 2) follower 收到 [1] AppendEntries [], prevIndex 0, prevTerm 0
033189 LEAD S1: 0 append success next 1 match 0
033688 LEAD S1: prevLog &raft.Entry{Command:interface {}(nil), Term:0, Index:0}
033688 LEAD S1: prevLog &raft.Entry{Command:interface {}(nil), Term:0, Index:0}
033689 INFO S2: (term 2) follower 收到 [1] AppendEntries [], prevIndex 0, prevTerm 0
033689 LEAD S1: 2 append success next 1 match 0
033689 INFO S0: (term 2) follower 收到 [1] AppendEntries [], prevIndex 0, prevTerm 0
033690 LEAD S1: 0 append success next 1 match 0
034190 LEAD S1: prevLog &raft.Entry{Command:interface {}(nil), Term:0, Index:0}
034191 LEAD S1: prevLog &raft.Entry{Command:interface {}(nil), Term:0, Index:0}
034192 INFO S2: (term 2) follower 收到 [1] AppendEntries [], prevIndex 0, prevTerm 0
034192 INFO S0: (term 2) follower 收到 [1] AppendEntries [], prevIndex 0, prevTerm 0
034193 LEAD S1: 2 append success next 1 match 0
034193 LEAD S1: 0 append success next 1 match 0
034695 LEAD S1: prevLog &raft.Entry{Command:interface {}(nil), Term:0, Index:0}
034696 LEAD S1: prevLog &raft.Entry{Command:interface {}(nil), Term:0, Index:0}
034698 INFO S2: (term 2) follower 收到 [1] AppendEntries [], prevIndex 0, prevTerm 0
034699 INFO S0: (term 2) follower 收到 [1] AppendEntries [], prevIndex 0, prevTerm 0
034700 LEAD S1: 2 append success next 1 match 0
034701 LEAD S1: 0 append success next 1 match 0
035198 LEAD S1: prevLog &raft.Entry{Command:interface {}(nil), Term:0, Index:0}
035198 LEAD S1: prevLog &raft.Entry{Command:interface {}(nil), Term:0, Index:0}
035199 INFO S2: (term 2) follower 收到 [1] AppendEntries [], prevIndex 0, prevTerm 0
035199 LEAD S1: 2 append success next 1 match 0
035199 INFO S0: (term 2) follower 收到 [1] AppendEntries [], prevIndex 0, prevTerm 0
035200 LEAD S1: 0 append success next 1 match 0
035700 LEAD S1: prevLog &raft.Entry{Command:interface {}(nil), Term:0, Index:0}
035700 LEAD S1: prevLog &raft.Entry{Command:interface {}(nil), Term:0, Index:0}
035701 INFO S2: (term 2) follower 收到 [1] AppendEntries [], prevIndex 0, prevTerm 0
035701 LEAD S1: 2 append success next 1 match 0
035704 INFO S0: (term 2) follower 收到 [1] AppendEntries [], prevIndex 0, prevTerm 0
035705 LEAD S1: 0 append success next 1 match 0
036202 LEAD S1: prevLog &raft.Entry{Command:interface {}(nil), Term:0, Index:0}
036202 LEAD S1: prevLog &raft.Entry{Command:interface {}(nil), Term:0, Index:0}
036203 INFO S2: (term 2) follower 收到 [1] AppendEntries [], prevIndex 0, prevTerm 0
036203 LEAD S1: 2 append success next 1 match 0
036204 INFO S0: (term 2) follower 收到 [1] AppendEntries [], prevIndex 0, prevTerm 0
036204 LEAD S1: 0 append success next 1 match 0
036704 LEAD S1: prevLog &raft.Entry{Command:interface {}(nil), Term:0, Index:0}
036705 LEAD S1: prevLog &raft.Entry{Command:interface {}(nil), Term:0, Index:0}
036705 INFO S2: (term 2) follower 收到 [1] AppendEntries [], prevIndex 0, prevTerm 0
036705 LEAD S1: 2 append success next 1 match 0
036706 INFO S0: (term 2) follower 收到 [1] AppendEntries [], prevIndex 0, prevTerm 0
036706 LEAD S1: 0 append success next 1 match 0
037207 LEAD S1: prevLog &raft.Entry{Command:interface {}(nil), Term:0, Index:0}
037207 LEAD S1: prevLog &raft.Entry{Command:interface {}(nil), Term:0, Index:0}
037208 INFO S2: (term 2) follower 收到 [1] AppendEntries [], prevIndex 0, prevTerm 0
037208 LEAD S1: 2 append success next 1 match 0
037208 INFO S0: (term 2) follower 收到 [1] AppendEntries [], prevIndex 0, prevTerm 0
037209 LEAD S1: 0 append success next 1 match 0
037709 LEAD S1: prevLog &raft.Entry{Command:interface {}(nil), Term:0, Index:0}
037709 LEAD S1: prevLog &raft.Entry{Command:interface {}(nil), Term:0, Index:0}
037710 INFO S2: (term 2) follower 收到 [1] AppendEntries [], prevIndex 0, prevTerm 0
037710 LEAD S1: 2 append success next 1 match 0
037711 INFO S0: (term 2) follower 收到 [1] AppendEntries [], prevIndex 0, prevTerm 0
037711 LEAD S1: 0 append success next 1 match 0
038211 LEAD S1: prevLog &raft.Entry{Command:interface {}(nil), Term:0, Index:0}
038211 LEAD S1: prevLog &raft.Entry{Command:interface {}(nil), Term:0, Index:0}
038212 INFO S2: (term 2) follower 收到 [1] AppendEntries [], prevIndex 0, prevTerm 0
038212 LEAD S1: 2 append success next 1 match 0
038213 INFO S0: (term 2) follower 收到 [1] AppendEntries [], prevIndex 0, prevTerm 0
038213 LEAD S1: 0 append success next 1 match 0
038714 LEAD S1: prevLog &raft.Entry{Command:interface {}(nil), Term:0, Index:0}
038714 LEAD S1: prevLog &raft.Entry{Command:interface {}(nil), Term:0, Index:0}
038715 INFO S2: (term 2) follower 收到 [1] AppendEntries [], prevIndex 0, prevTerm 0
038715 LEAD S1: 2 append success next 1 match 0
038715 INFO S0: (term 2) follower 收到 [1] AppendEntries [], prevIndex 0, prevTerm 0
038716 LEAD S1: 0 append success next 1 match 0
039216 LEAD S1: prevLog &raft.Entry{Command:interface {}(nil), Term:0, Index:0}
039216 LEAD S1: prevLog &raft.Entry{Command:interface {}(nil), Term:0, Index:0}
039217 INFO S2: (term 2) follower 收到 [1] AppendEntries [], prevIndex 0, prevTerm 0
039217 LEAD S1: 2 append success next 1 match 0
039217 INFO S0: (term 2) follower 收到 [1] AppendEntries [], prevIndex 0, prevTerm 0
039218 LEAD S1: 0 append success next 1 match 0
039719 LEAD S1: prevLog &raft.Entry{Command:interface {}(nil), Term:0, Index:0}
039719 LEAD S1: prevLog &raft.Entry{Command:interface {}(nil), Term:0, Index:0}
039719 INFO S2: (term 2) follower 收到 [1] AppendEntries [], prevIndex 0, prevTerm 0
039720 LEAD S1: 2 append success next 1 match 0
039720 INFO S0: (term 2) follower 收到 [1] AppendEntries [], prevIndex 0, prevTerm 0
039720 LEAD S1: 0 append success next 1 match 0
040221 LEAD S1: prevLog &raft.Entry{Command:interface {}(nil), Term:0, Index:0}
040221 LEAD S1: prevLog &raft.Entry{Command:interface {}(nil), Term:0, Index:0}
040221 INFO S2: (term 2) follower 收到 [1] AppendEntries [], prevIndex 0, prevTerm 0
040222 LEAD S1: 2 append success next 1 match 0
040222 INFO S0: (term 2) follower 收到 [1] AppendEntries [], prevIndex 0, prevTerm 0
040222 LEAD S1: 0 append success next 1 match 0
040723 LEAD S1: prevLog &raft.Entry{Command:interface {}(nil), Term:0, Index:0}
040723 LEAD S1: prevLog &raft.Entry{Command:interface {}(nil), Term:0, Index:0}
040724 INFO S2: (term 2) follower 收到 [1] AppendEntries [], prevIndex 0, prevTerm 0
040724 LEAD S1: 2 append success next 1 match 0
040724 INFO S0: (term 2) follower 收到 [1] AppendEntries [], prevIndex 0, prevTerm 0
040725 LEAD S1: 0 append success next 1 match 0
041225 LEAD S1: prevLog &raft.Entry{Command:interface {}(nil), Term:0, Index:0}
041225 LEAD S1: prevLog &raft.Entry{Command:interface {}(nil), Term:0, Index:0}
041226 INFO S2: (term 2) follower 收到 [1] AppendEntries [], prevIndex 0, prevTerm 0
041226 LEAD S1: 2 append success next 1 match 0
041227 INFO S0: (term 2) follower 收到 [1] AppendEntries [], prevIndex 0, prevTerm 0
041227 LEAD S1: 0 append success next 1 match 0
041727 LEAD S1: prevLog &raft.Entry{Command:interface {}(nil), Term:0, Index:0}
041727 LEAD S1: prevLog &raft.Entry{Command:interface {}(nil), Term:0, Index:0}
041728 INFO S2: (term 2) follower 收到 [1] AppendEntries [], prevIndex 0, prevTerm 0
041728 LEAD S1: 2 append success next 1 match 0
041729 INFO S0: (term 2) follower 收到 [1] AppendEntries [], prevIndex 0, prevTerm 0
041729 LEAD S1: 0 append success next 1 match 0
042229 LEAD S1: prevLog &raft.Entry{Command:interface {}(nil), Term:0, Index:0}
042230 LEAD S1: prevLog &raft.Entry{Command:interface {}(nil), Term:0, Index:0}
042230 INFO S2: (term 2) follower 收到 [1] AppendEntries [], prevIndex 0, prevTerm 0
042231 LEAD S1: 2 append success next 1 match 0
042231 INFO S0: (term 2) follower 收到 [1] AppendEntries [], prevIndex 0, prevTerm 0
042231 LEAD S1: 0 append success next 1 match 0
042733 LEAD S1: prevLog &raft.Entry{Command:interface {}(nil), Term:0, Index:0}
042733 LEAD S1: prevLog &raft.Entry{Command:interface {}(nil), Term:0, Index:0}
042734 INFO S0: (term 2) follower 收到 [1] AppendEntries [], prevIndex 0, prevTerm 0
042734 INFO S2: (term 2) follower 收到 [1] AppendEntries [], prevIndex 0, prevTerm 0
042734 LEAD S1: 0 append success next 1 match 0
042734 LEAD S1: 2 append success next 1 match 0
043235 LEAD S1: prevLog &raft.Entry{Command:interface {}(nil), Term:0, Index:0}
043235 LEAD S1: prevLog &raft.Entry{Command:interface {}(nil), Term:0, Index:0}
043236 INFO S2: (term 2) follower 收到 [1] AppendEntries [], prevIndex 0, prevTerm 0
043236 LEAD S1: 2 append success next 1 match 0
043236 INFO S0: (term 2) follower 收到 [1] AppendEntries [], prevIndex 0, prevTerm 0
043237 LEAD S1: 0 append success next 1 match 0
043737 LEAD S1: prevLog &raft.Entry{Command:interface {}(nil), Term:0, Index:0}
043737 LEAD S1: prevLog &raft.Entry{Command:interface {}(nil), Term:0, Index:0}
043738 INFO S2: (term 2) follower 收到 [1] AppendEntries [], prevIndex 0, prevTerm 0
043738 LEAD S1: 2 append success next 1 match 0
043739 INFO S0: (term 2) follower 收到 [1] AppendEntries [], prevIndex 0, prevTerm 0
043739 LEAD S1: 0 append success next 1 match 0
044239 LEAD S1: prevLog &raft.Entry{Command:interface {}(nil), Term:0, Index:0}
044239 LEAD S1: prevLog &raft.Entry{Command:interface {}(nil), Term:0, Index:0}
044240 INFO S2: (term 2) follower 收到 [1] AppendEntries [], prevIndex 0, prevTerm 0
044240 LEAD S1: 2 append success next 1 match 0
044241 INFO S0: (term 2) follower 收到 [1] AppendEntries [], prevIndex 0, prevTerm 0
044241 LEAD S1: 0 append success next 1 match 0
044741 LEAD S1: prevLog &raft.Entry{Command:interface {}(nil), Term:0, Index:0}
044741 LEAD S1: prevLog &raft.Entry{Command:interface {}(nil), Term:0, Index:0}
044742 INFO S2: (term 2) follower 收到 [1] AppendEntries [], prevIndex 0, prevTerm 0
044742 INFO S0: (term 2) follower 收到 [1] AppendEntries [], prevIndex 0, prevTerm 0
044742 LEAD S1: 2 append success next 1 match 0
044743 LEAD S1: 0 append success next 1 match 0
045243 LEAD S1: prevLog &raft.Entry{Command:interface {}(nil), Term:0, Index:0}
045244 LEAD S1: prevLog &raft.Entry{Command:interface {}(nil), Term:0, Index:0}
045244 INFO S2: (term 2) follower 收到 [1] AppendEntries [], prevIndex 0, prevTerm 0
045245 LEAD S1: 2 append success next 1 match 0
045245 INFO S0: (term 2) follower 收到 [1] AppendEntries [], prevIndex 0, prevTerm 0
045245 LEAD S1: 0 append success next 1 match 0
045745 LEAD S1: prevLog &raft.Entry{Command:interface {}(nil), Term:0, Index:0}
045746 LEAD S1: prevLog &raft.Entry{Command:interface {}(nil), Term:0, Index:0}
045746 INFO S2: (term 2) follower 收到 [1] AppendEntries [], prevIndex 0, prevTerm 0
045746 LEAD S1: 2 append success next 1 match 0
045747 INFO S0: (term 2) follower 收到 [1] AppendEntries [], prevIndex 0, prevTerm 0
045747 LEAD S1: 0 append success next 1 match 0
046248 LEAD S1: prevLog &raft.Entry{Command:interface {}(nil), Term:0, Index:0}
046248 LEAD S1: prevLog &raft.Entry{Command:interface {}(nil), Term:0, Index:0}
046249 INFO S2: (term 2) follower 收到 [1] AppendEntries [], prevIndex 0, prevTerm 0
046249 LEAD S1: 2 append success next 1 match 0
046249 INFO S0: (term 2) follower 收到 [1] AppendEntries [], prevIndex 0, prevTerm 0
046250 LEAD S1: 0 append success next 1 match 0
046750 LEAD S1: prevLog &raft.Entry{Command:interface {}(nil), Term:0, Index:0}
046751 LEAD S1: prevLog &raft.Entry{Command:interface {}(nil), Term:0, Index:0}
046751 INFO S2: (term 2) follower 收到 [1] AppendEntries [], prevIndex 0, prevTerm 0
046752 LEAD S1: 2 append success next 1 match 0
046752 INFO S0: (term 2) follower 收到 [1] AppendEntries [], prevIndex 0, prevTerm 0
046752 LEAD S1: 0 append success next 1 match 0
047253 LEAD S1: prevLog &raft.Entry{Command:interface {}(nil), Term:0, Index:0}
047253 LEAD S1: prevLog &raft.Entry{Command:interface {}(nil), Term:0, Index:0}
047254 INFO S2: (term 2) follower 收到 [1] AppendEntries [], prevIndex 0, prevTerm 0
047254 LEAD S1: 2 append success next 1 match 0
047254 INFO S0: (term 2) follower 收到 [1] AppendEntries [], prevIndex 0, prevTerm 0
047255 LEAD S1: 0 append success next 1 match 0
047755 LEAD S1: prevLog &raft.Entry{Command:interface {}(nil), Term:0, Index:0}
047755 LEAD S1: prevLog &raft.Entry{Command:interface {}(nil), Term:0, Index:0}
047756 INFO S2: (term 2) follower 收到 [1] AppendEntries [], prevIndex 0, prevTerm 0
047756 LEAD S1: 2 append success next 1 match 0
047756 INFO S0: (term 2) follower 收到 [1] AppendEntries [], prevIndex 0, prevTerm 0
047757 LEAD S1: 0 append success next 1 match 0
048257 LEAD S1: prevLog &raft.Entry{Command:interface {}(nil), Term:0, Index:0}
048257 LEAD S1: prevLog &raft.Entry{Command:interface {}(nil), Term:0, Index:0}
048258 INFO S2: (term 2) follower 收到 [1] AppendEntries [], prevIndex 0, prevTerm 0
048258 LEAD S1: 2 append success next 1 match 0
048258 INFO S0: (term 2) follower 收到 [1] AppendEntries [], prevIndex 0, prevTerm 0
048258 LEAD S1: 0 append success next 1 match 0
048759 LEAD S1: prevLog &raft.Entry{Command:interface {}(nil), Term:0, Index:0}
048759 LEAD S1: prevLog &raft.Entry{Command:interface {}(nil), Term:0, Index:0}
048760 INFO S2: (term 2) follower 收到 [1] AppendEntries [], prevIndex 0, prevTerm 0
048760 LEAD S1: 2 append success next 1 match 0
048760 INFO S0: (term 2) follower 收到 [1] AppendEntries [], prevIndex 0, prevTerm 0
048761 LEAD S1: 0 append success next 1 match 0
049262 LEAD S1: prevLog &raft.Entry{Command:interface {}(nil), Term:0, Index:0}
049263 LEAD S1: prevLog &raft.Entry{Command:interface {}(nil), Term:0, Index:0}
049266 INFO S2: (term 2) follower 收到 [1] AppendEntries [], prevIndex 0, prevTerm 0
049266 INFO S0: (term 2) follower 收到 [1] AppendEntries [], prevIndex 0, prevTerm 0
049267 LEAD S1: 0 append success next 1 match 0
049267 LEAD S1: 2 append success next 1 match 0
049765 LEAD S1: prevLog &raft.Entry{Command:interface {}(nil), Term:0, Index:0}
049765 LEAD S1: prevLog &raft.Entry{Command:interface {}(nil), Term:0, Index:0}
049766 INFO S2: (term 2) follower 收到 [1] AppendEntries [], prevIndex 0, prevTerm 0
049766 LEAD S1: 2 append success next 1 match 0
049767 INFO S0: (term 2) follower 收到 [1] AppendEntries [], prevIndex 0, prevTerm 0
049767 LEAD S1: 0 append success next 1 match 0
050267 LEAD S1: prevLog &raft.Entry{Command:interface {}(nil), Term:0, Index:0}
050267 LEAD S1: prevLog &raft.Entry{Command:interface {}(nil), Term:0, Index:0}
050268 INFO S2: (term 2) follower 收到 [1] AppendEntries [], prevIndex 0, prevTerm 0
050268 LEAD S1: 2 append success next 1 match 0
050268 INFO S0: (term 2) follower 收到 [1] AppendEntries [], prevIndex 0, prevTerm 0
050269 LEAD S1: 0 append success next 1 match 0
050770 LEAD S1: prevLog &raft.Entry{Command:interface {}(nil), Term:0, Index:0}
050771 LEAD S1: prevLog &raft.Entry{Command:interface {}(nil), Term:0, Index:0}
050772 INFO S2: (term 2) follower 收到 [1] AppendEntries [], prevIndex 0, prevTerm 0
050773 LEAD S1: 2 append success next 1 match 0
050773 INFO S0: (term 2) follower 收到 [1] AppendEntries [], prevIndex 0, prevTerm 0
050774 LEAD S1: 0 append success next 1 match 0
051273 LEAD S1: prevLog &raft.Entry{Command:interface {}(nil), Term:0, Index:0}
051273 LEAD S1: prevLog &raft.Entry{Command:interface {}(nil), Term:0, Index:0}
051274 INFO S2: (term 2) follower 收到 [1] AppendEntries [], prevIndex 0, prevTerm 0
051274 LEAD S1: 2 append success next 1 match 0
051274 INFO S0: (term 2) follower 收到 [1] AppendEntries [], prevIndex 0, prevTerm 0
051274 LEAD S1: 0 append success next 1 match 0
051775 LEAD S1: prevLog &raft.Entry{Command:interface {}(nil), Term:0, Index:0}
051775 LEAD S1: prevLog &raft.Entry{Command:interface {}(nil), Term:0, Index:0}
051776 INFO S2: (term 2) follower 收到 [1] AppendEntries [], prevIndex 0, prevTerm 0
051776 LEAD S1: 2 append success next 1 match 0
051776 INFO S0: (term 2) follower 收到 [1] AppendEntries [], prevIndex 0, prevTerm 0
051777 LEAD S1: 0 append success next 1 match 0
052279 LEAD S1: prevLog &raft.Entry{Command:interface {}(nil), Term:0, Index:0}
052279 LEAD S1: prevLog &raft.Entry{Command:interface {}(nil), Term:0, Index:0}
052281 INFO S2: (term 2) follower 收到 [1] AppendEntries [], prevIndex 0, prevTerm 0
052282 INFO S0: (term 2) follower 收到 [1] AppendEntries [], prevIndex 0, prevTerm 0
052282 LEAD S1: 2 append success next 1 match 0
052283 LEAD S1: 0 append success next 1 match 0
052781 LEAD S1: prevLog &raft.Entry{Command:interface {}(nil), Term:0, Index:0}
052781 LEAD S1: prevLog &raft.Entry{Command:interface {}(nil), Term:0, Index:0}
052782 INFO S2: (term 2) follower 收到 [1] AppendEntries [], prevIndex 0, prevTerm 0
052783 LEAD S1: 2 append success next 1 match 0
052783 INFO S0: (term 2) follower 收到 [1] AppendEntries [], prevIndex 0, prevTerm 0
052783 LEAD S1: 0 append success next 1 match 0
053283 LEAD S1: prevLog &raft.Entry{Command:interface {}(nil), Term:0, Index:0}
053283 LEAD S1: prevLog &raft.Entry{Command:interface {}(nil), Term:0, Index:0}
053284 INFO S2: (term 2) follower 收到 [1] AppendEntries [], prevIndex 0, prevTerm 0
053284 LEAD S1: 2 append success next 1 match 0
053285 INFO S0: (term 2) follower 收到 [1] AppendEntries [], prevIndex 0, prevTerm 0
053285 LEAD S1: 0 append success next 1 match 0
053786 LEAD S1: prevLog &raft.Entry{Command:interface {}(nil), Term:0, Index:0}
053786 LEAD S1: prevLog &raft.Entry{Command:interface {}(nil), Term:0, Index:0}
053787 INFO S2: (term 2) follower 收到 [1] AppendEntries [], prevIndex 0, prevTerm 0
053787 LEAD S1: 2 append success next 1 match 0
053788 INFO S0: (term 2) follower 收到 [1] AppendEntries [], prevIndex 0, prevTerm 0
053788 LEAD S1: 0 append success next 1 match 0
054287 LEAD S1: prevLog &raft.Entry{Command:interface {}(nil), Term:0, Index:0}
054288 LEAD S1: prevLog &raft.Entry{Command:interface {}(nil), Term:0, Index:0}
054288 INFO S2: (term 2) follower 收到 [1] AppendEntries [], prevIndex 0, prevTerm 0
054288 LEAD S1: 2 append success next 1 match 0
054289 INFO S0: (term 2) follower 收到 [1] AppendEntries [], prevIndex 0, prevTerm 0
054289 LEAD S1: 0 append success next 1 match 0
054790 LEAD S1: prevLog &raft.Entry{Command:interface {}(nil), Term:0, Index:0}
054790 LEAD S1: prevLog &raft.Entry{Command:interface {}(nil), Term:0, Index:0}
054791 INFO S2: (term 2) follower 收到 [1] AppendEntries [], prevIndex 0, prevTerm 0
054791 LEAD S1: 2 append success next 1 match 0
054791 INFO S0: (term 2) follower 收到 [1] AppendEntries [], prevIndex 0, prevTerm 0
054792 LEAD S1: 0 append success next 1 match 0
055292 LEAD S1: prevLog &raft.Entry{Command:interface {}(nil), Term:0, Index:0}
055292 LEAD S1: prevLog &raft.Entry{Command:interface {}(nil), Term:0, Index:0}
055293 INFO S2: (term 2) follower 收到 [1] AppendEntries [], prevIndex 0, prevTerm 0
055293 LEAD S1: 2 append success next 1 match 0
055293 INFO S0: (term 2) follower 收到 [1] AppendEntries [], prevIndex 0, prevTerm 0
055293 LEAD S1: 0 append success next 1 match 0
055794 LEAD S1: prevLog &raft.Entry{Command:interface {}(nil), Term:0, Index:0}
055794 LEAD S1: prevLog &raft.Entry{Command:interface {}(nil), Term:0, Index:0}
055795 INFO S2: (term 2) follower 收到 [1] AppendEntries [], prevIndex 0, prevTerm 0
055795 LEAD S1: 2 append success next 1 match 0
055795 INFO S0: (term 2) follower 收到 [1] AppendEntries [], prevIndex 0, prevTerm 0
055796 LEAD S1: 0 append success next 1 match 0
056296 LEAD S1: prevLog &raft.Entry{Command:interface {}(nil), Term:0, Index:0}
056297 LEAD S1: prevLog &raft.Entry{Command:interface {}(nil), Term:0, Index:0}
056297 INFO S2: (term 2) follower 收到 [1] AppendEntries [], prevIndex 0, prevTerm 0
056298 LEAD S1: 2 append success next 1 match 0
056298 INFO S0: (term 2) follower 收到 [1] AppendEntries [], prevIndex 0, prevTerm 0
056298 LEAD S1: 0 append success next 1 match 0
056799 LEAD S1: prevLog &raft.Entry{Command:interface {}(nil), Term:0, Index:0}
056799 LEAD S1: prevLog &raft.Entry{Command:interface {}(nil), Term:0, Index:0}
056800 INFO S2: (term 2) follower 收到 [1] AppendEntries [], prevIndex 0, prevTerm 0
056800 LEAD S1: 2 append success next 1 match 0
056801 INFO S0: (term 2) follower 收到 [1] AppendEntries [], prevIndex 0, prevTerm 0
056801 LEAD S1: 0 append success next 1 match 0
057301 LEAD S1: prevLog &raft.Entry{Command:interface {}(nil), Term:0, Index:0}
057302 LEAD S1: prevLog &raft.Entry{Command:interface {}(nil), Term:0, Index:0}
057302 INFO S2: (term 2) follower 收到 [1] AppendEntries [], prevIndex 0, prevTerm 0
057302 LEAD S1: 2 append success next 1 match 0
057303 INFO S0: (term 2) follower 收到 [1] AppendEntries [], prevIndex 0, prevTerm 0
057303 LEAD S1: 0 append success next 1 match 0
057803 LEAD S1: prevLog &raft.Entry{Command:interface {}(nil), Term:0, Index:0}
057804 LEAD S1: prevLog &raft.Entry{Command:interface {}(nil), Term:0, Index:0}
057804 INFO S2: (term 2) follower 收到 [1] AppendEntries [], prevIndex 0, prevTerm 0
057804 LEAD S1: 2 append success next 1 match 0
057805 INFO S0: (term 2) follower 收到 [1] AppendEntries [], prevIndex 0, prevTerm 0
057805 LEAD S1: 0 append success next 1 match 0
058306 LEAD S1: prevLog &raft.Entry{Command:interface {}(nil), Term:0, Index:0}
058306 LEAD S1: prevLog &raft.Entry{Command:interface {}(nil), Term:0, Index:0}
058307 INFO S2: (term 2) follower 收到 [1] AppendEntries [], prevIndex 0, prevTerm 0
058307 LEAD S1: 2 append success next 1 match 0
058307 INFO S0: (term 2) follower 收到 [1] AppendEntries [], prevIndex 0, prevTerm 0
058308 LEAD S1: 0 append success next 1 match 0
058809 LEAD S1: prevLog &raft.Entry{Command:interface {}(nil), Term:0, Index:0}
058809 LEAD S1: prevLog &raft.Entry{Command:interface {}(nil), Term:0, Index:0}
058810 INFO S2: (term 2) follower 收到 [1] AppendEntries [], prevIndex 0, prevTerm 0
058811 LEAD S1: 2 append success next 1 match 0
058811 INFO S0: (term 2) follower 收到 [1] AppendEntries [], prevIndex 0, prevTerm 0
058812 LEAD S1: 0 append success next 1 match 0
059311 LEAD S1: prevLog &raft.Entry{Command:interface {}(nil), Term:0, Index:0}
059311 LEAD S1: prevLog &raft.Entry{Command:interface {}(nil), Term:0, Index:0}
059312 INFO S2: (term 2) follower 收到 [1] AppendEntries [], prevIndex 0, prevTerm 0
059312 LEAD S1: 2 append success next 1 match 0
059312 INFO S0: (term 2) follower 收到 [1] AppendEntries [], prevIndex 0, prevTerm 0
059313 LEAD S1: 0 append success next 1 match 0
059814 LEAD S1: prevLog &raft.Entry{Command:interface {}(nil), Term:0, Index:0}
059814 LEAD S1: prevLog &raft.Entry{Command:interface {}(nil), Term:0, Index:0}
059815 INFO S2: (term 2) follower 收到 [1] AppendEntries [], prevIndex 0, prevTerm 0
059815 LEAD S1: 2 append success next 1 match 0
059815 INFO S0: (term 2) follower 收到 [1] AppendEntries [], prevIndex 0, prevTerm 0
059816 LEAD S1: 0 append success next 1 match 0
060316 LEAD S1: prevLog &raft.Entry{Command:interface {}(nil), Term:0, Index:0}
060316 LEAD S1: prevLog &raft.Entry{Command:interface {}(nil), Term:0, Index:0}
060317 INFO S2: (term 2) follower 收到 [1] AppendEntries [], prevIndex 0, prevTerm 0
060317 LEAD S1: 2 append success next 1 match 0
060317 INFO S0: (term 2) follower 收到 [1] AppendEntries [], prevIndex 0, prevTerm 0
060318 LEAD S1: 0 append success next 1 match 0
060818 LEAD S1: prevLog &raft.Entry{Command:interface {}(nil), Term:0, Index:0}
060819 LEAD S1: prevLog &raft.Entry{Command:interface {}(nil), Term:0, Index:0}
060819 INFO S2: (term 2) follower 收到 [1] AppendEntries [], prevIndex 0, prevTerm 0
060820 LEAD S1: 2 append success next 1 match 0
060820 INFO S0: (term 2) follower 收到 [1] AppendEntries [], prevIndex 0, prevTerm 0
060820 LEAD S1: 0 append success next 1 match 0
061320 LEAD S1: prevLog &raft.Entry{Command:interface {}(nil), Term:0, Index:0}
061321 LEAD S1: prevLog &raft.Entry{Command:interface {}(nil), Term:0, Index:0}
061321 INFO S2: (term 2) follower 收到 [1] AppendEntries [], prevIndex 0, prevTerm 0
061321 LEAD S1: 2 append success next 1 match 0
061322 INFO S0: (term 2) follower 收到 [1] AppendEntries [], prevIndex 0, prevTerm 0
061322 LEAD S1: 0 append success next 1 match 0
061823 LEAD S1: prevLog &raft.Entry{Command:interface {}(nil), Term:0, Index:0}
061823 LEAD S1: prevLog &raft.Entry{Command:interface {}(nil), Term:0, Index:0}
061824 INFO S2: (term 2) follower 收到 [1] AppendEntries [], prevIndex 0, prevTerm 0
061825 LEAD S1: 2 append success next 1 match 0
061825 INFO S0: (term 2) follower 收到 [1] AppendEntries [], prevIndex 0, prevTerm 0
061826 LEAD S1: 0 append success next 1 match 0
062327 LEAD S1: prevLog &raft.Entry{Command:interface {}(nil), Term:0, Index:0}
062327 LEAD S1: prevLog &raft.Entry{Command:interface {}(nil), Term:0, Index:0}
062329 INFO S2: (term 2) follower 收到 [1] AppendEntries [], prevIndex 0, prevTerm 0
062329 LEAD S1: 2 append success next 1 match 0
062329 INFO S0: (term 2) follower 收到 [1] AppendEntries [], prevIndex 0, prevTerm 0
062331 LEAD S1: 0 append success next 1 match 0
062829 LEAD S1: prevLog &raft.Entry{Command:interface {}(nil), Term:0, Index:0}
062830 LEAD S1: prevLog &raft.Entry{Command:interface {}(nil), Term:0, Index:0}
062830 INFO S2: (term 2) follower 收到 [1] AppendEntries [], prevIndex 0, prevTerm 0
062831 LEAD S1: 2 append success next 1 match 0
062832 INFO S0: (term 2) follower 收到 [1] AppendEntries [], prevIndex 0, prevTerm 0
062833 LEAD S1: 0 append success next 1 match 0
063333 LEAD S1: prevLog &raft.Entry{Command:interface {}(nil), Term:0, Index:0}
063333 LEAD S1: prevLog &raft.Entry{Command:interface {}(nil), Term:0, Index:0}
063334 INFO S2: (term 2) follower 收到 [1] AppendEntries [], prevIndex 0, prevTerm 0
063334 LEAD S1: 2 append success next 1 match 0
063335 INFO S0: (term 2) follower 收到 [1] AppendEntries [], prevIndex 0, prevTerm 0
063335 LEAD S1: 0 append success next 1 match 0
063836 LEAD S1: prevLog &raft.Entry{Command:interface {}(nil), Term:0, Index:0}
063836 LEAD S1: prevLog &raft.Entry{Command:interface {}(nil), Term:0, Index:0}
063837 INFO S2: (term 2) follower 收到 [1] AppendEntries [], prevIndex 0, prevTerm 0
063837 LEAD S1: 2 append success next 1 match 0
063837 INFO S0: (term 2) follower 收到 [1] AppendEntries [], prevIndex 0, prevTerm 0
063837 LEAD S1: 0 append success next 1 match 0
064338 LEAD S1: prevLog &raft.Entry{Command:interface {}(nil), Term:0, Index:0}
064338 LEAD S1: prevLog &raft.Entry{Command:interface {}(nil), Term:0, Index:0}
064339 INFO S2: (term 2) follower 收到 [1] AppendEntries [], prevIndex 0, prevTerm 0
064339 LEAD S1: 2 append success next 1 match 0
064339 INFO S0: (term 2) follower 收到 [1] AppendEntries [], prevIndex 0, prevTerm 0
064340 LEAD S1: 0 append success next 1 match 0
064840 LEAD S1: prevLog &raft.Entry{Command:interface {}(nil), Term:0, Index:0}
064840 LEAD S1: prevLog &raft.Entry{Command:interface {}(nil), Term:0, Index:0}
064841 INFO S2: (term 2) follower 收到 [1] AppendEntries [], prevIndex 0, prevTerm 0
064841 LEAD S1: 2 append success next 1 match 0
064842 INFO S0: (term 2) follower 收到 [1] AppendEntries [], prevIndex 0, prevTerm 0
064842 LEAD S1: 0 append success next 1 match 0
065342 LEAD S1: prevLog &raft.Entry{Command:interface {}(nil), Term:0, Index:0}
065343 LEAD S1: prevLog &raft.Entry{Command:interface {}(nil), Term:0, Index:0}
065343 INFO S2: (term 2) follower 收到 [1] AppendEntries [], prevIndex 0, prevTerm 0
065344 LEAD S1: 2 append success next 1 match 0
065344 INFO S0: (term 2) follower 收到 [1] AppendEntries [], prevIndex 0, prevTerm 0
065344 LEAD S1: 0 append success next 1 match 0
065845 LEAD S1: prevLog &raft.Entry{Command:interface {}(nil), Term:0, Index:0}
065845 LEAD S1: prevLog &raft.Entry{Command:interface {}(nil), Term:0, Index:0}
065846 INFO S2: (term 2) follower 收到 [1] AppendEntries [], prevIndex 0, prevTerm 0
065846 LEAD S1: 2 append success next 1 match 0
065846 INFO S0: (term 2) follower 收到 [1] AppendEntries [], prevIndex 0, prevTerm 0
065846 LEAD S1: 0 append success next 1 match 0
066348 LEAD S1: prevLog &raft.Entry{Command:interface {}(nil), Term:0, Index:0}
066348 LEAD S1: prevLog &raft.Entry{Command:interface {}(nil), Term:0, Index:0}
066349 INFO S2: (term 2) follower 收到 [1] AppendEntries [], prevIndex 0, prevTerm 0
066349 INFO S0: (term 2) follower 收到 [1] AppendEntries [], prevIndex 0, prevTerm 0
066350 LEAD S1: 0 append success next 1 match 0
066350 LEAD S1: 2 append success next 1 match 0
066850 LEAD S1: prevLog &raft.Entry{Command:interface {}(nil), Term:0, Index:0}
066850 LEAD S1: prevLog &raft.Entry{Command:interface {}(nil), Term:0, Index:0}
066851 INFO S2: (term 2) follower 收到 [1] AppendEntries [], prevIndex 0, prevTerm 0
066851 LEAD S1: 2 append success next 1 match 0
066851 INFO S0: (term 2) follower 收到 [1] AppendEntries [], prevIndex 0, prevTerm 0
066852 LEAD S1: 0 append success next 1 match 0
067353 LEAD S1: prevLog &raft.Entry{Command:interface {}(nil), Term:0, Index:0}
067353 LEAD S1: prevLog &raft.Entry{Command:interface {}(nil), Term:0, Index:0}
067353 INFO S2: (term 2) follower 收到 [1] AppendEntries [], prevIndex 0, prevTerm 0
067354 LEAD S1: 2 append success next 1 match 0
067354 INFO S0: (term 2) follower 收到 [1] AppendEntries [], prevIndex 0, prevTerm 0
067354 LEAD S1: 0 append success next 1 match 0
067855 LEAD S1: prevLog &raft.Entry{Command:interface {}(nil), Term:0, Index:0}
067855 LEAD S1: prevLog &raft.Entry{Command:interface {}(nil), Term:0, Index:0}
067856 INFO S2: (term 2) follower 收到 [1] AppendEntries [], prevIndex 0, prevTerm 0
067856 LEAD S1: 2 append success next 1 match 0
067856 INFO S0: (term 2) follower 收到 [1] AppendEntries [], prevIndex 0, prevTerm 0
067857 LEAD S1: 0 append success next 1 match 0
068357 LEAD S1: prevLog &raft.Entry{Command:interface {}(nil), Term:0, Index:0}
068357 LEAD S1: prevLog &raft.Entry{Command:interface {}(nil), Term:0, Index:0}
068358 INFO S2: (term 2) follower 收到 [1] AppendEntries [], prevIndex 0, prevTerm 0
068358 LEAD S1: 2 append success next 1 match 0
068358 INFO S0: (term 2) follower 收到 [1] AppendEntries [], prevIndex 0, prevTerm 0
068359 LEAD S1: 0 append success next 1 match 0
068859 LEAD S1: prevLog &raft.Entry{Command:interface {}(nil), Term:0, Index:0}
068859 LEAD S1: prevLog &raft.Entry{Command:interface {}(nil), Term:0, Index:0}
068860 INFO S2: (term 2) follower 收到 [1] AppendEntries [], prevIndex 0, prevTerm 0
068860 LEAD S1: 2 append success next 1 match 0
068861 INFO S0: (term 2) follower 收到 [1] AppendEntries [], prevIndex 0, prevTerm 0
068861 LEAD S1: 0 append success next 1 match 0
069361 LEAD S1: prevLog &raft.Entry{Command:interface {}(nil), Term:0, Index:0}
069362 LEAD S1: prevLog &raft.Entry{Command:interface {}(nil), Term:0, Index:0}
069362 INFO S2: (term 2) follower 收到 [1] AppendEntries [], prevIndex 0, prevTerm 0
069362 LEAD S1: 2 append success next 1 match 0
069363 INFO S0: (term 2) follower 收到 [1] AppendEntries [], prevIndex 0, prevTerm 0
069363 LEAD S1: 0 append success next 1 match 0
069864 LEAD S1: prevLog &raft.Entry{Command:interface {}(nil), Term:0, Index:0}
069864 LEAD S1: prevLog &raft.Entry{Command:interface {}(nil), Term:0, Index:0}
069865 INFO S2: (term 2) follower 收到 [1] AppendEntries [], prevIndex 0, prevTerm 0
069865 LEAD S1: 2 append success next 1 match 0
069865 INFO S0: (term 2) follower 收到 [1] AppendEntries [], prevIndex 0, prevTerm 0
069866 LEAD S1: 0 append success next 1 match 0
070367 LEAD S1: prevLog &raft.Entry{Command:interface {}(nil), Term:0, Index:0}
070368 LEAD S1: prevLog &raft.Entry{Command:interface {}(nil), Term:0, Index:0}
070368 INFO S2: (term 2) follower 收到 [1] AppendEntries [], prevIndex 0, prevTerm 0
070369 LEAD S1: 2 append success next 1 match 0
070369 INFO S0: (term 2) follower 收到 [1] AppendEntries [], prevIndex 0, prevTerm 0
070369 LEAD S1: 0 append success next 1 match 0
070871 LEAD S1: prevLog &raft.Entry{Command:interface {}(nil), Term:0, Index:0}
070871 LEAD S1: prevLog &raft.Entry{Command:interface {}(nil), Term:0, Index:0}
070871 INFO S2: (term 2) follower 收到 [1] AppendEntries [], prevIndex 0, prevTerm 0
070872 LEAD S1: 2 append success next 1 match 0
070872 INFO S0: (term 2) follower 收到 [1] AppendEntries [], prevIndex 0, prevTerm 0
070872 LEAD S1: 0 append success next 1 match 0
071373 LEAD S1: prevLog &raft.Entry{Command:interface {}(nil), Term:0, Index:0}
071374 LEAD S1: prevLog &raft.Entry{Command:interface {}(nil), Term:0, Index:0}
071374 INFO S2: (term 2) follower 收到 [1] AppendEntries [], prevIndex 0, prevTerm 0
071375 LEAD S1: 2 append success next 1 match 0
071375 INFO S0: (term 2) follower 收到 [1] AppendEntries [], prevIndex 0, prevTerm 0
071375 LEAD S1: 0 append success next 1 match 0
071876 LEAD S1: prevLog &raft.Entry{Command:interface {}(nil), Term:0, Index:0}
071876 LEAD S1: prevLog &raft.Entry{Command:interface {}(nil), Term:0, Index:0}
071876 INFO S2: (term 2) follower 收到 [1] AppendEntries [], prevIndex 0, prevTerm 0
071877 LEAD S1: 2 append success next 1 match 0
071877 INFO S0: (term 2) follower 收到 [1] AppendEntries [], prevIndex 0, prevTerm 0
071877 LEAD S1: 0 append success next 1 match 0
072378 LEAD S1: prevLog &raft.Entry{Command:interface {}(nil), Term:0, Index:0}
072379 LEAD S1: prevLog &raft.Entry{Command:interface {}(nil), Term:0, Index:0}
072380 INFO S2: (term 2) follower 收到 [1] AppendEntries [], prevIndex 0, prevTerm 0
072380 LEAD S1: 2 append success next 1 match 0
072381 INFO S0: (term 2) follower 收到 [1] AppendEntries [], prevIndex 0, prevTerm 0
072382 LEAD S1: 0 append success next 1 match 0
072881 LEAD S1: prevLog &raft.Entry{Command:interface {}(nil), Term:0, Index:0}
072881 LEAD S1: prevLog &raft.Entry{Command:interface {}(nil), Term:0, Index:0}
072882 INFO S2: (term 2) follower 收到 [1] AppendEntries [], prevIndex 0, prevTerm 0
072882 LEAD S1: 2 append success next 1 match 0
072882 INFO S0: (term 2) follower 收到 [1] AppendEntries [], prevIndex 0, prevTerm 0
072883 LEAD S1: 0 append success next 1 match 0
073383 LEAD S1: prevLog &raft.Entry{Command:interface {}(nil), Term:0, Index:0}
073384 LEAD S1: prevLog &raft.Entry{Command:interface {}(nil), Term:0, Index:0}
073384 INFO S2: (term 2) follower 收到 [1] AppendEntries [], prevIndex 0, prevTerm 0
073385 LEAD S1: 2 append success next 1 match 0
073385 INFO S0: (term 2) follower 收到 [1] AppendEntries [], prevIndex 0, prevTerm 0
073385 LEAD S1: 0 append success next 1 match 0
073886 LEAD S1: prevLog &raft.Entry{Command:interface {}(nil), Term:0, Index:0}
073886 LEAD S1: prevLog &raft.Entry{Command:interface {}(nil), Term:0, Index:0}
073887 INFO S2: (term 2) follower 收到 [1] AppendEntries [], prevIndex 0, prevTerm 0
073888 INFO S0: (term 2) follower 收到 [1] AppendEntries [], prevIndex 0, prevTerm 0
073889 LEAD S1: 2 append success next 1 match 0
073889 LEAD S1: 0 append success next 1 match 0
074388 LEAD S1: prevLog &raft.Entry{Command:interface {}(nil), Term:0, Index:0}
074388 LEAD S1: prevLog &raft.Entry{Command:interface {}(nil), Term:0, Index:0}
074389 INFO S2: (term 2) follower 收到 [1] AppendEntries [], prevIndex 0, prevTerm 0
074389 LEAD S1: 2 append success next 1 match 0
074389 INFO S0: (term 2) follower 收到 [1] AppendEntries [], prevIndex 0, prevTerm 0
074390 LEAD S1: 0 append success next 1 match 0
074891 LEAD S1: prevLog &raft.Entry{Command:interface {}(nil), Term:0, Index:0}
074892 LEAD S1: prevLog &raft.Entry{Command:interface {}(nil), Term:0, Index:0}
074893 INFO S2: (term 2) follower 收到 [1] AppendEntries [], prevIndex 0, prevTerm 0
074894 INFO S0: (term 2) follower 收到 [1] AppendEntries [], prevIndex 0, prevTerm 0
074894 LEAD S1: 2 append success next 1 match 0
074896 LEAD S1: 0 append success next 1 match 0
075393 LEAD S1: prevLog &raft.Entry{Command:interface {}(nil), Term:0, Index:0}
075394 LEAD S1: prevLog &raft.Entry{Command:interface {}(nil), Term:0, Index:0}
075394 INFO S0: (term 2) follower 收到 [1] AppendEntries [], prevIndex 0, prevTerm 0
075394 INFO S2: (term 2) follower 收到 [1] AppendEntries [], prevIndex 0, prevTerm 0
075394 LEAD S1: 0 append success next 1 match 0
075395 LEAD S1: 2 append success next 1 match 0
075896 LEAD S1: prevLog &raft.Entry{Command:interface {}(nil), Term:0, Index:0}
075896 LEAD S1: prevLog &raft.Entry{Command:interface {}(nil), Term:0, Index:0}
075896 INFO S2: (term 2) follower 收到 [1] AppendEntries [], prevIndex 0, prevTerm 0
075897 LEAD S1: 2 append success next 1 match 0
075897 INFO S0: (term 2) follower 收到 [1] AppendEntries [], prevIndex 0, prevTerm 0
075897 LEAD S1: 0 append success next 1 match 0
076398 LEAD S1: prevLog &raft.Entry{Command:interface {}(nil), Term:0, Index:0}
076399 LEAD S1: prevLog &raft.Entry{Command:interface {}(nil), Term:0, Index:0}
076399 INFO S2: (term 2) follower 收到 [1] AppendEntries [], prevIndex 0, prevTerm 0
076400 LEAD S1: 2 append success next 1 match 0
076400 INFO S0: (term 2) follower 收到 [1] AppendEntries [], prevIndex 0, prevTerm 0
076400 LEAD S1: 0 append success next 1 match 0
076901 LEAD S1: prevLog &raft.Entry{Command:interface {}(nil), Term:0, Index:0}
076901 LEAD S1: prevLog &raft.Entry{Command:interface {}(nil), Term:0, Index:0}
076901 INFO S2: (term 2) follower 收到 [1] AppendEntries [], prevIndex 0, prevTerm 0
076902 LEAD S1: 2 append success next 1 match 0
076902 INFO S0: (term 2) follower 收到 [1] AppendEntries [], prevIndex 0, prevTerm 0
076902 LEAD S1: 0 append success next 1 match 0
077403 LEAD S1: prevLog &raft.Entry{Command:interface {}(nil), Term:0, Index:0}
077403 LEAD S1: prevLog &raft.Entry{Command:interface {}(nil), Term:0, Index:0}
077403 INFO S2: (term 2) follower 收到 [1] AppendEntries [], prevIndex 0, prevTerm 0
077403 LEAD S1: 2 append success next 1 match 0
077404 INFO S0: (term 2) follower 收到 [1] AppendEntries [], prevIndex 0, prevTerm 0
077404 LEAD S1: 0 append success next 1 match 0
077904 LEAD S1: prevLog &raft.Entry{Command:interface {}(nil), Term:0, Index:0}
077905 LEAD S1: prevLog &raft.Entry{Command:interface {}(nil), Term:0, Index:0}
077906 INFO S2: (term 2) follower 收到 [1] AppendEntries [], prevIndex 0, prevTerm 0
077906 LEAD S1: 2 append success next 1 match 0
077906 INFO S0: (term 2) follower 收到 [1] AppendEntries [], prevIndex 0, prevTerm 0
077907 LEAD S1: 0 append success next 1 match 0
078407 LEAD S1: prevLog &raft.Entry{Command:interface {}(nil), Term:0, Index:0}
078407 LEAD S1: prevLog &raft.Entry{Command:interface {}(nil), Term:0, Index:0}
078408 INFO S2: (term 2) follower 收到 [1] AppendEntries [], prevIndex 0, prevTerm 0
078408 LEAD S1: 2 append success next 1 match 0
078408 INFO S0: (term 2) follower 收到 [1] AppendEntries [], prevIndex 0, prevTerm 0
078409 LEAD S1: 0 append success next 1 match 0
078909 LEAD S1: prevLog &raft.Entry{Command:interface {}(nil), Term:0, Index:0}
078909 LEAD S1: prevLog &raft.Entry{Command:interface {}(nil), Term:0, Index:0}
078910 INFO S2: (term 2) follower 收到 [1] AppendEntries [], prevIndex 0, prevTerm 0
078910 LEAD S1: 2 append success next 1 match 0
078910 INFO S0: (term 2) follower 收到 [1] AppendEntries [], prevIndex 0, prevTerm 0
078911 LEAD S1: 0 append success next 1 match 0
079411 LEAD S1: prevLog &raft.Entry{Command:interface {}(nil), Term:0, Index:0}
079411 LEAD S1: prevLog &raft.Entry{Command:interface {}(nil), Term:0, Index:0}
079412 INFO S2: (term 2) follower 收到 [1] AppendEntries [], prevIndex 0, prevTerm 0
079412 LEAD S1: 2 append success next 1 match 0
079412 INFO S0: (term 2) follower 收到 [1] AppendEntries [], prevIndex 0, prevTerm 0
079413 LEAD S1: 0 append success next 1 match 0
079915 LEAD S1: prevLog &raft.Entry{Command:interface {}(nil), Term:0, Index:0}
079916 LEAD S1: prevLog &raft.Entry{Command:interface {}(nil), Term:0, Index:0}
079918 INFO S2: (term 2) follower 收到 [1] AppendEntries [], prevIndex 0, prevTerm 0
079919 INFO S0: (term 2) follower 收到 [1] AppendEntries [], prevIndex 0, prevTerm 0
079920 LEAD S1: 2 append success next 1 match 0
079921 LEAD S1: 0 append success next 1 match 0
080417 LEAD S1: prevLog &raft.Entry{Command:interface {}(nil), Term:0, Index:0}
080417 LEAD S1: prevLog &raft.Entry{Command:interface {}(nil), Term:0, Index:0}
080418 INFO S2: (term 2) follower 收到 [1] AppendEntries [], prevIndex 0, prevTerm 0
080418 LEAD S1: 2 append success next 1 match 0
080418 INFO S0: (term 2) follower 收到 [1] AppendEntries [], prevIndex 0, prevTerm 0
080419 LEAD S1: 0 append success next 1 match 0
080919 LEAD S1: prevLog &raft.Entry{Command:interface {}(nil), Term:0, Index:0}
080919 LEAD S1: prevLog &raft.Entry{Command:interface {}(nil), Term:0, Index:0}
080920 INFO S2: (term 2) follower 收到 [1] AppendEntries [], prevIndex 0, prevTerm 0
080920 LEAD S1: 2 append success next 1 match 0
080921 INFO S0: (term 2) follower 收到 [1] AppendEntries [], prevIndex 0, prevTerm 0
080921 LEAD S1: 0 append success next 1 match 0
081422 LEAD S1: prevLog &raft.Entry{Command:interface {}(nil), Term:0, Index:0}
081422 LEAD S1: prevLog &raft.Entry{Command:interface {}(nil), Term:0, Index:0}
081423 INFO S2: (term 2) follower 收到 [1] AppendEntries [], prevIndex 0, prevTerm 0
081423 LEAD S1: 2 append success next 1 match 0
081423 INFO S0: (term 2) follower 收到 [1] AppendEntries [], prevIndex 0, prevTerm 0
081424 LEAD S1: 0 append success next 1 match 0
081924 LEAD S1: prevLog &raft.Entry{Command:interface {}(nil), Term:0, Index:0}
081924 LEAD S1: prevLog &raft.Entry{Command:interface {}(nil), Term:0, Index:0}
081925 INFO S2: (term 2) follower 收到 [1] AppendEntries [], prevIndex 0, prevTerm 0
081925 LEAD S1: 2 append success next 1 match 0
081925 INFO S0: (term 2) follower 收到 [1] AppendEntries [], prevIndex 0, prevTerm 0
081926 LEAD S1: 0 append success next 1 match 0
082429 LEAD S1: prevLog &raft.Entry{Command:interface {}(nil), Term:0, Index:0}
082429 LEAD S1: prevLog &raft.Entry{Command:interface {}(nil), Term:0, Index:0}
082431 INFO S2: (term 2) follower 收到 [1] AppendEntries [], prevIndex 0, prevTerm 0
082432 LEAD S1: 2 append success next 1 match 0
082432 INFO S0: (term 2) follower 收到 [1] AppendEntries [], prevIndex 0, prevTerm 0
082433 LEAD S1: 0 append success next 1 match 0
082932 LEAD S1: prevLog &raft.Entry{Command:interface {}(nil), Term:0, Index:0}
082932 LEAD S1: prevLog &raft.Entry{Command:interface {}(nil), Term:0, Index:0}
082933 INFO S2: (term 2) follower 收到 [1] AppendEntries [], prevIndex 0, prevTerm 0
082933 LEAD S1: 2 append success next 1 match 0
082934 INFO S0: (term 2) follower 收到 [1] AppendEntries [], prevIndex 0, prevTerm 0
082934 LEAD S1: 0 append success next 1 match 0
083434 LEAD S1: prevLog &raft.Entry{Command:interface {}(nil), Term:0, Index:0}
083435 LEAD S1: prevLog &raft.Entry{Command:interface {}(nil), Term:0, Index:0}
083435 INFO S2: (term 2) follower 收到 [1] AppendEntries [], prevIndex 0, prevTerm 0
083435 LEAD S1: 2 append success next 1 match 0
083436 INFO S0: (term 2) follower 收到 [1] AppendEntries [], prevIndex 0, prevTerm 0
083436 LEAD S1: 0 append success next 1 match 0
083937 LEAD S1: prevLog &raft.Entry{Command:interface {}(nil), Term:0, Index:0}
083937 LEAD S1: prevLog &raft.Entry{Command:interface {}(nil), Term:0, Index:0}
083937 INFO S2: (term 2) follower 收到 [1] AppendEntries [], prevIndex 0, prevTerm 0
083938 LEAD S1: 2 append success next 1 match 0
083938 INFO S0: (term 2) follower 收到 [1] AppendEntries [], prevIndex 0, prevTerm 0
083939 LEAD S1: 0 append success next 1 match 0
084443 LEAD S1: prevLog &raft.Entry{Command:interface {}(nil), Term:0, Index:0}
084443 LEAD S1: prevLog &raft.Entry{Command:interface {}(nil), Term:0, Index:0}
084444 INFO S2: (term 2) follower 收到 [1] AppendEntries [], prevIndex 0, prevTerm 0
084444 LEAD S1: 2 append success next 1 match 0
084444 INFO S0: (term 2) follower 收到 [1] AppendEntries [], prevIndex 0, prevTerm 0
084445 LEAD S1: 0 append success next 1 match 0
084945 LEAD S1: prevLog &raft.Entry{Command:interface {}(nil), Term:0, Index:0}
084945 LEAD S1: prevLog &raft.Entry{Command:interface {}(nil), Term:0, Index:0}
084946 INFO S2: (term 2) follower 收到 [1] AppendEntries [], prevIndex 0, prevTerm 0
084946 LEAD S1: 2 append success next 1 match 0
084947 INFO S0: (term 2) follower 收到 [1] AppendEntries [], prevIndex 0, prevTerm 0
084947 LEAD S1: 0 append success next 1 match 0
085447 LEAD S1: prevLog &raft.Entry{Command:interface {}(nil), Term:0, Index:0}
085447 LEAD S1: prevLog &raft.Entry{Command:interface {}(nil), Term:0, Index:0}
085448 INFO S2: (term 2) follower 收到 [1] AppendEntries [], prevIndex 0, prevTerm 0
085448 LEAD S1: 2 append success next 1 match 0
085448 INFO S0: (term 2) follower 收到 [1] AppendEntries [], prevIndex 0, prevTerm 0
085449 LEAD S1: 0 append success next 1 match 0
085948 LEAD S1: prevLog &raft.Entry{Command:interface {}(nil), Term:0, Index:0}
085949 LEAD S1: prevLog &raft.Entry{Command:interface {}(nil), Term:0, Index:0}
085949 INFO S2: (term 2) follower 收到 [1] AppendEntries [], prevIndex 0, prevTerm 0
085950 LEAD S1: 2 append success next 1 match 0
085950 INFO S0: (term 2) follower 收到 [1] AppendEntries [], prevIndex 0, prevTerm 0
085950 LEAD S1: 0 append success next 1 match 0
086451 LEAD S1: prevLog &raft.Entry{Command:interface {}(nil), Term:0, Index:0}
086451 LEAD S1: prevLog &raft.Entry{Command:interface {}(nil), Term:0, Index:0}
086452 INFO S2: (term 2) follower 收到 [1] AppendEntries [], prevIndex 0, prevTerm 0
086452 LEAD S1: 2 append success next 1 match 0
086452 INFO S0: (term 2) follower 收到 [1] AppendEntries [], prevIndex 0, prevTerm 0
086453 LEAD S1: 0 append success next 1 match 0
086953 LEAD S1: prevLog &raft.Entry{Command:interface {}(nil), Term:0, Index:0}
086954 LEAD S1: prevLog &raft.Entry{Command:interface {}(nil), Term:0, Index:0}
086954 INFO S2: (term 2) follower 收到 [1] AppendEntries [], prevIndex 0, prevTerm 0
086955 LEAD S1: 2 append success next 1 match 0
086955 INFO S0: (term 2) follower 收到 [1] AppendEntries [], prevIndex 0, prevTerm 0
086955 LEAD S1: 0 append success next 1 match 0
087456 LEAD S1: prevLog &raft.Entry{Command:interface {}(nil), Term:0, Index:0}
087456 LEAD S1: prevLog &raft.Entry{Command:interface {}(nil), Term:0, Index:0}
087457 INFO S2: (term 2) follower 收到 [1] AppendEntries [], prevIndex 0, prevTerm 0
087457 LEAD S1: 2 append success next 1 match 0
087457 INFO S0: (term 2) follower 收到 [1] AppendEntries [], prevIndex 0, prevTerm 0
087458 LEAD S1: 0 append success next 1 match 0
087960 LEAD S1: prevLog &raft.Entry{Command:interface {}(nil), Term:0, Index:0}
087960 LEAD S1: prevLog &raft.Entry{Command:interface {}(nil), Term:0, Index:0}
087961 INFO S2: (term 2) follower 收到 [1] AppendEntries [], prevIndex 0, prevTerm 0
087961 INFO S0: (term 2) follower 收到 [1] AppendEntries [], prevIndex 0, prevTerm 0
087961 LEAD S1: 0 append success next 1 match 0
087961 LEAD S1: 2 append success next 1 match 0
088462 LEAD S1: prevLog &raft.Entry{Command:interface {}(nil), Term:0, Index:0}
088462 LEAD S1: prevLog &raft.Entry{Command:interface {}(nil), Term:0, Index:0}
088462 INFO S2: (term 2) follower 收到 [1] AppendEntries [], prevIndex 0, prevTerm 0
088463 LEAD S1: 2 append success next 1 match 0
088463 INFO S0: (term 2) follower 收到 [1] AppendEntries [], prevIndex 0, prevTerm 0
088463 LEAD S1: 0 append success next 1 match 0
088964 LEAD S1: prevLog &raft.Entry{Command:interface {}(nil), Term:0, Index:0}
088964 LEAD S1: prevLog &raft.Entry{Command:interface {}(nil), Term:0, Index:0}
088964 INFO S2: (term 2) follower 收到 [1] AppendEntries [], prevIndex 0, prevTerm 0
088965 LEAD S1: 2 append success next 1 match 0
088965 INFO S0: (term 2) follower 收到 [1] AppendEntries [], prevIndex 0, prevTerm 0
088966 LEAD S1: 0 append success next 1 match 0
089466 LEAD S1: prevLog &raft.Entry{Command:interface {}(nil), Term:0, Index:0}
089466 LEAD S1: prevLog &raft.Entry{Command:interface {}(nil), Term:0, Index:0}
089466 INFO S2: (term 2) follower 收到 [1] AppendEntries [], prevIndex 0, prevTerm 0
089467 LEAD S1: 2 append success next 1 match 0
089467 INFO S0: (term 2) follower 收到 [1] AppendEntries [], prevIndex 0, prevTerm 0
089467 LEAD S1: 0 append success next 1 match 0
089970 LEAD S1: prevLog &raft.Entry{Command:interface {}(nil), Term:0, Index:0}
089970 LEAD S1: prevLog &raft.Entry{Command:interface {}(nil), Term:0, Index:0}
089971 INFO S2: (term 2) follower 收到 [1] AppendEntries [], prevIndex 0, prevTerm 0
089971 LEAD S1: 2 append success next 1 match 0
089971 INFO S0: (term 2) follower 收到 [1] AppendEntries [], prevIndex 0, prevTerm 0
089972 LEAD S1: 0 append success next 1 match 0
090475 LEAD S1: prevLog &raft.Entry{Command:interface {}(nil), Term:0, Index:0}
090476 LEAD S1: prevLog &raft.Entry{Command:interface {}(nil), Term:0, Index:0}
090476 INFO S2: (term 2) follower 收到 [1] AppendEntries [], prevIndex 0, prevTerm 0
090476 LEAD S1: 2 append success next 1 match 0
090477 INFO S0: (term 2) follower 收到 [1] AppendEntries [], prevIndex 0, prevTerm 0
090477 LEAD S1: 0 append success next 1 match 0
090979 LEAD S1: prevLog &raft.Entry{Command:interface {}(nil), Term:0, Index:0}
090979 LEAD S1: prevLog &raft.Entry{Command:interface {}(nil), Term:0, Index:0}
090980 INFO S2: (term 2) follower 收到 [1] AppendEntries [], prevIndex 0, prevTerm 0
090981 LEAD S1: 2 append success next 1 match 0
090981 INFO S0: (term 2) follower 收到 [1] AppendEntries [], prevIndex 0, prevTerm 0
090982 LEAD S1: 0 append success next 1 match 0
091482 LEAD S1: prevLog &raft.Entry{Command:interface {}(nil), Term:0, Index:0}
091482 LEAD S1: prevLog &raft.Entry{Command:interface {}(nil), Term:0, Index:0}
091483 INFO S2: (term 2) follower 收到 [1] AppendEntries [], prevIndex 0, prevTerm 0
091483 LEAD S1: 2 append success next 1 match 0
091484 INFO S0: (term 2) follower 收到 [1] AppendEntries [], prevIndex 0, prevTerm 0
091484 LEAD S1: 0 append success next 1 match 0
091984 LEAD S1: prevLog &raft.Entry{Command:interface {}(nil), Term:0, Index:0}
091985 LEAD S1: prevLog &raft.Entry{Command:interface {}(nil), Term:0, Index:0}
091985 INFO S2: (term 2) follower 收到 [1] AppendEntries [], prevIndex 0, prevTerm 0
091986 LEAD S1: 2 append success next 1 match 0
091986 INFO S0: (term 2) follower 收到 [1] AppendEntries [], prevIndex 0, prevTerm 0
091986 LEAD S1: 0 append success next 1 match 0
092487 LEAD S1: prevLog &raft.Entry{Command:interface {}(nil), Term:0, Index:0}
092487 LEAD S1: prevLog &raft.Entry{Command:interface {}(nil), Term:0, Index:0}
092488 INFO S2: (term 2) follower 收到 [1] AppendEntries [], prevIndex 0, prevTerm 0
092488 LEAD S1: 2 append success next 1 match 0
092489 INFO S0: (term 2) follower 收到 [1] AppendEntries [], prevIndex 0, prevTerm 0
092489 LEAD S1: 0 append success next 1 match 0
092990 LEAD S1: prevLog &raft.Entry{Command:interface {}(nil), Term:0, Index:0}
092990 LEAD S1: prevLog &raft.Entry{Command:interface {}(nil), Term:0, Index:0}
092991 INFO S2: (term 2) follower 收到 [1] AppendEntries [], prevIndex 0, prevTerm 0
092991 LEAD S1: 2 append success next 1 match 0
092991 INFO S0: (term 2) follower 收到 [1] AppendEntries [], prevIndex 0, prevTerm 0
092992 LEAD S1: 0 append success next 1 match 0
093492 LEAD S1: prevLog &raft.Entry{Command:interface {}(nil), Term:0, Index:0}
093492 LEAD S1: prevLog &raft.Entry{Command:interface {}(nil), Term:0, Index:0}
093493 INFO S2: (term 2) follower 收到 [1] AppendEntries [], prevIndex 0, prevTerm 0
093493 LEAD S1: 2 append success next 1 match 0
093494 INFO S0: (term 2) follower 收到 [1] AppendEntries [], prevIndex 0, prevTerm 0
093494 LEAD S1: 0 append success next 1 match 0
093994 LEAD S1: prevLog &raft.Entry{Command:interface {}(nil), Term:0, Index:0}
093995 LEAD S1: prevLog &raft.Entry{Command:interface {}(nil), Term:0, Index:0}
093995 INFO S2: (term 2) follower 收到 [1] AppendEntries [], prevIndex 0, prevTerm 0
093996 LEAD S1: 2 append success next 1 match 0
093996 INFO S0: (term 2) follower 收到 [1] AppendEntries [], prevIndex 0, prevTerm 0
093996 LEAD S1: 0 append success next 1 match 0
094496 LEAD S1: prevLog &raft.Entry{Command:interface {}(nil), Term:0, Index:0}
094497 LEAD S1: prevLog &raft.Entry{Command:interface {}(nil), Term:0, Index:0}
094497 INFO S2: (term 2) follower 收到 [1] AppendEntries [], prevIndex 0, prevTerm 0
094497 LEAD S1: 2 append success next 1 match 0
094498 INFO S0: (term 2) follower 收到 [1] AppendEntries [], prevIndex 0, prevTerm 0
094498 LEAD S1: 0 append success next 1 match 0
094999 LEAD S1: prevLog &raft.Entry{Command:interface {}(nil), Term:0, Index:0}
094999 LEAD S1: prevLog &raft.Entry{Command:interface {}(nil), Term:0, Index:0}
094999 INFO S2: (term 2) follower 收到 [1] AppendEntries [], prevIndex 0, prevTerm 0
095000 LEAD S1: 2 append success next 1 match 0
095000 INFO S0: (term 2) follower 收到 [1] AppendEntries [], prevIndex 0, prevTerm 0
095000 LEAD S1: 0 append success next 1 match 0
095501 LEAD S1: prevLog &raft.Entry{Command:interface {}(nil), Term:0, Index:0}
095501 LEAD S1: prevLog &raft.Entry{Command:interface {}(nil), Term:0, Index:0}
095502 INFO S2: (term 2) follower 收到 [1] AppendEntries [], prevIndex 0, prevTerm 0
095502 LEAD S1: 2 append success next 1 match 0
095502 INFO S0: (term 2) follower 收到 [1] AppendEntries [], prevIndex 0, prevTerm 0
095503 LEAD S1: 0 append success next 1 match 0
096003 LEAD S1: prevLog &raft.Entry{Command:interface {}(nil), Term:0, Index:0}
096003 LEAD S1: prevLog &raft.Entry{Command:interface {}(nil), Term:0, Index:0}
096004 INFO S2: (term 2) follower 收到 [1] AppendEntries [], prevIndex 0, prevTerm 0
096004 LEAD S1: 2 append success next 1 match 0
096005 INFO S0: (term 2) follower 收到 [1] AppendEntries [], prevIndex 0, prevTerm 0
096005 LEAD S1: 0 append success next 1 match 0
096505 LEAD S1: prevLog &raft.Entry{Command:interface {}(nil), Term:0, Index:0}
096506 LEAD S1: prevLog &raft.Entry{Command:interface {}(nil), Term:0, Index:0}
096506 INFO S2: (term 2) follower 收到 [1] AppendEntries [], prevIndex 0, prevTerm 0
096507 LEAD S1: 2 append success next 1 match 0
096507 INFO S0: (term 2) follower 收到 [1] AppendEntries [], prevIndex 0, prevTerm 0
096507 LEAD S1: 0 append success next 1 match 0
097007 LEAD S1: prevLog &raft.Entry{Command:interface {}(nil), Term:0, Index:0}
097008 LEAD S1: prevLog &raft.Entry{Command:interface {}(nil), Term:0, Index:0}
097008 INFO S2: (term 2) follower 收到 [1] AppendEntries [], prevIndex 0, prevTerm 0
097008 LEAD S1: 2 append success next 1 match 0
097009 INFO S0: (term 2) follower 收到 [1] AppendEntries [], prevIndex 0, prevTerm 0
097009 LEAD S1: 0 append success next 1 match 0
097510 LEAD S1: prevLog &raft.Entry{Command:interface {}(nil), Term:0, Index:0}
097510 LEAD S1: prevLog &raft.Entry{Command:interface {}(nil), Term:0, Index:0}
097511 INFO S2: (term 2) follower 收到 [1] AppendEntries [], prevIndex 0, prevTerm 0
097511 LEAD S1: 2 append success next 1 match 0
097511 INFO S0: (term 2) follower 收到 [1] AppendEntries [], prevIndex 0, prevTerm 0
097512 LEAD S1: 0 append success next 1 match 0
098013 LEAD S1: prevLog &raft.Entry{Command:interface {}(nil), Term:0, Index:0}
098013 LEAD S1: prevLog &raft.Entry{Command:interface {}(nil), Term:0, Index:0}
098014 INFO S2: (term 2) follower 收到 [1] AppendEntries [], prevIndex 0, prevTerm 0
098014 LEAD S1: 2 append success next 1 match 0
098014 INFO S0: (term 2) follower 收到 [1] AppendEntries [], prevIndex 0, prevTerm 0
098015 LEAD S1: 0 append success next 1 match 0
098515 LEAD S1: prevLog &raft.Entry{Command:interface {}(nil), Term:0, Index:0}
098515 LEAD S1: prevLog &raft.Entry{Command:interface {}(nil), Term:0, Index:0}
098516 INFO S2: (term 2) follower 收到 [1] AppendEntries [], prevIndex 0, prevTerm 0
098516 LEAD S1: 2 append success next 1 match 0
098516 INFO S0: (term 2) follower 收到 [1] AppendEntries [], prevIndex 0, prevTerm 0
098517 LEAD S1: 0 append success next 1 match 0
099018 LEAD S1: prevLog &raft.Entry{Command:interface {}(nil), Term:0, Index:0}
099018 LEAD S1: prevLog &raft.Entry{Command:interface {}(nil), Term:0, Index:0}
099019 INFO S2: (term 2) follower 收到 [1] AppendEntries [], prevIndex 0, prevTerm 0
099019 LEAD S1: 2 append success next 1 match 0
099020 INFO S0: (term 2) follower 收到 [1] AppendEntries [], prevIndex 0, prevTerm 0
099020 LEAD S1: 0 append success next 1 match 0
099520 LEAD S1: prevLog &raft.Entry{Command:interface {}(nil), Term:0, Index:0}
099521 LEAD S1: prevLog &raft.Entry{Command:interface {}(nil), Term:0, Index:0}
099521 INFO S2: (term 2) follower 收到 [1] AppendEntries [], prevIndex 0, prevTerm 0
099522 LEAD S1: 2 append success next 1 match 0
099522 INFO S0: (term 2) follower 收到 [1] AppendEntries [], prevIndex 0, prevTerm 0
099522 LEAD S1: 0 append success next 1 match 0
--- FAIL: TestPersist12C (10.00s)
    config.go:609: one(11) failed to reach agreement
FAIL
exit status 1
FAIL	6.824/raft	10.002s
