Test (2C): basic persistence ...
002009 INFO S1: start leader election, term 1
002009 VOTE S1: term 1 send vote request to 2
002009 VOTE S1: term 1 send vote request to 0
002010 TERM S2: set new term 1
002010 VOTE S2: term 1 vote 1
002010 VOTE S1: reply from 2, term一致，且投给1
002010 LEAD S1: come to power, start to send heartbeat
002010 LEAD S1: prevLog &raft.Entry{Command:interface {}(nil), Term:0, Index:0}
002010 LEAD S1: prevLog &raft.Entry{Command:interface {}(nil), Term:0, Index:0}
002011 TERM S0: set new term 1
002011 VOTE S0: term 1 vote 1
002011 INFO S2: (term 1) follower 收到 [1] AppendEntries [], prevIndex 0, prevTerm 0
002011 VOTE S1: reply from 0, term一致，且投给1
002011 LEAD S1: 2 append success next 1 match 0
002013 INFO S0: (term 1) follower 收到 [1] AppendEntries [], prevIndex 0, prevTerm 0
002013 LEAD S1: 0 append success next 1 match 0
002510 LEAD S1: prevLog &raft.Entry{Command:interface {}(nil), Term:0, Index:0}
002511 LEAD S1: prevLog &raft.Entry{Command:interface {}(nil), Term:0, Index:0}
002511 INFO S2: (term 1) follower 收到 [1] AppendEntries [], prevIndex 0, prevTerm 0
002512 LEAD S1: 2 append success next 1 match 0
002512 INFO S0: (term 1) follower 收到 [1] AppendEntries [], prevIndex 0, prevTerm 0
002512 LEAD S1: 0 append success next 1 match 0
003012 LEAD S1: prevLog &raft.Entry{Command:interface {}(nil), Term:0, Index:0}
003012 LEAD S1: prevLog &raft.Entry{Command:interface {}(nil), Term:0, Index:0}
003013 INFO S2: (term 1) follower 收到 [1] AppendEntries [], prevIndex 0, prevTerm 0
003013 INFO S0: (term 1) follower 收到 [1] AppendEntries [], prevIndex 0, prevTerm 0
003013 LEAD S1: 2 append success next 1 match 0
003013 LEAD S1: 0 append success next 1 match 0
003514 LEAD S1: prevLog &raft.Entry{Command:interface {}(nil), Term:0, Index:0}
003514 LEAD S1: prevLog &raft.Entry{Command:interface {}(nil), Term:0, Index:0}
003515 INFO S0: (term 1) follower 收到 [1] AppendEntries [], prevIndex 0, prevTerm 0
003515 INFO S2: (term 1) follower 收到 [1] AppendEntries [], prevIndex 0, prevTerm 0
003516 LEAD S1: 2 append success next 1 match 0
003516 LEAD S1: 0 append success next 1 match 0
004017 LEAD S1: prevLog &raft.Entry{Command:interface {}(nil), Term:0, Index:0}
004017 LEAD S1: prevLog &raft.Entry{Command:interface {}(nil), Term:0, Index:0}
004017 INFO S2: (term 1) follower 收到 [1] AppendEntries [], prevIndex 0, prevTerm 0
004018 LEAD S1: 2 append success next 1 match 0
004018 INFO S0: (term 1) follower 收到 [1] AppendEntries [], prevIndex 0, prevTerm 0
004018 LEAD S1: 0 append success next 1 match 0
004519 LEAD S1: prevLog &raft.Entry{Command:interface {}(nil), Term:0, Index:0}
004519 LEAD S1: prevLog &raft.Entry{Command:interface {}(nil), Term:0, Index:0}
004520 INFO S0: (term 1) follower 收到 [1] AppendEntries [], prevIndex 0, prevTerm 0
004520 LEAD S1: 0 append success next 1 match 0
004521 INFO S2: (term 1) follower 收到 [1] AppendEntries [], prevIndex 0, prevTerm 0
004521 LEAD S1: 2 append success next 1 match 0
005021 LEAD S1: prevLog &raft.Entry{Command:interface {}(nil), Term:0, Index:0}
005021 LEAD S1: prevLog &raft.Entry{Command:interface {}(nil), Term:0, Index:0}
005022 INFO S2: (term 1) follower 收到 [1] AppendEntries [], prevIndex 0, prevTerm 0
005022 LEAD S1: 2 append success next 1 match 0
005022 INFO S0: (term 1) follower 收到 [1] AppendEntries [], prevIndex 0, prevTerm 0
005023 LEAD S1: 0 append success next 1 match 0
005523 LEAD S1: prevLog &raft.Entry{Command:interface {}(nil), Term:0, Index:0}
005524 LEAD S1: prevLog &raft.Entry{Command:interface {}(nil), Term:0, Index:0}
005524 INFO S2: (term 1) follower 收到 [1] AppendEntries [], prevIndex 0, prevTerm 0
005525 LEAD S1: 2 append success next 1 match 0
005525 INFO S0: (term 1) follower 收到 [1] AppendEntries [], prevIndex 0, prevTerm 0
005525 LEAD S1: 0 append success next 1 match 0
006026 LEAD S1: prevLog &raft.Entry{Command:interface {}(nil), Term:0, Index:0}
006026 LEAD S1: prevLog &raft.Entry{Command:interface {}(nil), Term:0, Index:0}
006027 INFO S2: (term 1) follower 收到 [1] AppendEntries [], prevIndex 0, prevTerm 0
006028 LEAD S1: 2 append success next 1 match 0
006028 INFO S0: (term 1) follower 收到 [1] AppendEntries [], prevIndex 0, prevTerm 0
006028 LEAD S1: 0 append success next 1 match 0
006528 LEAD S1: prevLog &raft.Entry{Command:interface {}(nil), Term:0, Index:0}
006528 LEAD S1: prevLog &raft.Entry{Command:interface {}(nil), Term:0, Index:0}
006529 INFO S2: (term 1) follower 收到 [1] AppendEntries [], prevIndex 0, prevTerm 0
006529 LEAD S1: 2 append success next 1 match 0
006529 INFO S0: (term 1) follower 收到 [1] AppendEntries [], prevIndex 0, prevTerm 0
006529 LEAD S1: 0 append success next 1 match 0
007030 LEAD S1: prevLog &raft.Entry{Command:interface {}(nil), Term:0, Index:0}
007030 LEAD S1: prevLog &raft.Entry{Command:interface {}(nil), Term:0, Index:0}
007031 INFO S2: (term 1) follower 收到 [1] AppendEntries [], prevIndex 0, prevTerm 0
007031 LEAD S1: 2 append success next 1 match 0
007031 INFO S0: (term 1) follower 收到 [1] AppendEntries [], prevIndex 0, prevTerm 0
007032 LEAD S1: 0 append success next 1 match 0
007532 LEAD S1: prevLog &raft.Entry{Command:interface {}(nil), Term:0, Index:0}
007533 LEAD S1: prevLog &raft.Entry{Command:interface {}(nil), Term:0, Index:0}
007534 INFO S2: (term 1) follower 收到 [1] AppendEntries [], prevIndex 0, prevTerm 0
007534 INFO S0: (term 1) follower 收到 [1] AppendEntries [], prevIndex 0, prevTerm 0
007534 LEAD S1: 2 append success next 1 match 0
007535 LEAD S1: 0 append success next 1 match 0
008035 LEAD S1: prevLog &raft.Entry{Command:interface {}(nil), Term:0, Index:0}
008036 LEAD S1: prevLog &raft.Entry{Command:interface {}(nil), Term:0, Index:0}
008036 INFO S2: (term 1) follower 收到 [1] AppendEntries [], prevIndex 0, prevTerm 0
008037 LEAD S1: 2 append success next 1 match 0
008037 INFO S0: (term 1) follower 收到 [1] AppendEntries [], prevIndex 0, prevTerm 0
008037 LEAD S1: 0 append success next 1 match 0
008538 LEAD S1: prevLog &raft.Entry{Command:interface {}(nil), Term:0, Index:0}
008538 LEAD S1: prevLog &raft.Entry{Command:interface {}(nil), Term:0, Index:0}
008539 INFO S2: (term 1) follower 收到 [1] AppendEntries [], prevIndex 0, prevTerm 0
008539 LEAD S1: 2 append success next 1 match 0
008539 INFO S0: (term 1) follower 收到 [1] AppendEntries [], prevIndex 0, prevTerm 0
008540 LEAD S1: 0 append success next 1 match 0
009040 LEAD S1: prevLog &raft.Entry{Command:interface {}(nil), Term:0, Index:0}
009041 LEAD S1: prevLog &raft.Entry{Command:interface {}(nil), Term:0, Index:0}
009041 INFO S2: (term 1) follower 收到 [1] AppendEntries [], prevIndex 0, prevTerm 0
009041 LEAD S1: 2 append success next 1 match 0
009042 INFO S0: (term 1) follower 收到 [1] AppendEntries [], prevIndex 0, prevTerm 0
009042 LEAD S1: 0 append success next 1 match 0
009543 LEAD S1: prevLog &raft.Entry{Command:interface {}(nil), Term:0, Index:0}
009543 LEAD S1: prevLog &raft.Entry{Command:interface {}(nil), Term:0, Index:0}
009544 INFO S2: (term 1) follower 收到 [1] AppendEntries [], prevIndex 0, prevTerm 0
009544 LEAD S1: 2 append success next 1 match 0
009544 INFO S0: (term 1) follower 收到 [1] AppendEntries [], prevIndex 0, prevTerm 0
009544 LEAD S1: 0 append success next 1 match 0
010045 LEAD S1: prevLog &raft.Entry{Command:interface {}(nil), Term:0, Index:0}
010045 LEAD S1: prevLog &raft.Entry{Command:interface {}(nil), Term:0, Index:0}
010046 INFO S2: (term 1) follower 收到 [1] AppendEntries [], prevIndex 0, prevTerm 0
010046 LEAD S1: 2 append success next 1 match 0
010047 INFO S0: (term 1) follower 收到 [1] AppendEntries [], prevIndex 0, prevTerm 0
010047 LEAD S1: 0 append success next 1 match 0
010548 LEAD S1: prevLog &raft.Entry{Command:interface {}(nil), Term:0, Index:0}
010548 LEAD S1: prevLog &raft.Entry{Command:interface {}(nil), Term:0, Index:0}
010549 INFO S2: (term 1) follower 收到 [1] AppendEntries [], prevIndex 0, prevTerm 0
010549 LEAD S1: 2 append success next 1 match 0
010550 INFO S0: (term 1) follower 收到 [1] AppendEntries [], prevIndex 0, prevTerm 0
010551 LEAD S1: 0 append success next 1 match 0
011051 LEAD S1: prevLog &raft.Entry{Command:interface {}(nil), Term:0, Index:0}
011051 LEAD S1: prevLog &raft.Entry{Command:interface {}(nil), Term:0, Index:0}
011053 INFO S2: (term 1) follower 收到 [1] AppendEntries [], prevIndex 0, prevTerm 0
011054 INFO S0: (term 1) follower 收到 [1] AppendEntries [], prevIndex 0, prevTerm 0
011055 LEAD S1: 2 append success next 1 match 0
011055 LEAD S1: 0 append success next 1 match 0
011556 LEAD S1: prevLog &raft.Entry{Command:interface {}(nil), Term:0, Index:0}
011556 LEAD S1: prevLog &raft.Entry{Command:interface {}(nil), Term:0, Index:0}
011558 INFO S2: (term 1) follower 收到 [1] AppendEntries [], prevIndex 0, prevTerm 0
011559 LEAD S1: 2 append success next 1 match 0
011559 INFO S0: (term 1) follower 收到 [1] AppendEntries [], prevIndex 0, prevTerm 0
011561 LEAD S1: 0 append success next 1 match 0
012059 LEAD S1: prevLog &raft.Entry{Command:interface {}(nil), Term:0, Index:0}
012060 LEAD S1: prevLog &raft.Entry{Command:interface {}(nil), Term:0, Index:0}
012062 INFO S2: (term 1) follower 收到 [1] AppendEntries [], prevIndex 0, prevTerm 0
012062 INFO S0: (term 1) follower 收到 [1] AppendEntries [], prevIndex 0, prevTerm 0
012062 LEAD S1: 0 append success next 1 match 0
012063 LEAD S1: 2 append success next 1 match 0
012563 LEAD S1: prevLog &raft.Entry{Command:interface {}(nil), Term:0, Index:0}
012564 LEAD S1: prevLog &raft.Entry{Command:interface {}(nil), Term:0, Index:0}
012565 INFO S0: (term 1) follower 收到 [1] AppendEntries [], prevIndex 0, prevTerm 0
012566 LEAD S1: 0 append success next 1 match 0
012566 INFO S2: (term 1) follower 收到 [1] AppendEntries [], prevIndex 0, prevTerm 0
012568 LEAD S1: 2 append success next 1 match 0
013066 LEAD S1: prevLog &raft.Entry{Command:interface {}(nil), Term:0, Index:0}
013067 LEAD S1: prevLog &raft.Entry{Command:interface {}(nil), Term:0, Index:0}
013069 INFO S2: (term 1) follower 收到 [1] AppendEntries [], prevIndex 0, prevTerm 0
013070 INFO S0: (term 1) follower 收到 [1] AppendEntries [], prevIndex 0, prevTerm 0
013070 LEAD S1: 2 append success next 1 match 0
013071 LEAD S1: 0 append success next 1 match 0
013569 LEAD S1: prevLog &raft.Entry{Command:interface {}(nil), Term:0, Index:0}
013570 LEAD S1: prevLog &raft.Entry{Command:interface {}(nil), Term:0, Index:0}
013570 INFO S2: (term 1) follower 收到 [1] AppendEntries [], prevIndex 0, prevTerm 0
013571 LEAD S1: 2 append success next 1 match 0
013571 INFO S0: (term 1) follower 收到 [1] AppendEntries [], prevIndex 0, prevTerm 0
013571 LEAD S1: 0 append success next 1 match 0
014071 LEAD S1: prevLog &raft.Entry{Command:interface {}(nil), Term:0, Index:0}
014071 LEAD S1: prevLog &raft.Entry{Command:interface {}(nil), Term:0, Index:0}
014072 INFO S2: (term 1) follower 收到 [1] AppendEntries [], prevIndex 0, prevTerm 0
014072 LEAD S1: 2 append success next 1 match 0
014072 INFO S0: (term 1) follower 收到 [1] AppendEntries [], prevIndex 0, prevTerm 0
014072 LEAD S1: 0 append success next 1 match 0
014573 LEAD S1: prevLog &raft.Entry{Command:interface {}(nil), Term:0, Index:0}
014573 LEAD S1: prevLog &raft.Entry{Command:interface {}(nil), Term:0, Index:0}
014574 INFO S2: (term 1) follower 收到 [1] AppendEntries [], prevIndex 0, prevTerm 0
014574 INFO S0: (term 1) follower 收到 [1] AppendEntries [], prevIndex 0, prevTerm 0
014574 LEAD S1: 2 append success next 1 match 0
014575 LEAD S1: 0 append success next 1 match 0
015076 LEAD S1: prevLog &raft.Entry{Command:interface {}(nil), Term:0, Index:0}
015076 LEAD S1: prevLog &raft.Entry{Command:interface {}(nil), Term:0, Index:0}
015077 INFO S2: (term 1) follower 收到 [1] AppendEntries [], prevIndex 0, prevTerm 0
015077 LEAD S1: 2 append success next 1 match 0
015077 INFO S0: (term 1) follower 收到 [1] AppendEntries [], prevIndex 0, prevTerm 0
015078 LEAD S1: 0 append success next 1 match 0
015580 LEAD S1: prevLog &raft.Entry{Command:interface {}(nil), Term:0, Index:0}
015581 LEAD S1: prevLog &raft.Entry{Command:interface {}(nil), Term:0, Index:0}
015583 INFO S2: (term 1) follower 收到 [1] AppendEntries [], prevIndex 0, prevTerm 0
015583 INFO S0: (term 1) follower 收到 [1] AppendEntries [], prevIndex 0, prevTerm 0
015585 LEAD S1: 0 append success next 1 match 0
015585 LEAD S1: 2 append success next 1 match 0
016084 LEAD S1: prevLog &raft.Entry{Command:interface {}(nil), Term:0, Index:0}
016085 LEAD S1: prevLog &raft.Entry{Command:interface {}(nil), Term:0, Index:0}
016087 INFO S2: (term 1) follower 收到 [1] AppendEntries [], prevIndex 0, prevTerm 0
016088 LEAD S1: 2 append success next 1 match 0
016088 INFO S0: (term 1) follower 收到 [1] AppendEntries [], prevIndex 0, prevTerm 0
016089 LEAD S1: 0 append success next 1 match 0
016587 LEAD S1: prevLog &raft.Entry{Command:interface {}(nil), Term:0, Index:0}
016587 LEAD S1: prevLog &raft.Entry{Command:interface {}(nil), Term:0, Index:0}
016588 INFO S2: (term 1) follower 收到 [1] AppendEntries [], prevIndex 0, prevTerm 0
016588 LEAD S1: 2 append success next 1 match 0
016589 INFO S0: (term 1) follower 收到 [1] AppendEntries [], prevIndex 0, prevTerm 0
016589 LEAD S1: 0 append success next 1 match 0
017089 LEAD S1: prevLog &raft.Entry{Command:interface {}(nil), Term:0, Index:0}
017090 LEAD S1: prevLog &raft.Entry{Command:interface {}(nil), Term:0, Index:0}
017090 INFO S2: (term 1) follower 收到 [1] AppendEntries [], prevIndex 0, prevTerm 0
017091 LEAD S1: 2 append success next 1 match 0
017091 INFO S0: (term 1) follower 收到 [1] AppendEntries [], prevIndex 0, prevTerm 0
017091 LEAD S1: 0 append success next 1 match 0
017593 LEAD S1: prevLog &raft.Entry{Command:interface {}(nil), Term:0, Index:0}
017593 LEAD S1: prevLog &raft.Entry{Command:interface {}(nil), Term:0, Index:0}
017594 INFO S2: (term 1) follower 收到 [1] AppendEntries [], prevIndex 0, prevTerm 0
017594 LEAD S1: 2 append success next 1 match 0
017594 INFO S0: (term 1) follower 收到 [1] AppendEntries [], prevIndex 0, prevTerm 0
017595 LEAD S1: 0 append success next 1 match 0
018095 LEAD S1: prevLog &raft.Entry{Command:interface {}(nil), Term:0, Index:0}
018095 LEAD S1: prevLog &raft.Entry{Command:interface {}(nil), Term:0, Index:0}
018096 INFO S2: (term 1) follower 收到 [1] AppendEntries [], prevIndex 0, prevTerm 0
018096 LEAD S1: 2 append success next 1 match 0
018096 INFO S0: (term 1) follower 收到 [1] AppendEntries [], prevIndex 0, prevTerm 0
018097 LEAD S1: 0 append success next 1 match 0
018598 LEAD S1: prevLog &raft.Entry{Command:interface {}(nil), Term:0, Index:0}
018599 LEAD S1: prevLog &raft.Entry{Command:interface {}(nil), Term:0, Index:0}
018599 INFO S2: (term 1) follower 收到 [1] AppendEntries [], prevIndex 0, prevTerm 0
018599 LEAD S1: 2 append success next 1 match 0
018600 INFO S0: (term 1) follower 收到 [1] AppendEntries [], prevIndex 0, prevTerm 0
018600 LEAD S1: 0 append success next 1 match 0
019101 LEAD S1: prevLog &raft.Entry{Command:interface {}(nil), Term:0, Index:0}
019101 LEAD S1: prevLog &raft.Entry{Command:interface {}(nil), Term:0, Index:0}
019101 INFO S2: (term 1) follower 收到 [1] AppendEntries [], prevIndex 0, prevTerm 0
019102 LEAD S1: 2 append success next 1 match 0
019102 INFO S0: (term 1) follower 收到 [1] AppendEntries [], prevIndex 0, prevTerm 0
019103 LEAD S1: 0 append success next 1 match 0
019603 LEAD S1: prevLog &raft.Entry{Command:interface {}(nil), Term:0, Index:0}
019603 LEAD S1: prevLog &raft.Entry{Command:interface {}(nil), Term:0, Index:0}
019604 INFO S2: (term 1) follower 收到 [1] AppendEntries [], prevIndex 0, prevTerm 0
019604 LEAD S1: 2 append success next 1 match 0
019604 INFO S0: (term 1) follower 收到 [1] AppendEntries [], prevIndex 0, prevTerm 0
019605 LEAD S1: 0 append success next 1 match 0
020105 LEAD S1: prevLog &raft.Entry{Command:interface {}(nil), Term:0, Index:0}
020105 LEAD S1: prevLog &raft.Entry{Command:interface {}(nil), Term:0, Index:0}
020106 INFO S2: (term 1) follower 收到 [1] AppendEntries [], prevIndex 0, prevTerm 0
020106 LEAD S1: 2 append success next 1 match 0
020107 INFO S0: (term 1) follower 收到 [1] AppendEntries [], prevIndex 0, prevTerm 0
020107 LEAD S1: 0 append success next 1 match 0
020608 LEAD S1: prevLog &raft.Entry{Command:interface {}(nil), Term:0, Index:0}
020608 LEAD S1: prevLog &raft.Entry{Command:interface {}(nil), Term:0, Index:0}
020609 INFO S2: (term 1) follower 收到 [1] AppendEntries [], prevIndex 0, prevTerm 0
020609 LEAD S1: 2 append success next 1 match 0
020609 INFO S0: (term 1) follower 收到 [1] AppendEntries [], prevIndex 0, prevTerm 0
020610 LEAD S1: 0 append success next 1 match 0
021110 LEAD S1: prevLog &raft.Entry{Command:interface {}(nil), Term:0, Index:0}
021110 LEAD S1: prevLog &raft.Entry{Command:interface {}(nil), Term:0, Index:0}
021111 INFO S2: (term 1) follower 收到 [1] AppendEntries [], prevIndex 0, prevTerm 0
021111 LEAD S1: 2 append success next 1 match 0
021112 INFO S0: (term 1) follower 收到 [1] AppendEntries [], prevIndex 0, prevTerm 0
021112 LEAD S1: 0 append success next 1 match 0
021612 LEAD S1: prevLog &raft.Entry{Command:interface {}(nil), Term:0, Index:0}
021612 LEAD S1: prevLog &raft.Entry{Command:interface {}(nil), Term:0, Index:0}
021613 INFO S2: (term 1) follower 收到 [1] AppendEntries [], prevIndex 0, prevTerm 0
021614 LEAD S1: 2 append success next 1 match 0
021614 INFO S0: (term 1) follower 收到 [1] AppendEntries [], prevIndex 0, prevTerm 0
021615 LEAD S1: 0 append success next 1 match 0
022116 LEAD S1: prevLog &raft.Entry{Command:interface {}(nil), Term:0, Index:0}
022116 LEAD S1: prevLog &raft.Entry{Command:interface {}(nil), Term:0, Index:0}
022117 INFO S2: (term 1) follower 收到 [1] AppendEntries [], prevIndex 0, prevTerm 0
022117 LEAD S1: 2 append success next 1 match 0
022117 INFO S0: (term 1) follower 收到 [1] AppendEntries [], prevIndex 0, prevTerm 0
022118 LEAD S1: 0 append success next 1 match 0
022618 LEAD S1: prevLog &raft.Entry{Command:interface {}(nil), Term:0, Index:0}
022618 LEAD S1: prevLog &raft.Entry{Command:interface {}(nil), Term:0, Index:0}
022618 INFO S2: (term 1) follower 收到 [1] AppendEntries [], prevIndex 0, prevTerm 0
022619 LEAD S1: 2 append success next 1 match 0
022619 INFO S0: (term 1) follower 收到 [1] AppendEntries [], prevIndex 0, prevTerm 0
022619 LEAD S1: 0 append success next 1 match 0
023120 LEAD S1: prevLog &raft.Entry{Command:interface {}(nil), Term:0, Index:0}
023120 LEAD S1: prevLog &raft.Entry{Command:interface {}(nil), Term:0, Index:0}
023121 INFO S2: (term 1) follower 收到 [1] AppendEntries [], prevIndex 0, prevTerm 0
023121 LEAD S1: 2 append success next 1 match 0
023121 INFO S0: (term 1) follower 收到 [1] AppendEntries [], prevIndex 0, prevTerm 0
023124 LEAD S1: 0 append success next 1 match 0
023622 LEAD S1: prevLog &raft.Entry{Command:interface {}(nil), Term:0, Index:0}
023622 LEAD S1: prevLog &raft.Entry{Command:interface {}(nil), Term:0, Index:0}
023623 INFO S2: (term 1) follower 收到 [1] AppendEntries [], prevIndex 0, prevTerm 0
023623 LEAD S1: 2 append success next 1 match 0
023623 INFO S0: (term 1) follower 收到 [1] AppendEntries [], prevIndex 0, prevTerm 0
023624 LEAD S1: 0 append success next 1 match 0
024125 LEAD S1: prevLog &raft.Entry{Command:interface {}(nil), Term:0, Index:0}
024125 LEAD S1: prevLog &raft.Entry{Command:interface {}(nil), Term:0, Index:0}
024126 INFO S2: (term 1) follower 收到 [1] AppendEntries [], prevIndex 0, prevTerm 0
024126 INFO S0: (term 1) follower 收到 [1] AppendEntries [], prevIndex 0, prevTerm 0
024126 LEAD S1: 2 append success next 1 match 0
024127 LEAD S1: 0 append success next 1 match 0
024628 LEAD S1: prevLog &raft.Entry{Command:interface {}(nil), Term:0, Index:0}
024628 LEAD S1: prevLog &raft.Entry{Command:interface {}(nil), Term:0, Index:0}
024629 INFO S2: (term 1) follower 收到 [1] AppendEntries [], prevIndex 0, prevTerm 0
024629 LEAD S1: 2 append success next 1 match 0
024629 INFO S0: (term 1) follower 收到 [1] AppendEntries [], prevIndex 0, prevTerm 0
024630 LEAD S1: 0 append success next 1 match 0
025130 LEAD S1: prevLog &raft.Entry{Command:interface {}(nil), Term:0, Index:0}
025131 LEAD S1: prevLog &raft.Entry{Command:interface {}(nil), Term:0, Index:0}
025131 INFO S2: (term 1) follower 收到 [1] AppendEntries [], prevIndex 0, prevTerm 0
025132 LEAD S1: 2 append success next 1 match 0
025132 INFO S0: (term 1) follower 收到 [1] AppendEntries [], prevIndex 0, prevTerm 0
025132 LEAD S1: 0 append success next 1 match 0
025633 LEAD S1: prevLog &raft.Entry{Command:interface {}(nil), Term:0, Index:0}
025633 LEAD S1: prevLog &raft.Entry{Command:interface {}(nil), Term:0, Index:0}
025634 INFO S2: (term 1) follower 收到 [1] AppendEntries [], prevIndex 0, prevTerm 0
025634 LEAD S1: 2 append success next 1 match 0
025634 INFO S0: (term 1) follower 收到 [1] AppendEntries [], prevIndex 0, prevTerm 0
025635 LEAD S1: 0 append success next 1 match 0
026135 LEAD S1: prevLog &raft.Entry{Command:interface {}(nil), Term:0, Index:0}
026136 LEAD S1: prevLog &raft.Entry{Command:interface {}(nil), Term:0, Index:0}
026136 INFO S0: (term 1) follower 收到 [1] AppendEntries [], prevIndex 0, prevTerm 0
026137 LEAD S1: 0 append success next 1 match 0
026137 INFO S2: (term 1) follower 收到 [1] AppendEntries [], prevIndex 0, prevTerm 0
026137 LEAD S1: 2 append success next 1 match 0
026638 LEAD S1: prevLog &raft.Entry{Command:interface {}(nil), Term:0, Index:0}
026638 LEAD S1: prevLog &raft.Entry{Command:interface {}(nil), Term:0, Index:0}
026639 INFO S2: (term 1) follower 收到 [1] AppendEntries [], prevIndex 0, prevTerm 0
026639 INFO S0: (term 1) follower 收到 [1] AppendEntries [], prevIndex 0, prevTerm 0
026639 LEAD S1: 2 append success next 1 match 0
026640 LEAD S1: 0 append success next 1 match 0
027140 LEAD S1: prevLog &raft.Entry{Command:interface {}(nil), Term:0, Index:0}
027140 LEAD S1: prevLog &raft.Entry{Command:interface {}(nil), Term:0, Index:0}
027141 INFO S0: (term 1) follower 收到 [1] AppendEntries [], prevIndex 0, prevTerm 0
027141 LEAD S1: 0 append success next 1 match 0
027141 INFO S2: (term 1) follower 收到 [1] AppendEntries [], prevIndex 0, prevTerm 0
027142 LEAD S1: 2 append success next 1 match 0
027643 LEAD S1: prevLog &raft.Entry{Command:interface {}(nil), Term:0, Index:0}
027643 LEAD S1: prevLog &raft.Entry{Command:interface {}(nil), Term:0, Index:0}
027644 INFO S2: (term 1) follower 收到 [1] AppendEntries [], prevIndex 0, prevTerm 0
027644 LEAD S1: 2 append success next 1 match 0
027645 INFO S0: (term 1) follower 收到 [1] AppendEntries [], prevIndex 0, prevTerm 0
027645 LEAD S1: 0 append success next 1 match 0
028145 LEAD S1: prevLog &raft.Entry{Command:interface {}(nil), Term:0, Index:0}
028145 LEAD S1: prevLog &raft.Entry{Command:interface {}(nil), Term:0, Index:0}
028146 INFO S2: (term 1) follower 收到 [1] AppendEntries [], prevIndex 0, prevTerm 0
028146 INFO S0: (term 1) follower 收到 [1] AppendEntries [], prevIndex 0, prevTerm 0
028146 LEAD S1: 2 append success next 1 match 0
028147 LEAD S1: 0 append success next 1 match 0
028646 LEAD S1: prevLog &raft.Entry{Command:interface {}(nil), Term:0, Index:0}
028647 LEAD S1: prevLog &raft.Entry{Command:interface {}(nil), Term:0, Index:0}
028647 INFO S2: (term 1) follower 收到 [1] AppendEntries [], prevIndex 0, prevTerm 0
028648 LEAD S1: 2 append success next 1 match 0
028648 INFO S0: (term 1) follower 收到 [1] AppendEntries [], prevIndex 0, prevTerm 0
028648 LEAD S1: 0 append success next 1 match 0
029149 LEAD S1: prevLog &raft.Entry{Command:interface {}(nil), Term:0, Index:0}
029149 LEAD S1: prevLog &raft.Entry{Command:interface {}(nil), Term:0, Index:0}
029150 INFO S2: (term 1) follower 收到 [1] AppendEntries [], prevIndex 0, prevTerm 0
029150 LEAD S1: 2 append success next 1 match 0
029150 INFO S0: (term 1) follower 收到 [1] AppendEntries [], prevIndex 0, prevTerm 0
029151 LEAD S1: 0 append success next 1 match 0
029651 LEAD S1: prevLog &raft.Entry{Command:interface {}(nil), Term:0, Index:0}
029651 LEAD S1: prevLog &raft.Entry{Command:interface {}(nil), Term:0, Index:0}
029652 INFO S2: (term 1) follower 收到 [1] AppendEntries [], prevIndex 0, prevTerm 0
029652 LEAD S1: 2 append success next 1 match 0
029652 INFO S0: (term 1) follower 收到 [1] AppendEntries [], prevIndex 0, prevTerm 0
029652 LEAD S1: 0 append success next 1 match 0
030153 LEAD S1: prevLog &raft.Entry{Command:interface {}(nil), Term:0, Index:0}
030153 LEAD S1: prevLog &raft.Entry{Command:interface {}(nil), Term:0, Index:0}
030154 INFO S2: (term 1) follower 收到 [1] AppendEntries [], prevIndex 0, prevTerm 0
030154 INFO S0: (term 1) follower 收到 [1] AppendEntries [], prevIndex 0, prevTerm 0
030154 LEAD S1: 2 append success next 1 match 0
030155 LEAD S1: 0 append success next 1 match 0
030654 LEAD S1: prevLog &raft.Entry{Command:interface {}(nil), Term:0, Index:0}
030655 LEAD S1: prevLog &raft.Entry{Command:interface {}(nil), Term:0, Index:0}
030655 INFO S2: (term 1) follower 收到 [1] AppendEntries [], prevIndex 0, prevTerm 0
030656 LEAD S1: 2 append success next 1 match 0
030656 INFO S0: (term 1) follower 收到 [1] AppendEntries [], prevIndex 0, prevTerm 0
030656 LEAD S1: 0 append success next 1 match 0
031158 LEAD S1: prevLog &raft.Entry{Command:interface {}(nil), Term:0, Index:0}
031159 LEAD S1: prevLog &raft.Entry{Command:interface {}(nil), Term:0, Index:0}
031161 INFO S2: (term 1) follower 收到 [1] AppendEntries [], prevIndex 0, prevTerm 0
031162 LEAD S1: 2 append success next 1 match 0
031163 INFO S0: (term 1) follower 收到 [1] AppendEntries [], prevIndex 0, prevTerm 0
031165 LEAD S1: 0 append success next 1 match 0
031662 LEAD S1: prevLog &raft.Entry{Command:interface {}(nil), Term:0, Index:0}
031662 LEAD S1: prevLog &raft.Entry{Command:interface {}(nil), Term:0, Index:0}
031663 INFO S2: (term 1) follower 收到 [1] AppendEntries [], prevIndex 0, prevTerm 0
031663 LEAD S1: 2 append success next 1 match 0
031663 INFO S0: (term 1) follower 收到 [1] AppendEntries [], prevIndex 0, prevTerm 0
031663 LEAD S1: 0 append success next 1 match 0
032164 LEAD S1: prevLog &raft.Entry{Command:interface {}(nil), Term:0, Index:0}
032164 LEAD S1: prevLog &raft.Entry{Command:interface {}(nil), Term:0, Index:0}
032165 INFO S2: (term 1) follower 收到 [1] AppendEntries [], prevIndex 0, prevTerm 0
032165 LEAD S1: 2 append success next 1 match 0
032165 INFO S0: (term 1) follower 收到 [1] AppendEntries [], prevIndex 0, prevTerm 0
032166 LEAD S1: 0 append success next 1 match 0
032666 LEAD S1: prevLog &raft.Entry{Command:interface {}(nil), Term:0, Index:0}
032666 LEAD S1: prevLog &raft.Entry{Command:interface {}(nil), Term:0, Index:0}
032667 INFO S2: (term 1) follower 收到 [1] AppendEntries [], prevIndex 0, prevTerm 0
032667 LEAD S1: 2 append success next 1 match 0
032668 INFO S0: (term 1) follower 收到 [1] AppendEntries [], prevIndex 0, prevTerm 0
032668 LEAD S1: 0 append success next 1 match 0
033169 LEAD S1: prevLog &raft.Entry{Command:interface {}(nil), Term:0, Index:0}
033169 LEAD S1: prevLog &raft.Entry{Command:interface {}(nil), Term:0, Index:0}
033171 INFO S2: (term 1) follower 收到 [1] AppendEntries [], prevIndex 0, prevTerm 0
033171 INFO S0: (term 1) follower 收到 [1] AppendEntries [], prevIndex 0, prevTerm 0
033172 LEAD S1: 0 append success next 1 match 0
033172 LEAD S1: 2 append success next 1 match 0
033672 LEAD S1: prevLog &raft.Entry{Command:interface {}(nil), Term:0, Index:0}
033672 LEAD S1: prevLog &raft.Entry{Command:interface {}(nil), Term:0, Index:0}
033672 INFO S2: (term 1) follower 收到 [1] AppendEntries [], prevIndex 0, prevTerm 0
033673 LEAD S1: 2 append success next 1 match 0
033673 INFO S0: (term 1) follower 收到 [1] AppendEntries [], prevIndex 0, prevTerm 0
033673 LEAD S1: 0 append success next 1 match 0
034174 LEAD S1: prevLog &raft.Entry{Command:interface {}(nil), Term:0, Index:0}
034174 LEAD S1: prevLog &raft.Entry{Command:interface {}(nil), Term:0, Index:0}
034175 INFO S2: (term 1) follower 收到 [1] AppendEntries [], prevIndex 0, prevTerm 0
034175 INFO S0: (term 1) follower 收到 [1] AppendEntries [], prevIndex 0, prevTerm 0
034175 LEAD S1: 2 append success next 1 match 0
034176 LEAD S1: 0 append success next 1 match 0
034677 LEAD S1: prevLog &raft.Entry{Command:interface {}(nil), Term:0, Index:0}
034677 LEAD S1: prevLog &raft.Entry{Command:interface {}(nil), Term:0, Index:0}
034680 INFO S2: (term 1) follower 收到 [1] AppendEntries [], prevIndex 0, prevTerm 0
034680 INFO S0: (term 1) follower 收到 [1] AppendEntries [], prevIndex 0, prevTerm 0
034681 LEAD S1: 0 append success next 1 match 0
034682 LEAD S1: 2 append success next 1 match 0
035180 LEAD S1: prevLog &raft.Entry{Command:interface {}(nil), Term:0, Index:0}
035180 LEAD S1: prevLog &raft.Entry{Command:interface {}(nil), Term:0, Index:0}
035181 INFO S2: (term 1) follower 收到 [1] AppendEntries [], prevIndex 0, prevTerm 0
035181 LEAD S1: 2 append success next 1 match 0
035181 INFO S0: (term 1) follower 收到 [1] AppendEntries [], prevIndex 0, prevTerm 0
035182 LEAD S1: 0 append success next 1 match 0
035681 LEAD S1: prevLog &raft.Entry{Command:interface {}(nil), Term:0, Index:0}
035681 LEAD S1: prevLog &raft.Entry{Command:interface {}(nil), Term:0, Index:0}
035682 INFO S2: (term 1) follower 收到 [1] AppendEntries [], prevIndex 0, prevTerm 0
035682 INFO S0: (term 1) follower 收到 [1] AppendEntries [], prevIndex 0, prevTerm 0
035682 LEAD S1: 2 append success next 1 match 0
035683 LEAD S1: 0 append success next 1 match 0
036183 LEAD S1: prevLog &raft.Entry{Command:interface {}(nil), Term:0, Index:0}
036184 LEAD S1: prevLog &raft.Entry{Command:interface {}(nil), Term:0, Index:0}
036184 INFO S2: (term 1) follower 收到 [1] AppendEntries [], prevIndex 0, prevTerm 0
036185 LEAD S1: 2 append success next 1 match 0
036185 INFO S0: (term 1) follower 收到 [1] AppendEntries [], prevIndex 0, prevTerm 0
036185 LEAD S1: 0 append success next 1 match 0
036686 LEAD S1: prevLog &raft.Entry{Command:interface {}(nil), Term:0, Index:0}
036687 LEAD S1: prevLog &raft.Entry{Command:interface {}(nil), Term:0, Index:0}
036690 INFO S2: (term 1) follower 收到 [1] AppendEntries [], prevIndex 0, prevTerm 0
036690 INFO S0: (term 1) follower 收到 [1] AppendEntries [], prevIndex 0, prevTerm 0
036691 LEAD S1: 2 append success next 1 match 0
036692 LEAD S1: 0 append success next 1 match 0
037189 LEAD S1: prevLog &raft.Entry{Command:interface {}(nil), Term:0, Index:0}
037189 LEAD S1: prevLog &raft.Entry{Command:interface {}(nil), Term:0, Index:0}
037190 INFO S2: (term 1) follower 收到 [1] AppendEntries [], prevIndex 0, prevTerm 0
037190 LEAD S1: 2 append success next 1 match 0
037191 INFO S0: (term 1) follower 收到 [1] AppendEntries [], prevIndex 0, prevTerm 0
037191 LEAD S1: 0 append success next 1 match 0
037692 LEAD S1: prevLog &raft.Entry{Command:interface {}(nil), Term:0, Index:0}
037692 LEAD S1: prevLog &raft.Entry{Command:interface {}(nil), Term:0, Index:0}
037693 INFO S2: (term 1) follower 收到 [1] AppendEntries [], prevIndex 0, prevTerm 0
037693 LEAD S1: 2 append success next 1 match 0
037694 INFO S0: (term 1) follower 收到 [1] AppendEntries [], prevIndex 0, prevTerm 0
037694 LEAD S1: 0 append success next 1 match 0
038195 LEAD S1: prevLog &raft.Entry{Command:interface {}(nil), Term:0, Index:0}
038195 LEAD S1: prevLog &raft.Entry{Command:interface {}(nil), Term:0, Index:0}
038196 INFO S2: (term 1) follower 收到 [1] AppendEntries [], prevIndex 0, prevTerm 0
038196 LEAD S1: 2 append success next 1 match 0
038196 INFO S0: (term 1) follower 收到 [1] AppendEntries [], prevIndex 0, prevTerm 0
038196 LEAD S1: 0 append success next 1 match 0
038697 LEAD S1: prevLog &raft.Entry{Command:interface {}(nil), Term:0, Index:0}
038698 LEAD S1: prevLog &raft.Entry{Command:interface {}(nil), Term:0, Index:0}
038699 INFO S2: (term 1) follower 收到 [1] AppendEntries [], prevIndex 0, prevTerm 0
038699 LEAD S1: 2 append success next 1 match 0
038700 INFO S0: (term 1) follower 收到 [1] AppendEntries [], prevIndex 0, prevTerm 0
038701 LEAD S1: 0 append success next 1 match 0
039200 LEAD S1: prevLog &raft.Entry{Command:interface {}(nil), Term:0, Index:0}
039200 LEAD S1: prevLog &raft.Entry{Command:interface {}(nil), Term:0, Index:0}
039201 INFO S2: (term 1) follower 收到 [1] AppendEntries [], prevIndex 0, prevTerm 0
039201 LEAD S1: 2 append success next 1 match 0
039201 INFO S0: (term 1) follower 收到 [1] AppendEntries [], prevIndex 0, prevTerm 0
039202 LEAD S1: 0 append success next 1 match 0
039702 LEAD S1: prevLog &raft.Entry{Command:interface {}(nil), Term:0, Index:0}
039702 LEAD S1: prevLog &raft.Entry{Command:interface {}(nil), Term:0, Index:0}
039703 INFO S2: (term 1) follower 收到 [1] AppendEntries [], prevIndex 0, prevTerm 0
039703 LEAD S1: 2 append success next 1 match 0
039704 INFO S0: (term 1) follower 收到 [1] AppendEntries [], prevIndex 0, prevTerm 0
039704 LEAD S1: 0 append success next 1 match 0
040203 LEAD S1: prevLog &raft.Entry{Command:interface {}(nil), Term:0, Index:0}
040204 LEAD S1: prevLog &raft.Entry{Command:interface {}(nil), Term:0, Index:0}
040204 INFO S2: (term 1) follower 收到 [1] AppendEntries [], prevIndex 0, prevTerm 0
040205 LEAD S1: 2 append success next 1 match 0
040205 INFO S0: (term 1) follower 收到 [1] AppendEntries [], prevIndex 0, prevTerm 0
040205 LEAD S1: 0 append success next 1 match 0
040706 LEAD S1: prevLog &raft.Entry{Command:interface {}(nil), Term:0, Index:0}
040706 LEAD S1: prevLog &raft.Entry{Command:interface {}(nil), Term:0, Index:0}
040706 INFO S2: (term 1) follower 收到 [1] AppendEntries [], prevIndex 0, prevTerm 0
040707 LEAD S1: 2 append success next 1 match 0
040707 INFO S0: (term 1) follower 收到 [1] AppendEntries [], prevIndex 0, prevTerm 0
040707 LEAD S1: 0 append success next 1 match 0
041208 LEAD S1: prevLog &raft.Entry{Command:interface {}(nil), Term:0, Index:0}
041208 LEAD S1: prevLog &raft.Entry{Command:interface {}(nil), Term:0, Index:0}
041209 INFO S2: (term 1) follower 收到 [1] AppendEntries [], prevIndex 0, prevTerm 0
041209 LEAD S1: 2 append success next 1 match 0
041210 INFO S0: (term 1) follower 收到 [1] AppendEntries [], prevIndex 0, prevTerm 0
041210 LEAD S1: 0 append success next 1 match 0
041709 LEAD S1: prevLog &raft.Entry{Command:interface {}(nil), Term:0, Index:0}
041709 LEAD S1: prevLog &raft.Entry{Command:interface {}(nil), Term:0, Index:0}
041710 INFO S2: (term 1) follower 收到 [1] AppendEntries [], prevIndex 0, prevTerm 0
041710 INFO S0: (term 1) follower 收到 [1] AppendEntries [], prevIndex 0, prevTerm 0
041710 LEAD S1: 2 append success next 1 match 0
041710 LEAD S1: 0 append success next 1 match 0
042211 LEAD S1: prevLog &raft.Entry{Command:interface {}(nil), Term:0, Index:0}
042212 LEAD S1: prevLog &raft.Entry{Command:interface {}(nil), Term:0, Index:0}
042212 INFO S2: (term 1) follower 收到 [1] AppendEntries [], prevIndex 0, prevTerm 0
042213 LEAD S1: 2 append success next 1 match 0
042213 INFO S0: (term 1) follower 收到 [1] AppendEntries [], prevIndex 0, prevTerm 0
042214 LEAD S1: 0 append success next 1 match 0
042713 LEAD S1: prevLog &raft.Entry{Command:interface {}(nil), Term:0, Index:0}
042713 LEAD S1: prevLog &raft.Entry{Command:interface {}(nil), Term:0, Index:0}
042714 INFO S2: (term 1) follower 收到 [1] AppendEntries [], prevIndex 0, prevTerm 0
042714 LEAD S1: 2 append success next 1 match 0
042714 INFO S0: (term 1) follower 收到 [1] AppendEntries [], prevIndex 0, prevTerm 0
042715 LEAD S1: 0 append success next 1 match 0
043215 LEAD S1: prevLog &raft.Entry{Command:interface {}(nil), Term:0, Index:0}
043215 LEAD S1: prevLog &raft.Entry{Command:interface {}(nil), Term:0, Index:0}
043216 INFO S2: (term 1) follower 收到 [1] AppendEntries [], prevIndex 0, prevTerm 0
043216 LEAD S1: 2 append success next 1 match 0
043216 INFO S0: (term 1) follower 收到 [1] AppendEntries [], prevIndex 0, prevTerm 0
043217 LEAD S1: 0 append success next 1 match 0
043717 LEAD S1: prevLog &raft.Entry{Command:interface {}(nil), Term:0, Index:0}
043718 LEAD S1: prevLog &raft.Entry{Command:interface {}(nil), Term:0, Index:0}
043718 INFO S2: (term 1) follower 收到 [1] AppendEntries [], prevIndex 0, prevTerm 0
043719 LEAD S1: 2 append success next 1 match 0
043719 INFO S0: (term 1) follower 收到 [1] AppendEntries [], prevIndex 0, prevTerm 0
043719 LEAD S1: 0 append success next 1 match 0
044220 LEAD S1: prevLog &raft.Entry{Command:interface {}(nil), Term:0, Index:0}
044220 LEAD S1: prevLog &raft.Entry{Command:interface {}(nil), Term:0, Index:0}
044220 INFO S2: (term 1) follower 收到 [1] AppendEntries [], prevIndex 0, prevTerm 0
044221 LEAD S1: 2 append success next 1 match 0
044221 INFO S0: (term 1) follower 收到 [1] AppendEntries [], prevIndex 0, prevTerm 0
044221 LEAD S1: 0 append success next 1 match 0
044722 LEAD S1: prevLog &raft.Entry{Command:interface {}(nil), Term:0, Index:0}
044722 LEAD S1: prevLog &raft.Entry{Command:interface {}(nil), Term:0, Index:0}
044723 INFO S2: (term 1) follower 收到 [1] AppendEntries [], prevIndex 0, prevTerm 0
044723 LEAD S1: 2 append success next 1 match 0
044724 INFO S0: (term 1) follower 收到 [1] AppendEntries [], prevIndex 0, prevTerm 0
044724 LEAD S1: 0 append success next 1 match 0
045225 LEAD S1: prevLog &raft.Entry{Command:interface {}(nil), Term:0, Index:0}
045225 LEAD S1: prevLog &raft.Entry{Command:interface {}(nil), Term:0, Index:0}
045226 INFO S2: (term 1) follower 收到 [1] AppendEntries [], prevIndex 0, prevTerm 0
045226 INFO S0: (term 1) follower 收到 [1] AppendEntries [], prevIndex 0, prevTerm 0
045226 LEAD S1: 2 append success next 1 match 0
045227 LEAD S1: 0 append success next 1 match 0
045729 LEAD S1: prevLog &raft.Entry{Command:interface {}(nil), Term:0, Index:0}
045729 LEAD S1: prevLog &raft.Entry{Command:interface {}(nil), Term:0, Index:0}
045730 INFO S2: (term 1) follower 收到 [1] AppendEntries [], prevIndex 0, prevTerm 0
045730 LEAD S1: 2 append success next 1 match 0
045730 INFO S0: (term 1) follower 收到 [1] AppendEntries [], prevIndex 0, prevTerm 0
045731 LEAD S1: 0 append success next 1 match 0
046231 LEAD S1: prevLog &raft.Entry{Command:interface {}(nil), Term:0, Index:0}
046231 LEAD S1: prevLog &raft.Entry{Command:interface {}(nil), Term:0, Index:0}
046232 INFO S0: (term 1) follower 收到 [1] AppendEntries [], prevIndex 0, prevTerm 0
046232 LEAD S1: 0 append success next 1 match 0
046232 INFO S2: (term 1) follower 收到 [1] AppendEntries [], prevIndex 0, prevTerm 0
046232 LEAD S1: 2 append success next 1 match 0
046733 LEAD S1: prevLog &raft.Entry{Command:interface {}(nil), Term:0, Index:0}
046733 LEAD S1: prevLog &raft.Entry{Command:interface {}(nil), Term:0, Index:0}
046734 INFO S2: (term 1) follower 收到 [1] AppendEntries [], prevIndex 0, prevTerm 0
046734 LEAD S1: 2 append success next 1 match 0
046735 INFO S0: (term 1) follower 收到 [1] AppendEntries [], prevIndex 0, prevTerm 0
046735 LEAD S1: 0 append success next 1 match 0
047235 LEAD S1: prevLog &raft.Entry{Command:interface {}(nil), Term:0, Index:0}
047236 LEAD S1: prevLog &raft.Entry{Command:interface {}(nil), Term:0, Index:0}
047236 INFO S2: (term 1) follower 收到 [1] AppendEntries [], prevIndex 0, prevTerm 0
047237 LEAD S1: 2 append success next 1 match 0
047237 INFO S0: (term 1) follower 收到 [1] AppendEntries [], prevIndex 0, prevTerm 0
047237 LEAD S1: 0 append success next 1 match 0
047738 LEAD S1: prevLog &raft.Entry{Command:interface {}(nil), Term:0, Index:0}
047738 LEAD S1: prevLog &raft.Entry{Command:interface {}(nil), Term:0, Index:0}
047738 INFO S2: (term 1) follower 收到 [1] AppendEntries [], prevIndex 0, prevTerm 0
047739 LEAD S1: 2 append success next 1 match 0
047739 INFO S0: (term 1) follower 收到 [1] AppendEntries [], prevIndex 0, prevTerm 0
047739 LEAD S1: 0 append success next 1 match 0
048240 LEAD S1: prevLog &raft.Entry{Command:interface {}(nil), Term:0, Index:0}
048240 LEAD S1: prevLog &raft.Entry{Command:interface {}(nil), Term:0, Index:0}
048241 INFO S2: (term 1) follower 收到 [1] AppendEntries [], prevIndex 0, prevTerm 0
048241 LEAD S1: 2 append success next 1 match 0
048241 INFO S0: (term 1) follower 收到 [1] AppendEntries [], prevIndex 0, prevTerm 0
048242 LEAD S1: 0 append success next 1 match 0
048742 LEAD S1: prevLog &raft.Entry{Command:interface {}(nil), Term:0, Index:0}
048743 LEAD S1: prevLog &raft.Entry{Command:interface {}(nil), Term:0, Index:0}
048743 INFO S2: (term 1) follower 收到 [1] AppendEntries [], prevIndex 0, prevTerm 0
048744 LEAD S1: 2 append success next 1 match 0
048744 INFO S0: (term 1) follower 收到 [1] AppendEntries [], prevIndex 0, prevTerm 0
048744 LEAD S1: 0 append success next 1 match 0
049245 LEAD S1: prevLog &raft.Entry{Command:interface {}(nil), Term:0, Index:0}
049245 LEAD S1: prevLog &raft.Entry{Command:interface {}(nil), Term:0, Index:0}
049246 INFO S2: (term 1) follower 收到 [1] AppendEntries [], prevIndex 0, prevTerm 0
049246 INFO S0: (term 1) follower 收到 [1] AppendEntries [], prevIndex 0, prevTerm 0
049247 LEAD S1: 2 append success next 1 match 0
049247 LEAD S1: 0 append success next 1 match 0
049748 LEAD S1: prevLog &raft.Entry{Command:interface {}(nil), Term:0, Index:0}
049749 LEAD S1: prevLog &raft.Entry{Command:interface {}(nil), Term:0, Index:0}
049752 INFO S0: (term 1) follower 收到 [1] AppendEntries [], prevIndex 0, prevTerm 0
049752 INFO S2: (term 1) follower 收到 [1] AppendEntries [], prevIndex 0, prevTerm 0
049754 LEAD S1: 0 append success next 1 match 0
049754 LEAD S1: 2 append success next 1 match 0
050253 LEAD S1: prevLog &raft.Entry{Command:interface {}(nil), Term:0, Index:0}
050253 LEAD S1: prevLog &raft.Entry{Command:interface {}(nil), Term:0, Index:0}
050254 INFO S2: (term 1) follower 收到 [1] AppendEntries [], prevIndex 0, prevTerm 0
050255 LEAD S1: 2 append success next 1 match 0
050255 INFO S0: (term 1) follower 收到 [1] AppendEntries [], prevIndex 0, prevTerm 0
050255 LEAD S1: 0 append success next 1 match 0
050756 LEAD S1: prevLog &raft.Entry{Command:interface {}(nil), Term:0, Index:0}
050757 LEAD S1: prevLog &raft.Entry{Command:interface {}(nil), Term:0, Index:0}
050757 INFO S2: (term 1) follower 收到 [1] AppendEntries [], prevIndex 0, prevTerm 0
050758 LEAD S1: 2 append success next 1 match 0
050758 INFO S0: (term 1) follower 收到 [1] AppendEntries [], prevIndex 0, prevTerm 0
050758 LEAD S1: 0 append success next 1 match 0
051259 LEAD S1: prevLog &raft.Entry{Command:interface {}(nil), Term:0, Index:0}
051259 LEAD S1: prevLog &raft.Entry{Command:interface {}(nil), Term:0, Index:0}
051260 INFO S2: (term 1) follower 收到 [1] AppendEntries [], prevIndex 0, prevTerm 0
051260 LEAD S1: 2 append success next 1 match 0
051260 INFO S0: (term 1) follower 收到 [1] AppendEntries [], prevIndex 0, prevTerm 0
051260 LEAD S1: 0 append success next 1 match 0
051761 LEAD S1: prevLog &raft.Entry{Command:interface {}(nil), Term:0, Index:0}
051761 LEAD S1: prevLog &raft.Entry{Command:interface {}(nil), Term:0, Index:0}
051762 INFO S2: (term 1) follower 收到 [1] AppendEntries [], prevIndex 0, prevTerm 0
051762 LEAD S1: 2 append success next 1 match 0
051762 INFO S0: (term 1) follower 收到 [1] AppendEntries [], prevIndex 0, prevTerm 0
051763 LEAD S1: 0 append success next 1 match 0
052264 LEAD S1: prevLog &raft.Entry{Command:interface {}(nil), Term:0, Index:0}
052264 LEAD S1: prevLog &raft.Entry{Command:interface {}(nil), Term:0, Index:0}
052264 INFO S2: (term 1) follower 收到 [1] AppendEntries [], prevIndex 0, prevTerm 0
052265 LEAD S1: 2 append success next 1 match 0
052265 INFO S0: (term 1) follower 收到 [1] AppendEntries [], prevIndex 0, prevTerm 0
052265 LEAD S1: 0 append success next 1 match 0
052766 LEAD S1: prevLog &raft.Entry{Command:interface {}(nil), Term:0, Index:0}
052766 LEAD S1: prevLog &raft.Entry{Command:interface {}(nil), Term:0, Index:0}
052767 INFO S2: (term 1) follower 收到 [1] AppendEntries [], prevIndex 0, prevTerm 0
052767 LEAD S1: 2 append success next 1 match 0
052767 INFO S0: (term 1) follower 收到 [1] AppendEntries [], prevIndex 0, prevTerm 0
052768 LEAD S1: 0 append success next 1 match 0
053268 LEAD S1: prevLog &raft.Entry{Command:interface {}(nil), Term:0, Index:0}
053269 LEAD S1: prevLog &raft.Entry{Command:interface {}(nil), Term:0, Index:0}
053269 INFO S2: (term 1) follower 收到 [1] AppendEntries [], prevIndex 0, prevTerm 0
053270 LEAD S1: 2 append success next 1 match 0
053270 INFO S0: (term 1) follower 收到 [1] AppendEntries [], prevIndex 0, prevTerm 0
053270 LEAD S1: 0 append success next 1 match 0
053771 LEAD S1: prevLog &raft.Entry{Command:interface {}(nil), Term:0, Index:0}
053771 LEAD S1: prevLog &raft.Entry{Command:interface {}(nil), Term:0, Index:0}
053772 INFO S2: (term 1) follower 收到 [1] AppendEntries [], prevIndex 0, prevTerm 0
053772 LEAD S1: 2 append success next 1 match 0
053772 INFO S0: (term 1) follower 收到 [1] AppendEntries [], prevIndex 0, prevTerm 0
053772 LEAD S1: 0 append success next 1 match 0
054273 LEAD S1: prevLog &raft.Entry{Command:interface {}(nil), Term:0, Index:0}
054274 LEAD S1: prevLog &raft.Entry{Command:interface {}(nil), Term:0, Index:0}
054275 INFO S2: (term 1) follower 收到 [1] AppendEntries [], prevIndex 0, prevTerm 0
054275 INFO S0: (term 1) follower 收到 [1] AppendEntries [], prevIndex 0, prevTerm 0
054275 LEAD S1: 0 append success next 1 match 0
054275 LEAD S1: 2 append success next 1 match 0
054776 LEAD S1: prevLog &raft.Entry{Command:interface {}(nil), Term:0, Index:0}
054776 LEAD S1: prevLog &raft.Entry{Command:interface {}(nil), Term:0, Index:0}
054777 INFO S0: (term 1) follower 收到 [1] AppendEntries [], prevIndex 0, prevTerm 0
054777 LEAD S1: 0 append success next 1 match 0
054777 INFO S2: (term 1) follower 收到 [1] AppendEntries [], prevIndex 0, prevTerm 0
054778 LEAD S1: 2 append success next 1 match 0
055279 LEAD S1: prevLog &raft.Entry{Command:interface {}(nil), Term:0, Index:0}
055279 LEAD S1: prevLog &raft.Entry{Command:interface {}(nil), Term:0, Index:0}
055280 INFO S2: (term 1) follower 收到 [1] AppendEntries [], prevIndex 0, prevTerm 0
055280 LEAD S1: 2 append success next 1 match 0
055280 INFO S0: (term 1) follower 收到 [1] AppendEntries [], prevIndex 0, prevTerm 0
055281 LEAD S1: 0 append success next 1 match 0
055781 LEAD S1: prevLog &raft.Entry{Command:interface {}(nil), Term:0, Index:0}
055782 LEAD S1: prevLog &raft.Entry{Command:interface {}(nil), Term:0, Index:0}
055782 INFO S2: (term 1) follower 收到 [1] AppendEntries [], prevIndex 0, prevTerm 0
055782 LEAD S1: 2 append success next 1 match 0
055783 INFO S0: (term 1) follower 收到 [1] AppendEntries [], prevIndex 0, prevTerm 0
055783 LEAD S1: 0 append success next 1 match 0
056285 LEAD S1: prevLog &raft.Entry{Command:interface {}(nil), Term:0, Index:0}
056285 LEAD S1: prevLog &raft.Entry{Command:interface {}(nil), Term:0, Index:0}
056287 INFO S2: (term 1) follower 收到 [1] AppendEntries [], prevIndex 0, prevTerm 0
056288 LEAD S1: 2 append success next 1 match 0
056288 INFO S0: (term 1) follower 收到 [1] AppendEntries [], prevIndex 0, prevTerm 0
056290 LEAD S1: 0 append success next 1 match 0
056788 LEAD S1: prevLog &raft.Entry{Command:interface {}(nil), Term:0, Index:0}
056788 LEAD S1: prevLog &raft.Entry{Command:interface {}(nil), Term:0, Index:0}
056789 INFO S2: (term 1) follower 收到 [1] AppendEntries [], prevIndex 0, prevTerm 0
056789 LEAD S1: 2 append success next 1 match 0
056789 INFO S0: (term 1) follower 收到 [1] AppendEntries [], prevIndex 0, prevTerm 0
056790 LEAD S1: 0 append success next 1 match 0
057290 LEAD S1: prevLog &raft.Entry{Command:interface {}(nil), Term:0, Index:0}
057290 LEAD S1: prevLog &raft.Entry{Command:interface {}(nil), Term:0, Index:0}
057291 INFO S2: (term 1) follower 收到 [1] AppendEntries [], prevIndex 0, prevTerm 0
057291 LEAD S1: 2 append success next 1 match 0
057291 INFO S0: (term 1) follower 收到 [1] AppendEntries [], prevIndex 0, prevTerm 0
057292 LEAD S1: 0 append success next 1 match 0
057791 LEAD S1: prevLog &raft.Entry{Command:interface {}(nil), Term:0, Index:0}
057792 LEAD S1: prevLog &raft.Entry{Command:interface {}(nil), Term:0, Index:0}
057792 INFO S2: (term 1) follower 收到 [1] AppendEntries [], prevIndex 0, prevTerm 0
057793 LEAD S1: 2 append success next 1 match 0
057793 INFO S0: (term 1) follower 收到 [1] AppendEntries [], prevIndex 0, prevTerm 0
057793 LEAD S1: 0 append success next 1 match 0
058294 LEAD S1: prevLog &raft.Entry{Command:interface {}(nil), Term:0, Index:0}
058294 LEAD S1: prevLog &raft.Entry{Command:interface {}(nil), Term:0, Index:0}
058294 INFO S2: (term 1) follower 收到 [1] AppendEntries [], prevIndex 0, prevTerm 0
058295 LEAD S1: 2 append success next 1 match 0
058295 INFO S0: (term 1) follower 收到 [1] AppendEntries [], prevIndex 0, prevTerm 0
058295 LEAD S1: 0 append success next 1 match 0
058796 LEAD S1: prevLog &raft.Entry{Command:interface {}(nil), Term:0, Index:0}
058797 LEAD S1: prevLog &raft.Entry{Command:interface {}(nil), Term:0, Index:0}
058798 INFO S0: (term 1) follower 收到 [1] AppendEntries [], prevIndex 0, prevTerm 0
058798 INFO S2: (term 1) follower 收到 [1] AppendEntries [], prevIndex 0, prevTerm 0
058798 LEAD S1: 0 append success next 1 match 0
058799 LEAD S1: 2 append success next 1 match 0
059300 LEAD S1: prevLog &raft.Entry{Command:interface {}(nil), Term:0, Index:0}
059301 LEAD S1: prevLog &raft.Entry{Command:interface {}(nil), Term:0, Index:0}
059303 INFO S2: (term 1) follower 收到 [1] AppendEntries [], prevIndex 0, prevTerm 0
059303 INFO S0: (term 1) follower 收到 [1] AppendEntries [], prevIndex 0, prevTerm 0
059304 LEAD S1: 0 append success next 1 match 0
059304 LEAD S1: 2 append success next 1 match 0
059802 LEAD S1: prevLog &raft.Entry{Command:interface {}(nil), Term:0, Index:0}
059803 LEAD S1: prevLog &raft.Entry{Command:interface {}(nil), Term:0, Index:0}
059804 INFO S0: (term 1) follower 收到 [1] AppendEntries [], prevIndex 0, prevTerm 0
059805 INFO S2: (term 1) follower 收到 [1] AppendEntries [], prevIndex 0, prevTerm 0
059805 LEAD S1: 0 append success next 1 match 0
059805 LEAD S1: 2 append success next 1 match 0
060313 LEAD S1: prevLog &raft.Entry{Command:interface {}(nil), Term:0, Index:0}
060314 LEAD S1: prevLog &raft.Entry{Command:interface {}(nil), Term:0, Index:0}
060314 INFO S2: (term 1) follower 收到 [1] AppendEntries [], prevIndex 0, prevTerm 0
060314 LEAD S1: 2 append success next 1 match 0
060315 INFO S0: (term 1) follower 收到 [1] AppendEntries [], prevIndex 0, prevTerm 0
060315 LEAD S1: 0 append success next 1 match 0
060817 LEAD S1: prevLog &raft.Entry{Command:interface {}(nil), Term:0, Index:0}
060818 LEAD S1: prevLog &raft.Entry{Command:interface {}(nil), Term:0, Index:0}
060819 INFO S2: (term 1) follower 收到 [1] AppendEntries [], prevIndex 0, prevTerm 0
060820 LEAD S1: 2 append success next 1 match 0
060821 INFO S0: (term 1) follower 收到 [1] AppendEntries [], prevIndex 0, prevTerm 0
060821 LEAD S1: 0 append success next 1 match 0
061322 LEAD S1: prevLog &raft.Entry{Command:interface {}(nil), Term:0, Index:0}
061322 LEAD S1: prevLog &raft.Entry{Command:interface {}(nil), Term:0, Index:0}
061323 INFO S2: (term 1) follower 收到 [1] AppendEntries [], prevIndex 0, prevTerm 0
061323 LEAD S1: 2 append success next 1 match 0
061323 INFO S0: (term 1) follower 收到 [1] AppendEntries [], prevIndex 0, prevTerm 0
061324 LEAD S1: 0 append success next 1 match 0
061824 LEAD S1: prevLog &raft.Entry{Command:interface {}(nil), Term:0, Index:0}
061824 LEAD S1: prevLog &raft.Entry{Command:interface {}(nil), Term:0, Index:0}
061825 INFO S2: (term 1) follower 收到 [1] AppendEntries [], prevIndex 0, prevTerm 0
061825 LEAD S1: 2 append success next 1 match 0
061825 INFO S0: (term 1) follower 收到 [1] AppendEntries [], prevIndex 0, prevTerm 0
061826 LEAD S1: 0 append success next 1 match 0
062330 LEAD S1: prevLog &raft.Entry{Command:interface {}(nil), Term:0, Index:0}
062330 LEAD S1: prevLog &raft.Entry{Command:interface {}(nil), Term:0, Index:0}
062332 INFO S2: (term 1) follower 收到 [1] AppendEntries [], prevIndex 0, prevTerm 0
062334 LEAD S1: 2 append success next 1 match 0
062334 INFO S0: (term 1) follower 收到 [1] AppendEntries [], prevIndex 0, prevTerm 0
062336 LEAD S1: 0 append success next 1 match 0
062838 LEAD S1: prevLog &raft.Entry{Command:interface {}(nil), Term:0, Index:0}
062839 LEAD S1: prevLog &raft.Entry{Command:interface {}(nil), Term:0, Index:0}
062841 INFO S2: (term 1) follower 收到 [1] AppendEntries [], prevIndex 0, prevTerm 0
062841 LEAD S1: 2 append success next 1 match 0
062843 INFO S0: (term 1) follower 收到 [1] AppendEntries [], prevIndex 0, prevTerm 0
062845 LEAD S1: 0 append success next 1 match 0
063342 LEAD S1: prevLog &raft.Entry{Command:interface {}(nil), Term:0, Index:0}
063343 LEAD S1: prevLog &raft.Entry{Command:interface {}(nil), Term:0, Index:0}
063344 INFO S2: (term 1) follower 收到 [1] AppendEntries [], prevIndex 0, prevTerm 0
063344 LEAD S1: 2 append success next 1 match 0
063345 INFO S0: (term 1) follower 收到 [1] AppendEntries [], prevIndex 0, prevTerm 0
063346 LEAD S1: 0 append success next 1 match 0
063844 LEAD S1: prevLog &raft.Entry{Command:interface {}(nil), Term:0, Index:0}
063845 LEAD S1: prevLog &raft.Entry{Command:interface {}(nil), Term:0, Index:0}
063846 INFO S2: (term 1) follower 收到 [1] AppendEntries [], prevIndex 0, prevTerm 0
063846 LEAD S1: 2 append success next 1 match 0
063846 INFO S0: (term 1) follower 收到 [1] AppendEntries [], prevIndex 0, prevTerm 0
063846 LEAD S1: 0 append success next 1 match 0
064346 LEAD S1: prevLog &raft.Entry{Command:interface {}(nil), Term:0, Index:0}
064347 LEAD S1: prevLog &raft.Entry{Command:interface {}(nil), Term:0, Index:0}
064347 INFO S2: (term 1) follower 收到 [1] AppendEntries [], prevIndex 0, prevTerm 0
064348 LEAD S1: 2 append success next 1 match 0
064348 INFO S0: (term 1) follower 收到 [1] AppendEntries [], prevIndex 0, prevTerm 0
064348 LEAD S1: 0 append success next 1 match 0
064849 LEAD S1: prevLog &raft.Entry{Command:interface {}(nil), Term:0, Index:0}
064849 LEAD S1: prevLog &raft.Entry{Command:interface {}(nil), Term:0, Index:0}
064849 INFO S2: (term 1) follower 收到 [1] AppendEntries [], prevIndex 0, prevTerm 0
064850 LEAD S1: 2 append success next 1 match 0
064850 INFO S0: (term 1) follower 收到 [1] AppendEntries [], prevIndex 0, prevTerm 0
064851 LEAD S1: 0 append success next 1 match 0
065351 LEAD S1: prevLog &raft.Entry{Command:interface {}(nil), Term:0, Index:0}
065352 LEAD S1: prevLog &raft.Entry{Command:interface {}(nil), Term:0, Index:0}
065353 INFO S2: (term 1) follower 收到 [1] AppendEntries [], prevIndex 0, prevTerm 0
065353 INFO S0: (term 1) follower 收到 [1] AppendEntries [], prevIndex 0, prevTerm 0
065354 LEAD S1: 0 append success next 1 match 0
065354 LEAD S1: 2 append success next 1 match 0
065854 LEAD S1: prevLog &raft.Entry{Command:interface {}(nil), Term:0, Index:0}
065854 LEAD S1: prevLog &raft.Entry{Command:interface {}(nil), Term:0, Index:0}
065854 INFO S2: (term 1) follower 收到 [1] AppendEntries [], prevIndex 0, prevTerm 0
065855 LEAD S1: 2 append success next 1 match 0
065855 INFO S0: (term 1) follower 收到 [1] AppendEntries [], prevIndex 0, prevTerm 0
065855 LEAD S1: 0 append success next 1 match 0
066356 LEAD S1: prevLog &raft.Entry{Command:interface {}(nil), Term:0, Index:0}
066356 LEAD S1: prevLog &raft.Entry{Command:interface {}(nil), Term:0, Index:0}
066357 INFO S2: (term 1) follower 收到 [1] AppendEntries [], prevIndex 0, prevTerm 0
066357 LEAD S1: 2 append success next 1 match 0
066357 INFO S0: (term 1) follower 收到 [1] AppendEntries [], prevIndex 0, prevTerm 0
066358 LEAD S1: 0 append success next 1 match 0
066858 LEAD S1: prevLog &raft.Entry{Command:interface {}(nil), Term:0, Index:0}
066858 LEAD S1: prevLog &raft.Entry{Command:interface {}(nil), Term:0, Index:0}
066859 INFO S2: (term 1) follower 收到 [1] AppendEntries [], prevIndex 0, prevTerm 0
066860 LEAD S1: 2 append success next 1 match 0
066860 INFO S0: (term 1) follower 收到 [1] AppendEntries [], prevIndex 0, prevTerm 0
066860 LEAD S1: 0 append success next 1 match 0
067360 LEAD S1: prevLog &raft.Entry{Command:interface {}(nil), Term:0, Index:0}
067361 LEAD S1: prevLog &raft.Entry{Command:interface {}(nil), Term:0, Index:0}
067361 INFO S2: (term 1) follower 收到 [1] AppendEntries [], prevIndex 0, prevTerm 0
067362 LEAD S1: 2 append success next 1 match 0
067362 INFO S0: (term 1) follower 收到 [1] AppendEntries [], prevIndex 0, prevTerm 0
067363 LEAD S1: 0 append success next 1 match 0
067863 LEAD S1: prevLog &raft.Entry{Command:interface {}(nil), Term:0, Index:0}
067863 LEAD S1: prevLog &raft.Entry{Command:interface {}(nil), Term:0, Index:0}
067864 INFO S2: (term 1) follower 收到 [1] AppendEntries [], prevIndex 0, prevTerm 0
067864 LEAD S1: 2 append success next 1 match 0
067864 INFO S0: (term 1) follower 收到 [1] AppendEntries [], prevIndex 0, prevTerm 0
067865 LEAD S1: 0 append success next 1 match 0
068365 LEAD S1: prevLog &raft.Entry{Command:interface {}(nil), Term:0, Index:0}
068365 LEAD S1: prevLog &raft.Entry{Command:interface {}(nil), Term:0, Index:0}
068366 INFO S2: (term 1) follower 收到 [1] AppendEntries [], prevIndex 0, prevTerm 0
068366 LEAD S1: 2 append success next 1 match 0
068366 INFO S0: (term 1) follower 收到 [1] AppendEntries [], prevIndex 0, prevTerm 0
068367 LEAD S1: 0 append success next 1 match 0
068867 LEAD S1: prevLog &raft.Entry{Command:interface {}(nil), Term:0, Index:0}
068867 LEAD S1: prevLog &raft.Entry{Command:interface {}(nil), Term:0, Index:0}
068868 INFO S2: (term 1) follower 收到 [1] AppendEntries [], prevIndex 0, prevTerm 0
068868 LEAD S1: 2 append success next 1 match 0
068868 INFO S0: (term 1) follower 收到 [1] AppendEntries [], prevIndex 0, prevTerm 0
068869 LEAD S1: 0 append success next 1 match 0
069369 LEAD S1: prevLog &raft.Entry{Command:interface {}(nil), Term:0, Index:0}
069369 LEAD S1: prevLog &raft.Entry{Command:interface {}(nil), Term:0, Index:0}
069370 INFO S2: (term 1) follower 收到 [1] AppendEntries [], prevIndex 0, prevTerm 0
069370 LEAD S1: 2 append success next 1 match 0
069370 INFO S0: (term 1) follower 收到 [1] AppendEntries [], prevIndex 0, prevTerm 0
069371 LEAD S1: 0 append success next 1 match 0
069872 LEAD S1: prevLog &raft.Entry{Command:interface {}(nil), Term:0, Index:0}
069872 LEAD S1: prevLog &raft.Entry{Command:interface {}(nil), Term:0, Index:0}
069873 INFO S2: (term 1) follower 收到 [1] AppendEntries [], prevIndex 0, prevTerm 0
069873 LEAD S1: 2 append success next 1 match 0
069873 INFO S0: (term 1) follower 收到 [1] AppendEntries [], prevIndex 0, prevTerm 0
069874 LEAD S1: 0 append success next 1 match 0
070374 LEAD S1: prevLog &raft.Entry{Command:interface {}(nil), Term:0, Index:0}
070375 LEAD S1: prevLog &raft.Entry{Command:interface {}(nil), Term:0, Index:0}
070375 INFO S2: (term 1) follower 收到 [1] AppendEntries [], prevIndex 0, prevTerm 0
070376 LEAD S1: 2 append success next 1 match 0
070376 INFO S0: (term 1) follower 收到 [1] AppendEntries [], prevIndex 0, prevTerm 0
070377 LEAD S1: 0 append success next 1 match 0
070879 LEAD S1: prevLog &raft.Entry{Command:interface {}(nil), Term:0, Index:0}
070879 LEAD S1: prevLog &raft.Entry{Command:interface {}(nil), Term:0, Index:0}
070880 INFO S2: (term 1) follower 收到 [1] AppendEntries [], prevIndex 0, prevTerm 0
070880 LEAD S1: 2 append success next 1 match 0
070880 INFO S0: (term 1) follower 收到 [1] AppendEntries [], prevIndex 0, prevTerm 0
070881 LEAD S1: 0 append success next 1 match 0
071383 LEAD S1: prevLog &raft.Entry{Command:interface {}(nil), Term:0, Index:0}
071383 LEAD S1: prevLog &raft.Entry{Command:interface {}(nil), Term:0, Index:0}
071384 INFO S2: (term 1) follower 收到 [1] AppendEntries [], prevIndex 0, prevTerm 0
071384 LEAD S1: 2 append success next 1 match 0
071385 INFO S0: (term 1) follower 收到 [1] AppendEntries [], prevIndex 0, prevTerm 0
071385 LEAD S1: 0 append success next 1 match 0
071885 LEAD S1: prevLog &raft.Entry{Command:interface {}(nil), Term:0, Index:0}
071886 LEAD S1: prevLog &raft.Entry{Command:interface {}(nil), Term:0, Index:0}
071886 INFO S2: (term 1) follower 收到 [1] AppendEntries [], prevIndex 0, prevTerm 0
071886 LEAD S1: 2 append success next 1 match 0
071887 INFO S0: (term 1) follower 收到 [1] AppendEntries [], prevIndex 0, prevTerm 0
071887 LEAD S1: 0 append success next 1 match 0
072388 LEAD S1: prevLog &raft.Entry{Command:interface {}(nil), Term:0, Index:0}
072388 LEAD S1: prevLog &raft.Entry{Command:interface {}(nil), Term:0, Index:0}
072388 INFO S2: (term 1) follower 收到 [1] AppendEntries [], prevIndex 0, prevTerm 0
072389 LEAD S1: 2 append success next 1 match 0
072389 INFO S0: (term 1) follower 收到 [1] AppendEntries [], prevIndex 0, prevTerm 0
072390 LEAD S1: 0 append success next 1 match 0
072890 LEAD S1: prevLog &raft.Entry{Command:interface {}(nil), Term:0, Index:0}
072890 LEAD S1: prevLog &raft.Entry{Command:interface {}(nil), Term:0, Index:0}
072891 INFO S2: (term 1) follower 收到 [1] AppendEntries [], prevIndex 0, prevTerm 0
072891 LEAD S1: 2 append success next 1 match 0
072892 INFO S0: (term 1) follower 收到 [1] AppendEntries [], prevIndex 0, prevTerm 0
072892 LEAD S1: 0 append success next 1 match 0
073394 LEAD S1: prevLog &raft.Entry{Command:interface {}(nil), Term:0, Index:0}
073394 LEAD S1: prevLog &raft.Entry{Command:interface {}(nil), Term:0, Index:0}
073396 INFO S2: (term 1) follower 收到 [1] AppendEntries [], prevIndex 0, prevTerm 0
073397 LEAD S1: 2 append success next 1 match 0
073400 INFO S0: (term 1) follower 收到 [1] AppendEntries [], prevIndex 0, prevTerm 0
073402 LEAD S1: 0 append success next 1 match 0
073896 LEAD S1: prevLog &raft.Entry{Command:interface {}(nil), Term:0, Index:0}
073896 LEAD S1: prevLog &raft.Entry{Command:interface {}(nil), Term:0, Index:0}
073897 INFO S2: (term 1) follower 收到 [1] AppendEntries [], prevIndex 0, prevTerm 0
073897 LEAD S1: 2 append success next 1 match 0
073897 INFO S0: (term 1) follower 收到 [1] AppendEntries [], prevIndex 0, prevTerm 0
073898 LEAD S1: 0 append success next 1 match 0
074400 LEAD S1: prevLog &raft.Entry{Command:interface {}(nil), Term:0, Index:0}
074401 LEAD S1: prevLog &raft.Entry{Command:interface {}(nil), Term:0, Index:0}
074401 INFO S2: (term 1) follower 收到 [1] AppendEntries [], prevIndex 0, prevTerm 0
074402 INFO S0: (term 1) follower 收到 [1] AppendEntries [], prevIndex 0, prevTerm 0
074402 LEAD S1: 2 append success next 1 match 0
074402 LEAD S1: 0 append success next 1 match 0
074904 LEAD S1: prevLog &raft.Entry{Command:interface {}(nil), Term:0, Index:0}
074904 LEAD S1: prevLog &raft.Entry{Command:interface {}(nil), Term:0, Index:0}
074905 INFO S2: (term 1) follower 收到 [1] AppendEntries [], prevIndex 0, prevTerm 0
074905 LEAD S1: 2 append success next 1 match 0
074905 INFO S0: (term 1) follower 收到 [1] AppendEntries [], prevIndex 0, prevTerm 0
074906 LEAD S1: 0 append success next 1 match 0
075406 LEAD S1: prevLog &raft.Entry{Command:interface {}(nil), Term:0, Index:0}
075406 LEAD S1: prevLog &raft.Entry{Command:interface {}(nil), Term:0, Index:0}
075407 INFO S2: (term 1) follower 收到 [1] AppendEntries [], prevIndex 0, prevTerm 0
075408 LEAD S1: 2 append success next 1 match 0
075408 INFO S0: (term 1) follower 收到 [1] AppendEntries [], prevIndex 0, prevTerm 0
075408 LEAD S1: 0 append success next 1 match 0
075908 LEAD S1: prevLog &raft.Entry{Command:interface {}(nil), Term:0, Index:0}
075908 LEAD S1: prevLog &raft.Entry{Command:interface {}(nil), Term:0, Index:0}
075909 INFO S2: (term 1) follower 收到 [1] AppendEntries [], prevIndex 0, prevTerm 0
075909 LEAD S1: 2 append success next 1 match 0
075910 INFO S0: (term 1) follower 收到 [1] AppendEntries [], prevIndex 0, prevTerm 0
075910 LEAD S1: 0 append success next 1 match 0
076410 LEAD S1: prevLog &raft.Entry{Command:interface {}(nil), Term:0, Index:0}
076411 LEAD S1: prevLog &raft.Entry{Command:interface {}(nil), Term:0, Index:0}
076411 INFO S2: (term 1) follower 收到 [1] AppendEntries [], prevIndex 0, prevTerm 0
076412 LEAD S1: 2 append success next 1 match 0
076412 INFO S0: (term 1) follower 收到 [1] AppendEntries [], prevIndex 0, prevTerm 0
076412 LEAD S1: 0 append success next 1 match 0
076912 LEAD S1: prevLog &raft.Entry{Command:interface {}(nil), Term:0, Index:0}
076913 LEAD S1: prevLog &raft.Entry{Command:interface {}(nil), Term:0, Index:0}
076913 INFO S2: (term 1) follower 收到 [1] AppendEntries [], prevIndex 0, prevTerm 0
076914 LEAD S1: 2 append success next 1 match 0
076914 INFO S0: (term 1) follower 收到 [1] AppendEntries [], prevIndex 0, prevTerm 0
076914 LEAD S1: 0 append success next 1 match 0
077414 LEAD S1: prevLog &raft.Entry{Command:interface {}(nil), Term:0, Index:0}
077414 LEAD S1: prevLog &raft.Entry{Command:interface {}(nil), Term:0, Index:0}
077415 INFO S2: (term 1) follower 收到 [1] AppendEntries [], prevIndex 0, prevTerm 0
077415 LEAD S1: 2 append success next 1 match 0
077416 INFO S0: (term 1) follower 收到 [1] AppendEntries [], prevIndex 0, prevTerm 0
077416 LEAD S1: 0 append success next 1 match 0
077918 LEAD S1: prevLog &raft.Entry{Command:interface {}(nil), Term:0, Index:0}
077919 LEAD S1: prevLog &raft.Entry{Command:interface {}(nil), Term:0, Index:0}
077920 INFO S2: (term 1) follower 收到 [1] AppendEntries [], prevIndex 0, prevTerm 0
077921 INFO S0: (term 1) follower 收到 [1] AppendEntries [], prevIndex 0, prevTerm 0
077921 LEAD S1: 2 append success next 1 match 0
077922 LEAD S1: 0 append success next 1 match 0
078422 LEAD S1: prevLog &raft.Entry{Command:interface {}(nil), Term:0, Index:0}
078422 LEAD S1: prevLog &raft.Entry{Command:interface {}(nil), Term:0, Index:0}
078424 INFO S2: (term 1) follower 收到 [1] AppendEntries [], prevIndex 0, prevTerm 0
078425 LEAD S1: 2 append success next 1 match 0
078425 INFO S0: (term 1) follower 收到 [1] AppendEntries [], prevIndex 0, prevTerm 0
078426 LEAD S1: 0 append success next 1 match 0
078925 LEAD S1: prevLog &raft.Entry{Command:interface {}(nil), Term:0, Index:0}
078925 LEAD S1: prevLog &raft.Entry{Command:interface {}(nil), Term:0, Index:0}
078927 INFO S2: (term 1) follower 收到 [1] AppendEntries [], prevIndex 0, prevTerm 0
078928 LEAD S1: 2 append success next 1 match 0
078928 INFO S0: (term 1) follower 收到 [1] AppendEntries [], prevIndex 0, prevTerm 0
078929 LEAD S1: 0 append success next 1 match 0
079427 LEAD S1: prevLog &raft.Entry{Command:interface {}(nil), Term:0, Index:0}
079427 LEAD S1: prevLog &raft.Entry{Command:interface {}(nil), Term:0, Index:0}
079428 INFO S2: (term 1) follower 收到 [1] AppendEntries [], prevIndex 0, prevTerm 0
079428 LEAD S1: 2 append success next 1 match 0
079428 INFO S0: (term 1) follower 收到 [1] AppendEntries [], prevIndex 0, prevTerm 0
079428 LEAD S1: 0 append success next 1 match 0
079929 LEAD S1: prevLog &raft.Entry{Command:interface {}(nil), Term:0, Index:0}
079930 LEAD S1: prevLog &raft.Entry{Command:interface {}(nil), Term:0, Index:0}
079931 INFO S2: (term 1) follower 收到 [1] AppendEntries [], prevIndex 0, prevTerm 0
079932 LEAD S1: 2 append success next 1 match 0
079932 INFO S0: (term 1) follower 收到 [1] AppendEntries [], prevIndex 0, prevTerm 0
079933 LEAD S1: 0 append success next 1 match 0
080431 LEAD S1: prevLog &raft.Entry{Command:interface {}(nil), Term:0, Index:0}
080432 LEAD S1: prevLog &raft.Entry{Command:interface {}(nil), Term:0, Index:0}
080432 INFO S2: (term 1) follower 收到 [1] AppendEntries [], prevIndex 0, prevTerm 0
080433 LEAD S1: 2 append success next 1 match 0
080433 INFO S0: (term 1) follower 收到 [1] AppendEntries [], prevIndex 0, prevTerm 0
080433 LEAD S1: 0 append success next 1 match 0
080934 LEAD S1: prevLog &raft.Entry{Command:interface {}(nil), Term:0, Index:0}
080934 LEAD S1: prevLog &raft.Entry{Command:interface {}(nil), Term:0, Index:0}
080935 INFO S2: (term 1) follower 收到 [1] AppendEntries [], prevIndex 0, prevTerm 0
080935 LEAD S1: 2 append success next 1 match 0
080936 INFO S0: (term 1) follower 收到 [1] AppendEntries [], prevIndex 0, prevTerm 0
080936 LEAD S1: 0 append success next 1 match 0
081437 LEAD S1: prevLog &raft.Entry{Command:interface {}(nil), Term:0, Index:0}
081438 LEAD S1: prevLog &raft.Entry{Command:interface {}(nil), Term:0, Index:0}
081438 INFO S2: (term 1) follower 收到 [1] AppendEntries [], prevIndex 0, prevTerm 0
081438 LEAD S1: 2 append success next 1 match 0
081439 INFO S0: (term 1) follower 收到 [1] AppendEntries [], prevIndex 0, prevTerm 0
081439 LEAD S1: 0 append success next 1 match 0
081940 LEAD S1: prevLog &raft.Entry{Command:interface {}(nil), Term:0, Index:0}
081940 LEAD S1: prevLog &raft.Entry{Command:interface {}(nil), Term:0, Index:0}
081941 INFO S2: (term 1) follower 收到 [1] AppendEntries [], prevIndex 0, prevTerm 0
081941 LEAD S1: 2 append success next 1 match 0
081941 INFO S0: (term 1) follower 收到 [1] AppendEntries [], prevIndex 0, prevTerm 0
081942 LEAD S1: 0 append success next 1 match 0
082442 LEAD S1: prevLog &raft.Entry{Command:interface {}(nil), Term:0, Index:0}
082443 LEAD S1: prevLog &raft.Entry{Command:interface {}(nil), Term:0, Index:0}
082443 INFO S2: (term 1) follower 收到 [1] AppendEntries [], prevIndex 0, prevTerm 0
082444 LEAD S1: 2 append success next 1 match 0
082444 INFO S0: (term 1) follower 收到 [1] AppendEntries [], prevIndex 0, prevTerm 0
082444 LEAD S1: 0 append success next 1 match 0
082946 LEAD S1: prevLog &raft.Entry{Command:interface {}(nil), Term:0, Index:0}
082946 LEAD S1: prevLog &raft.Entry{Command:interface {}(nil), Term:0, Index:0}
082947 INFO S2: (term 1) follower 收到 [1] AppendEntries [], prevIndex 0, prevTerm 0
082947 LEAD S1: 2 append success next 1 match 0
082947 INFO S0: (term 1) follower 收到 [1] AppendEntries [], prevIndex 0, prevTerm 0
082948 LEAD S1: 0 append success next 1 match 0
083448 LEAD S1: prevLog &raft.Entry{Command:interface {}(nil), Term:0, Index:0}
083448 LEAD S1: prevLog &raft.Entry{Command:interface {}(nil), Term:0, Index:0}
083449 INFO S2: (term 1) follower 收到 [1] AppendEntries [], prevIndex 0, prevTerm 0
083449 LEAD S1: 2 append success next 1 match 0
083450 INFO S0: (term 1) follower 收到 [1] AppendEntries [], prevIndex 0, prevTerm 0
083450 LEAD S1: 0 append success next 1 match 0
083953 LEAD S1: prevLog &raft.Entry{Command:interface {}(nil), Term:0, Index:0}
083954 LEAD S1: prevLog &raft.Entry{Command:interface {}(nil), Term:0, Index:0}
083955 INFO S2: (term 1) follower 收到 [1] AppendEntries [], prevIndex 0, prevTerm 0
083956 INFO S0: (term 1) follower 收到 [1] AppendEntries [], prevIndex 0, prevTerm 0
083957 LEAD S1: 2 append success next 1 match 0
083958 LEAD S1: 0 append success next 1 match 0
084456 LEAD S1: prevLog &raft.Entry{Command:interface {}(nil), Term:0, Index:0}
084456 LEAD S1: prevLog &raft.Entry{Command:interface {}(nil), Term:0, Index:0}
084456 INFO S2: (term 1) follower 收到 [1] AppendEntries [], prevIndex 0, prevTerm 0
084457 LEAD S1: 2 append success next 1 match 0
084457 INFO S0: (term 1) follower 收到 [1] AppendEntries [], prevIndex 0, prevTerm 0
084457 LEAD S1: 0 append success next 1 match 0
084958 LEAD S1: prevLog &raft.Entry{Command:interface {}(nil), Term:0, Index:0}
084958 LEAD S1: prevLog &raft.Entry{Command:interface {}(nil), Term:0, Index:0}
084959 INFO S2: (term 1) follower 收到 [1] AppendEntries [], prevIndex 0, prevTerm 0
084959 LEAD S1: 2 append success next 1 match 0
084959 INFO S0: (term 1) follower 收到 [1] AppendEntries [], prevIndex 0, prevTerm 0
084959 LEAD S1: 0 append success next 1 match 0
085461 LEAD S1: prevLog &raft.Entry{Command:interface {}(nil), Term:0, Index:0}
085461 LEAD S1: prevLog &raft.Entry{Command:interface {}(nil), Term:0, Index:0}
085462 INFO S2: (term 1) follower 收到 [1] AppendEntries [], prevIndex 0, prevTerm 0
085462 LEAD S1: 2 append success next 1 match 0
085463 INFO S0: (term 1) follower 收到 [1] AppendEntries [], prevIndex 0, prevTerm 0
085463 LEAD S1: 0 append success next 1 match 0
085964 LEAD S1: prevLog &raft.Entry{Command:interface {}(nil), Term:0, Index:0}
085964 LEAD S1: prevLog &raft.Entry{Command:interface {}(nil), Term:0, Index:0}
085965 INFO S2: (term 1) follower 收到 [1] AppendEntries [], prevIndex 0, prevTerm 0
085965 LEAD S1: 2 append success next 1 match 0
085965 INFO S0: (term 1) follower 收到 [1] AppendEntries [], prevIndex 0, prevTerm 0
085966 LEAD S1: 0 append success next 1 match 0
086466 LEAD S1: prevLog &raft.Entry{Command:interface {}(nil), Term:0, Index:0}
086467 LEAD S1: prevLog &raft.Entry{Command:interface {}(nil), Term:0, Index:0}
086467 INFO S2: (term 1) follower 收到 [1] AppendEntries [], prevIndex 0, prevTerm 0
086468 LEAD S1: 2 append success next 1 match 0
086468 INFO S0: (term 1) follower 收到 [1] AppendEntries [], prevIndex 0, prevTerm 0
086468 LEAD S1: 0 append success next 1 match 0
086969 LEAD S1: prevLog &raft.Entry{Command:interface {}(nil), Term:0, Index:0}
086969 LEAD S1: prevLog &raft.Entry{Command:interface {}(nil), Term:0, Index:0}
086969 INFO S2: (term 1) follower 收到 [1] AppendEntries [], prevIndex 0, prevTerm 0
086970 LEAD S1: 2 append success next 1 match 0
086970 INFO S0: (term 1) follower 收到 [1] AppendEntries [], prevIndex 0, prevTerm 0
086971 LEAD S1: 0 append success next 1 match 0
087471 LEAD S1: prevLog &raft.Entry{Command:interface {}(nil), Term:0, Index:0}
087472 LEAD S1: prevLog &raft.Entry{Command:interface {}(nil), Term:0, Index:0}
087474 INFO S2: (term 1) follower 收到 [1] AppendEntries [], prevIndex 0, prevTerm 0
087475 LEAD S1: 2 append success next 1 match 0
087475 INFO S0: (term 1) follower 收到 [1] AppendEntries [], prevIndex 0, prevTerm 0
087476 LEAD S1: 0 append success next 1 match 0
087973 LEAD S1: prevLog &raft.Entry{Command:interface {}(nil), Term:0, Index:0}
087974 LEAD S1: prevLog &raft.Entry{Command:interface {}(nil), Term:0, Index:0}
087974 INFO S2: (term 1) follower 收到 [1] AppendEntries [], prevIndex 0, prevTerm 0
087975 LEAD S1: 2 append success next 1 match 0
087975 INFO S0: (term 1) follower 收到 [1] AppendEntries [], prevIndex 0, prevTerm 0
087975 LEAD S1: 0 append success next 1 match 0
088479 LEAD S1: prevLog &raft.Entry{Command:interface {}(nil), Term:0, Index:0}
088479 LEAD S1: prevLog &raft.Entry{Command:interface {}(nil), Term:0, Index:0}
088481 INFO S2: (term 1) follower 收到 [1] AppendEntries [], prevIndex 0, prevTerm 0
088481 LEAD S1: 2 append success next 1 match 0
088481 INFO S0: (term 1) follower 收到 [1] AppendEntries [], prevIndex 0, prevTerm 0
088482 LEAD S1: 0 append success next 1 match 0
088981 LEAD S1: prevLog &raft.Entry{Command:interface {}(nil), Term:0, Index:0}
088981 LEAD S1: prevLog &raft.Entry{Command:interface {}(nil), Term:0, Index:0}
088982 INFO S2: (term 1) follower 收到 [1] AppendEntries [], prevIndex 0, prevTerm 0
088982 LEAD S1: 2 append success next 1 match 0
088983 INFO S0: (term 1) follower 收到 [1] AppendEntries [], prevIndex 0, prevTerm 0
088983 LEAD S1: 0 append success next 1 match 0
089483 LEAD S1: prevLog &raft.Entry{Command:interface {}(nil), Term:0, Index:0}
089483 LEAD S1: prevLog &raft.Entry{Command:interface {}(nil), Term:0, Index:0}
089484 INFO S2: (term 1) follower 收到 [1] AppendEntries [], prevIndex 0, prevTerm 0
089484 LEAD S1: 2 append success next 1 match 0
089485 INFO S0: (term 1) follower 收到 [1] AppendEntries [], prevIndex 0, prevTerm 0
089485 LEAD S1: 0 append success next 1 match 0
089986 LEAD S1: prevLog &raft.Entry{Command:interface {}(nil), Term:0, Index:0}
089987 LEAD S1: prevLog &raft.Entry{Command:interface {}(nil), Term:0, Index:0}
089987 INFO S2: (term 1) follower 收到 [1] AppendEntries [], prevIndex 0, prevTerm 0
089988 INFO S0: (term 1) follower 收到 [1] AppendEntries [], prevIndex 0, prevTerm 0
089988 LEAD S1: 0 append success next 1 match 0
089988 LEAD S1: 2 append success next 1 match 0
090489 LEAD S1: prevLog &raft.Entry{Command:interface {}(nil), Term:0, Index:0}
090490 LEAD S1: prevLog &raft.Entry{Command:interface {}(nil), Term:0, Index:0}
090490 INFO S2: (term 1) follower 收到 [1] AppendEntries [], prevIndex 0, prevTerm 0
090491 LEAD S1: 2 append success next 1 match 0
090491 INFO S0: (term 1) follower 收到 [1] AppendEntries [], prevIndex 0, prevTerm 0
090491 LEAD S1: 0 append success next 1 match 0
090992 LEAD S1: prevLog &raft.Entry{Command:interface {}(nil), Term:0, Index:0}
090992 LEAD S1: prevLog &raft.Entry{Command:interface {}(nil), Term:0, Index:0}
090993 INFO S2: (term 1) follower 收到 [1] AppendEntries [], prevIndex 0, prevTerm 0
090993 LEAD S1: 2 append success next 1 match 0
090993 INFO S0: (term 1) follower 收到 [1] AppendEntries [], prevIndex 0, prevTerm 0
090994 LEAD S1: 0 append success next 1 match 0
091496 LEAD S1: prevLog &raft.Entry{Command:interface {}(nil), Term:0, Index:0}
091497 LEAD S1: prevLog &raft.Entry{Command:interface {}(nil), Term:0, Index:0}
091499 INFO S2: (term 1) follower 收到 [1] AppendEntries [], prevIndex 0, prevTerm 0
091499 INFO S0: (term 1) follower 收到 [1] AppendEntries [], prevIndex 0, prevTerm 0
091500 LEAD S1: 2 append success next 1 match 0
091501 LEAD S1: 0 append success next 1 match 0
091999 LEAD S1: prevLog &raft.Entry{Command:interface {}(nil), Term:0, Index:0}
092000 LEAD S1: prevLog &raft.Entry{Command:interface {}(nil), Term:0, Index:0}
092001 INFO S2: (term 1) follower 收到 [1] AppendEntries [], prevIndex 0, prevTerm 0
092002 LEAD S1: 2 append success next 1 match 0
092002 INFO S0: (term 1) follower 收到 [1] AppendEntries [], prevIndex 0, prevTerm 0
092003 LEAD S1: 0 append success next 1 match 0
092503 LEAD S1: prevLog &raft.Entry{Command:interface {}(nil), Term:0, Index:0}
092503 LEAD S1: prevLog &raft.Entry{Command:interface {}(nil), Term:0, Index:0}
092504 INFO S2: (term 1) follower 收到 [1] AppendEntries [], prevIndex 0, prevTerm 0
092504 LEAD S1: 2 append success next 1 match 0
092504 INFO S0: (term 1) follower 收到 [1] AppendEntries [], prevIndex 0, prevTerm 0
092505 LEAD S1: 0 append success next 1 match 0
093005 LEAD S1: prevLog &raft.Entry{Command:interface {}(nil), Term:0, Index:0}
093006 LEAD S1: prevLog &raft.Entry{Command:interface {}(nil), Term:0, Index:0}
093006 INFO S2: (term 1) follower 收到 [1] AppendEntries [], prevIndex 0, prevTerm 0
093006 LEAD S1: 2 append success next 1 match 0
093007 INFO S0: (term 1) follower 收到 [1] AppendEntries [], prevIndex 0, prevTerm 0
093007 LEAD S1: 0 append success next 1 match 0
093508 LEAD S1: prevLog &raft.Entry{Command:interface {}(nil), Term:0, Index:0}
093508 LEAD S1: prevLog &raft.Entry{Command:interface {}(nil), Term:0, Index:0}
093509 INFO S2: (term 1) follower 收到 [1] AppendEntries [], prevIndex 0, prevTerm 0
093509 LEAD S1: 2 append success next 1 match 0
093509 INFO S0: (term 1) follower 收到 [1] AppendEntries [], prevIndex 0, prevTerm 0
093510 LEAD S1: 0 append success next 1 match 0
094010 LEAD S1: prevLog &raft.Entry{Command:interface {}(nil), Term:0, Index:0}
094010 LEAD S1: prevLog &raft.Entry{Command:interface {}(nil), Term:0, Index:0}
094011 INFO S2: (term 1) follower 收到 [1] AppendEntries [], prevIndex 0, prevTerm 0
094011 LEAD S1: 2 append success next 1 match 0
094011 INFO S0: (term 1) follower 收到 [1] AppendEntries [], prevIndex 0, prevTerm 0
094012 LEAD S1: 0 append success next 1 match 0
094512 LEAD S1: prevLog &raft.Entry{Command:interface {}(nil), Term:0, Index:0}
094512 LEAD S1: prevLog &raft.Entry{Command:interface {}(nil), Term:0, Index:0}
094513 INFO S2: (term 1) follower 收到 [1] AppendEntries [], prevIndex 0, prevTerm 0
094513 LEAD S1: 2 append success next 1 match 0
094514 INFO S0: (term 1) follower 收到 [1] AppendEntries [], prevIndex 0, prevTerm 0
094514 LEAD S1: 0 append success next 1 match 0
095015 LEAD S1: prevLog &raft.Entry{Command:interface {}(nil), Term:0, Index:0}
095015 LEAD S1: prevLog &raft.Entry{Command:interface {}(nil), Term:0, Index:0}
095016 INFO S2: (term 1) follower 收到 [1] AppendEntries [], prevIndex 0, prevTerm 0
095016 LEAD S1: 2 append success next 1 match 0
095016 INFO S0: (term 1) follower 收到 [1] AppendEntries [], prevIndex 0, prevTerm 0
095017 LEAD S1: 0 append success next 1 match 0
095517 LEAD S1: prevLog &raft.Entry{Command:interface {}(nil), Term:0, Index:0}
095517 LEAD S1: prevLog &raft.Entry{Command:interface {}(nil), Term:0, Index:0}
095518 INFO S2: (term 1) follower 收到 [1] AppendEntries [], prevIndex 0, prevTerm 0
095518 LEAD S1: 2 append success next 1 match 0
095518 INFO S0: (term 1) follower 收到 [1] AppendEntries [], prevIndex 0, prevTerm 0
095519 LEAD S1: 0 append success next 1 match 0
096019 LEAD S1: prevLog &raft.Entry{Command:interface {}(nil), Term:0, Index:0}
096019 LEAD S1: prevLog &raft.Entry{Command:interface {}(nil), Term:0, Index:0}
096020 INFO S2: (term 1) follower 收到 [1] AppendEntries [], prevIndex 0, prevTerm 0
096020 LEAD S1: 2 append success next 1 match 0
096020 INFO S0: (term 1) follower 收到 [1] AppendEntries [], prevIndex 0, prevTerm 0
096021 LEAD S1: 0 append success next 1 match 0
096521 LEAD S1: prevLog &raft.Entry{Command:interface {}(nil), Term:0, Index:0}
096521 LEAD S1: prevLog &raft.Entry{Command:interface {}(nil), Term:0, Index:0}
096522 INFO S2: (term 1) follower 收到 [1] AppendEntries [], prevIndex 0, prevTerm 0
096522 LEAD S1: 2 append success next 1 match 0
096523 INFO S0: (term 1) follower 收到 [1] AppendEntries [], prevIndex 0, prevTerm 0
096523 LEAD S1: 0 append success next 1 match 0
097023 LEAD S1: prevLog &raft.Entry{Command:interface {}(nil), Term:0, Index:0}
097023 LEAD S1: prevLog &raft.Entry{Command:interface {}(nil), Term:0, Index:0}
097024 INFO S2: (term 1) follower 收到 [1] AppendEntries [], prevIndex 0, prevTerm 0
097024 LEAD S1: 2 append success next 1 match 0
097024 INFO S0: (term 1) follower 收到 [1] AppendEntries [], prevIndex 0, prevTerm 0
097025 LEAD S1: 0 append success next 1 match 0
097526 LEAD S1: prevLog &raft.Entry{Command:interface {}(nil), Term:0, Index:0}
097527 LEAD S1: prevLog &raft.Entry{Command:interface {}(nil), Term:0, Index:0}
097529 INFO S2: (term 1) follower 收到 [1] AppendEntries [], prevIndex 0, prevTerm 0
097530 INFO S0: (term 1) follower 收到 [1] AppendEntries [], prevIndex 0, prevTerm 0
097531 LEAD S1: 2 append success next 1 match 0
097531 LEAD S1: 0 append success next 1 match 0
098029 LEAD S1: prevLog &raft.Entry{Command:interface {}(nil), Term:0, Index:0}
098029 LEAD S1: prevLog &raft.Entry{Command:interface {}(nil), Term:0, Index:0}
098030 INFO S2: (term 1) follower 收到 [1] AppendEntries [], prevIndex 0, prevTerm 0
098030 LEAD S1: 2 append success next 1 match 0
098030 INFO S0: (term 1) follower 收到 [1] AppendEntries [], prevIndex 0, prevTerm 0
098031 LEAD S1: 0 append success next 1 match 0
098531 LEAD S1: prevLog &raft.Entry{Command:interface {}(nil), Term:0, Index:0}
098531 LEAD S1: prevLog &raft.Entry{Command:interface {}(nil), Term:0, Index:0}
098532 INFO S2: (term 1) follower 收到 [1] AppendEntries [], prevIndex 0, prevTerm 0
098532 LEAD S1: 2 append success next 1 match 0
098532 INFO S0: (term 1) follower 收到 [1] AppendEntries [], prevIndex 0, prevTerm 0
098533 LEAD S1: 0 append success next 1 match 0
099033 LEAD S1: prevLog &raft.Entry{Command:interface {}(nil), Term:0, Index:0}
099034 LEAD S1: prevLog &raft.Entry{Command:interface {}(nil), Term:0, Index:0}
099034 INFO S2: (term 1) follower 收到 [1] AppendEntries [], prevIndex 0, prevTerm 0
099035 LEAD S1: 2 append success next 1 match 0
099035 INFO S0: (term 1) follower 收到 [1] AppendEntries [], prevIndex 0, prevTerm 0
099035 LEAD S1: 0 append success next 1 match 0
099536 LEAD S1: prevLog &raft.Entry{Command:interface {}(nil), Term:0, Index:0}
099536 LEAD S1: prevLog &raft.Entry{Command:interface {}(nil), Term:0, Index:0}
099536 INFO S2: (term 1) follower 收到 [1] AppendEntries [], prevIndex 0, prevTerm 0
099537 LEAD S1: 2 append success next 1 match 0
099537 INFO S0: (term 1) follower 收到 [1] AppendEntries [], prevIndex 0, prevTerm 0
099537 LEAD S1: 0 append success next 1 match 0
--- FAIL: TestPersist12C (10.00s)
    config.go:609: one(11) failed to reach agreement
FAIL
exit status 1
FAIL	6.824/raft	10.004s
