Test (2C): basic persistence ...
002008 INFO S2: start leader election, term 1
002008 VOTE S2: term 1 send vote request to 1
002008 VOTE S2: term 1 send vote request to 0
002009 TERM S1: set new term 1
002009 VOTE S1: term 1 vote 2
002010 VOTE S2: reply from 1, term一致，且投给2
002010 LEAD S2: come to power, start to send heartbeat
002010 LEAD S2: prevLog &raft.Entry{Command:interface {}(nil), Term:0, Index:0}
002010 LEAD S2: prevLog &raft.Entry{Command:interface {}(nil), Term:0, Index:0}
002010 TERM S0: set new term 1
002010 VOTE S0: term 1 vote 2
002010 VOTE S2: reply from 0, term一致，且投给2
002010 INFO S1: (term 1) follower 收到 [2] AppendEntries [], prevIndex 0, prevTerm 0
002010 INFO S0: (term 1) follower 收到 [2] AppendEntries [], prevIndex 0, prevTerm 0
002011 LEAD S2: 1 append success next 1 match 0
002011 LEAD S2: 0 append success next 1 match 0
002509 LEAD S2: prevLog &raft.Entry{Command:interface {}(nil), Term:0, Index:0}
002510 LEAD S2: prevLog &raft.Entry{Command:interface {}(nil), Term:0, Index:0}
002510 INFO S1: (term 1) follower 收到 [2] AppendEntries [], prevIndex 0, prevTerm 0
002510 INFO S0: (term 1) follower 收到 [2] AppendEntries [], prevIndex 0, prevTerm 0
002511 LEAD S2: 1 append success next 1 match 0
002511 LEAD S2: 0 append success next 1 match 0
003011 LEAD S2: prevLog &raft.Entry{Command:interface {}(nil), Term:0, Index:0}
003011 LEAD S2: prevLog &raft.Entry{Command:interface {}(nil), Term:0, Index:0}
003012 INFO S0: (term 1) follower 收到 [2] AppendEntries [], prevIndex 0, prevTerm 0
003012 LEAD S2: 0 append success next 1 match 0
003012 INFO S1: (term 1) follower 收到 [2] AppendEntries [], prevIndex 0, prevTerm 0
003013 LEAD S2: 1 append success next 1 match 0
003514 LEAD S2: prevLog &raft.Entry{Command:interface {}(nil), Term:0, Index:0}
003514 LEAD S2: prevLog &raft.Entry{Command:interface {}(nil), Term:0, Index:0}
003515 INFO S0: (term 1) follower 收到 [2] AppendEntries [], prevIndex 0, prevTerm 0
003515 INFO S1: (term 1) follower 收到 [2] AppendEntries [], prevIndex 0, prevTerm 0
003515 LEAD S2: 0 append success next 1 match 0
003515 LEAD S2: 1 append success next 1 match 0
004017 LEAD S2: prevLog &raft.Entry{Command:interface {}(nil), Term:0, Index:0}
004017 LEAD S2: prevLog &raft.Entry{Command:interface {}(nil), Term:0, Index:0}
004018 INFO S1: (term 1) follower 收到 [2] AppendEntries [], prevIndex 0, prevTerm 0
004018 INFO S0: (term 1) follower 收到 [2] AppendEntries [], prevIndex 0, prevTerm 0
004018 LEAD S2: 0 append success next 1 match 0
004018 LEAD S2: 1 append success next 1 match 0
004518 LEAD S2: prevLog &raft.Entry{Command:interface {}(nil), Term:0, Index:0}
004518 LEAD S2: prevLog &raft.Entry{Command:interface {}(nil), Term:0, Index:0}
004519 INFO S0: (term 1) follower 收到 [2] AppendEntries [], prevIndex 0, prevTerm 0
004519 LEAD S2: 0 append success next 1 match 0
004519 INFO S1: (term 1) follower 收到 [2] AppendEntries [], prevIndex 0, prevTerm 0
004520 LEAD S2: 1 append success next 1 match 0
005022 LEAD S2: prevLog &raft.Entry{Command:interface {}(nil), Term:0, Index:0}
005022 LEAD S2: prevLog &raft.Entry{Command:interface {}(nil), Term:0, Index:0}
005023 INFO S1: (term 1) follower 收到 [2] AppendEntries [], prevIndex 0, prevTerm 0
005023 INFO S0: (term 1) follower 收到 [2] AppendEntries [], prevIndex 0, prevTerm 0
005024 LEAD S2: 0 append success next 1 match 0
005024 LEAD S2: 1 append success next 1 match 0
005524 LEAD S2: prevLog &raft.Entry{Command:interface {}(nil), Term:0, Index:0}
005525 LEAD S2: prevLog &raft.Entry{Command:interface {}(nil), Term:0, Index:0}
005526 INFO S1: (term 1) follower 收到 [2] AppendEntries [], prevIndex 0, prevTerm 0
005526 INFO S0: (term 1) follower 收到 [2] AppendEntries [], prevIndex 0, prevTerm 0
005526 LEAD S2: 1 append success next 1 match 0
005526 LEAD S2: 0 append success next 1 match 0
006027 LEAD S2: prevLog &raft.Entry{Command:interface {}(nil), Term:0, Index:0}
006027 LEAD S2: prevLog &raft.Entry{Command:interface {}(nil), Term:0, Index:0}
006028 INFO S0: (term 1) follower 收到 [2] AppendEntries [], prevIndex 0, prevTerm 0
006028 INFO S1: (term 1) follower 收到 [2] AppendEntries [], prevIndex 0, prevTerm 0
006029 LEAD S2: 1 append success next 1 match 0
006029 LEAD S2: 0 append success next 1 match 0
006530 LEAD S2: prevLog &raft.Entry{Command:interface {}(nil), Term:0, Index:0}
006530 LEAD S2: prevLog &raft.Entry{Command:interface {}(nil), Term:0, Index:0}
006532 INFO S1: (term 1) follower 收到 [2] AppendEntries [], prevIndex 0, prevTerm 0
006533 INFO S0: (term 1) follower 收到 [2] AppendEntries [], prevIndex 0, prevTerm 0
006534 LEAD S2: 1 append success next 1 match 0
006534 LEAD S2: 0 append success next 1 match 0
007037 LEAD S2: prevLog &raft.Entry{Command:interface {}(nil), Term:0, Index:0}
007038 LEAD S2: prevLog &raft.Entry{Command:interface {}(nil), Term:0, Index:0}
007039 INFO S1: (term 1) follower 收到 [2] AppendEntries [], prevIndex 0, prevTerm 0
007040 LEAD S2: 1 append success next 1 match 0
007040 INFO S0: (term 1) follower 收到 [2] AppendEntries [], prevIndex 0, prevTerm 0
007041 LEAD S2: 0 append success next 1 match 0
007541 LEAD S2: prevLog &raft.Entry{Command:interface {}(nil), Term:0, Index:0}
007541 LEAD S2: prevLog &raft.Entry{Command:interface {}(nil), Term:0, Index:0}
007542 INFO S0: (term 1) follower 收到 [2] AppendEntries [], prevIndex 0, prevTerm 0
007542 INFO S1: (term 1) follower 收到 [2] AppendEntries [], prevIndex 0, prevTerm 0
007542 LEAD S2: 0 append success next 1 match 0
007542 LEAD S2: 1 append success next 1 match 0
008043 LEAD S2: prevLog &raft.Entry{Command:interface {}(nil), Term:0, Index:0}
008043 LEAD S2: prevLog &raft.Entry{Command:interface {}(nil), Term:0, Index:0}
008044 INFO S1: (term 1) follower 收到 [2] AppendEntries [], prevIndex 0, prevTerm 0
008044 LEAD S2: 1 append success next 1 match 0
008044 INFO S0: (term 1) follower 收到 [2] AppendEntries [], prevIndex 0, prevTerm 0
008044 LEAD S2: 0 append success next 1 match 0
008545 LEAD S2: prevLog &raft.Entry{Command:interface {}(nil), Term:0, Index:0}
008545 LEAD S2: prevLog &raft.Entry{Command:interface {}(nil), Term:0, Index:0}
008546 INFO S1: (term 1) follower 收到 [2] AppendEntries [], prevIndex 0, prevTerm 0
008546 LEAD S2: 1 append success next 1 match 0
008546 INFO S0: (term 1) follower 收到 [2] AppendEntries [], prevIndex 0, prevTerm 0
008546 LEAD S2: 0 append success next 1 match 0
009048 LEAD S2: prevLog &raft.Entry{Command:interface {}(nil), Term:0, Index:0}
009048 LEAD S2: prevLog &raft.Entry{Command:interface {}(nil), Term:0, Index:0}
009049 INFO S1: (term 1) follower 收到 [2] AppendEntries [], prevIndex 0, prevTerm 0
009049 LEAD S2: 1 append success next 1 match 0
009049 INFO S0: (term 1) follower 收到 [2] AppendEntries [], prevIndex 0, prevTerm 0
009049 LEAD S2: 0 append success next 1 match 0
009551 LEAD S2: prevLog &raft.Entry{Command:interface {}(nil), Term:0, Index:0}
009551 LEAD S2: prevLog &raft.Entry{Command:interface {}(nil), Term:0, Index:0}
009552 INFO S0: (term 1) follower 收到 [2] AppendEntries [], prevIndex 0, prevTerm 0
009552 INFO S1: (term 1) follower 收到 [2] AppendEntries [], prevIndex 0, prevTerm 0
009552 LEAD S2: 1 append success next 1 match 0
009552 LEAD S2: 0 append success next 1 match 0
010054 LEAD S2: prevLog &raft.Entry{Command:interface {}(nil), Term:0, Index:0}
010054 LEAD S2: prevLog &raft.Entry{Command:interface {}(nil), Term:0, Index:0}
010055 INFO S1: (term 1) follower 收到 [2] AppendEntries [], prevIndex 0, prevTerm 0
010055 INFO S0: (term 1) follower 收到 [2] AppendEntries [], prevIndex 0, prevTerm 0
010055 LEAD S2: 1 append success next 1 match 0
010055 LEAD S2: 0 append success next 1 match 0
010556 LEAD S2: prevLog &raft.Entry{Command:interface {}(nil), Term:0, Index:0}
010556 LEAD S2: prevLog &raft.Entry{Command:interface {}(nil), Term:0, Index:0}
010557 INFO S1: (term 1) follower 收到 [2] AppendEntries [], prevIndex 0, prevTerm 0
010557 LEAD S2: 1 append success next 1 match 0
010557 INFO S0: (term 1) follower 收到 [2] AppendEntries [], prevIndex 0, prevTerm 0
010558 LEAD S2: 0 append success next 1 match 0
011058 LEAD S2: prevLog &raft.Entry{Command:interface {}(nil), Term:0, Index:0}
011058 LEAD S2: prevLog &raft.Entry{Command:interface {}(nil), Term:0, Index:0}
011059 INFO S1: (term 1) follower 收到 [2] AppendEntries [], prevIndex 0, prevTerm 0
011059 LEAD S2: 1 append success next 1 match 0
011059 INFO S0: (term 1) follower 收到 [2] AppendEntries [], prevIndex 0, prevTerm 0
011059 LEAD S2: 0 append success next 1 match 0
011562 LEAD S2: prevLog &raft.Entry{Command:interface {}(nil), Term:0, Index:0}
011562 LEAD S2: prevLog &raft.Entry{Command:interface {}(nil), Term:0, Index:0}
011563 INFO S1: (term 1) follower 收到 [2] AppendEntries [], prevIndex 0, prevTerm 0
011563 LEAD S2: 1 append success next 1 match 0
011564 INFO S0: (term 1) follower 收到 [2] AppendEntries [], prevIndex 0, prevTerm 0
011564 LEAD S2: 0 append success next 1 match 0
012065 LEAD S2: prevLog &raft.Entry{Command:interface {}(nil), Term:0, Index:0}
012065 LEAD S2: prevLog &raft.Entry{Command:interface {}(nil), Term:0, Index:0}
012067 INFO S1: (term 1) follower 收到 [2] AppendEntries [], prevIndex 0, prevTerm 0
012067 INFO S0: (term 1) follower 收到 [2] AppendEntries [], prevIndex 0, prevTerm 0
012067 LEAD S2: 0 append success next 1 match 0
012067 LEAD S2: 1 append success next 1 match 0
012568 LEAD S2: prevLog &raft.Entry{Command:interface {}(nil), Term:0, Index:0}
012568 LEAD S2: prevLog &raft.Entry{Command:interface {}(nil), Term:0, Index:0}
012569 INFO S1: (term 1) follower 收到 [2] AppendEntries [], prevIndex 0, prevTerm 0
012569 LEAD S2: 1 append success next 1 match 0
012569 INFO S0: (term 1) follower 收到 [2] AppendEntries [], prevIndex 0, prevTerm 0
012569 LEAD S2: 0 append success next 1 match 0
013070 LEAD S2: prevLog &raft.Entry{Command:interface {}(nil), Term:0, Index:0}
013070 LEAD S2: prevLog &raft.Entry{Command:interface {}(nil), Term:0, Index:0}
013071 INFO S0: (term 1) follower 收到 [2] AppendEntries [], prevIndex 0, prevTerm 0
013071 INFO S1: (term 1) follower 收到 [2] AppendEntries [], prevIndex 0, prevTerm 0
013071 LEAD S2: 0 append success next 1 match 0
013071 LEAD S2: 1 append success next 1 match 0
013572 LEAD S2: prevLog &raft.Entry{Command:interface {}(nil), Term:0, Index:0}
013572 LEAD S2: prevLog &raft.Entry{Command:interface {}(nil), Term:0, Index:0}
013574 INFO S0: (term 1) follower 收到 [2] AppendEntries [], prevIndex 0, prevTerm 0
013574 INFO S1: (term 1) follower 收到 [2] AppendEntries [], prevIndex 0, prevTerm 0
013575 LEAD S2: 1 append success next 1 match 0
013575 LEAD S2: 0 append success next 1 match 0
014075 LEAD S2: prevLog &raft.Entry{Command:interface {}(nil), Term:0, Index:0}
014075 LEAD S2: prevLog &raft.Entry{Command:interface {}(nil), Term:0, Index:0}
014076 INFO S0: (term 1) follower 收到 [2] AppendEntries [], prevIndex 0, prevTerm 0
014077 INFO S1: (term 1) follower 收到 [2] AppendEntries [], prevIndex 0, prevTerm 0
014078 LEAD S2: 1 append success next 1 match 0
014078 LEAD S2: 0 append success next 1 match 0
014578 LEAD S2: prevLog &raft.Entry{Command:interface {}(nil), Term:0, Index:0}
014578 LEAD S2: prevLog &raft.Entry{Command:interface {}(nil), Term:0, Index:0}
014578 INFO S0: (term 1) follower 收到 [2] AppendEntries [], prevIndex 0, prevTerm 0
014579 LEAD S2: 0 append success next 1 match 0
014579 INFO S1: (term 1) follower 收到 [2] AppendEntries [], prevIndex 0, prevTerm 0
014579 LEAD S2: 1 append success next 1 match 0
015081 LEAD S2: prevLog &raft.Entry{Command:interface {}(nil), Term:0, Index:0}
015082 LEAD S2: prevLog &raft.Entry{Command:interface {}(nil), Term:0, Index:0}
015083 INFO S1: (term 1) follower 收到 [2] AppendEntries [], prevIndex 0, prevTerm 0
015084 INFO S0: (term 1) follower 收到 [2] AppendEntries [], prevIndex 0, prevTerm 0
015084 LEAD S2: 1 append success next 1 match 0
015084 LEAD S2: 0 append success next 1 match 0
015585 LEAD S2: prevLog &raft.Entry{Command:interface {}(nil), Term:0, Index:0}
015585 LEAD S2: prevLog &raft.Entry{Command:interface {}(nil), Term:0, Index:0}
015585 INFO S1: (term 1) follower 收到 [2] AppendEntries [], prevIndex 0, prevTerm 0
015586 LEAD S2: 1 append success next 1 match 0
015586 INFO S0: (term 1) follower 收到 [2] AppendEntries [], prevIndex 0, prevTerm 0
015586 LEAD S2: 0 append success next 1 match 0
016087 LEAD S2: prevLog &raft.Entry{Command:interface {}(nil), Term:0, Index:0}
016087 LEAD S2: prevLog &raft.Entry{Command:interface {}(nil), Term:0, Index:0}
016088 INFO S1: (term 1) follower 收到 [2] AppendEntries [], prevIndex 0, prevTerm 0
016088 LEAD S2: 1 append success next 1 match 0
016088 INFO S0: (term 1) follower 收到 [2] AppendEntries [], prevIndex 0, prevTerm 0
016089 LEAD S2: 0 append success next 1 match 0
016590 LEAD S2: prevLog &raft.Entry{Command:interface {}(nil), Term:0, Index:0}
016590 LEAD S2: prevLog &raft.Entry{Command:interface {}(nil), Term:0, Index:0}
016590 INFO S0: (term 1) follower 收到 [2] AppendEntries [], prevIndex 0, prevTerm 0
016591 LEAD S2: 0 append success next 1 match 0
016591 INFO S1: (term 1) follower 收到 [2] AppendEntries [], prevIndex 0, prevTerm 0
016591 LEAD S2: 1 append success next 1 match 0
017092 LEAD S2: prevLog &raft.Entry{Command:interface {}(nil), Term:0, Index:0}
017092 LEAD S2: prevLog &raft.Entry{Command:interface {}(nil), Term:0, Index:0}
017093 INFO S1: (term 1) follower 收到 [2] AppendEntries [], prevIndex 0, prevTerm 0
017093 LEAD S2: 1 append success next 1 match 0
017093 INFO S0: (term 1) follower 收到 [2] AppendEntries [], prevIndex 0, prevTerm 0
017094 LEAD S2: 0 append success next 1 match 0
017597 LEAD S2: prevLog &raft.Entry{Command:interface {}(nil), Term:0, Index:0}
017597 LEAD S2: prevLog &raft.Entry{Command:interface {}(nil), Term:0, Index:0}
017598 INFO S1: (term 1) follower 收到 [2] AppendEntries [], prevIndex 0, prevTerm 0
017598 INFO S0: (term 1) follower 收到 [2] AppendEntries [], prevIndex 0, prevTerm 0
017598 LEAD S2: 1 append success next 1 match 0
017599 LEAD S2: 0 append success next 1 match 0
018101 LEAD S2: prevLog &raft.Entry{Command:interface {}(nil), Term:0, Index:0}
018101 LEAD S2: prevLog &raft.Entry{Command:interface {}(nil), Term:0, Index:0}
018103 INFO S1: (term 1) follower 收到 [2] AppendEntries [], prevIndex 0, prevTerm 0
018103 INFO S0: (term 1) follower 收到 [2] AppendEntries [], prevIndex 0, prevTerm 0
018104 LEAD S2: 1 append success next 1 match 0
018104 LEAD S2: 0 append success next 1 match 0
018605 LEAD S2: prevLog &raft.Entry{Command:interface {}(nil), Term:0, Index:0}
018605 LEAD S2: prevLog &raft.Entry{Command:interface {}(nil), Term:0, Index:0}
018606 INFO S1: (term 1) follower 收到 [2] AppendEntries [], prevIndex 0, prevTerm 0
018607 LEAD S2: 1 append success next 1 match 0
018607 INFO S0: (term 1) follower 收到 [2] AppendEntries [], prevIndex 0, prevTerm 0
018608 LEAD S2: 0 append success next 1 match 0
019107 LEAD S2: prevLog &raft.Entry{Command:interface {}(nil), Term:0, Index:0}
019108 LEAD S2: prevLog &raft.Entry{Command:interface {}(nil), Term:0, Index:0}
019108 INFO S0: (term 1) follower 收到 [2] AppendEntries [], prevIndex 0, prevTerm 0
019108 INFO S1: (term 1) follower 收到 [2] AppendEntries [], prevIndex 0, prevTerm 0
019109 LEAD S2: 0 append success next 1 match 0
019109 LEAD S2: 1 append success next 1 match 0
019610 LEAD S2: prevLog &raft.Entry{Command:interface {}(nil), Term:0, Index:0}
019610 LEAD S2: prevLog &raft.Entry{Command:interface {}(nil), Term:0, Index:0}
019611 INFO S1: (term 1) follower 收到 [2] AppendEntries [], prevIndex 0, prevTerm 0
019611 LEAD S2: 1 append success next 1 match 0
019611 INFO S0: (term 1) follower 收到 [2] AppendEntries [], prevIndex 0, prevTerm 0
019612 LEAD S2: 0 append success next 1 match 0
020111 LEAD S2: prevLog &raft.Entry{Command:interface {}(nil), Term:0, Index:0}
020111 LEAD S2: prevLog &raft.Entry{Command:interface {}(nil), Term:0, Index:0}
020112 INFO S0: (term 1) follower 收到 [2] AppendEntries [], prevIndex 0, prevTerm 0
020112 INFO S1: (term 1) follower 收到 [2] AppendEntries [], prevIndex 0, prevTerm 0
020112 LEAD S2: 0 append success next 1 match 0
020113 LEAD S2: 1 append success next 1 match 0
020614 LEAD S2: prevLog &raft.Entry{Command:interface {}(nil), Term:0, Index:0}
020614 LEAD S2: prevLog &raft.Entry{Command:interface {}(nil), Term:0, Index:0}
020615 INFO S1: (term 1) follower 收到 [2] AppendEntries [], prevIndex 0, prevTerm 0
020615 LEAD S2: 1 append success next 1 match 0
020615 INFO S0: (term 1) follower 收到 [2] AppendEntries [], prevIndex 0, prevTerm 0
020615 LEAD S2: 0 append success next 1 match 0
021117 LEAD S2: prevLog &raft.Entry{Command:interface {}(nil), Term:0, Index:0}
021117 LEAD S2: prevLog &raft.Entry{Command:interface {}(nil), Term:0, Index:0}
021118 INFO S0: (term 1) follower 收到 [2] AppendEntries [], prevIndex 0, prevTerm 0
021118 LEAD S2: 0 append success next 1 match 0
021118 INFO S1: (term 1) follower 收到 [2] AppendEntries [], prevIndex 0, prevTerm 0
021119 LEAD S2: 1 append success next 1 match 0
021618 LEAD S2: prevLog &raft.Entry{Command:interface {}(nil), Term:0, Index:0}
021618 LEAD S2: prevLog &raft.Entry{Command:interface {}(nil), Term:0, Index:0}
021619 INFO S1: (term 1) follower 收到 [2] AppendEntries [], prevIndex 0, prevTerm 0
021619 INFO S0: (term 1) follower 收到 [2] AppendEntries [], prevIndex 0, prevTerm 0
021619 LEAD S2: 0 append success next 1 match 0
021619 LEAD S2: 1 append success next 1 match 0
022120 LEAD S2: prevLog &raft.Entry{Command:interface {}(nil), Term:0, Index:0}
022121 LEAD S2: prevLog &raft.Entry{Command:interface {}(nil), Term:0, Index:0}
022121 INFO S1: (term 1) follower 收到 [2] AppendEntries [], prevIndex 0, prevTerm 0
022122 INFO S0: (term 1) follower 收到 [2] AppendEntries [], prevIndex 0, prevTerm 0
022122 LEAD S2: 1 append success next 1 match 0
022122 LEAD S2: 0 append success next 1 match 0
022623 LEAD S2: prevLog &raft.Entry{Command:interface {}(nil), Term:0, Index:0}
022623 LEAD S2: prevLog &raft.Entry{Command:interface {}(nil), Term:0, Index:0}
022624 INFO S0: (term 1) follower 收到 [2] AppendEntries [], prevIndex 0, prevTerm 0
022624 LEAD S2: 0 append success next 1 match 0
022624 INFO S1: (term 1) follower 收到 [2] AppendEntries [], prevIndex 0, prevTerm 0
022625 LEAD S2: 1 append success next 1 match 0
023124 LEAD S2: prevLog &raft.Entry{Command:interface {}(nil), Term:0, Index:0}
023125 LEAD S2: prevLog &raft.Entry{Command:interface {}(nil), Term:0, Index:0}
023125 INFO S0: (term 1) follower 收到 [2] AppendEntries [], prevIndex 0, prevTerm 0
023125 INFO S1: (term 1) follower 收到 [2] AppendEntries [], prevIndex 0, prevTerm 0
023126 LEAD S2: 0 append success next 1 match 0
023126 LEAD S2: 1 append success next 1 match 0
023627 LEAD S2: prevLog &raft.Entry{Command:interface {}(nil), Term:0, Index:0}
023627 LEAD S2: prevLog &raft.Entry{Command:interface {}(nil), Term:0, Index:0}
023627 INFO S1: (term 1) follower 收到 [2] AppendEntries [], prevIndex 0, prevTerm 0
023628 INFO S0: (term 1) follower 收到 [2] AppendEntries [], prevIndex 0, prevTerm 0
023628 LEAD S2: 1 append success next 1 match 0
023629 LEAD S2: 0 append success next 1 match 0
024130 LEAD S2: prevLog &raft.Entry{Command:interface {}(nil), Term:0, Index:0}
024130 LEAD S2: prevLog &raft.Entry{Command:interface {}(nil), Term:0, Index:0}
024131 INFO S1: (term 1) follower 收到 [2] AppendEntries [], prevIndex 0, prevTerm 0
024131 INFO S0: (term 1) follower 收到 [2] AppendEntries [], prevIndex 0, prevTerm 0
024131 LEAD S2: 1 append success next 1 match 0
024132 LEAD S2: 0 append success next 1 match 0
024633 LEAD S2: prevLog &raft.Entry{Command:interface {}(nil), Term:0, Index:0}
024633 LEAD S2: prevLog &raft.Entry{Command:interface {}(nil), Term:0, Index:0}
024633 INFO S0: (term 1) follower 收到 [2] AppendEntries [], prevIndex 0, prevTerm 0
024634 LEAD S2: 0 append success next 1 match 0
024634 INFO S1: (term 1) follower 收到 [2] AppendEntries [], prevIndex 0, prevTerm 0
024634 LEAD S2: 1 append success next 1 match 0
025135 LEAD S2: prevLog &raft.Entry{Command:interface {}(nil), Term:0, Index:0}
025136 LEAD S2: prevLog &raft.Entry{Command:interface {}(nil), Term:0, Index:0}
025136 INFO S1: (term 1) follower 收到 [2] AppendEntries [], prevIndex 0, prevTerm 0
025136 INFO S0: (term 1) follower 收到 [2] AppendEntries [], prevIndex 0, prevTerm 0
025137 LEAD S2: 1 append success next 1 match 0
025137 LEAD S2: 0 append success next 1 match 0
025637 LEAD S2: prevLog &raft.Entry{Command:interface {}(nil), Term:0, Index:0}
025637 LEAD S2: prevLog &raft.Entry{Command:interface {}(nil), Term:0, Index:0}
025638 INFO S0: (term 1) follower 收到 [2] AppendEntries [], prevIndex 0, prevTerm 0
025638 LEAD S2: 0 append success next 1 match 0
025638 INFO S1: (term 1) follower 收到 [2] AppendEntries [], prevIndex 0, prevTerm 0
025639 LEAD S2: 1 append success next 1 match 0
026141 LEAD S2: prevLog &raft.Entry{Command:interface {}(nil), Term:0, Index:0}
026141 LEAD S2: prevLog &raft.Entry{Command:interface {}(nil), Term:0, Index:0}
026143 INFO S1: (term 1) follower 收到 [2] AppendEntries [], prevIndex 0, prevTerm 0
026144 LEAD S2: 1 append success next 1 match 0
026145 INFO S0: (term 1) follower 收到 [2] AppendEntries [], prevIndex 0, prevTerm 0
026147 LEAD S2: 0 append success next 1 match 0
026643 LEAD S2: prevLog &raft.Entry{Command:interface {}(nil), Term:0, Index:0}
026643 LEAD S2: prevLog &raft.Entry{Command:interface {}(nil), Term:0, Index:0}
026644 INFO S1: (term 1) follower 收到 [2] AppendEntries [], prevIndex 0, prevTerm 0
026644 INFO S0: (term 1) follower 收到 [2] AppendEntries [], prevIndex 0, prevTerm 0
026644 LEAD S2: 0 append success next 1 match 0
026644 LEAD S2: 1 append success next 1 match 0
027145 LEAD S2: prevLog &raft.Entry{Command:interface {}(nil), Term:0, Index:0}
027145 LEAD S2: prevLog &raft.Entry{Command:interface {}(nil), Term:0, Index:0}
027145 INFO S0: (term 1) follower 收到 [2] AppendEntries [], prevIndex 0, prevTerm 0
027145 INFO S1: (term 1) follower 收到 [2] AppendEntries [], prevIndex 0, prevTerm 0
027146 LEAD S2: 1 append success next 1 match 0
027146 LEAD S2: 0 append success next 1 match 0
027647 LEAD S2: prevLog &raft.Entry{Command:interface {}(nil), Term:0, Index:0}
027647 LEAD S2: prevLog &raft.Entry{Command:interface {}(nil), Term:0, Index:0}
027648 INFO S1: (term 1) follower 收到 [2] AppendEntries [], prevIndex 0, prevTerm 0
027648 INFO S0: (term 1) follower 收到 [2] AppendEntries [], prevIndex 0, prevTerm 0
027648 LEAD S2: 1 append success next 1 match 0
027648 LEAD S2: 0 append success next 1 match 0
028149 LEAD S2: prevLog &raft.Entry{Command:interface {}(nil), Term:0, Index:0}
028149 LEAD S2: prevLog &raft.Entry{Command:interface {}(nil), Term:0, Index:0}
028150 INFO S0: (term 1) follower 收到 [2] AppendEntries [], prevIndex 0, prevTerm 0
028150 INFO S1: (term 1) follower 收到 [2] AppendEntries [], prevIndex 0, prevTerm 0
028150 LEAD S2: 0 append success next 1 match 0
028150 LEAD S2: 1 append success next 1 match 0
028651 LEAD S2: prevLog &raft.Entry{Command:interface {}(nil), Term:0, Index:0}
028651 LEAD S2: prevLog &raft.Entry{Command:interface {}(nil), Term:0, Index:0}
028652 INFO S1: (term 1) follower 收到 [2] AppendEntries [], prevIndex 0, prevTerm 0
028652 INFO S0: (term 1) follower 收到 [2] AppendEntries [], prevIndex 0, prevTerm 0
028652 LEAD S2: 1 append success next 1 match 0
028652 LEAD S2: 0 append success next 1 match 0
029154 LEAD S2: prevLog &raft.Entry{Command:interface {}(nil), Term:0, Index:0}
029154 LEAD S2: prevLog &raft.Entry{Command:interface {}(nil), Term:0, Index:0}
029155 INFO S1: (term 1) follower 收到 [2] AppendEntries [], prevIndex 0, prevTerm 0
029155 INFO S0: (term 1) follower 收到 [2] AppendEntries [], prevIndex 0, prevTerm 0
029155 LEAD S2: 1 append success next 1 match 0
029155 LEAD S2: 0 append success next 1 match 0
029655 LEAD S2: prevLog &raft.Entry{Command:interface {}(nil), Term:0, Index:0}
029656 LEAD S2: prevLog &raft.Entry{Command:interface {}(nil), Term:0, Index:0}
029656 INFO S1: (term 1) follower 收到 [2] AppendEntries [], prevIndex 0, prevTerm 0
029656 INFO S0: (term 1) follower 收到 [2] AppendEntries [], prevIndex 0, prevTerm 0
029657 LEAD S2: 1 append success next 1 match 0
029657 LEAD S2: 0 append success next 1 match 0
030157 LEAD S2: prevLog &raft.Entry{Command:interface {}(nil), Term:0, Index:0}
030157 LEAD S2: prevLog &raft.Entry{Command:interface {}(nil), Term:0, Index:0}
030158 INFO S0: (term 1) follower 收到 [2] AppendEntries [], prevIndex 0, prevTerm 0
030158 INFO S1: (term 1) follower 收到 [2] AppendEntries [], prevIndex 0, prevTerm 0
030159 LEAD S2: 1 append success next 1 match 0
030159 LEAD S2: 0 append success next 1 match 0
030659 LEAD S2: prevLog &raft.Entry{Command:interface {}(nil), Term:0, Index:0}
030659 LEAD S2: prevLog &raft.Entry{Command:interface {}(nil), Term:0, Index:0}
030660 INFO S0: (term 1) follower 收到 [2] AppendEntries [], prevIndex 0, prevTerm 0
030660 INFO S1: (term 1) follower 收到 [2] AppendEntries [], prevIndex 0, prevTerm 0
030660 LEAD S2: 1 append success next 1 match 0
030660 LEAD S2: 0 append success next 1 match 0
031161 LEAD S2: prevLog &raft.Entry{Command:interface {}(nil), Term:0, Index:0}
031162 LEAD S2: prevLog &raft.Entry{Command:interface {}(nil), Term:0, Index:0}
031162 INFO S1: (term 1) follower 收到 [2] AppendEntries [], prevIndex 0, prevTerm 0
031162 INFO S0: (term 1) follower 收到 [2] AppendEntries [], prevIndex 0, prevTerm 0
031163 LEAD S2: 1 append success next 1 match 0
031163 LEAD S2: 0 append success next 1 match 0
031663 LEAD S2: prevLog &raft.Entry{Command:interface {}(nil), Term:0, Index:0}
031663 LEAD S2: prevLog &raft.Entry{Command:interface {}(nil), Term:0, Index:0}
031663 INFO S0: (term 1) follower 收到 [2] AppendEntries [], prevIndex 0, prevTerm 0
031663 INFO S1: (term 1) follower 收到 [2] AppendEntries [], prevIndex 0, prevTerm 0
031664 LEAD S2: 0 append success next 1 match 0
031664 LEAD S2: 1 append success next 1 match 0
032166 LEAD S2: prevLog &raft.Entry{Command:interface {}(nil), Term:0, Index:0}
032166 LEAD S2: prevLog &raft.Entry{Command:interface {}(nil), Term:0, Index:0}
032167 INFO S0: (term 1) follower 收到 [2] AppendEntries [], prevIndex 0, prevTerm 0
032167 INFO S1: (term 1) follower 收到 [2] AppendEntries [], prevIndex 0, prevTerm 0
032168 LEAD S2: 0 append success next 1 match 0
032168 LEAD S2: 1 append success next 1 match 0
032668 LEAD S2: prevLog &raft.Entry{Command:interface {}(nil), Term:0, Index:0}
032668 LEAD S2: prevLog &raft.Entry{Command:interface {}(nil), Term:0, Index:0}
032669 INFO S1: (term 1) follower 收到 [2] AppendEntries [], prevIndex 0, prevTerm 0
032669 INFO S0: (term 1) follower 收到 [2] AppendEntries [], prevIndex 0, prevTerm 0
032669 LEAD S2: 1 append success next 1 match 0
032669 LEAD S2: 0 append success next 1 match 0
033169 LEAD S2: prevLog &raft.Entry{Command:interface {}(nil), Term:0, Index:0}
033169 LEAD S2: prevLog &raft.Entry{Command:interface {}(nil), Term:0, Index:0}
033170 INFO S1: (term 1) follower 收到 [2] AppendEntries [], prevIndex 0, prevTerm 0
033170 LEAD S2: 1 append success next 1 match 0
033171 INFO S0: (term 1) follower 收到 [2] AppendEntries [], prevIndex 0, prevTerm 0
033171 LEAD S2: 0 append success next 1 match 0
033672 LEAD S2: prevLog &raft.Entry{Command:interface {}(nil), Term:0, Index:0}
033672 LEAD S2: prevLog &raft.Entry{Command:interface {}(nil), Term:0, Index:0}
033673 INFO S1: (term 1) follower 收到 [2] AppendEntries [], prevIndex 0, prevTerm 0
033673 INFO S0: (term 1) follower 收到 [2] AppendEntries [], prevIndex 0, prevTerm 0
033673 LEAD S2: 1 append success next 1 match 0
033673 LEAD S2: 0 append success next 1 match 0
034174 LEAD S2: prevLog &raft.Entry{Command:interface {}(nil), Term:0, Index:0}
034174 LEAD S2: prevLog &raft.Entry{Command:interface {}(nil), Term:0, Index:0}
034176 INFO S1: (term 1) follower 收到 [2] AppendEntries [], prevIndex 0, prevTerm 0
034177 LEAD S2: 1 append success next 1 match 0
034187 INFO S0: (term 1) follower 收到 [2] AppendEntries [], prevIndex 0, prevTerm 0
034189 LEAD S2: 0 append success next 1 match 0
034678 LEAD S2: prevLog &raft.Entry{Command:interface {}(nil), Term:0, Index:0}
034679 LEAD S2: prevLog &raft.Entry{Command:interface {}(nil), Term:0, Index:0}
034681 INFO S1: (term 1) follower 收到 [2] AppendEntries [], prevIndex 0, prevTerm 0
034681 INFO S0: (term 1) follower 收到 [2] AppendEntries [], prevIndex 0, prevTerm 0
034682 LEAD S2: 0 append success next 1 match 0
034682 LEAD S2: 1 append success next 1 match 0
035180 LEAD S2: prevLog &raft.Entry{Command:interface {}(nil), Term:0, Index:0}
035180 LEAD S2: prevLog &raft.Entry{Command:interface {}(nil), Term:0, Index:0}
035181 INFO S0: (term 1) follower 收到 [2] AppendEntries [], prevIndex 0, prevTerm 0
035181 INFO S1: (term 1) follower 收到 [2] AppendEntries [], prevIndex 0, prevTerm 0
035181 LEAD S2: 0 append success next 1 match 0
035181 LEAD S2: 1 append success next 1 match 0
035682 LEAD S2: prevLog &raft.Entry{Command:interface {}(nil), Term:0, Index:0}
035682 LEAD S2: prevLog &raft.Entry{Command:interface {}(nil), Term:0, Index:0}
035683 INFO S1: (term 1) follower 收到 [2] AppendEntries [], prevIndex 0, prevTerm 0
035683 INFO S0: (term 1) follower 收到 [2] AppendEntries [], prevIndex 0, prevTerm 0
035683 LEAD S2: 1 append success next 1 match 0
035683 LEAD S2: 0 append success next 1 match 0
036185 LEAD S2: prevLog &raft.Entry{Command:interface {}(nil), Term:0, Index:0}
036185 LEAD S2: prevLog &raft.Entry{Command:interface {}(nil), Term:0, Index:0}
036186 INFO S0: (term 1) follower 收到 [2] AppendEntries [], prevIndex 0, prevTerm 0
036186 INFO S1: (term 1) follower 收到 [2] AppendEntries [], prevIndex 0, prevTerm 0
036186 LEAD S2: 0 append success next 1 match 0
036187 LEAD S2: 1 append success next 1 match 0
036688 LEAD S2: prevLog &raft.Entry{Command:interface {}(nil), Term:0, Index:0}
036688 LEAD S2: prevLog &raft.Entry{Command:interface {}(nil), Term:0, Index:0}
036690 INFO S1: (term 1) follower 收到 [2] AppendEntries [], prevIndex 0, prevTerm 0
036690 LEAD S2: 1 append success next 1 match 0
036693 INFO S0: (term 1) follower 收到 [2] AppendEntries [], prevIndex 0, prevTerm 0
036694 LEAD S2: 0 append success next 1 match 0
037192 LEAD S2: prevLog &raft.Entry{Command:interface {}(nil), Term:0, Index:0}
037193 LEAD S2: prevLog &raft.Entry{Command:interface {}(nil), Term:0, Index:0}
037194 INFO S1: (term 1) follower 收到 [2] AppendEntries [], prevIndex 0, prevTerm 0
037194 INFO S0: (term 1) follower 收到 [2] AppendEntries [], prevIndex 0, prevTerm 0
037195 LEAD S2: 1 append success next 1 match 0
037195 LEAD S2: 0 append success next 1 match 0
037694 LEAD S2: prevLog &raft.Entry{Command:interface {}(nil), Term:0, Index:0}
037694 LEAD S2: prevLog &raft.Entry{Command:interface {}(nil), Term:0, Index:0}
037695 INFO S0: (term 1) follower 收到 [2] AppendEntries [], prevIndex 0, prevTerm 0
037695 INFO S1: (term 1) follower 收到 [2] AppendEntries [], prevIndex 0, prevTerm 0
037695 LEAD S2: 0 append success next 1 match 0
037695 LEAD S2: 1 append success next 1 match 0
038196 LEAD S2: prevLog &raft.Entry{Command:interface {}(nil), Term:0, Index:0}
038197 LEAD S2: prevLog &raft.Entry{Command:interface {}(nil), Term:0, Index:0}
038197 INFO S1: (term 1) follower 收到 [2] AppendEntries [], prevIndex 0, prevTerm 0
038198 INFO S0: (term 1) follower 收到 [2] AppendEntries [], prevIndex 0, prevTerm 0
038198 LEAD S2: 1 append success next 1 match 0
038198 LEAD S2: 0 append success next 1 match 0
038699 LEAD S2: prevLog &raft.Entry{Command:interface {}(nil), Term:0, Index:0}
038699 LEAD S2: prevLog &raft.Entry{Command:interface {}(nil), Term:0, Index:0}
038700 INFO S1: (term 1) follower 收到 [2] AppendEntries [], prevIndex 0, prevTerm 0
038700 INFO S0: (term 1) follower 收到 [2] AppendEntries [], prevIndex 0, prevTerm 0
038700 LEAD S2: 0 append success next 1 match 0
038700 LEAD S2: 1 append success next 1 match 0
039202 LEAD S2: prevLog &raft.Entry{Command:interface {}(nil), Term:0, Index:0}
039202 LEAD S2: prevLog &raft.Entry{Command:interface {}(nil), Term:0, Index:0}
039203 INFO S1: (term 1) follower 收到 [2] AppendEntries [], prevIndex 0, prevTerm 0
039203 INFO S0: (term 1) follower 收到 [2] AppendEntries [], prevIndex 0, prevTerm 0
039203 LEAD S2: 0 append success next 1 match 0
039204 LEAD S2: 1 append success next 1 match 0
039703 LEAD S2: prevLog &raft.Entry{Command:interface {}(nil), Term:0, Index:0}
039703 LEAD S2: prevLog &raft.Entry{Command:interface {}(nil), Term:0, Index:0}
039704 INFO S1: (term 1) follower 收到 [2] AppendEntries [], prevIndex 0, prevTerm 0
039704 INFO S0: (term 1) follower 收到 [2] AppendEntries [], prevIndex 0, prevTerm 0
039704 LEAD S2: 1 append success next 1 match 0
039705 LEAD S2: 0 append success next 1 match 0
040206 LEAD S2: prevLog &raft.Entry{Command:interface {}(nil), Term:0, Index:0}
040206 LEAD S2: prevLog &raft.Entry{Command:interface {}(nil), Term:0, Index:0}
040207 INFO S1: (term 1) follower 收到 [2] AppendEntries [], prevIndex 0, prevTerm 0
040207 INFO S0: (term 1) follower 收到 [2] AppendEntries [], prevIndex 0, prevTerm 0
040207 LEAD S2: 1 append success next 1 match 0
040207 LEAD S2: 0 append success next 1 match 0
040709 LEAD S2: prevLog &raft.Entry{Command:interface {}(nil), Term:0, Index:0}
040709 LEAD S2: prevLog &raft.Entry{Command:interface {}(nil), Term:0, Index:0}
040709 INFO S1: (term 1) follower 收到 [2] AppendEntries [], prevIndex 0, prevTerm 0
040709 INFO S0: (term 1) follower 收到 [2] AppendEntries [], prevIndex 0, prevTerm 0
040710 LEAD S2: 0 append success next 1 match 0
040710 LEAD S2: 1 append success next 1 match 0
041211 LEAD S2: prevLog &raft.Entry{Command:interface {}(nil), Term:0, Index:0}
041211 LEAD S2: prevLog &raft.Entry{Command:interface {}(nil), Term:0, Index:0}
041212 INFO S1: (term 1) follower 收到 [2] AppendEntries [], prevIndex 0, prevTerm 0
041212 INFO S0: (term 1) follower 收到 [2] AppendEntries [], prevIndex 0, prevTerm 0
041212 LEAD S2: 0 append success next 1 match 0
041212 LEAD S2: 1 append success next 1 match 0
041713 LEAD S2: prevLog &raft.Entry{Command:interface {}(nil), Term:0, Index:0}
041713 LEAD S2: prevLog &raft.Entry{Command:interface {}(nil), Term:0, Index:0}
041714 INFO S1: (term 1) follower 收到 [2] AppendEntries [], prevIndex 0, prevTerm 0
041714 INFO S0: (term 1) follower 收到 [2] AppendEntries [], prevIndex 0, prevTerm 0
041714 LEAD S2: 0 append success next 1 match 0
041714 LEAD S2: 1 append success next 1 match 0
042215 LEAD S2: prevLog &raft.Entry{Command:interface {}(nil), Term:0, Index:0}
042215 LEAD S2: prevLog &raft.Entry{Command:interface {}(nil), Term:0, Index:0}
042216 INFO S0: (term 1) follower 收到 [2] AppendEntries [], prevIndex 0, prevTerm 0
042216 LEAD S2: 0 append success next 1 match 0
042216 INFO S1: (term 1) follower 收到 [2] AppendEntries [], prevIndex 0, prevTerm 0
042217 LEAD S2: 1 append success next 1 match 0
042717 LEAD S2: prevLog &raft.Entry{Command:interface {}(nil), Term:0, Index:0}
042717 LEAD S2: prevLog &raft.Entry{Command:interface {}(nil), Term:0, Index:0}
042717 INFO S1: (term 1) follower 收到 [2] AppendEntries [], prevIndex 0, prevTerm 0
042717 INFO S0: (term 1) follower 收到 [2] AppendEntries [], prevIndex 0, prevTerm 0
042718 LEAD S2: 0 append success next 1 match 0
042718 LEAD S2: 1 append success next 1 match 0
043219 LEAD S2: prevLog &raft.Entry{Command:interface {}(nil), Term:0, Index:0}
043219 LEAD S2: prevLog &raft.Entry{Command:interface {}(nil), Term:0, Index:0}
043220 INFO S0: (term 1) follower 收到 [2] AppendEntries [], prevIndex 0, prevTerm 0
043220 LEAD S2: 0 append success next 1 match 0
043220 INFO S1: (term 1) follower 收到 [2] AppendEntries [], prevIndex 0, prevTerm 0
043221 LEAD S2: 1 append success next 1 match 0
043722 LEAD S2: prevLog &raft.Entry{Command:interface {}(nil), Term:0, Index:0}
043722 LEAD S2: prevLog &raft.Entry{Command:interface {}(nil), Term:0, Index:0}
043722 INFO S1: (term 1) follower 收到 [2] AppendEntries [], prevIndex 0, prevTerm 0
043722 INFO S0: (term 1) follower 收到 [2] AppendEntries [], prevIndex 0, prevTerm 0
043723 LEAD S2: 1 append success next 1 match 0
043723 LEAD S2: 0 append success next 1 match 0
044225 LEAD S2: prevLog &raft.Entry{Command:interface {}(nil), Term:0, Index:0}
044226 LEAD S2: prevLog &raft.Entry{Command:interface {}(nil), Term:0, Index:0}
044227 INFO S1: (term 1) follower 收到 [2] AppendEntries [], prevIndex 0, prevTerm 0
044228 LEAD S2: 1 append success next 1 match 0
044229 INFO S0: (term 1) follower 收到 [2] AppendEntries [], prevIndex 0, prevTerm 0
044230 LEAD S2: 0 append success next 1 match 0
044728 LEAD S2: prevLog &raft.Entry{Command:interface {}(nil), Term:0, Index:0}
044729 LEAD S2: prevLog &raft.Entry{Command:interface {}(nil), Term:0, Index:0}
044730 INFO S1: (term 1) follower 收到 [2] AppendEntries [], prevIndex 0, prevTerm 0
044730 INFO S0: (term 1) follower 收到 [2] AppendEntries [], prevIndex 0, prevTerm 0
044731 LEAD S2: 1 append success next 1 match 0
044731 LEAD S2: 0 append success next 1 match 0
045231 LEAD S2: prevLog &raft.Entry{Command:interface {}(nil), Term:0, Index:0}
045231 LEAD S2: prevLog &raft.Entry{Command:interface {}(nil), Term:0, Index:0}
045232 INFO S1: (term 1) follower 收到 [2] AppendEntries [], prevIndex 0, prevTerm 0
045233 LEAD S2: 1 append success next 1 match 0
045233 INFO S0: (term 1) follower 收到 [2] AppendEntries [], prevIndex 0, prevTerm 0
045233 LEAD S2: 0 append success next 1 match 0
045733 LEAD S2: prevLog &raft.Entry{Command:interface {}(nil), Term:0, Index:0}
045733 LEAD S2: prevLog &raft.Entry{Command:interface {}(nil), Term:0, Index:0}
045734 INFO S0: (term 1) follower 收到 [2] AppendEntries [], prevIndex 0, prevTerm 0
045734 INFO S1: (term 1) follower 收到 [2] AppendEntries [], prevIndex 0, prevTerm 0
045734 LEAD S2: 0 append success next 1 match 0
045735 LEAD S2: 1 append success next 1 match 0
046235 LEAD S2: prevLog &raft.Entry{Command:interface {}(nil), Term:0, Index:0}
046235 LEAD S2: prevLog &raft.Entry{Command:interface {}(nil), Term:0, Index:0}
046236 INFO S1: (term 1) follower 收到 [2] AppendEntries [], prevIndex 0, prevTerm 0
046236 INFO S0: (term 1) follower 收到 [2] AppendEntries [], prevIndex 0, prevTerm 0
046237 LEAD S2: 0 append success next 1 match 0
046237 LEAD S2: 1 append success next 1 match 0
046738 LEAD S2: prevLog &raft.Entry{Command:interface {}(nil), Term:0, Index:0}
046738 LEAD S2: prevLog &raft.Entry{Command:interface {}(nil), Term:0, Index:0}
046739 INFO S0: (term 1) follower 收到 [2] AppendEntries [], prevIndex 0, prevTerm 0
046739 INFO S1: (term 1) follower 收到 [2] AppendEntries [], prevIndex 0, prevTerm 0
046740 LEAD S2: 0 append success next 1 match 0
046741 LEAD S2: 1 append success next 1 match 0
047241 LEAD S2: prevLog &raft.Entry{Command:interface {}(nil), Term:0, Index:0}
047242 LEAD S2: prevLog &raft.Entry{Command:interface {}(nil), Term:0, Index:0}
047243 INFO S0: (term 1) follower 收到 [2] AppendEntries [], prevIndex 0, prevTerm 0
047244 INFO S1: (term 1) follower 收到 [2] AppendEntries [], prevIndex 0, prevTerm 0
047244 LEAD S2: 0 append success next 1 match 0
047245 LEAD S2: 1 append success next 1 match 0
047744 LEAD S2: prevLog &raft.Entry{Command:interface {}(nil), Term:0, Index:0}
047745 LEAD S2: prevLog &raft.Entry{Command:interface {}(nil), Term:0, Index:0}
047747 INFO S1: (term 1) follower 收到 [2] AppendEntries [], prevIndex 0, prevTerm 0
047748 LEAD S2: 1 append success next 1 match 0
047748 INFO S0: (term 1) follower 收到 [2] AppendEntries [], prevIndex 0, prevTerm 0
047749 LEAD S2: 0 append success next 1 match 0
048247 LEAD S2: prevLog &raft.Entry{Command:interface {}(nil), Term:0, Index:0}
048247 LEAD S2: prevLog &raft.Entry{Command:interface {}(nil), Term:0, Index:0}
048248 INFO S1: (term 1) follower 收到 [2] AppendEntries [], prevIndex 0, prevTerm 0
048248 INFO S0: (term 1) follower 收到 [2] AppendEntries [], prevIndex 0, prevTerm 0
048248 LEAD S2: 1 append success next 1 match 0
048249 LEAD S2: 0 append success next 1 match 0
048750 LEAD S2: prevLog &raft.Entry{Command:interface {}(nil), Term:0, Index:0}
048750 LEAD S2: prevLog &raft.Entry{Command:interface {}(nil), Term:0, Index:0}
048751 INFO S0: (term 1) follower 收到 [2] AppendEntries [], prevIndex 0, prevTerm 0
048751 INFO S1: (term 1) follower 收到 [2] AppendEntries [], prevIndex 0, prevTerm 0
048751 LEAD S2: 0 append success next 1 match 0
048751 LEAD S2: 1 append success next 1 match 0
049254 LEAD S2: prevLog &raft.Entry{Command:interface {}(nil), Term:0, Index:0}
049254 LEAD S2: prevLog &raft.Entry{Command:interface {}(nil), Term:0, Index:0}
049256 INFO S1: (term 1) follower 收到 [2] AppendEntries [], prevIndex 0, prevTerm 0
049256 INFO S0: (term 1) follower 收到 [2] AppendEntries [], prevIndex 0, prevTerm 0
049257 LEAD S2: 1 append success next 1 match 0
049257 LEAD S2: 0 append success next 1 match 0
049758 LEAD S2: prevLog &raft.Entry{Command:interface {}(nil), Term:0, Index:0}
049758 LEAD S2: prevLog &raft.Entry{Command:interface {}(nil), Term:0, Index:0}
049760 INFO S0: (term 1) follower 收到 [2] AppendEntries [], prevIndex 0, prevTerm 0
049760 INFO S1: (term 1) follower 收到 [2] AppendEntries [], prevIndex 0, prevTerm 0
049761 LEAD S2: 0 append success next 1 match 0
049762 LEAD S2: 1 append success next 1 match 0
050260 LEAD S2: prevLog &raft.Entry{Command:interface {}(nil), Term:0, Index:0}
050260 LEAD S2: prevLog &raft.Entry{Command:interface {}(nil), Term:0, Index:0}
050261 INFO S0: (term 1) follower 收到 [2] AppendEntries [], prevIndex 0, prevTerm 0
050261 INFO S1: (term 1) follower 收到 [2] AppendEntries [], prevIndex 0, prevTerm 0
050261 LEAD S2: 0 append success next 1 match 0
050261 LEAD S2: 1 append success next 1 match 0
050762 LEAD S2: prevLog &raft.Entry{Command:interface {}(nil), Term:0, Index:0}
050762 LEAD S2: prevLog &raft.Entry{Command:interface {}(nil), Term:0, Index:0}
050763 INFO S1: (term 1) follower 收到 [2] AppendEntries [], prevIndex 0, prevTerm 0
050764 LEAD S2: 1 append success next 1 match 0
050764 INFO S0: (term 1) follower 收到 [2] AppendEntries [], prevIndex 0, prevTerm 0
050764 LEAD S2: 0 append success next 1 match 0
051265 LEAD S2: prevLog &raft.Entry{Command:interface {}(nil), Term:0, Index:0}
051265 LEAD S2: prevLog &raft.Entry{Command:interface {}(nil), Term:0, Index:0}
051266 INFO S1: (term 1) follower 收到 [2] AppendEntries [], prevIndex 0, prevTerm 0
051266 LEAD S2: 1 append success next 1 match 0
051266 INFO S0: (term 1) follower 收到 [2] AppendEntries [], prevIndex 0, prevTerm 0
051267 LEAD S2: 0 append success next 1 match 0
051768 LEAD S2: prevLog &raft.Entry{Command:interface {}(nil), Term:0, Index:0}
051768 LEAD S2: prevLog &raft.Entry{Command:interface {}(nil), Term:0, Index:0}
051770 INFO S0: (term 1) follower 收到 [2] AppendEntries [], prevIndex 0, prevTerm 0
051770 INFO S1: (term 1) follower 收到 [2] AppendEntries [], prevIndex 0, prevTerm 0
051771 LEAD S2: 0 append success next 1 match 0
051772 LEAD S2: 1 append success next 1 match 0
052273 LEAD S2: prevLog &raft.Entry{Command:interface {}(nil), Term:0, Index:0}
052273 LEAD S2: prevLog &raft.Entry{Command:interface {}(nil), Term:0, Index:0}
052274 INFO S1: (term 1) follower 收到 [2] AppendEntries [], prevIndex 0, prevTerm 0
052274 INFO S0: (term 1) follower 收到 [2] AppendEntries [], prevIndex 0, prevTerm 0
052275 LEAD S2: 0 append success next 1 match 0
052275 LEAD S2: 1 append success next 1 match 0
052775 LEAD S2: prevLog &raft.Entry{Command:interface {}(nil), Term:0, Index:0}
052775 LEAD S2: prevLog &raft.Entry{Command:interface {}(nil), Term:0, Index:0}
052776 INFO S1: (term 1) follower 收到 [2] AppendEntries [], prevIndex 0, prevTerm 0
052776 INFO S0: (term 1) follower 收到 [2] AppendEntries [], prevIndex 0, prevTerm 0
052776 LEAD S2: 1 append success next 1 match 0
052776 LEAD S2: 0 append success next 1 match 0
053277 LEAD S2: prevLog &raft.Entry{Command:interface {}(nil), Term:0, Index:0}
053277 LEAD S2: prevLog &raft.Entry{Command:interface {}(nil), Term:0, Index:0}
053278 INFO S1: (term 1) follower 收到 [2] AppendEntries [], prevIndex 0, prevTerm 0
053278 INFO S0: (term 1) follower 收到 [2] AppendEntries [], prevIndex 0, prevTerm 0
053278 LEAD S2: 1 append success next 1 match 0
053278 LEAD S2: 0 append success next 1 match 0
053779 LEAD S2: prevLog &raft.Entry{Command:interface {}(nil), Term:0, Index:0}
053780 LEAD S2: prevLog &raft.Entry{Command:interface {}(nil), Term:0, Index:0}
053780 INFO S1: (term 1) follower 收到 [2] AppendEntries [], prevIndex 0, prevTerm 0
053780 INFO S0: (term 1) follower 收到 [2] AppendEntries [], prevIndex 0, prevTerm 0
053781 LEAD S2: 0 append success next 1 match 0
053781 LEAD S2: 1 append success next 1 match 0
054281 LEAD S2: prevLog &raft.Entry{Command:interface {}(nil), Term:0, Index:0}
054281 LEAD S2: prevLog &raft.Entry{Command:interface {}(nil), Term:0, Index:0}
054281 INFO S1: (term 1) follower 收到 [2] AppendEntries [], prevIndex 0, prevTerm 0
054282 LEAD S2: 1 append success next 1 match 0
054282 INFO S0: (term 1) follower 收到 [2] AppendEntries [], prevIndex 0, prevTerm 0
054282 LEAD S2: 0 append success next 1 match 0
054782 LEAD S2: prevLog &raft.Entry{Command:interface {}(nil), Term:0, Index:0}
054782 LEAD S2: prevLog &raft.Entry{Command:interface {}(nil), Term:0, Index:0}
054783 INFO S1: (term 1) follower 收到 [2] AppendEntries [], prevIndex 0, prevTerm 0
054783 INFO S0: (term 1) follower 收到 [2] AppendEntries [], prevIndex 0, prevTerm 0
054783 LEAD S2: 0 append success next 1 match 0
054783 LEAD S2: 1 append success next 1 match 0
055284 LEAD S2: prevLog &raft.Entry{Command:interface {}(nil), Term:0, Index:0}
055284 LEAD S2: prevLog &raft.Entry{Command:interface {}(nil), Term:0, Index:0}
055285 INFO S1: (term 1) follower 收到 [2] AppendEntries [], prevIndex 0, prevTerm 0
055285 INFO S0: (term 1) follower 收到 [2] AppendEntries [], prevIndex 0, prevTerm 0
055286 LEAD S2: 1 append success next 1 match 0
055286 LEAD S2: 0 append success next 1 match 0
055787 LEAD S2: prevLog &raft.Entry{Command:interface {}(nil), Term:0, Index:0}
055787 LEAD S2: prevLog &raft.Entry{Command:interface {}(nil), Term:0, Index:0}
055788 INFO S0: (term 1) follower 收到 [2] AppendEntries [], prevIndex 0, prevTerm 0
055788 LEAD S2: 0 append success next 1 match 0
055788 INFO S1: (term 1) follower 收到 [2] AppendEntries [], prevIndex 0, prevTerm 0
055788 LEAD S2: 1 append success next 1 match 0
056290 LEAD S2: prevLog &raft.Entry{Command:interface {}(nil), Term:0, Index:0}
056290 LEAD S2: prevLog &raft.Entry{Command:interface {}(nil), Term:0, Index:0}
056291 INFO S1: (term 1) follower 收到 [2] AppendEntries [], prevIndex 0, prevTerm 0
056292 INFO S0: (term 1) follower 收到 [2] AppendEntries [], prevIndex 0, prevTerm 0
056293 LEAD S2: 1 append success next 1 match 0
056293 LEAD S2: 0 append success next 1 match 0
056794 LEAD S2: prevLog &raft.Entry{Command:interface {}(nil), Term:0, Index:0}
056794 LEAD S2: prevLog &raft.Entry{Command:interface {}(nil), Term:0, Index:0}
056795 INFO S1: (term 1) follower 收到 [2] AppendEntries [], prevIndex 0, prevTerm 0
056795 INFO S0: (term 1) follower 收到 [2] AppendEntries [], prevIndex 0, prevTerm 0
056795 LEAD S2: 1 append success next 1 match 0
056795 LEAD S2: 0 append success next 1 match 0
057296 LEAD S2: prevLog &raft.Entry{Command:interface {}(nil), Term:0, Index:0}
057296 LEAD S2: prevLog &raft.Entry{Command:interface {}(nil), Term:0, Index:0}
057297 INFO S1: (term 1) follower 收到 [2] AppendEntries [], prevIndex 0, prevTerm 0
057297 INFO S0: (term 1) follower 收到 [2] AppendEntries [], prevIndex 0, prevTerm 0
057297 LEAD S2: 1 append success next 1 match 0
057297 LEAD S2: 0 append success next 1 match 0
057798 LEAD S2: prevLog &raft.Entry{Command:interface {}(nil), Term:0, Index:0}
057798 LEAD S2: prevLog &raft.Entry{Command:interface {}(nil), Term:0, Index:0}
057799 INFO S1: (term 1) follower 收到 [2] AppendEntries [], prevIndex 0, prevTerm 0
057799 INFO S0: (term 1) follower 收到 [2] AppendEntries [], prevIndex 0, prevTerm 0
057799 LEAD S2: 1 append success next 1 match 0
057799 LEAD S2: 0 append success next 1 match 0
058300 LEAD S2: prevLog &raft.Entry{Command:interface {}(nil), Term:0, Index:0}
058301 LEAD S2: prevLog &raft.Entry{Command:interface {}(nil), Term:0, Index:0}
058301 INFO S1: (term 1) follower 收到 [2] AppendEntries [], prevIndex 0, prevTerm 0
058302 INFO S0: (term 1) follower 收到 [2] AppendEntries [], prevIndex 0, prevTerm 0
058302 LEAD S2: 1 append success next 1 match 0
058302 LEAD S2: 0 append success next 1 match 0
058803 LEAD S2: prevLog &raft.Entry{Command:interface {}(nil), Term:0, Index:0}
058803 LEAD S2: prevLog &raft.Entry{Command:interface {}(nil), Term:0, Index:0}
058804 INFO S1: (term 1) follower 收到 [2] AppendEntries [], prevIndex 0, prevTerm 0
058804 LEAD S2: 1 append success next 1 match 0
058804 INFO S0: (term 1) follower 收到 [2] AppendEntries [], prevIndex 0, prevTerm 0
058805 LEAD S2: 0 append success next 1 match 0
059306 LEAD S2: prevLog &raft.Entry{Command:interface {}(nil), Term:0, Index:0}
059306 LEAD S2: prevLog &raft.Entry{Command:interface {}(nil), Term:0, Index:0}
059307 INFO S1: (term 1) follower 收到 [2] AppendEntries [], prevIndex 0, prevTerm 0
059307 LEAD S2: 1 append success next 1 match 0
059307 INFO S0: (term 1) follower 收到 [2] AppendEntries [], prevIndex 0, prevTerm 0
059308 LEAD S2: 0 append success next 1 match 0
059808 LEAD S2: prevLog &raft.Entry{Command:interface {}(nil), Term:0, Index:0}
059808 LEAD S2: prevLog &raft.Entry{Command:interface {}(nil), Term:0, Index:0}
059809 INFO S0: (term 1) follower 收到 [2] AppendEntries [], prevIndex 0, prevTerm 0
059809 LEAD S2: 0 append success next 1 match 0
059809 INFO S1: (term 1) follower 收到 [2] AppendEntries [], prevIndex 0, prevTerm 0
059809 LEAD S2: 1 append success next 1 match 0
060310 LEAD S2: prevLog &raft.Entry{Command:interface {}(nil), Term:0, Index:0}
060311 LEAD S2: prevLog &raft.Entry{Command:interface {}(nil), Term:0, Index:0}
060311 INFO S0: (term 1) follower 收到 [2] AppendEntries [], prevIndex 0, prevTerm 0
060312 LEAD S2: 0 append success next 1 match 0
060312 INFO S1: (term 1) follower 收到 [2] AppendEntries [], prevIndex 0, prevTerm 0
060312 LEAD S2: 1 append success next 1 match 0
060813 LEAD S2: prevLog &raft.Entry{Command:interface {}(nil), Term:0, Index:0}
060813 LEAD S2: prevLog &raft.Entry{Command:interface {}(nil), Term:0, Index:0}
060814 INFO S0: (term 1) follower 收到 [2] AppendEntries [], prevIndex 0, prevTerm 0
060814 LEAD S2: 0 append success next 1 match 0
060814 INFO S1: (term 1) follower 收到 [2] AppendEntries [], prevIndex 0, prevTerm 0
060814 LEAD S2: 1 append success next 1 match 0
061315 LEAD S2: prevLog &raft.Entry{Command:interface {}(nil), Term:0, Index:0}
061316 LEAD S2: prevLog &raft.Entry{Command:interface {}(nil), Term:0, Index:0}
061316 INFO S1: (term 1) follower 收到 [2] AppendEntries [], prevIndex 0, prevTerm 0
061316 INFO S0: (term 1) follower 收到 [2] AppendEntries [], prevIndex 0, prevTerm 0
061317 LEAD S2: 0 append success next 1 match 0
061317 LEAD S2: 1 append success next 1 match 0
061817 LEAD S2: prevLog &raft.Entry{Command:interface {}(nil), Term:0, Index:0}
061818 LEAD S2: prevLog &raft.Entry{Command:interface {}(nil), Term:0, Index:0}
061818 INFO S0: (term 1) follower 收到 [2] AppendEntries [], prevIndex 0, prevTerm 0
061818 LEAD S2: 0 append success next 1 match 0
061818 INFO S1: (term 1) follower 收到 [2] AppendEntries [], prevIndex 0, prevTerm 0
061819 LEAD S2: 1 append success next 1 match 0
062320 LEAD S2: prevLog &raft.Entry{Command:interface {}(nil), Term:0, Index:0}
062320 LEAD S2: prevLog &raft.Entry{Command:interface {}(nil), Term:0, Index:0}
062320 INFO S1: (term 1) follower 收到 [2] AppendEntries [], prevIndex 0, prevTerm 0
062321 LEAD S2: 1 append success next 1 match 0
062321 INFO S0: (term 1) follower 收到 [2] AppendEntries [], prevIndex 0, prevTerm 0
062321 LEAD S2: 0 append success next 1 match 0
062822 LEAD S2: prevLog &raft.Entry{Command:interface {}(nil), Term:0, Index:0}
062823 LEAD S2: prevLog &raft.Entry{Command:interface {}(nil), Term:0, Index:0}
062824 INFO S1: (term 1) follower 收到 [2] AppendEntries [], prevIndex 0, prevTerm 0
062825 LEAD S2: 1 append success next 1 match 0
062825 INFO S0: (term 1) follower 收到 [2] AppendEntries [], prevIndex 0, prevTerm 0
062827 LEAD S2: 0 append success next 1 match 0
063325 LEAD S2: prevLog &raft.Entry{Command:interface {}(nil), Term:0, Index:0}
063325 LEAD S2: prevLog &raft.Entry{Command:interface {}(nil), Term:0, Index:0}
063326 INFO S0: (term 1) follower 收到 [2] AppendEntries [], prevIndex 0, prevTerm 0
063326 INFO S1: (term 1) follower 收到 [2] AppendEntries [], prevIndex 0, prevTerm 0
063326 LEAD S2: 0 append success next 1 match 0
063326 LEAD S2: 1 append success next 1 match 0
063828 LEAD S2: prevLog &raft.Entry{Command:interface {}(nil), Term:0, Index:0}
063828 LEAD S2: prevLog &raft.Entry{Command:interface {}(nil), Term:0, Index:0}
063828 INFO S1: (term 1) follower 收到 [2] AppendEntries [], prevIndex 0, prevTerm 0
063829 INFO S0: (term 1) follower 收到 [2] AppendEntries [], prevIndex 0, prevTerm 0
063829 LEAD S2: 1 append success next 1 match 0
063829 LEAD S2: 0 append success next 1 match 0
064330 LEAD S2: prevLog &raft.Entry{Command:interface {}(nil), Term:0, Index:0}
064330 LEAD S2: prevLog &raft.Entry{Command:interface {}(nil), Term:0, Index:0}
064331 INFO S1: (term 1) follower 收到 [2] AppendEntries [], prevIndex 0, prevTerm 0
064331 INFO S0: (term 1) follower 收到 [2] AppendEntries [], prevIndex 0, prevTerm 0
064331 LEAD S2: 1 append success next 1 match 0
064331 LEAD S2: 0 append success next 1 match 0
064833 LEAD S2: prevLog &raft.Entry{Command:interface {}(nil), Term:0, Index:0}
064833 LEAD S2: prevLog &raft.Entry{Command:interface {}(nil), Term:0, Index:0}
064834 INFO S0: (term 1) follower 收到 [2] AppendEntries [], prevIndex 0, prevTerm 0
064834 INFO S1: (term 1) follower 收到 [2] AppendEntries [], prevIndex 0, prevTerm 0
064834 LEAD S2: 1 append success next 1 match 0
064834 LEAD S2: 0 append success next 1 match 0
065335 LEAD S2: prevLog &raft.Entry{Command:interface {}(nil), Term:0, Index:0}
065335 LEAD S2: prevLog &raft.Entry{Command:interface {}(nil), Term:0, Index:0}
065336 INFO S1: (term 1) follower 收到 [2] AppendEntries [], prevIndex 0, prevTerm 0
065336 INFO S0: (term 1) follower 收到 [2] AppendEntries [], prevIndex 0, prevTerm 0
065336 LEAD S2: 1 append success next 1 match 0
065337 LEAD S2: 0 append success next 1 match 0
065838 LEAD S2: prevLog &raft.Entry{Command:interface {}(nil), Term:0, Index:0}
065838 LEAD S2: prevLog &raft.Entry{Command:interface {}(nil), Term:0, Index:0}
065838 INFO S0: (term 1) follower 收到 [2] AppendEntries [], prevIndex 0, prevTerm 0
065839 LEAD S2: 0 append success next 1 match 0
065839 INFO S1: (term 1) follower 收到 [2] AppendEntries [], prevIndex 0, prevTerm 0
065839 LEAD S2: 1 append success next 1 match 0
066339 LEAD S2: prevLog &raft.Entry{Command:interface {}(nil), Term:0, Index:0}
066340 LEAD S2: prevLog &raft.Entry{Command:interface {}(nil), Term:0, Index:0}
066340 INFO S0: (term 1) follower 收到 [2] AppendEntries [], prevIndex 0, prevTerm 0
066340 LEAD S2: 0 append success next 1 match 0
066341 INFO S1: (term 1) follower 收到 [2] AppendEntries [], prevIndex 0, prevTerm 0
066341 LEAD S2: 1 append success next 1 match 0
066842 LEAD S2: prevLog &raft.Entry{Command:interface {}(nil), Term:0, Index:0}
066842 LEAD S2: prevLog &raft.Entry{Command:interface {}(nil), Term:0, Index:0}
066843 INFO S1: (term 1) follower 收到 [2] AppendEntries [], prevIndex 0, prevTerm 0
066843 LEAD S2: 1 append success next 1 match 0
066843 INFO S0: (term 1) follower 收到 [2] AppendEntries [], prevIndex 0, prevTerm 0
066844 LEAD S2: 0 append success next 1 match 0
067344 LEAD S2: prevLog &raft.Entry{Command:interface {}(nil), Term:0, Index:0}
067345 LEAD S2: prevLog &raft.Entry{Command:interface {}(nil), Term:0, Index:0}
067345 INFO S1: (term 1) follower 收到 [2] AppendEntries [], prevIndex 0, prevTerm 0
067346 INFO S0: (term 1) follower 收到 [2] AppendEntries [], prevIndex 0, prevTerm 0
067346 LEAD S2: 1 append success next 1 match 0
067346 LEAD S2: 0 append success next 1 match 0
067847 LEAD S2: prevLog &raft.Entry{Command:interface {}(nil), Term:0, Index:0}
067847 LEAD S2: prevLog &raft.Entry{Command:interface {}(nil), Term:0, Index:0}
067848 INFO S1: (term 1) follower 收到 [2] AppendEntries [], prevIndex 0, prevTerm 0
067848 LEAD S2: 1 append success next 1 match 0
067848 INFO S0: (term 1) follower 收到 [2] AppendEntries [], prevIndex 0, prevTerm 0
067849 LEAD S2: 0 append success next 1 match 0
068349 LEAD S2: prevLog &raft.Entry{Command:interface {}(nil), Term:0, Index:0}
068349 LEAD S2: prevLog &raft.Entry{Command:interface {}(nil), Term:0, Index:0}
068350 INFO S1: (term 1) follower 收到 [2] AppendEntries [], prevIndex 0, prevTerm 0
068350 INFO S0: (term 1) follower 收到 [2] AppendEntries [], prevIndex 0, prevTerm 0
068350 LEAD S2: 0 append success next 1 match 0
068350 LEAD S2: 1 append success next 1 match 0
068852 LEAD S2: prevLog &raft.Entry{Command:interface {}(nil), Term:0, Index:0}
068852 LEAD S2: prevLog &raft.Entry{Command:interface {}(nil), Term:0, Index:0}
068853 INFO S0: (term 1) follower 收到 [2] AppendEntries [], prevIndex 0, prevTerm 0
068853 LEAD S2: 0 append success next 1 match 0
068853 INFO S1: (term 1) follower 收到 [2] AppendEntries [], prevIndex 0, prevTerm 0
068853 LEAD S2: 1 append success next 1 match 0
069354 LEAD S2: prevLog &raft.Entry{Command:interface {}(nil), Term:0, Index:0}
069354 LEAD S2: prevLog &raft.Entry{Command:interface {}(nil), Term:0, Index:0}
069355 INFO S1: (term 1) follower 收到 [2] AppendEntries [], prevIndex 0, prevTerm 0
069355 INFO S0: (term 1) follower 收到 [2] AppendEntries [], prevIndex 0, prevTerm 0
069355 LEAD S2: 1 append success next 1 match 0
069355 LEAD S2: 0 append success next 1 match 0
069857 LEAD S2: prevLog &raft.Entry{Command:interface {}(nil), Term:0, Index:0}
069857 LEAD S2: prevLog &raft.Entry{Command:interface {}(nil), Term:0, Index:0}
069857 INFO S1: (term 1) follower 收到 [2] AppendEntries [], prevIndex 0, prevTerm 0
069857 INFO S0: (term 1) follower 收到 [2] AppendEntries [], prevIndex 0, prevTerm 0
069857 LEAD S2: 0 append success next 1 match 0
069858 LEAD S2: 1 append success next 1 match 0
070359 LEAD S2: prevLog &raft.Entry{Command:interface {}(nil), Term:0, Index:0}
070359 LEAD S2: prevLog &raft.Entry{Command:interface {}(nil), Term:0, Index:0}
070360 INFO S0: (term 1) follower 收到 [2] AppendEntries [], prevIndex 0, prevTerm 0
070360 INFO S1: (term 1) follower 收到 [2] AppendEntries [], prevIndex 0, prevTerm 0
070360 LEAD S2: 0 append success next 1 match 0
070360 LEAD S2: 1 append success next 1 match 0
070861 LEAD S2: prevLog &raft.Entry{Command:interface {}(nil), Term:0, Index:0}
070861 LEAD S2: prevLog &raft.Entry{Command:interface {}(nil), Term:0, Index:0}
070861 INFO S1: (term 1) follower 收到 [2] AppendEntries [], prevIndex 0, prevTerm 0
070862 LEAD S2: 1 append success next 1 match 0
070862 INFO S0: (term 1) follower 收到 [2] AppendEntries [], prevIndex 0, prevTerm 0
070862 LEAD S2: 0 append success next 1 match 0
071363 LEAD S2: prevLog &raft.Entry{Command:interface {}(nil), Term:0, Index:0}
071363 LEAD S2: prevLog &raft.Entry{Command:interface {}(nil), Term:0, Index:0}
071363 INFO S0: (term 1) follower 收到 [2] AppendEntries [], prevIndex 0, prevTerm 0
071364 INFO S1: (term 1) follower 收到 [2] AppendEntries [], prevIndex 0, prevTerm 0
071364 LEAD S2: 0 append success next 1 match 0
071365 LEAD S2: 1 append success next 1 match 0
071863 LEAD S2: prevLog &raft.Entry{Command:interface {}(nil), Term:0, Index:0}
071863 LEAD S2: prevLog &raft.Entry{Command:interface {}(nil), Term:0, Index:0}
071864 INFO S1: (term 1) follower 收到 [2] AppendEntries [], prevIndex 0, prevTerm 0
071864 INFO S0: (term 1) follower 收到 [2] AppendEntries [], prevIndex 0, prevTerm 0
071864 LEAD S2: 1 append success next 1 match 0
071864 LEAD S2: 0 append success next 1 match 0
072367 LEAD S2: prevLog &raft.Entry{Command:interface {}(nil), Term:0, Index:0}
072367 LEAD S2: prevLog &raft.Entry{Command:interface {}(nil), Term:0, Index:0}
072368 INFO S0: (term 1) follower 收到 [2] AppendEntries [], prevIndex 0, prevTerm 0
072368 INFO S1: (term 1) follower 收到 [2] AppendEntries [], prevIndex 0, prevTerm 0
072369 LEAD S2: 0 append success next 1 match 0
072369 LEAD S2: 1 append success next 1 match 0
072870 LEAD S2: prevLog &raft.Entry{Command:interface {}(nil), Term:0, Index:0}
072870 LEAD S2: prevLog &raft.Entry{Command:interface {}(nil), Term:0, Index:0}
072871 INFO S1: (term 1) follower 收到 [2] AppendEntries [], prevIndex 0, prevTerm 0
072871 INFO S0: (term 1) follower 收到 [2] AppendEntries [], prevIndex 0, prevTerm 0
072871 LEAD S2: 1 append success next 1 match 0
072871 LEAD S2: 0 append success next 1 match 0
073372 LEAD S2: prevLog &raft.Entry{Command:interface {}(nil), Term:0, Index:0}
073372 LEAD S2: prevLog &raft.Entry{Command:interface {}(nil), Term:0, Index:0}
073373 INFO S1: (term 1) follower 收到 [2] AppendEntries [], prevIndex 0, prevTerm 0
073373 LEAD S2: 1 append success next 1 match 0
073373 INFO S0: (term 1) follower 收到 [2] AppendEntries [], prevIndex 0, prevTerm 0
073373 LEAD S2: 0 append success next 1 match 0
073875 LEAD S2: prevLog &raft.Entry{Command:interface {}(nil), Term:0, Index:0}
073875 LEAD S2: prevLog &raft.Entry{Command:interface {}(nil), Term:0, Index:0}
073876 INFO S1: (term 1) follower 收到 [2] AppendEntries [], prevIndex 0, prevTerm 0
073876 INFO S0: (term 1) follower 收到 [2] AppendEntries [], prevIndex 0, prevTerm 0
073876 LEAD S2: 1 append success next 1 match 0
073876 LEAD S2: 0 append success next 1 match 0
074377 LEAD S2: prevLog &raft.Entry{Command:interface {}(nil), Term:0, Index:0}
074377 LEAD S2: prevLog &raft.Entry{Command:interface {}(nil), Term:0, Index:0}
074377 INFO S0: (term 1) follower 收到 [2] AppendEntries [], prevIndex 0, prevTerm 0
074377 INFO S1: (term 1) follower 收到 [2] AppendEntries [], prevIndex 0, prevTerm 0
074378 LEAD S2: 0 append success next 1 match 0
074378 LEAD S2: 1 append success next 1 match 0
074878 LEAD S2: prevLog &raft.Entry{Command:interface {}(nil), Term:0, Index:0}
074878 LEAD S2: prevLog &raft.Entry{Command:interface {}(nil), Term:0, Index:0}
074879 INFO S0: (term 1) follower 收到 [2] AppendEntries [], prevIndex 0, prevTerm 0
074879 INFO S1: (term 1) follower 收到 [2] AppendEntries [], prevIndex 0, prevTerm 0
074879 LEAD S2: 0 append success next 1 match 0
074879 LEAD S2: 1 append success next 1 match 0
075380 LEAD S2: prevLog &raft.Entry{Command:interface {}(nil), Term:0, Index:0}
075380 LEAD S2: prevLog &raft.Entry{Command:interface {}(nil), Term:0, Index:0}
075381 INFO S0: (term 1) follower 收到 [2] AppendEntries [], prevIndex 0, prevTerm 0
075381 INFO S1: (term 1) follower 收到 [2] AppendEntries [], prevIndex 0, prevTerm 0
075381 LEAD S2: 0 append success next 1 match 0
075381 LEAD S2: 1 append success next 1 match 0
075882 LEAD S2: prevLog &raft.Entry{Command:interface {}(nil), Term:0, Index:0}
075882 LEAD S2: prevLog &raft.Entry{Command:interface {}(nil), Term:0, Index:0}
075883 INFO S0: (term 1) follower 收到 [2] AppendEntries [], prevIndex 0, prevTerm 0
075883 INFO S1: (term 1) follower 收到 [2] AppendEntries [], prevIndex 0, prevTerm 0
075883 LEAD S2: 0 append success next 1 match 0
075883 LEAD S2: 1 append success next 1 match 0
076384 LEAD S2: prevLog &raft.Entry{Command:interface {}(nil), Term:0, Index:0}
076384 LEAD S2: prevLog &raft.Entry{Command:interface {}(nil), Term:0, Index:0}
076385 INFO S1: (term 1) follower 收到 [2] AppendEntries [], prevIndex 0, prevTerm 0
076386 INFO S0: (term 1) follower 收到 [2] AppendEntries [], prevIndex 0, prevTerm 0
076386 LEAD S2: 1 append success next 1 match 0
076386 LEAD S2: 0 append success next 1 match 0
076886 LEAD S2: prevLog &raft.Entry{Command:interface {}(nil), Term:0, Index:0}
076886 LEAD S2: prevLog &raft.Entry{Command:interface {}(nil), Term:0, Index:0}
076887 INFO S1: (term 1) follower 收到 [2] AppendEntries [], prevIndex 0, prevTerm 0
076887 INFO S0: (term 1) follower 收到 [2] AppendEntries [], prevIndex 0, prevTerm 0
076887 LEAD S2: 1 append success next 1 match 0
076887 LEAD S2: 0 append success next 1 match 0
077390 LEAD S2: prevLog &raft.Entry{Command:interface {}(nil), Term:0, Index:0}
077391 LEAD S2: prevLog &raft.Entry{Command:interface {}(nil), Term:0, Index:0}
077394 INFO S1: (term 1) follower 收到 [2] AppendEntries [], prevIndex 0, prevTerm 0
077394 INFO S0: (term 1) follower 收到 [2] AppendEntries [], prevIndex 0, prevTerm 0
077395 LEAD S2: 1 append success next 1 match 0
077395 LEAD S2: 0 append success next 1 match 0
077893 LEAD S2: prevLog &raft.Entry{Command:interface {}(nil), Term:0, Index:0}
077894 LEAD S2: prevLog &raft.Entry{Command:interface {}(nil), Term:0, Index:0}
077894 INFO S1: (term 1) follower 收到 [2] AppendEntries [], prevIndex 0, prevTerm 0
077894 INFO S0: (term 1) follower 收到 [2] AppendEntries [], prevIndex 0, prevTerm 0
077895 LEAD S2: 1 append success next 1 match 0
077895 LEAD S2: 0 append success next 1 match 0
078395 LEAD S2: prevLog &raft.Entry{Command:interface {}(nil), Term:0, Index:0}
078396 LEAD S2: prevLog &raft.Entry{Command:interface {}(nil), Term:0, Index:0}
078396 INFO S1: (term 1) follower 收到 [2] AppendEntries [], prevIndex 0, prevTerm 0
078397 LEAD S2: 1 append success next 1 match 0
078397 INFO S0: (term 1) follower 收到 [2] AppendEntries [], prevIndex 0, prevTerm 0
078397 LEAD S2: 0 append success next 1 match 0
078898 LEAD S2: prevLog &raft.Entry{Command:interface {}(nil), Term:0, Index:0}
078898 LEAD S2: prevLog &raft.Entry{Command:interface {}(nil), Term:0, Index:0}
078898 INFO S1: (term 1) follower 收到 [2] AppendEntries [], prevIndex 0, prevTerm 0
078899 LEAD S2: 1 append success next 1 match 0
078899 INFO S0: (term 1) follower 收到 [2] AppendEntries [], prevIndex 0, prevTerm 0
078900 LEAD S2: 0 append success next 1 match 0
079400 LEAD S2: prevLog &raft.Entry{Command:interface {}(nil), Term:0, Index:0}
079400 LEAD S2: prevLog &raft.Entry{Command:interface {}(nil), Term:0, Index:0}
079401 INFO S0: (term 1) follower 收到 [2] AppendEntries [], prevIndex 0, prevTerm 0
079401 INFO S1: (term 1) follower 收到 [2] AppendEntries [], prevIndex 0, prevTerm 0
079401 LEAD S2: 0 append success next 1 match 0
079401 LEAD S2: 1 append success next 1 match 0
079902 LEAD S2: prevLog &raft.Entry{Command:interface {}(nil), Term:0, Index:0}
079902 LEAD S2: prevLog &raft.Entry{Command:interface {}(nil), Term:0, Index:0}
079903 INFO S0: (term 1) follower 收到 [2] AppendEntries [], prevIndex 0, prevTerm 0
079903 INFO S1: (term 1) follower 收到 [2] AppendEntries [], prevIndex 0, prevTerm 0
079903 LEAD S2: 0 append success next 1 match 0
079903 LEAD S2: 1 append success next 1 match 0
080404 LEAD S2: prevLog &raft.Entry{Command:interface {}(nil), Term:0, Index:0}
080404 LEAD S2: prevLog &raft.Entry{Command:interface {}(nil), Term:0, Index:0}
080405 INFO S1: (term 1) follower 收到 [2] AppendEntries [], prevIndex 0, prevTerm 0
080405 INFO S0: (term 1) follower 收到 [2] AppendEntries [], prevIndex 0, prevTerm 0
080405 LEAD S2: 0 append success next 1 match 0
080405 LEAD S2: 1 append success next 1 match 0
080906 LEAD S2: prevLog &raft.Entry{Command:interface {}(nil), Term:0, Index:0}
080906 LEAD S2: prevLog &raft.Entry{Command:interface {}(nil), Term:0, Index:0}
080907 INFO S1: (term 1) follower 收到 [2] AppendEntries [], prevIndex 0, prevTerm 0
080907 INFO S0: (term 1) follower 收到 [2] AppendEntries [], prevIndex 0, prevTerm 0
080907 LEAD S2: 1 append success next 1 match 0
080907 LEAD S2: 0 append success next 1 match 0
081408 LEAD S2: prevLog &raft.Entry{Command:interface {}(nil), Term:0, Index:0}
081408 LEAD S2: prevLog &raft.Entry{Command:interface {}(nil), Term:0, Index:0}
081409 INFO S0: (term 1) follower 收到 [2] AppendEntries [], prevIndex 0, prevTerm 0
081409 LEAD S2: 0 append success next 1 match 0
081409 INFO S1: (term 1) follower 收到 [2] AppendEntries [], prevIndex 0, prevTerm 0
081410 LEAD S2: 1 append success next 1 match 0
081916 LEAD S2: prevLog &raft.Entry{Command:interface {}(nil), Term:0, Index:0}
081917 LEAD S2: prevLog &raft.Entry{Command:interface {}(nil), Term:0, Index:0}
081921 INFO S1: (term 1) follower 收到 [2] AppendEntries [], prevIndex 0, prevTerm 0
081921 INFO S0: (term 1) follower 收到 [2] AppendEntries [], prevIndex 0, prevTerm 0
081922 LEAD S2: 1 append success next 1 match 0
081923 LEAD S2: 0 append success next 1 match 0
082420 LEAD S2: prevLog &raft.Entry{Command:interface {}(nil), Term:0, Index:0}
082421 LEAD S2: prevLog &raft.Entry{Command:interface {}(nil), Term:0, Index:0}
082421 INFO S1: (term 1) follower 收到 [2] AppendEntries [], prevIndex 0, prevTerm 0
082421 INFO S0: (term 1) follower 收到 [2] AppendEntries [], prevIndex 0, prevTerm 0
082422 LEAD S2: 0 append success next 1 match 0
082422 LEAD S2: 1 append success next 1 match 0
082924 LEAD S2: prevLog &raft.Entry{Command:interface {}(nil), Term:0, Index:0}
082924 LEAD S2: prevLog &raft.Entry{Command:interface {}(nil), Term:0, Index:0}
082926 INFO S0: (term 1) follower 收到 [2] AppendEntries [], prevIndex 0, prevTerm 0
082926 INFO S1: (term 1) follower 收到 [2] AppendEntries [], prevIndex 0, prevTerm 0
082927 LEAD S2: 1 append success next 1 match 0
082927 LEAD S2: 0 append success next 1 match 0
083428 LEAD S2: prevLog &raft.Entry{Command:interface {}(nil), Term:0, Index:0}
083428 LEAD S2: prevLog &raft.Entry{Command:interface {}(nil), Term:0, Index:0}
083429 INFO S0: (term 1) follower 收到 [2] AppendEntries [], prevIndex 0, prevTerm 0
083429 INFO S1: (term 1) follower 收到 [2] AppendEntries [], prevIndex 0, prevTerm 0
083429 LEAD S2: 0 append success next 1 match 0
083430 LEAD S2: 1 append success next 1 match 0
083929 LEAD S2: prevLog &raft.Entry{Command:interface {}(nil), Term:0, Index:0}
083929 LEAD S2: prevLog &raft.Entry{Command:interface {}(nil), Term:0, Index:0}
083929 INFO S0: (term 1) follower 收到 [2] AppendEntries [], prevIndex 0, prevTerm 0
083930 LEAD S2: 0 append success next 1 match 0
083930 INFO S1: (term 1) follower 收到 [2] AppendEntries [], prevIndex 0, prevTerm 0
083930 LEAD S2: 1 append success next 1 match 0
084430 LEAD S2: prevLog &raft.Entry{Command:interface {}(nil), Term:0, Index:0}
084430 LEAD S2: prevLog &raft.Entry{Command:interface {}(nil), Term:0, Index:0}
084431 INFO S1: (term 1) follower 收到 [2] AppendEntries [], prevIndex 0, prevTerm 0
084431 INFO S0: (term 1) follower 收到 [2] AppendEntries [], prevIndex 0, prevTerm 0
084432 LEAD S2: 1 append success next 1 match 0
084432 LEAD S2: 0 append success next 1 match 0
084933 LEAD S2: prevLog &raft.Entry{Command:interface {}(nil), Term:0, Index:0}
084933 LEAD S2: prevLog &raft.Entry{Command:interface {}(nil), Term:0, Index:0}
084934 INFO S1: (term 1) follower 收到 [2] AppendEntries [], prevIndex 0, prevTerm 0
084934 LEAD S2: 1 append success next 1 match 0
084934 INFO S0: (term 1) follower 收到 [2] AppendEntries [], prevIndex 0, prevTerm 0
084935 LEAD S2: 0 append success next 1 match 0
085435 LEAD S2: prevLog &raft.Entry{Command:interface {}(nil), Term:0, Index:0}
085436 LEAD S2: prevLog &raft.Entry{Command:interface {}(nil), Term:0, Index:0}
085436 INFO S1: (term 1) follower 收到 [2] AppendEntries [], prevIndex 0, prevTerm 0
085436 INFO S0: (term 1) follower 收到 [2] AppendEntries [], prevIndex 0, prevTerm 0
085437 LEAD S2: 1 append success next 1 match 0
085437 LEAD S2: 0 append success next 1 match 0
085939 LEAD S2: prevLog &raft.Entry{Command:interface {}(nil), Term:0, Index:0}
085939 LEAD S2: prevLog &raft.Entry{Command:interface {}(nil), Term:0, Index:0}
085940 INFO S0: (term 1) follower 收到 [2] AppendEntries [], prevIndex 0, prevTerm 0
085940 INFO S1: (term 1) follower 收到 [2] AppendEntries [], prevIndex 0, prevTerm 0
085940 LEAD S2: 0 append success next 1 match 0
085940 LEAD S2: 1 append success next 1 match 0
086441 LEAD S2: prevLog &raft.Entry{Command:interface {}(nil), Term:0, Index:0}
086441 LEAD S2: prevLog &raft.Entry{Command:interface {}(nil), Term:0, Index:0}
086441 INFO S1: (term 1) follower 收到 [2] AppendEntries [], prevIndex 0, prevTerm 0
086442 INFO S0: (term 1) follower 收到 [2] AppendEntries [], prevIndex 0, prevTerm 0
086442 LEAD S2: 1 append success next 1 match 0
086442 LEAD S2: 0 append success next 1 match 0
086943 LEAD S2: prevLog &raft.Entry{Command:interface {}(nil), Term:0, Index:0}
086943 LEAD S2: prevLog &raft.Entry{Command:interface {}(nil), Term:0, Index:0}
086944 INFO S1: (term 1) follower 收到 [2] AppendEntries [], prevIndex 0, prevTerm 0
086944 INFO S0: (term 1) follower 收到 [2] AppendEntries [], prevIndex 0, prevTerm 0
086944 LEAD S2: 1 append success next 1 match 0
086944 LEAD S2: 0 append success next 1 match 0
087445 LEAD S2: prevLog &raft.Entry{Command:interface {}(nil), Term:0, Index:0}
087445 LEAD S2: prevLog &raft.Entry{Command:interface {}(nil), Term:0, Index:0}
087445 INFO S0: (term 1) follower 收到 [2] AppendEntries [], prevIndex 0, prevTerm 0
087446 LEAD S2: 0 append success next 1 match 0
087446 INFO S1: (term 1) follower 收到 [2] AppendEntries [], prevIndex 0, prevTerm 0
087446 LEAD S2: 1 append success next 1 match 0
087947 LEAD S2: prevLog &raft.Entry{Command:interface {}(nil), Term:0, Index:0}
087947 LEAD S2: prevLog &raft.Entry{Command:interface {}(nil), Term:0, Index:0}
087948 INFO S1: (term 1) follower 收到 [2] AppendEntries [], prevIndex 0, prevTerm 0
087948 LEAD S2: 1 append success next 1 match 0
087949 INFO S0: (term 1) follower 收到 [2] AppendEntries [], prevIndex 0, prevTerm 0
087949 LEAD S2: 0 append success next 1 match 0
088449 LEAD S2: prevLog &raft.Entry{Command:interface {}(nil), Term:0, Index:0}
088449 LEAD S2: prevLog &raft.Entry{Command:interface {}(nil), Term:0, Index:0}
088450 INFO S0: (term 1) follower 收到 [2] AppendEntries [], prevIndex 0, prevTerm 0
088450 INFO S1: (term 1) follower 收到 [2] AppendEntries [], prevIndex 0, prevTerm 0
088450 LEAD S2: 0 append success next 1 match 0
088451 LEAD S2: 1 append success next 1 match 0
088951 LEAD S2: prevLog &raft.Entry{Command:interface {}(nil), Term:0, Index:0}
088951 LEAD S2: prevLog &raft.Entry{Command:interface {}(nil), Term:0, Index:0}
088952 INFO S1: (term 1) follower 收到 [2] AppendEntries [], prevIndex 0, prevTerm 0
088952 LEAD S2: 1 append success next 1 match 0
088952 INFO S0: (term 1) follower 收到 [2] AppendEntries [], prevIndex 0, prevTerm 0
088952 LEAD S2: 0 append success next 1 match 0
089453 LEAD S2: prevLog &raft.Entry{Command:interface {}(nil), Term:0, Index:0}
089454 LEAD S2: prevLog &raft.Entry{Command:interface {}(nil), Term:0, Index:0}
089455 INFO S1: (term 1) follower 收到 [2] AppendEntries [], prevIndex 0, prevTerm 0
089455 INFO S0: (term 1) follower 收到 [2] AppendEntries [], prevIndex 0, prevTerm 0
089456 LEAD S2: 1 append success next 1 match 0
089456 LEAD S2: 0 append success next 1 match 0
089955 LEAD S2: prevLog &raft.Entry{Command:interface {}(nil), Term:0, Index:0}
089956 LEAD S2: prevLog &raft.Entry{Command:interface {}(nil), Term:0, Index:0}
089956 INFO S1: (term 1) follower 收到 [2] AppendEntries [], prevIndex 0, prevTerm 0
089956 INFO S0: (term 1) follower 收到 [2] AppendEntries [], prevIndex 0, prevTerm 0
089957 LEAD S2: 1 append success next 1 match 0
089957 LEAD S2: 0 append success next 1 match 0
090457 LEAD S2: prevLog &raft.Entry{Command:interface {}(nil), Term:0, Index:0}
090457 LEAD S2: prevLog &raft.Entry{Command:interface {}(nil), Term:0, Index:0}
090458 INFO S0: (term 1) follower 收到 [2] AppendEntries [], prevIndex 0, prevTerm 0
090458 INFO S1: (term 1) follower 收到 [2] AppendEntries [], prevIndex 0, prevTerm 0
090458 LEAD S2: 0 append success next 1 match 0
090458 LEAD S2: 1 append success next 1 match 0
090959 LEAD S2: prevLog &raft.Entry{Command:interface {}(nil), Term:0, Index:0}
090960 LEAD S2: prevLog &raft.Entry{Command:interface {}(nil), Term:0, Index:0}
090960 INFO S1: (term 1) follower 收到 [2] AppendEntries [], prevIndex 0, prevTerm 0
090960 INFO S0: (term 1) follower 收到 [2] AppendEntries [], prevIndex 0, prevTerm 0
090961 LEAD S2: 0 append success next 1 match 0
090961 LEAD S2: 1 append success next 1 match 0
091462 LEAD S2: prevLog &raft.Entry{Command:interface {}(nil), Term:0, Index:0}
091462 LEAD S2: prevLog &raft.Entry{Command:interface {}(nil), Term:0, Index:0}
091463 INFO S0: (term 1) follower 收到 [2] AppendEntries [], prevIndex 0, prevTerm 0
091463 INFO S1: (term 1) follower 收到 [2] AppendEntries [], prevIndex 0, prevTerm 0
091463 LEAD S2: 0 append success next 1 match 0
091463 LEAD S2: 1 append success next 1 match 0
091964 LEAD S2: prevLog &raft.Entry{Command:interface {}(nil), Term:0, Index:0}
091964 LEAD S2: prevLog &raft.Entry{Command:interface {}(nil), Term:0, Index:0}
091965 INFO S0: (term 1) follower 收到 [2] AppendEntries [], prevIndex 0, prevTerm 0
091965 LEAD S2: 0 append success next 1 match 0
091965 INFO S1: (term 1) follower 收到 [2] AppendEntries [], prevIndex 0, prevTerm 0
091966 LEAD S2: 1 append success next 1 match 0
092467 LEAD S2: prevLog &raft.Entry{Command:interface {}(nil), Term:0, Index:0}
092467 LEAD S2: prevLog &raft.Entry{Command:interface {}(nil), Term:0, Index:0}
092468 INFO S0: (term 1) follower 收到 [2] AppendEntries [], prevIndex 0, prevTerm 0
092468 LEAD S2: 0 append success next 1 match 0
092468 INFO S1: (term 1) follower 收到 [2] AppendEntries [], prevIndex 0, prevTerm 0
092468 LEAD S2: 1 append success next 1 match 0
092969 LEAD S2: prevLog &raft.Entry{Command:interface {}(nil), Term:0, Index:0}
092970 LEAD S2: prevLog &raft.Entry{Command:interface {}(nil), Term:0, Index:0}
092970 INFO S0: (term 1) follower 收到 [2] AppendEntries [], prevIndex 0, prevTerm 0
092970 INFO S1: (term 1) follower 收到 [2] AppendEntries [], prevIndex 0, prevTerm 0
092970 LEAD S2: 0 append success next 1 match 0
092970 LEAD S2: 1 append success next 1 match 0
093472 LEAD S2: prevLog &raft.Entry{Command:interface {}(nil), Term:0, Index:0}
093472 LEAD S2: prevLog &raft.Entry{Command:interface {}(nil), Term:0, Index:0}
093473 INFO S1: (term 1) follower 收到 [2] AppendEntries [], prevIndex 0, prevTerm 0
093473 INFO S0: (term 1) follower 收到 [2] AppendEntries [], prevIndex 0, prevTerm 0
093473 LEAD S2: 1 append success next 1 match 0
093473 LEAD S2: 0 append success next 1 match 0
093974 LEAD S2: prevLog &raft.Entry{Command:interface {}(nil), Term:0, Index:0}
093974 LEAD S2: prevLog &raft.Entry{Command:interface {}(nil), Term:0, Index:0}
093975 INFO S0: (term 1) follower 收到 [2] AppendEntries [], prevIndex 0, prevTerm 0
093975 INFO S1: (term 1) follower 收到 [2] AppendEntries [], prevIndex 0, prevTerm 0
093975 LEAD S2: 0 append success next 1 match 0
093976 LEAD S2: 1 append success next 1 match 0
094476 LEAD S2: prevLog &raft.Entry{Command:interface {}(nil), Term:0, Index:0}
094476 LEAD S2: prevLog &raft.Entry{Command:interface {}(nil), Term:0, Index:0}
094477 INFO S0: (term 1) follower 收到 [2] AppendEntries [], prevIndex 0, prevTerm 0
094477 INFO S1: (term 1) follower 收到 [2] AppendEntries [], prevIndex 0, prevTerm 0
094477 LEAD S2: 0 append success next 1 match 0
094477 LEAD S2: 1 append success next 1 match 0
094978 LEAD S2: prevLog &raft.Entry{Command:interface {}(nil), Term:0, Index:0}
094978 LEAD S2: prevLog &raft.Entry{Command:interface {}(nil), Term:0, Index:0}
094979 INFO S1: (term 1) follower 收到 [2] AppendEntries [], prevIndex 0, prevTerm 0
094979 INFO S0: (term 1) follower 收到 [2] AppendEntries [], prevIndex 0, prevTerm 0
094979 LEAD S2: 1 append success next 1 match 0
094980 LEAD S2: 0 append success next 1 match 0
095481 LEAD S2: prevLog &raft.Entry{Command:interface {}(nil), Term:0, Index:0}
095481 LEAD S2: prevLog &raft.Entry{Command:interface {}(nil), Term:0, Index:0}
095482 INFO S0: (term 1) follower 收到 [2] AppendEntries [], prevIndex 0, prevTerm 0
095482 INFO S1: (term 1) follower 收到 [2] AppendEntries [], prevIndex 0, prevTerm 0
095482 LEAD S2: 0 append success next 1 match 0
095483 LEAD S2: 1 append success next 1 match 0
095983 LEAD S2: prevLog &raft.Entry{Command:interface {}(nil), Term:0, Index:0}
095983 LEAD S2: prevLog &raft.Entry{Command:interface {}(nil), Term:0, Index:0}
095984 INFO S0: (term 1) follower 收到 [2] AppendEntries [], prevIndex 0, prevTerm 0
095984 LEAD S2: 0 append success next 1 match 0
095985 INFO S1: (term 1) follower 收到 [2] AppendEntries [], prevIndex 0, prevTerm 0
095985 LEAD S2: 1 append success next 1 match 0
096485 LEAD S2: prevLog &raft.Entry{Command:interface {}(nil), Term:0, Index:0}
096485 LEAD S2: prevLog &raft.Entry{Command:interface {}(nil), Term:0, Index:0}
096486 INFO S0: (term 1) follower 收到 [2] AppendEntries [], prevIndex 0, prevTerm 0
096486 INFO S1: (term 1) follower 收到 [2] AppendEntries [], prevIndex 0, prevTerm 0
096486 LEAD S2: 0 append success next 1 match 0
096486 LEAD S2: 1 append success next 1 match 0
096987 LEAD S2: prevLog &raft.Entry{Command:interface {}(nil), Term:0, Index:0}
096987 LEAD S2: prevLog &raft.Entry{Command:interface {}(nil), Term:0, Index:0}
096988 INFO S0: (term 1) follower 收到 [2] AppendEntries [], prevIndex 0, prevTerm 0
096988 INFO S1: (term 1) follower 收到 [2] AppendEntries [], prevIndex 0, prevTerm 0
096988 LEAD S2: 0 append success next 1 match 0
096988 LEAD S2: 1 append success next 1 match 0
097489 LEAD S2: prevLog &raft.Entry{Command:interface {}(nil), Term:0, Index:0}
097489 LEAD S2: prevLog &raft.Entry{Command:interface {}(nil), Term:0, Index:0}
097490 INFO S1: (term 1) follower 收到 [2] AppendEntries [], prevIndex 0, prevTerm 0
097490 INFO S0: (term 1) follower 收到 [2] AppendEntries [], prevIndex 0, prevTerm 0
097490 LEAD S2: 1 append success next 1 match 0
097490 LEAD S2: 0 append success next 1 match 0
097991 LEAD S2: prevLog &raft.Entry{Command:interface {}(nil), Term:0, Index:0}
097991 LEAD S2: prevLog &raft.Entry{Command:interface {}(nil), Term:0, Index:0}
097992 INFO S1: (term 1) follower 收到 [2] AppendEntries [], prevIndex 0, prevTerm 0
097992 LEAD S2: 1 append success next 1 match 0
097992 INFO S0: (term 1) follower 收到 [2] AppendEntries [], prevIndex 0, prevTerm 0
097993 LEAD S2: 0 append success next 1 match 0
098493 LEAD S2: prevLog &raft.Entry{Command:interface {}(nil), Term:0, Index:0}
098493 LEAD S2: prevLog &raft.Entry{Command:interface {}(nil), Term:0, Index:0}
098494 INFO S1: (term 1) follower 收到 [2] AppendEntries [], prevIndex 0, prevTerm 0
098494 LEAD S2: 1 append success next 1 match 0
098495 INFO S0: (term 1) follower 收到 [2] AppendEntries [], prevIndex 0, prevTerm 0
098495 LEAD S2: 0 append success next 1 match 0
098996 LEAD S2: prevLog &raft.Entry{Command:interface {}(nil), Term:0, Index:0}
098996 LEAD S2: prevLog &raft.Entry{Command:interface {}(nil), Term:0, Index:0}
098996 INFO S1: (term 1) follower 收到 [2] AppendEntries [], prevIndex 0, prevTerm 0
098996 INFO S0: (term 1) follower 收到 [2] AppendEntries [], prevIndex 0, prevTerm 0
098997 LEAD S2: 1 append success next 1 match 0
098997 LEAD S2: 0 append success next 1 match 0
099499 LEAD S2: prevLog &raft.Entry{Command:interface {}(nil), Term:0, Index:0}
099499 LEAD S2: prevLog &raft.Entry{Command:interface {}(nil), Term:0, Index:0}
099500 INFO S1: (term 1) follower 收到 [2] AppendEntries [], prevIndex 0, prevTerm 0
099501 INFO S0: (term 1) follower 收到 [2] AppendEntries [], prevIndex 0, prevTerm 0
099501 LEAD S2: 1 append success next 1 match 0
099503 LEAD S2: 0 append success next 1 match 0
100001 LEAD S2: prevLog &raft.Entry{Command:interface {}(nil), Term:0, Index:0}
100002 LEAD S2: prevLog &raft.Entry{Command:interface {}(nil), Term:0, Index:0}
100004 INFO S1: (term 1) follower 收到 [2] AppendEntries [], prevIndex 0, prevTerm 0
100004 INFO S0: (term 1) follower 收到 [2] AppendEntries [], prevIndex 0, prevTerm 0
100004 LEAD S2: 1 append success next 1 match 0
100005 LEAD S2: 0 append success next 1 match 0
--- FAIL: TestPersist12C (10.05s)
    config.go:609: one(11) failed to reach agreement
FAIL
exit status 1
FAIL	6.824/raft	10.052s
