Test (2C): basic persistence ...
002009 INFO S0: start leader election, term 1
002009 VOTE S0: term 1 send vote request to 2
002010 VOTE S0: term 1 send vote request to 1
002010 TERM S2: set new term 1
002010 VOTE S2: term 1 vote 0
002010 TERM S1: set new term 1
002011 VOTE S1: term 1 vote 0
002011 VOTE S0: reply from 2, term一致，且投给0
002011 LEAD S0: come to power, start to send heartbeat
002011 LEAD S0: prevLog &raft.Entry{Command:interface {}(nil), Term:0, Index:0}
002011 LEAD S0: prevLog &raft.Entry{Command:interface {}(nil), Term:0, Index:0}
002011 VOTE S0: reply from 1, term一致，且投给0
002011 INFO S1: (term 1) follower 收到 [0] AppendEntries [], prevIndex 0, prevTerm 0
002012 LEAD S0: 1 append success next 1 match 0
002012 INFO S2: (term 1) follower 收到 [0] AppendEntries [], prevIndex 0, prevTerm 0
002012 LEAD S0: 2 append success next 1 match 0
002511 LEAD S0: prevLog &raft.Entry{Command:interface {}(nil), Term:0, Index:0}
002511 LEAD S0: prevLog &raft.Entry{Command:interface {}(nil), Term:0, Index:0}
002512 INFO S1: (term 1) follower 收到 [0] AppendEntries [], prevIndex 0, prevTerm 0
002512 LEAD S0: 1 append success next 1 match 0
002512 INFO S2: (term 1) follower 收到 [0] AppendEntries [], prevIndex 0, prevTerm 0
002513 LEAD S0: 2 append success next 1 match 0
003014 LEAD S0: prevLog &raft.Entry{Command:interface {}(nil), Term:0, Index:0}
003014 LEAD S0: prevLog &raft.Entry{Command:interface {}(nil), Term:0, Index:0}
003014 INFO S1: (term 1) follower 收到 [0] AppendEntries [], prevIndex 0, prevTerm 0
003015 LEAD S0: 1 append success next 1 match 0
003015 INFO S2: (term 1) follower 收到 [0] AppendEntries [], prevIndex 0, prevTerm 0
003015 LEAD S0: 2 append success next 1 match 0
003516 LEAD S0: prevLog &raft.Entry{Command:interface {}(nil), Term:0, Index:0}
003516 LEAD S0: prevLog &raft.Entry{Command:interface {}(nil), Term:0, Index:0}
003517 INFO S1: (term 1) follower 收到 [0] AppendEntries [], prevIndex 0, prevTerm 0
003517 INFO S2: (term 1) follower 收到 [0] AppendEntries [], prevIndex 0, prevTerm 0
003517 LEAD S0: 1 append success next 1 match 0
003517 LEAD S0: 2 append success next 1 match 0
004017 LEAD S0: prevLog &raft.Entry{Command:interface {}(nil), Term:0, Index:0}
004018 LEAD S0: prevLog &raft.Entry{Command:interface {}(nil), Term:0, Index:0}
004018 INFO S1: (term 1) follower 收到 [0] AppendEntries [], prevIndex 0, prevTerm 0
004018 INFO S2: (term 1) follower 收到 [0] AppendEntries [], prevIndex 0, prevTerm 0
004019 LEAD S0: 1 append success next 1 match 0
004019 LEAD S0: 2 append success next 1 match 0
004519 LEAD S0: prevLog &raft.Entry{Command:interface {}(nil), Term:0, Index:0}
004519 LEAD S0: prevLog &raft.Entry{Command:interface {}(nil), Term:0, Index:0}
004520 INFO S2: (term 1) follower 收到 [0] AppendEntries [], prevIndex 0, prevTerm 0
004520 INFO S1: (term 1) follower 收到 [0] AppendEntries [], prevIndex 0, prevTerm 0
004520 LEAD S0: 1 append success next 1 match 0
004521 LEAD S0: 2 append success next 1 match 0
005021 LEAD S0: prevLog &raft.Entry{Command:interface {}(nil), Term:0, Index:0}
005022 LEAD S0: prevLog &raft.Entry{Command:interface {}(nil), Term:0, Index:0}
005023 INFO S1: (term 1) follower 收到 [0] AppendEntries [], prevIndex 0, prevTerm 0
005023 INFO S2: (term 1) follower 收到 [0] AppendEntries [], prevIndex 0, prevTerm 0
005023 LEAD S0: 1 append success next 1 match 0
005023 LEAD S0: 2 append success next 1 match 0
005524 LEAD S0: prevLog &raft.Entry{Command:interface {}(nil), Term:0, Index:0}
005524 LEAD S0: prevLog &raft.Entry{Command:interface {}(nil), Term:0, Index:0}
005525 INFO S1: (term 1) follower 收到 [0] AppendEntries [], prevIndex 0, prevTerm 0
005525 INFO S2: (term 1) follower 收到 [0] AppendEntries [], prevIndex 0, prevTerm 0
005525 LEAD S0: 2 append success next 1 match 0
005525 LEAD S0: 1 append success next 1 match 0
006025 LEAD S0: prevLog &raft.Entry{Command:interface {}(nil), Term:0, Index:0}
006025 LEAD S0: prevLog &raft.Entry{Command:interface {}(nil), Term:0, Index:0}
006026 INFO S2: (term 1) follower 收到 [0] AppendEntries [], prevIndex 0, prevTerm 0
006026 LEAD S0: 2 append success next 1 match 0
006027 INFO S1: (term 1) follower 收到 [0] AppendEntries [], prevIndex 0, prevTerm 0
006027 LEAD S0: 1 append success next 1 match 0
006527 LEAD S0: prevLog &raft.Entry{Command:interface {}(nil), Term:0, Index:0}
006527 LEAD S0: prevLog &raft.Entry{Command:interface {}(nil), Term:0, Index:0}
006527 INFO S2: (term 1) follower 收到 [0] AppendEntries [], prevIndex 0, prevTerm 0
006528 LEAD S0: 2 append success next 1 match 0
006528 INFO S1: (term 1) follower 收到 [0] AppendEntries [], prevIndex 0, prevTerm 0
006528 LEAD S0: 1 append success next 1 match 0
007028 LEAD S0: prevLog &raft.Entry{Command:interface {}(nil), Term:0, Index:0}
007029 LEAD S0: prevLog &raft.Entry{Command:interface {}(nil), Term:0, Index:0}
007029 INFO S2: (term 1) follower 收到 [0] AppendEntries [], prevIndex 0, prevTerm 0
007029 INFO S1: (term 1) follower 收到 [0] AppendEntries [], prevIndex 0, prevTerm 0
007030 LEAD S0: 2 append success next 1 match 0
007030 LEAD S0: 1 append success next 1 match 0
007530 LEAD S0: prevLog &raft.Entry{Command:interface {}(nil), Term:0, Index:0}
007530 LEAD S0: prevLog &raft.Entry{Command:interface {}(nil), Term:0, Index:0}
007531 INFO S2: (term 1) follower 收到 [0] AppendEntries [], prevIndex 0, prevTerm 0
007531 INFO S1: (term 1) follower 收到 [0] AppendEntries [], prevIndex 0, prevTerm 0
007531 LEAD S0: 2 append success next 1 match 0
007531 LEAD S0: 1 append success next 1 match 0
008032 LEAD S0: prevLog &raft.Entry{Command:interface {}(nil), Term:0, Index:0}
008032 LEAD S0: prevLog &raft.Entry{Command:interface {}(nil), Term:0, Index:0}
008032 INFO S1: (term 1) follower 收到 [0] AppendEntries [], prevIndex 0, prevTerm 0
008033 INFO S2: (term 1) follower 收到 [0] AppendEntries [], prevIndex 0, prevTerm 0
008033 LEAD S0: 1 append success next 1 match 0
008033 LEAD S0: 2 append success next 1 match 0
008533 LEAD S0: prevLog &raft.Entry{Command:interface {}(nil), Term:0, Index:0}
008533 LEAD S0: prevLog &raft.Entry{Command:interface {}(nil), Term:0, Index:0}
008534 INFO S2: (term 1) follower 收到 [0] AppendEntries [], prevIndex 0, prevTerm 0
008534 LEAD S0: 2 append success next 1 match 0
008535 INFO S1: (term 1) follower 收到 [0] AppendEntries [], prevIndex 0, prevTerm 0
008535 LEAD S0: 1 append success next 1 match 0
009035 LEAD S0: prevLog &raft.Entry{Command:interface {}(nil), Term:0, Index:0}
009036 LEAD S0: prevLog &raft.Entry{Command:interface {}(nil), Term:0, Index:0}
009036 INFO S2: (term 1) follower 收到 [0] AppendEntries [], prevIndex 0, prevTerm 0
009036 INFO S1: (term 1) follower 收到 [0] AppendEntries [], prevIndex 0, prevTerm 0
009037 LEAD S0: 2 append success next 1 match 0
009037 LEAD S0: 1 append success next 1 match 0
009537 LEAD S0: prevLog &raft.Entry{Command:interface {}(nil), Term:0, Index:0}
009537 LEAD S0: prevLog &raft.Entry{Command:interface {}(nil), Term:0, Index:0}
009538 INFO S2: (term 1) follower 收到 [0] AppendEntries [], prevIndex 0, prevTerm 0
009538 LEAD S0: 2 append success next 1 match 0
009538 INFO S1: (term 1) follower 收到 [0] AppendEntries [], prevIndex 0, prevTerm 0
009539 LEAD S0: 1 append success next 1 match 0
010040 LEAD S0: prevLog &raft.Entry{Command:interface {}(nil), Term:0, Index:0}
010040 LEAD S0: prevLog &raft.Entry{Command:interface {}(nil), Term:0, Index:0}
010042 INFO S2: (term 1) follower 收到 [0] AppendEntries [], prevIndex 0, prevTerm 0
010043 LEAD S0: 2 append success next 1 match 0
010044 INFO S1: (term 1) follower 收到 [0] AppendEntries [], prevIndex 0, prevTerm 0
010045 LEAD S0: 1 append success next 1 match 0
010544 LEAD S0: prevLog &raft.Entry{Command:interface {}(nil), Term:0, Index:0}
010544 LEAD S0: prevLog &raft.Entry{Command:interface {}(nil), Term:0, Index:0}
010545 INFO S1: (term 1) follower 收到 [0] AppendEntries [], prevIndex 0, prevTerm 0
010545 INFO S2: (term 1) follower 收到 [0] AppendEntries [], prevIndex 0, prevTerm 0
010545 LEAD S0: 1 append success next 1 match 0
010545 LEAD S0: 2 append success next 1 match 0
011046 LEAD S0: prevLog &raft.Entry{Command:interface {}(nil), Term:0, Index:0}
011046 LEAD S0: prevLog &raft.Entry{Command:interface {}(nil), Term:0, Index:0}
011047 INFO S1: (term 1) follower 收到 [0] AppendEntries [], prevIndex 0, prevTerm 0
011047 INFO S2: (term 1) follower 收到 [0] AppendEntries [], prevIndex 0, prevTerm 0
011047 LEAD S0: 1 append success next 1 match 0
011047 LEAD S0: 2 append success next 1 match 0
011547 LEAD S0: prevLog &raft.Entry{Command:interface {}(nil), Term:0, Index:0}
011547 LEAD S0: prevLog &raft.Entry{Command:interface {}(nil), Term:0, Index:0}
011548 INFO S1: (term 1) follower 收到 [0] AppendEntries [], prevIndex 0, prevTerm 0
011548 INFO S2: (term 1) follower 收到 [0] AppendEntries [], prevIndex 0, prevTerm 0
011548 LEAD S0: 1 append success next 1 match 0
011549 LEAD S0: 2 append success next 1 match 0
012049 LEAD S0: prevLog &raft.Entry{Command:interface {}(nil), Term:0, Index:0}
012050 LEAD S0: prevLog &raft.Entry{Command:interface {}(nil), Term:0, Index:0}
012051 INFO S2: (term 1) follower 收到 [0] AppendEntries [], prevIndex 0, prevTerm 0
012051 LEAD S0: 2 append success next 1 match 0
012051 INFO S1: (term 1) follower 收到 [0] AppendEntries [], prevIndex 0, prevTerm 0
012051 LEAD S0: 1 append success next 1 match 0
012551 LEAD S0: prevLog &raft.Entry{Command:interface {}(nil), Term:0, Index:0}
012552 LEAD S0: prevLog &raft.Entry{Command:interface {}(nil), Term:0, Index:0}
012553 INFO S2: (term 1) follower 收到 [0] AppendEntries [], prevIndex 0, prevTerm 0
012554 INFO S1: (term 1) follower 收到 [0] AppendEntries [], prevIndex 0, prevTerm 0
012554 LEAD S0: 2 append success next 1 match 0
012554 LEAD S0: 1 append success next 1 match 0
013053 LEAD S0: prevLog &raft.Entry{Command:interface {}(nil), Term:0, Index:0}
013053 LEAD S0: prevLog &raft.Entry{Command:interface {}(nil), Term:0, Index:0}
013054 INFO S2: (term 1) follower 收到 [0] AppendEntries [], prevIndex 0, prevTerm 0
013054 INFO S1: (term 1) follower 收到 [0] AppendEntries [], prevIndex 0, prevTerm 0
013054 LEAD S0: 2 append success next 1 match 0
013055 LEAD S0: 1 append success next 1 match 0
013555 LEAD S0: prevLog &raft.Entry{Command:interface {}(nil), Term:0, Index:0}
013555 LEAD S0: prevLog &raft.Entry{Command:interface {}(nil), Term:0, Index:0}
013556 INFO S2: (term 1) follower 收到 [0] AppendEntries [], prevIndex 0, prevTerm 0
013556 INFO S1: (term 1) follower 收到 [0] AppendEntries [], prevIndex 0, prevTerm 0
013556 LEAD S0: 2 append success next 1 match 0
013556 LEAD S0: 1 append success next 1 match 0
014057 LEAD S0: prevLog &raft.Entry{Command:interface {}(nil), Term:0, Index:0}
014057 LEAD S0: prevLog &raft.Entry{Command:interface {}(nil), Term:0, Index:0}
014057 INFO S1: (term 1) follower 收到 [0] AppendEntries [], prevIndex 0, prevTerm 0
014057 INFO S2: (term 1) follower 收到 [0] AppendEntries [], prevIndex 0, prevTerm 0
014058 LEAD S0: 1 append success next 1 match 0
014058 LEAD S0: 2 append success next 1 match 0
014558 LEAD S0: prevLog &raft.Entry{Command:interface {}(nil), Term:0, Index:0}
014558 LEAD S0: prevLog &raft.Entry{Command:interface {}(nil), Term:0, Index:0}
014559 INFO S1: (term 1) follower 收到 [0] AppendEntries [], prevIndex 0, prevTerm 0
014559 INFO S2: (term 1) follower 收到 [0] AppendEntries [], prevIndex 0, prevTerm 0
014559 LEAD S0: 1 append success next 1 match 0
014559 LEAD S0: 2 append success next 1 match 0
015061 LEAD S0: prevLog &raft.Entry{Command:interface {}(nil), Term:0, Index:0}
015061 LEAD S0: prevLog &raft.Entry{Command:interface {}(nil), Term:0, Index:0}
015062 INFO S1: (term 1) follower 收到 [0] AppendEntries [], prevIndex 0, prevTerm 0
015063 INFO S2: (term 1) follower 收到 [0] AppendEntries [], prevIndex 0, prevTerm 0
015063 LEAD S0: 1 append success next 1 match 0
015063 LEAD S0: 2 append success next 1 match 0
015563 LEAD S0: prevLog &raft.Entry{Command:interface {}(nil), Term:0, Index:0}
015563 LEAD S0: prevLog &raft.Entry{Command:interface {}(nil), Term:0, Index:0}
015564 INFO S2: (term 1) follower 收到 [0] AppendEntries [], prevIndex 0, prevTerm 0
015564 LEAD S0: 2 append success next 1 match 0
015565 INFO S1: (term 1) follower 收到 [0] AppendEntries [], prevIndex 0, prevTerm 0
015565 LEAD S0: 1 append success next 1 match 0
016065 LEAD S0: prevLog &raft.Entry{Command:interface {}(nil), Term:0, Index:0}
016066 LEAD S0: prevLog &raft.Entry{Command:interface {}(nil), Term:0, Index:0}
016066 INFO S2: (term 1) follower 收到 [0] AppendEntries [], prevIndex 0, prevTerm 0
016066 INFO S1: (term 1) follower 收到 [0] AppendEntries [], prevIndex 0, prevTerm 0
016067 LEAD S0: 2 append success next 1 match 0
016067 LEAD S0: 1 append success next 1 match 0
016568 LEAD S0: prevLog &raft.Entry{Command:interface {}(nil), Term:0, Index:0}
016568 LEAD S0: prevLog &raft.Entry{Command:interface {}(nil), Term:0, Index:0}
016568 INFO S1: (term 1) follower 收到 [0] AppendEntries [], prevIndex 0, prevTerm 0
016569 INFO S2: (term 1) follower 收到 [0] AppendEntries [], prevIndex 0, prevTerm 0
016569 LEAD S0: 1 append success next 1 match 0
016569 LEAD S0: 2 append success next 1 match 0
017072 LEAD S0: prevLog &raft.Entry{Command:interface {}(nil), Term:0, Index:0}
017073 LEAD S0: prevLog &raft.Entry{Command:interface {}(nil), Term:0, Index:0}
017073 INFO S2: (term 1) follower 收到 [0] AppendEntries [], prevIndex 0, prevTerm 0
017074 LEAD S0: 2 append success next 1 match 0
017074 INFO S1: (term 1) follower 收到 [0] AppendEntries [], prevIndex 0, prevTerm 0
017074 LEAD S0: 1 append success next 1 match 0
017575 LEAD S0: prevLog &raft.Entry{Command:interface {}(nil), Term:0, Index:0}
017576 LEAD S0: prevLog &raft.Entry{Command:interface {}(nil), Term:0, Index:0}
017577 INFO S1: (term 1) follower 收到 [0] AppendEntries [], prevIndex 0, prevTerm 0
017577 INFO S2: (term 1) follower 收到 [0] AppendEntries [], prevIndex 0, prevTerm 0
017577 LEAD S0: 1 append success next 1 match 0
017577 LEAD S0: 2 append success next 1 match 0
018077 LEAD S0: prevLog &raft.Entry{Command:interface {}(nil), Term:0, Index:0}
018078 LEAD S0: prevLog &raft.Entry{Command:interface {}(nil), Term:0, Index:0}
018078 INFO S2: (term 1) follower 收到 [0] AppendEntries [], prevIndex 0, prevTerm 0
018079 LEAD S0: 2 append success next 1 match 0
018078 INFO S1: (term 1) follower 收到 [0] AppendEntries [], prevIndex 0, prevTerm 0
018079 LEAD S0: 1 append success next 1 match 0
018580 LEAD S0: prevLog &raft.Entry{Command:interface {}(nil), Term:0, Index:0}
018580 LEAD S0: prevLog &raft.Entry{Command:interface {}(nil), Term:0, Index:0}
018581 INFO S2: (term 1) follower 收到 [0] AppendEntries [], prevIndex 0, prevTerm 0
018581 LEAD S0: 2 append success next 1 match 0
018581 INFO S1: (term 1) follower 收到 [0] AppendEntries [], prevIndex 0, prevTerm 0
018582 LEAD S0: 1 append success next 1 match 0
019081 LEAD S0: prevLog &raft.Entry{Command:interface {}(nil), Term:0, Index:0}
019081 LEAD S0: prevLog &raft.Entry{Command:interface {}(nil), Term:0, Index:0}
019082 INFO S2: (term 1) follower 收到 [0] AppendEntries [], prevIndex 0, prevTerm 0
019082 INFO S1: (term 1) follower 收到 [0] AppendEntries [], prevIndex 0, prevTerm 0
019082 LEAD S0: 2 append success next 1 match 0
019082 LEAD S0: 1 append success next 1 match 0
019583 LEAD S0: prevLog &raft.Entry{Command:interface {}(nil), Term:0, Index:0}
019584 LEAD S0: prevLog &raft.Entry{Command:interface {}(nil), Term:0, Index:0}
019584 INFO S2: (term 1) follower 收到 [0] AppendEntries [], prevIndex 0, prevTerm 0
019584 INFO S1: (term 1) follower 收到 [0] AppendEntries [], prevIndex 0, prevTerm 0
019585 LEAD S0: 2 append success next 1 match 0
019585 LEAD S0: 1 append success next 1 match 0
020085 LEAD S0: prevLog &raft.Entry{Command:interface {}(nil), Term:0, Index:0}
020085 LEAD S0: prevLog &raft.Entry{Command:interface {}(nil), Term:0, Index:0}
020086 INFO S2: (term 1) follower 收到 [0] AppendEntries [], prevIndex 0, prevTerm 0
020086 INFO S1: (term 1) follower 收到 [0] AppendEntries [], prevIndex 0, prevTerm 0
020086 LEAD S0: 2 append success next 1 match 0
020086 LEAD S0: 1 append success next 1 match 0
020587 LEAD S0: prevLog &raft.Entry{Command:interface {}(nil), Term:0, Index:0}
020588 LEAD S0: prevLog &raft.Entry{Command:interface {}(nil), Term:0, Index:0}
020589 INFO S1: (term 1) follower 收到 [0] AppendEntries [], prevIndex 0, prevTerm 0
020589 INFO S2: (term 1) follower 收到 [0] AppendEntries [], prevIndex 0, prevTerm 0
020589 LEAD S0: 1 append success next 1 match 0
020589 LEAD S0: 2 append success next 1 match 0
021089 LEAD S0: prevLog &raft.Entry{Command:interface {}(nil), Term:0, Index:0}
021090 LEAD S0: prevLog &raft.Entry{Command:interface {}(nil), Term:0, Index:0}
021090 INFO S2: (term 1) follower 收到 [0] AppendEntries [], prevIndex 0, prevTerm 0
021091 INFO S1: (term 1) follower 收到 [0] AppendEntries [], prevIndex 0, prevTerm 0
021091 LEAD S0: 2 append success next 1 match 0
021091 LEAD S0: 1 append success next 1 match 0
021592 LEAD S0: prevLog &raft.Entry{Command:interface {}(nil), Term:0, Index:0}
021592 LEAD S0: prevLog &raft.Entry{Command:interface {}(nil), Term:0, Index:0}
021593 INFO S2: (term 1) follower 收到 [0] AppendEntries [], prevIndex 0, prevTerm 0
021593 INFO S1: (term 1) follower 收到 [0] AppendEntries [], prevIndex 0, prevTerm 0
021594 LEAD S0: 2 append success next 1 match 0
021594 LEAD S0: 1 append success next 1 match 0
022095 LEAD S0: prevLog &raft.Entry{Command:interface {}(nil), Term:0, Index:0}
022095 LEAD S0: prevLog &raft.Entry{Command:interface {}(nil), Term:0, Index:0}
022097 INFO S1: (term 1) follower 收到 [0] AppendEntries [], prevIndex 0, prevTerm 0
022098 INFO S2: (term 1) follower 收到 [0] AppendEntries [], prevIndex 0, prevTerm 0
022099 LEAD S0: 1 append success next 1 match 0
022100 LEAD S0: 2 append success next 1 match 0
022600 LEAD S0: prevLog &raft.Entry{Command:interface {}(nil), Term:0, Index:0}
022601 LEAD S0: prevLog &raft.Entry{Command:interface {}(nil), Term:0, Index:0}
022603 INFO S2: (term 1) follower 收到 [0] AppendEntries [], prevIndex 0, prevTerm 0
022603 INFO S1: (term 1) follower 收到 [0] AppendEntries [], prevIndex 0, prevTerm 0
022605 LEAD S0: 2 append success next 1 match 0
022605 LEAD S0: 1 append success next 1 match 0
023103 LEAD S0: prevLog &raft.Entry{Command:interface {}(nil), Term:0, Index:0}
023103 LEAD S0: prevLog &raft.Entry{Command:interface {}(nil), Term:0, Index:0}
023104 INFO S2: (term 1) follower 收到 [0] AppendEntries [], prevIndex 0, prevTerm 0
023104 LEAD S0: 2 append success next 1 match 0
023104 INFO S1: (term 1) follower 收到 [0] AppendEntries [], prevIndex 0, prevTerm 0
023105 LEAD S0: 1 append success next 1 match 0
023605 LEAD S0: prevLog &raft.Entry{Command:interface {}(nil), Term:0, Index:0}
023605 LEAD S0: prevLog &raft.Entry{Command:interface {}(nil), Term:0, Index:0}
023606 INFO S2: (term 1) follower 收到 [0] AppendEntries [], prevIndex 0, prevTerm 0
023606 LEAD S0: 2 append success next 1 match 0
023606 INFO S1: (term 1) follower 收到 [0] AppendEntries [], prevIndex 0, prevTerm 0
023607 LEAD S0: 1 append success next 1 match 0
024108 LEAD S0: prevLog &raft.Entry{Command:interface {}(nil), Term:0, Index:0}
024108 LEAD S0: prevLog &raft.Entry{Command:interface {}(nil), Term:0, Index:0}
024108 INFO S1: (term 1) follower 收到 [0] AppendEntries [], prevIndex 0, prevTerm 0
024108 INFO S2: (term 1) follower 收到 [0] AppendEntries [], prevIndex 0, prevTerm 0
024109 LEAD S0: 1 append success next 1 match 0
024109 LEAD S0: 2 append success next 1 match 0
024609 LEAD S0: prevLog &raft.Entry{Command:interface {}(nil), Term:0, Index:0}
024609 LEAD S0: prevLog &raft.Entry{Command:interface {}(nil), Term:0, Index:0}
024611 INFO S2: (term 1) follower 收到 [0] AppendEntries [], prevIndex 0, prevTerm 0
024612 INFO S1: (term 1) follower 收到 [0] AppendEntries [], prevIndex 0, prevTerm 0
024613 LEAD S0: 2 append success next 1 match 0
024613 LEAD S0: 1 append success next 1 match 0
025111 LEAD S0: prevLog &raft.Entry{Command:interface {}(nil), Term:0, Index:0}
025111 LEAD S0: prevLog &raft.Entry{Command:interface {}(nil), Term:0, Index:0}
025112 INFO S2: (term 1) follower 收到 [0] AppendEntries [], prevIndex 0, prevTerm 0
025112 LEAD S0: 2 append success next 1 match 0
025113 INFO S1: (term 1) follower 收到 [0] AppendEntries [], prevIndex 0, prevTerm 0
025113 LEAD S0: 1 append success next 1 match 0
025613 LEAD S0: prevLog &raft.Entry{Command:interface {}(nil), Term:0, Index:0}
025613 LEAD S0: prevLog &raft.Entry{Command:interface {}(nil), Term:0, Index:0}
025614 INFO S1: (term 1) follower 收到 [0] AppendEntries [], prevIndex 0, prevTerm 0
025614 INFO S2: (term 1) follower 收到 [0] AppendEntries [], prevIndex 0, prevTerm 0
025614 LEAD S0: 1 append success next 1 match 0
025614 LEAD S0: 2 append success next 1 match 0
026115 LEAD S0: prevLog &raft.Entry{Command:interface {}(nil), Term:0, Index:0}
026115 LEAD S0: prevLog &raft.Entry{Command:interface {}(nil), Term:0, Index:0}
026115 INFO S2: (term 1) follower 收到 [0] AppendEntries [], prevIndex 0, prevTerm 0
026116 LEAD S0: 2 append success next 1 match 0
026116 INFO S1: (term 1) follower 收到 [0] AppendEntries [], prevIndex 0, prevTerm 0
026116 LEAD S0: 1 append success next 1 match 0
026619 LEAD S0: prevLog &raft.Entry{Command:interface {}(nil), Term:0, Index:0}
026619 LEAD S0: prevLog &raft.Entry{Command:interface {}(nil), Term:0, Index:0}
026621 INFO S2: (term 1) follower 收到 [0] AppendEntries [], prevIndex 0, prevTerm 0
026622 LEAD S0: 2 append success next 1 match 0
026623 INFO S1: (term 1) follower 收到 [0] AppendEntries [], prevIndex 0, prevTerm 0
026624 LEAD S0: 1 append success next 1 match 0
027121 LEAD S0: prevLog &raft.Entry{Command:interface {}(nil), Term:0, Index:0}
027121 LEAD S0: prevLog &raft.Entry{Command:interface {}(nil), Term:0, Index:0}
027122 INFO S2: (term 1) follower 收到 [0] AppendEntries [], prevIndex 0, prevTerm 0
027122 INFO S1: (term 1) follower 收到 [0] AppendEntries [], prevIndex 0, prevTerm 0
027122 LEAD S0: 2 append success next 1 match 0
027122 LEAD S0: 1 append success next 1 match 0
027625 LEAD S0: prevLog &raft.Entry{Command:interface {}(nil), Term:0, Index:0}
027625 LEAD S0: prevLog &raft.Entry{Command:interface {}(nil), Term:0, Index:0}
027627 INFO S2: (term 1) follower 收到 [0] AppendEntries [], prevIndex 0, prevTerm 0
027628 INFO S1: (term 1) follower 收到 [0] AppendEntries [], prevIndex 0, prevTerm 0
027629 LEAD S0: 2 append success next 1 match 0
027629 LEAD S0: 1 append success next 1 match 0
028129 LEAD S0: prevLog &raft.Entry{Command:interface {}(nil), Term:0, Index:0}
028129 LEAD S0: prevLog &raft.Entry{Command:interface {}(nil), Term:0, Index:0}
028132 INFO S1: (term 1) follower 收到 [0] AppendEntries [], prevIndex 0, prevTerm 0
028133 INFO S2: (term 1) follower 收到 [0] AppendEntries [], prevIndex 0, prevTerm 0
028133 LEAD S0: 1 append success next 1 match 0
028134 LEAD S0: 2 append success next 1 match 0
028633 LEAD S0: prevLog &raft.Entry{Command:interface {}(nil), Term:0, Index:0}
028633 LEAD S0: prevLog &raft.Entry{Command:interface {}(nil), Term:0, Index:0}
028633 INFO S2: (term 1) follower 收到 [0] AppendEntries [], prevIndex 0, prevTerm 0
028634 INFO S1: (term 1) follower 收到 [0] AppendEntries [], prevIndex 0, prevTerm 0
028634 LEAD S0: 2 append success next 1 match 0
028634 LEAD S0: 1 append success next 1 match 0
029136 LEAD S0: prevLog &raft.Entry{Command:interface {}(nil), Term:0, Index:0}
029136 LEAD S0: prevLog &raft.Entry{Command:interface {}(nil), Term:0, Index:0}
029137 INFO S2: (term 1) follower 收到 [0] AppendEntries [], prevIndex 0, prevTerm 0
029138 LEAD S0: 2 append success next 1 match 0
029139 INFO S1: (term 1) follower 收到 [0] AppendEntries [], prevIndex 0, prevTerm 0
029140 LEAD S0: 1 append success next 1 match 0
029639 LEAD S0: prevLog &raft.Entry{Command:interface {}(nil), Term:0, Index:0}
029640 LEAD S0: prevLog &raft.Entry{Command:interface {}(nil), Term:0, Index:0}
029641 INFO S2: (term 1) follower 收到 [0] AppendEntries [], prevIndex 0, prevTerm 0
029641 INFO S1: (term 1) follower 收到 [0] AppendEntries [], prevIndex 0, prevTerm 0
029641 LEAD S0: 2 append success next 1 match 0
029642 LEAD S0: 1 append success next 1 match 0
030141 LEAD S0: prevLog &raft.Entry{Command:interface {}(nil), Term:0, Index:0}
030142 LEAD S0: prevLog &raft.Entry{Command:interface {}(nil), Term:0, Index:0}
030143 INFO S2: (term 1) follower 收到 [0] AppendEntries [], prevIndex 0, prevTerm 0
030143 INFO S1: (term 1) follower 收到 [0] AppendEntries [], prevIndex 0, prevTerm 0
030143 LEAD S0: 2 append success next 1 match 0
030143 LEAD S0: 1 append success next 1 match 0
030643 LEAD S0: prevLog &raft.Entry{Command:interface {}(nil), Term:0, Index:0}
030643 LEAD S0: prevLog &raft.Entry{Command:interface {}(nil), Term:0, Index:0}
030644 INFO S1: (term 1) follower 收到 [0] AppendEntries [], prevIndex 0, prevTerm 0
030644 INFO S2: (term 1) follower 收到 [0] AppendEntries [], prevIndex 0, prevTerm 0
030644 LEAD S0: 1 append success next 1 match 0
030644 LEAD S0: 2 append success next 1 match 0
031145 LEAD S0: prevLog &raft.Entry{Command:interface {}(nil), Term:0, Index:0}
031145 LEAD S0: prevLog &raft.Entry{Command:interface {}(nil), Term:0, Index:0}
031146 INFO S2: (term 1) follower 收到 [0] AppendEntries [], prevIndex 0, prevTerm 0
031146 LEAD S0: 2 append success next 1 match 0
031146 INFO S1: (term 1) follower 收到 [0] AppendEntries [], prevIndex 0, prevTerm 0
031147 LEAD S0: 1 append success next 1 match 0
031647 LEAD S0: prevLog &raft.Entry{Command:interface {}(nil), Term:0, Index:0}
031648 LEAD S0: prevLog &raft.Entry{Command:interface {}(nil), Term:0, Index:0}
031648 INFO S2: (term 1) follower 收到 [0] AppendEntries [], prevIndex 0, prevTerm 0
031648 INFO S1: (term 1) follower 收到 [0] AppendEntries [], prevIndex 0, prevTerm 0
031649 LEAD S0: 1 append success next 1 match 0
031649 LEAD S0: 2 append success next 1 match 0
032151 LEAD S0: prevLog &raft.Entry{Command:interface {}(nil), Term:0, Index:0}
032151 LEAD S0: prevLog &raft.Entry{Command:interface {}(nil), Term:0, Index:0}
032152 INFO S2: (term 1) follower 收到 [0] AppendEntries [], prevIndex 0, prevTerm 0
032152 LEAD S0: 2 append success next 1 match 0
032152 INFO S1: (term 1) follower 收到 [0] AppendEntries [], prevIndex 0, prevTerm 0
032153 LEAD S0: 1 append success next 1 match 0
032652 LEAD S0: prevLog &raft.Entry{Command:interface {}(nil), Term:0, Index:0}
032652 LEAD S0: prevLog &raft.Entry{Command:interface {}(nil), Term:0, Index:0}
032653 INFO S2: (term 1) follower 收到 [0] AppendEntries [], prevIndex 0, prevTerm 0
032653 INFO S1: (term 1) follower 收到 [0] AppendEntries [], prevIndex 0, prevTerm 0
032653 LEAD S0: 1 append success next 1 match 0
032654 LEAD S0: 2 append success next 1 match 0
033155 LEAD S0: prevLog &raft.Entry{Command:interface {}(nil), Term:0, Index:0}
033155 LEAD S0: prevLog &raft.Entry{Command:interface {}(nil), Term:0, Index:0}
033155 INFO S2: (term 1) follower 收到 [0] AppendEntries [], prevIndex 0, prevTerm 0
033155 INFO S1: (term 1) follower 收到 [0] AppendEntries [], prevIndex 0, prevTerm 0
033156 LEAD S0: 1 append success next 1 match 0
033156 LEAD S0: 2 append success next 1 match 0
033657 LEAD S0: prevLog &raft.Entry{Command:interface {}(nil), Term:0, Index:0}
033657 LEAD S0: prevLog &raft.Entry{Command:interface {}(nil), Term:0, Index:0}
033658 INFO S2: (term 1) follower 收到 [0] AppendEntries [], prevIndex 0, prevTerm 0
033658 LEAD S0: 2 append success next 1 match 0
033658 INFO S1: (term 1) follower 收到 [0] AppendEntries [], prevIndex 0, prevTerm 0
033659 LEAD S0: 1 append success next 1 match 0
034158 LEAD S0: prevLog &raft.Entry{Command:interface {}(nil), Term:0, Index:0}
034159 LEAD S0: prevLog &raft.Entry{Command:interface {}(nil), Term:0, Index:0}
034159 INFO S2: (term 1) follower 收到 [0] AppendEntries [], prevIndex 0, prevTerm 0
034159 INFO S1: (term 1) follower 收到 [0] AppendEntries [], prevIndex 0, prevTerm 0
034160 LEAD S0: 1 append success next 1 match 0
034160 LEAD S0: 2 append success next 1 match 0
034661 LEAD S0: prevLog &raft.Entry{Command:interface {}(nil), Term:0, Index:0}
034661 LEAD S0: prevLog &raft.Entry{Command:interface {}(nil), Term:0, Index:0}
034661 INFO S1: (term 1) follower 收到 [0] AppendEntries [], prevIndex 0, prevTerm 0
034662 LEAD S0: 1 append success next 1 match 0
034665 INFO S2: (term 1) follower 收到 [0] AppendEntries [], prevIndex 0, prevTerm 0
034665 LEAD S0: 2 append success next 1 match 0
035163 LEAD S0: prevLog &raft.Entry{Command:interface {}(nil), Term:0, Index:0}
035163 LEAD S0: prevLog &raft.Entry{Command:interface {}(nil), Term:0, Index:0}
035164 INFO S2: (term 1) follower 收到 [0] AppendEntries [], prevIndex 0, prevTerm 0
035164 LEAD S0: 2 append success next 1 match 0
035165 INFO S1: (term 1) follower 收到 [0] AppendEntries [], prevIndex 0, prevTerm 0
035165 LEAD S0: 1 append success next 1 match 0
035664 LEAD S0: prevLog &raft.Entry{Command:interface {}(nil), Term:0, Index:0}
035664 LEAD S0: prevLog &raft.Entry{Command:interface {}(nil), Term:0, Index:0}
035665 INFO S1: (term 1) follower 收到 [0] AppendEntries [], prevIndex 0, prevTerm 0
035665 INFO S2: (term 1) follower 收到 [0] AppendEntries [], prevIndex 0, prevTerm 0
035665 LEAD S0: 1 append success next 1 match 0
035665 LEAD S0: 2 append success next 1 match 0
036166 LEAD S0: prevLog &raft.Entry{Command:interface {}(nil), Term:0, Index:0}
036166 LEAD S0: prevLog &raft.Entry{Command:interface {}(nil), Term:0, Index:0}
036167 INFO S2: (term 1) follower 收到 [0] AppendEntries [], prevIndex 0, prevTerm 0
036167 INFO S1: (term 1) follower 收到 [0] AppendEntries [], prevIndex 0, prevTerm 0
036167 LEAD S0: 1 append success next 1 match 0
036167 LEAD S0: 2 append success next 1 match 0
036668 LEAD S0: prevLog &raft.Entry{Command:interface {}(nil), Term:0, Index:0}
036668 LEAD S0: prevLog &raft.Entry{Command:interface {}(nil), Term:0, Index:0}
036669 INFO S1: (term 1) follower 收到 [0] AppendEntries [], prevIndex 0, prevTerm 0
036669 INFO S2: (term 1) follower 收到 [0] AppendEntries [], prevIndex 0, prevTerm 0
036669 LEAD S0: 2 append success next 1 match 0
036669 LEAD S0: 1 append success next 1 match 0
037169 LEAD S0: prevLog &raft.Entry{Command:interface {}(nil), Term:0, Index:0}
037169 LEAD S0: prevLog &raft.Entry{Command:interface {}(nil), Term:0, Index:0}
037170 INFO S2: (term 1) follower 收到 [0] AppendEntries [], prevIndex 0, prevTerm 0
037170 INFO S1: (term 1) follower 收到 [0] AppendEntries [], prevIndex 0, prevTerm 0
037171 LEAD S0: 2 append success next 1 match 0
037171 LEAD S0: 1 append success next 1 match 0
037671 LEAD S0: prevLog &raft.Entry{Command:interface {}(nil), Term:0, Index:0}
037671 LEAD S0: prevLog &raft.Entry{Command:interface {}(nil), Term:0, Index:0}
037672 INFO S1: (term 1) follower 收到 [0] AppendEntries [], prevIndex 0, prevTerm 0
037672 INFO S2: (term 1) follower 收到 [0] AppendEntries [], prevIndex 0, prevTerm 0
037672 LEAD S0: 1 append success next 1 match 0
037673 LEAD S0: 2 append success next 1 match 0
038173 LEAD S0: prevLog &raft.Entry{Command:interface {}(nil), Term:0, Index:0}
038173 LEAD S0: prevLog &raft.Entry{Command:interface {}(nil), Term:0, Index:0}
038174 INFO S2: (term 1) follower 收到 [0] AppendEntries [], prevIndex 0, prevTerm 0
038174 LEAD S0: 2 append success next 1 match 0
038174 INFO S1: (term 1) follower 收到 [0] AppendEntries [], prevIndex 0, prevTerm 0
038174 LEAD S0: 1 append success next 1 match 0
038674 LEAD S0: prevLog &raft.Entry{Command:interface {}(nil), Term:0, Index:0}
038675 LEAD S0: prevLog &raft.Entry{Command:interface {}(nil), Term:0, Index:0}
038675 INFO S2: (term 1) follower 收到 [0] AppendEntries [], prevIndex 0, prevTerm 0
038676 LEAD S0: 2 append success next 1 match 0
038676 INFO S1: (term 1) follower 收到 [0] AppendEntries [], prevIndex 0, prevTerm 0
038677 LEAD S0: 1 append success next 1 match 0
039176 LEAD S0: prevLog &raft.Entry{Command:interface {}(nil), Term:0, Index:0}
039176 LEAD S0: prevLog &raft.Entry{Command:interface {}(nil), Term:0, Index:0}
039177 INFO S1: (term 1) follower 收到 [0] AppendEntries [], prevIndex 0, prevTerm 0
039177 INFO S2: (term 1) follower 收到 [0] AppendEntries [], prevIndex 0, prevTerm 0
039178 LEAD S0: 1 append success next 1 match 0
039178 LEAD S0: 2 append success next 1 match 0
039678 LEAD S0: prevLog &raft.Entry{Command:interface {}(nil), Term:0, Index:0}
039678 LEAD S0: prevLog &raft.Entry{Command:interface {}(nil), Term:0, Index:0}
039679 INFO S1: (term 1) follower 收到 [0] AppendEntries [], prevIndex 0, prevTerm 0
039679 INFO S2: (term 1) follower 收到 [0] AppendEntries [], prevIndex 0, prevTerm 0
039679 LEAD S0: 1 append success next 1 match 0
039679 LEAD S0: 2 append success next 1 match 0
040179 LEAD S0: prevLog &raft.Entry{Command:interface {}(nil), Term:0, Index:0}
040179 LEAD S0: prevLog &raft.Entry{Command:interface {}(nil), Term:0, Index:0}
040180 INFO S2: (term 1) follower 收到 [0] AppendEntries [], prevIndex 0, prevTerm 0
040180 INFO S1: (term 1) follower 收到 [0] AppendEntries [], prevIndex 0, prevTerm 0
040180 LEAD S0: 1 append success next 1 match 0
040180 LEAD S0: 2 append success next 1 match 0
040681 LEAD S0: prevLog &raft.Entry{Command:interface {}(nil), Term:0, Index:0}
040682 LEAD S0: prevLog &raft.Entry{Command:interface {}(nil), Term:0, Index:0}
040682 INFO S2: (term 1) follower 收到 [0] AppendEntries [], prevIndex 0, prevTerm 0
040683 LEAD S0: 2 append success next 1 match 0
040683 INFO S1: (term 1) follower 收到 [0] AppendEntries [], prevIndex 0, prevTerm 0
040683 LEAD S0: 1 append success next 1 match 0
041183 LEAD S0: prevLog &raft.Entry{Command:interface {}(nil), Term:0, Index:0}
041183 LEAD S0: prevLog &raft.Entry{Command:interface {}(nil), Term:0, Index:0}
041184 INFO S2: (term 1) follower 收到 [0] AppendEntries [], prevIndex 0, prevTerm 0
041184 LEAD S0: 2 append success next 1 match 0
041184 INFO S1: (term 1) follower 收到 [0] AppendEntries [], prevIndex 0, prevTerm 0
041185 LEAD S0: 1 append success next 1 match 0
041684 LEAD S0: prevLog &raft.Entry{Command:interface {}(nil), Term:0, Index:0}
041684 LEAD S0: prevLog &raft.Entry{Command:interface {}(nil), Term:0, Index:0}
041685 INFO S2: (term 1) follower 收到 [0] AppendEntries [], prevIndex 0, prevTerm 0
041685 INFO S1: (term 1) follower 收到 [0] AppendEntries [], prevIndex 0, prevTerm 0
041685 LEAD S0: 2 append success next 1 match 0
041686 LEAD S0: 1 append success next 1 match 0
042186 LEAD S0: prevLog &raft.Entry{Command:interface {}(nil), Term:0, Index:0}
042186 LEAD S0: prevLog &raft.Entry{Command:interface {}(nil), Term:0, Index:0}
042187 INFO S2: (term 1) follower 收到 [0] AppendEntries [], prevIndex 0, prevTerm 0
042187 LEAD S0: 2 append success next 1 match 0
042188 INFO S1: (term 1) follower 收到 [0] AppendEntries [], prevIndex 0, prevTerm 0
042188 LEAD S0: 1 append success next 1 match 0
042688 LEAD S0: prevLog &raft.Entry{Command:interface {}(nil), Term:0, Index:0}
042689 LEAD S0: prevLog &raft.Entry{Command:interface {}(nil), Term:0, Index:0}
042689 INFO S2: (term 1) follower 收到 [0] AppendEntries [], prevIndex 0, prevTerm 0
042689 INFO S1: (term 1) follower 收到 [0] AppendEntries [], prevIndex 0, prevTerm 0
042689 LEAD S0: 2 append success next 1 match 0
042690 LEAD S0: 1 append success next 1 match 0
043190 LEAD S0: prevLog &raft.Entry{Command:interface {}(nil), Term:0, Index:0}
043190 LEAD S0: prevLog &raft.Entry{Command:interface {}(nil), Term:0, Index:0}
043191 INFO S2: (term 1) follower 收到 [0] AppendEntries [], prevIndex 0, prevTerm 0
043191 LEAD S0: 2 append success next 1 match 0
043192 INFO S1: (term 1) follower 收到 [0] AppendEntries [], prevIndex 0, prevTerm 0
043192 LEAD S0: 1 append success next 1 match 0
043692 LEAD S0: prevLog &raft.Entry{Command:interface {}(nil), Term:0, Index:0}
043692 LEAD S0: prevLog &raft.Entry{Command:interface {}(nil), Term:0, Index:0}
043692 INFO S2: (term 1) follower 收到 [0] AppendEntries [], prevIndex 0, prevTerm 0
043692 INFO S1: (term 1) follower 收到 [0] AppendEntries [], prevIndex 0, prevTerm 0
043693 LEAD S0: 2 append success next 1 match 0
043693 LEAD S0: 1 append success next 1 match 0
044193 LEAD S0: prevLog &raft.Entry{Command:interface {}(nil), Term:0, Index:0}
044193 LEAD S0: prevLog &raft.Entry{Command:interface {}(nil), Term:0, Index:0}
044194 INFO S2: (term 1) follower 收到 [0] AppendEntries [], prevIndex 0, prevTerm 0
044194 INFO S1: (term 1) follower 收到 [0] AppendEntries [], prevIndex 0, prevTerm 0
044194 LEAD S0: 1 append success next 1 match 0
044194 LEAD S0: 2 append success next 1 match 0
044695 LEAD S0: prevLog &raft.Entry{Command:interface {}(nil), Term:0, Index:0}
044695 LEAD S0: prevLog &raft.Entry{Command:interface {}(nil), Term:0, Index:0}
044696 INFO S2: (term 1) follower 收到 [0] AppendEntries [], prevIndex 0, prevTerm 0
044696 LEAD S0: 2 append success next 1 match 0
044697 INFO S1: (term 1) follower 收到 [0] AppendEntries [], prevIndex 0, prevTerm 0
044697 LEAD S0: 1 append success next 1 match 0
045197 LEAD S0: prevLog &raft.Entry{Command:interface {}(nil), Term:0, Index:0}
045197 LEAD S0: prevLog &raft.Entry{Command:interface {}(nil), Term:0, Index:0}
045197 INFO S2: (term 1) follower 收到 [0] AppendEntries [], prevIndex 0, prevTerm 0
045197 INFO S1: (term 1) follower 收到 [0] AppendEntries [], prevIndex 0, prevTerm 0
045198 LEAD S0: 2 append success next 1 match 0
045198 LEAD S0: 1 append success next 1 match 0
045699 LEAD S0: prevLog &raft.Entry{Command:interface {}(nil), Term:0, Index:0}
045699 LEAD S0: prevLog &raft.Entry{Command:interface {}(nil), Term:0, Index:0}
045700 INFO S2: (term 1) follower 收到 [0] AppendEntries [], prevIndex 0, prevTerm 0
045700 INFO S1: (term 1) follower 收到 [0] AppendEntries [], prevIndex 0, prevTerm 0
045700 LEAD S0: 2 append success next 1 match 0
045700 LEAD S0: 1 append success next 1 match 0
046201 LEAD S0: prevLog &raft.Entry{Command:interface {}(nil), Term:0, Index:0}
046201 LEAD S0: prevLog &raft.Entry{Command:interface {}(nil), Term:0, Index:0}
046202 INFO S1: (term 1) follower 收到 [0] AppendEntries [], prevIndex 0, prevTerm 0
046202 INFO S2: (term 1) follower 收到 [0] AppendEntries [], prevIndex 0, prevTerm 0
046202 LEAD S0: 1 append success next 1 match 0
046203 LEAD S0: 2 append success next 1 match 0
046703 LEAD S0: prevLog &raft.Entry{Command:interface {}(nil), Term:0, Index:0}
046703 LEAD S0: prevLog &raft.Entry{Command:interface {}(nil), Term:0, Index:0}
046704 INFO S1: (term 1) follower 收到 [0] AppendEntries [], prevIndex 0, prevTerm 0
046704 INFO S2: (term 1) follower 收到 [0] AppendEntries [], prevIndex 0, prevTerm 0
046704 LEAD S0: 1 append success next 1 match 0
046704 LEAD S0: 2 append success next 1 match 0
047204 LEAD S0: prevLog &raft.Entry{Command:interface {}(nil), Term:0, Index:0}
047205 LEAD S0: prevLog &raft.Entry{Command:interface {}(nil), Term:0, Index:0}
047205 INFO S2: (term 1) follower 收到 [0] AppendEntries [], prevIndex 0, prevTerm 0
047205 INFO S1: (term 1) follower 收到 [0] AppendEntries [], prevIndex 0, prevTerm 0
047206 LEAD S0: 2 append success next 1 match 0
047206 LEAD S0: 1 append success next 1 match 0
047706 LEAD S0: prevLog &raft.Entry{Command:interface {}(nil), Term:0, Index:0}
047706 LEAD S0: prevLog &raft.Entry{Command:interface {}(nil), Term:0, Index:0}
047707 INFO S1: (term 1) follower 收到 [0] AppendEntries [], prevIndex 0, prevTerm 0
047707 INFO S2: (term 1) follower 收到 [0] AppendEntries [], prevIndex 0, prevTerm 0
047707 LEAD S0: 1 append success next 1 match 0
047708 LEAD S0: 2 append success next 1 match 0
048209 LEAD S0: prevLog &raft.Entry{Command:interface {}(nil), Term:0, Index:0}
048209 LEAD S0: prevLog &raft.Entry{Command:interface {}(nil), Term:0, Index:0}
048212 INFO S1: (term 1) follower 收到 [0] AppendEntries [], prevIndex 0, prevTerm 0
048212 INFO S2: (term 1) follower 收到 [0] AppendEntries [], prevIndex 0, prevTerm 0
048214 LEAD S0: 1 append success next 1 match 0
048214 LEAD S0: 2 append success next 1 match 0
048711 LEAD S0: prevLog &raft.Entry{Command:interface {}(nil), Term:0, Index:0}
048711 LEAD S0: prevLog &raft.Entry{Command:interface {}(nil), Term:0, Index:0}
048712 INFO S2: (term 1) follower 收到 [0] AppendEntries [], prevIndex 0, prevTerm 0
048712 LEAD S0: 2 append success next 1 match 0
048712 INFO S1: (term 1) follower 收到 [0] AppendEntries [], prevIndex 0, prevTerm 0
048713 LEAD S0: 1 append success next 1 match 0
049213 LEAD S0: prevLog &raft.Entry{Command:interface {}(nil), Term:0, Index:0}
049213 LEAD S0: prevLog &raft.Entry{Command:interface {}(nil), Term:0, Index:0}
049214 INFO S2: (term 1) follower 收到 [0] AppendEntries [], prevIndex 0, prevTerm 0
049214 INFO S1: (term 1) follower 收到 [0] AppendEntries [], prevIndex 0, prevTerm 0
049214 LEAD S0: 2 append success next 1 match 0
049214 LEAD S0: 1 append success next 1 match 0
049714 LEAD S0: prevLog &raft.Entry{Command:interface {}(nil), Term:0, Index:0}
049714 LEAD S0: prevLog &raft.Entry{Command:interface {}(nil), Term:0, Index:0}
049715 INFO S2: (term 1) follower 收到 [0] AppendEntries [], prevIndex 0, prevTerm 0
049715 LEAD S0: 2 append success next 1 match 0
049715 INFO S1: (term 1) follower 收到 [0] AppendEntries [], prevIndex 0, prevTerm 0
049716 LEAD S0: 1 append success next 1 match 0
050216 LEAD S0: prevLog &raft.Entry{Command:interface {}(nil), Term:0, Index:0}
050216 LEAD S0: prevLog &raft.Entry{Command:interface {}(nil), Term:0, Index:0}
050217 INFO S1: (term 1) follower 收到 [0] AppendEntries [], prevIndex 0, prevTerm 0
050217 LEAD S0: 1 append success next 1 match 0
050217 INFO S2: (term 1) follower 收到 [0] AppendEntries [], prevIndex 0, prevTerm 0
050217 LEAD S0: 2 append success next 1 match 0
050717 LEAD S0: prevLog &raft.Entry{Command:interface {}(nil), Term:0, Index:0}
050717 LEAD S0: prevLog &raft.Entry{Command:interface {}(nil), Term:0, Index:0}
050718 INFO S2: (term 1) follower 收到 [0] AppendEntries [], prevIndex 0, prevTerm 0
050718 INFO S1: (term 1) follower 收到 [0] AppendEntries [], prevIndex 0, prevTerm 0
050719 LEAD S0: 2 append success next 1 match 0
050719 LEAD S0: 1 append success next 1 match 0
051219 LEAD S0: prevLog &raft.Entry{Command:interface {}(nil), Term:0, Index:0}
051220 LEAD S0: prevLog &raft.Entry{Command:interface {}(nil), Term:0, Index:0}
051221 INFO S1: (term 1) follower 收到 [0] AppendEntries [], prevIndex 0, prevTerm 0
051221 INFO S2: (term 1) follower 收到 [0] AppendEntries [], prevIndex 0, prevTerm 0
051221 LEAD S0: 1 append success next 1 match 0
051221 LEAD S0: 2 append success next 1 match 0
051720 LEAD S0: prevLog &raft.Entry{Command:interface {}(nil), Term:0, Index:0}
051721 LEAD S0: prevLog &raft.Entry{Command:interface {}(nil), Term:0, Index:0}
051721 INFO S1: (term 1) follower 收到 [0] AppendEntries [], prevIndex 0, prevTerm 0
051721 INFO S2: (term 1) follower 收到 [0] AppendEntries [], prevIndex 0, prevTerm 0
051722 LEAD S0: 1 append success next 1 match 0
051722 LEAD S0: 2 append success next 1 match 0
052222 LEAD S0: prevLog &raft.Entry{Command:interface {}(nil), Term:0, Index:0}
052222 LEAD S0: prevLog &raft.Entry{Command:interface {}(nil), Term:0, Index:0}
052223 INFO S1: (term 1) follower 收到 [0] AppendEntries [], prevIndex 0, prevTerm 0
052223 INFO S2: (term 1) follower 收到 [0] AppendEntries [], prevIndex 0, prevTerm 0
052223 LEAD S0: 1 append success next 1 match 0
052223 LEAD S0: 2 append success next 1 match 0
052724 LEAD S0: prevLog &raft.Entry{Command:interface {}(nil), Term:0, Index:0}
052724 LEAD S0: prevLog &raft.Entry{Command:interface {}(nil), Term:0, Index:0}
052725 INFO S2: (term 1) follower 收到 [0] AppendEntries [], prevIndex 0, prevTerm 0
052725 INFO S1: (term 1) follower 收到 [0] AppendEntries [], prevIndex 0, prevTerm 0
052725 LEAD S0: 2 append success next 1 match 0
052726 LEAD S0: 1 append success next 1 match 0
053226 LEAD S0: prevLog &raft.Entry{Command:interface {}(nil), Term:0, Index:0}
053226 LEAD S0: prevLog &raft.Entry{Command:interface {}(nil), Term:0, Index:0}
053227 INFO S2: (term 1) follower 收到 [0] AppendEntries [], prevIndex 0, prevTerm 0
053227 INFO S1: (term 1) follower 收到 [0] AppendEntries [], prevIndex 0, prevTerm 0
053227 LEAD S0: 2 append success next 1 match 0
053227 LEAD S0: 1 append success next 1 match 0
053727 LEAD S0: prevLog &raft.Entry{Command:interface {}(nil), Term:0, Index:0}
053727 LEAD S0: prevLog &raft.Entry{Command:interface {}(nil), Term:0, Index:0}
053728 INFO S1: (term 1) follower 收到 [0] AppendEntries [], prevIndex 0, prevTerm 0
053728 LEAD S0: 1 append success next 1 match 0
053728 INFO S2: (term 1) follower 收到 [0] AppendEntries [], prevIndex 0, prevTerm 0
053729 LEAD S0: 2 append success next 1 match 0
054230 LEAD S0: prevLog &raft.Entry{Command:interface {}(nil), Term:0, Index:0}
054230 LEAD S0: prevLog &raft.Entry{Command:interface {}(nil), Term:0, Index:0}
054231 INFO S2: (term 1) follower 收到 [0] AppendEntries [], prevIndex 0, prevTerm 0
054231 LEAD S0: 2 append success next 1 match 0
054231 INFO S1: (term 1) follower 收到 [0] AppendEntries [], prevIndex 0, prevTerm 0
054232 LEAD S0: 1 append success next 1 match 0
054734 LEAD S0: prevLog &raft.Entry{Command:interface {}(nil), Term:0, Index:0}
054734 LEAD S0: prevLog &raft.Entry{Command:interface {}(nil), Term:0, Index:0}
054736 INFO S1: (term 1) follower 收到 [0] AppendEntries [], prevIndex 0, prevTerm 0
054736 INFO S2: (term 1) follower 收到 [0] AppendEntries [], prevIndex 0, prevTerm 0
054737 LEAD S0: 1 append success next 1 match 0
054738 LEAD S0: 2 append success next 1 match 0
055236 LEAD S0: prevLog &raft.Entry{Command:interface {}(nil), Term:0, Index:0}
055236 LEAD S0: prevLog &raft.Entry{Command:interface {}(nil), Term:0, Index:0}
055237 INFO S1: (term 1) follower 收到 [0] AppendEntries [], prevIndex 0, prevTerm 0
055237 INFO S2: (term 1) follower 收到 [0] AppendEntries [], prevIndex 0, prevTerm 0
055237 LEAD S0: 1 append success next 1 match 0
055238 LEAD S0: 2 append success next 1 match 0
055738 LEAD S0: prevLog &raft.Entry{Command:interface {}(nil), Term:0, Index:0}
055738 LEAD S0: prevLog &raft.Entry{Command:interface {}(nil), Term:0, Index:0}
055739 INFO S2: (term 1) follower 收到 [0] AppendEntries [], prevIndex 0, prevTerm 0
055740 LEAD S0: 2 append success next 1 match 0
055740 INFO S1: (term 1) follower 收到 [0] AppendEntries [], prevIndex 0, prevTerm 0
055741 LEAD S0: 1 append success next 1 match 0
056240 LEAD S0: prevLog &raft.Entry{Command:interface {}(nil), Term:0, Index:0}
056240 LEAD S0: prevLog &raft.Entry{Command:interface {}(nil), Term:0, Index:0}
056241 INFO S2: (term 1) follower 收到 [0] AppendEntries [], prevIndex 0, prevTerm 0
056242 LEAD S0: 2 append success next 1 match 0
056242 INFO S1: (term 1) follower 收到 [0] AppendEntries [], prevIndex 0, prevTerm 0
056242 LEAD S0: 1 append success next 1 match 0
056742 LEAD S0: prevLog &raft.Entry{Command:interface {}(nil), Term:0, Index:0}
056742 LEAD S0: prevLog &raft.Entry{Command:interface {}(nil), Term:0, Index:0}
056743 INFO S1: (term 1) follower 收到 [0] AppendEntries [], prevIndex 0, prevTerm 0
056743 INFO S2: (term 1) follower 收到 [0] AppendEntries [], prevIndex 0, prevTerm 0
056744 LEAD S0: 1 append success next 1 match 0
056744 LEAD S0: 2 append success next 1 match 0
057245 LEAD S0: prevLog &raft.Entry{Command:interface {}(nil), Term:0, Index:0}
057245 LEAD S0: prevLog &raft.Entry{Command:interface {}(nil), Term:0, Index:0}
057247 INFO S2: (term 1) follower 收到 [0] AppendEntries [], prevIndex 0, prevTerm 0
057248 LEAD S0: 2 append success next 1 match 0
057248 INFO S1: (term 1) follower 收到 [0] AppendEntries [], prevIndex 0, prevTerm 0
057250 LEAD S0: 1 append success next 1 match 0
057746 LEAD S0: prevLog &raft.Entry{Command:interface {}(nil), Term:0, Index:0}
057747 LEAD S0: prevLog &raft.Entry{Command:interface {}(nil), Term:0, Index:0}
057747 INFO S2: (term 1) follower 收到 [0] AppendEntries [], prevIndex 0, prevTerm 0
057748 LEAD S0: 2 append success next 1 match 0
057748 INFO S1: (term 1) follower 收到 [0] AppendEntries [], prevIndex 0, prevTerm 0
057748 LEAD S0: 1 append success next 1 match 0
058249 LEAD S0: prevLog &raft.Entry{Command:interface {}(nil), Term:0, Index:0}
058249 LEAD S0: prevLog &raft.Entry{Command:interface {}(nil), Term:0, Index:0}
058251 INFO S2: (term 1) follower 收到 [0] AppendEntries [], prevIndex 0, prevTerm 0
058252 LEAD S0: 2 append success next 1 match 0
058252 INFO S1: (term 1) follower 收到 [0] AppendEntries [], prevIndex 0, prevTerm 0
058254 LEAD S0: 1 append success next 1 match 0
058754 LEAD S0: prevLog &raft.Entry{Command:interface {}(nil), Term:0, Index:0}
058754 LEAD S0: prevLog &raft.Entry{Command:interface {}(nil), Term:0, Index:0}
058755 INFO S2: (term 1) follower 收到 [0] AppendEntries [], prevIndex 0, prevTerm 0
058755 INFO S1: (term 1) follower 收到 [0] AppendEntries [], prevIndex 0, prevTerm 0
058756 LEAD S0: 2 append success next 1 match 0
058757 LEAD S0: 1 append success next 1 match 0
059255 LEAD S0: prevLog &raft.Entry{Command:interface {}(nil), Term:0, Index:0}
059255 LEAD S0: prevLog &raft.Entry{Command:interface {}(nil), Term:0, Index:0}
059256 INFO S2: (term 1) follower 收到 [0] AppendEntries [], prevIndex 0, prevTerm 0
059256 INFO S1: (term 1) follower 收到 [0] AppendEntries [], prevIndex 0, prevTerm 0
059256 LEAD S0: 1 append success next 1 match 0
059256 LEAD S0: 2 append success next 1 match 0
059757 LEAD S0: prevLog &raft.Entry{Command:interface {}(nil), Term:0, Index:0}
059757 LEAD S0: prevLog &raft.Entry{Command:interface {}(nil), Term:0, Index:0}
059758 INFO S1: (term 1) follower 收到 [0] AppendEntries [], prevIndex 0, prevTerm 0
059758 INFO S2: (term 1) follower 收到 [0] AppendEntries [], prevIndex 0, prevTerm 0
059758 LEAD S0: 1 append success next 1 match 0
059758 LEAD S0: 2 append success next 1 match 0
060258 LEAD S0: prevLog &raft.Entry{Command:interface {}(nil), Term:0, Index:0}
060259 LEAD S0: prevLog &raft.Entry{Command:interface {}(nil), Term:0, Index:0}
060259 INFO S1: (term 1) follower 收到 [0] AppendEntries [], prevIndex 0, prevTerm 0
060260 INFO S2: (term 1) follower 收到 [0] AppendEntries [], prevIndex 0, prevTerm 0
060260 LEAD S0: 1 append success next 1 match 0
060260 LEAD S0: 2 append success next 1 match 0
060760 LEAD S0: prevLog &raft.Entry{Command:interface {}(nil), Term:0, Index:0}
060760 LEAD S0: prevLog &raft.Entry{Command:interface {}(nil), Term:0, Index:0}
060761 INFO S2: (term 1) follower 收到 [0] AppendEntries [], prevIndex 0, prevTerm 0
060761 INFO S1: (term 1) follower 收到 [0] AppendEntries [], prevIndex 0, prevTerm 0
060761 LEAD S0: 2 append success next 1 match 0
060761 LEAD S0: 1 append success next 1 match 0
061263 LEAD S0: prevLog &raft.Entry{Command:interface {}(nil), Term:0, Index:0}
061263 LEAD S0: prevLog &raft.Entry{Command:interface {}(nil), Term:0, Index:0}
061264 INFO S1: (term 1) follower 收到 [0] AppendEntries [], prevIndex 0, prevTerm 0
061264 INFO S2: (term 1) follower 收到 [0] AppendEntries [], prevIndex 0, prevTerm 0
061264 LEAD S0: 1 append success next 1 match 0
061264 LEAD S0: 2 append success next 1 match 0
061765 LEAD S0: prevLog &raft.Entry{Command:interface {}(nil), Term:0, Index:0}
061765 LEAD S0: prevLog &raft.Entry{Command:interface {}(nil), Term:0, Index:0}
061766 INFO S2: (term 1) follower 收到 [0] AppendEntries [], prevIndex 0, prevTerm 0
061766 INFO S1: (term 1) follower 收到 [0] AppendEntries [], prevIndex 0, prevTerm 0
061767 LEAD S0: 1 append success next 1 match 0
061767 LEAD S0: 2 append success next 1 match 0
062267 LEAD S0: prevLog &raft.Entry{Command:interface {}(nil), Term:0, Index:0}
062267 LEAD S0: prevLog &raft.Entry{Command:interface {}(nil), Term:0, Index:0}
062268 INFO S1: (term 1) follower 收到 [0] AppendEntries [], prevIndex 0, prevTerm 0
062269 LEAD S0: 1 append success next 1 match 0
062269 INFO S2: (term 1) follower 收到 [0] AppendEntries [], prevIndex 0, prevTerm 0
062269 LEAD S0: 2 append success next 1 match 0
062768 LEAD S0: prevLog &raft.Entry{Command:interface {}(nil), Term:0, Index:0}
062769 LEAD S0: prevLog &raft.Entry{Command:interface {}(nil), Term:0, Index:0}
062769 INFO S1: (term 1) follower 收到 [0] AppendEntries [], prevIndex 0, prevTerm 0
062769 INFO S2: (term 1) follower 收到 [0] AppendEntries [], prevIndex 0, prevTerm 0
062770 LEAD S0: 1 append success next 1 match 0
062770 LEAD S0: 2 append success next 1 match 0
063270 LEAD S0: prevLog &raft.Entry{Command:interface {}(nil), Term:0, Index:0}
063271 LEAD S0: prevLog &raft.Entry{Command:interface {}(nil), Term:0, Index:0}
063271 INFO S2: (term 1) follower 收到 [0] AppendEntries [], prevIndex 0, prevTerm 0
063271 INFO S1: (term 1) follower 收到 [0] AppendEntries [], prevIndex 0, prevTerm 0
063272 LEAD S0: 2 append success next 1 match 0
063272 LEAD S0: 1 append success next 1 match 0
063773 LEAD S0: prevLog &raft.Entry{Command:interface {}(nil), Term:0, Index:0}
063773 LEAD S0: prevLog &raft.Entry{Command:interface {}(nil), Term:0, Index:0}
063774 INFO S2: (term 1) follower 收到 [0] AppendEntries [], prevIndex 0, prevTerm 0
063774 INFO S1: (term 1) follower 收到 [0] AppendEntries [], prevIndex 0, prevTerm 0
063774 LEAD S0: 1 append success next 1 match 0
063774 LEAD S0: 2 append success next 1 match 0
064274 LEAD S0: prevLog &raft.Entry{Command:interface {}(nil), Term:0, Index:0}
064274 LEAD S0: prevLog &raft.Entry{Command:interface {}(nil), Term:0, Index:0}
064275 INFO S2: (term 1) follower 收到 [0] AppendEntries [], prevIndex 0, prevTerm 0
064275 LEAD S0: 2 append success next 1 match 0
064276 INFO S1: (term 1) follower 收到 [0] AppendEntries [], prevIndex 0, prevTerm 0
064276 LEAD S0: 1 append success next 1 match 0
064776 LEAD S0: prevLog &raft.Entry{Command:interface {}(nil), Term:0, Index:0}
064776 LEAD S0: prevLog &raft.Entry{Command:interface {}(nil), Term:0, Index:0}
064777 INFO S2: (term 1) follower 收到 [0] AppendEntries [], prevIndex 0, prevTerm 0
064778 INFO S1: (term 1) follower 收到 [0] AppendEntries [], prevIndex 0, prevTerm 0
064778 LEAD S0: 2 append success next 1 match 0
064778 LEAD S0: 1 append success next 1 match 0
065279 LEAD S0: prevLog &raft.Entry{Command:interface {}(nil), Term:0, Index:0}
065279 LEAD S0: prevLog &raft.Entry{Command:interface {}(nil), Term:0, Index:0}
065279 INFO S2: (term 1) follower 收到 [0] AppendEntries [], prevIndex 0, prevTerm 0
065280 INFO S1: (term 1) follower 收到 [0] AppendEntries [], prevIndex 0, prevTerm 0
065280 LEAD S0: 2 append success next 1 match 0
065280 LEAD S0: 1 append success next 1 match 0
065782 LEAD S0: prevLog &raft.Entry{Command:interface {}(nil), Term:0, Index:0}
065782 LEAD S0: prevLog &raft.Entry{Command:interface {}(nil), Term:0, Index:0}
065783 INFO S2: (term 1) follower 收到 [0] AppendEntries [], prevIndex 0, prevTerm 0
065783 LEAD S0: 2 append success next 1 match 0
065783 INFO S1: (term 1) follower 收到 [0] AppendEntries [], prevIndex 0, prevTerm 0
065784 LEAD S0: 1 append success next 1 match 0
066284 LEAD S0: prevLog &raft.Entry{Command:interface {}(nil), Term:0, Index:0}
066284 LEAD S0: prevLog &raft.Entry{Command:interface {}(nil), Term:0, Index:0}
066285 INFO S2: (term 1) follower 收到 [0] AppendEntries [], prevIndex 0, prevTerm 0
066285 LEAD S0: 2 append success next 1 match 0
066285 INFO S1: (term 1) follower 收到 [0] AppendEntries [], prevIndex 0, prevTerm 0
066286 LEAD S0: 1 append success next 1 match 0
066786 LEAD S0: prevLog &raft.Entry{Command:interface {}(nil), Term:0, Index:0}
066787 LEAD S0: prevLog &raft.Entry{Command:interface {}(nil), Term:0, Index:0}
066787 INFO S2: (term 1) follower 收到 [0] AppendEntries [], prevIndex 0, prevTerm 0
066787 INFO S1: (term 1) follower 收到 [0] AppendEntries [], prevIndex 0, prevTerm 0
066788 LEAD S0: 1 append success next 1 match 0
066788 LEAD S0: 2 append success next 1 match 0
067288 LEAD S0: prevLog &raft.Entry{Command:interface {}(nil), Term:0, Index:0}
067288 LEAD S0: prevLog &raft.Entry{Command:interface {}(nil), Term:0, Index:0}
067289 INFO S2: (term 1) follower 收到 [0] AppendEntries [], prevIndex 0, prevTerm 0
067289 LEAD S0: 2 append success next 1 match 0
067289 INFO S1: (term 1) follower 收到 [0] AppendEntries [], prevIndex 0, prevTerm 0
067290 LEAD S0: 1 append success next 1 match 0
067790 LEAD S0: prevLog &raft.Entry{Command:interface {}(nil), Term:0, Index:0}
067790 LEAD S0: prevLog &raft.Entry{Command:interface {}(nil), Term:0, Index:0}
067791 INFO S2: (term 1) follower 收到 [0] AppendEntries [], prevIndex 0, prevTerm 0
067791 LEAD S0: 2 append success next 1 match 0
067792 INFO S1: (term 1) follower 收到 [0] AppendEntries [], prevIndex 0, prevTerm 0
067792 LEAD S0: 1 append success next 1 match 0
068292 LEAD S0: prevLog &raft.Entry{Command:interface {}(nil), Term:0, Index:0}
068292 LEAD S0: prevLog &raft.Entry{Command:interface {}(nil), Term:0, Index:0}
068292 INFO S2: (term 1) follower 收到 [0] AppendEntries [], prevIndex 0, prevTerm 0
068293 INFO S1: (term 1) follower 收到 [0] AppendEntries [], prevIndex 0, prevTerm 0
068293 LEAD S0: 2 append success next 1 match 0
068293 LEAD S0: 1 append success next 1 match 0
068793 LEAD S0: prevLog &raft.Entry{Command:interface {}(nil), Term:0, Index:0}
068793 LEAD S0: prevLog &raft.Entry{Command:interface {}(nil), Term:0, Index:0}
068794 INFO S2: (term 1) follower 收到 [0] AppendEntries [], prevIndex 0, prevTerm 0
068794 INFO S1: (term 1) follower 收到 [0] AppendEntries [], prevIndex 0, prevTerm 0
068794 LEAD S0: 2 append success next 1 match 0
068795 LEAD S0: 1 append success next 1 match 0
069295 LEAD S0: prevLog &raft.Entry{Command:interface {}(nil), Term:0, Index:0}
069295 LEAD S0: prevLog &raft.Entry{Command:interface {}(nil), Term:0, Index:0}
069296 INFO S1: (term 1) follower 收到 [0] AppendEntries [], prevIndex 0, prevTerm 0
069296 INFO S2: (term 1) follower 收到 [0] AppendEntries [], prevIndex 0, prevTerm 0
069296 LEAD S0: 1 append success next 1 match 0
069297 LEAD S0: 2 append success next 1 match 0
069797 LEAD S0: prevLog &raft.Entry{Command:interface {}(nil), Term:0, Index:0}
069797 LEAD S0: prevLog &raft.Entry{Command:interface {}(nil), Term:0, Index:0}
069798 INFO S2: (term 1) follower 收到 [0] AppendEntries [], prevIndex 0, prevTerm 0
069798 LEAD S0: 2 append success next 1 match 0
069798 INFO S1: (term 1) follower 收到 [0] AppendEntries [], prevIndex 0, prevTerm 0
069799 LEAD S0: 1 append success next 1 match 0
070299 LEAD S0: prevLog &raft.Entry{Command:interface {}(nil), Term:0, Index:0}
070299 LEAD S0: prevLog &raft.Entry{Command:interface {}(nil), Term:0, Index:0}
070300 INFO S2: (term 1) follower 收到 [0] AppendEntries [], prevIndex 0, prevTerm 0
070300 LEAD S0: 2 append success next 1 match 0
070300 INFO S1: (term 1) follower 收到 [0] AppendEntries [], prevIndex 0, prevTerm 0
070301 LEAD S0: 1 append success next 1 match 0
070801 LEAD S0: prevLog &raft.Entry{Command:interface {}(nil), Term:0, Index:0}
070801 LEAD S0: prevLog &raft.Entry{Command:interface {}(nil), Term:0, Index:0}
070802 INFO S2: (term 1) follower 收到 [0] AppendEntries [], prevIndex 0, prevTerm 0
070802 INFO S1: (term 1) follower 收到 [0] AppendEntries [], prevIndex 0, prevTerm 0
070802 LEAD S0: 2 append success next 1 match 0
070803 LEAD S0: 1 append success next 1 match 0
071304 LEAD S0: prevLog &raft.Entry{Command:interface {}(nil), Term:0, Index:0}
071304 LEAD S0: prevLog &raft.Entry{Command:interface {}(nil), Term:0, Index:0}
071305 INFO S1: (term 1) follower 收到 [0] AppendEntries [], prevIndex 0, prevTerm 0
071305 INFO S2: (term 1) follower 收到 [0] AppendEntries [], prevIndex 0, prevTerm 0
071305 LEAD S0: 1 append success next 1 match 0
071305 LEAD S0: 2 append success next 1 match 0
071806 LEAD S0: prevLog &raft.Entry{Command:interface {}(nil), Term:0, Index:0}
071806 LEAD S0: prevLog &raft.Entry{Command:interface {}(nil), Term:0, Index:0}
071807 INFO S1: (term 1) follower 收到 [0] AppendEntries [], prevIndex 0, prevTerm 0
071807 INFO S2: (term 1) follower 收到 [0] AppendEntries [], prevIndex 0, prevTerm 0
071807 LEAD S0: 1 append success next 1 match 0
071807 LEAD S0: 2 append success next 1 match 0
072307 LEAD S0: prevLog &raft.Entry{Command:interface {}(nil), Term:0, Index:0}
072307 LEAD S0: prevLog &raft.Entry{Command:interface {}(nil), Term:0, Index:0}
072308 INFO S2: (term 1) follower 收到 [0] AppendEntries [], prevIndex 0, prevTerm 0
072308 INFO S1: (term 1) follower 收到 [0] AppendEntries [], prevIndex 0, prevTerm 0
072308 LEAD S0: 2 append success next 1 match 0
072308 LEAD S0: 1 append success next 1 match 0
072810 LEAD S0: prevLog &raft.Entry{Command:interface {}(nil), Term:0, Index:0}
072811 LEAD S0: prevLog &raft.Entry{Command:interface {}(nil), Term:0, Index:0}
072813 INFO S2: (term 1) follower 收到 [0] AppendEntries [], prevIndex 0, prevTerm 0
072814 INFO S1: (term 1) follower 收到 [0] AppendEntries [], prevIndex 0, prevTerm 0
072814 LEAD S0: 1 append success next 1 match 0
072815 LEAD S0: 2 append success next 1 match 0
073318 LEAD S0: prevLog &raft.Entry{Command:interface {}(nil), Term:0, Index:0}
073318 LEAD S0: prevLog &raft.Entry{Command:interface {}(nil), Term:0, Index:0}
073319 INFO S2: (term 1) follower 收到 [0] AppendEntries [], prevIndex 0, prevTerm 0
073319 LEAD S0: 2 append success next 1 match 0
073320 INFO S1: (term 1) follower 收到 [0] AppendEntries [], prevIndex 0, prevTerm 0
073320 LEAD S0: 1 append success next 1 match 0
073821 LEAD S0: prevLog &raft.Entry{Command:interface {}(nil), Term:0, Index:0}
073821 LEAD S0: prevLog &raft.Entry{Command:interface {}(nil), Term:0, Index:0}
073822 INFO S1: (term 1) follower 收到 [0] AppendEntries [], prevIndex 0, prevTerm 0
073822 INFO S2: (term 1) follower 收到 [0] AppendEntries [], prevIndex 0, prevTerm 0
073822 LEAD S0: 1 append success next 1 match 0
073822 LEAD S0: 2 append success next 1 match 0
074322 LEAD S0: prevLog &raft.Entry{Command:interface {}(nil), Term:0, Index:0}
074322 LEAD S0: prevLog &raft.Entry{Command:interface {}(nil), Term:0, Index:0}
074323 INFO S1: (term 1) follower 收到 [0] AppendEntries [], prevIndex 0, prevTerm 0
074323 INFO S2: (term 1) follower 收到 [0] AppendEntries [], prevIndex 0, prevTerm 0
074323 LEAD S0: 1 append success next 1 match 0
074323 LEAD S0: 2 append success next 1 match 0
074824 LEAD S0: prevLog &raft.Entry{Command:interface {}(nil), Term:0, Index:0}
074824 LEAD S0: prevLog &raft.Entry{Command:interface {}(nil), Term:0, Index:0}
074825 INFO S1: (term 1) follower 收到 [0] AppendEntries [], prevIndex 0, prevTerm 0
074825 INFO S2: (term 1) follower 收到 [0] AppendEntries [], prevIndex 0, prevTerm 0
074825 LEAD S0: 1 append success next 1 match 0
074825 LEAD S0: 2 append success next 1 match 0
075327 LEAD S0: prevLog &raft.Entry{Command:interface {}(nil), Term:0, Index:0}
075327 LEAD S0: prevLog &raft.Entry{Command:interface {}(nil), Term:0, Index:0}
075328 INFO S2: (term 1) follower 收到 [0] AppendEntries [], prevIndex 0, prevTerm 0
075328 INFO S1: (term 1) follower 收到 [0] AppendEntries [], prevIndex 0, prevTerm 0
075328 LEAD S0: 1 append success next 1 match 0
075328 LEAD S0: 2 append success next 1 match 0
075830 LEAD S0: prevLog &raft.Entry{Command:interface {}(nil), Term:0, Index:0}
075830 LEAD S0: prevLog &raft.Entry{Command:interface {}(nil), Term:0, Index:0}
075831 INFO S2: (term 1) follower 收到 [0] AppendEntries [], prevIndex 0, prevTerm 0
075832 LEAD S0: 2 append success next 1 match 0
075832 INFO S1: (term 1) follower 收到 [0] AppendEntries [], prevIndex 0, prevTerm 0
075834 LEAD S0: 1 append success next 1 match 0
076333 LEAD S0: prevLog &raft.Entry{Command:interface {}(nil), Term:0, Index:0}
076333 LEAD S0: prevLog &raft.Entry{Command:interface {}(nil), Term:0, Index:0}
076334 INFO S1: (term 1) follower 收到 [0] AppendEntries [], prevIndex 0, prevTerm 0
076334 INFO S2: (term 1) follower 收到 [0] AppendEntries [], prevIndex 0, prevTerm 0
076335 LEAD S0: 1 append success next 1 match 0
076335 LEAD S0: 2 append success next 1 match 0
076834 LEAD S0: prevLog &raft.Entry{Command:interface {}(nil), Term:0, Index:0}
076834 LEAD S0: prevLog &raft.Entry{Command:interface {}(nil), Term:0, Index:0}
076835 INFO S2: (term 1) follower 收到 [0] AppendEntries [], prevIndex 0, prevTerm 0
076835 LEAD S0: 2 append success next 1 match 0
076835 INFO S1: (term 1) follower 收到 [0] AppendEntries [], prevIndex 0, prevTerm 0
076836 LEAD S0: 1 append success next 1 match 0
077337 LEAD S0: prevLog &raft.Entry{Command:interface {}(nil), Term:0, Index:0}
077337 LEAD S0: prevLog &raft.Entry{Command:interface {}(nil), Term:0, Index:0}
077338 INFO S1: (term 1) follower 收到 [0] AppendEntries [], prevIndex 0, prevTerm 0
077338 INFO S2: (term 1) follower 收到 [0] AppendEntries [], prevIndex 0, prevTerm 0
077338 LEAD S0: 1 append success next 1 match 0
077338 LEAD S0: 2 append success next 1 match 0
077839 LEAD S0: prevLog &raft.Entry{Command:interface {}(nil), Term:0, Index:0}
077839 LEAD S0: prevLog &raft.Entry{Command:interface {}(nil), Term:0, Index:0}
077840 INFO S1: (term 1) follower 收到 [0] AppendEntries [], prevIndex 0, prevTerm 0
077840 INFO S2: (term 1) follower 收到 [0] AppendEntries [], prevIndex 0, prevTerm 0
077841 LEAD S0: 2 append success next 1 match 0
077841 LEAD S0: 1 append success next 1 match 0
078343 LEAD S0: prevLog &raft.Entry{Command:interface {}(nil), Term:0, Index:0}
078344 LEAD S0: prevLog &raft.Entry{Command:interface {}(nil), Term:0, Index:0}
078346 INFO S2: (term 1) follower 收到 [0] AppendEntries [], prevIndex 0, prevTerm 0
078347 INFO S1: (term 1) follower 收到 [0] AppendEntries [], prevIndex 0, prevTerm 0
078347 LEAD S0: 2 append success next 1 match 0
078348 LEAD S0: 1 append success next 1 match 0
078847 LEAD S0: prevLog &raft.Entry{Command:interface {}(nil), Term:0, Index:0}
078847 LEAD S0: prevLog &raft.Entry{Command:interface {}(nil), Term:0, Index:0}
078848 INFO S2: (term 1) follower 收到 [0] AppendEntries [], prevIndex 0, prevTerm 0
078848 INFO S1: (term 1) follower 收到 [0] AppendEntries [], prevIndex 0, prevTerm 0
078848 LEAD S0: 1 append success next 1 match 0
078848 LEAD S0: 2 append success next 1 match 0
079349 LEAD S0: prevLog &raft.Entry{Command:interface {}(nil), Term:0, Index:0}
079350 LEAD S0: prevLog &raft.Entry{Command:interface {}(nil), Term:0, Index:0}
079350 INFO S1: (term 1) follower 收到 [0] AppendEntries [], prevIndex 0, prevTerm 0
079350 INFO S2: (term 1) follower 收到 [0] AppendEntries [], prevIndex 0, prevTerm 0
079351 LEAD S0: 1 append success next 1 match 0
079351 LEAD S0: 2 append success next 1 match 0
079851 LEAD S0: prevLog &raft.Entry{Command:interface {}(nil), Term:0, Index:0}
079851 LEAD S0: prevLog &raft.Entry{Command:interface {}(nil), Term:0, Index:0}
079851 INFO S2: (term 1) follower 收到 [0] AppendEntries [], prevIndex 0, prevTerm 0
079852 LEAD S0: 2 append success next 1 match 0
079852 INFO S1: (term 1) follower 收到 [0] AppendEntries [], prevIndex 0, prevTerm 0
079852 LEAD S0: 1 append success next 1 match 0
080352 LEAD S0: prevLog &raft.Entry{Command:interface {}(nil), Term:0, Index:0}
080352 LEAD S0: prevLog &raft.Entry{Command:interface {}(nil), Term:0, Index:0}
080353 INFO S1: (term 1) follower 收到 [0] AppendEntries [], prevIndex 0, prevTerm 0
080354 LEAD S0: 1 append success next 1 match 0
080354 INFO S2: (term 1) follower 收到 [0] AppendEntries [], prevIndex 0, prevTerm 0
080354 LEAD S0: 2 append success next 1 match 0
080856 LEAD S0: prevLog &raft.Entry{Command:interface {}(nil), Term:0, Index:0}
080856 LEAD S0: prevLog &raft.Entry{Command:interface {}(nil), Term:0, Index:0}
080857 INFO S1: (term 1) follower 收到 [0] AppendEntries [], prevIndex 0, prevTerm 0
080857 INFO S2: (term 1) follower 收到 [0] AppendEntries [], prevIndex 0, prevTerm 0
080857 LEAD S0: 1 append success next 1 match 0
080857 LEAD S0: 2 append success next 1 match 0
081359 LEAD S0: prevLog &raft.Entry{Command:interface {}(nil), Term:0, Index:0}
081359 LEAD S0: prevLog &raft.Entry{Command:interface {}(nil), Term:0, Index:0}
081360 INFO S1: (term 1) follower 收到 [0] AppendEntries [], prevIndex 0, prevTerm 0
081360 INFO S2: (term 1) follower 收到 [0] AppendEntries [], prevIndex 0, prevTerm 0
081360 LEAD S0: 2 append success next 1 match 0
081360 LEAD S0: 1 append success next 1 match 0
081860 LEAD S0: prevLog &raft.Entry{Command:interface {}(nil), Term:0, Index:0}
081860 LEAD S0: prevLog &raft.Entry{Command:interface {}(nil), Term:0, Index:0}
081861 INFO S2: (term 1) follower 收到 [0] AppendEntries [], prevIndex 0, prevTerm 0
081862 LEAD S0: 2 append success next 1 match 0
081862 INFO S1: (term 1) follower 收到 [0] AppendEntries [], prevIndex 0, prevTerm 0
081862 LEAD S0: 1 append success next 1 match 0
082362 LEAD S0: prevLog &raft.Entry{Command:interface {}(nil), Term:0, Index:0}
082362 LEAD S0: prevLog &raft.Entry{Command:interface {}(nil), Term:0, Index:0}
082363 INFO S1: (term 1) follower 收到 [0] AppendEntries [], prevIndex 0, prevTerm 0
082363 INFO S2: (term 1) follower 收到 [0] AppendEntries [], prevIndex 0, prevTerm 0
082363 LEAD S0: 1 append success next 1 match 0
082364 LEAD S0: 2 append success next 1 match 0
082864 LEAD S0: prevLog &raft.Entry{Command:interface {}(nil), Term:0, Index:0}
082864 LEAD S0: prevLog &raft.Entry{Command:interface {}(nil), Term:0, Index:0}
082865 INFO S2: (term 1) follower 收到 [0] AppendEntries [], prevIndex 0, prevTerm 0
082866 LEAD S0: 2 append success next 1 match 0
082866 INFO S1: (term 1) follower 收到 [0] AppendEntries [], prevIndex 0, prevTerm 0
082866 LEAD S0: 1 append success next 1 match 0
083366 LEAD S0: prevLog &raft.Entry{Command:interface {}(nil), Term:0, Index:0}
083366 LEAD S0: prevLog &raft.Entry{Command:interface {}(nil), Term:0, Index:0}
083367 INFO S2: (term 1) follower 收到 [0] AppendEntries [], prevIndex 0, prevTerm 0
083367 LEAD S0: 2 append success next 1 match 0
083367 INFO S1: (term 1) follower 收到 [0] AppendEntries [], prevIndex 0, prevTerm 0
083368 LEAD S0: 1 append success next 1 match 0
083867 LEAD S0: prevLog &raft.Entry{Command:interface {}(nil), Term:0, Index:0}
083868 LEAD S0: prevLog &raft.Entry{Command:interface {}(nil), Term:0, Index:0}
083868 INFO S2: (term 1) follower 收到 [0] AppendEntries [], prevIndex 0, prevTerm 0
083869 INFO S1: (term 1) follower 收到 [0] AppendEntries [], prevIndex 0, prevTerm 0
083869 LEAD S0: 2 append success next 1 match 0
083869 LEAD S0: 1 append success next 1 match 0
084370 LEAD S0: prevLog &raft.Entry{Command:interface {}(nil), Term:0, Index:0}
084370 LEAD S0: prevLog &raft.Entry{Command:interface {}(nil), Term:0, Index:0}
084370 INFO S2: (term 1) follower 收到 [0] AppendEntries [], prevIndex 0, prevTerm 0
084371 LEAD S0: 2 append success next 1 match 0
084371 INFO S1: (term 1) follower 收到 [0] AppendEntries [], prevIndex 0, prevTerm 0
084371 LEAD S0: 1 append success next 1 match 0
084872 LEAD S0: prevLog &raft.Entry{Command:interface {}(nil), Term:0, Index:0}
084872 LEAD S0: prevLog &raft.Entry{Command:interface {}(nil), Term:0, Index:0}
084873 INFO S2: (term 1) follower 收到 [0] AppendEntries [], prevIndex 0, prevTerm 0
084873 LEAD S0: 2 append success next 1 match 0
084874 INFO S1: (term 1) follower 收到 [0] AppendEntries [], prevIndex 0, prevTerm 0
084874 LEAD S0: 1 append success next 1 match 0
085374 LEAD S0: prevLog &raft.Entry{Command:interface {}(nil), Term:0, Index:0}
085374 LEAD S0: prevLog &raft.Entry{Command:interface {}(nil), Term:0, Index:0}
085375 INFO S1: (term 1) follower 收到 [0] AppendEntries [], prevIndex 0, prevTerm 0
085375 INFO S2: (term 1) follower 收到 [0] AppendEntries [], prevIndex 0, prevTerm 0
085375 LEAD S0: 1 append success next 1 match 0
085376 LEAD S0: 2 append success next 1 match 0
085876 LEAD S0: prevLog &raft.Entry{Command:interface {}(nil), Term:0, Index:0}
085876 LEAD S0: prevLog &raft.Entry{Command:interface {}(nil), Term:0, Index:0}
085877 INFO S2: (term 1) follower 收到 [0] AppendEntries [], prevIndex 0, prevTerm 0
085877 LEAD S0: 2 append success next 1 match 0
085878 INFO S1: (term 1) follower 收到 [0] AppendEntries [], prevIndex 0, prevTerm 0
085878 LEAD S0: 1 append success next 1 match 0
086378 LEAD S0: prevLog &raft.Entry{Command:interface {}(nil), Term:0, Index:0}
086378 LEAD S0: prevLog &raft.Entry{Command:interface {}(nil), Term:0, Index:0}
086379 INFO S1: (term 1) follower 收到 [0] AppendEntries [], prevIndex 0, prevTerm 0
086379 INFO S2: (term 1) follower 收到 [0] AppendEntries [], prevIndex 0, prevTerm 0
086379 LEAD S0: 1 append success next 1 match 0
086380 LEAD S0: 2 append success next 1 match 0
086880 LEAD S0: prevLog &raft.Entry{Command:interface {}(nil), Term:0, Index:0}
086880 LEAD S0: prevLog &raft.Entry{Command:interface {}(nil), Term:0, Index:0}
086880 INFO S2: (term 1) follower 收到 [0] AppendEntries [], prevIndex 0, prevTerm 0
086881 LEAD S0: 2 append success next 1 match 0
086881 INFO S1: (term 1) follower 收到 [0] AppendEntries [], prevIndex 0, prevTerm 0
086881 LEAD S0: 1 append success next 1 match 0
087382 LEAD S0: prevLog &raft.Entry{Command:interface {}(nil), Term:0, Index:0}
087382 LEAD S0: prevLog &raft.Entry{Command:interface {}(nil), Term:0, Index:0}
087383 INFO S2: (term 1) follower 收到 [0] AppendEntries [], prevIndex 0, prevTerm 0
087384 LEAD S0: 2 append success next 1 match 0
087384 INFO S1: (term 1) follower 收到 [0] AppendEntries [], prevIndex 0, prevTerm 0
087384 LEAD S0: 1 append success next 1 match 0
087886 LEAD S0: prevLog &raft.Entry{Command:interface {}(nil), Term:0, Index:0}
087886 LEAD S0: prevLog &raft.Entry{Command:interface {}(nil), Term:0, Index:0}
087887 INFO S2: (term 1) follower 收到 [0] AppendEntries [], prevIndex 0, prevTerm 0
087887 INFO S1: (term 1) follower 收到 [0] AppendEntries [], prevIndex 0, prevTerm 0
087888 LEAD S0: 2 append success next 1 match 0
087888 LEAD S0: 1 append success next 1 match 0
088388 LEAD S0: prevLog &raft.Entry{Command:interface {}(nil), Term:0, Index:0}
088388 LEAD S0: prevLog &raft.Entry{Command:interface {}(nil), Term:0, Index:0}
088388 INFO S1: (term 1) follower 收到 [0] AppendEntries [], prevIndex 0, prevTerm 0
088389 LEAD S0: 1 append success next 1 match 0
088389 INFO S2: (term 1) follower 收到 [0] AppendEntries [], prevIndex 0, prevTerm 0
088389 LEAD S0: 2 append success next 1 match 0
088891 LEAD S0: prevLog &raft.Entry{Command:interface {}(nil), Term:0, Index:0}
088891 LEAD S0: prevLog &raft.Entry{Command:interface {}(nil), Term:0, Index:0}
088892 INFO S1: (term 1) follower 收到 [0] AppendEntries [], prevIndex 0, prevTerm 0
088892 INFO S2: (term 1) follower 收到 [0] AppendEntries [], prevIndex 0, prevTerm 0
088892 LEAD S0: 1 append success next 1 match 0
088893 LEAD S0: 2 append success next 1 match 0
089395 LEAD S0: prevLog &raft.Entry{Command:interface {}(nil), Term:0, Index:0}
089395 LEAD S0: prevLog &raft.Entry{Command:interface {}(nil), Term:0, Index:0}
089397 INFO S2: (term 1) follower 收到 [0] AppendEntries [], prevIndex 0, prevTerm 0
089398 LEAD S0: 2 append success next 1 match 0
089399 INFO S1: (term 1) follower 收到 [0] AppendEntries [], prevIndex 0, prevTerm 0
089401 LEAD S0: 1 append success next 1 match 0
089897 LEAD S0: prevLog &raft.Entry{Command:interface {}(nil), Term:0, Index:0}
089897 LEAD S0: prevLog &raft.Entry{Command:interface {}(nil), Term:0, Index:0}
089899 INFO S1: (term 1) follower 收到 [0] AppendEntries [], prevIndex 0, prevTerm 0
089899 INFO S2: (term 1) follower 收到 [0] AppendEntries [], prevIndex 0, prevTerm 0
089900 LEAD S0: 1 append success next 1 match 0
089901 LEAD S0: 2 append success next 1 match 0
090399 LEAD S0: prevLog &raft.Entry{Command:interface {}(nil), Term:0, Index:0}
090399 LEAD S0: prevLog &raft.Entry{Command:interface {}(nil), Term:0, Index:0}
090401 INFO S2: (term 1) follower 收到 [0] AppendEntries [], prevIndex 0, prevTerm 0
090401 LEAD S0: 2 append success next 1 match 0
090402 INFO S1: (term 1) follower 收到 [0] AppendEntries [], prevIndex 0, prevTerm 0
090403 LEAD S0: 1 append success next 1 match 0
090904 LEAD S0: prevLog &raft.Entry{Command:interface {}(nil), Term:0, Index:0}
090905 LEAD S0: prevLog &raft.Entry{Command:interface {}(nil), Term:0, Index:0}
090907 INFO S2: (term 1) follower 收到 [0] AppendEntries [], prevIndex 0, prevTerm 0
090909 LEAD S0: 2 append success next 1 match 0
090909 INFO S1: (term 1) follower 收到 [0] AppendEntries [], prevIndex 0, prevTerm 0
090910 LEAD S0: 1 append success next 1 match 0
091408 LEAD S0: prevLog &raft.Entry{Command:interface {}(nil), Term:0, Index:0}
091409 LEAD S0: prevLog &raft.Entry{Command:interface {}(nil), Term:0, Index:0}
091409 INFO S1: (term 1) follower 收到 [0] AppendEntries [], prevIndex 0, prevTerm 0
091409 INFO S2: (term 1) follower 收到 [0] AppendEntries [], prevIndex 0, prevTerm 0
091410 LEAD S0: 1 append success next 1 match 0
091410 LEAD S0: 2 append success next 1 match 0
091910 LEAD S0: prevLog &raft.Entry{Command:interface {}(nil), Term:0, Index:0}
091910 LEAD S0: prevLog &raft.Entry{Command:interface {}(nil), Term:0, Index:0}
091911 INFO S2: (term 1) follower 收到 [0] AppendEntries [], prevIndex 0, prevTerm 0
091911 INFO S1: (term 1) follower 收到 [0] AppendEntries [], prevIndex 0, prevTerm 0
091911 LEAD S0: 2 append success next 1 match 0
091911 LEAD S0: 1 append success next 1 match 0
092413 LEAD S0: prevLog &raft.Entry{Command:interface {}(nil), Term:0, Index:0}
092413 LEAD S0: prevLog &raft.Entry{Command:interface {}(nil), Term:0, Index:0}
092414 INFO S2: (term 1) follower 收到 [0] AppendEntries [], prevIndex 0, prevTerm 0
092414 LEAD S0: 2 append success next 1 match 0
092414 INFO S1: (term 1) follower 收到 [0] AppendEntries [], prevIndex 0, prevTerm 0
092415 LEAD S0: 1 append success next 1 match 0
092915 LEAD S0: prevLog &raft.Entry{Command:interface {}(nil), Term:0, Index:0}
092915 LEAD S0: prevLog &raft.Entry{Command:interface {}(nil), Term:0, Index:0}
092916 INFO S2: (term 1) follower 收到 [0] AppendEntries [], prevIndex 0, prevTerm 0
092916 INFO S1: (term 1) follower 收到 [0] AppendEntries [], prevIndex 0, prevTerm 0
092916 LEAD S0: 2 append success next 1 match 0
092916 LEAD S0: 1 append success next 1 match 0
093417 LEAD S0: prevLog &raft.Entry{Command:interface {}(nil), Term:0, Index:0}
093417 LEAD S0: prevLog &raft.Entry{Command:interface {}(nil), Term:0, Index:0}
093417 INFO S2: (term 1) follower 收到 [0] AppendEntries [], prevIndex 0, prevTerm 0
093418 LEAD S0: 2 append success next 1 match 0
093418 INFO S1: (term 1) follower 收到 [0] AppendEntries [], prevIndex 0, prevTerm 0
093418 LEAD S0: 1 append success next 1 match 0
093919 LEAD S0: prevLog &raft.Entry{Command:interface {}(nil), Term:0, Index:0}
093919 LEAD S0: prevLog &raft.Entry{Command:interface {}(nil), Term:0, Index:0}
093920 INFO S2: (term 1) follower 收到 [0] AppendEntries [], prevIndex 0, prevTerm 0
093920 LEAD S0: 2 append success next 1 match 0
093920 INFO S1: (term 1) follower 收到 [0] AppendEntries [], prevIndex 0, prevTerm 0
093921 LEAD S0: 1 append success next 1 match 0
094422 LEAD S0: prevLog &raft.Entry{Command:interface {}(nil), Term:0, Index:0}
094422 LEAD S0: prevLog &raft.Entry{Command:interface {}(nil), Term:0, Index:0}
094422 INFO S2: (term 1) follower 收到 [0] AppendEntries [], prevIndex 0, prevTerm 0
094422 INFO S1: (term 1) follower 收到 [0] AppendEntries [], prevIndex 0, prevTerm 0
094423 LEAD S0: 2 append success next 1 match 0
094423 LEAD S0: 1 append success next 1 match 0
094925 LEAD S0: prevLog &raft.Entry{Command:interface {}(nil), Term:0, Index:0}
094925 LEAD S0: prevLog &raft.Entry{Command:interface {}(nil), Term:0, Index:0}
094925 INFO S2: (term 1) follower 收到 [0] AppendEntries [], prevIndex 0, prevTerm 0
094926 LEAD S0: 2 append success next 1 match 0
094926 INFO S1: (term 1) follower 收到 [0] AppendEntries [], prevIndex 0, prevTerm 0
094927 LEAD S0: 1 append success next 1 match 0
095427 LEAD S0: prevLog &raft.Entry{Command:interface {}(nil), Term:0, Index:0}
095428 LEAD S0: prevLog &raft.Entry{Command:interface {}(nil), Term:0, Index:0}
095428 INFO S1: (term 1) follower 收到 [0] AppendEntries [], prevIndex 0, prevTerm 0
095429 INFO S2: (term 1) follower 收到 [0] AppendEntries [], prevIndex 0, prevTerm 0
095429 LEAD S0: 1 append success next 1 match 0
095429 LEAD S0: 2 append success next 1 match 0
095930 LEAD S0: prevLog &raft.Entry{Command:interface {}(nil), Term:0, Index:0}
095930 LEAD S0: prevLog &raft.Entry{Command:interface {}(nil), Term:0, Index:0}
095931 INFO S2: (term 1) follower 收到 [0] AppendEntries [], prevIndex 0, prevTerm 0
095931 INFO S1: (term 1) follower 收到 [0] AppendEntries [], prevIndex 0, prevTerm 0
095932 LEAD S0: 2 append success next 1 match 0
095932 LEAD S0: 1 append success next 1 match 0
096432 LEAD S0: prevLog &raft.Entry{Command:interface {}(nil), Term:0, Index:0}
096432 LEAD S0: prevLog &raft.Entry{Command:interface {}(nil), Term:0, Index:0}
096433 INFO S1: (term 1) follower 收到 [0] AppendEntries [], prevIndex 0, prevTerm 0
096433 INFO S2: (term 1) follower 收到 [0] AppendEntries [], prevIndex 0, prevTerm 0
096433 LEAD S0: 1 append success next 1 match 0
096433 LEAD S0: 2 append success next 1 match 0
096934 LEAD S0: prevLog &raft.Entry{Command:interface {}(nil), Term:0, Index:0}
096934 LEAD S0: prevLog &raft.Entry{Command:interface {}(nil), Term:0, Index:0}
096935 INFO S2: (term 1) follower 收到 [0] AppendEntries [], prevIndex 0, prevTerm 0
096935 LEAD S0: 2 append success next 1 match 0
096935 INFO S1: (term 1) follower 收到 [0] AppendEntries [], prevIndex 0, prevTerm 0
096936 LEAD S0: 1 append success next 1 match 0
097437 LEAD S0: prevLog &raft.Entry{Command:interface {}(nil), Term:0, Index:0}
097437 LEAD S0: prevLog &raft.Entry{Command:interface {}(nil), Term:0, Index:0}
097438 INFO S1: (term 1) follower 收到 [0] AppendEntries [], prevIndex 0, prevTerm 0
097438 INFO S2: (term 1) follower 收到 [0] AppendEntries [], prevIndex 0, prevTerm 0
097439 LEAD S0: 1 append success next 1 match 0
097439 LEAD S0: 2 append success next 1 match 0
097940 LEAD S0: prevLog &raft.Entry{Command:interface {}(nil), Term:0, Index:0}
097940 LEAD S0: prevLog &raft.Entry{Command:interface {}(nil), Term:0, Index:0}
097940 INFO S2: (term 1) follower 收到 [0] AppendEntries [], prevIndex 0, prevTerm 0
097941 LEAD S0: 2 append success next 1 match 0
097941 INFO S1: (term 1) follower 收到 [0] AppendEntries [], prevIndex 0, prevTerm 0
097941 LEAD S0: 1 append success next 1 match 0
098441 LEAD S0: prevLog &raft.Entry{Command:interface {}(nil), Term:0, Index:0}
098441 LEAD S0: prevLog &raft.Entry{Command:interface {}(nil), Term:0, Index:0}
098442 INFO S2: (term 1) follower 收到 [0] AppendEntries [], prevIndex 0, prevTerm 0
098442 INFO S1: (term 1) follower 收到 [0] AppendEntries [], prevIndex 0, prevTerm 0
098442 LEAD S0: 1 append success next 1 match 0
098442 LEAD S0: 2 append success next 1 match 0
098943 LEAD S0: prevLog &raft.Entry{Command:interface {}(nil), Term:0, Index:0}
098943 LEAD S0: prevLog &raft.Entry{Command:interface {}(nil), Term:0, Index:0}
098944 INFO S2: (term 1) follower 收到 [0] AppendEntries [], prevIndex 0, prevTerm 0
098944 LEAD S0: 2 append success next 1 match 0
098944 INFO S1: (term 1) follower 收到 [0] AppendEntries [], prevIndex 0, prevTerm 0
098945 LEAD S0: 1 append success next 1 match 0
099445 LEAD S0: prevLog &raft.Entry{Command:interface {}(nil), Term:0, Index:0}
099445 LEAD S0: prevLog &raft.Entry{Command:interface {}(nil), Term:0, Index:0}
099446 INFO S1: (term 1) follower 收到 [0] AppendEntries [], prevIndex 0, prevTerm 0
099446 INFO S2: (term 1) follower 收到 [0] AppendEntries [], prevIndex 0, prevTerm 0
099446 LEAD S0: 1 append success next 1 match 0
099446 LEAD S0: 2 append success next 1 match 0
099947 LEAD S0: prevLog &raft.Entry{Command:interface {}(nil), Term:0, Index:0}
099947 LEAD S0: prevLog &raft.Entry{Command:interface {}(nil), Term:0, Index:0}
099948 INFO S2: (term 1) follower 收到 [0] AppendEntries [], prevIndex 0, prevTerm 0
099948 INFO S1: (term 1) follower 收到 [0] AppendEntries [], prevIndex 0, prevTerm 0
099948 LEAD S0: 2 append success next 1 match 0
099948 LEAD S0: 1 append success next 1 match 0
--- FAIL: TestPersist12C (10.04s)
    config.go:609: one(11) failed to reach agreement
100448 LEAD S0: prevLog &raft.Entry{Command:interface {}(nil), Term:0, Index:0}
FAIL
100448 LEAD S0: prevLog &raft.Entry{Command:interface {}(nil), Term:0, Index:0}
exit status 1
FAIL	6.824/raft	10.046s
