Test (2C): basic persistence ...
002008 INFO S0: start leader election, term 1
002009 VOTE S0: term 1 send vote request to 2
002009 VOTE S0: term 1 send vote request to 1
002010 TERM S2: set new term 1
002010 VOTE S2: term 1 vote 0
002010 VOTE S0: reply from 2, term一致，且投给0
002010 LEAD S0: come to power, start to send heartbeat
002010 LEAD S0: prevLog &raft.Entry{Command:interface {}(nil), Term:0, Index:0}
002010 LEAD S0: prevLog &raft.Entry{Command:interface {}(nil), Term:0, Index:0}
002010 TERM S1: set new term 1
002010 VOTE S1: term 1 vote 0
002010 INFO S2: (term 1) follower 收到 [0] AppendEntries [], prevIndex 0, prevTerm 0
002011 VOTE S0: reply from 1, term一致，且投给0
002011 LEAD S0: 2 append success next 1 match 0
002011 INFO S1: (term 1) follower 收到 [0] AppendEntries [], prevIndex 0, prevTerm 0
002012 LEAD S0: 1 append success next 1 match 0
002510 LEAD S0: prevLog &raft.Entry{Command:interface {}(nil), Term:0, Index:0}
002510 LEAD S0: prevLog &raft.Entry{Command:interface {}(nil), Term:0, Index:0}
002510 INFO S2: (term 1) follower 收到 [0] AppendEntries [], prevIndex 0, prevTerm 0
002510 INFO S1: (term 1) follower 收到 [0] AppendEntries [], prevIndex 0, prevTerm 0
002511 LEAD S0: 2 append success next 1 match 0
002511 LEAD S0: 1 append success next 1 match 0
003011 LEAD S0: prevLog &raft.Entry{Command:interface {}(nil), Term:0, Index:0}
003011 LEAD S0: prevLog &raft.Entry{Command:interface {}(nil), Term:0, Index:0}
003012 INFO S1: (term 1) follower 收到 [0] AppendEntries [], prevIndex 0, prevTerm 0
003012 LEAD S0: 1 append success next 1 match 0
003013 INFO S2: (term 1) follower 收到 [0] AppendEntries [], prevIndex 0, prevTerm 0
003013 LEAD S0: 2 append success next 1 match 0
003514 LEAD S0: prevLog &raft.Entry{Command:interface {}(nil), Term:0, Index:0}
003514 LEAD S0: prevLog &raft.Entry{Command:interface {}(nil), Term:0, Index:0}
003514 INFO S2: (term 1) follower 收到 [0] AppendEntries [], prevIndex 0, prevTerm 0
003514 INFO S1: (term 1) follower 收到 [0] AppendEntries [], prevIndex 0, prevTerm 0
003515 LEAD S0: 2 append success next 1 match 0
003515 LEAD S0: 1 append success next 1 match 0
004016 LEAD S0: prevLog &raft.Entry{Command:interface {}(nil), Term:0, Index:0}
004016 LEAD S0: prevLog &raft.Entry{Command:interface {}(nil), Term:0, Index:0}
004017 INFO S2: (term 1) follower 收到 [0] AppendEntries [], prevIndex 0, prevTerm 0
004017 INFO S1: (term 1) follower 收到 [0] AppendEntries [], prevIndex 0, prevTerm 0
004017 LEAD S0: 1 append success next 1 match 0
004017 LEAD S0: 2 append success next 1 match 0
004519 LEAD S0: prevLog &raft.Entry{Command:interface {}(nil), Term:0, Index:0}
004519 LEAD S0: prevLog &raft.Entry{Command:interface {}(nil), Term:0, Index:0}
004520 INFO S2: (term 1) follower 收到 [0] AppendEntries [], prevIndex 0, prevTerm 0
004520 INFO S1: (term 1) follower 收到 [0] AppendEntries [], prevIndex 0, prevTerm 0
004520 LEAD S0: 2 append success next 1 match 0
004520 LEAD S0: 1 append success next 1 match 0
005020 LEAD S0: prevLog &raft.Entry{Command:interface {}(nil), Term:0, Index:0}
005021 LEAD S0: prevLog &raft.Entry{Command:interface {}(nil), Term:0, Index:0}
005021 INFO S1: (term 1) follower 收到 [0] AppendEntries [], prevIndex 0, prevTerm 0
005021 INFO S2: (term 1) follower 收到 [0] AppendEntries [], prevIndex 0, prevTerm 0
005022 LEAD S0: 1 append success next 1 match 0
005022 LEAD S0: 2 append success next 1 match 0
005522 LEAD S0: prevLog &raft.Entry{Command:interface {}(nil), Term:0, Index:0}
005523 LEAD S0: prevLog &raft.Entry{Command:interface {}(nil), Term:0, Index:0}
005523 INFO S1: (term 1) follower 收到 [0] AppendEntries [], prevIndex 0, prevTerm 0
005523 INFO S2: (term 1) follower 收到 [0] AppendEntries [], prevIndex 0, prevTerm 0
005524 LEAD S0: 2 append success next 1 match 0
005524 LEAD S0: 1 append success next 1 match 0
006024 LEAD S0: prevLog &raft.Entry{Command:interface {}(nil), Term:0, Index:0}
006024 LEAD S0: prevLog &raft.Entry{Command:interface {}(nil), Term:0, Index:0}
006025 INFO S2: (term 1) follower 收到 [0] AppendEntries [], prevIndex 0, prevTerm 0
006025 INFO S1: (term 1) follower 收到 [0] AppendEntries [], prevIndex 0, prevTerm 0
006025 LEAD S0: 1 append success next 1 match 0
006025 LEAD S0: 2 append success next 1 match 0
006526 LEAD S0: prevLog &raft.Entry{Command:interface {}(nil), Term:0, Index:0}
006526 LEAD S0: prevLog &raft.Entry{Command:interface {}(nil), Term:0, Index:0}
006527 INFO S1: (term 1) follower 收到 [0] AppendEntries [], prevIndex 0, prevTerm 0
006527 INFO S2: (term 1) follower 收到 [0] AppendEntries [], prevIndex 0, prevTerm 0
006527 LEAD S0: 2 append success next 1 match 0
006527 LEAD S0: 1 append success next 1 match 0
007028 LEAD S0: prevLog &raft.Entry{Command:interface {}(nil), Term:0, Index:0}
007028 LEAD S0: prevLog &raft.Entry{Command:interface {}(nil), Term:0, Index:0}
007029 INFO S1: (term 1) follower 收到 [0] AppendEntries [], prevIndex 0, prevTerm 0
007029 INFO S2: (term 1) follower 收到 [0] AppendEntries [], prevIndex 0, prevTerm 0
007029 LEAD S0: 1 append success next 1 match 0
007029 LEAD S0: 2 append success next 1 match 0
007530 LEAD S0: prevLog &raft.Entry{Command:interface {}(nil), Term:0, Index:0}
007530 LEAD S0: prevLog &raft.Entry{Command:interface {}(nil), Term:0, Index:0}
007531 INFO S2: (term 1) follower 收到 [0] AppendEntries [], prevIndex 0, prevTerm 0
007531 INFO S1: (term 1) follower 收到 [0] AppendEntries [], prevIndex 0, prevTerm 0
007531 LEAD S0: 2 append success next 1 match 0
007531 LEAD S0: 1 append success next 1 match 0
008031 LEAD S0: prevLog &raft.Entry{Command:interface {}(nil), Term:0, Index:0}
008031 LEAD S0: prevLog &raft.Entry{Command:interface {}(nil), Term:0, Index:0}
008032 INFO S1: (term 1) follower 收到 [0] AppendEntries [], prevIndex 0, prevTerm 0
008032 INFO S2: (term 1) follower 收到 [0] AppendEntries [], prevIndex 0, prevTerm 0
008032 LEAD S0: 1 append success next 1 match 0
008032 LEAD S0: 2 append success next 1 match 0
008533 LEAD S0: prevLog &raft.Entry{Command:interface {}(nil), Term:0, Index:0}
008533 LEAD S0: prevLog &raft.Entry{Command:interface {}(nil), Term:0, Index:0}
008534 INFO S2: (term 1) follower 收到 [0] AppendEntries [], prevIndex 0, prevTerm 0
008534 INFO S1: (term 1) follower 收到 [0] AppendEntries [], prevIndex 0, prevTerm 0
008534 LEAD S0: 2 append success next 1 match 0
008534 LEAD S0: 1 append success next 1 match 0
009035 LEAD S0: prevLog &raft.Entry{Command:interface {}(nil), Term:0, Index:0}
009035 LEAD S0: prevLog &raft.Entry{Command:interface {}(nil), Term:0, Index:0}
009036 INFO S2: (term 1) follower 收到 [0] AppendEntries [], prevIndex 0, prevTerm 0
009036 INFO S1: (term 1) follower 收到 [0] AppendEntries [], prevIndex 0, prevTerm 0
009036 LEAD S0: 2 append success next 1 match 0
009036 LEAD S0: 1 append success next 1 match 0
009537 LEAD S0: prevLog &raft.Entry{Command:interface {}(nil), Term:0, Index:0}
009537 LEAD S0: prevLog &raft.Entry{Command:interface {}(nil), Term:0, Index:0}
009538 INFO S1: (term 1) follower 收到 [0] AppendEntries [], prevIndex 0, prevTerm 0
009538 INFO S2: (term 1) follower 收到 [0] AppendEntries [], prevIndex 0, prevTerm 0
009538 LEAD S0: 1 append success next 1 match 0
009539 LEAD S0: 2 append success next 1 match 0
010038 LEAD S0: prevLog &raft.Entry{Command:interface {}(nil), Term:0, Index:0}
010038 LEAD S0: prevLog &raft.Entry{Command:interface {}(nil), Term:0, Index:0}
010039 INFO S2: (term 1) follower 收到 [0] AppendEntries [], prevIndex 0, prevTerm 0
010040 LEAD S0: 2 append success next 1 match 0
010039 INFO S1: (term 1) follower 收到 [0] AppendEntries [], prevIndex 0, prevTerm 0
010040 LEAD S0: 1 append success next 1 match 0
010540 LEAD S0: prevLog &raft.Entry{Command:interface {}(nil), Term:0, Index:0}
010540 LEAD S0: prevLog &raft.Entry{Command:interface {}(nil), Term:0, Index:0}
010541 INFO S1: (term 1) follower 收到 [0] AppendEntries [], prevIndex 0, prevTerm 0
010541 INFO S2: (term 1) follower 收到 [0] AppendEntries [], prevIndex 0, prevTerm 0
010541 LEAD S0: 1 append success next 1 match 0
010541 LEAD S0: 2 append success next 1 match 0
011041 LEAD S0: prevLog &raft.Entry{Command:interface {}(nil), Term:0, Index:0}
011041 LEAD S0: prevLog &raft.Entry{Command:interface {}(nil), Term:0, Index:0}
011042 INFO S2: (term 1) follower 收到 [0] AppendEntries [], prevIndex 0, prevTerm 0
011042 INFO S1: (term 1) follower 收到 [0] AppendEntries [], prevIndex 0, prevTerm 0
011043 LEAD S0: 2 append success next 1 match 0
011043 LEAD S0: 1 append success next 1 match 0
011543 LEAD S0: prevLog &raft.Entry{Command:interface {}(nil), Term:0, Index:0}
011543 LEAD S0: prevLog &raft.Entry{Command:interface {}(nil), Term:0, Index:0}
011544 INFO S1: (term 1) follower 收到 [0] AppendEntries [], prevIndex 0, prevTerm 0
011544 INFO S2: (term 1) follower 收到 [0] AppendEntries [], prevIndex 0, prevTerm 0
011544 LEAD S0: 1 append success next 1 match 0
011544 LEAD S0: 2 append success next 1 match 0
012045 LEAD S0: prevLog &raft.Entry{Command:interface {}(nil), Term:0, Index:0}
012045 LEAD S0: prevLog &raft.Entry{Command:interface {}(nil), Term:0, Index:0}
012046 INFO S2: (term 1) follower 收到 [0] AppendEntries [], prevIndex 0, prevTerm 0
012046 INFO S1: (term 1) follower 收到 [0] AppendEntries [], prevIndex 0, prevTerm 0
012046 LEAD S0: 2 append success next 1 match 0
012046 LEAD S0: 1 append success next 1 match 0
012546 LEAD S0: prevLog &raft.Entry{Command:interface {}(nil), Term:0, Index:0}
012547 LEAD S0: prevLog &raft.Entry{Command:interface {}(nil), Term:0, Index:0}
012547 INFO S1: (term 1) follower 收到 [0] AppendEntries [], prevIndex 0, prevTerm 0
012547 INFO S2: (term 1) follower 收到 [0] AppendEntries [], prevIndex 0, prevTerm 0
012548 LEAD S0: 1 append success next 1 match 0
012548 LEAD S0: 2 append success next 1 match 0
013048 LEAD S0: prevLog &raft.Entry{Command:interface {}(nil), Term:0, Index:0}
013048 LEAD S0: prevLog &raft.Entry{Command:interface {}(nil), Term:0, Index:0}
013049 INFO S1: (term 1) follower 收到 [0] AppendEntries [], prevIndex 0, prevTerm 0
013049 INFO S2: (term 1) follower 收到 [0] AppendEntries [], prevIndex 0, prevTerm 0
013049 LEAD S0: 1 append success next 1 match 0
013049 LEAD S0: 2 append success next 1 match 0
013549 LEAD S0: prevLog &raft.Entry{Command:interface {}(nil), Term:0, Index:0}
013550 LEAD S0: prevLog &raft.Entry{Command:interface {}(nil), Term:0, Index:0}
013550 INFO S2: (term 1) follower 收到 [0] AppendEntries [], prevIndex 0, prevTerm 0
013550 INFO S1: (term 1) follower 收到 [0] AppendEntries [], prevIndex 0, prevTerm 0
013551 LEAD S0: 2 append success next 1 match 0
013551 LEAD S0: 1 append success next 1 match 0
014051 LEAD S0: prevLog &raft.Entry{Command:interface {}(nil), Term:0, Index:0}
014051 LEAD S0: prevLog &raft.Entry{Command:interface {}(nil), Term:0, Index:0}
014052 INFO S2: (term 1) follower 收到 [0] AppendEntries [], prevIndex 0, prevTerm 0
014052 LEAD S0: 2 append success next 1 match 0
014053 INFO S1: (term 1) follower 收到 [0] AppendEntries [], prevIndex 0, prevTerm 0
014053 LEAD S0: 1 append success next 1 match 0
014553 LEAD S0: prevLog &raft.Entry{Command:interface {}(nil), Term:0, Index:0}
014553 LEAD S0: prevLog &raft.Entry{Command:interface {}(nil), Term:0, Index:0}
014554 INFO S1: (term 1) follower 收到 [0] AppendEntries [], prevIndex 0, prevTerm 0
014554 INFO S2: (term 1) follower 收到 [0] AppendEntries [], prevIndex 0, prevTerm 0
014554 LEAD S0: 1 append success next 1 match 0
014554 LEAD S0: 2 append success next 1 match 0
015055 LEAD S0: prevLog &raft.Entry{Command:interface {}(nil), Term:0, Index:0}
015055 LEAD S0: prevLog &raft.Entry{Command:interface {}(nil), Term:0, Index:0}
015056 INFO S1: (term 1) follower 收到 [0] AppendEntries [], prevIndex 0, prevTerm 0
015056 INFO S2: (term 1) follower 收到 [0] AppendEntries [], prevIndex 0, prevTerm 0
015056 LEAD S0: 1 append success next 1 match 0
015056 LEAD S0: 2 append success next 1 match 0
015557 LEAD S0: prevLog &raft.Entry{Command:interface {}(nil), Term:0, Index:0}
015557 LEAD S0: prevLog &raft.Entry{Command:interface {}(nil), Term:0, Index:0}
015558 INFO S2: (term 1) follower 收到 [0] AppendEntries [], prevIndex 0, prevTerm 0
015558 LEAD S0: 2 append success next 1 match 0
015558 INFO S1: (term 1) follower 收到 [0] AppendEntries [], prevIndex 0, prevTerm 0
015559 LEAD S0: 1 append success next 1 match 0
016058 LEAD S0: prevLog &raft.Entry{Command:interface {}(nil), Term:0, Index:0}
016059 LEAD S0: prevLog &raft.Entry{Command:interface {}(nil), Term:0, Index:0}
016059 INFO S1: (term 1) follower 收到 [0] AppendEntries [], prevIndex 0, prevTerm 0
016059 INFO S2: (term 1) follower 收到 [0] AppendEntries [], prevIndex 0, prevTerm 0
016060 LEAD S0: 1 append success next 1 match 0
016060 LEAD S0: 2 append success next 1 match 0
016560 LEAD S0: prevLog &raft.Entry{Command:interface {}(nil), Term:0, Index:0}
016560 LEAD S0: prevLog &raft.Entry{Command:interface {}(nil), Term:0, Index:0}
016561 INFO S2: (term 1) follower 收到 [0] AppendEntries [], prevIndex 0, prevTerm 0
016561 LEAD S0: 2 append success next 1 match 0
016561 INFO S1: (term 1) follower 收到 [0] AppendEntries [], prevIndex 0, prevTerm 0
016562 LEAD S0: 1 append success next 1 match 0
017061 LEAD S0: prevLog &raft.Entry{Command:interface {}(nil), Term:0, Index:0}
017062 LEAD S0: prevLog &raft.Entry{Command:interface {}(nil), Term:0, Index:0}
017062 INFO S2: (term 1) follower 收到 [0] AppendEntries [], prevIndex 0, prevTerm 0
017063 LEAD S0: 2 append success next 1 match 0
017063 INFO S1: (term 1) follower 收到 [0] AppendEntries [], prevIndex 0, prevTerm 0
017063 LEAD S0: 1 append success next 1 match 0
017564 LEAD S0: prevLog &raft.Entry{Command:interface {}(nil), Term:0, Index:0}
017564 LEAD S0: prevLog &raft.Entry{Command:interface {}(nil), Term:0, Index:0}
017565 INFO S2: (term 1) follower 收到 [0] AppendEntries [], prevIndex 0, prevTerm 0
017565 INFO S1: (term 1) follower 收到 [0] AppendEntries [], prevIndex 0, prevTerm 0
017566 LEAD S0: 2 append success next 1 match 0
017566 LEAD S0: 1 append success next 1 match 0
018066 LEAD S0: prevLog &raft.Entry{Command:interface {}(nil), Term:0, Index:0}
018066 LEAD S0: prevLog &raft.Entry{Command:interface {}(nil), Term:0, Index:0}
018067 INFO S1: (term 1) follower 收到 [0] AppendEntries [], prevIndex 0, prevTerm 0
018067 INFO S2: (term 1) follower 收到 [0] AppendEntries [], prevIndex 0, prevTerm 0
018067 LEAD S0: 1 append success next 1 match 0
018067 LEAD S0: 2 append success next 1 match 0
018567 LEAD S0: prevLog &raft.Entry{Command:interface {}(nil), Term:0, Index:0}
018568 LEAD S0: prevLog &raft.Entry{Command:interface {}(nil), Term:0, Index:0}
018568 INFO S1: (term 1) follower 收到 [0] AppendEntries [], prevIndex 0, prevTerm 0
018568 INFO S2: (term 1) follower 收到 [0] AppendEntries [], prevIndex 0, prevTerm 0
018569 LEAD S0: 1 append success next 1 match 0
018569 LEAD S0: 2 append success next 1 match 0
019069 LEAD S0: prevLog &raft.Entry{Command:interface {}(nil), Term:0, Index:0}
019069 LEAD S0: prevLog &raft.Entry{Command:interface {}(nil), Term:0, Index:0}
019070 INFO S2: (term 1) follower 收到 [0] AppendEntries [], prevIndex 0, prevTerm 0
019070 LEAD S0: 2 append success next 1 match 0
019071 INFO S1: (term 1) follower 收到 [0] AppendEntries [], prevIndex 0, prevTerm 0
019071 LEAD S0: 1 append success next 1 match 0
019572 LEAD S0: prevLog &raft.Entry{Command:interface {}(nil), Term:0, Index:0}
019572 LEAD S0: prevLog &raft.Entry{Command:interface {}(nil), Term:0, Index:0}
019573 INFO S2: (term 1) follower 收到 [0] AppendEntries [], prevIndex 0, prevTerm 0
019573 INFO S1: (term 1) follower 收到 [0] AppendEntries [], prevIndex 0, prevTerm 0
019573 LEAD S0: 1 append success next 1 match 0
019573 LEAD S0: 2 append success next 1 match 0
020074 LEAD S0: prevLog &raft.Entry{Command:interface {}(nil), Term:0, Index:0}
020075 LEAD S0: prevLog &raft.Entry{Command:interface {}(nil), Term:0, Index:0}
020075 INFO S2: (term 1) follower 收到 [0] AppendEntries [], prevIndex 0, prevTerm 0
020076 LEAD S0: 2 append success next 1 match 0
020076 INFO S1: (term 1) follower 收到 [0] AppendEntries [], prevIndex 0, prevTerm 0
020076 LEAD S0: 1 append success next 1 match 0
020577 LEAD S0: prevLog &raft.Entry{Command:interface {}(nil), Term:0, Index:0}
020577 LEAD S0: prevLog &raft.Entry{Command:interface {}(nil), Term:0, Index:0}
020578 INFO S1: (term 1) follower 收到 [0] AppendEntries [], prevIndex 0, prevTerm 0
020578 INFO S2: (term 1) follower 收到 [0] AppendEntries [], prevIndex 0, prevTerm 0
020579 LEAD S0: 2 append success next 1 match 0
020579 LEAD S0: 1 append success next 1 match 0
021079 LEAD S0: prevLog &raft.Entry{Command:interface {}(nil), Term:0, Index:0}
021079 LEAD S0: prevLog &raft.Entry{Command:interface {}(nil), Term:0, Index:0}
021081 INFO S1: (term 1) follower 收到 [0] AppendEntries [], prevIndex 0, prevTerm 0
021081 INFO S2: (term 1) follower 收到 [0] AppendEntries [], prevIndex 0, prevTerm 0
021082 LEAD S0: 2 append success next 1 match 0
021082 LEAD S0: 1 append success next 1 match 0
021581 LEAD S0: prevLog &raft.Entry{Command:interface {}(nil), Term:0, Index:0}
021581 LEAD S0: prevLog &raft.Entry{Command:interface {}(nil), Term:0, Index:0}
021582 INFO S1: (term 1) follower 收到 [0] AppendEntries [], prevIndex 0, prevTerm 0
021582 INFO S2: (term 1) follower 收到 [0] AppendEntries [], prevIndex 0, prevTerm 0
021582 LEAD S0: 1 append success next 1 match 0
021583 LEAD S0: 2 append success next 1 match 0
022083 LEAD S0: prevLog &raft.Entry{Command:interface {}(nil), Term:0, Index:0}
022083 LEAD S0: prevLog &raft.Entry{Command:interface {}(nil), Term:0, Index:0}
022083 INFO S2: (term 1) follower 收到 [0] AppendEntries [], prevIndex 0, prevTerm 0
022084 LEAD S0: 2 append success next 1 match 0
022084 INFO S1: (term 1) follower 收到 [0] AppendEntries [], prevIndex 0, prevTerm 0
022085 LEAD S0: 1 append success next 1 match 0
022584 LEAD S0: prevLog &raft.Entry{Command:interface {}(nil), Term:0, Index:0}
022585 LEAD S0: prevLog &raft.Entry{Command:interface {}(nil), Term:0, Index:0}
022585 INFO S2: (term 1) follower 收到 [0] AppendEntries [], prevIndex 0, prevTerm 0
022585 INFO S1: (term 1) follower 收到 [0] AppendEntries [], prevIndex 0, prevTerm 0
022586 LEAD S0: 2 append success next 1 match 0
022586 LEAD S0: 1 append success next 1 match 0
023086 LEAD S0: prevLog &raft.Entry{Command:interface {}(nil), Term:0, Index:0}
023086 LEAD S0: prevLog &raft.Entry{Command:interface {}(nil), Term:0, Index:0}
023087 INFO S2: (term 1) follower 收到 [0] AppendEntries [], prevIndex 0, prevTerm 0
023087 INFO S1: (term 1) follower 收到 [0] AppendEntries [], prevIndex 0, prevTerm 0
023087 LEAD S0: 1 append success next 1 match 0
023088 LEAD S0: 2 append success next 1 match 0
023588 LEAD S0: prevLog &raft.Entry{Command:interface {}(nil), Term:0, Index:0}
023588 LEAD S0: prevLog &raft.Entry{Command:interface {}(nil), Term:0, Index:0}
023589 INFO S2: (term 1) follower 收到 [0] AppendEntries [], prevIndex 0, prevTerm 0
023589 LEAD S0: 2 append success next 1 match 0
023589 INFO S1: (term 1) follower 收到 [0] AppendEntries [], prevIndex 0, prevTerm 0
023590 LEAD S0: 1 append success next 1 match 0
024089 LEAD S0: prevLog &raft.Entry{Command:interface {}(nil), Term:0, Index:0}
024089 LEAD S0: prevLog &raft.Entry{Command:interface {}(nil), Term:0, Index:0}
024090 INFO S1: (term 1) follower 收到 [0] AppendEntries [], prevIndex 0, prevTerm 0
024090 LEAD S0: 1 append success next 1 match 0
024090 INFO S2: (term 1) follower 收到 [0] AppendEntries [], prevIndex 0, prevTerm 0
024091 LEAD S0: 2 append success next 1 match 0
024592 LEAD S0: prevLog &raft.Entry{Command:interface {}(nil), Term:0, Index:0}
024592 LEAD S0: prevLog &raft.Entry{Command:interface {}(nil), Term:0, Index:0}
024593 INFO S1: (term 1) follower 收到 [0] AppendEntries [], prevIndex 0, prevTerm 0
024593 INFO S2: (term 1) follower 收到 [0] AppendEntries [], prevIndex 0, prevTerm 0
024593 LEAD S0: 1 append success next 1 match 0
024593 LEAD S0: 2 append success next 1 match 0
025093 LEAD S0: prevLog &raft.Entry{Command:interface {}(nil), Term:0, Index:0}
025094 LEAD S0: prevLog &raft.Entry{Command:interface {}(nil), Term:0, Index:0}
025094 INFO S2: (term 1) follower 收到 [0] AppendEntries [], prevIndex 0, prevTerm 0
025095 LEAD S0: 2 append success next 1 match 0
025095 INFO S1: (term 1) follower 收到 [0] AppendEntries [], prevIndex 0, prevTerm 0
025095 LEAD S0: 1 append success next 1 match 0
025596 LEAD S0: prevLog &raft.Entry{Command:interface {}(nil), Term:0, Index:0}
025596 LEAD S0: prevLog &raft.Entry{Command:interface {}(nil), Term:0, Index:0}
025597 INFO S1: (term 1) follower 收到 [0] AppendEntries [], prevIndex 0, prevTerm 0
025597 INFO S2: (term 1) follower 收到 [0] AppendEntries [], prevIndex 0, prevTerm 0
025597 LEAD S0: 1 append success next 1 match 0
025597 LEAD S0: 2 append success next 1 match 0
026098 LEAD S0: prevLog &raft.Entry{Command:interface {}(nil), Term:0, Index:0}
026098 LEAD S0: prevLog &raft.Entry{Command:interface {}(nil), Term:0, Index:0}
026099 INFO S2: (term 1) follower 收到 [0] AppendEntries [], prevIndex 0, prevTerm 0
026099 INFO S1: (term 1) follower 收到 [0] AppendEntries [], prevIndex 0, prevTerm 0
026099 LEAD S0: 1 append success next 1 match 0
026099 LEAD S0: 2 append success next 1 match 0
026600 LEAD S0: prevLog &raft.Entry{Command:interface {}(nil), Term:0, Index:0}
026600 LEAD S0: prevLog &raft.Entry{Command:interface {}(nil), Term:0, Index:0}
026601 INFO S2: (term 1) follower 收到 [0] AppendEntries [], prevIndex 0, prevTerm 0
026601 LEAD S0: 2 append success next 1 match 0
026602 INFO S1: (term 1) follower 收到 [0] AppendEntries [], prevIndex 0, prevTerm 0
026602 LEAD S0: 1 append success next 1 match 0
027102 LEAD S0: prevLog &raft.Entry{Command:interface {}(nil), Term:0, Index:0}
027102 LEAD S0: prevLog &raft.Entry{Command:interface {}(nil), Term:0, Index:0}
027103 INFO S2: (term 1) follower 收到 [0] AppendEntries [], prevIndex 0, prevTerm 0
027103 INFO S1: (term 1) follower 收到 [0] AppendEntries [], prevIndex 0, prevTerm 0
027103 LEAD S0: 2 append success next 1 match 0
027104 LEAD S0: 1 append success next 1 match 0
027604 LEAD S0: prevLog &raft.Entry{Command:interface {}(nil), Term:0, Index:0}
027604 LEAD S0: prevLog &raft.Entry{Command:interface {}(nil), Term:0, Index:0}
027605 INFO S2: (term 1) follower 收到 [0] AppendEntries [], prevIndex 0, prevTerm 0
027605 INFO S1: (term 1) follower 收到 [0] AppendEntries [], prevIndex 0, prevTerm 0
027605 LEAD S0: 2 append success next 1 match 0
027605 LEAD S0: 1 append success next 1 match 0
028106 LEAD S0: prevLog &raft.Entry{Command:interface {}(nil), Term:0, Index:0}
028106 LEAD S0: prevLog &raft.Entry{Command:interface {}(nil), Term:0, Index:0}
028108 INFO S2: (term 1) follower 收到 [0] AppendEntries [], prevIndex 0, prevTerm 0
028109 INFO S1: (term 1) follower 收到 [0] AppendEntries [], prevIndex 0, prevTerm 0
028109 LEAD S0: 2 append success next 1 match 0
028110 LEAD S0: 1 append success next 1 match 0
028609 LEAD S0: prevLog &raft.Entry{Command:interface {}(nil), Term:0, Index:0}
028609 LEAD S0: prevLog &raft.Entry{Command:interface {}(nil), Term:0, Index:0}
028610 INFO S2: (term 1) follower 收到 [0] AppendEntries [], prevIndex 0, prevTerm 0
028610 INFO S1: (term 1) follower 收到 [0] AppendEntries [], prevIndex 0, prevTerm 0
028611 LEAD S0: 2 append success next 1 match 0
028611 LEAD S0: 1 append success next 1 match 0
029111 LEAD S0: prevLog &raft.Entry{Command:interface {}(nil), Term:0, Index:0}
029111 LEAD S0: prevLog &raft.Entry{Command:interface {}(nil), Term:0, Index:0}
029112 INFO S1: (term 1) follower 收到 [0] AppendEntries [], prevIndex 0, prevTerm 0
029112 INFO S2: (term 1) follower 收到 [0] AppendEntries [], prevIndex 0, prevTerm 0
029112 LEAD S0: 1 append success next 1 match 0
029112 LEAD S0: 2 append success next 1 match 0
029612 LEAD S0: prevLog &raft.Entry{Command:interface {}(nil), Term:0, Index:0}
029613 LEAD S0: prevLog &raft.Entry{Command:interface {}(nil), Term:0, Index:0}
029613 INFO S1: (term 1) follower 收到 [0] AppendEntries [], prevIndex 0, prevTerm 0
029613 INFO S2: (term 1) follower 收到 [0] AppendEntries [], prevIndex 0, prevTerm 0
029614 LEAD S0: 1 append success next 1 match 0
029614 LEAD S0: 2 append success next 1 match 0
030114 LEAD S0: prevLog &raft.Entry{Command:interface {}(nil), Term:0, Index:0}
030114 LEAD S0: prevLog &raft.Entry{Command:interface {}(nil), Term:0, Index:0}
030115 INFO S1: (term 1) follower 收到 [0] AppendEntries [], prevIndex 0, prevTerm 0
030115 INFO S2: (term 1) follower 收到 [0] AppendEntries [], prevIndex 0, prevTerm 0
030115 LEAD S0: 1 append success next 1 match 0
030115 LEAD S0: 2 append success next 1 match 0
030616 LEAD S0: prevLog &raft.Entry{Command:interface {}(nil), Term:0, Index:0}
030616 LEAD S0: prevLog &raft.Entry{Command:interface {}(nil), Term:0, Index:0}
030616 INFO S1: (term 1) follower 收到 [0] AppendEntries [], prevIndex 0, prevTerm 0
030617 LEAD S0: 1 append success next 1 match 0
030617 INFO S2: (term 1) follower 收到 [0] AppendEntries [], prevIndex 0, prevTerm 0
030617 LEAD S0: 2 append success next 1 match 0
031118 LEAD S0: prevLog &raft.Entry{Command:interface {}(nil), Term:0, Index:0}
031119 LEAD S0: prevLog &raft.Entry{Command:interface {}(nil), Term:0, Index:0}
031119 INFO S1: (term 1) follower 收到 [0] AppendEntries [], prevIndex 0, prevTerm 0
031120 INFO S2: (term 1) follower 收到 [0] AppendEntries [], prevIndex 0, prevTerm 0
031120 LEAD S0: 1 append success next 1 match 0
031120 LEAD S0: 2 append success next 1 match 0
031620 LEAD S0: prevLog &raft.Entry{Command:interface {}(nil), Term:0, Index:0}
031620 LEAD S0: prevLog &raft.Entry{Command:interface {}(nil), Term:0, Index:0}
031621 INFO S1: (term 1) follower 收到 [0] AppendEntries [], prevIndex 0, prevTerm 0
031621 INFO S2: (term 1) follower 收到 [0] AppendEntries [], prevIndex 0, prevTerm 0
031622 LEAD S0: 1 append success next 1 match 0
031622 LEAD S0: 2 append success next 1 match 0
032122 LEAD S0: prevLog &raft.Entry{Command:interface {}(nil), Term:0, Index:0}
032122 LEAD S0: prevLog &raft.Entry{Command:interface {}(nil), Term:0, Index:0}
032123 INFO S1: (term 1) follower 收到 [0] AppendEntries [], prevIndex 0, prevTerm 0
032123 LEAD S0: 1 append success next 1 match 0
032123 INFO S2: (term 1) follower 收到 [0] AppendEntries [], prevIndex 0, prevTerm 0
032123 LEAD S0: 2 append success next 1 match 0
032625 LEAD S0: prevLog &raft.Entry{Command:interface {}(nil), Term:0, Index:0}
032625 LEAD S0: prevLog &raft.Entry{Command:interface {}(nil), Term:0, Index:0}
032626 INFO S1: (term 1) follower 收到 [0] AppendEntries [], prevIndex 0, prevTerm 0
032626 LEAD S0: 1 append success next 1 match 0
032626 INFO S2: (term 1) follower 收到 [0] AppendEntries [], prevIndex 0, prevTerm 0
032626 LEAD S0: 2 append success next 1 match 0
033127 LEAD S0: prevLog &raft.Entry{Command:interface {}(nil), Term:0, Index:0}
033127 LEAD S0: prevLog &raft.Entry{Command:interface {}(nil), Term:0, Index:0}
033128 INFO S2: (term 1) follower 收到 [0] AppendEntries [], prevIndex 0, prevTerm 0
033128 INFO S1: (term 1) follower 收到 [0] AppendEntries [], prevIndex 0, prevTerm 0
033128 LEAD S0: 2 append success next 1 match 0
033128 LEAD S0: 1 append success next 1 match 0
033629 LEAD S0: prevLog &raft.Entry{Command:interface {}(nil), Term:0, Index:0}
033629 LEAD S0: prevLog &raft.Entry{Command:interface {}(nil), Term:0, Index:0}
033629 INFO S2: (term 1) follower 收到 [0] AppendEntries [], prevIndex 0, prevTerm 0
033630 LEAD S0: 2 append success next 1 match 0
033630 INFO S1: (term 1) follower 收到 [0] AppendEntries [], prevIndex 0, prevTerm 0
033631 LEAD S0: 1 append success next 1 match 0
034130 LEAD S0: prevLog &raft.Entry{Command:interface {}(nil), Term:0, Index:0}
034130 LEAD S0: prevLog &raft.Entry{Command:interface {}(nil), Term:0, Index:0}
034131 INFO S2: (term 1) follower 收到 [0] AppendEntries [], prevIndex 0, prevTerm 0
034131 INFO S1: (term 1) follower 收到 [0] AppendEntries [], prevIndex 0, prevTerm 0
034131 LEAD S0: 2 append success next 1 match 0
034134 LEAD S0: 1 append success next 1 match 0
034632 LEAD S0: prevLog &raft.Entry{Command:interface {}(nil), Term:0, Index:0}
034632 LEAD S0: prevLog &raft.Entry{Command:interface {}(nil), Term:0, Index:0}
034633 INFO S2: (term 1) follower 收到 [0] AppendEntries [], prevIndex 0, prevTerm 0
034633 LEAD S0: 2 append success next 1 match 0
034633 INFO S1: (term 1) follower 收到 [0] AppendEntries [], prevIndex 0, prevTerm 0
034634 LEAD S0: 1 append success next 1 match 0
035134 LEAD S0: prevLog &raft.Entry{Command:interface {}(nil), Term:0, Index:0}
035134 LEAD S0: prevLog &raft.Entry{Command:interface {}(nil), Term:0, Index:0}
035135 INFO S1: (term 1) follower 收到 [0] AppendEntries [], prevIndex 0, prevTerm 0
035135 LEAD S0: 1 append success next 1 match 0
035135 INFO S2: (term 1) follower 收到 [0] AppendEntries [], prevIndex 0, prevTerm 0
035135 LEAD S0: 2 append success next 1 match 0
035636 LEAD S0: prevLog &raft.Entry{Command:interface {}(nil), Term:0, Index:0}
035636 LEAD S0: prevLog &raft.Entry{Command:interface {}(nil), Term:0, Index:0}
035636 INFO S2: (term 1) follower 收到 [0] AppendEntries [], prevIndex 0, prevTerm 0
035637 INFO S1: (term 1) follower 收到 [0] AppendEntries [], prevIndex 0, prevTerm 0
035637 LEAD S0: 2 append success next 1 match 0
035637 LEAD S0: 1 append success next 1 match 0
036137 LEAD S0: prevLog &raft.Entry{Command:interface {}(nil), Term:0, Index:0}
036137 LEAD S0: prevLog &raft.Entry{Command:interface {}(nil), Term:0, Index:0}
036138 INFO S2: (term 1) follower 收到 [0] AppendEntries [], prevIndex 0, prevTerm 0
036138 INFO S1: (term 1) follower 收到 [0] AppendEntries [], prevIndex 0, prevTerm 0
036139 LEAD S0: 2 append success next 1 match 0
036139 LEAD S0: 1 append success next 1 match 0
036639 LEAD S0: prevLog &raft.Entry{Command:interface {}(nil), Term:0, Index:0}
036639 LEAD S0: prevLog &raft.Entry{Command:interface {}(nil), Term:0, Index:0}
036640 INFO S1: (term 1) follower 收到 [0] AppendEntries [], prevIndex 0, prevTerm 0
036640 INFO S2: (term 1) follower 收到 [0] AppendEntries [], prevIndex 0, prevTerm 0
036640 LEAD S0: 1 append success next 1 match 0
036640 LEAD S0: 2 append success next 1 match 0
037140 LEAD S0: prevLog &raft.Entry{Command:interface {}(nil), Term:0, Index:0}
037141 LEAD S0: prevLog &raft.Entry{Command:interface {}(nil), Term:0, Index:0}
037141 INFO S1: (term 1) follower 收到 [0] AppendEntries [], prevIndex 0, prevTerm 0
037141 INFO S2: (term 1) follower 收到 [0] AppendEntries [], prevIndex 0, prevTerm 0
037142 LEAD S0: 1 append success next 1 match 0
037142 LEAD S0: 2 append success next 1 match 0
037642 LEAD S0: prevLog &raft.Entry{Command:interface {}(nil), Term:0, Index:0}
037642 LEAD S0: prevLog &raft.Entry{Command:interface {}(nil), Term:0, Index:0}
037643 INFO S1: (term 1) follower 收到 [0] AppendEntries [], prevIndex 0, prevTerm 0
037643 INFO S2: (term 1) follower 收到 [0] AppendEntries [], prevIndex 0, prevTerm 0
037643 LEAD S0: 1 append success next 1 match 0
037643 LEAD S0: 2 append success next 1 match 0
038144 LEAD S0: prevLog &raft.Entry{Command:interface {}(nil), Term:0, Index:0}
038144 LEAD S0: prevLog &raft.Entry{Command:interface {}(nil), Term:0, Index:0}
038145 INFO S2: (term 1) follower 收到 [0] AppendEntries [], prevIndex 0, prevTerm 0
038145 LEAD S0: 2 append success next 1 match 0
038146 INFO S1: (term 1) follower 收到 [0] AppendEntries [], prevIndex 0, prevTerm 0
038146 LEAD S0: 1 append success next 1 match 0
038646 LEAD S0: prevLog &raft.Entry{Command:interface {}(nil), Term:0, Index:0}
038646 LEAD S0: prevLog &raft.Entry{Command:interface {}(nil), Term:0, Index:0}
038647 INFO S1: (term 1) follower 收到 [0] AppendEntries [], prevIndex 0, prevTerm 0
038647 INFO S2: (term 1) follower 收到 [0] AppendEntries [], prevIndex 0, prevTerm 0
038647 LEAD S0: 2 append success next 1 match 0
038647 LEAD S0: 1 append success next 1 match 0
039148 LEAD S0: prevLog &raft.Entry{Command:interface {}(nil), Term:0, Index:0}
039148 LEAD S0: prevLog &raft.Entry{Command:interface {}(nil), Term:0, Index:0}
039149 INFO S1: (term 1) follower 收到 [0] AppendEntries [], prevIndex 0, prevTerm 0
039149 INFO S2: (term 1) follower 收到 [0] AppendEntries [], prevIndex 0, prevTerm 0
039149 LEAD S0: 1 append success next 1 match 0
039150 LEAD S0: 2 append success next 1 match 0
039650 LEAD S0: prevLog &raft.Entry{Command:interface {}(nil), Term:0, Index:0}
039650 LEAD S0: prevLog &raft.Entry{Command:interface {}(nil), Term:0, Index:0}
039651 INFO S1: (term 1) follower 收到 [0] AppendEntries [], prevIndex 0, prevTerm 0
039651 INFO S2: (term 1) follower 收到 [0] AppendEntries [], prevIndex 0, prevTerm 0
039651 LEAD S0: 1 append success next 1 match 0
039651 LEAD S0: 2 append success next 1 match 0
040151 LEAD S0: prevLog &raft.Entry{Command:interface {}(nil), Term:0, Index:0}
040152 LEAD S0: prevLog &raft.Entry{Command:interface {}(nil), Term:0, Index:0}
040152 INFO S1: (term 1) follower 收到 [0] AppendEntries [], prevIndex 0, prevTerm 0
040153 INFO S2: (term 1) follower 收到 [0] AppendEntries [], prevIndex 0, prevTerm 0
040153 LEAD S0: 1 append success next 1 match 0
040153 LEAD S0: 2 append success next 1 match 0
040653 LEAD S0: prevLog &raft.Entry{Command:interface {}(nil), Term:0, Index:0}
040654 LEAD S0: prevLog &raft.Entry{Command:interface {}(nil), Term:0, Index:0}
040654 INFO S1: (term 1) follower 收到 [0] AppendEntries [], prevIndex 0, prevTerm 0
040654 INFO S2: (term 1) follower 收到 [0] AppendEntries [], prevIndex 0, prevTerm 0
040655 LEAD S0: 1 append success next 1 match 0
040655 LEAD S0: 2 append success next 1 match 0
041155 LEAD S0: prevLog &raft.Entry{Command:interface {}(nil), Term:0, Index:0}
041155 LEAD S0: prevLog &raft.Entry{Command:interface {}(nil), Term:0, Index:0}
041156 INFO S2: (term 1) follower 收到 [0] AppendEntries [], prevIndex 0, prevTerm 0
041156 LEAD S0: 2 append success next 1 match 0
041156 INFO S1: (term 1) follower 收到 [0] AppendEntries [], prevIndex 0, prevTerm 0
041157 LEAD S0: 1 append success next 1 match 0
041658 LEAD S0: prevLog &raft.Entry{Command:interface {}(nil), Term:0, Index:0}
041658 LEAD S0: prevLog &raft.Entry{Command:interface {}(nil), Term:0, Index:0}
041659 INFO S1: (term 1) follower 收到 [0] AppendEntries [], prevIndex 0, prevTerm 0
041659 INFO S2: (term 1) follower 收到 [0] AppendEntries [], prevIndex 0, prevTerm 0
041659 LEAD S0: 1 append success next 1 match 0
041660 LEAD S0: 2 append success next 1 match 0
042160 LEAD S0: prevLog &raft.Entry{Command:interface {}(nil), Term:0, Index:0}
042160 LEAD S0: prevLog &raft.Entry{Command:interface {}(nil), Term:0, Index:0}
042160 INFO S2: (term 1) follower 收到 [0] AppendEntries [], prevIndex 0, prevTerm 0
042161 INFO S1: (term 1) follower 收到 [0] AppendEntries [], prevIndex 0, prevTerm 0
042161 LEAD S0: 2 append success next 1 match 0
042161 LEAD S0: 1 append success next 1 match 0
042661 LEAD S0: prevLog &raft.Entry{Command:interface {}(nil), Term:0, Index:0}
042661 LEAD S0: prevLog &raft.Entry{Command:interface {}(nil), Term:0, Index:0}
042662 INFO S1: (term 1) follower 收到 [0] AppendEntries [], prevIndex 0, prevTerm 0
042662 INFO S2: (term 1) follower 收到 [0] AppendEntries [], prevIndex 0, prevTerm 0
042662 LEAD S0: 1 append success next 1 match 0
042663 LEAD S0: 2 append success next 1 match 0
043163 LEAD S0: prevLog &raft.Entry{Command:interface {}(nil), Term:0, Index:0}
043163 LEAD S0: prevLog &raft.Entry{Command:interface {}(nil), Term:0, Index:0}
043164 INFO S2: (term 1) follower 收到 [0] AppendEntries [], prevIndex 0, prevTerm 0
043164 INFO S1: (term 1) follower 收到 [0] AppendEntries [], prevIndex 0, prevTerm 0
043164 LEAD S0: 2 append success next 1 match 0
043164 LEAD S0: 1 append success next 1 match 0
043664 LEAD S0: prevLog &raft.Entry{Command:interface {}(nil), Term:0, Index:0}
043665 LEAD S0: prevLog &raft.Entry{Command:interface {}(nil), Term:0, Index:0}
043665 INFO S2: (term 1) follower 收到 [0] AppendEntries [], prevIndex 0, prevTerm 0
043666 LEAD S0: 2 append success next 1 match 0
043666 INFO S1: (term 1) follower 收到 [0] AppendEntries [], prevIndex 0, prevTerm 0
043666 LEAD S0: 1 append success next 1 match 0
044167 LEAD S0: prevLog &raft.Entry{Command:interface {}(nil), Term:0, Index:0}
044167 LEAD S0: prevLog &raft.Entry{Command:interface {}(nil), Term:0, Index:0}
044168 INFO S2: (term 1) follower 收到 [0] AppendEntries [], prevIndex 0, prevTerm 0
044168 LEAD S0: 2 append success next 1 match 0
044169 INFO S1: (term 1) follower 收到 [0] AppendEntries [], prevIndex 0, prevTerm 0
044169 LEAD S0: 1 append success next 1 match 0
044669 LEAD S0: prevLog &raft.Entry{Command:interface {}(nil), Term:0, Index:0}
044669 LEAD S0: prevLog &raft.Entry{Command:interface {}(nil), Term:0, Index:0}
044670 INFO S1: (term 1) follower 收到 [0] AppendEntries [], prevIndex 0, prevTerm 0
044670 INFO S2: (term 1) follower 收到 [0] AppendEntries [], prevIndex 0, prevTerm 0
044670 LEAD S0: 1 append success next 1 match 0
044670 LEAD S0: 2 append success next 1 match 0
045171 LEAD S0: prevLog &raft.Entry{Command:interface {}(nil), Term:0, Index:0}
045171 LEAD S0: prevLog &raft.Entry{Command:interface {}(nil), Term:0, Index:0}
045172 INFO S1: (term 1) follower 收到 [0] AppendEntries [], prevIndex 0, prevTerm 0
045172 INFO S2: (term 1) follower 收到 [0] AppendEntries [], prevIndex 0, prevTerm 0
045172 LEAD S0: 1 append success next 1 match 0
045172 LEAD S0: 2 append success next 1 match 0
045672 LEAD S0: prevLog &raft.Entry{Command:interface {}(nil), Term:0, Index:0}
045673 LEAD S0: prevLog &raft.Entry{Command:interface {}(nil), Term:0, Index:0}
045673 INFO S2: (term 1) follower 收到 [0] AppendEntries [], prevIndex 0, prevTerm 0
045673 INFO S1: (term 1) follower 收到 [0] AppendEntries [], prevIndex 0, prevTerm 0
045674 LEAD S0: 2 append success next 1 match 0
045674 LEAD S0: 1 append success next 1 match 0
046174 LEAD S0: prevLog &raft.Entry{Command:interface {}(nil), Term:0, Index:0}
046175 LEAD S0: prevLog &raft.Entry{Command:interface {}(nil), Term:0, Index:0}
046175 INFO S1: (term 1) follower 收到 [0] AppendEntries [], prevIndex 0, prevTerm 0
046176 INFO S2: (term 1) follower 收到 [0] AppendEntries [], prevIndex 0, prevTerm 0
046176 LEAD S0: 1 append success next 1 match 0
046176 LEAD S0: 2 append success next 1 match 0
046676 LEAD S0: prevLog &raft.Entry{Command:interface {}(nil), Term:0, Index:0}
046676 LEAD S0: prevLog &raft.Entry{Command:interface {}(nil), Term:0, Index:0}
046677 INFO S1: (term 1) follower 收到 [0] AppendEntries [], prevIndex 0, prevTerm 0
046677 LEAD S0: 1 append success next 1 match 0
046677 INFO S2: (term 1) follower 收到 [0] AppendEntries [], prevIndex 0, prevTerm 0
046678 LEAD S0: 2 append success next 1 match 0
047178 LEAD S0: prevLog &raft.Entry{Command:interface {}(nil), Term:0, Index:0}
047179 LEAD S0: prevLog &raft.Entry{Command:interface {}(nil), Term:0, Index:0}
047180 INFO S1: (term 1) follower 收到 [0] AppendEntries [], prevIndex 0, prevTerm 0
047180 INFO S2: (term 1) follower 收到 [0] AppendEntries [], prevIndex 0, prevTerm 0
047180 LEAD S0: 1 append success next 1 match 0
047180 LEAD S0: 2 append success next 1 match 0
047680 LEAD S0: prevLog &raft.Entry{Command:interface {}(nil), Term:0, Index:0}
047680 LEAD S0: prevLog &raft.Entry{Command:interface {}(nil), Term:0, Index:0}
047681 INFO S2: (term 1) follower 收到 [0] AppendEntries [], prevIndex 0, prevTerm 0
047681 LEAD S0: 2 append success next 1 match 0
047682 INFO S1: (term 1) follower 收到 [0] AppendEntries [], prevIndex 0, prevTerm 0
047682 LEAD S0: 1 append success next 1 match 0
048182 LEAD S0: prevLog &raft.Entry{Command:interface {}(nil), Term:0, Index:0}
048183 LEAD S0: prevLog &raft.Entry{Command:interface {}(nil), Term:0, Index:0}
048184 INFO S1: (term 1) follower 收到 [0] AppendEntries [], prevIndex 0, prevTerm 0
048185 INFO S2: (term 1) follower 收到 [0] AppendEntries [], prevIndex 0, prevTerm 0
048185 LEAD S0: 1 append success next 1 match 0
048185 LEAD S0: 2 append success next 1 match 0
048685 LEAD S0: prevLog &raft.Entry{Command:interface {}(nil), Term:0, Index:0}
048685 LEAD S0: prevLog &raft.Entry{Command:interface {}(nil), Term:0, Index:0}
048687 INFO S1: (term 1) follower 收到 [0] AppendEntries [], prevIndex 0, prevTerm 0
048687 LEAD S0: 1 append success next 1 match 0
048687 INFO S2: (term 1) follower 收到 [0] AppendEntries [], prevIndex 0, prevTerm 0
048687 LEAD S0: 2 append success next 1 match 0
049186 LEAD S0: prevLog &raft.Entry{Command:interface {}(nil), Term:0, Index:0}
049187 LEAD S0: prevLog &raft.Entry{Command:interface {}(nil), Term:0, Index:0}
049188 INFO S2: (term 1) follower 收到 [0] AppendEntries [], prevIndex 0, prevTerm 0
049188 INFO S1: (term 1) follower 收到 [0] AppendEntries [], prevIndex 0, prevTerm 0
049188 LEAD S0: 2 append success next 1 match 0
049188 LEAD S0: 1 append success next 1 match 0
049688 LEAD S0: prevLog &raft.Entry{Command:interface {}(nil), Term:0, Index:0}
049688 LEAD S0: prevLog &raft.Entry{Command:interface {}(nil), Term:0, Index:0}
049689 INFO S1: (term 1) follower 收到 [0] AppendEntries [], prevIndex 0, prevTerm 0
049689 INFO S2: (term 1) follower 收到 [0] AppendEntries [], prevIndex 0, prevTerm 0
049689 LEAD S0: 1 append success next 1 match 0
049689 LEAD S0: 2 append success next 1 match 0
050190 LEAD S0: prevLog &raft.Entry{Command:interface {}(nil), Term:0, Index:0}
050190 LEAD S0: prevLog &raft.Entry{Command:interface {}(nil), Term:0, Index:0}
050191 INFO S1: (term 1) follower 收到 [0] AppendEntries [], prevIndex 0, prevTerm 0
050191 INFO S2: (term 1) follower 收到 [0] AppendEntries [], prevIndex 0, prevTerm 0
050191 LEAD S0: 2 append success next 1 match 0
050191 LEAD S0: 1 append success next 1 match 0
050691 LEAD S0: prevLog &raft.Entry{Command:interface {}(nil), Term:0, Index:0}
050692 LEAD S0: prevLog &raft.Entry{Command:interface {}(nil), Term:0, Index:0}
050692 INFO S1: (term 1) follower 收到 [0] AppendEntries [], prevIndex 0, prevTerm 0
050693 LEAD S0: 1 append success next 1 match 0
050692 INFO S2: (term 1) follower 收到 [0] AppendEntries [], prevIndex 0, prevTerm 0
050693 LEAD S0: 2 append success next 1 match 0
051193 LEAD S0: prevLog &raft.Entry{Command:interface {}(nil), Term:0, Index:0}
051193 LEAD S0: prevLog &raft.Entry{Command:interface {}(nil), Term:0, Index:0}
051194 INFO S2: (term 1) follower 收到 [0] AppendEntries [], prevIndex 0, prevTerm 0
051194 LEAD S0: 2 append success next 1 match 0
051196 INFO S1: (term 1) follower 收到 [0] AppendEntries [], prevIndex 0, prevTerm 0
051196 LEAD S0: 1 append success next 1 match 0
051695 LEAD S0: prevLog &raft.Entry{Command:interface {}(nil), Term:0, Index:0}
051695 LEAD S0: prevLog &raft.Entry{Command:interface {}(nil), Term:0, Index:0}
051696 INFO S1: (term 1) follower 收到 [0] AppendEntries [], prevIndex 0, prevTerm 0
051696 INFO S2: (term 1) follower 收到 [0] AppendEntries [], prevIndex 0, prevTerm 0
051696 LEAD S0: 1 append success next 1 match 0
051696 LEAD S0: 2 append success next 1 match 0
052198 LEAD S0: prevLog &raft.Entry{Command:interface {}(nil), Term:0, Index:0}
052198 LEAD S0: prevLog &raft.Entry{Command:interface {}(nil), Term:0, Index:0}
052198 INFO S2: (term 1) follower 收到 [0] AppendEntries [], prevIndex 0, prevTerm 0
052199 LEAD S0: 2 append success next 1 match 0
052199 INFO S1: (term 1) follower 收到 [0] AppendEntries [], prevIndex 0, prevTerm 0
052199 LEAD S0: 1 append success next 1 match 0
052699 LEAD S0: prevLog &raft.Entry{Command:interface {}(nil), Term:0, Index:0}
052699 LEAD S0: prevLog &raft.Entry{Command:interface {}(nil), Term:0, Index:0}
052700 INFO S1: (term 1) follower 收到 [0] AppendEntries [], prevIndex 0, prevTerm 0
052700 INFO S2: (term 1) follower 收到 [0] AppendEntries [], prevIndex 0, prevTerm 0
052700 LEAD S0: 1 append success next 1 match 0
052701 LEAD S0: 2 append success next 1 match 0
053201 LEAD S0: prevLog &raft.Entry{Command:interface {}(nil), Term:0, Index:0}
053201 LEAD S0: prevLog &raft.Entry{Command:interface {}(nil), Term:0, Index:0}
053202 INFO S1: (term 1) follower 收到 [0] AppendEntries [], prevIndex 0, prevTerm 0
053202 INFO S2: (term 1) follower 收到 [0] AppendEntries [], prevIndex 0, prevTerm 0
053202 LEAD S0: 1 append success next 1 match 0
053202 LEAD S0: 2 append success next 1 match 0
053702 LEAD S0: prevLog &raft.Entry{Command:interface {}(nil), Term:0, Index:0}
053703 LEAD S0: prevLog &raft.Entry{Command:interface {}(nil), Term:0, Index:0}
053703 INFO S1: (term 1) follower 收到 [0] AppendEntries [], prevIndex 0, prevTerm 0
053703 INFO S2: (term 1) follower 收到 [0] AppendEntries [], prevIndex 0, prevTerm 0
053704 LEAD S0: 2 append success next 1 match 0
053704 LEAD S0: 1 append success next 1 match 0
054204 LEAD S0: prevLog &raft.Entry{Command:interface {}(nil), Term:0, Index:0}
054204 LEAD S0: prevLog &raft.Entry{Command:interface {}(nil), Term:0, Index:0}
054205 INFO S2: (term 1) follower 收到 [0] AppendEntries [], prevIndex 0, prevTerm 0
054205 LEAD S0: 2 append success next 1 match 0
054205 INFO S1: (term 1) follower 收到 [0] AppendEntries [], prevIndex 0, prevTerm 0
054206 LEAD S0: 1 append success next 1 match 0
054707 LEAD S0: prevLog &raft.Entry{Command:interface {}(nil), Term:0, Index:0}
054707 LEAD S0: prevLog &raft.Entry{Command:interface {}(nil), Term:0, Index:0}
054708 INFO S2: (term 1) follower 收到 [0] AppendEntries [], prevIndex 0, prevTerm 0
054708 INFO S1: (term 1) follower 收到 [0] AppendEntries [], prevIndex 0, prevTerm 0
054708 LEAD S0: 2 append success next 1 match 0
054708 LEAD S0: 1 append success next 1 match 0
055209 LEAD S0: prevLog &raft.Entry{Command:interface {}(nil), Term:0, Index:0}
055209 LEAD S0: prevLog &raft.Entry{Command:interface {}(nil), Term:0, Index:0}
055209 INFO S1: (term 1) follower 收到 [0] AppendEntries [], prevIndex 0, prevTerm 0
055210 LEAD S0: 1 append success next 1 match 0
055210 INFO S2: (term 1) follower 收到 [0] AppendEntries [], prevIndex 0, prevTerm 0
055210 LEAD S0: 2 append success next 1 match 0
055711 LEAD S0: prevLog &raft.Entry{Command:interface {}(nil), Term:0, Index:0}
055712 LEAD S0: prevLog &raft.Entry{Command:interface {}(nil), Term:0, Index:0}
055712 INFO S1: (term 1) follower 收到 [0] AppendEntries [], prevIndex 0, prevTerm 0
055712 INFO S2: (term 1) follower 收到 [0] AppendEntries [], prevIndex 0, prevTerm 0
055713 LEAD S0: 1 append success next 1 match 0
055713 LEAD S0: 2 append success next 1 match 0
056213 LEAD S0: prevLog &raft.Entry{Command:interface {}(nil), Term:0, Index:0}
056213 LEAD S0: prevLog &raft.Entry{Command:interface {}(nil), Term:0, Index:0}
056214 INFO S1: (term 1) follower 收到 [0] AppendEntries [], prevIndex 0, prevTerm 0
056214 INFO S2: (term 1) follower 收到 [0] AppendEntries [], prevIndex 0, prevTerm 0
056214 LEAD S0: 1 append success next 1 match 0
056214 LEAD S0: 2 append success next 1 match 0
056715 LEAD S0: prevLog &raft.Entry{Command:interface {}(nil), Term:0, Index:0}
056715 LEAD S0: prevLog &raft.Entry{Command:interface {}(nil), Term:0, Index:0}
056716 INFO S1: (term 1) follower 收到 [0] AppendEntries [], prevIndex 0, prevTerm 0
056716 INFO S2: (term 1) follower 收到 [0] AppendEntries [], prevIndex 0, prevTerm 0
056716 LEAD S0: 1 append success next 1 match 0
056716 LEAD S0: 2 append success next 1 match 0
057217 LEAD S0: prevLog &raft.Entry{Command:interface {}(nil), Term:0, Index:0}
057217 LEAD S0: prevLog &raft.Entry{Command:interface {}(nil), Term:0, Index:0}
057218 INFO S2: (term 1) follower 收到 [0] AppendEntries [], prevIndex 0, prevTerm 0
057218 INFO S1: (term 1) follower 收到 [0] AppendEntries [], prevIndex 0, prevTerm 0
057218 LEAD S0: 1 append success next 1 match 0
057218 LEAD S0: 2 append success next 1 match 0
057719 LEAD S0: prevLog &raft.Entry{Command:interface {}(nil), Term:0, Index:0}
057719 LEAD S0: prevLog &raft.Entry{Command:interface {}(nil), Term:0, Index:0}
057720 INFO S1: (term 1) follower 收到 [0] AppendEntries [], prevIndex 0, prevTerm 0
057720 INFO S2: (term 1) follower 收到 [0] AppendEntries [], prevIndex 0, prevTerm 0
057720 LEAD S0: 1 append success next 1 match 0
057721 LEAD S0: 2 append success next 1 match 0
058221 LEAD S0: prevLog &raft.Entry{Command:interface {}(nil), Term:0, Index:0}
058221 LEAD S0: prevLog &raft.Entry{Command:interface {}(nil), Term:0, Index:0}
058222 INFO S1: (term 1) follower 收到 [0] AppendEntries [], prevIndex 0, prevTerm 0
058222 LEAD S0: 1 append success next 1 match 0
058222 INFO S2: (term 1) follower 收到 [0] AppendEntries [], prevIndex 0, prevTerm 0
058223 LEAD S0: 2 append success next 1 match 0
058724 LEAD S0: prevLog &raft.Entry{Command:interface {}(nil), Term:0, Index:0}
058724 LEAD S0: prevLog &raft.Entry{Command:interface {}(nil), Term:0, Index:0}
058725 INFO S2: (term 1) follower 收到 [0] AppendEntries [], prevIndex 0, prevTerm 0
058725 INFO S1: (term 1) follower 收到 [0] AppendEntries [], prevIndex 0, prevTerm 0
058725 LEAD S0: 2 append success next 1 match 0
058725 LEAD S0: 1 append success next 1 match 0
059226 LEAD S0: prevLog &raft.Entry{Command:interface {}(nil), Term:0, Index:0}
059226 LEAD S0: prevLog &raft.Entry{Command:interface {}(nil), Term:0, Index:0}
059227 INFO S2: (term 1) follower 收到 [0] AppendEntries [], prevIndex 0, prevTerm 0
059227 INFO S1: (term 1) follower 收到 [0] AppendEntries [], prevIndex 0, prevTerm 0
059227 LEAD S0: 2 append success next 1 match 0
059227 LEAD S0: 1 append success next 1 match 0
059728 LEAD S0: prevLog &raft.Entry{Command:interface {}(nil), Term:0, Index:0}
059728 LEAD S0: prevLog &raft.Entry{Command:interface {}(nil), Term:0, Index:0}
059729 INFO S1: (term 1) follower 收到 [0] AppendEntries [], prevIndex 0, prevTerm 0
059729 INFO S2: (term 1) follower 收到 [0] AppendEntries [], prevIndex 0, prevTerm 0
059729 LEAD S0: 2 append success next 1 match 0
059729 LEAD S0: 1 append success next 1 match 0
060229 LEAD S0: prevLog &raft.Entry{Command:interface {}(nil), Term:0, Index:0}
060229 LEAD S0: prevLog &raft.Entry{Command:interface {}(nil), Term:0, Index:0}
060230 INFO S2: (term 1) follower 收到 [0] AppendEntries [], prevIndex 0, prevTerm 0
060230 LEAD S0: 2 append success next 1 match 0
060231 INFO S1: (term 1) follower 收到 [0] AppendEntries [], prevIndex 0, prevTerm 0
060231 LEAD S0: 1 append success next 1 match 0
060731 LEAD S0: prevLog &raft.Entry{Command:interface {}(nil), Term:0, Index:0}
060731 LEAD S0: prevLog &raft.Entry{Command:interface {}(nil), Term:0, Index:0}
060731 INFO S1: (term 1) follower 收到 [0] AppendEntries [], prevIndex 0, prevTerm 0
060731 INFO S2: (term 1) follower 收到 [0] AppendEntries [], prevIndex 0, prevTerm 0
060732 LEAD S0: 1 append success next 1 match 0
060732 LEAD S0: 2 append success next 1 match 0
061232 LEAD S0: prevLog &raft.Entry{Command:interface {}(nil), Term:0, Index:0}
061232 LEAD S0: prevLog &raft.Entry{Command:interface {}(nil), Term:0, Index:0}
061233 INFO S2: (term 1) follower 收到 [0] AppendEntries [], prevIndex 0, prevTerm 0
061233 INFO S1: (term 1) follower 收到 [0] AppendEntries [], prevIndex 0, prevTerm 0
061233 LEAD S0: 2 append success next 1 match 0
061233 LEAD S0: 1 append success next 1 match 0
061734 LEAD S0: prevLog &raft.Entry{Command:interface {}(nil), Term:0, Index:0}
061735 LEAD S0: prevLog &raft.Entry{Command:interface {}(nil), Term:0, Index:0}
061735 INFO S2: (term 1) follower 收到 [0] AppendEntries [], prevIndex 0, prevTerm 0
061735 INFO S1: (term 1) follower 收到 [0] AppendEntries [], prevIndex 0, prevTerm 0
061736 LEAD S0: 2 append success next 1 match 0
061736 LEAD S0: 1 append success next 1 match 0
062236 LEAD S0: prevLog &raft.Entry{Command:interface {}(nil), Term:0, Index:0}
062236 LEAD S0: prevLog &raft.Entry{Command:interface {}(nil), Term:0, Index:0}
062237 INFO S1: (term 1) follower 收到 [0] AppendEntries [], prevIndex 0, prevTerm 0
062237 INFO S2: (term 1) follower 收到 [0] AppendEntries [], prevIndex 0, prevTerm 0
062237 LEAD S0: 1 append success next 1 match 0
062237 LEAD S0: 2 append success next 1 match 0
062738 LEAD S0: prevLog &raft.Entry{Command:interface {}(nil), Term:0, Index:0}
062738 LEAD S0: prevLog &raft.Entry{Command:interface {}(nil), Term:0, Index:0}
062738 INFO S2: (term 1) follower 收到 [0] AppendEntries [], prevIndex 0, prevTerm 0
062739 LEAD S0: 2 append success next 1 match 0
062739 INFO S1: (term 1) follower 收到 [0] AppendEntries [], prevIndex 0, prevTerm 0
062739 LEAD S0: 1 append success next 1 match 0
063239 LEAD S0: prevLog &raft.Entry{Command:interface {}(nil), Term:0, Index:0}
063239 LEAD S0: prevLog &raft.Entry{Command:interface {}(nil), Term:0, Index:0}
063240 INFO S2: (term 1) follower 收到 [0] AppendEntries [], prevIndex 0, prevTerm 0
063240 LEAD S0: 2 append success next 1 match 0
063241 INFO S1: (term 1) follower 收到 [0] AppendEntries [], prevIndex 0, prevTerm 0
063241 LEAD S0: 1 append success next 1 match 0
063741 LEAD S0: prevLog &raft.Entry{Command:interface {}(nil), Term:0, Index:0}
063741 LEAD S0: prevLog &raft.Entry{Command:interface {}(nil), Term:0, Index:0}
063741 INFO S2: (term 1) follower 收到 [0] AppendEntries [], prevIndex 0, prevTerm 0
063742 LEAD S0: 2 append success next 1 match 0
063742 INFO S1: (term 1) follower 收到 [0] AppendEntries [], prevIndex 0, prevTerm 0
063742 LEAD S0: 1 append success next 1 match 0
064242 LEAD S0: prevLog &raft.Entry{Command:interface {}(nil), Term:0, Index:0}
064242 LEAD S0: prevLog &raft.Entry{Command:interface {}(nil), Term:0, Index:0}
064243 INFO S2: (term 1) follower 收到 [0] AppendEntries [], prevIndex 0, prevTerm 0
064243 LEAD S0: 2 append success next 1 match 0
064244 INFO S1: (term 1) follower 收到 [0] AppendEntries [], prevIndex 0, prevTerm 0
064244 LEAD S0: 1 append success next 1 match 0
064744 LEAD S0: prevLog &raft.Entry{Command:interface {}(nil), Term:0, Index:0}
064744 LEAD S0: prevLog &raft.Entry{Command:interface {}(nil), Term:0, Index:0}
064745 INFO S2: (term 1) follower 收到 [0] AppendEntries [], prevIndex 0, prevTerm 0
064745 INFO S1: (term 1) follower 收到 [0] AppendEntries [], prevIndex 0, prevTerm 0
064745 LEAD S0: 1 append success next 1 match 0
064745 LEAD S0: 2 append success next 1 match 0
065247 LEAD S0: prevLog &raft.Entry{Command:interface {}(nil), Term:0, Index:0}
065247 LEAD S0: prevLog &raft.Entry{Command:interface {}(nil), Term:0, Index:0}
065248 INFO S2: (term 1) follower 收到 [0] AppendEntries [], prevIndex 0, prevTerm 0
065248 INFO S1: (term 1) follower 收到 [0] AppendEntries [], prevIndex 0, prevTerm 0
065248 LEAD S0: 2 append success next 1 match 0
065248 LEAD S0: 1 append success next 1 match 0
065749 LEAD S0: prevLog &raft.Entry{Command:interface {}(nil), Term:0, Index:0}
065749 LEAD S0: prevLog &raft.Entry{Command:interface {}(nil), Term:0, Index:0}
065749 INFO S2: (term 1) follower 收到 [0] AppendEntries [], prevIndex 0, prevTerm 0
065749 INFO S1: (term 1) follower 收到 [0] AppendEntries [], prevIndex 0, prevTerm 0
065750 LEAD S0: 2 append success next 1 match 0
065750 LEAD S0: 1 append success next 1 match 0
066250 LEAD S0: prevLog &raft.Entry{Command:interface {}(nil), Term:0, Index:0}
066250 LEAD S0: prevLog &raft.Entry{Command:interface {}(nil), Term:0, Index:0}
066251 INFO S1: (term 1) follower 收到 [0] AppendEntries [], prevIndex 0, prevTerm 0
066251 INFO S2: (term 1) follower 收到 [0] AppendEntries [], prevIndex 0, prevTerm 0
066251 LEAD S0: 1 append success next 1 match 0
066251 LEAD S0: 2 append success next 1 match 0
066752 LEAD S0: prevLog &raft.Entry{Command:interface {}(nil), Term:0, Index:0}
066752 LEAD S0: prevLog &raft.Entry{Command:interface {}(nil), Term:0, Index:0}
066753 INFO S1: (term 1) follower 收到 [0] AppendEntries [], prevIndex 0, prevTerm 0
066753 INFO S2: (term 1) follower 收到 [0] AppendEntries [], prevIndex 0, prevTerm 0
066753 LEAD S0: 1 append success next 1 match 0
066753 LEAD S0: 2 append success next 1 match 0
067253 LEAD S0: prevLog &raft.Entry{Command:interface {}(nil), Term:0, Index:0}
067254 LEAD S0: prevLog &raft.Entry{Command:interface {}(nil), Term:0, Index:0}
067254 INFO S1: (term 1) follower 收到 [0] AppendEntries [], prevIndex 0, prevTerm 0
067254 INFO S2: (term 1) follower 收到 [0] AppendEntries [], prevIndex 0, prevTerm 0
067255 LEAD S0: 1 append success next 1 match 0
067255 LEAD S0: 2 append success next 1 match 0
067755 LEAD S0: prevLog &raft.Entry{Command:interface {}(nil), Term:0, Index:0}
067755 LEAD S0: prevLog &raft.Entry{Command:interface {}(nil), Term:0, Index:0}
067756 INFO S1: (term 1) follower 收到 [0] AppendEntries [], prevIndex 0, prevTerm 0
067756 INFO S2: (term 1) follower 收到 [0] AppendEntries [], prevIndex 0, prevTerm 0
067756 LEAD S0: 1 append success next 1 match 0
067757 LEAD S0: 2 append success next 1 match 0
068257 LEAD S0: prevLog &raft.Entry{Command:interface {}(nil), Term:0, Index:0}
068257 LEAD S0: prevLog &raft.Entry{Command:interface {}(nil), Term:0, Index:0}
068258 INFO S1: (term 1) follower 收到 [0] AppendEntries [], prevIndex 0, prevTerm 0
068258 INFO S2: (term 1) follower 收到 [0] AppendEntries [], prevIndex 0, prevTerm 0
068258 LEAD S0: 1 append success next 1 match 0
068258 LEAD S0: 2 append success next 1 match 0
068758 LEAD S0: prevLog &raft.Entry{Command:interface {}(nil), Term:0, Index:0}
068759 LEAD S0: prevLog &raft.Entry{Command:interface {}(nil), Term:0, Index:0}
068759 INFO S2: (term 1) follower 收到 [0] AppendEntries [], prevIndex 0, prevTerm 0
068760 LEAD S0: 2 append success next 1 match 0
068760 INFO S1: (term 1) follower 收到 [0] AppendEntries [], prevIndex 0, prevTerm 0
068760 LEAD S0: 1 append success next 1 match 0
069261 LEAD S0: prevLog &raft.Entry{Command:interface {}(nil), Term:0, Index:0}
069261 LEAD S0: prevLog &raft.Entry{Command:interface {}(nil), Term:0, Index:0}
069262 INFO S1: (term 1) follower 收到 [0] AppendEntries [], prevIndex 0, prevTerm 0
069262 LEAD S0: 1 append success next 1 match 0
069262 INFO S2: (term 1) follower 收到 [0] AppendEntries [], prevIndex 0, prevTerm 0
069263 LEAD S0: 2 append success next 1 match 0
069764 LEAD S0: prevLog &raft.Entry{Command:interface {}(nil), Term:0, Index:0}
069764 LEAD S0: prevLog &raft.Entry{Command:interface {}(nil), Term:0, Index:0}
069765 INFO S2: (term 1) follower 收到 [0] AppendEntries [], prevIndex 0, prevTerm 0
069765 LEAD S0: 2 append success next 1 match 0
069765 INFO S1: (term 1) follower 收到 [0] AppendEntries [], prevIndex 0, prevTerm 0
069765 LEAD S0: 1 append success next 1 match 0
070266 LEAD S0: prevLog &raft.Entry{Command:interface {}(nil), Term:0, Index:0}
070266 LEAD S0: prevLog &raft.Entry{Command:interface {}(nil), Term:0, Index:0}
070267 INFO S2: (term 1) follower 收到 [0] AppendEntries [], prevIndex 0, prevTerm 0
070267 INFO S1: (term 1) follower 收到 [0] AppendEntries [], prevIndex 0, prevTerm 0
070267 LEAD S0: 2 append success next 1 match 0
070267 LEAD S0: 1 append success next 1 match 0
070768 LEAD S0: prevLog &raft.Entry{Command:interface {}(nil), Term:0, Index:0}
070768 LEAD S0: prevLog &raft.Entry{Command:interface {}(nil), Term:0, Index:0}
070769 INFO S1: (term 1) follower 收到 [0] AppendEntries [], prevIndex 0, prevTerm 0
070769 INFO S2: (term 1) follower 收到 [0] AppendEntries [], prevIndex 0, prevTerm 0
070769 LEAD S0: 2 append success next 1 match 0
070769 LEAD S0: 1 append success next 1 match 0
071270 LEAD S0: prevLog &raft.Entry{Command:interface {}(nil), Term:0, Index:0}
071270 LEAD S0: prevLog &raft.Entry{Command:interface {}(nil), Term:0, Index:0}
071271 INFO S1: (term 1) follower 收到 [0] AppendEntries [], prevIndex 0, prevTerm 0
071271 INFO S2: (term 1) follower 收到 [0] AppendEntries [], prevIndex 0, prevTerm 0
071271 LEAD S0: 2 append success next 1 match 0
071271 LEAD S0: 1 append success next 1 match 0
071771 LEAD S0: prevLog &raft.Entry{Command:interface {}(nil), Term:0, Index:0}
071772 LEAD S0: prevLog &raft.Entry{Command:interface {}(nil), Term:0, Index:0}
071772 INFO S2: (term 1) follower 收到 [0] AppendEntries [], prevIndex 0, prevTerm 0
071772 INFO S1: (term 1) follower 收到 [0] AppendEntries [], prevIndex 0, prevTerm 0
071773 LEAD S0: 1 append success next 1 match 0
071773 LEAD S0: 2 append success next 1 match 0
072273 LEAD S0: prevLog &raft.Entry{Command:interface {}(nil), Term:0, Index:0}
072273 LEAD S0: prevLog &raft.Entry{Command:interface {}(nil), Term:0, Index:0}
072274 INFO S2: (term 1) follower 收到 [0] AppendEntries [], prevIndex 0, prevTerm 0
072274 INFO S1: (term 1) follower 收到 [0] AppendEntries [], prevIndex 0, prevTerm 0
072275 LEAD S0: 1 append success next 1 match 0
072276 LEAD S0: 2 append success next 1 match 0
072774 LEAD S0: prevLog &raft.Entry{Command:interface {}(nil), Term:0, Index:0}
072774 LEAD S0: prevLog &raft.Entry{Command:interface {}(nil), Term:0, Index:0}
072775 INFO S1: (term 1) follower 收到 [0] AppendEntries [], prevIndex 0, prevTerm 0
072775 INFO S2: (term 1) follower 收到 [0] AppendEntries [], prevIndex 0, prevTerm 0
072775 LEAD S0: 1 append success next 1 match 0
072775 LEAD S0: 2 append success next 1 match 0
073277 LEAD S0: prevLog &raft.Entry{Command:interface {}(nil), Term:0, Index:0}
073278 LEAD S0: prevLog &raft.Entry{Command:interface {}(nil), Term:0, Index:0}
073278 INFO S2: (term 1) follower 收到 [0] AppendEntries [], prevIndex 0, prevTerm 0
073279 INFO S1: (term 1) follower 收到 [0] AppendEntries [], prevIndex 0, prevTerm 0
073279 LEAD S0: 2 append success next 1 match 0
073279 LEAD S0: 1 append success next 1 match 0
073780 LEAD S0: prevLog &raft.Entry{Command:interface {}(nil), Term:0, Index:0}
073780 LEAD S0: prevLog &raft.Entry{Command:interface {}(nil), Term:0, Index:0}
073781 INFO S1: (term 1) follower 收到 [0] AppendEntries [], prevIndex 0, prevTerm 0
073781 INFO S2: (term 1) follower 收到 [0] AppendEntries [], prevIndex 0, prevTerm 0
073781 LEAD S0: 1 append success next 1 match 0
073781 LEAD S0: 2 append success next 1 match 0
074281 LEAD S0: prevLog &raft.Entry{Command:interface {}(nil), Term:0, Index:0}
074281 LEAD S0: prevLog &raft.Entry{Command:interface {}(nil), Term:0, Index:0}
074282 INFO S1: (term 1) follower 收到 [0] AppendEntries [], prevIndex 0, prevTerm 0
074282 INFO S2: (term 1) follower 收到 [0] AppendEntries [], prevIndex 0, prevTerm 0
074282 LEAD S0: 1 append success next 1 match 0
074282 LEAD S0: 2 append success next 1 match 0
074783 LEAD S0: prevLog &raft.Entry{Command:interface {}(nil), Term:0, Index:0}
074784 LEAD S0: prevLog &raft.Entry{Command:interface {}(nil), Term:0, Index:0}
074784 INFO S2: (term 1) follower 收到 [0] AppendEntries [], prevIndex 0, prevTerm 0
074785 LEAD S0: 2 append success next 1 match 0
074784 INFO S1: (term 1) follower 收到 [0] AppendEntries [], prevIndex 0, prevTerm 0
074785 LEAD S0: 1 append success next 1 match 0
075285 LEAD S0: prevLog &raft.Entry{Command:interface {}(nil), Term:0, Index:0}
075285 LEAD S0: prevLog &raft.Entry{Command:interface {}(nil), Term:0, Index:0}
075286 INFO S2: (term 1) follower 收到 [0] AppendEntries [], prevIndex 0, prevTerm 0
075286 INFO S1: (term 1) follower 收到 [0] AppendEntries [], prevIndex 0, prevTerm 0
075286 LEAD S0: 2 append success next 1 match 0
075287 LEAD S0: 1 append success next 1 match 0
075787 LEAD S0: prevLog &raft.Entry{Command:interface {}(nil), Term:0, Index:0}
075787 LEAD S0: prevLog &raft.Entry{Command:interface {}(nil), Term:0, Index:0}
075788 INFO S1: (term 1) follower 收到 [0] AppendEntries [], prevIndex 0, prevTerm 0
075788 INFO S2: (term 1) follower 收到 [0] AppendEntries [], prevIndex 0, prevTerm 0
075788 LEAD S0: 1 append success next 1 match 0
075788 LEAD S0: 2 append success next 1 match 0
076288 LEAD S0: prevLog &raft.Entry{Command:interface {}(nil), Term:0, Index:0}
076289 LEAD S0: prevLog &raft.Entry{Command:interface {}(nil), Term:0, Index:0}
076289 INFO S1: (term 1) follower 收到 [0] AppendEntries [], prevIndex 0, prevTerm 0
076289 INFO S2: (term 1) follower 收到 [0] AppendEntries [], prevIndex 0, prevTerm 0
076290 LEAD S0: 1 append success next 1 match 0
076290 LEAD S0: 2 append success next 1 match 0
076790 LEAD S0: prevLog &raft.Entry{Command:interface {}(nil), Term:0, Index:0}
076790 LEAD S0: prevLog &raft.Entry{Command:interface {}(nil), Term:0, Index:0}
076791 INFO S1: (term 1) follower 收到 [0] AppendEntries [], prevIndex 0, prevTerm 0
076791 INFO S2: (term 1) follower 收到 [0] AppendEntries [], prevIndex 0, prevTerm 0
076791 LEAD S0: 2 append success next 1 match 0
076791 LEAD S0: 1 append success next 1 match 0
077292 LEAD S0: prevLog &raft.Entry{Command:interface {}(nil), Term:0, Index:0}
077292 LEAD S0: prevLog &raft.Entry{Command:interface {}(nil), Term:0, Index:0}
077293 INFO S2: (term 1) follower 收到 [0] AppendEntries [], prevIndex 0, prevTerm 0
077293 INFO S1: (term 1) follower 收到 [0] AppendEntries [], prevIndex 0, prevTerm 0
077293 LEAD S0: 2 append success next 1 match 0
077294 LEAD S0: 1 append success next 1 match 0
077794 LEAD S0: prevLog &raft.Entry{Command:interface {}(nil), Term:0, Index:0}
077794 LEAD S0: prevLog &raft.Entry{Command:interface {}(nil), Term:0, Index:0}
077795 INFO S2: (term 1) follower 收到 [0] AppendEntries [], prevIndex 0, prevTerm 0
077795 LEAD S0: 2 append success next 1 match 0
077795 INFO S1: (term 1) follower 收到 [0] AppendEntries [], prevIndex 0, prevTerm 0
077795 LEAD S0: 1 append success next 1 match 0
078296 LEAD S0: prevLog &raft.Entry{Command:interface {}(nil), Term:0, Index:0}
078296 LEAD S0: prevLog &raft.Entry{Command:interface {}(nil), Term:0, Index:0}
078297 INFO S1: (term 1) follower 收到 [0] AppendEntries [], prevIndex 0, prevTerm 0
078297 INFO S2: (term 1) follower 收到 [0] AppendEntries [], prevIndex 0, prevTerm 0
078297 LEAD S0: 1 append success next 1 match 0
078297 LEAD S0: 2 append success next 1 match 0
078798 LEAD S0: prevLog &raft.Entry{Command:interface {}(nil), Term:0, Index:0}
078798 LEAD S0: prevLog &raft.Entry{Command:interface {}(nil), Term:0, Index:0}
078799 INFO S2: (term 1) follower 收到 [0] AppendEntries [], prevIndex 0, prevTerm 0
078799 INFO S1: (term 1) follower 收到 [0] AppendEntries [], prevIndex 0, prevTerm 0
078799 LEAD S0: 1 append success next 1 match 0
078799 LEAD S0: 2 append success next 1 match 0
079300 LEAD S0: prevLog &raft.Entry{Command:interface {}(nil), Term:0, Index:0}
079300 LEAD S0: prevLog &raft.Entry{Command:interface {}(nil), Term:0, Index:0}
079301 INFO S1: (term 1) follower 收到 [0] AppendEntries [], prevIndex 0, prevTerm 0
079301 INFO S2: (term 1) follower 收到 [0] AppendEntries [], prevIndex 0, prevTerm 0
079301 LEAD S0: 2 append success next 1 match 0
079302 LEAD S0: 1 append success next 1 match 0
079801 LEAD S0: prevLog &raft.Entry{Command:interface {}(nil), Term:0, Index:0}
079801 LEAD S0: prevLog &raft.Entry{Command:interface {}(nil), Term:0, Index:0}
079802 INFO S1: (term 1) follower 收到 [0] AppendEntries [], prevIndex 0, prevTerm 0
079802 INFO S2: (term 1) follower 收到 [0] AppendEntries [], prevIndex 0, prevTerm 0
079802 LEAD S0: 1 append success next 1 match 0
079802 LEAD S0: 2 append success next 1 match 0
080303 LEAD S0: prevLog &raft.Entry{Command:interface {}(nil), Term:0, Index:0}
080303 LEAD S0: prevLog &raft.Entry{Command:interface {}(nil), Term:0, Index:0}
080304 INFO S1: (term 1) follower 收到 [0] AppendEntries [], prevIndex 0, prevTerm 0
080304 INFO S2: (term 1) follower 收到 [0] AppendEntries [], prevIndex 0, prevTerm 0
080304 LEAD S0: 1 append success next 1 match 0
080304 LEAD S0: 2 append success next 1 match 0
080804 LEAD S0: prevLog &raft.Entry{Command:interface {}(nil), Term:0, Index:0}
080805 LEAD S0: prevLog &raft.Entry{Command:interface {}(nil), Term:0, Index:0}
080805 INFO S1: (term 1) follower 收到 [0] AppendEntries [], prevIndex 0, prevTerm 0
080805 INFO S2: (term 1) follower 收到 [0] AppendEntries [], prevIndex 0, prevTerm 0
080806 LEAD S0: 1 append success next 1 match 0
080806 LEAD S0: 2 append success next 1 match 0
081306 LEAD S0: prevLog &raft.Entry{Command:interface {}(nil), Term:0, Index:0}
081306 LEAD S0: prevLog &raft.Entry{Command:interface {}(nil), Term:0, Index:0}
081307 INFO S1: (term 1) follower 收到 [0] AppendEntries [], prevIndex 0, prevTerm 0
081307 INFO S2: (term 1) follower 收到 [0] AppendEntries [], prevIndex 0, prevTerm 0
081308 LEAD S0: 1 append success next 1 match 0
081308 LEAD S0: 2 append success next 1 match 0
081808 LEAD S0: prevLog &raft.Entry{Command:interface {}(nil), Term:0, Index:0}
081808 LEAD S0: prevLog &raft.Entry{Command:interface {}(nil), Term:0, Index:0}
081809 INFO S2: (term 1) follower 收到 [0] AppendEntries [], prevIndex 0, prevTerm 0
081809 INFO S1: (term 1) follower 收到 [0] AppendEntries [], prevIndex 0, prevTerm 0
081809 LEAD S0: 2 append success next 1 match 0
081809 LEAD S0: 1 append success next 1 match 0
082310 LEAD S0: prevLog &raft.Entry{Command:interface {}(nil), Term:0, Index:0}
082311 LEAD S0: prevLog &raft.Entry{Command:interface {}(nil), Term:0, Index:0}
082311 INFO S1: (term 1) follower 收到 [0] AppendEntries [], prevIndex 0, prevTerm 0
082311 INFO S2: (term 1) follower 收到 [0] AppendEntries [], prevIndex 0, prevTerm 0
082312 LEAD S0: 1 append success next 1 match 0
082312 LEAD S0: 2 append success next 1 match 0
082813 LEAD S0: prevLog &raft.Entry{Command:interface {}(nil), Term:0, Index:0}
082814 LEAD S0: prevLog &raft.Entry{Command:interface {}(nil), Term:0, Index:0}
082814 INFO S1: (term 1) follower 收到 [0] AppendEntries [], prevIndex 0, prevTerm 0
082814 INFO S2: (term 1) follower 收到 [0] AppendEntries [], prevIndex 0, prevTerm 0
082815 LEAD S0: 1 append success next 1 match 0
082815 LEAD S0: 2 append success next 1 match 0
083315 LEAD S0: prevLog &raft.Entry{Command:interface {}(nil), Term:0, Index:0}
083315 LEAD S0: prevLog &raft.Entry{Command:interface {}(nil), Term:0, Index:0}
083316 INFO S2: (term 1) follower 收到 [0] AppendEntries [], prevIndex 0, prevTerm 0
083316 INFO S1: (term 1) follower 收到 [0] AppendEntries [], prevIndex 0, prevTerm 0
083316 LEAD S0: 2 append success next 1 match 0
083317 LEAD S0: 1 append success next 1 match 0
083817 LEAD S0: prevLog &raft.Entry{Command:interface {}(nil), Term:0, Index:0}
083817 LEAD S0: prevLog &raft.Entry{Command:interface {}(nil), Term:0, Index:0}
083818 INFO S2: (term 1) follower 收到 [0] AppendEntries [], prevIndex 0, prevTerm 0
083818 INFO S1: (term 1) follower 收到 [0] AppendEntries [], prevIndex 0, prevTerm 0
083818 LEAD S0: 2 append success next 1 match 0
083818 LEAD S0: 1 append success next 1 match 0
084319 LEAD S0: prevLog &raft.Entry{Command:interface {}(nil), Term:0, Index:0}
084319 LEAD S0: prevLog &raft.Entry{Command:interface {}(nil), Term:0, Index:0}
084320 INFO S1: (term 1) follower 收到 [0] AppendEntries [], prevIndex 0, prevTerm 0
084320 INFO S2: (term 1) follower 收到 [0] AppendEntries [], prevIndex 0, prevTerm 0
084320 LEAD S0: 1 append success next 1 match 0
084320 LEAD S0: 2 append success next 1 match 0
084820 LEAD S0: prevLog &raft.Entry{Command:interface {}(nil), Term:0, Index:0}
084821 LEAD S0: prevLog &raft.Entry{Command:interface {}(nil), Term:0, Index:0}
084821 INFO S1: (term 1) follower 收到 [0] AppendEntries [], prevIndex 0, prevTerm 0
084821 INFO S2: (term 1) follower 收到 [0] AppendEntries [], prevIndex 0, prevTerm 0
084822 LEAD S0: 1 append success next 1 match 0
084822 LEAD S0: 2 append success next 1 match 0
085324 LEAD S0: prevLog &raft.Entry{Command:interface {}(nil), Term:0, Index:0}
085324 LEAD S0: prevLog &raft.Entry{Command:interface {}(nil), Term:0, Index:0}
085325 INFO S2: (term 1) follower 收到 [0] AppendEntries [], prevIndex 0, prevTerm 0
085325 INFO S1: (term 1) follower 收到 [0] AppendEntries [], prevIndex 0, prevTerm 0
085325 LEAD S0: 2 append success next 1 match 0
085325 LEAD S0: 1 append success next 1 match 0
085826 LEAD S0: prevLog &raft.Entry{Command:interface {}(nil), Term:0, Index:0}
085826 LEAD S0: prevLog &raft.Entry{Command:interface {}(nil), Term:0, Index:0}
085827 INFO S2: (term 1) follower 收到 [0] AppendEntries [], prevIndex 0, prevTerm 0
085827 INFO S1: (term 1) follower 收到 [0] AppendEntries [], prevIndex 0, prevTerm 0
085828 LEAD S0: 1 append success next 1 match 0
085828 LEAD S0: 2 append success next 1 match 0
086327 LEAD S0: prevLog &raft.Entry{Command:interface {}(nil), Term:0, Index:0}
086328 LEAD S0: prevLog &raft.Entry{Command:interface {}(nil), Term:0, Index:0}
086328 INFO S1: (term 1) follower 收到 [0] AppendEntries [], prevIndex 0, prevTerm 0
086328 INFO S2: (term 1) follower 收到 [0] AppendEntries [], prevIndex 0, prevTerm 0
086329 LEAD S0: 2 append success next 1 match 0
086329 LEAD S0: 1 append success next 1 match 0
086830 LEAD S0: prevLog &raft.Entry{Command:interface {}(nil), Term:0, Index:0}
086830 LEAD S0: prevLog &raft.Entry{Command:interface {}(nil), Term:0, Index:0}
086831 INFO S2: (term 1) follower 收到 [0] AppendEntries [], prevIndex 0, prevTerm 0
086831 INFO S1: (term 1) follower 收到 [0] AppendEntries [], prevIndex 0, prevTerm 0
086831 LEAD S0: 1 append success next 1 match 0
086831 LEAD S0: 2 append success next 1 match 0
087332 LEAD S0: prevLog &raft.Entry{Command:interface {}(nil), Term:0, Index:0}
087332 LEAD S0: prevLog &raft.Entry{Command:interface {}(nil), Term:0, Index:0}
087333 INFO S2: (term 1) follower 收到 [0] AppendEntries [], prevIndex 0, prevTerm 0
087333 INFO S1: (term 1) follower 收到 [0] AppendEntries [], prevIndex 0, prevTerm 0
087333 LEAD S0: 1 append success next 1 match 0
087333 LEAD S0: 2 append success next 1 match 0
087834 LEAD S0: prevLog &raft.Entry{Command:interface {}(nil), Term:0, Index:0}
087834 LEAD S0: prevLog &raft.Entry{Command:interface {}(nil), Term:0, Index:0}
087835 INFO S1: (term 1) follower 收到 [0] AppendEntries [], prevIndex 0, prevTerm 0
087835 INFO S2: (term 1) follower 收到 [0] AppendEntries [], prevIndex 0, prevTerm 0
087835 LEAD S0: 1 append success next 1 match 0
087836 LEAD S0: 2 append success next 1 match 0
088336 LEAD S0: prevLog &raft.Entry{Command:interface {}(nil), Term:0, Index:0}
088336 LEAD S0: prevLog &raft.Entry{Command:interface {}(nil), Term:0, Index:0}
088337 INFO S1: (term 1) follower 收到 [0] AppendEntries [], prevIndex 0, prevTerm 0
088337 LEAD S0: 1 append success next 1 match 0
088337 INFO S2: (term 1) follower 收到 [0] AppendEntries [], prevIndex 0, prevTerm 0
088338 LEAD S0: 2 append success next 1 match 0
088839 LEAD S0: prevLog &raft.Entry{Command:interface {}(nil), Term:0, Index:0}
088839 LEAD S0: prevLog &raft.Entry{Command:interface {}(nil), Term:0, Index:0}
088840 INFO S1: (term 1) follower 收到 [0] AppendEntries [], prevIndex 0, prevTerm 0
088841 INFO S2: (term 1) follower 收到 [0] AppendEntries [], prevIndex 0, prevTerm 0
088841 LEAD S0: 1 append success next 1 match 0
088842 LEAD S0: 2 append success next 1 match 0
089342 LEAD S0: prevLog &raft.Entry{Command:interface {}(nil), Term:0, Index:0}
089342 LEAD S0: prevLog &raft.Entry{Command:interface {}(nil), Term:0, Index:0}
089343 INFO S2: (term 1) follower 收到 [0] AppendEntries [], prevIndex 0, prevTerm 0
089343 LEAD S0: 2 append success next 1 match 0
089343 INFO S1: (term 1) follower 收到 [0] AppendEntries [], prevIndex 0, prevTerm 0
089344 LEAD S0: 1 append success next 1 match 0
089844 LEAD S0: prevLog &raft.Entry{Command:interface {}(nil), Term:0, Index:0}
089844 LEAD S0: prevLog &raft.Entry{Command:interface {}(nil), Term:0, Index:0}
089845 INFO S2: (term 1) follower 收到 [0] AppendEntries [], prevIndex 0, prevTerm 0
089845 LEAD S0: 2 append success next 1 match 0
089845 INFO S1: (term 1) follower 收到 [0] AppendEntries [], prevIndex 0, prevTerm 0
089846 LEAD S0: 1 append success next 1 match 0
090346 LEAD S0: prevLog &raft.Entry{Command:interface {}(nil), Term:0, Index:0}
090347 LEAD S0: prevLog &raft.Entry{Command:interface {}(nil), Term:0, Index:0}
090348 INFO S2: (term 1) follower 收到 [0] AppendEntries [], prevIndex 0, prevTerm 0
090348 INFO S1: (term 1) follower 收到 [0] AppendEntries [], prevIndex 0, prevTerm 0
090348 LEAD S0: 2 append success next 1 match 0
090349 LEAD S0: 1 append success next 1 match 0
090848 LEAD S0: prevLog &raft.Entry{Command:interface {}(nil), Term:0, Index:0}
090848 LEAD S0: prevLog &raft.Entry{Command:interface {}(nil), Term:0, Index:0}
090849 INFO S1: (term 1) follower 收到 [0] AppendEntries [], prevIndex 0, prevTerm 0
090849 INFO S2: (term 1) follower 收到 [0] AppendEntries [], prevIndex 0, prevTerm 0
090849 LEAD S0: 1 append success next 1 match 0
090850 LEAD S0: 2 append success next 1 match 0
091351 LEAD S0: prevLog &raft.Entry{Command:interface {}(nil), Term:0, Index:0}
091351 LEAD S0: prevLog &raft.Entry{Command:interface {}(nil), Term:0, Index:0}
091352 INFO S2: (term 1) follower 收到 [0] AppendEntries [], prevIndex 0, prevTerm 0
091352 INFO S1: (term 1) follower 收到 [0] AppendEntries [], prevIndex 0, prevTerm 0
091352 LEAD S0: 1 append success next 1 match 0
091352 LEAD S0: 2 append success next 1 match 0
091853 LEAD S0: prevLog &raft.Entry{Command:interface {}(nil), Term:0, Index:0}
091853 LEAD S0: prevLog &raft.Entry{Command:interface {}(nil), Term:0, Index:0}
091854 INFO S2: (term 1) follower 收到 [0] AppendEntries [], prevIndex 0, prevTerm 0
091854 INFO S1: (term 1) follower 收到 [0] AppendEntries [], prevIndex 0, prevTerm 0
091854 LEAD S0: 2 append success next 1 match 0
091855 LEAD S0: 1 append success next 1 match 0
092355 LEAD S0: prevLog &raft.Entry{Command:interface {}(nil), Term:0, Index:0}
092355 LEAD S0: prevLog &raft.Entry{Command:interface {}(nil), Term:0, Index:0}
092356 INFO S2: (term 1) follower 收到 [0] AppendEntries [], prevIndex 0, prevTerm 0
092356 INFO S1: (term 1) follower 收到 [0] AppendEntries [], prevIndex 0, prevTerm 0
092356 LEAD S0: 1 append success next 1 match 0
092356 LEAD S0: 2 append success next 1 match 0
092857 LEAD S0: prevLog &raft.Entry{Command:interface {}(nil), Term:0, Index:0}
092857 LEAD S0: prevLog &raft.Entry{Command:interface {}(nil), Term:0, Index:0}
092858 INFO S1: (term 1) follower 收到 [0] AppendEntries [], prevIndex 0, prevTerm 0
092858 INFO S2: (term 1) follower 收到 [0] AppendEntries [], prevIndex 0, prevTerm 0
092858 LEAD S0: 1 append success next 1 match 0
092859 LEAD S0: 2 append success next 1 match 0
093359 LEAD S0: prevLog &raft.Entry{Command:interface {}(nil), Term:0, Index:0}
093359 LEAD S0: prevLog &raft.Entry{Command:interface {}(nil), Term:0, Index:0}
093360 INFO S1: (term 1) follower 收到 [0] AppendEntries [], prevIndex 0, prevTerm 0
093360 INFO S2: (term 1) follower 收到 [0] AppendEntries [], prevIndex 0, prevTerm 0
093360 LEAD S0: 1 append success next 1 match 0
093360 LEAD S0: 2 append success next 1 match 0
093861 LEAD S0: prevLog &raft.Entry{Command:interface {}(nil), Term:0, Index:0}
093861 LEAD S0: prevLog &raft.Entry{Command:interface {}(nil), Term:0, Index:0}
093861 INFO S1: (term 1) follower 收到 [0] AppendEntries [], prevIndex 0, prevTerm 0
093862 LEAD S0: 1 append success next 1 match 0
093862 INFO S2: (term 1) follower 收到 [0] AppendEntries [], prevIndex 0, prevTerm 0
093862 LEAD S0: 2 append success next 1 match 0
094364 LEAD S0: prevLog &raft.Entry{Command:interface {}(nil), Term:0, Index:0}
094364 LEAD S0: prevLog &raft.Entry{Command:interface {}(nil), Term:0, Index:0}
094365 INFO S2: (term 1) follower 收到 [0] AppendEntries [], prevIndex 0, prevTerm 0
094365 INFO S1: (term 1) follower 收到 [0] AppendEntries [], prevIndex 0, prevTerm 0
094365 LEAD S0: 2 append success next 1 match 0
094365 LEAD S0: 1 append success next 1 match 0
094866 LEAD S0: prevLog &raft.Entry{Command:interface {}(nil), Term:0, Index:0}
094866 LEAD S0: prevLog &raft.Entry{Command:interface {}(nil), Term:0, Index:0}
094867 INFO S1: (term 1) follower 收到 [0] AppendEntries [], prevIndex 0, prevTerm 0
094867 INFO S2: (term 1) follower 收到 [0] AppendEntries [], prevIndex 0, prevTerm 0
094868 LEAD S0: 2 append success next 1 match 0
094868 LEAD S0: 1 append success next 1 match 0
095368 LEAD S0: prevLog &raft.Entry{Command:interface {}(nil), Term:0, Index:0}
095369 LEAD S0: prevLog &raft.Entry{Command:interface {}(nil), Term:0, Index:0}
095369 INFO S1: (term 1) follower 收到 [0] AppendEntries [], prevIndex 0, prevTerm 0
095370 LEAD S0: 1 append success next 1 match 0
095370 INFO S2: (term 1) follower 收到 [0] AppendEntries [], prevIndex 0, prevTerm 0
095370 LEAD S0: 2 append success next 1 match 0
095871 LEAD S0: prevLog &raft.Entry{Command:interface {}(nil), Term:0, Index:0}
095872 LEAD S0: prevLog &raft.Entry{Command:interface {}(nil), Term:0, Index:0}
095872 INFO S2: (term 1) follower 收到 [0] AppendEntries [], prevIndex 0, prevTerm 0
095873 LEAD S0: 2 append success next 1 match 0
095873 INFO S1: (term 1) follower 收到 [0] AppendEntries [], prevIndex 0, prevTerm 0
095873 LEAD S0: 1 append success next 1 match 0
096374 LEAD S0: prevLog &raft.Entry{Command:interface {}(nil), Term:0, Index:0}
096374 LEAD S0: prevLog &raft.Entry{Command:interface {}(nil), Term:0, Index:0}
096375 INFO S2: (term 1) follower 收到 [0] AppendEntries [], prevIndex 0, prevTerm 0
096375 LEAD S0: 2 append success next 1 match 0
096376 INFO S1: (term 1) follower 收到 [0] AppendEntries [], prevIndex 0, prevTerm 0
096376 LEAD S0: 1 append success next 1 match 0
096877 LEAD S0: prevLog &raft.Entry{Command:interface {}(nil), Term:0, Index:0}
096877 LEAD S0: prevLog &raft.Entry{Command:interface {}(nil), Term:0, Index:0}
096877 INFO S2: (term 1) follower 收到 [0] AppendEntries [], prevIndex 0, prevTerm 0
096878 INFO S1: (term 1) follower 收到 [0] AppendEntries [], prevIndex 0, prevTerm 0
096878 LEAD S0: 2 append success next 1 match 0
096878 LEAD S0: 1 append success next 1 match 0
097379 LEAD S0: prevLog &raft.Entry{Command:interface {}(nil), Term:0, Index:0}
097379 LEAD S0: prevLog &raft.Entry{Command:interface {}(nil), Term:0, Index:0}
097380 INFO S1: (term 1) follower 收到 [0] AppendEntries [], prevIndex 0, prevTerm 0
097380 INFO S2: (term 1) follower 收到 [0] AppendEntries [], prevIndex 0, prevTerm 0
097380 LEAD S0: 1 append success next 1 match 0
097381 LEAD S0: 2 append success next 1 match 0
097881 LEAD S0: prevLog &raft.Entry{Command:interface {}(nil), Term:0, Index:0}
097881 LEAD S0: prevLog &raft.Entry{Command:interface {}(nil), Term:0, Index:0}
097882 INFO S1: (term 1) follower 收到 [0] AppendEntries [], prevIndex 0, prevTerm 0
097882 INFO S2: (term 1) follower 收到 [0] AppendEntries [], prevIndex 0, prevTerm 0
097882 LEAD S0: 1 append success next 1 match 0
097882 LEAD S0: 2 append success next 1 match 0
098383 LEAD S0: prevLog &raft.Entry{Command:interface {}(nil), Term:0, Index:0}
098383 LEAD S0: prevLog &raft.Entry{Command:interface {}(nil), Term:0, Index:0}
098384 INFO S1: (term 1) follower 收到 [0] AppendEntries [], prevIndex 0, prevTerm 0
098384 INFO S2: (term 1) follower 收到 [0] AppendEntries [], prevIndex 0, prevTerm 0
098384 LEAD S0: 1 append success next 1 match 0
098384 LEAD S0: 2 append success next 1 match 0
098884 LEAD S0: prevLog &raft.Entry{Command:interface {}(nil), Term:0, Index:0}
098885 LEAD S0: prevLog &raft.Entry{Command:interface {}(nil), Term:0, Index:0}
098885 INFO S1: (term 1) follower 收到 [0] AppendEntries [], prevIndex 0, prevTerm 0
098885 INFO S2: (term 1) follower 收到 [0] AppendEntries [], prevIndex 0, prevTerm 0
098886 LEAD S0: 1 append success next 1 match 0
098886 LEAD S0: 2 append success next 1 match 0
099386 LEAD S0: prevLog &raft.Entry{Command:interface {}(nil), Term:0, Index:0}
099387 LEAD S0: prevLog &raft.Entry{Command:interface {}(nil), Term:0, Index:0}
099387 INFO S2: (term 1) follower 收到 [0] AppendEntries [], prevIndex 0, prevTerm 0
099388 LEAD S0: 2 append success next 1 match 0
099388 INFO S1: (term 1) follower 收到 [0] AppendEntries [], prevIndex 0, prevTerm 0
099389 LEAD S0: 1 append success next 1 match 0
099888 LEAD S0: prevLog &raft.Entry{Command:interface {}(nil), Term:0, Index:0}
099888 LEAD S0: prevLog &raft.Entry{Command:interface {}(nil), Term:0, Index:0}
099889 INFO S1: (term 1) follower 收到 [0] AppendEntries [], prevIndex 0, prevTerm 0
099889 INFO S2: (term 1) follower 收到 [0] AppendEntries [], prevIndex 0, prevTerm 0
099889 LEAD S0: 1 append success next 1 match 0
099890 LEAD S0: 2 append success next 1 match 0
--- FAIL: TestPersist12C (10.04s)
    config.go:609: one(11) failed to reach agreement
100390 LEAD S0: prevLog &raft.Entry{Command:interface {}(nil), Term:0, Index:0}
100390 LEAD S0: prevLog &raft.Entry{Command:interface {}(nil), Term:0, Index:0}
FAIL
exit status 1
FAIL	6.824/raft	10.040s
