Test (2C): basic persistence ...
002009 INFO S2: start leader election, term 1
002009 INFO S0: start leader election, term 1
002010 VOTE S2: term 1 send vote request to 1
002010 VOTE S0: term 1 send vote request to 2
002010 VOTE S0: term 1 send vote request to 1
002010 VOTE S2: term 1 send vote request to 0
002010 TERM S1: set new term 1
002010 VOTE S1: term 1 vote 2
002011 VOTE S2: 0 没有投给me，结束
002011 VOTE S2: reply from 1, term一致，且投给2
002011 LEAD S2: come to power, start to send heartbeat
002011 LEAD S2: prevLog &raft.Entry{Command:interface {}(nil), Term:0, Index:0}
002011 LEAD S2: prevLog &raft.Entry{Command:interface {}(nil), Term:0, Index:0}
002011 VOTE S0: 1 没有投给me，结束
002011 VOTE S0: 2 没有投给me，结束
002011 INFO S1: (term 1) follower 收到 [2] AppendEntries [], prevIndex 0, prevTerm 0
002012 INFO S0: (term 1) follower 收到 [2] AppendEntries [], prevIndex 0, prevTerm 0
002012 LEAD S2: 1 append success next 1 match 0
002012 LEAD S2: 0 append success next 1 match 0
002513 LEAD S2: prevLog &raft.Entry{Command:interface {}(nil), Term:0, Index:0}
002513 LEAD S2: prevLog &raft.Entry{Command:interface {}(nil), Term:0, Index:0}
002514 INFO S1: (term 1) follower 收到 [2] AppendEntries [], prevIndex 0, prevTerm 0
002514 INFO S0: (term 1) follower 收到 [2] AppendEntries [], prevIndex 0, prevTerm 0
002514 LEAD S2: 1 append success next 1 match 0
002514 LEAD S2: 0 append success next 1 match 0
003015 LEAD S2: prevLog &raft.Entry{Command:interface {}(nil), Term:0, Index:0}
003015 LEAD S2: prevLog &raft.Entry{Command:interface {}(nil), Term:0, Index:0}
003016 INFO S0: (term 1) follower 收到 [2] AppendEntries [], prevIndex 0, prevTerm 0
003016 INFO S1: (term 1) follower 收到 [2] AppendEntries [], prevIndex 0, prevTerm 0
003016 LEAD S2: 1 append success next 1 match 0
003016 LEAD S2: 0 append success next 1 match 0
003518 LEAD S2: prevLog &raft.Entry{Command:interface {}(nil), Term:0, Index:0}
003518 LEAD S2: prevLog &raft.Entry{Command:interface {}(nil), Term:0, Index:0}
003519 INFO S0: (term 1) follower 收到 [2] AppendEntries [], prevIndex 0, prevTerm 0
003519 INFO S1: (term 1) follower 收到 [2] AppendEntries [], prevIndex 0, prevTerm 0
003519 LEAD S2: 0 append success next 1 match 0
003519 LEAD S2: 1 append success next 1 match 0
004020 LEAD S2: prevLog &raft.Entry{Command:interface {}(nil), Term:0, Index:0}
004020 LEAD S2: prevLog &raft.Entry{Command:interface {}(nil), Term:0, Index:0}
004022 INFO S1: (term 1) follower 收到 [2] AppendEntries [], prevIndex 0, prevTerm 0
004022 INFO S0: (term 1) follower 收到 [2] AppendEntries [], prevIndex 0, prevTerm 0
004022 LEAD S2: 0 append success next 1 match 0
004022 LEAD S2: 1 append success next 1 match 0
004523 LEAD S2: prevLog &raft.Entry{Command:interface {}(nil), Term:0, Index:0}
004523 LEAD S2: prevLog &raft.Entry{Command:interface {}(nil), Term:0, Index:0}
004524 INFO S0: (term 1) follower 收到 [2] AppendEntries [], prevIndex 0, prevTerm 0
004524 INFO S1: (term 1) follower 收到 [2] AppendEntries [], prevIndex 0, prevTerm 0
004524 LEAD S2: 0 append success next 1 match 0
004524 LEAD S2: 1 append success next 1 match 0
005024 LEAD S2: prevLog &raft.Entry{Command:interface {}(nil), Term:0, Index:0}
005024 LEAD S2: prevLog &raft.Entry{Command:interface {}(nil), Term:0, Index:0}
005025 INFO S0: (term 1) follower 收到 [2] AppendEntries [], prevIndex 0, prevTerm 0
005025 INFO S1: (term 1) follower 收到 [2] AppendEntries [], prevIndex 0, prevTerm 0
005025 LEAD S2: 0 append success next 1 match 0
005025 LEAD S2: 1 append success next 1 match 0
005526 LEAD S2: prevLog &raft.Entry{Command:interface {}(nil), Term:0, Index:0}
005526 LEAD S2: prevLog &raft.Entry{Command:interface {}(nil), Term:0, Index:0}
005527 INFO S1: (term 1) follower 收到 [2] AppendEntries [], prevIndex 0, prevTerm 0
005527 INFO S0: (term 1) follower 收到 [2] AppendEntries [], prevIndex 0, prevTerm 0
005527 LEAD S2: 1 append success next 1 match 0
005527 LEAD S2: 0 append success next 1 match 0
006029 LEAD S2: prevLog &raft.Entry{Command:interface {}(nil), Term:0, Index:0}
006029 LEAD S2: prevLog &raft.Entry{Command:interface {}(nil), Term:0, Index:0}
006030 INFO S0: (term 1) follower 收到 [2] AppendEntries [], prevIndex 0, prevTerm 0
006030 INFO S1: (term 1) follower 收到 [2] AppendEntries [], prevIndex 0, prevTerm 0
006030 LEAD S2: 0 append success next 1 match 0
006030 LEAD S2: 1 append success next 1 match 0
006530 LEAD S2: prevLog &raft.Entry{Command:interface {}(nil), Term:0, Index:0}
006530 LEAD S2: prevLog &raft.Entry{Command:interface {}(nil), Term:0, Index:0}
006531 INFO S1: (term 1) follower 收到 [2] AppendEntries [], prevIndex 0, prevTerm 0
006531 INFO S0: (term 1) follower 收到 [2] AppendEntries [], prevIndex 0, prevTerm 0
006532 LEAD S2: 1 append success next 1 match 0
006532 LEAD S2: 0 append success next 1 match 0
007031 LEAD S2: prevLog &raft.Entry{Command:interface {}(nil), Term:0, Index:0}
007032 LEAD S2: prevLog &raft.Entry{Command:interface {}(nil), Term:0, Index:0}
007032 INFO S0: (term 1) follower 收到 [2] AppendEntries [], prevIndex 0, prevTerm 0
007033 LEAD S2: 0 append success next 1 match 0
007032 INFO S1: (term 1) follower 收到 [2] AppendEntries [], prevIndex 0, prevTerm 0
007033 LEAD S2: 1 append success next 1 match 0
007533 LEAD S2: prevLog &raft.Entry{Command:interface {}(nil), Term:0, Index:0}
007533 LEAD S2: prevLog &raft.Entry{Command:interface {}(nil), Term:0, Index:0}
007534 INFO S0: (term 1) follower 收到 [2] AppendEntries [], prevIndex 0, prevTerm 0
007534 INFO S1: (term 1) follower 收到 [2] AppendEntries [], prevIndex 0, prevTerm 0
007534 LEAD S2: 0 append success next 1 match 0
007534 LEAD S2: 1 append success next 1 match 0
008036 LEAD S2: prevLog &raft.Entry{Command:interface {}(nil), Term:0, Index:0}
008036 LEAD S2: prevLog &raft.Entry{Command:interface {}(nil), Term:0, Index:0}
008036 INFO S1: (term 1) follower 收到 [2] AppendEntries [], prevIndex 0, prevTerm 0
008036 INFO S0: (term 1) follower 收到 [2] AppendEntries [], prevIndex 0, prevTerm 0
008037 LEAD S2: 1 append success next 1 match 0
008037 LEAD S2: 0 append success next 1 match 0
008537 LEAD S2: prevLog &raft.Entry{Command:interface {}(nil), Term:0, Index:0}
008538 LEAD S2: prevLog &raft.Entry{Command:interface {}(nil), Term:0, Index:0}
008538 INFO S1: (term 1) follower 收到 [2] AppendEntries [], prevIndex 0, prevTerm 0
008538 INFO S0: (term 1) follower 收到 [2] AppendEntries [], prevIndex 0, prevTerm 0
008539 LEAD S2: 0 append success next 1 match 0
008539 LEAD S2: 1 append success next 1 match 0
009040 LEAD S2: prevLog &raft.Entry{Command:interface {}(nil), Term:0, Index:0}
009040 LEAD S2: prevLog &raft.Entry{Command:interface {}(nil), Term:0, Index:0}
009041 INFO S0: (term 1) follower 收到 [2] AppendEntries [], prevIndex 0, prevTerm 0
009041 INFO S1: (term 1) follower 收到 [2] AppendEntries [], prevIndex 0, prevTerm 0
009041 LEAD S2: 0 append success next 1 match 0
009041 LEAD S2: 1 append success next 1 match 0
009542 LEAD S2: prevLog &raft.Entry{Command:interface {}(nil), Term:0, Index:0}
009542 LEAD S2: prevLog &raft.Entry{Command:interface {}(nil), Term:0, Index:0}
009543 INFO S1: (term 1) follower 收到 [2] AppendEntries [], prevIndex 0, prevTerm 0
009543 INFO S0: (term 1) follower 收到 [2] AppendEntries [], prevIndex 0, prevTerm 0
009543 LEAD S2: 1 append success next 1 match 0
009544 LEAD S2: 0 append success next 1 match 0
010044 LEAD S2: prevLog &raft.Entry{Command:interface {}(nil), Term:0, Index:0}
010044 LEAD S2: prevLog &raft.Entry{Command:interface {}(nil), Term:0, Index:0}
010045 INFO S0: (term 1) follower 收到 [2] AppendEntries [], prevIndex 0, prevTerm 0
010045 INFO S1: (term 1) follower 收到 [2] AppendEntries [], prevIndex 0, prevTerm 0
010045 LEAD S2: 1 append success next 1 match 0
010045 LEAD S2: 0 append success next 1 match 0
010546 LEAD S2: prevLog &raft.Entry{Command:interface {}(nil), Term:0, Index:0}
010546 LEAD S2: prevLog &raft.Entry{Command:interface {}(nil), Term:0, Index:0}
010547 INFO S0: (term 1) follower 收到 [2] AppendEntries [], prevIndex 0, prevTerm 0
010547 LEAD S2: 0 append success next 1 match 0
010547 INFO S1: (term 1) follower 收到 [2] AppendEntries [], prevIndex 0, prevTerm 0
010548 LEAD S2: 1 append success next 1 match 0
011049 LEAD S2: prevLog &raft.Entry{Command:interface {}(nil), Term:0, Index:0}
011049 LEAD S2: prevLog &raft.Entry{Command:interface {}(nil), Term:0, Index:0}
011049 INFO S0: (term 1) follower 收到 [2] AppendEntries [], prevIndex 0, prevTerm 0
011050 INFO S1: (term 1) follower 收到 [2] AppendEntries [], prevIndex 0, prevTerm 0
011050 LEAD S2: 0 append success next 1 match 0
011050 LEAD S2: 1 append success next 1 match 0
011550 LEAD S2: prevLog &raft.Entry{Command:interface {}(nil), Term:0, Index:0}
011550 LEAD S2: prevLog &raft.Entry{Command:interface {}(nil), Term:0, Index:0}
011551 INFO S1: (term 1) follower 收到 [2] AppendEntries [], prevIndex 0, prevTerm 0
011551 INFO S0: (term 1) follower 收到 [2] AppendEntries [], prevIndex 0, prevTerm 0
011552 LEAD S2: 1 append success next 1 match 0
011552 LEAD S2: 0 append success next 1 match 0
012052 LEAD S2: prevLog &raft.Entry{Command:interface {}(nil), Term:0, Index:0}
012052 LEAD S2: prevLog &raft.Entry{Command:interface {}(nil), Term:0, Index:0}
012053 INFO S1: (term 1) follower 收到 [2] AppendEntries [], prevIndex 0, prevTerm 0
012053 INFO S0: (term 1) follower 收到 [2] AppendEntries [], prevIndex 0, prevTerm 0
012053 LEAD S2: 1 append success next 1 match 0
012053 LEAD S2: 0 append success next 1 match 0
012554 LEAD S2: prevLog &raft.Entry{Command:interface {}(nil), Term:0, Index:0}
012554 LEAD S2: prevLog &raft.Entry{Command:interface {}(nil), Term:0, Index:0}
012555 INFO S0: (term 1) follower 收到 [2] AppendEntries [], prevIndex 0, prevTerm 0
012555 INFO S1: (term 1) follower 收到 [2] AppendEntries [], prevIndex 0, prevTerm 0
012555 LEAD S2: 0 append success next 1 match 0
012555 LEAD S2: 1 append success next 1 match 0
013055 LEAD S2: prevLog &raft.Entry{Command:interface {}(nil), Term:0, Index:0}
013055 LEAD S2: prevLog &raft.Entry{Command:interface {}(nil), Term:0, Index:0}
013056 INFO S0: (term 1) follower 收到 [2] AppendEntries [], prevIndex 0, prevTerm 0
013056 INFO S1: (term 1) follower 收到 [2] AppendEntries [], prevIndex 0, prevTerm 0
013056 LEAD S2: 0 append success next 1 match 0
013056 LEAD S2: 1 append success next 1 match 0
013557 LEAD S2: prevLog &raft.Entry{Command:interface {}(nil), Term:0, Index:0}
013557 LEAD S2: prevLog &raft.Entry{Command:interface {}(nil), Term:0, Index:0}
013558 INFO S1: (term 1) follower 收到 [2] AppendEntries [], prevIndex 0, prevTerm 0
013558 INFO S0: (term 1) follower 收到 [2] AppendEntries [], prevIndex 0, prevTerm 0
013558 LEAD S2: 0 append success next 1 match 0
013558 LEAD S2: 1 append success next 1 match 0
014059 LEAD S2: prevLog &raft.Entry{Command:interface {}(nil), Term:0, Index:0}
014059 LEAD S2: prevLog &raft.Entry{Command:interface {}(nil), Term:0, Index:0}
014060 INFO S0: (term 1) follower 收到 [2] AppendEntries [], prevIndex 0, prevTerm 0
014060 INFO S1: (term 1) follower 收到 [2] AppendEntries [], prevIndex 0, prevTerm 0
014060 LEAD S2: 1 append success next 1 match 0
014060 LEAD S2: 0 append success next 1 match 0
014561 LEAD S2: prevLog &raft.Entry{Command:interface {}(nil), Term:0, Index:0}
014561 LEAD S2: prevLog &raft.Entry{Command:interface {}(nil), Term:0, Index:0}
014562 INFO S1: (term 1) follower 收到 [2] AppendEntries [], prevIndex 0, prevTerm 0
014562 LEAD S2: 1 append success next 1 match 0
014562 INFO S0: (term 1) follower 收到 [2] AppendEntries [], prevIndex 0, prevTerm 0
014563 LEAD S2: 0 append success next 1 match 0
015063 LEAD S2: prevLog &raft.Entry{Command:interface {}(nil), Term:0, Index:0}
015064 LEAD S2: prevLog &raft.Entry{Command:interface {}(nil), Term:0, Index:0}
015064 INFO S0: (term 1) follower 收到 [2] AppendEntries [], prevIndex 0, prevTerm 0
015065 LEAD S2: 0 append success next 1 match 0
015065 INFO S1: (term 1) follower 收到 [2] AppendEntries [], prevIndex 0, prevTerm 0
015065 LEAD S2: 1 append success next 1 match 0
015566 LEAD S2: prevLog &raft.Entry{Command:interface {}(nil), Term:0, Index:0}
015567 LEAD S2: prevLog &raft.Entry{Command:interface {}(nil), Term:0, Index:0}
015567 INFO S1: (term 1) follower 收到 [2] AppendEntries [], prevIndex 0, prevTerm 0
015567 INFO S0: (term 1) follower 收到 [2] AppendEntries [], prevIndex 0, prevTerm 0
015568 LEAD S2: 0 append success next 1 match 0
015568 LEAD S2: 1 append success next 1 match 0
016069 LEAD S2: prevLog &raft.Entry{Command:interface {}(nil), Term:0, Index:0}
016069 LEAD S2: prevLog &raft.Entry{Command:interface {}(nil), Term:0, Index:0}
016069 INFO S1: (term 1) follower 收到 [2] AppendEntries [], prevIndex 0, prevTerm 0
016070 LEAD S2: 1 append success next 1 match 0
016071 INFO S0: (term 1) follower 收到 [2] AppendEntries [], prevIndex 0, prevTerm 0
016071 LEAD S2: 0 append success next 1 match 0
016571 LEAD S2: prevLog &raft.Entry{Command:interface {}(nil), Term:0, Index:0}
016571 LEAD S2: prevLog &raft.Entry{Command:interface {}(nil), Term:0, Index:0}
016572 INFO S0: (term 1) follower 收到 [2] AppendEntries [], prevIndex 0, prevTerm 0
016572 INFO S1: (term 1) follower 收到 [2] AppendEntries [], prevIndex 0, prevTerm 0
016573 LEAD S2: 0 append success next 1 match 0
016573 LEAD S2: 1 append success next 1 match 0
017073 LEAD S2: prevLog &raft.Entry{Command:interface {}(nil), Term:0, Index:0}
017073 LEAD S2: prevLog &raft.Entry{Command:interface {}(nil), Term:0, Index:0}
017074 INFO S0: (term 1) follower 收到 [2] AppendEntries [], prevIndex 0, prevTerm 0
017074 INFO S1: (term 1) follower 收到 [2] AppendEntries [], prevIndex 0, prevTerm 0
017074 LEAD S2: 0 append success next 1 match 0
017074 LEAD S2: 1 append success next 1 match 0
017575 LEAD S2: prevLog &raft.Entry{Command:interface {}(nil), Term:0, Index:0}
017575 LEAD S2: prevLog &raft.Entry{Command:interface {}(nil), Term:0, Index:0}
017576 INFO S0: (term 1) follower 收到 [2] AppendEntries [], prevIndex 0, prevTerm 0
017576 LEAD S2: 0 append success next 1 match 0
017576 INFO S1: (term 1) follower 收到 [2] AppendEntries [], prevIndex 0, prevTerm 0
017577 LEAD S2: 1 append success next 1 match 0
018078 LEAD S2: prevLog &raft.Entry{Command:interface {}(nil), Term:0, Index:0}
018078 LEAD S2: prevLog &raft.Entry{Command:interface {}(nil), Term:0, Index:0}
018079 INFO S1: (term 1) follower 收到 [2] AppendEntries [], prevIndex 0, prevTerm 0
018079 INFO S0: (term 1) follower 收到 [2] AppendEntries [], prevIndex 0, prevTerm 0
018079 LEAD S2: 1 append success next 1 match 0
018079 LEAD S2: 0 append success next 1 match 0
018579 LEAD S2: prevLog &raft.Entry{Command:interface {}(nil), Term:0, Index:0}
018579 LEAD S2: prevLog &raft.Entry{Command:interface {}(nil), Term:0, Index:0}
018580 INFO S1: (term 1) follower 收到 [2] AppendEntries [], prevIndex 0, prevTerm 0
018581 LEAD S2: 1 append success next 1 match 0
018581 INFO S0: (term 1) follower 收到 [2] AppendEntries [], prevIndex 0, prevTerm 0
018581 LEAD S2: 0 append success next 1 match 0
019082 LEAD S2: prevLog &raft.Entry{Command:interface {}(nil), Term:0, Index:0}
019082 LEAD S2: prevLog &raft.Entry{Command:interface {}(nil), Term:0, Index:0}
019083 INFO S0: (term 1) follower 收到 [2] AppendEntries [], prevIndex 0, prevTerm 0
019083 INFO S1: (term 1) follower 收到 [2] AppendEntries [], prevIndex 0, prevTerm 0
019083 LEAD S2: 0 append success next 1 match 0
019084 LEAD S2: 1 append success next 1 match 0
019584 LEAD S2: prevLog &raft.Entry{Command:interface {}(nil), Term:0, Index:0}
019584 LEAD S2: prevLog &raft.Entry{Command:interface {}(nil), Term:0, Index:0}
019585 INFO S0: (term 1) follower 收到 [2] AppendEntries [], prevIndex 0, prevTerm 0
019585 INFO S1: (term 1) follower 收到 [2] AppendEntries [], prevIndex 0, prevTerm 0
019585 LEAD S2: 0 append success next 1 match 0
019586 LEAD S2: 1 append success next 1 match 0
020086 LEAD S2: prevLog &raft.Entry{Command:interface {}(nil), Term:0, Index:0}
020086 LEAD S2: prevLog &raft.Entry{Command:interface {}(nil), Term:0, Index:0}
020087 INFO S1: (term 1) follower 收到 [2] AppendEntries [], prevIndex 0, prevTerm 0
020087 LEAD S2: 1 append success next 1 match 0
020087 INFO S0: (term 1) follower 收到 [2] AppendEntries [], prevIndex 0, prevTerm 0
020088 LEAD S2: 0 append success next 1 match 0
020589 LEAD S2: prevLog &raft.Entry{Command:interface {}(nil), Term:0, Index:0}
020589 LEAD S2: prevLog &raft.Entry{Command:interface {}(nil), Term:0, Index:0}
020589 INFO S0: (term 1) follower 收到 [2] AppendEntries [], prevIndex 0, prevTerm 0
020590 INFO S1: (term 1) follower 收到 [2] AppendEntries [], prevIndex 0, prevTerm 0
020590 LEAD S2: 0 append success next 1 match 0
020590 LEAD S2: 1 append success next 1 match 0
021091 LEAD S2: prevLog &raft.Entry{Command:interface {}(nil), Term:0, Index:0}
021091 LEAD S2: prevLog &raft.Entry{Command:interface {}(nil), Term:0, Index:0}
021092 INFO S0: (term 1) follower 收到 [2] AppendEntries [], prevIndex 0, prevTerm 0
021092 INFO S1: (term 1) follower 收到 [2] AppendEntries [], prevIndex 0, prevTerm 0
021092 LEAD S2: 0 append success next 1 match 0
021092 LEAD S2: 1 append success next 1 match 0
021593 LEAD S2: prevLog &raft.Entry{Command:interface {}(nil), Term:0, Index:0}
021593 LEAD S2: prevLog &raft.Entry{Command:interface {}(nil), Term:0, Index:0}
021594 INFO S1: (term 1) follower 收到 [2] AppendEntries [], prevIndex 0, prevTerm 0
021594 INFO S0: (term 1) follower 收到 [2] AppendEntries [], prevIndex 0, prevTerm 0
021594 LEAD S2: 0 append success next 1 match 0
021594 LEAD S2: 1 append success next 1 match 0
022095 LEAD S2: prevLog &raft.Entry{Command:interface {}(nil), Term:0, Index:0}
022096 LEAD S2: prevLog &raft.Entry{Command:interface {}(nil), Term:0, Index:0}
022096 INFO S1: (term 1) follower 收到 [2] AppendEntries [], prevIndex 0, prevTerm 0
022096 INFO S0: (term 1) follower 收到 [2] AppendEntries [], prevIndex 0, prevTerm 0
022097 LEAD S2: 0 append success next 1 match 0
022097 LEAD S2: 1 append success next 1 match 0
022597 LEAD S2: prevLog &raft.Entry{Command:interface {}(nil), Term:0, Index:0}
022598 LEAD S2: prevLog &raft.Entry{Command:interface {}(nil), Term:0, Index:0}
022598 INFO S1: (term 1) follower 收到 [2] AppendEntries [], prevIndex 0, prevTerm 0
022598 INFO S0: (term 1) follower 收到 [2] AppendEntries [], prevIndex 0, prevTerm 0
022599 LEAD S2: 1 append success next 1 match 0
022599 LEAD S2: 0 append success next 1 match 0
023099 LEAD S2: prevLog &raft.Entry{Command:interface {}(nil), Term:0, Index:0}
023099 LEAD S2: prevLog &raft.Entry{Command:interface {}(nil), Term:0, Index:0}
023100 INFO S1: (term 1) follower 收到 [2] AppendEntries [], prevIndex 0, prevTerm 0
023100 LEAD S2: 1 append success next 1 match 0
023101 INFO S0: (term 1) follower 收到 [2] AppendEntries [], prevIndex 0, prevTerm 0
023101 LEAD S2: 0 append success next 1 match 0
023601 LEAD S2: prevLog &raft.Entry{Command:interface {}(nil), Term:0, Index:0}
023601 LEAD S2: prevLog &raft.Entry{Command:interface {}(nil), Term:0, Index:0}
023602 INFO S0: (term 1) follower 收到 [2] AppendEntries [], prevIndex 0, prevTerm 0
023602 INFO S1: (term 1) follower 收到 [2] AppendEntries [], prevIndex 0, prevTerm 0
023602 LEAD S2: 0 append success next 1 match 0
023602 LEAD S2: 1 append success next 1 match 0
024104 LEAD S2: prevLog &raft.Entry{Command:interface {}(nil), Term:0, Index:0}
024104 LEAD S2: prevLog &raft.Entry{Command:interface {}(nil), Term:0, Index:0}
024105 INFO S1: (term 1) follower 收到 [2] AppendEntries [], prevIndex 0, prevTerm 0
024105 INFO S0: (term 1) follower 收到 [2] AppendEntries [], prevIndex 0, prevTerm 0
024105 LEAD S2: 1 append success next 1 match 0
024105 LEAD S2: 0 append success next 1 match 0
024605 LEAD S2: prevLog &raft.Entry{Command:interface {}(nil), Term:0, Index:0}
024605 LEAD S2: prevLog &raft.Entry{Command:interface {}(nil), Term:0, Index:0}
024606 INFO S0: (term 1) follower 收到 [2] AppendEntries [], prevIndex 0, prevTerm 0
024606 INFO S1: (term 1) follower 收到 [2] AppendEntries [], prevIndex 0, prevTerm 0
024606 LEAD S2: 0 append success next 1 match 0
024606 LEAD S2: 1 append success next 1 match 0
025107 LEAD S2: prevLog &raft.Entry{Command:interface {}(nil), Term:0, Index:0}
025107 LEAD S2: prevLog &raft.Entry{Command:interface {}(nil), Term:0, Index:0}
025107 INFO S1: (term 1) follower 收到 [2] AppendEntries [], prevIndex 0, prevTerm 0
025107 INFO S0: (term 1) follower 收到 [2] AppendEntries [], prevIndex 0, prevTerm 0
025108 LEAD S2: 0 append success next 1 match 0
025108 LEAD S2: 1 append success next 1 match 0
025609 LEAD S2: prevLog &raft.Entry{Command:interface {}(nil), Term:0, Index:0}
025609 LEAD S2: prevLog &raft.Entry{Command:interface {}(nil), Term:0, Index:0}
025610 INFO S1: (term 1) follower 收到 [2] AppendEntries [], prevIndex 0, prevTerm 0
025610 INFO S0: (term 1) follower 收到 [2] AppendEntries [], prevIndex 0, prevTerm 0
025610 LEAD S2: 0 append success next 1 match 0
025610 LEAD S2: 1 append success next 1 match 0
026111 LEAD S2: prevLog &raft.Entry{Command:interface {}(nil), Term:0, Index:0}
026111 LEAD S2: prevLog &raft.Entry{Command:interface {}(nil), Term:0, Index:0}
026112 INFO S1: (term 1) follower 收到 [2] AppendEntries [], prevIndex 0, prevTerm 0
026112 LEAD S2: 1 append success next 1 match 0
026112 INFO S0: (term 1) follower 收到 [2] AppendEntries [], prevIndex 0, prevTerm 0
026113 LEAD S2: 0 append success next 1 match 0
026614 LEAD S2: prevLog &raft.Entry{Command:interface {}(nil), Term:0, Index:0}
026614 LEAD S2: prevLog &raft.Entry{Command:interface {}(nil), Term:0, Index:0}
026614 INFO S0: (term 1) follower 收到 [2] AppendEntries [], prevIndex 0, prevTerm 0
026614 INFO S1: (term 1) follower 收到 [2] AppendEntries [], prevIndex 0, prevTerm 0
026615 LEAD S2: 0 append success next 1 match 0
026615 LEAD S2: 1 append success next 1 match 0
027115 LEAD S2: prevLog &raft.Entry{Command:interface {}(nil), Term:0, Index:0}
027116 LEAD S2: prevLog &raft.Entry{Command:interface {}(nil), Term:0, Index:0}
027116 INFO S0: (term 1) follower 收到 [2] AppendEntries [], prevIndex 0, prevTerm 0
027116 INFO S1: (term 1) follower 收到 [2] AppendEntries [], prevIndex 0, prevTerm 0
027117 LEAD S2: 0 append success next 1 match 0
027117 LEAD S2: 1 append success next 1 match 0
027618 LEAD S2: prevLog &raft.Entry{Command:interface {}(nil), Term:0, Index:0}
027618 LEAD S2: prevLog &raft.Entry{Command:interface {}(nil), Term:0, Index:0}
027619 INFO S0: (term 1) follower 收到 [2] AppendEntries [], prevIndex 0, prevTerm 0
027619 LEAD S2: 0 append success next 1 match 0
027619 INFO S1: (term 1) follower 收到 [2] AppendEntries [], prevIndex 0, prevTerm 0
027619 LEAD S2: 1 append success next 1 match 0
028121 LEAD S2: prevLog &raft.Entry{Command:interface {}(nil), Term:0, Index:0}
028121 LEAD S2: prevLog &raft.Entry{Command:interface {}(nil), Term:0, Index:0}
028122 INFO S0: (term 1) follower 收到 [2] AppendEntries [], prevIndex 0, prevTerm 0
028122 LEAD S2: 0 append success next 1 match 0
028122 INFO S1: (term 1) follower 收到 [2] AppendEntries [], prevIndex 0, prevTerm 0
028122 LEAD S2: 1 append success next 1 match 0
028624 LEAD S2: prevLog &raft.Entry{Command:interface {}(nil), Term:0, Index:0}
028624 LEAD S2: prevLog &raft.Entry{Command:interface {}(nil), Term:0, Index:0}
028624 INFO S1: (term 1) follower 收到 [2] AppendEntries [], prevIndex 0, prevTerm 0
028625 LEAD S2: 1 append success next 1 match 0
028625 INFO S0: (term 1) follower 收到 [2] AppendEntries [], prevIndex 0, prevTerm 0
028625 LEAD S2: 0 append success next 1 match 0
029126 LEAD S2: prevLog &raft.Entry{Command:interface {}(nil), Term:0, Index:0}
029126 LEAD S2: prevLog &raft.Entry{Command:interface {}(nil), Term:0, Index:0}
029127 INFO S0: (term 1) follower 收到 [2] AppendEntries [], prevIndex 0, prevTerm 0
029127 INFO S1: (term 1) follower 收到 [2] AppendEntries [], prevIndex 0, prevTerm 0
029127 LEAD S2: 0 append success next 1 match 0
029127 LEAD S2: 1 append success next 1 match 0
029627 LEAD S2: prevLog &raft.Entry{Command:interface {}(nil), Term:0, Index:0}
029628 LEAD S2: prevLog &raft.Entry{Command:interface {}(nil), Term:0, Index:0}
029628 INFO S0: (term 1) follower 收到 [2] AppendEntries [], prevIndex 0, prevTerm 0
029628 INFO S1: (term 1) follower 收到 [2] AppendEntries [], prevIndex 0, prevTerm 0
029629 LEAD S2: 0 append success next 1 match 0
029629 LEAD S2: 1 append success next 1 match 0
030129 LEAD S2: prevLog &raft.Entry{Command:interface {}(nil), Term:0, Index:0}
030129 LEAD S2: prevLog &raft.Entry{Command:interface {}(nil), Term:0, Index:0}
030130 INFO S1: (term 1) follower 收到 [2] AppendEntries [], prevIndex 0, prevTerm 0
030130 INFO S0: (term 1) follower 收到 [2] AppendEntries [], prevIndex 0, prevTerm 0
030130 LEAD S2: 1 append success next 1 match 0
030131 LEAD S2: 0 append success next 1 match 0
030632 LEAD S2: prevLog &raft.Entry{Command:interface {}(nil), Term:0, Index:0}
030632 LEAD S2: prevLog &raft.Entry{Command:interface {}(nil), Term:0, Index:0}
030632 INFO S0: (term 1) follower 收到 [2] AppendEntries [], prevIndex 0, prevTerm 0
030632 INFO S1: (term 1) follower 收到 [2] AppendEntries [], prevIndex 0, prevTerm 0
030633 LEAD S2: 0 append success next 1 match 0
030633 LEAD S2: 1 append success next 1 match 0
031134 LEAD S2: prevLog &raft.Entry{Command:interface {}(nil), Term:0, Index:0}
031134 LEAD S2: prevLog &raft.Entry{Command:interface {}(nil), Term:0, Index:0}
031135 INFO S0: (term 1) follower 收到 [2] AppendEntries [], prevIndex 0, prevTerm 0
031135 LEAD S2: 0 append success next 1 match 0
031135 INFO S1: (term 1) follower 收到 [2] AppendEntries [], prevIndex 0, prevTerm 0
031136 LEAD S2: 1 append success next 1 match 0
031637 LEAD S2: prevLog &raft.Entry{Command:interface {}(nil), Term:0, Index:0}
031637 LEAD S2: prevLog &raft.Entry{Command:interface {}(nil), Term:0, Index:0}
031638 INFO S1: (term 1) follower 收到 [2] AppendEntries [], prevIndex 0, prevTerm 0
031638 INFO S0: (term 1) follower 收到 [2] AppendEntries [], prevIndex 0, prevTerm 0
031639 LEAD S2: 1 append success next 1 match 0
031639 LEAD S2: 0 append success next 1 match 0
032139 LEAD S2: prevLog &raft.Entry{Command:interface {}(nil), Term:0, Index:0}
032140 LEAD S2: prevLog &raft.Entry{Command:interface {}(nil), Term:0, Index:0}
032140 INFO S1: (term 1) follower 收到 [2] AppendEntries [], prevIndex 0, prevTerm 0
032141 LEAD S2: 1 append success next 1 match 0
032141 INFO S0: (term 1) follower 收到 [2] AppendEntries [], prevIndex 0, prevTerm 0
032141 LEAD S2: 0 append success next 1 match 0
032642 LEAD S2: prevLog &raft.Entry{Command:interface {}(nil), Term:0, Index:0}
032642 LEAD S2: prevLog &raft.Entry{Command:interface {}(nil), Term:0, Index:0}
032642 INFO S1: (term 1) follower 收到 [2] AppendEntries [], prevIndex 0, prevTerm 0
032642 INFO S0: (term 1) follower 收到 [2] AppendEntries [], prevIndex 0, prevTerm 0
032643 LEAD S2: 0 append success next 1 match 0
032643 LEAD S2: 1 append success next 1 match 0
033144 LEAD S2: prevLog &raft.Entry{Command:interface {}(nil), Term:0, Index:0}
033144 LEAD S2: prevLog &raft.Entry{Command:interface {}(nil), Term:0, Index:0}
033145 INFO S1: (term 1) follower 收到 [2] AppendEntries [], prevIndex 0, prevTerm 0
033145 LEAD S2: 1 append success next 1 match 0
033145 INFO S0: (term 1) follower 收到 [2] AppendEntries [], prevIndex 0, prevTerm 0
033145 LEAD S2: 0 append success next 1 match 0
033648 LEAD S2: prevLog &raft.Entry{Command:interface {}(nil), Term:0, Index:0}
033648 LEAD S2: prevLog &raft.Entry{Command:interface {}(nil), Term:0, Index:0}
033649 INFO S0: (term 1) follower 收到 [2] AppendEntries [], prevIndex 0, prevTerm 0
033649 INFO S1: (term 1) follower 收到 [2] AppendEntries [], prevIndex 0, prevTerm 0
033649 LEAD S2: 1 append success next 1 match 0
033649 LEAD S2: 0 append success next 1 match 0
034150 LEAD S2: prevLog &raft.Entry{Command:interface {}(nil), Term:0, Index:0}
034150 LEAD S2: prevLog &raft.Entry{Command:interface {}(nil), Term:0, Index:0}
034153 INFO S1: (term 1) follower 收到 [2] AppendEntries [], prevIndex 0, prevTerm 0
034153 INFO S0: (term 1) follower 收到 [2] AppendEntries [], prevIndex 0, prevTerm 0
034154 LEAD S2: 1 append success next 1 match 0
034155 LEAD S2: 0 append success next 1 match 0
034653 LEAD S2: prevLog &raft.Entry{Command:interface {}(nil), Term:0, Index:0}
034653 LEAD S2: prevLog &raft.Entry{Command:interface {}(nil), Term:0, Index:0}
034654 INFO S0: (term 1) follower 收到 [2] AppendEntries [], prevIndex 0, prevTerm 0
034654 INFO S1: (term 1) follower 收到 [2] AppendEntries [], prevIndex 0, prevTerm 0
034654 LEAD S2: 1 append success next 1 match 0
034654 LEAD S2: 0 append success next 1 match 0
035154 LEAD S2: prevLog &raft.Entry{Command:interface {}(nil), Term:0, Index:0}
035154 LEAD S2: prevLog &raft.Entry{Command:interface {}(nil), Term:0, Index:0}
035155 INFO S0: (term 1) follower 收到 [2] AppendEntries [], prevIndex 0, prevTerm 0
035155 INFO S1: (term 1) follower 收到 [2] AppendEntries [], prevIndex 0, prevTerm 0
035155 LEAD S2: 0 append success next 1 match 0
035156 LEAD S2: 1 append success next 1 match 0
035656 LEAD S2: prevLog &raft.Entry{Command:interface {}(nil), Term:0, Index:0}
035656 LEAD S2: prevLog &raft.Entry{Command:interface {}(nil), Term:0, Index:0}
035657 INFO S1: (term 1) follower 收到 [2] AppendEntries [], prevIndex 0, prevTerm 0
035657 INFO S0: (term 1) follower 收到 [2] AppendEntries [], prevIndex 0, prevTerm 0
035657 LEAD S2: 1 append success next 1 match 0
035657 LEAD S2: 0 append success next 1 match 0
036158 LEAD S2: prevLog &raft.Entry{Command:interface {}(nil), Term:0, Index:0}
036158 LEAD S2: prevLog &raft.Entry{Command:interface {}(nil), Term:0, Index:0}
036158 INFO S1: (term 1) follower 收到 [2] AppendEntries [], prevIndex 0, prevTerm 0
036159 INFO S0: (term 1) follower 收到 [2] AppendEntries [], prevIndex 0, prevTerm 0
036159 LEAD S2: 1 append success next 1 match 0
036159 LEAD S2: 0 append success next 1 match 0
036659 LEAD S2: prevLog &raft.Entry{Command:interface {}(nil), Term:0, Index:0}
036660 LEAD S2: prevLog &raft.Entry{Command:interface {}(nil), Term:0, Index:0}
036661 INFO S0: (term 1) follower 收到 [2] AppendEntries [], prevIndex 0, prevTerm 0
036661 INFO S1: (term 1) follower 收到 [2] AppendEntries [], prevIndex 0, prevTerm 0
036661 LEAD S2: 0 append success next 1 match 0
036661 LEAD S2: 1 append success next 1 match 0
037162 LEAD S2: prevLog &raft.Entry{Command:interface {}(nil), Term:0, Index:0}
037162 LEAD S2: prevLog &raft.Entry{Command:interface {}(nil), Term:0, Index:0}
037163 INFO S1: (term 1) follower 收到 [2] AppendEntries [], prevIndex 0, prevTerm 0
037163 LEAD S2: 1 append success next 1 match 0
037163 INFO S0: (term 1) follower 收到 [2] AppendEntries [], prevIndex 0, prevTerm 0
037164 LEAD S2: 0 append success next 1 match 0
037663 LEAD S2: prevLog &raft.Entry{Command:interface {}(nil), Term:0, Index:0}
037664 LEAD S2: prevLog &raft.Entry{Command:interface {}(nil), Term:0, Index:0}
037664 INFO S1: (term 1) follower 收到 [2] AppendEntries [], prevIndex 0, prevTerm 0
037664 INFO S0: (term 1) follower 收到 [2] AppendEntries [], prevIndex 0, prevTerm 0
037665 LEAD S2: 0 append success next 1 match 0
037665 LEAD S2: 1 append success next 1 match 0
038165 LEAD S2: prevLog &raft.Entry{Command:interface {}(nil), Term:0, Index:0}
038165 LEAD S2: prevLog &raft.Entry{Command:interface {}(nil), Term:0, Index:0}
038166 INFO S1: (term 1) follower 收到 [2] AppendEntries [], prevIndex 0, prevTerm 0
038166 INFO S0: (term 1) follower 收到 [2] AppendEntries [], prevIndex 0, prevTerm 0
038166 LEAD S2: 0 append success next 1 match 0
038166 LEAD S2: 1 append success next 1 match 0
038667 LEAD S2: prevLog &raft.Entry{Command:interface {}(nil), Term:0, Index:0}
038667 LEAD S2: prevLog &raft.Entry{Command:interface {}(nil), Term:0, Index:0}
038668 INFO S0: (term 1) follower 收到 [2] AppendEntries [], prevIndex 0, prevTerm 0
038668 INFO S1: (term 1) follower 收到 [2] AppendEntries [], prevIndex 0, prevTerm 0
038668 LEAD S2: 1 append success next 1 match 0
038668 LEAD S2: 0 append success next 1 match 0
039169 LEAD S2: prevLog &raft.Entry{Command:interface {}(nil), Term:0, Index:0}
039170 LEAD S2: prevLog &raft.Entry{Command:interface {}(nil), Term:0, Index:0}
039171 INFO S0: (term 1) follower 收到 [2] AppendEntries [], prevIndex 0, prevTerm 0
039171 INFO S1: (term 1) follower 收到 [2] AppendEntries [], prevIndex 0, prevTerm 0
039171 LEAD S2: 0 append success next 1 match 0
039171 LEAD S2: 1 append success next 1 match 0
039671 LEAD S2: prevLog &raft.Entry{Command:interface {}(nil), Term:0, Index:0}
039671 LEAD S2: prevLog &raft.Entry{Command:interface {}(nil), Term:0, Index:0}
039672 INFO S0: (term 1) follower 收到 [2] AppendEntries [], prevIndex 0, prevTerm 0
039672 INFO S1: (term 1) follower 收到 [2] AppendEntries [], prevIndex 0, prevTerm 0
039672 LEAD S2: 0 append success next 1 match 0
039673 LEAD S2: 1 append success next 1 match 0
040175 LEAD S2: prevLog &raft.Entry{Command:interface {}(nil), Term:0, Index:0}
040175 LEAD S2: prevLog &raft.Entry{Command:interface {}(nil), Term:0, Index:0}
040176 INFO S1: (term 1) follower 收到 [2] AppendEntries [], prevIndex 0, prevTerm 0
040176 INFO S0: (term 1) follower 收到 [2] AppendEntries [], prevIndex 0, prevTerm 0
040176 LEAD S2: 0 append success next 1 match 0
040176 LEAD S2: 1 append success next 1 match 0
040677 LEAD S2: prevLog &raft.Entry{Command:interface {}(nil), Term:0, Index:0}
040677 LEAD S2: prevLog &raft.Entry{Command:interface {}(nil), Term:0, Index:0}
040678 INFO S0: (term 1) follower 收到 [2] AppendEntries [], prevIndex 0, prevTerm 0
040678 INFO S1: (term 1) follower 收到 [2] AppendEntries [], prevIndex 0, prevTerm 0
040679 LEAD S2: 0 append success next 1 match 0
040679 LEAD S2: 1 append success next 1 match 0
041179 LEAD S2: prevLog &raft.Entry{Command:interface {}(nil), Term:0, Index:0}
041179 LEAD S2: prevLog &raft.Entry{Command:interface {}(nil), Term:0, Index:0}
041180 INFO S0: (term 1) follower 收到 [2] AppendEntries [], prevIndex 0, prevTerm 0
041180 LEAD S2: 0 append success next 1 match 0
041180 INFO S1: (term 1) follower 收到 [2] AppendEntries [], prevIndex 0, prevTerm 0
041181 LEAD S2: 1 append success next 1 match 0
041682 LEAD S2: prevLog &raft.Entry{Command:interface {}(nil), Term:0, Index:0}
041682 LEAD S2: prevLog &raft.Entry{Command:interface {}(nil), Term:0, Index:0}
041683 INFO S1: (term 1) follower 收到 [2] AppendEntries [], prevIndex 0, prevTerm 0
041683 INFO S0: (term 1) follower 收到 [2] AppendEntries [], prevIndex 0, prevTerm 0
041683 LEAD S2: 1 append success next 1 match 0
041683 LEAD S2: 0 append success next 1 match 0
042185 LEAD S2: prevLog &raft.Entry{Command:interface {}(nil), Term:0, Index:0}
042185 LEAD S2: prevLog &raft.Entry{Command:interface {}(nil), Term:0, Index:0}
042186 INFO S1: (term 1) follower 收到 [2] AppendEntries [], prevIndex 0, prevTerm 0
042186 LEAD S2: 1 append success next 1 match 0
042186 INFO S0: (term 1) follower 收到 [2] AppendEntries [], prevIndex 0, prevTerm 0
042187 LEAD S2: 0 append success next 1 match 0
042686 LEAD S2: prevLog &raft.Entry{Command:interface {}(nil), Term:0, Index:0}
042686 LEAD S2: prevLog &raft.Entry{Command:interface {}(nil), Term:0, Index:0}
042687 INFO S0: (term 1) follower 收到 [2] AppendEntries [], prevIndex 0, prevTerm 0
042687 LEAD S2: 0 append success next 1 match 0
042687 INFO S1: (term 1) follower 收到 [2] AppendEntries [], prevIndex 0, prevTerm 0
042688 LEAD S2: 1 append success next 1 match 0
043188 LEAD S2: prevLog &raft.Entry{Command:interface {}(nil), Term:0, Index:0}
043188 LEAD S2: prevLog &raft.Entry{Command:interface {}(nil), Term:0, Index:0}
043189 INFO S1: (term 1) follower 收到 [2] AppendEntries [], prevIndex 0, prevTerm 0
043189 INFO S0: (term 1) follower 收到 [2] AppendEntries [], prevIndex 0, prevTerm 0
043189 LEAD S2: 0 append success next 1 match 0
043189 LEAD S2: 1 append success next 1 match 0
043690 LEAD S2: prevLog &raft.Entry{Command:interface {}(nil), Term:0, Index:0}
043690 LEAD S2: prevLog &raft.Entry{Command:interface {}(nil), Term:0, Index:0}
043691 INFO S0: (term 1) follower 收到 [2] AppendEntries [], prevIndex 0, prevTerm 0
043691 INFO S1: (term 1) follower 收到 [2] AppendEntries [], prevIndex 0, prevTerm 0
043691 LEAD S2: 0 append success next 1 match 0
043691 LEAD S2: 1 append success next 1 match 0
044191 LEAD S2: prevLog &raft.Entry{Command:interface {}(nil), Term:0, Index:0}
044191 LEAD S2: prevLog &raft.Entry{Command:interface {}(nil), Term:0, Index:0}
044192 INFO S0: (term 1) follower 收到 [2] AppendEntries [], prevIndex 0, prevTerm 0
044192 INFO S1: (term 1) follower 收到 [2] AppendEntries [], prevIndex 0, prevTerm 0
044192 LEAD S2: 1 append success next 1 match 0
044192 LEAD S2: 0 append success next 1 match 0
044693 LEAD S2: prevLog &raft.Entry{Command:interface {}(nil), Term:0, Index:0}
044693 LEAD S2: prevLog &raft.Entry{Command:interface {}(nil), Term:0, Index:0}
044694 INFO S0: (term 1) follower 收到 [2] AppendEntries [], prevIndex 0, prevTerm 0
044694 INFO S1: (term 1) follower 收到 [2] AppendEntries [], prevIndex 0, prevTerm 0
044694 LEAD S2: 0 append success next 1 match 0
044694 LEAD S2: 1 append success next 1 match 0
045194 LEAD S2: prevLog &raft.Entry{Command:interface {}(nil), Term:0, Index:0}
045194 LEAD S2: prevLog &raft.Entry{Command:interface {}(nil), Term:0, Index:0}
045195 INFO S0: (term 1) follower 收到 [2] AppendEntries [], prevIndex 0, prevTerm 0
045195 INFO S1: (term 1) follower 收到 [2] AppendEntries [], prevIndex 0, prevTerm 0
045195 LEAD S2: 0 append success next 1 match 0
045196 LEAD S2: 1 append success next 1 match 0
045697 LEAD S2: prevLog &raft.Entry{Command:interface {}(nil), Term:0, Index:0}
045697 LEAD S2: prevLog &raft.Entry{Command:interface {}(nil), Term:0, Index:0}
045698 INFO S1: (term 1) follower 收到 [2] AppendEntries [], prevIndex 0, prevTerm 0
045698 INFO S0: (term 1) follower 收到 [2] AppendEntries [], prevIndex 0, prevTerm 0
045699 LEAD S2: 1 append success next 1 match 0
045699 LEAD S2: 0 append success next 1 match 0
046199 LEAD S2: prevLog &raft.Entry{Command:interface {}(nil), Term:0, Index:0}
046199 LEAD S2: prevLog &raft.Entry{Command:interface {}(nil), Term:0, Index:0}
046200 INFO S1: (term 1) follower 收到 [2] AppendEntries [], prevIndex 0, prevTerm 0
046200 INFO S0: (term 1) follower 收到 [2] AppendEntries [], prevIndex 0, prevTerm 0
046201 LEAD S2: 0 append success next 1 match 0
046201 LEAD S2: 1 append success next 1 match 0
046700 LEAD S2: prevLog &raft.Entry{Command:interface {}(nil), Term:0, Index:0}
046701 LEAD S2: prevLog &raft.Entry{Command:interface {}(nil), Term:0, Index:0}
046702 INFO S0: (term 1) follower 收到 [2] AppendEntries [], prevIndex 0, prevTerm 0
046702 INFO S1: (term 1) follower 收到 [2] AppendEntries [], prevIndex 0, prevTerm 0
046702 LEAD S2: 0 append success next 1 match 0
046702 LEAD S2: 1 append success next 1 match 0
047203 LEAD S2: prevLog &raft.Entry{Command:interface {}(nil), Term:0, Index:0}
047203 LEAD S2: prevLog &raft.Entry{Command:interface {}(nil), Term:0, Index:0}
047204 INFO S0: (term 1) follower 收到 [2] AppendEntries [], prevIndex 0, prevTerm 0
047204 INFO S1: (term 1) follower 收到 [2] AppendEntries [], prevIndex 0, prevTerm 0
047204 LEAD S2: 0 append success next 1 match 0
047205 LEAD S2: 1 append success next 1 match 0
047704 LEAD S2: prevLog &raft.Entry{Command:interface {}(nil), Term:0, Index:0}
047704 LEAD S2: prevLog &raft.Entry{Command:interface {}(nil), Term:0, Index:0}
047705 INFO S1: (term 1) follower 收到 [2] AppendEntries [], prevIndex 0, prevTerm 0
047705 INFO S0: (term 1) follower 收到 [2] AppendEntries [], prevIndex 0, prevTerm 0
047706 LEAD S2: 0 append success next 1 match 0
047706 LEAD S2: 1 append success next 1 match 0
048206 LEAD S2: prevLog &raft.Entry{Command:interface {}(nil), Term:0, Index:0}
048206 LEAD S2: prevLog &raft.Entry{Command:interface {}(nil), Term:0, Index:0}
048207 INFO S0: (term 1) follower 收到 [2] AppendEntries [], prevIndex 0, prevTerm 0
048207 INFO S1: (term 1) follower 收到 [2] AppendEntries [], prevIndex 0, prevTerm 0
048207 LEAD S2: 0 append success next 1 match 0
048208 LEAD S2: 1 append success next 1 match 0
048709 LEAD S2: prevLog &raft.Entry{Command:interface {}(nil), Term:0, Index:0}
048709 LEAD S2: prevLog &raft.Entry{Command:interface {}(nil), Term:0, Index:0}
048710 INFO S1: (term 1) follower 收到 [2] AppendEntries [], prevIndex 0, prevTerm 0
048710 INFO S0: (term 1) follower 收到 [2] AppendEntries [], prevIndex 0, prevTerm 0
048711 LEAD S2: 1 append success next 1 match 0
048711 LEAD S2: 0 append success next 1 match 0
049212 LEAD S2: prevLog &raft.Entry{Command:interface {}(nil), Term:0, Index:0}
049212 LEAD S2: prevLog &raft.Entry{Command:interface {}(nil), Term:0, Index:0}
049213 INFO S1: (term 1) follower 收到 [2] AppendEntries [], prevIndex 0, prevTerm 0
049213 INFO S0: (term 1) follower 收到 [2] AppendEntries [], prevIndex 0, prevTerm 0
049213 LEAD S2: 0 append success next 1 match 0
049213 LEAD S2: 1 append success next 1 match 0
049715 LEAD S2: prevLog &raft.Entry{Command:interface {}(nil), Term:0, Index:0}
049715 LEAD S2: prevLog &raft.Entry{Command:interface {}(nil), Term:0, Index:0}
049716 INFO S0: (term 1) follower 收到 [2] AppendEntries [], prevIndex 0, prevTerm 0
049716 INFO S1: (term 1) follower 收到 [2] AppendEntries [], prevIndex 0, prevTerm 0
049716 LEAD S2: 0 append success next 1 match 0
049716 LEAD S2: 1 append success next 1 match 0
050217 LEAD S2: prevLog &raft.Entry{Command:interface {}(nil), Term:0, Index:0}
050217 LEAD S2: prevLog &raft.Entry{Command:interface {}(nil), Term:0, Index:0}
050217 INFO S1: (term 1) follower 收到 [2] AppendEntries [], prevIndex 0, prevTerm 0
050218 LEAD S2: 1 append success next 1 match 0
050218 INFO S0: (term 1) follower 收到 [2] AppendEntries [], prevIndex 0, prevTerm 0
050218 LEAD S2: 0 append success next 1 match 0
050718 LEAD S2: prevLog &raft.Entry{Command:interface {}(nil), Term:0, Index:0}
050718 LEAD S2: prevLog &raft.Entry{Command:interface {}(nil), Term:0, Index:0}
050719 INFO S1: (term 1) follower 收到 [2] AppendEntries [], prevIndex 0, prevTerm 0
050719 LEAD S2: 1 append success next 1 match 0
050719 INFO S0: (term 1) follower 收到 [2] AppendEntries [], prevIndex 0, prevTerm 0
050720 LEAD S2: 0 append success next 1 match 0
051220 LEAD S2: prevLog &raft.Entry{Command:interface {}(nil), Term:0, Index:0}
051221 LEAD S2: prevLog &raft.Entry{Command:interface {}(nil), Term:0, Index:0}
051221 INFO S1: (term 1) follower 收到 [2] AppendEntries [], prevIndex 0, prevTerm 0
051222 INFO S0: (term 1) follower 收到 [2] AppendEntries [], prevIndex 0, prevTerm 0
051222 LEAD S2: 1 append success next 1 match 0
051222 LEAD S2: 0 append success next 1 match 0
051723 LEAD S2: prevLog &raft.Entry{Command:interface {}(nil), Term:0, Index:0}
051723 LEAD S2: prevLog &raft.Entry{Command:interface {}(nil), Term:0, Index:0}
051724 INFO S0: (term 1) follower 收到 [2] AppendEntries [], prevIndex 0, prevTerm 0
051724 INFO S1: (term 1) follower 收到 [2] AppendEntries [], prevIndex 0, prevTerm 0
051724 LEAD S2: 0 append success next 1 match 0
051724 LEAD S2: 1 append success next 1 match 0
052225 LEAD S2: prevLog &raft.Entry{Command:interface {}(nil), Term:0, Index:0}
052225 LEAD S2: prevLog &raft.Entry{Command:interface {}(nil), Term:0, Index:0}
052226 INFO S0: (term 1) follower 收到 [2] AppendEntries [], prevIndex 0, prevTerm 0
052226 INFO S1: (term 1) follower 收到 [2] AppendEntries [], prevIndex 0, prevTerm 0
052226 LEAD S2: 0 append success next 1 match 0
052227 LEAD S2: 1 append success next 1 match 0
052727 LEAD S2: prevLog &raft.Entry{Command:interface {}(nil), Term:0, Index:0}
052727 LEAD S2: prevLog &raft.Entry{Command:interface {}(nil), Term:0, Index:0}
052728 INFO S1: (term 1) follower 收到 [2] AppendEntries [], prevIndex 0, prevTerm 0
052728 LEAD S2: 1 append success next 1 match 0
052729 INFO S0: (term 1) follower 收到 [2] AppendEntries [], prevIndex 0, prevTerm 0
052729 LEAD S2: 0 append success next 1 match 0
053229 LEAD S2: prevLog &raft.Entry{Command:interface {}(nil), Term:0, Index:0}
053229 LEAD S2: prevLog &raft.Entry{Command:interface {}(nil), Term:0, Index:0}
053230 INFO S0: (term 1) follower 收到 [2] AppendEntries [], prevIndex 0, prevTerm 0
053230 INFO S1: (term 1) follower 收到 [2] AppendEntries [], prevIndex 0, prevTerm 0
053230 LEAD S2: 0 append success next 1 match 0
053230 LEAD S2: 1 append success next 1 match 0
053731 LEAD S2: prevLog &raft.Entry{Command:interface {}(nil), Term:0, Index:0}
053731 LEAD S2: prevLog &raft.Entry{Command:interface {}(nil), Term:0, Index:0}
053731 INFO S1: (term 1) follower 收到 [2] AppendEntries [], prevIndex 0, prevTerm 0
053731 INFO S0: (term 1) follower 收到 [2] AppendEntries [], prevIndex 0, prevTerm 0
053732 LEAD S2: 0 append success next 1 match 0
053732 LEAD S2: 1 append success next 1 match 0
054233 LEAD S2: prevLog &raft.Entry{Command:interface {}(nil), Term:0, Index:0}
054233 LEAD S2: prevLog &raft.Entry{Command:interface {}(nil), Term:0, Index:0}
054234 INFO S0: (term 1) follower 收到 [2] AppendEntries [], prevIndex 0, prevTerm 0
054234 INFO S1: (term 1) follower 收到 [2] AppendEntries [], prevIndex 0, prevTerm 0
054234 LEAD S2: 1 append success next 1 match 0
054234 LEAD S2: 0 append success next 1 match 0
054735 LEAD S2: prevLog &raft.Entry{Command:interface {}(nil), Term:0, Index:0}
054735 LEAD S2: prevLog &raft.Entry{Command:interface {}(nil), Term:0, Index:0}
054736 INFO S0: (term 1) follower 收到 [2] AppendEntries [], prevIndex 0, prevTerm 0
054736 INFO S1: (term 1) follower 收到 [2] AppendEntries [], prevIndex 0, prevTerm 0
054737 LEAD S2: 0 append success next 1 match 0
054737 LEAD S2: 1 append success next 1 match 0
055237 LEAD S2: prevLog &raft.Entry{Command:interface {}(nil), Term:0, Index:0}
055238 LEAD S2: prevLog &raft.Entry{Command:interface {}(nil), Term:0, Index:0}
055238 INFO S1: (term 1) follower 收到 [2] AppendEntries [], prevIndex 0, prevTerm 0
055238 INFO S0: (term 1) follower 收到 [2] AppendEntries [], prevIndex 0, prevTerm 0
055239 LEAD S2: 1 append success next 1 match 0
055239 LEAD S2: 0 append success next 1 match 0
055741 LEAD S2: prevLog &raft.Entry{Command:interface {}(nil), Term:0, Index:0}
055741 LEAD S2: prevLog &raft.Entry{Command:interface {}(nil), Term:0, Index:0}
055742 INFO S0: (term 1) follower 收到 [2] AppendEntries [], prevIndex 0, prevTerm 0
055742 LEAD S2: 0 append success next 1 match 0
055742 INFO S1: (term 1) follower 收到 [2] AppendEntries [], prevIndex 0, prevTerm 0
055742 LEAD S2: 1 append success next 1 match 0
056243 LEAD S2: prevLog &raft.Entry{Command:interface {}(nil), Term:0, Index:0}
056244 LEAD S2: prevLog &raft.Entry{Command:interface {}(nil), Term:0, Index:0}
056245 INFO S1: (term 1) follower 收到 [2] AppendEntries [], prevIndex 0, prevTerm 0
056245 INFO S0: (term 1) follower 收到 [2] AppendEntries [], prevIndex 0, prevTerm 0
056245 LEAD S2: 1 append success next 1 match 0
056245 LEAD S2: 0 append success next 1 match 0
056746 LEAD S2: prevLog &raft.Entry{Command:interface {}(nil), Term:0, Index:0}
056746 LEAD S2: prevLog &raft.Entry{Command:interface {}(nil), Term:0, Index:0}
056747 INFO S0: (term 1) follower 收到 [2] AppendEntries [], prevIndex 0, prevTerm 0
056747 INFO S1: (term 1) follower 收到 [2] AppendEntries [], prevIndex 0, prevTerm 0
056747 LEAD S2: 0 append success next 1 match 0
056748 LEAD S2: 1 append success next 1 match 0
057248 LEAD S2: prevLog &raft.Entry{Command:interface {}(nil), Term:0, Index:0}
057248 LEAD S2: prevLog &raft.Entry{Command:interface {}(nil), Term:0, Index:0}
057249 INFO S1: (term 1) follower 收到 [2] AppendEntries [], prevIndex 0, prevTerm 0
057249 LEAD S2: 1 append success next 1 match 0
057249 INFO S0: (term 1) follower 收到 [2] AppendEntries [], prevIndex 0, prevTerm 0
057250 LEAD S2: 0 append success next 1 match 0
057750 LEAD S2: prevLog &raft.Entry{Command:interface {}(nil), Term:0, Index:0}
057750 LEAD S2: prevLog &raft.Entry{Command:interface {}(nil), Term:0, Index:0}
057751 INFO S1: (term 1) follower 收到 [2] AppendEntries [], prevIndex 0, prevTerm 0
057751 INFO S0: (term 1) follower 收到 [2] AppendEntries [], prevIndex 0, prevTerm 0
057751 LEAD S2: 1 append success next 1 match 0
057751 LEAD S2: 0 append success next 1 match 0
058252 LEAD S2: prevLog &raft.Entry{Command:interface {}(nil), Term:0, Index:0}
058253 LEAD S2: prevLog &raft.Entry{Command:interface {}(nil), Term:0, Index:0}
058253 INFO S1: (term 1) follower 收到 [2] AppendEntries [], prevIndex 0, prevTerm 0
058253 INFO S0: (term 1) follower 收到 [2] AppendEntries [], prevIndex 0, prevTerm 0
058254 LEAD S2: 1 append success next 1 match 0
058254 LEAD S2: 0 append success next 1 match 0
058755 LEAD S2: prevLog &raft.Entry{Command:interface {}(nil), Term:0, Index:0}
058755 LEAD S2: prevLog &raft.Entry{Command:interface {}(nil), Term:0, Index:0}
058756 INFO S1: (term 1) follower 收到 [2] AppendEntries [], prevIndex 0, prevTerm 0
058756 LEAD S2: 1 append success next 1 match 0
058756 INFO S0: (term 1) follower 收到 [2] AppendEntries [], prevIndex 0, prevTerm 0
058756 LEAD S2: 0 append success next 1 match 0
059257 LEAD S2: prevLog &raft.Entry{Command:interface {}(nil), Term:0, Index:0}
059258 LEAD S2: prevLog &raft.Entry{Command:interface {}(nil), Term:0, Index:0}
059258 INFO S1: (term 1) follower 收到 [2] AppendEntries [], prevIndex 0, prevTerm 0
059258 INFO S0: (term 1) follower 收到 [2] AppendEntries [], prevIndex 0, prevTerm 0
059259 LEAD S2: 1 append success next 1 match 0
059259 LEAD S2: 0 append success next 1 match 0
059759 LEAD S2: prevLog &raft.Entry{Command:interface {}(nil), Term:0, Index:0}
059760 LEAD S2: prevLog &raft.Entry{Command:interface {}(nil), Term:0, Index:0}
059760 INFO S0: (term 1) follower 收到 [2] AppendEntries [], prevIndex 0, prevTerm 0
059760 LEAD S2: 0 append success next 1 match 0
059761 INFO S1: (term 1) follower 收到 [2] AppendEntries [], prevIndex 0, prevTerm 0
059761 LEAD S2: 1 append success next 1 match 0
060262 LEAD S2: prevLog &raft.Entry{Command:interface {}(nil), Term:0, Index:0}
060262 LEAD S2: prevLog &raft.Entry{Command:interface {}(nil), Term:0, Index:0}
060263 INFO S0: (term 1) follower 收到 [2] AppendEntries [], prevIndex 0, prevTerm 0
060263 LEAD S2: 0 append success next 1 match 0
060263 INFO S1: (term 1) follower 收到 [2] AppendEntries [], prevIndex 0, prevTerm 0
060263 LEAD S2: 1 append success next 1 match 0
060765 LEAD S2: prevLog &raft.Entry{Command:interface {}(nil), Term:0, Index:0}
060765 LEAD S2: prevLog &raft.Entry{Command:interface {}(nil), Term:0, Index:0}
060765 INFO S0: (term 1) follower 收到 [2] AppendEntries [], prevIndex 0, prevTerm 0
060766 LEAD S2: 0 append success next 1 match 0
060766 INFO S1: (term 1) follower 收到 [2] AppendEntries [], prevIndex 0, prevTerm 0
060766 LEAD S2: 1 append success next 1 match 0
061267 LEAD S2: prevLog &raft.Entry{Command:interface {}(nil), Term:0, Index:0}
061267 LEAD S2: prevLog &raft.Entry{Command:interface {}(nil), Term:0, Index:0}
061268 INFO S1: (term 1) follower 收到 [2] AppendEntries [], prevIndex 0, prevTerm 0
061269 LEAD S2: 1 append success next 1 match 0
061269 INFO S0: (term 1) follower 收到 [2] AppendEntries [], prevIndex 0, prevTerm 0
061269 LEAD S2: 0 append success next 1 match 0
061769 LEAD S2: prevLog &raft.Entry{Command:interface {}(nil), Term:0, Index:0}
061769 LEAD S2: prevLog &raft.Entry{Command:interface {}(nil), Term:0, Index:0}
061770 INFO S0: (term 1) follower 收到 [2] AppendEntries [], prevIndex 0, prevTerm 0
061770 INFO S1: (term 1) follower 收到 [2] AppendEntries [], prevIndex 0, prevTerm 0
061770 LEAD S2: 0 append success next 1 match 0
061771 LEAD S2: 1 append success next 1 match 0
062271 LEAD S2: prevLog &raft.Entry{Command:interface {}(nil), Term:0, Index:0}
062271 LEAD S2: prevLog &raft.Entry{Command:interface {}(nil), Term:0, Index:0}
062272 INFO S0: (term 1) follower 收到 [2] AppendEntries [], prevIndex 0, prevTerm 0
062272 INFO S1: (term 1) follower 收到 [2] AppendEntries [], prevIndex 0, prevTerm 0
062272 LEAD S2: 0 append success next 1 match 0
062272 LEAD S2: 1 append success next 1 match 0
062773 LEAD S2: prevLog &raft.Entry{Command:interface {}(nil), Term:0, Index:0}
062773 LEAD S2: prevLog &raft.Entry{Command:interface {}(nil), Term:0, Index:0}
062773 INFO S1: (term 1) follower 收到 [2] AppendEntries [], prevIndex 0, prevTerm 0
062774 LEAD S2: 1 append success next 1 match 0
062774 INFO S0: (term 1) follower 收到 [2] AppendEntries [], prevIndex 0, prevTerm 0
062774 LEAD S2: 0 append success next 1 match 0
063275 LEAD S2: prevLog &raft.Entry{Command:interface {}(nil), Term:0, Index:0}
063275 LEAD S2: prevLog &raft.Entry{Command:interface {}(nil), Term:0, Index:0}
063276 INFO S0: (term 1) follower 收到 [2] AppendEntries [], prevIndex 0, prevTerm 0
063276 INFO S1: (term 1) follower 收到 [2] AppendEntries [], prevIndex 0, prevTerm 0
063276 LEAD S2: 0 append success next 1 match 0
063276 LEAD S2: 1 append success next 1 match 0
063777 LEAD S2: prevLog &raft.Entry{Command:interface {}(nil), Term:0, Index:0}
063777 LEAD S2: prevLog &raft.Entry{Command:interface {}(nil), Term:0, Index:0}
063778 INFO S0: (term 1) follower 收到 [2] AppendEntries [], prevIndex 0, prevTerm 0
063778 INFO S1: (term 1) follower 收到 [2] AppendEntries [], prevIndex 0, prevTerm 0
063778 LEAD S2: 1 append success next 1 match 0
063778 LEAD S2: 0 append success next 1 match 0
064279 LEAD S2: prevLog &raft.Entry{Command:interface {}(nil), Term:0, Index:0}
064279 LEAD S2: prevLog &raft.Entry{Command:interface {}(nil), Term:0, Index:0}
064280 INFO S1: (term 1) follower 收到 [2] AppendEntries [], prevIndex 0, prevTerm 0
064281 LEAD S2: 1 append success next 1 match 0
064281 INFO S0: (term 1) follower 收到 [2] AppendEntries [], prevIndex 0, prevTerm 0
064281 LEAD S2: 0 append success next 1 match 0
064781 LEAD S2: prevLog &raft.Entry{Command:interface {}(nil), Term:0, Index:0}
064781 LEAD S2: prevLog &raft.Entry{Command:interface {}(nil), Term:0, Index:0}
064782 INFO S0: (term 1) follower 收到 [2] AppendEntries [], prevIndex 0, prevTerm 0
064782 INFO S1: (term 1) follower 收到 [2] AppendEntries [], prevIndex 0, prevTerm 0
064783 LEAD S2: 0 append success next 1 match 0
064783 LEAD S2: 1 append success next 1 match 0
065283 LEAD S2: prevLog &raft.Entry{Command:interface {}(nil), Term:0, Index:0}
065283 LEAD S2: prevLog &raft.Entry{Command:interface {}(nil), Term:0, Index:0}
065283 INFO S1: (term 1) follower 收到 [2] AppendEntries [], prevIndex 0, prevTerm 0
065283 INFO S0: (term 1) follower 收到 [2] AppendEntries [], prevIndex 0, prevTerm 0
065284 LEAD S2: 1 append success next 1 match 0
065284 LEAD S2: 0 append success next 1 match 0
065785 LEAD S2: prevLog &raft.Entry{Command:interface {}(nil), Term:0, Index:0}
065785 LEAD S2: prevLog &raft.Entry{Command:interface {}(nil), Term:0, Index:0}
065786 INFO S0: (term 1) follower 收到 [2] AppendEntries [], prevIndex 0, prevTerm 0
065786 LEAD S2: 0 append success next 1 match 0
065786 INFO S1: (term 1) follower 收到 [2] AppendEntries [], prevIndex 0, prevTerm 0
065787 LEAD S2: 1 append success next 1 match 0
066288 LEAD S2: prevLog &raft.Entry{Command:interface {}(nil), Term:0, Index:0}
066288 LEAD S2: prevLog &raft.Entry{Command:interface {}(nil), Term:0, Index:0}
066289 INFO S1: (term 1) follower 收到 [2] AppendEntries [], prevIndex 0, prevTerm 0
066289 INFO S0: (term 1) follower 收到 [2] AppendEntries [], prevIndex 0, prevTerm 0
066289 LEAD S2: 0 append success next 1 match 0
066289 LEAD S2: 1 append success next 1 match 0
066790 LEAD S2: prevLog &raft.Entry{Command:interface {}(nil), Term:0, Index:0}
066790 LEAD S2: prevLog &raft.Entry{Command:interface {}(nil), Term:0, Index:0}
066791 INFO S1: (term 1) follower 收到 [2] AppendEntries [], prevIndex 0, prevTerm 0
066791 LEAD S2: 1 append success next 1 match 0
066791 INFO S0: (term 1) follower 收到 [2] AppendEntries [], prevIndex 0, prevTerm 0
066792 LEAD S2: 0 append success next 1 match 0
067293 LEAD S2: prevLog &raft.Entry{Command:interface {}(nil), Term:0, Index:0}
067293 LEAD S2: prevLog &raft.Entry{Command:interface {}(nil), Term:0, Index:0}
067293 INFO S0: (term 1) follower 收到 [2] AppendEntries [], prevIndex 0, prevTerm 0
067294 LEAD S2: 0 append success next 1 match 0
067294 INFO S1: (term 1) follower 收到 [2] AppendEntries [], prevIndex 0, prevTerm 0
067294 LEAD S2: 1 append success next 1 match 0
067795 LEAD S2: prevLog &raft.Entry{Command:interface {}(nil), Term:0, Index:0}
067795 LEAD S2: prevLog &raft.Entry{Command:interface {}(nil), Term:0, Index:0}
067796 INFO S1: (term 1) follower 收到 [2] AppendEntries [], prevIndex 0, prevTerm 0
067796 LEAD S2: 1 append success next 1 match 0
067797 INFO S0: (term 1) follower 收到 [2] AppendEntries [], prevIndex 0, prevTerm 0
067797 LEAD S2: 0 append success next 1 match 0
068298 LEAD S2: prevLog &raft.Entry{Command:interface {}(nil), Term:0, Index:0}
068298 LEAD S2: prevLog &raft.Entry{Command:interface {}(nil), Term:0, Index:0}
068299 INFO S1: (term 1) follower 收到 [2] AppendEntries [], prevIndex 0, prevTerm 0
068299 INFO S0: (term 1) follower 收到 [2] AppendEntries [], prevIndex 0, prevTerm 0
068299 LEAD S2: 0 append success next 1 match 0
068299 LEAD S2: 1 append success next 1 match 0
068800 LEAD S2: prevLog &raft.Entry{Command:interface {}(nil), Term:0, Index:0}
068800 LEAD S2: prevLog &raft.Entry{Command:interface {}(nil), Term:0, Index:0}
068801 INFO S0: (term 1) follower 收到 [2] AppendEntries [], prevIndex 0, prevTerm 0
068801 INFO S1: (term 1) follower 收到 [2] AppendEntries [], prevIndex 0, prevTerm 0
068801 LEAD S2: 0 append success next 1 match 0
068802 LEAD S2: 1 append success next 1 match 0
069303 LEAD S2: prevLog &raft.Entry{Command:interface {}(nil), Term:0, Index:0}
069303 LEAD S2: prevLog &raft.Entry{Command:interface {}(nil), Term:0, Index:0}
069304 INFO S1: (term 1) follower 收到 [2] AppendEntries [], prevIndex 0, prevTerm 0
069305 INFO S0: (term 1) follower 收到 [2] AppendEntries [], prevIndex 0, prevTerm 0
069305 LEAD S2: 0 append success next 1 match 0
069305 LEAD S2: 1 append success next 1 match 0
069805 LEAD S2: prevLog &raft.Entry{Command:interface {}(nil), Term:0, Index:0}
069805 LEAD S2: prevLog &raft.Entry{Command:interface {}(nil), Term:0, Index:0}
069806 INFO S0: (term 1) follower 收到 [2] AppendEntries [], prevIndex 0, prevTerm 0
069806 INFO S1: (term 1) follower 收到 [2] AppendEntries [], prevIndex 0, prevTerm 0
069806 LEAD S2: 0 append success next 1 match 0
069807 LEAD S2: 1 append success next 1 match 0
070306 LEAD S2: prevLog &raft.Entry{Command:interface {}(nil), Term:0, Index:0}
070307 LEAD S2: prevLog &raft.Entry{Command:interface {}(nil), Term:0, Index:0}
070307 INFO S1: (term 1) follower 收到 [2] AppendEntries [], prevIndex 0, prevTerm 0
070308 INFO S0: (term 1) follower 收到 [2] AppendEntries [], prevIndex 0, prevTerm 0
070308 LEAD S2: 1 append success next 1 match 0
070308 LEAD S2: 0 append success next 1 match 0
070808 LEAD S2: prevLog &raft.Entry{Command:interface {}(nil), Term:0, Index:0}
070809 LEAD S2: prevLog &raft.Entry{Command:interface {}(nil), Term:0, Index:0}
070810 INFO S0: (term 1) follower 收到 [2] AppendEntries [], prevIndex 0, prevTerm 0
070810 INFO S1: (term 1) follower 收到 [2] AppendEntries [], prevIndex 0, prevTerm 0
070810 LEAD S2: 0 append success next 1 match 0
070810 LEAD S2: 1 append success next 1 match 0
071310 LEAD S2: prevLog &raft.Entry{Command:interface {}(nil), Term:0, Index:0}
071310 LEAD S2: prevLog &raft.Entry{Command:interface {}(nil), Term:0, Index:0}
071312 INFO S1: (term 1) follower 收到 [2] AppendEntries [], prevIndex 0, prevTerm 0
071313 INFO S0: (term 1) follower 收到 [2] AppendEntries [], prevIndex 0, prevTerm 0
071313 LEAD S2: 1 append success next 1 match 0
071314 LEAD S2: 0 append success next 1 match 0
071812 LEAD S2: prevLog &raft.Entry{Command:interface {}(nil), Term:0, Index:0}
071813 LEAD S2: prevLog &raft.Entry{Command:interface {}(nil), Term:0, Index:0}
071813 INFO S1: (term 1) follower 收到 [2] AppendEntries [], prevIndex 0, prevTerm 0
071813 INFO S0: (term 1) follower 收到 [2] AppendEntries [], prevIndex 0, prevTerm 0
071814 LEAD S2: 1 append success next 1 match 0
071814 LEAD S2: 0 append success next 1 match 0
072314 LEAD S2: prevLog &raft.Entry{Command:interface {}(nil), Term:0, Index:0}
072314 LEAD S2: prevLog &raft.Entry{Command:interface {}(nil), Term:0, Index:0}
072315 INFO S1: (term 1) follower 收到 [2] AppendEntries [], prevIndex 0, prevTerm 0
072315 INFO S0: (term 1) follower 收到 [2] AppendEntries [], prevIndex 0, prevTerm 0
072316 LEAD S2: 1 append success next 1 match 0
072316 LEAD S2: 0 append success next 1 match 0
072815 LEAD S2: prevLog &raft.Entry{Command:interface {}(nil), Term:0, Index:0}
072816 LEAD S2: prevLog &raft.Entry{Command:interface {}(nil), Term:0, Index:0}
072816 INFO S1: (term 1) follower 收到 [2] AppendEntries [], prevIndex 0, prevTerm 0
072817 INFO S0: (term 1) follower 收到 [2] AppendEntries [], prevIndex 0, prevTerm 0
072817 LEAD S2: 1 append success next 1 match 0
072817 LEAD S2: 0 append success next 1 match 0
073318 LEAD S2: prevLog &raft.Entry{Command:interface {}(nil), Term:0, Index:0}
073318 LEAD S2: prevLog &raft.Entry{Command:interface {}(nil), Term:0, Index:0}
073319 INFO S1: (term 1) follower 收到 [2] AppendEntries [], prevIndex 0, prevTerm 0
073319 INFO S0: (term 1) follower 收到 [2] AppendEntries [], prevIndex 0, prevTerm 0
073319 LEAD S2: 0 append success next 1 match 0
073320 LEAD S2: 1 append success next 1 match 0
073820 LEAD S2: prevLog &raft.Entry{Command:interface {}(nil), Term:0, Index:0}
073820 LEAD S2: prevLog &raft.Entry{Command:interface {}(nil), Term:0, Index:0}
073821 INFO S0: (term 1) follower 收到 [2] AppendEntries [], prevIndex 0, prevTerm 0
073821 LEAD S2: 0 append success next 1 match 0
073821 INFO S1: (term 1) follower 收到 [2] AppendEntries [], prevIndex 0, prevTerm 0
073822 LEAD S2: 1 append success next 1 match 0
074323 LEAD S2: prevLog &raft.Entry{Command:interface {}(nil), Term:0, Index:0}
074323 LEAD S2: prevLog &raft.Entry{Command:interface {}(nil), Term:0, Index:0}
074324 INFO S0: (term 1) follower 收到 [2] AppendEntries [], prevIndex 0, prevTerm 0
074324 LEAD S2: 0 append success next 1 match 0
074325 INFO S1: (term 1) follower 收到 [2] AppendEntries [], prevIndex 0, prevTerm 0
074326 LEAD S2: 1 append success next 1 match 0
074825 LEAD S2: prevLog &raft.Entry{Command:interface {}(nil), Term:0, Index:0}
074825 LEAD S2: prevLog &raft.Entry{Command:interface {}(nil), Term:0, Index:0}
074826 INFO S0: (term 1) follower 收到 [2] AppendEntries [], prevIndex 0, prevTerm 0
074827 INFO S1: (term 1) follower 收到 [2] AppendEntries [], prevIndex 0, prevTerm 0
074827 LEAD S2: 0 append success next 1 match 0
074827 LEAD S2: 1 append success next 1 match 0
075328 LEAD S2: prevLog &raft.Entry{Command:interface {}(nil), Term:0, Index:0}
075328 LEAD S2: prevLog &raft.Entry{Command:interface {}(nil), Term:0, Index:0}
075329 INFO S0: (term 1) follower 收到 [2] AppendEntries [], prevIndex 0, prevTerm 0
075329 INFO S1: (term 1) follower 收到 [2] AppendEntries [], prevIndex 0, prevTerm 0
075329 LEAD S2: 0 append success next 1 match 0
075329 LEAD S2: 1 append success next 1 match 0
075830 LEAD S2: prevLog &raft.Entry{Command:interface {}(nil), Term:0, Index:0}
075830 LEAD S2: prevLog &raft.Entry{Command:interface {}(nil), Term:0, Index:0}
075831 INFO S0: (term 1) follower 收到 [2] AppendEntries [], prevIndex 0, prevTerm 0
075831 LEAD S2: 0 append success next 1 match 0
075831 INFO S1: (term 1) follower 收到 [2] AppendEntries [], prevIndex 0, prevTerm 0
075832 LEAD S2: 1 append success next 1 match 0
076333 LEAD S2: prevLog &raft.Entry{Command:interface {}(nil), Term:0, Index:0}
076333 LEAD S2: prevLog &raft.Entry{Command:interface {}(nil), Term:0, Index:0}
076334 INFO S0: (term 1) follower 收到 [2] AppendEntries [], prevIndex 0, prevTerm 0
076334 INFO S1: (term 1) follower 收到 [2] AppendEntries [], prevIndex 0, prevTerm 0
076334 LEAD S2: 0 append success next 1 match 0
076335 LEAD S2: 1 append success next 1 match 0
076835 LEAD S2: prevLog &raft.Entry{Command:interface {}(nil), Term:0, Index:0}
076835 LEAD S2: prevLog &raft.Entry{Command:interface {}(nil), Term:0, Index:0}
076836 INFO S0: (term 1) follower 收到 [2] AppendEntries [], prevIndex 0, prevTerm 0
076836 INFO S1: (term 1) follower 收到 [2] AppendEntries [], prevIndex 0, prevTerm 0
076837 LEAD S2: 0 append success next 1 match 0
076837 LEAD S2: 1 append success next 1 match 0
077337 LEAD S2: prevLog &raft.Entry{Command:interface {}(nil), Term:0, Index:0}
077337 LEAD S2: prevLog &raft.Entry{Command:interface {}(nil), Term:0, Index:0}
077338 INFO S0: (term 1) follower 收到 [2] AppendEntries [], prevIndex 0, prevTerm 0
077338 INFO S1: (term 1) follower 收到 [2] AppendEntries [], prevIndex 0, prevTerm 0
077338 LEAD S2: 0 append success next 1 match 0
077338 LEAD S2: 1 append success next 1 match 0
077839 LEAD S2: prevLog &raft.Entry{Command:interface {}(nil), Term:0, Index:0}
077839 LEAD S2: prevLog &raft.Entry{Command:interface {}(nil), Term:0, Index:0}
077840 INFO S0: (term 1) follower 收到 [2] AppendEntries [], prevIndex 0, prevTerm 0
077840 INFO S1: (term 1) follower 收到 [2] AppendEntries [], prevIndex 0, prevTerm 0
077840 LEAD S2: 0 append success next 1 match 0
077840 LEAD S2: 1 append success next 1 match 0
078341 LEAD S2: prevLog &raft.Entry{Command:interface {}(nil), Term:0, Index:0}
078341 LEAD S2: prevLog &raft.Entry{Command:interface {}(nil), Term:0, Index:0}
078342 INFO S0: (term 1) follower 收到 [2] AppendEntries [], prevIndex 0, prevTerm 0
078342 INFO S1: (term 1) follower 收到 [2] AppendEntries [], prevIndex 0, prevTerm 0
078342 LEAD S2: 1 append success next 1 match 0
078342 LEAD S2: 0 append success next 1 match 0
078843 LEAD S2: prevLog &raft.Entry{Command:interface {}(nil), Term:0, Index:0}
078843 LEAD S2: prevLog &raft.Entry{Command:interface {}(nil), Term:0, Index:0}
078843 INFO S1: (term 1) follower 收到 [2] AppendEntries [], prevIndex 0, prevTerm 0
078844 INFO S0: (term 1) follower 收到 [2] AppendEntries [], prevIndex 0, prevTerm 0
078844 LEAD S2: 1 append success next 1 match 0
078844 LEAD S2: 0 append success next 1 match 0
079345 LEAD S2: prevLog &raft.Entry{Command:interface {}(nil), Term:0, Index:0}
079345 LEAD S2: prevLog &raft.Entry{Command:interface {}(nil), Term:0, Index:0}
079346 INFO S1: (term 1) follower 收到 [2] AppendEntries [], prevIndex 0, prevTerm 0
079347 INFO S0: (term 1) follower 收到 [2] AppendEntries [], prevIndex 0, prevTerm 0
079347 LEAD S2: 1 append success next 1 match 0
079347 LEAD S2: 0 append success next 1 match 0
079847 LEAD S2: prevLog &raft.Entry{Command:interface {}(nil), Term:0, Index:0}
079847 LEAD S2: prevLog &raft.Entry{Command:interface {}(nil), Term:0, Index:0}
079848 INFO S1: (term 1) follower 收到 [2] AppendEntries [], prevIndex 0, prevTerm 0
079848 INFO S0: (term 1) follower 收到 [2] AppendEntries [], prevIndex 0, prevTerm 0
079849 LEAD S2: 1 append success next 1 match 0
079849 LEAD S2: 0 append success next 1 match 0
080349 LEAD S2: prevLog &raft.Entry{Command:interface {}(nil), Term:0, Index:0}
080350 LEAD S2: prevLog &raft.Entry{Command:interface {}(nil), Term:0, Index:0}
080351 INFO S1: (term 1) follower 收到 [2] AppendEntries [], prevIndex 0, prevTerm 0
080351 LEAD S2: 1 append success next 1 match 0
080351 INFO S0: (term 1) follower 收到 [2] AppendEntries [], prevIndex 0, prevTerm 0
080351 LEAD S2: 0 append success next 1 match 0
080851 LEAD S2: prevLog &raft.Entry{Command:interface {}(nil), Term:0, Index:0}
080852 LEAD S2: prevLog &raft.Entry{Command:interface {}(nil), Term:0, Index:0}
080852 INFO S1: (term 1) follower 收到 [2] AppendEntries [], prevIndex 0, prevTerm 0
080852 INFO S0: (term 1) follower 收到 [2] AppendEntries [], prevIndex 0, prevTerm 0
080853 LEAD S2: 1 append success next 1 match 0
080853 LEAD S2: 0 append success next 1 match 0
081354 LEAD S2: prevLog &raft.Entry{Command:interface {}(nil), Term:0, Index:0}
081354 LEAD S2: prevLog &raft.Entry{Command:interface {}(nil), Term:0, Index:0}
081355 INFO S0: (term 1) follower 收到 [2] AppendEntries [], prevIndex 0, prevTerm 0
081355 LEAD S2: 0 append success next 1 match 0
081355 INFO S1: (term 1) follower 收到 [2] AppendEntries [], prevIndex 0, prevTerm 0
081356 LEAD S2: 1 append success next 1 match 0
081857 LEAD S2: prevLog &raft.Entry{Command:interface {}(nil), Term:0, Index:0}
081857 LEAD S2: prevLog &raft.Entry{Command:interface {}(nil), Term:0, Index:0}
081858 INFO S1: (term 1) follower 收到 [2] AppendEntries [], prevIndex 0, prevTerm 0
081858 LEAD S2: 1 append success next 1 match 0
081858 INFO S0: (term 1) follower 收到 [2] AppendEntries [], prevIndex 0, prevTerm 0
081858 LEAD S2: 0 append success next 1 match 0
082360 LEAD S2: prevLog &raft.Entry{Command:interface {}(nil), Term:0, Index:0}
082360 LEAD S2: prevLog &raft.Entry{Command:interface {}(nil), Term:0, Index:0}
082360 INFO S0: (term 1) follower 收到 [2] AppendEntries [], prevIndex 0, prevTerm 0
082361 LEAD S2: 0 append success next 1 match 0
082361 INFO S1: (term 1) follower 收到 [2] AppendEntries [], prevIndex 0, prevTerm 0
082361 LEAD S2: 1 append success next 1 match 0
082861 LEAD S2: prevLog &raft.Entry{Command:interface {}(nil), Term:0, Index:0}
082862 LEAD S2: prevLog &raft.Entry{Command:interface {}(nil), Term:0, Index:0}
082862 INFO S0: (term 1) follower 收到 [2] AppendEntries [], prevIndex 0, prevTerm 0
082863 LEAD S2: 0 append success next 1 match 0
082863 INFO S1: (term 1) follower 收到 [2] AppendEntries [], prevIndex 0, prevTerm 0
082863 LEAD S2: 1 append success next 1 match 0
083364 LEAD S2: prevLog &raft.Entry{Command:interface {}(nil), Term:0, Index:0}
083364 LEAD S2: prevLog &raft.Entry{Command:interface {}(nil), Term:0, Index:0}
083365 INFO S0: (term 1) follower 收到 [2] AppendEntries [], prevIndex 0, prevTerm 0
083366 LEAD S2: 0 append success next 1 match 0
083366 INFO S1: (term 1) follower 收到 [2] AppendEntries [], prevIndex 0, prevTerm 0
083366 LEAD S2: 1 append success next 1 match 0
083867 LEAD S2: prevLog &raft.Entry{Command:interface {}(nil), Term:0, Index:0}
083867 LEAD S2: prevLog &raft.Entry{Command:interface {}(nil), Term:0, Index:0}
083868 INFO S1: (term 1) follower 收到 [2] AppendEntries [], prevIndex 0, prevTerm 0
083868 INFO S0: (term 1) follower 收到 [2] AppendEntries [], prevIndex 0, prevTerm 0
083868 LEAD S2: 0 append success next 1 match 0
083868 LEAD S2: 1 append success next 1 match 0
084369 LEAD S2: prevLog &raft.Entry{Command:interface {}(nil), Term:0, Index:0}
084369 LEAD S2: prevLog &raft.Entry{Command:interface {}(nil), Term:0, Index:0}
084370 INFO S0: (term 1) follower 收到 [2] AppendEntries [], prevIndex 0, prevTerm 0
084370 INFO S1: (term 1) follower 收到 [2] AppendEntries [], prevIndex 0, prevTerm 0
084371 LEAD S2: 0 append success next 1 match 0
084371 LEAD S2: 1 append success next 1 match 0
084871 LEAD S2: prevLog &raft.Entry{Command:interface {}(nil), Term:0, Index:0}
084871 LEAD S2: prevLog &raft.Entry{Command:interface {}(nil), Term:0, Index:0}
084872 INFO S1: (term 1) follower 收到 [2] AppendEntries [], prevIndex 0, prevTerm 0
084872 LEAD S2: 1 append success next 1 match 0
084872 INFO S0: (term 1) follower 收到 [2] AppendEntries [], prevIndex 0, prevTerm 0
084873 LEAD S2: 0 append success next 1 match 0
085373 LEAD S2: prevLog &raft.Entry{Command:interface {}(nil), Term:0, Index:0}
085373 LEAD S2: prevLog &raft.Entry{Command:interface {}(nil), Term:0, Index:0}
085374 INFO S1: (term 1) follower 收到 [2] AppendEntries [], prevIndex 0, prevTerm 0
085374 INFO S0: (term 1) follower 收到 [2] AppendEntries [], prevIndex 0, prevTerm 0
085374 LEAD S2: 1 append success next 1 match 0
085374 LEAD S2: 0 append success next 1 match 0
085875 LEAD S2: prevLog &raft.Entry{Command:interface {}(nil), Term:0, Index:0}
085875 LEAD S2: prevLog &raft.Entry{Command:interface {}(nil), Term:0, Index:0}
085876 INFO S0: (term 1) follower 收到 [2] AppendEntries [], prevIndex 0, prevTerm 0
085876 INFO S1: (term 1) follower 收到 [2] AppendEntries [], prevIndex 0, prevTerm 0
085876 LEAD S2: 1 append success next 1 match 0
085876 LEAD S2: 0 append success next 1 match 0
086376 LEAD S2: prevLog &raft.Entry{Command:interface {}(nil), Term:0, Index:0}
086376 LEAD S2: prevLog &raft.Entry{Command:interface {}(nil), Term:0, Index:0}
086377 INFO S1: (term 1) follower 收到 [2] AppendEntries [], prevIndex 0, prevTerm 0
086377 INFO S0: (term 1) follower 收到 [2] AppendEntries [], prevIndex 0, prevTerm 0
086377 LEAD S2: 0 append success next 1 match 0
086378 LEAD S2: 1 append success next 1 match 0
086878 LEAD S2: prevLog &raft.Entry{Command:interface {}(nil), Term:0, Index:0}
086879 LEAD S2: prevLog &raft.Entry{Command:interface {}(nil), Term:0, Index:0}
086879 INFO S0: (term 1) follower 收到 [2] AppendEntries [], prevIndex 0, prevTerm 0
086879 INFO S1: (term 1) follower 收到 [2] AppendEntries [], prevIndex 0, prevTerm 0
086880 LEAD S2: 0 append success next 1 match 0
086880 LEAD S2: 1 append success next 1 match 0
087381 LEAD S2: prevLog &raft.Entry{Command:interface {}(nil), Term:0, Index:0}
087381 LEAD S2: prevLog &raft.Entry{Command:interface {}(nil), Term:0, Index:0}
087382 INFO S1: (term 1) follower 收到 [2] AppendEntries [], prevIndex 0, prevTerm 0
087383 INFO S0: (term 1) follower 收到 [2] AppendEntries [], prevIndex 0, prevTerm 0
087383 LEAD S2: 1 append success next 1 match 0
087384 LEAD S2: 0 append success next 1 match 0
087883 LEAD S2: prevLog &raft.Entry{Command:interface {}(nil), Term:0, Index:0}
087883 LEAD S2: prevLog &raft.Entry{Command:interface {}(nil), Term:0, Index:0}
087884 INFO S1: (term 1) follower 收到 [2] AppendEntries [], prevIndex 0, prevTerm 0
087884 INFO S0: (term 1) follower 收到 [2] AppendEntries [], prevIndex 0, prevTerm 0
087884 LEAD S2: 1 append success next 1 match 0
087885 LEAD S2: 0 append success next 1 match 0
088385 LEAD S2: prevLog &raft.Entry{Command:interface {}(nil), Term:0, Index:0}
088385 LEAD S2: prevLog &raft.Entry{Command:interface {}(nil), Term:0, Index:0}
088386 INFO S1: (term 1) follower 收到 [2] AppendEntries [], prevIndex 0, prevTerm 0
088386 INFO S0: (term 1) follower 收到 [2] AppendEntries [], prevIndex 0, prevTerm 0
088386 LEAD S2: 0 append success next 1 match 0
088386 LEAD S2: 1 append success next 1 match 0
088887 LEAD S2: prevLog &raft.Entry{Command:interface {}(nil), Term:0, Index:0}
088888 LEAD S2: prevLog &raft.Entry{Command:interface {}(nil), Term:0, Index:0}
088888 INFO S1: (term 1) follower 收到 [2] AppendEntries [], prevIndex 0, prevTerm 0
088889 LEAD S2: 1 append success next 1 match 0
088889 INFO S0: (term 1) follower 收到 [2] AppendEntries [], prevIndex 0, prevTerm 0
088889 LEAD S2: 0 append success next 1 match 0
089389 LEAD S2: prevLog &raft.Entry{Command:interface {}(nil), Term:0, Index:0}
089389 LEAD S2: prevLog &raft.Entry{Command:interface {}(nil), Term:0, Index:0}
089390 INFO S0: (term 1) follower 收到 [2] AppendEntries [], prevIndex 0, prevTerm 0
089390 LEAD S2: 0 append success next 1 match 0
089390 INFO S1: (term 1) follower 收到 [2] AppendEntries [], prevIndex 0, prevTerm 0
089391 LEAD S2: 1 append success next 1 match 0
089892 LEAD S2: prevLog &raft.Entry{Command:interface {}(nil), Term:0, Index:0}
089892 LEAD S2: prevLog &raft.Entry{Command:interface {}(nil), Term:0, Index:0}
089892 INFO S1: (term 1) follower 收到 [2] AppendEntries [], prevIndex 0, prevTerm 0
089892 INFO S0: (term 1) follower 收到 [2] AppendEntries [], prevIndex 0, prevTerm 0
089893 LEAD S2: 0 append success next 1 match 0
089893 LEAD S2: 1 append success next 1 match 0
090394 LEAD S2: prevLog &raft.Entry{Command:interface {}(nil), Term:0, Index:0}
090394 LEAD S2: prevLog &raft.Entry{Command:interface {}(nil), Term:0, Index:0}
090395 INFO S0: (term 1) follower 收到 [2] AppendEntries [], prevIndex 0, prevTerm 0
090395 INFO S1: (term 1) follower 收到 [2] AppendEntries [], prevIndex 0, prevTerm 0
090395 LEAD S2: 0 append success next 1 match 0
090395 LEAD S2: 1 append success next 1 match 0
090896 LEAD S2: prevLog &raft.Entry{Command:interface {}(nil), Term:0, Index:0}
090896 LEAD S2: prevLog &raft.Entry{Command:interface {}(nil), Term:0, Index:0}
090897 INFO S1: (term 1) follower 收到 [2] AppendEntries [], prevIndex 0, prevTerm 0
090897 INFO S0: (term 1) follower 收到 [2] AppendEntries [], prevIndex 0, prevTerm 0
090897 LEAD S2: 1 append success next 1 match 0
090898 LEAD S2: 0 append success next 1 match 0
091398 LEAD S2: prevLog &raft.Entry{Command:interface {}(nil), Term:0, Index:0}
091398 LEAD S2: prevLog &raft.Entry{Command:interface {}(nil), Term:0, Index:0}
091399 INFO S1: (term 1) follower 收到 [2] AppendEntries [], prevIndex 0, prevTerm 0
091399 LEAD S2: 1 append success next 1 match 0
091399 INFO S0: (term 1) follower 收到 [2] AppendEntries [], prevIndex 0, prevTerm 0
091400 LEAD S2: 0 append success next 1 match 0
091900 LEAD S2: prevLog &raft.Entry{Command:interface {}(nil), Term:0, Index:0}
091901 LEAD S2: prevLog &raft.Entry{Command:interface {}(nil), Term:0, Index:0}
091901 INFO S1: (term 1) follower 收到 [2] AppendEntries [], prevIndex 0, prevTerm 0
091901 INFO S0: (term 1) follower 收到 [2] AppendEntries [], prevIndex 0, prevTerm 0
091902 LEAD S2: 0 append success next 1 match 0
091902 LEAD S2: 1 append success next 1 match 0
092403 LEAD S2: prevLog &raft.Entry{Command:interface {}(nil), Term:0, Index:0}
092403 LEAD S2: prevLog &raft.Entry{Command:interface {}(nil), Term:0, Index:0}
092404 INFO S1: (term 1) follower 收到 [2] AppendEntries [], prevIndex 0, prevTerm 0
092404 INFO S0: (term 1) follower 收到 [2] AppendEntries [], prevIndex 0, prevTerm 0
092404 LEAD S2: 0 append success next 1 match 0
092404 LEAD S2: 1 append success next 1 match 0
092905 LEAD S2: prevLog &raft.Entry{Command:interface {}(nil), Term:0, Index:0}
092905 LEAD S2: prevLog &raft.Entry{Command:interface {}(nil), Term:0, Index:0}
092905 INFO S0: (term 1) follower 收到 [2] AppendEntries [], prevIndex 0, prevTerm 0
092906 LEAD S2: 0 append success next 1 match 0
092906 INFO S1: (term 1) follower 收到 [2] AppendEntries [], prevIndex 0, prevTerm 0
092906 LEAD S2: 1 append success next 1 match 0
093407 LEAD S2: prevLog &raft.Entry{Command:interface {}(nil), Term:0, Index:0}
093407 LEAD S2: prevLog &raft.Entry{Command:interface {}(nil), Term:0, Index:0}
093408 INFO S0: (term 1) follower 收到 [2] AppendEntries [], prevIndex 0, prevTerm 0
093408 INFO S1: (term 1) follower 收到 [2] AppendEntries [], prevIndex 0, prevTerm 0
093408 LEAD S2: 0 append success next 1 match 0
093409 LEAD S2: 1 append success next 1 match 0
093909 LEAD S2: prevLog &raft.Entry{Command:interface {}(nil), Term:0, Index:0}
093909 LEAD S2: prevLog &raft.Entry{Command:interface {}(nil), Term:0, Index:0}
093910 INFO S1: (term 1) follower 收到 [2] AppendEntries [], prevIndex 0, prevTerm 0
093910 INFO S0: (term 1) follower 收到 [2] AppendEntries [], prevIndex 0, prevTerm 0
093910 LEAD S2: 0 append success next 1 match 0
093910 LEAD S2: 1 append success next 1 match 0
094411 LEAD S2: prevLog &raft.Entry{Command:interface {}(nil), Term:0, Index:0}
094412 LEAD S2: prevLog &raft.Entry{Command:interface {}(nil), Term:0, Index:0}
094413 INFO S0: (term 1) follower 收到 [2] AppendEntries [], prevIndex 0, prevTerm 0
094413 LEAD S2: 0 append success next 1 match 0
094413 INFO S1: (term 1) follower 收到 [2] AppendEntries [], prevIndex 0, prevTerm 0
094413 LEAD S2: 1 append success next 1 match 0
094913 LEAD S2: prevLog &raft.Entry{Command:interface {}(nil), Term:0, Index:0}
094914 LEAD S2: prevLog &raft.Entry{Command:interface {}(nil), Term:0, Index:0}
094914 INFO S1: (term 1) follower 收到 [2] AppendEntries [], prevIndex 0, prevTerm 0
094915 LEAD S2: 1 append success next 1 match 0
094915 INFO S0: (term 1) follower 收到 [2] AppendEntries [], prevIndex 0, prevTerm 0
094915 LEAD S2: 0 append success next 1 match 0
095416 LEAD S2: prevLog &raft.Entry{Command:interface {}(nil), Term:0, Index:0}
095417 LEAD S2: prevLog &raft.Entry{Command:interface {}(nil), Term:0, Index:0}
095417 INFO S0: (term 1) follower 收到 [2] AppendEntries [], prevIndex 0, prevTerm 0
095418 LEAD S2: 0 append success next 1 match 0
095418 INFO S1: (term 1) follower 收到 [2] AppendEntries [], prevIndex 0, prevTerm 0
095418 LEAD S2: 1 append success next 1 match 0
095920 LEAD S2: prevLog &raft.Entry{Command:interface {}(nil), Term:0, Index:0}
095920 LEAD S2: prevLog &raft.Entry{Command:interface {}(nil), Term:0, Index:0}
095921 INFO S1: (term 1) follower 收到 [2] AppendEntries [], prevIndex 0, prevTerm 0
095921 LEAD S2: 1 append success next 1 match 0
095922 INFO S0: (term 1) follower 收到 [2] AppendEntries [], prevIndex 0, prevTerm 0
095922 LEAD S2: 0 append success next 1 match 0
096424 LEAD S2: prevLog &raft.Entry{Command:interface {}(nil), Term:0, Index:0}
096424 LEAD S2: prevLog &raft.Entry{Command:interface {}(nil), Term:0, Index:0}
096425 INFO S1: (term 1) follower 收到 [2] AppendEntries [], prevIndex 0, prevTerm 0
096425 INFO S0: (term 1) follower 收到 [2] AppendEntries [], prevIndex 0, prevTerm 0
096425 LEAD S2: 1 append success next 1 match 0
096425 LEAD S2: 0 append success next 1 match 0
096926 LEAD S2: prevLog &raft.Entry{Command:interface {}(nil), Term:0, Index:0}
096926 LEAD S2: prevLog &raft.Entry{Command:interface {}(nil), Term:0, Index:0}
096927 INFO S1: (term 1) follower 收到 [2] AppendEntries [], prevIndex 0, prevTerm 0
096927 INFO S0: (term 1) follower 收到 [2] AppendEntries [], prevIndex 0, prevTerm 0
096927 LEAD S2: 0 append success next 1 match 0
096927 LEAD S2: 1 append success next 1 match 0
097428 LEAD S2: prevLog &raft.Entry{Command:interface {}(nil), Term:0, Index:0}
097428 LEAD S2: prevLog &raft.Entry{Command:interface {}(nil), Term:0, Index:0}
097429 INFO S1: (term 1) follower 收到 [2] AppendEntries [], prevIndex 0, prevTerm 0
097429 INFO S0: (term 1) follower 收到 [2] AppendEntries [], prevIndex 0, prevTerm 0
097429 LEAD S2: 1 append success next 1 match 0
097429 LEAD S2: 0 append success next 1 match 0
097930 LEAD S2: prevLog &raft.Entry{Command:interface {}(nil), Term:0, Index:0}
097930 LEAD S2: prevLog &raft.Entry{Command:interface {}(nil), Term:0, Index:0}
097931 INFO S1: (term 1) follower 收到 [2] AppendEntries [], prevIndex 0, prevTerm 0
097931 LEAD S2: 1 append success next 1 match 0
097931 INFO S0: (term 1) follower 收到 [2] AppendEntries [], prevIndex 0, prevTerm 0
097931 LEAD S2: 0 append success next 1 match 0
098432 LEAD S2: prevLog &raft.Entry{Command:interface {}(nil), Term:0, Index:0}
098433 LEAD S2: prevLog &raft.Entry{Command:interface {}(nil), Term:0, Index:0}
098433 INFO S1: (term 1) follower 收到 [2] AppendEntries [], prevIndex 0, prevTerm 0
098433 INFO S0: (term 1) follower 收到 [2] AppendEntries [], prevIndex 0, prevTerm 0
098434 LEAD S2: 1 append success next 1 match 0
098434 LEAD S2: 0 append success next 1 match 0
098934 LEAD S2: prevLog &raft.Entry{Command:interface {}(nil), Term:0, Index:0}
098935 LEAD S2: prevLog &raft.Entry{Command:interface {}(nil), Term:0, Index:0}
098935 INFO S0: (term 1) follower 收到 [2] AppendEntries [], prevIndex 0, prevTerm 0
098936 INFO S1: (term 1) follower 收到 [2] AppendEntries [], prevIndex 0, prevTerm 0
098936 LEAD S2: 0 append success next 1 match 0
098936 LEAD S2: 1 append success next 1 match 0
099436 LEAD S2: prevLog &raft.Entry{Command:interface {}(nil), Term:0, Index:0}
099437 LEAD S2: prevLog &raft.Entry{Command:interface {}(nil), Term:0, Index:0}
099437 INFO S1: (term 1) follower 收到 [2] AppendEntries [], prevIndex 0, prevTerm 0
099438 LEAD S2: 1 append success next 1 match 0
099438 INFO S0: (term 1) follower 收到 [2] AppendEntries [], prevIndex 0, prevTerm 0
099439 LEAD S2: 0 append success next 1 match 0
099938 LEAD S2: prevLog &raft.Entry{Command:interface {}(nil), Term:0, Index:0}
099938 LEAD S2: prevLog &raft.Entry{Command:interface {}(nil), Term:0, Index:0}
099939 INFO S1: (term 1) follower 收到 [2] AppendEntries [], prevIndex 0, prevTerm 0
099939 INFO S0: (term 1) follower 收到 [2] AppendEntries [], prevIndex 0, prevTerm 0
099940 LEAD S2: 0 append success next 1 match 0
099940 LEAD S2: 1 append success next 1 match 0
100441 LEAD S2: prevLog &raft.Entry{Command:interface {}(nil), Term:0, Index:0}
100441 LEAD S2: prevLog &raft.Entry{Command:interface {}(nil), Term:0, Index:0}
--- FAIL: TestPersist12C (10.04s)
    config.go:609: one(11) failed to reach agreement
FAIL
exit status 1
FAIL	6.824/raft	10.045s
