Test (2C): basic persistence ...
002008 INFO S0: start leader election, term 1
002008 INFO S1: start leader election, term 1
002008 VOTE S1: term 1 send vote request to 2
002008 VOTE S0: term 1 send vote request to 2
002009 VOTE S0: term 1 send vote request to 1
002008 VOTE S1: term 1 send vote request to 0
002010 VOTE S0: 1 没有投给me，结束
002010 TERM S2: set new term 1
002010 VOTE S2: term 1 vote 0
002011 VOTE S0: reply from 2, term一致，且投给0
002011 LEAD S0: come to power, start to send heartbeat
002011 LEAD S0: prevLog &raft.Entry{Command:interface {}(nil), Term:0, Index:0}
002011 LEAD S0: prevLog &raft.Entry{Command:interface {}(nil), Term:0, Index:0}
002011 VOTE S1: 0 没有投给me，结束
002011 INFO S2: (term 1) follower 收到 [0] AppendEntries [], prevIndex 0, prevTerm 0
002011 VOTE S1: 2 没有投给me，结束
002012 LEAD S0: 2 append success next 1 match 0
002012 INFO S1: (term 1) follower 收到 [0] AppendEntries [], prevIndex 0, prevTerm 0
002012 LEAD S0: 1 append success next 1 match 0
002509 LEAD S0: prevLog &raft.Entry{Command:interface {}(nil), Term:0, Index:0}
002510 LEAD S0: prevLog &raft.Entry{Command:interface {}(nil), Term:0, Index:0}
002510 INFO S1: (term 1) follower 收到 [0] AppendEntries [], prevIndex 0, prevTerm 0
002510 INFO S2: (term 1) follower 收到 [0] AppendEntries [], prevIndex 0, prevTerm 0
002511 LEAD S0: 1 append success next 1 match 0
002511 LEAD S0: 2 append success next 1 match 0
003011 LEAD S0: prevLog &raft.Entry{Command:interface {}(nil), Term:0, Index:0}
003011 LEAD S0: prevLog &raft.Entry{Command:interface {}(nil), Term:0, Index:0}
003012 INFO S1: (term 1) follower 收到 [0] AppendEntries [], prevIndex 0, prevTerm 0
003012 LEAD S0: 1 append success next 1 match 0
003012 INFO S2: (term 1) follower 收到 [0] AppendEntries [], prevIndex 0, prevTerm 0
003013 LEAD S0: 2 append success next 1 match 0
003513 LEAD S0: prevLog &raft.Entry{Command:interface {}(nil), Term:0, Index:0}
003514 LEAD S0: prevLog &raft.Entry{Command:interface {}(nil), Term:0, Index:0}
003514 INFO S1: (term 1) follower 收到 [0] AppendEntries [], prevIndex 0, prevTerm 0
003514 INFO S2: (term 1) follower 收到 [0] AppendEntries [], prevIndex 0, prevTerm 0
003515 LEAD S0: 1 append success next 1 match 0
003515 LEAD S0: 2 append success next 1 match 0
004015 LEAD S0: prevLog &raft.Entry{Command:interface {}(nil), Term:0, Index:0}
004015 LEAD S0: prevLog &raft.Entry{Command:interface {}(nil), Term:0, Index:0}
004016 INFO S1: (term 1) follower 收到 [0] AppendEntries [], prevIndex 0, prevTerm 0
004016 INFO S2: (term 1) follower 收到 [0] AppendEntries [], prevIndex 0, prevTerm 0
004016 LEAD S0: 1 append success next 1 match 0
004017 LEAD S0: 2 append success next 1 match 0
004517 LEAD S0: prevLog &raft.Entry{Command:interface {}(nil), Term:0, Index:0}
004518 LEAD S0: prevLog &raft.Entry{Command:interface {}(nil), Term:0, Index:0}
004518 INFO S1: (term 1) follower 收到 [0] AppendEntries [], prevIndex 0, prevTerm 0
004518 LEAD S0: 1 append success next 1 match 0
004518 INFO S2: (term 1) follower 收到 [0] AppendEntries [], prevIndex 0, prevTerm 0
004519 LEAD S0: 2 append success next 1 match 0
005019 LEAD S0: prevLog &raft.Entry{Command:interface {}(nil), Term:0, Index:0}
005019 LEAD S0: prevLog &raft.Entry{Command:interface {}(nil), Term:0, Index:0}
005019 INFO S2: (term 1) follower 收到 [0] AppendEntries [], prevIndex 0, prevTerm 0
005019 INFO S1: (term 1) follower 收到 [0] AppendEntries [], prevIndex 0, prevTerm 0
005020 LEAD S0: 1 append success next 1 match 0
005020 LEAD S0: 2 append success next 1 match 0
005521 LEAD S0: prevLog &raft.Entry{Command:interface {}(nil), Term:0, Index:0}
005521 LEAD S0: prevLog &raft.Entry{Command:interface {}(nil), Term:0, Index:0}
005522 INFO S2: (term 1) follower 收到 [0] AppendEntries [], prevIndex 0, prevTerm 0
005522 LEAD S0: 2 append success next 1 match 0
005522 INFO S1: (term 1) follower 收到 [0] AppendEntries [], prevIndex 0, prevTerm 0
005523 LEAD S0: 1 append success next 1 match 0
006022 LEAD S0: prevLog &raft.Entry{Command:interface {}(nil), Term:0, Index:0}
006023 LEAD S0: prevLog &raft.Entry{Command:interface {}(nil), Term:0, Index:0}
006023 INFO S1: (term 1) follower 收到 [0] AppendEntries [], prevIndex 0, prevTerm 0
006023 INFO S2: (term 1) follower 收到 [0] AppendEntries [], prevIndex 0, prevTerm 0
006024 LEAD S0: 1 append success next 1 match 0
006024 LEAD S0: 2 append success next 1 match 0
006524 LEAD S0: prevLog &raft.Entry{Command:interface {}(nil), Term:0, Index:0}
006524 LEAD S0: prevLog &raft.Entry{Command:interface {}(nil), Term:0, Index:0}
006525 INFO S2: (term 1) follower 收到 [0] AppendEntries [], prevIndex 0, prevTerm 0
006525 INFO S1: (term 1) follower 收到 [0] AppendEntries [], prevIndex 0, prevTerm 0
006525 LEAD S0: 2 append success next 1 match 0
006525 LEAD S0: 1 append success next 1 match 0
007026 LEAD S0: prevLog &raft.Entry{Command:interface {}(nil), Term:0, Index:0}
007026 LEAD S0: prevLog &raft.Entry{Command:interface {}(nil), Term:0, Index:0}
007027 INFO S1: (term 1) follower 收到 [0] AppendEntries [], prevIndex 0, prevTerm 0
007027 LEAD S0: 1 append success next 1 match 0
007027 INFO S2: (term 1) follower 收到 [0] AppendEntries [], prevIndex 0, prevTerm 0
007027 LEAD S0: 2 append success next 1 match 0
007528 LEAD S0: prevLog &raft.Entry{Command:interface {}(nil), Term:0, Index:0}
007528 LEAD S0: prevLog &raft.Entry{Command:interface {}(nil), Term:0, Index:0}
007529 INFO S1: (term 1) follower 收到 [0] AppendEntries [], prevIndex 0, prevTerm 0
007529 INFO S2: (term 1) follower 收到 [0] AppendEntries [], prevIndex 0, prevTerm 0
007529 LEAD S0: 2 append success next 1 match 0
007529 LEAD S0: 1 append success next 1 match 0
008030 LEAD S0: prevLog &raft.Entry{Command:interface {}(nil), Term:0, Index:0}
008030 LEAD S0: prevLog &raft.Entry{Command:interface {}(nil), Term:0, Index:0}
008030 INFO S2: (term 1) follower 收到 [0] AppendEntries [], prevIndex 0, prevTerm 0
008031 INFO S1: (term 1) follower 收到 [0] AppendEntries [], prevIndex 0, prevTerm 0
008031 LEAD S0: 2 append success next 1 match 0
008031 LEAD S0: 1 append success next 1 match 0
008531 LEAD S0: prevLog &raft.Entry{Command:interface {}(nil), Term:0, Index:0}
008531 LEAD S0: prevLog &raft.Entry{Command:interface {}(nil), Term:0, Index:0}
008532 INFO S2: (term 1) follower 收到 [0] AppendEntries [], prevIndex 0, prevTerm 0
008532 INFO S1: (term 1) follower 收到 [0] AppendEntries [], prevIndex 0, prevTerm 0
008532 LEAD S0: 2 append success next 1 match 0
008532 LEAD S0: 1 append success next 1 match 0
009033 LEAD S0: prevLog &raft.Entry{Command:interface {}(nil), Term:0, Index:0}
009033 LEAD S0: prevLog &raft.Entry{Command:interface {}(nil), Term:0, Index:0}
009034 INFO S2: (term 1) follower 收到 [0] AppendEntries [], prevIndex 0, prevTerm 0
009034 INFO S1: (term 1) follower 收到 [0] AppendEntries [], prevIndex 0, prevTerm 0
009034 LEAD S0: 2 append success next 1 match 0
009034 LEAD S0: 1 append success next 1 match 0
009536 LEAD S0: prevLog &raft.Entry{Command:interface {}(nil), Term:0, Index:0}
009536 LEAD S0: prevLog &raft.Entry{Command:interface {}(nil), Term:0, Index:0}
009537 INFO S2: (term 1) follower 收到 [0] AppendEntries [], prevIndex 0, prevTerm 0
009538 LEAD S0: 2 append success next 1 match 0
009539 INFO S1: (term 1) follower 收到 [0] AppendEntries [], prevIndex 0, prevTerm 0
009540 LEAD S0: 1 append success next 1 match 0
010038 LEAD S0: prevLog &raft.Entry{Command:interface {}(nil), Term:0, Index:0}
010039 LEAD S0: prevLog &raft.Entry{Command:interface {}(nil), Term:0, Index:0}
010039 INFO S2: (term 1) follower 收到 [0] AppendEntries [], prevIndex 0, prevTerm 0
010039 INFO S1: (term 1) follower 收到 [0] AppendEntries [], prevIndex 0, prevTerm 0
010039 LEAD S0: 2 append success next 1 match 0
010040 LEAD S0: 1 append success next 1 match 0
010541 LEAD S0: prevLog &raft.Entry{Command:interface {}(nil), Term:0, Index:0}
010542 LEAD S0: prevLog &raft.Entry{Command:interface {}(nil), Term:0, Index:0}
010543 INFO S1: (term 1) follower 收到 [0] AppendEntries [], prevIndex 0, prevTerm 0
010543 INFO S2: (term 1) follower 收到 [0] AppendEntries [], prevIndex 0, prevTerm 0
010544 LEAD S0: 1 append success next 1 match 0
010544 LEAD S0: 2 append success next 1 match 0
011043 LEAD S0: prevLog &raft.Entry{Command:interface {}(nil), Term:0, Index:0}
011044 LEAD S0: prevLog &raft.Entry{Command:interface {}(nil), Term:0, Index:0}
011044 INFO S2: (term 1) follower 收到 [0] AppendEntries [], prevIndex 0, prevTerm 0
011044 LEAD S0: 2 append success next 1 match 0
011044 INFO S1: (term 1) follower 收到 [0] AppendEntries [], prevIndex 0, prevTerm 0
011045 LEAD S0: 1 append success next 1 match 0
011545 LEAD S0: prevLog &raft.Entry{Command:interface {}(nil), Term:0, Index:0}
011545 LEAD S0: prevLog &raft.Entry{Command:interface {}(nil), Term:0, Index:0}
011546 INFO S2: (term 1) follower 收到 [0] AppendEntries [], prevIndex 0, prevTerm 0
011546 INFO S1: (term 1) follower 收到 [0] AppendEntries [], prevIndex 0, prevTerm 0
011546 LEAD S0: 2 append success next 1 match 0
011546 LEAD S0: 1 append success next 1 match 0
012047 LEAD S0: prevLog &raft.Entry{Command:interface {}(nil), Term:0, Index:0}
012047 LEAD S0: prevLog &raft.Entry{Command:interface {}(nil), Term:0, Index:0}
012047 INFO S2: (term 1) follower 收到 [0] AppendEntries [], prevIndex 0, prevTerm 0
012047 INFO S1: (term 1) follower 收到 [0] AppendEntries [], prevIndex 0, prevTerm 0
012048 LEAD S0: 1 append success next 1 match 0
012048 LEAD S0: 2 append success next 1 match 0
012549 LEAD S0: prevLog &raft.Entry{Command:interface {}(nil), Term:0, Index:0}
012549 LEAD S0: prevLog &raft.Entry{Command:interface {}(nil), Term:0, Index:0}
012550 INFO S2: (term 1) follower 收到 [0] AppendEntries [], prevIndex 0, prevTerm 0
012550 INFO S1: (term 1) follower 收到 [0] AppendEntries [], prevIndex 0, prevTerm 0
012550 LEAD S0: 2 append success next 1 match 0
012550 LEAD S0: 1 append success next 1 match 0
013051 LEAD S0: prevLog &raft.Entry{Command:interface {}(nil), Term:0, Index:0}
013051 LEAD S0: prevLog &raft.Entry{Command:interface {}(nil), Term:0, Index:0}
013052 INFO S1: (term 1) follower 收到 [0] AppendEntries [], prevIndex 0, prevTerm 0
013052 INFO S2: (term 1) follower 收到 [0] AppendEntries [], prevIndex 0, prevTerm 0
013052 LEAD S0: 1 append success next 1 match 0
013052 LEAD S0: 2 append success next 1 match 0
013552 LEAD S0: prevLog &raft.Entry{Command:interface {}(nil), Term:0, Index:0}
013553 LEAD S0: prevLog &raft.Entry{Command:interface {}(nil), Term:0, Index:0}
013553 INFO S1: (term 1) follower 收到 [0] AppendEntries [], prevIndex 0, prevTerm 0
013553 INFO S2: (term 1) follower 收到 [0] AppendEntries [], prevIndex 0, prevTerm 0
013554 LEAD S0: 2 append success next 1 match 0
013554 LEAD S0: 1 append success next 1 match 0
014054 LEAD S0: prevLog &raft.Entry{Command:interface {}(nil), Term:0, Index:0}
014054 LEAD S0: prevLog &raft.Entry{Command:interface {}(nil), Term:0, Index:0}
014055 INFO S2: (term 1) follower 收到 [0] AppendEntries [], prevIndex 0, prevTerm 0
014055 INFO S1: (term 1) follower 收到 [0] AppendEntries [], prevIndex 0, prevTerm 0
014055 LEAD S0: 1 append success next 1 match 0
014055 LEAD S0: 2 append success next 1 match 0
014556 LEAD S0: prevLog &raft.Entry{Command:interface {}(nil), Term:0, Index:0}
014556 LEAD S0: prevLog &raft.Entry{Command:interface {}(nil), Term:0, Index:0}
014556 INFO S1: (term 1) follower 收到 [0] AppendEntries [], prevIndex 0, prevTerm 0
014556 INFO S2: (term 1) follower 收到 [0] AppendEntries [], prevIndex 0, prevTerm 0
014557 LEAD S0: 1 append success next 1 match 0
014557 LEAD S0: 2 append success next 1 match 0
015057 LEAD S0: prevLog &raft.Entry{Command:interface {}(nil), Term:0, Index:0}
015058 LEAD S0: prevLog &raft.Entry{Command:interface {}(nil), Term:0, Index:0}
015058 INFO S2: (term 1) follower 收到 [0] AppendEntries [], prevIndex 0, prevTerm 0
015059 LEAD S0: 2 append success next 1 match 0
015059 INFO S1: (term 1) follower 收到 [0] AppendEntries [], prevIndex 0, prevTerm 0
015059 LEAD S0: 1 append success next 1 match 0
015560 LEAD S0: prevLog &raft.Entry{Command:interface {}(nil), Term:0, Index:0}
015560 LEAD S0: prevLog &raft.Entry{Command:interface {}(nil), Term:0, Index:0}
015561 INFO S2: (term 1) follower 收到 [0] AppendEntries [], prevIndex 0, prevTerm 0
015561 INFO S1: (term 1) follower 收到 [0] AppendEntries [], prevIndex 0, prevTerm 0
015562 LEAD S0: 2 append success next 1 match 0
015562 LEAD S0: 1 append success next 1 match 0
016062 LEAD S0: prevLog &raft.Entry{Command:interface {}(nil), Term:0, Index:0}
016062 LEAD S0: prevLog &raft.Entry{Command:interface {}(nil), Term:0, Index:0}
016063 INFO S1: (term 1) follower 收到 [0] AppendEntries [], prevIndex 0, prevTerm 0
016063 INFO S2: (term 1) follower 收到 [0] AppendEntries [], prevIndex 0, prevTerm 0
016063 LEAD S0: 1 append success next 1 match 0
016064 LEAD S0: 2 append success next 1 match 0
016564 LEAD S0: prevLog &raft.Entry{Command:interface {}(nil), Term:0, Index:0}
016564 LEAD S0: prevLog &raft.Entry{Command:interface {}(nil), Term:0, Index:0}
016565 INFO S2: (term 1) follower 收到 [0] AppendEntries [], prevIndex 0, prevTerm 0
016565 LEAD S0: 2 append success next 1 match 0
016565 INFO S1: (term 1) follower 收到 [0] AppendEntries [], prevIndex 0, prevTerm 0
016565 LEAD S0: 1 append success next 1 match 0
017066 LEAD S0: prevLog &raft.Entry{Command:interface {}(nil), Term:0, Index:0}
017066 LEAD S0: prevLog &raft.Entry{Command:interface {}(nil), Term:0, Index:0}
017067 INFO S2: (term 1) follower 收到 [0] AppendEntries [], prevIndex 0, prevTerm 0
017067 LEAD S0: 2 append success next 1 match 0
017067 INFO S1: (term 1) follower 收到 [0] AppendEntries [], prevIndex 0, prevTerm 0
017068 LEAD S0: 1 append success next 1 match 0
017569 LEAD S0: prevLog &raft.Entry{Command:interface {}(nil), Term:0, Index:0}
017569 LEAD S0: prevLog &raft.Entry{Command:interface {}(nil), Term:0, Index:0}
017570 INFO S2: (term 1) follower 收到 [0] AppendEntries [], prevIndex 0, prevTerm 0
017570 INFO S1: (term 1) follower 收到 [0] AppendEntries [], prevIndex 0, prevTerm 0
017570 LEAD S0: 2 append success next 1 match 0
017570 LEAD S0: 1 append success next 1 match 0
018071 LEAD S0: prevLog &raft.Entry{Command:interface {}(nil), Term:0, Index:0}
018071 LEAD S0: prevLog &raft.Entry{Command:interface {}(nil), Term:0, Index:0}
018072 INFO S2: (term 1) follower 收到 [0] AppendEntries [], prevIndex 0, prevTerm 0
018072 INFO S1: (term 1) follower 收到 [0] AppendEntries [], prevIndex 0, prevTerm 0
018072 LEAD S0: 2 append success next 1 match 0
018072 LEAD S0: 1 append success next 1 match 0
018572 LEAD S0: prevLog &raft.Entry{Command:interface {}(nil), Term:0, Index:0}
018573 LEAD S0: prevLog &raft.Entry{Command:interface {}(nil), Term:0, Index:0}
018573 INFO S2: (term 1) follower 收到 [0] AppendEntries [], prevIndex 0, prevTerm 0
018573 INFO S1: (term 1) follower 收到 [0] AppendEntries [], prevIndex 0, prevTerm 0
018574 LEAD S0: 2 append success next 1 match 0
018574 LEAD S0: 1 append success next 1 match 0
019074 LEAD S0: prevLog &raft.Entry{Command:interface {}(nil), Term:0, Index:0}
019074 LEAD S0: prevLog &raft.Entry{Command:interface {}(nil), Term:0, Index:0}
019075 INFO S2: (term 1) follower 收到 [0] AppendEntries [], prevIndex 0, prevTerm 0
019075 INFO S1: (term 1) follower 收到 [0] AppendEntries [], prevIndex 0, prevTerm 0
019075 LEAD S0: 2 append success next 1 match 0
019075 LEAD S0: 1 append success next 1 match 0
019576 LEAD S0: prevLog &raft.Entry{Command:interface {}(nil), Term:0, Index:0}
019576 LEAD S0: prevLog &raft.Entry{Command:interface {}(nil), Term:0, Index:0}
019577 INFO S2: (term 1) follower 收到 [0] AppendEntries [], prevIndex 0, prevTerm 0
019577 INFO S1: (term 1) follower 收到 [0] AppendEntries [], prevIndex 0, prevTerm 0
019577 LEAD S0: 2 append success next 1 match 0
019577 LEAD S0: 1 append success next 1 match 0
020077 LEAD S0: prevLog &raft.Entry{Command:interface {}(nil), Term:0, Index:0}
020078 LEAD S0: prevLog &raft.Entry{Command:interface {}(nil), Term:0, Index:0}
020078 INFO S2: (term 1) follower 收到 [0] AppendEntries [], prevIndex 0, prevTerm 0
020079 LEAD S0: 2 append success next 1 match 0
020079 INFO S1: (term 1) follower 收到 [0] AppendEntries [], prevIndex 0, prevTerm 0
020079 LEAD S0: 1 append success next 1 match 0
020579 LEAD S0: prevLog &raft.Entry{Command:interface {}(nil), Term:0, Index:0}
020579 LEAD S0: prevLog &raft.Entry{Command:interface {}(nil), Term:0, Index:0}
020580 INFO S2: (term 1) follower 收到 [0] AppendEntries [], prevIndex 0, prevTerm 0
020580 INFO S1: (term 1) follower 收到 [0] AppendEntries [], prevIndex 0, prevTerm 0
020580 LEAD S0: 2 append success next 1 match 0
020580 LEAD S0: 1 append success next 1 match 0
021082 LEAD S0: prevLog &raft.Entry{Command:interface {}(nil), Term:0, Index:0}
021082 LEAD S0: prevLog &raft.Entry{Command:interface {}(nil), Term:0, Index:0}
021083 INFO S1: (term 1) follower 收到 [0] AppendEntries [], prevIndex 0, prevTerm 0
021083 INFO S2: (term 1) follower 收到 [0] AppendEntries [], prevIndex 0, prevTerm 0
021083 LEAD S0: 1 append success next 1 match 0
021083 LEAD S0: 2 append success next 1 match 0
021584 LEAD S0: prevLog &raft.Entry{Command:interface {}(nil), Term:0, Index:0}
021585 LEAD S0: prevLog &raft.Entry{Command:interface {}(nil), Term:0, Index:0}
021585 INFO S2: (term 1) follower 收到 [0] AppendEntries [], prevIndex 0, prevTerm 0
021585 INFO S1: (term 1) follower 收到 [0] AppendEntries [], prevIndex 0, prevTerm 0
021586 LEAD S0: 2 append success next 1 match 0
021586 LEAD S0: 1 append success next 1 match 0
022087 LEAD S0: prevLog &raft.Entry{Command:interface {}(nil), Term:0, Index:0}
022087 LEAD S0: prevLog &raft.Entry{Command:interface {}(nil), Term:0, Index:0}
022088 INFO S1: (term 1) follower 收到 [0] AppendEntries [], prevIndex 0, prevTerm 0
022088 INFO S2: (term 1) follower 收到 [0] AppendEntries [], prevIndex 0, prevTerm 0
022088 LEAD S0: 1 append success next 1 match 0
022088 LEAD S0: 2 append success next 1 match 0
022589 LEAD S0: prevLog &raft.Entry{Command:interface {}(nil), Term:0, Index:0}
022589 LEAD S0: prevLog &raft.Entry{Command:interface {}(nil), Term:0, Index:0}
022589 INFO S2: (term 1) follower 收到 [0] AppendEntries [], prevIndex 0, prevTerm 0
022590 INFO S1: (term 1) follower 收到 [0] AppendEntries [], prevIndex 0, prevTerm 0
022590 LEAD S0: 2 append success next 1 match 0
022590 LEAD S0: 1 append success next 1 match 0
023091 LEAD S0: prevLog &raft.Entry{Command:interface {}(nil), Term:0, Index:0}
023091 LEAD S0: prevLog &raft.Entry{Command:interface {}(nil), Term:0, Index:0}
023092 INFO S2: (term 1) follower 收到 [0] AppendEntries [], prevIndex 0, prevTerm 0
023092 INFO S1: (term 1) follower 收到 [0] AppendEntries [], prevIndex 0, prevTerm 0
023092 LEAD S0: 1 append success next 1 match 0
023092 LEAD S0: 2 append success next 1 match 0
023593 LEAD S0: prevLog &raft.Entry{Command:interface {}(nil), Term:0, Index:0}
023594 LEAD S0: prevLog &raft.Entry{Command:interface {}(nil), Term:0, Index:0}
023594 INFO S2: (term 1) follower 收到 [0] AppendEntries [], prevIndex 0, prevTerm 0
023594 INFO S1: (term 1) follower 收到 [0] AppendEntries [], prevIndex 0, prevTerm 0
023595 LEAD S0: 2 append success next 1 match 0
023595 LEAD S0: 1 append success next 1 match 0
024095 LEAD S0: prevLog &raft.Entry{Command:interface {}(nil), Term:0, Index:0}
024095 LEAD S0: prevLog &raft.Entry{Command:interface {}(nil), Term:0, Index:0}
024096 INFO S2: (term 1) follower 收到 [0] AppendEntries [], prevIndex 0, prevTerm 0
024096 INFO S1: (term 1) follower 收到 [0] AppendEntries [], prevIndex 0, prevTerm 0
024096 LEAD S0: 1 append success next 1 match 0
024096 LEAD S0: 2 append success next 1 match 0
024597 LEAD S0: prevLog &raft.Entry{Command:interface {}(nil), Term:0, Index:0}
024597 LEAD S0: prevLog &raft.Entry{Command:interface {}(nil), Term:0, Index:0}
024598 INFO S1: (term 1) follower 收到 [0] AppendEntries [], prevIndex 0, prevTerm 0
024598 LEAD S0: 1 append success next 1 match 0
024599 INFO S2: (term 1) follower 收到 [0] AppendEntries [], prevIndex 0, prevTerm 0
024599 LEAD S0: 2 append success next 1 match 0
025100 LEAD S0: prevLog &raft.Entry{Command:interface {}(nil), Term:0, Index:0}
025100 LEAD S0: prevLog &raft.Entry{Command:interface {}(nil), Term:0, Index:0}
025101 INFO S1: (term 1) follower 收到 [0] AppendEntries [], prevIndex 0, prevTerm 0
025101 INFO S2: (term 1) follower 收到 [0] AppendEntries [], prevIndex 0, prevTerm 0
025101 LEAD S0: 1 append success next 1 match 0
025101 LEAD S0: 2 append success next 1 match 0
025602 LEAD S0: prevLog &raft.Entry{Command:interface {}(nil), Term:0, Index:0}
025602 LEAD S0: prevLog &raft.Entry{Command:interface {}(nil), Term:0, Index:0}
025603 INFO S1: (term 1) follower 收到 [0] AppendEntries [], prevIndex 0, prevTerm 0
025603 INFO S2: (term 1) follower 收到 [0] AppendEntries [], prevIndex 0, prevTerm 0
025603 LEAD S0: 1 append success next 1 match 0
025603 LEAD S0: 2 append success next 1 match 0
026104 LEAD S0: prevLog &raft.Entry{Command:interface {}(nil), Term:0, Index:0}
026105 LEAD S0: prevLog &raft.Entry{Command:interface {}(nil), Term:0, Index:0}
026105 INFO S1: (term 1) follower 收到 [0] AppendEntries [], prevIndex 0, prevTerm 0
026106 INFO S2: (term 1) follower 收到 [0] AppendEntries [], prevIndex 0, prevTerm 0
026106 LEAD S0: 1 append success next 1 match 0
026106 LEAD S0: 2 append success next 1 match 0
026606 LEAD S0: prevLog &raft.Entry{Command:interface {}(nil), Term:0, Index:0}
026606 LEAD S0: prevLog &raft.Entry{Command:interface {}(nil), Term:0, Index:0}
026607 INFO S2: (term 1) follower 收到 [0] AppendEntries [], prevIndex 0, prevTerm 0
026607 INFO S1: (term 1) follower 收到 [0] AppendEntries [], prevIndex 0, prevTerm 0
026607 LEAD S0: 2 append success next 1 match 0
026607 LEAD S0: 1 append success next 1 match 0
027108 LEAD S0: prevLog &raft.Entry{Command:interface {}(nil), Term:0, Index:0}
027108 LEAD S0: prevLog &raft.Entry{Command:interface {}(nil), Term:0, Index:0}
027109 INFO S2: (term 1) follower 收到 [0] AppendEntries [], prevIndex 0, prevTerm 0
027109 INFO S1: (term 1) follower 收到 [0] AppendEntries [], prevIndex 0, prevTerm 0
027109 LEAD S0: 2 append success next 1 match 0
027109 LEAD S0: 1 append success next 1 match 0
027610 LEAD S0: prevLog &raft.Entry{Command:interface {}(nil), Term:0, Index:0}
027611 LEAD S0: prevLog &raft.Entry{Command:interface {}(nil), Term:0, Index:0}
027611 INFO S2: (term 1) follower 收到 [0] AppendEntries [], prevIndex 0, prevTerm 0
027611 INFO S1: (term 1) follower 收到 [0] AppendEntries [], prevIndex 0, prevTerm 0
027612 LEAD S0: 1 append success next 1 match 0
027612 LEAD S0: 2 append success next 1 match 0
028113 LEAD S0: prevLog &raft.Entry{Command:interface {}(nil), Term:0, Index:0}
028113 LEAD S0: prevLog &raft.Entry{Command:interface {}(nil), Term:0, Index:0}
028113 INFO S2: (term 1) follower 收到 [0] AppendEntries [], prevIndex 0, prevTerm 0
028113 INFO S1: (term 1) follower 收到 [0] AppendEntries [], prevIndex 0, prevTerm 0
028114 LEAD S0: 2 append success next 1 match 0
028114 LEAD S0: 1 append success next 1 match 0
028615 LEAD S0: prevLog &raft.Entry{Command:interface {}(nil), Term:0, Index:0}
028615 LEAD S0: prevLog &raft.Entry{Command:interface {}(nil), Term:0, Index:0}
028616 INFO S2: (term 1) follower 收到 [0] AppendEntries [], prevIndex 0, prevTerm 0
028616 INFO S1: (term 1) follower 收到 [0] AppendEntries [], prevIndex 0, prevTerm 0
028616 LEAD S0: 2 append success next 1 match 0
028616 LEAD S0: 1 append success next 1 match 0
029117 LEAD S0: prevLog &raft.Entry{Command:interface {}(nil), Term:0, Index:0}
029117 LEAD S0: prevLog &raft.Entry{Command:interface {}(nil), Term:0, Index:0}
029118 INFO S2: (term 1) follower 收到 [0] AppendEntries [], prevIndex 0, prevTerm 0
029118 INFO S1: (term 1) follower 收到 [0] AppendEntries [], prevIndex 0, prevTerm 0
029118 LEAD S0: 2 append success next 1 match 0
029118 LEAD S0: 1 append success next 1 match 0
029619 LEAD S0: prevLog &raft.Entry{Command:interface {}(nil), Term:0, Index:0}
029619 LEAD S0: prevLog &raft.Entry{Command:interface {}(nil), Term:0, Index:0}
029620 INFO S2: (term 1) follower 收到 [0] AppendEntries [], prevIndex 0, prevTerm 0
029620 INFO S1: (term 1) follower 收到 [0] AppendEntries [], prevIndex 0, prevTerm 0
029620 LEAD S0: 2 append success next 1 match 0
029620 LEAD S0: 1 append success next 1 match 0
030121 LEAD S0: prevLog &raft.Entry{Command:interface {}(nil), Term:0, Index:0}
030122 LEAD S0: prevLog &raft.Entry{Command:interface {}(nil), Term:0, Index:0}
030122 INFO S2: (term 1) follower 收到 [0] AppendEntries [], prevIndex 0, prevTerm 0
030122 INFO S1: (term 1) follower 收到 [0] AppendEntries [], prevIndex 0, prevTerm 0
030123 LEAD S0: 1 append success next 1 match 0
030123 LEAD S0: 2 append success next 1 match 0
030624 LEAD S0: prevLog &raft.Entry{Command:interface {}(nil), Term:0, Index:0}
030624 LEAD S0: prevLog &raft.Entry{Command:interface {}(nil), Term:0, Index:0}
030625 INFO S2: (term 1) follower 收到 [0] AppendEntries [], prevIndex 0, prevTerm 0
030625 INFO S1: (term 1) follower 收到 [0] AppendEntries [], prevIndex 0, prevTerm 0
030625 LEAD S0: 2 append success next 1 match 0
030625 LEAD S0: 1 append success next 1 match 0
031125 LEAD S0: prevLog &raft.Entry{Command:interface {}(nil), Term:0, Index:0}
031126 LEAD S0: prevLog &raft.Entry{Command:interface {}(nil), Term:0, Index:0}
031127 INFO S1: (term 1) follower 收到 [0] AppendEntries [], prevIndex 0, prevTerm 0
031127 INFO S2: (term 1) follower 收到 [0] AppendEntries [], prevIndex 0, prevTerm 0
031127 LEAD S0: 1 append success next 1 match 0
031127 LEAD S0: 2 append success next 1 match 0
031628 LEAD S0: prevLog &raft.Entry{Command:interface {}(nil), Term:0, Index:0}
031628 LEAD S0: prevLog &raft.Entry{Command:interface {}(nil), Term:0, Index:0}
031629 INFO S2: (term 1) follower 收到 [0] AppendEntries [], prevIndex 0, prevTerm 0
031629 INFO S1: (term 1) follower 收到 [0] AppendEntries [], prevIndex 0, prevTerm 0
031630 LEAD S0: 2 append success next 1 match 0
031630 LEAD S0: 1 append success next 1 match 0
032130 LEAD S0: prevLog &raft.Entry{Command:interface {}(nil), Term:0, Index:0}
032130 LEAD S0: prevLog &raft.Entry{Command:interface {}(nil), Term:0, Index:0}
032131 INFO S1: (term 1) follower 收到 [0] AppendEntries [], prevIndex 0, prevTerm 0
032131 INFO S2: (term 1) follower 收到 [0] AppendEntries [], prevIndex 0, prevTerm 0
032132 LEAD S0: 1 append success next 1 match 0
032132 LEAD S0: 2 append success next 1 match 0
032633 LEAD S0: prevLog &raft.Entry{Command:interface {}(nil), Term:0, Index:0}
032633 LEAD S0: prevLog &raft.Entry{Command:interface {}(nil), Term:0, Index:0}
032634 INFO S1: (term 1) follower 收到 [0] AppendEntries [], prevIndex 0, prevTerm 0
032634 INFO S2: (term 1) follower 收到 [0] AppendEntries [], prevIndex 0, prevTerm 0
032634 LEAD S0: 1 append success next 1 match 0
032635 LEAD S0: 2 append success next 1 match 0
033135 LEAD S0: prevLog &raft.Entry{Command:interface {}(nil), Term:0, Index:0}
033135 LEAD S0: prevLog &raft.Entry{Command:interface {}(nil), Term:0, Index:0}
033136 INFO S1: (term 1) follower 收到 [0] AppendEntries [], prevIndex 0, prevTerm 0
033136 INFO S2: (term 1) follower 收到 [0] AppendEntries [], prevIndex 0, prevTerm 0
033136 LEAD S0: 1 append success next 1 match 0
033137 LEAD S0: 2 append success next 1 match 0
033637 LEAD S0: prevLog &raft.Entry{Command:interface {}(nil), Term:0, Index:0}
033637 LEAD S0: prevLog &raft.Entry{Command:interface {}(nil), Term:0, Index:0}
033638 INFO S2: (term 1) follower 收到 [0] AppendEntries [], prevIndex 0, prevTerm 0
033638 LEAD S0: 2 append success next 1 match 0
033638 INFO S1: (term 1) follower 收到 [0] AppendEntries [], prevIndex 0, prevTerm 0
033643 LEAD S0: 1 append success next 1 match 0
034138 LEAD S0: prevLog &raft.Entry{Command:interface {}(nil), Term:0, Index:0}
034139 LEAD S0: prevLog &raft.Entry{Command:interface {}(nil), Term:0, Index:0}
034140 INFO S2: (term 1) follower 收到 [0] AppendEntries [], prevIndex 0, prevTerm 0
034140 INFO S1: (term 1) follower 收到 [0] AppendEntries [], prevIndex 0, prevTerm 0
034140 LEAD S0: 2 append success next 1 match 0
034141 LEAD S0: 1 append success next 1 match 0
034640 LEAD S0: prevLog &raft.Entry{Command:interface {}(nil), Term:0, Index:0}
034641 LEAD S0: prevLog &raft.Entry{Command:interface {}(nil), Term:0, Index:0}
034641 INFO S2: (term 1) follower 收到 [0] AppendEntries [], prevIndex 0, prevTerm 0
034642 LEAD S0: 2 append success next 1 match 0
034642 INFO S1: (term 1) follower 收到 [0] AppendEntries [], prevIndex 0, prevTerm 0
034643 LEAD S0: 1 append success next 1 match 0
035144 LEAD S0: prevLog &raft.Entry{Command:interface {}(nil), Term:0, Index:0}
035144 LEAD S0: prevLog &raft.Entry{Command:interface {}(nil), Term:0, Index:0}
035145 INFO S1: (term 1) follower 收到 [0] AppendEntries [], prevIndex 0, prevTerm 0
035145 INFO S2: (term 1) follower 收到 [0] AppendEntries [], prevIndex 0, prevTerm 0
035146 LEAD S0: 1 append success next 1 match 0
035146 LEAD S0: 2 append success next 1 match 0
035645 LEAD S0: prevLog &raft.Entry{Command:interface {}(nil), Term:0, Index:0}
035646 LEAD S0: prevLog &raft.Entry{Command:interface {}(nil), Term:0, Index:0}
035646 INFO S1: (term 1) follower 收到 [0] AppendEntries [], prevIndex 0, prevTerm 0
035646 INFO S2: (term 1) follower 收到 [0] AppendEntries [], prevIndex 0, prevTerm 0
035647 LEAD S0: 1 append success next 1 match 0
035647 LEAD S0: 2 append success next 1 match 0
036147 LEAD S0: prevLog &raft.Entry{Command:interface {}(nil), Term:0, Index:0}
036147 LEAD S0: prevLog &raft.Entry{Command:interface {}(nil), Term:0, Index:0}
036148 INFO S2: (term 1) follower 收到 [0] AppendEntries [], prevIndex 0, prevTerm 0
036148 INFO S1: (term 1) follower 收到 [0] AppendEntries [], prevIndex 0, prevTerm 0
036149 LEAD S0: 1 append success next 1 match 0
036149 LEAD S0: 2 append success next 1 match 0
036649 LEAD S0: prevLog &raft.Entry{Command:interface {}(nil), Term:0, Index:0}
036649 LEAD S0: prevLog &raft.Entry{Command:interface {}(nil), Term:0, Index:0}
036650 INFO S2: (term 1) follower 收到 [0] AppendEntries [], prevIndex 0, prevTerm 0
036650 INFO S1: (term 1) follower 收到 [0] AppendEntries [], prevIndex 0, prevTerm 0
036650 LEAD S0: 2 append success next 1 match 0
036650 LEAD S0: 1 append success next 1 match 0
037150 LEAD S0: prevLog &raft.Entry{Command:interface {}(nil), Term:0, Index:0}
037151 LEAD S0: prevLog &raft.Entry{Command:interface {}(nil), Term:0, Index:0}
037151 INFO S1: (term 1) follower 收到 [0] AppendEntries [], prevIndex 0, prevTerm 0
037151 INFO S2: (term 1) follower 收到 [0] AppendEntries [], prevIndex 0, prevTerm 0
037152 LEAD S0: 2 append success next 1 match 0
037152 LEAD S0: 1 append success next 1 match 0
037652 LEAD S0: prevLog &raft.Entry{Command:interface {}(nil), Term:0, Index:0}
037652 LEAD S0: prevLog &raft.Entry{Command:interface {}(nil), Term:0, Index:0}
037653 INFO S2: (term 1) follower 收到 [0] AppendEntries [], prevIndex 0, prevTerm 0
037653 LEAD S0: 2 append success next 1 match 0
037653 INFO S1: (term 1) follower 收到 [0] AppendEntries [], prevIndex 0, prevTerm 0
037654 LEAD S0: 1 append success next 1 match 0
038154 LEAD S0: prevLog &raft.Entry{Command:interface {}(nil), Term:0, Index:0}
038154 LEAD S0: prevLog &raft.Entry{Command:interface {}(nil), Term:0, Index:0}
038154 INFO S2: (term 1) follower 收到 [0] AppendEntries [], prevIndex 0, prevTerm 0
038155 LEAD S0: 2 append success next 1 match 0
038155 INFO S1: (term 1) follower 收到 [0] AppendEntries [], prevIndex 0, prevTerm 0
038156 LEAD S0: 1 append success next 1 match 0
038655 LEAD S0: prevLog &raft.Entry{Command:interface {}(nil), Term:0, Index:0}
038655 LEAD S0: prevLog &raft.Entry{Command:interface {}(nil), Term:0, Index:0}
038656 INFO S2: (term 1) follower 收到 [0] AppendEntries [], prevIndex 0, prevTerm 0
038657 LEAD S0: 2 append success next 1 match 0
038657 INFO S1: (term 1) follower 收到 [0] AppendEntries [], prevIndex 0, prevTerm 0
038657 LEAD S0: 1 append success next 1 match 0
039157 LEAD S0: prevLog &raft.Entry{Command:interface {}(nil), Term:0, Index:0}
039157 LEAD S0: prevLog &raft.Entry{Command:interface {}(nil), Term:0, Index:0}
039158 INFO S1: (term 1) follower 收到 [0] AppendEntries [], prevIndex 0, prevTerm 0
039158 INFO S2: (term 1) follower 收到 [0] AppendEntries [], prevIndex 0, prevTerm 0
039158 LEAD S0: 1 append success next 1 match 0
039158 LEAD S0: 2 append success next 1 match 0
039659 LEAD S0: prevLog &raft.Entry{Command:interface {}(nil), Term:0, Index:0}
039659 LEAD S0: prevLog &raft.Entry{Command:interface {}(nil), Term:0, Index:0}
039660 INFO S2: (term 1) follower 收到 [0] AppendEntries [], prevIndex 0, prevTerm 0
039660 INFO S1: (term 1) follower 收到 [0] AppendEntries [], prevIndex 0, prevTerm 0
039660 LEAD S0: 2 append success next 1 match 0
039660 LEAD S0: 1 append success next 1 match 0
040160 LEAD S0: prevLog &raft.Entry{Command:interface {}(nil), Term:0, Index:0}
040161 LEAD S0: prevLog &raft.Entry{Command:interface {}(nil), Term:0, Index:0}
040161 INFO S1: (term 1) follower 收到 [0] AppendEntries [], prevIndex 0, prevTerm 0
040161 INFO S2: (term 1) follower 收到 [0] AppendEntries [], prevIndex 0, prevTerm 0
040162 LEAD S0: 1 append success next 1 match 0
040162 LEAD S0: 2 append success next 1 match 0
040662 LEAD S0: prevLog &raft.Entry{Command:interface {}(nil), Term:0, Index:0}
040662 LEAD S0: prevLog &raft.Entry{Command:interface {}(nil), Term:0, Index:0}
040663 INFO S2: (term 1) follower 收到 [0] AppendEntries [], prevIndex 0, prevTerm 0
040664 LEAD S0: 2 append success next 1 match 0
040663 INFO S1: (term 1) follower 收到 [0] AppendEntries [], prevIndex 0, prevTerm 0
040664 LEAD S0: 1 append success next 1 match 0
041164 LEAD S0: prevLog &raft.Entry{Command:interface {}(nil), Term:0, Index:0}
041164 LEAD S0: prevLog &raft.Entry{Command:interface {}(nil), Term:0, Index:0}
041165 INFO S1: (term 1) follower 收到 [0] AppendEntries [], prevIndex 0, prevTerm 0
041165 INFO S2: (term 1) follower 收到 [0] AppendEntries [], prevIndex 0, prevTerm 0
041165 LEAD S0: 1 append success next 1 match 0
041166 LEAD S0: 2 append success next 1 match 0
041665 LEAD S0: prevLog &raft.Entry{Command:interface {}(nil), Term:0, Index:0}
041666 LEAD S0: prevLog &raft.Entry{Command:interface {}(nil), Term:0, Index:0}
041666 INFO S2: (term 1) follower 收到 [0] AppendEntries [], prevIndex 0, prevTerm 0
041667 INFO S1: (term 1) follower 收到 [0] AppendEntries [], prevIndex 0, prevTerm 0
041667 LEAD S0: 2 append success next 1 match 0
041667 LEAD S0: 1 append success next 1 match 0
042167 LEAD S0: prevLog &raft.Entry{Command:interface {}(nil), Term:0, Index:0}
042167 LEAD S0: prevLog &raft.Entry{Command:interface {}(nil), Term:0, Index:0}
042168 INFO S2: (term 1) follower 收到 [0] AppendEntries [], prevIndex 0, prevTerm 0
042168 INFO S1: (term 1) follower 收到 [0] AppendEntries [], prevIndex 0, prevTerm 0
042168 LEAD S0: 2 append success next 1 match 0
042169 LEAD S0: 1 append success next 1 match 0
042669 LEAD S0: prevLog &raft.Entry{Command:interface {}(nil), Term:0, Index:0}
042669 LEAD S0: prevLog &raft.Entry{Command:interface {}(nil), Term:0, Index:0}
042670 INFO S2: (term 1) follower 收到 [0] AppendEntries [], prevIndex 0, prevTerm 0
042670 INFO S1: (term 1) follower 收到 [0] AppendEntries [], prevIndex 0, prevTerm 0
042670 LEAD S0: 2 append success next 1 match 0
042670 LEAD S0: 1 append success next 1 match 0
043170 LEAD S0: prevLog &raft.Entry{Command:interface {}(nil), Term:0, Index:0}
043171 LEAD S0: prevLog &raft.Entry{Command:interface {}(nil), Term:0, Index:0}
043172 INFO S2: (term 1) follower 收到 [0] AppendEntries [], prevIndex 0, prevTerm 0
043172 LEAD S0: 2 append success next 1 match 0
043172 INFO S1: (term 1) follower 收到 [0] AppendEntries [], prevIndex 0, prevTerm 0
043173 LEAD S0: 1 append success next 1 match 0
043672 LEAD S0: prevLog &raft.Entry{Command:interface {}(nil), Term:0, Index:0}
043672 LEAD S0: prevLog &raft.Entry{Command:interface {}(nil), Term:0, Index:0}
043673 INFO S2: (term 1) follower 收到 [0] AppendEntries [], prevIndex 0, prevTerm 0
043673 INFO S1: (term 1) follower 收到 [0] AppendEntries [], prevIndex 0, prevTerm 0
043673 LEAD S0: 2 append success next 1 match 0
043674 LEAD S0: 1 append success next 1 match 0
044174 LEAD S0: prevLog &raft.Entry{Command:interface {}(nil), Term:0, Index:0}
044174 LEAD S0: prevLog &raft.Entry{Command:interface {}(nil), Term:0, Index:0}
044174 INFO S1: (term 1) follower 收到 [0] AppendEntries [], prevIndex 0, prevTerm 0
044175 INFO S2: (term 1) follower 收到 [0] AppendEntries [], prevIndex 0, prevTerm 0
044175 LEAD S0: 1 append success next 1 match 0
044175 LEAD S0: 2 append success next 1 match 0
044676 LEAD S0: prevLog &raft.Entry{Command:interface {}(nil), Term:0, Index:0}
044677 LEAD S0: prevLog &raft.Entry{Command:interface {}(nil), Term:0, Index:0}
044677 INFO S1: (term 1) follower 收到 [0] AppendEntries [], prevIndex 0, prevTerm 0
044677 INFO S2: (term 1) follower 收到 [0] AppendEntries [], prevIndex 0, prevTerm 0
044678 LEAD S0: 1 append success next 1 match 0
044678 LEAD S0: 2 append success next 1 match 0
045178 LEAD S0: prevLog &raft.Entry{Command:interface {}(nil), Term:0, Index:0}
045178 LEAD S0: prevLog &raft.Entry{Command:interface {}(nil), Term:0, Index:0}
045179 INFO S1: (term 1) follower 收到 [0] AppendEntries [], prevIndex 0, prevTerm 0
045179 INFO S2: (term 1) follower 收到 [0] AppendEntries [], prevIndex 0, prevTerm 0
045179 LEAD S0: 2 append success next 1 match 0
045180 LEAD S0: 1 append success next 1 match 0
045680 LEAD S0: prevLog &raft.Entry{Command:interface {}(nil), Term:0, Index:0}
045680 LEAD S0: prevLog &raft.Entry{Command:interface {}(nil), Term:0, Index:0}
045681 INFO S1: (term 1) follower 收到 [0] AppendEntries [], prevIndex 0, prevTerm 0
045681 INFO S2: (term 1) follower 收到 [0] AppendEntries [], prevIndex 0, prevTerm 0
045681 LEAD S0: 1 append success next 1 match 0
045682 LEAD S0: 2 append success next 1 match 0
046182 LEAD S0: prevLog &raft.Entry{Command:interface {}(nil), Term:0, Index:0}
046182 LEAD S0: prevLog &raft.Entry{Command:interface {}(nil), Term:0, Index:0}
046183 INFO S1: (term 1) follower 收到 [0] AppendEntries [], prevIndex 0, prevTerm 0
046183 INFO S2: (term 1) follower 收到 [0] AppendEntries [], prevIndex 0, prevTerm 0
046183 LEAD S0: 1 append success next 1 match 0
046184 LEAD S0: 2 append success next 1 match 0
046684 LEAD S0: prevLog &raft.Entry{Command:interface {}(nil), Term:0, Index:0}
046684 LEAD S0: prevLog &raft.Entry{Command:interface {}(nil), Term:0, Index:0}
046684 INFO S2: (term 1) follower 收到 [0] AppendEntries [], prevIndex 0, prevTerm 0
046685 LEAD S0: 2 append success next 1 match 0
046685 INFO S1: (term 1) follower 收到 [0] AppendEntries [], prevIndex 0, prevTerm 0
046686 LEAD S0: 1 append success next 1 match 0
047185 LEAD S0: prevLog &raft.Entry{Command:interface {}(nil), Term:0, Index:0}
047186 LEAD S0: prevLog &raft.Entry{Command:interface {}(nil), Term:0, Index:0}
047186 INFO S1: (term 1) follower 收到 [0] AppendEntries [], prevIndex 0, prevTerm 0
047186 INFO S2: (term 1) follower 收到 [0] AppendEntries [], prevIndex 0, prevTerm 0
047187 LEAD S0: 1 append success next 1 match 0
047187 LEAD S0: 2 append success next 1 match 0
047687 LEAD S0: prevLog &raft.Entry{Command:interface {}(nil), Term:0, Index:0}
047687 LEAD S0: prevLog &raft.Entry{Command:interface {}(nil), Term:0, Index:0}
047688 INFO S2: (term 1) follower 收到 [0] AppendEntries [], prevIndex 0, prevTerm 0
047688 INFO S1: (term 1) follower 收到 [0] AppendEntries [], prevIndex 0, prevTerm 0
047688 LEAD S0: 2 append success next 1 match 0
047689 LEAD S0: 1 append success next 1 match 0
048188 LEAD S0: prevLog &raft.Entry{Command:interface {}(nil), Term:0, Index:0}
048189 LEAD S0: prevLog &raft.Entry{Command:interface {}(nil), Term:0, Index:0}
048189 INFO S2: (term 1) follower 收到 [0] AppendEntries [], prevIndex 0, prevTerm 0
048190 INFO S1: (term 1) follower 收到 [0] AppendEntries [], prevIndex 0, prevTerm 0
048190 LEAD S0: 2 append success next 1 match 0
048190 LEAD S0: 1 append success next 1 match 0
048691 LEAD S0: prevLog &raft.Entry{Command:interface {}(nil), Term:0, Index:0}
048691 LEAD S0: prevLog &raft.Entry{Command:interface {}(nil), Term:0, Index:0}
048692 INFO S2: (term 1) follower 收到 [0] AppendEntries [], prevIndex 0, prevTerm 0
048692 INFO S1: (term 1) follower 收到 [0] AppendEntries [], prevIndex 0, prevTerm 0
048692 LEAD S0: 2 append success next 1 match 0
048693 LEAD S0: 1 append success next 1 match 0
049193 LEAD S0: prevLog &raft.Entry{Command:interface {}(nil), Term:0, Index:0}
049194 LEAD S0: prevLog &raft.Entry{Command:interface {}(nil), Term:0, Index:0}
049194 INFO S2: (term 1) follower 收到 [0] AppendEntries [], prevIndex 0, prevTerm 0
049194 INFO S1: (term 1) follower 收到 [0] AppendEntries [], prevIndex 0, prevTerm 0
049195 LEAD S0: 2 append success next 1 match 0
049195 LEAD S0: 1 append success next 1 match 0
049695 LEAD S0: prevLog &raft.Entry{Command:interface {}(nil), Term:0, Index:0}
049695 LEAD S0: prevLog &raft.Entry{Command:interface {}(nil), Term:0, Index:0}
049696 INFO S1: (term 1) follower 收到 [0] AppendEntries [], prevIndex 0, prevTerm 0
049696 INFO S2: (term 1) follower 收到 [0] AppendEntries [], prevIndex 0, prevTerm 0
049696 LEAD S0: 1 append success next 1 match 0
049697 LEAD S0: 2 append success next 1 match 0
050196 LEAD S0: prevLog &raft.Entry{Command:interface {}(nil), Term:0, Index:0}
050197 LEAD S0: prevLog &raft.Entry{Command:interface {}(nil), Term:0, Index:0}
050197 INFO S2: (term 1) follower 收到 [0] AppendEntries [], prevIndex 0, prevTerm 0
050197 INFO S1: (term 1) follower 收到 [0] AppendEntries [], prevIndex 0, prevTerm 0
050198 LEAD S0: 1 append success next 1 match 0
050198 LEAD S0: 2 append success next 1 match 0
050698 LEAD S0: prevLog &raft.Entry{Command:interface {}(nil), Term:0, Index:0}
050698 LEAD S0: prevLog &raft.Entry{Command:interface {}(nil), Term:0, Index:0}
050699 INFO S1: (term 1) follower 收到 [0] AppendEntries [], prevIndex 0, prevTerm 0
050699 INFO S2: (term 1) follower 收到 [0] AppendEntries [], prevIndex 0, prevTerm 0
050700 LEAD S0: 1 append success next 1 match 0
050700 LEAD S0: 2 append success next 1 match 0
051200 LEAD S0: prevLog &raft.Entry{Command:interface {}(nil), Term:0, Index:0}
051200 LEAD S0: prevLog &raft.Entry{Command:interface {}(nil), Term:0, Index:0}
051201 INFO S2: (term 1) follower 收到 [0] AppendEntries [], prevIndex 0, prevTerm 0
051201 LEAD S0: 2 append success next 1 match 0
051201 INFO S1: (term 1) follower 收到 [0] AppendEntries [], prevIndex 0, prevTerm 0
051201 LEAD S0: 1 append success next 1 match 0
051701 LEAD S0: prevLog &raft.Entry{Command:interface {}(nil), Term:0, Index:0}
051702 LEAD S0: prevLog &raft.Entry{Command:interface {}(nil), Term:0, Index:0}
051702 INFO S2: (term 1) follower 收到 [0] AppendEntries [], prevIndex 0, prevTerm 0
051703 LEAD S0: 2 append success next 1 match 0
051703 INFO S1: (term 1) follower 收到 [0] AppendEntries [], prevIndex 0, prevTerm 0
051703 LEAD S0: 1 append success next 1 match 0
052203 LEAD S0: prevLog &raft.Entry{Command:interface {}(nil), Term:0, Index:0}
052204 LEAD S0: prevLog &raft.Entry{Command:interface {}(nil), Term:0, Index:0}
052204 INFO S2: (term 1) follower 收到 [0] AppendEntries [], prevIndex 0, prevTerm 0
052205 LEAD S0: 2 append success next 1 match 0
052205 INFO S1: (term 1) follower 收到 [0] AppendEntries [], prevIndex 0, prevTerm 0
052205 LEAD S0: 1 append success next 1 match 0
052706 LEAD S0: prevLog &raft.Entry{Command:interface {}(nil), Term:0, Index:0}
052706 LEAD S0: prevLog &raft.Entry{Command:interface {}(nil), Term:0, Index:0}
052707 INFO S1: (term 1) follower 收到 [0] AppendEntries [], prevIndex 0, prevTerm 0
052707 INFO S2: (term 1) follower 收到 [0] AppendEntries [], prevIndex 0, prevTerm 0
052707 LEAD S0: 1 append success next 1 match 0
052707 LEAD S0: 2 append success next 1 match 0
053208 LEAD S0: prevLog &raft.Entry{Command:interface {}(nil), Term:0, Index:0}
053208 LEAD S0: prevLog &raft.Entry{Command:interface {}(nil), Term:0, Index:0}
053209 INFO S2: (term 1) follower 收到 [0] AppendEntries [], prevIndex 0, prevTerm 0
053209 LEAD S0: 2 append success next 1 match 0
053209 INFO S1: (term 1) follower 收到 [0] AppendEntries [], prevIndex 0, prevTerm 0
053209 LEAD S0: 1 append success next 1 match 0
053709 LEAD S0: prevLog &raft.Entry{Command:interface {}(nil), Term:0, Index:0}
053710 LEAD S0: prevLog &raft.Entry{Command:interface {}(nil), Term:0, Index:0}
053710 INFO S1: (term 1) follower 收到 [0] AppendEntries [], prevIndex 0, prevTerm 0
053710 INFO S2: (term 1) follower 收到 [0] AppendEntries [], prevIndex 0, prevTerm 0
053711 LEAD S0: 1 append success next 1 match 0
053711 LEAD S0: 2 append success next 1 match 0
054211 LEAD S0: prevLog &raft.Entry{Command:interface {}(nil), Term:0, Index:0}
054211 LEAD S0: prevLog &raft.Entry{Command:interface {}(nil), Term:0, Index:0}
054212 INFO S1: (term 1) follower 收到 [0] AppendEntries [], prevIndex 0, prevTerm 0
054212 INFO S2: (term 1) follower 收到 [0] AppendEntries [], prevIndex 0, prevTerm 0
054213 LEAD S0: 1 append success next 1 match 0
054213 LEAD S0: 2 append success next 1 match 0
054713 LEAD S0: prevLog &raft.Entry{Command:interface {}(nil), Term:0, Index:0}
054713 LEAD S0: prevLog &raft.Entry{Command:interface {}(nil), Term:0, Index:0}
054714 INFO S2: (term 1) follower 收到 [0] AppendEntries [], prevIndex 0, prevTerm 0
054714 INFO S1: (term 1) follower 收到 [0] AppendEntries [], prevIndex 0, prevTerm 0
054714 LEAD S0: 2 append success next 1 match 0
054714 LEAD S0: 1 append success next 1 match 0
055215 LEAD S0: prevLog &raft.Entry{Command:interface {}(nil), Term:0, Index:0}
055215 LEAD S0: prevLog &raft.Entry{Command:interface {}(nil), Term:0, Index:0}
055216 INFO S1: (term 1) follower 收到 [0] AppendEntries [], prevIndex 0, prevTerm 0
055216 INFO S2: (term 1) follower 收到 [0] AppendEntries [], prevIndex 0, prevTerm 0
055216 LEAD S0: 1 append success next 1 match 0
055216 LEAD S0: 2 append success next 1 match 0
055716 LEAD S0: prevLog &raft.Entry{Command:interface {}(nil), Term:0, Index:0}
055717 LEAD S0: prevLog &raft.Entry{Command:interface {}(nil), Term:0, Index:0}
055717 INFO S1: (term 1) follower 收到 [0] AppendEntries [], prevIndex 0, prevTerm 0
055717 INFO S2: (term 1) follower 收到 [0] AppendEntries [], prevIndex 0, prevTerm 0
055718 LEAD S0: 1 append success next 1 match 0
055718 LEAD S0: 2 append success next 1 match 0
056218 LEAD S0: prevLog &raft.Entry{Command:interface {}(nil), Term:0, Index:0}
056219 LEAD S0: prevLog &raft.Entry{Command:interface {}(nil), Term:0, Index:0}
056219 INFO S1: (term 1) follower 收到 [0] AppendEntries [], prevIndex 0, prevTerm 0
056219 INFO S2: (term 1) follower 收到 [0] AppendEntries [], prevIndex 0, prevTerm 0
056220 LEAD S0: 2 append success next 1 match 0
056220 LEAD S0: 1 append success next 1 match 0
056720 LEAD S0: prevLog &raft.Entry{Command:interface {}(nil), Term:0, Index:0}
056720 LEAD S0: prevLog &raft.Entry{Command:interface {}(nil), Term:0, Index:0}
056721 INFO S1: (term 1) follower 收到 [0] AppendEntries [], prevIndex 0, prevTerm 0
056721 INFO S2: (term 1) follower 收到 [0] AppendEntries [], prevIndex 0, prevTerm 0
056721 LEAD S0: 1 append success next 1 match 0
056721 LEAD S0: 2 append success next 1 match 0
057222 LEAD S0: prevLog &raft.Entry{Command:interface {}(nil), Term:0, Index:0}
057222 LEAD S0: prevLog &raft.Entry{Command:interface {}(nil), Term:0, Index:0}
057222 INFO S2: (term 1) follower 收到 [0] AppendEntries [], prevIndex 0, prevTerm 0
057222 INFO S1: (term 1) follower 收到 [0] AppendEntries [], prevIndex 0, prevTerm 0
057223 LEAD S0: 2 append success next 1 match 0
057223 LEAD S0: 1 append success next 1 match 0
057723 LEAD S0: prevLog &raft.Entry{Command:interface {}(nil), Term:0, Index:0}
057723 LEAD S0: prevLog &raft.Entry{Command:interface {}(nil), Term:0, Index:0}
057724 INFO S1: (term 1) follower 收到 [0] AppendEntries [], prevIndex 0, prevTerm 0
057724 INFO S2: (term 1) follower 收到 [0] AppendEntries [], prevIndex 0, prevTerm 0
057725 LEAD S0: 1 append success next 1 match 0
057725 LEAD S0: 2 append success next 1 match 0
058225 LEAD S0: prevLog &raft.Entry{Command:interface {}(nil), Term:0, Index:0}
058225 LEAD S0: prevLog &raft.Entry{Command:interface {}(nil), Term:0, Index:0}
058226 INFO S1: (term 1) follower 收到 [0] AppendEntries [], prevIndex 0, prevTerm 0
058226 INFO S2: (term 1) follower 收到 [0] AppendEntries [], prevIndex 0, prevTerm 0
058226 LEAD S0: 1 append success next 1 match 0
058226 LEAD S0: 2 append success next 1 match 0
058726 LEAD S0: prevLog &raft.Entry{Command:interface {}(nil), Term:0, Index:0}
058727 LEAD S0: prevLog &raft.Entry{Command:interface {}(nil), Term:0, Index:0}
058728 INFO S2: (term 1) follower 收到 [0] AppendEntries [], prevIndex 0, prevTerm 0
058728 INFO S1: (term 1) follower 收到 [0] AppendEntries [], prevIndex 0, prevTerm 0
058728 LEAD S0: 1 append success next 1 match 0
058728 LEAD S0: 2 append success next 1 match 0
059228 LEAD S0: prevLog &raft.Entry{Command:interface {}(nil), Term:0, Index:0}
059228 LEAD S0: prevLog &raft.Entry{Command:interface {}(nil), Term:0, Index:0}
059229 INFO S1: (term 1) follower 收到 [0] AppendEntries [], prevIndex 0, prevTerm 0
059229 INFO S2: (term 1) follower 收到 [0] AppendEntries [], prevIndex 0, prevTerm 0
059229 LEAD S0: 1 append success next 1 match 0
059229 LEAD S0: 2 append success next 1 match 0
059730 LEAD S0: prevLog &raft.Entry{Command:interface {}(nil), Term:0, Index:0}
059730 LEAD S0: prevLog &raft.Entry{Command:interface {}(nil), Term:0, Index:0}
059731 INFO S1: (term 1) follower 收到 [0] AppendEntries [], prevIndex 0, prevTerm 0
059731 INFO S2: (term 1) follower 收到 [0] AppendEntries [], prevIndex 0, prevTerm 0
059731 LEAD S0: 2 append success next 1 match 0
059731 LEAD S0: 1 append success next 1 match 0
060232 LEAD S0: prevLog &raft.Entry{Command:interface {}(nil), Term:0, Index:0}
060232 LEAD S0: prevLog &raft.Entry{Command:interface {}(nil), Term:0, Index:0}
060233 INFO S1: (term 1) follower 收到 [0] AppendEntries [], prevIndex 0, prevTerm 0
060233 INFO S2: (term 1) follower 收到 [0] AppendEntries [], prevIndex 0, prevTerm 0
060233 LEAD S0: 1 append success next 1 match 0
060233 LEAD S0: 2 append success next 1 match 0
060733 LEAD S0: prevLog &raft.Entry{Command:interface {}(nil), Term:0, Index:0}
060733 LEAD S0: prevLog &raft.Entry{Command:interface {}(nil), Term:0, Index:0}
060734 INFO S1: (term 1) follower 收到 [0] AppendEntries [], prevIndex 0, prevTerm 0
060734 INFO S2: (term 1) follower 收到 [0] AppendEntries [], prevIndex 0, prevTerm 0
060734 LEAD S0: 1 append success next 1 match 0
060735 LEAD S0: 2 append success next 1 match 0
061235 LEAD S0: prevLog &raft.Entry{Command:interface {}(nil), Term:0, Index:0}
061235 LEAD S0: prevLog &raft.Entry{Command:interface {}(nil), Term:0, Index:0}
061236 INFO S2: (term 1) follower 收到 [0] AppendEntries [], prevIndex 0, prevTerm 0
061236 LEAD S0: 2 append success next 1 match 0
061236 INFO S1: (term 1) follower 收到 [0] AppendEntries [], prevIndex 0, prevTerm 0
061237 LEAD S0: 1 append success next 1 match 0
061737 LEAD S0: prevLog &raft.Entry{Command:interface {}(nil), Term:0, Index:0}
061737 LEAD S0: prevLog &raft.Entry{Command:interface {}(nil), Term:0, Index:0}
061738 INFO S1: (term 1) follower 收到 [0] AppendEntries [], prevIndex 0, prevTerm 0
061738 INFO S2: (term 1) follower 收到 [0] AppendEntries [], prevIndex 0, prevTerm 0
061738 LEAD S0: 1 append success next 1 match 0
061738 LEAD S0: 2 append success next 1 match 0
062238 LEAD S0: prevLog &raft.Entry{Command:interface {}(nil), Term:0, Index:0}
062239 LEAD S0: prevLog &raft.Entry{Command:interface {}(nil), Term:0, Index:0}
062239 INFO S2: (term 1) follower 收到 [0] AppendEntries [], prevIndex 0, prevTerm 0
062239 INFO S1: (term 1) follower 收到 [0] AppendEntries [], prevIndex 0, prevTerm 0
062240 LEAD S0: 2 append success next 1 match 0
062240 LEAD S0: 1 append success next 1 match 0
062740 LEAD S0: prevLog &raft.Entry{Command:interface {}(nil), Term:0, Index:0}
062740 LEAD S0: prevLog &raft.Entry{Command:interface {}(nil), Term:0, Index:0}
062741 INFO S2: (term 1) follower 收到 [0] AppendEntries [], prevIndex 0, prevTerm 0
062741 LEAD S0: 2 append success next 1 match 0
062741 INFO S1: (term 1) follower 收到 [0] AppendEntries [], prevIndex 0, prevTerm 0
062742 LEAD S0: 1 append success next 1 match 0
063241 LEAD S0: prevLog &raft.Entry{Command:interface {}(nil), Term:0, Index:0}
063242 LEAD S0: prevLog &raft.Entry{Command:interface {}(nil), Term:0, Index:0}
063243 INFO S1: (term 1) follower 收到 [0] AppendEntries [], prevIndex 0, prevTerm 0
063243 INFO S2: (term 1) follower 收到 [0] AppendEntries [], prevIndex 0, prevTerm 0
063243 LEAD S0: 1 append success next 1 match 0
063243 LEAD S0: 2 append success next 1 match 0
063743 LEAD S0: prevLog &raft.Entry{Command:interface {}(nil), Term:0, Index:0}
063744 LEAD S0: prevLog &raft.Entry{Command:interface {}(nil), Term:0, Index:0}
063744 INFO S2: (term 1) follower 收到 [0] AppendEntries [], prevIndex 0, prevTerm 0
063744 INFO S1: (term 1) follower 收到 [0] AppendEntries [], prevIndex 0, prevTerm 0
063745 LEAD S0: 2 append success next 1 match 0
063745 LEAD S0: 1 append success next 1 match 0
064246 LEAD S0: prevLog &raft.Entry{Command:interface {}(nil), Term:0, Index:0}
064246 LEAD S0: prevLog &raft.Entry{Command:interface {}(nil), Term:0, Index:0}
064247 INFO S2: (term 1) follower 收到 [0] AppendEntries [], prevIndex 0, prevTerm 0
064247 INFO S1: (term 1) follower 收到 [0] AppendEntries [], prevIndex 0, prevTerm 0
064247 LEAD S0: 1 append success next 1 match 0
064247 LEAD S0: 2 append success next 1 match 0
064747 LEAD S0: prevLog &raft.Entry{Command:interface {}(nil), Term:0, Index:0}
064747 LEAD S0: prevLog &raft.Entry{Command:interface {}(nil), Term:0, Index:0}
064748 INFO S2: (term 1) follower 收到 [0] AppendEntries [], prevIndex 0, prevTerm 0
064748 INFO S1: (term 1) follower 收到 [0] AppendEntries [], prevIndex 0, prevTerm 0
064749 LEAD S0: 2 append success next 1 match 0
064749 LEAD S0: 1 append success next 1 match 0
065249 LEAD S0: prevLog &raft.Entry{Command:interface {}(nil), Term:0, Index:0}
065249 LEAD S0: prevLog &raft.Entry{Command:interface {}(nil), Term:0, Index:0}
065250 INFO S1: (term 1) follower 收到 [0] AppendEntries [], prevIndex 0, prevTerm 0
065250 INFO S2: (term 1) follower 收到 [0] AppendEntries [], prevIndex 0, prevTerm 0
065250 LEAD S0: 1 append success next 1 match 0
065251 LEAD S0: 2 append success next 1 match 0
065751 LEAD S0: prevLog &raft.Entry{Command:interface {}(nil), Term:0, Index:0}
065751 LEAD S0: prevLog &raft.Entry{Command:interface {}(nil), Term:0, Index:0}
065752 INFO S1: (term 1) follower 收到 [0] AppendEntries [], prevIndex 0, prevTerm 0
065752 INFO S2: (term 1) follower 收到 [0] AppendEntries [], prevIndex 0, prevTerm 0
065752 LEAD S0: 1 append success next 1 match 0
065752 LEAD S0: 2 append success next 1 match 0
066252 LEAD S0: prevLog &raft.Entry{Command:interface {}(nil), Term:0, Index:0}
066253 LEAD S0: prevLog &raft.Entry{Command:interface {}(nil), Term:0, Index:0}
066254 INFO S1: (term 1) follower 收到 [0] AppendEntries [], prevIndex 0, prevTerm 0
066254 INFO S2: (term 1) follower 收到 [0] AppendEntries [], prevIndex 0, prevTerm 0
066254 LEAD S0: 1 append success next 1 match 0
066254 LEAD S0: 2 append success next 1 match 0
066754 LEAD S0: prevLog &raft.Entry{Command:interface {}(nil), Term:0, Index:0}
066754 LEAD S0: prevLog &raft.Entry{Command:interface {}(nil), Term:0, Index:0}
066755 INFO S2: (term 1) follower 收到 [0] AppendEntries [], prevIndex 0, prevTerm 0
066755 INFO S1: (term 1) follower 收到 [0] AppendEntries [], prevIndex 0, prevTerm 0
066756 LEAD S0: 2 append success next 1 match 0
066756 LEAD S0: 1 append success next 1 match 0
067256 LEAD S0: prevLog &raft.Entry{Command:interface {}(nil), Term:0, Index:0}
067256 LEAD S0: prevLog &raft.Entry{Command:interface {}(nil), Term:0, Index:0}
067257 INFO S1: (term 1) follower 收到 [0] AppendEntries [], prevIndex 0, prevTerm 0
067257 INFO S2: (term 1) follower 收到 [0] AppendEntries [], prevIndex 0, prevTerm 0
067257 LEAD S0: 1 append success next 1 match 0
067257 LEAD S0: 2 append success next 1 match 0
067757 LEAD S0: prevLog &raft.Entry{Command:interface {}(nil), Term:0, Index:0}
067758 LEAD S0: prevLog &raft.Entry{Command:interface {}(nil), Term:0, Index:0}
067758 INFO S1: (term 1) follower 收到 [0] AppendEntries [], prevIndex 0, prevTerm 0
067758 INFO S2: (term 1) follower 收到 [0] AppendEntries [], prevIndex 0, prevTerm 0
067759 LEAD S0: 1 append success next 1 match 0
067759 LEAD S0: 2 append success next 1 match 0
068259 LEAD S0: prevLog &raft.Entry{Command:interface {}(nil), Term:0, Index:0}
068260 LEAD S0: prevLog &raft.Entry{Command:interface {}(nil), Term:0, Index:0}
068260 INFO S1: (term 1) follower 收到 [0] AppendEntries [], prevIndex 0, prevTerm 0
068260 INFO S2: (term 1) follower 收到 [0] AppendEntries [], prevIndex 0, prevTerm 0
068261 LEAD S0: 1 append success next 1 match 0
068261 LEAD S0: 2 append success next 1 match 0
068761 LEAD S0: prevLog &raft.Entry{Command:interface {}(nil), Term:0, Index:0}
068762 LEAD S0: prevLog &raft.Entry{Command:interface {}(nil), Term:0, Index:0}
068762 INFO S2: (term 1) follower 收到 [0] AppendEntries [], prevIndex 0, prevTerm 0
068763 INFO S1: (term 1) follower 收到 [0] AppendEntries [], prevIndex 0, prevTerm 0
068763 LEAD S0: 2 append success next 1 match 0
068763 LEAD S0: 1 append success next 1 match 0
069263 LEAD S0: prevLog &raft.Entry{Command:interface {}(nil), Term:0, Index:0}
069263 LEAD S0: prevLog &raft.Entry{Command:interface {}(nil), Term:0, Index:0}
069264 INFO S2: (term 1) follower 收到 [0] AppendEntries [], prevIndex 0, prevTerm 0
069264 INFO S1: (term 1) follower 收到 [0] AppendEntries [], prevIndex 0, prevTerm 0
069264 LEAD S0: 2 append success next 1 match 0
069264 LEAD S0: 1 append success next 1 match 0
069765 LEAD S0: prevLog &raft.Entry{Command:interface {}(nil), Term:0, Index:0}
069765 LEAD S0: prevLog &raft.Entry{Command:interface {}(nil), Term:0, Index:0}
069766 INFO S2: (term 1) follower 收到 [0] AppendEntries [], prevIndex 0, prevTerm 0
069766 INFO S1: (term 1) follower 收到 [0] AppendEntries [], prevIndex 0, prevTerm 0
069766 LEAD S0: 2 append success next 1 match 0
069766 LEAD S0: 1 append success next 1 match 0
070266 LEAD S0: prevLog &raft.Entry{Command:interface {}(nil), Term:0, Index:0}
070266 LEAD S0: prevLog &raft.Entry{Command:interface {}(nil), Term:0, Index:0}
070267 INFO S2: (term 1) follower 收到 [0] AppendEntries [], prevIndex 0, prevTerm 0
070267 LEAD S0: 2 append success next 1 match 0
070267 INFO S1: (term 1) follower 收到 [0] AppendEntries [], prevIndex 0, prevTerm 0
070268 LEAD S0: 1 append success next 1 match 0
070768 LEAD S0: prevLog &raft.Entry{Command:interface {}(nil), Term:0, Index:0}
070768 LEAD S0: prevLog &raft.Entry{Command:interface {}(nil), Term:0, Index:0}
070769 INFO S1: (term 1) follower 收到 [0] AppendEntries [], prevIndex 0, prevTerm 0
070769 INFO S2: (term 1) follower 收到 [0] AppendEntries [], prevIndex 0, prevTerm 0
070769 LEAD S0: 1 append success next 1 match 0
070769 LEAD S0: 2 append success next 1 match 0
071270 LEAD S0: prevLog &raft.Entry{Command:interface {}(nil), Term:0, Index:0}
071270 LEAD S0: prevLog &raft.Entry{Command:interface {}(nil), Term:0, Index:0}
071271 INFO S2: (term 1) follower 收到 [0] AppendEntries [], prevIndex 0, prevTerm 0
071271 INFO S1: (term 1) follower 收到 [0] AppendEntries [], prevIndex 0, prevTerm 0
071275 LEAD S0: 1 append success next 1 match 0
071275 LEAD S0: 2 append success next 1 match 0
071771 LEAD S0: prevLog &raft.Entry{Command:interface {}(nil), Term:0, Index:0}
071772 LEAD S0: prevLog &raft.Entry{Command:interface {}(nil), Term:0, Index:0}
071773 INFO S2: (term 1) follower 收到 [0] AppendEntries [], prevIndex 0, prevTerm 0
071773 INFO S1: (term 1) follower 收到 [0] AppendEntries [], prevIndex 0, prevTerm 0
071773 LEAD S0: 2 append success next 1 match 0
071774 LEAD S0: 1 append success next 1 match 0
072273 LEAD S0: prevLog &raft.Entry{Command:interface {}(nil), Term:0, Index:0}
072273 LEAD S0: prevLog &raft.Entry{Command:interface {}(nil), Term:0, Index:0}
072274 INFO S2: (term 1) follower 收到 [0] AppendEntries [], prevIndex 0, prevTerm 0
072274 INFO S1: (term 1) follower 收到 [0] AppendEntries [], prevIndex 0, prevTerm 0
072274 LEAD S0: 2 append success next 1 match 0
072275 LEAD S0: 1 append success next 1 match 0
072775 LEAD S0: prevLog &raft.Entry{Command:interface {}(nil), Term:0, Index:0}
072776 LEAD S0: prevLog &raft.Entry{Command:interface {}(nil), Term:0, Index:0}
072776 INFO S2: (term 1) follower 收到 [0] AppendEntries [], prevIndex 0, prevTerm 0
072777 LEAD S0: 2 append success next 1 match 0
072777 INFO S1: (term 1) follower 收到 [0] AppendEntries [], prevIndex 0, prevTerm 0
072777 LEAD S0: 1 append success next 1 match 0
073277 LEAD S0: prevLog &raft.Entry{Command:interface {}(nil), Term:0, Index:0}
073277 LEAD S0: prevLog &raft.Entry{Command:interface {}(nil), Term:0, Index:0}
073278 INFO S1: (term 1) follower 收到 [0] AppendEntries [], prevIndex 0, prevTerm 0
073278 INFO S2: (term 1) follower 收到 [0] AppendEntries [], prevIndex 0, prevTerm 0
073278 LEAD S0: 1 append success next 1 match 0
073279 LEAD S0: 2 append success next 1 match 0
073779 LEAD S0: prevLog &raft.Entry{Command:interface {}(nil), Term:0, Index:0}
073779 LEAD S0: prevLog &raft.Entry{Command:interface {}(nil), Term:0, Index:0}
073780 INFO S2: (term 1) follower 收到 [0] AppendEntries [], prevIndex 0, prevTerm 0
073780 INFO S1: (term 1) follower 收到 [0] AppendEntries [], prevIndex 0, prevTerm 0
073780 LEAD S0: 2 append success next 1 match 0
073780 LEAD S0: 1 append success next 1 match 0
074280 LEAD S0: prevLog &raft.Entry{Command:interface {}(nil), Term:0, Index:0}
074281 LEAD S0: prevLog &raft.Entry{Command:interface {}(nil), Term:0, Index:0}
074281 INFO S2: (term 1) follower 收到 [0] AppendEntries [], prevIndex 0, prevTerm 0
074282 LEAD S0: 2 append success next 1 match 0
074282 INFO S1: (term 1) follower 收到 [0] AppendEntries [], prevIndex 0, prevTerm 0
074283 LEAD S0: 1 append success next 1 match 0
074782 LEAD S0: prevLog &raft.Entry{Command:interface {}(nil), Term:0, Index:0}
074782 LEAD S0: prevLog &raft.Entry{Command:interface {}(nil), Term:0, Index:0}
074783 INFO S1: (term 1) follower 收到 [0] AppendEntries [], prevIndex 0, prevTerm 0
074783 INFO S2: (term 1) follower 收到 [0] AppendEntries [], prevIndex 0, prevTerm 0
074783 LEAD S0: 2 append success next 1 match 0
074783 LEAD S0: 1 append success next 1 match 0
075285 LEAD S0: prevLog &raft.Entry{Command:interface {}(nil), Term:0, Index:0}
075285 LEAD S0: prevLog &raft.Entry{Command:interface {}(nil), Term:0, Index:0}
075286 INFO S2: (term 1) follower 收到 [0] AppendEntries [], prevIndex 0, prevTerm 0
075286 LEAD S0: 2 append success next 1 match 0
075286 INFO S1: (term 1) follower 收到 [0] AppendEntries [], prevIndex 0, prevTerm 0
075287 LEAD S0: 1 append success next 1 match 0
075786 LEAD S0: prevLog &raft.Entry{Command:interface {}(nil), Term:0, Index:0}
075787 LEAD S0: prevLog &raft.Entry{Command:interface {}(nil), Term:0, Index:0}
075787 INFO S2: (term 1) follower 收到 [0] AppendEntries [], prevIndex 0, prevTerm 0
075788 LEAD S0: 2 append success next 1 match 0
075788 INFO S1: (term 1) follower 收到 [0] AppendEntries [], prevIndex 0, prevTerm 0
075789 LEAD S0: 1 append success next 1 match 0
076288 LEAD S0: prevLog &raft.Entry{Command:interface {}(nil), Term:0, Index:0}
076288 LEAD S0: prevLog &raft.Entry{Command:interface {}(nil), Term:0, Index:0}
076289 INFO S1: (term 1) follower 收到 [0] AppendEntries [], prevIndex 0, prevTerm 0
076289 INFO S2: (term 1) follower 收到 [0] AppendEntries [], prevIndex 0, prevTerm 0
076290 LEAD S0: 1 append success next 1 match 0
076290 LEAD S0: 2 append success next 1 match 0
076790 LEAD S0: prevLog &raft.Entry{Command:interface {}(nil), Term:0, Index:0}
076790 LEAD S0: prevLog &raft.Entry{Command:interface {}(nil), Term:0, Index:0}
076791 INFO S2: (term 1) follower 收到 [0] AppendEntries [], prevIndex 0, prevTerm 0
076791 LEAD S0: 2 append success next 1 match 0
076791 INFO S1: (term 1) follower 收到 [0] AppendEntries [], prevIndex 0, prevTerm 0
076792 LEAD S0: 1 append success next 1 match 0
077293 LEAD S0: prevLog &raft.Entry{Command:interface {}(nil), Term:0, Index:0}
077293 LEAD S0: prevLog &raft.Entry{Command:interface {}(nil), Term:0, Index:0}
077294 INFO S2: (term 1) follower 收到 [0] AppendEntries [], prevIndex 0, prevTerm 0
077294 LEAD S0: 2 append success next 1 match 0
077294 INFO S1: (term 1) follower 收到 [0] AppendEntries [], prevIndex 0, prevTerm 0
077294 LEAD S0: 1 append success next 1 match 0
077795 LEAD S0: prevLog &raft.Entry{Command:interface {}(nil), Term:0, Index:0}
077796 LEAD S0: prevLog &raft.Entry{Command:interface {}(nil), Term:0, Index:0}
077796 INFO S1: (term 1) follower 收到 [0] AppendEntries [], prevIndex 0, prevTerm 0
077796 INFO S2: (term 1) follower 收到 [0] AppendEntries [], prevIndex 0, prevTerm 0
077797 LEAD S0: 1 append success next 1 match 0
077797 LEAD S0: 2 append success next 1 match 0
078297 LEAD S0: prevLog &raft.Entry{Command:interface {}(nil), Term:0, Index:0}
078297 LEAD S0: prevLog &raft.Entry{Command:interface {}(nil), Term:0, Index:0}
078298 INFO S1: (term 1) follower 收到 [0] AppendEntries [], prevIndex 0, prevTerm 0
078298 INFO S2: (term 1) follower 收到 [0] AppendEntries [], prevIndex 0, prevTerm 0
078298 LEAD S0: 1 append success next 1 match 0
078298 LEAD S0: 2 append success next 1 match 0
078799 LEAD S0: prevLog &raft.Entry{Command:interface {}(nil), Term:0, Index:0}
078799 LEAD S0: prevLog &raft.Entry{Command:interface {}(nil), Term:0, Index:0}
078800 INFO S2: (term 1) follower 收到 [0] AppendEntries [], prevIndex 0, prevTerm 0
078800 INFO S1: (term 1) follower 收到 [0] AppendEntries [], prevIndex 0, prevTerm 0
078801 LEAD S0: 2 append success next 1 match 0
078801 LEAD S0: 1 append success next 1 match 0
079302 LEAD S0: prevLog &raft.Entry{Command:interface {}(nil), Term:0, Index:0}
079302 LEAD S0: prevLog &raft.Entry{Command:interface {}(nil), Term:0, Index:0}
079303 INFO S1: (term 1) follower 收到 [0] AppendEntries [], prevIndex 0, prevTerm 0
079303 INFO S2: (term 1) follower 收到 [0] AppendEntries [], prevIndex 0, prevTerm 0
079303 LEAD S0: 1 append success next 1 match 0
079304 LEAD S0: 2 append success next 1 match 0
079804 LEAD S0: prevLog &raft.Entry{Command:interface {}(nil), Term:0, Index:0}
079805 LEAD S0: prevLog &raft.Entry{Command:interface {}(nil), Term:0, Index:0}
079805 INFO S2: (term 1) follower 收到 [0] AppendEntries [], prevIndex 0, prevTerm 0
079805 INFO S1: (term 1) follower 收到 [0] AppendEntries [], prevIndex 0, prevTerm 0
079806 LEAD S0: 1 append success next 1 match 0
079806 LEAD S0: 2 append success next 1 match 0
080306 LEAD S0: prevLog &raft.Entry{Command:interface {}(nil), Term:0, Index:0}
080307 LEAD S0: prevLog &raft.Entry{Command:interface {}(nil), Term:0, Index:0}
080307 INFO S1: (term 1) follower 收到 [0] AppendEntries [], prevIndex 0, prevTerm 0
080307 INFO S2: (term 1) follower 收到 [0] AppendEntries [], prevIndex 0, prevTerm 0
080308 LEAD S0: 1 append success next 1 match 0
080308 LEAD S0: 2 append success next 1 match 0
080809 LEAD S0: prevLog &raft.Entry{Command:interface {}(nil), Term:0, Index:0}
080809 LEAD S0: prevLog &raft.Entry{Command:interface {}(nil), Term:0, Index:0}
080810 INFO S2: (term 1) follower 收到 [0] AppendEntries [], prevIndex 0, prevTerm 0
080811 LEAD S0: 2 append success next 1 match 0
080811 INFO S1: (term 1) follower 收到 [0] AppendEntries [], prevIndex 0, prevTerm 0
080811 LEAD S0: 1 append success next 1 match 0
081311 LEAD S0: prevLog &raft.Entry{Command:interface {}(nil), Term:0, Index:0}
081311 LEAD S0: prevLog &raft.Entry{Command:interface {}(nil), Term:0, Index:0}
081312 INFO S2: (term 1) follower 收到 [0] AppendEntries [], prevIndex 0, prevTerm 0
081312 LEAD S0: 2 append success next 1 match 0
081312 INFO S1: (term 1) follower 收到 [0] AppendEntries [], prevIndex 0, prevTerm 0
081313 LEAD S0: 1 append success next 1 match 0
081815 LEAD S0: prevLog &raft.Entry{Command:interface {}(nil), Term:0, Index:0}
081815 LEAD S0: prevLog &raft.Entry{Command:interface {}(nil), Term:0, Index:0}
081816 INFO S2: (term 1) follower 收到 [0] AppendEntries [], prevIndex 0, prevTerm 0
081816 INFO S1: (term 1) follower 收到 [0] AppendEntries [], prevIndex 0, prevTerm 0
081816 LEAD S0: 1 append success next 1 match 0
081816 LEAD S0: 2 append success next 1 match 0
082316 LEAD S0: prevLog &raft.Entry{Command:interface {}(nil), Term:0, Index:0}
082317 LEAD S0: prevLog &raft.Entry{Command:interface {}(nil), Term:0, Index:0}
082318 INFO S1: (term 1) follower 收到 [0] AppendEntries [], prevIndex 0, prevTerm 0
082318 LEAD S0: 1 append success next 1 match 0
082318 INFO S2: (term 1) follower 收到 [0] AppendEntries [], prevIndex 0, prevTerm 0
082318 LEAD S0: 2 append success next 1 match 0
082818 LEAD S0: prevLog &raft.Entry{Command:interface {}(nil), Term:0, Index:0}
082819 LEAD S0: prevLog &raft.Entry{Command:interface {}(nil), Term:0, Index:0}
082819 INFO S1: (term 1) follower 收到 [0] AppendEntries [], prevIndex 0, prevTerm 0
082819 INFO S2: (term 1) follower 收到 [0] AppendEntries [], prevIndex 0, prevTerm 0
082820 LEAD S0: 2 append success next 1 match 0
082820 LEAD S0: 1 append success next 1 match 0
083320 LEAD S0: prevLog &raft.Entry{Command:interface {}(nil), Term:0, Index:0}
083320 LEAD S0: prevLog &raft.Entry{Command:interface {}(nil), Term:0, Index:0}
083321 INFO S1: (term 1) follower 收到 [0] AppendEntries [], prevIndex 0, prevTerm 0
083321 LEAD S0: 1 append success next 1 match 0
083321 INFO S2: (term 1) follower 收到 [0] AppendEntries [], prevIndex 0, prevTerm 0
083322 LEAD S0: 2 append success next 1 match 0
083823 LEAD S0: prevLog &raft.Entry{Command:interface {}(nil), Term:0, Index:0}
083823 LEAD S0: prevLog &raft.Entry{Command:interface {}(nil), Term:0, Index:0}
083823 INFO S2: (term 1) follower 收到 [0] AppendEntries [], prevIndex 0, prevTerm 0
083824 LEAD S0: 2 append success next 1 match 0
083824 INFO S1: (term 1) follower 收到 [0] AppendEntries [], prevIndex 0, prevTerm 0
083824 LEAD S0: 1 append success next 1 match 0
084325 LEAD S0: prevLog &raft.Entry{Command:interface {}(nil), Term:0, Index:0}
084326 LEAD S0: prevLog &raft.Entry{Command:interface {}(nil), Term:0, Index:0}
084326 INFO S1: (term 1) follower 收到 [0] AppendEntries [], prevIndex 0, prevTerm 0
084326 INFO S2: (term 1) follower 收到 [0] AppendEntries [], prevIndex 0, prevTerm 0
084327 LEAD S0: 1 append success next 1 match 0
084327 LEAD S0: 2 append success next 1 match 0
084827 LEAD S0: prevLog &raft.Entry{Command:interface {}(nil), Term:0, Index:0}
084827 LEAD S0: prevLog &raft.Entry{Command:interface {}(nil), Term:0, Index:0}
084828 INFO S2: (term 1) follower 收到 [0] AppendEntries [], prevIndex 0, prevTerm 0
084828 INFO S1: (term 1) follower 收到 [0] AppendEntries [], prevIndex 0, prevTerm 0
084828 LEAD S0: 2 append success next 1 match 0
084829 LEAD S0: 1 append success next 1 match 0
085329 LEAD S0: prevLog &raft.Entry{Command:interface {}(nil), Term:0, Index:0}
085329 LEAD S0: prevLog &raft.Entry{Command:interface {}(nil), Term:0, Index:0}
085330 INFO S2: (term 1) follower 收到 [0] AppendEntries [], prevIndex 0, prevTerm 0
085330 INFO S1: (term 1) follower 收到 [0] AppendEntries [], prevIndex 0, prevTerm 0
085330 LEAD S0: 1 append success next 1 match 0
085330 LEAD S0: 2 append success next 1 match 0
085831 LEAD S0: prevLog &raft.Entry{Command:interface {}(nil), Term:0, Index:0}
085831 LEAD S0: prevLog &raft.Entry{Command:interface {}(nil), Term:0, Index:0}
085832 INFO S2: (term 1) follower 收到 [0] AppendEntries [], prevIndex 0, prevTerm 0
085832 INFO S1: (term 1) follower 收到 [0] AppendEntries [], prevIndex 0, prevTerm 0
085832 LEAD S0: 2 append success next 1 match 0
085832 LEAD S0: 1 append success next 1 match 0
086334 LEAD S0: prevLog &raft.Entry{Command:interface {}(nil), Term:0, Index:0}
086334 LEAD S0: prevLog &raft.Entry{Command:interface {}(nil), Term:0, Index:0}
086335 INFO S2: (term 1) follower 收到 [0] AppendEntries [], prevIndex 0, prevTerm 0
086335 INFO S1: (term 1) follower 收到 [0] AppendEntries [], prevIndex 0, prevTerm 0
086335 LEAD S0: 2 append success next 1 match 0
086336 LEAD S0: 1 append success next 1 match 0
086836 LEAD S0: prevLog &raft.Entry{Command:interface {}(nil), Term:0, Index:0}
086836 LEAD S0: prevLog &raft.Entry{Command:interface {}(nil), Term:0, Index:0}
086837 INFO S2: (term 1) follower 收到 [0] AppendEntries [], prevIndex 0, prevTerm 0
086837 LEAD S0: 2 append success next 1 match 0
086838 INFO S1: (term 1) follower 收到 [0] AppendEntries [], prevIndex 0, prevTerm 0
086839 LEAD S0: 1 append success next 1 match 0
087337 LEAD S0: prevLog &raft.Entry{Command:interface {}(nil), Term:0, Index:0}
087338 LEAD S0: prevLog &raft.Entry{Command:interface {}(nil), Term:0, Index:0}
087338 INFO S2: (term 1) follower 收到 [0] AppendEntries [], prevIndex 0, prevTerm 0
087338 INFO S1: (term 1) follower 收到 [0] AppendEntries [], prevIndex 0, prevTerm 0
087339 LEAD S0: 2 append success next 1 match 0
087339 LEAD S0: 1 append success next 1 match 0
087839 LEAD S0: prevLog &raft.Entry{Command:interface {}(nil), Term:0, Index:0}
087839 LEAD S0: prevLog &raft.Entry{Command:interface {}(nil), Term:0, Index:0}
087840 INFO S1: (term 1) follower 收到 [0] AppendEntries [], prevIndex 0, prevTerm 0
087840 INFO S2: (term 1) follower 收到 [0] AppendEntries [], prevIndex 0, prevTerm 0
087840 LEAD S0: 1 append success next 1 match 0
087840 LEAD S0: 2 append success next 1 match 0
088341 LEAD S0: prevLog &raft.Entry{Command:interface {}(nil), Term:0, Index:0}
088341 LEAD S0: prevLog &raft.Entry{Command:interface {}(nil), Term:0, Index:0}
088342 INFO S1: (term 1) follower 收到 [0] AppendEntries [], prevIndex 0, prevTerm 0
088342 INFO S2: (term 1) follower 收到 [0] AppendEntries [], prevIndex 0, prevTerm 0
088342 LEAD S0: 1 append success next 1 match 0
088342 LEAD S0: 2 append success next 1 match 0
088843 LEAD S0: prevLog &raft.Entry{Command:interface {}(nil), Term:0, Index:0}
088843 LEAD S0: prevLog &raft.Entry{Command:interface {}(nil), Term:0, Index:0}
088844 INFO S2: (term 1) follower 收到 [0] AppendEntries [], prevIndex 0, prevTerm 0
088844 INFO S1: (term 1) follower 收到 [0] AppendEntries [], prevIndex 0, prevTerm 0
088844 LEAD S0: 2 append success next 1 match 0
088845 LEAD S0: 1 append success next 1 match 0
089345 LEAD S0: prevLog &raft.Entry{Command:interface {}(nil), Term:0, Index:0}
089345 LEAD S0: prevLog &raft.Entry{Command:interface {}(nil), Term:0, Index:0}
089346 INFO S2: (term 1) follower 收到 [0] AppendEntries [], prevIndex 0, prevTerm 0
089346 INFO S1: (term 1) follower 收到 [0] AppendEntries [], prevIndex 0, prevTerm 0
089346 LEAD S0: 2 append success next 1 match 0
089346 LEAD S0: 1 append success next 1 match 0
089847 LEAD S0: prevLog &raft.Entry{Command:interface {}(nil), Term:0, Index:0}
089847 LEAD S0: prevLog &raft.Entry{Command:interface {}(nil), Term:0, Index:0}
089848 INFO S1: (term 1) follower 收到 [0] AppendEntries [], prevIndex 0, prevTerm 0
089848 INFO S2: (term 1) follower 收到 [0] AppendEntries [], prevIndex 0, prevTerm 0
089848 LEAD S0: 1 append success next 1 match 0
089849 LEAD S0: 2 append success next 1 match 0
090349 LEAD S0: prevLog &raft.Entry{Command:interface {}(nil), Term:0, Index:0}
090349 LEAD S0: prevLog &raft.Entry{Command:interface {}(nil), Term:0, Index:0}
090350 INFO S2: (term 1) follower 收到 [0] AppendEntries [], prevIndex 0, prevTerm 0
090350 INFO S1: (term 1) follower 收到 [0] AppendEntries [], prevIndex 0, prevTerm 0
090350 LEAD S0: 2 append success next 1 match 0
090350 LEAD S0: 1 append success next 1 match 0
090850 LEAD S0: prevLog &raft.Entry{Command:interface {}(nil), Term:0, Index:0}
090851 LEAD S0: prevLog &raft.Entry{Command:interface {}(nil), Term:0, Index:0}
090851 INFO S1: (term 1) follower 收到 [0] AppendEntries [], prevIndex 0, prevTerm 0
090852 INFO S2: (term 1) follower 收到 [0] AppendEntries [], prevIndex 0, prevTerm 0
090852 LEAD S0: 1 append success next 1 match 0
090852 LEAD S0: 2 append success next 1 match 0
091352 LEAD S0: prevLog &raft.Entry{Command:interface {}(nil), Term:0, Index:0}
091353 LEAD S0: prevLog &raft.Entry{Command:interface {}(nil), Term:0, Index:0}
091353 INFO S1: (term 1) follower 收到 [0] AppendEntries [], prevIndex 0, prevTerm 0
091353 INFO S2: (term 1) follower 收到 [0] AppendEntries [], prevIndex 0, prevTerm 0
091354 LEAD S0: 1 append success next 1 match 0
091354 LEAD S0: 2 append success next 1 match 0
091854 LEAD S0: prevLog &raft.Entry{Command:interface {}(nil), Term:0, Index:0}
091854 LEAD S0: prevLog &raft.Entry{Command:interface {}(nil), Term:0, Index:0}
091855 INFO S2: (term 1) follower 收到 [0] AppendEntries [], prevIndex 0, prevTerm 0
091855 INFO S1: (term 1) follower 收到 [0] AppendEntries [], prevIndex 0, prevTerm 0
091855 LEAD S0: 2 append success next 1 match 0
091856 LEAD S0: 1 append success next 1 match 0
092356 LEAD S0: prevLog &raft.Entry{Command:interface {}(nil), Term:0, Index:0}
092356 LEAD S0: prevLog &raft.Entry{Command:interface {}(nil), Term:0, Index:0}
092357 INFO S1: (term 1) follower 收到 [0] AppendEntries [], prevIndex 0, prevTerm 0
092357 INFO S2: (term 1) follower 收到 [0] AppendEntries [], prevIndex 0, prevTerm 0
092357 LEAD S0: 2 append success next 1 match 0
092358 LEAD S0: 1 append success next 1 match 0
092858 LEAD S0: prevLog &raft.Entry{Command:interface {}(nil), Term:0, Index:0}
092858 LEAD S0: prevLog &raft.Entry{Command:interface {}(nil), Term:0, Index:0}
092859 INFO S1: (term 1) follower 收到 [0] AppendEntries [], prevIndex 0, prevTerm 0
092859 INFO S2: (term 1) follower 收到 [0] AppendEntries [], prevIndex 0, prevTerm 0
092859 LEAD S0: 1 append success next 1 match 0
092859 LEAD S0: 2 append success next 1 match 0
093360 LEAD S0: prevLog &raft.Entry{Command:interface {}(nil), Term:0, Index:0}
093360 LEAD S0: prevLog &raft.Entry{Command:interface {}(nil), Term:0, Index:0}
093361 INFO S2: (term 1) follower 收到 [0] AppendEntries [], prevIndex 0, prevTerm 0
093361 INFO S1: (term 1) follower 收到 [0] AppendEntries [], prevIndex 0, prevTerm 0
093362 LEAD S0: 2 append success next 1 match 0
093362 LEAD S0: 1 append success next 1 match 0
093863 LEAD S0: prevLog &raft.Entry{Command:interface {}(nil), Term:0, Index:0}
093863 LEAD S0: prevLog &raft.Entry{Command:interface {}(nil), Term:0, Index:0}
093864 INFO S1: (term 1) follower 收到 [0] AppendEntries [], prevIndex 0, prevTerm 0
093864 INFO S2: (term 1) follower 收到 [0] AppendEntries [], prevIndex 0, prevTerm 0
093864 LEAD S0: 1 append success next 1 match 0
093864 LEAD S0: 2 append success next 1 match 0
094364 LEAD S0: prevLog &raft.Entry{Command:interface {}(nil), Term:0, Index:0}
094364 LEAD S0: prevLog &raft.Entry{Command:interface {}(nil), Term:0, Index:0}
094365 INFO S1: (term 1) follower 收到 [0] AppendEntries [], prevIndex 0, prevTerm 0
094365 INFO S2: (term 1) follower 收到 [0] AppendEntries [], prevIndex 0, prevTerm 0
094365 LEAD S0: 1 append success next 1 match 0
094366 LEAD S0: 2 append success next 1 match 0
094866 LEAD S0: prevLog &raft.Entry{Command:interface {}(nil), Term:0, Index:0}
094866 LEAD S0: prevLog &raft.Entry{Command:interface {}(nil), Term:0, Index:0}
094867 INFO S1: (term 1) follower 收到 [0] AppendEntries [], prevIndex 0, prevTerm 0
094867 INFO S2: (term 1) follower 收到 [0] AppendEntries [], prevIndex 0, prevTerm 0
094867 LEAD S0: 1 append success next 1 match 0
094867 LEAD S0: 2 append success next 1 match 0
095368 LEAD S0: prevLog &raft.Entry{Command:interface {}(nil), Term:0, Index:0}
095368 LEAD S0: prevLog &raft.Entry{Command:interface {}(nil), Term:0, Index:0}
095369 INFO S1: (term 1) follower 收到 [0] AppendEntries [], prevIndex 0, prevTerm 0
095369 INFO S2: (term 1) follower 收到 [0] AppendEntries [], prevIndex 0, prevTerm 0
095369 LEAD S0: 1 append success next 1 match 0
095369 LEAD S0: 2 append success next 1 match 0
095870 LEAD S0: prevLog &raft.Entry{Command:interface {}(nil), Term:0, Index:0}
095870 LEAD S0: prevLog &raft.Entry{Command:interface {}(nil), Term:0, Index:0}
095871 INFO S1: (term 1) follower 收到 [0] AppendEntries [], prevIndex 0, prevTerm 0
095871 LEAD S0: 1 append success next 1 match 0
095871 INFO S2: (term 1) follower 收到 [0] AppendEntries [], prevIndex 0, prevTerm 0
095872 LEAD S0: 2 append success next 1 match 0
096372 LEAD S0: prevLog &raft.Entry{Command:interface {}(nil), Term:0, Index:0}
096372 LEAD S0: prevLog &raft.Entry{Command:interface {}(nil), Term:0, Index:0}
096373 INFO S1: (term 1) follower 收到 [0] AppendEntries [], prevIndex 0, prevTerm 0
096373 INFO S2: (term 1) follower 收到 [0] AppendEntries [], prevIndex 0, prevTerm 0
096373 LEAD S0: 1 append success next 1 match 0
096373 LEAD S0: 2 append success next 1 match 0
096874 LEAD S0: prevLog &raft.Entry{Command:interface {}(nil), Term:0, Index:0}
096874 LEAD S0: prevLog &raft.Entry{Command:interface {}(nil), Term:0, Index:0}
096875 INFO S2: (term 1) follower 收到 [0] AppendEntries [], prevIndex 0, prevTerm 0
096875 INFO S1: (term 1) follower 收到 [0] AppendEntries [], prevIndex 0, prevTerm 0
096875 LEAD S0: 1 append success next 1 match 0
096875 LEAD S0: 2 append success next 1 match 0
097376 LEAD S0: prevLog &raft.Entry{Command:interface {}(nil), Term:0, Index:0}
097377 LEAD S0: prevLog &raft.Entry{Command:interface {}(nil), Term:0, Index:0}
097377 INFO S2: (term 1) follower 收到 [0] AppendEntries [], prevIndex 0, prevTerm 0
097377 INFO S1: (term 1) follower 收到 [0] AppendEntries [], prevIndex 0, prevTerm 0
097378 LEAD S0: 1 append success next 1 match 0
097378 LEAD S0: 2 append success next 1 match 0
097878 LEAD S0: prevLog &raft.Entry{Command:interface {}(nil), Term:0, Index:0}
097878 LEAD S0: prevLog &raft.Entry{Command:interface {}(nil), Term:0, Index:0}
097879 INFO S2: (term 1) follower 收到 [0] AppendEntries [], prevIndex 0, prevTerm 0
097879 INFO S1: (term 1) follower 收到 [0] AppendEntries [], prevIndex 0, prevTerm 0
097879 LEAD S0: 1 append success next 1 match 0
097879 LEAD S0: 2 append success next 1 match 0
098381 LEAD S0: prevLog &raft.Entry{Command:interface {}(nil), Term:0, Index:0}
098381 LEAD S0: prevLog &raft.Entry{Command:interface {}(nil), Term:0, Index:0}
098382 INFO S1: (term 1) follower 收到 [0] AppendEntries [], prevIndex 0, prevTerm 0
098382 INFO S2: (term 1) follower 收到 [0] AppendEntries [], prevIndex 0, prevTerm 0
098382 LEAD S0: 1 append success next 1 match 0
098382 LEAD S0: 2 append success next 1 match 0
098883 LEAD S0: prevLog &raft.Entry{Command:interface {}(nil), Term:0, Index:0}
098883 LEAD S0: prevLog &raft.Entry{Command:interface {}(nil), Term:0, Index:0}
098884 INFO S1: (term 1) follower 收到 [0] AppendEntries [], prevIndex 0, prevTerm 0
098884 LEAD S0: 1 append success next 1 match 0
098884 INFO S2: (term 1) follower 收到 [0] AppendEntries [], prevIndex 0, prevTerm 0
098884 LEAD S0: 2 append success next 1 match 0
099385 LEAD S0: prevLog &raft.Entry{Command:interface {}(nil), Term:0, Index:0}
099386 LEAD S0: prevLog &raft.Entry{Command:interface {}(nil), Term:0, Index:0}
099386 INFO S1: (term 1) follower 收到 [0] AppendEntries [], prevIndex 0, prevTerm 0
099386 LEAD S0: 1 append success next 1 match 0
099387 INFO S2: (term 1) follower 收到 [0] AppendEntries [], prevIndex 0, prevTerm 0
099387 LEAD S0: 2 append success next 1 match 0
099888 LEAD S0: prevLog &raft.Entry{Command:interface {}(nil), Term:0, Index:0}
099889 LEAD S0: prevLog &raft.Entry{Command:interface {}(nil), Term:0, Index:0}
099889 INFO S1: (term 1) follower 收到 [0] AppendEntries [], prevIndex 0, prevTerm 0
099890 INFO S2: (term 1) follower 收到 [0] AppendEntries [], prevIndex 0, prevTerm 0
099890 LEAD S0: 1 append success next 1 match 0
099890 LEAD S0: 2 append success next 1 match 0
100390 LEAD S0: prevLog &raft.Entry{Command:interface {}(nil), Term:0, Index:0}
100390 LEAD S0: prevLog &raft.Entry{Command:interface {}(nil), Term:0, Index:0}
--- FAIL: TestPersist12C (10.04s)
    config.go:609: one(11) failed to reach agreement
FAIL
exit status 1
FAIL	6.824/raft	10.040s
