Test (2C): basic persistence ...
002510 INFO S1: start leader election, term 1
002510 VOTE S1: term 1 send vote request to 2
002510 VOTE S1: term 1 send vote request to 0
002511 TERM S2: set new term 1
002511 VOTE S2: term 1 vote 1
002512 TERM S0: set new term 1
002512 VOTE S0: term 1 vote 1
002512 VOTE S1: reply from 2, term一致，且投给1
002512 LEAD S1: come to power, start to send heartbeat
002512 LEAD S1: prevLog &raft.Entry{Command:interface {}(nil), Term:0, Index:0}
002512 LEAD S1: prevLog &raft.Entry{Command:interface {}(nil), Term:0, Index:0}
002512 VOTE S1: reply from 0, term一致，且投给1
002513 INFO S2: (term 1) follower 收到 [1] AppendEntries [], prevIndex 0, prevTerm 0
002513 LEAD S1: 2 append success next 1 match 0
002513 INFO S0: (term 1) follower 收到 [1] AppendEntries [], prevIndex 0, prevTerm 0
002514 LEAD S1: 0 append success next 1 match 0
003012 LEAD S1: prevLog &raft.Entry{Command:interface {}(nil), Term:0, Index:0}
003012 LEAD S1: prevLog &raft.Entry{Command:interface {}(nil), Term:0, Index:0}
003013 INFO S0: (term 1) follower 收到 [1] AppendEntries [], prevIndex 0, prevTerm 0
003013 INFO S2: (term 1) follower 收到 [1] AppendEntries [], prevIndex 0, prevTerm 0
003013 LEAD S1: 0 append success next 1 match 0
003013 LEAD S1: 2 append success next 1 match 0
003514 LEAD S1: prevLog &raft.Entry{Command:interface {}(nil), Term:0, Index:0}
003514 LEAD S1: prevLog &raft.Entry{Command:interface {}(nil), Term:0, Index:0}
003515 INFO S2: (term 1) follower 收到 [1] AppendEntries [], prevIndex 0, prevTerm 0
003515 INFO S0: (term 1) follower 收到 [1] AppendEntries [], prevIndex 0, prevTerm 0
003515 LEAD S1: 2 append success next 1 match 0
003516 LEAD S1: 0 append success next 1 match 0
004016 LEAD S1: prevLog &raft.Entry{Command:interface {}(nil), Term:0, Index:0}
004016 LEAD S1: prevLog &raft.Entry{Command:interface {}(nil), Term:0, Index:0}
004017 INFO S2: (term 1) follower 收到 [1] AppendEntries [], prevIndex 0, prevTerm 0
004017 LEAD S1: 2 append success next 1 match 0
004017 INFO S0: (term 1) follower 收到 [1] AppendEntries [], prevIndex 0, prevTerm 0
004018 LEAD S1: 0 append success next 1 match 0
004518 LEAD S1: prevLog &raft.Entry{Command:interface {}(nil), Term:0, Index:0}
004519 LEAD S1: prevLog &raft.Entry{Command:interface {}(nil), Term:0, Index:0}
004519 INFO S2: (term 1) follower 收到 [1] AppendEntries [], prevIndex 0, prevTerm 0
004520 LEAD S1: 2 append success next 1 match 0
004520 INFO S0: (term 1) follower 收到 [1] AppendEntries [], prevIndex 0, prevTerm 0
004520 LEAD S1: 0 append success next 1 match 0
005020 LEAD S1: prevLog &raft.Entry{Command:interface {}(nil), Term:0, Index:0}
005020 LEAD S1: prevLog &raft.Entry{Command:interface {}(nil), Term:0, Index:0}
005021 INFO S0: (term 1) follower 收到 [1] AppendEntries [], prevIndex 0, prevTerm 0
005021 LEAD S1: 0 append success next 1 match 0
005021 INFO S2: (term 1) follower 收到 [1] AppendEntries [], prevIndex 0, prevTerm 0
005022 LEAD S1: 2 append success next 1 match 0
005523 LEAD S1: prevLog &raft.Entry{Command:interface {}(nil), Term:0, Index:0}
005523 LEAD S1: prevLog &raft.Entry{Command:interface {}(nil), Term:0, Index:0}
005524 INFO S2: (term 1) follower 收到 [1] AppendEntries [], prevIndex 0, prevTerm 0
005524 LEAD S1: 2 append success next 1 match 0
005524 INFO S0: (term 1) follower 收到 [1] AppendEntries [], prevIndex 0, prevTerm 0
005525 LEAD S1: 0 append success next 1 match 0
006025 LEAD S1: prevLog &raft.Entry{Command:interface {}(nil), Term:0, Index:0}
006025 LEAD S1: prevLog &raft.Entry{Command:interface {}(nil), Term:0, Index:0}
006026 INFO S0: (term 1) follower 收到 [1] AppendEntries [], prevIndex 0, prevTerm 0
006026 INFO S2: (term 1) follower 收到 [1] AppendEntries [], prevIndex 0, prevTerm 0
006026 LEAD S1: 2 append success next 1 match 0
006026 LEAD S1: 0 append success next 1 match 0
006526 LEAD S1: prevLog &raft.Entry{Command:interface {}(nil), Term:0, Index:0}
006527 LEAD S1: prevLog &raft.Entry{Command:interface {}(nil), Term:0, Index:0}
006527 INFO S0: (term 1) follower 收到 [1] AppendEntries [], prevIndex 0, prevTerm 0
006528 INFO S2: (term 1) follower 收到 [1] AppendEntries [], prevIndex 0, prevTerm 0
006528 LEAD S1: 0 append success next 1 match 0
006528 LEAD S1: 2 append success next 1 match 0
007029 LEAD S1: prevLog &raft.Entry{Command:interface {}(nil), Term:0, Index:0}
007029 LEAD S1: prevLog &raft.Entry{Command:interface {}(nil), Term:0, Index:0}
007030 INFO S0: (term 1) follower 收到 [1] AppendEntries [], prevIndex 0, prevTerm 0
007030 LEAD S1: 0 append success next 1 match 0
007030 INFO S2: (term 1) follower 收到 [1] AppendEntries [], prevIndex 0, prevTerm 0
007031 LEAD S1: 2 append success next 1 match 0
007531 LEAD S1: prevLog &raft.Entry{Command:interface {}(nil), Term:0, Index:0}
007532 LEAD S1: prevLog &raft.Entry{Command:interface {}(nil), Term:0, Index:0}
007533 INFO S2: (term 1) follower 收到 [1] AppendEntries [], prevIndex 0, prevTerm 0
007533 LEAD S1: 2 append success next 1 match 0
007533 INFO S0: (term 1) follower 收到 [1] AppendEntries [], prevIndex 0, prevTerm 0
007534 LEAD S1: 0 append success next 1 match 0
008035 LEAD S1: prevLog &raft.Entry{Command:interface {}(nil), Term:0, Index:0}
008035 LEAD S1: prevLog &raft.Entry{Command:interface {}(nil), Term:0, Index:0}
008036 INFO S2: (term 1) follower 收到 [1] AppendEntries [], prevIndex 0, prevTerm 0
008037 INFO S0: (term 1) follower 收到 [1] AppendEntries [], prevIndex 0, prevTerm 0
008037 LEAD S1: 2 append success next 1 match 0
008037 LEAD S1: 0 append success next 1 match 0
008536 LEAD S1: prevLog &raft.Entry{Command:interface {}(nil), Term:0, Index:0}
008537 LEAD S1: prevLog &raft.Entry{Command:interface {}(nil), Term:0, Index:0}
008538 INFO S2: (term 1) follower 收到 [1] AppendEntries [], prevIndex 0, prevTerm 0
008538 LEAD S1: 2 append success next 1 match 0
008538 INFO S0: (term 1) follower 收到 [1] AppendEntries [], prevIndex 0, prevTerm 0
008539 LEAD S1: 0 append success next 1 match 0
009039 LEAD S1: prevLog &raft.Entry{Command:interface {}(nil), Term:0, Index:0}
009039 LEAD S1: prevLog &raft.Entry{Command:interface {}(nil), Term:0, Index:0}
009040 INFO S0: (term 1) follower 收到 [1] AppendEntries [], prevIndex 0, prevTerm 0
009041 INFO S2: (term 1) follower 收到 [1] AppendEntries [], prevIndex 0, prevTerm 0
009041 LEAD S1: 0 append success next 1 match 0
009041 LEAD S1: 2 append success next 1 match 0
009541 LEAD S1: prevLog &raft.Entry{Command:interface {}(nil), Term:0, Index:0}
009541 LEAD S1: prevLog &raft.Entry{Command:interface {}(nil), Term:0, Index:0}
009542 INFO S2: (term 1) follower 收到 [1] AppendEntries [], prevIndex 0, prevTerm 0
009542 LEAD S1: 2 append success next 1 match 0
009542 INFO S0: (term 1) follower 收到 [1] AppendEntries [], prevIndex 0, prevTerm 0
009543 LEAD S1: 0 append success next 1 match 0
010043 LEAD S1: prevLog &raft.Entry{Command:interface {}(nil), Term:0, Index:0}
010043 LEAD S1: prevLog &raft.Entry{Command:interface {}(nil), Term:0, Index:0}
010044 INFO S0: (term 1) follower 收到 [1] AppendEntries [], prevIndex 0, prevTerm 0
010044 LEAD S1: 0 append success next 1 match 0
010045 INFO S2: (term 1) follower 收到 [1] AppendEntries [], prevIndex 0, prevTerm 0
010045 LEAD S1: 2 append success next 1 match 0
010546 LEAD S1: prevLog &raft.Entry{Command:interface {}(nil), Term:0, Index:0}
010546 LEAD S1: prevLog &raft.Entry{Command:interface {}(nil), Term:0, Index:0}
010547 INFO S0: (term 1) follower 收到 [1] AppendEntries [], prevIndex 0, prevTerm 0
010547 INFO S2: (term 1) follower 收到 [1] AppendEntries [], prevIndex 0, prevTerm 0
010547 LEAD S1: 2 append success next 1 match 0
010547 LEAD S1: 0 append success next 1 match 0
011048 LEAD S1: prevLog &raft.Entry{Command:interface {}(nil), Term:0, Index:0}
011048 LEAD S1: prevLog &raft.Entry{Command:interface {}(nil), Term:0, Index:0}
011049 INFO S0: (term 1) follower 收到 [1] AppendEntries [], prevIndex 0, prevTerm 0
011049 LEAD S1: 0 append success next 1 match 0
011050 INFO S2: (term 1) follower 收到 [1] AppendEntries [], prevIndex 0, prevTerm 0
011050 LEAD S1: 2 append success next 1 match 0
011549 LEAD S1: prevLog &raft.Entry{Command:interface {}(nil), Term:0, Index:0}
011550 LEAD S1: prevLog &raft.Entry{Command:interface {}(nil), Term:0, Index:0}
011551 INFO S2: (term 1) follower 收到 [1] AppendEntries [], prevIndex 0, prevTerm 0
011551 INFO S0: (term 1) follower 收到 [1] AppendEntries [], prevIndex 0, prevTerm 0
011551 LEAD S1: 2 append success next 1 match 0
011552 LEAD S1: 0 append success next 1 match 0
012052 LEAD S1: prevLog &raft.Entry{Command:interface {}(nil), Term:0, Index:0}
012052 LEAD S1: prevLog &raft.Entry{Command:interface {}(nil), Term:0, Index:0}
012053 INFO S2: (term 1) follower 收到 [1] AppendEntries [], prevIndex 0, prevTerm 0
012053 LEAD S1: 2 append success next 1 match 0
012054 INFO S0: (term 1) follower 收到 [1] AppendEntries [], prevIndex 0, prevTerm 0
012054 LEAD S1: 0 append success next 1 match 0
012555 LEAD S1: prevLog &raft.Entry{Command:interface {}(nil), Term:0, Index:0}
012555 LEAD S1: prevLog &raft.Entry{Command:interface {}(nil), Term:0, Index:0}
012556 INFO S2: (term 1) follower 收到 [1] AppendEntries [], prevIndex 0, prevTerm 0
012556 LEAD S1: 2 append success next 1 match 0
012556 INFO S0: (term 1) follower 收到 [1] AppendEntries [], prevIndex 0, prevTerm 0
012557 LEAD S1: 0 append success next 1 match 0
013057 LEAD S1: prevLog &raft.Entry{Command:interface {}(nil), Term:0, Index:0}
013057 LEAD S1: prevLog &raft.Entry{Command:interface {}(nil), Term:0, Index:0}
013058 INFO S2: (term 1) follower 收到 [1] AppendEntries [], prevIndex 0, prevTerm 0
013058 LEAD S1: 2 append success next 1 match 0
013059 INFO S0: (term 1) follower 收到 [1] AppendEntries [], prevIndex 0, prevTerm 0
013059 LEAD S1: 0 append success next 1 match 0
013560 LEAD S1: prevLog &raft.Entry{Command:interface {}(nil), Term:0, Index:0}
013560 LEAD S1: prevLog &raft.Entry{Command:interface {}(nil), Term:0, Index:0}
013561 INFO S0: (term 1) follower 收到 [1] AppendEntries [], prevIndex 0, prevTerm 0
013562 INFO S2: (term 1) follower 收到 [1] AppendEntries [], prevIndex 0, prevTerm 0
013562 LEAD S1: 0 append success next 1 match 0
013562 LEAD S1: 2 append success next 1 match 0
014062 LEAD S1: prevLog &raft.Entry{Command:interface {}(nil), Term:0, Index:0}
014062 LEAD S1: prevLog &raft.Entry{Command:interface {}(nil), Term:0, Index:0}
014063 INFO S0: (term 1) follower 收到 [1] AppendEntries [], prevIndex 0, prevTerm 0
014063 INFO S2: (term 1) follower 收到 [1] AppendEntries [], prevIndex 0, prevTerm 0
014063 LEAD S1: 0 append success next 1 match 0
014063 LEAD S1: 2 append success next 1 match 0
014564 LEAD S1: prevLog &raft.Entry{Command:interface {}(nil), Term:0, Index:0}
014564 LEAD S1: prevLog &raft.Entry{Command:interface {}(nil), Term:0, Index:0}
014565 INFO S2: (term 1) follower 收到 [1] AppendEntries [], prevIndex 0, prevTerm 0
014565 INFO S0: (term 1) follower 收到 [1] AppendEntries [], prevIndex 0, prevTerm 0
014566 LEAD S1: 2 append success next 1 match 0
014566 LEAD S1: 0 append success next 1 match 0
015066 LEAD S1: prevLog &raft.Entry{Command:interface {}(nil), Term:0, Index:0}
015067 LEAD S1: prevLog &raft.Entry{Command:interface {}(nil), Term:0, Index:0}
015067 INFO S2: (term 1) follower 收到 [1] AppendEntries [], prevIndex 0, prevTerm 0
015068 LEAD S1: 2 append success next 1 match 0
015068 INFO S0: (term 1) follower 收到 [1] AppendEntries [], prevIndex 0, prevTerm 0
015068 LEAD S1: 0 append success next 1 match 0
015569 LEAD S1: prevLog &raft.Entry{Command:interface {}(nil), Term:0, Index:0}
015569 LEAD S1: prevLog &raft.Entry{Command:interface {}(nil), Term:0, Index:0}
015570 INFO S2: (term 1) follower 收到 [1] AppendEntries [], prevIndex 0, prevTerm 0
015570 LEAD S1: 2 append success next 1 match 0
015571 INFO S0: (term 1) follower 收到 [1] AppendEntries [], prevIndex 0, prevTerm 0
015571 LEAD S1: 0 append success next 1 match 0
016071 LEAD S1: prevLog &raft.Entry{Command:interface {}(nil), Term:0, Index:0}
016072 LEAD S1: prevLog &raft.Entry{Command:interface {}(nil), Term:0, Index:0}
016072 INFO S2: (term 1) follower 收到 [1] AppendEntries [], prevIndex 0, prevTerm 0
016073 LEAD S1: 2 append success next 1 match 0
016073 INFO S0: (term 1) follower 收到 [1] AppendEntries [], prevIndex 0, prevTerm 0
016074 LEAD S1: 0 append success next 1 match 0
016574 LEAD S1: prevLog &raft.Entry{Command:interface {}(nil), Term:0, Index:0}
016574 LEAD S1: prevLog &raft.Entry{Command:interface {}(nil), Term:0, Index:0}
016575 INFO S2: (term 1) follower 收到 [1] AppendEntries [], prevIndex 0, prevTerm 0
016575 LEAD S1: 2 append success next 1 match 0
016575 INFO S0: (term 1) follower 收到 [1] AppendEntries [], prevIndex 0, prevTerm 0
016576 LEAD S1: 0 append success next 1 match 0
017076 LEAD S1: prevLog &raft.Entry{Command:interface {}(nil), Term:0, Index:0}
017077 LEAD S1: prevLog &raft.Entry{Command:interface {}(nil), Term:0, Index:0}
017077 INFO S2: (term 1) follower 收到 [1] AppendEntries [], prevIndex 0, prevTerm 0
017078 LEAD S1: 2 append success next 1 match 0
017078 INFO S0: (term 1) follower 收到 [1] AppendEntries [], prevIndex 0, prevTerm 0
017078 LEAD S1: 0 append success next 1 match 0
017580 LEAD S1: prevLog &raft.Entry{Command:interface {}(nil), Term:0, Index:0}
017580 LEAD S1: prevLog &raft.Entry{Command:interface {}(nil), Term:0, Index:0}
017581 INFO S2: (term 1) follower 收到 [1] AppendEntries [], prevIndex 0, prevTerm 0
017581 LEAD S1: 2 append success next 1 match 0
017581 INFO S0: (term 1) follower 收到 [1] AppendEntries [], prevIndex 0, prevTerm 0
017582 LEAD S1: 0 append success next 1 match 0
018082 LEAD S1: prevLog &raft.Entry{Command:interface {}(nil), Term:0, Index:0}
018082 LEAD S1: prevLog &raft.Entry{Command:interface {}(nil), Term:0, Index:0}
018083 INFO S0: (term 1) follower 收到 [1] AppendEntries [], prevIndex 0, prevTerm 0
018083 INFO S2: (term 1) follower 收到 [1] AppendEntries [], prevIndex 0, prevTerm 0
018083 LEAD S1: 0 append success next 1 match 0
018083 LEAD S1: 2 append success next 1 match 0
018584 LEAD S1: prevLog &raft.Entry{Command:interface {}(nil), Term:0, Index:0}
018584 LEAD S1: prevLog &raft.Entry{Command:interface {}(nil), Term:0, Index:0}
018585 INFO S0: (term 1) follower 收到 [1] AppendEntries [], prevIndex 0, prevTerm 0
018585 INFO S2: (term 1) follower 收到 [1] AppendEntries [], prevIndex 0, prevTerm 0
018586 LEAD S1: 0 append success next 1 match 0
018586 LEAD S1: 2 append success next 1 match 0
019086 LEAD S1: prevLog &raft.Entry{Command:interface {}(nil), Term:0, Index:0}
019086 LEAD S1: prevLog &raft.Entry{Command:interface {}(nil), Term:0, Index:0}
019087 INFO S2: (term 1) follower 收到 [1] AppendEntries [], prevIndex 0, prevTerm 0
019088 LEAD S1: 2 append success next 1 match 0
019088 INFO S0: (term 1) follower 收到 [1] AppendEntries [], prevIndex 0, prevTerm 0
019088 LEAD S1: 0 append success next 1 match 0
019589 LEAD S1: prevLog &raft.Entry{Command:interface {}(nil), Term:0, Index:0}
019589 LEAD S1: prevLog &raft.Entry{Command:interface {}(nil), Term:0, Index:0}
019590 INFO S2: (term 1) follower 收到 [1] AppendEntries [], prevIndex 0, prevTerm 0
019590 LEAD S1: 2 append success next 1 match 0
019590 INFO S0: (term 1) follower 收到 [1] AppendEntries [], prevIndex 0, prevTerm 0
019591 LEAD S1: 0 append success next 1 match 0
020091 LEAD S1: prevLog &raft.Entry{Command:interface {}(nil), Term:0, Index:0}
020092 LEAD S1: prevLog &raft.Entry{Command:interface {}(nil), Term:0, Index:0}
020093 INFO S2: (term 1) follower 收到 [1] AppendEntries [], prevIndex 0, prevTerm 0
020093 LEAD S1: 2 append success next 1 match 0
020093 INFO S0: (term 1) follower 收到 [1] AppendEntries [], prevIndex 0, prevTerm 0
020094 LEAD S1: 0 append success next 1 match 0
020594 LEAD S1: prevLog &raft.Entry{Command:interface {}(nil), Term:0, Index:0}
020594 LEAD S1: prevLog &raft.Entry{Command:interface {}(nil), Term:0, Index:0}
020595 INFO S2: (term 1) follower 收到 [1] AppendEntries [], prevIndex 0, prevTerm 0
020596 LEAD S1: 2 append success next 1 match 0
020596 INFO S0: (term 1) follower 收到 [1] AppendEntries [], prevIndex 0, prevTerm 0
020596 LEAD S1: 0 append success next 1 match 0
021097 LEAD S1: prevLog &raft.Entry{Command:interface {}(nil), Term:0, Index:0}
021097 LEAD S1: prevLog &raft.Entry{Command:interface {}(nil), Term:0, Index:0}
021098 INFO S2: (term 1) follower 收到 [1] AppendEntries [], prevIndex 0, prevTerm 0
021098 LEAD S1: 2 append success next 1 match 0
021098 INFO S0: (term 1) follower 收到 [1] AppendEntries [], prevIndex 0, prevTerm 0
021099 LEAD S1: 0 append success next 1 match 0
021598 LEAD S1: prevLog &raft.Entry{Command:interface {}(nil), Term:0, Index:0}
021599 LEAD S1: prevLog &raft.Entry{Command:interface {}(nil), Term:0, Index:0}
021599 INFO S2: (term 1) follower 收到 [1] AppendEntries [], prevIndex 0, prevTerm 0
021600 LEAD S1: 2 append success next 1 match 0
021600 INFO S0: (term 1) follower 收到 [1] AppendEntries [], prevIndex 0, prevTerm 0
021600 LEAD S1: 0 append success next 1 match 0
022101 LEAD S1: prevLog &raft.Entry{Command:interface {}(nil), Term:0, Index:0}
022101 LEAD S1: prevLog &raft.Entry{Command:interface {}(nil), Term:0, Index:0}
022102 INFO S2: (term 1) follower 收到 [1] AppendEntries [], prevIndex 0, prevTerm 0
022102 LEAD S1: 2 append success next 1 match 0
022103 INFO S0: (term 1) follower 收到 [1] AppendEntries [], prevIndex 0, prevTerm 0
022103 LEAD S1: 0 append success next 1 match 0
022604 LEAD S1: prevLog &raft.Entry{Command:interface {}(nil), Term:0, Index:0}
022604 LEAD S1: prevLog &raft.Entry{Command:interface {}(nil), Term:0, Index:0}
022605 INFO S2: (term 1) follower 收到 [1] AppendEntries [], prevIndex 0, prevTerm 0
022605 LEAD S1: 2 append success next 1 match 0
022605 INFO S0: (term 1) follower 收到 [1] AppendEntries [], prevIndex 0, prevTerm 0
022606 LEAD S1: 0 append success next 1 match 0
023107 LEAD S1: prevLog &raft.Entry{Command:interface {}(nil), Term:0, Index:0}
023107 LEAD S1: prevLog &raft.Entry{Command:interface {}(nil), Term:0, Index:0}
023107 INFO S2: (term 1) follower 收到 [1] AppendEntries [], prevIndex 0, prevTerm 0
023108 LEAD S1: 2 append success next 1 match 0
023108 INFO S0: (term 1) follower 收到 [1] AppendEntries [], prevIndex 0, prevTerm 0
023109 LEAD S1: 0 append success next 1 match 0
023609 LEAD S1: prevLog &raft.Entry{Command:interface {}(nil), Term:0, Index:0}
023609 LEAD S1: prevLog &raft.Entry{Command:interface {}(nil), Term:0, Index:0}
023611 INFO S2: (term 1) follower 收到 [1] AppendEntries [], prevIndex 0, prevTerm 0
023611 LEAD S1: 2 append success next 1 match 0
023612 INFO S0: (term 1) follower 收到 [1] AppendEntries [], prevIndex 0, prevTerm 0
023613 LEAD S1: 0 append success next 1 match 0
024112 LEAD S1: prevLog &raft.Entry{Command:interface {}(nil), Term:0, Index:0}
024112 LEAD S1: prevLog &raft.Entry{Command:interface {}(nil), Term:0, Index:0}
024113 INFO S0: (term 1) follower 收到 [1] AppendEntries [], prevIndex 0, prevTerm 0
024113 INFO S2: (term 1) follower 收到 [1] AppendEntries [], prevIndex 0, prevTerm 0
024113 LEAD S1: 2 append success next 1 match 0
024113 LEAD S1: 0 append success next 1 match 0
024614 LEAD S1: prevLog &raft.Entry{Command:interface {}(nil), Term:0, Index:0}
024614 LEAD S1: prevLog &raft.Entry{Command:interface {}(nil), Term:0, Index:0}
024615 INFO S2: (term 1) follower 收到 [1] AppendEntries [], prevIndex 0, prevTerm 0
024615 LEAD S1: 2 append success next 1 match 0
024615 INFO S0: (term 1) follower 收到 [1] AppendEntries [], prevIndex 0, prevTerm 0
024616 LEAD S1: 0 append success next 1 match 0
025118 LEAD S1: prevLog &raft.Entry{Command:interface {}(nil), Term:0, Index:0}
025119 LEAD S1: prevLog &raft.Entry{Command:interface {}(nil), Term:0, Index:0}
025120 INFO S2: (term 1) follower 收到 [1] AppendEntries [], prevIndex 0, prevTerm 0
025121 LEAD S1: 2 append success next 1 match 0
025122 INFO S0: (term 1) follower 收到 [1] AppendEntries [], prevIndex 0, prevTerm 0
025124 LEAD S1: 0 append success next 1 match 0
025621 LEAD S1: prevLog &raft.Entry{Command:interface {}(nil), Term:0, Index:0}
025622 LEAD S1: prevLog &raft.Entry{Command:interface {}(nil), Term:0, Index:0}
025622 INFO S2: (term 1) follower 收到 [1] AppendEntries [], prevIndex 0, prevTerm 0
025623 INFO S0: (term 1) follower 收到 [1] AppendEntries [], prevIndex 0, prevTerm 0
025623 LEAD S1: 2 append success next 1 match 0
025623 LEAD S1: 0 append success next 1 match 0
026124 LEAD S1: prevLog &raft.Entry{Command:interface {}(nil), Term:0, Index:0}
026125 LEAD S1: prevLog &raft.Entry{Command:interface {}(nil), Term:0, Index:0}
026125 INFO S2: (term 1) follower 收到 [1] AppendEntries [], prevIndex 0, prevTerm 0
026126 LEAD S1: 2 append success next 1 match 0
026126 INFO S0: (term 1) follower 收到 [1] AppendEntries [], prevIndex 0, prevTerm 0
026126 LEAD S1: 0 append success next 1 match 0
026627 LEAD S1: prevLog &raft.Entry{Command:interface {}(nil), Term:0, Index:0}
026627 LEAD S1: prevLog &raft.Entry{Command:interface {}(nil), Term:0, Index:0}
026628 INFO S2: (term 1) follower 收到 [1] AppendEntries [], prevIndex 0, prevTerm 0
026628 INFO S0: (term 1) follower 收到 [1] AppendEntries [], prevIndex 0, prevTerm 0
026629 LEAD S1: 2 append success next 1 match 0
026629 LEAD S1: 0 append success next 1 match 0
027129 LEAD S1: prevLog &raft.Entry{Command:interface {}(nil), Term:0, Index:0}
027129 LEAD S1: prevLog &raft.Entry{Command:interface {}(nil), Term:0, Index:0}
027130 INFO S2: (term 1) follower 收到 [1] AppendEntries [], prevIndex 0, prevTerm 0
027131 LEAD S1: 2 append success next 1 match 0
027131 INFO S0: (term 1) follower 收到 [1] AppendEntries [], prevIndex 0, prevTerm 0
027131 LEAD S1: 0 append success next 1 match 0
027632 LEAD S1: prevLog &raft.Entry{Command:interface {}(nil), Term:0, Index:0}
027633 LEAD S1: prevLog &raft.Entry{Command:interface {}(nil), Term:0, Index:0}
027633 INFO S2: (term 1) follower 收到 [1] AppendEntries [], prevIndex 0, prevTerm 0
027634 INFO S0: (term 1) follower 收到 [1] AppendEntries [], prevIndex 0, prevTerm 0
027634 LEAD S1: 2 append success next 1 match 0
027634 LEAD S1: 0 append success next 1 match 0
028135 LEAD S1: prevLog &raft.Entry{Command:interface {}(nil), Term:0, Index:0}
028136 LEAD S1: prevLog &raft.Entry{Command:interface {}(nil), Term:0, Index:0}
028136 INFO S2: (term 1) follower 收到 [1] AppendEntries [], prevIndex 0, prevTerm 0
028136 LEAD S1: 2 append success next 1 match 0
028137 INFO S0: (term 1) follower 收到 [1] AppendEntries [], prevIndex 0, prevTerm 0
028137 LEAD S1: 0 append success next 1 match 0
028638 LEAD S1: prevLog &raft.Entry{Command:interface {}(nil), Term:0, Index:0}
028638 LEAD S1: prevLog &raft.Entry{Command:interface {}(nil), Term:0, Index:0}
028639 INFO S2: (term 1) follower 收到 [1] AppendEntries [], prevIndex 0, prevTerm 0
028640 LEAD S1: 2 append success next 1 match 0
028640 INFO S0: (term 1) follower 收到 [1] AppendEntries [], prevIndex 0, prevTerm 0
028641 LEAD S1: 0 append success next 1 match 0
029141 LEAD S1: prevLog &raft.Entry{Command:interface {}(nil), Term:0, Index:0}
029141 LEAD S1: prevLog &raft.Entry{Command:interface {}(nil), Term:0, Index:0}
029142 INFO S2: (term 1) follower 收到 [1] AppendEntries [], prevIndex 0, prevTerm 0
029142 LEAD S1: 2 append success next 1 match 0
029143 INFO S0: (term 1) follower 收到 [1] AppendEntries [], prevIndex 0, prevTerm 0
029143 LEAD S1: 0 append success next 1 match 0
029643 LEAD S1: prevLog &raft.Entry{Command:interface {}(nil), Term:0, Index:0}
029644 LEAD S1: prevLog &raft.Entry{Command:interface {}(nil), Term:0, Index:0}
029644 INFO S2: (term 1) follower 收到 [1] AppendEntries [], prevIndex 0, prevTerm 0
029645 LEAD S1: 2 append success next 1 match 0
029645 INFO S0: (term 1) follower 收到 [1] AppendEntries [], prevIndex 0, prevTerm 0
029645 LEAD S1: 0 append success next 1 match 0
030146 LEAD S1: prevLog &raft.Entry{Command:interface {}(nil), Term:0, Index:0}
030146 LEAD S1: prevLog &raft.Entry{Command:interface {}(nil), Term:0, Index:0}
030148 INFO S2: (term 1) follower 收到 [1] AppendEntries [], prevIndex 0, prevTerm 0
030148 INFO S0: (term 1) follower 收到 [1] AppendEntries [], prevIndex 0, prevTerm 0
030149 LEAD S1: 2 append success next 1 match 0
030150 LEAD S1: 0 append success next 1 match 0
030650 LEAD S1: prevLog &raft.Entry{Command:interface {}(nil), Term:0, Index:0}
030650 LEAD S1: prevLog &raft.Entry{Command:interface {}(nil), Term:0, Index:0}
030652 INFO S2: (term 1) follower 收到 [1] AppendEntries [], prevIndex 0, prevTerm 0
030653 LEAD S1: 2 append success next 1 match 0
030653 INFO S0: (term 1) follower 收到 [1] AppendEntries [], prevIndex 0, prevTerm 0
030655 LEAD S1: 0 append success next 1 match 0
031151 LEAD S1: prevLog &raft.Entry{Command:interface {}(nil), Term:0, Index:0}
031151 LEAD S1: prevLog &raft.Entry{Command:interface {}(nil), Term:0, Index:0}
031151 INFO S2: (term 1) follower 收到 [1] AppendEntries [], prevIndex 0, prevTerm 0
031152 LEAD S1: 2 append success next 1 match 0
031152 INFO S0: (term 1) follower 收到 [1] AppendEntries [], prevIndex 0, prevTerm 0
031153 LEAD S1: 0 append success next 1 match 0
031652 LEAD S1: prevLog &raft.Entry{Command:interface {}(nil), Term:0, Index:0}
031653 LEAD S1: prevLog &raft.Entry{Command:interface {}(nil), Term:0, Index:0}
031654 INFO S2: (term 1) follower 收到 [1] AppendEntries [], prevIndex 0, prevTerm 0
031654 INFO S0: (term 1) follower 收到 [1] AppendEntries [], prevIndex 0, prevTerm 0
031654 LEAD S1: 2 append success next 1 match 0
031655 LEAD S1: 0 append success next 1 match 0
032155 LEAD S1: prevLog &raft.Entry{Command:interface {}(nil), Term:0, Index:0}
032155 LEAD S1: prevLog &raft.Entry{Command:interface {}(nil), Term:0, Index:0}
032156 INFO S2: (term 1) follower 收到 [1] AppendEntries [], prevIndex 0, prevTerm 0
032156 LEAD S1: 2 append success next 1 match 0
032156 INFO S0: (term 1) follower 收到 [1] AppendEntries [], prevIndex 0, prevTerm 0
032157 LEAD S1: 0 append success next 1 match 0
032659 LEAD S1: prevLog &raft.Entry{Command:interface {}(nil), Term:0, Index:0}
032659 LEAD S1: prevLog &raft.Entry{Command:interface {}(nil), Term:0, Index:0}
032661 INFO S2: (term 1) follower 收到 [1] AppendEntries [], prevIndex 0, prevTerm 0
032662 LEAD S1: 2 append success next 1 match 0
032662 INFO S0: (term 1) follower 收到 [1] AppendEntries [], prevIndex 0, prevTerm 0
032663 LEAD S1: 0 append success next 1 match 0
033164 LEAD S1: prevLog &raft.Entry{Command:interface {}(nil), Term:0, Index:0}
033164 LEAD S1: prevLog &raft.Entry{Command:interface {}(nil), Term:0, Index:0}
033166 INFO S2: (term 1) follower 收到 [1] AppendEntries [], prevIndex 0, prevTerm 0
033167 INFO S0: (term 1) follower 收到 [1] AppendEntries [], prevIndex 0, prevTerm 0
033167 LEAD S1: 2 append success next 1 match 0
033168 LEAD S1: 0 append success next 1 match 0
033669 LEAD S1: prevLog &raft.Entry{Command:interface {}(nil), Term:0, Index:0}
033670 LEAD S1: prevLog &raft.Entry{Command:interface {}(nil), Term:0, Index:0}
033671 INFO S2: (term 1) follower 收到 [1] AppendEntries [], prevIndex 0, prevTerm 0
033672 LEAD S1: 2 append success next 1 match 0
033672 INFO S0: (term 1) follower 收到 [1] AppendEntries [], prevIndex 0, prevTerm 0
033674 LEAD S1: 0 append success next 1 match 0
034173 LEAD S1: prevLog &raft.Entry{Command:interface {}(nil), Term:0, Index:0}
034173 LEAD S1: prevLog &raft.Entry{Command:interface {}(nil), Term:0, Index:0}
034174 INFO S2: (term 1) follower 收到 [1] AppendEntries [], prevIndex 0, prevTerm 0
034174 LEAD S1: 2 append success next 1 match 0
034174 INFO S0: (term 1) follower 收到 [1] AppendEntries [], prevIndex 0, prevTerm 0
034175 LEAD S1: 0 append success next 1 match 0
034674 LEAD S1: prevLog &raft.Entry{Command:interface {}(nil), Term:0, Index:0}
034674 LEAD S1: prevLog &raft.Entry{Command:interface {}(nil), Term:0, Index:0}
034675 INFO S0: (term 1) follower 收到 [1] AppendEntries [], prevIndex 0, prevTerm 0
034675 INFO S2: (term 1) follower 收到 [1] AppendEntries [], prevIndex 0, prevTerm 0
034676 LEAD S1: 0 append success next 1 match 0
034676 LEAD S1: 2 append success next 1 match 0
035176 LEAD S1: prevLog &raft.Entry{Command:interface {}(nil), Term:0, Index:0}
035177 LEAD S1: prevLog &raft.Entry{Command:interface {}(nil), Term:0, Index:0}
035177 INFO S2: (term 1) follower 收到 [1] AppendEntries [], prevIndex 0, prevTerm 0
035178 INFO S0: (term 1) follower 收到 [1] AppendEntries [], prevIndex 0, prevTerm 0
035178 LEAD S1: 2 append success next 1 match 0
035180 LEAD S1: 0 append success next 1 match 0
035679 LEAD S1: prevLog &raft.Entry{Command:interface {}(nil), Term:0, Index:0}
035679 LEAD S1: prevLog &raft.Entry{Command:interface {}(nil), Term:0, Index:0}
035680 INFO S2: (term 1) follower 收到 [1] AppendEntries [], prevIndex 0, prevTerm 0
035680 LEAD S1: 2 append success next 1 match 0
035680 INFO S0: (term 1) follower 收到 [1] AppendEntries [], prevIndex 0, prevTerm 0
035681 LEAD S1: 0 append success next 1 match 0
036181 LEAD S1: prevLog &raft.Entry{Command:interface {}(nil), Term:0, Index:0}
036181 LEAD S1: prevLog &raft.Entry{Command:interface {}(nil), Term:0, Index:0}
036182 INFO S2: (term 1) follower 收到 [1] AppendEntries [], prevIndex 0, prevTerm 0
036182 LEAD S1: 2 append success next 1 match 0
036182 INFO S0: (term 1) follower 收到 [1] AppendEntries [], prevIndex 0, prevTerm 0
036183 LEAD S1: 0 append success next 1 match 0
036683 LEAD S1: prevLog &raft.Entry{Command:interface {}(nil), Term:0, Index:0}
036684 LEAD S1: prevLog &raft.Entry{Command:interface {}(nil), Term:0, Index:0}
036684 INFO S2: (term 1) follower 收到 [1] AppendEntries [], prevIndex 0, prevTerm 0
036685 LEAD S1: 2 append success next 1 match 0
036685 INFO S0: (term 1) follower 收到 [1] AppendEntries [], prevIndex 0, prevTerm 0
036685 LEAD S1: 0 append success next 1 match 0
037185 LEAD S1: prevLog &raft.Entry{Command:interface {}(nil), Term:0, Index:0}
037186 LEAD S1: prevLog &raft.Entry{Command:interface {}(nil), Term:0, Index:0}
037186 INFO S0: (term 1) follower 收到 [1] AppendEntries [], prevIndex 0, prevTerm 0
037186 LEAD S1: 0 append success next 1 match 0
037187 INFO S2: (term 1) follower 收到 [1] AppendEntries [], prevIndex 0, prevTerm 0
037187 LEAD S1: 2 append success next 1 match 0
037688 LEAD S1: prevLog &raft.Entry{Command:interface {}(nil), Term:0, Index:0}
037688 LEAD S1: prevLog &raft.Entry{Command:interface {}(nil), Term:0, Index:0}
037689 INFO S0: (term 1) follower 收到 [1] AppendEntries [], prevIndex 0, prevTerm 0
037689 INFO S2: (term 1) follower 收到 [1] AppendEntries [], prevIndex 0, prevTerm 0
037689 LEAD S1: 2 append success next 1 match 0
037689 LEAD S1: 0 append success next 1 match 0
038190 LEAD S1: prevLog &raft.Entry{Command:interface {}(nil), Term:0, Index:0}
038190 LEAD S1: prevLog &raft.Entry{Command:interface {}(nil), Term:0, Index:0}
038191 INFO S0: (term 1) follower 收到 [1] AppendEntries [], prevIndex 0, prevTerm 0
038191 INFO S2: (term 1) follower 收到 [1] AppendEntries [], prevIndex 0, prevTerm 0
038191 LEAD S1: 0 append success next 1 match 0
038192 LEAD S1: 2 append success next 1 match 0
038692 LEAD S1: prevLog &raft.Entry{Command:interface {}(nil), Term:0, Index:0}
038692 LEAD S1: prevLog &raft.Entry{Command:interface {}(nil), Term:0, Index:0}
038692 INFO S0: (term 1) follower 收到 [1] AppendEntries [], prevIndex 0, prevTerm 0
038693 LEAD S1: 0 append success next 1 match 0
038693 INFO S2: (term 1) follower 收到 [1] AppendEntries [], prevIndex 0, prevTerm 0
038693 LEAD S1: 2 append success next 1 match 0
039194 LEAD S1: prevLog &raft.Entry{Command:interface {}(nil), Term:0, Index:0}
039195 LEAD S1: prevLog &raft.Entry{Command:interface {}(nil), Term:0, Index:0}
039195 INFO S2: (term 1) follower 收到 [1] AppendEntries [], prevIndex 0, prevTerm 0
039196 LEAD S1: 2 append success next 1 match 0
039196 INFO S0: (term 1) follower 收到 [1] AppendEntries [], prevIndex 0, prevTerm 0
039196 LEAD S1: 0 append success next 1 match 0
039696 LEAD S1: prevLog &raft.Entry{Command:interface {}(nil), Term:0, Index:0}
039697 LEAD S1: prevLog &raft.Entry{Command:interface {}(nil), Term:0, Index:0}
039697 INFO S2: (term 1) follower 收到 [1] AppendEntries [], prevIndex 0, prevTerm 0
039697 INFO S0: (term 1) follower 收到 [1] AppendEntries [], prevIndex 0, prevTerm 0
039698 LEAD S1: 0 append success next 1 match 0
039698 LEAD S1: 2 append success next 1 match 0
040199 LEAD S1: prevLog &raft.Entry{Command:interface {}(nil), Term:0, Index:0}
040199 LEAD S1: prevLog &raft.Entry{Command:interface {}(nil), Term:0, Index:0}
040199 INFO S2: (term 1) follower 收到 [1] AppendEntries [], prevIndex 0, prevTerm 0
040200 LEAD S1: 2 append success next 1 match 0
040200 INFO S0: (term 1) follower 收到 [1] AppendEntries [], prevIndex 0, prevTerm 0
040200 LEAD S1: 0 append success next 1 match 0
040704 LEAD S1: prevLog &raft.Entry{Command:interface {}(nil), Term:0, Index:0}
040705 LEAD S1: prevLog &raft.Entry{Command:interface {}(nil), Term:0, Index:0}
040707 INFO S2: (term 1) follower 收到 [1] AppendEntries [], prevIndex 0, prevTerm 0
040707 INFO S0: (term 1) follower 收到 [1] AppendEntries [], prevIndex 0, prevTerm 0
040708 LEAD S1: 0 append success next 1 match 0
040708 LEAD S1: 2 append success next 1 match 0
041207 LEAD S1: prevLog &raft.Entry{Command:interface {}(nil), Term:0, Index:0}
041207 LEAD S1: prevLog &raft.Entry{Command:interface {}(nil), Term:0, Index:0}
041208 INFO S2: (term 1) follower 收到 [1] AppendEntries [], prevIndex 0, prevTerm 0
041208 LEAD S1: 2 append success next 1 match 0
041208 INFO S0: (term 1) follower 收到 [1] AppendEntries [], prevIndex 0, prevTerm 0
041209 LEAD S1: 0 append success next 1 match 0
041709 LEAD S1: prevLog &raft.Entry{Command:interface {}(nil), Term:0, Index:0}
041710 LEAD S1: prevLog &raft.Entry{Command:interface {}(nil), Term:0, Index:0}
041711 INFO S2: (term 1) follower 收到 [1] AppendEntries [], prevIndex 0, prevTerm 0
041711 LEAD S1: 2 append success next 1 match 0
041711 INFO S0: (term 1) follower 收到 [1] AppendEntries [], prevIndex 0, prevTerm 0
041711 LEAD S1: 0 append success next 1 match 0
042212 LEAD S1: prevLog &raft.Entry{Command:interface {}(nil), Term:0, Index:0}
042212 LEAD S1: prevLog &raft.Entry{Command:interface {}(nil), Term:0, Index:0}
042213 INFO S2: (term 1) follower 收到 [1] AppendEntries [], prevIndex 0, prevTerm 0
042213 LEAD S1: 2 append success next 1 match 0
042213 INFO S0: (term 1) follower 收到 [1] AppendEntries [], prevIndex 0, prevTerm 0
042214 LEAD S1: 0 append success next 1 match 0
042715 LEAD S1: prevLog &raft.Entry{Command:interface {}(nil), Term:0, Index:0}
042715 LEAD S1: prevLog &raft.Entry{Command:interface {}(nil), Term:0, Index:0}
042716 INFO S2: (term 1) follower 收到 [1] AppendEntries [], prevIndex 0, prevTerm 0
042716 LEAD S1: 2 append success next 1 match 0
042716 INFO S0: (term 1) follower 收到 [1] AppendEntries [], prevIndex 0, prevTerm 0
042716 LEAD S1: 0 append success next 1 match 0
043217 LEAD S1: prevLog &raft.Entry{Command:interface {}(nil), Term:0, Index:0}
043217 LEAD S1: prevLog &raft.Entry{Command:interface {}(nil), Term:0, Index:0}
043218 INFO S2: (term 1) follower 收到 [1] AppendEntries [], prevIndex 0, prevTerm 0
043218 LEAD S1: 2 append success next 1 match 0
043219 INFO S0: (term 1) follower 收到 [1] AppendEntries [], prevIndex 0, prevTerm 0
043219 LEAD S1: 0 append success next 1 match 0
043719 LEAD S1: prevLog &raft.Entry{Command:interface {}(nil), Term:0, Index:0}
043719 LEAD S1: prevLog &raft.Entry{Command:interface {}(nil), Term:0, Index:0}
043720 INFO S2: (term 1) follower 收到 [1] AppendEntries [], prevIndex 0, prevTerm 0
043721 LEAD S1: 2 append success next 1 match 0
043721 INFO S0: (term 1) follower 收到 [1] AppendEntries [], prevIndex 0, prevTerm 0
043721 LEAD S1: 0 append success next 1 match 0
044222 LEAD S1: prevLog &raft.Entry{Command:interface {}(nil), Term:0, Index:0}
044222 LEAD S1: prevLog &raft.Entry{Command:interface {}(nil), Term:0, Index:0}
044223 INFO S2: (term 1) follower 收到 [1] AppendEntries [], prevIndex 0, prevTerm 0
044224 LEAD S1: 2 append success next 1 match 0
044224 INFO S0: (term 1) follower 收到 [1] AppendEntries [], prevIndex 0, prevTerm 0
044224 LEAD S1: 0 append success next 1 match 0
044725 LEAD S1: prevLog &raft.Entry{Command:interface {}(nil), Term:0, Index:0}
044725 LEAD S1: prevLog &raft.Entry{Command:interface {}(nil), Term:0, Index:0}
044726 INFO S2: (term 1) follower 收到 [1] AppendEntries [], prevIndex 0, prevTerm 0
044726 INFO S0: (term 1) follower 收到 [1] AppendEntries [], prevIndex 0, prevTerm 0
044726 LEAD S1: 2 append success next 1 match 0
044726 LEAD S1: 0 append success next 1 match 0
045227 LEAD S1: prevLog &raft.Entry{Command:interface {}(nil), Term:0, Index:0}
045227 LEAD S1: prevLog &raft.Entry{Command:interface {}(nil), Term:0, Index:0}
045228 INFO S2: (term 1) follower 收到 [1] AppendEntries [], prevIndex 0, prevTerm 0
045228 LEAD S1: 2 append success next 1 match 0
045229 INFO S0: (term 1) follower 收到 [1] AppendEntries [], prevIndex 0, prevTerm 0
045229 LEAD S1: 0 append success next 1 match 0
045730 LEAD S1: prevLog &raft.Entry{Command:interface {}(nil), Term:0, Index:0}
045731 LEAD S1: prevLog &raft.Entry{Command:interface {}(nil), Term:0, Index:0}
045732 INFO S2: (term 1) follower 收到 [1] AppendEntries [], prevIndex 0, prevTerm 0
045732 INFO S0: (term 1) follower 收到 [1] AppendEntries [], prevIndex 0, prevTerm 0
045734 LEAD S1: 2 append success next 1 match 0
045734 LEAD S1: 0 append success next 1 match 0
046234 LEAD S1: prevLog &raft.Entry{Command:interface {}(nil), Term:0, Index:0}
046235 LEAD S1: prevLog &raft.Entry{Command:interface {}(nil), Term:0, Index:0}
046237 INFO S2: (term 1) follower 收到 [1] AppendEntries [], prevIndex 0, prevTerm 0
046238 LEAD S1: 2 append success next 1 match 0
046239 INFO S0: (term 1) follower 收到 [1] AppendEntries [], prevIndex 0, prevTerm 0
046241 LEAD S1: 0 append success next 1 match 0
046738 LEAD S1: prevLog &raft.Entry{Command:interface {}(nil), Term:0, Index:0}
046738 LEAD S1: prevLog &raft.Entry{Command:interface {}(nil), Term:0, Index:0}
046738 INFO S2: (term 1) follower 收到 [1] AppendEntries [], prevIndex 0, prevTerm 0
046739 INFO S0: (term 1) follower 收到 [1] AppendEntries [], prevIndex 0, prevTerm 0
046739 LEAD S1: 2 append success next 1 match 0
046739 LEAD S1: 0 append success next 1 match 0
047239 LEAD S1: prevLog &raft.Entry{Command:interface {}(nil), Term:0, Index:0}
047240 LEAD S1: prevLog &raft.Entry{Command:interface {}(nil), Term:0, Index:0}
047240 INFO S2: (term 1) follower 收到 [1] AppendEntries [], prevIndex 0, prevTerm 0
047240 INFO S0: (term 1) follower 收到 [1] AppendEntries [], prevIndex 0, prevTerm 0
047241 LEAD S1: 2 append success next 1 match 0
047241 LEAD S1: 0 append success next 1 match 0
047742 LEAD S1: prevLog &raft.Entry{Command:interface {}(nil), Term:0, Index:0}
047742 LEAD S1: prevLog &raft.Entry{Command:interface {}(nil), Term:0, Index:0}
047743 INFO S2: (term 1) follower 收到 [1] AppendEntries [], prevIndex 0, prevTerm 0
047743 LEAD S1: 2 append success next 1 match 0
047743 INFO S0: (term 1) follower 收到 [1] AppendEntries [], prevIndex 0, prevTerm 0
047744 LEAD S1: 0 append success next 1 match 0
048244 LEAD S1: prevLog &raft.Entry{Command:interface {}(nil), Term:0, Index:0}
048245 LEAD S1: prevLog &raft.Entry{Command:interface {}(nil), Term:0, Index:0}
048245 INFO S2: (term 1) follower 收到 [1] AppendEntries [], prevIndex 0, prevTerm 0
048246 LEAD S1: 2 append success next 1 match 0
048246 INFO S0: (term 1) follower 收到 [1] AppendEntries [], prevIndex 0, prevTerm 0
048247 LEAD S1: 0 append success next 1 match 0
048747 LEAD S1: prevLog &raft.Entry{Command:interface {}(nil), Term:0, Index:0}
048747 LEAD S1: prevLog &raft.Entry{Command:interface {}(nil), Term:0, Index:0}
048748 INFO S0: (term 1) follower 收到 [1] AppendEntries [], prevIndex 0, prevTerm 0
048748 INFO S2: (term 1) follower 收到 [1] AppendEntries [], prevIndex 0, prevTerm 0
048748 LEAD S1: 0 append success next 1 match 0
048748 LEAD S1: 2 append success next 1 match 0
049249 LEAD S1: prevLog &raft.Entry{Command:interface {}(nil), Term:0, Index:0}
049249 LEAD S1: prevLog &raft.Entry{Command:interface {}(nil), Term:0, Index:0}
049250 INFO S2: (term 1) follower 收到 [1] AppendEntries [], prevIndex 0, prevTerm 0
049250 LEAD S1: 2 append success next 1 match 0
049251 INFO S0: (term 1) follower 收到 [1] AppendEntries [], prevIndex 0, prevTerm 0
049252 LEAD S1: 0 append success next 1 match 0
049750 LEAD S1: prevLog &raft.Entry{Command:interface {}(nil), Term:0, Index:0}
049751 LEAD S1: prevLog &raft.Entry{Command:interface {}(nil), Term:0, Index:0}
049751 INFO S2: (term 1) follower 收到 [1] AppendEntries [], prevIndex 0, prevTerm 0
049752 LEAD S1: 2 append success next 1 match 0
049752 INFO S0: (term 1) follower 收到 [1] AppendEntries [], prevIndex 0, prevTerm 0
049752 LEAD S1: 0 append success next 1 match 0
050253 LEAD S1: prevLog &raft.Entry{Command:interface {}(nil), Term:0, Index:0}
050253 LEAD S1: prevLog &raft.Entry{Command:interface {}(nil), Term:0, Index:0}
050254 INFO S2: (term 1) follower 收到 [1] AppendEntries [], prevIndex 0, prevTerm 0
050254 LEAD S1: 2 append success next 1 match 0
050254 INFO S0: (term 1) follower 收到 [1] AppendEntries [], prevIndex 0, prevTerm 0
050255 LEAD S1: 0 append success next 1 match 0
050754 LEAD S1: prevLog &raft.Entry{Command:interface {}(nil), Term:0, Index:0}
050755 LEAD S1: prevLog &raft.Entry{Command:interface {}(nil), Term:0, Index:0}
050755 INFO S2: (term 1) follower 收到 [1] AppendEntries [], prevIndex 0, prevTerm 0
050756 LEAD S1: 2 append success next 1 match 0
050756 INFO S0: (term 1) follower 收到 [1] AppendEntries [], prevIndex 0, prevTerm 0
050756 LEAD S1: 0 append success next 1 match 0
051257 LEAD S1: prevLog &raft.Entry{Command:interface {}(nil), Term:0, Index:0}
051257 LEAD S1: prevLog &raft.Entry{Command:interface {}(nil), Term:0, Index:0}
051258 INFO S2: (term 1) follower 收到 [1] AppendEntries [], prevIndex 0, prevTerm 0
051258 LEAD S1: 2 append success next 1 match 0
051258 INFO S0: (term 1) follower 收到 [1] AppendEntries [], prevIndex 0, prevTerm 0
051259 LEAD S1: 0 append success next 1 match 0
051759 LEAD S1: prevLog &raft.Entry{Command:interface {}(nil), Term:0, Index:0}
051760 LEAD S1: prevLog &raft.Entry{Command:interface {}(nil), Term:0, Index:0}
051761 INFO S2: (term 1) follower 收到 [1] AppendEntries [], prevIndex 0, prevTerm 0
051761 INFO S0: (term 1) follower 收到 [1] AppendEntries [], prevIndex 0, prevTerm 0
051761 LEAD S1: 2 append success next 1 match 0
051761 LEAD S1: 0 append success next 1 match 0
052263 LEAD S1: prevLog &raft.Entry{Command:interface {}(nil), Term:0, Index:0}
052263 LEAD S1: prevLog &raft.Entry{Command:interface {}(nil), Term:0, Index:0}
052264 INFO S2: (term 1) follower 收到 [1] AppendEntries [], prevIndex 0, prevTerm 0
052264 LEAD S1: 2 append success next 1 match 0
052265 INFO S0: (term 1) follower 收到 [1] AppendEntries [], prevIndex 0, prevTerm 0
052265 LEAD S1: 0 append success next 1 match 0
052766 LEAD S1: prevLog &raft.Entry{Command:interface {}(nil), Term:0, Index:0}
052766 LEAD S1: prevLog &raft.Entry{Command:interface {}(nil), Term:0, Index:0}
052767 INFO S2: (term 1) follower 收到 [1] AppendEntries [], prevIndex 0, prevTerm 0
052767 LEAD S1: 2 append success next 1 match 0
052767 INFO S0: (term 1) follower 收到 [1] AppendEntries [], prevIndex 0, prevTerm 0
052768 LEAD S1: 0 append success next 1 match 0
053268 LEAD S1: prevLog &raft.Entry{Command:interface {}(nil), Term:0, Index:0}
053268 LEAD S1: prevLog &raft.Entry{Command:interface {}(nil), Term:0, Index:0}
053269 INFO S0: (term 1) follower 收到 [1] AppendEntries [], prevIndex 0, prevTerm 0
053269 INFO S2: (term 1) follower 收到 [1] AppendEntries [], prevIndex 0, prevTerm 0
053269 LEAD S1: 0 append success next 1 match 0
053269 LEAD S1: 2 append success next 1 match 0
053770 LEAD S1: prevLog &raft.Entry{Command:interface {}(nil), Term:0, Index:0}
053771 LEAD S1: prevLog &raft.Entry{Command:interface {}(nil), Term:0, Index:0}
053771 INFO S2: (term 1) follower 收到 [1] AppendEntries [], prevIndex 0, prevTerm 0
053772 LEAD S1: 2 append success next 1 match 0
053772 INFO S0: (term 1) follower 收到 [1] AppendEntries [], prevIndex 0, prevTerm 0
053772 LEAD S1: 0 append success next 1 match 0
054273 LEAD S1: prevLog &raft.Entry{Command:interface {}(nil), Term:0, Index:0}
054273 LEAD S1: prevLog &raft.Entry{Command:interface {}(nil), Term:0, Index:0}
054274 INFO S2: (term 1) follower 收到 [1] AppendEntries [], prevIndex 0, prevTerm 0
054274 LEAD S1: 2 append success next 1 match 0
054274 INFO S0: (term 1) follower 收到 [1] AppendEntries [], prevIndex 0, prevTerm 0
054275 LEAD S1: 0 append success next 1 match 0
054775 LEAD S1: prevLog &raft.Entry{Command:interface {}(nil), Term:0, Index:0}
054776 LEAD S1: prevLog &raft.Entry{Command:interface {}(nil), Term:0, Index:0}
054777 INFO S2: (term 1) follower 收到 [1] AppendEntries [], prevIndex 0, prevTerm 0
054777 INFO S0: (term 1) follower 收到 [1] AppendEntries [], prevIndex 0, prevTerm 0
054777 LEAD S1: 2 append success next 1 match 0
054777 LEAD S1: 0 append success next 1 match 0
055277 LEAD S1: prevLog &raft.Entry{Command:interface {}(nil), Term:0, Index:0}
055277 LEAD S1: prevLog &raft.Entry{Command:interface {}(nil), Term:0, Index:0}
055278 INFO S2: (term 1) follower 收到 [1] AppendEntries [], prevIndex 0, prevTerm 0
055278 LEAD S1: 2 append success next 1 match 0
055278 INFO S0: (term 1) follower 收到 [1] AppendEntries [], prevIndex 0, prevTerm 0
055279 LEAD S1: 0 append success next 1 match 0
055779 LEAD S1: prevLog &raft.Entry{Command:interface {}(nil), Term:0, Index:0}
055779 LEAD S1: prevLog &raft.Entry{Command:interface {}(nil), Term:0, Index:0}
055780 INFO S0: (term 1) follower 收到 [1] AppendEntries [], prevIndex 0, prevTerm 0
055780 INFO S2: (term 1) follower 收到 [1] AppendEntries [], prevIndex 0, prevTerm 0
055780 LEAD S1: 0 append success next 1 match 0
055781 LEAD S1: 2 append success next 1 match 0
056281 LEAD S1: prevLog &raft.Entry{Command:interface {}(nil), Term:0, Index:0}
056282 LEAD S1: prevLog &raft.Entry{Command:interface {}(nil), Term:0, Index:0}
056283 INFO S2: (term 1) follower 收到 [1] AppendEntries [], prevIndex 0, prevTerm 0
056284 LEAD S1: 2 append success next 1 match 0
056284 INFO S0: (term 1) follower 收到 [1] AppendEntries [], prevIndex 0, prevTerm 0
056285 LEAD S1: 0 append success next 1 match 0
056784 LEAD S1: prevLog &raft.Entry{Command:interface {}(nil), Term:0, Index:0}
056784 LEAD S1: prevLog &raft.Entry{Command:interface {}(nil), Term:0, Index:0}
056785 INFO S2: (term 1) follower 收到 [1] AppendEntries [], prevIndex 0, prevTerm 0
056785 INFO S0: (term 1) follower 收到 [1] AppendEntries [], prevIndex 0, prevTerm 0
056785 LEAD S1: 0 append success next 1 match 0
056785 LEAD S1: 2 append success next 1 match 0
057286 LEAD S1: prevLog &raft.Entry{Command:interface {}(nil), Term:0, Index:0}
057287 LEAD S1: prevLog &raft.Entry{Command:interface {}(nil), Term:0, Index:0}
057287 INFO S2: (term 1) follower 收到 [1] AppendEntries [], prevIndex 0, prevTerm 0
057288 LEAD S1: 2 append success next 1 match 0
057288 INFO S0: (term 1) follower 收到 [1] AppendEntries [], prevIndex 0, prevTerm 0
057288 LEAD S1: 0 append success next 1 match 0
057788 LEAD S1: prevLog &raft.Entry{Command:interface {}(nil), Term:0, Index:0}
057788 LEAD S1: prevLog &raft.Entry{Command:interface {}(nil), Term:0, Index:0}
057789 INFO S2: (term 1) follower 收到 [1] AppendEntries [], prevIndex 0, prevTerm 0
057789 LEAD S1: 2 append success next 1 match 0
057790 INFO S0: (term 1) follower 收到 [1] AppendEntries [], prevIndex 0, prevTerm 0
057790 LEAD S1: 0 append success next 1 match 0
058290 LEAD S1: prevLog &raft.Entry{Command:interface {}(nil), Term:0, Index:0}
058291 LEAD S1: prevLog &raft.Entry{Command:interface {}(nil), Term:0, Index:0}
058291 INFO S2: (term 1) follower 收到 [1] AppendEntries [], prevIndex 0, prevTerm 0
058291 INFO S0: (term 1) follower 收到 [1] AppendEntries [], prevIndex 0, prevTerm 0
058292 LEAD S1: 0 append success next 1 match 0
058292 LEAD S1: 2 append success next 1 match 0
058793 LEAD S1: prevLog &raft.Entry{Command:interface {}(nil), Term:0, Index:0}
058793 LEAD S1: prevLog &raft.Entry{Command:interface {}(nil), Term:0, Index:0}
058793 INFO S2: (term 1) follower 收到 [1] AppendEntries [], prevIndex 0, prevTerm 0
058794 LEAD S1: 2 append success next 1 match 0
058794 INFO S0: (term 1) follower 收到 [1] AppendEntries [], prevIndex 0, prevTerm 0
058794 LEAD S1: 0 append success next 1 match 0
059295 LEAD S1: prevLog &raft.Entry{Command:interface {}(nil), Term:0, Index:0}
059295 LEAD S1: prevLog &raft.Entry{Command:interface {}(nil), Term:0, Index:0}
059296 INFO S2: (term 1) follower 收到 [1] AppendEntries [], prevIndex 0, prevTerm 0
059297 LEAD S1: 2 append success next 1 match 0
059297 INFO S0: (term 1) follower 收到 [1] AppendEntries [], prevIndex 0, prevTerm 0
059297 LEAD S1: 0 append success next 1 match 0
059798 LEAD S1: prevLog &raft.Entry{Command:interface {}(nil), Term:0, Index:0}
059798 LEAD S1: prevLog &raft.Entry{Command:interface {}(nil), Term:0, Index:0}
059799 INFO S2: (term 1) follower 收到 [1] AppendEntries [], prevIndex 0, prevTerm 0
059799 LEAD S1: 2 append success next 1 match 0
059799 INFO S0: (term 1) follower 收到 [1] AppendEntries [], prevIndex 0, prevTerm 0
059800 LEAD S1: 0 append success next 1 match 0
060300 LEAD S1: prevLog &raft.Entry{Command:interface {}(nil), Term:0, Index:0}
060300 LEAD S1: prevLog &raft.Entry{Command:interface {}(nil), Term:0, Index:0}
060301 INFO S2: (term 1) follower 收到 [1] AppendEntries [], prevIndex 0, prevTerm 0
060302 LEAD S1: 2 append success next 1 match 0
060302 INFO S0: (term 1) follower 收到 [1] AppendEntries [], prevIndex 0, prevTerm 0
060302 LEAD S1: 0 append success next 1 match 0
060803 LEAD S1: prevLog &raft.Entry{Command:interface {}(nil), Term:0, Index:0}
060803 LEAD S1: prevLog &raft.Entry{Command:interface {}(nil), Term:0, Index:0}
060805 INFO S2: (term 1) follower 收到 [1] AppendEntries [], prevIndex 0, prevTerm 0
060805 INFO S0: (term 1) follower 收到 [1] AppendEntries [], prevIndex 0, prevTerm 0
060805 LEAD S1: 0 append success next 1 match 0
060805 LEAD S1: 2 append success next 1 match 0
061305 LEAD S1: prevLog &raft.Entry{Command:interface {}(nil), Term:0, Index:0}
061305 LEAD S1: prevLog &raft.Entry{Command:interface {}(nil), Term:0, Index:0}
061306 INFO S2: (term 1) follower 收到 [1] AppendEntries [], prevIndex 0, prevTerm 0
061307 LEAD S1: 2 append success next 1 match 0
061307 INFO S0: (term 1) follower 收到 [1] AppendEntries [], prevIndex 0, prevTerm 0
061307 LEAD S1: 0 append success next 1 match 0
061808 LEAD S1: prevLog &raft.Entry{Command:interface {}(nil), Term:0, Index:0}
061808 LEAD S1: prevLog &raft.Entry{Command:interface {}(nil), Term:0, Index:0}
061809 INFO S0: (term 1) follower 收到 [1] AppendEntries [], prevIndex 0, prevTerm 0
061809 LEAD S1: 0 append success next 1 match 0
061809 INFO S2: (term 1) follower 收到 [1] AppendEntries [], prevIndex 0, prevTerm 0
061810 LEAD S1: 2 append success next 1 match 0
062310 LEAD S1: prevLog &raft.Entry{Command:interface {}(nil), Term:0, Index:0}
062310 LEAD S1: prevLog &raft.Entry{Command:interface {}(nil), Term:0, Index:0}
062311 INFO S2: (term 1) follower 收到 [1] AppendEntries [], prevIndex 0, prevTerm 0
062311 LEAD S1: 2 append success next 1 match 0
062311 INFO S0: (term 1) follower 收到 [1] AppendEntries [], prevIndex 0, prevTerm 0
062312 LEAD S1: 0 append success next 1 match 0
062812 LEAD S1: prevLog &raft.Entry{Command:interface {}(nil), Term:0, Index:0}
062812 LEAD S1: prevLog &raft.Entry{Command:interface {}(nil), Term:0, Index:0}
062813 INFO S2: (term 1) follower 收到 [1] AppendEntries [], prevIndex 0, prevTerm 0
062813 LEAD S1: 2 append success next 1 match 0
062814 INFO S0: (term 1) follower 收到 [1] AppendEntries [], prevIndex 0, prevTerm 0
062814 LEAD S1: 0 append success next 1 match 0
063315 LEAD S1: prevLog &raft.Entry{Command:interface {}(nil), Term:0, Index:0}
063315 LEAD S1: prevLog &raft.Entry{Command:interface {}(nil), Term:0, Index:0}
063316 INFO S2: (term 1) follower 收到 [1] AppendEntries [], prevIndex 0, prevTerm 0
063316 LEAD S1: 2 append success next 1 match 0
063316 INFO S0: (term 1) follower 收到 [1] AppendEntries [], prevIndex 0, prevTerm 0
063316 LEAD S1: 0 append success next 1 match 0
063817 LEAD S1: prevLog &raft.Entry{Command:interface {}(nil), Term:0, Index:0}
063818 LEAD S1: prevLog &raft.Entry{Command:interface {}(nil), Term:0, Index:0}
063818 INFO S2: (term 1) follower 收到 [1] AppendEntries [], prevIndex 0, prevTerm 0
063819 LEAD S1: 2 append success next 1 match 0
063819 INFO S0: (term 1) follower 收到 [1] AppendEntries [], prevIndex 0, prevTerm 0
063819 LEAD S1: 0 append success next 1 match 0
064319 LEAD S1: prevLog &raft.Entry{Command:interface {}(nil), Term:0, Index:0}
064320 LEAD S1: prevLog &raft.Entry{Command:interface {}(nil), Term:0, Index:0}
064320 INFO S2: (term 1) follower 收到 [1] AppendEntries [], prevIndex 0, prevTerm 0
064321 LEAD S1: 2 append success next 1 match 0
064321 INFO S0: (term 1) follower 收到 [1] AppendEntries [], prevIndex 0, prevTerm 0
064321 LEAD S1: 0 append success next 1 match 0
064823 LEAD S1: prevLog &raft.Entry{Command:interface {}(nil), Term:0, Index:0}
064823 LEAD S1: prevLog &raft.Entry{Command:interface {}(nil), Term:0, Index:0}
064824 INFO S2: (term 1) follower 收到 [1] AppendEntries [], prevIndex 0, prevTerm 0
064824 INFO S0: (term 1) follower 收到 [1] AppendEntries [], prevIndex 0, prevTerm 0
064825 LEAD S1: 0 append success next 1 match 0
064825 LEAD S1: 2 append success next 1 match 0
065325 LEAD S1: prevLog &raft.Entry{Command:interface {}(nil), Term:0, Index:0}
065325 LEAD S1: prevLog &raft.Entry{Command:interface {}(nil), Term:0, Index:0}
065326 INFO S2: (term 1) follower 收到 [1] AppendEntries [], prevIndex 0, prevTerm 0
065326 LEAD S1: 2 append success next 1 match 0
065327 INFO S0: (term 1) follower 收到 [1] AppendEntries [], prevIndex 0, prevTerm 0
065327 LEAD S1: 0 append success next 1 match 0
065828 LEAD S1: prevLog &raft.Entry{Command:interface {}(nil), Term:0, Index:0}
065828 LEAD S1: prevLog &raft.Entry{Command:interface {}(nil), Term:0, Index:0}
065829 INFO S2: (term 1) follower 收到 [1] AppendEntries [], prevIndex 0, prevTerm 0
065829 LEAD S1: 2 append success next 1 match 0
065829 INFO S0: (term 1) follower 收到 [1] AppendEntries [], prevIndex 0, prevTerm 0
065830 LEAD S1: 0 append success next 1 match 0
066330 LEAD S1: prevLog &raft.Entry{Command:interface {}(nil), Term:0, Index:0}
066330 LEAD S1: prevLog &raft.Entry{Command:interface {}(nil), Term:0, Index:0}
066331 INFO S0: (term 1) follower 收到 [1] AppendEntries [], prevIndex 0, prevTerm 0
066331 INFO S2: (term 1) follower 收到 [1] AppendEntries [], prevIndex 0, prevTerm 0
066331 LEAD S1: 0 append success next 1 match 0
066331 LEAD S1: 2 append success next 1 match 0
066832 LEAD S1: prevLog &raft.Entry{Command:interface {}(nil), Term:0, Index:0}
066832 LEAD S1: prevLog &raft.Entry{Command:interface {}(nil), Term:0, Index:0}
066833 INFO S2: (term 1) follower 收到 [1] AppendEntries [], prevIndex 0, prevTerm 0
066833 LEAD S1: 2 append success next 1 match 0
066833 INFO S0: (term 1) follower 收到 [1] AppendEntries [], prevIndex 0, prevTerm 0
066834 LEAD S1: 0 append success next 1 match 0
067334 LEAD S1: prevLog &raft.Entry{Command:interface {}(nil), Term:0, Index:0}
067334 LEAD S1: prevLog &raft.Entry{Command:interface {}(nil), Term:0, Index:0}
067335 INFO S2: (term 1) follower 收到 [1] AppendEntries [], prevIndex 0, prevTerm 0
067335 LEAD S1: 2 append success next 1 match 0
067336 INFO S0: (term 1) follower 收到 [1] AppendEntries [], prevIndex 0, prevTerm 0
067336 LEAD S1: 0 append success next 1 match 0
067837 LEAD S1: prevLog &raft.Entry{Command:interface {}(nil), Term:0, Index:0}
067837 LEAD S1: prevLog &raft.Entry{Command:interface {}(nil), Term:0, Index:0}
067838 INFO S2: (term 1) follower 收到 [1] AppendEntries [], prevIndex 0, prevTerm 0
067838 LEAD S1: 2 append success next 1 match 0
067838 INFO S0: (term 1) follower 收到 [1] AppendEntries [], prevIndex 0, prevTerm 0
067839 LEAD S1: 0 append success next 1 match 0
068340 LEAD S1: prevLog &raft.Entry{Command:interface {}(nil), Term:0, Index:0}
068340 LEAD S1: prevLog &raft.Entry{Command:interface {}(nil), Term:0, Index:0}
068341 INFO S2: (term 1) follower 收到 [1] AppendEntries [], prevIndex 0, prevTerm 0
068341 LEAD S1: 2 append success next 1 match 0
068341 INFO S0: (term 1) follower 收到 [1] AppendEntries [], prevIndex 0, prevTerm 0
068342 LEAD S1: 0 append success next 1 match 0
068842 LEAD S1: prevLog &raft.Entry{Command:interface {}(nil), Term:0, Index:0}
068842 LEAD S1: prevLog &raft.Entry{Command:interface {}(nil), Term:0, Index:0}
068843 INFO S2: (term 1) follower 收到 [1] AppendEntries [], prevIndex 0, prevTerm 0
068843 LEAD S1: 2 append success next 1 match 0
068843 INFO S0: (term 1) follower 收到 [1] AppendEntries [], prevIndex 0, prevTerm 0
068844 LEAD S1: 0 append success next 1 match 0
069344 LEAD S1: prevLog &raft.Entry{Command:interface {}(nil), Term:0, Index:0}
069345 LEAD S1: prevLog &raft.Entry{Command:interface {}(nil), Term:0, Index:0}
069345 INFO S2: (term 1) follower 收到 [1] AppendEntries [], prevIndex 0, prevTerm 0
069346 LEAD S1: 2 append success next 1 match 0
069346 INFO S0: (term 1) follower 收到 [1] AppendEntries [], prevIndex 0, prevTerm 0
069346 LEAD S1: 0 append success next 1 match 0
069846 LEAD S1: prevLog &raft.Entry{Command:interface {}(nil), Term:0, Index:0}
069847 LEAD S1: prevLog &raft.Entry{Command:interface {}(nil), Term:0, Index:0}
069848 INFO S2: (term 1) follower 收到 [1] AppendEntries [], prevIndex 0, prevTerm 0
069848 LEAD S1: 2 append success next 1 match 0
069848 INFO S0: (term 1) follower 收到 [1] AppendEntries [], prevIndex 0, prevTerm 0
069849 LEAD S1: 0 append success next 1 match 0
070349 LEAD S1: prevLog &raft.Entry{Command:interface {}(nil), Term:0, Index:0}
070349 LEAD S1: prevLog &raft.Entry{Command:interface {}(nil), Term:0, Index:0}
070350 INFO S2: (term 1) follower 收到 [1] AppendEntries [], prevIndex 0, prevTerm 0
070350 LEAD S1: 2 append success next 1 match 0
070351 INFO S0: (term 1) follower 收到 [1] AppendEntries [], prevIndex 0, prevTerm 0
070351 LEAD S1: 0 append success next 1 match 0
070852 LEAD S1: prevLog &raft.Entry{Command:interface {}(nil), Term:0, Index:0}
070852 LEAD S1: prevLog &raft.Entry{Command:interface {}(nil), Term:0, Index:0}
070853 INFO S2: (term 1) follower 收到 [1] AppendEntries [], prevIndex 0, prevTerm 0
070853 LEAD S1: 2 append success next 1 match 0
070853 INFO S0: (term 1) follower 收到 [1] AppendEntries [], prevIndex 0, prevTerm 0
070853 LEAD S1: 0 append success next 1 match 0
071354 LEAD S1: prevLog &raft.Entry{Command:interface {}(nil), Term:0, Index:0}
071354 LEAD S1: prevLog &raft.Entry{Command:interface {}(nil), Term:0, Index:0}
071355 INFO S2: (term 1) follower 收到 [1] AppendEntries [], prevIndex 0, prevTerm 0
071355 LEAD S1: 2 append success next 1 match 0
071356 INFO S0: (term 1) follower 收到 [1] AppendEntries [], prevIndex 0, prevTerm 0
071356 LEAD S1: 0 append success next 1 match 0
071857 LEAD S1: prevLog &raft.Entry{Command:interface {}(nil), Term:0, Index:0}
071857 LEAD S1: prevLog &raft.Entry{Command:interface {}(nil), Term:0, Index:0}
071857 INFO S2: (term 1) follower 收到 [1] AppendEntries [], prevIndex 0, prevTerm 0
071858 LEAD S1: 2 append success next 1 match 0
071858 INFO S0: (term 1) follower 收到 [1] AppendEntries [], prevIndex 0, prevTerm 0
071858 LEAD S1: 0 append success next 1 match 0
072359 LEAD S1: prevLog &raft.Entry{Command:interface {}(nil), Term:0, Index:0}
072359 LEAD S1: prevLog &raft.Entry{Command:interface {}(nil), Term:0, Index:0}
072360 INFO S2: (term 1) follower 收到 [1] AppendEntries [], prevIndex 0, prevTerm 0
072360 LEAD S1: 2 append success next 1 match 0
072360 INFO S0: (term 1) follower 收到 [1] AppendEntries [], prevIndex 0, prevTerm 0
072361 LEAD S1: 0 append success next 1 match 0
072862 LEAD S1: prevLog &raft.Entry{Command:interface {}(nil), Term:0, Index:0}
072862 LEAD S1: prevLog &raft.Entry{Command:interface {}(nil), Term:0, Index:0}
072862 INFO S2: (term 1) follower 收到 [1] AppendEntries [], prevIndex 0, prevTerm 0
072863 LEAD S1: 2 append success next 1 match 0
072863 INFO S0: (term 1) follower 收到 [1] AppendEntries [], prevIndex 0, prevTerm 0
072865 LEAD S1: 0 append success next 1 match 0
073364 LEAD S1: prevLog &raft.Entry{Command:interface {}(nil), Term:0, Index:0}
073364 LEAD S1: prevLog &raft.Entry{Command:interface {}(nil), Term:0, Index:0}
073365 INFO S2: (term 1) follower 收到 [1] AppendEntries [], prevIndex 0, prevTerm 0
073365 LEAD S1: 2 append success next 1 match 0
073366 INFO S0: (term 1) follower 收到 [1] AppendEntries [], prevIndex 0, prevTerm 0
073366 LEAD S1: 0 append success next 1 match 0
073866 LEAD S1: prevLog &raft.Entry{Command:interface {}(nil), Term:0, Index:0}
073866 LEAD S1: prevLog &raft.Entry{Command:interface {}(nil), Term:0, Index:0}
073867 INFO S2: (term 1) follower 收到 [1] AppendEntries [], prevIndex 0, prevTerm 0
073867 LEAD S1: 2 append success next 1 match 0
073867 INFO S0: (term 1) follower 收到 [1] AppendEntries [], prevIndex 0, prevTerm 0
073868 LEAD S1: 0 append success next 1 match 0
074368 LEAD S1: prevLog &raft.Entry{Command:interface {}(nil), Term:0, Index:0}
074368 LEAD S1: prevLog &raft.Entry{Command:interface {}(nil), Term:0, Index:0}
074369 INFO S0: (term 1) follower 收到 [1] AppendEntries [], prevIndex 0, prevTerm 0
074369 INFO S2: (term 1) follower 收到 [1] AppendEntries [], prevIndex 0, prevTerm 0
074370 LEAD S1: 2 append success next 1 match 0
074370 LEAD S1: 0 append success next 1 match 0
074870 LEAD S1: prevLog &raft.Entry{Command:interface {}(nil), Term:0, Index:0}
074870 LEAD S1: prevLog &raft.Entry{Command:interface {}(nil), Term:0, Index:0}
074871 INFO S2: (term 1) follower 收到 [1] AppendEntries [], prevIndex 0, prevTerm 0
074871 LEAD S1: 2 append success next 1 match 0
074871 INFO S0: (term 1) follower 收到 [1] AppendEntries [], prevIndex 0, prevTerm 0
074872 LEAD S1: 0 append success next 1 match 0
075372 LEAD S1: prevLog &raft.Entry{Command:interface {}(nil), Term:0, Index:0}
075373 LEAD S1: prevLog &raft.Entry{Command:interface {}(nil), Term:0, Index:0}
075373 INFO S2: (term 1) follower 收到 [1] AppendEntries [], prevIndex 0, prevTerm 0
075374 LEAD S1: 2 append success next 1 match 0
075374 INFO S0: (term 1) follower 收到 [1] AppendEntries [], prevIndex 0, prevTerm 0
075374 LEAD S1: 0 append success next 1 match 0
075875 LEAD S1: prevLog &raft.Entry{Command:interface {}(nil), Term:0, Index:0}
075875 LEAD S1: prevLog &raft.Entry{Command:interface {}(nil), Term:0, Index:0}
075876 INFO S2: (term 1) follower 收到 [1] AppendEntries [], prevIndex 0, prevTerm 0
075876 LEAD S1: 2 append success next 1 match 0
075877 INFO S0: (term 1) follower 收到 [1] AppendEntries [], prevIndex 0, prevTerm 0
075877 LEAD S1: 0 append success next 1 match 0
076377 LEAD S1: prevLog &raft.Entry{Command:interface {}(nil), Term:0, Index:0}
076378 LEAD S1: prevLog &raft.Entry{Command:interface {}(nil), Term:0, Index:0}
076378 INFO S2: (term 1) follower 收到 [1] AppendEntries [], prevIndex 0, prevTerm 0
076378 INFO S0: (term 1) follower 收到 [1] AppendEntries [], prevIndex 0, prevTerm 0
076379 LEAD S1: 2 append success next 1 match 0
076379 LEAD S1: 0 append success next 1 match 0
076880 LEAD S1: prevLog &raft.Entry{Command:interface {}(nil), Term:0, Index:0}
076880 LEAD S1: prevLog &raft.Entry{Command:interface {}(nil), Term:0, Index:0}
076881 INFO S2: (term 1) follower 收到 [1] AppendEntries [], prevIndex 0, prevTerm 0
076881 INFO S0: (term 1) follower 收到 [1] AppendEntries [], prevIndex 0, prevTerm 0
076881 LEAD S1: 0 append success next 1 match 0
076881 LEAD S1: 2 append success next 1 match 0
077382 LEAD S1: prevLog &raft.Entry{Command:interface {}(nil), Term:0, Index:0}
077383 LEAD S1: prevLog &raft.Entry{Command:interface {}(nil), Term:0, Index:0}
077383 INFO S2: (term 1) follower 收到 [1] AppendEntries [], prevIndex 0, prevTerm 0
077384 LEAD S1: 2 append success next 1 match 0
077384 INFO S0: (term 1) follower 收到 [1] AppendEntries [], prevIndex 0, prevTerm 0
077384 LEAD S1: 0 append success next 1 match 0
077885 LEAD S1: prevLog &raft.Entry{Command:interface {}(nil), Term:0, Index:0}
077885 LEAD S1: prevLog &raft.Entry{Command:interface {}(nil), Term:0, Index:0}
077886 INFO S2: (term 1) follower 收到 [1] AppendEntries [], prevIndex 0, prevTerm 0
077886 LEAD S1: 2 append success next 1 match 0
077886 INFO S0: (term 1) follower 收到 [1] AppendEntries [], prevIndex 0, prevTerm 0
077887 LEAD S1: 0 append success next 1 match 0
078387 LEAD S1: prevLog &raft.Entry{Command:interface {}(nil), Term:0, Index:0}
078388 LEAD S1: prevLog &raft.Entry{Command:interface {}(nil), Term:0, Index:0}
078388 INFO S2: (term 1) follower 收到 [1] AppendEntries [], prevIndex 0, prevTerm 0
078388 INFO S0: (term 1) follower 收到 [1] AppendEntries [], prevIndex 0, prevTerm 0
078389 LEAD S1: 2 append success next 1 match 0
078389 LEAD S1: 0 append success next 1 match 0
078890 LEAD S1: prevLog &raft.Entry{Command:interface {}(nil), Term:0, Index:0}
078890 LEAD S1: prevLog &raft.Entry{Command:interface {}(nil), Term:0, Index:0}
078891 INFO S2: (term 1) follower 收到 [1] AppendEntries [], prevIndex 0, prevTerm 0
078891 LEAD S1: 2 append success next 1 match 0
078891 INFO S0: (term 1) follower 收到 [1] AppendEntries [], prevIndex 0, prevTerm 0
078892 LEAD S1: 0 append success next 1 match 0
079392 LEAD S1: prevLog &raft.Entry{Command:interface {}(nil), Term:0, Index:0}
079393 LEAD S1: prevLog &raft.Entry{Command:interface {}(nil), Term:0, Index:0}
079393 INFO S2: (term 1) follower 收到 [1] AppendEntries [], prevIndex 0, prevTerm 0
079394 LEAD S1: 2 append success next 1 match 0
079394 INFO S0: (term 1) follower 收到 [1] AppendEntries [], prevIndex 0, prevTerm 0
079394 LEAD S1: 0 append success next 1 match 0
079895 LEAD S1: prevLog &raft.Entry{Command:interface {}(nil), Term:0, Index:0}
079895 LEAD S1: prevLog &raft.Entry{Command:interface {}(nil), Term:0, Index:0}
079896 INFO S2: (term 1) follower 收到 [1] AppendEntries [], prevIndex 0, prevTerm 0
079896 LEAD S1: 2 append success next 1 match 0
079896 INFO S0: (term 1) follower 收到 [1] AppendEntries [], prevIndex 0, prevTerm 0
079897 LEAD S1: 0 append success next 1 match 0
080397 LEAD S1: prevLog &raft.Entry{Command:interface {}(nil), Term:0, Index:0}
080398 LEAD S1: prevLog &raft.Entry{Command:interface {}(nil), Term:0, Index:0}
080398 INFO S2: (term 1) follower 收到 [1] AppendEntries [], prevIndex 0, prevTerm 0
080399 LEAD S1: 2 append success next 1 match 0
080399 INFO S0: (term 1) follower 收到 [1] AppendEntries [], prevIndex 0, prevTerm 0
080399 LEAD S1: 0 append success next 1 match 0
080900 LEAD S1: prevLog &raft.Entry{Command:interface {}(nil), Term:0, Index:0}
080900 LEAD S1: prevLog &raft.Entry{Command:interface {}(nil), Term:0, Index:0}
080901 INFO S2: (term 1) follower 收到 [1] AppendEntries [], prevIndex 0, prevTerm 0
080901 LEAD S1: 2 append success next 1 match 0
080901 INFO S0: (term 1) follower 收到 [1] AppendEntries [], prevIndex 0, prevTerm 0
080902 LEAD S1: 0 append success next 1 match 0
081402 LEAD S1: prevLog &raft.Entry{Command:interface {}(nil), Term:0, Index:0}
081403 LEAD S1: prevLog &raft.Entry{Command:interface {}(nil), Term:0, Index:0}
081403 INFO S2: (term 1) follower 收到 [1] AppendEntries [], prevIndex 0, prevTerm 0
081404 LEAD S1: 2 append success next 1 match 0
081404 INFO S0: (term 1) follower 收到 [1] AppendEntries [], prevIndex 0, prevTerm 0
081404 LEAD S1: 0 append success next 1 match 0
081905 LEAD S1: prevLog &raft.Entry{Command:interface {}(nil), Term:0, Index:0}
081905 LEAD S1: prevLog &raft.Entry{Command:interface {}(nil), Term:0, Index:0}
081906 INFO S2: (term 1) follower 收到 [1] AppendEntries [], prevIndex 0, prevTerm 0
081906 LEAD S1: 2 append success next 1 match 0
081906 INFO S0: (term 1) follower 收到 [1] AppendEntries [], prevIndex 0, prevTerm 0
081907 LEAD S1: 0 append success next 1 match 0
082407 LEAD S1: prevLog &raft.Entry{Command:interface {}(nil), Term:0, Index:0}
082408 LEAD S1: prevLog &raft.Entry{Command:interface {}(nil), Term:0, Index:0}
082408 INFO S2: (term 1) follower 收到 [1] AppendEntries [], prevIndex 0, prevTerm 0
082409 LEAD S1: 2 append success next 1 match 0
082409 INFO S0: (term 1) follower 收到 [1] AppendEntries [], prevIndex 0, prevTerm 0
082409 LEAD S1: 0 append success next 1 match 0
082910 LEAD S1: prevLog &raft.Entry{Command:interface {}(nil), Term:0, Index:0}
082910 LEAD S1: prevLog &raft.Entry{Command:interface {}(nil), Term:0, Index:0}
082911 INFO S2: (term 1) follower 收到 [1] AppendEntries [], prevIndex 0, prevTerm 0
082911 LEAD S1: 2 append success next 1 match 0
082911 INFO S0: (term 1) follower 收到 [1] AppendEntries [], prevIndex 0, prevTerm 0
082912 LEAD S1: 0 append success next 1 match 0
083412 LEAD S1: prevLog &raft.Entry{Command:interface {}(nil), Term:0, Index:0}
083413 LEAD S1: prevLog &raft.Entry{Command:interface {}(nil), Term:0, Index:0}
083413 INFO S2: (term 1) follower 收到 [1] AppendEntries [], prevIndex 0, prevTerm 0
083414 LEAD S1: 2 append success next 1 match 0
083414 INFO S0: (term 1) follower 收到 [1] AppendEntries [], prevIndex 0, prevTerm 0
083414 LEAD S1: 0 append success next 1 match 0
083915 LEAD S1: prevLog &raft.Entry{Command:interface {}(nil), Term:0, Index:0}
083915 LEAD S1: prevLog &raft.Entry{Command:interface {}(nil), Term:0, Index:0}
083916 INFO S2: (term 1) follower 收到 [1] AppendEntries [], prevIndex 0, prevTerm 0
083916 LEAD S1: 2 append success next 1 match 0
083916 INFO S0: (term 1) follower 收到 [1] AppendEntries [], prevIndex 0, prevTerm 0
083916 LEAD S1: 0 append success next 1 match 0
084417 LEAD S1: prevLog &raft.Entry{Command:interface {}(nil), Term:0, Index:0}
084418 LEAD S1: prevLog &raft.Entry{Command:interface {}(nil), Term:0, Index:0}
084418 INFO S2: (term 1) follower 收到 [1] AppendEntries [], prevIndex 0, prevTerm 0
084418 INFO S0: (term 1) follower 收到 [1] AppendEntries [], prevIndex 0, prevTerm 0
084419 LEAD S1: 2 append success next 1 match 0
084419 LEAD S1: 0 append success next 1 match 0
084920 LEAD S1: prevLog &raft.Entry{Command:interface {}(nil), Term:0, Index:0}
084920 LEAD S1: prevLog &raft.Entry{Command:interface {}(nil), Term:0, Index:0}
084921 INFO S2: (term 1) follower 收到 [1] AppendEntries [], prevIndex 0, prevTerm 0
084921 LEAD S1: 2 append success next 1 match 0
084921 INFO S0: (term 1) follower 收到 [1] AppendEntries [], prevIndex 0, prevTerm 0
084922 LEAD S1: 0 append success next 1 match 0
085422 LEAD S1: prevLog &raft.Entry{Command:interface {}(nil), Term:0, Index:0}
085423 LEAD S1: prevLog &raft.Entry{Command:interface {}(nil), Term:0, Index:0}
085423 INFO S2: (term 1) follower 收到 [1] AppendEntries [], prevIndex 0, prevTerm 0
085424 LEAD S1: 2 append success next 1 match 0
085424 INFO S0: (term 1) follower 收到 [1] AppendEntries [], prevIndex 0, prevTerm 0
085424 LEAD S1: 0 append success next 1 match 0
085925 LEAD S1: prevLog &raft.Entry{Command:interface {}(nil), Term:0, Index:0}
085925 LEAD S1: prevLog &raft.Entry{Command:interface {}(nil), Term:0, Index:0}
085926 INFO S2: (term 1) follower 收到 [1] AppendEntries [], prevIndex 0, prevTerm 0
085926 LEAD S1: 2 append success next 1 match 0
085926 INFO S0: (term 1) follower 收到 [1] AppendEntries [], prevIndex 0, prevTerm 0
085927 LEAD S1: 0 append success next 1 match 0
086427 LEAD S1: prevLog &raft.Entry{Command:interface {}(nil), Term:0, Index:0}
086428 LEAD S1: prevLog &raft.Entry{Command:interface {}(nil), Term:0, Index:0}
086428 INFO S2: (term 1) follower 收到 [1] AppendEntries [], prevIndex 0, prevTerm 0
086429 LEAD S1: 2 append success next 1 match 0
086429 INFO S0: (term 1) follower 收到 [1] AppendEntries [], prevIndex 0, prevTerm 0
086429 LEAD S1: 0 append success next 1 match 0
086930 LEAD S1: prevLog &raft.Entry{Command:interface {}(nil), Term:0, Index:0}
086930 LEAD S1: prevLog &raft.Entry{Command:interface {}(nil), Term:0, Index:0}
086931 INFO S0: (term 1) follower 收到 [1] AppendEntries [], prevIndex 0, prevTerm 0
086931 LEAD S1: 0 append success next 1 match 0
086931 INFO S2: (term 1) follower 收到 [1] AppendEntries [], prevIndex 0, prevTerm 0
086931 LEAD S1: 2 append success next 1 match 0
087433 LEAD S1: prevLog &raft.Entry{Command:interface {}(nil), Term:0, Index:0}
087433 LEAD S1: prevLog &raft.Entry{Command:interface {}(nil), Term:0, Index:0}
087434 INFO S2: (term 1) follower 收到 [1] AppendEntries [], prevIndex 0, prevTerm 0
087434 LEAD S1: 2 append success next 1 match 0
087434 INFO S0: (term 1) follower 收到 [1] AppendEntries [], prevIndex 0, prevTerm 0
087435 LEAD S1: 0 append success next 1 match 0
087936 LEAD S1: prevLog &raft.Entry{Command:interface {}(nil), Term:0, Index:0}
087936 LEAD S1: prevLog &raft.Entry{Command:interface {}(nil), Term:0, Index:0}
087937 INFO S2: (term 1) follower 收到 [1] AppendEntries [], prevIndex 0, prevTerm 0
087937 LEAD S1: 2 append success next 1 match 0
087937 INFO S0: (term 1) follower 收到 [1] AppendEntries [], prevIndex 0, prevTerm 0
087937 LEAD S1: 0 append success next 1 match 0
088438 LEAD S1: prevLog &raft.Entry{Command:interface {}(nil), Term:0, Index:0}
088438 LEAD S1: prevLog &raft.Entry{Command:interface {}(nil), Term:0, Index:0}
088439 INFO S0: (term 1) follower 收到 [1] AppendEntries [], prevIndex 0, prevTerm 0
088439 LEAD S1: 0 append success next 1 match 0
088440 INFO S2: (term 1) follower 收到 [1] AppendEntries [], prevIndex 0, prevTerm 0
088440 LEAD S1: 2 append success next 1 match 0
088941 LEAD S1: prevLog &raft.Entry{Command:interface {}(nil), Term:0, Index:0}
088941 LEAD S1: prevLog &raft.Entry{Command:interface {}(nil), Term:0, Index:0}
088942 INFO S2: (term 1) follower 收到 [1] AppendEntries [], prevIndex 0, prevTerm 0
088942 LEAD S1: 2 append success next 1 match 0
088943 INFO S0: (term 1) follower 收到 [1] AppendEntries [], prevIndex 0, prevTerm 0
088943 LEAD S1: 0 append success next 1 match 0
089443 LEAD S1: prevLog &raft.Entry{Command:interface {}(nil), Term:0, Index:0}
089443 LEAD S1: prevLog &raft.Entry{Command:interface {}(nil), Term:0, Index:0}
089444 INFO S0: (term 1) follower 收到 [1] AppendEntries [], prevIndex 0, prevTerm 0
089444 INFO S2: (term 1) follower 收到 [1] AppendEntries [], prevIndex 0, prevTerm 0
089444 LEAD S1: 0 append success next 1 match 0
089445 LEAD S1: 2 append success next 1 match 0
089945 LEAD S1: prevLog &raft.Entry{Command:interface {}(nil), Term:0, Index:0}
089945 LEAD S1: prevLog &raft.Entry{Command:interface {}(nil), Term:0, Index:0}
089946 INFO S2: (term 1) follower 收到 [1] AppendEntries [], prevIndex 0, prevTerm 0
089946 LEAD S1: 2 append success next 1 match 0
089946 INFO S0: (term 1) follower 收到 [1] AppendEntries [], prevIndex 0, prevTerm 0
089947 LEAD S1: 0 append success next 1 match 0
090447 LEAD S1: prevLog &raft.Entry{Command:interface {}(nil), Term:0, Index:0}
090448 LEAD S1: prevLog &raft.Entry{Command:interface {}(nil), Term:0, Index:0}
090448 INFO S2: (term 1) follower 收到 [1] AppendEntries [], prevIndex 0, prevTerm 0
090449 LEAD S1: 2 append success next 1 match 0
090449 INFO S0: (term 1) follower 收到 [1] AppendEntries [], prevIndex 0, prevTerm 0
090449 LEAD S1: 0 append success next 1 match 0
090950 LEAD S1: prevLog &raft.Entry{Command:interface {}(nil), Term:0, Index:0}
090950 LEAD S1: prevLog &raft.Entry{Command:interface {}(nil), Term:0, Index:0}
090951 INFO S2: (term 1) follower 收到 [1] AppendEntries [], prevIndex 0, prevTerm 0
090951 LEAD S1: 2 append success next 1 match 0
090951 INFO S0: (term 1) follower 收到 [1] AppendEntries [], prevIndex 0, prevTerm 0
090951 LEAD S1: 0 append success next 1 match 0
091452 LEAD S1: prevLog &raft.Entry{Command:interface {}(nil), Term:0, Index:0}
091452 LEAD S1: prevLog &raft.Entry{Command:interface {}(nil), Term:0, Index:0}
091453 INFO S2: (term 1) follower 收到 [1] AppendEntries [], prevIndex 0, prevTerm 0
091453 LEAD S1: 2 append success next 1 match 0
091453 INFO S0: (term 1) follower 收到 [1] AppendEntries [], prevIndex 0, prevTerm 0
091454 LEAD S1: 0 append success next 1 match 0
091954 LEAD S1: prevLog &raft.Entry{Command:interface {}(nil), Term:0, Index:0}
091955 LEAD S1: prevLog &raft.Entry{Command:interface {}(nil), Term:0, Index:0}
091955 INFO S2: (term 1) follower 收到 [1] AppendEntries [], prevIndex 0, prevTerm 0
091956 LEAD S1: 2 append success next 1 match 0
091956 INFO S0: (term 1) follower 收到 [1] AppendEntries [], prevIndex 0, prevTerm 0
091956 LEAD S1: 0 append success next 1 match 0
092457 LEAD S1: prevLog &raft.Entry{Command:interface {}(nil), Term:0, Index:0}
092527 LEAD S1: prevLog &raft.Entry{Command:interface {}(nil), Term:0, Index:0}
092527 INFO S2: (term 1) follower 收到 [1] AppendEntries [], prevIndex 0, prevTerm 0
092528 LEAD S1: 2 append success next 1 match 0
092528 INFO S0: (term 1) follower 收到 [1] AppendEntries [], prevIndex 0, prevTerm 0
092528 LEAD S1: 0 append success next 1 match 0
093030 LEAD S1: prevLog &raft.Entry{Command:interface {}(nil), Term:0, Index:0}
093030 LEAD S1: prevLog &raft.Entry{Command:interface {}(nil), Term:0, Index:0}
093031 INFO S2: (term 1) follower 收到 [1] AppendEntries [], prevIndex 0, prevTerm 0
093031 LEAD S1: 2 append success next 1 match 0
093031 INFO S0: (term 1) follower 收到 [1] AppendEntries [], prevIndex 0, prevTerm 0
093032 LEAD S1: 0 append success next 1 match 0
093532 LEAD S1: prevLog &raft.Entry{Command:interface {}(nil), Term:0, Index:0}
093533 LEAD S1: prevLog &raft.Entry{Command:interface {}(nil), Term:0, Index:0}
093533 INFO S2: (term 1) follower 收到 [1] AppendEntries [], prevIndex 0, prevTerm 0
093534 LEAD S1: 2 append success next 1 match 0
093534 INFO S0: (term 1) follower 收到 [1] AppendEntries [], prevIndex 0, prevTerm 0
093535 LEAD S1: 0 append success next 1 match 0
094035 LEAD S1: prevLog &raft.Entry{Command:interface {}(nil), Term:0, Index:0}
094036 LEAD S1: prevLog &raft.Entry{Command:interface {}(nil), Term:0, Index:0}
094036 INFO S2: (term 1) follower 收到 [1] AppendEntries [], prevIndex 0, prevTerm 0
094037 LEAD S1: 2 append success next 1 match 0
094037 INFO S0: (term 1) follower 收到 [1] AppendEntries [], prevIndex 0, prevTerm 0
094037 LEAD S1: 0 append success next 1 match 0
094538 LEAD S1: prevLog &raft.Entry{Command:interface {}(nil), Term:0, Index:0}
094539 LEAD S1: prevLog &raft.Entry{Command:interface {}(nil), Term:0, Index:0}
094539 INFO S2: (term 1) follower 收到 [1] AppendEntries [], prevIndex 0, prevTerm 0
094539 LEAD S1: 2 append success next 1 match 0
094540 INFO S0: (term 1) follower 收到 [1] AppendEntries [], prevIndex 0, prevTerm 0
094540 LEAD S1: 0 append success next 1 match 0
095041 LEAD S1: prevLog &raft.Entry{Command:interface {}(nil), Term:0, Index:0}
095042 LEAD S1: prevLog &raft.Entry{Command:interface {}(nil), Term:0, Index:0}
095042 INFO S2: (term 1) follower 收到 [1] AppendEntries [], prevIndex 0, prevTerm 0
095042 LEAD S1: 2 append success next 1 match 0
095043 INFO S0: (term 1) follower 收到 [1] AppendEntries [], prevIndex 0, prevTerm 0
095043 LEAD S1: 0 append success next 1 match 0
095544 LEAD S1: prevLog &raft.Entry{Command:interface {}(nil), Term:0, Index:0}
095545 LEAD S1: prevLog &raft.Entry{Command:interface {}(nil), Term:0, Index:0}
095545 INFO S2: (term 1) follower 收到 [1] AppendEntries [], prevIndex 0, prevTerm 0
095546 LEAD S1: 2 append success next 1 match 0
095546 INFO S0: (term 1) follower 收到 [1] AppendEntries [], prevIndex 0, prevTerm 0
095546 LEAD S1: 0 append success next 1 match 0
096047 LEAD S1: prevLog &raft.Entry{Command:interface {}(nil), Term:0, Index:0}
096047 LEAD S1: prevLog &raft.Entry{Command:interface {}(nil), Term:0, Index:0}
096048 INFO S2: (term 1) follower 收到 [1] AppendEntries [], prevIndex 0, prevTerm 0
096048 LEAD S1: 2 append success next 1 match 0
096049 INFO S0: (term 1) follower 收到 [1] AppendEntries [], prevIndex 0, prevTerm 0
096049 LEAD S1: 0 append success next 1 match 0
096550 LEAD S1: prevLog &raft.Entry{Command:interface {}(nil), Term:0, Index:0}
096550 LEAD S1: prevLog &raft.Entry{Command:interface {}(nil), Term:0, Index:0}
096551 INFO S2: (term 1) follower 收到 [1] AppendEntries [], prevIndex 0, prevTerm 0
096551 INFO S0: (term 1) follower 收到 [1] AppendEntries [], prevIndex 0, prevTerm 0
096551 LEAD S1: 2 append success next 1 match 0
096551 LEAD S1: 0 append success next 1 match 0
097053 LEAD S1: prevLog &raft.Entry{Command:interface {}(nil), Term:0, Index:0}
097054 LEAD S1: prevLog &raft.Entry{Command:interface {}(nil), Term:0, Index:0}
097054 INFO S2: (term 1) follower 收到 [1] AppendEntries [], prevIndex 0, prevTerm 0
097055 LEAD S1: 2 append success next 1 match 0
097055 INFO S0: (term 1) follower 收到 [1] AppendEntries [], prevIndex 0, prevTerm 0
097055 LEAD S1: 0 append success next 1 match 0
097556 LEAD S1: prevLog &raft.Entry{Command:interface {}(nil), Term:0, Index:0}
097556 LEAD S1: prevLog &raft.Entry{Command:interface {}(nil), Term:0, Index:0}
097557 INFO S2: (term 1) follower 收到 [1] AppendEntries [], prevIndex 0, prevTerm 0
097557 LEAD S1: 2 append success next 1 match 0
097557 INFO S0: (term 1) follower 收到 [1] AppendEntries [], prevIndex 0, prevTerm 0
097558 LEAD S1: 0 append success next 1 match 0
098059 LEAD S1: prevLog &raft.Entry{Command:interface {}(nil), Term:0, Index:0}
098059 LEAD S1: prevLog &raft.Entry{Command:interface {}(nil), Term:0, Index:0}
098060 INFO S2: (term 1) follower 收到 [1] AppendEntries [], prevIndex 0, prevTerm 0
098060 LEAD S1: 2 append success next 1 match 0
098060 INFO S0: (term 1) follower 收到 [1] AppendEntries [], prevIndex 0, prevTerm 0
098060 LEAD S1: 0 append success next 1 match 0
098562 LEAD S1: prevLog &raft.Entry{Command:interface {}(nil), Term:0, Index:0}
098562 LEAD S1: prevLog &raft.Entry{Command:interface {}(nil), Term:0, Index:0}
098562 INFO S2: (term 1) follower 收到 [1] AppendEntries [], prevIndex 0, prevTerm 0
098563 LEAD S1: 2 append success next 1 match 0
098563 INFO S0: (term 1) follower 收到 [1] AppendEntries [], prevIndex 0, prevTerm 0
098563 LEAD S1: 0 append success next 1 match 0
099065 LEAD S1: prevLog &raft.Entry{Command:interface {}(nil), Term:0, Index:0}
099065 LEAD S1: prevLog &raft.Entry{Command:interface {}(nil), Term:0, Index:0}
099066 INFO S2: (term 1) follower 收到 [1] AppendEntries [], prevIndex 0, prevTerm 0
099066 LEAD S1: 2 append success next 1 match 0
099066 INFO S0: (term 1) follower 收到 [1] AppendEntries [], prevIndex 0, prevTerm 0
099067 LEAD S1: 0 append success next 1 match 0
099569 LEAD S1: prevLog &raft.Entry{Command:interface {}(nil), Term:0, Index:0}
099569 LEAD S1: prevLog &raft.Entry{Command:interface {}(nil), Term:0, Index:0}
099569 INFO S2: (term 1) follower 收到 [1] AppendEntries [], prevIndex 0, prevTerm 0
099570 LEAD S1: 2 append success next 1 match 0
099570 INFO S0: (term 1) follower 收到 [1] AppendEntries [], prevIndex 0, prevTerm 0
099570 LEAD S1: 0 append success next 1 match 0
100072 LEAD S1: prevLog &raft.Entry{Command:interface {}(nil), Term:0, Index:0}
100072 LEAD S1: prevLog &raft.Entry{Command:interface {}(nil), Term:0, Index:0}
100073 INFO S2: (term 1) follower 收到 [1] AppendEntries [], prevIndex 0, prevTerm 0
100074 LEAD S1: 2 append success next 1 match 0
100074 INFO S0: (term 1) follower 收到 [1] AppendEntries [], prevIndex 0, prevTerm 0
100074 LEAD S1: 0 append success next 1 match 0
--- FAIL: TestPersist12C (10.05s)
    config.go:609: one(11) failed to reach agreement
FAIL
exit status 1
FAIL	6.824/raft	10.052s
