Test (2C): basic persistence ...
002009 INFO S0: start leader election, term 1
002009 VOTE S0: term 1 send vote request to 2
002009 VOTE S0: term 1 send vote request to 1
002010 TERM S1: set new term 1
002010 TERM S2: set new term 1
002010 VOTE S2: term 1 vote 0
002011 VOTE S0: reply from 2, term一致，且投给0
002011 LEAD S0: come to power, start to send heartbeat
002011 LEAD S0: prevLog &raft.Entry{Command:interface {}(nil), Term:0, Index:0}
002011 LEAD S0: prevLog &raft.Entry{Command:interface {}(nil), Term:0, Index:0}
002010 VOTE S1: term 1 vote 0
002012 VOTE S0: reply from 1, term一致，且投给0
002012 INFO S2: (term 1) follower 收到 [0] AppendEntries [], prevIndex 0, prevTerm 0
002012 LEAD S0: 2 append success next 1 match 0
002012 INFO S1: (term 1) follower 收到 [0] AppendEntries [], prevIndex 0, prevTerm 0
002013 LEAD S0: 1 append success next 1 match 0
002510 LEAD S0: prevLog &raft.Entry{Command:interface {}(nil), Term:0, Index:0}
002510 LEAD S0: prevLog &raft.Entry{Command:interface {}(nil), Term:0, Index:0}
002511 INFO S2: (term 1) follower 收到 [0] AppendEntries [], prevIndex 0, prevTerm 0
002512 LEAD S0: 2 append success next 1 match 0
002512 INFO S1: (term 1) follower 收到 [0] AppendEntries [], prevIndex 0, prevTerm 0
002512 LEAD S0: 1 append success next 1 match 0
003012 LEAD S0: prevLog &raft.Entry{Command:interface {}(nil), Term:0, Index:0}
003012 LEAD S0: prevLog &raft.Entry{Command:interface {}(nil), Term:0, Index:0}
003013 INFO S1: (term 1) follower 收到 [0] AppendEntries [], prevIndex 0, prevTerm 0
003013 INFO S2: (term 1) follower 收到 [0] AppendEntries [], prevIndex 0, prevTerm 0
003013 LEAD S0: 1 append success next 1 match 0
003014 LEAD S0: 2 append success next 1 match 0
003515 LEAD S0: prevLog &raft.Entry{Command:interface {}(nil), Term:0, Index:0}
003515 LEAD S0: prevLog &raft.Entry{Command:interface {}(nil), Term:0, Index:0}
003516 INFO S1: (term 1) follower 收到 [0] AppendEntries [], prevIndex 0, prevTerm 0
003516 INFO S2: (term 1) follower 收到 [0] AppendEntries [], prevIndex 0, prevTerm 0
003516 LEAD S0: 2 append success next 1 match 0
003516 LEAD S0: 1 append success next 1 match 0
004017 LEAD S0: prevLog &raft.Entry{Command:interface {}(nil), Term:0, Index:0}
004017 LEAD S0: prevLog &raft.Entry{Command:interface {}(nil), Term:0, Index:0}
004018 INFO S1: (term 1) follower 收到 [0] AppendEntries [], prevIndex 0, prevTerm 0
004018 LEAD S0: 1 append success next 1 match 0
004018 INFO S2: (term 1) follower 收到 [0] AppendEntries [], prevIndex 0, prevTerm 0
004019 LEAD S0: 2 append success next 1 match 0
004520 LEAD S0: prevLog &raft.Entry{Command:interface {}(nil), Term:0, Index:0}
004520 LEAD S0: prevLog &raft.Entry{Command:interface {}(nil), Term:0, Index:0}
004520 INFO S1: (term 1) follower 收到 [0] AppendEntries [], prevIndex 0, prevTerm 0
004521 INFO S2: (term 1) follower 收到 [0] AppendEntries [], prevIndex 0, prevTerm 0
004521 LEAD S0: 1 append success next 1 match 0
004521 LEAD S0: 2 append success next 1 match 0
005021 LEAD S0: prevLog &raft.Entry{Command:interface {}(nil), Term:0, Index:0}
005022 LEAD S0: prevLog &raft.Entry{Command:interface {}(nil), Term:0, Index:0}
005022 INFO S1: (term 1) follower 收到 [0] AppendEntries [], prevIndex 0, prevTerm 0
005023 LEAD S0: 1 append success next 1 match 0
005023 INFO S2: (term 1) follower 收到 [0] AppendEntries [], prevIndex 0, prevTerm 0
005023 LEAD S0: 2 append success next 1 match 0
005523 LEAD S0: prevLog &raft.Entry{Command:interface {}(nil), Term:0, Index:0}
005524 LEAD S0: prevLog &raft.Entry{Command:interface {}(nil), Term:0, Index:0}
005524 INFO S2: (term 1) follower 收到 [0] AppendEntries [], prevIndex 0, prevTerm 0
005525 LEAD S0: 2 append success next 1 match 0
005525 INFO S1: (term 1) follower 收到 [0] AppendEntries [], prevIndex 0, prevTerm 0
005525 LEAD S0: 1 append success next 1 match 0
006025 LEAD S0: prevLog &raft.Entry{Command:interface {}(nil), Term:0, Index:0}
006025 LEAD S0: prevLog &raft.Entry{Command:interface {}(nil), Term:0, Index:0}
006026 INFO S2: (term 1) follower 收到 [0] AppendEntries [], prevIndex 0, prevTerm 0
006026 INFO S1: (term 1) follower 收到 [0] AppendEntries [], prevIndex 0, prevTerm 0
006027 LEAD S0: 2 append success next 1 match 0
006027 LEAD S0: 1 append success next 1 match 0
006527 LEAD S0: prevLog &raft.Entry{Command:interface {}(nil), Term:0, Index:0}
006527 LEAD S0: prevLog &raft.Entry{Command:interface {}(nil), Term:0, Index:0}
006528 INFO S1: (term 1) follower 收到 [0] AppendEntries [], prevIndex 0, prevTerm 0
006528 INFO S2: (term 1) follower 收到 [0] AppendEntries [], prevIndex 0, prevTerm 0
006528 LEAD S0: 1 append success next 1 match 0
006529 LEAD S0: 2 append success next 1 match 0
007029 LEAD S0: prevLog &raft.Entry{Command:interface {}(nil), Term:0, Index:0}
007029 LEAD S0: prevLog &raft.Entry{Command:interface {}(nil), Term:0, Index:0}
007030 INFO S1: (term 1) follower 收到 [0] AppendEntries [], prevIndex 0, prevTerm 0
007030 INFO S2: (term 1) follower 收到 [0] AppendEntries [], prevIndex 0, prevTerm 0
007030 LEAD S0: 1 append success next 1 match 0
007030 LEAD S0: 2 append success next 1 match 0
007530 LEAD S0: prevLog &raft.Entry{Command:interface {}(nil), Term:0, Index:0}
007530 LEAD S0: prevLog &raft.Entry{Command:interface {}(nil), Term:0, Index:0}
007531 INFO S1: (term 1) follower 收到 [0] AppendEntries [], prevIndex 0, prevTerm 0
007531 INFO S2: (term 1) follower 收到 [0] AppendEntries [], prevIndex 0, prevTerm 0
007531 LEAD S0: 1 append success next 1 match 0
007532 LEAD S0: 2 append success next 1 match 0
008032 LEAD S0: prevLog &raft.Entry{Command:interface {}(nil), Term:0, Index:0}
008032 LEAD S0: prevLog &raft.Entry{Command:interface {}(nil), Term:0, Index:0}
008032 INFO S1: (term 1) follower 收到 [0] AppendEntries [], prevIndex 0, prevTerm 0
008033 LEAD S0: 1 append success next 1 match 0
008033 INFO S2: (term 1) follower 收到 [0] AppendEntries [], prevIndex 0, prevTerm 0
008033 LEAD S0: 2 append success next 1 match 0
008534 LEAD S0: prevLog &raft.Entry{Command:interface {}(nil), Term:0, Index:0}
008534 LEAD S0: prevLog &raft.Entry{Command:interface {}(nil), Term:0, Index:0}
008535 INFO S1: (term 1) follower 收到 [0] AppendEntries [], prevIndex 0, prevTerm 0
008535 INFO S2: (term 1) follower 收到 [0] AppendEntries [], prevIndex 0, prevTerm 0
008536 LEAD S0: 2 append success next 1 match 0
008536 LEAD S0: 1 append success next 1 match 0
009036 LEAD S0: prevLog &raft.Entry{Command:interface {}(nil), Term:0, Index:0}
009036 LEAD S0: prevLog &raft.Entry{Command:interface {}(nil), Term:0, Index:0}
009037 INFO S2: (term 1) follower 收到 [0] AppendEntries [], prevIndex 0, prevTerm 0
009037 LEAD S0: 2 append success next 1 match 0
009038 INFO S1: (term 1) follower 收到 [0] AppendEntries [], prevIndex 0, prevTerm 0
009038 LEAD S0: 1 append success next 1 match 0
009538 LEAD S0: prevLog &raft.Entry{Command:interface {}(nil), Term:0, Index:0}
009538 LEAD S0: prevLog &raft.Entry{Command:interface {}(nil), Term:0, Index:0}
009539 INFO S2: (term 1) follower 收到 [0] AppendEntries [], prevIndex 0, prevTerm 0
009539 INFO S1: (term 1) follower 收到 [0] AppendEntries [], prevIndex 0, prevTerm 0
009539 LEAD S0: 2 append success next 1 match 0
009539 LEAD S0: 1 append success next 1 match 0
010040 LEAD S0: prevLog &raft.Entry{Command:interface {}(nil), Term:0, Index:0}
010040 LEAD S0: prevLog &raft.Entry{Command:interface {}(nil), Term:0, Index:0}
010041 INFO S1: (term 1) follower 收到 [0] AppendEntries [], prevIndex 0, prevTerm 0
010041 INFO S2: (term 1) follower 收到 [0] AppendEntries [], prevIndex 0, prevTerm 0
010041 LEAD S0: 1 append success next 1 match 0
010041 LEAD S0: 2 append success next 1 match 0
010543 LEAD S0: prevLog &raft.Entry{Command:interface {}(nil), Term:0, Index:0}
010543 LEAD S0: prevLog &raft.Entry{Command:interface {}(nil), Term:0, Index:0}
010544 INFO S2: (term 1) follower 收到 [0] AppendEntries [], prevIndex 0, prevTerm 0
010544 INFO S1: (term 1) follower 收到 [0] AppendEntries [], prevIndex 0, prevTerm 0
010544 LEAD S0: 1 append success next 1 match 0
010544 LEAD S0: 2 append success next 1 match 0
011045 LEAD S0: prevLog &raft.Entry{Command:interface {}(nil), Term:0, Index:0}
011045 LEAD S0: prevLog &raft.Entry{Command:interface {}(nil), Term:0, Index:0}
011046 INFO S1: (term 1) follower 收到 [0] AppendEntries [], prevIndex 0, prevTerm 0
011046 INFO S2: (term 1) follower 收到 [0] AppendEntries [], prevIndex 0, prevTerm 0
011046 LEAD S0: 1 append success next 1 match 0
011046 LEAD S0: 2 append success next 1 match 0
011547 LEAD S0: prevLog &raft.Entry{Command:interface {}(nil), Term:0, Index:0}
011547 LEAD S0: prevLog &raft.Entry{Command:interface {}(nil), Term:0, Index:0}
011548 INFO S2: (term 1) follower 收到 [0] AppendEntries [], prevIndex 0, prevTerm 0
011548 LEAD S0: 2 append success next 1 match 0
011548 INFO S1: (term 1) follower 收到 [0] AppendEntries [], prevIndex 0, prevTerm 0
011549 LEAD S0: 1 append success next 1 match 0
012049 LEAD S0: prevLog &raft.Entry{Command:interface {}(nil), Term:0, Index:0}
012049 LEAD S0: prevLog &raft.Entry{Command:interface {}(nil), Term:0, Index:0}
012050 INFO S1: (term 1) follower 收到 [0] AppendEntries [], prevIndex 0, prevTerm 0
012050 INFO S2: (term 1) follower 收到 [0] AppendEntries [], prevIndex 0, prevTerm 0
012050 LEAD S0: 1 append success next 1 match 0
012050 LEAD S0: 2 append success next 1 match 0
012551 LEAD S0: prevLog &raft.Entry{Command:interface {}(nil), Term:0, Index:0}
012551 LEAD S0: prevLog &raft.Entry{Command:interface {}(nil), Term:0, Index:0}
012552 INFO S1: (term 1) follower 收到 [0] AppendEntries [], prevIndex 0, prevTerm 0
012552 INFO S2: (term 1) follower 收到 [0] AppendEntries [], prevIndex 0, prevTerm 0
012552 LEAD S0: 1 append success next 1 match 0
012552 LEAD S0: 2 append success next 1 match 0
013052 LEAD S0: prevLog &raft.Entry{Command:interface {}(nil), Term:0, Index:0}
013053 LEAD S0: prevLog &raft.Entry{Command:interface {}(nil), Term:0, Index:0}
013053 INFO S2: (term 1) follower 收到 [0] AppendEntries [], prevIndex 0, prevTerm 0
013053 INFO S1: (term 1) follower 收到 [0] AppendEntries [], prevIndex 0, prevTerm 0
013054 LEAD S0: 2 append success next 1 match 0
013054 LEAD S0: 1 append success next 1 match 0
013555 LEAD S0: prevLog &raft.Entry{Command:interface {}(nil), Term:0, Index:0}
013555 LEAD S0: prevLog &raft.Entry{Command:interface {}(nil), Term:0, Index:0}
013556 INFO S1: (term 1) follower 收到 [0] AppendEntries [], prevIndex 0, prevTerm 0
013556 INFO S2: (term 1) follower 收到 [0] AppendEntries [], prevIndex 0, prevTerm 0
013556 LEAD S0: 1 append success next 1 match 0
013556 LEAD S0: 2 append success next 1 match 0
014057 LEAD S0: prevLog &raft.Entry{Command:interface {}(nil), Term:0, Index:0}
014058 LEAD S0: prevLog &raft.Entry{Command:interface {}(nil), Term:0, Index:0}
014058 INFO S2: (term 1) follower 收到 [0] AppendEntries [], prevIndex 0, prevTerm 0
014058 INFO S1: (term 1) follower 收到 [0] AppendEntries [], prevIndex 0, prevTerm 0
014059 LEAD S0: 2 append success next 1 match 0
014059 LEAD S0: 1 append success next 1 match 0
014560 LEAD S0: prevLog &raft.Entry{Command:interface {}(nil), Term:0, Index:0}
014560 LEAD S0: prevLog &raft.Entry{Command:interface {}(nil), Term:0, Index:0}
014561 INFO S1: (term 1) follower 收到 [0] AppendEntries [], prevIndex 0, prevTerm 0
014561 INFO S2: (term 1) follower 收到 [0] AppendEntries [], prevIndex 0, prevTerm 0
014561 LEAD S0: 2 append success next 1 match 0
014562 LEAD S0: 1 append success next 1 match 0
015063 LEAD S0: prevLog &raft.Entry{Command:interface {}(nil), Term:0, Index:0}
015063 LEAD S0: prevLog &raft.Entry{Command:interface {}(nil), Term:0, Index:0}
015064 INFO S2: (term 1) follower 收到 [0] AppendEntries [], prevIndex 0, prevTerm 0
015064 INFO S1: (term 1) follower 收到 [0] AppendEntries [], prevIndex 0, prevTerm 0
015064 LEAD S0: 2 append success next 1 match 0
015064 LEAD S0: 1 append success next 1 match 0
015564 LEAD S0: prevLog &raft.Entry{Command:interface {}(nil), Term:0, Index:0}
015565 LEAD S0: prevLog &raft.Entry{Command:interface {}(nil), Term:0, Index:0}
015565 INFO S2: (term 1) follower 收到 [0] AppendEntries [], prevIndex 0, prevTerm 0
015565 INFO S1: (term 1) follower 收到 [0] AppendEntries [], prevIndex 0, prevTerm 0
015566 LEAD S0: 2 append success next 1 match 0
015566 LEAD S0: 1 append success next 1 match 0
016066 LEAD S0: prevLog &raft.Entry{Command:interface {}(nil), Term:0, Index:0}
016067 LEAD S0: prevLog &raft.Entry{Command:interface {}(nil), Term:0, Index:0}
016067 INFO S1: (term 1) follower 收到 [0] AppendEntries [], prevIndex 0, prevTerm 0
016067 INFO S2: (term 1) follower 收到 [0] AppendEntries [], prevIndex 0, prevTerm 0
016068 LEAD S0: 1 append success next 1 match 0
016068 LEAD S0: 2 append success next 1 match 0
016568 LEAD S0: prevLog &raft.Entry{Command:interface {}(nil), Term:0, Index:0}
016568 LEAD S0: prevLog &raft.Entry{Command:interface {}(nil), Term:0, Index:0}
016569 INFO S1: (term 1) follower 收到 [0] AppendEntries [], prevIndex 0, prevTerm 0
016569 INFO S2: (term 1) follower 收到 [0] AppendEntries [], prevIndex 0, prevTerm 0
016570 LEAD S0: 2 append success next 1 match 0
016570 LEAD S0: 1 append success next 1 match 0
017070 LEAD S0: prevLog &raft.Entry{Command:interface {}(nil), Term:0, Index:0}
017070 LEAD S0: prevLog &raft.Entry{Command:interface {}(nil), Term:0, Index:0}
017071 INFO S1: (term 1) follower 收到 [0] AppendEntries [], prevIndex 0, prevTerm 0
017071 INFO S2: (term 1) follower 收到 [0] AppendEntries [], prevIndex 0, prevTerm 0
017071 LEAD S0: 1 append success next 1 match 0
017071 LEAD S0: 2 append success next 1 match 0
017572 LEAD S0: prevLog &raft.Entry{Command:interface {}(nil), Term:0, Index:0}
017572 LEAD S0: prevLog &raft.Entry{Command:interface {}(nil), Term:0, Index:0}
017573 INFO S1: (term 1) follower 收到 [0] AppendEntries [], prevIndex 0, prevTerm 0
017573 INFO S2: (term 1) follower 收到 [0] AppendEntries [], prevIndex 0, prevTerm 0
017573 LEAD S0: 1 append success next 1 match 0
017574 LEAD S0: 2 append success next 1 match 0
018073 LEAD S0: prevLog &raft.Entry{Command:interface {}(nil), Term:0, Index:0}
018074 LEAD S0: prevLog &raft.Entry{Command:interface {}(nil), Term:0, Index:0}
018074 INFO S1: (term 1) follower 收到 [0] AppendEntries [], prevIndex 0, prevTerm 0
018075 LEAD S0: 1 append success next 1 match 0
018074 INFO S2: (term 1) follower 收到 [0] AppendEntries [], prevIndex 0, prevTerm 0
018075 LEAD S0: 2 append success next 1 match 0
018575 LEAD S0: prevLog &raft.Entry{Command:interface {}(nil), Term:0, Index:0}
018575 LEAD S0: prevLog &raft.Entry{Command:interface {}(nil), Term:0, Index:0}
018576 INFO S2: (term 1) follower 收到 [0] AppendEntries [], prevIndex 0, prevTerm 0
018577 LEAD S0: 2 append success next 1 match 0
018577 INFO S1: (term 1) follower 收到 [0] AppendEntries [], prevIndex 0, prevTerm 0
018577 LEAD S0: 1 append success next 1 match 0
019078 LEAD S0: prevLog &raft.Entry{Command:interface {}(nil), Term:0, Index:0}
019078 LEAD S0: prevLog &raft.Entry{Command:interface {}(nil), Term:0, Index:0}
019079 INFO S1: (term 1) follower 收到 [0] AppendEntries [], prevIndex 0, prevTerm 0
019079 INFO S2: (term 1) follower 收到 [0] AppendEntries [], prevIndex 0, prevTerm 0
019079 LEAD S0: 1 append success next 1 match 0
019080 LEAD S0: 2 append success next 1 match 0
019580 LEAD S0: prevLog &raft.Entry{Command:interface {}(nil), Term:0, Index:0}
019580 LEAD S0: prevLog &raft.Entry{Command:interface {}(nil), Term:0, Index:0}
019581 INFO S1: (term 1) follower 收到 [0] AppendEntries [], prevIndex 0, prevTerm 0
019581 INFO S2: (term 1) follower 收到 [0] AppendEntries [], prevIndex 0, prevTerm 0
019581 LEAD S0: 1 append success next 1 match 0
019581 LEAD S0: 2 append success next 1 match 0
020081 LEAD S0: prevLog &raft.Entry{Command:interface {}(nil), Term:0, Index:0}
020082 LEAD S0: prevLog &raft.Entry{Command:interface {}(nil), Term:0, Index:0}
020082 INFO S1: (term 1) follower 收到 [0] AppendEntries [], prevIndex 0, prevTerm 0
020082 INFO S2: (term 1) follower 收到 [0] AppendEntries [], prevIndex 0, prevTerm 0
020083 LEAD S0: 1 append success next 1 match 0
020083 LEAD S0: 2 append success next 1 match 0
020583 LEAD S0: prevLog &raft.Entry{Command:interface {}(nil), Term:0, Index:0}
020584 LEAD S0: prevLog &raft.Entry{Command:interface {}(nil), Term:0, Index:0}
020584 INFO S1: (term 1) follower 收到 [0] AppendEntries [], prevIndex 0, prevTerm 0
020584 INFO S2: (term 1) follower 收到 [0] AppendEntries [], prevIndex 0, prevTerm 0
020585 LEAD S0: 1 append success next 1 match 0
020585 LEAD S0: 2 append success next 1 match 0
021085 LEAD S0: prevLog &raft.Entry{Command:interface {}(nil), Term:0, Index:0}
021085 LEAD S0: prevLog &raft.Entry{Command:interface {}(nil), Term:0, Index:0}
021086 INFO S2: (term 1) follower 收到 [0] AppendEntries [], prevIndex 0, prevTerm 0
021086 INFO S1: (term 1) follower 收到 [0] AppendEntries [], prevIndex 0, prevTerm 0
021086 LEAD S0: 2 append success next 1 match 0
021086 LEAD S0: 1 append success next 1 match 0
021587 LEAD S0: prevLog &raft.Entry{Command:interface {}(nil), Term:0, Index:0}
021587 LEAD S0: prevLog &raft.Entry{Command:interface {}(nil), Term:0, Index:0}
021588 INFO S2: (term 1) follower 收到 [0] AppendEntries [], prevIndex 0, prevTerm 0
021588 INFO S1: (term 1) follower 收到 [0] AppendEntries [], prevIndex 0, prevTerm 0
021588 LEAD S0: 2 append success next 1 match 0
021588 LEAD S0: 1 append success next 1 match 0
022088 LEAD S0: prevLog &raft.Entry{Command:interface {}(nil), Term:0, Index:0}
022089 LEAD S0: prevLog &raft.Entry{Command:interface {}(nil), Term:0, Index:0}
022089 INFO S1: (term 1) follower 收到 [0] AppendEntries [], prevIndex 0, prevTerm 0
022089 INFO S2: (term 1) follower 收到 [0] AppendEntries [], prevIndex 0, prevTerm 0
022090 LEAD S0: 1 append success next 1 match 0
022090 LEAD S0: 2 append success next 1 match 0
022590 LEAD S0: prevLog &raft.Entry{Command:interface {}(nil), Term:0, Index:0}
022590 LEAD S0: prevLog &raft.Entry{Command:interface {}(nil), Term:0, Index:0}
022591 INFO S2: (term 1) follower 收到 [0] AppendEntries [], prevIndex 0, prevTerm 0
022591 LEAD S0: 2 append success next 1 match 0
022592 INFO S1: (term 1) follower 收到 [0] AppendEntries [], prevIndex 0, prevTerm 0
022592 LEAD S0: 1 append success next 1 match 0
023093 LEAD S0: prevLog &raft.Entry{Command:interface {}(nil), Term:0, Index:0}
023093 LEAD S0: prevLog &raft.Entry{Command:interface {}(nil), Term:0, Index:0}
023094 INFO S1: (term 1) follower 收到 [0] AppendEntries [], prevIndex 0, prevTerm 0
023094 INFO S2: (term 1) follower 收到 [0] AppendEntries [], prevIndex 0, prevTerm 0
023095 LEAD S0: 1 append success next 1 match 0
023095 LEAD S0: 2 append success next 1 match 0
023595 LEAD S0: prevLog &raft.Entry{Command:interface {}(nil), Term:0, Index:0}
023595 LEAD S0: prevLog &raft.Entry{Command:interface {}(nil), Term:0, Index:0}
023596 INFO S2: (term 1) follower 收到 [0] AppendEntries [], prevIndex 0, prevTerm 0
023596 INFO S1: (term 1) follower 收到 [0] AppendEntries [], prevIndex 0, prevTerm 0
023596 LEAD S0: 2 append success next 1 match 0
023596 LEAD S0: 1 append success next 1 match 0
024097 LEAD S0: prevLog &raft.Entry{Command:interface {}(nil), Term:0, Index:0}
024097 LEAD S0: prevLog &raft.Entry{Command:interface {}(nil), Term:0, Index:0}
024098 INFO S2: (term 1) follower 收到 [0] AppendEntries [], prevIndex 0, prevTerm 0
024098 LEAD S0: 2 append success next 1 match 0
024098 INFO S1: (term 1) follower 收到 [0] AppendEntries [], prevIndex 0, prevTerm 0
024099 LEAD S0: 1 append success next 1 match 0
024599 LEAD S0: prevLog &raft.Entry{Command:interface {}(nil), Term:0, Index:0}
024599 LEAD S0: prevLog &raft.Entry{Command:interface {}(nil), Term:0, Index:0}
024600 INFO S2: (term 1) follower 收到 [0] AppendEntries [], prevIndex 0, prevTerm 0
024600 INFO S1: (term 1) follower 收到 [0] AppendEntries [], prevIndex 0, prevTerm 0
024600 LEAD S0: 2 append success next 1 match 0
024600 LEAD S0: 1 append success next 1 match 0
025101 LEAD S0: prevLog &raft.Entry{Command:interface {}(nil), Term:0, Index:0}
025101 LEAD S0: prevLog &raft.Entry{Command:interface {}(nil), Term:0, Index:0}
025102 INFO S2: (term 1) follower 收到 [0] AppendEntries [], prevIndex 0, prevTerm 0
025102 INFO S1: (term 1) follower 收到 [0] AppendEntries [], prevIndex 0, prevTerm 0
025102 LEAD S0: 2 append success next 1 match 0
025103 LEAD S0: 1 append success next 1 match 0
025603 LEAD S0: prevLog &raft.Entry{Command:interface {}(nil), Term:0, Index:0}
025603 LEAD S0: prevLog &raft.Entry{Command:interface {}(nil), Term:0, Index:0}
025604 INFO S2: (term 1) follower 收到 [0] AppendEntries [], prevIndex 0, prevTerm 0
025604 INFO S1: (term 1) follower 收到 [0] AppendEntries [], prevIndex 0, prevTerm 0
025604 LEAD S0: 2 append success next 1 match 0
025604 LEAD S0: 1 append success next 1 match 0
026104 LEAD S0: prevLog &raft.Entry{Command:interface {}(nil), Term:0, Index:0}
026105 LEAD S0: prevLog &raft.Entry{Command:interface {}(nil), Term:0, Index:0}
026105 INFO S1: (term 1) follower 收到 [0] AppendEntries [], prevIndex 0, prevTerm 0
026105 INFO S2: (term 1) follower 收到 [0] AppendEntries [], prevIndex 0, prevTerm 0
026106 LEAD S0: 1 append success next 1 match 0
026106 LEAD S0: 2 append success next 1 match 0
026607 LEAD S0: prevLog &raft.Entry{Command:interface {}(nil), Term:0, Index:0}
026607 LEAD S0: prevLog &raft.Entry{Command:interface {}(nil), Term:0, Index:0}
026608 INFO S1: (term 1) follower 收到 [0] AppendEntries [], prevIndex 0, prevTerm 0
026608 INFO S2: (term 1) follower 收到 [0] AppendEntries [], prevIndex 0, prevTerm 0
026609 LEAD S0: 1 append success next 1 match 0
026609 LEAD S0: 2 append success next 1 match 0
027109 LEAD S0: prevLog &raft.Entry{Command:interface {}(nil), Term:0, Index:0}
027109 LEAD S0: prevLog &raft.Entry{Command:interface {}(nil), Term:0, Index:0}
027110 INFO S2: (term 1) follower 收到 [0] AppendEntries [], prevIndex 0, prevTerm 0
027110 INFO S1: (term 1) follower 收到 [0] AppendEntries [], prevIndex 0, prevTerm 0
027110 LEAD S0: 2 append success next 1 match 0
027110 LEAD S0: 1 append success next 1 match 0
027611 LEAD S0: prevLog &raft.Entry{Command:interface {}(nil), Term:0, Index:0}
027611 LEAD S0: prevLog &raft.Entry{Command:interface {}(nil), Term:0, Index:0}
027612 INFO S1: (term 1) follower 收到 [0] AppendEntries [], prevIndex 0, prevTerm 0
027612 INFO S2: (term 1) follower 收到 [0] AppendEntries [], prevIndex 0, prevTerm 0
027612 LEAD S0: 1 append success next 1 match 0
027612 LEAD S0: 2 append success next 1 match 0
028113 LEAD S0: prevLog &raft.Entry{Command:interface {}(nil), Term:0, Index:0}
028113 LEAD S0: prevLog &raft.Entry{Command:interface {}(nil), Term:0, Index:0}
028114 INFO S1: (term 1) follower 收到 [0] AppendEntries [], prevIndex 0, prevTerm 0
028114 INFO S2: (term 1) follower 收到 [0] AppendEntries [], prevIndex 0, prevTerm 0
028114 LEAD S0: 1 append success next 1 match 0
028114 LEAD S0: 2 append success next 1 match 0
028615 LEAD S0: prevLog &raft.Entry{Command:interface {}(nil), Term:0, Index:0}
028615 LEAD S0: prevLog &raft.Entry{Command:interface {}(nil), Term:0, Index:0}
028616 INFO S2: (term 1) follower 收到 [0] AppendEntries [], prevIndex 0, prevTerm 0
028616 INFO S1: (term 1) follower 收到 [0] AppendEntries [], prevIndex 0, prevTerm 0
028616 LEAD S0: 2 append success next 1 match 0
028616 LEAD S0: 1 append success next 1 match 0
029117 LEAD S0: prevLog &raft.Entry{Command:interface {}(nil), Term:0, Index:0}
029117 LEAD S0: prevLog &raft.Entry{Command:interface {}(nil), Term:0, Index:0}
029117 INFO S1: (term 1) follower 收到 [0] AppendEntries [], prevIndex 0, prevTerm 0
029118 INFO S2: (term 1) follower 收到 [0] AppendEntries [], prevIndex 0, prevTerm 0
029118 LEAD S0: 1 append success next 1 match 0
029118 LEAD S0: 2 append success next 1 match 0
029618 LEAD S0: prevLog &raft.Entry{Command:interface {}(nil), Term:0, Index:0}
029618 LEAD S0: prevLog &raft.Entry{Command:interface {}(nil), Term:0, Index:0}
029619 INFO S1: (term 1) follower 收到 [0] AppendEntries [], prevIndex 0, prevTerm 0
029619 INFO S2: (term 1) follower 收到 [0] AppendEntries [], prevIndex 0, prevTerm 0
029619 LEAD S0: 1 append success next 1 match 0
029620 LEAD S0: 2 append success next 1 match 0
030120 LEAD S0: prevLog &raft.Entry{Command:interface {}(nil), Term:0, Index:0}
030120 LEAD S0: prevLog &raft.Entry{Command:interface {}(nil), Term:0, Index:0}
030121 INFO S1: (term 1) follower 收到 [0] AppendEntries [], prevIndex 0, prevTerm 0
030121 INFO S2: (term 1) follower 收到 [0] AppendEntries [], prevIndex 0, prevTerm 0
030121 LEAD S0: 1 append success next 1 match 0
030122 LEAD S0: 2 append success next 1 match 0
030622 LEAD S0: prevLog &raft.Entry{Command:interface {}(nil), Term:0, Index:0}
030622 LEAD S0: prevLog &raft.Entry{Command:interface {}(nil), Term:0, Index:0}
030623 INFO S1: (term 1) follower 收到 [0] AppendEntries [], prevIndex 0, prevTerm 0
030623 LEAD S0: 1 append success next 1 match 0
030623 INFO S2: (term 1) follower 收到 [0] AppendEntries [], prevIndex 0, prevTerm 0
030623 LEAD S0: 2 append success next 1 match 0
031124 LEAD S0: prevLog &raft.Entry{Command:interface {}(nil), Term:0, Index:0}
031125 LEAD S0: prevLog &raft.Entry{Command:interface {}(nil), Term:0, Index:0}
031125 INFO S2: (term 1) follower 收到 [0] AppendEntries [], prevIndex 0, prevTerm 0
031126 LEAD S0: 2 append success next 1 match 0
031126 INFO S1: (term 1) follower 收到 [0] AppendEntries [], prevIndex 0, prevTerm 0
031126 LEAD S0: 1 append success next 1 match 0
031626 LEAD S0: prevLog &raft.Entry{Command:interface {}(nil), Term:0, Index:0}
031627 LEAD S0: prevLog &raft.Entry{Command:interface {}(nil), Term:0, Index:0}
031627 INFO S1: (term 1) follower 收到 [0] AppendEntries [], prevIndex 0, prevTerm 0
031627 INFO S2: (term 1) follower 收到 [0] AppendEntries [], prevIndex 0, prevTerm 0
031628 LEAD S0: 1 append success next 1 match 0
031628 LEAD S0: 2 append success next 1 match 0
032128 LEAD S0: prevLog &raft.Entry{Command:interface {}(nil), Term:0, Index:0}
032128 LEAD S0: prevLog &raft.Entry{Command:interface {}(nil), Term:0, Index:0}
032129 INFO S2: (term 1) follower 收到 [0] AppendEntries [], prevIndex 0, prevTerm 0
032129 LEAD S0: 2 append success next 1 match 0
032130 INFO S1: (term 1) follower 收到 [0] AppendEntries [], prevIndex 0, prevTerm 0
032130 LEAD S0: 1 append success next 1 match 0
032631 LEAD S0: prevLog &raft.Entry{Command:interface {}(nil), Term:0, Index:0}
032631 LEAD S0: prevLog &raft.Entry{Command:interface {}(nil), Term:0, Index:0}
032631 INFO S1: (term 1) follower 收到 [0] AppendEntries [], prevIndex 0, prevTerm 0
032632 INFO S2: (term 1) follower 收到 [0] AppendEntries [], prevIndex 0, prevTerm 0
032632 LEAD S0: 1 append success next 1 match 0
032632 LEAD S0: 2 append success next 1 match 0
033132 LEAD S0: prevLog &raft.Entry{Command:interface {}(nil), Term:0, Index:0}
033132 LEAD S0: prevLog &raft.Entry{Command:interface {}(nil), Term:0, Index:0}
033133 INFO S1: (term 1) follower 收到 [0] AppendEntries [], prevIndex 0, prevTerm 0
033133 LEAD S0: 1 append success next 1 match 0
033133 INFO S2: (term 1) follower 收到 [0] AppendEntries [], prevIndex 0, prevTerm 0
033134 LEAD S0: 2 append success next 1 match 0
033635 LEAD S0: prevLog &raft.Entry{Command:interface {}(nil), Term:0, Index:0}
033635 LEAD S0: prevLog &raft.Entry{Command:interface {}(nil), Term:0, Index:0}
033636 INFO S2: (term 1) follower 收到 [0] AppendEntries [], prevIndex 0, prevTerm 0
033636 INFO S1: (term 1) follower 收到 [0] AppendEntries [], prevIndex 0, prevTerm 0
033636 LEAD S0: 1 append success next 1 match 0
033636 LEAD S0: 2 append success next 1 match 0
034137 LEAD S0: prevLog &raft.Entry{Command:interface {}(nil), Term:0, Index:0}
034137 LEAD S0: prevLog &raft.Entry{Command:interface {}(nil), Term:0, Index:0}
034138 INFO S1: (term 1) follower 收到 [0] AppendEntries [], prevIndex 0, prevTerm 0
034138 INFO S2: (term 1) follower 收到 [0] AppendEntries [], prevIndex 0, prevTerm 0
034138 LEAD S0: 1 append success next 1 match 0
034138 LEAD S0: 2 append success next 1 match 0
034638 LEAD S0: prevLog &raft.Entry{Command:interface {}(nil), Term:0, Index:0}
034638 LEAD S0: prevLog &raft.Entry{Command:interface {}(nil), Term:0, Index:0}
034639 INFO S1: (term 1) follower 收到 [0] AppendEntries [], prevIndex 0, prevTerm 0
034641 LEAD S0: 1 append success next 1 match 0
034641 INFO S2: (term 1) follower 收到 [0] AppendEntries [], prevIndex 0, prevTerm 0
034644 LEAD S0: 2 append success next 1 match 0
035139 LEAD S0: prevLog &raft.Entry{Command:interface {}(nil), Term:0, Index:0}
035139 LEAD S0: prevLog &raft.Entry{Command:interface {}(nil), Term:0, Index:0}
035140 INFO S2: (term 1) follower 收到 [0] AppendEntries [], prevIndex 0, prevTerm 0
035140 INFO S1: (term 1) follower 收到 [0] AppendEntries [], prevIndex 0, prevTerm 0
035140 LEAD S0: 2 append success next 1 match 0
035140 LEAD S0: 1 append success next 1 match 0
035641 LEAD S0: prevLog &raft.Entry{Command:interface {}(nil), Term:0, Index:0}
035641 LEAD S0: prevLog &raft.Entry{Command:interface {}(nil), Term:0, Index:0}
035642 INFO S2: (term 1) follower 收到 [0] AppendEntries [], prevIndex 0, prevTerm 0
035642 INFO S1: (term 1) follower 收到 [0] AppendEntries [], prevIndex 0, prevTerm 0
035642 LEAD S0: 2 append success next 1 match 0
035642 LEAD S0: 1 append success next 1 match 0
036143 LEAD S0: prevLog &raft.Entry{Command:interface {}(nil), Term:0, Index:0}
036143 LEAD S0: prevLog &raft.Entry{Command:interface {}(nil), Term:0, Index:0}
036144 INFO S1: (term 1) follower 收到 [0] AppendEntries [], prevIndex 0, prevTerm 0
036144 INFO S2: (term 1) follower 收到 [0] AppendEntries [], prevIndex 0, prevTerm 0
036144 LEAD S0: 1 append success next 1 match 0
036144 LEAD S0: 2 append success next 1 match 0
036645 LEAD S0: prevLog &raft.Entry{Command:interface {}(nil), Term:0, Index:0}
036645 LEAD S0: prevLog &raft.Entry{Command:interface {}(nil), Term:0, Index:0}
036646 INFO S1: (term 1) follower 收到 [0] AppendEntries [], prevIndex 0, prevTerm 0
036646 INFO S2: (term 1) follower 收到 [0] AppendEntries [], prevIndex 0, prevTerm 0
036646 LEAD S0: 1 append success next 1 match 0
036646 LEAD S0: 2 append success next 1 match 0
037146 LEAD S0: prevLog &raft.Entry{Command:interface {}(nil), Term:0, Index:0}
037147 LEAD S0: prevLog &raft.Entry{Command:interface {}(nil), Term:0, Index:0}
037148 INFO S1: (term 1) follower 收到 [0] AppendEntries [], prevIndex 0, prevTerm 0
037148 INFO S2: (term 1) follower 收到 [0] AppendEntries [], prevIndex 0, prevTerm 0
037148 LEAD S0: 1 append success next 1 match 0
037148 LEAD S0: 2 append success next 1 match 0
037648 LEAD S0: prevLog &raft.Entry{Command:interface {}(nil), Term:0, Index:0}
037648 LEAD S0: prevLog &raft.Entry{Command:interface {}(nil), Term:0, Index:0}
037649 INFO S2: (term 1) follower 收到 [0] AppendEntries [], prevIndex 0, prevTerm 0
037649 INFO S1: (term 1) follower 收到 [0] AppendEntries [], prevIndex 0, prevTerm 0
037649 LEAD S0: 2 append success next 1 match 0
037649 LEAD S0: 1 append success next 1 match 0
038150 LEAD S0: prevLog &raft.Entry{Command:interface {}(nil), Term:0, Index:0}
038150 LEAD S0: prevLog &raft.Entry{Command:interface {}(nil), Term:0, Index:0}
038151 INFO S1: (term 1) follower 收到 [0] AppendEntries [], prevIndex 0, prevTerm 0
038151 INFO S2: (term 1) follower 收到 [0] AppendEntries [], prevIndex 0, prevTerm 0
038151 LEAD S0: 1 append success next 1 match 0
038151 LEAD S0: 2 append success next 1 match 0
038652 LEAD S0: prevLog &raft.Entry{Command:interface {}(nil), Term:0, Index:0}
038652 LEAD S0: prevLog &raft.Entry{Command:interface {}(nil), Term:0, Index:0}
038653 INFO S2: (term 1) follower 收到 [0] AppendEntries [], prevIndex 0, prevTerm 0
038653 INFO S1: (term 1) follower 收到 [0] AppendEntries [], prevIndex 0, prevTerm 0
038653 LEAD S0: 2 append success next 1 match 0
038653 LEAD S0: 1 append success next 1 match 0
039154 LEAD S0: prevLog &raft.Entry{Command:interface {}(nil), Term:0, Index:0}
039154 LEAD S0: prevLog &raft.Entry{Command:interface {}(nil), Term:0, Index:0}
039155 INFO S1: (term 1) follower 收到 [0] AppendEntries [], prevIndex 0, prevTerm 0
039155 INFO S2: (term 1) follower 收到 [0] AppendEntries [], prevIndex 0, prevTerm 0
039155 LEAD S0: 1 append success next 1 match 0
039155 LEAD S0: 2 append success next 1 match 0
039655 LEAD S0: prevLog &raft.Entry{Command:interface {}(nil), Term:0, Index:0}
039656 LEAD S0: prevLog &raft.Entry{Command:interface {}(nil), Term:0, Index:0}
039657 INFO S1: (term 1) follower 收到 [0] AppendEntries [], prevIndex 0, prevTerm 0
039657 INFO S2: (term 1) follower 收到 [0] AppendEntries [], prevIndex 0, prevTerm 0
039657 LEAD S0: 2 append success next 1 match 0
039657 LEAD S0: 1 append success next 1 match 0
040157 LEAD S0: prevLog &raft.Entry{Command:interface {}(nil), Term:0, Index:0}
040157 LEAD S0: prevLog &raft.Entry{Command:interface {}(nil), Term:0, Index:0}
040158 INFO S1: (term 1) follower 收到 [0] AppendEntries [], prevIndex 0, prevTerm 0
040158 INFO S2: (term 1) follower 收到 [0] AppendEntries [], prevIndex 0, prevTerm 0
040158 LEAD S0: 1 append success next 1 match 0
040158 LEAD S0: 2 append success next 1 match 0
040659 LEAD S0: prevLog &raft.Entry{Command:interface {}(nil), Term:0, Index:0}
040660 LEAD S0: prevLog &raft.Entry{Command:interface {}(nil), Term:0, Index:0}
040660 INFO S1: (term 1) follower 收到 [0] AppendEntries [], prevIndex 0, prevTerm 0
040661 INFO S2: (term 1) follower 收到 [0] AppendEntries [], prevIndex 0, prevTerm 0
040661 LEAD S0: 1 append success next 1 match 0
040662 LEAD S0: 2 append success next 1 match 0
041161 LEAD S0: prevLog &raft.Entry{Command:interface {}(nil), Term:0, Index:0}
041161 LEAD S0: prevLog &raft.Entry{Command:interface {}(nil), Term:0, Index:0}
041162 INFO S2: (term 1) follower 收到 [0] AppendEntries [], prevIndex 0, prevTerm 0
041162 LEAD S0: 2 append success next 1 match 0
041162 INFO S1: (term 1) follower 收到 [0] AppendEntries [], prevIndex 0, prevTerm 0
041163 LEAD S0: 1 append success next 1 match 0
041664 LEAD S0: prevLog &raft.Entry{Command:interface {}(nil), Term:0, Index:0}
041664 LEAD S0: prevLog &raft.Entry{Command:interface {}(nil), Term:0, Index:0}
041664 INFO S1: (term 1) follower 收到 [0] AppendEntries [], prevIndex 0, prevTerm 0
041665 INFO S2: (term 1) follower 收到 [0] AppendEntries [], prevIndex 0, prevTerm 0
041665 LEAD S0: 1 append success next 1 match 0
041665 LEAD S0: 2 append success next 1 match 0
042166 LEAD S0: prevLog &raft.Entry{Command:interface {}(nil), Term:0, Index:0}
042166 LEAD S0: prevLog &raft.Entry{Command:interface {}(nil), Term:0, Index:0}
042166 INFO S1: (term 1) follower 收到 [0] AppendEntries [], prevIndex 0, prevTerm 0
042167 LEAD S0: 1 append success next 1 match 0
042167 INFO S2: (term 1) follower 收到 [0] AppendEntries [], prevIndex 0, prevTerm 0
042167 LEAD S0: 2 append success next 1 match 0
042668 LEAD S0: prevLog &raft.Entry{Command:interface {}(nil), Term:0, Index:0}
042668 LEAD S0: prevLog &raft.Entry{Command:interface {}(nil), Term:0, Index:0}
042669 INFO S1: (term 1) follower 收到 [0] AppendEntries [], prevIndex 0, prevTerm 0
042668 INFO S2: (term 1) follower 收到 [0] AppendEntries [], prevIndex 0, prevTerm 0
042669 LEAD S0: 1 append success next 1 match 0
042669 LEAD S0: 2 append success next 1 match 0
043169 LEAD S0: prevLog &raft.Entry{Command:interface {}(nil), Term:0, Index:0}
043169 LEAD S0: prevLog &raft.Entry{Command:interface {}(nil), Term:0, Index:0}
043170 INFO S1: (term 1) follower 收到 [0] AppendEntries [], prevIndex 0, prevTerm 0
043170 INFO S2: (term 1) follower 收到 [0] AppendEntries [], prevIndex 0, prevTerm 0
043170 LEAD S0: 2 append success next 1 match 0
043170 LEAD S0: 1 append success next 1 match 0
043672 LEAD S0: prevLog &raft.Entry{Command:interface {}(nil), Term:0, Index:0}
043672 LEAD S0: prevLog &raft.Entry{Command:interface {}(nil), Term:0, Index:0}
043673 INFO S1: (term 1) follower 收到 [0] AppendEntries [], prevIndex 0, prevTerm 0
043673 INFO S2: (term 1) follower 收到 [0] AppendEntries [], prevIndex 0, prevTerm 0
043673 LEAD S0: 1 append success next 1 match 0
043673 LEAD S0: 2 append success next 1 match 0
044173 LEAD S0: prevLog &raft.Entry{Command:interface {}(nil), Term:0, Index:0}
044173 LEAD S0: prevLog &raft.Entry{Command:interface {}(nil), Term:0, Index:0}
044174 INFO S2: (term 1) follower 收到 [0] AppendEntries [], prevIndex 0, prevTerm 0
044174 LEAD S0: 2 append success next 1 match 0
044174 INFO S1: (term 1) follower 收到 [0] AppendEntries [], prevIndex 0, prevTerm 0
044175 LEAD S0: 1 append success next 1 match 0
044675 LEAD S0: prevLog &raft.Entry{Command:interface {}(nil), Term:0, Index:0}
044675 LEAD S0: prevLog &raft.Entry{Command:interface {}(nil), Term:0, Index:0}
044676 INFO S1: (term 1) follower 收到 [0] AppendEntries [], prevIndex 0, prevTerm 0
044676 INFO S2: (term 1) follower 收到 [0] AppendEntries [], prevIndex 0, prevTerm 0
044676 LEAD S0: 1 append success next 1 match 0
044676 LEAD S0: 2 append success next 1 match 0
045177 LEAD S0: prevLog &raft.Entry{Command:interface {}(nil), Term:0, Index:0}
045177 LEAD S0: prevLog &raft.Entry{Command:interface {}(nil), Term:0, Index:0}
045177 INFO S2: (term 1) follower 收到 [0] AppendEntries [], prevIndex 0, prevTerm 0
045178 INFO S1: (term 1) follower 收到 [0] AppendEntries [], prevIndex 0, prevTerm 0
045178 LEAD S0: 2 append success next 1 match 0
045178 LEAD S0: 1 append success next 1 match 0
045678 LEAD S0: prevLog &raft.Entry{Command:interface {}(nil), Term:0, Index:0}
045679 LEAD S0: prevLog &raft.Entry{Command:interface {}(nil), Term:0, Index:0}
045679 INFO S2: (term 1) follower 收到 [0] AppendEntries [], prevIndex 0, prevTerm 0
045679 INFO S1: (term 1) follower 收到 [0] AppendEntries [], prevIndex 0, prevTerm 0
045680 LEAD S0: 1 append success next 1 match 0
045680 LEAD S0: 2 append success next 1 match 0
046181 LEAD S0: prevLog &raft.Entry{Command:interface {}(nil), Term:0, Index:0}
046181 LEAD S0: prevLog &raft.Entry{Command:interface {}(nil), Term:0, Index:0}
046182 INFO S2: (term 1) follower 收到 [0] AppendEntries [], prevIndex 0, prevTerm 0
046182 INFO S1: (term 1) follower 收到 [0] AppendEntries [], prevIndex 0, prevTerm 0
046183 LEAD S0: 2 append success next 1 match 0
046183 LEAD S0: 1 append success next 1 match 0
046683 LEAD S0: prevLog &raft.Entry{Command:interface {}(nil), Term:0, Index:0}
046683 LEAD S0: prevLog &raft.Entry{Command:interface {}(nil), Term:0, Index:0}
046684 INFO S2: (term 1) follower 收到 [0] AppendEntries [], prevIndex 0, prevTerm 0
046684 INFO S1: (term 1) follower 收到 [0] AppendEntries [], prevIndex 0, prevTerm 0
046684 LEAD S0: 2 append success next 1 match 0
046684 LEAD S0: 1 append success next 1 match 0
047184 LEAD S0: prevLog &raft.Entry{Command:interface {}(nil), Term:0, Index:0}
047185 LEAD S0: prevLog &raft.Entry{Command:interface {}(nil), Term:0, Index:0}
047185 INFO S1: (term 1) follower 收到 [0] AppendEntries [], prevIndex 0, prevTerm 0
047185 INFO S2: (term 1) follower 收到 [0] AppendEntries [], prevIndex 0, prevTerm 0
047186 LEAD S0: 1 append success next 1 match 0
047186 LEAD S0: 2 append success next 1 match 0
047686 LEAD S0: prevLog &raft.Entry{Command:interface {}(nil), Term:0, Index:0}
047686 LEAD S0: prevLog &raft.Entry{Command:interface {}(nil), Term:0, Index:0}
047687 INFO S2: (term 1) follower 收到 [0] AppendEntries [], prevIndex 0, prevTerm 0
047687 INFO S1: (term 1) follower 收到 [0] AppendEntries [], prevIndex 0, prevTerm 0
047687 LEAD S0: 2 append success next 1 match 0
047687 LEAD S0: 1 append success next 1 match 0
048189 LEAD S0: prevLog &raft.Entry{Command:interface {}(nil), Term:0, Index:0}
048189 LEAD S0: prevLog &raft.Entry{Command:interface {}(nil), Term:0, Index:0}
048189 INFO S2: (term 1) follower 收到 [0] AppendEntries [], prevIndex 0, prevTerm 0
048190 INFO S1: (term 1) follower 收到 [0] AppendEntries [], prevIndex 0, prevTerm 0
048190 LEAD S0: 2 append success next 1 match 0
048190 LEAD S0: 1 append success next 1 match 0
048690 LEAD S0: prevLog &raft.Entry{Command:interface {}(nil), Term:0, Index:0}
048690 LEAD S0: prevLog &raft.Entry{Command:interface {}(nil), Term:0, Index:0}
048691 INFO S2: (term 1) follower 收到 [0] AppendEntries [], prevIndex 0, prevTerm 0
048691 INFO S1: (term 1) follower 收到 [0] AppendEntries [], prevIndex 0, prevTerm 0
048691 LEAD S0: 2 append success next 1 match 0
048691 LEAD S0: 1 append success next 1 match 0
049191 LEAD S0: prevLog &raft.Entry{Command:interface {}(nil), Term:0, Index:0}
049192 LEAD S0: prevLog &raft.Entry{Command:interface {}(nil), Term:0, Index:0}
049192 INFO S1: (term 1) follower 收到 [0] AppendEntries [], prevIndex 0, prevTerm 0
049192 INFO S2: (term 1) follower 收到 [0] AppendEntries [], prevIndex 0, prevTerm 0
049193 LEAD S0: 2 append success next 1 match 0
049193 LEAD S0: 1 append success next 1 match 0
049694 LEAD S0: prevLog &raft.Entry{Command:interface {}(nil), Term:0, Index:0}
049694 LEAD S0: prevLog &raft.Entry{Command:interface {}(nil), Term:0, Index:0}
049695 INFO S1: (term 1) follower 收到 [0] AppendEntries [], prevIndex 0, prevTerm 0
049695 INFO S2: (term 1) follower 收到 [0] AppendEntries [], prevIndex 0, prevTerm 0
049695 LEAD S0: 1 append success next 1 match 0
049695 LEAD S0: 2 append success next 1 match 0
050195 LEAD S0: prevLog &raft.Entry{Command:interface {}(nil), Term:0, Index:0}
050196 LEAD S0: prevLog &raft.Entry{Command:interface {}(nil), Term:0, Index:0}
050196 INFO S2: (term 1) follower 收到 [0] AppendEntries [], prevIndex 0, prevTerm 0
050196 INFO S1: (term 1) follower 收到 [0] AppendEntries [], prevIndex 0, prevTerm 0
050197 LEAD S0: 1 append success next 1 match 0
050197 LEAD S0: 2 append success next 1 match 0
050698 LEAD S0: prevLog &raft.Entry{Command:interface {}(nil), Term:0, Index:0}
050698 LEAD S0: prevLog &raft.Entry{Command:interface {}(nil), Term:0, Index:0}
050698 INFO S1: (term 1) follower 收到 [0] AppendEntries [], prevIndex 0, prevTerm 0
050698 LEAD S0: 1 append success next 1 match 0
050699 INFO S2: (term 1) follower 收到 [0] AppendEntries [], prevIndex 0, prevTerm 0
050699 LEAD S0: 2 append success next 1 match 0
051200 LEAD S0: prevLog &raft.Entry{Command:interface {}(nil), Term:0, Index:0}
051201 LEAD S0: prevLog &raft.Entry{Command:interface {}(nil), Term:0, Index:0}
051201 INFO S1: (term 1) follower 收到 [0] AppendEntries [], prevIndex 0, prevTerm 0
051201 INFO S2: (term 1) follower 收到 [0] AppendEntries [], prevIndex 0, prevTerm 0
051202 LEAD S0: 1 append success next 1 match 0
051202 LEAD S0: 2 append success next 1 match 0
051702 LEAD S0: prevLog &raft.Entry{Command:interface {}(nil), Term:0, Index:0}
051702 LEAD S0: prevLog &raft.Entry{Command:interface {}(nil), Term:0, Index:0}
051703 INFO S1: (term 1) follower 收到 [0] AppendEntries [], prevIndex 0, prevTerm 0
051703 INFO S2: (term 1) follower 收到 [0] AppendEntries [], prevIndex 0, prevTerm 0
051703 LEAD S0: 1 append success next 1 match 0
051703 LEAD S0: 2 append success next 1 match 0
052204 LEAD S0: prevLog &raft.Entry{Command:interface {}(nil), Term:0, Index:0}
052204 LEAD S0: prevLog &raft.Entry{Command:interface {}(nil), Term:0, Index:0}
052204 INFO S1: (term 1) follower 收到 [0] AppendEntries [], prevIndex 0, prevTerm 0
052204 INFO S2: (term 1) follower 收到 [0] AppendEntries [], prevIndex 0, prevTerm 0
052205 LEAD S0: 1 append success next 1 match 0
052205 LEAD S0: 2 append success next 1 match 0
052705 LEAD S0: prevLog &raft.Entry{Command:interface {}(nil), Term:0, Index:0}
052705 LEAD S0: prevLog &raft.Entry{Command:interface {}(nil), Term:0, Index:0}
052706 INFO S1: (term 1) follower 收到 [0] AppendEntries [], prevIndex 0, prevTerm 0
052706 INFO S2: (term 1) follower 收到 [0] AppendEntries [], prevIndex 0, prevTerm 0
052706 LEAD S0: 1 append success next 1 match 0
052707 LEAD S0: 2 append success next 1 match 0
053207 LEAD S0: prevLog &raft.Entry{Command:interface {}(nil), Term:0, Index:0}
053207 LEAD S0: prevLog &raft.Entry{Command:interface {}(nil), Term:0, Index:0}
053208 INFO S1: (term 1) follower 收到 [0] AppendEntries [], prevIndex 0, prevTerm 0
053208 INFO S2: (term 1) follower 收到 [0] AppendEntries [], prevIndex 0, prevTerm 0
053208 LEAD S0: 1 append success next 1 match 0
053208 LEAD S0: 2 append success next 1 match 0
053709 LEAD S0: prevLog &raft.Entry{Command:interface {}(nil), Term:0, Index:0}
053709 LEAD S0: prevLog &raft.Entry{Command:interface {}(nil), Term:0, Index:0}
053710 INFO S1: (term 1) follower 收到 [0] AppendEntries [], prevIndex 0, prevTerm 0
053710 INFO S2: (term 1) follower 收到 [0] AppendEntries [], prevIndex 0, prevTerm 0
053710 LEAD S0: 2 append success next 1 match 0
053710 LEAD S0: 1 append success next 1 match 0
054211 LEAD S0: prevLog &raft.Entry{Command:interface {}(nil), Term:0, Index:0}
054211 LEAD S0: prevLog &raft.Entry{Command:interface {}(nil), Term:0, Index:0}
054212 INFO S1: (term 1) follower 收到 [0] AppendEntries [], prevIndex 0, prevTerm 0
054212 INFO S2: (term 1) follower 收到 [0] AppendEntries [], prevIndex 0, prevTerm 0
054212 LEAD S0: 1 append success next 1 match 0
054213 LEAD S0: 2 append success next 1 match 0
054713 LEAD S0: prevLog &raft.Entry{Command:interface {}(nil), Term:0, Index:0}
054713 LEAD S0: prevLog &raft.Entry{Command:interface {}(nil), Term:0, Index:0}
054714 INFO S2: (term 1) follower 收到 [0] AppendEntries [], prevIndex 0, prevTerm 0
054714 LEAD S0: 2 append success next 1 match 0
054714 INFO S1: (term 1) follower 收到 [0] AppendEntries [], prevIndex 0, prevTerm 0
054714 LEAD S0: 1 append success next 1 match 0
055215 LEAD S0: prevLog &raft.Entry{Command:interface {}(nil), Term:0, Index:0}
055215 LEAD S0: prevLog &raft.Entry{Command:interface {}(nil), Term:0, Index:0}
055216 INFO S2: (term 1) follower 收到 [0] AppendEntries [], prevIndex 0, prevTerm 0
055217 INFO S1: (term 1) follower 收到 [0] AppendEntries [], prevIndex 0, prevTerm 0
055217 LEAD S0: 2 append success next 1 match 0
055217 LEAD S0: 1 append success next 1 match 0
055718 LEAD S0: prevLog &raft.Entry{Command:interface {}(nil), Term:0, Index:0}
055718 LEAD S0: prevLog &raft.Entry{Command:interface {}(nil), Term:0, Index:0}
055719 INFO S2: (term 1) follower 收到 [0] AppendEntries [], prevIndex 0, prevTerm 0
055719 LEAD S0: 2 append success next 1 match 0
055719 INFO S1: (term 1) follower 收到 [0] AppendEntries [], prevIndex 0, prevTerm 0
055720 LEAD S0: 1 append success next 1 match 0
056221 LEAD S0: prevLog &raft.Entry{Command:interface {}(nil), Term:0, Index:0}
056221 LEAD S0: prevLog &raft.Entry{Command:interface {}(nil), Term:0, Index:0}
056222 INFO S2: (term 1) follower 收到 [0] AppendEntries [], prevIndex 0, prevTerm 0
056222 INFO S1: (term 1) follower 收到 [0] AppendEntries [], prevIndex 0, prevTerm 0
056222 LEAD S0: 2 append success next 1 match 0
056222 LEAD S0: 1 append success next 1 match 0
056722 LEAD S0: prevLog &raft.Entry{Command:interface {}(nil), Term:0, Index:0}
056722 LEAD S0: prevLog &raft.Entry{Command:interface {}(nil), Term:0, Index:0}
056723 INFO S1: (term 1) follower 收到 [0] AppendEntries [], prevIndex 0, prevTerm 0
056723 INFO S2: (term 1) follower 收到 [0] AppendEntries [], prevIndex 0, prevTerm 0
056723 LEAD S0: 1 append success next 1 match 0
056723 LEAD S0: 2 append success next 1 match 0
057224 LEAD S0: prevLog &raft.Entry{Command:interface {}(nil), Term:0, Index:0}
057224 LEAD S0: prevLog &raft.Entry{Command:interface {}(nil), Term:0, Index:0}
057224 INFO S1: (term 1) follower 收到 [0] AppendEntries [], prevIndex 0, prevTerm 0
057225 INFO S2: (term 1) follower 收到 [0] AppendEntries [], prevIndex 0, prevTerm 0
057225 LEAD S0: 1 append success next 1 match 0
057225 LEAD S0: 2 append success next 1 match 0
057726 LEAD S0: prevLog &raft.Entry{Command:interface {}(nil), Term:0, Index:0}
057726 LEAD S0: prevLog &raft.Entry{Command:interface {}(nil), Term:0, Index:0}
057726 INFO S2: (term 1) follower 收到 [0] AppendEntries [], prevIndex 0, prevTerm 0
057727 LEAD S0: 2 append success next 1 match 0
057727 INFO S1: (term 1) follower 收到 [0] AppendEntries [], prevIndex 0, prevTerm 0
057727 LEAD S0: 1 append success next 1 match 0
058228 LEAD S0: prevLog &raft.Entry{Command:interface {}(nil), Term:0, Index:0}
058228 LEAD S0: prevLog &raft.Entry{Command:interface {}(nil), Term:0, Index:0}
058229 INFO S1: (term 1) follower 收到 [0] AppendEntries [], prevIndex 0, prevTerm 0
058229 INFO S2: (term 1) follower 收到 [0] AppendEntries [], prevIndex 0, prevTerm 0
058230 LEAD S0: 1 append success next 1 match 0
058230 LEAD S0: 2 append success next 1 match 0
058730 LEAD S0: prevLog &raft.Entry{Command:interface {}(nil), Term:0, Index:0}
058730 LEAD S0: prevLog &raft.Entry{Command:interface {}(nil), Term:0, Index:0}
058731 INFO S2: (term 1) follower 收到 [0] AppendEntries [], prevIndex 0, prevTerm 0
058731 INFO S1: (term 1) follower 收到 [0] AppendEntries [], prevIndex 0, prevTerm 0
058731 LEAD S0: 2 append success next 1 match 0
058732 LEAD S0: 1 append success next 1 match 0
059232 LEAD S0: prevLog &raft.Entry{Command:interface {}(nil), Term:0, Index:0}
059232 LEAD S0: prevLog &raft.Entry{Command:interface {}(nil), Term:0, Index:0}
059233 INFO S2: (term 1) follower 收到 [0] AppendEntries [], prevIndex 0, prevTerm 0
059233 INFO S1: (term 1) follower 收到 [0] AppendEntries [], prevIndex 0, prevTerm 0
059233 LEAD S0: 2 append success next 1 match 0
059233 LEAD S0: 1 append success next 1 match 0
059734 LEAD S0: prevLog &raft.Entry{Command:interface {}(nil), Term:0, Index:0}
059734 LEAD S0: prevLog &raft.Entry{Command:interface {}(nil), Term:0, Index:0}
059735 INFO S2: (term 1) follower 收到 [0] AppendEntries [], prevIndex 0, prevTerm 0
059735 LEAD S0: 2 append success next 1 match 0
059735 INFO S1: (term 1) follower 收到 [0] AppendEntries [], prevIndex 0, prevTerm 0
059736 LEAD S0: 1 append success next 1 match 0
060236 LEAD S0: prevLog &raft.Entry{Command:interface {}(nil), Term:0, Index:0}
060237 LEAD S0: prevLog &raft.Entry{Command:interface {}(nil), Term:0, Index:0}
060237 INFO S1: (term 1) follower 收到 [0] AppendEntries [], prevIndex 0, prevTerm 0
060237 INFO S2: (term 1) follower 收到 [0] AppendEntries [], prevIndex 0, prevTerm 0
060238 LEAD S0: 1 append success next 1 match 0
060238 LEAD S0: 2 append success next 1 match 0
060738 LEAD S0: prevLog &raft.Entry{Command:interface {}(nil), Term:0, Index:0}
060738 LEAD S0: prevLog &raft.Entry{Command:interface {}(nil), Term:0, Index:0}
060740 INFO S2: (term 1) follower 收到 [0] AppendEntries [], prevIndex 0, prevTerm 0
060740 LEAD S0: 2 append success next 1 match 0
060741 INFO S1: (term 1) follower 收到 [0] AppendEntries [], prevIndex 0, prevTerm 0
060741 LEAD S0: 1 append success next 1 match 0
061240 LEAD S0: prevLog &raft.Entry{Command:interface {}(nil), Term:0, Index:0}
061240 LEAD S0: prevLog &raft.Entry{Command:interface {}(nil), Term:0, Index:0}
061241 INFO S1: (term 1) follower 收到 [0] AppendEntries [], prevIndex 0, prevTerm 0
061241 INFO S2: (term 1) follower 收到 [0] AppendEntries [], prevIndex 0, prevTerm 0
061241 LEAD S0: 1 append success next 1 match 0
061241 LEAD S0: 2 append success next 1 match 0
061742 LEAD S0: prevLog &raft.Entry{Command:interface {}(nil), Term:0, Index:0}
061742 LEAD S0: prevLog &raft.Entry{Command:interface {}(nil), Term:0, Index:0}
061743 INFO S1: (term 1) follower 收到 [0] AppendEntries [], prevIndex 0, prevTerm 0
061743 INFO S2: (term 1) follower 收到 [0] AppendEntries [], prevIndex 0, prevTerm 0
061743 LEAD S0: 1 append success next 1 match 0
061743 LEAD S0: 2 append success next 1 match 0
062244 LEAD S0: prevLog &raft.Entry{Command:interface {}(nil), Term:0, Index:0}
062244 LEAD S0: prevLog &raft.Entry{Command:interface {}(nil), Term:0, Index:0}
062244 INFO S1: (term 1) follower 收到 [0] AppendEntries [], prevIndex 0, prevTerm 0
062244 INFO S2: (term 1) follower 收到 [0] AppendEntries [], prevIndex 0, prevTerm 0
062245 LEAD S0: 1 append success next 1 match 0
062245 LEAD S0: 2 append success next 1 match 0
062746 LEAD S0: prevLog &raft.Entry{Command:interface {}(nil), Term:0, Index:0}
062746 LEAD S0: prevLog &raft.Entry{Command:interface {}(nil), Term:0, Index:0}
062746 INFO S1: (term 1) follower 收到 [0] AppendEntries [], prevIndex 0, prevTerm 0
062746 INFO S2: (term 1) follower 收到 [0] AppendEntries [], prevIndex 0, prevTerm 0
062747 LEAD S0: 2 append success next 1 match 0
062747 LEAD S0: 1 append success next 1 match 0
063247 LEAD S0: prevLog &raft.Entry{Command:interface {}(nil), Term:0, Index:0}
063247 LEAD S0: prevLog &raft.Entry{Command:interface {}(nil), Term:0, Index:0}
063248 INFO S1: (term 1) follower 收到 [0] AppendEntries [], prevIndex 0, prevTerm 0
063248 INFO S2: (term 1) follower 收到 [0] AppendEntries [], prevIndex 0, prevTerm 0
063248 LEAD S0: 1 append success next 1 match 0
063248 LEAD S0: 2 append success next 1 match 0
063749 LEAD S0: prevLog &raft.Entry{Command:interface {}(nil), Term:0, Index:0}
063749 LEAD S0: prevLog &raft.Entry{Command:interface {}(nil), Term:0, Index:0}
063749 INFO S1: (term 1) follower 收到 [0] AppendEntries [], prevIndex 0, prevTerm 0
063750 LEAD S0: 1 append success next 1 match 0
063750 INFO S2: (term 1) follower 收到 [0] AppendEntries [], prevIndex 0, prevTerm 0
063750 LEAD S0: 2 append success next 1 match 0
064251 LEAD S0: prevLog &raft.Entry{Command:interface {}(nil), Term:0, Index:0}
064251 LEAD S0: prevLog &raft.Entry{Command:interface {}(nil), Term:0, Index:0}
064252 INFO S1: (term 1) follower 收到 [0] AppendEntries [], prevIndex 0, prevTerm 0
064252 INFO S2: (term 1) follower 收到 [0] AppendEntries [], prevIndex 0, prevTerm 0
064252 LEAD S0: 1 append success next 1 match 0
064252 LEAD S0: 2 append success next 1 match 0
064753 LEAD S0: prevLog &raft.Entry{Command:interface {}(nil), Term:0, Index:0}
064753 LEAD S0: prevLog &raft.Entry{Command:interface {}(nil), Term:0, Index:0}
064754 INFO S1: (term 1) follower 收到 [0] AppendEntries [], prevIndex 0, prevTerm 0
064755 INFO S2: (term 1) follower 收到 [0] AppendEntries [], prevIndex 0, prevTerm 0
064755 LEAD S0: 1 append success next 1 match 0
064755 LEAD S0: 2 append success next 1 match 0
065256 LEAD S0: prevLog &raft.Entry{Command:interface {}(nil), Term:0, Index:0}
065256 LEAD S0: prevLog &raft.Entry{Command:interface {}(nil), Term:0, Index:0}
065257 INFO S2: (term 1) follower 收到 [0] AppendEntries [], prevIndex 0, prevTerm 0
065257 INFO S1: (term 1) follower 收到 [0] AppendEntries [], prevIndex 0, prevTerm 0
065258 LEAD S0: 2 append success next 1 match 0
065258 LEAD S0: 1 append success next 1 match 0
065759 LEAD S0: prevLog &raft.Entry{Command:interface {}(nil), Term:0, Index:0}
065759 LEAD S0: prevLog &raft.Entry{Command:interface {}(nil), Term:0, Index:0}
065760 INFO S2: (term 1) follower 收到 [0] AppendEntries [], prevIndex 0, prevTerm 0
065760 INFO S1: (term 1) follower 收到 [0] AppendEntries [], prevIndex 0, prevTerm 0
065760 LEAD S0: 2 append success next 1 match 0
065760 LEAD S0: 1 append success next 1 match 0
066261 LEAD S0: prevLog &raft.Entry{Command:interface {}(nil), Term:0, Index:0}
066261 LEAD S0: prevLog &raft.Entry{Command:interface {}(nil), Term:0, Index:0}
066262 INFO S1: (term 1) follower 收到 [0] AppendEntries [], prevIndex 0, prevTerm 0
066262 LEAD S0: 1 append success next 1 match 0
066262 INFO S2: (term 1) follower 收到 [0] AppendEntries [], prevIndex 0, prevTerm 0
066263 LEAD S0: 2 append success next 1 match 0
066763 LEAD S0: prevLog &raft.Entry{Command:interface {}(nil), Term:0, Index:0}
066763 LEAD S0: prevLog &raft.Entry{Command:interface {}(nil), Term:0, Index:0}
066764 INFO S1: (term 1) follower 收到 [0] AppendEntries [], prevIndex 0, prevTerm 0
066764 INFO S2: (term 1) follower 收到 [0] AppendEntries [], prevIndex 0, prevTerm 0
066764 LEAD S0: 1 append success next 1 match 0
066764 LEAD S0: 2 append success next 1 match 0
067265 LEAD S0: prevLog &raft.Entry{Command:interface {}(nil), Term:0, Index:0}
067265 LEAD S0: prevLog &raft.Entry{Command:interface {}(nil), Term:0, Index:0}
067266 INFO S1: (term 1) follower 收到 [0] AppendEntries [], prevIndex 0, prevTerm 0
067266 INFO S2: (term 1) follower 收到 [0] AppendEntries [], prevIndex 0, prevTerm 0
067266 LEAD S0: 2 append success next 1 match 0
067266 LEAD S0: 1 append success next 1 match 0
067766 LEAD S0: prevLog &raft.Entry{Command:interface {}(nil), Term:0, Index:0}
067767 LEAD S0: prevLog &raft.Entry{Command:interface {}(nil), Term:0, Index:0}
067767 INFO S1: (term 1) follower 收到 [0] AppendEntries [], prevIndex 0, prevTerm 0
067767 LEAD S0: 1 append success next 1 match 0
067768 INFO S2: (term 1) follower 收到 [0] AppendEntries [], prevIndex 0, prevTerm 0
067768 LEAD S0: 2 append success next 1 match 0
068270 LEAD S0: prevLog &raft.Entry{Command:interface {}(nil), Term:0, Index:0}
068270 LEAD S0: prevLog &raft.Entry{Command:interface {}(nil), Term:0, Index:0}
068272 INFO S2: (term 1) follower 收到 [0] AppendEntries [], prevIndex 0, prevTerm 0
068272 INFO S1: (term 1) follower 收到 [0] AppendEntries [], prevIndex 0, prevTerm 0
068272 LEAD S0: 2 append success next 1 match 0
068272 LEAD S0: 1 append success next 1 match 0
068772 LEAD S0: prevLog &raft.Entry{Command:interface {}(nil), Term:0, Index:0}
068772 LEAD S0: prevLog &raft.Entry{Command:interface {}(nil), Term:0, Index:0}
068773 INFO S2: (term 1) follower 收到 [0] AppendEntries [], prevIndex 0, prevTerm 0
068773 INFO S1: (term 1) follower 收到 [0] AppendEntries [], prevIndex 0, prevTerm 0
068773 LEAD S0: 2 append success next 1 match 0
068773 LEAD S0: 1 append success next 1 match 0
069274 LEAD S0: prevLog &raft.Entry{Command:interface {}(nil), Term:0, Index:0}
069274 LEAD S0: prevLog &raft.Entry{Command:interface {}(nil), Term:0, Index:0}
069275 INFO S1: (term 1) follower 收到 [0] AppendEntries [], prevIndex 0, prevTerm 0
069275 INFO S2: (term 1) follower 收到 [0] AppendEntries [], prevIndex 0, prevTerm 0
069275 LEAD S0: 1 append success next 1 match 0
069275 LEAD S0: 2 append success next 1 match 0
069775 LEAD S0: prevLog &raft.Entry{Command:interface {}(nil), Term:0, Index:0}
069776 LEAD S0: prevLog &raft.Entry{Command:interface {}(nil), Term:0, Index:0}
069776 INFO S1: (term 1) follower 收到 [0] AppendEntries [], prevIndex 0, prevTerm 0
069776 INFO S2: (term 1) follower 收到 [0] AppendEntries [], prevIndex 0, prevTerm 0
069776 LEAD S0: 1 append success next 1 match 0
069777 LEAD S0: 2 append success next 1 match 0
070278 LEAD S0: prevLog &raft.Entry{Command:interface {}(nil), Term:0, Index:0}
070278 LEAD S0: prevLog &raft.Entry{Command:interface {}(nil), Term:0, Index:0}
070279 INFO S1: (term 1) follower 收到 [0] AppendEntries [], prevIndex 0, prevTerm 0
070279 INFO S2: (term 1) follower 收到 [0] AppendEntries [], prevIndex 0, prevTerm 0
070279 LEAD S0: 1 append success next 1 match 0
070279 LEAD S0: 2 append success next 1 match 0
070780 LEAD S0: prevLog &raft.Entry{Command:interface {}(nil), Term:0, Index:0}
070780 LEAD S0: prevLog &raft.Entry{Command:interface {}(nil), Term:0, Index:0}
070781 INFO S1: (term 1) follower 收到 [0] AppendEntries [], prevIndex 0, prevTerm 0
070781 INFO S2: (term 1) follower 收到 [0] AppendEntries [], prevIndex 0, prevTerm 0
070781 LEAD S0: 1 append success next 1 match 0
070781 LEAD S0: 2 append success next 1 match 0
071282 LEAD S0: prevLog &raft.Entry{Command:interface {}(nil), Term:0, Index:0}
071282 LEAD S0: prevLog &raft.Entry{Command:interface {}(nil), Term:0, Index:0}
071282 INFO S1: (term 1) follower 收到 [0] AppendEntries [], prevIndex 0, prevTerm 0
071283 INFO S2: (term 1) follower 收到 [0] AppendEntries [], prevIndex 0, prevTerm 0
071283 LEAD S0: 1 append success next 1 match 0
071283 LEAD S0: 2 append success next 1 match 0
071783 LEAD S0: prevLog &raft.Entry{Command:interface {}(nil), Term:0, Index:0}
071783 LEAD S0: prevLog &raft.Entry{Command:interface {}(nil), Term:0, Index:0}
071784 INFO S2: (term 1) follower 收到 [0] AppendEntries [], prevIndex 0, prevTerm 0
071784 INFO S1: (term 1) follower 收到 [0] AppendEntries [], prevIndex 0, prevTerm 0
071784 LEAD S0: 2 append success next 1 match 0
071786 LEAD S0: 1 append success next 1 match 0
072284 LEAD S0: prevLog &raft.Entry{Command:interface {}(nil), Term:0, Index:0}
072284 LEAD S0: prevLog &raft.Entry{Command:interface {}(nil), Term:0, Index:0}
072285 INFO S1: (term 1) follower 收到 [0] AppendEntries [], prevIndex 0, prevTerm 0
072285 LEAD S0: 1 append success next 1 match 0
072286 INFO S2: (term 1) follower 收到 [0] AppendEntries [], prevIndex 0, prevTerm 0
072286 LEAD S0: 2 append success next 1 match 0
072786 LEAD S0: prevLog &raft.Entry{Command:interface {}(nil), Term:0, Index:0}
072786 LEAD S0: prevLog &raft.Entry{Command:interface {}(nil), Term:0, Index:0}
072787 INFO S2: (term 1) follower 收到 [0] AppendEntries [], prevIndex 0, prevTerm 0
072787 INFO S1: (term 1) follower 收到 [0] AppendEntries [], prevIndex 0, prevTerm 0
072787 LEAD S0: 2 append success next 1 match 0
072788 LEAD S0: 1 append success next 1 match 0
073288 LEAD S0: prevLog &raft.Entry{Command:interface {}(nil), Term:0, Index:0}
073288 LEAD S0: prevLog &raft.Entry{Command:interface {}(nil), Term:0, Index:0}
073289 INFO S2: (term 1) follower 收到 [0] AppendEntries [], prevIndex 0, prevTerm 0
073289 INFO S1: (term 1) follower 收到 [0] AppendEntries [], prevIndex 0, prevTerm 0
073289 LEAD S0: 1 append success next 1 match 0
073289 LEAD S0: 2 append success next 1 match 0
073790 LEAD S0: prevLog &raft.Entry{Command:interface {}(nil), Term:0, Index:0}
073790 LEAD S0: prevLog &raft.Entry{Command:interface {}(nil), Term:0, Index:0}
073791 INFO S1: (term 1) follower 收到 [0] AppendEntries [], prevIndex 0, prevTerm 0
073791 INFO S2: (term 1) follower 收到 [0] AppendEntries [], prevIndex 0, prevTerm 0
073792 LEAD S0: 1 append success next 1 match 0
073792 LEAD S0: 2 append success next 1 match 0
074293 LEAD S0: prevLog &raft.Entry{Command:interface {}(nil), Term:0, Index:0}
074293 LEAD S0: prevLog &raft.Entry{Command:interface {}(nil), Term:0, Index:0}
074294 INFO S1: (term 1) follower 收到 [0] AppendEntries [], prevIndex 0, prevTerm 0
074294 INFO S2: (term 1) follower 收到 [0] AppendEntries [], prevIndex 0, prevTerm 0
074294 LEAD S0: 1 append success next 1 match 0
074294 LEAD S0: 2 append success next 1 match 0
074795 LEAD S0: prevLog &raft.Entry{Command:interface {}(nil), Term:0, Index:0}
074795 LEAD S0: prevLog &raft.Entry{Command:interface {}(nil), Term:0, Index:0}
074796 INFO S2: (term 1) follower 收到 [0] AppendEntries [], prevIndex 0, prevTerm 0
074796 INFO S1: (term 1) follower 收到 [0] AppendEntries [], prevIndex 0, prevTerm 0
074796 LEAD S0: 2 append success next 1 match 0
074796 LEAD S0: 1 append success next 1 match 0
075297 LEAD S0: prevLog &raft.Entry{Command:interface {}(nil), Term:0, Index:0}
075297 LEAD S0: prevLog &raft.Entry{Command:interface {}(nil), Term:0, Index:0}
075298 INFO S2: (term 1) follower 收到 [0] AppendEntries [], prevIndex 0, prevTerm 0
075298 LEAD S0: 2 append success next 1 match 0
075299 INFO S1: (term 1) follower 收到 [0] AppendEntries [], prevIndex 0, prevTerm 0
075300 LEAD S0: 1 append success next 1 match 0
075800 LEAD S0: prevLog &raft.Entry{Command:interface {}(nil), Term:0, Index:0}
075800 LEAD S0: prevLog &raft.Entry{Command:interface {}(nil), Term:0, Index:0}
075801 INFO S1: (term 1) follower 收到 [0] AppendEntries [], prevIndex 0, prevTerm 0
075801 INFO S2: (term 1) follower 收到 [0] AppendEntries [], prevIndex 0, prevTerm 0
075801 LEAD S0: 1 append success next 1 match 0
075802 LEAD S0: 2 append success next 1 match 0
076302 LEAD S0: prevLog &raft.Entry{Command:interface {}(nil), Term:0, Index:0}
076302 LEAD S0: prevLog &raft.Entry{Command:interface {}(nil), Term:0, Index:0}
076303 INFO S1: (term 1) follower 收到 [0] AppendEntries [], prevIndex 0, prevTerm 0
076303 INFO S2: (term 1) follower 收到 [0] AppendEntries [], prevIndex 0, prevTerm 0
076303 LEAD S0: 1 append success next 1 match 0
076303 LEAD S0: 2 append success next 1 match 0
076804 LEAD S0: prevLog &raft.Entry{Command:interface {}(nil), Term:0, Index:0}
076804 LEAD S0: prevLog &raft.Entry{Command:interface {}(nil), Term:0, Index:0}
076804 INFO S2: (term 1) follower 收到 [0] AppendEntries [], prevIndex 0, prevTerm 0
076805 INFO S1: (term 1) follower 收到 [0] AppendEntries [], prevIndex 0, prevTerm 0
076805 LEAD S0: 2 append success next 1 match 0
076805 LEAD S0: 1 append success next 1 match 0
077306 LEAD S0: prevLog &raft.Entry{Command:interface {}(nil), Term:0, Index:0}
077306 LEAD S0: prevLog &raft.Entry{Command:interface {}(nil), Term:0, Index:0}
077306 INFO S2: (term 1) follower 收到 [0] AppendEntries [], prevIndex 0, prevTerm 0
077307 LEAD S0: 2 append success next 1 match 0
077307 INFO S1: (term 1) follower 收到 [0] AppendEntries [], prevIndex 0, prevTerm 0
077308 LEAD S0: 1 append success next 1 match 0
077807 LEAD S0: prevLog &raft.Entry{Command:interface {}(nil), Term:0, Index:0}
077807 LEAD S0: prevLog &raft.Entry{Command:interface {}(nil), Term:0, Index:0}
077808 INFO S1: (term 1) follower 收到 [0] AppendEntries [], prevIndex 0, prevTerm 0
077808 LEAD S0: 1 append success next 1 match 0
077808 INFO S2: (term 1) follower 收到 [0] AppendEntries [], prevIndex 0, prevTerm 0
077809 LEAD S0: 2 append success next 1 match 0
078309 LEAD S0: prevLog &raft.Entry{Command:interface {}(nil), Term:0, Index:0}
078309 LEAD S0: prevLog &raft.Entry{Command:interface {}(nil), Term:0, Index:0}
078310 INFO S2: (term 1) follower 收到 [0] AppendEntries [], prevIndex 0, prevTerm 0
078310 INFO S1: (term 1) follower 收到 [0] AppendEntries [], prevIndex 0, prevTerm 0
078310 LEAD S0: 2 append success next 1 match 0
078310 LEAD S0: 1 append success next 1 match 0
078811 LEAD S0: prevLog &raft.Entry{Command:interface {}(nil), Term:0, Index:0}
078811 LEAD S0: prevLog &raft.Entry{Command:interface {}(nil), Term:0, Index:0}
078812 INFO S2: (term 1) follower 收到 [0] AppendEntries [], prevIndex 0, prevTerm 0
078812 INFO S1: (term 1) follower 收到 [0] AppendEntries [], prevIndex 0, prevTerm 0
078812 LEAD S0: 2 append success next 1 match 0
078812 LEAD S0: 1 append success next 1 match 0
079312 LEAD S0: prevLog &raft.Entry{Command:interface {}(nil), Term:0, Index:0}
079313 LEAD S0: prevLog &raft.Entry{Command:interface {}(nil), Term:0, Index:0}
079313 INFO S2: (term 1) follower 收到 [0] AppendEntries [], prevIndex 0, prevTerm 0
079313 INFO S1: (term 1) follower 收到 [0] AppendEntries [], prevIndex 0, prevTerm 0
079314 LEAD S0: 1 append success next 1 match 0
079314 LEAD S0: 2 append success next 1 match 0
079814 LEAD S0: prevLog &raft.Entry{Command:interface {}(nil), Term:0, Index:0}
079814 LEAD S0: prevLog &raft.Entry{Command:interface {}(nil), Term:0, Index:0}
079815 INFO S2: (term 1) follower 收到 [0] AppendEntries [], prevIndex 0, prevTerm 0
079815 INFO S1: (term 1) follower 收到 [0] AppendEntries [], prevIndex 0, prevTerm 0
079815 LEAD S0: 2 append success next 1 match 0
079815 LEAD S0: 1 append success next 1 match 0
080316 LEAD S0: prevLog &raft.Entry{Command:interface {}(nil), Term:0, Index:0}
080316 LEAD S0: prevLog &raft.Entry{Command:interface {}(nil), Term:0, Index:0}
080317 INFO S1: (term 1) follower 收到 [0] AppendEntries [], prevIndex 0, prevTerm 0
080317 INFO S2: (term 1) follower 收到 [0] AppendEntries [], prevIndex 0, prevTerm 0
080317 LEAD S0: 2 append success next 1 match 0
080317 LEAD S0: 1 append success next 1 match 0
080817 LEAD S0: prevLog &raft.Entry{Command:interface {}(nil), Term:0, Index:0}
080818 LEAD S0: prevLog &raft.Entry{Command:interface {}(nil), Term:0, Index:0}
080818 INFO S1: (term 1) follower 收到 [0] AppendEntries [], prevIndex 0, prevTerm 0
080819 INFO S2: (term 1) follower 收到 [0] AppendEntries [], prevIndex 0, prevTerm 0
080819 LEAD S0: 1 append success next 1 match 0
080819 LEAD S0: 2 append success next 1 match 0
081319 LEAD S0: prevLog &raft.Entry{Command:interface {}(nil), Term:0, Index:0}
081319 LEAD S0: prevLog &raft.Entry{Command:interface {}(nil), Term:0, Index:0}
081320 INFO S2: (term 1) follower 收到 [0] AppendEntries [], prevIndex 0, prevTerm 0
081320 INFO S1: (term 1) follower 收到 [0] AppendEntries [], prevIndex 0, prevTerm 0
081320 LEAD S0: 2 append success next 1 match 0
081320 LEAD S0: 1 append success next 1 match 0
081821 LEAD S0: prevLog &raft.Entry{Command:interface {}(nil), Term:0, Index:0}
081821 LEAD S0: prevLog &raft.Entry{Command:interface {}(nil), Term:0, Index:0}
081822 INFO S1: (term 1) follower 收到 [0] AppendEntries [], prevIndex 0, prevTerm 0
081822 INFO S2: (term 1) follower 收到 [0] AppendEntries [], prevIndex 0, prevTerm 0
081822 LEAD S0: 2 append success next 1 match 0
081823 LEAD S0: 1 append success next 1 match 0
082325 LEAD S0: prevLog &raft.Entry{Command:interface {}(nil), Term:0, Index:0}
082325 LEAD S0: prevLog &raft.Entry{Command:interface {}(nil), Term:0, Index:0}
082326 INFO S2: (term 1) follower 收到 [0] AppendEntries [], prevIndex 0, prevTerm 0
082326 LEAD S0: 2 append success next 1 match 0
082326 INFO S1: (term 1) follower 收到 [0] AppendEntries [], prevIndex 0, prevTerm 0
082326 LEAD S0: 1 append success next 1 match 0
082826 LEAD S0: prevLog &raft.Entry{Command:interface {}(nil), Term:0, Index:0}
082827 LEAD S0: prevLog &raft.Entry{Command:interface {}(nil), Term:0, Index:0}
082827 INFO S2: (term 1) follower 收到 [0] AppendEntries [], prevIndex 0, prevTerm 0
082828 LEAD S0: 2 append success next 1 match 0
082827 INFO S1: (term 1) follower 收到 [0] AppendEntries [], prevIndex 0, prevTerm 0
082828 LEAD S0: 1 append success next 1 match 0
083328 LEAD S0: prevLog &raft.Entry{Command:interface {}(nil), Term:0, Index:0}
083328 LEAD S0: prevLog &raft.Entry{Command:interface {}(nil), Term:0, Index:0}
083329 INFO S1: (term 1) follower 收到 [0] AppendEntries [], prevIndex 0, prevTerm 0
083329 LEAD S0: 1 append success next 1 match 0
083329 INFO S2: (term 1) follower 收到 [0] AppendEntries [], prevIndex 0, prevTerm 0
083330 LEAD S0: 2 append success next 1 match 0
083830 LEAD S0: prevLog &raft.Entry{Command:interface {}(nil), Term:0, Index:0}
083830 LEAD S0: prevLog &raft.Entry{Command:interface {}(nil), Term:0, Index:0}
083831 INFO S1: (term 1) follower 收到 [0] AppendEntries [], prevIndex 0, prevTerm 0
083831 INFO S2: (term 1) follower 收到 [0] AppendEntries [], prevIndex 0, prevTerm 0
083831 LEAD S0: 1 append success next 1 match 0
083831 LEAD S0: 2 append success next 1 match 0
084332 LEAD S0: prevLog &raft.Entry{Command:interface {}(nil), Term:0, Index:0}
084332 LEAD S0: prevLog &raft.Entry{Command:interface {}(nil), Term:0, Index:0}
084333 INFO S1: (term 1) follower 收到 [0] AppendEntries [], prevIndex 0, prevTerm 0
084333 INFO S2: (term 1) follower 收到 [0] AppendEntries [], prevIndex 0, prevTerm 0
084333 LEAD S0: 1 append success next 1 match 0
084333 LEAD S0: 2 append success next 1 match 0
084833 LEAD S0: prevLog &raft.Entry{Command:interface {}(nil), Term:0, Index:0}
084834 LEAD S0: prevLog &raft.Entry{Command:interface {}(nil), Term:0, Index:0}
084834 INFO S2: (term 1) follower 收到 [0] AppendEntries [], prevIndex 0, prevTerm 0
084834 INFO S1: (term 1) follower 收到 [0] AppendEntries [], prevIndex 0, prevTerm 0
084835 LEAD S0: 2 append success next 1 match 0
084835 LEAD S0: 1 append success next 1 match 0
085336 LEAD S0: prevLog &raft.Entry{Command:interface {}(nil), Term:0, Index:0}
085336 LEAD S0: prevLog &raft.Entry{Command:interface {}(nil), Term:0, Index:0}
085337 INFO S2: (term 1) follower 收到 [0] AppendEntries [], prevIndex 0, prevTerm 0
085337 INFO S1: (term 1) follower 收到 [0] AppendEntries [], prevIndex 0, prevTerm 0
085337 LEAD S0: 2 append success next 1 match 0
085337 LEAD S0: 1 append success next 1 match 0
085838 LEAD S0: prevLog &raft.Entry{Command:interface {}(nil), Term:0, Index:0}
085838 LEAD S0: prevLog &raft.Entry{Command:interface {}(nil), Term:0, Index:0}
085839 INFO S1: (term 1) follower 收到 [0] AppendEntries [], prevIndex 0, prevTerm 0
085839 INFO S2: (term 1) follower 收到 [0] AppendEntries [], prevIndex 0, prevTerm 0
085840 LEAD S0: 2 append success next 1 match 0
085840 LEAD S0: 1 append success next 1 match 0
086340 LEAD S0: prevLog &raft.Entry{Command:interface {}(nil), Term:0, Index:0}
086340 LEAD S0: prevLog &raft.Entry{Command:interface {}(nil), Term:0, Index:0}
086341 INFO S2: (term 1) follower 收到 [0] AppendEntries [], prevIndex 0, prevTerm 0
086341 INFO S1: (term 1) follower 收到 [0] AppendEntries [], prevIndex 0, prevTerm 0
086342 LEAD S0: 2 append success next 1 match 0
086342 LEAD S0: 1 append success next 1 match 0
086842 LEAD S0: prevLog &raft.Entry{Command:interface {}(nil), Term:0, Index:0}
086842 LEAD S0: prevLog &raft.Entry{Command:interface {}(nil), Term:0, Index:0}
086843 INFO S1: (term 1) follower 收到 [0] AppendEntries [], prevIndex 0, prevTerm 0
086843 LEAD S0: 1 append success next 1 match 0
086843 INFO S2: (term 1) follower 收到 [0] AppendEntries [], prevIndex 0, prevTerm 0
086843 LEAD S0: 2 append success next 1 match 0
087345 LEAD S0: prevLog &raft.Entry{Command:interface {}(nil), Term:0, Index:0}
087345 LEAD S0: prevLog &raft.Entry{Command:interface {}(nil), Term:0, Index:0}
087346 INFO S1: (term 1) follower 收到 [0] AppendEntries [], prevIndex 0, prevTerm 0
087346 LEAD S0: 1 append success next 1 match 0
087346 INFO S2: (term 1) follower 收到 [0] AppendEntries [], prevIndex 0, prevTerm 0
087346 LEAD S0: 2 append success next 1 match 0
087846 LEAD S0: prevLog &raft.Entry{Command:interface {}(nil), Term:0, Index:0}
087847 LEAD S0: prevLog &raft.Entry{Command:interface {}(nil), Term:0, Index:0}
087848 INFO S2: (term 1) follower 收到 [0] AppendEntries [], prevIndex 0, prevTerm 0
087849 INFO S1: (term 1) follower 收到 [0] AppendEntries [], prevIndex 0, prevTerm 0
087849 LEAD S0: 1 append success next 1 match 0
087849 LEAD S0: 2 append success next 1 match 0
088349 LEAD S0: prevLog &raft.Entry{Command:interface {}(nil), Term:0, Index:0}
088349 LEAD S0: prevLog &raft.Entry{Command:interface {}(nil), Term:0, Index:0}
088350 INFO S2: (term 1) follower 收到 [0] AppendEntries [], prevIndex 0, prevTerm 0
088351 LEAD S0: 2 append success next 1 match 0
088351 INFO S1: (term 1) follower 收到 [0] AppendEntries [], prevIndex 0, prevTerm 0
088352 LEAD S0: 1 append success next 1 match 0
088852 LEAD S0: prevLog &raft.Entry{Command:interface {}(nil), Term:0, Index:0}
088852 LEAD S0: prevLog &raft.Entry{Command:interface {}(nil), Term:0, Index:0}
088853 INFO S2: (term 1) follower 收到 [0] AppendEntries [], prevIndex 0, prevTerm 0
088853 LEAD S0: 2 append success next 1 match 0
088853 INFO S1: (term 1) follower 收到 [0] AppendEntries [], prevIndex 0, prevTerm 0
088853 LEAD S0: 1 append success next 1 match 0
089353 LEAD S0: prevLog &raft.Entry{Command:interface {}(nil), Term:0, Index:0}
089354 LEAD S0: prevLog &raft.Entry{Command:interface {}(nil), Term:0, Index:0}
089354 INFO S1: (term 1) follower 收到 [0] AppendEntries [], prevIndex 0, prevTerm 0
089354 INFO S2: (term 1) follower 收到 [0] AppendEntries [], prevIndex 0, prevTerm 0
089355 LEAD S0: 1 append success next 1 match 0
089355 LEAD S0: 2 append success next 1 match 0
089855 LEAD S0: prevLog &raft.Entry{Command:interface {}(nil), Term:0, Index:0}
089855 LEAD S0: prevLog &raft.Entry{Command:interface {}(nil), Term:0, Index:0}
089856 INFO S2: (term 1) follower 收到 [0] AppendEntries [], prevIndex 0, prevTerm 0
089856 INFO S1: (term 1) follower 收到 [0] AppendEntries [], prevIndex 0, prevTerm 0
089856 LEAD S0: 2 append success next 1 match 0
089856 LEAD S0: 1 append success next 1 match 0
090357 LEAD S0: prevLog &raft.Entry{Command:interface {}(nil), Term:0, Index:0}
090357 LEAD S0: prevLog &raft.Entry{Command:interface {}(nil), Term:0, Index:0}
090358 INFO S1: (term 1) follower 收到 [0] AppendEntries [], prevIndex 0, prevTerm 0
090358 INFO S2: (term 1) follower 收到 [0] AppendEntries [], prevIndex 0, prevTerm 0
090358 LEAD S0: 1 append success next 1 match 0
090358 LEAD S0: 2 append success next 1 match 0
090859 LEAD S0: prevLog &raft.Entry{Command:interface {}(nil), Term:0, Index:0}
090859 LEAD S0: prevLog &raft.Entry{Command:interface {}(nil), Term:0, Index:0}
090860 INFO S1: (term 1) follower 收到 [0] AppendEntries [], prevIndex 0, prevTerm 0
090860 INFO S2: (term 1) follower 收到 [0] AppendEntries [], prevIndex 0, prevTerm 0
090860 LEAD S0: 1 append success next 1 match 0
090860 LEAD S0: 2 append success next 1 match 0
091361 LEAD S0: prevLog &raft.Entry{Command:interface {}(nil), Term:0, Index:0}
091361 LEAD S0: prevLog &raft.Entry{Command:interface {}(nil), Term:0, Index:0}
091362 INFO S1: (term 1) follower 收到 [0] AppendEntries [], prevIndex 0, prevTerm 0
091362 INFO S2: (term 1) follower 收到 [0] AppendEntries [], prevIndex 0, prevTerm 0
091362 LEAD S0: 1 append success next 1 match 0
091362 LEAD S0: 2 append success next 1 match 0
091862 LEAD S0: prevLog &raft.Entry{Command:interface {}(nil), Term:0, Index:0}
091862 LEAD S0: prevLog &raft.Entry{Command:interface {}(nil), Term:0, Index:0}
091863 INFO S1: (term 1) follower 收到 [0] AppendEntries [], prevIndex 0, prevTerm 0
091863 INFO S2: (term 1) follower 收到 [0] AppendEntries [], prevIndex 0, prevTerm 0
091864 LEAD S0: 2 append success next 1 match 0
091864 LEAD S0: 1 append success next 1 match 0
092364 LEAD S0: prevLog &raft.Entry{Command:interface {}(nil), Term:0, Index:0}
092364 LEAD S0: prevLog &raft.Entry{Command:interface {}(nil), Term:0, Index:0}
092365 INFO S2: (term 1) follower 收到 [0] AppendEntries [], prevIndex 0, prevTerm 0
092365 LEAD S0: 2 append success next 1 match 0
092365 INFO S1: (term 1) follower 收到 [0] AppendEntries [], prevIndex 0, prevTerm 0
092365 LEAD S0: 1 append success next 1 match 0
092866 LEAD S0: prevLog &raft.Entry{Command:interface {}(nil), Term:0, Index:0}
092866 LEAD S0: prevLog &raft.Entry{Command:interface {}(nil), Term:0, Index:0}
092867 INFO S1: (term 1) follower 收到 [0] AppendEntries [], prevIndex 0, prevTerm 0
092867 INFO S2: (term 1) follower 收到 [0] AppendEntries [], prevIndex 0, prevTerm 0
092867 LEAD S0: 1 append success next 1 match 0
092867 LEAD S0: 2 append success next 1 match 0
093367 LEAD S0: prevLog &raft.Entry{Command:interface {}(nil), Term:0, Index:0}
093368 LEAD S0: prevLog &raft.Entry{Command:interface {}(nil), Term:0, Index:0}
093368 INFO S2: (term 1) follower 收到 [0] AppendEntries [], prevIndex 0, prevTerm 0
093368 INFO S1: (term 1) follower 收到 [0] AppendEntries [], prevIndex 0, prevTerm 0
093369 LEAD S0: 2 append success next 1 match 0
093369 LEAD S0: 1 append success next 1 match 0
093870 LEAD S0: prevLog &raft.Entry{Command:interface {}(nil), Term:0, Index:0}
093870 LEAD S0: prevLog &raft.Entry{Command:interface {}(nil), Term:0, Index:0}
093871 INFO S2: (term 1) follower 收到 [0] AppendEntries [], prevIndex 0, prevTerm 0
093871 INFO S1: (term 1) follower 收到 [0] AppendEntries [], prevIndex 0, prevTerm 0
093871 LEAD S0: 2 append success next 1 match 0
093871 LEAD S0: 1 append success next 1 match 0
094372 LEAD S0: prevLog &raft.Entry{Command:interface {}(nil), Term:0, Index:0}
094372 LEAD S0: prevLog &raft.Entry{Command:interface {}(nil), Term:0, Index:0}
094372 INFO S2: (term 1) follower 收到 [0] AppendEntries [], prevIndex 0, prevTerm 0
094372 INFO S1: (term 1) follower 收到 [0] AppendEntries [], prevIndex 0, prevTerm 0
094373 LEAD S0: 1 append success next 1 match 0
094373 LEAD S0: 2 append success next 1 match 0
094874 LEAD S0: prevLog &raft.Entry{Command:interface {}(nil), Term:0, Index:0}
094874 LEAD S0: prevLog &raft.Entry{Command:interface {}(nil), Term:0, Index:0}
094875 INFO S2: (term 1) follower 收到 [0] AppendEntries [], prevIndex 0, prevTerm 0
094875 INFO S1: (term 1) follower 收到 [0] AppendEntries [], prevIndex 0, prevTerm 0
094875 LEAD S0: 2 append success next 1 match 0
094876 LEAD S0: 1 append success next 1 match 0
095375 LEAD S0: prevLog &raft.Entry{Command:interface {}(nil), Term:0, Index:0}
095376 LEAD S0: prevLog &raft.Entry{Command:interface {}(nil), Term:0, Index:0}
095376 INFO S1: (term 1) follower 收到 [0] AppendEntries [], prevIndex 0, prevTerm 0
095376 LEAD S0: 1 append success next 1 match 0
095377 INFO S2: (term 1) follower 收到 [0] AppendEntries [], prevIndex 0, prevTerm 0
095377 LEAD S0: 2 append success next 1 match 0
095877 LEAD S0: prevLog &raft.Entry{Command:interface {}(nil), Term:0, Index:0}
095878 LEAD S0: prevLog &raft.Entry{Command:interface {}(nil), Term:0, Index:0}
095878 INFO S2: (term 1) follower 收到 [0] AppendEntries [], prevIndex 0, prevTerm 0
095878 INFO S1: (term 1) follower 收到 [0] AppendEntries [], prevIndex 0, prevTerm 0
095879 LEAD S0: 1 append success next 1 match 0
095879 LEAD S0: 2 append success next 1 match 0
096380 LEAD S0: prevLog &raft.Entry{Command:interface {}(nil), Term:0, Index:0}
096380 LEAD S0: prevLog &raft.Entry{Command:interface {}(nil), Term:0, Index:0}
096381 INFO S1: (term 1) follower 收到 [0] AppendEntries [], prevIndex 0, prevTerm 0
096381 INFO S2: (term 1) follower 收到 [0] AppendEntries [], prevIndex 0, prevTerm 0
096381 LEAD S0: 1 append success next 1 match 0
096381 LEAD S0: 2 append success next 1 match 0
096882 LEAD S0: prevLog &raft.Entry{Command:interface {}(nil), Term:0, Index:0}
096882 LEAD S0: prevLog &raft.Entry{Command:interface {}(nil), Term:0, Index:0}
096882 INFO S1: (term 1) follower 收到 [0] AppendEntries [], prevIndex 0, prevTerm 0
096883 LEAD S0: 1 append success next 1 match 0
096883 INFO S2: (term 1) follower 收到 [0] AppendEntries [], prevIndex 0, prevTerm 0
096883 LEAD S0: 2 append success next 1 match 0
097384 LEAD S0: prevLog &raft.Entry{Command:interface {}(nil), Term:0, Index:0}
097385 LEAD S0: prevLog &raft.Entry{Command:interface {}(nil), Term:0, Index:0}
097385 INFO S2: (term 1) follower 收到 [0] AppendEntries [], prevIndex 0, prevTerm 0
097385 INFO S1: (term 1) follower 收到 [0] AppendEntries [], prevIndex 0, prevTerm 0
097386 LEAD S0: 2 append success next 1 match 0
097386 LEAD S0: 1 append success next 1 match 0
097886 LEAD S0: prevLog &raft.Entry{Command:interface {}(nil), Term:0, Index:0}
097886 LEAD S0: prevLog &raft.Entry{Command:interface {}(nil), Term:0, Index:0}
097887 INFO S1: (term 1) follower 收到 [0] AppendEntries [], prevIndex 0, prevTerm 0
097887 INFO S2: (term 1) follower 收到 [0] AppendEntries [], prevIndex 0, prevTerm 0
097888 LEAD S0: 2 append success next 1 match 0
097888 LEAD S0: 1 append success next 1 match 0
098388 LEAD S0: prevLog &raft.Entry{Command:interface {}(nil), Term:0, Index:0}
098388 LEAD S0: prevLog &raft.Entry{Command:interface {}(nil), Term:0, Index:0}
098389 INFO S2: (term 1) follower 收到 [0] AppendEntries [], prevIndex 0, prevTerm 0
098389 INFO S1: (term 1) follower 收到 [0] AppendEntries [], prevIndex 0, prevTerm 0
098389 LEAD S0: 2 append success next 1 match 0
098389 LEAD S0: 1 append success next 1 match 0
098889 LEAD S0: prevLog &raft.Entry{Command:interface {}(nil), Term:0, Index:0}
098890 LEAD S0: prevLog &raft.Entry{Command:interface {}(nil), Term:0, Index:0}
098890 INFO S2: (term 1) follower 收到 [0] AppendEntries [], prevIndex 0, prevTerm 0
098890 INFO S1: (term 1) follower 收到 [0] AppendEntries [], prevIndex 0, prevTerm 0
098891 LEAD S0: 2 append success next 1 match 0
098891 LEAD S0: 1 append success next 1 match 0
099391 LEAD S0: prevLog &raft.Entry{Command:interface {}(nil), Term:0, Index:0}
099391 LEAD S0: prevLog &raft.Entry{Command:interface {}(nil), Term:0, Index:0}
099392 INFO S1: (term 1) follower 收到 [0] AppendEntries [], prevIndex 0, prevTerm 0
099392 LEAD S0: 1 append success next 1 match 0
099392 INFO S2: (term 1) follower 收到 [0] AppendEntries [], prevIndex 0, prevTerm 0
099392 LEAD S0: 2 append success next 1 match 0
099894 LEAD S0: prevLog &raft.Entry{Command:interface {}(nil), Term:0, Index:0}
099894 LEAD S0: prevLog &raft.Entry{Command:interface {}(nil), Term:0, Index:0}
099895 INFO S2: (term 1) follower 收到 [0] AppendEntries [], prevIndex 0, prevTerm 0
099895 LEAD S0: 2 append success next 1 match 0
099895 INFO S1: (term 1) follower 收到 [0] AppendEntries [], prevIndex 0, prevTerm 0
099896 LEAD S0: 1 append success next 1 match 0
100395 LEAD S0: prevLog &raft.Entry{Command:interface {}(nil), Term:0, Index:0}
100395 LEAD S0: prevLog &raft.Entry{Command:interface {}(nil), Term:0, Index:0}
--- FAIL: TestPersist12C (10.04s)
    config.go:609: one(11) failed to reach agreement
FAIL
exit status 1
FAIL	6.824/raft	10.040s
